<?xml version="1.0" encoding="UTF-8"?>
<testsuite name="tourGuide.controller.LocationControllerTest" tests="3" skipped="0" failures="0" errors="0" timestamp="2023-01-23T17:54:14" hostname="iMac.local" time="0.194">
  <properties/>
  <testcase name="should throw exception when username invalid" classname="tourGuide.controller.LocationControllerTest" time="0.179"/>
  <testcase name="should return the users location" classname="tourGuide.controller.LocationControllerTest" time="0.01"/>
  <testcase name="should return the last visited location" classname="tourGuide.controller.LocationControllerTest" time="0.003"/>
  <system-out><![CDATA[]]></system-out>
  <system-err><![CDATA[]]></system-err>
</testsuite>
