<?xml version="1.0" encoding="UTF-8"?>
<testsuite name="tourGuide.integration.LocationIT" tests="3" skipped="0" failures="0" errors="0" timestamp="2023-01-22T15:10:38" hostname="iMac.local" time="0.206">
  <properties/>
  <testcase name="getAllCurrentLocationsIT()" classname="tourGuide.integration.LocationIT" time="0.157"/>
  <testcase name="getLocationIT()" classname="tourGuide.integration.LocationIT" time="0.033"/>
  <testcase name="getLocationNegativeIT()" classname="tourGuide.integration.LocationIT" time="0.013"/>
  <system-out><![CDATA[2023-01-22T16:10:37.876+01:00  INFO 5507 --- [    Test worker] t.c.s.AnnotationConfigContextLoaderUtils : Could not detect default configuration classes for test class [tourGuide.integration.LocationIT]: LocationIT does not declare any static, non-private, non-final, nested classes annotated with @Configuration.
2023-01-22T16:10:37.895+01:00  INFO 5507 --- [    Test worker] .b.t.c.SpringBootTestContextBootstrapper : Found @SpringBootConfiguration tourGuide.Application for test class tourGuide.integration.LocationIT

  .   ____          _            __ _ _
 /\\ / ___'_ __ _ _(_)_ __  __ _ \ \ \ \
( ( )\___ | '_ | '_| | '_ \/ _` | \ \ \ \
 \\/  ___)| |_)| | | | | || (_| |  ) ) ) )
  '  |____| .__|_| |_|_| |_\__, | / / / /
 =========|_|==============|___/=/_/_/_/
 :: Spring Boot ::                (v3.0.1)

2023-01-22T16:10:37.924+01:00  INFO 5507 --- [    Test worker] tourGuide.integration.LocationIT         : Starting LocationIT using Java 19.0.1 with PID 5507 (started by hashtuce in /Users/hashtuce/Library/Mobile Documents/com~apple~CloudDocs/Projets/Projet 8/TourGuide)
2023-01-22T16:10:37.925+01:00 DEBUG 5507 --- [    Test worker] tourGuide.integration.LocationIT         : Running with Spring Boot v3.0.1, Spring v6.0.3
2023-01-22T16:10:37.925+01:00  INFO 5507 --- [    Test worker] tourGuide.integration.LocationIT         : No active profile set, falling back to 1 default profile: "default"
2023-01-22T16:10:38.164+01:00  INFO 5507 --- [    Test worker] tourGuide.repository.UserRepository      : TestMode enabled
2023-01-22T16:10:38.164+01:00 DEBUG 5507 --- [    Test worker] tourGuide.repository.UserRepository      : Initializing users
2023-01-22T16:10:38.175+01:00 DEBUG 5507 --- [    Test worker] tourGuide.repository.UserRepository      : Created 100 internal test users.
2023-01-22T16:10:38.175+01:00 DEBUG 5507 --- [    Test worker] tourGuide.repository.UserRepository      : Finished initializing users
2023-01-22T16:10:38.380+01:00  INFO 5507 --- [    Test worker] o.s.b.t.m.w.SpringBootMockServletContext : Initializing Spring TestDispatcherServlet ''
2023-01-22T16:10:38.380+01:00  INFO 5507 --- [    Test worker] o.s.t.web.servlet.TestDispatcherServlet  : Initializing Servlet ''
2023-01-22T16:10:38.385+01:00  INFO 5507 --- [    Test worker] o.s.b.a.e.web.EndpointLinksResolver      : Exposing 1 endpoint(s) beneath base path '/actuator'
2023-01-22T16:10:38.388+01:00  INFO 5507 --- [    Test worker] o.s.t.web.servlet.TestDispatcherServlet  : Completed initialization in 8 ms
2023-01-22T16:10:38.407+01:00  INFO 5507 --- [    Test worker] tourGuide.integration.LocationIT         : Started LocationIT in 0.506 seconds (process running for 8.026)
 
  _______                _____       _     _      
 |__   __|              / ____|     (_)   | |     
    | | ___  _   _ _ __| |  __ _   _ _  __| | ___ 
    | |/ _ \| | | | '__| | |_ | | | | |/ _` |/ _ \
    | | (_) | |_| | |  | |__| | |_| | | (_| |  __/
    |_|\___/ \__,_|_|   \_____|\__,_|_|\__,_|\___|
 =================================================
 :: APP ::                                (v1.0.0)
 
2023-01-22T16:10:38.421+01:00 DEBUG 5507 --- [    Test worker] tourGuide.repository.UserRepository      : Created 100 internal test users.
2023-01-22T16:10:38.474+01:00  INFO 5507 --- [    Test worker] t.controller.LocationController          : GET request received to /getAllCurrentLocations
2023-01-22T16:10:38.474+01:00  INFO 5507 --- [    Test worker] tourGuide.service.UserService            : List of all users returned by getAllUsers
2023-01-22T16:10:38.474+01:00  INFO 5507 --- [    Test worker] tourGuide.service.LocationService        : All users location returned by getAllCurrentLocations
2023-01-22T16:10:38.579+01:00 DEBUG 5507 --- [    Test worker] tourGuide.repository.UserRepository      : Created 100 internal test users.
2023-01-22T16:10:38.580+01:00  INFO 5507 --- [    Test worker] tourGuide.service.UserService            : internalUser0 returned by getUser
2023-01-22T16:10:38.589+01:00  INFO 5507 --- [    Test worker] t.controller.LocationController          : GET request received to /getLocation
2023-01-22T16:10:38.590+01:00  INFO 5507 --- [    Test worker] tourGuide.service.UserService            : internalUser0 returned by getUser
2023-01-22T16:10:38.590+01:00  INFO 5507 --- [    Test worker] tourGuide.service.LocationService        : VisitedLocation returned by getUserLocation with internalUser0
2023-01-22T16:10:38.610+01:00 DEBUG 5507 --- [    Test worker] tourGuide.repository.UserRepository      : Created 100 internal test users.
2023-01-22T16:10:38.612+01:00  INFO 5507 --- [    Test worker] t.controller.LocationController          : GET request received to /getLocation
2023-01-22T16:10:38.612+01:00 ERROR 5507 --- [    Test worker] tourGuide.service.UserService            : getUser called with wrong userName
]]></system-out>
  <system-err><![CDATA[]]></system-err>
</testsuite>
