<?xml version="1.0" encoding="UTF-8"?>
<testsuite name="tourGuide.controller.UserControllerTest" tests="4" skipped="0" failures="0" errors="0" timestamp="2023-01-11T15:49:07" hostname="iMac.local" time="0.027">
  <properties/>
  <testcase name="getUserPreferences_validInput_returnsUserPreferences()" classname="tourGuide.controller.UserControllerTest" time="0.003"/>
  <testcase name="updateUsePreferences_validInput_returnsSuccessResponse()" classname="tourGuide.controller.UserControllerTest" time="0.015"/>
  <testcase name="getUserPreferences_invalidInput_throwsNotExistingUserException()" classname="tourGuide.controller.UserControllerTest" time="0.003"/>
  <testcase name="updateUsePreferences_invalidInput_throwsNotExistingUserException()" classname="tourGuide.controller.UserControllerTest" time="0.003"/>
  <system-out><![CDATA[]]></system-out>
  <system-err><![CDATA[]]></system-err>
</testsuite>
