<?xml version="1.0" encoding="UTF-8"?>
<testsuite name="tourGuide.integration.TourGuideIT" tests="3" skipped="0" failures="0" errors="0" timestamp="2023-01-22T17:04:15" hostname="iMac.local" time="2.242">
  <properties/>
  <testcase name="getNearbyAttractionsIT()" classname="tourGuide.integration.TourGuideIT" time="2.169"/>
  <testcase name="getTripDealsIT()" classname="tourGuide.integration.TourGuideIT" time="0.064"/>
  <testcase name="indexIT()" classname="tourGuide.integration.TourGuideIT" time="0.007"/>
  <system-out><![CDATA[2023-01-22T18:04:15.415+01:00  INFO 7233 --- [    Test worker] t.c.s.AnnotationConfigContextLoaderUtils : Could not detect default configuration classes for test class [tourGuide.integration.TourGuideIT]: TourGuideIT does not declare any static, non-private, non-final, nested classes annotated with @Configuration.
2023-01-22T18:04:15.417+01:00  INFO 7233 --- [    Test worker] .b.t.c.SpringBootTestContextBootstrapper : Found @SpringBootConfiguration tourGuide.Application for test class tourGuide.integration.TourGuideIT
2023-01-22T18:04:15.425+01:00  INFO 7233 --- [    Test worker] t.controller.TourGuideController         : GET request received to /getNearbyAttractions
2023-01-22T18:04:15.425+01:00  INFO 7233 --- [    Test worker] tourGuide.service.UserService            : internalUser0 returned by getUser
2023-01-22T18:04:15.425+01:00  INFO 7233 --- [    Test worker] tourGuide.service.TourGuideService       : getNearByAttractions returned a list of the 5 nearest attractions
2023-01-22T18:04:15.441+01:00  INFO 7233 --- [    Test worker] tourGuide.service.RewardsService         : getDistance called
2023-01-22T18:04:15.441+01:00  INFO 7233 --- [    Test worker] tourGuide.service.RewardsService         : getDistance called
2023-01-22T18:04:15.441+01:00  INFO 7233 --- [    Test worker] tourGuide.service.RewardsService         : getDistance called
2023-01-22T18:04:15.441+01:00  INFO 7233 --- [    Test worker] tourGuide.service.RewardsService         : getDistance called
2023-01-22T18:04:15.441+01:00  INFO 7233 --- [    Test worker] tourGuide.service.RewardsService         : getDistance called
2023-01-22T18:04:15.441+01:00  INFO 7233 --- [    Test worker] tourGuide.service.RewardsService         : getDistance called
2023-01-22T18:04:15.441+01:00  INFO 7233 --- [    Test worker] tourGuide.service.RewardsService         : getDistance called
2023-01-22T18:04:15.441+01:00  INFO 7233 --- [    Test worker] tourGuide.service.RewardsService         : getDistance called
2023-01-22T18:04:15.441+01:00  INFO 7233 --- [    Test worker] tourGuide.service.RewardsService         : getDistance called
2023-01-22T18:04:15.441+01:00  INFO 7233 --- [    Test worker] tourGuide.service.RewardsService         : getDistance called
2023-01-22T18:04:15.441+01:00  INFO 7233 --- [    Test worker] tourGuide.service.RewardsService         : getDistance called
2023-01-22T18:04:15.441+01:00  INFO 7233 --- [    Test worker] tourGuide.service.RewardsService         : getDistance called
2023-01-22T18:04:15.441+01:00  INFO 7233 --- [    Test worker] tourGuide.service.RewardsService         : getDistance called
2023-01-22T18:04:15.441+01:00  INFO 7233 --- [    Test worker] tourGuide.service.RewardsService         : getDistance called
2023-01-22T18:04:15.441+01:00  INFO 7233 --- [    Test worker] tourGuide.service.RewardsService         : getDistance called
2023-01-22T18:04:15.441+01:00  INFO 7233 --- [    Test worker] tourGuide.service.RewardsService         : getDistance called
2023-01-22T18:04:15.441+01:00  INFO 7233 --- [    Test worker] tourGuide.service.RewardsService         : getDistance called
2023-01-22T18:04:15.441+01:00  INFO 7233 --- [    Test worker] tourGuide.service.RewardsService         : getDistance called
2023-01-22T18:04:15.441+01:00  INFO 7233 --- [    Test worker] tourGuide.service.RewardsService         : getDistance called
2023-01-22T18:04:15.441+01:00  INFO 7233 --- [    Test worker] tourGuide.service.RewardsService         : getDistance called
2023-01-22T18:04:15.441+01:00  INFO 7233 --- [    Test worker] tourGuide.service.RewardsService         : getDistance called
2023-01-22T18:04:15.441+01:00  INFO 7233 --- [    Test worker] tourGuide.service.RewardsService         : getDistance called
2023-01-22T18:04:15.441+01:00  INFO 7233 --- [    Test worker] tourGuide.service.RewardsService         : getDistance called
2023-01-22T18:04:15.441+01:00  INFO 7233 --- [    Test worker] tourGuide.service.RewardsService         : getDistance called
2023-01-22T18:04:15.441+01:00  INFO 7233 --- [    Test worker] tourGuide.service.RewardsService         : getDistance called
2023-01-22T18:04:15.441+01:00  INFO 7233 --- [    Test worker] tourGuide.service.RewardsService         : getDistance called
2023-01-22T18:04:15.441+01:00  INFO 7233 --- [    Test worker] tourGuide.service.RewardsService         : getDistance called
2023-01-22T18:04:15.441+01:00  INFO 7233 --- [    Test worker] tourGuide.service.RewardsService         : getDistance called
2023-01-22T18:04:15.441+01:00  INFO 7233 --- [    Test worker] tourGuide.service.RewardsService         : getDistance called
2023-01-22T18:04:15.442+01:00  INFO 7233 --- [    Test worker] tourGuide.service.RewardsService         : getDistance called
2023-01-22T18:04:15.442+01:00  INFO 7233 --- [    Test worker] tourGuide.service.RewardsService         : getDistance called
2023-01-22T18:04:15.442+01:00  INFO 7233 --- [    Test worker] tourGuide.service.RewardsService         : getDistance called
2023-01-22T18:04:15.442+01:00  INFO 7233 --- [    Test worker] tourGuide.service.RewardsService         : getDistance called
2023-01-22T18:04:15.442+01:00  INFO 7233 --- [    Test worker] tourGuide.service.RewardsService         : getDistance called
2023-01-22T18:04:15.442+01:00  INFO 7233 --- [    Test worker] tourGuide.service.RewardsService         : getDistance called
2023-01-22T18:04:15.442+01:00  INFO 7233 --- [    Test worker] tourGuide.service.RewardsService         : getDistance called
2023-01-22T18:04:15.442+01:00  INFO 7233 --- [    Test worker] tourGuide.service.RewardsService         : getDistance called
2023-01-22T18:04:15.442+01:00  INFO 7233 --- [    Test worker] tourGuide.service.RewardsService         : getDistance called
2023-01-22T18:04:15.442+01:00  INFO 7233 --- [    Test worker] tourGuide.service.RewardsService         : getDistance called
2023-01-22T18:04:15.442+01:00  INFO 7233 --- [    Test worker] tourGuide.service.RewardsService         : getDistance called
2023-01-22T18:04:15.442+01:00  INFO 7233 --- [    Test worker] tourGuide.service.RewardsService         : getDistance called
2023-01-22T18:04:15.442+01:00  INFO 7233 --- [    Test worker] tourGuide.service.RewardsService         : getDistance called
2023-01-22T18:04:15.442+01:00  INFO 7233 --- [    Test worker] tourGuide.service.RewardsService         : getDistance called
2023-01-22T18:04:15.442+01:00  INFO 7233 --- [    Test worker] tourGuide.service.RewardsService         : getDistance called
2023-01-22T18:04:15.442+01:00  INFO 7233 --- [    Test worker] tourGuide.service.RewardsService         : getDistance called
2023-01-22T18:04:15.442+01:00  INFO 7233 --- [    Test worker] tourGuide.service.RewardsService         : getDistance called
2023-01-22T18:04:15.442+01:00  INFO 7233 --- [    Test worker] tourGuide.service.RewardsService         : getDistance called
2023-01-22T18:04:15.442+01:00  INFO 7233 --- [    Test worker] tourGuide.service.RewardsService         : getDistance called
2023-01-22T18:04:15.442+01:00  INFO 7233 --- [    Test worker] tourGuide.service.RewardsService         : getDistance called
2023-01-22T18:04:15.442+01:00  INFO 7233 --- [    Test worker] tourGuide.service.RewardsService         : getDistance called
2023-01-22T18:04:15.442+01:00  INFO 7233 --- [    Test worker] tourGuide.service.RewardsService         : getDistance called
2023-01-22T18:04:15.442+01:00  INFO 7233 --- [    Test worker] tourGuide.service.RewardsService         : getDistance called
2023-01-22T18:04:15.442+01:00  INFO 7233 --- [    Test worker] tourGuide.service.RewardsService         : getDistance called
2023-01-22T18:04:15.442+01:00  INFO 7233 --- [    Test worker] tourGuide.service.RewardsService         : getDistance called
2023-01-22T18:04:15.442+01:00  INFO 7233 --- [    Test worker] tourGuide.service.RewardsService         : getDistance called
2023-01-22T18:04:15.442+01:00  INFO 7233 --- [    Test worker] tourGuide.service.RewardsService         : getDistance called
2023-01-22T18:04:15.442+01:00  INFO 7233 --- [    Test worker] tourGuide.service.RewardsService         : getDistance called
2023-01-22T18:04:15.442+01:00  INFO 7233 --- [    Test worker] tourGuide.service.RewardsService         : getDistance called
2023-01-22T18:04:15.442+01:00  INFO 7233 --- [    Test worker] tourGuide.service.RewardsService         : getDistance called
2023-01-22T18:04:15.442+01:00  INFO 7233 --- [    Test worker] tourGuide.service.RewardsService         : getDistance called
2023-01-22T18:04:15.442+01:00  INFO 7233 --- [    Test worker] tourGuide.service.RewardsService         : getDistance called
2023-01-22T18:04:15.442+01:00  INFO 7233 --- [    Test worker] tourGuide.service.RewardsService         : getDistance called
2023-01-22T18:04:15.442+01:00  INFO 7233 --- [    Test worker] tourGuide.service.RewardsService         : getDistance called
2023-01-22T18:04:15.442+01:00  INFO 7233 --- [    Test worker] tourGuide.service.RewardsService         : getDistance called
2023-01-22T18:04:15.442+01:00  INFO 7233 --- [    Test worker] tourGuide.service.RewardsService         : getDistance called
2023-01-22T18:04:15.442+01:00  INFO 7233 --- [    Test worker] tourGuide.service.RewardsService         : getDistance called
2023-01-22T18:04:15.442+01:00  INFO 7233 --- [    Test worker] tourGuide.service.RewardsService         : getDistance called
2023-01-22T18:04:15.442+01:00  INFO 7233 --- [    Test worker] tourGuide.service.RewardsService         : getDistance called
2023-01-22T18:04:15.442+01:00  INFO 7233 --- [    Test worker] tourGuide.service.RewardsService         : getDistance called
2023-01-22T18:04:15.442+01:00  INFO 7233 --- [    Test worker] tourGuide.service.RewardsService         : getDistance called
2023-01-22T18:04:15.442+01:00  INFO 7233 --- [    Test worker] tourGuide.service.RewardsService         : getDistance called
2023-01-22T18:04:15.442+01:00  INFO 7233 --- [    Test worker] tourGuide.service.RewardsService         : getDistance called
2023-01-22T18:04:15.442+01:00  INFO 7233 --- [    Test worker] tourGuide.service.RewardsService         : getDistance called
2023-01-22T18:04:15.442+01:00  INFO 7233 --- [    Test worker] tourGuide.service.RewardsService         : getDistance called
2023-01-22T18:04:15.442+01:00  INFO 7233 --- [    Test worker] tourGuide.service.RewardsService         : getDistance called
2023-01-22T18:04:15.442+01:00  INFO 7233 --- [    Test worker] tourGuide.service.RewardsService         : getDistance called
2023-01-22T18:04:15.442+01:00  INFO 7233 --- [    Test worker] tourGuide.service.RewardsService         : getDistance called
2023-01-22T18:04:15.442+01:00  INFO 7233 --- [    Test worker] tourGuide.service.RewardsService         : getDistance called
2023-01-22T18:04:15.442+01:00  INFO 7233 --- [    Test worker] tourGuide.service.RewardsService         : getDistance called
2023-01-22T18:04:15.442+01:00  INFO 7233 --- [    Test worker] tourGuide.service.RewardsService         : getDistance called
2023-01-22T18:04:15.442+01:00  INFO 7233 --- [    Test worker] tourGuide.service.RewardsService         : getDistance called
2023-01-22T18:04:15.442+01:00  INFO 7233 --- [    Test worker] tourGuide.service.RewardsService         : getDistance called
2023-01-22T18:04:15.442+01:00  INFO 7233 --- [    Test worker] tourGuide.service.RewardsService         : getDistance called
2023-01-22T18:04:15.442+01:00  INFO 7233 --- [    Test worker] tourGuide.service.RewardsService         : getDistance called
2023-01-22T18:04:15.442+01:00  INFO 7233 --- [    Test worker] tourGuide.service.RewardsService         : getDistance called
2023-01-22T18:04:15.442+01:00  INFO 7233 --- [    Test worker] tourGuide.service.RewardsService         : getDistance called
2023-01-22T18:04:15.442+01:00  INFO 7233 --- [    Test worker] tourGuide.service.RewardsService         : getDistance called
2023-01-22T18:04:15.442+01:00  INFO 7233 --- [    Test worker] tourGuide.service.RewardsService         : getDistance called
2023-01-22T18:04:15.442+01:00  INFO 7233 --- [    Test worker] tourGuide.service.RewardsService         : getDistance called
2023-01-22T18:04:15.442+01:00  INFO 7233 --- [    Test worker] tourGuide.service.RewardsService         : getDistance called
2023-01-22T18:04:15.442+01:00  INFO 7233 --- [    Test worker] tourGuide.service.RewardsService         : getDistance called
2023-01-22T18:04:15.442+01:00  INFO 7233 --- [    Test worker] tourGuide.service.RewardsService         : getDistance called
2023-01-22T18:04:15.442+01:00  INFO 7233 --- [    Test worker] tourGuide.service.RewardsService         : getDistance called
2023-01-22T18:04:15.443+01:00  INFO 7233 --- [    Test worker] tourGuide.service.RewardsService         : getDistance called
2023-01-22T18:04:15.443+01:00  INFO 7233 --- [    Test worker] tourGuide.service.RewardsService         : getDistance called
2023-01-22T18:04:15.443+01:00  INFO 7233 --- [    Test worker] tourGuide.service.RewardsService         : getDistance called
2023-01-22T18:04:15.443+01:00  INFO 7233 --- [    Test worker] tourGuide.service.RewardsService         : getDistance called
2023-01-22T18:04:15.443+01:00  INFO 7233 --- [    Test worker] tourGuide.service.RewardsService         : getDistance called
2023-01-22T18:04:15.443+01:00  INFO 7233 --- [    Test worker] tourGuide.service.RewardsService         : getDistance called
2023-01-22T18:04:15.443+01:00  INFO 7233 --- [    Test worker] tourGuide.service.RewardsService         : getDistance called
2023-01-22T18:04:15.443+01:00  INFO 7233 --- [    Test worker] tourGuide.service.RewardsService         : getDistance called
2023-01-22T18:04:15.443+01:00  INFO 7233 --- [    Test worker] tourGuide.service.RewardsService         : getDistance called
2023-01-22T18:04:15.443+01:00  INFO 7233 --- [    Test worker] tourGuide.service.RewardsService         : getDistance called
2023-01-22T18:04:15.443+01:00  INFO 7233 --- [    Test worker] tourGuide.service.RewardsService         : getDistance called
2023-01-22T18:04:15.443+01:00  INFO 7233 --- [    Test worker] tourGuide.service.RewardsService         : getDistance called
2023-01-22T18:04:15.443+01:00  INFO 7233 --- [    Test worker] tourGuide.service.RewardsService         : getDistance called
2023-01-22T18:04:15.443+01:00  INFO 7233 --- [    Test worker] tourGuide.service.RewardsService         : getDistance called
2023-01-22T18:04:15.443+01:00  INFO 7233 --- [    Test worker] tourGuide.service.RewardsService         : getDistance called
2023-01-22T18:04:15.443+01:00  INFO 7233 --- [    Test worker] tourGuide.service.RewardsService         : getDistance called
2023-01-22T18:04:15.443+01:00  INFO 7233 --- [    Test worker] tourGuide.service.RewardsService         : getDistance called
2023-01-22T18:04:15.443+01:00  INFO 7233 --- [    Test worker] tourGuide.service.RewardsService         : getDistance called
2023-01-22T18:04:15.443+01:00  INFO 7233 --- [    Test worker] tourGuide.service.RewardsService         : getDistance called
2023-01-22T18:04:15.443+01:00  INFO 7233 --- [    Test worker] tourGuide.service.RewardsService         : getDistance called
2023-01-22T18:04:15.443+01:00  INFO 7233 --- [    Test worker] tourGuide.service.RewardsService         : getDistance called
2023-01-22T18:04:15.443+01:00  INFO 7233 --- [    Test worker] tourGuide.service.RewardsService         : getDistance called
2023-01-22T18:04:15.443+01:00  INFO 7233 --- [    Test worker] tourGuide.service.RewardsService         : getDistance called
2023-01-22T18:04:15.443+01:00  INFO 7233 --- [    Test worker] tourGuide.service.RewardsService         : getDistance called
2023-01-22T18:04:15.443+01:00  INFO 7233 --- [    Test worker] tourGuide.service.RewardsService         : getDistance called
2023-01-22T18:04:15.443+01:00  INFO 7233 --- [    Test worker] tourGuide.service.RewardsService         : getDistance called
2023-01-22T18:04:15.443+01:00  INFO 7233 --- [    Test worker] tourGuide.service.RewardsService         : getDistance called
2023-01-22T18:04:15.443+01:00  INFO 7233 --- [    Test worker] tourGuide.service.RewardsService         : getDistance called
2023-01-22T18:04:15.443+01:00  INFO 7233 --- [    Test worker] tourGuide.service.RewardsService         : getDistance called
2023-01-22T18:04:15.443+01:00  INFO 7233 --- [    Test worker] tourGuide.service.RewardsService         : getDistance called
2023-01-22T18:04:15.443+01:00  INFO 7233 --- [    Test worker] tourGuide.service.RewardsService         : getDistance called
2023-01-22T18:04:15.443+01:00  INFO 7233 --- [    Test worker] tourGuide.service.RewardsService         : getDistance called
2023-01-22T18:04:15.443+01:00  INFO 7233 --- [    Test worker] tourGuide.service.RewardsService         : getDistance called
2023-01-22T18:04:15.443+01:00  INFO 7233 --- [    Test worker] tourGuide.service.RewardsService         : getDistance called
2023-01-22T18:04:15.443+01:00  INFO 7233 --- [    Test worker] tourGuide.service.RewardsService         : getDistance called
2023-01-22T18:04:15.443+01:00  INFO 7233 --- [    Test worker] tourGuide.service.RewardsService         : getDistance called
2023-01-22T18:04:15.443+01:00  INFO 7233 --- [    Test worker] tourGuide.service.RewardsService         : getDistance called
2023-01-22T18:04:15.443+01:00  INFO 7233 --- [    Test worker] tourGuide.service.RewardsService         : getDistance called
2023-01-22T18:04:15.443+01:00  INFO 7233 --- [    Test worker] tourGuide.service.RewardsService         : getDistance called
2023-01-22T18:04:15.444+01:00  INFO 7233 --- [    Test worker] tourGuide.service.RewardsService         : getDistance called
2023-01-22T18:04:15.444+01:00  INFO 7233 --- [    Test worker] tourGuide.service.RewardsService         : getDistance called
2023-01-22T18:04:15.444+01:00  INFO 7233 --- [    Test worker] tourGuide.service.RewardsService         : getDistance called
2023-01-22T18:04:15.444+01:00  INFO 7233 --- [    Test worker] tourGuide.service.RewardsService         : getDistance called
2023-01-22T18:04:15.444+01:00  INFO 7233 --- [    Test worker] tourGuide.service.RewardsService         : getDistance called
2023-01-22T18:04:15.444+01:00  INFO 7233 --- [    Test worker] tourGuide.service.RewardsService         : getDistance called
2023-01-22T18:04:15.444+01:00  INFO 7233 --- [    Test worker] tourGuide.service.RewardsService         : getDistance called
2023-01-22T18:04:15.444+01:00  INFO 7233 --- [    Test worker] tourGuide.service.RewardsService         : getDistance called
2023-01-22T18:04:15.444+01:00  INFO 7233 --- [    Test worker] tourGuide.service.RewardsService         : getDistance called
2023-01-22T18:04:15.444+01:00  INFO 7233 --- [    Test worker] tourGuide.service.RewardsService         : getDistance called
2023-01-22T18:04:15.444+01:00  INFO 7233 --- [    Test worker] tourGuide.service.RewardsService         : getDistance called
2023-01-22T18:04:15.444+01:00  INFO 7233 --- [    Test worker] tourGuide.service.RewardsService         : getDistance called
2023-01-22T18:04:15.444+01:00  INFO 7233 --- [    Test worker] tourGuide.service.RewardsService         : getDistance called
2023-01-22T18:04:15.444+01:00  INFO 7233 --- [    Test worker] tourGuide.service.RewardsService         : getDistance called
2023-01-22T18:04:15.444+01:00  INFO 7233 --- [    Test worker] tourGuide.service.RewardsService         : getDistance called
2023-01-22T18:04:15.444+01:00  INFO 7233 --- [    Test worker] tourGuide.service.RewardsService         : getDistance called
2023-01-22T18:04:15.444+01:00  INFO 7233 --- [    Test worker] tourGuide.service.RewardsService         : getDistance called
2023-01-22T18:04:15.444+01:00  INFO 7233 --- [    Test worker] tourGuide.service.RewardsService         : getDistance called
2023-01-22T18:04:15.444+01:00  INFO 7233 --- [    Test worker] tourGuide.service.RewardsService         : getDistance called
2023-01-22T18:04:15.444+01:00  INFO 7233 --- [    Test worker] tourGuide.service.RewardsService         : getDistance called
2023-01-22T18:04:15.444+01:00  INFO 7233 --- [    Test worker] tourGuide.service.RewardsService         : getDistance called
2023-01-22T18:04:15.444+01:00  INFO 7233 --- [    Test worker] tourGuide.service.RewardsService         : getDistance called
2023-01-22T18:04:15.444+01:00  INFO 7233 --- [    Test worker] tourGuide.service.RewardsService         : getDistance called
2023-01-22T18:04:15.444+01:00  INFO 7233 --- [    Test worker] tourGuide.service.RewardsService         : getDistance called
2023-01-22T18:04:15.444+01:00  INFO 7233 --- [    Test worker] tourGuide.service.RewardsService         : getDistance called
2023-01-22T18:04:15.444+01:00  INFO 7233 --- [    Test worker] tourGuide.service.RewardsService         : getDistance called
2023-01-22T18:04:15.444+01:00  INFO 7233 --- [    Test worker] tourGuide.service.RewardsService         : getDistance called
2023-01-22T18:04:15.444+01:00  INFO 7233 --- [    Test worker] tourGuide.service.RewardsService         : getDistance called
2023-01-22T18:04:15.444+01:00  INFO 7233 --- [    Test worker] tourGuide.service.RewardsService         : getDistance called
2023-01-22T18:04:15.444+01:00  INFO 7233 --- [    Test worker] tourGuide.service.RewardsService         : getDistance called
2023-01-22T18:04:15.444+01:00  INFO 7233 --- [    Test worker] tourGuide.service.RewardsService         : getDistance called
2023-01-22T18:04:15.444+01:00  INFO 7233 --- [    Test worker] tourGuide.service.RewardsService         : getDistance called
2023-01-22T18:04:15.444+01:00  INFO 7233 --- [    Test worker] tourGuide.service.RewardsService         : getDistance called
2023-01-22T18:04:15.444+01:00  INFO 7233 --- [    Test worker] tourGuide.service.RewardsService         : getDistance called
2023-01-22T18:04:15.444+01:00  INFO 7233 --- [    Test worker] tourGuide.service.RewardsService         : getDistance called
2023-01-22T18:04:15.444+01:00  INFO 7233 --- [    Test worker] tourGuide.service.RewardsService         : getDistance called
2023-01-22T18:04:15.444+01:00  INFO 7233 --- [    Test worker] tourGuide.service.RewardsService         : getDistance called
2023-01-22T18:04:15.444+01:00  INFO 7233 --- [    Test worker] tourGuide.service.RewardsService         : getDistance called
2023-01-22T18:04:15.444+01:00  INFO 7233 --- [    Test worker] tourGuide.service.RewardsService         : getDistance called
2023-01-22T18:04:15.444+01:00  INFO 7233 --- [    Test worker] tourGuide.service.RewardsService         : getDistance called
2023-01-22T18:04:15.444+01:00  INFO 7233 --- [    Test worker] tourGuide.service.RewardsService         : getDistance called
2023-01-22T18:04:15.444+01:00  INFO 7233 --- [    Test worker] tourGuide.service.RewardsService         : getDistance called
2023-01-22T18:04:15.445+01:00  INFO 7233 --- [    Test worker] tourGuide.service.RewardsService         : getDistance called
2023-01-22T18:04:15.445+01:00  INFO 7233 --- [    Test worker] tourGuide.service.RewardsService         : getDistance called
2023-01-22T18:04:15.445+01:00  INFO 7233 --- [    Test worker] tourGuide.service.RewardsService         : getDistance called
2023-01-22T18:04:15.445+01:00  INFO 7233 --- [    Test worker] tourGuide.service.RewardsService         : getDistance called
2023-01-22T18:04:15.445+01:00  INFO 7233 --- [    Test worker] tourGuide.service.RewardsService         : getDistance called
2023-01-22T18:04:15.445+01:00  INFO 7233 --- [    Test worker] tourGuide.service.RewardsService         : getDistance called
2023-01-22T18:04:15.445+01:00  INFO 7233 --- [    Test worker] tourGuide.service.RewardsService         : getDistance called
2023-01-22T18:04:15.445+01:00  INFO 7233 --- [    Test worker] tourGuide.service.RewardsService         : getDistance called
2023-01-22T18:04:15.446+01:00  INFO 7233 --- [    Test worker] tourGuide.service.RewardsService         : getDistance called
2023-01-22T18:04:15.446+01:00  INFO 7233 --- [    Test worker] tourGuide.service.RewardsService         : getAttractionRewardPoints called from RewardsService
2023-01-22T18:04:16.225+01:00  INFO 7233 --- [    Test worker] tourGuide.service.RewardsService         : getDistance called
2023-01-22T18:04:16.226+01:00  INFO 7233 --- [    Test worker] tourGuide.service.RewardsService         : getAttractionRewardPoints called from RewardsService
2023-01-22T18:04:16.728+01:00  INFO 7233 --- [    Test worker] tourGuide.service.RewardsService         : getDistance called
2023-01-22T18:04:16.729+01:00  INFO 7233 --- [    Test worker] tourGuide.service.RewardsService         : getAttractionRewardPoints called from RewardsService
2023-01-22T18:04:16.961+01:00  INFO 7233 --- [    Test worker] tourGuide.service.RewardsService         : getDistance called
2023-01-22T18:04:16.961+01:00  INFO 7233 --- [    Test worker] tourGuide.service.RewardsService         : getAttractionRewardPoints called from RewardsService
2023-01-22T18:04:17.443+01:00  INFO 7233 --- [    Test worker] tourGuide.service.RewardsService         : getDistance called
2023-01-22T18:04:17.443+01:00  INFO 7233 --- [    Test worker] tourGuide.service.RewardsService         : getAttractionRewardPoints called from RewardsService
2023-01-22T18:04:17.584+01:00  INFO 7233 --- [    Test worker] tourGuide.service.TourGuideService       : getClosestAttractionDtoList returned the list of the 5 ClosestAttractionDto from internalUser0
2023-01-22T18:04:17.595+01:00  INFO 7233 --- [    Test worker] t.controller.TourGuideController         : GET request received to /getTripDeals
2023-01-22T18:04:17.595+01:00  INFO 7233 --- [    Test worker] tourGuide.service.UserService            : internalUser0 returned by getUser
2023-01-22T18:04:17.606+01:00  INFO 7233 --- [    Test worker] tourGuide.service.TourGuideService       : Disneyland's objet returned from getAttractionByName
2023-01-22T18:04:17.649+01:00  INFO 7233 --- [    Test worker] tourGuide.service.TourGuideService       : Provider List returned from getTripDeals with internalUser0 and Disneyland
2023-01-22T18:04:17.661+01:00  INFO 7233 --- [    Test worker] t.controller.TourGuideController         : GET request received to /
]]></system-out>
  <system-err><![CDATA[]]></system-err>
</testsuite>
