<?xml version="1.0" encoding="UTF-8"?>
<testsuite name="tourGuide.service.LocationServiceTest" tests="4" skipped="0" failures="0" errors="0" timestamp="2023-01-23T17:54:17" hostname="iMac.local" time="0.028">
  <properties/>
  <testcase name="should return all current locations of all users" classname="tourGuide.service.LocationServiceTest" time="0.018"/>
  <testcase name="should track location for valid user" classname="tourGuide.service.LocationServiceTest" time="0.003"/>
  <testcase name="should return user's location" classname="tourGuide.service.LocationServiceTest" time="0.003"/>
  <testcase name="should throw execution exception when user is invalid" classname="tourGuide.service.LocationServiceTest" time="0.003"/>
  <system-out><![CDATA[]]></system-out>
  <system-err><![CDATA[]]></system-err>
</testsuite>
