<?xml version="1.0" encoding="UTF-8"?>
<testsuite name="tourGuide.controller.UserControllerTest" tests="4" skipped="0" failures="0" errors="0" timestamp="2023-01-23T17:54:14" hostname="iMac.local" time="0.024">
  <properties/>
  <testcase name="should return user preferences when valid input" classname="tourGuide.controller.UserControllerTest" time="0.003"/>
  <testcase name="should throw NotExistingUserException when username is invalid" classname="tourGuide.controller.UserControllerTest" time="0.003"/>
  <testcase name="should return success response when valid input" classname="tourGuide.controller.UserControllerTest" time="0.008"/>
  <testcase name="should throw NotExistingUserException when invalid username" classname="tourGuide.controller.UserControllerTest" time="0.007"/>
  <system-out><![CDATA[]]></system-out>
  <system-err><![CDATA[]]></system-err>
</testsuite>
