<?xml version="1.0" encoding="UTF-8"?>
<testsuite name="tourGuide.repository.UserRepositoryTest" tests="6" skipped="0" failures="0" errors="0" timestamp="2023-01-21T20:13:53" hostname="iMac.local" time="0.088">
  <properties/>
  <testcase name="generateRandomLongitude_returnsRandomDoubleInRange()" classname="tourGuide.repository.UserRepositoryTest" time="0.021"/>
  <testcase name="generateUserLocationHistory_validUser_addsVisitedLocation()" classname="tourGuide.repository.UserRepositoryTest" time="0.017"/>
  <testcase name="getRandomTime_returnsValidRandomDate()" classname="tourGuide.repository.UserRepositoryTest" time="0.013"/>
  <testcase name="generateRandomLongitude_returnsDifferentValueEveryTimeCalled()" classname="tourGuide.repository.UserRepositoryTest" time="0.012"/>
  <testcase name="generateRandomLatitude_returnsRandomDoubleInRange()" classname="tourGuide.repository.UserRepositoryTest" time="0.01"/>
  <testcase name="generateRandomLatitude_returnsDifferentValueEveryTimeCalled()" classname="tourGuide.repository.UserRepositoryTest" time="0.01"/>
  <system-out><![CDATA[2023-01-21T21:13:53.301+01:00  INFO 3620 --- [    Test worker] tourGuide.repository.UserRepository      : TestMode enabled
2023-01-21T21:13:53.301+01:00 DEBUG 3620 --- [    Test worker] tourGuide.repository.UserRepository      : Initializing users
2023-01-21T21:13:53.317+01:00 DEBUG 3620 --- [    Test worker] tourGuide.repository.UserRepository      : Created 100 internal test users.
2023-01-21T21:13:53.318+01:00 DEBUG 3620 --- [    Test worker] tourGuide.repository.UserRepository      : Finished initializing users
2023-01-21T21:13:53.322+01:00  INFO 3620 --- [    Test worker] tourGuide.repository.UserRepository      : TestMode enabled
2023-01-21T21:13:53.322+01:00 DEBUG 3620 --- [    Test worker] tourGuide.repository.UserRepository      : Initializing users
2023-01-21T21:13:53.333+01:00 DEBUG 3620 --- [    Test worker] tourGuide.repository.UserRepository      : Created 100 internal test users.
2023-01-21T21:13:53.333+01:00 DEBUG 3620 --- [    Test worker] tourGuide.repository.UserRepository      : Finished initializing users
2023-01-21T21:13:53.341+01:00  INFO 3620 --- [    Test worker] tourGuide.repository.UserRepository      : TestMode enabled
2023-01-21T21:13:53.341+01:00 DEBUG 3620 --- [    Test worker] tourGuide.repository.UserRepository      : Initializing users
2023-01-21T21:13:53.350+01:00 DEBUG 3620 --- [    Test worker] tourGuide.repository.UserRepository      : Created 100 internal test users.
2023-01-21T21:13:53.350+01:00 DEBUG 3620 --- [    Test worker] tourGuide.repository.UserRepository      : Finished initializing users
2023-01-21T21:13:53.354+01:00  INFO 3620 --- [    Test worker] tourGuide.repository.UserRepository      : TestMode enabled
2023-01-21T21:13:53.354+01:00 DEBUG 3620 --- [    Test worker] tourGuide.repository.UserRepository      : Initializing users
2023-01-21T21:13:53.363+01:00 DEBUG 3620 --- [    Test worker] tourGuide.repository.UserRepository      : Created 100 internal test users.
2023-01-21T21:13:53.363+01:00 DEBUG 3620 --- [    Test worker] tourGuide.repository.UserRepository      : Finished initializing users
2023-01-21T21:13:53.367+01:00  INFO 3620 --- [    Test worker] tourGuide.repository.UserRepository      : TestMode enabled
2023-01-21T21:13:53.368+01:00 DEBUG 3620 --- [    Test worker] tourGuide.repository.UserRepository      : Initializing users
2023-01-21T21:13:53.374+01:00 DEBUG 3620 --- [    Test worker] tourGuide.repository.UserRepository      : Created 100 internal test users.
2023-01-21T21:13:53.374+01:00 DEBUG 3620 --- [    Test worker] tourGuide.repository.UserRepository      : Finished initializing users
2023-01-21T21:13:53.379+01:00  INFO 3620 --- [    Test worker] tourGuide.repository.UserRepository      : TestMode enabled
2023-01-21T21:13:53.379+01:00 DEBUG 3620 --- [    Test worker] tourGuide.repository.UserRepository      : Initializing users
2023-01-21T21:13:53.384+01:00 DEBUG 3620 --- [    Test worker] tourGuide.repository.UserRepository      : Created 100 internal test users.
2023-01-21T21:13:53.384+01:00 DEBUG 3620 --- [    Test worker] tourGuide.repository.UserRepository      : Finished initializing users
]]></system-out>
  <system-err><![CDATA[]]></system-err>
</testsuite>
