<?xml version="1.0" encoding="UTF-8"?>
<testsuite name="tourGuide.integration.TourGuideIT" tests="3" skipped="0" failures="0" errors="0" timestamp="2023-01-23T16:49:54" hostname="iMac.local" time="2.094">
  <properties/>
  <testcase name="getNearbyAttractionsIT()" classname="tourGuide.integration.TourGuideIT" time="2.018"/>
  <testcase name="getTripDealsIT()" classname="tourGuide.integration.TourGuideIT" time="0.069"/>
  <testcase name="indexIT()" classname="tourGuide.integration.TourGuideIT" time="0.005"/>
  <system-out><![CDATA[]]></system-out>
  <system-err><![CDATA[]]></system-err>
</testsuite>
