<?xml version="1.0" encoding="UTF-8"?>
<testsuite name="tourGuide.integration.LocationIT" tests="3" skipped="0" failures="0" errors="0" timestamp="2023-01-23T16:49:54" hostname="iMac.local" time="0.076">
  <properties/>
  <testcase name="getAllCurrentLocationsIT()" classname="tourGuide.integration.LocationIT" time="0.028"/>
  <testcase name="getLocationIT()" classname="tourGuide.integration.LocationIT" time="0.028"/>
  <testcase name="getLocationNegativeIT()" classname="tourGuide.integration.LocationIT" time="0.015"/>
  <system-out><![CDATA[2023-01-23T17:49:54.813+01:00 ERROR 5097 --- [    Test worker] tourGuide.service.UserService            : getUser called with wrong userName
]]></system-out>
  <system-err><![CDATA[]]></system-err>
</testsuite>
