<?xml version="1.0" encoding="UTF-8"?>
<testsuite name="tourGuide.controller.RewardsControllerTest" tests="2" skipped="0" failures="0" errors="0" timestamp="2023-01-21T20:13:53" hostname="iMac.local" time="0.086">
  <properties/>
  <testcase name="testGetRewards_Positive()" classname="tourGuide.controller.RewardsControllerTest" time="0.081"/>
  <testcase name="testGetRewards_Negative()" classname="tourGuide.controller.RewardsControllerTest" time="0.004"/>
  <system-out><![CDATA[2023-01-21T21:13:53.190+01:00  INFO 3620 --- [    Test worker] tourGuide.controller.RewardsController   : GET request received to /getRewards
2023-01-21T21:13:53.195+01:00  INFO 3620 --- [    Test worker] tourGuide.controller.RewardsController   : GET request received to /getRewards
]]></system-out>
  <system-err><![CDATA[]]></system-err>
</testsuite>
