<?xml version="1.0" encoding="UTF-8"?>
<testsuite name="tourGuide.controller.ExceptionHandlerControllerTest" tests="3" skipped="0" failures="0" errors="0" timestamp="2023-01-23T16:49:54" hostname="iMac.local" time="0.029">
  <properties/>
  <testcase name="when handle exception should return message and status code" classname="tourGuide.controller.ExceptionHandlerControllerTest" time="0.022"/>
  <testcase name="when handle exception should return messages and status code" classname="tourGuide.controller.ExceptionHandlerControllerTest" time="0.003"/>
  <testcase name="when handle exception should return message and status code" classname="tourGuide.controller.ExceptionHandlerControllerTest" time="0.002"/>
  <system-out><![CDATA[]]></system-out>
  <system-err><![CDATA[]]></system-err>
</testsuite>
