<?xml version="1.0" encoding="UTF-8"?>
<testsuite name="tourGuide.integration.RewardsIT" tests="1" skipped="0" failures="0" errors="0" timestamp="2023-01-23T16:49:54" hostname="iMac.local" time="0.014">
  <properties/>
  <testcase name="getRewardsIT()" classname="tourGuide.integration.RewardsIT" time="0.014"/>
  <system-out><![CDATA[]]></system-out>
  <system-err><![CDATA[]]></system-err>
</testsuite>
