<?xml version="1.0" encoding="UTF-8"?>
<testsuite name="tourGuide.service.TourGuideServiceTest" tests="8" skipped="0" failures="0" errors="0" timestamp="2023-01-22T17:04:18" hostname="iMac.local" time="0.06">
  <properties/>
  <testcase name="getTripDeals_WhenInvalidUser_ShouldThrowNotExistingUserException()" classname="tourGuide.service.TourGuideServiceTest" time="0.027"/>
  <testcase name="getTripDeals_WhenValidInputs_ShouldReturnFilteredProviders()" classname="tourGuide.service.TourGuideServiceTest" time="0.007"/>
  <testcase name="testGetClosestAttractionDtoList_validInput()" classname="tourGuide.service.TourGuideServiceTest" time="0.006"/>
  <testcase name="testGetAttractionByName_InvalidAttractionName_throwsNotExistingAttractionException()" classname="tourGuide.service.TourGuideServiceTest" time="0.003"/>
  <testcase name="testGetAttractionByName_validAttractionName_returnsAttraction()" classname="tourGuide.service.TourGuideServiceTest" time="0.002"/>
  <testcase name="getTripDeals_WhenInvalidAttraction_ShouldThrowNotExistingAttractionException()" classname="tourGuide.service.TourGuideServiceTest" time="0.003"/>
  <testcase name="testGetNearByAttractions_validVisitedLocation_returnsSortedAttractions()" classname="tourGuide.service.TourGuideServiceTest" time="0.006"/>
  <testcase name="testGetClosestAttractionDtoList_invalidInput()" classname="tourGuide.service.TourGuideServiceTest" time="0.002"/>
  <system-out><![CDATA[2023-01-22T18:04:18.405+01:00  INFO 7233 --- [    Test worker] tourGuide.service.TourGuideService       : Provider List returned from getTripDeals with testUser and testAttraction
2023-01-22T18:04:18.412+01:00  INFO 7233 --- [    Test worker] tourGuide.service.TourGuideService       : getClosestAttractionDtoList returned the list of the 5 ClosestAttractionDto from userTest
2023-01-22T18:04:18.415+01:00 ERROR 7233 --- [    Test worker] tourGuide.service.TourGuideService       : getAttractionByName throw NotExistingAttractionException for Invalid Attraction
2023-01-22T18:04:18.417+01:00  INFO 7233 --- [    Test worker] tourGuide.service.TourGuideService       : a's objet returned from getAttractionByName
2023-01-22T18:04:18.425+01:00  INFO 7233 --- [    Test worker] tourGuide.service.TourGuideService       : getNearByAttractions returned a list of the 5 nearest attractions
]]></system-out>
  <system-err><![CDATA[]]></system-err>
</testsuite>
