<?xml version="1.0" encoding="UTF-8"?>
<testsuite name="tourGuide.controller.RewardsControllerTest" tests="2" skipped="0" failures="0" errors="0" timestamp="2023-01-22T17:04:18" hostname="iMac.local" time="0.006">
  <properties/>
  <testcase name="testGetRewards_Positive()" classname="tourGuide.controller.RewardsControllerTest" time="0.002"/>
  <testcase name="testGetRewards_Negative()" classname="tourGuide.controller.RewardsControllerTest" time="0.003"/>
  <system-out><![CDATA[2023-01-22T18:04:18.254+01:00  INFO 7233 --- [    Test worker] tourGuide.controller.RewardsController   : GET request received to /getRewards
2023-01-22T18:04:18.258+01:00  INFO 7233 --- [    Test worker] tourGuide.controller.RewardsController   : GET request received to /getRewards
]]></system-out>
  <system-err><![CDATA[]]></system-err>
</testsuite>
