<?xml version="1.0" encoding="UTF-8"?>
<testsuite name="tourGuide.TestPerformance" tests="2" skipped="0" failures="0" errors="0" timestamp="2023-01-20T13:46:39" hostname="iMac.local" time="2.688">
  <properties/>
  <testcase name="Up to 100000 users track location tested in less than 15 minutes" classname="tourGuide.TestPerformance" time="1.344"/>
  <testcase name="Up to 100000 users get rewards tested in less than 20 minutes" classname="tourGuide.TestPerformance" time="1.341"/>
  <system-out><![CDATA[14:46:33.333 [Test worker] DEBUG org.springframework.boot.test.context.SpringBootTestContextBootstrapper - Neither @ContextConfiguration nor @ContextHierarchy found for test class [TestPerformance]: using SpringBootContextLoader
14:46:33.362 [Test worker] DEBUG org.springframework.test.context.support.AbstractContextLoader - Could not detect default resource locations for test class [tourGuide.TestPerformance]: no resource found for suffixes {-context.xml, Context.groovy}.
14:46:33.365 [Test worker] INFO org.springframework.test.context.support.AnnotationConfigContextLoaderUtils - Could not detect default configuration classes for test class [tourGuide.TestPerformance]: TestPerformance does not declare any static, non-private, non-final, nested classes annotated with @Configuration.
14:46:33.451 [Test worker] DEBUG org.springframework.boot.test.context.SpringBootTestContextBootstrapper - Using ContextCustomizers for test class [TestPerformance]: [DisableObservabilityContextCustomizer, PropertyMappingContextCustomizer, Customizer, ExcludeFilterContextCustomizer, DuplicateJsonObjectContextCustomizer, MockitoContextCustomizer, TestRestTemplateContextCustomizer]
14:46:33.714 [Test worker] DEBUG org.springframework.context.annotation.ClassPathScanningCandidateComponentProvider - Identified candidate component class: file [/Users/hashtuce/Library/Mobile Documents/com~apple~CloudDocs/Projets/Projet 8/TourGuide/build/classes/java/main/tourGuide/Application.class]
14:46:33.717 [Test worker] INFO org.springframework.boot.test.context.SpringBootTestContextBootstrapper - Found @SpringBootConfiguration tourGuide.Application for test class tourGuide.TestPerformance
14:46:34.013 [Test worker] DEBUG org.springframework.test.context.util.TestContextSpringFactoriesUtils - Skipping candidate TestExecutionListener [org.springframework.test.context.transaction.TransactionalTestExecutionListener] due to a missing dependency. Specify custom TestExecutionListener classes or make the default TestExecutionListener classes and their required dependencies available. Offending class: [org/springframework/transaction/interceptor/TransactionAttributeSource]
14:46:34.017 [Test worker] DEBUG org.springframework.test.context.util.TestContextSpringFactoriesUtils - Skipping candidate TestExecutionListener [org.springframework.test.context.jdbc.SqlScriptsTestExecutionListener] due to a missing dependency. Specify custom TestExecutionListener classes or make the default TestExecutionListener classes and their required dependencies available. Offending class: [org/springframework/transaction/interceptor/TransactionAttribute]
14:46:34.021 [Test worker] DEBUG org.springframework.boot.test.context.SpringBootTestContextBootstrapper - Using TestExecutionListeners for test class [TestPerformance]: [ServletTestExecutionListener, DirtiesContextBeforeModesTestExecutionListener, ApplicationEventsTestExecutionListener, MockitoTestExecutionListener, DependencyInjectionTestExecutionListener, DirtiesContextTestExecutionListener, EventPublishingTestExecutionListener, RestDocsTestExecutionListener, MockRestServiceServerResetTestExecutionListener, MockMvcPrintOnlyOnFailureTestExecutionListener, WebDriverTestExecutionListener, MockWebServiceServerTestExecutionListener, ResetMocksTestExecutionListener]
14:46:34.023 [Test worker] DEBUG org.springframework.test.context.support.AbstractDirtiesContextTestExecutionListener - Before test class: class [TestPerformance], class annotated with @DirtiesContext [false] with mode [null]

  .   ____          _            __ _ _
 /\\ / ___'_ __ _ _(_)_ __  __ _ \ \ \ \
( ( )\___ | '_ | '_| | '_ \/ _` | \ \ \ \
 \\/  ___)| |_)| | | | | || (_| |  ) ) ) )
  '  |____| .__|_| |_|_| |_\__, | / / / /
 =========|_|==============|___/=/_/_/_/
 :: Spring Boot ::                (v3.0.1)

2023-01-20T14:46:34.806+01:00  INFO 5134 --- [    Test worker] tourGuide.TestPerformance                : Starting TestPerformance using Java 19.0.1 with PID 5134 (started by hashtuce in /Users/hashtuce/Library/Mobile Documents/com~apple~CloudDocs/Projets/Projet 8/TourGuide)
2023-01-20T14:46:34.808+01:00 DEBUG 5134 --- [    Test worker] tourGuide.TestPerformance                : Running with Spring Boot v3.0.1, Spring v6.0.3
2023-01-20T14:46:34.809+01:00  INFO 5134 --- [    Test worker] tourGuide.TestPerformance                : No active profile set, falling back to 1 default profile: "default"
2023-01-20T14:46:37.015+01:00  INFO 5134 --- [    Test worker] tourGuide.repository.UserRepository      : TestMode enabled
2023-01-20T14:46:37.015+01:00 DEBUG 5134 --- [    Test worker] tourGuide.repository.UserRepository      : Initializing users
2023-01-20T14:46:37.063+01:00  INFO 5134 --- [    Test worker] o.j.m.DefaultMonetaryContextFactory      : Using custom MathContext: precision=256, roundingMode=HALF_EVEN
2023-01-20T14:46:37.089+01:00 DEBUG 5134 --- [    Test worker] tourGuide.repository.UserRepository      : Created 100 internal test users.
2023-01-20T14:46:37.089+01:00 DEBUG 5134 --- [    Test worker] tourGuide.repository.UserRepository      : Finished initializing users
2023-01-20T14:46:39.088+01:00  INFO 5134 --- [    Test worker] o.s.b.a.e.web.EndpointLinksResolver      : Exposing 1 endpoint(s) beneath base path '/actuator'
2023-01-20T14:46:39.172+01:00  INFO 5134 --- [    Test worker] tourGuide.TestPerformance                : Started TestPerformance in 5.066 seconds (process running for 8.554)
 
  _______                _____       _     _      
 |__   __|              / ____|     (_)   | |     
    | | ___  _   _ _ __| |  __ _   _ _  __| | ___ 
    | |/ _ \| | | | '__| | |_ | | | | |/ _` |/ _ \
    | | (_) | |_| | |  | |__| | |_| | | (_| |  __/
    |_|\___/ \__,_|_|   \_____|\__,_|_|\__,_|\___|
 =================================================
 :: APP ::                                (v1.0.0)
 
2023-01-20T14:46:40.247+01:00 DEBUG 5134 --- [    Test worker] tourGuide.repository.UserRepository      : Created 100 internal test users without history.
2023-01-20T14:46:40.250+01:00  INFO 5134 --- [    Test worker] tourGuide.service.UserService            : List of all users returned by getAllUsers
2023-01-20T14:46:40.252+01:00  INFO 5134 --- [    Test worker] tourGuide.service.LocationService        : VisitedLocation returned by trackUserLocation
2023-01-20T14:46:40.254+01:00  INFO 5134 --- [    Test worker] tourGuide.service.LocationService        : VisitedLocation returned by trackUserLocation
2023-01-20T14:46:40.254+01:00  INFO 5134 --- [    Test worker] tourGuide.service.LocationService        : VisitedLocation returned by trackUserLocation
2023-01-20T14:46:40.255+01:00  INFO 5134 --- [    Test worker] tourGuide.service.LocationService        : VisitedLocation returned by trackUserLocation
2023-01-20T14:46:40.255+01:00  INFO 5134 --- [    Test worker] tourGuide.service.LocationService        : VisitedLocation returned by trackUserLocation
2023-01-20T14:46:40.256+01:00  INFO 5134 --- [    Test worker] tourGuide.service.LocationService        : VisitedLocation returned by trackUserLocation
2023-01-20T14:46:40.256+01:00  INFO 5134 --- [    Test worker] tourGuide.service.LocationService        : VisitedLocation returned by trackUserLocation
2023-01-20T14:46:40.256+01:00  INFO 5134 --- [    Test worker] tourGuide.service.LocationService        : VisitedLocation returned by trackUserLocation
2023-01-20T14:46:40.257+01:00  INFO 5134 --- [    Test worker] tourGuide.service.LocationService        : VisitedLocation returned by trackUserLocation
2023-01-20T14:46:40.257+01:00  INFO 5134 --- [    Test worker] tourGuide.service.LocationService        : VisitedLocation returned by trackUserLocation
2023-01-20T14:46:40.258+01:00  INFO 5134 --- [    Test worker] tourGuide.service.LocationService        : VisitedLocation returned by trackUserLocation
2023-01-20T14:46:40.258+01:00  INFO 5134 --- [    Test worker] tourGuide.service.LocationService        : VisitedLocation returned by trackUserLocation
2023-01-20T14:46:40.258+01:00  INFO 5134 --- [    Test worker] tourGuide.service.LocationService        : VisitedLocation returned by trackUserLocation
2023-01-20T14:46:40.259+01:00  INFO 5134 --- [    Test worker] tourGuide.service.LocationService        : VisitedLocation returned by trackUserLocation
2023-01-20T14:46:40.259+01:00  INFO 5134 --- [    Test worker] tourGuide.service.LocationService        : VisitedLocation returned by trackUserLocation
2023-01-20T14:46:40.260+01:00  INFO 5134 --- [    Test worker] tourGuide.service.LocationService        : VisitedLocation returned by trackUserLocation
2023-01-20T14:46:40.260+01:00  INFO 5134 --- [    Test worker] tourGuide.service.LocationService        : VisitedLocation returned by trackUserLocation
2023-01-20T14:46:40.260+01:00  INFO 5134 --- [    Test worker] tourGuide.service.LocationService        : VisitedLocation returned by trackUserLocation
2023-01-20T14:46:40.261+01:00  INFO 5134 --- [    Test worker] tourGuide.service.LocationService        : VisitedLocation returned by trackUserLocation
2023-01-20T14:46:40.262+01:00  INFO 5134 --- [    Test worker] tourGuide.service.LocationService        : VisitedLocation returned by trackUserLocation
2023-01-20T14:46:40.262+01:00  INFO 5134 --- [    Test worker] tourGuide.service.LocationService        : VisitedLocation returned by trackUserLocation
2023-01-20T14:46:40.263+01:00  INFO 5134 --- [    Test worker] tourGuide.service.LocationService        : VisitedLocation returned by trackUserLocation
2023-01-20T14:46:40.263+01:00  INFO 5134 --- [    Test worker] tourGuide.service.LocationService        : VisitedLocation returned by trackUserLocation
2023-01-20T14:46:40.263+01:00  INFO 5134 --- [    Test worker] tourGuide.service.LocationService        : VisitedLocation returned by trackUserLocation
2023-01-20T14:46:40.263+01:00  INFO 5134 --- [    Test worker] tourGuide.service.LocationService        : VisitedLocation returned by trackUserLocation
2023-01-20T14:46:40.264+01:00  INFO 5134 --- [    Test worker] tourGuide.service.LocationService        : VisitedLocation returned by trackUserLocation
2023-01-20T14:46:40.264+01:00  INFO 5134 --- [    Test worker] tourGuide.service.LocationService        : VisitedLocation returned by trackUserLocation
2023-01-20T14:46:40.265+01:00  INFO 5134 --- [    Test worker] tourGuide.service.LocationService        : VisitedLocation returned by trackUserLocation
2023-01-20T14:46:40.265+01:00  INFO 5134 --- [    Test worker] tourGuide.service.LocationService        : VisitedLocation returned by trackUserLocation
2023-01-20T14:46:40.265+01:00  INFO 5134 --- [    Test worker] tourGuide.service.LocationService        : VisitedLocation returned by trackUserLocation
2023-01-20T14:46:40.266+01:00  INFO 5134 --- [    Test worker] tourGuide.service.LocationService        : VisitedLocation returned by trackUserLocation
2023-01-20T14:46:40.266+01:00  INFO 5134 --- [    Test worker] tourGuide.service.LocationService        : VisitedLocation returned by trackUserLocation
2023-01-20T14:46:40.266+01:00  INFO 5134 --- [    Test worker] tourGuide.service.LocationService        : VisitedLocation returned by trackUserLocation
2023-01-20T14:46:40.267+01:00  INFO 5134 --- [    Test worker] tourGuide.service.LocationService        : VisitedLocation returned by trackUserLocation
2023-01-20T14:46:40.267+01:00  INFO 5134 --- [    Test worker] tourGuide.service.LocationService        : VisitedLocation returned by trackUserLocation
2023-01-20T14:46:40.267+01:00  INFO 5134 --- [    Test worker] tourGuide.service.LocationService        : VisitedLocation returned by trackUserLocation
2023-01-20T14:46:40.268+01:00  INFO 5134 --- [    Test worker] tourGuide.service.LocationService        : VisitedLocation returned by trackUserLocation
2023-01-20T14:46:40.268+01:00  INFO 5134 --- [    Test worker] tourGuide.service.LocationService        : VisitedLocation returned by trackUserLocation
2023-01-20T14:46:40.268+01:00  INFO 5134 --- [    Test worker] tourGuide.service.LocationService        : VisitedLocation returned by trackUserLocation
2023-01-20T14:46:40.269+01:00  INFO 5134 --- [    Test worker] tourGuide.service.LocationService        : VisitedLocation returned by trackUserLocation
2023-01-20T14:46:40.269+01:00  INFO 5134 --- [    Test worker] tourGuide.service.LocationService        : VisitedLocation returned by trackUserLocation
2023-01-20T14:46:40.269+01:00  INFO 5134 --- [    Test worker] tourGuide.service.LocationService        : VisitedLocation returned by trackUserLocation
2023-01-20T14:46:40.270+01:00  INFO 5134 --- [    Test worker] tourGuide.service.LocationService        : VisitedLocation returned by trackUserLocation
2023-01-20T14:46:40.270+01:00  INFO 5134 --- [    Test worker] tourGuide.service.LocationService        : VisitedLocation returned by trackUserLocation
2023-01-20T14:46:40.270+01:00  INFO 5134 --- [    Test worker] tourGuide.service.LocationService        : VisitedLocation returned by trackUserLocation
2023-01-20T14:46:40.271+01:00  INFO 5134 --- [    Test worker] tourGuide.service.LocationService        : VisitedLocation returned by trackUserLocation
2023-01-20T14:46:40.271+01:00  INFO 5134 --- [    Test worker] tourGuide.service.LocationService        : VisitedLocation returned by trackUserLocation
2023-01-20T14:46:40.272+01:00  INFO 5134 --- [    Test worker] tourGuide.service.LocationService        : VisitedLocation returned by trackUserLocation
2023-01-20T14:46:40.272+01:00  INFO 5134 --- [    Test worker] tourGuide.service.LocationService        : VisitedLocation returned by trackUserLocation
2023-01-20T14:46:40.272+01:00  INFO 5134 --- [    Test worker] tourGuide.service.LocationService        : VisitedLocation returned by trackUserLocation
2023-01-20T14:46:40.273+01:00  INFO 5134 --- [    Test worker] tourGuide.service.LocationService        : VisitedLocation returned by trackUserLocation
2023-01-20T14:46:40.273+01:00  INFO 5134 --- [    Test worker] tourGuide.service.LocationService        : VisitedLocation returned by trackUserLocation
2023-01-20T14:46:40.274+01:00  INFO 5134 --- [    Test worker] tourGuide.service.LocationService        : VisitedLocation returned by trackUserLocation
2023-01-20T14:46:40.274+01:00  INFO 5134 --- [    Test worker] tourGuide.service.LocationService        : VisitedLocation returned by trackUserLocation
2023-01-20T14:46:40.274+01:00  INFO 5134 --- [    Test worker] tourGuide.service.LocationService        : VisitedLocation returned by trackUserLocation
2023-01-20T14:46:40.275+01:00  INFO 5134 --- [    Test worker] tourGuide.service.LocationService        : VisitedLocation returned by trackUserLocation
2023-01-20T14:46:40.275+01:00  INFO 5134 --- [    Test worker] tourGuide.service.LocationService        : VisitedLocation returned by trackUserLocation
2023-01-20T14:46:40.276+01:00  INFO 5134 --- [    Test worker] tourGuide.service.LocationService        : VisitedLocation returned by trackUserLocation
2023-01-20T14:46:40.276+01:00  INFO 5134 --- [    Test worker] tourGuide.service.LocationService        : VisitedLocation returned by trackUserLocation
2023-01-20T14:46:40.276+01:00  INFO 5134 --- [    Test worker] tourGuide.service.LocationService        : VisitedLocation returned by trackUserLocation
2023-01-20T14:46:40.277+01:00  INFO 5134 --- [    Test worker] tourGuide.service.LocationService        : VisitedLocation returned by trackUserLocation
2023-01-20T14:46:40.277+01:00  INFO 5134 --- [    Test worker] tourGuide.service.LocationService        : VisitedLocation returned by trackUserLocation
2023-01-20T14:46:40.277+01:00  INFO 5134 --- [    Test worker] tourGuide.service.LocationService        : VisitedLocation returned by trackUserLocation
2023-01-20T14:46:40.278+01:00  INFO 5134 --- [    Test worker] tourGuide.service.LocationService        : VisitedLocation returned by trackUserLocation
2023-01-20T14:46:40.278+01:00  INFO 5134 --- [    Test worker] tourGuide.service.LocationService        : VisitedLocation returned by trackUserLocation
2023-01-20T14:46:40.278+01:00  INFO 5134 --- [    Test worker] tourGuide.service.LocationService        : VisitedLocation returned by trackUserLocation
2023-01-20T14:46:40.279+01:00  INFO 5134 --- [    Test worker] tourGuide.service.LocationService        : VisitedLocation returned by trackUserLocation
2023-01-20T14:46:40.279+01:00  INFO 5134 --- [    Test worker] tourGuide.service.LocationService        : VisitedLocation returned by trackUserLocation
2023-01-20T14:46:40.280+01:00  INFO 5134 --- [    Test worker] tourGuide.service.LocationService        : VisitedLocation returned by trackUserLocation
2023-01-20T14:46:40.280+01:00  INFO 5134 --- [    Test worker] tourGuide.service.LocationService        : VisitedLocation returned by trackUserLocation
2023-01-20T14:46:40.280+01:00  INFO 5134 --- [    Test worker] tourGuide.service.LocationService        : VisitedLocation returned by trackUserLocation
2023-01-20T14:46:40.280+01:00  INFO 5134 --- [    Test worker] tourGuide.service.LocationService        : VisitedLocation returned by trackUserLocation
2023-01-20T14:46:40.281+01:00  INFO 5134 --- [    Test worker] tourGuide.service.LocationService        : VisitedLocation returned by trackUserLocation
2023-01-20T14:46:40.281+01:00  INFO 5134 --- [    Test worker] tourGuide.service.LocationService        : VisitedLocation returned by trackUserLocation
2023-01-20T14:46:40.281+01:00  INFO 5134 --- [    Test worker] tourGuide.service.LocationService        : VisitedLocation returned by trackUserLocation
2023-01-20T14:46:40.281+01:00  INFO 5134 --- [    Test worker] tourGuide.service.LocationService        : VisitedLocation returned by trackUserLocation
2023-01-20T14:46:40.282+01:00  INFO 5134 --- [    Test worker] tourGuide.service.LocationService        : VisitedLocation returned by trackUserLocation
2023-01-20T14:46:40.282+01:00  INFO 5134 --- [    Test worker] tourGuide.service.LocationService        : VisitedLocation returned by trackUserLocation
2023-01-20T14:46:40.282+01:00  INFO 5134 --- [    Test worker] tourGuide.service.LocationService        : VisitedLocation returned by trackUserLocation
2023-01-20T14:46:40.282+01:00  INFO 5134 --- [    Test worker] tourGuide.service.LocationService        : VisitedLocation returned by trackUserLocation
2023-01-20T14:46:40.283+01:00  INFO 5134 --- [    Test worker] tourGuide.service.LocationService        : VisitedLocation returned by trackUserLocation
2023-01-20T14:46:40.284+01:00  INFO 5134 --- [    Test worker] tourGuide.service.LocationService        : VisitedLocation returned by trackUserLocation
2023-01-20T14:46:40.284+01:00  INFO 5134 --- [    Test worker] tourGuide.service.LocationService        : VisitedLocation returned by trackUserLocation
2023-01-20T14:46:40.285+01:00  INFO 5134 --- [    Test worker] tourGuide.service.LocationService        : VisitedLocation returned by trackUserLocation
2023-01-20T14:46:40.285+01:00  INFO 5134 --- [    Test worker] tourGuide.service.LocationService        : VisitedLocation returned by trackUserLocation
2023-01-20T14:46:40.285+01:00  INFO 5134 --- [    Test worker] tourGuide.service.LocationService        : VisitedLocation returned by trackUserLocation
2023-01-20T14:46:40.285+01:00  INFO 5134 --- [    Test worker] tourGuide.service.LocationService        : VisitedLocation returned by trackUserLocation
2023-01-20T14:46:40.286+01:00  INFO 5134 --- [    Test worker] tourGuide.service.LocationService        : VisitedLocation returned by trackUserLocation
2023-01-20T14:46:40.286+01:00  INFO 5134 --- [    Test worker] tourGuide.service.LocationService        : VisitedLocation returned by trackUserLocation
2023-01-20T14:46:40.286+01:00  INFO 5134 --- [    Test worker] tourGuide.service.LocationService        : VisitedLocation returned by trackUserLocation
2023-01-20T14:46:40.287+01:00  INFO 5134 --- [    Test worker] tourGuide.service.LocationService        : VisitedLocation returned by trackUserLocation
2023-01-20T14:46:40.287+01:00  INFO 5134 --- [    Test worker] tourGuide.service.LocationService        : VisitedLocation returned by trackUserLocation
2023-01-20T14:46:40.287+01:00  INFO 5134 --- [    Test worker] tourGuide.service.LocationService        : VisitedLocation returned by trackUserLocation
2023-01-20T14:46:40.287+01:00  INFO 5134 --- [    Test worker] tourGuide.service.LocationService        : VisitedLocation returned by trackUserLocation
2023-01-20T14:46:40.288+01:00  INFO 5134 --- [    Test worker] tourGuide.service.LocationService        : VisitedLocation returned by trackUserLocation
2023-01-20T14:46:40.288+01:00  INFO 5134 --- [    Test worker] tourGuide.service.LocationService        : VisitedLocation returned by trackUserLocation
2023-01-20T14:46:40.288+01:00  INFO 5134 --- [    Test worker] tourGuide.service.LocationService        : VisitedLocation returned by trackUserLocation
2023-01-20T14:46:40.288+01:00  INFO 5134 --- [    Test worker] tourGuide.service.LocationService        : VisitedLocation returned by trackUserLocation
2023-01-20T14:46:40.288+01:00  INFO 5134 --- [    Test worker] tourGuide.service.LocationService        : VisitedLocation returned by trackUserLocation
2023-01-20T14:46:40.289+01:00  INFO 5134 --- [    Test worker] tourGuide.service.LocationService        : VisitedLocation returned by trackUserLocation
2023-01-20T14:46:40.300+01:00  INFO 5134 --- [pool-3-thread-6] tourGuide.service.RewardsService         : nearAttraction called with Disneyland
2023-01-20T14:46:40.301+01:00  INFO 5134 --- [pool-3-thread-9] tourGuide.service.RewardsService         : nearAttraction called with Jackson Hole
2023-01-20T14:46:40.300+01:00  INFO 5134 --- [pool-3-thread-4] tourGuide.service.RewardsService         : nearAttraction called with Disneyland
2023-01-20T14:46:40.300+01:00  INFO 5134 --- [pool-3-thread-2] tourGuide.service.RewardsService         : nearAttraction called with Disneyland
2023-01-20T14:46:40.301+01:00  INFO 5134 --- [ool-3-thread-10] tourGuide.service.RewardsService         : nearAttraction called with Jackson Hole
2023-01-20T14:46:40.301+01:00  INFO 5134 --- [pool-3-thread-2] tourGuide.service.RewardsService         : getDistance called
2023-01-20T14:46:40.300+01:00  INFO 5134 --- [pool-3-thread-5] tourGuide.service.RewardsService         : nearAttraction called with Disneyland
2023-01-20T14:46:40.300+01:00  INFO 5134 --- [pool-3-thread-1] tourGuide.service.RewardsService         : nearAttraction called with Disneyland
2023-01-20T14:46:40.301+01:00  INFO 5134 --- [pool-3-thread-3] tourGuide.service.RewardsService         : nearAttraction called with Disneyland
2023-01-20T14:46:40.301+01:00  INFO 5134 --- [pool-3-thread-6] tourGuide.service.RewardsService         : getDistance called
2023-01-20T14:46:40.302+01:00  INFO 5134 --- [pool-3-thread-3] tourGuide.service.RewardsService         : getDistance called
2023-01-20T14:46:40.301+01:00  INFO 5134 --- [pool-3-thread-8] tourGuide.service.RewardsService         : nearAttraction called with Jackson Hole
2023-01-20T14:46:40.302+01:00  INFO 5134 --- [ool-3-thread-14] tourGuide.service.RewardsService         : nearAttraction called with Mojave National Preserve
2023-01-20T14:46:40.302+01:00  INFO 5134 --- [ool-3-thread-14] tourGuide.service.RewardsService         : getDistance called
2023-01-20T14:46:40.301+01:00  INFO 5134 --- [pool-3-thread-7] tourGuide.service.RewardsService         : nearAttraction called with Disneyland
2023-01-20T14:46:40.302+01:00  INFO 5134 --- [pool-3-thread-7] tourGuide.service.RewardsService         : getDistance called
2023-01-20T14:46:40.302+01:00  INFO 5134 --- [ool-3-thread-15] tourGuide.service.RewardsService         : nearAttraction called with Mojave National Preserve
2023-01-20T14:46:40.301+01:00  INFO 5134 --- [pool-3-thread-9] tourGuide.service.RewardsService         : getDistance called
2023-01-20T14:46:40.303+01:00  INFO 5134 --- [ool-3-thread-15] tourGuide.service.RewardsService         : getDistance called
2023-01-20T14:46:40.301+01:00  INFO 5134 --- [pool-3-thread-4] tourGuide.service.RewardsService         : getDistance called
2023-01-20T14:46:40.301+01:00  INFO 5134 --- [ool-3-thread-10] tourGuide.service.RewardsService         : getDistance called
2023-01-20T14:46:40.301+01:00  INFO 5134 --- [ool-3-thread-11] tourGuide.service.RewardsService         : nearAttraction called with Jackson Hole
2023-01-20T14:46:40.303+01:00  INFO 5134 --- [ool-3-thread-11] tourGuide.service.RewardsService         : getDistance called
2023-01-20T14:46:40.303+01:00  INFO 5134 --- [ool-3-thread-25] tourGuide.service.RewardsService         : nearAttraction called with Joshua Tree National Park
2023-01-20T14:46:40.301+01:00  INFO 5134 --- [pool-3-thread-5] tourGuide.service.RewardsService         : getDistance called
2023-01-20T14:46:40.301+01:00  INFO 5134 --- [ool-3-thread-12] tourGuide.service.RewardsService         : nearAttraction called with Jackson Hole
2023-01-20T14:46:40.304+01:00  INFO 5134 --- [ool-3-thread-12] tourGuide.service.RewardsService         : getDistance called
2023-01-20T14:46:40.302+01:00  INFO 5134 --- [pool-3-thread-1] tourGuide.service.RewardsService         : getDistance called
2023-01-20T14:46:40.302+01:00  INFO 5134 --- [ool-3-thread-13] tourGuide.service.RewardsService         : nearAttraction called with Jackson Hole
2023-01-20T14:46:40.304+01:00  INFO 5134 --- [ool-3-thread-30] tourGuide.service.RewardsService         : nearAttraction called with Buffalo National River
2023-01-20T14:46:40.302+01:00  INFO 5134 --- [pool-3-thread-8] tourGuide.service.RewardsService         : getDistance called
2023-01-20T14:46:40.303+01:00  INFO 5134 --- [ool-3-thread-22] tourGuide.service.RewardsService         : nearAttraction called with Disneyland
2023-01-20T14:46:40.303+01:00  INFO 5134 --- [ool-3-thread-17] tourGuide.service.RewardsService         : nearAttraction called with Mojave National Preserve
2023-01-20T14:46:40.305+01:00  INFO 5134 --- [ool-3-thread-17] tourGuide.service.RewardsService         : getDistance called
2023-01-20T14:46:40.305+01:00  INFO 5134 --- [ool-3-thread-34] tourGuide.service.RewardsService         : nearAttraction called with Joshua Tree National Park
2023-01-20T14:46:40.305+01:00  INFO 5134 --- [ool-3-thread-34] tourGuide.service.RewardsService         : getDistance called
2023-01-20T14:46:40.305+01:00  INFO 5134 --- [ool-3-thread-35] tourGuide.service.RewardsService         : nearAttraction called with Buffalo National River
2023-01-20T14:46:40.305+01:00  INFO 5134 --- [ool-3-thread-35] tourGuide.service.RewardsService         : getDistance called
2023-01-20T14:46:40.303+01:00  INFO 5134 --- [ool-3-thread-25] tourGuide.service.RewardsService         : getDistance called
2023-01-20T14:46:40.303+01:00  INFO 5134 --- [ool-3-thread-26] tourGuide.service.RewardsService         : nearAttraction called with Buffalo National River
2023-01-20T14:46:40.306+01:00  INFO 5134 --- [ool-3-thread-36] tourGuide.service.RewardsService         : nearAttraction called with Hot Springs National Park
2023-01-20T14:46:40.306+01:00  INFO 5134 --- [ool-3-thread-36] tourGuide.service.RewardsService         : getDistance called
2023-01-20T14:46:40.304+01:00  INFO 5134 --- [ool-3-thread-20] tourGuide.service.RewardsService         : nearAttraction called with Mojave National Preserve
2023-01-20T14:46:40.307+01:00  INFO 5134 --- [ool-3-thread-20] tourGuide.service.RewardsService         : getDistance called
2023-01-20T14:46:40.304+01:00  INFO 5134 --- [ool-3-thread-21] tourGuide.service.RewardsService         : nearAttraction called with Joshua Tree National Park
2023-01-20T14:46:40.307+01:00  INFO 5134 --- [ool-3-thread-21] tourGuide.service.RewardsService         : getDistance called
2023-01-20T14:46:40.304+01:00  INFO 5134 --- [ool-3-thread-13] tourGuide.service.RewardsService         : getDistance called
2023-01-20T14:46:40.304+01:00  INFO 5134 --- [ool-3-thread-31] tourGuide.service.RewardsService         : nearAttraction called with Hot Springs National Park
2023-01-20T14:46:40.307+01:00  INFO 5134 --- [ool-3-thread-31] tourGuide.service.RewardsService         : getDistance called
2023-01-20T14:46:40.308+01:00  INFO 5134 --- [ool-3-thread-40] tourGuide.service.RewardsService         : nearAttraction called with Flowers Bakery of London
2023-01-20T14:46:40.308+01:00  INFO 5134 --- [ool-3-thread-40] tourGuide.service.RewardsService         : getDistance called
2023-01-20T14:46:40.304+01:00  INFO 5134 --- [ool-3-thread-30] tourGuide.service.RewardsService         : getDistance called
2023-01-20T14:46:40.304+01:00  INFO 5134 --- [ool-3-thread-24] tourGuide.service.RewardsService         : nearAttraction called with Jackson Hole
2023-01-20T14:46:40.308+01:00  INFO 5134 --- [ool-3-thread-42] tourGuide.service.RewardsService         : nearAttraction called with Flatiron Building
2023-01-20T14:46:40.308+01:00  INFO 5134 --- [ool-3-thread-42] tourGuide.service.RewardsService         : getDistance called
2023-01-20T14:46:40.305+01:00  INFO 5134 --- [ool-3-thread-22] tourGuide.service.RewardsService         : getDistance called
2023-01-20T14:46:40.308+01:00  INFO 5134 --- [ool-3-thread-43] tourGuide.service.RewardsService         : nearAttraction called with Fallingwater
2023-01-20T14:46:40.305+01:00  INFO 5134 --- [ool-3-thread-33] tourGuide.service.RewardsService         : nearAttraction called with Mojave National Preserve
2023-01-20T14:46:40.309+01:00  INFO 5134 --- [ool-3-thread-43] tourGuide.service.RewardsService         : getDistance called
2023-01-20T14:46:40.306+01:00  INFO 5134 --- [ool-3-thread-26] tourGuide.service.RewardsService         : getDistance called
2023-01-20T14:46:40.307+01:00  INFO 5134 --- [ool-3-thread-37] tourGuide.service.RewardsService         : nearAttraction called with Kartchner Caverns State Park
2023-01-20T14:46:40.309+01:00  INFO 5134 --- [ool-3-thread-28] tourGuide.service.RewardsService         : nearAttraction called with Hot Springs National Park
2023-01-20T14:46:40.307+01:00  INFO 5134 --- [ool-3-thread-38] tourGuide.service.RewardsService         : nearAttraction called with Legend Valley
2023-01-20T14:46:40.309+01:00  INFO 5134 --- [ool-3-thread-38] tourGuide.service.RewardsService         : getDistance called
2023-01-20T14:46:40.308+01:00  INFO 5134 --- [ool-3-thread-41] tourGuide.service.RewardsService         : nearAttraction called with McKinley Tower
2023-01-20T14:46:40.308+01:00  INFO 5134 --- [ool-3-thread-24] tourGuide.service.RewardsService         : getDistance called
2023-01-20T14:46:40.310+01:00  INFO 5134 --- [ool-3-thread-41] tourGuide.service.RewardsService         : getDistance called
2023-01-20T14:46:40.310+01:00  INFO 5134 --- [ool-3-thread-50] tourGuide.service.RewardsService         : nearAttraction called with Jackson Hole
2023-01-20T14:46:40.310+01:00  INFO 5134 --- [ool-3-thread-50] tourGuide.service.RewardsService         : getDistance called
2023-01-20T14:46:40.309+01:00  INFO 5134 --- [ool-3-thread-44] tourGuide.service.RewardsService         : nearAttraction called with Union Station
2023-01-20T14:46:40.309+01:00  INFO 5134 --- [ool-3-thread-33] tourGuide.service.RewardsService         : getDistance called
2023-01-20T14:46:40.309+01:00  INFO 5134 --- [ool-3-thread-37] tourGuide.service.RewardsService         : getDistance called
2023-01-20T14:46:40.310+01:00  INFO 5134 --- [ool-3-thread-32] tourGuide.service.RewardsService         : nearAttraction called with Kartchner Caverns State Park
2023-01-20T14:46:40.309+01:00  INFO 5134 --- [ool-3-thread-28] tourGuide.service.RewardsService         : getDistance called
2023-01-20T14:46:40.311+01:00  INFO 5134 --- [ool-3-thread-32] tourGuide.service.RewardsService         : getDistance called
2023-01-20T14:46:40.309+01:00  INFO 5134 --- [ool-3-thread-29] tourGuide.service.RewardsService         : nearAttraction called with Joshua Tree National Park
2023-01-20T14:46:40.311+01:00  INFO 5134 --- [ool-3-thread-29] tourGuide.service.RewardsService         : getDistance called
2023-01-20T14:46:40.309+01:00  INFO 5134 --- [ool-3-thread-48] tourGuide.service.RewardsService         : nearAttraction called with Disneyland
2023-01-20T14:46:40.311+01:00  INFO 5134 --- [ool-3-thread-48] tourGuide.service.RewardsService         : getDistance called
2023-01-20T14:46:40.310+01:00  INFO 5134 --- [ool-3-thread-51] tourGuide.service.RewardsService         : nearAttraction called with Mojave National Preserve
2023-01-20T14:46:40.311+01:00  INFO 5134 --- [ool-3-thread-51] tourGuide.service.RewardsService         : getDistance called
2023-01-20T14:46:40.310+01:00  INFO 5134 --- [ool-3-thread-44] tourGuide.service.RewardsService         : getDistance called
2023-01-20T14:46:40.312+01:00  INFO 5134 --- [ool-3-thread-45] tourGuide.service.RewardsService         : nearAttraction called with Disneyland
2023-01-20T14:46:40.311+01:00  INFO 5134 --- [ool-3-thread-53] tourGuide.service.RewardsService         : nearAttraction called with Disneyland
2023-01-20T14:46:40.312+01:00  INFO 5134 --- [ool-3-thread-45] tourGuide.service.RewardsService         : getDistance called
2023-01-20T14:46:40.311+01:00  INFO 5134 --- [ool-3-thread-55] tourGuide.service.RewardsService         : nearAttraction called with Jackson Hole
2023-01-20T14:46:40.311+01:00  INFO 5134 --- [ool-3-thread-56] tourGuide.service.RewardsService         : nearAttraction called with Mojave National Preserve
2023-01-20T14:46:40.312+01:00  INFO 5134 --- [ool-3-thread-60] tourGuide.service.RewardsService         : nearAttraction called with Jackson Hole
2023-01-20T14:46:40.312+01:00  INFO 5134 --- [ool-3-thread-53] tourGuide.service.RewardsService         : getDistance called
2023-01-20T14:46:40.312+01:00  INFO 5134 --- [ool-3-thread-60] tourGuide.service.RewardsService         : getDistance called
2023-01-20T14:46:40.312+01:00  INFO 5134 --- [ool-3-thread-55] tourGuide.service.RewardsService         : getDistance called
2023-01-20T14:46:40.312+01:00  INFO 5134 --- [ool-3-thread-47] tourGuide.service.RewardsService         : nearAttraction called with Kartchner Caverns State Park
2023-01-20T14:46:40.312+01:00  INFO 5134 --- [ool-3-thread-56] tourGuide.service.RewardsService         : getDistance called
2023-01-20T14:46:40.313+01:00  INFO 5134 --- [ool-3-thread-62] tourGuide.service.RewardsService         : nearAttraction called with Disneyland
2023-01-20T14:46:40.313+01:00  INFO 5134 --- [ool-3-thread-39] tourGuide.service.RewardsService         : nearAttraction called with Disneyland
2023-01-20T14:46:40.313+01:00  INFO 5134 --- [ool-3-thread-62] tourGuide.service.RewardsService         : getDistance called
2023-01-20T14:46:40.313+01:00  INFO 5134 --- [ool-3-thread-49] tourGuide.service.RewardsService         : nearAttraction called with Buffalo National River
2023-01-20T14:46:40.313+01:00  INFO 5134 --- [ool-3-thread-66] tourGuide.service.RewardsService         : nearAttraction called with Jackson Hole
2023-01-20T14:46:40.314+01:00  INFO 5134 --- [ool-3-thread-49] tourGuide.service.RewardsService         : getDistance called
2023-01-20T14:46:40.313+01:00  INFO 5134 --- [ool-3-thread-47] tourGuide.service.RewardsService         : getDistance called
2023-01-20T14:46:40.313+01:00  INFO 5134 --- [ool-3-thread-39] tourGuide.service.RewardsService         : getDistance called
2023-01-20T14:46:40.314+01:00  INFO 5134 --- [ool-3-thread-66] tourGuide.service.RewardsService         : getDistance called
2023-01-20T14:46:40.314+01:00  INFO 5134 --- [ool-3-thread-67] tourGuide.service.RewardsService         : nearAttraction called with Mojave National Preserve
2023-01-20T14:46:40.315+01:00  INFO 5134 --- [ool-3-thread-67] tourGuide.service.RewardsService         : getDistance called
2023-01-20T14:46:40.315+01:00  INFO 5134 --- [ool-3-thread-70] tourGuide.service.RewardsService         : nearAttraction called with Buffalo National River
2023-01-20T14:46:40.315+01:00  INFO 5134 --- [ool-3-thread-67] tourGuide.service.RewardsService         : nearAttraction called with Kartchner Caverns State Park
2023-01-20T14:46:40.315+01:00  INFO 5134 --- [ool-3-thread-67] tourGuide.service.RewardsService         : getDistance called
2023-01-20T14:46:40.315+01:00  INFO 5134 --- [ool-3-thread-67] tourGuide.service.RewardsService         : nearAttraction called with Legend Valley
2023-01-20T14:46:40.315+01:00  INFO 5134 --- [ool-3-thread-67] tourGuide.service.RewardsService         : getDistance called
2023-01-20T14:46:40.315+01:00  INFO 5134 --- [pool-3-thread-6] tourGuide.service.RewardsService         : nearAttraction called with Flowers Bakery of London
2023-01-20T14:46:40.314+01:00  INFO 5134 --- [ool-3-thread-69] tourGuide.service.RewardsService         : nearAttraction called with Joshua Tree National Park
2023-01-20T14:46:40.316+01:00  INFO 5134 --- [pool-3-thread-3] tourGuide.service.RewardsService         : nearAttraction called with Flatiron Building
2023-01-20T14:46:40.316+01:00  INFO 5134 --- [pool-3-thread-3] tourGuide.service.RewardsService         : getDistance called
2023-01-20T14:46:40.316+01:00  INFO 5134 --- [pool-3-thread-3] tourGuide.service.RewardsService         : nearAttraction called with Fallingwater
2023-01-20T14:46:40.316+01:00  INFO 5134 --- [ool-3-thread-19] tourGuide.service.RewardsService         : nearAttraction called with Mojave National Preserve
2023-01-20T14:46:40.316+01:00  INFO 5134 --- [ool-3-thread-19] tourGuide.service.RewardsService         : getDistance called
2023-01-20T14:46:40.316+01:00  INFO 5134 --- [ool-3-thread-19] tourGuide.service.RewardsService         : nearAttraction called with Union Station
2023-01-20T14:46:40.316+01:00  INFO 5134 --- [ool-3-thread-19] tourGuide.service.RewardsService         : getDistance called
2023-01-20T14:46:40.315+01:00  INFO 5134 --- [pool-3-thread-2] tourGuide.service.RewardsService         : nearAttraction called with Hot Springs National Park
2023-01-20T14:46:40.317+01:00  INFO 5134 --- [pool-3-thread-2] tourGuide.service.RewardsService         : getDistance called
2023-01-20T14:46:40.317+01:00  INFO 5134 --- [pool-3-thread-2] tourGuide.service.RewardsService         : nearAttraction called with Bryant-Denny Stadium
2023-01-20T14:46:40.317+01:00  INFO 5134 --- [pool-3-thread-2] tourGuide.service.RewardsService         : getDistance called
2023-01-20T14:46:40.317+01:00  INFO 5134 --- [pool-3-thread-2] tourGuide.service.RewardsService         : nearAttraction called with Tiger Stadium
2023-01-20T14:46:40.317+01:00  INFO 5134 --- [pool-3-thread-2] tourGuide.service.RewardsService         : getDistance called
2023-01-20T14:46:40.317+01:00  INFO 5134 --- [pool-3-thread-2] tourGuide.service.RewardsService         : nearAttraction called with Neyland Stadium
2023-01-20T14:46:40.317+01:00  INFO 5134 --- [pool-3-thread-2] tourGuide.service.RewardsService         : getDistance called
2023-01-20T14:46:40.318+01:00  INFO 5134 --- [pool-3-thread-2] tourGuide.service.RewardsService         : nearAttraction called with Kyle Field
2023-01-20T14:46:40.318+01:00  INFO 5134 --- [pool-3-thread-7] tourGuide.service.RewardsService         : nearAttraction called with San Diego Zoo
2023-01-20T14:46:40.315+01:00  INFO 5134 --- [ool-3-thread-70] tourGuide.service.RewardsService         : getDistance called
2023-01-20T14:46:40.318+01:00  INFO 5134 --- [pool-3-thread-7] tourGuide.service.RewardsService         : getDistance called
2023-01-20T14:46:40.318+01:00  INFO 5134 --- [pool-3-thread-7] tourGuide.service.RewardsService         : nearAttraction called with Franklin Park Zoo
2023-01-20T14:46:40.318+01:00  INFO 5134 --- [pool-3-thread-7] tourGuide.service.RewardsService         : getDistance called
2023-01-20T14:46:40.318+01:00  INFO 5134 --- [pool-3-thread-7] tourGuide.service.RewardsService         : nearAttraction called with El Paso Zoo
2023-01-20T14:46:40.319+01:00  INFO 5134 --- [pool-3-thread-7] tourGuide.service.RewardsService         : getDistance called
2023-01-20T14:46:40.319+01:00  INFO 5134 --- [pool-3-thread-7] tourGuide.service.RewardsService         : nearAttraction called with Bronx Zoo
2023-01-20T14:46:40.315+01:00  INFO 5134 --- [ool-3-thread-67] tourGuide.service.RewardsService         : nearAttraction called with McKinley Tower
2023-01-20T14:46:40.320+01:00  INFO 5134 --- [ool-3-thread-67] tourGuide.service.RewardsService         : getDistance called
2023-01-20T14:46:40.321+01:00  INFO 5134 --- [ool-3-thread-67] tourGuide.service.RewardsService         : nearAttraction called with Cinderella Castle
2023-01-20T14:46:40.321+01:00  INFO 5134 --- [ool-3-thread-27] tourGuide.service.RewardsService         : nearAttraction called with Disneyland
2023-01-20T14:46:40.321+01:00  INFO 5134 --- [ool-3-thread-15] tourGuide.service.RewardsService         : nearAttraction called with Disneyland
2023-01-20T14:46:40.321+01:00  INFO 5134 --- [ool-3-thread-15] tourGuide.service.RewardsService         : getDistance called
2023-01-20T14:46:40.321+01:00  INFO 5134 --- [pool-3-thread-7] tourGuide.service.RewardsService         : getDistance called
2023-01-20T14:46:40.321+01:00  INFO 5134 --- [pool-3-thread-7] tourGuide.service.RewardsService         : nearAttraction called with Mojave National Preserve
2023-01-20T14:46:40.321+01:00  INFO 5134 --- [pool-3-thread-7] tourGuide.service.RewardsService         : getDistance called
2023-01-20T14:46:40.322+01:00  INFO 5134 --- [pool-3-thread-7] tourGuide.service.RewardsService         : nearAttraction called with Joshua Tree National Park
2023-01-20T14:46:40.322+01:00  INFO 5134 --- [pool-3-thread-7] tourGuide.service.RewardsService         : getDistance called
2023-01-20T14:46:40.315+01:00  INFO 5134 --- [pool-3-thread-6] tourGuide.service.RewardsService         : getDistance called
2023-01-20T14:46:40.322+01:00  INFO 5134 --- [pool-3-thread-7] tourGuide.service.RewardsService         : nearAttraction called with Buffalo National River
2023-01-20T14:46:40.322+01:00  INFO 5134 --- [pool-3-thread-7] tourGuide.service.RewardsService         : getDistance called
2023-01-20T14:46:40.322+01:00  INFO 5134 --- [pool-3-thread-7] tourGuide.service.RewardsService         : nearAttraction called with Kartchner Caverns State Park
2023-01-20T14:46:40.323+01:00  INFO 5134 --- [pool-3-thread-7] tourGuide.service.RewardsService         : getDistance called
2023-01-20T14:46:40.323+01:00  INFO 5134 --- [pool-3-thread-7] tourGuide.service.RewardsService         : nearAttraction called with Flowers Bakery of London
2023-01-20T14:46:40.323+01:00  INFO 5134 --- [pool-3-thread-7] tourGuide.service.RewardsService         : getDistance called
2023-01-20T14:46:40.323+01:00  INFO 5134 --- [pool-3-thread-7] tourGuide.service.RewardsService         : nearAttraction called with McKinley Tower
2023-01-20T14:46:40.323+01:00  INFO 5134 --- [pool-3-thread-7] tourGuide.service.RewardsService         : getDistance called
2023-01-20T14:46:40.323+01:00  INFO 5134 --- [pool-3-thread-7] tourGuide.service.RewardsService         : nearAttraction called with Flatiron Building
2023-01-20T14:46:40.323+01:00  INFO 5134 --- [pool-3-thread-7] tourGuide.service.RewardsService         : getDistance called
2023-01-20T14:46:40.323+01:00  INFO 5134 --- [pool-3-thread-7] tourGuide.service.RewardsService         : nearAttraction called with Fallingwater
2023-01-20T14:46:40.323+01:00  INFO 5134 --- [ool-3-thread-10] tourGuide.service.RewardsService         : nearAttraction called with Union Station
2023-01-20T14:46:40.323+01:00  INFO 5134 --- [pool-3-thread-7] tourGuide.service.RewardsService         : getDistance called
2023-01-20T14:46:40.324+01:00  INFO 5134 --- [ool-3-thread-10] tourGuide.service.RewardsService         : getDistance called
2023-01-20T14:46:40.324+01:00  INFO 5134 --- [ool-3-thread-10] tourGuide.service.RewardsService         : nearAttraction called with Texas Memorial Stadium
2023-01-20T14:46:40.324+01:00  INFO 5134 --- [ool-3-thread-10] tourGuide.service.RewardsService         : getDistance called
2023-01-20T14:46:40.324+01:00  INFO 5134 --- [ool-3-thread-57] tourGuide.service.RewardsService         : nearAttraction called with Joshua Tree National Park
2023-01-20T14:46:40.324+01:00  INFO 5134 --- [ool-3-thread-57] tourGuide.service.RewardsService         : getDistance called
2023-01-20T14:46:40.324+01:00  INFO 5134 --- [ool-3-thread-57] tourGuide.service.RewardsService         : nearAttraction called with Kyle Field
2023-01-20T14:46:40.316+01:00  INFO 5134 --- [ool-3-thread-69] tourGuide.service.RewardsService         : getDistance called
2023-01-20T14:46:40.325+01:00  INFO 5134 --- [ool-3-thread-69] tourGuide.service.RewardsService         : nearAttraction called with Zoo Tampa at Lowry Park
2023-01-20T14:46:40.316+01:00  INFO 5134 --- [pool-3-thread-3] tourGuide.service.RewardsService         : getDistance called
2023-01-20T14:46:40.325+01:00  INFO 5134 --- [ool-3-thread-69] tourGuide.service.RewardsService         : getDistance called
2023-01-20T14:46:40.325+01:00  INFO 5134 --- [pool-3-thread-1] tourGuide.service.RewardsService         : nearAttraction called with Franklin Park Zoo
2023-01-20T14:46:40.325+01:00  INFO 5134 --- [pool-3-thread-3] tourGuide.service.RewardsService         : nearAttraction called with El Paso Zoo
2023-01-20T14:46:40.316+01:00  INFO 5134 --- [ool-3-thread-14] tourGuide.service.RewardsService         : nearAttraction called with Roger Dean Stadium
2023-01-20T14:46:40.325+01:00  INFO 5134 --- [pool-3-thread-8] tourGuide.service.RewardsService         : nearAttraction called with Bronx Zoo
2023-01-20T14:46:40.325+01:00  INFO 5134 --- [ool-3-thread-14] tourGuide.service.RewardsService         : getDistance called
2023-01-20T14:46:40.317+01:00  INFO 5134 --- [ool-3-thread-19] tourGuide.service.RewardsService         : nearAttraction called with Texas Memorial Stadium
2023-01-20T14:46:40.325+01:00  INFO 5134 --- [ool-3-thread-34] tourGuide.service.RewardsService         : nearAttraction called with Buffalo National River
2023-01-20T14:46:40.318+01:00  INFO 5134 --- [pool-3-thread-2] tourGuide.service.RewardsService         : getDistance called
2023-01-20T14:46:40.326+01:00  INFO 5134 --- [ool-3-thread-35] tourGuide.service.RewardsService         : nearAttraction called with Hot Springs National Park
2023-01-20T14:46:40.326+01:00  INFO 5134 --- [ool-3-thread-34] tourGuide.service.RewardsService         : getDistance called
2023-01-20T14:46:40.326+01:00  INFO 5134 --- [ool-3-thread-34] tourGuide.service.RewardsService         : nearAttraction called with Legend Valley
2023-01-20T14:46:40.326+01:00  INFO 5134 --- [ool-3-thread-46] tourGuide.service.RewardsService         : nearAttraction called with Roger Dean Stadium
2023-01-20T14:46:40.326+01:00  INFO 5134 --- [ool-3-thread-36] tourGuide.service.RewardsService         : nearAttraction called with McKinley Tower
2023-01-20T14:46:40.326+01:00  INFO 5134 --- [ool-3-thread-20] tourGuide.service.RewardsService         : nearAttraction called with Flatiron Building
2023-01-20T14:46:40.326+01:00  INFO 5134 --- [ool-3-thread-20] tourGuide.service.RewardsService         : getDistance called
2023-01-20T14:46:40.326+01:00  INFO 5134 --- [ool-3-thread-21] tourGuide.service.RewardsService         : nearAttraction called with Fallingwater
2023-01-20T14:46:40.326+01:00  INFO 5134 --- [ool-3-thread-20] tourGuide.service.RewardsService         : nearAttraction called with Union Station
2023-01-20T14:46:40.326+01:00  INFO 5134 --- [ool-3-thread-61] tourGuide.service.RewardsService         : nearAttraction called with Mojave National Preserve
2023-01-20T14:46:40.318+01:00  INFO 5134 --- [ool-3-thread-70] tourGuide.service.RewardsService         : nearAttraction called with Zoo Tampa at Lowry Park
2023-01-20T14:46:40.327+01:00  INFO 5134 --- [ool-3-thread-31] tourGuide.service.RewardsService         : nearAttraction called with Texas Memorial Stadium
2023-01-20T14:46:40.318+01:00  INFO 5134 --- [pool-3-thread-9] tourGuide.service.RewardsService         : nearAttraction called with Kansas City Zoo
2023-01-20T14:46:40.321+01:00  INFO 5134 --- [ool-3-thread-67] tourGuide.service.RewardsService         : getDistance called
2023-01-20T14:46:40.327+01:00  INFO 5134 --- [ool-3-thread-22] tourGuide.service.RewardsService         : nearAttraction called with Kyle Field
2023-01-20T14:46:40.327+01:00  INFO 5134 --- [ool-3-thread-67] tourGuide.service.RewardsService         : nearAttraction called with San Diego Zoo
2023-01-20T14:46:40.327+01:00  INFO 5134 --- [ool-3-thread-23] tourGuide.service.RewardsService         : nearAttraction called with Joshua Tree National Park
2023-01-20T14:46:40.327+01:00  INFO 5134 --- [ool-3-thread-43] tourGuide.service.RewardsService         : nearAttraction called with Zoo Tampa at Lowry Park
2023-01-20T14:46:40.327+01:00  INFO 5134 --- [ool-3-thread-23] tourGuide.service.RewardsService         : getDistance called
2023-01-20T14:46:40.321+01:00  INFO 5134 --- [ool-3-thread-27] tourGuide.service.RewardsService         : getDistance called
2023-01-20T14:46:40.328+01:00  INFO 5134 --- [ool-3-thread-23] tourGuide.service.RewardsService         : nearAttraction called with El Paso Zoo
2023-01-20T14:46:40.328+01:00  INFO 5134 --- [ool-3-thread-27] tourGuide.service.RewardsService         : nearAttraction called with Bronx Zoo
2023-01-20T14:46:40.328+01:00  INFO 5134 --- [ool-3-thread-23] tourGuide.service.RewardsService         : getDistance called
2023-01-20T14:46:40.328+01:00  INFO 5134 --- [ool-3-thread-27] tourGuide.service.RewardsService         : getDistance called
2023-01-20T14:46:40.321+01:00  INFO 5134 --- [ool-3-thread-15] tourGuide.service.RewardsService         : nearAttraction called with Jackson Hole
2023-01-20T14:46:40.328+01:00  INFO 5134 --- [ool-3-thread-27] tourGuide.service.RewardsService         : nearAttraction called with Disneyland
2023-01-20T14:46:40.322+01:00  INFO 5134 --- [pool-3-thread-6] tourGuide.service.RewardsService         : nearAttraction called with Hot Springs National Park
2023-01-20T14:46:40.328+01:00  INFO 5134 --- [ool-3-thread-27] tourGuide.service.RewardsService         : getDistance called
2023-01-20T14:46:40.328+01:00  INFO 5134 --- [ool-3-thread-27] tourGuide.service.RewardsService         : nearAttraction called with Mojave National Preserve
2023-01-20T14:46:40.328+01:00  INFO 5134 --- [pool-3-thread-6] tourGuide.service.RewardsService         : getDistance called
2023-01-20T14:46:40.328+01:00  INFO 5134 --- [ool-3-thread-41] tourGuide.service.RewardsService         : nearAttraction called with Joshua Tree National Park
2023-01-20T14:46:40.328+01:00  INFO 5134 --- [ool-3-thread-27] tourGuide.service.RewardsService         : getDistance called
2023-01-20T14:46:40.329+01:00  INFO 5134 --- [ool-3-thread-41] tourGuide.service.RewardsService         : getDistance called
2023-01-20T14:46:40.322+01:00  INFO 5134 --- [pool-3-thread-4] tourGuide.service.RewardsService         : nearAttraction called with Legend Valley
2023-01-20T14:46:40.329+01:00  INFO 5134 --- [ool-3-thread-65] tourGuide.service.RewardsService         : nearAttraction called with Hot Springs National Park
2023-01-20T14:46:40.329+01:00  INFO 5134 --- [pool-3-thread-4] tourGuide.service.RewardsService         : getDistance called
2023-01-20T14:46:40.324+01:00  INFO 5134 --- [pool-3-thread-7] tourGuide.service.RewardsService         : nearAttraction called with Roger Dean Stadium
2023-01-20T14:46:40.329+01:00  INFO 5134 --- [ool-3-thread-50] tourGuide.service.RewardsService         : nearAttraction called with Legend Valley
2023-01-20T14:46:40.329+01:00  INFO 5134 --- [pool-3-thread-4] tourGuide.service.RewardsService         : nearAttraction called with Flowers Bakery of London
2023-01-20T14:46:40.324+01:00  INFO 5134 --- [ool-3-thread-11] tourGuide.service.RewardsService         : nearAttraction called with Bryant-Denny Stadium
2023-01-20T14:46:40.329+01:00  INFO 5134 --- [ool-3-thread-33] tourGuide.service.RewardsService         : nearAttraction called with McKinley Tower
2023-01-20T14:46:40.330+01:00  INFO 5134 --- [ool-3-thread-33] tourGuide.service.RewardsService         : getDistance called
2023-01-20T14:46:40.324+01:00  INFO 5134 --- [ool-3-thread-10] tourGuide.service.RewardsService         : nearAttraction called with Tiger Stadium
2023-01-20T14:46:40.330+01:00  INFO 5134 --- [ool-3-thread-33] tourGuide.service.RewardsService         : nearAttraction called with Fallingwater
2023-01-20T14:46:40.330+01:00  INFO 5134 --- [ool-3-thread-28] tourGuide.service.RewardsService         : nearAttraction called with Union Station
2023-01-20T14:46:40.330+01:00  INFO 5134 --- [ool-3-thread-33] tourGuide.service.RewardsService         : getDistance called
2023-01-20T14:46:40.330+01:00  INFO 5134 --- [ool-3-thread-16] tourGuide.service.RewardsService         : nearAttraction called with Jackson Hole
2023-01-20T14:46:40.324+01:00  INFO 5134 --- [pool-3-thread-5] tourGuide.service.RewardsService         : nearAttraction called with Neyland Stadium
2023-01-20T14:46:40.330+01:00  INFO 5134 --- [pool-3-thread-5] tourGuide.service.RewardsService         : getDistance called
2023-01-20T14:46:40.330+01:00  INFO 5134 --- [ool-3-thread-51] tourGuide.service.RewardsService         : nearAttraction called with Neyland Stadium
2023-01-20T14:46:40.324+01:00  INFO 5134 --- [ool-3-thread-57] tourGuide.service.RewardsService         : getDistance called
2023-01-20T14:46:40.330+01:00  INFO 5134 --- [ool-3-thread-44] tourGuide.service.RewardsService         : nearAttraction called with Kyle Field
2023-01-20T14:46:40.330+01:00  INFO 5134 --- [ool-3-thread-52] tourGuide.service.RewardsService         : nearAttraction called with Joshua Tree National Park
2023-01-20T14:46:40.331+01:00  INFO 5134 --- [ool-3-thread-44] tourGuide.service.RewardsService         : getDistance called
2023-01-20T14:46:40.331+01:00  INFO 5134 --- [ool-3-thread-53] tourGuide.service.RewardsService         : nearAttraction called with El Paso Zoo
2023-01-20T14:46:40.331+01:00  INFO 5134 --- [ool-3-thread-44] tourGuide.service.RewardsService         : nearAttraction called with Kansas City Zoo
2023-01-20T14:46:40.331+01:00  INFO 5134 --- [ool-3-thread-44] tourGuide.service.RewardsService         : getDistance called
2023-01-20T14:46:40.331+01:00  INFO 5134 --- [ool-3-thread-68] tourGuide.service.RewardsService         : nearAttraction called with Disneyland
2023-01-20T14:46:40.331+01:00  INFO 5134 --- [ool-3-thread-44] tourGuide.service.RewardsService         : nearAttraction called with Cinderella Castle
2023-01-20T14:46:40.331+01:00  INFO 5134 --- [ool-3-thread-68] tourGuide.service.RewardsService         : getDistance called
2023-01-20T14:46:40.325+01:00  INFO 5134 --- [ool-3-thread-12] tourGuide.service.RewardsService         : nearAttraction called with San Diego Zoo
2023-01-20T14:46:40.325+01:00  INFO 5134 --- [ool-3-thread-69] tourGuide.service.RewardsService         : nearAttraction called with Kansas City Zoo
2023-01-20T14:46:40.331+01:00  INFO 5134 --- [ool-3-thread-12] tourGuide.service.RewardsService         : getDistance called
2023-01-20T14:46:40.331+01:00  INFO 5134 --- [ool-3-thread-69] tourGuide.service.RewardsService         : getDistance called
2023-01-20T14:46:40.325+01:00  INFO 5134 --- [ool-3-thread-58] tourGuide.service.RewardsService         : nearAttraction called with Disneyland
2023-01-20T14:46:40.332+01:00  INFO 5134 --- [ool-3-thread-54] tourGuide.service.RewardsService         : nearAttraction called with Legend Valley
2023-01-20T14:46:40.325+01:00  INFO 5134 --- [pool-3-thread-1] tourGuide.service.RewardsService         : getDistance called
2023-01-20T14:46:40.325+01:00  INFO 5134 --- [pool-3-thread-3] tourGuide.service.RewardsService         : getDistance called
2023-01-20T14:46:40.332+01:00  INFO 5134 --- [ool-3-thread-39] tourGuide.service.RewardsService         : nearAttraction called with McKinley Tower
2023-01-20T14:46:40.325+01:00  INFO 5134 --- [pool-3-thread-8] tourGuide.service.RewardsService         : getDistance called
2023-01-20T14:46:40.332+01:00  INFO 5134 --- [pool-3-thread-3] tourGuide.service.RewardsService         : nearAttraction called with Union Station
2023-01-20T14:46:40.332+01:00  INFO 5134 --- [pool-3-thread-8] tourGuide.service.RewardsService         : nearAttraction called with Roger Dean Stadium
2023-01-20T14:46:40.325+01:00  INFO 5134 --- [ool-3-thread-17] tourGuide.service.RewardsService         : nearAttraction called with Cinderella Castle
2023-01-20T14:46:40.325+01:00  INFO 5134 --- [ool-3-thread-14] tourGuide.service.RewardsService         : nearAttraction called with Joshua Tree National Park
2023-01-20T14:46:40.325+01:00  INFO 5134 --- [ool-3-thread-59] tourGuide.service.RewardsService         : nearAttraction called with Disneyland
2023-01-20T14:46:40.325+01:00  INFO 5134 --- [ool-3-thread-19] tourGuide.service.RewardsService         : getDistance called
2023-01-20T14:46:40.332+01:00  INFO 5134 --- [ool-3-thread-59] tourGuide.service.RewardsService         : getDistance called
2023-01-20T14:46:40.326+01:00  INFO 5134 --- [pool-3-thread-2] tourGuide.service.RewardsService         : nearAttraction called with Kartchner Caverns State Park
2023-01-20T14:46:40.332+01:00  INFO 5134 --- [ool-3-thread-19] tourGuide.service.RewardsService         : nearAttraction called with Texas Memorial Stadium
2023-01-20T14:46:40.332+01:00  INFO 5134 --- [pool-3-thread-2] tourGuide.service.RewardsService         : getDistance called
2023-01-20T14:46:40.326+01:00  INFO 5134 --- [ool-3-thread-35] tourGuide.service.RewardsService         : getDistance called
2023-01-20T14:46:40.326+01:00  INFO 5134 --- [ool-3-thread-25] tourGuide.service.RewardsService         : nearAttraction called with Flowers Bakery of London
2023-01-20T14:46:40.326+01:00  INFO 5134 --- [ool-3-thread-34] tourGuide.service.RewardsService         : getDistance called
2023-01-20T14:46:40.333+01:00  INFO 5134 --- [ool-3-thread-25] tourGuide.service.RewardsService         : getDistance called
2023-01-20T14:46:40.326+01:00  INFO 5134 --- [ool-3-thread-46] tourGuide.service.RewardsService         : getDistance called
2023-01-20T14:46:40.326+01:00  INFO 5134 --- [ool-3-thread-36] tourGuide.service.RewardsService         : getDistance called
2023-01-20T14:46:40.326+01:00  INFO 5134 --- [ool-3-thread-21] tourGuide.service.RewardsService         : getDistance called
2023-01-20T14:46:40.326+01:00  INFO 5134 --- [ool-3-thread-20] tourGuide.service.RewardsService         : getDistance called
2023-01-20T14:46:40.327+01:00  INFO 5134 --- [ool-3-thread-13] tourGuide.service.RewardsService         : nearAttraction called with Roger Dean Stadium
2023-01-20T14:46:40.327+01:00  INFO 5134 --- [ool-3-thread-61] tourGuide.service.RewardsService         : getDistance called
2023-01-20T14:46:40.333+01:00  INFO 5134 --- [ool-3-thread-13] tourGuide.service.RewardsService         : getDistance called
2023-01-20T14:46:40.327+01:00  INFO 5134 --- [ool-3-thread-70] tourGuide.service.RewardsService         : getDistance called
2023-01-20T14:46:40.327+01:00  INFO 5134 --- [ool-3-thread-31] tourGuide.service.RewardsService         : getDistance called
2023-01-20T14:46:40.327+01:00  INFO 5134 --- [ool-3-thread-40] tourGuide.service.RewardsService         : nearAttraction called with Bryant-Denny Stadium
2023-01-20T14:46:40.327+01:00  INFO 5134 --- [ool-3-thread-30] tourGuide.service.RewardsService         : nearAttraction called with Tiger Stadium
2023-01-20T14:46:40.333+01:00  INFO 5134 --- [ool-3-thread-40] tourGuide.service.RewardsService         : getDistance called
2023-01-20T14:46:40.327+01:00  INFO 5134 --- [pool-3-thread-9] tourGuide.service.RewardsService         : getDistance called
2023-01-20T14:46:40.327+01:00  INFO 5134 --- [ool-3-thread-63] tourGuide.service.RewardsService         : nearAttraction called with Legend Valley
2023-01-20T14:46:40.327+01:00  INFO 5134 --- [ool-3-thread-42] tourGuide.service.RewardsService         : nearAttraction called with Neyland Stadium
2023-01-20T14:46:40.327+01:00  INFO 5134 --- [ool-3-thread-22] tourGuide.service.RewardsService         : getDistance called
2023-01-20T14:46:40.334+01:00  INFO 5134 --- [ool-3-thread-42] tourGuide.service.RewardsService         : getDistance called
2023-01-20T14:46:40.327+01:00  INFO 5134 --- [ool-3-thread-67] tourGuide.service.RewardsService         : getDistance called
2023-01-20T14:46:40.327+01:00  INFO 5134 --- [ool-3-thread-26] tourGuide.service.RewardsService         : nearAttraction called with Franklin Park Zoo
2023-01-20T14:46:40.327+01:00  INFO 5134 --- [ool-3-thread-43] tourGuide.service.RewardsService         : getDistance called
2023-01-20T14:46:40.328+01:00  INFO 5134 --- [ool-3-thread-38] tourGuide.service.RewardsService         : nearAttraction called with Kansas City Zoo
2023-01-20T14:46:40.328+01:00  INFO 5134 --- [ool-3-thread-64] tourGuide.service.RewardsService         : nearAttraction called with Jackson Hole
2023-01-20T14:46:40.328+01:00  INFO 5134 --- [ool-3-thread-23] tourGuide.service.RewardsService         : nearAttraction called with Cinderella Castle
2023-01-20T14:46:40.334+01:00  INFO 5134 --- [ool-3-thread-64] tourGuide.service.RewardsService         : getDistance called
2023-01-20T14:46:40.328+01:00  INFO 5134 --- [ool-3-thread-15] tourGuide.service.RewardsService         : getDistance called
2023-01-20T14:46:40.334+01:00  INFO 5134 --- [ool-3-thread-64] tourGuide.service.RewardsService         : nearAttraction called with Flowers Bakery of London
2023-01-20T14:46:40.328+01:00  INFO 5134 --- [ool-3-thread-24] tourGuide.service.RewardsService         : nearAttraction called with Jackson Hole
2023-01-20T14:46:40.328+01:00  INFO 5134 --- [pool-3-thread-6] tourGuide.service.RewardsService         : nearAttraction called with Buffalo National River
2023-01-20T14:46:40.335+01:00  INFO 5134 --- [ool-3-thread-24] tourGuide.service.RewardsService         : getDistance called
2023-01-20T14:46:40.329+01:00  INFO 5134 --- [ool-3-thread-27] tourGuide.service.RewardsService         : nearAttraction called with Hot Springs National Park
2023-01-20T14:46:40.329+01:00  INFO 5134 --- [ool-3-thread-41] tourGuide.service.RewardsService         : nearAttraction called with Kartchner Caverns State Park
2023-01-20T14:46:40.335+01:00  INFO 5134 --- [ool-3-thread-27] tourGuide.service.RewardsService         : getDistance called
2023-01-20T14:46:40.335+01:00  INFO 5134 --- [ool-3-thread-41] tourGuide.service.RewardsService         : getDistance called
2023-01-20T14:46:40.329+01:00  INFO 5134 --- [ool-3-thread-65] tourGuide.service.RewardsService         : getDistance called
2023-01-20T14:46:40.335+01:00  INFO 5134 --- [ool-3-thread-27] tourGuide.service.RewardsService         : nearAttraction called with Fallingwater
2023-01-20T14:46:40.329+01:00  INFO 5134 --- [ool-3-thread-50] tourGuide.service.RewardsService         : getDistance called
2023-01-20T14:46:40.335+01:00  INFO 5134 --- [ool-3-thread-65] tourGuide.service.RewardsService         : nearAttraction called with Roger Dean Stadium
2023-01-20T14:46:40.329+01:00  INFO 5134 --- [pool-3-thread-7] tourGuide.service.RewardsService         : getDistance called
2023-01-20T14:46:40.335+01:00  INFO 5134 --- [ool-3-thread-65] tourGuide.service.RewardsService         : getDistance called
2023-01-20T14:46:40.329+01:00  INFO 5134 --- [pool-3-thread-4] tourGuide.service.RewardsService         : getDistance called
2023-01-20T14:46:40.330+01:00  INFO 5134 --- [ool-3-thread-11] tourGuide.service.RewardsService         : getDistance called
2023-01-20T14:46:40.330+01:00  INFO 5134 --- [ool-3-thread-37] tourGuide.service.RewardsService         : nearAttraction called with Flatiron Building
2023-01-20T14:46:40.330+01:00  INFO 5134 --- [ool-3-thread-10] tourGuide.service.RewardsService         : getDistance called
2023-01-20T14:46:40.335+01:00  INFO 5134 --- [ool-3-thread-37] tourGuide.service.RewardsService         : getDistance called
2023-01-20T14:46:40.330+01:00  INFO 5134 --- [ool-3-thread-28] tourGuide.service.RewardsService         : getDistance called
2023-01-20T14:46:40.336+01:00  INFO 5134 --- [ool-3-thread-37] tourGuide.service.RewardsService         : nearAttraction called with Zoo Tampa at Lowry Park
2023-01-20T14:46:40.330+01:00  INFO 5134 --- [ool-3-thread-32] tourGuide.service.RewardsService         : nearAttraction called with Roger Dean Stadium
2023-01-20T14:46:40.336+01:00  INFO 5134 --- [ool-3-thread-37] tourGuide.service.RewardsService         : getDistance called
2023-01-20T14:46:40.330+01:00  INFO 5134 --- [ool-3-thread-33] tourGuide.service.RewardsService         : nearAttraction called with Texas Memorial Stadium
2023-01-20T14:46:40.330+01:00  INFO 5134 --- [ool-3-thread-29] tourGuide.service.RewardsService         : nearAttraction called with Bryant-Denny Stadium
2023-01-20T14:46:40.330+01:00  INFO 5134 --- [ool-3-thread-48] tourGuide.service.RewardsService         : nearAttraction called with Tiger Stadium
2023-01-20T14:46:40.336+01:00  INFO 5134 --- [ool-3-thread-29] tourGuide.service.RewardsService         : getDistance called
2023-01-20T14:46:40.330+01:00  INFO 5134 --- [ool-3-thread-16] tourGuide.service.RewardsService         : getDistance called
2023-01-20T14:46:40.336+01:00  INFO 5134 --- [ool-3-thread-29] tourGuide.service.RewardsService         : nearAttraction called with Kansas City Zoo
2023-01-20T14:46:40.330+01:00  INFO 5134 --- [pool-3-thread-5] tourGuide.service.RewardsService         : nearAttraction called with San Diego Zoo
2023-01-20T14:46:40.336+01:00  INFO 5134 --- [ool-3-thread-16] tourGuide.service.RewardsService         : nearAttraction called with Bronx Zoo
2023-01-20T14:46:40.330+01:00  INFO 5134 --- [ool-3-thread-51] tourGuide.service.RewardsService         : getDistance called
2023-01-20T14:46:40.336+01:00  INFO 5134 --- [ool-3-thread-16] tourGuide.service.RewardsService         : getDistance called
2023-01-20T14:46:40.331+01:00  INFO 5134 --- [ool-3-thread-57] tourGuide.service.RewardsService         : nearAttraction called with Franklin Park Zoo
2023-01-20T14:46:40.331+01:00  INFO 5134 --- [ool-3-thread-45] tourGuide.service.RewardsService         : nearAttraction called with Zoo Tampa at Lowry Park
2023-01-20T14:46:40.331+01:00  INFO 5134 --- [ool-3-thread-52] tourGuide.service.RewardsService         : getDistance called
2023-01-20T14:46:40.331+01:00  INFO 5134 --- [ool-3-thread-53] tourGuide.service.RewardsService         : getDistance called
2023-01-20T14:46:40.331+01:00  INFO 5134 --- [ool-3-thread-60] tourGuide.service.RewardsService         : nearAttraction called with Bronx Zoo
2023-01-20T14:46:40.331+01:00  INFO 5134 --- [ool-3-thread-44] tourGuide.service.RewardsService         : getDistance called
2023-01-20T14:46:40.331+01:00  INFO 5134 --- [ool-3-thread-68] tourGuide.service.RewardsService         : nearAttraction called with Mojave National Preserve
2023-01-20T14:46:40.331+01:00  INFO 5134 --- [ool-3-thread-55] tourGuide.service.RewardsService         : nearAttraction called with Jackson Hole
2023-01-20T14:46:40.331+01:00  INFO 5134 --- [ool-3-thread-56] tourGuide.service.RewardsService         : nearAttraction called with Joshua Tree National Park
2023-01-20T14:46:40.331+01:00  INFO 5134 --- [ool-3-thread-12] tourGuide.service.RewardsService         : nearAttraction called with Hot Springs National Park
2023-01-20T14:46:40.337+01:00  INFO 5134 --- [ool-3-thread-56] tourGuide.service.RewardsService         : getDistance called
2023-01-20T14:46:40.331+01:00  INFO 5134 --- [ool-3-thread-62] tourGuide.service.RewardsService         : nearAttraction called with Buffalo National River
2023-01-20T14:46:40.332+01:00  INFO 5134 --- [ool-3-thread-49] tourGuide.service.RewardsService         : nearAttraction called with Kartchner Caverns State Park
2023-01-20T14:46:40.332+01:00  INFO 5134 --- [ool-3-thread-69] tourGuide.service.RewardsService         : nearAttraction called with Legend Valley
2023-01-20T14:46:40.332+01:00  INFO 5134 --- [ool-3-thread-58] tourGuide.service.RewardsService         : getDistance called
2023-01-20T14:46:40.337+01:00  INFO 5134 --- [ool-3-thread-69] tourGuide.service.RewardsService         : getDistance called
2023-01-20T14:46:40.332+01:00  INFO 5134 --- [ool-3-thread-47] tourGuide.service.RewardsService         : nearAttraction called with Flowers Bakery of London
2023-01-20T14:46:40.337+01:00  INFO 5134 --- [ool-3-thread-58] tourGuide.service.RewardsService         : nearAttraction called with Jackson Hole
2023-01-20T14:46:40.337+01:00  INFO 5134 --- [ool-3-thread-69] tourGuide.service.RewardsService         : nearAttraction called with Mojave National Preserve
2023-01-20T14:46:40.332+01:00  INFO 5134 --- [ool-3-thread-54] tourGuide.service.RewardsService         : getDistance called
2023-01-20T14:46:40.338+01:00  INFO 5134 --- [ool-3-thread-69] tourGuide.service.RewardsService         : getDistance called
2023-01-20T14:46:40.332+01:00  INFO 5134 --- [ool-3-thread-18] tourGuide.service.RewardsService         : nearAttraction called with Mojave National Preserve
2023-01-20T14:46:40.338+01:00  INFO 5134 --- [ool-3-thread-69] tourGuide.service.RewardsService         : nearAttraction called with Buffalo National River
2023-01-20T14:46:40.332+01:00  INFO 5134 --- [ool-3-thread-66] tourGuide.service.RewardsService         : nearAttraction called with Flatiron Building
2023-01-20T14:46:40.332+01:00  INFO 5134 --- [pool-3-thread-1] tourGuide.service.RewardsService         : nearAttraction called with Fallingwater
2023-01-20T14:46:40.338+01:00  INFO 5134 --- [ool-3-thread-66] tourGuide.service.RewardsService         : getDistance called
2023-01-20T14:46:40.332+01:00  INFO 5134 --- [ool-3-thread-39] tourGuide.service.RewardsService         : getDistance called
2023-01-20T14:46:40.338+01:00  INFO 5134 --- [pool-3-thread-1] tourGuide.service.RewardsService         : getDistance called
2023-01-20T14:46:40.338+01:00  INFO 5134 --- [ool-3-thread-39] tourGuide.service.RewardsService         : nearAttraction called with Kartchner Caverns State Park
2023-01-20T14:46:40.338+01:00  INFO 5134 --- [pool-3-thread-1] tourGuide.service.RewardsService         : nearAttraction called with Legend Valley
2023-01-20T14:46:40.332+01:00  INFO 5134 --- [pool-3-thread-3] tourGuide.service.RewardsService         : getDistance called
2023-01-20T14:46:40.332+01:00  INFO 5134 --- [pool-3-thread-8] tourGuide.service.RewardsService         : getDistance called
2023-01-20T14:46:40.332+01:00  INFO 5134 --- [ool-3-thread-17] tourGuide.service.RewardsService         : getDistance called
2023-01-20T14:46:40.332+01:00  INFO 5134 --- [ool-3-thread-14] tourGuide.service.RewardsService         : getDistance called
2023-01-20T14:46:40.332+01:00  INFO 5134 --- [ool-3-thread-59] tourGuide.service.RewardsService         : nearAttraction called with Bryant-Denny Stadium
2023-01-20T14:46:40.333+01:00  INFO 5134 --- [ool-3-thread-19] tourGuide.service.RewardsService         : getDistance called
2023-01-20T14:46:40.339+01:00  INFO 5134 --- [ool-3-thread-59] tourGuide.service.RewardsService         : getDistance called
2023-01-20T14:46:40.333+01:00  INFO 5134 --- [pool-3-thread-2] tourGuide.service.RewardsService         : nearAttraction called with Tiger Stadium
2023-01-20T14:46:40.333+01:00  INFO 5134 --- [ool-3-thread-35] tourGuide.service.RewardsService         : nearAttraction called with Neyland Stadium
2023-01-20T14:46:40.339+01:00  INFO 5134 --- [pool-3-thread-2] tourGuide.service.RewardsService         : getDistance called
2023-01-20T14:46:40.333+01:00  INFO 5134 --- [ool-3-thread-34] tourGuide.service.RewardsService         : nearAttraction called with Kyle Field
2023-01-20T14:46:40.333+01:00  INFO 5134 --- [ool-3-thread-25] tourGuide.service.RewardsService         : nearAttraction called with San Diego Zoo
2023-01-20T14:46:40.333+01:00  INFO 5134 --- [ool-3-thread-46] tourGuide.service.RewardsService         : nearAttraction called with Zoo Tampa at Lowry Park
2023-01-20T14:46:40.339+01:00  INFO 5134 --- [ool-3-thread-25] tourGuide.service.RewardsService         : getDistance called
2023-01-20T14:46:40.333+01:00  INFO 5134 --- [ool-3-thread-36] tourGuide.service.RewardsService         : nearAttraction called with Franklin Park Zoo
2023-01-20T14:46:40.333+01:00  INFO 5134 --- [ool-3-thread-21] tourGuide.service.RewardsService         : nearAttraction called with El Paso Zoo
2023-01-20T14:46:40.333+01:00  INFO 5134 --- [ool-3-thread-20] tourGuide.service.RewardsService         : nearAttraction called with Kansas City Zoo
2023-01-20T14:46:40.333+01:00  INFO 5134 --- [ool-3-thread-61] tourGuide.service.RewardsService         : nearAttraction called with Bronx Zoo
2023-01-20T14:46:40.333+01:00  INFO 5134 --- [ool-3-thread-13] tourGuide.service.RewardsService         : nearAttraction called with Cinderella Castle
2023-01-20T14:46:40.333+01:00  INFO 5134 --- [ool-3-thread-70] tourGuide.service.RewardsService         : nearAttraction called with Disneyland
2023-01-20T14:46:40.333+01:00  INFO 5134 --- [ool-3-thread-31] tourGuide.service.RewardsService         : nearAttraction called with Jackson Hole
2023-01-20T14:46:40.340+01:00  INFO 5134 --- [ool-3-thread-70] tourGuide.service.RewardsService         : getDistance called
2023-01-20T14:46:40.334+01:00  INFO 5134 --- [ool-3-thread-30] tourGuide.service.RewardsService         : getDistance called
2023-01-20T14:46:40.334+01:00  INFO 5134 --- [ool-3-thread-40] tourGuide.service.RewardsService         : nearAttraction called with Mojave National Preserve
2023-01-20T14:46:40.334+01:00  INFO 5134 --- [pool-3-thread-9] tourGuide.service.RewardsService         : nearAttraction called with Joshua Tree National Park
2023-01-20T14:46:40.334+01:00  INFO 5134 --- [ool-3-thread-63] tourGuide.service.RewardsService         : getDistance called
2023-01-20T14:46:40.340+01:00  INFO 5134 --- [pool-3-thread-9] tourGuide.service.RewardsService         : getDistance called
2023-01-20T14:46:40.334+01:00  INFO 5134 --- [ool-4-thread-47] tourGuide.service.RewardsService         : Rewards of internalUser5 calculated by calculateRewards
2023-01-20T14:46:40.334+01:00  INFO 5134 --- [ool-3-thread-22] tourGuide.service.RewardsService         : nearAttraction called with Buffalo National River
2023-01-20T14:46:40.334+01:00  INFO 5134 --- [ool-3-thread-42] tourGuide.service.RewardsService         : nearAttraction called with Hot Springs National Park
2023-01-20T14:46:40.334+01:00  INFO 5134 --- [ool-3-thread-67] tourGuide.service.RewardsService         : nearAttraction called with Kartchner Caverns State Park
2023-01-20T14:46:40.341+01:00  INFO 5134 --- [ool-3-thread-42] tourGuide.service.RewardsService         : getDistance called
2023-01-20T14:46:40.334+01:00  INFO 5134 --- [ool-3-thread-26] tourGuide.service.RewardsService         : getDistance called
2023-01-20T14:46:40.334+01:00  INFO 5134 --- [ool-3-thread-43] tourGuide.service.RewardsService         : nearAttraction called with Legend Valley
2023-01-20T14:46:40.334+01:00  INFO 5134 --- [ool-3-thread-38] tourGuide.service.RewardsService         : getDistance called
2023-01-20T14:46:40.341+01:00  INFO 5134 --- [ool-3-thread-43] tourGuide.service.RewardsService         : getDistance called
2023-01-20T14:46:40.334+01:00  INFO 5134 --- [ool-3-thread-23] tourGuide.service.RewardsService         : getDistance called
2023-01-20T14:46:40.335+01:00  INFO 5134 --- [ool-3-thread-64] tourGuide.service.RewardsService         : getDistance called
2023-01-20T14:46:40.335+01:00  INFO 5134 --- [ool-3-thread-15] tourGuide.service.RewardsService         : nearAttraction called with McKinley Tower
2023-01-20T14:46:40.341+01:00  INFO 5134 --- [ool-4-thread-15] tourGuide.service.RewardsService         : Rewards of internalUser84 calculated by calculateRewards
2023-01-20T14:46:40.335+01:00  INFO 5134 --- [pool-3-thread-6] tourGuide.service.RewardsService         : getDistance called
2023-01-20T14:46:40.335+01:00  INFO 5134 --- [ool-3-thread-24] tourGuide.service.RewardsService         : nearAttraction called with Flatiron Building
2023-01-20T14:46:40.335+01:00  INFO 5134 --- [ool-3-thread-41] tourGuide.service.RewardsService         : nearAttraction called with Union Station
2023-01-20T14:46:40.341+01:00  INFO 5134 --- [ool-3-thread-24] tourGuide.service.RewardsService         : getDistance called
2023-01-20T14:46:40.335+01:00  INFO 5134 --- [ool-3-thread-27] tourGuide.service.RewardsService         : getDistance called
2023-01-20T14:46:40.335+01:00  INFO 5134 --- [ool-3-thread-50] tourGuide.service.RewardsService         : nearAttraction called with Texas Memorial Stadium
2023-01-20T14:46:40.335+01:00  INFO 5134 --- [pool-3-thread-7] tourGuide.service.RewardsService         : nearAttraction called with Bryant-Denny Stadium
2023-01-20T14:46:40.342+01:00  INFO 5134 --- [ool-3-thread-50] tourGuide.service.RewardsService         : getDistance called
2023-01-20T14:46:40.335+01:00  INFO 5134 --- [ool-3-thread-65] tourGuide.service.RewardsService         : nearAttraction called with Tiger Stadium
2023-01-20T14:46:40.335+01:00  INFO 5134 --- [pool-3-thread-4] tourGuide.service.RewardsService         : nearAttraction called with Neyland Stadium
2023-01-20T14:46:40.342+01:00  INFO 5134 --- [ool-3-thread-65] tourGuide.service.RewardsService         : getDistance called
2023-01-20T14:46:40.342+01:00  INFO 5134 --- [pool-3-thread-4] tourGuide.service.RewardsService         : getDistance called
2023-01-20T14:46:40.335+01:00  INFO 5134 --- [ool-3-thread-11] tourGuide.service.RewardsService         : nearAttraction called with Kyle Field
2023-01-20T14:46:40.335+01:00  INFO 5134 --- [ool-3-thread-10] tourGuide.service.RewardsService         : nearAttraction called with San Diego Zoo
2023-01-20T14:46:40.342+01:00  INFO 5134 --- [ool-3-thread-11] tourGuide.service.RewardsService         : getDistance called
2023-01-20T14:46:40.336+01:00  INFO 5134 --- [ool-3-thread-28] tourGuide.service.RewardsService         : nearAttraction called with Franklin Park Zoo
2023-01-20T14:46:40.336+01:00  INFO 5134 --- [ool-3-thread-32] tourGuide.service.RewardsService         : getDistance called
2023-01-20T14:46:40.342+01:00  INFO 5134 --- [ool-3-thread-28] tourGuide.service.RewardsService         : getDistance called
2023-01-20T14:46:40.336+01:00  INFO 5134 --- [ool-3-thread-37] tourGuide.service.RewardsService         : nearAttraction called with El Paso Zoo
2023-01-20T14:46:40.336+01:00  INFO 5134 --- [ool-3-thread-33] tourGuide.service.RewardsService         : getDistance called
2023-01-20T14:46:40.343+01:00  INFO 5134 --- [ool-3-thread-37] tourGuide.service.RewardsService         : getDistance called
2023-01-20T14:46:40.336+01:00  INFO 5134 --- [ool-3-thread-48] tourGuide.service.RewardsService         : getDistance called
2023-01-20T14:46:40.336+01:00  INFO 5134 --- [ool-3-thread-29] tourGuide.service.RewardsService         : getDistance called
2023-01-20T14:46:40.343+01:00  INFO 5134 --- [ool-3-thread-48] tourGuide.service.RewardsService         : nearAttraction called with Fallingwater
2023-01-20T14:46:40.336+01:00  INFO 5134 --- [pool-3-thread-5] tourGuide.service.RewardsService         : getDistance called
2023-01-20T14:46:40.343+01:00  INFO 5134 --- [ool-3-thread-48] tourGuide.service.RewardsService         : getDistance called
2023-01-20T14:46:40.336+01:00  INFO 5134 --- [ool-3-thread-51] tourGuide.service.RewardsService         : nearAttraction called with Cinderella Castle
2023-01-20T14:46:40.336+01:00  INFO 5134 --- [ool-3-thread-57] tourGuide.service.RewardsService         : getDistance called
2023-01-20T14:46:40.343+01:00  INFO 5134 --- [ool-3-thread-51] tourGuide.service.RewardsService         : getDistance called
2023-01-20T14:46:40.337+01:00  INFO 5134 --- [ool-3-thread-53] tourGuide.service.RewardsService         : nearAttraction called with Mojave National Preserve
2023-01-20T14:46:40.337+01:00  INFO 5134 --- [ool-3-thread-45] tourGuide.service.RewardsService         : getDistance called
2023-01-20T14:46:40.337+01:00  INFO 5134 --- [ool-3-thread-60] tourGuide.service.RewardsService         : getDistance called
2023-01-20T14:46:40.336+01:00  INFO 5134 --- [ool-3-thread-16] tourGuide.service.RewardsService         : nearAttraction called with Disneyland
2023-01-20T14:46:40.337+01:00  INFO 5134 --- [ool-3-thread-44] tourGuide.service.RewardsService         : nearAttraction called with Joshua Tree National Park
2023-01-20T14:46:40.337+01:00  INFO 5134 --- [ool-3-thread-52] tourGuide.service.RewardsService         : nearAttraction called with Jackson Hole
2023-01-20T14:46:40.337+01:00  INFO 5134 --- [ool-3-thread-68] tourGuide.service.RewardsService         : getDistance called
2023-01-20T14:46:40.337+01:00  INFO 5134 --- [ool-3-thread-55] tourGuide.service.RewardsService         : getDistance called
2023-01-20T14:46:40.337+01:00  INFO 5134 --- [ool-3-thread-12] tourGuide.service.RewardsService         : getDistance called
2023-01-20T14:46:40.355+01:00  INFO 5134 --- [ool-3-thread-68] tourGuide.service.RewardsService         : nearAttraction called with San Diego Zoo
2023-01-20T14:46:40.337+01:00  INFO 5134 --- [ool-3-thread-56] tourGuide.service.RewardsService         : nearAttraction called with Disneyland
2023-01-20T14:46:40.355+01:00  INFO 5134 --- [ool-3-thread-68] tourGuide.service.RewardsService         : getDistance called
2023-01-20T14:46:40.337+01:00  INFO 5134 --- [ool-3-thread-49] tourGuide.service.RewardsService         : getDistance called
2023-01-20T14:46:40.337+01:00  INFO 5134 --- [ool-3-thread-62] tourGuide.service.RewardsService         : getDistance called
2023-01-20T14:46:40.355+01:00  INFO 5134 --- [ool-3-thread-49] tourGuide.service.RewardsService         : nearAttraction called with Kansas City Zoo
2023-01-20T14:46:40.337+01:00  INFO 5134 --- [ool-3-thread-47] tourGuide.service.RewardsService         : getDistance called
2023-01-20T14:46:40.355+01:00  INFO 5134 --- [ool-3-thread-49] tourGuide.service.RewardsService         : getDistance called
2023-01-20T14:46:40.338+01:00  INFO 5134 --- [ool-3-thread-58] tourGuide.service.RewardsService         : getDistance called
2023-01-20T14:46:40.338+01:00  INFO 5134 --- [ool-3-thread-54] tourGuide.service.RewardsService         : nearAttraction called with Joshua Tree National Park
2023-01-20T14:46:40.338+01:00  INFO 5134 --- [ool-3-thread-18] tourGuide.service.RewardsService         : getDistance called
2023-01-20T14:46:40.355+01:00  INFO 5134 --- [ool-3-thread-54] tourGuide.service.RewardsService         : getDistance called
2023-01-20T14:46:40.338+01:00  INFO 5134 --- [ool-3-thread-69] tourGuide.service.RewardsService         : getDistance called
2023-01-20T14:46:40.356+01:00  INFO 5134 --- [ool-3-thread-18] tourGuide.service.RewardsService         : nearAttraction called with Mojave National Preserve
2023-01-20T14:46:40.338+01:00  INFO 5134 --- [ool-3-thread-66] tourGuide.service.RewardsService         : nearAttraction called with Hot Springs National Park
2023-01-20T14:46:40.338+01:00  INFO 5134 --- [ool-3-thread-39] tourGuide.service.RewardsService         : getDistance called
2023-01-20T14:46:40.338+01:00  INFO 5134 --- [pool-3-thread-1] tourGuide.service.RewardsService         : getDistance called
2023-01-20T14:46:40.338+01:00  INFO 5134 --- [pool-3-thread-3] tourGuide.service.RewardsService         : nearAttraction called with Flowers Bakery of London
2023-01-20T14:46:40.339+01:00  INFO 5134 --- [pool-3-thread-8] tourGuide.service.RewardsService         : nearAttraction called with McKinley Tower
2023-01-20T14:46:40.356+01:00  INFO 5134 --- [pool-3-thread-3] tourGuide.service.RewardsService         : getDistance called
2023-01-20T14:46:40.339+01:00  INFO 5134 --- [ool-3-thread-17] tourGuide.service.RewardsService         : nearAttraction called with Flatiron Building
2023-01-20T14:46:40.339+01:00  INFO 5134 --- [ool-4-thread-53] tourGuide.service.RewardsService         : Rewards of internalUser29 calculated by calculateRewards
2023-01-20T14:46:40.339+01:00  INFO 5134 --- [ool-3-thread-14] tourGuide.service.RewardsService         : nearAttraction called with Fallingwater
2023-01-20T14:46:40.339+01:00  INFO 5134 --- [ool-3-thread-19] tourGuide.service.RewardsService         : nearAttraction called with Union Station
2023-01-20T14:46:40.356+01:00  INFO 5134 --- [ool-3-thread-14] tourGuide.service.RewardsService         : getDistance called
2023-01-20T14:46:40.339+01:00  INFO 5134 --- [ool-3-thread-59] tourGuide.service.RewardsService         : nearAttraction called with Roger Dean Stadium
2023-01-20T14:46:40.339+01:00  INFO 5134 --- [ool-3-thread-35] tourGuide.service.RewardsService         : getDistance called
2023-01-20T14:46:40.339+01:00  INFO 5134 --- [pool-3-thread-2] tourGuide.service.RewardsService         : nearAttraction called with Texas Memorial Stadium
2023-01-20T14:46:40.339+01:00  INFO 5134 --- [ool-3-thread-34] tourGuide.service.RewardsService         : getDistance called
2023-01-20T14:46:40.339+01:00  INFO 5134 --- [ool-3-thread-46] tourGuide.service.RewardsService         : getDistance called
2023-01-20T14:46:40.339+01:00  INFO 5134 --- [ool-3-thread-25] tourGuide.service.RewardsService         : nearAttraction called with Bryant-Denny Stadium
2023-01-20T14:46:40.339+01:00  INFO 5134 --- [ool-3-thread-36] tourGuide.service.RewardsService         : getDistance called
2023-01-20T14:46:40.339+01:00  INFO 5134 --- [ool-3-thread-21] tourGuide.service.RewardsService         : getDistance called
2023-01-20T14:46:40.340+01:00  INFO 5134 --- [ool-3-thread-20] tourGuide.service.RewardsService         : getDistance called
2023-01-20T14:46:40.340+01:00  INFO 5134 --- [ool-3-thread-61] tourGuide.service.RewardsService         : getDistance called
2023-01-20T14:46:40.340+01:00  INFO 5134 --- [ool-3-thread-13] tourGuide.service.RewardsService         : getDistance called
2023-01-20T14:46:40.340+01:00  INFO 5134 --- [ool-3-thread-31] tourGuide.service.RewardsService         : getDistance called
2023-01-20T14:46:40.340+01:00  INFO 5134 --- [ool-3-thread-70] tourGuide.service.RewardsService         : nearAttraction called with Tiger Stadium
2023-01-20T14:46:40.357+01:00  INFO 5134 --- [pool-4-thread-1] tourGuide.service.RewardsService         : Rewards of internalUser78 calculated by calculateRewards
2023-01-20T14:46:40.340+01:00  INFO 5134 --- [ool-3-thread-30] tourGuide.service.RewardsService         : nearAttraction called with Neyland Stadium
2023-01-20T14:46:40.340+01:00  INFO 5134 --- [ool-3-thread-40] tourGuide.service.RewardsService         : getDistance called
2023-01-20T14:46:40.340+01:00  INFO 5134 --- [ool-3-thread-63] tourGuide.service.RewardsService         : nearAttraction called with Kyle Field
2023-01-20T14:46:40.358+01:00  INFO 5134 --- [ool-3-thread-40] tourGuide.service.RewardsService         : nearAttraction called with Kyle Field
2023-01-20T14:46:40.340+01:00  INFO 5134 --- [pool-3-thread-9] tourGuide.service.RewardsService         : nearAttraction called with San Diego Zoo
2023-01-20T14:46:40.358+01:00  INFO 5134 --- [ool-3-thread-40] tourGuide.service.RewardsService         : getDistance called
2023-01-20T14:46:40.341+01:00  INFO 5134 --- [ool-3-thread-22] tourGuide.service.RewardsService         : getDistance called
2023-01-20T14:46:40.341+01:00  INFO 5134 --- [ool-3-thread-67] tourGuide.service.RewardsService         : getDistance called
2023-01-20T14:46:40.341+01:00  INFO 5134 --- [ool-3-thread-42] tourGuide.service.RewardsService         : nearAttraction called with Zoo Tampa at Lowry Park
2023-01-20T14:46:40.358+01:00  INFO 5134 --- [ool-3-thread-67] tourGuide.service.RewardsService         : nearAttraction called with Franklin Park Zoo
2023-01-20T14:46:40.341+01:00  INFO 5134 --- [ool-3-thread-26] tourGuide.service.RewardsService         : nearAttraction called with Franklin Park Zoo
2023-01-20T14:46:40.341+01:00  INFO 5134 --- [ool-3-thread-38] tourGuide.service.RewardsService         : nearAttraction called with El Paso Zoo
2023-01-20T14:46:40.341+01:00  INFO 5134 --- [ool-3-thread-43] tourGuide.service.RewardsService         : nearAttraction called with Kansas City Zoo
2023-01-20T14:46:40.358+01:00  INFO 5134 --- [ool-3-thread-38] tourGuide.service.RewardsService         : getDistance called
2023-01-20T14:46:40.341+01:00  INFO 5134 --- [ool-3-thread-23] tourGuide.service.RewardsService         : nearAttraction called with Bronx Zoo
2023-01-20T14:46:40.341+01:00  INFO 5134 --- [ool-3-thread-64] tourGuide.service.RewardsService         : nearAttraction called with Cinderella Castle
2023-01-20T14:46:40.358+01:00  INFO 5134 --- [ool-3-thread-23] tourGuide.service.RewardsService         : getDistance called
2023-01-20T14:46:40.341+01:00  INFO 5134 --- [ool-3-thread-15] tourGuide.service.RewardsService         : getDistance called
2023-01-20T14:46:40.341+01:00  INFO 5134 --- [pool-3-thread-6] tourGuide.service.RewardsService         : nearAttraction called with Disneyland
2023-01-20T14:46:40.342+01:00  INFO 5134 --- [ool-3-thread-41] tourGuide.service.RewardsService         : getDistance called
2023-01-20T14:46:40.359+01:00  INFO 5134 --- [pool-3-thread-6] tourGuide.service.RewardsService         : getDistance called
2023-01-20T14:46:40.342+01:00  INFO 5134 --- [ool-3-thread-24] tourGuide.service.RewardsService         : nearAttraction called with Jackson Hole
2023-01-20T14:46:40.342+01:00  INFO 5134 --- [ool-3-thread-27] tourGuide.service.RewardsService         : nearAttraction called with Mojave National Preserve
2023-01-20T14:46:40.342+01:00  INFO 5134 --- [pool-3-thread-7] tourGuide.service.RewardsService         : getDistance called
2023-01-20T14:46:40.359+01:00  INFO 5134 --- [ool-3-thread-27] tourGuide.service.RewardsService         : getDistance called
2023-01-20T14:46:40.342+01:00  INFO 5134 --- [ool-3-thread-50] tourGuide.service.RewardsService         : nearAttraction called with Joshua Tree National Park
2023-01-20T14:46:40.359+01:00  INFO 5134 --- [ool-3-thread-27] tourGuide.service.RewardsService         : nearAttraction called with Kartchner Caverns State Park
2023-01-20T14:46:40.359+01:00  INFO 5134 --- [ool-3-thread-50] tourGuide.service.RewardsService         : getDistance called
2023-01-20T14:46:40.359+01:00  INFO 5134 --- [ool-3-thread-27] tourGuide.service.RewardsService         : getDistance called
2023-01-20T14:46:40.342+01:00  INFO 5134 --- [ool-3-thread-65] tourGuide.service.RewardsService         : nearAttraction called with Buffalo National River
2023-01-20T14:46:40.359+01:00  INFO 5134 --- [ool-3-thread-27] tourGuide.service.RewardsService         : nearAttraction called with Flowers Bakery of London
2023-01-20T14:46:40.342+01:00  INFO 5134 --- [pool-3-thread-4] tourGuide.service.RewardsService         : nearAttraction called with Hot Springs National Park
2023-01-20T14:46:40.342+01:00  INFO 5134 --- [ool-3-thread-10] tourGuide.service.RewardsService         : getDistance called
2023-01-20T14:46:40.342+01:00  INFO 5134 --- [ool-3-thread-11] tourGuide.service.RewardsService         : nearAttraction called with Kartchner Caverns State Park
2023-01-20T14:46:40.360+01:00  INFO 5134 --- [ool-3-thread-27] tourGuide.service.RewardsService         : getDistance called
2023-01-20T14:46:40.360+01:00  INFO 5134 --- [ool-4-thread-18] tourGuide.service.RewardsService         : Rewards of internalUser81 calculated by calculateRewards
2023-01-20T14:46:40.343+01:00  INFO 5134 --- [ool-3-thread-32] tourGuide.service.RewardsService         : nearAttraction called with Legend Valley
2023-01-20T14:46:40.343+01:00  INFO 5134 --- [ool-3-thread-28] tourGuide.service.RewardsService         : nearAttraction called with Flowers Bakery of London
2023-01-20T14:46:40.343+01:00  INFO 5134 --- [ool-3-thread-33] tourGuide.service.RewardsService         : nearAttraction called with McKinley Tower
2023-01-20T14:46:40.360+01:00  INFO 5134 --- [ool-3-thread-28] tourGuide.service.RewardsService         : getDistance called
2023-01-20T14:46:40.343+01:00  INFO 5134 --- [ool-3-thread-37] tourGuide.service.RewardsService         : nearAttraction called with Flatiron Building
2023-01-20T14:46:40.360+01:00  INFO 5134 --- [ool-3-thread-28] tourGuide.service.RewardsService         : nearAttraction called with Fallingwater
2023-01-20T14:46:40.360+01:00  INFO 5134 --- [ool-3-thread-37] tourGuide.service.RewardsService         : getDistance called
2023-01-20T14:46:40.360+01:00  INFO 5134 --- [ool-3-thread-28] tourGuide.service.RewardsService         : getDistance called
2023-01-20T14:46:40.343+01:00  INFO 5134 --- [ool-3-thread-29] tourGuide.service.RewardsService         : nearAttraction called with Union Station
2023-01-20T14:46:40.343+01:00  INFO 5134 --- [pool-3-thread-5] tourGuide.service.RewardsService         : nearAttraction called with Roger Dean Stadium
2023-01-20T14:46:40.343+01:00  INFO 5134 --- [ool-3-thread-48] tourGuide.service.RewardsService         : nearAttraction called with Texas Memorial Stadium
2023-01-20T14:46:40.361+01:00  INFO 5134 --- [pool-3-thread-5] tourGuide.service.RewardsService         : getDistance called
2023-01-20T14:46:40.361+01:00  INFO 5134 --- [ool-3-thread-48] tourGuide.service.RewardsService         : getDistance called
2023-01-20T14:46:40.343+01:00  INFO 5134 --- [ool-3-thread-57] tourGuide.service.RewardsService         : nearAttraction called with Bryant-Denny Stadium
2023-01-20T14:46:40.361+01:00  INFO 5134 --- [ool-3-thread-48] tourGuide.service.RewardsService         : nearAttraction called with Bryant-Denny Stadium
2023-01-20T14:46:40.361+01:00  INFO 5134 --- [ool-3-thread-57] tourGuide.service.RewardsService         : getDistance called
2023-01-20T14:46:40.361+01:00  INFO 5134 --- [ool-3-thread-48] tourGuide.service.RewardsService         : getDistance called
2023-01-20T14:46:40.346+01:00  INFO 5134 --- [ool-3-thread-53] tourGuide.service.RewardsService         : getDistance called
2023-01-20T14:46:40.361+01:00  INFO 5134 --- [ool-3-thread-57] tourGuide.service.RewardsService         : nearAttraction called with Tiger Stadium
2023-01-20T14:46:40.346+01:00  INFO 5134 --- [ool-3-thread-51] tourGuide.service.RewardsService         : nearAttraction called with Tiger Stadium
2023-01-20T14:46:40.346+01:00  INFO 5134 --- [ool-3-thread-45] tourGuide.service.RewardsService         : nearAttraction called with Neyland Stadium
2023-01-20T14:46:40.346+01:00  INFO 5134 --- [ool-3-thread-60] tourGuide.service.RewardsService         : nearAttraction called with Kyle Field
2023-01-20T14:46:40.346+01:00  INFO 5134 --- [ool-3-thread-16] tourGuide.service.RewardsService         : getDistance called
2023-01-20T14:46:40.354+01:00  INFO 5134 --- [ool-4-thread-16] tourGuide.service.RewardsService         : Rewards of internalUser87 calculated by calculateRewards
2023-01-20T14:46:40.355+01:00  INFO 5134 --- [ool-3-thread-44] tourGuide.service.RewardsService         : getDistance called
2023-01-20T14:46:40.355+01:00  INFO 5134 --- [ool-3-thread-52] tourGuide.service.RewardsService         : getDistance called
2023-01-20T14:46:40.355+01:00  INFO 5134 --- [ool-3-thread-55] tourGuide.service.RewardsService         : nearAttraction called with Zoo Tampa at Lowry Park
2023-01-20T14:46:40.362+01:00  INFO 5134 --- [ool-3-thread-44] tourGuide.service.RewardsService         : nearAttraction called with Zoo Tampa at Lowry Park
2023-01-20T14:46:40.362+01:00  INFO 5134 --- [ool-3-thread-55] tourGuide.service.RewardsService         : getDistance called
2023-01-20T14:46:40.362+01:00  INFO 5134 --- [ool-3-thread-44] tourGuide.service.RewardsService         : getDistance called
2023-01-20T14:46:40.355+01:00  INFO 5134 --- [ool-3-thread-12] tourGuide.service.RewardsService         : nearAttraction called with Franklin Park Zoo
2023-01-20T14:46:40.355+01:00  INFO 5134 --- [ool-3-thread-56] tourGuide.service.RewardsService         : getDistance called
2023-01-20T14:46:40.355+01:00  INFO 5134 --- [ool-3-thread-68] tourGuide.service.RewardsService         : nearAttraction called with El Paso Zoo
2023-01-20T14:46:40.355+01:00  INFO 5134 --- [ool-3-thread-62] tourGuide.service.RewardsService         : nearAttraction called with Bronx Zoo
2023-01-20T14:46:40.362+01:00  INFO 5134 --- [ool-3-thread-68] tourGuide.service.RewardsService         : getDistance called
2023-01-20T14:46:40.355+01:00  INFO 5134 --- [ool-3-thread-47] tourGuide.service.RewardsService         : nearAttraction called with Cinderella Castle
2023-01-20T14:46:40.355+01:00  INFO 5134 --- [ool-3-thread-49] tourGuide.service.RewardsService         : nearAttraction called with Disneyland
2023-01-20T14:46:40.355+01:00  INFO 5134 --- [ool-3-thread-58] tourGuide.service.RewardsService         : nearAttraction called with Jackson Hole
2023-01-20T14:46:40.356+01:00  INFO 5134 --- [ool-3-thread-54] tourGuide.service.RewardsService         : nearAttraction called with Joshua Tree National Park
2023-01-20T14:46:40.356+01:00  INFO 5134 --- [ool-3-thread-69] tourGuide.service.RewardsService         : nearAttraction called with Buffalo National River
2023-01-20T14:46:40.363+01:00  INFO 5134 --- [ool-3-thread-54] tourGuide.service.RewardsService         : getDistance called
2023-01-20T14:46:40.363+01:00  INFO 5134 --- [ool-3-thread-69] tourGuide.service.RewardsService         : getDistance called
2023-01-20T14:46:40.356+01:00  INFO 5134 --- [ool-3-thread-18] tourGuide.service.RewardsService         : getDistance called
2023-01-20T14:46:40.356+01:00  INFO 5134 --- [ool-3-thread-66] tourGuide.service.RewardsService         : getDistance called
2023-01-20T14:46:40.356+01:00  INFO 5134 --- [ool-3-thread-39] tourGuide.service.RewardsService         : nearAttraction called with Hot Springs National Park
2023-01-20T14:46:40.356+01:00  INFO 5134 --- [pool-3-thread-1] tourGuide.service.RewardsService         : nearAttraction called with Kartchner Caverns State Park
2023-01-20T14:46:40.363+01:00  INFO 5134 --- [ool-3-thread-39] tourGuide.service.RewardsService         : getDistance called
2023-01-20T14:46:40.356+01:00  INFO 5134 --- [pool-3-thread-8] tourGuide.service.RewardsService         : getDistance called
2023-01-20T14:46:40.356+01:00  INFO 5134 --- [pool-3-thread-3] tourGuide.service.RewardsService         : nearAttraction called with Legend Valley
2023-01-20T14:46:40.356+01:00  INFO 5134 --- [ool-3-thread-17] tourGuide.service.RewardsService         : getDistance called
2023-01-20T14:46:40.363+01:00  INFO 5134 --- [pool-3-thread-3] tourGuide.service.RewardsService         : getDistance called
2023-01-20T14:46:40.356+01:00  INFO 5134 --- [ool-3-thread-19] tourGuide.service.RewardsService         : getDistance called
2023-01-20T14:46:40.356+01:00  INFO 5134 --- [ool-3-thread-14] tourGuide.service.RewardsService         : nearAttraction called with Flowers Bakery of London
2023-01-20T14:46:40.357+01:00  INFO 5134 --- [ool-3-thread-59] tourGuide.service.RewardsService         : getDistance called
2023-01-20T14:46:40.357+01:00  INFO 5134 --- [ool-3-thread-35] tourGuide.service.RewardsService         : nearAttraction called with McKinley Tower
2023-01-20T14:46:40.357+01:00  INFO 5134 --- [pool-3-thread-2] tourGuide.service.RewardsService         : getDistance called
2023-01-20T14:46:40.364+01:00  INFO 5134 --- [ool-3-thread-35] tourGuide.service.RewardsService         : getDistance called
2023-01-20T14:46:40.357+01:00  INFO 5134 --- [ool-3-thread-34] tourGuide.service.RewardsService         : nearAttraction called with Flatiron Building
2023-01-20T14:46:40.357+01:00  INFO 5134 --- [ool-3-thread-46] tourGuide.service.RewardsService         : nearAttraction called with Fallingwater
2023-01-20T14:46:40.364+01:00  INFO 5134 --- [ool-3-thread-34] tourGuide.service.RewardsService         : getDistance called
2023-01-20T14:46:40.357+01:00  INFO 5134 --- [ool-3-thread-25] tourGuide.service.RewardsService         : getDistance called
2023-01-20T14:46:40.357+01:00  INFO 5134 --- [ool-3-thread-36] tourGuide.service.RewardsService         : nearAttraction called with Union Station
2023-01-20T14:46:40.357+01:00  INFO 5134 --- [ool-3-thread-21] tourGuide.service.RewardsService         : nearAttraction called with Roger Dean Stadium
2023-01-20T14:46:40.357+01:00  INFO 5134 --- [ool-3-thread-20] tourGuide.service.RewardsService         : nearAttraction called with Texas Memorial Stadium
2023-01-20T14:46:40.364+01:00  INFO 5134 --- [ool-3-thread-21] tourGuide.service.RewardsService         : getDistance called
2023-01-20T14:46:40.364+01:00  INFO 5134 --- [ool-3-thread-20] tourGuide.service.RewardsService         : getDistance called
2023-01-20T14:46:40.357+01:00  INFO 5134 --- [ool-3-thread-61] tourGuide.service.RewardsService         : nearAttraction called with Bryant-Denny Stadium
2023-01-20T14:46:40.364+01:00  INFO 5134 --- [ool-3-thread-20] tourGuide.service.RewardsService         : nearAttraction called with Bryant-Denny Stadium
2023-01-20T14:46:40.364+01:00  INFO 5134 --- [ool-3-thread-61] tourGuide.service.RewardsService         : getDistance called
2023-01-20T14:46:40.357+01:00  INFO 5134 --- [ool-3-thread-13] tourGuide.service.RewardsService         : nearAttraction called with Tiger Stadium
2023-01-20T14:46:40.357+01:00  INFO 5134 --- [ool-3-thread-31] tourGuide.service.RewardsService         : nearAttraction called with Neyland Stadium
2023-01-20T14:46:40.365+01:00  INFO 5134 --- [ool-3-thread-61] tourGuide.service.RewardsService         : nearAttraction called with Tiger Stadium
2023-01-20T14:46:40.357+01:00  INFO 5134 --- [ool-3-thread-70] tourGuide.service.RewardsService         : getDistance called
2023-01-20T14:46:40.365+01:00  INFO 5134 --- [ool-3-thread-61] tourGuide.service.RewardsService         : getDistance called
2023-01-20T14:46:40.358+01:00  INFO 5134 --- [ool-3-thread-30] tourGuide.service.RewardsService         : getDistance called
2023-01-20T14:46:40.358+01:00  INFO 5134 --- [ool-3-thread-63] tourGuide.service.RewardsService         : getDistance called
2023-01-20T14:46:40.358+01:00  INFO 5134 --- [pool-3-thread-9] tourGuide.service.RewardsService         : getDistance called
2023-01-20T14:46:40.358+01:00  INFO 5134 --- [ool-3-thread-40] tourGuide.service.RewardsService         : nearAttraction called with San Diego Zoo
2023-01-20T14:46:40.358+01:00  INFO 5134 --- [ool-3-thread-22] tourGuide.service.RewardsService         : nearAttraction called with Zoo Tampa at Lowry Park
2023-01-20T14:46:40.365+01:00  INFO 5134 --- [ool-3-thread-40] tourGuide.service.RewardsService         : getDistance called
2023-01-20T14:46:40.358+01:00  INFO 5134 --- [ool-3-thread-42] tourGuide.service.RewardsService         : getDistance called
2023-01-20T14:46:40.365+01:00  INFO 5134 --- [ool-3-thread-40] tourGuide.service.RewardsService         : nearAttraction called with El Paso Zoo
2023-01-20T14:46:40.358+01:00  INFO 5134 --- [ool-3-thread-67] tourGuide.service.RewardsService         : getDistance called
2023-01-20T14:46:40.365+01:00  INFO 5134 --- [ool-3-thread-40] tourGuide.service.RewardsService         : getDistance called
2023-01-20T14:46:40.358+01:00  INFO 5134 --- [ool-3-thread-26] tourGuide.service.RewardsService         : getDistance called
2023-01-20T14:46:40.365+01:00  INFO 5134 --- [ool-3-thread-40] tourGuide.service.RewardsService         : nearAttraction called with Cinderella Castle
2023-01-20T14:46:40.358+01:00  INFO 5134 --- [ool-3-thread-43] tourGuide.service.RewardsService         : getDistance called
2023-01-20T14:46:40.365+01:00  INFO 5134 --- [ool-3-thread-40] tourGuide.service.RewardsService         : getDistance called
2023-01-20T14:46:40.358+01:00  INFO 5134 --- [ool-3-thread-38] tourGuide.service.RewardsService         : nearAttraction called with El Paso Zoo
2023-01-20T14:46:40.359+01:00  INFO 5134 --- [ool-3-thread-64] tourGuide.service.RewardsService         : getDistance called
2023-01-20T14:46:40.366+01:00  INFO 5134 --- [ool-3-thread-38] tourGuide.service.RewardsService         : getDistance called
2023-01-20T14:46:40.359+01:00  INFO 5134 --- [ool-3-thread-23] tourGuide.service.RewardsService         : nearAttraction called with Kansas City Zoo
2023-01-20T14:46:40.359+01:00  INFO 5134 --- [ool-3-thread-15] tourGuide.service.RewardsService         : nearAttraction called with Bronx Zoo
2023-01-20T14:46:40.359+01:00  INFO 5134 --- [ool-3-thread-41] tourGuide.service.RewardsService         : nearAttraction called with Cinderella Castle
2023-01-20T14:46:40.366+01:00  INFO 5134 --- [ool-3-thread-15] tourGuide.service.RewardsService         : getDistance called
2023-01-20T14:46:40.359+01:00  INFO 5134 --- [pool-3-thread-6] tourGuide.service.RewardsService         : nearAttraction called with Buffalo National River
2023-01-20T14:46:40.359+01:00  INFO 5134 --- [ool-3-thread-24] tourGuide.service.RewardsService         : getDistance called
2023-01-20T14:46:40.359+01:00  INFO 5134 --- [pool-3-thread-7] tourGuide.service.RewardsService         : nearAttraction called with Hot Springs National Park
2023-01-20T14:46:40.359+01:00  INFO 5134 --- [ool-3-thread-50] tourGuide.service.RewardsService         : nearAttraction called with Legend Valley
2023-01-20T14:46:40.359+01:00  INFO 5134 --- [ool-3-thread-65] tourGuide.service.RewardsService         : getDistance called
2023-01-20T14:46:40.360+01:00  INFO 5134 --- [pool-3-thread-4] tourGuide.service.RewardsService         : getDistance called
2023-01-20T14:46:40.360+01:00  INFO 5134 --- [ool-3-thread-10] tourGuide.service.RewardsService         : nearAttraction called with McKinley Tower
2023-01-20T14:46:40.360+01:00  INFO 5134 --- [ool-3-thread-11] tourGuide.service.RewardsService         : getDistance called
2023-01-20T14:46:40.366+01:00  INFO 5134 --- [ool-3-thread-10] tourGuide.service.RewardsService         : getDistance called
2023-01-20T14:46:40.360+01:00  INFO 5134 --- [ool-3-thread-27] tourGuide.service.RewardsService         : nearAttraction called with Flatiron Building
2023-01-20T14:46:40.360+01:00  INFO 5134 --- [ool-3-thread-32] tourGuide.service.RewardsService         : getDistance called
2023-01-20T14:46:40.360+01:00  INFO 5134 --- [ool-3-thread-33] tourGuide.service.RewardsService         : getDistance called
2023-01-20T14:46:40.360+01:00  INFO 5134 --- [ool-3-thread-37] tourGuide.service.RewardsService         : nearAttraction called with Union Station
2023-01-20T14:46:40.360+01:00  INFO 5134 --- [ool-3-thread-28] tourGuide.service.RewardsService         : nearAttraction called with Roger Dean Stadium
2023-01-20T14:46:40.367+01:00  INFO 5134 --- [ool-3-thread-37] tourGuide.service.RewardsService         : getDistance called
2023-01-20T14:46:40.360+01:00  INFO 5134 --- [ool-3-thread-29] tourGuide.service.RewardsService         : getDistance called
2023-01-20T14:46:40.361+01:00  INFO 5134 --- [pool-3-thread-5] tourGuide.service.RewardsService         : nearAttraction called with Texas Memorial Stadium
2023-01-20T14:46:40.361+01:00  INFO 5134 --- [ool-3-thread-48] tourGuide.service.RewardsService         : nearAttraction called with Neyland Stadium
2023-01-20T14:46:40.367+01:00  INFO 5134 --- [pool-3-thread-5] tourGuide.service.RewardsService         : getDistance called
2023-01-20T14:46:40.361+01:00  INFO 5134 --- [ool-3-thread-53] tourGuide.service.RewardsService         : nearAttraction called with Kyle Field
2023-01-20T14:46:40.361+01:00  INFO 5134 --- [ool-3-thread-57] tourGuide.service.RewardsService         : getDistance called
2023-01-20T14:46:40.361+01:00  INFO 5134 --- [ool-3-thread-51] tourGuide.service.RewardsService         : getDistance called
2023-01-20T14:46:40.361+01:00  INFO 5134 --- [ool-3-thread-45] tourGuide.service.RewardsService         : getDistance called
2023-01-20T14:46:40.361+01:00  INFO 5134 --- [ool-3-thread-60] tourGuide.service.RewardsService         : getDistance called
2023-01-20T14:46:40.361+01:00  INFO 5134 --- [ool-3-thread-16] tourGuide.service.RewardsService         : nearAttraction called with San Diego Zoo
2023-01-20T14:46:40.362+01:00  INFO 5134 --- [ool-3-thread-52] tourGuide.service.RewardsService         : nearAttraction called with Franklin Park Zoo
2023-01-20T14:46:40.362+01:00  INFO 5134 --- [ool-3-thread-55] tourGuide.service.RewardsService         : nearAttraction called with El Paso Zoo
2023-01-20T14:46:40.362+01:00  INFO 5134 --- [ool-3-thread-44] tourGuide.service.RewardsService         : nearAttraction called with Kansas City Zoo
2023-01-20T14:46:40.368+01:00  INFO 5134 --- [ool-3-thread-55] tourGuide.service.RewardsService         : getDistance called
2023-01-20T14:46:40.362+01:00  INFO 5134 --- [ool-3-thread-12] tourGuide.service.RewardsService         : getDistance called
2023-01-20T14:46:40.362+01:00  INFO 5134 --- [ool-3-thread-56] tourGuide.service.RewardsService         : nearAttraction called with Bronx Zoo
2023-01-20T14:46:40.362+01:00  INFO 5134 --- [ool-3-thread-62] tourGuide.service.RewardsService         : getDistance called
2023-01-20T14:46:40.368+01:00  INFO 5134 --- [ool-3-thread-56] tourGuide.service.RewardsService         : getDistance called
2023-01-20T14:46:40.362+01:00  INFO 5134 --- [ool-3-thread-68] tourGuide.service.RewardsService         : nearAttraction called with Cinderella Castle
2023-01-20T14:46:40.362+01:00  INFO 5134 --- [ool-3-thread-47] tourGuide.service.RewardsService         : getDistance called
2023-01-20T14:46:40.363+01:00  INFO 5134 --- [ool-3-thread-49] tourGuide.service.RewardsService         : getDistance called
2023-01-20T14:46:40.363+01:00  INFO 5134 --- [ool-3-thread-58] tourGuide.service.RewardsService         : getDistance called
2023-01-20T14:46:40.363+01:00  INFO 5134 --- [ool-3-thread-54] tourGuide.service.RewardsService         : nearAttraction called with Disneyland
2023-01-20T14:46:40.363+01:00  INFO 5134 --- [ool-3-thread-69] tourGuide.service.RewardsService         : nearAttraction called with Jackson Hole
2023-01-20T14:46:40.368+01:00  INFO 5134 --- [ool-3-thread-54] tourGuide.service.RewardsService         : getDistance called
2023-01-20T14:46:40.368+01:00  INFO 5134 --- [ool-3-thread-69] tourGuide.service.RewardsService         : getDistance called
2023-01-20T14:46:40.363+01:00  INFO 5134 --- [ool-3-thread-18] tourGuide.service.RewardsService         : nearAttraction called with Mojave National Preserve
2023-01-20T14:46:40.363+01:00  INFO 5134 --- [ool-3-thread-66] tourGuide.service.RewardsService         : nearAttraction called with Joshua Tree National Park
2023-01-20T14:46:40.369+01:00  INFO 5134 --- [ool-3-thread-18] tourGuide.service.RewardsService         : getDistance called
2023-01-20T14:46:40.369+01:00  INFO 5134 --- [ool-3-thread-66] tourGuide.service.RewardsService         : getDistance called
2023-01-20T14:46:40.363+01:00  INFO 5134 --- [pool-3-thread-1] tourGuide.service.RewardsService         : getDistance called
2023-01-20T14:46:40.363+01:00  INFO 5134 --- [ool-3-thread-39] tourGuide.service.RewardsService         : nearAttraction called with Buffalo National River
2023-01-20T14:46:40.363+01:00  INFO 5134 --- [pool-3-thread-8] tourGuide.service.RewardsService         : nearAttraction called with Hot Springs National Park
2023-01-20T14:46:40.369+01:00  INFO 5134 --- [ool-3-thread-39] tourGuide.service.RewardsService         : getDistance called
2023-01-20T14:46:40.363+01:00  INFO 5134 --- [ool-3-thread-17] tourGuide.service.RewardsService         : nearAttraction called with Kartchner Caverns State Park
2023-01-20T14:46:40.363+01:00  INFO 5134 --- [pool-3-thread-3] tourGuide.service.RewardsService         : nearAttraction called with Legend Valley
2023-01-20T14:46:40.369+01:00  INFO 5134 --- [ool-3-thread-17] tourGuide.service.RewardsService         : getDistance called
2023-01-20T14:46:40.369+01:00  INFO 5134 --- [pool-3-thread-3] tourGuide.service.RewardsService         : getDistance called
2023-01-20T14:46:40.364+01:00  INFO 5134 --- [ool-3-thread-19] tourGuide.service.RewardsService         : nearAttraction called with Flowers Bakery of London
2023-01-20T14:46:40.364+01:00  INFO 5134 --- [ool-3-thread-14] tourGuide.service.RewardsService         : getDistance called
2023-01-20T14:46:40.364+01:00  INFO 5134 --- [ool-3-thread-59] tourGuide.service.RewardsService         : nearAttraction called with McKinley Tower
2023-01-20T14:46:40.364+01:00  INFO 5134 --- [pool-3-thread-2] tourGuide.service.RewardsService         : nearAttraction called with Flatiron Building
2023-01-20T14:46:40.364+01:00  INFO 5134 --- [ool-3-thread-35] tourGuide.service.RewardsService         : nearAttraction called with Fallingwater
2023-01-20T14:46:40.369+01:00  INFO 5134 --- [pool-3-thread-2] tourGuide.service.RewardsService         : getDistance called
2023-01-20T14:46:40.364+01:00  INFO 5134 --- [ool-3-thread-46] tourGuide.service.RewardsService         : getDistance called
2023-01-20T14:46:40.364+01:00  INFO 5134 --- [ool-3-thread-34] tourGuide.service.RewardsService         : nearAttraction called with Union Station
2023-01-20T14:46:40.370+01:00  INFO 5134 --- [pool-3-thread-2] tourGuide.service.RewardsService         : nearAttraction called with Legend Valley
2023-01-20T14:46:40.370+01:00  INFO 5134 --- [ool-3-thread-34] tourGuide.service.RewardsService         : getDistance called
2023-01-20T14:46:40.364+01:00  INFO 5134 --- [ool-3-thread-25] tourGuide.service.RewardsService         : nearAttraction called with Roger Dean Stadium
2023-01-20T14:46:40.364+01:00  INFO 5134 --- [ool-3-thread-36] tourGuide.service.RewardsService         : getDistance called
2023-01-20T14:46:40.364+01:00  INFO 5134 --- [ool-3-thread-21] tourGuide.service.RewardsService         : nearAttraction called with Texas Memorial Stadium
2023-01-20T14:46:40.364+01:00  INFO 5134 --- [ool-3-thread-20] tourGuide.service.RewardsService         : getDistance called
2023-01-20T14:46:40.365+01:00  INFO 5134 --- [ool-3-thread-13] tourGuide.service.RewardsService         : getDistance called
2023-01-20T14:46:40.365+01:00  INFO 5134 --- [ool-3-thread-31] tourGuide.service.RewardsService         : getDistance called
2023-01-20T14:46:40.365+01:00  INFO 5134 --- [ool-3-thread-70] tourGuide.service.RewardsService         : nearAttraction called with Neyland Stadium
2023-01-20T14:46:40.370+01:00  INFO 5134 --- [ool-3-thread-31] tourGuide.service.RewardsService         : nearAttraction called with Flatiron Building
2023-01-20T14:46:40.370+01:00  INFO 5134 --- [ool-3-thread-70] tourGuide.service.RewardsService         : getDistance called
2023-01-20T14:46:40.370+01:00  INFO 5134 --- [ool-3-thread-31] tourGuide.service.RewardsService         : getDistance called
2023-01-20T14:46:40.365+01:00  INFO 5134 --- [ool-3-thread-61] tourGuide.service.RewardsService         : nearAttraction called with Kyle Field
2023-01-20T14:46:40.365+01:00  INFO 5134 --- [ool-3-thread-30] tourGuide.service.RewardsService         : nearAttraction called with San Diego Zoo
2023-01-20T14:46:40.370+01:00  INFO 5134 --- [ool-3-thread-61] tourGuide.service.RewardsService         : getDistance called
2023-01-20T14:46:40.365+01:00  INFO 5134 --- [ool-3-thread-63] tourGuide.service.RewardsService         : nearAttraction called with Zoo Tampa at Lowry Park
2023-01-20T14:46:40.365+01:00  INFO 5134 --- [pool-3-thread-9] tourGuide.service.RewardsService         : nearAttraction called with Franklin Park Zoo
2023-01-20T14:46:40.370+01:00  INFO 5134 --- [ool-3-thread-63] tourGuide.service.RewardsService         : getDistance called
2023-01-20T14:46:40.365+01:00  INFO 5134 --- [ool-3-thread-22] tourGuide.service.RewardsService         : getDistance called
2023-01-20T14:46:40.371+01:00  INFO 5134 --- [pool-3-thread-9] tourGuide.service.RewardsService         : getDistance called
2023-01-20T14:46:40.365+01:00  INFO 5134 --- [ool-3-thread-42] tourGuide.service.RewardsService         : nearAttraction called with Kansas City Zoo
2023-01-20T14:46:40.365+01:00  INFO 5134 --- [ool-3-thread-67] tourGuide.service.RewardsService         : nearAttraction called with Bronx Zoo
2023-01-20T14:46:40.365+01:00  INFO 5134 --- [ool-3-thread-26] tourGuide.service.RewardsService         : nearAttraction called with Buffalo National River
2023-01-20T14:46:40.371+01:00  INFO 5134 --- [ool-3-thread-67] tourGuide.service.RewardsService         : getDistance called
2023-01-20T14:46:40.366+01:00  INFO 5134 --- [ool-3-thread-43] tourGuide.service.RewardsService         : nearAttraction called with Hot Springs National Park
2023-01-20T14:46:40.366+01:00  INFO 5134 --- [ool-3-thread-40] tourGuide.service.RewardsService         : nearAttraction called with Kartchner Caverns State Park
2023-01-20T14:46:40.371+01:00  INFO 5134 --- [ool-3-thread-43] tourGuide.service.RewardsService         : getDistance called
2023-01-20T14:46:40.371+01:00  INFO 5134 --- [ool-3-thread-40] tourGuide.service.RewardsService         : getDistance called
2023-01-20T14:46:40.366+01:00  INFO 5134 --- [ool-3-thread-64] tourGuide.service.RewardsService         : nearAttraction called with Legend Valley
2023-01-20T14:46:40.371+01:00  INFO 5134 --- [ool-3-thread-40] tourGuide.service.RewardsService         : nearAttraction called with Texas Memorial Stadium
2023-01-20T14:46:40.366+01:00  INFO 5134 --- [ool-3-thread-38] tourGuide.service.RewardsService         : nearAttraction called with Flowers Bakery of London
2023-01-20T14:46:40.366+01:00  INFO 5134 --- [ool-4-thread-36] tourGuide.service.RewardsService         : Rewards of internalUser2 calculated by calculateRewards
2023-01-20T14:46:40.366+01:00  INFO 5134 --- [ool-3-thread-23] tourGuide.service.RewardsService         : getDistance called
2023-01-20T14:46:40.366+01:00  INFO 5134 --- [ool-3-thread-41] tourGuide.service.RewardsService         : getDistance called
2023-01-20T14:46:40.366+01:00  INFO 5134 --- [ool-3-thread-15] tourGuide.service.RewardsService         : nearAttraction called with McKinley Tower
2023-01-20T14:46:40.366+01:00  INFO 5134 --- [pool-3-thread-6] tourGuide.service.RewardsService         : getDistance called
2023-01-20T14:46:40.366+01:00  INFO 5134 --- [ool-3-thread-24] tourGuide.service.RewardsService         : nearAttraction called with Flatiron Building
2023-01-20T14:46:40.366+01:00  INFO 5134 --- [pool-3-thread-7] tourGuide.service.RewardsService         : getDistance called
2023-01-20T14:46:40.372+01:00  INFO 5134 --- [ool-3-thread-24] tourGuide.service.RewardsService         : getDistance called
2023-01-20T14:46:40.366+01:00  INFO 5134 --- [ool-3-thread-50] tourGuide.service.RewardsService         : getDistance called
2023-01-20T14:46:40.366+01:00  INFO 5134 --- [ool-3-thread-65] tourGuide.service.RewardsService         : nearAttraction called with Fallingwater
2023-01-20T14:46:40.366+01:00  INFO 5134 --- [pool-3-thread-4] tourGuide.service.RewardsService         : nearAttraction called with Union Station
2023-01-20T14:46:40.367+01:00  INFO 5134 --- [ool-3-thread-11] tourGuide.service.RewardsService         : nearAttraction called with Roger Dean Stadium
2023-01-20T14:46:40.372+01:00  INFO 5134 --- [pool-3-thread-4] tourGuide.service.RewardsService         : getDistance called
2023-01-20T14:46:40.367+01:00  INFO 5134 --- [ool-3-thread-10] tourGuide.service.RewardsService         : nearAttraction called with Texas Memorial Stadium
2023-01-20T14:46:40.367+01:00  INFO 5134 --- [ool-3-thread-27] tourGuide.service.RewardsService         : getDistance called
2023-01-20T14:46:40.367+01:00  INFO 5134 --- [ool-3-thread-32] tourGuide.service.RewardsService         : nearAttraction called with Bryant-Denny Stadium
2023-01-20T14:46:40.367+01:00  INFO 5134 --- [ool-3-thread-33] tourGuide.service.RewardsService         : nearAttraction called with Tiger Stadium
2023-01-20T14:46:40.372+01:00  INFO 5134 --- [ool-3-thread-32] tourGuide.service.RewardsService         : getDistance called
2023-01-20T14:46:40.367+01:00  INFO 5134 --- [ool-3-thread-28] tourGuide.service.RewardsService         : getDistance called
2023-01-20T14:46:40.367+01:00  INFO 5134 --- [ool-3-thread-37] tourGuide.service.RewardsService         : nearAttraction called with Neyland Stadium
2023-01-20T14:46:40.367+01:00  INFO 5134 --- [ool-3-thread-29] tourGuide.service.RewardsService         : nearAttraction called with Kyle Field
2023-01-20T14:46:40.367+01:00  INFO 5134 --- [ool-3-thread-48] tourGuide.service.RewardsService         : getDistance called
2023-01-20T14:46:40.373+01:00  INFO 5134 --- [ool-3-thread-29] tourGuide.service.RewardsService         : getDistance called
2023-01-20T14:46:40.367+01:00  INFO 5134 --- [pool-3-thread-5] tourGuide.service.RewardsService         : nearAttraction called with San Diego Zoo
2023-01-20T14:46:40.367+01:00  INFO 5134 --- [ool-3-thread-53] tourGuide.service.RewardsService         : getDistance called
2023-01-20T14:46:40.373+01:00  INFO 5134 --- [pool-3-thread-5] tourGuide.service.RewardsService         : getDistance called
2023-01-20T14:46:40.373+01:00  INFO 5134 --- [ool-3-thread-53] tourGuide.service.RewardsService         : nearAttraction called with Cinderella Castle
2023-01-20T14:46:40.367+01:00  INFO 5134 --- [ool-3-thread-57] tourGuide.service.RewardsService         : nearAttraction called with Zoo Tampa at Lowry Park
2023-01-20T14:46:40.373+01:00  INFO 5134 --- [ool-3-thread-53] tourGuide.service.RewardsService         : getDistance called
2023-01-20T14:46:40.367+01:00  INFO 5134 --- [ool-3-thread-51] tourGuide.service.RewardsService         : nearAttraction called with Franklin Park Zoo
2023-01-20T14:46:40.367+01:00  INFO 5134 --- [ool-3-thread-45] tourGuide.service.RewardsService         : nearAttraction called with El Paso Zoo
2023-01-20T14:46:40.367+01:00  INFO 5134 --- [ool-3-thread-60] tourGuide.service.RewardsService         : nearAttraction called with Kansas City Zoo
2023-01-20T14:46:40.368+01:00  INFO 5134 --- [ool-3-thread-16] tourGuide.service.RewardsService         : getDistance called
2023-01-20T14:46:40.373+01:00  INFO 5134 --- [ool-3-thread-60] tourGuide.service.RewardsService         : getDistance called
2023-01-20T14:46:40.368+01:00  INFO 5134 --- [ool-3-thread-52] tourGuide.service.RewardsService         : getDistance called
2023-01-20T14:46:40.374+01:00  INFO 5134 --- [ool-3-thread-16] tourGuide.service.RewardsService         : nearAttraction called with Kyle Field
2023-01-20T14:46:40.368+01:00  INFO 5134 --- [ool-3-thread-44] tourGuide.service.RewardsService         : getDistance called
2023-01-20T14:46:40.368+01:00  INFO 5134 --- [ool-3-thread-55] tourGuide.service.RewardsService         : nearAttraction called with Bronx Zoo
2023-01-20T14:46:40.368+01:00  INFO 5134 --- [ool-3-thread-12] tourGuide.service.RewardsService         : nearAttraction called with Cinderella Castle
2023-01-20T14:46:40.368+01:00  INFO 5134 --- [ool-3-thread-62] tourGuide.service.RewardsService         : nearAttraction called with Disneyland
2023-01-20T14:46:40.374+01:00  INFO 5134 --- [ool-3-thread-12] tourGuide.service.RewardsService         : getDistance called
2023-01-20T14:46:40.374+01:00  INFO 5134 --- [ool-3-thread-62] tourGuide.service.RewardsService         : getDistance called
2023-01-20T14:46:40.368+01:00  INFO 5134 --- [ool-3-thread-56] tourGuide.service.RewardsService         : nearAttraction called with Disneyland
2023-01-20T14:46:40.368+01:00  INFO 5134 --- [ool-3-thread-68] tourGuide.service.RewardsService         : getDistance called
2023-01-20T14:46:40.374+01:00  INFO 5134 --- [ool-3-thread-56] tourGuide.service.RewardsService         : getDistance called
2023-01-20T14:46:40.374+01:00  INFO 5134 --- [ool-3-thread-68] tourGuide.service.RewardsService         : nearAttraction called with Franklin Park Zoo
2023-01-20T14:46:40.368+01:00  INFO 5134 --- [ool-3-thread-47] tourGuide.service.RewardsService         : nearAttraction called with Jackson Hole
2023-01-20T14:46:40.368+01:00  INFO 5134 --- [ool-4-thread-68] tourGuide.service.RewardsService         : Rewards of internalUser30 calculated by calculateRewards
2023-01-20T14:46:40.368+01:00  INFO 5134 --- [ool-3-thread-49] tourGuide.service.RewardsService         : nearAttraction called with Jackson Hole
2023-01-20T14:46:40.368+01:00  INFO 5134 --- [ool-3-thread-58] tourGuide.service.RewardsService         : nearAttraction called with Mojave National Preserve
2023-01-20T14:46:40.368+01:00  INFO 5134 --- [ool-3-thread-54] tourGuide.service.RewardsService         : nearAttraction called with Mojave National Preserve
2023-01-20T14:46:40.375+01:00  INFO 5134 --- [ool-3-thread-58] tourGuide.service.RewardsService         : getDistance called
2023-01-20T14:46:40.368+01:00  INFO 5134 --- [ool-3-thread-69] tourGuide.service.RewardsService         : nearAttraction called with Joshua Tree National Park
2023-01-20T14:46:40.375+01:00  INFO 5134 --- [ool-3-thread-58] tourGuide.service.RewardsService         : nearAttraction called with El Paso Zoo
2023-01-20T14:46:40.375+01:00  INFO 5134 --- [ool-3-thread-69] tourGuide.service.RewardsService         : getDistance called
2023-01-20T14:46:40.375+01:00  INFO 5134 --- [ool-3-thread-58] tourGuide.service.RewardsService         : getDistance called
2023-01-20T14:46:40.369+01:00  INFO 5134 --- [ool-3-thread-18] tourGuide.service.RewardsService         : nearAttraction called with Joshua Tree National Park
2023-01-20T14:46:40.375+01:00  INFO 5134 --- [ool-3-thread-58] tourGuide.service.RewardsService         : nearAttraction called with Kartchner Caverns State Park
2023-01-20T14:46:40.369+01:00  INFO 5134 --- [ool-3-thread-66] tourGuide.service.RewardsService         : nearAttraction called with Buffalo National River
2023-01-20T14:46:40.375+01:00  INFO 5134 --- [ool-3-thread-58] tourGuide.service.RewardsService         : getDistance called
2023-01-20T14:46:40.375+01:00  INFO 5134 --- [ool-3-thread-66] tourGuide.service.RewardsService         : getDistance called
2023-01-20T14:46:40.369+01:00  INFO 5134 --- [pool-3-thread-1] tourGuide.service.RewardsService         : nearAttraction called with Buffalo National River
2023-01-20T14:46:40.369+01:00  INFO 5134 --- [pool-3-thread-8] tourGuide.service.RewardsService         : getDistance called
2023-01-20T14:46:40.375+01:00  INFO 5134 --- [pool-3-thread-1] tourGuide.service.RewardsService         : getDistance called
2023-01-20T14:46:40.369+01:00  INFO 5134 --- [ool-3-thread-39] tourGuide.service.RewardsService         : nearAttraction called with Hot Springs National Park
2023-01-20T14:46:40.369+01:00  INFO 5134 --- [ool-3-thread-17] tourGuide.service.RewardsService         : nearAttraction called with Hot Springs National Park
2023-01-20T14:46:40.376+01:00  INFO 5134 --- [pool-3-thread-1] tourGuide.service.RewardsService         : nearAttraction called with Flowers Bakery of London
2023-01-20T14:46:40.376+01:00  INFO 5134 --- [ool-3-thread-17] tourGuide.service.RewardsService         : getDistance called
2023-01-20T14:46:40.369+01:00  INFO 5134 --- [pool-3-thread-3] tourGuide.service.RewardsService         : nearAttraction called with Kartchner Caverns State Park
2023-01-20T14:46:40.369+01:00  INFO 5134 --- [ool-3-thread-19] tourGuide.service.RewardsService         : getDistance called
2023-01-20T14:46:40.376+01:00  INFO 5134 --- [pool-3-thread-3] tourGuide.service.RewardsService         : getDistance called
2023-01-20T14:46:40.369+01:00  INFO 5134 --- [ool-3-thread-14] tourGuide.service.RewardsService         : nearAttraction called with Kartchner Caverns State Park
2023-01-20T14:46:40.369+01:00  INFO 5134 --- [ool-3-thread-59] tourGuide.service.RewardsService         : getDistance called
2023-01-20T14:46:40.376+01:00  INFO 5134 --- [ool-3-thread-14] tourGuide.service.RewardsService         : getDistance called
2023-01-20T14:46:40.369+01:00  INFO 5134 --- [ool-3-thread-35] tourGuide.service.RewardsService         : getDistance called
2023-01-20T14:46:40.376+01:00  INFO 5134 --- [ool-3-thread-59] tourGuide.service.RewardsService         : nearAttraction called with Union Station
2023-01-20T14:46:40.370+01:00  INFO 5134 --- [ool-3-thread-46] tourGuide.service.RewardsService         : nearAttraction called with Legend Valley
2023-01-20T14:46:40.376+01:00  INFO 5134 --- [ool-3-thread-59] tourGuide.service.RewardsService         : getDistance called
2023-01-20T14:46:40.370+01:00  INFO 5134 --- [pool-3-thread-2] tourGuide.service.RewardsService         : getDistance called
2023-01-20T14:46:40.370+01:00  INFO 5134 --- [ool-3-thread-34] tourGuide.service.RewardsService         : nearAttraction called with Flowers Bakery of London
2023-01-20T14:46:40.376+01:00  INFO 5134 --- [pool-3-thread-2] tourGuide.service.RewardsService         : nearAttraction called with Tiger Stadium
2023-01-20T14:46:40.370+01:00  INFO 5134 --- [ool-3-thread-25] tourGuide.service.RewardsService         : getDistance called
2023-01-20T14:46:40.376+01:00  INFO 5134 --- [pool-3-thread-2] tourGuide.service.RewardsService         : getDistance called
2023-01-20T14:46:40.370+01:00  INFO 5134 --- [ool-3-thread-36] tourGuide.service.RewardsService         : nearAttraction called with Flowers Bakery of London
2023-01-20T14:46:40.377+01:00  INFO 5134 --- [ool-3-thread-25] tourGuide.service.RewardsService         : nearAttraction called with Neyland Stadium
2023-01-20T14:46:40.370+01:00  INFO 5134 --- [ool-3-thread-21] tourGuide.service.RewardsService         : getDistance called
2023-01-20T14:46:40.377+01:00  INFO 5134 --- [ool-3-thread-25] tourGuide.service.RewardsService         : getDistance called
2023-01-20T14:46:40.370+01:00  INFO 5134 --- [ool-3-thread-20] tourGuide.service.RewardsService         : nearAttraction called with McKinley Tower
2023-01-20T14:46:40.377+01:00  INFO 5134 --- [ool-3-thread-25] tourGuide.service.RewardsService         : nearAttraction called with Zoo Tampa at Lowry Park
2023-01-20T14:46:40.370+01:00  INFO 5134 --- [ool-3-thread-13] tourGuide.service.RewardsService         : nearAttraction called with McKinley Tower
2023-01-20T14:46:40.377+01:00  INFO 5134 --- [ool-3-thread-25] tourGuide.service.RewardsService         : getDistance called
2023-01-20T14:46:40.370+01:00  INFO 5134 --- [ool-3-thread-70] tourGuide.service.RewardsService         : nearAttraction called with Flatiron Building
2023-01-20T14:46:40.370+01:00  INFO 5134 --- [ool-3-thread-31] tourGuide.service.RewardsService         : nearAttraction called with Fallingwater
2023-01-20T14:46:40.377+01:00  INFO 5134 --- [ool-3-thread-25] tourGuide.service.RewardsService         : nearAttraction called with Franklin Park Zoo
2023-01-20T14:46:40.370+01:00  INFO 5134 --- [ool-3-thread-30] tourGuide.service.RewardsService         : getDistance called
2023-01-20T14:46:40.377+01:00  INFO 5134 --- [ool-3-thread-25] tourGuide.service.RewardsService         : getDistance called
2023-01-20T14:46:40.370+01:00  INFO 5134 --- [ool-3-thread-61] tourGuide.service.RewardsService         : nearAttraction called with Fallingwater
2023-01-20T14:46:40.371+01:00  INFO 5134 --- [ool-3-thread-63] tourGuide.service.RewardsService         : nearAttraction called with Union Station
2023-01-20T14:46:40.377+01:00  INFO 5134 --- [ool-3-thread-61] tourGuide.service.RewardsService         : getDistance called
2023-01-20T14:46:40.371+01:00  INFO 5134 --- [ool-3-thread-22] tourGuide.service.RewardsService         : nearAttraction called with Union Station
2023-01-20T14:46:40.371+01:00  INFO 5134 --- [pool-3-thread-9] tourGuide.service.RewardsService         : nearAttraction called with Roger Dean Stadium
2023-01-20T14:46:40.371+01:00  INFO 5134 --- [ool-3-thread-42] tourGuide.service.RewardsService         : getDistance called
2023-01-20T14:46:40.371+01:00  INFO 5134 --- [ool-3-thread-26] tourGuide.service.RewardsService         : getDistance called
2023-01-20T14:46:40.372+01:00  INFO 5134 --- [ool-3-thread-10] tourGuide.service.RewardsService         : getDistance called
2023-01-20T14:46:40.371+01:00  INFO 5134 --- [ool-3-thread-67] tourGuide.service.RewardsService         : nearAttraction called with Roger Dean Stadium
2023-01-20T14:46:40.378+01:00  INFO 5134 --- [ool-4-thread-66] tourGuide.service.RewardsService         : Rewards of internalUser36 calculated by calculateRewards
2023-01-20T14:46:40.371+01:00  INFO 5134 --- [ool-3-thread-43] tourGuide.service.RewardsService         : nearAttraction called with Texas Memorial Stadium
2023-01-20T14:46:40.371+01:00  INFO 5134 --- [ool-3-thread-64] tourGuide.service.RewardsService         : getDistance called
2023-01-20T14:46:40.378+01:00  INFO 5134 --- [ool-3-thread-43] tourGuide.service.RewardsService         : getDistance called
2023-01-20T14:46:40.378+01:00  INFO 5134 --- [ool-3-thread-64] tourGuide.service.RewardsService         : nearAttraction called with Joshua Tree National Park
2023-01-20T14:46:40.371+01:00  INFO 5134 --- [ool-3-thread-40] tourGuide.service.RewardsService         : getDistance called
2023-01-20T14:46:40.378+01:00  INFO 5134 --- [ool-3-thread-64] tourGuide.service.RewardsService         : getDistance called
2023-01-20T14:46:40.371+01:00  INFO 5134 --- [ool-3-thread-38] tourGuide.service.RewardsService         : getDistance called
2023-01-20T14:46:40.371+01:00  INFO 5134 --- [ool-3-thread-23] tourGuide.service.RewardsService         : nearAttraction called with Bryant-Denny Stadium
2023-01-20T14:46:40.372+01:00  INFO 5134 --- [ool-3-thread-41] tourGuide.service.RewardsService         : nearAttraction called with Bryant-Denny Stadium
2023-01-20T14:46:40.378+01:00  INFO 5134 --- [ool-3-thread-23] tourGuide.service.RewardsService         : getDistance called
2023-01-20T14:46:40.372+01:00  INFO 5134 --- [pool-4-thread-5] tourGuide.service.RewardsService         : Rewards of internalUser73 calculated by calculateRewards
2023-01-20T14:46:40.372+01:00  INFO 5134 --- [ool-3-thread-15] tourGuide.service.RewardsService         : getDistance called
2023-01-20T14:46:40.372+01:00  INFO 5134 --- [pool-3-thread-6] tourGuide.service.RewardsService         : nearAttraction called with Tiger Stadium
2023-01-20T14:46:40.372+01:00  INFO 5134 --- [pool-3-thread-7] tourGuide.service.RewardsService         : nearAttraction called with Tiger Stadium
2023-01-20T14:46:40.379+01:00  INFO 5134 --- [ool-3-thread-15] tourGuide.service.RewardsService         : nearAttraction called with McKinley Tower
2023-01-20T14:46:40.372+01:00  INFO 5134 --- [ool-3-thread-24] tourGuide.service.RewardsService         : nearAttraction called with Neyland Stadium
2023-01-20T14:46:40.379+01:00  INFO 5134 --- [ool-3-thread-15] tourGuide.service.RewardsService         : getDistance called
2023-01-20T14:46:40.372+01:00  INFO 5134 --- [ool-3-thread-50] tourGuide.service.RewardsService         : nearAttraction called with Kyle Field
2023-01-20T14:46:40.372+01:00  INFO 5134 --- [ool-3-thread-65] tourGuide.service.RewardsService         : getDistance called
2023-01-20T14:46:40.372+01:00  INFO 5134 --- [ool-3-thread-11] tourGuide.service.RewardsService         : getDistance called
2023-01-20T14:46:40.372+01:00  INFO 5134 --- [pool-3-thread-4] tourGuide.service.RewardsService         : nearAttraction called with San Diego Zoo
2023-01-20T14:46:40.379+01:00  INFO 5134 --- [ool-3-thread-11] tourGuide.service.RewardsService         : nearAttraction called with Union Station
2023-01-20T14:46:40.379+01:00  INFO 5134 --- [pool-3-thread-4] tourGuide.service.RewardsService         : getDistance called
2023-01-20T14:46:40.379+01:00  INFO 5134 --- [ool-3-thread-11] tourGuide.service.RewardsService         : getDistance called
2023-01-20T14:46:40.372+01:00  INFO 5134 --- [ool-3-thread-27] tourGuide.service.RewardsService         : nearAttraction called with Zoo Tampa at Lowry Park
2023-01-20T14:46:40.379+01:00  INFO 5134 --- [ool-3-thread-11] tourGuide.service.RewardsService         : nearAttraction called with Texas Memorial Stadium
2023-01-20T14:46:40.372+01:00  INFO 5134 --- [ool-3-thread-33] tourGuide.service.RewardsService         : getDistance called
2023-01-20T14:46:40.379+01:00  INFO 5134 --- [ool-3-thread-11] tourGuide.service.RewardsService         : getDistance called
2023-01-20T14:46:40.372+01:00  INFO 5134 --- [ool-3-thread-32] tourGuide.service.RewardsService         : nearAttraction called with Franklin Park Zoo
2023-01-20T14:46:40.379+01:00  INFO 5134 --- [ool-3-thread-11] tourGuide.service.RewardsService         : nearAttraction called with Tiger Stadium
2023-01-20T14:46:40.373+01:00  INFO 5134 --- [ool-3-thread-28] tourGuide.service.RewardsService         : nearAttraction called with El Paso Zoo
2023-01-20T14:46:40.373+01:00  INFO 5134 --- [ool-3-thread-37] tourGuide.service.RewardsService         : getDistance called
2023-01-20T14:46:40.373+01:00  INFO 5134 --- [ool-3-thread-48] tourGuide.service.RewardsService         : nearAttraction called with Kansas City Zoo
2023-01-20T14:46:40.373+01:00  INFO 5134 --- [ool-3-thread-29] tourGuide.service.RewardsService         : nearAttraction called with Bronx Zoo
2023-01-20T14:46:40.380+01:00  INFO 5134 --- [ool-3-thread-48] tourGuide.service.RewardsService         : getDistance called
2023-01-20T14:46:40.373+01:00  INFO 5134 --- [pool-3-thread-5] tourGuide.service.RewardsService         : nearAttraction called with Jackson Hole
2023-01-20T14:46:40.373+01:00  INFO 5134 --- [ool-3-thread-57] tourGuide.service.RewardsService         : getDistance called
2023-01-20T14:46:40.380+01:00  INFO 5134 --- [pool-3-thread-5] tourGuide.service.RewardsService         : getDistance called
2023-01-20T14:46:40.373+01:00  INFO 5134 --- [ool-3-thread-53] tourGuide.service.RewardsService         : nearAttraction called with Neyland Stadium
2023-01-20T14:46:40.380+01:00  INFO 5134 --- [pool-3-thread-5] tourGuide.service.RewardsService         : nearAttraction called with Zoo Tampa at Lowry Park
2023-01-20T14:46:40.373+01:00  INFO 5134 --- [ool-3-thread-51] tourGuide.service.RewardsService         : getDistance called
2023-01-20T14:46:40.380+01:00  INFO 5134 --- [pool-3-thread-5] tourGuide.service.RewardsService         : getDistance called
2023-01-20T14:46:40.373+01:00  INFO 5134 --- [ool-3-thread-45] tourGuide.service.RewardsService         : getDistance called
2023-01-20T14:46:40.374+01:00  INFO 5134 --- [ool-3-thread-60] tourGuide.service.RewardsService         : nearAttraction called with Mojave National Preserve
2023-01-20T14:46:40.374+01:00  INFO 5134 --- [ool-3-thread-52] tourGuide.service.RewardsService         : nearAttraction called with San Diego Zoo
2023-01-20T14:46:40.380+01:00  INFO 5134 --- [ool-3-thread-60] tourGuide.service.RewardsService         : getDistance called
2023-01-20T14:46:40.374+01:00  INFO 5134 --- [ool-3-thread-16] tourGuide.service.RewardsService         : getDistance called
2023-01-20T14:46:40.374+01:00  INFO 5134 --- [ool-3-thread-44] tourGuide.service.RewardsService         : nearAttraction called with Joshua Tree National Park
2023-01-20T14:46:40.374+01:00  INFO 5134 --- [ool-3-thread-55] tourGuide.service.RewardsService         : getDistance called
2023-01-20T14:46:40.381+01:00  INFO 5134 --- [ool-3-thread-16] tourGuide.service.RewardsService         : nearAttraction called with Cinderella Castle
2023-01-20T14:46:40.374+01:00  INFO 5134 --- [ool-3-thread-12] tourGuide.service.RewardsService         : nearAttraction called with Zoo Tampa at Lowry Park
2023-01-20T14:46:40.374+01:00  INFO 5134 --- [ool-3-thread-62] tourGuide.service.RewardsService         : nearAttraction called with Buffalo National River
2023-01-20T14:46:40.381+01:00  INFO 5134 --- [ool-3-thread-12] tourGuide.service.RewardsService         : getDistance called
2023-01-20T14:46:40.374+01:00  INFO 5134 --- [ool-4-thread-56] tourGuide.service.RewardsService         : Rewards of internalUser22 calculated by calculateRewards
2023-01-20T14:46:40.374+01:00  INFO 5134 --- [ool-3-thread-68] tourGuide.service.RewardsService         : getDistance called
2023-01-20T14:46:40.374+01:00  INFO 5134 --- [ool-3-thread-56] tourGuide.service.RewardsService         : nearAttraction called with Hot Springs National Park
2023-01-20T14:46:40.374+01:00  INFO 5134 --- [ool-3-thread-47] tourGuide.service.RewardsService         : getDistance called
2023-01-20T14:46:40.381+01:00  INFO 5134 --- [ool-3-thread-56] tourGuide.service.RewardsService         : getDistance called
2023-01-20T14:46:40.375+01:00  INFO 5134 --- [ool-3-thread-49] tourGuide.service.RewardsService         : getDistance called
2023-01-20T14:46:40.375+01:00  INFO 5134 --- [ool-3-thread-54] tourGuide.service.RewardsService         : getDistance called
2023-01-20T14:46:40.375+01:00  INFO 5134 --- [ool-3-thread-69] tourGuide.service.RewardsService         : nearAttraction called with Kansas City Zoo
2023-01-20T14:46:40.375+01:00  INFO 5134 --- [ool-3-thread-18] tourGuide.service.RewardsService         : getDistance called
2023-01-20T14:46:40.375+01:00  INFO 5134 --- [ool-3-thread-58] tourGuide.service.RewardsService         : nearAttraction called with Bronx Zoo
2023-01-20T14:46:40.381+01:00  INFO 5134 --- [ool-3-thread-18] tourGuide.service.RewardsService         : nearAttraction called with Franklin Park Zoo
2023-01-20T14:46:40.375+01:00  INFO 5134 --- [ool-3-thread-66] tourGuide.service.RewardsService         : nearAttraction called with Legend Valley
2023-01-20T14:46:40.376+01:00  INFO 5134 --- [pool-3-thread-8] tourGuide.service.RewardsService         : nearAttraction called with Cinderella Castle
2023-01-20T14:46:40.382+01:00  INFO 5134 --- [ool-3-thread-66] tourGuide.service.RewardsService         : getDistance called
2023-01-20T14:46:40.382+01:00  INFO 5134 --- [pool-3-thread-8] tourGuide.service.RewardsService         : getDistance called
2023-01-20T14:46:40.376+01:00  INFO 5134 --- [ool-3-thread-39] tourGuide.service.RewardsService         : getDistance called
2023-01-20T14:46:40.382+01:00  INFO 5134 --- [ool-3-thread-66] tourGuide.service.RewardsService         : nearAttraction called with El Paso Zoo
2023-01-20T14:46:40.376+01:00  INFO 5134 --- [pool-3-thread-1] tourGuide.service.RewardsService         : getDistance called
2023-01-20T14:46:40.382+01:00  INFO 5134 --- [ool-3-thread-39] tourGuide.service.RewardsService         : nearAttraction called with Bronx Zoo
2023-01-20T14:46:40.376+01:00  INFO 5134 --- [ool-3-thread-17] tourGuide.service.RewardsService         : nearAttraction called with McKinley Tower
2023-01-20T14:46:40.382+01:00  INFO 5134 --- [ool-3-thread-39] tourGuide.service.RewardsService         : getDistance called
2023-01-20T14:46:40.376+01:00  INFO 5134 --- [ool-3-thread-19] tourGuide.service.RewardsService         : nearAttraction called with Flatiron Building
2023-01-20T14:46:40.376+01:00  INFO 5134 --- [pool-3-thread-3] tourGuide.service.RewardsService         : nearAttraction called with Fallingwater
2023-01-20T14:46:40.382+01:00  INFO 5134 --- [ool-3-thread-19] tourGuide.service.RewardsService         : getDistance called
2023-01-20T14:46:40.376+01:00  INFO 5134 --- [ool-3-thread-14] tourGuide.service.RewardsService         : nearAttraction called with Roger Dean Stadium
2023-01-20T14:46:40.376+01:00  INFO 5134 --- [ool-3-thread-35] tourGuide.service.RewardsService         : nearAttraction called with Texas Memorial Stadium
2023-01-20T14:46:40.382+01:00  INFO 5134 --- [ool-3-thread-14] tourGuide.service.RewardsService         : getDistance called
2023-01-20T14:46:40.376+01:00  INFO 5134 --- [ool-3-thread-46] tourGuide.service.RewardsService         : getDistance called
2023-01-20T14:46:40.376+01:00  INFO 5134 --- [ool-3-thread-59] tourGuide.service.RewardsService         : nearAttraction called with Bryant-Denny Stadium
2023-01-20T14:46:40.376+01:00  INFO 5134 --- [ool-3-thread-34] tourGuide.service.RewardsService         : getDistance called
2023-01-20T14:46:40.383+01:00  INFO 5134 --- [ool-3-thread-59] tourGuide.service.RewardsService         : getDistance called
2023-01-20T14:46:40.377+01:00  INFO 5134 --- [pool-3-thread-2] tourGuide.service.RewardsService         : nearAttraction called with Kyle Field
2023-01-20T14:46:40.377+01:00  INFO 5134 --- [ool-3-thread-36] tourGuide.service.RewardsService         : getDistance called
2023-01-20T14:46:40.377+01:00  INFO 5134 --- [ool-3-thread-21] tourGuide.service.RewardsService         : nearAttraction called with San Diego Zoo
2023-01-20T14:46:40.377+01:00  INFO 5134 --- [ool-3-thread-20] tourGuide.service.RewardsService         : getDistance called
2023-01-20T14:46:40.383+01:00  INFO 5134 --- [ool-3-thread-21] tourGuide.service.RewardsService         : getDistance called
2023-01-20T14:46:40.377+01:00  INFO 5134 --- [ool-3-thread-13] tourGuide.service.RewardsService         : getDistance called
2023-01-20T14:46:40.377+01:00  INFO 5134 --- [ool-3-thread-70] tourGuide.service.RewardsService         : getDistance called
2023-01-20T14:46:40.377+01:00  INFO 5134 --- [ool-3-thread-31] tourGuide.service.RewardsService         : getDistance called
2023-01-20T14:46:40.377+01:00  INFO 5134 --- [ool-3-thread-30] tourGuide.service.RewardsService         : nearAttraction called with El Paso Zoo
2023-01-20T14:46:40.377+01:00  INFO 5134 --- [ool-3-thread-25] tourGuide.service.RewardsService         : nearAttraction called with Kansas City Zoo
2023-01-20T14:46:40.377+01:00  INFO 5134 --- [ool-3-thread-63] tourGuide.service.RewardsService         : getDistance called
2023-01-20T14:46:40.377+01:00  INFO 5134 --- [ool-3-thread-61] tourGuide.service.RewardsService         : nearAttraction called with Bronx Zoo
2023-01-20T14:46:40.377+01:00  INFO 5134 --- [pool-3-thread-9] tourGuide.service.RewardsService         : getDistance called
2023-01-20T14:46:40.378+01:00  INFO 5134 --- [ool-3-thread-42] tourGuide.service.RewardsService         : nearAttraction called with Cinderella Castle
2023-01-20T14:46:40.378+01:00  INFO 5134 --- [ool-3-thread-26] tourGuide.service.RewardsService         : nearAttraction called with Jackson Hole
2023-01-20T14:46:40.378+01:00  INFO 5134 --- [ool-3-thread-10] tourGuide.service.RewardsService         : nearAttraction called with Mojave National Preserve
2023-01-20T14:46:40.384+01:00  INFO 5134 --- [ool-3-thread-42] tourGuide.service.RewardsService         : getDistance called
2023-01-20T14:46:40.384+01:00  INFO 5134 --- [ool-3-thread-10] tourGuide.service.RewardsService         : getDistance called
2023-01-20T14:46:40.377+01:00  INFO 5134 --- [ool-3-thread-22] tourGuide.service.RewardsService         : getDistance called
2023-01-20T14:46:40.378+01:00  INFO 5134 --- [ool-3-thread-67] tourGuide.service.RewardsService         : getDistance called
2023-01-20T14:46:40.378+01:00  INFO 5134 --- [ool-3-thread-43] tourGuide.service.RewardsService         : nearAttraction called with Buffalo National River
2023-01-20T14:46:40.384+01:00  INFO 5134 --- [ool-3-thread-22] tourGuide.service.RewardsService         : nearAttraction called with Legend Valley
2023-01-20T14:46:40.378+01:00  INFO 5134 --- [ool-3-thread-40] tourGuide.service.RewardsService         : nearAttraction called with Hot Springs National Park
2023-01-20T14:46:40.384+01:00  INFO 5134 --- [ool-3-thread-22] tourGuide.service.RewardsService         : getDistance called
2023-01-20T14:46:40.378+01:00  INFO 5134 --- [ool-3-thread-64] tourGuide.service.RewardsService         : nearAttraction called with Kartchner Caverns State Park
2023-01-20T14:46:40.378+01:00  INFO 5134 --- [ool-3-thread-38] tourGuide.service.RewardsService         : nearAttraction called with Legend Valley
2023-01-20T14:46:40.378+01:00  INFO 5134 --- [ool-3-thread-41] tourGuide.service.RewardsService         : getDistance called
2023-01-20T14:46:40.384+01:00  INFO 5134 --- [ool-3-thread-38] tourGuide.service.RewardsService         : getDistance called
2023-01-20T14:46:40.378+01:00  INFO 5134 --- [ool-3-thread-23] tourGuide.service.RewardsService         : nearAttraction called with Flowers Bakery of London
2023-01-20T14:46:40.384+01:00  INFO 5134 --- [ool-3-thread-38] tourGuide.service.RewardsService         : nearAttraction called with McKinley Tower
2023-01-20T14:46:40.379+01:00  INFO 5134 --- [pool-3-thread-6] tourGuide.service.RewardsService         : getDistance called
2023-01-20T14:46:40.384+01:00  INFO 5134 --- [ool-3-thread-38] tourGuide.service.RewardsService         : getDistance called
2023-01-20T14:46:40.379+01:00  INFO 5134 --- [pool-3-thread-7] tourGuide.service.RewardsService         : getDistance called
2023-01-20T14:46:40.379+01:00  INFO 5134 --- [ool-3-thread-24] tourGuide.service.RewardsService         : getDistance called
2023-01-20T14:46:40.379+01:00  INFO 5134 --- [ool-3-thread-15] tourGuide.service.RewardsService         : nearAttraction called with Flatiron Building
2023-01-20T14:46:40.385+01:00  INFO 5134 --- [ool-3-thread-15] tourGuide.service.RewardsService         : getDistance called
2023-01-20T14:46:40.379+01:00  INFO 5134 --- [ool-3-thread-50] tourGuide.service.RewardsService         : getDistance called
2023-01-20T14:46:40.379+01:00  INFO 5134 --- [ool-3-thread-65] tourGuide.service.RewardsService         : nearAttraction called with Fallingwater
2023-01-20T14:46:40.379+01:00  INFO 5134 --- [pool-3-thread-4] tourGuide.service.RewardsService         : nearAttraction called with Roger Dean Stadium
2023-01-20T14:46:40.379+01:00  INFO 5134 --- [ool-3-thread-27] tourGuide.service.RewardsService         : getDistance called
2023-01-20T14:46:40.379+01:00  INFO 5134 --- [ool-3-thread-33] tourGuide.service.RewardsService         : nearAttraction called with Bryant-Denny Stadium
2023-01-20T14:46:40.379+01:00  INFO 5134 --- [ool-3-thread-32] tourGuide.service.RewardsService         : getDistance called
2023-01-20T14:46:40.385+01:00  INFO 5134 --- [ool-3-thread-27] tourGuide.service.RewardsService         : nearAttraction called with Texas Memorial Stadium
2023-01-20T14:46:40.380+01:00  INFO 5134 --- [ool-3-thread-11] tourGuide.service.RewardsService         : getDistance called
2023-01-20T14:46:40.385+01:00  INFO 5134 --- [ool-3-thread-32] tourGuide.service.RewardsService         : nearAttraction called with Roger Dean Stadium
2023-01-20T14:46:40.380+01:00  INFO 5134 --- [ool-3-thread-28] tourGuide.service.RewardsService         : getDistance called
2023-01-20T14:46:40.380+01:00  INFO 5134 --- [ool-3-thread-37] tourGuide.service.RewardsService         : nearAttraction called with Neyland Stadium
2023-01-20T14:46:40.380+01:00  INFO 5134 --- [ool-3-thread-29] tourGuide.service.RewardsService         : getDistance called
2023-01-20T14:46:40.380+01:00  INFO 5134 --- [ool-3-thread-48] tourGuide.service.RewardsService         : nearAttraction called with Kyle Field
2023-01-20T14:46:40.380+01:00  INFO 5134 --- [ool-3-thread-57] tourGuide.service.RewardsService         : nearAttraction called with San Diego Zoo
2023-01-20T14:46:40.386+01:00  INFO 5134 --- [ool-3-thread-29] tourGuide.service.RewardsService         : nearAttraction called with Tiger Stadium
2023-01-20T14:46:40.386+01:00  INFO 5134 --- [ool-3-thread-57] tourGuide.service.RewardsService         : getDistance called
2023-01-20T14:46:40.380+01:00  INFO 5134 --- [ool-3-thread-53] tourGuide.service.RewardsService         : getDistance called
2023-01-20T14:46:40.380+01:00  INFO 5134 --- [ool-3-thread-51] tourGuide.service.RewardsService         : nearAttraction called with Franklin Park Zoo
2023-01-20T14:46:40.380+01:00  INFO 5134 --- [pool-3-thread-5] tourGuide.service.RewardsService         : nearAttraction called with El Paso Zoo
2023-01-20T14:46:40.386+01:00  INFO 5134 --- [ool-3-thread-51] tourGuide.service.RewardsService         : getDistance called
2023-01-20T14:46:40.380+01:00  INFO 5134 --- [ool-3-thread-45] tourGuide.service.RewardsService         : nearAttraction called with Kansas City Zoo
2023-01-20T14:46:40.380+01:00  INFO 5134 --- [ool-3-thread-52] tourGuide.service.RewardsService         : getDistance called
2023-01-20T14:46:40.380+01:00  INFO 5134 --- [ool-3-thread-60] tourGuide.service.RewardsService         : nearAttraction called with Bronx Zoo
2023-01-20T14:46:40.381+01:00  INFO 5134 --- [ool-3-thread-44] tourGuide.service.RewardsService         : getDistance called
2023-01-20T14:46:40.381+01:00  INFO 5134 --- [ool-3-thread-55] tourGuide.service.RewardsService         : nearAttraction called with Texas Memorial Stadium
2023-01-20T14:46:40.381+01:00  INFO 5134 --- [ool-3-thread-16] tourGuide.service.RewardsService         : getDistance called
2023-01-20T14:46:40.381+01:00  INFO 5134 --- [ool-4-thread-43] tourGuide.service.RewardsService         : Rewards of internalUser7 calculated by calculateRewards
2023-01-20T14:46:40.381+01:00  INFO 5134 --- [ool-3-thread-62] tourGuide.service.RewardsService         : getDistance called
2023-01-20T14:46:40.381+01:00  INFO 5134 --- [ool-3-thread-12] tourGuide.service.RewardsService         : nearAttraction called with Bryant-Denny Stadium
2023-01-20T14:46:40.381+01:00  INFO 5134 --- [ool-3-thread-68] tourGuide.service.RewardsService         : nearAttraction called with Tiger Stadium
2023-01-20T14:46:40.381+01:00  INFO 5134 --- [ool-3-thread-47] tourGuide.service.RewardsService         : nearAttraction called with Neyland Stadium
2023-01-20T14:46:40.387+01:00  INFO 5134 --- [ool-3-thread-68] tourGuide.service.RewardsService         : getDistance called
2023-01-20T14:46:40.381+01:00  INFO 5134 --- [ool-3-thread-56] tourGuide.service.RewardsService         : nearAttraction called with Kyle Field
2023-01-20T14:46:40.381+01:00  INFO 5134 --- [ool-3-thread-49] tourGuide.service.RewardsService         : nearAttraction called with San Diego Zoo
2023-01-20T14:46:40.387+01:00  INFO 5134 --- [ool-3-thread-56] tourGuide.service.RewardsService         : getDistance called
2023-01-20T14:46:40.381+01:00  INFO 5134 --- [ool-3-thread-54] tourGuide.service.RewardsService         : nearAttraction called with Zoo Tampa at Lowry Park
2023-01-20T14:46:40.381+01:00  INFO 5134 --- [ool-3-thread-69] tourGuide.service.RewardsService         : getDistance called
2023-01-20T14:46:40.387+01:00  INFO 5134 --- [ool-3-thread-54] tourGuide.service.RewardsService         : getDistance called
2023-01-20T14:46:40.382+01:00  INFO 5134 --- [ool-3-thread-58] tourGuide.service.RewardsService         : getDistance called
2023-01-20T14:46:40.382+01:00  INFO 5134 --- [ool-3-thread-18] tourGuide.service.RewardsService         : getDistance called
2023-01-20T14:46:40.382+01:00  INFO 5134 --- [pool-3-thread-8] tourGuide.service.RewardsService         : nearAttraction called with Kansas City Zoo
2023-01-20T14:46:40.388+01:00  INFO 5134 --- [ool-3-thread-18] tourGuide.service.RewardsService         : nearAttraction called with Kyle Field
2023-01-20T14:46:40.382+01:00  INFO 5134 --- [ool-3-thread-66] tourGuide.service.RewardsService         : getDistance called
2023-01-20T14:46:40.388+01:00  INFO 5134 --- [ool-3-thread-18] tourGuide.service.RewardsService         : getDistance called
2023-01-20T14:46:40.382+01:00  INFO 5134 --- [pool-3-thread-1] tourGuide.service.RewardsService         : nearAttraction called with Cinderella Castle
2023-01-20T14:46:40.388+01:00  INFO 5134 --- [ool-3-thread-66] tourGuide.service.RewardsService         : nearAttraction called with San Diego Zoo
2023-01-20T14:46:40.382+01:00  INFO 5134 --- [ool-3-thread-17] tourGuide.service.RewardsService         : getDistance called
2023-01-20T14:46:40.388+01:00  INFO 5134 --- [ool-3-thread-66] tourGuide.service.RewardsService         : getDistance called
2023-01-20T14:46:40.382+01:00  INFO 5134 --- [ool-3-thread-39] tourGuide.service.RewardsService         : nearAttraction called with Disneyland
2023-01-20T14:46:40.382+01:00  INFO 5134 --- [pool-3-thread-3] tourGuide.service.RewardsService         : getDistance called
2023-01-20T14:46:40.388+01:00  INFO 5134 --- [ool-3-thread-39] tourGuide.service.RewardsService         : getDistance called
2023-01-20T14:46:40.382+01:00  INFO 5134 --- [ool-3-thread-19] tourGuide.service.RewardsService         : nearAttraction called with Disneyland
2023-01-20T14:46:40.382+01:00  INFO 5134 --- [ool-3-thread-35] tourGuide.service.RewardsService         : getDistance called
2023-01-20T14:46:40.388+01:00  INFO 5134 --- [ool-3-thread-19] tourGuide.service.RewardsService         : getDistance called
2023-01-20T14:46:40.382+01:00  INFO 5134 --- [ool-3-thread-14] tourGuide.service.RewardsService         : nearAttraction called with Jackson Hole
2023-01-20T14:46:40.383+01:00  INFO 5134 --- [ool-3-thread-46] tourGuide.service.RewardsService         : nearAttraction called with Jackson Hole
2023-01-20T14:46:40.388+01:00  INFO 5134 --- [ool-3-thread-14] tourGuide.service.RewardsService         : getDistance called
2023-01-20T14:46:40.383+01:00  INFO 5134 --- [ool-3-thread-34] tourGuide.service.RewardsService         : nearAttraction called with Mojave National Preserve
2023-01-20T14:46:40.383+01:00  INFO 5134 --- [ool-3-thread-59] tourGuide.service.RewardsService         : nearAttraction called with Mojave National Preserve
2023-01-20T14:46:40.383+01:00  INFO 5134 --- [pool-3-thread-2] tourGuide.service.RewardsService         : getDistance called
2023-01-20T14:46:40.389+01:00  INFO 5134 --- [ool-3-thread-59] tourGuide.service.RewardsService         : getDistance called
2023-01-20T14:46:40.383+01:00  INFO 5134 --- [ool-3-thread-36] tourGuide.service.RewardsService         : nearAttraction called with Joshua Tree National Park
2023-01-20T14:46:40.383+01:00  INFO 5134 --- [ool-3-thread-20] tourGuide.service.RewardsService         : nearAttraction called with Buffalo National River
2023-01-20T14:46:40.389+01:00  INFO 5134 --- [ool-3-thread-36] tourGuide.service.RewardsService         : getDistance called
2023-01-20T14:46:40.383+01:00  INFO 5134 --- [ool-3-thread-21] tourGuide.service.RewardsService         : nearAttraction called with Joshua Tree National Park
2023-01-20T14:46:40.383+01:00  INFO 5134 --- [ool-3-thread-13] tourGuide.service.RewardsService         : nearAttraction called with Hot Springs National Park
2023-01-20T14:46:40.389+01:00  INFO 5134 --- [ool-3-thread-21] tourGuide.service.RewardsService         : getDistance called
2023-01-20T14:46:40.383+01:00  INFO 5134 --- [ool-3-thread-70] tourGuide.service.RewardsService         : nearAttraction called with Buffalo National River
2023-01-20T14:46:40.383+01:00  INFO 5134 --- [ool-3-thread-31] tourGuide.service.RewardsService         : nearAttraction called with Kartchner Caverns State Park
2023-01-20T14:46:40.383+01:00  INFO 5134 --- [ool-3-thread-30] tourGuide.service.RewardsService         : getDistance called
2023-01-20T14:46:40.389+01:00  INFO 5134 --- [ool-3-thread-31] tourGuide.service.RewardsService         : getDistance called
2023-01-20T14:46:40.383+01:00  INFO 5134 --- [ool-3-thread-25] tourGuide.service.RewardsService         : getDistance called
2023-01-20T14:46:40.389+01:00  INFO 5134 --- [ool-3-thread-31] tourGuide.service.RewardsService         : nearAttraction called with Flatiron Building
2023-01-20T14:46:40.383+01:00  INFO 5134 --- [ool-3-thread-63] tourGuide.service.RewardsService         : nearAttraction called with Hot Springs National Park
2023-01-20T14:46:40.389+01:00  INFO 5134 --- [ool-3-thread-31] tourGuide.service.RewardsService         : getDistance called
2023-01-20T14:46:40.383+01:00  INFO 5134 --- [ool-3-thread-61] tourGuide.service.RewardsService         : getDistance called
2023-01-20T14:46:40.389+01:00  INFO 5134 --- [ool-3-thread-31] tourGuide.service.RewardsService         : nearAttraction called with Union Station
2023-01-20T14:46:40.384+01:00  INFO 5134 --- [pool-3-thread-9] tourGuide.service.RewardsService         : nearAttraction called with Legend Valley
2023-01-20T14:46:40.384+01:00  INFO 5134 --- [ool-3-thread-26] tourGuide.service.RewardsService         : getDistance called
2023-01-20T14:46:40.384+01:00  INFO 5134 --- [ool-3-thread-42] tourGuide.service.RewardsService         : nearAttraction called with Kartchner Caverns State Park
2023-01-20T14:46:40.384+01:00  INFO 5134 --- [ool-3-thread-10] tourGuide.service.RewardsService         : nearAttraction called with Flowers Bakery of London
2023-01-20T14:46:40.390+01:00  INFO 5134 --- [ool-3-thread-42] tourGuide.service.RewardsService         : getDistance called
2023-01-20T14:46:40.384+01:00  INFO 5134 --- [ool-3-thread-67] tourGuide.service.RewardsService         : nearAttraction called with McKinley Tower
2023-01-20T14:46:40.384+01:00  INFO 5134 --- [ool-3-thread-43] tourGuide.service.RewardsService         : getDistance called
2023-01-20T14:46:40.390+01:00  INFO 5134 --- [ool-3-thread-67] tourGuide.service.RewardsService         : getDistance called
2023-01-20T14:46:40.384+01:00  INFO 5134 --- [ool-3-thread-40] tourGuide.service.RewardsService         : getDistance called
2023-01-20T14:46:40.390+01:00  INFO 5134 --- [ool-3-thread-67] tourGuide.service.RewardsService         : nearAttraction called with Neyland Stadium
2023-01-20T14:46:40.384+01:00  INFO 5134 --- [ool-3-thread-22] tourGuide.service.RewardsService         : nearAttraction called with Flowers Bakery of London
2023-01-20T14:46:40.384+01:00  INFO 5134 --- [ool-3-thread-64] tourGuide.service.RewardsService         : getDistance called
2023-01-20T14:46:40.390+01:00  INFO 5134 --- [ool-3-thread-22] tourGuide.service.RewardsService         : getDistance called
2023-01-20T14:46:40.384+01:00  INFO 5134 --- [ool-3-thread-41] tourGuide.service.RewardsService         : nearAttraction called with Flatiron Building
2023-01-20T14:46:40.384+01:00  INFO 5134 --- [ool-3-thread-23] tourGuide.service.RewardsService         : getDistance called
2023-01-20T14:46:40.385+01:00  INFO 5134 --- [pool-3-thread-6] tourGuide.service.RewardsService         : nearAttraction called with Fallingwater
2023-01-20T14:46:40.385+01:00  INFO 5134 --- [ool-3-thread-38] tourGuide.service.RewardsService         : nearAttraction called with Flatiron Building
2023-01-20T14:46:40.390+01:00  INFO 5134 --- [pool-3-thread-6] tourGuide.service.RewardsService         : getDistance called
2023-01-20T14:46:40.385+01:00  INFO 5134 --- [pool-3-thread-7] tourGuide.service.RewardsService         : nearAttraction called with Union Station
2023-01-20T14:46:40.391+01:00  INFO 5134 --- [ool-3-thread-38] tourGuide.service.RewardsService         : getDistance called
2023-01-20T14:46:40.385+01:00  INFO 5134 --- [ool-3-thread-24] tourGuide.service.RewardsService         : nearAttraction called with Fallingwater
2023-01-20T14:46:40.385+01:00  INFO 5134 --- [ool-3-thread-15] tourGuide.service.RewardsService         : nearAttraction called with Roger Dean Stadium
2023-01-20T14:46:40.391+01:00  INFO 5134 --- [ool-3-thread-24] tourGuide.service.RewardsService         : getDistance called
2023-01-20T14:46:40.391+01:00  INFO 5134 --- [ool-3-thread-15] tourGuide.service.RewardsService         : getDistance called
2023-01-20T14:46:40.385+01:00  INFO 5134 --- [ool-3-thread-50] tourGuide.service.RewardsService         : nearAttraction called with Union Station
2023-01-20T14:46:40.391+01:00  INFO 5134 --- [ool-3-thread-24] tourGuide.service.RewardsService         : nearAttraction called with Bronx Zoo
2023-01-20T14:46:40.385+01:00  INFO 5134 --- [ool-3-thread-65] tourGuide.service.RewardsService         : getDistance called
2023-01-20T14:46:40.391+01:00  INFO 5134 --- [ool-3-thread-24] tourGuide.service.RewardsService         : getDistance called
2023-01-20T14:46:40.385+01:00  INFO 5134 --- [pool-3-thread-4] tourGuide.service.RewardsService         : getDistance called
2023-01-20T14:46:40.385+01:00  INFO 5134 --- [ool-3-thread-33] tourGuide.service.RewardsService         : getDistance called
2023-01-20T14:46:40.385+01:00  INFO 5134 --- [ool-3-thread-27] tourGuide.service.RewardsService         : getDistance called
2023-01-20T14:46:40.391+01:00  INFO 5134 --- [ool-3-thread-33] tourGuide.service.RewardsService         : nearAttraction called with Joshua Tree National Park
2023-01-20T14:46:40.386+01:00  INFO 5134 --- [ool-3-thread-11] tourGuide.service.RewardsService         : nearAttraction called with Texas Memorial Stadium
2023-01-20T14:46:40.391+01:00  INFO 5134 --- [ool-3-thread-33] tourGuide.service.RewardsService         : getDistance called
2023-01-20T14:46:40.386+01:00  INFO 5134 --- [ool-3-thread-28] tourGuide.service.RewardsService         : nearAttraction called with Bryant-Denny Stadium
2023-01-20T14:46:40.386+01:00  INFO 5134 --- [ool-3-thread-32] tourGuide.service.RewardsService         : getDistance called
2023-01-20T14:46:40.391+01:00  INFO 5134 --- [ool-3-thread-28] tourGuide.service.RewardsService         : getDistance called
2023-01-20T14:46:40.386+01:00  INFO 5134 --- [ool-3-thread-37] tourGuide.service.RewardsService         : getDistance called
2023-01-20T14:46:40.392+01:00  INFO 5134 --- [ool-3-thread-28] tourGuide.service.RewardsService         : nearAttraction called with Legend Valley
2023-01-20T14:46:40.386+01:00  INFO 5134 --- [ool-3-thread-48] tourGuide.service.RewardsService         : getDistance called
2023-01-20T14:46:40.392+01:00  INFO 5134 --- [ool-3-thread-37] tourGuide.service.RewardsService         : nearAttraction called with Flowers Bakery of London
2023-01-20T14:46:40.386+01:00  INFO 5134 --- [ool-4-thread-25] tourGuide.service.RewardsService         : Rewards of internalUser16 calculated by calculateRewards
2023-01-20T14:46:40.386+01:00  INFO 5134 --- [ool-3-thread-29] tourGuide.service.RewardsService         : getDistance called
2023-01-20T14:46:40.386+01:00  INFO 5134 --- [ool-3-thread-57] tourGuide.service.RewardsService         : nearAttraction called with Neyland Stadium
2023-01-20T14:46:40.386+01:00  INFO 5134 --- [ool-3-thread-53] tourGuide.service.RewardsService         : nearAttraction called with Kyle Field
2023-01-20T14:46:40.392+01:00  INFO 5134 --- [ool-3-thread-57] tourGuide.service.RewardsService         : getDistance called
2023-01-20T14:46:40.386+01:00  INFO 5134 --- [pool-3-thread-5] tourGuide.service.RewardsService         : getDistance called
2023-01-20T14:46:40.386+01:00  INFO 5134 --- [ool-3-thread-51] tourGuide.service.RewardsService         : nearAttraction called with San Diego Zoo
2023-01-20T14:46:40.386+01:00  INFO 5134 --- [ool-3-thread-45] tourGuide.service.RewardsService         : getDistance called
2023-01-20T14:46:40.386+01:00  INFO 5134 --- [ool-3-thread-52] tourGuide.service.RewardsService         : nearAttraction called with Zoo Tampa at Lowry Park
2023-01-20T14:46:40.386+01:00  INFO 5134 --- [ool-3-thread-60] tourGuide.service.RewardsService         : getDistance called
2023-01-20T14:46:40.392+01:00  INFO 5134 --- [ool-3-thread-52] tourGuide.service.RewardsService         : getDistance called
2023-01-20T14:46:40.387+01:00  INFO 5134 --- [ool-3-thread-55] tourGuide.service.RewardsService         : getDistance called
2023-01-20T14:46:40.392+01:00  INFO 5134 --- [ool-3-thread-52] tourGuide.service.RewardsService         : nearAttraction called with Bryant-Denny Stadium
2023-01-20T14:46:40.387+01:00  INFO 5134 --- [ool-3-thread-44] tourGuide.service.RewardsService         : nearAttraction called with Franklin Park Zoo
2023-01-20T14:46:40.387+01:00  INFO 5134 --- [ool-3-thread-16] tourGuide.service.RewardsService         : nearAttraction called with El Paso Zoo
2023-01-20T14:46:40.393+01:00  INFO 5134 --- [ool-3-thread-52] tourGuide.service.RewardsService         : getDistance called
2023-01-20T14:46:40.387+01:00  INFO 5134 --- [ool-3-thread-62] tourGuide.service.RewardsService         : nearAttraction called with Kansas City Zoo
2023-01-20T14:46:40.387+01:00  INFO 5134 --- [ool-3-thread-12] tourGuide.service.RewardsService         : getDistance called
2023-01-20T14:46:40.393+01:00  INFO 5134 --- [ool-3-thread-62] tourGuide.service.RewardsService         : getDistance called
2023-01-20T14:46:40.387+01:00  INFO 5134 --- [ool-3-thread-47] tourGuide.service.RewardsService         : getDistance called
2023-01-20T14:46:40.387+01:00  INFO 5134 --- [ool-3-thread-68] tourGuide.service.RewardsService         : nearAttraction called with Bronx Zoo
2023-01-20T14:46:40.387+01:00  INFO 5134 --- [ool-3-thread-49] tourGuide.service.RewardsService         : getDistance called
2023-01-20T14:46:40.393+01:00  INFO 5134 --- [ool-3-thread-68] tourGuide.service.RewardsService         : getDistance called
2023-01-20T14:46:40.387+01:00  INFO 5134 --- [ool-3-thread-56] tourGuide.service.RewardsService         : nearAttraction called with Cinderella Castle
2023-01-20T14:46:40.393+01:00  INFO 5134 --- [ool-3-thread-68] tourGuide.service.RewardsService         : nearAttraction called with El Paso Zoo
2023-01-20T14:46:40.393+01:00  INFO 5134 --- [ool-3-thread-56] tourGuide.service.RewardsService         : getDistance called
2023-01-20T14:46:40.393+01:00  INFO 5134 --- [ool-3-thread-68] tourGuide.service.RewardsService         : getDistance called
2023-01-20T14:46:40.387+01:00  INFO 5134 --- [ool-3-thread-69] tourGuide.service.RewardsService         : nearAttraction called with Bryant-Denny Stadium
2023-01-20T14:46:40.387+01:00  INFO 5134 --- [ool-3-thread-54] tourGuide.service.RewardsService         : nearAttraction called with Tiger Stadium
2023-01-20T14:46:40.393+01:00  INFO 5134 --- [ool-3-thread-69] tourGuide.service.RewardsService         : getDistance called
2023-01-20T14:46:40.388+01:00  INFO 5134 --- [ool-3-thread-58] tourGuide.service.RewardsService         : nearAttraction called with Neyland Stadium
2023-01-20T14:46:40.388+01:00  INFO 5134 --- [ool-4-thread-61] tourGuide.service.RewardsService         : Rewards of internalUser38 calculated by calculateRewards
2023-01-20T14:46:40.394+01:00  INFO 5134 --- [ool-3-thread-58] tourGuide.service.RewardsService         : getDistance called
2023-01-20T14:46:40.388+01:00  INFO 5134 --- [pool-3-thread-8] tourGuide.service.RewardsService         : getDistance called
2023-01-20T14:46:40.388+01:00  INFO 5134 --- [ool-3-thread-18] tourGuide.service.RewardsService         : nearAttraction called with Zoo Tampa at Lowry Park
2023-01-20T14:46:40.388+01:00  INFO 5134 --- [pool-3-thread-1] tourGuide.service.RewardsService         : getDistance called
2023-01-20T14:46:40.394+01:00  INFO 5134 --- [ool-3-thread-18] tourGuide.service.RewardsService         : getDistance called
2023-01-20T14:46:40.388+01:00  INFO 5134 --- [ool-3-thread-17] tourGuide.service.RewardsService         : nearAttraction called with Franklin Park Zoo
2023-01-20T14:46:40.394+01:00  INFO 5134 --- [pool-3-thread-1] tourGuide.service.RewardsService         : nearAttraction called with Flatiron Building
2023-01-20T14:46:40.394+01:00  INFO 5134 --- [ool-3-thread-17] tourGuide.service.RewardsService         : getDistance called
2023-01-20T14:46:40.394+01:00  INFO 5134 --- [pool-3-thread-1] tourGuide.service.RewardsService         : getDistance called
2023-01-20T14:46:40.388+01:00  INFO 5134 --- [ool-3-thread-66] tourGuide.service.RewardsService         : nearAttraction called with El Paso Zoo
2023-01-20T14:46:40.388+01:00  INFO 5134 --- [pool-3-thread-3] tourGuide.service.RewardsService         : nearAttraction called with Kansas City Zoo
2023-01-20T14:46:40.388+01:00  INFO 5134 --- [ool-3-thread-39] tourGuide.service.RewardsService         : nearAttraction called with Bronx Zoo
2023-01-20T14:46:40.394+01:00  INFO 5134 --- [pool-3-thread-3] tourGuide.service.RewardsService         : getDistance called
2023-01-20T14:46:40.388+01:00  INFO 5134 --- [ool-3-thread-35] tourGuide.service.RewardsService         : nearAttraction called with Cinderella Castle
2023-01-20T14:46:40.388+01:00  INFO 5134 --- [ool-3-thread-19] tourGuide.service.RewardsService         : nearAttraction called with Joshua Tree National Park
2023-01-20T14:46:40.388+01:00  INFO 5134 --- [ool-3-thread-46] tourGuide.service.RewardsService         : getDistance called
2023-01-20T14:46:40.394+01:00  INFO 5134 --- [ool-3-thread-19] tourGuide.service.RewardsService         : getDistance called
2023-01-20T14:46:40.388+01:00  INFO 5134 --- [ool-3-thread-14] tourGuide.service.RewardsService         : nearAttraction called with Buffalo National River
2023-01-20T14:46:40.389+01:00  INFO 5134 --- [ool-3-thread-34] tourGuide.service.RewardsService         : getDistance called
2023-01-20T14:46:40.395+01:00  INFO 5134 --- [ool-3-thread-14] tourGuide.service.RewardsService         : getDistance called
2023-01-20T14:46:40.389+01:00  INFO 5134 --- [pool-3-thread-2] tourGuide.service.RewardsService         : nearAttraction called with Hot Springs National Park
2023-01-20T14:46:40.389+01:00  INFO 5134 --- [ool-3-thread-59] tourGuide.service.RewardsService         : nearAttraction called with Kartchner Caverns State Park
2023-01-20T14:46:40.395+01:00  INFO 5134 --- [ool-3-thread-14] tourGuide.service.RewardsService         : nearAttraction called with Neyland Stadium
2023-01-20T14:46:40.389+01:00  INFO 5134 --- [ool-3-thread-20] tourGuide.service.RewardsService         : getDistance called
2023-01-20T14:46:40.395+01:00  INFO 5134 --- [ool-3-thread-14] tourGuide.service.RewardsService         : getDistance called
2023-01-20T14:46:40.389+01:00  INFO 5134 --- [ool-3-thread-36] tourGuide.service.RewardsService         : nearAttraction called with Legend Valley
2023-01-20T14:46:40.389+01:00  INFO 5134 --- [ool-3-thread-13] tourGuide.service.RewardsService         : getDistance called
2023-01-20T14:46:40.389+01:00  INFO 5134 --- [ool-3-thread-21] tourGuide.service.RewardsService         : nearAttraction called with Flowers Bakery of London
2023-01-20T14:46:40.389+01:00  INFO 5134 --- [ool-3-thread-70] tourGuide.service.RewardsService         : getDistance called
2023-01-20T14:46:40.389+01:00  INFO 5134 --- [ool-3-thread-30] tourGuide.service.RewardsService         : nearAttraction called with McKinley Tower
2023-01-20T14:46:40.389+01:00  INFO 5134 --- [ool-3-thread-25] tourGuide.service.RewardsService         : nearAttraction called with Fallingwater
2023-01-20T14:46:40.395+01:00  INFO 5134 --- [ool-3-thread-30] tourGuide.service.RewardsService         : getDistance called
2023-01-20T14:46:40.395+01:00  INFO 5134 --- [ool-3-thread-25] tourGuide.service.RewardsService         : getDistance called
2023-01-20T14:46:40.389+01:00  INFO 5134 --- [ool-3-thread-63] tourGuide.service.RewardsService         : getDistance called
2023-01-20T14:46:40.390+01:00  INFO 5134 --- [ool-3-thread-61] tourGuide.service.RewardsService         : nearAttraction called with Roger Dean Stadium
2023-01-20T14:46:40.390+01:00  INFO 5134 --- [ool-3-thread-31] tourGuide.service.RewardsService         : getDistance called
2023-01-20T14:46:40.396+01:00  INFO 5134 --- [ool-3-thread-61] tourGuide.service.RewardsService         : getDistance called
2023-01-20T14:46:40.390+01:00  INFO 5134 --- [ool-4-thread-37] tourGuide.service.RewardsService         : Rewards of internalUser95 calculated by calculateRewards
2023-01-20T14:46:40.390+01:00  INFO 5134 --- [pool-3-thread-9] tourGuide.service.RewardsService         : getDistance called
2023-01-20T14:46:40.390+01:00  INFO 5134 --- [ool-3-thread-26] tourGuide.service.RewardsService         : nearAttraction called with Texas Memorial Stadium
2023-01-20T14:46:40.396+01:00  INFO 5134 --- [pool-3-thread-9] tourGuide.service.RewardsService         : nearAttraction called with El Paso Zoo
2023-01-20T14:46:40.396+01:00  INFO 5134 --- [ool-3-thread-26] tourGuide.service.RewardsService         : getDistance called
2023-01-20T14:46:40.390+01:00  INFO 5134 --- [ool-3-thread-10] tourGuide.service.RewardsService         : getDistance called
2023-01-20T14:46:40.390+01:00  INFO 5134 --- [ool-3-thread-42] tourGuide.service.RewardsService         : nearAttraction called with Bryant-Denny Stadium
2023-01-20T14:46:40.396+01:00  INFO 5134 --- [pool-3-thread-9] tourGuide.service.RewardsService         : getDistance called
2023-01-20T14:46:40.396+01:00  INFO 5134 --- [ool-3-thread-42] tourGuide.service.RewardsService         : getDistance called
2023-01-20T14:46:40.390+01:00  INFO 5134 --- [ool-3-thread-43] tourGuide.service.RewardsService         : nearAttraction called with Tiger Stadium
2023-01-20T14:46:40.390+01:00  INFO 5134 --- [ool-3-thread-40] tourGuide.service.RewardsService         : nearAttraction called with Kyle Field
2023-01-20T14:46:40.397+01:00  INFO 5134 --- [ool-3-thread-42] tourGuide.service.RewardsService         : nearAttraction called with Flowers Bakery of London
2023-01-20T14:46:40.397+01:00  INFO 5134 --- [ool-3-thread-40] tourGuide.service.RewardsService         : getDistance called
2023-01-20T14:46:40.397+01:00  INFO 5134 --- [ool-3-thread-42] tourGuide.service.RewardsService         : getDistance called
2023-01-20T14:46:40.390+01:00  INFO 5134 --- [ool-3-thread-67] tourGuide.service.RewardsService         : getDistance called
2023-01-20T14:46:40.390+01:00  INFO 5134 --- [ool-3-thread-64] tourGuide.service.RewardsService         : nearAttraction called with San Diego Zoo
2023-01-20T14:46:40.390+01:00  INFO 5134 --- [ool-3-thread-22] tourGuide.service.RewardsService         : nearAttraction called with Zoo Tampa at Lowry Park
2023-01-20T14:46:40.397+01:00  INFO 5134 --- [ool-3-thread-64] tourGuide.service.RewardsService         : getDistance called
2023-01-20T14:46:40.390+01:00  INFO 5134 --- [ool-3-thread-41] tourGuide.service.RewardsService         : getDistance called
2023-01-20T14:46:40.390+01:00  INFO 5134 --- [ool-3-thread-23] tourGuide.service.RewardsService         : nearAttraction called with Franklin Park Zoo
2023-01-20T14:46:40.391+01:00  INFO 5134 --- [pool-3-thread-6] tourGuide.service.RewardsService         : nearAttraction called with El Paso Zoo
2023-01-20T14:46:40.397+01:00  INFO 5134 --- [ool-3-thread-23] tourGuide.service.RewardsService         : getDistance called
2023-01-20T14:46:40.391+01:00  INFO 5134 --- [pool-3-thread-7] tourGuide.service.RewardsService         : getDistance called
2023-01-20T14:46:40.391+01:00  INFO 5134 --- [ool-3-thread-38] tourGuide.service.RewardsService         : nearAttraction called with Kansas City Zoo
2023-01-20T14:46:40.391+01:00  INFO 5134 --- [ool-3-thread-15] tourGuide.service.RewardsService         : nearAttraction called with Cinderella Castle
2023-01-20T14:46:40.397+01:00  INFO 5134 --- [ool-3-thread-38] tourGuide.service.RewardsService         : getDistance called
2023-01-20T14:46:40.391+01:00  INFO 5134 --- [ool-3-thread-50] tourGuide.service.RewardsService         : getDistance called
2023-01-20T14:46:40.391+01:00  INFO 5134 --- [ool-3-thread-65] tourGuide.service.RewardsService         : nearAttraction called with Disneyland
2023-01-20T14:46:40.398+01:00  INFO 5134 --- [ool-3-thread-38] tourGuide.service.RewardsService         : nearAttraction called with Texas Memorial Stadium
2023-01-20T14:46:40.398+01:00  INFO 5134 --- [ool-3-thread-65] tourGuide.service.RewardsService         : getDistance called
2023-01-20T14:46:40.391+01:00  INFO 5134 --- [ool-3-thread-24] tourGuide.service.RewardsService         : nearAttraction called with Jackson Hole
2023-01-20T14:46:40.398+01:00  INFO 5134 --- [ool-3-thread-65] tourGuide.service.RewardsService         : nearAttraction called with Tiger Stadium
2023-01-20T14:46:40.398+01:00  INFO 5134 --- [ool-3-thread-24] tourGuide.service.RewardsService         : getDistance called
2023-01-20T14:46:40.398+01:00  INFO 5134 --- [ool-3-thread-65] tourGuide.service.RewardsService         : getDistance called
2023-01-20T14:46:40.391+01:00  INFO 5134 --- [pool-3-thread-4] tourGuide.service.RewardsService         : nearAttraction called with Mojave National Preserve
2023-01-20T14:46:40.391+01:00  INFO 5134 --- [ool-3-thread-27] tourGuide.service.RewardsService         : nearAttraction called with Buffalo National River
2023-01-20T14:46:40.398+01:00  INFO 5134 --- [pool-3-thread-4] tourGuide.service.RewardsService         : getDistance called
2023-01-20T14:46:40.391+01:00  INFO 5134 --- [ool-3-thread-11] tourGuide.service.RewardsService         : getDistance called
2023-01-20T14:46:40.391+01:00  INFO 5134 --- [ool-3-thread-33] tourGuide.service.RewardsService         : nearAttraction called with Hot Springs National Park
2023-01-20T14:46:40.392+01:00  INFO 5134 --- [ool-3-thread-32] tourGuide.service.RewardsService         : nearAttraction called with Kartchner Caverns State Park
2023-01-20T14:46:40.398+01:00  INFO 5134 --- [ool-3-thread-11] tourGuide.service.RewardsService         : nearAttraction called with Zoo Tampa at Lowry Park
2023-01-20T14:46:40.398+01:00  INFO 5134 --- [ool-3-thread-32] tourGuide.service.RewardsService         : getDistance called
2023-01-20T14:46:40.398+01:00  INFO 5134 --- [ool-3-thread-11] tourGuide.service.RewardsService         : getDistance called
2023-01-20T14:46:40.392+01:00  INFO 5134 --- [ool-3-thread-28] tourGuide.service.RewardsService         : getDistance called
2023-01-20T14:46:40.398+01:00  INFO 5134 --- [ool-3-thread-11] tourGuide.service.RewardsService         : nearAttraction called with El Paso Zoo
2023-01-20T14:46:40.392+01:00  INFO 5134 --- [ool-3-thread-48] tourGuide.service.RewardsService         : nearAttraction called with McKinley Tower
2023-01-20T14:46:40.392+01:00  INFO 5134 --- [ool-3-thread-37] tourGuide.service.RewardsService         : getDistance called
2023-01-20T14:46:40.399+01:00  INFO 5134 --- [ool-3-thread-11] tourGuide.service.RewardsService         : getDistance called
2023-01-20T14:46:40.392+01:00  INFO 5134 --- [ool-3-thread-29] tourGuide.service.RewardsService         : nearAttraction called with Flatiron Building
2023-01-20T14:46:40.392+01:00  INFO 5134 --- [ool-3-thread-53] tourGuide.service.RewardsService         : getDistance called
2023-01-20T14:46:40.399+01:00  INFO 5134 --- [ool-3-thread-29] tourGuide.service.RewardsService         : getDistance called
2023-01-20T14:46:40.392+01:00  INFO 5134 --- [ool-3-thread-57] tourGuide.service.RewardsService         : nearAttraction called with Fallingwater
2023-01-20T14:46:40.392+01:00  INFO 5134 --- [pool-3-thread-5] tourGuide.service.RewardsService         : nearAttraction called with Union Station
2023-01-20T14:46:40.399+01:00  INFO 5134 --- [ool-3-thread-57] tourGuide.service.RewardsService         : getDistance called
2023-01-20T14:46:40.392+01:00  INFO 5134 --- [ool-3-thread-51] tourGuide.service.RewardsService         : getDistance called
2023-01-20T14:46:40.392+01:00  INFO 5134 --- [ool-3-thread-45] tourGuide.service.RewardsService         : nearAttraction called with Roger Dean Stadium
2023-01-20T14:46:40.392+01:00  INFO 5134 --- [ool-3-thread-60] tourGuide.service.RewardsService         : nearAttraction called with Texas Memorial Stadium
2023-01-20T14:46:40.399+01:00  INFO 5134 --- [ool-3-thread-45] tourGuide.service.RewardsService         : getDistance called
2023-01-20T14:46:40.392+01:00  INFO 5134 --- [ool-4-thread-22] tourGuide.service.RewardsService         : Rewards of internalUser9 calculated by calculateRewards
2023-01-20T14:46:40.393+01:00  INFO 5134 --- [ool-3-thread-55] tourGuide.service.RewardsService         : nearAttraction called with Tiger Stadium
2023-01-20T14:46:40.393+01:00  INFO 5134 --- [ool-3-thread-44] tourGuide.service.RewardsService         : getDistance called
2023-01-20T14:46:40.393+01:00  INFO 5134 --- [ool-3-thread-16] tourGuide.service.RewardsService         : getDistance called
2023-01-20T14:46:40.393+01:00  INFO 5134 --- [ool-3-thread-52] tourGuide.service.RewardsService         : nearAttraction called with Neyland Stadium
2023-01-20T14:46:40.393+01:00  INFO 5134 --- [ool-3-thread-12] tourGuide.service.RewardsService         : nearAttraction called with Kyle Field
2023-01-20T14:46:40.400+01:00  INFO 5134 --- [ool-3-thread-16] tourGuide.service.RewardsService         : nearAttraction called with Flatiron Building
2023-01-20T14:46:40.400+01:00  INFO 5134 --- [ool-3-thread-12] tourGuide.service.RewardsService         : getDistance called
2023-01-20T14:46:40.393+01:00  INFO 5134 --- [ool-3-thread-62] tourGuide.service.RewardsService         : nearAttraction called with San Diego Zoo
2023-01-20T14:46:40.393+01:00  INFO 5134 --- [ool-3-thread-47] tourGuide.service.RewardsService         : nearAttraction called with Zoo Tampa at Lowry Park
2023-01-20T14:46:40.400+01:00  INFO 5134 --- [ool-3-thread-62] tourGuide.service.RewardsService         : getDistance called
2023-01-20T14:46:40.393+01:00  INFO 5134 --- [ool-3-thread-49] tourGuide.service.RewardsService         : nearAttraction called with Franklin Park Zoo
2023-01-20T14:46:40.400+01:00  INFO 5134 --- [ool-3-thread-62] tourGuide.service.RewardsService         : nearAttraction called with Union Station
2023-01-20T14:46:40.393+01:00  INFO 5134 --- [ool-3-thread-68] tourGuide.service.RewardsService         : nearAttraction called with Bronx Zoo
2023-01-20T14:46:40.400+01:00  INFO 5134 --- [ool-3-thread-49] tourGuide.service.RewardsService         : getDistance called
2023-01-20T14:46:40.393+01:00  INFO 5134 --- [ool-3-thread-56] tourGuide.service.RewardsService         : nearAttraction called with Kansas City Zoo
2023-01-20T14:46:40.393+01:00  INFO 5134 --- [ool-3-thread-54] tourGuide.service.RewardsService         : getDistance called
2023-01-20T14:46:40.400+01:00  INFO 5134 --- [ool-3-thread-56] tourGuide.service.RewardsService         : getDistance called
2023-01-20T14:46:40.393+01:00  INFO 5134 --- [ool-3-thread-69] tourGuide.service.RewardsService         : nearAttraction called with Cinderella Castle
2023-01-20T14:46:40.394+01:00  INFO 5134 --- [ool-3-thread-58] tourGuide.service.RewardsService         : nearAttraction called with Flowers Bakery of London
2023-01-20T14:46:40.400+01:00  INFO 5134 --- [ool-3-thread-69] tourGuide.service.RewardsService         : getDistance called
2023-01-20T14:46:40.400+01:00  INFO 5134 --- [ool-3-thread-58] tourGuide.service.RewardsService         : getDistance called
2023-01-20T14:46:40.394+01:00  INFO 5134 --- [pool-3-thread-8] tourGuide.service.RewardsService         : nearAttraction called with McKinley Tower
2023-01-20T14:46:40.394+01:00  INFO 5134 --- [ool-4-thread-26] tourGuide.service.RewardsService         : Rewards of internalUser15 calculated by calculateRewards
2023-01-20T14:46:40.394+01:00  INFO 5134 --- [ool-3-thread-18] tourGuide.service.RewardsService         : nearAttraction called with Fallingwater
2023-01-20T14:46:40.394+01:00  INFO 5134 --- [ool-3-thread-17] tourGuide.service.RewardsService         : nearAttraction called with Union Station
2023-01-20T14:46:40.394+01:00  INFO 5134 --- [pool-3-thread-1] tourGuide.service.RewardsService         : nearAttraction called with Roger Dean Stadium
2023-01-20T14:46:40.401+01:00  INFO 5134 --- [ool-3-thread-17] tourGuide.service.RewardsService         : getDistance called
2023-01-20T14:46:40.394+01:00  INFO 5134 --- [ool-3-thread-66] tourGuide.service.RewardsService         : getDistance called
2023-01-20T14:46:40.394+01:00  INFO 5134 --- [ool-3-thread-39] tourGuide.service.RewardsService         : getDistance called
2023-01-20T14:46:40.394+01:00  INFO 5134 --- [pool-3-thread-3] tourGuide.service.RewardsService         : nearAttraction called with Texas Memorial Stadium
2023-01-20T14:46:40.401+01:00  INFO 5134 --- [ool-3-thread-39] tourGuide.service.RewardsService         : nearAttraction called with Zoo Tampa at Lowry Park
2023-01-20T14:46:40.394+01:00  INFO 5134 --- [ool-3-thread-35] tourGuide.service.RewardsService         : getDistance called
2023-01-20T14:46:40.395+01:00  INFO 5134 --- [ool-3-thread-19] tourGuide.service.RewardsService         : nearAttraction called with Tiger Stadium
2023-01-20T14:46:40.395+01:00  INFO 5134 --- [ool-3-thread-46] tourGuide.service.RewardsService         : nearAttraction called with Bryant-Denny Stadium
2023-01-20T14:46:40.401+01:00  INFO 5134 --- [pool-4-thread-9] tourGuide.service.RewardsService         : Rewards of internalUser72 calculated by calculateRewards
2023-01-20T14:46:40.395+01:00  INFO 5134 --- [ool-3-thread-34] tourGuide.service.RewardsService         : nearAttraction called with Disneyland
2023-01-20T14:46:40.395+01:00  INFO 5134 --- [pool-3-thread-2] tourGuide.service.RewardsService         : getDistance called
2023-01-20T14:46:40.401+01:00  INFO 5134 --- [ool-3-thread-34] tourGuide.service.RewardsService         : getDistance called
2023-01-20T14:46:40.395+01:00  INFO 5134 --- [ool-3-thread-59] tourGuide.service.RewardsService         : getDistance called
2023-01-20T14:46:40.395+01:00  INFO 5134 --- [ool-3-thread-20] tourGuide.service.RewardsService         : nearAttraction called with Jackson Hole
2023-01-20T14:46:40.395+01:00  INFO 5134 --- [ool-3-thread-14] tourGuide.service.RewardsService         : nearAttraction called with Kyle Field
2023-01-20T14:46:40.395+01:00  INFO 5134 --- [ool-3-thread-36] tourGuide.service.RewardsService         : getDistance called
2023-01-20T14:46:40.402+01:00  INFO 5134 --- [ool-3-thread-14] tourGuide.service.RewardsService         : getDistance called
2023-01-20T14:46:40.395+01:00  INFO 5134 --- [ool-3-thread-13] tourGuide.service.RewardsService         : nearAttraction called with Mojave National Preserve
2023-01-20T14:46:40.395+01:00  INFO 5134 --- [ool-3-thread-21] tourGuide.service.RewardsService         : getDistance called
2023-01-20T14:46:40.402+01:00  INFO 5134 --- [ool-3-thread-13] tourGuide.service.RewardsService         : getDistance called
2023-01-20T14:46:40.395+01:00  INFO 5134 --- [ool-3-thread-70] tourGuide.service.RewardsService         : nearAttraction called with San Diego Zoo
2023-01-20T14:46:40.395+01:00  INFO 5134 --- [ool-3-thread-30] tourGuide.service.RewardsService         : nearAttraction called with Joshua Tree National Park
2023-01-20T14:46:40.396+01:00  INFO 5134 --- [ool-3-thread-25] tourGuide.service.RewardsService         : nearAttraction called with Zoo Tampa at Lowry Park
2023-01-20T14:46:40.403+01:00  INFO 5134 --- [ool-3-thread-30] tourGuide.service.RewardsService         : getDistance called
2023-01-20T14:46:40.396+01:00  INFO 5134 --- [ool-3-thread-63] tourGuide.service.RewardsService         : nearAttraction called with Buffalo National River
2023-01-20T14:46:40.396+01:00  INFO 5134 --- [ool-3-thread-31] tourGuide.service.RewardsService         : nearAttraction called with Franklin Park Zoo
2023-01-20T14:46:40.403+01:00  INFO 5134 --- [ool-3-thread-63] tourGuide.service.RewardsService         : getDistance called
2023-01-20T14:46:40.396+01:00  INFO 5134 --- [ool-3-thread-61] tourGuide.service.RewardsService         : nearAttraction called with Hot Springs National Park
2023-01-20T14:46:40.396+01:00  INFO 5134 --- [ool-3-thread-26] tourGuide.service.RewardsService         : nearAttraction called with Kartchner Caverns State Park
2023-01-20T14:46:40.403+01:00  INFO 5134 --- [ool-3-thread-61] tourGuide.service.RewardsService         : getDistance called
2023-01-20T14:46:40.396+01:00  INFO 5134 --- [ool-3-thread-10] tourGuide.service.RewardsService         : nearAttraction called with Kansas City Zoo
2023-01-20T14:46:40.396+01:00  INFO 5134 --- [pool-3-thread-9] tourGuide.service.RewardsService         : nearAttraction called with Legend Valley
2023-01-20T14:46:40.397+01:00  INFO 5134 --- [ool-3-thread-43] tourGuide.service.RewardsService         : getDistance called
2023-01-20T14:46:40.397+01:00  INFO 5134 --- [ool-3-thread-42] tourGuide.service.RewardsService         : nearAttraction called with McKinley Tower
2023-01-20T14:46:40.397+01:00  INFO 5134 --- [ool-3-thread-40] tourGuide.service.RewardsService         : nearAttraction called with Bronx Zoo
2023-01-20T14:46:40.403+01:00  INFO 5134 --- [ool-3-thread-42] tourGuide.service.RewardsService         : getDistance called
2023-01-20T14:46:40.403+01:00  INFO 5134 --- [ool-3-thread-40] tourGuide.service.RewardsService         : getDistance called
2023-01-20T14:46:40.397+01:00  INFO 5134 --- [ool-3-thread-67] tourGuide.service.RewardsService         : nearAttraction called with Cinderella Castle
2023-01-20T14:46:40.397+01:00  INFO 5134 --- [ool-3-thread-22] tourGuide.service.RewardsService         : getDistance called
2023-01-20T14:46:40.397+01:00  INFO 5134 --- [ool-3-thread-64] tourGuide.service.RewardsService         : nearAttraction called with Flatiron Building
2023-01-20T14:46:40.397+01:00  INFO 5134 --- [ool-3-thread-41] tourGuide.service.RewardsService         : nearAttraction called with Fallingwater
2023-01-20T14:46:40.397+01:00  INFO 5134 --- [pool-3-thread-6] tourGuide.service.RewardsService         : getDistance called
2023-01-20T14:46:40.404+01:00  INFO 5134 --- [ool-3-thread-41] tourGuide.service.RewardsService         : getDistance called
2023-01-20T14:46:40.397+01:00  INFO 5134 --- [ool-3-thread-23] tourGuide.service.RewardsService         : nearAttraction called with Union Station
2023-01-20T14:46:40.397+01:00  INFO 5134 --- [pool-3-thread-7] tourGuide.service.RewardsService         : nearAttraction called with Roger Dean Stadium
2023-01-20T14:46:40.404+01:00  INFO 5134 --- [ool-3-thread-23] tourGuide.service.RewardsService         : getDistance called
2023-01-20T14:46:40.397+01:00  INFO 5134 --- [ool-3-thread-15] tourGuide.service.RewardsService         : getDistance called
2023-01-20T14:46:40.398+01:00  INFO 5134 --- [ool-3-thread-50] tourGuide.service.RewardsService         : nearAttraction called with Bryant-Denny Stadium
2023-01-20T14:46:40.398+01:00  INFO 5134 --- [ool-3-thread-38] tourGuide.service.RewardsService         : getDistance called
2023-01-20T14:46:40.404+01:00  INFO 5134 --- [ool-3-thread-15] tourGuide.service.RewardsService         : nearAttraction called with Bryant-Denny Stadium
2023-01-20T14:46:40.398+01:00  INFO 5134 --- [ool-3-thread-24] tourGuide.service.RewardsService         : nearAttraction called with Neyland Stadium
2023-01-20T14:46:40.404+01:00  INFO 5134 --- [ool-3-thread-15] tourGuide.service.RewardsService         : getDistance called
2023-01-20T14:46:40.404+01:00  INFO 5134 --- [ool-3-thread-24] tourGuide.service.RewardsService         : getDistance called
2023-01-20T14:46:40.398+01:00  INFO 5134 --- [ool-3-thread-65] tourGuide.service.RewardsService         : nearAttraction called with Kyle Field
2023-01-20T14:46:40.398+01:00  INFO 5134 --- [ool-3-thread-27] tourGuide.service.RewardsService         : getDistance called
2023-01-20T14:46:40.404+01:00  INFO 5134 --- [ool-3-thread-65] tourGuide.service.RewardsService         : getDistance called
2023-01-20T14:46:40.398+01:00  INFO 5134 --- [pool-3-thread-4] tourGuide.service.RewardsService         : nearAttraction called with San Diego Zoo
2023-01-20T14:46:40.398+01:00  INFO 5134 --- [ool-3-thread-33] tourGuide.service.RewardsService         : getDistance called
2023-01-20T14:46:40.398+01:00  INFO 5134 --- [ool-3-thread-32] tourGuide.service.RewardsService         : nearAttraction called with Franklin Park Zoo
2023-01-20T14:46:40.399+01:00  INFO 5134 --- [ool-3-thread-28] tourGuide.service.RewardsService         : nearAttraction called with Kansas City Zoo
2023-01-20T14:46:40.405+01:00  INFO 5134 --- [ool-3-thread-32] tourGuide.service.RewardsService         : getDistance called
2023-01-20T14:46:40.399+01:00  INFO 5134 --- [ool-3-thread-48] tourGuide.service.RewardsService         : getDistance called
2023-01-20T14:46:40.399+01:00  INFO 5134 --- [ool-3-thread-37] tourGuide.service.RewardsService         : nearAttraction called with Bronx Zoo
2023-01-20T14:46:40.399+01:00  INFO 5134 --- [ool-3-thread-11] tourGuide.service.RewardsService         : nearAttraction called with Cinderella Castle
2023-01-20T14:46:40.405+01:00  INFO 5134 --- [ool-3-thread-37] tourGuide.service.RewardsService         : getDistance called
2023-01-20T14:46:40.399+01:00  INFO 5134 --- [ool-3-thread-53] tourGuide.service.RewardsService         : nearAttraction called with Buffalo National River
2023-01-20T14:46:40.399+01:00  INFO 5134 --- [ool-3-thread-29] tourGuide.service.RewardsService         : nearAttraction called with Hot Springs National Park
2023-01-20T14:46:40.405+01:00  INFO 5134 --- [ool-3-thread-53] tourGuide.service.RewardsService         : getDistance called
2023-01-20T14:46:40.399+01:00  INFO 5134 --- [pool-3-thread-5] tourGuide.service.RewardsService         : getDistance called
2023-01-20T14:46:40.399+01:00  INFO 5134 --- [ool-3-thread-57] tourGuide.service.RewardsService         : nearAttraction called with Kartchner Caverns State Park
2023-01-20T14:46:40.399+01:00  INFO 5134 --- [ool-3-thread-51] tourGuide.service.RewardsService         : nearAttraction called with Legend Valley
2023-01-20T14:46:40.405+01:00  INFO 5134 --- [ool-3-thread-57] tourGuide.service.RewardsService         : getDistance called
2023-01-20T14:46:40.405+01:00  INFO 5134 --- [ool-3-thread-51] tourGuide.service.RewardsService         : getDistance called
2023-01-20T14:46:40.399+01:00  INFO 5134 --- [ool-3-thread-60] tourGuide.service.RewardsService         : getDistance called
2023-01-20T14:46:40.405+01:00  INFO 5134 --- [ool-3-thread-51] tourGuide.service.RewardsService         : nearAttraction called with Mojave National Preserve
2023-01-20T14:46:40.399+01:00  INFO 5134 --- [ool-3-thread-45] tourGuide.service.RewardsService         : nearAttraction called with Flowers Bakery of London
2023-01-20T14:46:40.399+01:00  INFO 5134 --- [ool-3-thread-55] tourGuide.service.RewardsService         : getDistance called
2023-01-20T14:46:40.399+01:00  INFO 5134 --- [ool-3-thread-44] tourGuide.service.RewardsService         : nearAttraction called with McKinley Tower
2023-01-20T14:46:40.400+01:00  INFO 5134 --- [pool-4-thread-4] tourGuide.service.RewardsService         : Rewards of internalUser74 calculated by calculateRewards
2023-01-20T14:46:40.400+01:00  INFO 5134 --- [ool-3-thread-52] tourGuide.service.RewardsService         : getDistance called
2023-01-20T14:46:40.400+01:00  INFO 5134 --- [ool-3-thread-16] tourGuide.service.RewardsService         : getDistance called
2023-01-20T14:46:40.400+01:00  INFO 5134 --- [ool-3-thread-12] tourGuide.service.RewardsService         : nearAttraction called with Fallingwater
2023-01-20T14:46:40.400+01:00  INFO 5134 --- [ool-3-thread-47] tourGuide.service.RewardsService         : getDistance called
2023-01-20T14:46:40.406+01:00  INFO 5134 --- [ool-3-thread-12] tourGuide.service.RewardsService         : getDistance called
2023-01-20T14:46:40.400+01:00  INFO 5134 --- [ool-3-thread-62] tourGuide.service.RewardsService         : getDistance called
2023-01-20T14:46:40.400+01:00  INFO 5134 --- [ool-3-thread-68] tourGuide.service.RewardsService         : getDistance called
2023-01-20T14:46:40.400+01:00  INFO 5134 --- [ool-3-thread-49] tourGuide.service.RewardsService         : nearAttraction called with Roger Dean Stadium
2023-01-20T14:46:40.400+01:00  INFO 5134 --- [ool-3-thread-54] tourGuide.service.RewardsService         : nearAttraction called with Texas Memorial Stadium
2023-01-20T14:46:40.406+01:00  INFO 5134 --- [ool-3-thread-68] tourGuide.service.RewardsService         : nearAttraction called with Flowers Bakery of London
2023-01-20T14:46:40.400+01:00  INFO 5134 --- [ool-3-thread-56] tourGuide.service.RewardsService         : nearAttraction called with Bryant-Denny Stadium
2023-01-20T14:46:40.406+01:00  INFO 5134 --- [ool-3-thread-68] tourGuide.service.RewardsService         : getDistance called
2023-01-20T14:46:40.406+01:00  INFO 5134 --- [ool-3-thread-56] tourGuide.service.RewardsService         : getDistance called
2023-01-20T14:46:40.400+01:00  INFO 5134 --- [ool-3-thread-69] tourGuide.service.RewardsService         : nearAttraction called with Tiger Stadium
2023-01-20T14:46:40.400+01:00  INFO 5134 --- [ool-3-thread-58] tourGuide.service.RewardsService         : nearAttraction called with Neyland Stadium
2023-01-20T14:46:40.407+01:00  INFO 5134 --- [ool-3-thread-69] tourGuide.service.RewardsService         : getDistance called
2023-01-20T14:46:40.400+01:00  INFO 5134 --- [pool-3-thread-8] tourGuide.service.RewardsService         : getDistance called
2023-01-20T14:46:40.401+01:00  INFO 5134 --- [ool-3-thread-18] tourGuide.service.RewardsService         : getDistance called
2023-01-20T14:46:40.401+01:00  INFO 5134 --- [pool-3-thread-1] tourGuide.service.RewardsService         : getDistance called
2023-01-20T14:46:40.401+01:00  INFO 5134 --- [ool-3-thread-17] tourGuide.service.RewardsService         : nearAttraction called with Kyle Field
2023-01-20T14:46:40.401+01:00  INFO 5134 --- [ool-3-thread-66] tourGuide.service.RewardsService         : nearAttraction called with San Diego Zoo
2023-01-20T14:46:40.407+01:00  INFO 5134 --- [pool-3-thread-1] tourGuide.service.RewardsService         : nearAttraction called with Fallingwater
2023-01-20T14:46:40.401+01:00  INFO 5134 --- [pool-3-thread-3] tourGuide.service.RewardsService         : getDistance called
2023-01-20T14:46:40.407+01:00  INFO 5134 --- [pool-3-thread-1] tourGuide.service.RewardsService         : getDistance called
2023-01-20T14:46:40.407+01:00  INFO 5134 --- [pool-3-thread-3] tourGuide.service.RewardsService         : nearAttraction called with Fallingwater
2023-01-20T14:46:40.407+01:00  INFO 5134 --- [pool-3-thread-1] tourGuide.service.RewardsService         : nearAttraction called with Union Station
2023-01-20T14:46:40.401+01:00  INFO 5134 --- [ool-3-thread-39] tourGuide.service.RewardsService         : getDistance called
2023-01-20T14:46:40.407+01:00  INFO 5134 --- [pool-3-thread-1] tourGuide.service.RewardsService         : getDistance called
2023-01-20T14:46:40.401+01:00  INFO 5134 --- [ool-3-thread-35] tourGuide.service.RewardsService         : nearAttraction called with Franklin Park Zoo
2023-01-20T14:46:40.401+01:00  INFO 5134 --- [ool-3-thread-19] tourGuide.service.RewardsService         : getDistance called
2023-01-20T14:46:40.401+01:00  INFO 5134 --- [ool-3-thread-46] tourGuide.service.RewardsService         : getDistance called
2023-01-20T14:46:40.408+01:00  INFO 5134 --- [pool-3-thread-1] tourGuide.service.RewardsService         : nearAttraction called with Roger Dean Stadium
2023-01-20T14:46:40.401+01:00  INFO 5134 --- [pool-3-thread-2] tourGuide.service.RewardsService         : nearAttraction called with El Paso Zoo
2023-01-20T14:46:40.408+01:00  INFO 5134 --- [pool-3-thread-1] tourGuide.service.RewardsService         : getDistance called
2023-01-20T14:46:40.401+01:00  INFO 5134 --- [ool-3-thread-34] tourGuide.service.RewardsService         : nearAttraction called with Kansas City Zoo
2023-01-20T14:46:40.402+01:00  INFO 5134 --- [ool-3-thread-59] tourGuide.service.RewardsService         : nearAttraction called with Bronx Zoo
2023-01-20T14:46:40.408+01:00  INFO 5134 --- [ool-3-thread-34] tourGuide.service.RewardsService         : getDistance called
2023-01-20T14:46:40.402+01:00  INFO 5134 --- [ool-3-thread-20] tourGuide.service.RewardsService         : getDistance called
2023-01-20T14:46:40.402+01:00  INFO 5134 --- [ool-3-thread-36] tourGuide.service.RewardsService         : nearAttraction called with Cinderella Castle
2023-01-20T14:46:40.402+01:00  INFO 5134 --- [ool-3-thread-14] tourGuide.service.RewardsService         : nearAttraction called with Mojave National Preserve
2023-01-20T14:46:40.402+01:00  INFO 5134 --- [ool-3-thread-21] tourGuide.service.RewardsService         : nearAttraction called with Joshua Tree National Park
2023-01-20T14:46:40.408+01:00  INFO 5134 --- [ool-3-thread-14] tourGuide.service.RewardsService         : getDistance called
2023-01-20T14:46:40.402+01:00  INFO 5134 --- [ool-3-thread-13] tourGuide.service.RewardsService         : nearAttraction called with Buffalo National River
2023-01-20T14:46:40.403+01:00  INFO 5134 --- [ool-3-thread-70] tourGuide.service.RewardsService         : getDistance called
2023-01-20T14:46:40.408+01:00  INFO 5134 --- [ool-3-thread-13] tourGuide.service.RewardsService         : getDistance called
2023-01-20T14:46:40.403+01:00  INFO 5134 --- [ool-3-thread-25] tourGuide.service.RewardsService         : getDistance called
2023-01-20T14:46:40.403+01:00  INFO 5134 --- [ool-3-thread-30] tourGuide.service.RewardsService         : nearAttraction called with Hot Springs National Park
2023-01-20T14:46:40.403+01:00  INFO 5134 --- [ool-3-thread-31] tourGuide.service.RewardsService         : getDistance called
2023-01-20T14:46:40.408+01:00  INFO 5134 --- [ool-3-thread-30] tourGuide.service.RewardsService         : getDistance called
2023-01-20T14:46:40.403+01:00  INFO 5134 --- [ool-3-thread-63] tourGuide.service.RewardsService         : nearAttraction called with Kartchner Caverns State Park
2023-01-20T14:46:40.403+01:00  INFO 5134 --- [ool-3-thread-26] tourGuide.service.RewardsService         : getDistance called
2023-01-20T14:46:40.409+01:00  INFO 5134 --- [ool-3-thread-30] tourGuide.service.RewardsService         : nearAttraction called with Kyle Field
2023-01-20T14:46:40.403+01:00  INFO 5134 --- [ool-3-thread-61] tourGuide.service.RewardsService         : nearAttraction called with Legend Valley
2023-01-20T14:46:40.409+01:00  INFO 5134 --- [ool-3-thread-26] tourGuide.service.RewardsService         : nearAttraction called with San Diego Zoo
2023-01-20T14:46:40.409+01:00  INFO 5134 --- [ool-3-thread-30] tourGuide.service.RewardsService         : getDistance called
2023-01-20T14:46:40.403+01:00  INFO 5134 --- [ool-3-thread-10] tourGuide.service.RewardsService         : getDistance called
2023-01-20T14:46:40.403+01:00  INFO 5134 --- [pool-3-thread-9] tourGuide.service.RewardsService         : getDistance called
2023-01-20T14:46:40.403+01:00  INFO 5134 --- [ool-3-thread-43] tourGuide.service.RewardsService         : nearAttraction called with Flowers Bakery of London
2023-01-20T14:46:40.403+01:00  INFO 5134 --- [ool-3-thread-42] tourGuide.service.RewardsService         : nearAttraction called with McKinley Tower
2023-01-20T14:46:40.409+01:00  INFO 5134 --- [ool-3-thread-43] tourGuide.service.RewardsService         : getDistance called
2023-01-20T14:46:40.404+01:00  INFO 5134 --- [ool-3-thread-40] tourGuide.service.RewardsService         : nearAttraction called with Flatiron Building
2023-01-20T14:46:40.404+01:00  INFO 5134 --- [ool-3-thread-67] tourGuide.service.RewardsService         : getDistance called
2023-01-20T14:46:40.409+01:00  INFO 5134 --- [ool-3-thread-40] tourGuide.service.RewardsService         : getDistance called
2023-01-20T14:46:40.404+01:00  INFO 5134 --- [ool-3-thread-22] tourGuide.service.RewardsService         : nearAttraction called with Fallingwater
2023-01-20T14:46:40.409+01:00  INFO 5134 --- [pool-4-thread-8] tourGuide.service.RewardsService         : Rewards of internalUser70 calculated by calculateRewards
2023-01-20T14:46:40.404+01:00  INFO 5134 --- [ool-3-thread-64] tourGuide.service.RewardsService         : getDistance called
2023-01-20T14:46:40.404+01:00  INFO 5134 --- [pool-3-thread-6] tourGuide.service.RewardsService         : nearAttraction called with Union Station
2023-01-20T14:46:40.404+01:00  INFO 5134 --- [ool-3-thread-41] tourGuide.service.RewardsService         : nearAttraction called with Roger Dean Stadium
2023-01-20T14:46:40.404+01:00  INFO 5134 --- [pool-3-thread-7] tourGuide.service.RewardsService         : getDistance called
2023-01-20T14:46:40.410+01:00  INFO 5134 --- [ool-3-thread-41] tourGuide.service.RewardsService         : getDistance called
2023-01-20T14:46:40.404+01:00  INFO 5134 --- [ool-3-thread-23] tourGuide.service.RewardsService         : nearAttraction called with Texas Memorial Stadium
2023-01-20T14:46:40.404+01:00  INFO 5134 --- [ool-3-thread-50] tourGuide.service.RewardsService         : getDistance called
2023-01-20T14:46:40.410+01:00  INFO 5134 --- [ool-3-thread-23] tourGuide.service.RewardsService         : getDistance called
2023-01-20T14:46:40.404+01:00  INFO 5134 --- [ool-4-thread-34] tourGuide.service.RewardsService         : Rewards of internalUser3 calculated by calculateRewards
2023-01-20T14:46:40.410+01:00  INFO 5134 --- [ool-3-thread-23] tourGuide.service.RewardsService         : nearAttraction called with Bronx Zoo
2023-01-20T14:46:40.404+01:00  INFO 5134 --- [ool-3-thread-38] tourGuide.service.RewardsService         : nearAttraction called with Tiger Stadium
2023-01-20T14:46:40.410+01:00  INFO 5134 --- [ool-3-thread-23] tourGuide.service.RewardsService         : getDistance called
2023-01-20T14:46:40.404+01:00  INFO 5134 --- [ool-3-thread-15] tourGuide.service.RewardsService         : nearAttraction called with Neyland Stadium
2023-01-20T14:46:40.404+01:00  INFO 5134 --- [ool-3-thread-24] tourGuide.service.RewardsService         : nearAttraction called with Kyle Field
2023-01-20T14:46:40.410+01:00  INFO 5134 --- [ool-3-thread-15] tourGuide.service.RewardsService         : getDistance called
2023-01-20T14:46:40.405+01:00  INFO 5134 --- [ool-3-thread-27] tourGuide.service.RewardsService         : nearAttraction called with San Diego Zoo
2023-01-20T14:46:40.405+01:00  INFO 5134 --- [ool-3-thread-65] tourGuide.service.RewardsService         : nearAttraction called with Zoo Tampa at Lowry Park
2023-01-20T14:46:40.405+01:00  INFO 5134 --- [pool-3-thread-4] tourGuide.service.RewardsService         : getDistance called
2023-01-20T14:46:40.405+01:00  INFO 5134 --- [ool-3-thread-33] tourGuide.service.RewardsService         : nearAttraction called with Franklin Park Zoo
2023-01-20T14:46:40.405+01:00  INFO 5134 --- [ool-3-thread-28] tourGuide.service.RewardsService         : getDistance called
2023-01-20T14:46:40.405+01:00  INFO 5134 --- [ool-3-thread-32] tourGuide.service.RewardsService         : nearAttraction called with El Paso Zoo
2023-01-20T14:46:40.405+01:00  INFO 5134 --- [ool-3-thread-48] tourGuide.service.RewardsService         : nearAttraction called with Kansas City Zoo
2023-01-20T14:46:40.411+01:00  INFO 5134 --- [ool-3-thread-32] tourGuide.service.RewardsService         : getDistance called
2023-01-20T14:46:40.405+01:00  INFO 5134 --- [ool-3-thread-11] tourGuide.service.RewardsService         : getDistance called
2023-01-20T14:46:40.405+01:00  INFO 5134 --- [ool-3-thread-37] tourGuide.service.RewardsService         : nearAttraction called with Bronx Zoo
2023-01-20T14:46:40.405+01:00  INFO 5134 --- [ool-3-thread-29] tourGuide.service.RewardsService         : getDistance called
2023-01-20T14:46:40.411+01:00  INFO 5134 --- [ool-4-thread-29] tourGuide.service.RewardsService         : Rewards of internalUser12 calculated by calculateRewards
2023-01-20T14:46:40.411+01:00  INFO 5134 --- [ool-3-thread-29] tourGuide.service.RewardsService         : nearAttraction called with Buffalo National River
2023-01-20T14:46:40.405+01:00  INFO 5134 --- [ool-3-thread-53] tourGuide.service.RewardsService         : nearAttraction called with Cinderella Castle
2023-01-20T14:46:40.411+01:00  INFO 5134 --- [ool-3-thread-29] tourGuide.service.RewardsService         : getDistance called
2023-01-20T14:46:40.405+01:00  INFO 5134 --- [pool-3-thread-5] tourGuide.service.RewardsService         : nearAttraction called with Disneyland
2023-01-20T14:46:40.411+01:00  INFO 5134 --- [ool-3-thread-29] tourGuide.service.RewardsService         : nearAttraction called with Hot Springs National Park
2023-01-20T14:46:40.405+01:00  INFO 5134 --- [ool-3-thread-57] tourGuide.service.RewardsService         : nearAttraction called with Jackson Hole
2023-01-20T14:46:40.411+01:00  INFO 5134 --- [ool-3-thread-29] tourGuide.service.RewardsService         : getDistance called
2023-01-20T14:46:40.406+01:00  INFO 5134 --- [ool-3-thread-51] tourGuide.service.RewardsService         : getDistance called
2023-01-20T14:46:40.406+01:00  INFO 5134 --- [ool-3-thread-60] tourGuide.service.RewardsService         : nearAttraction called with Joshua Tree National Park
2023-01-20T14:46:40.406+01:00  INFO 5134 --- [ool-3-thread-45] tourGuide.service.RewardsService         : getDistance called
2023-01-20T14:46:40.406+01:00  INFO 5134 --- [ool-3-thread-55] tourGuide.service.RewardsService         : nearAttraction called with Buffalo National River
2023-01-20T14:46:40.406+01:00  INFO 5134 --- [ool-3-thread-44] tourGuide.service.RewardsService         : getDistance called
2023-01-20T14:46:40.406+01:00  INFO 5134 --- [ool-3-thread-52] tourGuide.service.RewardsService         : nearAttraction called with Hot Springs National Park
2023-01-20T14:46:40.406+01:00  INFO 5134 --- [ool-3-thread-16] tourGuide.service.RewardsService         : nearAttraction called with Kartchner Caverns State Park
2023-01-20T14:46:40.412+01:00  INFO 5134 --- [ool-3-thread-52] tourGuide.service.RewardsService         : getDistance called
2023-01-20T14:46:40.406+01:00  INFO 5134 --- [ool-3-thread-47] tourGuide.service.RewardsService         : nearAttraction called with Kartchner Caverns State Park
2023-01-20T14:46:40.412+01:00  INFO 5134 --- [ool-3-thread-52] tourGuide.service.RewardsService         : nearAttraction called with Flatiron Building
2023-01-20T14:46:40.406+01:00  INFO 5134 --- [ool-3-thread-12] tourGuide.service.RewardsService         : nearAttraction called with Legend Valley
2023-01-20T14:46:40.406+01:00  INFO 5134 --- [ool-3-thread-62] tourGuide.service.RewardsService         : nearAttraction called with Legend Valley
2023-01-20T14:46:40.412+01:00  INFO 5134 --- [ool-3-thread-12] tourGuide.service.RewardsService         : getDistance called
2023-01-20T14:46:40.412+01:00  INFO 5134 --- [ool-3-thread-62] tourGuide.service.RewardsService         : getDistance called
2023-01-20T14:46:40.406+01:00  INFO 5134 --- [ool-3-thread-49] tourGuide.service.RewardsService         : getDistance called
2023-01-20T14:46:40.406+01:00  INFO 5134 --- [ool-4-thread-11] tourGuide.service.RewardsService         : Rewards of internalUser90 calculated by calculateRewards
2023-01-20T14:46:40.412+01:00  INFO 5134 --- [ool-3-thread-49] tourGuide.service.RewardsService         : nearAttraction called with Roger Dean Stadium
2023-01-20T14:46:40.406+01:00  INFO 5134 --- [ool-3-thread-54] tourGuide.service.RewardsService         : getDistance called
2023-01-20T14:46:40.412+01:00  INFO 5134 --- [ool-3-thread-49] tourGuide.service.RewardsService         : getDistance called
2023-01-20T14:46:40.407+01:00  INFO 5134 --- [ool-3-thread-68] tourGuide.service.RewardsService         : nearAttraction called with Flowers Bakery of London
2023-01-20T14:46:40.407+01:00  INFO 5134 --- [ool-3-thread-56] tourGuide.service.RewardsService         : nearAttraction called with McKinley Tower
2023-01-20T14:46:40.412+01:00  INFO 5134 --- [ool-3-thread-68] tourGuide.service.RewardsService         : getDistance called
2023-01-20T14:46:40.407+01:00  INFO 5134 --- [ool-3-thread-58] tourGuide.service.RewardsService         : getDistance called
2023-01-20T14:46:40.413+01:00  INFO 5134 --- [ool-3-thread-56] tourGuide.service.RewardsService         : getDistance called
2023-01-20T14:46:40.407+01:00  INFO 5134 --- [ool-3-thread-69] tourGuide.service.RewardsService         : nearAttraction called with McKinley Tower
2023-01-20T14:46:40.407+01:00  INFO 5134 --- [pool-3-thread-8] tourGuide.service.RewardsService         : nearAttraction called with Flatiron Building
2023-01-20T14:46:40.413+01:00  INFO 5134 --- [ool-3-thread-69] tourGuide.service.RewardsService         : getDistance called
2023-01-20T14:46:40.413+01:00  INFO 5134 --- [pool-3-thread-8] tourGuide.service.RewardsService         : getDistance called
2023-01-20T14:46:40.407+01:00  INFO 5134 --- [ool-3-thread-18] tourGuide.service.RewardsService         : nearAttraction called with Flatiron Building
2023-01-20T14:46:40.407+01:00  INFO 5134 --- [ool-3-thread-17] tourGuide.service.RewardsService         : getDistance called
2023-01-20T14:46:40.413+01:00  INFO 5134 --- [ool-3-thread-18] tourGuide.service.RewardsService         : getDistance called
2023-01-20T14:46:40.407+01:00  INFO 5134 --- [ool-3-thread-66] tourGuide.service.RewardsService         : getDistance called
2023-01-20T14:46:40.407+01:00  INFO 5134 --- [pool-3-thread-3] tourGuide.service.RewardsService         : getDistance called
2023-01-20T14:46:40.413+01:00  INFO 5134 --- [ool-3-thread-66] tourGuide.service.RewardsService         : nearAttraction called with Kansas City Zoo
2023-01-20T14:46:40.413+01:00  INFO 5134 --- [pool-3-thread-3] tourGuide.service.RewardsService         : nearAttraction called with Bronx Zoo
2023-01-20T14:46:40.413+01:00  INFO 5134 --- [ool-3-thread-66] tourGuide.service.RewardsService         : getDistance called
2023-01-20T14:46:40.413+01:00  INFO 5134 --- [pool-3-thread-3] tourGuide.service.RewardsService         : getDistance called
2023-01-20T14:46:40.407+01:00  INFO 5134 --- [ool-3-thread-39] tourGuide.service.RewardsService         : nearAttraction called with Union Station
2023-01-20T14:46:40.408+01:00  INFO 5134 --- [ool-3-thread-35] tourGuide.service.RewardsService         : getDistance called
2023-01-20T14:46:40.413+01:00  INFO 5134 --- [ool-3-thread-39] tourGuide.service.RewardsService         : getDistance called
2023-01-20T14:46:40.408+01:00  INFO 5134 --- [ool-3-thread-19] tourGuide.service.RewardsService         : nearAttraction called with Roger Dean Stadium
2023-01-20T14:46:40.408+01:00  INFO 5134 --- [ool-3-thread-46] tourGuide.service.RewardsService         : nearAttraction called with Texas Memorial Stadium
2023-01-20T14:46:40.408+01:00  INFO 5134 --- [pool-3-thread-2] tourGuide.service.RewardsService         : getDistance called
2023-01-20T14:46:40.408+01:00  INFO 5134 --- [pool-3-thread-1] tourGuide.service.RewardsService         : nearAttraction called with Texas Memorial Stadium
2023-01-20T14:46:40.408+01:00  INFO 5134 --- [ool-3-thread-59] tourGuide.service.RewardsService         : getDistance called
2023-01-20T14:46:40.414+01:00  INFO 5134 --- [pool-3-thread-1] tourGuide.service.RewardsService         : getDistance called
2023-01-20T14:46:40.408+01:00  INFO 5134 --- [ool-3-thread-34] tourGuide.service.RewardsService         : nearAttraction called with Bryant-Denny Stadium
2023-01-20T14:46:40.408+01:00  INFO 5134 --- [ool-3-thread-20] tourGuide.service.RewardsService         : nearAttraction called with Bryant-Denny Stadium
2023-01-20T14:46:40.414+01:00  INFO 5134 --- [ool-3-thread-34] tourGuide.service.RewardsService         : getDistance called
2023-01-20T14:46:40.408+01:00  INFO 5134 --- [ool-3-thread-36] tourGuide.service.RewardsService         : getDistance called
2023-01-20T14:46:40.408+01:00  INFO 5134 --- [ool-3-thread-21] tourGuide.service.RewardsService         : getDistance called
2023-01-20T14:46:40.408+01:00  INFO 5134 --- [ool-3-thread-14] tourGuide.service.RewardsService         : nearAttraction called with Tiger Stadium
2023-01-20T14:46:40.414+01:00  INFO 5134 --- [ool-4-thread-28] tourGuide.service.RewardsService         : Rewards of internalUser17 calculated by calculateRewards
2023-01-20T14:46:40.408+01:00  INFO 5134 --- [ool-3-thread-70] tourGuide.service.RewardsService         : nearAttraction called with Tiger Stadium
2023-01-20T14:46:40.408+01:00  INFO 5134 --- [ool-3-thread-13] tourGuide.service.RewardsService         : nearAttraction called with Neyland Stadium
2023-01-20T14:46:40.408+01:00  INFO 5134 --- [ool-3-thread-25] tourGuide.service.RewardsService         : nearAttraction called with Neyland Stadium
2023-01-20T14:46:40.414+01:00  INFO 5134 --- [ool-3-thread-13] tourGuide.service.RewardsService         : getDistance called
2023-01-20T14:46:40.409+01:00  INFO 5134 --- [ool-3-thread-31] tourGuide.service.RewardsService         : nearAttraction called with Kyle Field
2023-01-20T14:46:40.409+01:00  INFO 5134 --- [ool-3-thread-63] tourGuide.service.RewardsService         : getDistance called
2023-01-20T14:46:40.414+01:00  INFO 5134 --- [ool-3-thread-31] tourGuide.service.RewardsService         : getDistance called
2023-01-20T14:46:40.409+01:00  INFO 5134 --- [ool-3-thread-61] tourGuide.service.RewardsService         : getDistance called
2023-01-20T14:46:40.409+01:00  INFO 5134 --- [ool-3-thread-26] tourGuide.service.RewardsService         : getDistance called
2023-01-20T14:46:40.409+01:00  INFO 5134 --- [ool-3-thread-30] tourGuide.service.RewardsService         : nearAttraction called with San Diego Zoo
2023-01-20T14:46:40.409+01:00  INFO 5134 --- [ool-3-thread-10] tourGuide.service.RewardsService         : nearAttraction called with Zoo Tampa at Lowry Park
2023-01-20T14:46:40.415+01:00  INFO 5134 --- [ool-3-thread-30] tourGuide.service.RewardsService         : getDistance called
2023-01-20T14:46:40.409+01:00  INFO 5134 --- [pool-3-thread-9] tourGuide.service.RewardsService         : nearAttraction called with Zoo Tampa at Lowry Park
2023-01-20T14:46:40.409+01:00  INFO 5134 --- [ool-3-thread-42] tourGuide.service.RewardsService         : getDistance called
2023-01-20T14:46:40.415+01:00  INFO 5134 --- [pool-3-thread-9] tourGuide.service.RewardsService         : getDistance called
2023-01-20T14:46:40.409+01:00  INFO 5134 --- [ool-3-thread-43] tourGuide.service.RewardsService         : nearAttraction called with Franklin Park Zoo
2023-01-20T14:46:40.415+01:00  INFO 5134 --- [ool-3-thread-42] tourGuide.service.RewardsService         : nearAttraction called with Bryant-Denny Stadium
2023-01-20T14:46:40.409+01:00  INFO 5134 --- [ool-3-thread-67] tourGuide.service.RewardsService         : nearAttraction called with Franklin Park Zoo
2023-01-20T14:46:40.415+01:00  INFO 5134 --- [ool-3-thread-42] tourGuide.service.RewardsService         : getDistance called
2023-01-20T14:46:40.409+01:00  INFO 5134 --- [ool-3-thread-40] tourGuide.service.RewardsService         : nearAttraction called with El Paso Zoo
2023-01-20T14:46:40.409+01:00  INFO 5134 --- [ool-3-thread-22] tourGuide.service.RewardsService         : getDistance called
2023-01-20T14:46:40.409+01:00  INFO 5134 --- [ool-3-thread-64] tourGuide.service.RewardsService         : nearAttraction called with El Paso Zoo
2023-01-20T14:46:40.410+01:00  INFO 5134 --- [pool-3-thread-6] tourGuide.service.RewardsService         : getDistance called
2023-01-20T14:46:40.415+01:00  INFO 5134 --- [ool-3-thread-64] tourGuide.service.RewardsService         : getDistance called
2023-01-20T14:46:40.410+01:00  INFO 5134 --- [pool-3-thread-7] tourGuide.service.RewardsService         : nearAttraction called with Kansas City Zoo
2023-01-20T14:46:40.410+01:00  INFO 5134 --- [ool-3-thread-41] tourGuide.service.RewardsService         : nearAttraction called with Kansas City Zoo
2023-01-20T14:46:40.415+01:00  INFO 5134 --- [pool-3-thread-7] tourGuide.service.RewardsService         : getDistance called
2023-01-20T14:46:40.410+01:00  INFO 5134 --- [ool-3-thread-50] tourGuide.service.RewardsService         : nearAttraction called with Bronx Zoo
2023-01-20T14:46:40.410+01:00  INFO 5134 --- [ool-3-thread-38] tourGuide.service.RewardsService         : getDistance called
2023-01-20T14:46:40.410+01:00  INFO 5134 --- [ool-3-thread-23] tourGuide.service.RewardsService         : nearAttraction called with Cinderella Castle
2023-01-20T14:46:40.416+01:00  INFO 5134 --- [ool-3-thread-50] tourGuide.service.RewardsService         : getDistance called
2023-01-20T14:46:40.410+01:00  INFO 5134 --- [ool-3-thread-24] tourGuide.service.RewardsService         : getDistance called
2023-01-20T14:46:40.410+01:00  INFO 5134 --- [ool-3-thread-15] tourGuide.service.RewardsService         : nearAttraction called with Cinderella Castle
2023-01-20T14:46:40.410+01:00  INFO 5134 --- [ool-3-thread-27] tourGuide.service.RewardsService         : getDistance called
2023-01-20T14:46:40.416+01:00  INFO 5134 --- [ool-3-thread-15] tourGuide.service.RewardsService         : getDistance called
2023-01-20T14:46:40.410+01:00  INFO 5134 --- [ool-3-thread-65] tourGuide.service.RewardsService         : getDistance called
2023-01-20T14:46:40.410+01:00  INFO 5134 --- [pool-3-thread-4] tourGuide.service.RewardsService         : nearAttraction called with Disneyland
2023-01-20T14:46:40.411+01:00  INFO 5134 --- [ool-3-thread-33] tourGuide.service.RewardsService         : getDistance called
2023-01-20T14:46:40.416+01:00  INFO 5134 --- [pool-3-thread-4] tourGuide.service.RewardsService         : getDistance called
2023-01-20T14:46:40.416+01:00  INFO 5134 --- [ool-3-thread-33] tourGuide.service.RewardsService         : nearAttraction called with Buffalo National River
2023-01-20T14:46:40.411+01:00  INFO 5134 --- [ool-3-thread-28] tourGuide.service.RewardsService         : nearAttraction called with Jackson Hole
2023-01-20T14:46:40.416+01:00  INFO 5134 --- [ool-3-thread-33] tourGuide.service.RewardsService         : getDistance called
2023-01-20T14:46:40.411+01:00  INFO 5134 --- [ool-3-thread-48] tourGuide.service.RewardsService         : getDistance called
2023-01-20T14:46:40.411+01:00  INFO 5134 --- [ool-3-thread-32] tourGuide.service.RewardsService         : nearAttraction called with Mojave National Preserve
2023-01-20T14:46:40.411+01:00  INFO 5134 --- [ool-3-thread-11] tourGuide.service.RewardsService         : nearAttraction called with Joshua Tree National Park
2023-01-20T14:46:40.416+01:00  INFO 5134 --- [ool-3-thread-32] tourGuide.service.RewardsService         : getDistance called
2023-01-20T14:46:40.416+01:00  INFO 5134 --- [ool-3-thread-11] tourGuide.service.RewardsService         : getDistance called
2023-01-20T14:46:40.411+01:00  INFO 5134 --- [ool-3-thread-37] tourGuide.service.RewardsService         : getDistance called
2023-01-20T14:46:40.411+01:00  INFO 5134 --- [ool-3-thread-53] tourGuide.service.RewardsService         : getDistance called
2023-01-20T14:46:40.417+01:00  INFO 5134 --- [ool-3-thread-11] tourGuide.service.RewardsService         : nearAttraction called with McKinley Tower
2023-01-20T14:46:40.411+01:00  INFO 5134 --- [pool-3-thread-5] tourGuide.service.RewardsService         : getDistance called
2023-01-20T14:46:40.417+01:00  INFO 5134 --- [ool-3-thread-11] tourGuide.service.RewardsService         : getDistance called
2023-01-20T14:46:40.411+01:00  INFO 5134 --- [ool-3-thread-57] tourGuide.service.RewardsService         : getDistance called
2023-01-20T14:46:40.411+01:00  INFO 5134 --- [ool-3-thread-29] tourGuide.service.RewardsService         : nearAttraction called with Kartchner Caverns State Park
2023-01-20T14:46:40.411+01:00  INFO 5134 --- [ool-3-thread-51] tourGuide.service.RewardsService         : nearAttraction called with Legend Valley
2023-01-20T14:46:40.411+01:00  INFO 5134 --- [ool-3-thread-60] tourGuide.service.RewardsService         : getDistance called
2023-01-20T14:46:40.412+01:00  INFO 5134 --- [ool-3-thread-45] tourGuide.service.RewardsService         : nearAttraction called with Flowers Bakery of London
2023-01-20T14:46:40.412+01:00  INFO 5134 --- [ool-3-thread-55] tourGuide.service.RewardsService         : getDistance called
2023-01-20T14:46:40.417+01:00  INFO 5134 --- [ool-3-thread-45] tourGuide.service.RewardsService         : getDistance called
2023-01-20T14:46:40.412+01:00  INFO 5134 --- [ool-3-thread-44] tourGuide.service.RewardsService         : nearAttraction called with McKinley Tower
2023-01-20T14:46:40.412+01:00  INFO 5134 --- [ool-3-thread-16] tourGuide.service.RewardsService         : getDistance called
2023-01-20T14:46:40.417+01:00  INFO 5134 --- [ool-3-thread-44] tourGuide.service.RewardsService         : getDistance called
2023-01-20T14:46:40.412+01:00  INFO 5134 --- [ool-3-thread-47] tourGuide.service.RewardsService         : getDistance called
2023-01-20T14:46:40.412+01:00  INFO 5134 --- [ool-3-thread-52] tourGuide.service.RewardsService         : getDistance called
2023-01-20T14:46:40.412+01:00  INFO 5134 --- [ool-3-thread-12] tourGuide.service.RewardsService         : nearAttraction called with Fallingwater
2023-01-20T14:46:40.412+01:00  INFO 5134 --- [ool-3-thread-62] tourGuide.service.RewardsService         : nearAttraction called with Union Station
2023-01-20T14:46:40.412+01:00  INFO 5134 --- [ool-3-thread-54] tourGuide.service.RewardsService         : nearAttraction called with Texas Memorial Stadium
2023-01-20T14:46:40.412+01:00  INFO 5134 --- [ool-3-thread-49] tourGuide.service.RewardsService         : nearAttraction called with Bryant-Denny Stadium
2023-01-20T14:46:40.418+01:00  INFO 5134 --- [ool-3-thread-62] tourGuide.service.RewardsService         : getDistance called
2023-01-20T14:46:40.413+01:00  INFO 5134 --- [ool-3-thread-68] tourGuide.service.RewardsService         : nearAttraction called with Tiger Stadium
2023-01-20T14:46:40.413+01:00  INFO 5134 --- [ool-3-thread-58] tourGuide.service.RewardsService         : nearAttraction called with Neyland Stadium
2023-01-20T14:46:40.418+01:00  INFO 5134 --- [ool-3-thread-62] tourGuide.service.RewardsService         : nearAttraction called with El Paso Zoo
2023-01-20T14:46:40.413+01:00  INFO 5134 --- [ool-3-thread-56] tourGuide.service.RewardsService         : nearAttraction called with Kyle Field
2023-01-20T14:46:40.418+01:00  INFO 5134 --- [ool-3-thread-62] tourGuide.service.RewardsService         : getDistance called
2023-01-20T14:46:40.413+01:00  INFO 5134 --- [ool-3-thread-69] tourGuide.service.RewardsService         : nearAttraction called with San Diego Zoo
2023-01-20T14:46:40.418+01:00  INFO 5134 --- [ool-3-thread-62] tourGuide.service.RewardsService         : nearAttraction called with Kansas City Zoo
2023-01-20T14:46:40.413+01:00  INFO 5134 --- [pool-3-thread-8] tourGuide.service.RewardsService         : nearAttraction called with Zoo Tampa at Lowry Park
2023-01-20T14:46:40.413+01:00  INFO 5134 --- [ool-3-thread-17] tourGuide.service.RewardsService         : nearAttraction called with Franklin Park Zoo
2023-01-20T14:46:40.413+01:00  INFO 5134 --- [ool-3-thread-18] tourGuide.service.RewardsService         : nearAttraction called with El Paso Zoo
2023-01-20T14:46:40.418+01:00  INFO 5134 --- [ool-3-thread-17] tourGuide.service.RewardsService         : getDistance called
2023-01-20T14:46:40.413+01:00  INFO 5134 --- [ool-3-thread-66] tourGuide.service.RewardsService         : nearAttraction called with Cinderella Castle
2023-01-20T14:46:40.413+01:00  INFO 5134 --- [pool-3-thread-3] tourGuide.service.RewardsService         : nearAttraction called with Disneyland
2023-01-20T14:46:40.418+01:00  INFO 5134 --- [ool-3-thread-66] tourGuide.service.RewardsService         : getDistance called
2023-01-20T14:46:40.418+01:00  INFO 5134 --- [pool-3-thread-3] tourGuide.service.RewardsService         : getDistance called
2023-01-20T14:46:40.413+01:00  INFO 5134 --- [ool-3-thread-35] tourGuide.service.RewardsService         : nearAttraction called with Jackson Hole
2023-01-20T14:46:40.413+01:00  INFO 5134 --- [ool-3-thread-39] tourGuide.service.RewardsService         : nearAttraction called with Mojave National Preserve
2023-01-20T14:46:40.419+01:00  INFO 5134 --- [ool-3-thread-35] tourGuide.service.RewardsService         : getDistance called
2023-01-20T14:46:40.414+01:00  INFO 5134 --- [ool-3-thread-19] tourGuide.service.RewardsService         : getDistance called
2023-01-20T14:46:40.414+01:00  INFO 5134 --- [ool-3-thread-46] tourGuide.service.RewardsService         : getDistance called
2023-01-20T14:46:40.414+01:00  INFO 5134 --- [pool-3-thread-2] tourGuide.service.RewardsService         : nearAttraction called with Joshua Tree National Park
2023-01-20T14:46:40.414+01:00  INFO 5134 --- [ool-3-thread-59] tourGuide.service.RewardsService         : nearAttraction called with Buffalo National River
2023-01-20T14:46:40.419+01:00  INFO 5134 --- [pool-3-thread-2] tourGuide.service.RewardsService         : getDistance called
2023-01-20T14:46:40.419+01:00  INFO 5134 --- [ool-3-thread-59] tourGuide.service.RewardsService         : getDistance called
2023-01-20T14:46:40.414+01:00  INFO 5134 --- [pool-3-thread-1] tourGuide.service.RewardsService         : nearAttraction called with Hot Springs National Park
2023-01-20T14:46:40.419+01:00  INFO 5134 --- [ool-3-thread-59] tourGuide.service.RewardsService         : nearAttraction called with McKinley Tower
2023-01-20T14:46:40.414+01:00  INFO 5134 --- [ool-3-thread-20] tourGuide.service.RewardsService         : getDistance called
2023-01-20T14:46:40.419+01:00  INFO 5134 --- [ool-3-thread-59] tourGuide.service.RewardsService         : getDistance called
2023-01-20T14:46:40.414+01:00  INFO 5134 --- [ool-3-thread-34] tourGuide.service.RewardsService         : nearAttraction called with Kartchner Caverns State Park
2023-01-20T14:46:40.419+01:00  INFO 5134 --- [ool-3-thread-20] tourGuide.service.RewardsService         : nearAttraction called with Flatiron Building
2023-01-20T14:46:40.414+01:00  INFO 5134 --- [ool-3-thread-36] tourGuide.service.RewardsService         : nearAttraction called with Legend Valley
2023-01-20T14:46:40.419+01:00  INFO 5134 --- [ool-3-thread-20] tourGuide.service.RewardsService         : getDistance called
2023-01-20T14:46:40.414+01:00  INFO 5134 --- [ool-3-thread-21] tourGuide.service.RewardsService         : nearAttraction called with Flowers Bakery of London
2023-01-20T14:46:40.419+01:00  INFO 5134 --- [ool-3-thread-20] tourGuide.service.RewardsService         : nearAttraction called with Union Station
2023-01-20T14:46:40.414+01:00  INFO 5134 --- [ool-3-thread-14] tourGuide.service.RewardsService         : getDistance called
2023-01-20T14:46:40.420+01:00  INFO 5134 --- [ool-3-thread-21] tourGuide.service.RewardsService         : getDistance called
2023-01-20T14:46:40.414+01:00  INFO 5134 --- [ool-3-thread-70] tourGuide.service.RewardsService         : getDistance called
2023-01-20T14:46:40.414+01:00  INFO 5134 --- [ool-3-thread-25] tourGuide.service.RewardsService         : getDistance called
2023-01-20T14:46:40.414+01:00  INFO 5134 --- [ool-3-thread-13] tourGuide.service.RewardsService         : nearAttraction called with McKinley Tower
2023-01-20T14:46:40.415+01:00  INFO 5134 --- [ool-3-thread-63] tourGuide.service.RewardsService         : nearAttraction called with Flatiron Building
2023-01-20T14:46:40.415+01:00  INFO 5134 --- [ool-3-thread-31] tourGuide.service.RewardsService         : nearAttraction called with Fallingwater
2023-01-20T14:46:40.420+01:00  INFO 5134 --- [ool-3-thread-63] tourGuide.service.RewardsService         : getDistance called
2023-01-20T14:46:40.415+01:00  INFO 5134 --- [ool-3-thread-61] tourGuide.service.RewardsService         : nearAttraction called with Union Station
2023-01-20T14:46:40.415+01:00  INFO 5134 --- [ool-3-thread-26] tourGuide.service.RewardsService         : nearAttraction called with Roger Dean Stadium
2023-01-20T14:46:40.415+01:00  INFO 5134 --- [ool-3-thread-10] tourGuide.service.RewardsService         : getDistance called
2023-01-20T14:46:40.420+01:00  INFO 5134 --- [ool-3-thread-26] tourGuide.service.RewardsService         : getDistance called
2023-01-20T14:46:40.415+01:00  INFO 5134 --- [ool-3-thread-30] tourGuide.service.RewardsService         : nearAttraction called with Texas Memorial Stadium
2023-01-20T14:46:40.415+01:00  INFO 5134 --- [pool-3-thread-9] tourGuide.service.RewardsService         : nearAttraction called with Tiger Stadium
2023-01-20T14:46:40.415+01:00  INFO 5134 --- [ool-3-thread-43] tourGuide.service.RewardsService         : getDistance called
2023-01-20T14:46:40.421+01:00  INFO 5134 --- [ool-3-thread-30] tourGuide.service.RewardsService         : getDistance called
2023-01-20T14:46:40.415+01:00  INFO 5134 --- [ool-3-thread-67] tourGuide.service.RewardsService         : getDistance called
2023-01-20T14:46:40.415+01:00  INFO 5134 --- [ool-3-thread-42] tourGuide.service.RewardsService         : nearAttraction called with Neyland Stadium
2023-01-20T14:46:40.415+01:00  INFO 5134 --- [ool-3-thread-40] tourGuide.service.RewardsService         : getDistance called
2023-01-20T14:46:40.421+01:00  INFO 5134 --- [ool-3-thread-42] tourGuide.service.RewardsService         : getDistance called
2023-01-20T14:46:40.415+01:00  INFO 5134 --- [ool-3-thread-22] tourGuide.service.RewardsService         : nearAttraction called with Kyle Field
2023-01-20T14:46:40.415+01:00  INFO 5134 --- [pool-3-thread-6] tourGuide.service.RewardsService         : nearAttraction called with San Diego Zoo
2023-01-20T14:46:40.421+01:00  INFO 5134 --- [ool-3-thread-22] tourGuide.service.RewardsService         : getDistance called
2023-01-20T14:46:40.415+01:00  INFO 5134 --- [ool-3-thread-64] tourGuide.service.RewardsService         : nearAttraction called with Zoo Tampa at Lowry Park
2023-01-20T14:46:40.415+01:00  INFO 5134 --- [ool-3-thread-41] tourGuide.service.RewardsService         : getDistance called
2023-01-20T14:46:40.421+01:00  INFO 5134 --- [ool-3-thread-64] tourGuide.service.RewardsService         : getDistance called
2023-01-20T14:46:40.415+01:00  INFO 5134 --- [pool-3-thread-7] tourGuide.service.RewardsService         : nearAttraction called with Franklin Park Zoo
2023-01-20T14:46:40.416+01:00  INFO 5134 --- [ool-3-thread-38] tourGuide.service.RewardsService         : nearAttraction called with El Paso Zoo
2023-01-20T14:46:40.421+01:00  INFO 5134 --- [pool-3-thread-7] tourGuide.service.RewardsService         : getDistance called
2023-01-20T14:46:40.416+01:00  INFO 5134 --- [ool-3-thread-23] tourGuide.service.RewardsService         : getDistance called
2023-01-20T14:46:40.416+01:00  INFO 5134 --- [ool-3-thread-50] tourGuide.service.RewardsService         : nearAttraction called with Kansas City Zoo
2023-01-20T14:46:40.416+01:00  INFO 5134 --- [ool-3-thread-24] tourGuide.service.RewardsService         : nearAttraction called with Bronx Zoo
2023-01-20T14:46:40.421+01:00  INFO 5134 --- [ool-4-thread-12] tourGuide.service.RewardsService         : Rewards of internalUser89 calculated by calculateRewards
2023-01-20T14:46:40.416+01:00  INFO 5134 --- [ool-3-thread-27] tourGuide.service.RewardsService         : nearAttraction called with Cinderella Castle
2023-01-20T14:46:40.416+01:00  INFO 5134 --- [ool-3-thread-15] tourGuide.service.RewardsService         : nearAttraction called with Mojave National Preserve
2023-01-20T14:46:40.416+01:00  INFO 5134 --- [ool-3-thread-65] tourGuide.service.RewardsService         : nearAttraction called with Joshua Tree National Park
2023-01-20T14:46:40.422+01:00  INFO 5134 --- [ool-3-thread-27] tourGuide.service.RewardsService         : getDistance called
2023-01-20T14:46:40.416+01:00  INFO 5134 --- [pool-3-thread-4] tourGuide.service.RewardsService         : nearAttraction called with Hot Springs National Park
2023-01-20T14:46:40.416+01:00  INFO 5134 --- [ool-3-thread-28] tourGuide.service.RewardsService         : getDistance called
2023-01-20T14:46:40.422+01:00  INFO 5134 --- [pool-3-thread-4] tourGuide.service.RewardsService         : getDistance called
2023-01-20T14:46:40.416+01:00  INFO 5134 --- [ool-3-thread-33] tourGuide.service.RewardsService         : nearAttraction called with Kartchner Caverns State Park
2023-01-20T14:46:40.416+01:00  INFO 5134 --- [ool-3-thread-48] tourGuide.service.RewardsService         : nearAttraction called with Legend Valley
2023-01-20T14:46:40.417+01:00  INFO 5134 --- [ool-3-thread-32] tourGuide.service.RewardsService         : nearAttraction called with Flowers Bakery of London
2023-01-20T14:46:40.422+01:00  INFO 5134 --- [ool-3-thread-48] tourGuide.service.RewardsService         : getDistance called
2023-01-20T14:46:40.417+01:00  INFO 5134 --- [ool-3-thread-37] tourGuide.service.RewardsService         : nearAttraction called with Flatiron Building
2023-01-20T14:46:40.422+01:00  INFO 5134 --- [ool-3-thread-48] tourGuide.service.RewardsService         : nearAttraction called with Flowers Bakery of London
2023-01-20T14:46:40.417+01:00  INFO 5134 --- [ool-4-thread-19] tourGuide.service.RewardsService         : Rewards of internalUser80 calculated by calculateRewards
2023-01-20T14:46:40.417+01:00  INFO 5134 --- [ool-3-thread-53] tourGuide.service.RewardsService         : nearAttraction called with Fallingwater
2023-01-20T14:46:40.417+01:00  INFO 5134 --- [pool-3-thread-5] tourGuide.service.RewardsService         : nearAttraction called with Union Station
2023-01-20T14:46:40.422+01:00  INFO 5134 --- [ool-3-thread-53] tourGuide.service.RewardsService         : getDistance called
2023-01-20T14:46:40.417+01:00  INFO 5134 --- [ool-3-thread-11] tourGuide.service.RewardsService         : nearAttraction called with Roger Dean Stadium
2023-01-20T14:46:40.417+01:00  INFO 5134 --- [ool-3-thread-57] tourGuide.service.RewardsService         : nearAttraction called with Texas Memorial Stadium
2023-01-20T14:46:40.422+01:00  INFO 5134 --- [ool-3-thread-11] tourGuide.service.RewardsService         : getDistance called
2023-01-20T14:46:40.422+01:00  INFO 5134 --- [ool-3-thread-57] tourGuide.service.RewardsService         : getDistance called
2023-01-20T14:46:40.417+01:00  INFO 5134 --- [ool-3-thread-29] tourGuide.service.RewardsService         : getDistance called
2023-01-20T14:46:40.417+01:00  INFO 5134 --- [ool-3-thread-51] tourGuide.service.RewardsService         : getDistance called
2023-01-20T14:46:40.417+01:00  INFO 5134 --- [ool-3-thread-60] tourGuide.service.RewardsService         : nearAttraction called with Bryant-Denny Stadium
2023-01-20T14:46:40.417+01:00  INFO 5134 --- [ool-3-thread-55] tourGuide.service.RewardsService         : nearAttraction called with Tiger Stadium
2023-01-20T14:46:40.423+01:00  INFO 5134 --- [ool-3-thread-60] tourGuide.service.RewardsService         : getDistance called
2023-01-20T14:46:40.417+01:00  INFO 5134 --- [ool-3-thread-45] tourGuide.service.RewardsService         : nearAttraction called with Neyland Stadium
2023-01-20T14:46:40.417+01:00  INFO 5134 --- [ool-3-thread-16] tourGuide.service.RewardsService         : nearAttraction called with Kyle Field
2023-01-20T14:46:40.423+01:00  INFO 5134 --- [ool-3-thread-45] tourGuide.service.RewardsService         : getDistance called
2023-01-20T14:46:40.417+01:00  INFO 5134 --- [ool-3-thread-44] tourGuide.service.RewardsService         : nearAttraction called with San Diego Zoo
2023-01-20T14:46:40.417+01:00  INFO 5134 --- [ool-3-thread-47] tourGuide.service.RewardsService         : nearAttraction called with Zoo Tampa at Lowry Park
2023-01-20T14:46:40.417+01:00  INFO 5134 --- [ool-3-thread-52] tourGuide.service.RewardsService         : nearAttraction called with Franklin Park Zoo
2023-01-20T14:46:40.423+01:00  INFO 5134 --- [ool-3-thread-47] tourGuide.service.RewardsService         : getDistance called
2023-01-20T14:46:40.417+01:00  INFO 5134 --- [ool-3-thread-12] tourGuide.service.RewardsService         : getDistance called
2023-01-20T14:46:40.418+01:00  INFO 5134 --- [ool-3-thread-54] tourGuide.service.RewardsService         : getDistance called
2023-01-20T14:46:40.418+01:00  INFO 5134 --- [ool-3-thread-49] tourGuide.service.RewardsService         : getDistance called
2023-01-20T14:46:40.418+01:00  INFO 5134 --- [ool-3-thread-68] tourGuide.service.RewardsService         : getDistance called
2023-01-20T14:46:40.418+01:00  INFO 5134 --- [ool-3-thread-58] tourGuide.service.RewardsService         : getDistance called
2023-01-20T14:46:40.418+01:00  INFO 5134 --- [ool-3-thread-56] tourGuide.service.RewardsService         : getDistance called
2023-01-20T14:46:40.418+01:00  INFO 5134 --- [ool-3-thread-69] tourGuide.service.RewardsService         : getDistance called
2023-01-20T14:46:40.418+01:00  INFO 5134 --- [ool-3-thread-62] tourGuide.service.RewardsService         : getDistance called
2023-01-20T14:46:40.424+01:00  INFO 5134 --- [ool-3-thread-56] tourGuide.service.RewardsService         : nearAttraction called with El Paso Zoo
2023-01-20T14:46:40.418+01:00  INFO 5134 --- [pool-3-thread-8] tourGuide.service.RewardsService         : getDistance called
2023-01-20T14:46:40.424+01:00  INFO 5134 --- [ool-3-thread-56] tourGuide.service.RewardsService         : getDistance called
2023-01-20T14:46:40.418+01:00  INFO 5134 --- [ool-3-thread-18] tourGuide.service.RewardsService         : getDistance called
2023-01-20T14:46:40.424+01:00  INFO 5134 --- [pool-3-thread-8] tourGuide.service.RewardsService         : nearAttraction called with Cinderella Castle
2023-01-20T14:46:40.418+01:00  INFO 5134 --- [ool-3-thread-17] tourGuide.service.RewardsService         : nearAttraction called with Bronx Zoo
2023-01-20T14:46:40.419+01:00  INFO 5134 --- [ool-3-thread-66] tourGuide.service.RewardsService         : nearAttraction called with Cinderella Castle
2023-01-20T14:46:40.424+01:00  INFO 5134 --- [ool-3-thread-17] tourGuide.service.RewardsService         : getDistance called
2023-01-20T14:46:40.419+01:00  INFO 5134 --- [pool-3-thread-3] tourGuide.service.RewardsService         : nearAttraction called with Buffalo National River
2023-01-20T14:46:40.419+01:00  INFO 5134 --- [ool-3-thread-39] tourGuide.service.RewardsService         : getDistance called
2023-01-20T14:46:40.424+01:00  INFO 5134 --- [pool-3-thread-3] tourGuide.service.RewardsService         : getDistance called
2023-01-20T14:46:40.419+01:00  INFO 5134 --- [ool-3-thread-35] tourGuide.service.RewardsService         : nearAttraction called with Hot Springs National Park
2023-01-20T14:46:40.419+01:00  INFO 5134 --- [ool-3-thread-19] tourGuide.service.RewardsService         : nearAttraction called with Kartchner Caverns State Park
2023-01-20T14:46:40.419+01:00  INFO 5134 --- [ool-3-thread-46] tourGuide.service.RewardsService         : nearAttraction called with Legend Valley
2023-01-20T14:46:40.424+01:00  INFO 5134 --- [ool-3-thread-19] tourGuide.service.RewardsService         : getDistance called
2023-01-20T14:46:40.419+01:00  INFO 5134 --- [pool-3-thread-2] tourGuide.service.RewardsService         : nearAttraction called with Flowers Bakery of London
2023-01-20T14:46:40.419+01:00  INFO 5134 --- [pool-3-thread-1] tourGuide.service.RewardsService         : getDistance called
2023-01-20T14:46:40.419+01:00  INFO 5134 --- [ool-3-thread-59] tourGuide.service.RewardsService         : nearAttraction called with Fallingwater
2023-01-20T14:46:40.419+01:00  INFO 5134 --- [ool-3-thread-34] tourGuide.service.RewardsService         : getDistance called
2023-01-20T14:46:40.424+01:00  INFO 5134 --- [ool-3-thread-59] tourGuide.service.RewardsService         : getDistance called
2023-01-20T14:46:40.419+01:00  INFO 5134 --- [ool-3-thread-36] tourGuide.service.RewardsService         : getDistance called
2023-01-20T14:46:40.420+01:00  INFO 5134 --- [ool-3-thread-20] tourGuide.service.RewardsService         : getDistance called
2023-01-20T14:46:40.425+01:00  INFO 5134 --- [ool-3-thread-34] tourGuide.service.RewardsService         : nearAttraction called with Legend Valley
2023-01-20T14:46:40.420+01:00  INFO 5134 --- [ool-3-thread-14] tourGuide.service.RewardsService         : nearAttraction called with Roger Dean Stadium
2023-01-20T14:46:40.425+01:00  INFO 5134 --- [ool-3-thread-34] tourGuide.service.RewardsService         : getDistance called
2023-01-20T14:46:40.425+01:00  INFO 5134 --- [ool-3-thread-14] tourGuide.service.RewardsService         : getDistance called
2023-01-20T14:46:40.420+01:00  INFO 5134 --- [ool-3-thread-21] tourGuide.service.RewardsService         : nearAttraction called with Texas Memorial Stadium
2023-01-20T14:46:40.420+01:00  INFO 5134 --- [ool-3-thread-70] tourGuide.service.RewardsService         : nearAttraction called with Bryant-Denny Stadium
2023-01-20T14:46:40.425+01:00  INFO 5134 --- [ool-3-thread-21] tourGuide.service.RewardsService         : getDistance called
2023-01-20T14:46:40.420+01:00  INFO 5134 --- [ool-3-thread-25] tourGuide.service.RewardsService         : nearAttraction called with Tiger Stadium
2023-01-20T14:46:40.420+01:00  INFO 5134 --- [ool-3-thread-13] tourGuide.service.RewardsService         : getDistance called
2023-01-20T14:46:40.425+01:00  INFO 5134 --- [ool-3-thread-25] tourGuide.service.RewardsService         : getDistance called
2023-01-20T14:46:40.420+01:00  INFO 5134 --- [ool-3-thread-31] tourGuide.service.RewardsService         : getDistance called
2023-01-20T14:46:40.420+01:00  INFO 5134 --- [ool-3-thread-63] tourGuide.service.RewardsService         : nearAttraction called with Neyland Stadium
2023-01-20T14:46:40.425+01:00  INFO 5134 --- [ool-3-thread-31] tourGuide.service.RewardsService         : nearAttraction called with Jackson Hole
2023-01-20T14:46:40.420+01:00  INFO 5134 --- [ool-3-thread-61] tourGuide.service.RewardsService         : getDistance called
2023-01-20T14:46:40.425+01:00  INFO 5134 --- [ool-3-thread-31] tourGuide.service.RewardsService         : getDistance called
2023-01-20T14:46:40.420+01:00  INFO 5134 --- [ool-3-thread-10] tourGuide.service.RewardsService         : nearAttraction called with Kyle Field
2023-01-20T14:46:40.420+01:00  INFO 5134 --- [ool-3-thread-26] tourGuide.service.RewardsService         : nearAttraction called with San Diego Zoo
2023-01-20T14:46:40.421+01:00  INFO 5134 --- [pool-3-thread-9] tourGuide.service.RewardsService         : getDistance called
2023-01-20T14:46:40.426+01:00  INFO 5134 --- [ool-3-thread-26] tourGuide.service.RewardsService         : getDistance called
2023-01-20T14:46:40.421+01:00  INFO 5134 --- [ool-3-thread-43] tourGuide.service.RewardsService         : nearAttraction called with Zoo Tampa at Lowry Park
2023-01-20T14:46:40.421+01:00  INFO 5134 --- [ool-3-thread-30] tourGuide.service.RewardsService         : nearAttraction called with Franklin Park Zoo
2023-01-20T14:46:40.426+01:00  INFO 5134 --- [ool-3-thread-43] tourGuide.service.RewardsService         : getDistance called
2023-01-20T14:46:40.426+01:00  INFO 5134 --- [ool-3-thread-30] tourGuide.service.RewardsService         : getDistance called
2023-01-20T14:46:40.421+01:00  INFO 5134 --- [ool-3-thread-67] tourGuide.service.RewardsService         : nearAttraction called with El Paso Zoo
2023-01-20T14:46:40.421+01:00  INFO 5134 --- [ool-3-thread-40] tourGuide.service.RewardsService         : nearAttraction called with Kansas City Zoo
2023-01-20T14:46:40.426+01:00  INFO 5134 --- [ool-3-thread-67] tourGuide.service.RewardsService         : getDistance called
2023-01-20T14:46:40.421+01:00  INFO 5134 --- [ool-3-thread-42] tourGuide.service.RewardsService         : nearAttraction called with Bronx Zoo
2023-01-20T14:46:40.421+01:00  INFO 5134 --- [pool-3-thread-6] tourGuide.service.RewardsService         : getDistance called
2023-01-20T14:46:40.426+01:00  INFO 5134 --- [ool-3-thread-42] tourGuide.service.RewardsService         : getDistance called
2023-01-20T14:46:40.421+01:00  INFO 5134 --- [ool-3-thread-22] tourGuide.service.RewardsService         : nearAttraction called with Cinderella Castle
2023-01-20T14:46:40.421+01:00  INFO 5134 --- [ool-3-thread-41] tourGuide.service.RewardsService         : nearAttraction called with Jackson Hole
2023-01-20T14:46:40.426+01:00  INFO 5134 --- [ool-3-thread-22] tourGuide.service.RewardsService         : getDistance called
2023-01-20T14:46:40.421+01:00  INFO 5134 --- [pool-4-thread-3] tourGuide.service.RewardsService         : Rewards of internalUser79 calculated by calculateRewards
2023-01-20T14:46:40.421+01:00  INFO 5134 --- [ool-3-thread-64] tourGuide.service.RewardsService         : nearAttraction called with Mojave National Preserve
2023-01-20T14:46:40.421+01:00  INFO 5134 --- [ool-3-thread-38] tourGuide.service.RewardsService         : getDistance called
2023-01-20T14:46:40.426+01:00  INFO 5134 --- [ool-3-thread-64] tourGuide.service.RewardsService         : getDistance called
2023-01-20T14:46:40.421+01:00  INFO 5134 --- [pool-3-thread-7] tourGuide.service.RewardsService         : nearAttraction called with Joshua Tree National Park
2023-01-20T14:46:40.421+01:00  INFO 5134 --- [ool-3-thread-23] tourGuide.service.RewardsService         : nearAttraction called with Buffalo National River
2023-01-20T14:46:40.427+01:00  INFO 5134 --- [ool-3-thread-64] tourGuide.service.RewardsService         : nearAttraction called with Franklin Park Zoo
2023-01-20T14:46:40.427+01:00  INFO 5134 --- [ool-3-thread-23] tourGuide.service.RewardsService         : getDistance called
2023-01-20T14:46:40.421+01:00  INFO 5134 --- [ool-3-thread-50] tourGuide.service.RewardsService         : getDistance called
2023-01-20T14:46:40.421+01:00  INFO 5134 --- [ool-3-thread-24] tourGuide.service.RewardsService         : getDistance called
2023-01-20T14:46:40.422+01:00  INFO 5134 --- [ool-3-thread-15] tourGuide.service.RewardsService         : getDistance called
2023-01-20T14:46:40.422+01:00  INFO 5134 --- [ool-3-thread-65] tourGuide.service.RewardsService         : getDistance called
2023-01-20T14:46:40.427+01:00  INFO 5134 --- [ool-4-thread-49] tourGuide.service.RewardsService         : Rewards of internalUser4 calculated by calculateRewards
2023-01-20T14:46:40.427+01:00  INFO 5134 --- [ool-3-thread-65] tourGuide.service.RewardsService         : nearAttraction called with McKinley Tower
2023-01-20T14:46:40.422+01:00  INFO 5134 --- [ool-3-thread-27] tourGuide.service.RewardsService         : nearAttraction called with Hot Springs National Park
2023-01-20T14:46:40.422+01:00  INFO 5134 --- [ool-3-thread-28] tourGuide.service.RewardsService         : nearAttraction called with Kartchner Caverns State Park
2023-01-20T14:46:40.427+01:00  INFO 5134 --- [ool-3-thread-27] tourGuide.service.RewardsService         : getDistance called
2023-01-20T14:46:40.422+01:00  INFO 5134 --- [pool-3-thread-4] tourGuide.service.RewardsService         : nearAttraction called with Legend Valley
2023-01-20T14:46:40.422+01:00  INFO 5134 --- [ool-3-thread-33] tourGuide.service.RewardsService         : getDistance called
2023-01-20T14:46:40.427+01:00  INFO 5134 --- [pool-3-thread-4] tourGuide.service.RewardsService         : getDistance called
2023-01-20T14:46:40.422+01:00  INFO 5134 --- [ool-3-thread-32] tourGuide.service.RewardsService         : getDistance called
2023-01-20T14:46:40.422+01:00  INFO 5134 --- [ool-3-thread-37] tourGuide.service.RewardsService         : getDistance called
2023-01-20T14:46:40.422+01:00  INFO 5134 --- [ool-3-thread-48] tourGuide.service.RewardsService         : getDistance called
2023-01-20T14:46:40.422+01:00  INFO 5134 --- [pool-3-thread-5] tourGuide.service.RewardsService         : getDistance called
2023-01-20T14:46:40.422+01:00  INFO 5134 --- [ool-3-thread-53] tourGuide.service.RewardsService         : nearAttraction called with McKinley Tower
2023-01-20T14:46:40.423+01:00  INFO 5134 --- [ool-3-thread-11] tourGuide.service.RewardsService         : nearAttraction called with Flatiron Building
2023-01-20T14:46:40.428+01:00  INFO 5134 --- [ool-3-thread-53] tourGuide.service.RewardsService         : getDistance called
2023-01-20T14:46:40.428+01:00  INFO 5134 --- [ool-3-thread-11] tourGuide.service.RewardsService         : getDistance called
2023-01-20T14:46:40.423+01:00  INFO 5134 --- [ool-3-thread-57] tourGuide.service.RewardsService         : nearAttraction called with Fallingwater
2023-01-20T14:46:40.423+01:00  INFO 5134 --- [ool-3-thread-29] tourGuide.service.RewardsService         : nearAttraction called with Union Station
2023-01-20T14:46:40.428+01:00  INFO 5134 --- [ool-3-thread-57] tourGuide.service.RewardsService         : getDistance called
2023-01-20T14:46:40.423+01:00  INFO 5134 --- [ool-3-thread-51] tourGuide.service.RewardsService         : nearAttraction called with Roger Dean Stadium
2023-01-20T14:46:40.423+01:00  INFO 5134 --- [ool-3-thread-55] tourGuide.service.RewardsService         : getDistance called
2023-01-20T14:46:40.428+01:00  INFO 5134 --- [ool-3-thread-51] tourGuide.service.RewardsService         : getDistance called
2023-01-20T14:46:40.423+01:00  INFO 5134 --- [ool-3-thread-60] tourGuide.service.RewardsService         : nearAttraction called with Texas Memorial Stadium
2023-01-20T14:46:40.423+01:00  INFO 5134 --- [ool-3-thread-16] tourGuide.service.RewardsService         : getDistance called
2023-01-20T14:46:40.428+01:00  INFO 5134 --- [ool-3-thread-60] tourGuide.service.RewardsService         : getDistance called
2023-01-20T14:46:40.423+01:00  INFO 5134 --- [ool-3-thread-45] tourGuide.service.RewardsService         : nearAttraction called with Bryant-Denny Stadium
2023-01-20T14:46:40.423+01:00  INFO 5134 --- [ool-3-thread-44] tourGuide.service.RewardsService         : getDistance called
2023-01-20T14:46:40.428+01:00  INFO 5134 --- [ool-3-thread-45] tourGuide.service.RewardsService         : getDistance called
2023-01-20T14:46:40.423+01:00  INFO 5134 --- [ool-3-thread-52] tourGuide.service.RewardsService         : getDistance called
2023-01-20T14:46:40.428+01:00  INFO 5134 --- [ool-3-thread-45] tourGuide.service.RewardsService         : nearAttraction called with Kansas City Zoo
2023-01-20T14:46:40.423+01:00  INFO 5134 --- [ool-3-thread-47] tourGuide.service.RewardsService         : nearAttraction called with Tiger Stadium
2023-01-20T14:46:40.423+01:00  INFO 5134 --- [ool-3-thread-12] tourGuide.service.RewardsService         : nearAttraction called with Neyland Stadium
2023-01-20T14:46:40.423+01:00  INFO 5134 --- [ool-3-thread-54] tourGuide.service.RewardsService         : nearAttraction called with Kyle Field
2023-01-20T14:46:40.429+01:00  INFO 5134 --- [ool-3-thread-12] tourGuide.service.RewardsService         : getDistance called
2023-01-20T14:46:40.429+01:00  INFO 5134 --- [ool-3-thread-54] tourGuide.service.RewardsService         : getDistance called
2023-01-20T14:46:40.423+01:00  INFO 5134 --- [ool-3-thread-49] tourGuide.service.RewardsService         : nearAttraction called with San Diego Zoo
2023-01-20T14:46:40.423+01:00  INFO 5134 --- [ool-3-thread-68] tourGuide.service.RewardsService         : nearAttraction called with Zoo Tampa at Lowry Park
2023-01-20T14:46:40.429+01:00  INFO 5134 --- [ool-3-thread-49] tourGuide.service.RewardsService         : getDistance called
2023-01-20T14:46:40.423+01:00  INFO 5134 --- [ool-3-thread-58] tourGuide.service.RewardsService         : nearAttraction called with Franklin Park Zoo
2023-01-20T14:46:40.424+01:00  INFO 5134 --- [ool-3-thread-69] tourGuide.service.RewardsService         : nearAttraction called with Kansas City Zoo
2023-01-20T14:46:40.424+01:00  INFO 5134 --- [ool-3-thread-62] tourGuide.service.RewardsService         : nearAttraction called with Bronx Zoo
2023-01-20T14:46:40.429+01:00  INFO 5134 --- [ool-3-thread-69] tourGuide.service.RewardsService         : getDistance called
2023-01-20T14:46:40.424+01:00  INFO 5134 --- [ool-3-thread-56] tourGuide.service.RewardsService         : nearAttraction called with Disneyland
2023-01-20T14:46:40.424+01:00  INFO 5134 --- [pool-3-thread-8] tourGuide.service.RewardsService         : getDistance called
2023-01-20T14:46:40.424+01:00  INFO 5134 --- [ool-3-thread-18] tourGuide.service.RewardsService         : nearAttraction called with Jackson Hole
2023-01-20T14:46:40.424+01:00  INFO 5134 --- [ool-4-thread-42] tourGuide.service.RewardsService         : Rewards of internalUser97 calculated by calculateRewards
2023-01-20T14:46:40.424+01:00  INFO 5134 --- [ool-3-thread-66] tourGuide.service.RewardsService         : getDistance called
2023-01-20T14:46:40.424+01:00  INFO 5134 --- [ool-3-thread-17] tourGuide.service.RewardsService         : nearAttraction called with Mojave National Preserve
2023-01-20T14:46:40.424+01:00  INFO 5134 --- [ool-3-thread-39] tourGuide.service.RewardsService         : nearAttraction called with Joshua Tree National Park
2023-01-20T14:46:40.424+01:00  INFO 5134 --- [pool-3-thread-3] tourGuide.service.RewardsService         : nearAttraction called with Buffalo National River
2023-01-20T14:46:40.430+01:00  INFO 5134 --- [ool-3-thread-39] tourGuide.service.RewardsService         : getDistance called
2023-01-20T14:46:40.430+01:00  INFO 5134 --- [ool-3-thread-17] tourGuide.service.RewardsService         : getDistance called
2023-01-20T14:46:40.430+01:00  INFO 5134 --- [ool-3-thread-39] tourGuide.service.RewardsService         : nearAttraction called with Hot Springs National Park
2023-01-20T14:46:40.430+01:00  INFO 5134 --- [ool-3-thread-17] tourGuide.service.RewardsService         : nearAttraction called with Kartchner Caverns State Park
2023-01-20T14:46:40.424+01:00  INFO 5134 --- [ool-3-thread-35] tourGuide.service.RewardsService         : getDistance called
2023-01-20T14:46:40.424+01:00  INFO 5134 --- [ool-3-thread-46] tourGuide.service.RewardsService         : getDistance called
2023-01-20T14:46:40.424+01:00  INFO 5134 --- [ool-3-thread-19] tourGuide.service.RewardsService         : nearAttraction called with Hot Springs National Park
2023-01-20T14:46:40.424+01:00  INFO 5134 --- [pool-3-thread-2] tourGuide.service.RewardsService         : getDistance called
2023-01-20T14:46:40.430+01:00  INFO 5134 --- [ool-3-thread-19] tourGuide.service.RewardsService         : getDistance called
2023-01-20T14:46:40.424+01:00  INFO 5134 --- [pool-3-thread-1] tourGuide.service.RewardsService         : nearAttraction called with Kartchner Caverns State Park
2023-01-20T14:46:40.425+01:00  INFO 5134 --- [ool-3-thread-59] tourGuide.service.RewardsService         : nearAttraction called with Flowers Bakery of London
2023-01-20T14:46:40.430+01:00  INFO 5134 --- [pool-3-thread-1] tourGuide.service.RewardsService         : getDistance called
2023-01-20T14:46:40.425+01:00  INFO 5134 --- [ool-3-thread-36] tourGuide.service.RewardsService         : nearAttraction called with McKinley Tower
2023-01-20T14:46:40.431+01:00  INFO 5134 --- [ool-3-thread-59] tourGuide.service.RewardsService         : getDistance called
2023-01-20T14:46:40.425+01:00  INFO 5134 --- [ool-3-thread-20] tourGuide.service.RewardsService         : nearAttraction called with Flatiron Building
2023-01-20T14:46:40.425+01:00  INFO 5134 --- [ool-3-thread-34] tourGuide.service.RewardsService         : nearAttraction called with Fallingwater
2023-01-20T14:46:40.425+01:00  INFO 5134 --- [ool-3-thread-14] tourGuide.service.RewardsService         : nearAttraction called with Union Station
2023-01-20T14:46:40.425+01:00  INFO 5134 --- [ool-3-thread-70] tourGuide.service.RewardsService         : getDistance called
2023-01-20T14:46:40.425+01:00  INFO 5134 --- [ool-3-thread-21] tourGuide.service.RewardsService         : nearAttraction called with Roger Dean Stadium
2023-01-20T14:46:40.425+01:00  INFO 5134 --- [ool-3-thread-13] tourGuide.service.RewardsService         : nearAttraction called with Disneyland
2023-01-20T14:46:40.431+01:00  INFO 5134 --- [ool-3-thread-21] tourGuide.service.RewardsService         : getDistance called
2023-01-20T14:46:40.425+01:00  INFO 5134 --- [ool-3-thread-25] tourGuide.service.RewardsService         : nearAttraction called with Texas Memorial Stadium
2023-01-20T14:46:40.425+01:00  INFO 5134 --- [ool-3-thread-63] tourGuide.service.RewardsService         : getDistance called
2023-01-20T14:46:40.431+01:00  INFO 5134 --- [ool-3-thread-25] tourGuide.service.RewardsService         : getDistance called
2023-01-20T14:46:40.425+01:00  INFO 5134 --- [ool-3-thread-61] tourGuide.service.RewardsService         : nearAttraction called with Bryant-Denny Stadium
2023-01-20T14:46:40.425+01:00  INFO 5134 --- [ool-3-thread-31] tourGuide.service.RewardsService         : nearAttraction called with Mojave National Preserve
2023-01-20T14:46:40.431+01:00  INFO 5134 --- [ool-3-thread-61] tourGuide.service.RewardsService         : getDistance called
2023-01-20T14:46:40.426+01:00  INFO 5134 --- [ool-3-thread-10] tourGuide.service.RewardsService         : getDistance called
2023-01-20T14:46:40.431+01:00  INFO 5134 --- [ool-3-thread-61] tourGuide.service.RewardsService         : nearAttraction called with Neyland Stadium
2023-01-20T14:46:40.426+01:00  INFO 5134 --- [pool-3-thread-9] tourGuide.service.RewardsService         : nearAttraction called with Tiger Stadium
2023-01-20T14:46:40.426+01:00  INFO 5134 --- [ool-3-thread-26] tourGuide.service.RewardsService         : nearAttraction called with Joshua Tree National Park
2023-01-20T14:46:40.426+01:00  INFO 5134 --- [ool-3-thread-43] tourGuide.service.RewardsService         : nearAttraction called with Neyland Stadium
2023-01-20T14:46:40.432+01:00  INFO 5134 --- [pool-3-thread-9] tourGuide.service.RewardsService         : getDistance called
2023-01-20T14:46:40.426+01:00  INFO 5134 --- [ool-3-thread-30] tourGuide.service.RewardsService         : nearAttraction called with Kyle Field
2023-01-20T14:46:40.426+01:00  INFO 5134 --- [ool-3-thread-40] tourGuide.service.RewardsService         : getDistance called
2023-01-20T14:46:40.432+01:00  INFO 5134 --- [ool-3-thread-30] tourGuide.service.RewardsService         : getDistance called
2023-01-20T14:46:40.426+01:00  INFO 5134 --- [ool-3-thread-67] tourGuide.service.RewardsService         : nearAttraction called with Buffalo National River
2023-01-20T14:46:40.432+01:00  INFO 5134 --- [ool-4-thread-33] tourGuide.service.RewardsService         : Rewards of internalUser13 calculated by calculateRewards
2023-01-20T14:46:40.426+01:00  INFO 5134 --- [pool-3-thread-6] tourGuide.service.RewardsService         : nearAttraction called with San Diego Zoo
2023-01-20T14:46:40.426+01:00  INFO 5134 --- [ool-3-thread-42] tourGuide.service.RewardsService         : nearAttraction called with Hot Springs National Park
2023-01-20T14:46:40.432+01:00  INFO 5134 --- [pool-3-thread-6] tourGuide.service.RewardsService         : getDistance called
2023-01-20T14:46:40.426+01:00  INFO 5134 --- [ool-3-thread-41] tourGuide.service.RewardsService         : getDistance called
2023-01-20T14:46:40.426+01:00  INFO 5134 --- [ool-3-thread-22] tourGuide.service.RewardsService         : nearAttraction called with Zoo Tampa at Lowry Park
2023-01-20T14:46:40.427+01:00  INFO 5134 --- [ool-3-thread-38] tourGuide.service.RewardsService         : nearAttraction called with Kartchner Caverns State Park
2023-01-20T14:46:40.432+01:00  INFO 5134 --- [ool-3-thread-22] tourGuide.service.RewardsService         : getDistance called
2023-01-20T14:46:40.427+01:00  INFO 5134 --- [pool-3-thread-7] tourGuide.service.RewardsService         : getDistance called
2023-01-20T14:46:40.427+01:00  INFO 5134 --- [ool-3-thread-64] tourGuide.service.RewardsService         : getDistance called
2023-01-20T14:46:40.427+01:00  INFO 5134 --- [ool-3-thread-23] tourGuide.service.RewardsService         : nearAttraction called with Legend Valley
2023-01-20T14:46:40.427+01:00  INFO 5134 --- [ool-3-thread-50] tourGuide.service.RewardsService         : nearAttraction called with El Paso Zoo
2023-01-20T14:46:40.427+01:00  INFO 5134 --- [ool-3-thread-24] tourGuide.service.RewardsService         : nearAttraction called with Flowers Bakery of London
2023-01-20T14:46:40.427+01:00  INFO 5134 --- [ool-3-thread-15] tourGuide.service.RewardsService         : nearAttraction called with Kansas City Zoo
2023-01-20T14:46:40.433+01:00  INFO 5134 --- [ool-3-thread-50] tourGuide.service.RewardsService         : getDistance called
2023-01-20T14:46:40.427+01:00  INFO 5134 --- [ool-3-thread-65] tourGuide.service.RewardsService         : getDistance called
2023-01-20T14:46:40.427+01:00  INFO 5134 --- [ool-3-thread-28] tourGuide.service.RewardsService         : getDistance called
2023-01-20T14:46:40.427+01:00  INFO 5134 --- [ool-3-thread-27] tourGuide.service.RewardsService         : nearAttraction called with Bronx Zoo
2023-01-20T14:46:40.427+01:00  INFO 5134 --- [ool-3-thread-33] tourGuide.service.RewardsService         : nearAttraction called with Flatiron Building
2023-01-20T14:46:40.433+01:00  INFO 5134 --- [ool-3-thread-27] tourGuide.service.RewardsService         : getDistance called
2023-01-20T14:46:40.427+01:00  INFO 5134 --- [pool-3-thread-4] tourGuide.service.RewardsService         : nearAttraction called with Cinderella Castle
2023-01-20T14:46:40.433+01:00  INFO 5134 --- [ool-3-thread-27] tourGuide.service.RewardsService         : nearAttraction called with Buffalo National River
2023-01-20T14:46:40.427+01:00  INFO 5134 --- [ool-3-thread-32] tourGuide.service.RewardsService         : nearAttraction called with Fallingwater
2023-01-20T14:46:40.428+01:00  INFO 5134 --- [ool-3-thread-48] tourGuide.service.RewardsService         : nearAttraction called with Roger Dean Stadium
2023-01-20T14:46:40.433+01:00  INFO 5134 --- [ool-3-thread-32] tourGuide.service.RewardsService         : getDistance called
2023-01-20T14:46:40.433+01:00  INFO 5134 --- [ool-3-thread-48] tourGuide.service.RewardsService         : getDistance called
2023-01-20T14:46:40.428+01:00  INFO 5134 --- [ool-3-thread-37] tourGuide.service.RewardsService         : nearAttraction called with Union Station
2023-01-20T14:46:40.433+01:00  INFO 5134 --- [ool-3-thread-48] tourGuide.service.RewardsService         : nearAttraction called with Kartchner Caverns State Park
2023-01-20T14:46:40.428+01:00  INFO 5134 --- [pool-3-thread-5] tourGuide.service.RewardsService         : nearAttraction called with Texas Memorial Stadium
2023-01-20T14:46:40.433+01:00  INFO 5134 --- [ool-3-thread-48] tourGuide.service.RewardsService         : getDistance called
2023-01-20T14:46:40.433+01:00  INFO 5134 --- [pool-3-thread-5] tourGuide.service.RewardsService         : getDistance called
2023-01-20T14:46:40.428+01:00  INFO 5134 --- [ool-3-thread-53] tourGuide.service.RewardsService         : nearAttraction called with Bryant-Denny Stadium
2023-01-20T14:46:40.428+01:00  INFO 5134 --- [ool-3-thread-11] tourGuide.service.RewardsService         : nearAttraction called with Tiger Stadium
2023-01-20T14:46:40.434+01:00  INFO 5134 --- [ool-3-thread-53] tourGuide.service.RewardsService         : getDistance called
2023-01-20T14:46:40.428+01:00  INFO 5134 --- [ool-3-thread-29] tourGuide.service.RewardsService         : getDistance called
2023-01-20T14:46:40.428+01:00  INFO 5134 --- [ool-3-thread-57] tourGuide.service.RewardsService         : nearAttraction called with Neyland Stadium
2023-01-20T14:46:40.428+01:00  INFO 5134 --- [ool-3-thread-55] tourGuide.service.RewardsService         : nearAttraction called with Kyle Field
2023-01-20T14:46:40.434+01:00  INFO 5134 --- [ool-3-thread-57] tourGuide.service.RewardsService         : getDistance called
2023-01-20T14:46:40.428+01:00  INFO 5134 --- [ool-3-thread-51] tourGuide.service.RewardsService         : nearAttraction called with San Diego Zoo
2023-01-20T14:46:40.428+01:00  INFO 5134 --- [ool-3-thread-16] tourGuide.service.RewardsService         : nearAttraction called with Zoo Tampa at Lowry Park
2023-01-20T14:46:40.434+01:00  INFO 5134 --- [ool-3-thread-51] tourGuide.service.RewardsService         : getDistance called
2023-01-20T14:46:40.428+01:00  INFO 5134 --- [ool-3-thread-60] tourGuide.service.RewardsService         : nearAttraction called with Franklin Park Zoo
2023-01-20T14:46:40.434+01:00  INFO 5134 --- [ool-3-thread-51] tourGuide.service.RewardsService         : nearAttraction called with Union Station
2023-01-20T14:46:40.428+01:00  INFO 5134 --- [ool-3-thread-44] tourGuide.service.RewardsService         : nearAttraction called with El Paso Zoo
2023-01-20T14:46:40.434+01:00  INFO 5134 --- [ool-3-thread-51] tourGuide.service.RewardsService         : getDistance called
2023-01-20T14:46:40.428+01:00  INFO 5134 --- [ool-3-thread-52] tourGuide.service.RewardsService         : nearAttraction called with Bronx Zoo
2023-01-20T14:46:40.434+01:00  INFO 5134 --- [ool-3-thread-51] tourGuide.service.RewardsService         : nearAttraction called with Roger Dean Stadium
2023-01-20T14:46:40.429+01:00  INFO 5134 --- [ool-3-thread-45] tourGuide.service.RewardsService         : getDistance called
2023-01-20T14:46:40.434+01:00  INFO 5134 --- [ool-3-thread-51] tourGuide.service.RewardsService         : getDistance called
2023-01-20T14:46:40.429+01:00  INFO 5134 --- [ool-3-thread-47] tourGuide.service.RewardsService         : getDistance called
2023-01-20T14:46:40.429+01:00  INFO 5134 --- [ool-3-thread-12] tourGuide.service.RewardsService         : nearAttraction called with Cinderella Castle
2023-01-20T14:46:40.429+01:00  INFO 5134 --- [ool-3-thread-54] tourGuide.service.RewardsService         : nearAttraction called with Disneyland
2023-01-20T14:46:40.429+01:00  INFO 5134 --- [ool-3-thread-68] tourGuide.service.RewardsService         : getDistance called
2023-01-20T14:46:40.435+01:00  INFO 5134 --- [ool-3-thread-54] tourGuide.service.RewardsService         : getDistance called
2023-01-20T14:46:40.429+01:00  INFO 5134 --- [ool-3-thread-49] tourGuide.service.RewardsService         : nearAttraction called with Jackson Hole
2023-01-20T14:46:40.429+01:00  INFO 5134 --- [ool-3-thread-58] tourGuide.service.RewardsService         : getDistance called
2023-01-20T14:46:40.429+01:00  INFO 5134 --- [ool-3-thread-62] tourGuide.service.RewardsService         : getDistance called
2023-01-20T14:46:40.429+01:00  INFO 5134 --- [ool-3-thread-69] tourGuide.service.RewardsService         : nearAttraction called with Mojave National Preserve
2023-01-20T14:46:40.429+01:00  INFO 5134 --- [ool-3-thread-56] tourGuide.service.RewardsService         : getDistance called
2023-01-20T14:46:40.435+01:00  INFO 5134 --- [ool-3-thread-69] tourGuide.service.RewardsService         : getDistance called
2023-01-20T14:46:40.429+01:00  INFO 5134 --- [pool-3-thread-8] tourGuide.service.RewardsService         : nearAttraction called with Joshua Tree National Park
2023-01-20T14:46:40.429+01:00  INFO 5134 --- [ool-3-thread-18] tourGuide.service.RewardsService         : getDistance called
2023-01-20T14:46:40.435+01:00  INFO 5134 --- [pool-3-thread-8] tourGuide.service.RewardsService         : getDistance called
2023-01-20T14:46:40.430+01:00  INFO 5134 --- [ool-4-thread-31] tourGuide.service.RewardsService         : Rewards of internalUser99 calculated by calculateRewards
2023-01-20T14:46:40.430+01:00  INFO 5134 --- [ool-3-thread-66] tourGuide.service.RewardsService         : nearAttraction called with Buffalo National River
2023-01-20T14:46:40.430+01:00  INFO 5134 --- [pool-3-thread-3] tourGuide.service.RewardsService         : getDistance called
2023-01-20T14:46:40.430+01:00  INFO 5134 --- [ool-3-thread-39] tourGuide.service.RewardsService         : getDistance called
2023-01-20T14:46:40.430+01:00  INFO 5134 --- [ool-3-thread-17] tourGuide.service.RewardsService         : getDistance called
2023-01-20T14:46:40.430+01:00  INFO 5134 --- [ool-3-thread-35] tourGuide.service.RewardsService         : nearAttraction called with Legend Valley
2023-01-20T14:46:40.430+01:00  INFO 5134 --- [ool-3-thread-46] tourGuide.service.RewardsService         : nearAttraction called with Flowers Bakery of London
2023-01-20T14:46:40.435+01:00  INFO 5134 --- [ool-3-thread-35] tourGuide.service.RewardsService         : getDistance called
2023-01-20T14:46:40.430+01:00  INFO 5134 --- [pool-3-thread-2] tourGuide.service.RewardsService         : nearAttraction called with McKinley Tower
2023-01-20T14:46:40.430+01:00  INFO 5134 --- [ool-3-thread-19] tourGuide.service.RewardsService         : nearAttraction called with Flatiron Building
2023-01-20T14:46:40.436+01:00  INFO 5134 --- [ool-3-thread-35] tourGuide.service.RewardsService         : nearAttraction called with Flatiron Building
2023-01-20T14:46:40.431+01:00  INFO 5134 --- [pool-3-thread-1] tourGuide.service.RewardsService         : nearAttraction called with Fallingwater
2023-01-20T14:46:40.436+01:00  INFO 5134 --- [ool-3-thread-35] tourGuide.service.RewardsService         : getDistance called
2023-01-20T14:46:40.431+01:00  INFO 5134 --- [ool-3-thread-36] tourGuide.service.RewardsService         : getDistance called
2023-01-20T14:46:40.431+01:00  INFO 5134 --- [ool-3-thread-59] tourGuide.service.RewardsService         : nearAttraction called with Union Station
2023-01-20T14:46:40.431+01:00  INFO 5134 --- [ool-3-thread-20] tourGuide.service.RewardsService         : getDistance called
2023-01-20T14:46:40.431+01:00  INFO 5134 --- [ool-3-thread-34] tourGuide.service.RewardsService         : getDistance called
2023-01-20T14:46:40.431+01:00  INFO 5134 --- [ool-3-thread-14] tourGuide.service.RewardsService         : getDistance called
2023-01-20T14:46:40.431+01:00  INFO 5134 --- [ool-3-thread-70] tourGuide.service.RewardsService         : nearAttraction called with Roger Dean Stadium
2023-01-20T14:46:40.431+01:00  INFO 5134 --- [ool-3-thread-13] tourGuide.service.RewardsService         : getDistance called
2023-01-20T14:46:40.431+01:00  INFO 5134 --- [ool-3-thread-21] tourGuide.service.RewardsService         : nearAttraction called with Texas Memorial Stadium
2023-01-20T14:46:40.431+01:00  INFO 5134 --- [ool-3-thread-63] tourGuide.service.RewardsService         : nearAttraction called with Bryant-Denny Stadium
2023-01-20T14:46:40.431+01:00  INFO 5134 --- [ool-3-thread-25] tourGuide.service.RewardsService         : nearAttraction called with Tiger Stadium
2023-01-20T14:46:40.436+01:00  INFO 5134 --- [ool-3-thread-63] tourGuide.service.RewardsService         : getDistance called
2023-01-20T14:46:40.431+01:00  INFO 5134 --- [ool-3-thread-31] tourGuide.service.RewardsService         : getDistance called
2023-01-20T14:46:40.431+01:00  INFO 5134 --- [ool-3-thread-10] tourGuide.service.RewardsService         : nearAttraction called with Kyle Field
2023-01-20T14:46:40.431+01:00  INFO 5134 --- [ool-3-thread-61] tourGuide.service.RewardsService         : getDistance called
2023-01-20T14:46:40.432+01:00  INFO 5134 --- [ool-3-thread-26] tourGuide.service.RewardsService         : getDistance called
2023-01-20T14:46:40.432+01:00  INFO 5134 --- [ool-3-thread-43] tourGuide.service.RewardsService         : getDistance called
2023-01-20T14:46:40.432+01:00  INFO 5134 --- [pool-3-thread-9] tourGuide.service.RewardsService         : nearAttraction called with San Diego Zoo
2023-01-20T14:46:40.432+01:00  INFO 5134 --- [ool-3-thread-40] tourGuide.service.RewardsService         : nearAttraction called with Zoo Tampa at Lowry Park
2023-01-20T14:46:40.437+01:00  INFO 5134 --- [pool-3-thread-9] tourGuide.service.RewardsService         : getDistance called
2023-01-20T14:46:40.432+01:00  INFO 5134 --- [ool-3-thread-30] tourGuide.service.RewardsService         : nearAttraction called with Franklin Park Zoo
2023-01-20T14:46:40.437+01:00  INFO 5134 --- [pool-3-thread-9] tourGuide.service.RewardsService         : nearAttraction called with El Paso Zoo
2023-01-20T14:46:40.432+01:00  INFO 5134 --- [ool-3-thread-67] tourGuide.service.RewardsService         : getDistance called
2023-01-20T14:46:40.437+01:00  INFO 5134 --- [pool-3-thread-9] tourGuide.service.RewardsService         : getDistance called
2023-01-20T14:46:40.432+01:00  INFO 5134 --- [ool-3-thread-42] tourGuide.service.RewardsService         : getDistance called
2023-01-20T14:46:40.432+01:00  INFO 5134 --- [pool-3-thread-6] tourGuide.service.RewardsService         : nearAttraction called with El Paso Zoo
2023-01-20T14:46:40.437+01:00  INFO 5134 --- [ool-3-thread-42] tourGuide.service.RewardsService         : nearAttraction called with Cinderella Castle
2023-01-20T14:46:40.437+01:00  INFO 5134 --- [pool-3-thread-6] tourGuide.service.RewardsService         : getDistance called
2023-01-20T14:46:40.437+01:00  INFO 5134 --- [ool-3-thread-42] tourGuide.service.RewardsService         : getDistance called
2023-01-20T14:46:40.437+01:00  INFO 5134 --- [pool-3-thread-6] tourGuide.service.RewardsService         : nearAttraction called with Joshua Tree National Park
2023-01-20T14:46:40.437+01:00  INFO 5134 --- [ool-3-thread-42] tourGuide.service.RewardsService         : nearAttraction called with Buffalo National River
2023-01-20T14:46:40.432+01:00  INFO 5134 --- [ool-3-thread-41] tourGuide.service.RewardsService         : nearAttraction called with Kansas City Zoo
2023-01-20T14:46:40.437+01:00  INFO 5134 --- [ool-3-thread-42] tourGuide.service.RewardsService         : getDistance called
2023-01-20T14:46:40.432+01:00  INFO 5134 --- [ool-3-thread-38] tourGuide.service.RewardsService         : getDistance called
2023-01-20T14:46:40.432+01:00  INFO 5134 --- [ool-3-thread-22] tourGuide.service.RewardsService         : nearAttraction called with Bronx Zoo
2023-01-20T14:46:40.438+01:00  INFO 5134 --- [ool-3-thread-38] tourGuide.service.RewardsService         : nearAttraction called with Kartchner Caverns State Park
2023-01-20T14:46:40.432+01:00  INFO 5134 --- [pool-3-thread-7] tourGuide.service.RewardsService         : nearAttraction called with Cinderella Castle
2023-01-20T14:46:40.438+01:00  INFO 5134 --- [ool-3-thread-38] tourGuide.service.RewardsService         : getDistance called
2023-01-20T14:46:40.432+01:00  INFO 5134 --- [ool-3-thread-64] tourGuide.service.RewardsService         : nearAttraction called with Disneyland
2023-01-20T14:46:40.432+01:00  INFO 5134 --- [ool-3-thread-23] tourGuide.service.RewardsService         : getDistance called
2023-01-20T14:46:40.438+01:00  INFO 5134 --- [ool-3-thread-64] tourGuide.service.RewardsService         : getDistance called
2023-01-20T14:46:40.433+01:00  INFO 5134 --- [ool-3-thread-24] tourGuide.service.RewardsService         : getDistance called
2023-01-20T14:46:40.433+01:00  INFO 5134 --- [ool-3-thread-15] tourGuide.service.RewardsService         : getDistance called
2023-01-20T14:46:40.433+01:00  INFO 5134 --- [ool-3-thread-50] tourGuide.service.RewardsService         : nearAttraction called with Jackson Hole
2023-01-20T14:46:40.433+01:00  INFO 5134 --- [ool-3-thread-65] tourGuide.service.RewardsService         : nearAttraction called with Mojave National Preserve
2023-01-20T14:46:40.438+01:00  INFO 5134 --- [ool-3-thread-50] tourGuide.service.RewardsService         : getDistance called
2023-01-20T14:46:40.433+01:00  INFO 5134 --- [ool-3-thread-28] tourGuide.service.RewardsService         : nearAttraction called with Joshua Tree National Park
2023-01-20T14:46:40.433+01:00  INFO 5134 --- [ool-3-thread-33] tourGuide.service.RewardsService         : getDistance called
2023-01-20T14:46:40.438+01:00  INFO 5134 --- [ool-3-thread-28] tourGuide.service.RewardsService         : getDistance called
2023-01-20T14:46:40.433+01:00  INFO 5134 --- [pool-3-thread-4] tourGuide.service.RewardsService         : getDistance called
2023-01-20T14:46:40.433+01:00  INFO 5134 --- [ool-3-thread-27] tourGuide.service.RewardsService         : getDistance called
2023-01-20T14:46:40.433+01:00  INFO 5134 --- [ool-3-thread-32] tourGuide.service.RewardsService         : nearAttraction called with Hot Springs National Park
2023-01-20T14:46:40.433+01:00  INFO 5134 --- [ool-3-thread-37] tourGuide.service.RewardsService         : getDistance called
2023-01-20T14:46:40.434+01:00  INFO 5134 --- [ool-3-thread-48] tourGuide.service.RewardsService         : nearAttraction called with Legend Valley
2023-01-20T14:46:40.439+01:00  INFO 5134 --- [ool-3-thread-32] tourGuide.service.RewardsService         : getDistance called
2023-01-20T14:46:40.439+01:00  INFO 5134 --- [ool-3-thread-37] tourGuide.service.RewardsService         : nearAttraction called with Neyland Stadium
2023-01-20T14:46:40.434+01:00  INFO 5134 --- [pool-3-thread-5] tourGuide.service.RewardsService         : nearAttraction called with Flowers Bakery of London
2023-01-20T14:46:40.439+01:00  INFO 5134 --- [ool-3-thread-37] tourGuide.service.RewardsService         : getDistance called
2023-01-20T14:46:40.434+01:00  INFO 5134 --- [ool-3-thread-11] tourGuide.service.RewardsService         : getDistance called
2023-01-20T14:46:40.434+01:00  INFO 5134 --- [ool-3-thread-53] tourGuide.service.RewardsService         : nearAttraction called with McKinley Tower
2023-01-20T14:46:40.434+01:00  INFO 5134 --- [ool-3-thread-29] tourGuide.service.RewardsService         : nearAttraction called with Flatiron Building
2023-01-20T14:46:40.439+01:00  INFO 5134 --- [ool-3-thread-53] tourGuide.service.RewardsService         : getDistance called
2023-01-20T14:46:40.434+01:00  INFO 5134 --- [ool-3-thread-55] tourGuide.service.RewardsService         : getDistance called
2023-01-20T14:46:40.439+01:00  INFO 5134 --- [ool-3-thread-53] tourGuide.service.RewardsService         : nearAttraction called with Franklin Park Zoo
2023-01-20T14:46:40.434+01:00  INFO 5134 --- [ool-3-thread-57] tourGuide.service.RewardsService         : nearAttraction called with Fallingwater
2023-01-20T14:46:40.439+01:00  INFO 5134 --- [ool-3-thread-53] tourGuide.service.RewardsService         : getDistance called
2023-01-20T14:46:40.434+01:00  INFO 5134 --- [ool-3-thread-16] tourGuide.service.RewardsService         : getDistance called
2023-01-20T14:46:40.434+01:00  INFO 5134 --- [ool-3-thread-60] tourGuide.service.RewardsService         : getDistance called
2023-01-20T14:46:40.434+01:00  INFO 5134 --- [ool-3-thread-44] tourGuide.service.RewardsService         : getDistance called
2023-01-20T14:46:40.434+01:00  INFO 5134 --- [ool-3-thread-52] tourGuide.service.RewardsService         : getDistance called
2023-01-20T14:46:40.434+01:00  INFO 5134 --- [ool-3-thread-45] tourGuide.service.RewardsService         : nearAttraction called with Texas Memorial Stadium
2023-01-20T14:46:40.434+01:00  INFO 5134 --- [ool-3-thread-51] tourGuide.service.RewardsService         : nearAttraction called with Bryant-Denny Stadium
2023-01-20T14:46:40.435+01:00  INFO 5134 --- [ool-3-thread-47] tourGuide.service.RewardsService         : nearAttraction called with Tiger Stadium
2023-01-20T14:46:40.439+01:00  INFO 5134 --- [ool-3-thread-51] tourGuide.service.RewardsService         : getDistance called
2023-01-20T14:46:40.435+01:00  INFO 5134 --- [ool-3-thread-12] tourGuide.service.RewardsService         : getDistance called
2023-01-20T14:46:40.440+01:00  INFO 5134 --- [ool-3-thread-47] tourGuide.service.RewardsService         : getDistance called
2023-01-20T14:46:40.435+01:00  INFO 5134 --- [ool-3-thread-68] tourGuide.service.RewardsService         : nearAttraction called with Neyland Stadium
2023-01-20T14:46:40.440+01:00  INFO 5134 --- [ool-3-thread-12] tourGuide.service.RewardsService         : nearAttraction called with Joshua Tree National Park
2023-01-20T14:46:40.440+01:00  INFO 5134 --- [ool-3-thread-47] tourGuide.service.RewardsService         : nearAttraction called with Buffalo National River
2023-01-20T14:46:40.435+01:00  INFO 5134 --- [ool-3-thread-54] tourGuide.service.RewardsService         : nearAttraction called with Kyle Field
2023-01-20T14:46:40.440+01:00  INFO 5134 --- [ool-3-thread-47] tourGuide.service.RewardsService         : getDistance called
2023-01-20T14:46:40.440+01:00  INFO 5134 --- [ool-3-thread-54] tourGuide.service.RewardsService         : getDistance called
2023-01-20T14:46:40.440+01:00  INFO 5134 --- [ool-3-thread-47] tourGuide.service.RewardsService         : nearAttraction called with Hot Springs National Park
2023-01-20T14:46:40.435+01:00  INFO 5134 --- [ool-3-thread-49] tourGuide.service.RewardsService         : getDistance called
2023-01-20T14:46:40.440+01:00  INFO 5134 --- [ool-3-thread-54] tourGuide.service.RewardsService         : nearAttraction called with Kartchner Caverns State Park
2023-01-20T14:46:40.435+01:00  INFO 5134 --- [ool-3-thread-58] tourGuide.service.RewardsService         : nearAttraction called with San Diego Zoo
2023-01-20T14:46:40.435+01:00  INFO 5134 --- [ool-3-thread-62] tourGuide.service.RewardsService         : nearAttraction called with Zoo Tampa at Lowry Park
2023-01-20T14:46:40.440+01:00  INFO 5134 --- [ool-3-thread-58] tourGuide.service.RewardsService         : getDistance called
2023-01-20T14:46:40.435+01:00  INFO 5134 --- [ool-4-thread-14] tourGuide.service.RewardsService         : Rewards of internalUser85 calculated by calculateRewards
2023-01-20T14:46:40.435+01:00  INFO 5134 --- [ool-3-thread-56] tourGuide.service.RewardsService         : nearAttraction called with Franklin Park Zoo
2023-01-20T14:46:40.435+01:00  INFO 5134 --- [ool-3-thread-69] tourGuide.service.RewardsService         : nearAttraction called with El Paso Zoo
2023-01-20T14:46:40.440+01:00  INFO 5134 --- [ool-3-thread-56] tourGuide.service.RewardsService         : getDistance called
2023-01-20T14:46:40.435+01:00  INFO 5134 --- [ool-3-thread-18] tourGuide.service.RewardsService         : nearAttraction called with Kansas City Zoo
2023-01-20T14:46:40.435+01:00  INFO 5134 --- [pool-3-thread-8] tourGuide.service.RewardsService         : nearAttraction called with Bronx Zoo
2023-01-20T14:46:40.441+01:00  INFO 5134 --- [ool-3-thread-56] tourGuide.service.RewardsService         : nearAttraction called with McKinley Tower
2023-01-20T14:46:40.435+01:00  INFO 5134 --- [ool-3-thread-66] tourGuide.service.RewardsService         : getDistance called
2023-01-20T14:46:40.435+01:00  INFO 5134 --- [pool-3-thread-3] tourGuide.service.RewardsService         : nearAttraction called with Cinderella Castle
2023-01-20T14:46:40.441+01:00  INFO 5134 --- [ool-3-thread-66] tourGuide.service.RewardsService         : nearAttraction called with Flatiron Building
2023-01-20T14:46:40.441+01:00  INFO 5134 --- [pool-3-thread-3] tourGuide.service.RewardsService         : getDistance called
2023-01-20T14:46:40.435+01:00  INFO 5134 --- [ool-3-thread-39] tourGuide.service.RewardsService         : nearAttraction called with Flowers Bakery of London
2023-01-20T14:46:40.441+01:00  INFO 5134 --- [pool-3-thread-3] tourGuide.service.RewardsService         : nearAttraction called with Fallingwater
2023-01-20T14:46:40.441+01:00  INFO 5134 --- [ool-3-thread-39] tourGuide.service.RewardsService         : getDistance called
2023-01-20T14:46:40.435+01:00  INFO 5134 --- [ool-3-thread-17] tourGuide.service.RewardsService         : nearAttraction called with McKinley Tower
2023-01-20T14:46:40.435+01:00  INFO 5134 --- [ool-3-thread-46] tourGuide.service.RewardsService         : getDistance called
2023-01-20T14:46:40.441+01:00  INFO 5134 --- [ool-3-thread-39] tourGuide.service.RewardsService         : nearAttraction called with Union Station
2023-01-20T14:46:40.436+01:00  INFO 5134 --- [pool-3-thread-2] tourGuide.service.RewardsService         : getDistance called
2023-01-20T14:46:40.441+01:00  INFO 5134 --- [ool-3-thread-39] tourGuide.service.RewardsService         : getDistance called
2023-01-20T14:46:40.436+01:00  INFO 5134 --- [ool-3-thread-19] tourGuide.service.RewardsService         : getDistance called
2023-01-20T14:46:40.436+01:00  INFO 5134 --- [pool-3-thread-1] tourGuide.service.RewardsService         : getDistance called
2023-01-20T14:46:40.436+01:00  INFO 5134 --- [ool-3-thread-35] tourGuide.service.RewardsService         : nearAttraction called with Fallingwater
2023-01-20T14:46:40.436+01:00  INFO 5134 --- [ool-3-thread-36] tourGuide.service.RewardsService         : nearAttraction called with Union Station
2023-01-20T14:46:40.436+01:00  INFO 5134 --- [ool-3-thread-59] tourGuide.service.RewardsService         : getDistance called
2023-01-20T14:46:40.436+01:00  INFO 5134 --- [ool-3-thread-20] tourGuide.service.RewardsService         : nearAttraction called with Roger Dean Stadium
2023-01-20T14:46:40.436+01:00  INFO 5134 --- [ool-3-thread-34] tourGuide.service.RewardsService         : nearAttraction called with Texas Memorial Stadium
2023-01-20T14:46:40.442+01:00  INFO 5134 --- [ool-3-thread-20] tourGuide.service.RewardsService         : getDistance called
2023-01-20T14:46:40.436+01:00  INFO 5134 --- [ool-3-thread-14] tourGuide.service.RewardsService         : nearAttraction called with Bryant-Denny Stadium
2023-01-20T14:46:40.436+01:00  INFO 5134 --- [ool-3-thread-70] tourGuide.service.RewardsService         : getDistance called
2023-01-20T14:46:40.442+01:00  INFO 5134 --- [ool-3-thread-20] tourGuide.service.RewardsService         : nearAttraction called with San Diego Zoo
2023-01-20T14:46:40.436+01:00  INFO 5134 --- [ool-3-thread-13] tourGuide.service.RewardsService         : nearAttraction called with Tiger Stadium
2023-01-20T14:46:40.436+01:00  INFO 5134 --- [ool-3-thread-21] tourGuide.service.RewardsService         : getDistance called
2023-01-20T14:46:40.442+01:00  INFO 5134 --- [ool-3-thread-13] tourGuide.service.RewardsService         : getDistance called
2023-01-20T14:46:40.436+01:00  INFO 5134 --- [ool-3-thread-25] tourGuide.service.RewardsService         : getDistance called
2023-01-20T14:46:40.436+01:00  INFO 5134 --- [ool-3-thread-63] tourGuide.service.RewardsService         : nearAttraction called with Neyland Stadium
2023-01-20T14:46:40.437+01:00  INFO 5134 --- [ool-3-thread-31] tourGuide.service.RewardsService         : nearAttraction called with Kyle Field
2023-01-20T14:46:40.442+01:00  INFO 5134 --- [ool-3-thread-63] tourGuide.service.RewardsService         : getDistance called
2023-01-20T14:46:40.437+01:00  INFO 5134 --- [ool-3-thread-10] tourGuide.service.RewardsService         : getDistance called
2023-01-20T14:46:40.442+01:00  INFO 5134 --- [ool-3-thread-63] tourGuide.service.RewardsService         : nearAttraction called with Bronx Zoo
2023-01-20T14:46:40.437+01:00  INFO 5134 --- [ool-3-thread-61] tourGuide.service.RewardsService         : nearAttraction called with San Diego Zoo
2023-01-20T14:46:40.442+01:00  INFO 5134 --- [ool-3-thread-63] tourGuide.service.RewardsService         : getDistance called
2023-01-20T14:46:40.437+01:00  INFO 5134 --- [ool-3-thread-26] tourGuide.service.RewardsService         : nearAttraction called with Zoo Tampa at Lowry Park
2023-01-20T14:46:40.437+01:00  INFO 5134 --- [ool-3-thread-43] tourGuide.service.RewardsService         : nearAttraction called with Franklin Park Zoo
2023-01-20T14:46:40.443+01:00  INFO 5134 --- [ool-3-thread-63] tourGuide.service.RewardsService         : nearAttraction called with Disneyland
2023-01-20T14:46:40.437+01:00  INFO 5134 --- [ool-3-thread-40] tourGuide.service.RewardsService         : getDistance called
2023-01-20T14:46:40.443+01:00  INFO 5134 --- [ool-3-thread-63] tourGuide.service.RewardsService         : getDistance called
2023-01-20T14:46:40.437+01:00  INFO 5134 --- [ool-3-thread-30] tourGuide.service.RewardsService         : getDistance called
2023-01-20T14:46:40.437+01:00  INFO 5134 --- [ool-3-thread-67] tourGuide.service.RewardsService         : nearAttraction called with Kansas City Zoo
2023-01-20T14:46:40.437+01:00  INFO 5134 --- [pool-3-thread-9] tourGuide.service.RewardsService         : nearAttraction called with Bronx Zoo
2023-01-20T14:46:40.443+01:00  INFO 5134 --- [ool-3-thread-67] tourGuide.service.RewardsService         : getDistance called
2023-01-20T14:46:40.437+01:00  INFO 5134 --- [pool-3-thread-6] tourGuide.service.RewardsService         : getDistance called
2023-01-20T14:46:40.438+01:00  INFO 5134 --- [ool-3-thread-41] tourGuide.service.RewardsService         : getDistance called
2023-01-20T14:46:40.438+01:00  INFO 5134 --- [ool-3-thread-42] tourGuide.service.RewardsService         : nearAttraction called with Hot Springs National Park
2023-01-20T14:46:40.438+01:00  INFO 5134 --- [ool-3-thread-22] tourGuide.service.RewardsService         : getDistance called
2023-01-20T14:46:40.438+01:00  INFO 5134 --- [pool-3-thread-7] tourGuide.service.RewardsService         : getDistance called
2023-01-20T14:46:40.443+01:00  INFO 5134 --- [ool-3-thread-22] tourGuide.service.RewardsService         : nearAttraction called with Legend Valley
2023-01-20T14:46:40.438+01:00  INFO 5134 --- [ool-3-thread-38] tourGuide.service.RewardsService         : nearAttraction called with Legend Valley
2023-01-20T14:46:40.443+01:00  INFO 5134 --- [pool-3-thread-7] tourGuide.service.RewardsService         : nearAttraction called with Flowers Bakery of London
2023-01-20T14:46:40.438+01:00  INFO 5134 --- [ool-3-thread-23] tourGuide.service.RewardsService         : nearAttraction called with Flowers Bakery of London
2023-01-20T14:46:40.443+01:00  INFO 5134 --- [pool-3-thread-7] tourGuide.service.RewardsService         : getDistance called
2023-01-20T14:46:40.438+01:00  INFO 5134 --- [ool-3-thread-64] tourGuide.service.RewardsService         : nearAttraction called with McKinley Tower
2023-01-20T14:46:40.438+01:00  INFO 5134 --- [ool-3-thread-24] tourGuide.service.RewardsService         : nearAttraction called with Flatiron Building
2023-01-20T14:46:40.443+01:00  INFO 5134 --- [ool-3-thread-64] tourGuide.service.RewardsService         : getDistance called
2023-01-20T14:46:40.438+01:00  INFO 5134 --- [ool-3-thread-15] tourGuide.service.RewardsService         : nearAttraction called with Fallingwater
2023-01-20T14:46:40.438+01:00  INFO 5134 --- [ool-3-thread-65] tourGuide.service.RewardsService         : getDistance called
2023-01-20T14:46:40.444+01:00  INFO 5134 --- [ool-3-thread-15] tourGuide.service.RewardsService         : getDistance called
2023-01-20T14:46:40.438+01:00  INFO 5134 --- [ool-3-thread-50] tourGuide.service.RewardsService         : nearAttraction called with Union Station
2023-01-20T14:46:40.444+01:00  INFO 5134 --- [ool-3-thread-65] tourGuide.service.RewardsService         : nearAttraction called with Fallingwater
2023-01-20T14:46:40.438+01:00  INFO 5134 --- [ool-3-thread-33] tourGuide.service.RewardsService         : nearAttraction called with Roger Dean Stadium
2023-01-20T14:46:40.444+01:00  INFO 5134 --- [ool-3-thread-65] tourGuide.service.RewardsService         : getDistance called
2023-01-20T14:46:40.444+01:00  INFO 5134 --- [ool-3-thread-33] tourGuide.service.RewardsService         : getDistance called
2023-01-20T14:46:40.438+01:00  INFO 5134 --- [ool-3-thread-28] tourGuide.service.RewardsService         : nearAttraction called with Texas Memorial Stadium
2023-01-20T14:46:40.438+01:00  INFO 5134 --- [pool-3-thread-4] tourGuide.service.RewardsService         : nearAttraction called with Bryant-Denny Stadium
2023-01-20T14:46:40.444+01:00  INFO 5134 --- [ool-3-thread-28] tourGuide.service.RewardsService         : getDistance called
2023-01-20T14:46:40.438+01:00  INFO 5134 --- [ool-4-thread-51] tourGuide.service.RewardsService         : Rewards of internalUser27 calculated by calculateRewards
2023-01-20T14:46:40.438+01:00  INFO 5134 --- [ool-3-thread-27] tourGuide.service.RewardsService         : nearAttraction called with Tiger Stadium
2023-01-20T14:46:40.439+01:00  INFO 5134 --- [ool-3-thread-48] tourGuide.service.RewardsService         : getDistance called
2023-01-20T14:46:40.444+01:00  INFO 5134 --- [ool-3-thread-27] tourGuide.service.RewardsService         : getDistance called
2023-01-20T14:46:40.439+01:00  INFO 5134 --- [ool-3-thread-32] tourGuide.service.RewardsService         : nearAttraction called with Kyle Field
2023-01-20T14:46:40.444+01:00  INFO 5134 --- [ool-3-thread-48] tourGuide.service.RewardsService         : nearAttraction called with Tiger Stadium
2023-01-20T14:46:40.439+01:00  INFO 5134 --- [pool-3-thread-5] tourGuide.service.RewardsService         : getDistance called
2023-01-20T14:46:40.444+01:00  INFO 5134 --- [ool-3-thread-48] tourGuide.service.RewardsService         : getDistance called
2023-01-20T14:46:40.439+01:00  INFO 5134 --- [ool-3-thread-37] tourGuide.service.RewardsService         : nearAttraction called with San Diego Zoo
2023-01-20T14:46:40.439+01:00  INFO 5134 --- [ool-3-thread-11] tourGuide.service.RewardsService         : nearAttraction called with Zoo Tampa at Lowry Park
2023-01-20T14:46:40.439+01:00  INFO 5134 --- [ool-3-thread-29] tourGuide.service.RewardsService         : getDistance called
2023-01-20T14:46:40.445+01:00  INFO 5134 --- [ool-3-thread-11] tourGuide.service.RewardsService         : getDistance called
2023-01-20T14:46:40.439+01:00  INFO 5134 --- [ool-3-thread-55] tourGuide.service.RewardsService         : nearAttraction called with El Paso Zoo
2023-01-20T14:46:40.439+01:00  INFO 5134 --- [ool-3-thread-57] tourGuide.service.RewardsService         : getDistance called
2023-01-20T14:46:40.445+01:00  INFO 5134 --- [ool-3-thread-55] tourGuide.service.RewardsService         : getDistance called
2023-01-20T14:46:40.439+01:00  INFO 5134 --- [ool-3-thread-53] tourGuide.service.RewardsService         : nearAttraction called with Kansas City Zoo
2023-01-20T14:46:40.439+01:00  INFO 5134 --- [ool-3-thread-16] tourGuide.service.RewardsService         : nearAttraction called with Bronx Zoo
2023-01-20T14:46:40.445+01:00  INFO 5134 --- [ool-3-thread-53] tourGuide.service.RewardsService         : getDistance called
2023-01-20T14:46:40.439+01:00  INFO 5134 --- [ool-3-thread-60] tourGuide.service.RewardsService         : nearAttraction called with Cinderella Castle
2023-01-20T14:46:40.439+01:00  INFO 5134 --- [ool-3-thread-44] tourGuide.service.RewardsService         : nearAttraction called with Disneyland
2023-01-20T14:46:40.439+01:00  INFO 5134 --- [ool-3-thread-52] tourGuide.service.RewardsService         : nearAttraction called with Jackson Hole
2023-01-20T14:46:40.439+01:00  INFO 5134 --- [ool-3-thread-45] tourGuide.service.RewardsService         : getDistance called
2023-01-20T14:46:40.445+01:00  INFO 5134 --- [ool-3-thread-52] tourGuide.service.RewardsService         : getDistance called
2023-01-20T14:46:40.440+01:00  INFO 5134 --- [ool-3-thread-51] tourGuide.service.RewardsService         : nearAttraction called with Mojave National Preserve
2023-01-20T14:46:40.445+01:00  INFO 5134 --- [ool-3-thread-45] tourGuide.service.RewardsService         : nearAttraction called with Cinderella Castle
2023-01-20T14:46:40.440+01:00  INFO 5134 --- [ool-4-thread-67] tourGuide.service.RewardsService         : Rewards of internalUser35 calculated by calculateRewards
2023-01-20T14:46:40.440+01:00  INFO 5134 --- [ool-3-thread-68] tourGuide.service.RewardsService         : getDistance called
2023-01-20T14:46:40.440+01:00  INFO 5134 --- [ool-3-thread-12] tourGuide.service.RewardsService         : getDistance called
2023-01-20T14:46:40.440+01:00  INFO 5134 --- [ool-3-thread-47] tourGuide.service.RewardsService         : getDistance called
2023-01-20T14:46:40.440+01:00  INFO 5134 --- [ool-3-thread-54] tourGuide.service.RewardsService         : getDistance called
2023-01-20T14:46:40.446+01:00  INFO 5134 --- [ool-3-thread-68] tourGuide.service.RewardsService         : nearAttraction called with Jackson Hole
2023-01-20T14:46:40.446+01:00  INFO 5134 --- [ool-3-thread-47] tourGuide.service.RewardsService         : nearAttraction called with Joshua Tree National Park
2023-01-20T14:46:40.440+01:00  INFO 5134 --- [ool-3-thread-49] tourGuide.service.RewardsService         : nearAttraction called with Legend Valley
2023-01-20T14:46:40.446+01:00  INFO 5134 --- [ool-3-thread-47] tourGuide.service.RewardsService         : getDistance called
2023-01-20T14:46:40.440+01:00  INFO 5134 --- [ool-3-thread-62] tourGuide.service.RewardsService         : getDistance called
2023-01-20T14:46:40.440+01:00  INFO 5134 --- [ool-3-thread-58] tourGuide.service.RewardsService         : nearAttraction called with Flowers Bakery of London
2023-01-20T14:46:40.440+01:00  INFO 5134 --- [ool-3-thread-69] tourGuide.service.RewardsService         : getDistance called
2023-01-20T14:46:40.445+01:00  INFO 5134 --- [pool-3-thread-5] tourGuide.service.RewardsService         : nearAttraction called with Kyle Field
2023-01-20T14:46:40.441+01:00  INFO 5134 --- [ool-3-thread-18] tourGuide.service.RewardsService         : getDistance called
2023-01-20T14:46:40.446+01:00  INFO 5134 --- [pool-3-thread-5] tourGuide.service.RewardsService         : getDistance called
2023-01-20T14:46:40.441+01:00  INFO 5134 --- [pool-3-thread-8] tourGuide.service.RewardsService         : getDistance called
2023-01-20T14:46:40.441+01:00  INFO 5134 --- [ool-3-thread-56] tourGuide.service.RewardsService         : getDistance called
2023-01-20T14:46:40.441+01:00  INFO 5134 --- [ool-3-thread-66] tourGuide.service.RewardsService         : getDistance called
2023-01-20T14:46:40.446+01:00  INFO 5134 --- [ool-4-thread-10] tourGuide.service.RewardsService         : Rewards of internalUser71 calculated by calculateRewards
2023-01-20T14:46:40.441+01:00  INFO 5134 --- [pool-3-thread-3] tourGuide.service.RewardsService         : getDistance called
2023-01-20T14:46:40.441+01:00  INFO 5134 --- [ool-3-thread-17] tourGuide.service.RewardsService         : getDistance called
2023-01-20T14:46:40.441+01:00  INFO 5134 --- [ool-3-thread-46] tourGuide.service.RewardsService         : nearAttraction called with Roger Dean Stadium
2023-01-20T14:46:40.447+01:00  INFO 5134 --- [pool-3-thread-3] tourGuide.service.RewardsService         : nearAttraction called with Hot Springs National Park
2023-01-20T14:46:40.441+01:00  INFO 5134 --- [pool-3-thread-2] tourGuide.service.RewardsService         : nearAttraction called with Texas Memorial Stadium
2023-01-20T14:46:40.447+01:00  INFO 5134 --- [pool-3-thread-3] tourGuide.service.RewardsService         : getDistance called
2023-01-20T14:46:40.441+01:00  INFO 5134 --- [ool-3-thread-39] tourGuide.service.RewardsService         : nearAttraction called with Bryant-Denny Stadium
2023-01-20T14:46:40.441+01:00  INFO 5134 --- [ool-3-thread-19] tourGuide.service.RewardsService         : nearAttraction called with Tiger Stadium
2023-01-20T14:46:40.447+01:00  INFO 5134 --- [ool-3-thread-39] tourGuide.service.RewardsService         : getDistance called
2023-01-20T14:46:40.442+01:00  INFO 5134 --- [pool-3-thread-1] tourGuide.service.RewardsService         : nearAttraction called with Neyland Stadium
2023-01-20T14:46:40.442+01:00  INFO 5134 --- [ool-3-thread-35] tourGuide.service.RewardsService         : getDistance called
2023-01-20T14:46:40.447+01:00  INFO 5134 --- [pool-3-thread-1] tourGuide.service.RewardsService         : getDistance called
2023-01-20T14:46:40.442+01:00  INFO 5134 --- [ool-3-thread-36] tourGuide.service.RewardsService         : getDistance called
2023-01-20T14:46:40.447+01:00  INFO 5134 --- [pool-3-thread-1] tourGuide.service.RewardsService         : nearAttraction called with Fallingwater
2023-01-20T14:46:40.442+01:00  INFO 5134 --- [ool-3-thread-59] tourGuide.service.RewardsService         : nearAttraction called with Kyle Field
2023-01-20T14:46:40.447+01:00  INFO 5134 --- [pool-3-thread-1] tourGuide.service.RewardsService         : getDistance called
2023-01-20T14:46:40.442+01:00  INFO 5134 --- [ool-3-thread-34] tourGuide.service.RewardsService         : getDistance called
2023-01-20T14:46:40.442+01:00  INFO 5134 --- [ool-3-thread-14] tourGuide.service.RewardsService         : getDistance called
2023-01-20T14:46:40.442+01:00  INFO 5134 --- [ool-3-thread-70] tourGuide.service.RewardsService         : nearAttraction called with Zoo Tampa at Lowry Park
2023-01-20T14:46:40.442+01:00  INFO 5134 --- [ool-3-thread-20] tourGuide.service.RewardsService         : getDistance called
2023-01-20T14:46:40.447+01:00  INFO 5134 --- [ool-3-thread-70] tourGuide.service.RewardsService         : getDistance called
2023-01-20T14:46:40.442+01:00  INFO 5134 --- [ool-3-thread-21] tourGuide.service.RewardsService         : nearAttraction called with Franklin Park Zoo
2023-01-20T14:46:40.442+01:00  INFO 5134 --- [ool-3-thread-13] tourGuide.service.RewardsService         : nearAttraction called with El Paso Zoo
2023-01-20T14:46:40.448+01:00  INFO 5134 --- [ool-3-thread-70] tourGuide.service.RewardsService         : nearAttraction called with Bryant-Denny Stadium
2023-01-20T14:46:40.442+01:00  INFO 5134 --- [ool-3-thread-25] tourGuide.service.RewardsService         : nearAttraction called with Kansas City Zoo
2023-01-20T14:46:40.442+01:00  INFO 5134 --- [ool-3-thread-31] tourGuide.service.RewardsService         : getDistance called
2023-01-20T14:46:40.448+01:00  INFO 5134 --- [ool-3-thread-25] tourGuide.service.RewardsService         : getDistance called
2023-01-20T14:46:40.442+01:00  INFO 5134 --- [ool-3-thread-10] tourGuide.service.RewardsService         : nearAttraction called with Cinderella Castle
2023-01-20T14:46:40.442+01:00  INFO 5134 --- [ool-3-thread-61] tourGuide.service.RewardsService         : getDistance called
2023-01-20T14:46:40.448+01:00  INFO 5134 --- [ool-3-thread-10] tourGuide.service.RewardsService         : getDistance called
2023-01-20T14:46:40.443+01:00  INFO 5134 --- [ool-3-thread-26] tourGuide.service.RewardsService         : getDistance called
2023-01-20T14:46:40.443+01:00  INFO 5134 --- [ool-3-thread-43] tourGuide.service.RewardsService         : getDistance called
2023-01-20T14:46:40.443+01:00  INFO 5134 --- [ool-3-thread-40] tourGuide.service.RewardsService         : nearAttraction called with Jackson Hole
2023-01-20T14:46:40.443+01:00  INFO 5134 --- [ool-3-thread-63] tourGuide.service.RewardsService         : nearAttraction called with Mojave National Preserve
2023-01-20T14:46:40.448+01:00  INFO 5134 --- [ool-3-thread-40] tourGuide.service.RewardsService         : getDistance called
2023-01-20T14:46:40.443+01:00  INFO 5134 --- [ool-3-thread-30] tourGuide.service.RewardsService         : nearAttraction called with Joshua Tree National Park
2023-01-20T14:46:40.443+01:00  INFO 5134 --- [pool-3-thread-9] tourGuide.service.RewardsService         : getDistance called
2023-01-20T14:46:40.443+01:00  INFO 5134 --- [ool-3-thread-67] tourGuide.service.RewardsService         : nearAttraction called with Buffalo National River
2023-01-20T14:46:40.443+01:00  INFO 5134 --- [pool-3-thread-6] tourGuide.service.RewardsService         : nearAttraction called with Hot Springs National Park
2023-01-20T14:46:40.448+01:00  INFO 5134 --- [ool-4-thread-20] tourGuide.service.RewardsService         : Rewards of internalUser83 calculated by calculateRewards
2023-01-20T14:46:40.443+01:00  INFO 5134 --- [ool-3-thread-41] tourGuide.service.RewardsService         : nearAttraction called with Kartchner Caverns State Park
2023-01-20T14:46:40.443+01:00  INFO 5134 --- [ool-3-thread-42] tourGuide.service.RewardsService         : getDistance called
2023-01-20T14:46:40.443+01:00  INFO 5134 --- [ool-3-thread-22] tourGuide.service.RewardsService         : getDistance called
2023-01-20T14:46:40.443+01:00  INFO 5134 --- [pool-4-thread-2] tourGuide.service.RewardsService         : Rewards of internalUser77 calculated by calculateRewards
2023-01-20T14:46:40.449+01:00  INFO 5134 --- [ool-3-thread-22] tourGuide.service.RewardsService         : nearAttraction called with Zoo Tampa at Lowry Park
2023-01-20T14:46:40.443+01:00  INFO 5134 --- [ool-3-thread-38] tourGuide.service.RewardsService         : getDistance called
2023-01-20T14:46:40.449+01:00  INFO 5134 --- [ool-3-thread-22] tourGuide.service.RewardsService         : getDistance called
2023-01-20T14:46:40.443+01:00  INFO 5134 --- [ool-3-thread-23] tourGuide.service.RewardsService         : getDistance called
2023-01-20T14:46:40.443+01:00  INFO 5134 --- [pool-3-thread-7] tourGuide.service.RewardsService         : nearAttraction called with McKinley Tower
2023-01-20T14:46:40.444+01:00  INFO 5134 --- [ool-3-thread-24] tourGuide.service.RewardsService         : getDistance called
2023-01-20T14:46:40.444+01:00  INFO 5134 --- [ool-3-thread-64] tourGuide.service.RewardsService         : nearAttraction called with Flatiron Building
2023-01-20T14:46:40.444+01:00  INFO 5134 --- [ool-3-thread-15] tourGuide.service.RewardsService         : nearAttraction called with Union Station
2023-01-20T14:46:40.449+01:00  INFO 5134 --- [ool-3-thread-64] tourGuide.service.RewardsService         : getDistance called
2023-01-20T14:46:40.444+01:00  INFO 5134 --- [ool-3-thread-50] tourGuide.service.RewardsService         : getDistance called
2023-01-20T14:46:40.444+01:00  INFO 5134 --- [ool-3-thread-65] tourGuide.service.RewardsService         : nearAttraction called with Roger Dean Stadium
2023-01-20T14:46:40.444+01:00  INFO 5134 --- [ool-3-thread-33] tourGuide.service.RewardsService         : nearAttraction called with Texas Memorial Stadium
2023-01-20T14:46:40.449+01:00  INFO 5134 --- [ool-3-thread-65] tourGuide.service.RewardsService         : getDistance called
2023-01-20T14:46:40.444+01:00  INFO 5134 --- [pool-3-thread-4] tourGuide.service.RewardsService         : getDistance called
2023-01-20T14:46:40.444+01:00  INFO 5134 --- [ool-3-thread-28] tourGuide.service.RewardsService         : nearAttraction called with Bryant-Denny Stadium
2023-01-20T14:46:40.449+01:00  INFO 5134 --- [pool-3-thread-4] tourGuide.service.RewardsService         : nearAttraction called with Bronx Zoo
2023-01-20T14:46:40.444+01:00  INFO 5134 --- [ool-3-thread-27] tourGuide.service.RewardsService         : nearAttraction called with Neyland Stadium
2023-01-20T14:46:40.450+01:00  INFO 5134 --- [pool-3-thread-4] tourGuide.service.RewardsService         : getDistance called
2023-01-20T14:46:40.444+01:00  INFO 5134 --- [ool-3-thread-32] tourGuide.service.RewardsService         : getDistance called
2023-01-20T14:46:40.450+01:00  INFO 5134 --- [pool-3-thread-4] tourGuide.service.RewardsService         : nearAttraction called with Kyle Field
2023-01-20T14:46:40.445+01:00  INFO 5134 --- [ool-3-thread-48] tourGuide.service.RewardsService         : nearAttraction called with San Diego Zoo
2023-01-20T14:46:40.450+01:00  INFO 5134 --- [pool-3-thread-4] tourGuide.service.RewardsService         : getDistance called
2023-01-20T14:46:40.445+01:00  INFO 5134 --- [ool-3-thread-37] tourGuide.service.RewardsService         : getDistance called
2023-01-20T14:46:40.445+01:00  INFO 5134 --- [ool-3-thread-29] tourGuide.service.RewardsService         : nearAttraction called with Zoo Tampa at Lowry Park
2023-01-20T14:46:40.445+01:00  INFO 5134 --- [ool-3-thread-11] tourGuide.service.RewardsService         : nearAttraction called with Franklin Park Zoo
2023-01-20T14:46:40.450+01:00  INFO 5134 --- [ool-3-thread-29] tourGuide.service.RewardsService         : getDistance called
2023-01-20T14:46:40.445+01:00  INFO 5134 --- [ool-3-thread-57] tourGuide.service.RewardsService         : nearAttraction called with El Paso Zoo
2023-01-20T14:46:40.445+01:00  INFO 5134 --- [ool-3-thread-55] tourGuide.service.RewardsService         : nearAttraction called with Kansas City Zoo
2023-01-20T14:46:40.445+01:00  INFO 5134 --- [ool-3-thread-16] tourGuide.service.RewardsService         : getDistance called
2023-01-20T14:46:40.445+01:00  INFO 5134 --- [ool-3-thread-53] tourGuide.service.RewardsService         : nearAttraction called with Bronx Zoo
2023-01-20T14:46:40.445+01:00  INFO 5134 --- [ool-3-thread-60] tourGuide.service.RewardsService         : getDistance called
2023-01-20T14:46:40.450+01:00  INFO 5134 --- [ool-3-thread-53] tourGuide.service.RewardsService         : getDistance called
2023-01-20T14:46:40.445+01:00  INFO 5134 --- [ool-3-thread-44] tourGuide.service.RewardsService         : getDistance called
2023-01-20T14:46:40.445+01:00  INFO 5134 --- [ool-3-thread-52] tourGuide.service.RewardsService         : nearAttraction called with Disneyland
2023-01-20T14:46:40.445+01:00  INFO 5134 --- [ool-3-thread-51] tourGuide.service.RewardsService         : getDistance called
2023-01-20T14:46:40.451+01:00  INFO 5134 --- [ool-3-thread-44] tourGuide.service.RewardsService         : nearAttraction called with Cinderella Castle
2023-01-20T14:46:40.445+01:00  INFO 5134 --- [ool-3-thread-45] tourGuide.service.RewardsService         : getDistance called
2023-01-20T14:46:40.451+01:00  INFO 5134 --- [ool-3-thread-51] tourGuide.service.RewardsService         : nearAttraction called with Disneyland
2023-01-20T14:46:40.446+01:00  INFO 5134 --- [ool-3-thread-12] tourGuide.service.RewardsService         : nearAttraction called with Mojave National Preserve
2023-01-20T14:46:40.446+01:00  INFO 5134 --- [ool-3-thread-54] tourGuide.service.RewardsService         : nearAttraction called with Buffalo National River
2023-01-20T14:46:40.446+01:00  INFO 5134 --- [ool-3-thread-68] tourGuide.service.RewardsService         : getDistance called
2023-01-20T14:46:40.451+01:00  INFO 5134 --- [ool-3-thread-54] tourGuide.service.RewardsService         : getDistance called
2023-01-20T14:46:40.446+01:00  INFO 5134 --- [ool-3-thread-49] tourGuide.service.RewardsService         : getDistance called
2023-01-20T14:46:40.446+01:00  INFO 5134 --- [ool-3-thread-47] tourGuide.service.RewardsService         : nearAttraction called with Disneyland
2023-01-20T14:46:40.446+01:00  INFO 5134 --- [ool-3-thread-58] tourGuide.service.RewardsService         : getDistance called
2023-01-20T14:46:40.446+01:00  INFO 5134 --- [ool-3-thread-62] tourGuide.service.RewardsService         : nearAttraction called with Hot Springs National Park
2023-01-20T14:46:40.446+01:00  INFO 5134 --- [ool-3-thread-69] tourGuide.service.RewardsService         : nearAttraction called with Kartchner Caverns State Park
2023-01-20T14:46:40.446+01:00  INFO 5134 --- [ool-3-thread-18] tourGuide.service.RewardsService         : nearAttraction called with Jackson Hole
2023-01-20T14:46:40.451+01:00  INFO 5134 --- [ool-3-thread-69] tourGuide.service.RewardsService         : getDistance called
2023-01-20T14:46:40.446+01:00  INFO 5134 --- [pool-3-thread-5] tourGuide.service.RewardsService         : nearAttraction called with Legend Valley
2023-01-20T14:46:40.446+01:00  INFO 5134 --- [pool-3-thread-8] tourGuide.service.RewardsService         : nearAttraction called with Mojave National Preserve
2023-01-20T14:46:40.446+01:00  INFO 5134 --- [ool-3-thread-56] tourGuide.service.RewardsService         : nearAttraction called with Joshua Tree National Park
2023-01-20T14:46:40.446+01:00  INFO 5134 --- [ool-3-thread-66] tourGuide.service.RewardsService         : nearAttraction called with Buffalo National River
2023-01-20T14:46:40.451+01:00  INFO 5134 --- [ool-3-thread-56] tourGuide.service.RewardsService         : getDistance called
2023-01-20T14:46:40.447+01:00  INFO 5134 --- [ool-3-thread-17] tourGuide.service.RewardsService         : nearAttraction called with Flowers Bakery of London
2023-01-20T14:46:40.452+01:00  INFO 5134 --- [ool-3-thread-66] tourGuide.service.RewardsService         : getDistance called
2023-01-20T14:46:40.447+01:00  INFO 5134 --- [ool-3-thread-46] tourGuide.service.RewardsService         : getDistance called
2023-01-20T14:46:40.447+01:00  INFO 5134 --- [pool-3-thread-2] tourGuide.service.RewardsService         : getDistance called
2023-01-20T14:46:40.447+01:00  INFO 5134 --- [pool-3-thread-3] tourGuide.service.RewardsService         : nearAttraction called with McKinley Tower
2023-01-20T14:46:40.447+01:00  INFO 5134 --- [ool-3-thread-19] tourGuide.service.RewardsService         : getDistance called
2023-01-20T14:46:40.452+01:00  INFO 5134 --- [pool-3-thread-2] tourGuide.service.RewardsService         : nearAttraction called with Flatiron Building
2023-01-20T14:46:40.447+01:00  INFO 5134 --- [ool-3-thread-39] tourGuide.service.RewardsService         : nearAttraction called with Flatiron Building
2023-01-20T14:46:40.447+01:00  INFO 5134 --- [ool-3-thread-35] tourGuide.service.RewardsService         : nearAttraction called with Kartchner Caverns State Park
2023-01-20T14:46:40.452+01:00  INFO 5134 --- [ool-3-thread-39] tourGuide.service.RewardsService         : getDistance called
2023-01-20T14:46:40.447+01:00  INFO 5134 --- [ool-3-thread-36] tourGuide.service.RewardsService         : nearAttraction called with Legend Valley
2023-01-20T14:46:40.447+01:00  INFO 5134 --- [ool-3-thread-59] tourGuide.service.RewardsService         : getDistance called
2023-01-20T14:46:40.452+01:00  INFO 5134 --- [ool-3-thread-36] tourGuide.service.RewardsService         : getDistance called
2023-01-20T14:46:40.447+01:00  INFO 5134 --- [pool-3-thread-1] tourGuide.service.RewardsService         : nearAttraction called with Union Station
2023-01-20T14:46:40.447+01:00  INFO 5134 --- [ool-3-thread-34] tourGuide.service.RewardsService         : nearAttraction called with Flowers Bakery of London
2023-01-20T14:46:40.447+01:00  INFO 5134 --- [ool-3-thread-14] tourGuide.service.RewardsService         : nearAttraction called with Roger Dean Stadium
2023-01-20T14:46:40.452+01:00  INFO 5134 --- [ool-3-thread-34] tourGuide.service.RewardsService         : getDistance called
2023-01-20T14:46:40.448+01:00  INFO 5134 --- [ool-3-thread-20] tourGuide.service.RewardsService         : nearAttraction called with Texas Memorial Stadium
2023-01-20T14:46:40.453+01:00  INFO 5134 --- [ool-3-thread-14] tourGuide.service.RewardsService         : getDistance called
2023-01-20T14:46:40.453+01:00  INFO 5134 --- [ool-3-thread-20] tourGuide.service.RewardsService         : getDistance called
2023-01-20T14:46:40.448+01:00  INFO 5134 --- [ool-3-thread-21] tourGuide.service.RewardsService         : getDistance called
2023-01-20T14:46:40.448+01:00  INFO 5134 --- [ool-3-thread-13] tourGuide.service.RewardsService         : getDistance called
2023-01-20T14:46:40.448+01:00  INFO 5134 --- [ool-3-thread-70] tourGuide.service.RewardsService         : getDistance called
2023-01-20T14:46:40.448+01:00  INFO 5134 --- [ool-3-thread-31] tourGuide.service.RewardsService         : nearAttraction called with McKinley Tower
2023-01-20T14:46:40.453+01:00  INFO 5134 --- [ool-4-thread-13] tourGuide.service.RewardsService         : Rewards of internalUser88 calculated by calculateRewards
2023-01-20T14:46:40.448+01:00  INFO 5134 --- [ool-3-thread-25] tourGuide.service.RewardsService         : nearAttraction called with Tiger Stadium
2023-01-20T14:46:40.448+01:00  INFO 5134 --- [ool-3-thread-61] tourGuide.service.RewardsService         : nearAttraction called with Flatiron Building
2023-01-20T14:46:40.448+01:00  INFO 5134 --- [ool-3-thread-10] tourGuide.service.RewardsService         : nearAttraction called with Neyland Stadium
2023-01-20T14:46:40.453+01:00  INFO 5134 --- [ool-3-thread-61] tourGuide.service.RewardsService         : getDistance called
2023-01-20T14:46:40.448+01:00  INFO 5134 --- [ool-3-thread-26] tourGuide.service.RewardsService         : nearAttraction called with Fallingwater
2023-01-20T14:46:40.453+01:00  INFO 5134 --- [ool-3-thread-61] tourGuide.service.RewardsService         : nearAttraction called with Franklin Park Zoo
2023-01-20T14:46:40.448+01:00  INFO 5134 --- [ool-3-thread-43] tourGuide.service.RewardsService         : nearAttraction called with Kyle Field
2023-01-20T14:46:40.453+01:00  INFO 5134 --- [ool-3-thread-61] tourGuide.service.RewardsService         : getDistance called
2023-01-20T14:46:40.448+01:00  INFO 5134 --- [ool-3-thread-63] tourGuide.service.RewardsService         : getDistance called
2023-01-20T14:46:40.448+01:00  INFO 5134 --- [ool-3-thread-40] tourGuide.service.RewardsService         : nearAttraction called with Union Station
2023-01-20T14:46:40.448+01:00  INFO 5134 --- [ool-3-thread-30] tourGuide.service.RewardsService         : getDistance called
2023-01-20T14:46:40.448+01:00  INFO 5134 --- [pool-3-thread-9] tourGuide.service.RewardsService         : nearAttraction called with San Diego Zoo
2023-01-20T14:46:40.448+01:00  INFO 5134 --- [ool-3-thread-67] tourGuide.service.RewardsService         : getDistance called
2023-01-20T14:46:40.448+01:00  INFO 5134 --- [pool-3-thread-6] tourGuide.service.RewardsService         : getDistance called
2023-01-20T14:46:40.449+01:00  INFO 5134 --- [ool-3-thread-41] tourGuide.service.RewardsService         : getDistance called
2023-01-20T14:46:40.449+01:00  INFO 5134 --- [ool-3-thread-42] tourGuide.service.RewardsService         : nearAttraction called with Roger Dean Stadium
2023-01-20T14:46:40.454+01:00  INFO 5134 --- [pool-3-thread-6] tourGuide.service.RewardsService         : nearAttraction called with Disneyland
2023-01-20T14:46:40.454+01:00  INFO 5134 --- [ool-3-thread-42] tourGuide.service.RewardsService         : getDistance called
2023-01-20T14:46:40.449+01:00  INFO 5134 --- [ool-3-thread-38] tourGuide.service.RewardsService         : nearAttraction called with Texas Memorial Stadium
2023-01-20T14:46:40.449+01:00  INFO 5134 --- [ool-3-thread-22] tourGuide.service.RewardsService         : nearAttraction called with Franklin Park Zoo
2023-01-20T14:46:40.449+01:00  INFO 5134 --- [ool-3-thread-23] tourGuide.service.RewardsService         : nearAttraction called with Bryant-Denny Stadium
2023-01-20T14:46:40.454+01:00  INFO 5134 --- [ool-3-thread-22] tourGuide.service.RewardsService         : getDistance called
2023-01-20T14:46:40.449+01:00  INFO 5134 --- [pool-3-thread-7] tourGuide.service.RewardsService         : getDistance called
2023-01-20T14:46:40.449+01:00  INFO 5134 --- [ool-3-thread-24] tourGuide.service.RewardsService         : nearAttraction called with El Paso Zoo
2023-01-20T14:46:40.449+01:00  INFO 5134 --- [ool-3-thread-15] tourGuide.service.RewardsService         : getDistance called
2023-01-20T14:46:40.449+01:00  INFO 5134 --- [ool-3-thread-64] tourGuide.service.RewardsService         : nearAttraction called with Tiger Stadium
2023-01-20T14:46:40.449+01:00  INFO 5134 --- [ool-3-thread-50] tourGuide.service.RewardsService         : nearAttraction called with Kansas City Zoo
2023-01-20T14:46:40.449+01:00  INFO 5134 --- [ool-3-thread-33] tourGuide.service.RewardsService         : getDistance called
2023-01-20T14:46:40.449+01:00  INFO 5134 --- [ool-3-thread-65] tourGuide.service.RewardsService         : nearAttraction called with Neyland Stadium
2023-01-20T14:46:40.449+01:00  INFO 5134 --- [ool-3-thread-28] tourGuide.service.RewardsService         : getDistance called
2023-01-20T14:46:40.450+01:00  INFO 5134 --- [ool-3-thread-27] tourGuide.service.RewardsService         : getDistance called
2023-01-20T14:46:40.450+01:00  INFO 5134 --- [ool-3-thread-32] tourGuide.service.RewardsService         : nearAttraction called with Cinderella Castle
2023-01-20T14:46:40.450+01:00  INFO 5134 --- [ool-3-thread-48] tourGuide.service.RewardsService         : getDistance called
2023-01-20T14:46:40.455+01:00  INFO 5134 --- [ool-3-thread-32] tourGuide.service.RewardsService         : getDistance called
2023-01-20T14:46:40.450+01:00  INFO 5134 --- [pool-3-thread-4] tourGuide.service.RewardsService         : nearAttraction called with San Diego Zoo
2023-01-20T14:46:40.455+01:00  INFO 5134 --- [ool-3-thread-48] tourGuide.service.RewardsService         : nearAttraction called with McKinley Tower
2023-01-20T14:46:40.450+01:00  INFO 5134 --- [ool-3-thread-37] tourGuide.service.RewardsService         : nearAttraction called with Zoo Tampa at Lowry Park
2023-01-20T14:46:40.450+01:00  INFO 5134 --- [ool-3-thread-11] tourGuide.service.RewardsService         : getDistance called
2023-01-20T14:46:40.455+01:00  INFO 5134 --- [ool-3-thread-37] tourGuide.service.RewardsService         : getDistance called
2023-01-20T14:46:40.450+01:00  INFO 5134 --- [ool-3-thread-29] tourGuide.service.RewardsService         : nearAttraction called with Franklin Park Zoo
2023-01-20T14:46:40.455+01:00  INFO 5134 --- [ool-3-thread-11] tourGuide.service.RewardsService         : nearAttraction called with Fallingwater
2023-01-20T14:46:40.450+01:00  INFO 5134 --- [ool-3-thread-57] tourGuide.service.RewardsService         : getDistance called
2023-01-20T14:46:40.455+01:00  INFO 5134 --- [ool-3-thread-11] tourGuide.service.RewardsService         : getDistance called
2023-01-20T14:46:40.450+01:00  INFO 5134 --- [ool-3-thread-55] tourGuide.service.RewardsService         : getDistance called
2023-01-20T14:46:40.450+01:00  INFO 5134 --- [ool-3-thread-16] tourGuide.service.RewardsService         : nearAttraction called with El Paso Zoo
2023-01-20T14:46:40.450+01:00  INFO 5134 --- [ool-3-thread-60] tourGuide.service.RewardsService         : nearAttraction called with Kansas City Zoo
2023-01-20T14:46:40.455+01:00  INFO 5134 --- [ool-3-thread-55] tourGuide.service.RewardsService         : nearAttraction called with Bryant-Denny Stadium
2023-01-20T14:46:40.450+01:00  INFO 5134 --- [ool-4-thread-41] tourGuide.service.RewardsService         : Rewards of internalUser0 calculated by calculateRewards
2023-01-20T14:46:40.450+01:00  INFO 5134 --- [ool-3-thread-53] tourGuide.service.RewardsService         : nearAttraction called with Bronx Zoo
2023-01-20T14:46:40.451+01:00  INFO 5134 --- [ool-3-thread-52] tourGuide.service.RewardsService         : getDistance called
2023-01-20T14:46:40.451+01:00  INFO 5134 --- [ool-3-thread-44] tourGuide.service.RewardsService         : getDistance called
2023-01-20T14:46:40.451+01:00  INFO 5134 --- [ool-3-thread-45] tourGuide.service.RewardsService         : nearAttraction called with Jackson Hole
2023-01-20T14:46:40.456+01:00  INFO 5134 --- [ool-3-thread-52] tourGuide.service.RewardsService         : nearAttraction called with Tiger Stadium
2023-01-20T14:46:40.451+01:00  INFO 5134 --- [ool-3-thread-51] tourGuide.service.RewardsService         : getDistance called
2023-01-20T14:46:40.456+01:00  INFO 5134 --- [ool-3-thread-52] tourGuide.service.RewardsService         : getDistance called
2023-01-20T14:46:40.451+01:00  INFO 5134 --- [ool-3-thread-12] tourGuide.service.RewardsService         : getDistance called
2023-01-20T14:46:40.451+01:00  INFO 5134 --- [ool-3-thread-68] tourGuide.service.RewardsService         : nearAttraction called with Mojave National Preserve
2023-01-20T14:46:40.451+01:00  INFO 5134 --- [ool-3-thread-54] tourGuide.service.RewardsService         : nearAttraction called with Joshua Tree National Park
2023-01-20T14:46:40.456+01:00  INFO 5134 --- [ool-3-thread-68] tourGuide.service.RewardsService         : getDistance called
2023-01-20T14:46:40.451+01:00  INFO 5134 --- [ool-3-thread-49] tourGuide.service.RewardsService         : nearAttraction called with Buffalo National River
2023-01-20T14:46:40.451+01:00  INFO 5134 --- [ool-3-thread-47] tourGuide.service.RewardsService         : getDistance called
2023-01-20T14:46:40.456+01:00  INFO 5134 --- [ool-3-thread-49] tourGuide.service.RewardsService         : getDistance called
2023-01-20T14:46:40.451+01:00  INFO 5134 --- [ool-3-thread-58] tourGuide.service.RewardsService         : nearAttraction called with Hot Springs National Park
2023-01-20T14:46:40.451+01:00  INFO 5134 --- [ool-3-thread-62] tourGuide.service.RewardsService         : getDistance called
2023-01-20T14:46:40.456+01:00  INFO 5134 --- [ool-3-thread-58] tourGuide.service.RewardsService         : getDistance called
2023-01-20T14:46:40.456+01:00  INFO 5134 --- [ool-3-thread-62] tourGuide.service.RewardsService         : nearAttraction called with Bronx Zoo
2023-01-20T14:46:40.451+01:00  INFO 5134 --- [ool-3-thread-18] tourGuide.service.RewardsService         : getDistance called
2023-01-20T14:46:40.456+01:00  INFO 5134 --- [ool-3-thread-62] tourGuide.service.RewardsService         : getDistance called
2023-01-20T14:46:40.451+01:00  INFO 5134 --- [ool-3-thread-69] tourGuide.service.RewardsService         : nearAttraction called with Kartchner Caverns State Park
2023-01-20T14:46:40.451+01:00  INFO 5134 --- [pool-3-thread-5] tourGuide.service.RewardsService         : getDistance called
2023-01-20T14:46:40.456+01:00  INFO 5134 --- [ool-3-thread-69] tourGuide.service.RewardsService         : getDistance called
2023-01-20T14:46:40.451+01:00  INFO 5134 --- [pool-3-thread-8] tourGuide.service.RewardsService         : getDistance called
2023-01-20T14:46:40.457+01:00  INFO 5134 --- [pool-3-thread-5] tourGuide.service.RewardsService         : nearAttraction called with Mojave National Preserve
2023-01-20T14:46:40.452+01:00  INFO 5134 --- [ool-3-thread-56] tourGuide.service.RewardsService         : nearAttraction called with Legend Valley
2023-01-20T14:46:40.452+01:00  INFO 5134 --- [ool-3-thread-17] tourGuide.service.RewardsService         : getDistance called
2023-01-20T14:46:40.457+01:00  INFO 5134 --- [ool-3-thread-56] tourGuide.service.RewardsService         : getDistance called
2023-01-20T14:46:40.452+01:00  INFO 5134 --- [ool-3-thread-66] tourGuide.service.RewardsService         : nearAttraction called with Flowers Bakery of London
2023-01-20T14:46:40.457+01:00  INFO 5134 --- [ool-3-thread-56] tourGuide.service.RewardsService         : nearAttraction called with Kartchner Caverns State Park
2023-01-20T14:46:40.452+01:00  INFO 5134 --- [ool-3-thread-46] tourGuide.service.RewardsService         : nearAttraction called with McKinley Tower
2023-01-20T14:46:40.452+01:00  INFO 5134 --- [pool-3-thread-3] tourGuide.service.RewardsService         : getDistance called
2023-01-20T14:46:40.457+01:00  INFO 5134 --- [ool-3-thread-46] tourGuide.service.RewardsService         : getDistance called
2023-01-20T14:46:40.452+01:00  INFO 5134 --- [pool-3-thread-2] tourGuide.service.RewardsService         : getDistance called
2023-01-20T14:46:40.452+01:00  INFO 5134 --- [ool-3-thread-19] tourGuide.service.RewardsService         : nearAttraction called with Fallingwater
2023-01-20T14:46:40.452+01:00  INFO 5134 --- [ool-3-thread-35] tourGuide.service.RewardsService         : getDistance called
2023-01-20T14:46:40.452+01:00  INFO 5134 --- [ool-3-thread-39] tourGuide.service.RewardsService         : nearAttraction called with Union Station
2023-01-20T14:46:40.452+01:00  INFO 5134 --- [ool-3-thread-36] tourGuide.service.RewardsService         : nearAttraction called with Texas Memorial Stadium
2023-01-20T14:46:40.457+01:00  INFO 5134 --- [ool-3-thread-39] tourGuide.service.RewardsService         : getDistance called
2023-01-20T14:46:40.457+01:00  INFO 5134 --- [ool-3-thread-36] tourGuide.service.RewardsService         : getDistance called
2023-01-20T14:46:40.452+01:00  INFO 5134 --- [ool-3-thread-59] tourGuide.service.RewardsService         : nearAttraction called with Roger Dean Stadium
2023-01-20T14:46:40.452+01:00  INFO 5134 --- [pool-3-thread-1] tourGuide.service.RewardsService         : getDistance called
2023-01-20T14:46:40.457+01:00  INFO 5134 --- [ool-3-thread-59] tourGuide.service.RewardsService         : getDistance called
2023-01-20T14:46:40.453+01:00  INFO 5134 --- [ool-3-thread-34] tourGuide.service.RewardsService         : nearAttraction called with Bryant-Denny Stadium
2023-01-20T14:46:40.453+01:00  INFO 5134 --- [ool-3-thread-14] tourGuide.service.RewardsService         : nearAttraction called with Tiger Stadium
2023-01-20T14:46:40.453+01:00  INFO 5134 --- [ool-3-thread-20] tourGuide.service.RewardsService         : nearAttraction called with Neyland Stadium
2023-01-20T14:46:40.458+01:00  INFO 5134 --- [ool-3-thread-14] tourGuide.service.RewardsService         : getDistance called
2023-01-20T14:46:40.458+01:00  INFO 5134 --- [ool-3-thread-20] tourGuide.service.RewardsService         : getDistance called
2023-01-20T14:46:40.453+01:00  INFO 5134 --- [ool-3-thread-21] tourGuide.service.RewardsService         : nearAttraction called with Kyle Field
2023-01-20T14:46:40.453+01:00  INFO 5134 --- [ool-3-thread-13] tourGuide.service.RewardsService         : nearAttraction called with San Diego Zoo
2023-01-20T14:46:40.453+01:00  INFO 5134 --- [ool-3-thread-70] tourGuide.service.RewardsService         : nearAttraction called with Zoo Tampa at Lowry Park
2023-01-20T14:46:40.458+01:00  INFO 5134 --- [ool-3-thread-13] tourGuide.service.RewardsService         : getDistance called
2023-01-20T14:46:40.453+01:00  INFO 5134 --- [ool-3-thread-31] tourGuide.service.RewardsService         : getDistance called
2023-01-20T14:46:40.453+01:00  INFO 5134 --- [ool-3-thread-25] tourGuide.service.RewardsService         : getDistance called
2023-01-20T14:46:40.453+01:00  INFO 5134 --- [ool-3-thread-10] tourGuide.service.RewardsService         : getDistance called
2023-01-20T14:46:40.453+01:00  INFO 5134 --- [ool-3-thread-26] tourGuide.service.RewardsService         : getDistance called
2023-01-20T14:46:40.453+01:00  INFO 5134 --- [ool-3-thread-43] tourGuide.service.RewardsService         : getDistance called
2023-01-20T14:46:40.458+01:00  INFO 5134 --- [ool-3-thread-26] tourGuide.service.RewardsService         : nearAttraction called with Franklin Park Zoo
2023-01-20T14:46:40.453+01:00  INFO 5134 --- [ool-3-thread-61] tourGuide.service.RewardsService         : nearAttraction called with El Paso Zoo
2023-01-20T14:46:40.454+01:00  INFO 5134 --- [ool-3-thread-63] tourGuide.service.RewardsService         : nearAttraction called with Kansas City Zoo
2023-01-20T14:46:40.458+01:00  INFO 5134 --- [ool-3-thread-61] tourGuide.service.RewardsService         : getDistance called
2023-01-20T14:46:40.454+01:00  INFO 5134 --- [ool-3-thread-40] tourGuide.service.RewardsService         : getDistance called
2023-01-20T14:46:40.454+01:00  INFO 5134 --- [ool-3-thread-30] tourGuide.service.RewardsService         : nearAttraction called with Bronx Zoo
2023-01-20T14:46:40.454+01:00  INFO 5134 --- [pool-3-thread-9] tourGuide.service.RewardsService         : getDistance called
2023-01-20T14:46:40.454+01:00  INFO 5134 --- [ool-3-thread-67] tourGuide.service.RewardsService         : nearAttraction called with Cinderella Castle
2023-01-20T14:46:40.454+01:00  INFO 5134 --- [ool-3-thread-41] tourGuide.service.RewardsService         : nearAttraction called with Jackson Hole
2023-01-20T14:46:40.459+01:00  INFO 5134 --- [ool-3-thread-67] tourGuide.service.RewardsService         : getDistance called
2023-01-20T14:46:40.454+01:00  INFO 5134 --- [pool-3-thread-6] tourGuide.service.RewardsService         : getDistance called
2023-01-20T14:46:40.454+01:00  INFO 5134 --- [ool-3-thread-42] tourGuide.service.RewardsService         : nearAttraction called with Mojave National Preserve
2023-01-20T14:46:40.454+01:00  INFO 5134 --- [ool-3-thread-38] tourGuide.service.RewardsService         : getDistance called
2023-01-20T14:46:40.454+01:00  INFO 5134 --- [ool-3-thread-23] tourGuide.service.RewardsService         : getDistance called
2023-01-20T14:46:40.454+01:00  INFO 5134 --- [ool-3-thread-22] tourGuide.service.RewardsService         : nearAttraction called with Joshua Tree National Park
2023-01-20T14:46:40.459+01:00  INFO 5134 --- [ool-3-thread-23] tourGuide.service.RewardsService         : nearAttraction called with Joshua Tree National Park
2023-01-20T14:46:40.454+01:00  INFO 5134 --- [pool-3-thread-7] tourGuide.service.RewardsService         : nearAttraction called with Buffalo National River
2023-01-20T14:46:40.459+01:00  INFO 5134 --- [ool-3-thread-23] tourGuide.service.RewardsService         : getDistance called
2023-01-20T14:46:40.454+01:00  INFO 5134 --- [ool-3-thread-24] tourGuide.service.RewardsService         : getDistance called
2023-01-20T14:46:40.454+01:00  INFO 5134 --- [ool-3-thread-15] tourGuide.service.RewardsService         : nearAttraction called with Hot Springs National Park
2023-01-20T14:46:40.459+01:00  INFO 5134 --- [ool-3-thread-23] tourGuide.service.RewardsService         : nearAttraction called with Buffalo National River
2023-01-20T14:46:40.459+01:00  INFO 5134 --- [ool-3-thread-24] tourGuide.service.RewardsService         : nearAttraction called with Hot Springs National Park
2023-01-20T14:46:40.454+01:00  INFO 5134 --- [ool-3-thread-64] tourGuide.service.RewardsService         : getDistance called
2023-01-20T14:46:40.454+01:00  INFO 5134 --- [ool-3-thread-50] tourGuide.service.RewardsService         : getDistance called
2023-01-20T14:46:40.454+01:00  INFO 5134 --- [ool-3-thread-33] tourGuide.service.RewardsService         : nearAttraction called with Kartchner Caverns State Park
2023-01-20T14:46:40.455+01:00  INFO 5134 --- [ool-3-thread-65] tourGuide.service.RewardsService         : getDistance called
2023-01-20T14:46:40.459+01:00  INFO 5134 --- [ool-3-thread-33] tourGuide.service.RewardsService         : getDistance called
2023-01-20T14:46:40.455+01:00  INFO 5134 --- [ool-3-thread-28] tourGuide.service.RewardsService         : nearAttraction called with Legend Valley
2023-01-20T14:46:40.455+01:00  INFO 5134 --- [ool-3-thread-27] tourGuide.service.RewardsService         : nearAttraction called with Flowers Bakery of London
2023-01-20T14:46:40.460+01:00  INFO 5134 --- [ool-3-thread-28] tourGuide.service.RewardsService         : getDistance called
2023-01-20T14:46:40.455+01:00  INFO 5134 --- [ool-3-thread-32] tourGuide.service.RewardsService         : nearAttraction called with Flatiron Building
2023-01-20T14:46:40.455+01:00  INFO 5134 --- [pool-3-thread-4] tourGuide.service.RewardsService         : getDistance called
2023-01-20T14:46:40.460+01:00  INFO 5134 --- [ool-3-thread-32] tourGuide.service.RewardsService         : getDistance called
2023-01-20T14:46:40.455+01:00  INFO 5134 --- [ool-3-thread-48] tourGuide.service.RewardsService         : getDistance called
2023-01-20T14:46:40.455+01:00  INFO 5134 --- [ool-3-thread-37] tourGuide.service.RewardsService         : nearAttraction called with Union Station
2023-01-20T14:46:40.455+01:00  INFO 5134 --- [ool-3-thread-29] tourGuide.service.RewardsService         : getDistance called
2023-01-20T14:46:40.455+01:00  INFO 5134 --- [ool-3-thread-57] tourGuide.service.RewardsService         : nearAttraction called with Roger Dean Stadium
2023-01-20T14:46:40.455+01:00  INFO 5134 --- [ool-3-thread-11] tourGuide.service.RewardsService         : nearAttraction called with Texas Memorial Stadium
2023-01-20T14:46:40.460+01:00  INFO 5134 --- [ool-3-thread-57] tourGuide.service.RewardsService         : getDistance called
2023-01-20T14:46:40.455+01:00  INFO 5134 --- [ool-3-thread-16] tourGuide.service.RewardsService         : getDistance called
2023-01-20T14:46:40.455+01:00  INFO 5134 --- [ool-4-thread-60] tourGuide.service.RewardsService         : Rewards of internalUser20 calculated by calculateRewards
2023-01-20T14:46:40.455+01:00  INFO 5134 --- [ool-3-thread-60] tourGuide.service.RewardsService         : getDistance called
2023-01-20T14:46:40.455+01:00  INFO 5134 --- [ool-3-thread-55] tourGuide.service.RewardsService         : getDistance called
2023-01-20T14:46:40.455+01:00  INFO 5134 --- [ool-3-thread-53] tourGuide.service.RewardsService         : getDistance called
2023-01-20T14:46:40.456+01:00  INFO 5134 --- [ool-3-thread-44] tourGuide.service.RewardsService         : nearAttraction called with Neyland Stadium
2023-01-20T14:46:40.456+01:00  INFO 5134 --- [ool-3-thread-45] tourGuide.service.RewardsService         : getDistance called
2023-01-20T14:46:40.461+01:00  INFO 5134 --- [ool-3-thread-53] tourGuide.service.RewardsService         : nearAttraction called with San Diego Zoo
2023-01-20T14:46:40.456+01:00  INFO 5134 --- [ool-3-thread-51] tourGuide.service.RewardsService         : nearAttraction called with Kyle Field
2023-01-20T14:46:40.461+01:00  INFO 5134 --- [ool-3-thread-53] tourGuide.service.RewardsService         : getDistance called
2023-01-20T14:46:40.456+01:00  INFO 5134 --- [ool-3-thread-52] tourGuide.service.RewardsService         : nearAttraction called with San Diego Zoo
2023-01-20T14:46:40.456+01:00  INFO 5134 --- [ool-3-thread-12] tourGuide.service.RewardsService         : nearAttraction called with Zoo Tampa at Lowry Park
2023-01-20T14:46:40.461+01:00  INFO 5134 --- [ool-3-thread-52] tourGuide.service.RewardsService         : getDistance called
2023-01-20T14:46:40.456+01:00  INFO 5134 --- [ool-3-thread-54] tourGuide.service.RewardsService         : getDistance called
2023-01-20T14:46:40.456+01:00  INFO 5134 --- [ool-3-thread-68] tourGuide.service.RewardsService         : nearAttraction called with Franklin Park Zoo
2023-01-20T14:46:40.456+01:00  INFO 5134 --- [ool-3-thread-47] tourGuide.service.RewardsService         : nearAttraction called with El Paso Zoo
2023-01-20T14:46:40.461+01:00  INFO 5134 --- [ool-3-thread-68] tourGuide.service.RewardsService         : getDistance called
2023-01-20T14:46:40.456+01:00  INFO 5134 --- [ool-3-thread-49] tourGuide.service.RewardsService         : nearAttraction called with Kansas City Zoo
2023-01-20T14:46:40.456+01:00  INFO 5134 --- [ool-3-thread-58] tourGuide.service.RewardsService         : nearAttraction called with Cinderella Castle
2023-01-20T14:46:40.461+01:00  INFO 5134 --- [ool-3-thread-49] tourGuide.service.RewardsService         : getDistance called
2023-01-20T14:46:40.461+01:00  INFO 5134 --- [ool-3-thread-58] tourGuide.service.RewardsService         : getDistance called
2023-01-20T14:46:40.456+01:00  INFO 5134 --- [ool-3-thread-18] tourGuide.service.RewardsService         : nearAttraction called with Disneyland
2023-01-20T14:46:40.456+01:00  INFO 5134 --- [ool-3-thread-62] tourGuide.service.RewardsService         : nearAttraction called with Jackson Hole
2023-01-20T14:46:40.461+01:00  INFO 5134 --- [ool-3-thread-18] tourGuide.service.RewardsService         : getDistance called
2023-01-20T14:46:40.457+01:00  INFO 5134 --- [ool-3-thread-69] tourGuide.service.RewardsService         : nearAttraction called with Joshua Tree National Park
2023-01-20T14:46:40.457+01:00  INFO 5134 --- [pool-3-thread-8] tourGuide.service.RewardsService         : nearAttraction called with Buffalo National River
2023-01-20T14:46:40.462+01:00  INFO 5134 --- [ool-3-thread-18] tourGuide.service.RewardsService         : nearAttraction called with Disneyland
2023-01-20T14:46:40.457+01:00  INFO 5134 --- [pool-3-thread-5] tourGuide.service.RewardsService         : getDistance called
2023-01-20T14:46:40.462+01:00  INFO 5134 --- [ool-3-thread-18] tourGuide.service.RewardsService         : getDistance called
2023-01-20T14:46:40.457+01:00  INFO 5134 --- [ool-3-thread-17] tourGuide.service.RewardsService         : nearAttraction called with Hot Springs National Park
2023-01-20T14:46:40.457+01:00  INFO 5134 --- [ool-3-thread-66] tourGuide.service.RewardsService         : getDistance called
2023-01-20T14:46:40.462+01:00  INFO 5134 --- [ool-3-thread-17] tourGuide.service.RewardsService         : getDistance called
2023-01-20T14:46:40.457+01:00  INFO 5134 --- [ool-3-thread-56] tourGuide.service.RewardsService         : getDistance called
2023-01-20T14:46:40.457+01:00  INFO 5134 --- [pool-3-thread-3] tourGuide.service.RewardsService         : nearAttraction called with Legend Valley
2023-01-20T14:46:40.457+01:00  INFO 5134 --- [ool-3-thread-46] tourGuide.service.RewardsService         : nearAttraction called with Flowers Bakery of London
2023-01-20T14:46:40.457+01:00  INFO 5134 --- [pool-3-thread-2] tourGuide.service.RewardsService         : nearAttraction called with McKinley Tower
2023-01-20T14:46:40.462+01:00  INFO 5134 --- [ool-3-thread-46] tourGuide.service.RewardsService         : getDistance called
2023-01-20T14:46:40.457+01:00  INFO 5134 --- [ool-3-thread-19] tourGuide.service.RewardsService         : getDistance called
2023-01-20T14:46:40.457+01:00  INFO 5134 --- [ool-3-thread-35] tourGuide.service.RewardsService         : nearAttraction called with Flatiron Building
2023-01-20T14:46:40.457+01:00  INFO 5134 --- [ool-3-thread-39] tourGuide.service.RewardsService         : nearAttraction called with Fallingwater
2023-01-20T14:46:40.462+01:00  INFO 5134 --- [ool-3-thread-35] tourGuide.service.RewardsService         : getDistance called
2023-01-20T14:46:40.457+01:00  INFO 5134 --- [ool-3-thread-36] tourGuide.service.RewardsService         : nearAttraction called with Union Station
2023-01-20T14:46:40.457+01:00  INFO 5134 --- [pool-3-thread-1] tourGuide.service.RewardsService         : nearAttraction called with Roger Dean Stadium
2023-01-20T14:46:40.462+01:00  INFO 5134 --- [ool-3-thread-36] tourGuide.service.RewardsService         : getDistance called
2023-01-20T14:46:40.458+01:00  INFO 5134 --- [ool-3-thread-59] tourGuide.service.RewardsService         : nearAttraction called with Texas Memorial Stadium
2023-01-20T14:46:40.463+01:00  INFO 5134 --- [pool-3-thread-1] tourGuide.service.RewardsService         : getDistance called
2023-01-20T14:46:40.458+01:00  INFO 5134 --- [ool-3-thread-34] tourGuide.service.RewardsService         : getDistance called
2023-01-20T14:46:40.458+01:00  INFO 5134 --- [ool-3-thread-14] tourGuide.service.RewardsService         : nearAttraction called with Bryant-Denny Stadium
2023-01-20T14:46:40.458+01:00  INFO 5134 --- [ool-3-thread-20] tourGuide.service.RewardsService         : nearAttraction called with Tiger Stadium
2023-01-20T14:46:40.458+01:00  INFO 5134 --- [ool-3-thread-21] tourGuide.service.RewardsService         : getDistance called
2023-01-20T14:46:40.463+01:00  INFO 5134 --- [ool-3-thread-20] tourGuide.service.RewardsService         : getDistance called
2023-01-20T14:46:40.458+01:00  INFO 5134 --- [ool-3-thread-70] tourGuide.service.RewardsService         : getDistance called
2023-01-20T14:46:40.458+01:00  INFO 5134 --- [ool-3-thread-13] tourGuide.service.RewardsService         : nearAttraction called with Neyland Stadium
2023-01-20T14:46:40.458+01:00  INFO 5134 --- [ool-3-thread-31] tourGuide.service.RewardsService         : nearAttraction called with Kyle Field
2023-01-20T14:46:40.458+01:00  INFO 5134 --- [ool-3-thread-25] tourGuide.service.RewardsService         : nearAttraction called with San Diego Zoo
2023-01-20T14:46:40.458+01:00  INFO 5134 --- [ool-3-thread-10] tourGuide.service.RewardsService         : nearAttraction called with Zoo Tampa at Lowry Park
2023-01-20T14:46:40.458+01:00  INFO 5134 --- [ool-3-thread-43] tourGuide.service.RewardsService         : nearAttraction called with El Paso Zoo
2023-01-20T14:46:40.458+01:00  INFO 5134 --- [ool-3-thread-26] tourGuide.service.RewardsService         : getDistance called
2023-01-20T14:46:40.458+01:00  INFO 5134 --- [ool-3-thread-63] tourGuide.service.RewardsService         : getDistance called
2023-01-20T14:46:40.463+01:00  INFO 5134 --- [ool-3-thread-26] tourGuide.service.RewardsService         : nearAttraction called with Legend Valley
2023-01-20T14:46:40.458+01:00  INFO 5134 --- [ool-3-thread-61] tourGuide.service.RewardsService         : nearAttraction called with Kansas City Zoo
2023-01-20T14:46:40.458+01:00  INFO 5134 --- [ool-3-thread-40] tourGuide.service.RewardsService         : nearAttraction called with Bronx Zoo
2023-01-20T14:46:40.464+01:00  INFO 5134 --- [ool-3-thread-61] tourGuide.service.RewardsService         : getDistance called
2023-01-20T14:46:40.464+01:00  INFO 5134 --- [ool-3-thread-40] tourGuide.service.RewardsService         : getDistance called
2023-01-20T14:46:40.459+01:00  INFO 5134 --- [ool-3-thread-30] tourGuide.service.RewardsService         : getDistance called
2023-01-20T14:46:40.459+01:00  INFO 5134 --- [pool-3-thread-9] tourGuide.service.RewardsService         : nearAttraction called with Cinderella Castle
2023-01-20T14:46:40.459+01:00  INFO 5134 --- [ool-3-thread-41] tourGuide.service.RewardsService         : getDistance called
2023-01-20T14:46:40.459+01:00  INFO 5134 --- [ool-3-thread-67] tourGuide.service.RewardsService         : nearAttraction called with Disneyland
2023-01-20T14:46:40.459+01:00  INFO 5134 --- [pool-3-thread-6] tourGuide.service.RewardsService         : nearAttraction called with Jackson Hole
2023-01-20T14:46:40.464+01:00  INFO 5134 --- [ool-3-thread-67] tourGuide.service.RewardsService         : getDistance called
2023-01-20T14:46:40.459+01:00  INFO 5134 --- [ool-3-thread-42] tourGuide.service.RewardsService         : getDistance called
2023-01-20T14:46:40.464+01:00  INFO 5134 --- [ool-3-thread-67] tourGuide.service.RewardsService         : nearAttraction called with Flatiron Building
2023-01-20T14:46:40.459+01:00  INFO 5134 --- [ool-3-thread-38] tourGuide.service.RewardsService         : nearAttraction called with Mojave National Preserve
2023-01-20T14:46:40.459+01:00  INFO 5134 --- [ool-3-thread-22] tourGuide.service.RewardsService         : getDistance called
2023-01-20T14:46:40.459+01:00  INFO 5134 --- [pool-3-thread-7] tourGuide.service.RewardsService         : getDistance called
2023-01-20T14:46:40.464+01:00  INFO 5134 --- [ool-3-thread-22] tourGuide.service.RewardsService         : nearAttraction called with Mojave National Preserve
2023-01-20T14:46:40.459+01:00  INFO 5134 --- [ool-3-thread-15] tourGuide.service.RewardsService         : getDistance called
2023-01-20T14:46:40.464+01:00  INFO 5134 --- [pool-3-thread-7] tourGuide.service.RewardsService         : nearAttraction called with Fallingwater
2023-01-20T14:46:40.459+01:00  INFO 5134 --- [ool-3-thread-23] tourGuide.service.RewardsService         : getDistance called
2023-01-20T14:46:40.459+01:00  INFO 5134 --- [ool-3-thread-24] tourGuide.service.RewardsService         : getDistance called
2023-01-20T14:46:40.465+01:00  INFO 5134 --- [pool-3-thread-7] tourGuide.service.RewardsService         : getDistance called
2023-01-20T14:46:40.459+01:00  INFO 5134 --- [ool-3-thread-64] tourGuide.service.RewardsService         : nearAttraction called with Kartchner Caverns State Park
2023-01-20T14:46:40.465+01:00  INFO 5134 --- [ool-3-thread-24] tourGuide.service.RewardsService         : nearAttraction called with Buffalo National River
2023-01-20T14:46:40.459+01:00  INFO 5134 --- [ool-3-thread-50] tourGuide.service.RewardsService         : nearAttraction called with Legend Valley
2023-01-20T14:46:40.459+01:00  INFO 5134 --- [pool-4-thread-7] tourGuide.service.RewardsService         : Rewards of internalUser75 calculated by calculateRewards
2023-01-20T14:46:40.460+01:00  INFO 5134 --- [ool-3-thread-65] tourGuide.service.RewardsService         : nearAttraction called with Flowers Bakery of London
2023-01-20T14:46:40.460+01:00  INFO 5134 --- [ool-3-thread-33] tourGuide.service.RewardsService         : nearAttraction called with McKinley Tower
2023-01-20T14:46:40.465+01:00  INFO 5134 --- [ool-3-thread-65] tourGuide.service.RewardsService         : getDistance called
2023-01-20T14:46:40.460+01:00  INFO 5134 --- [ool-3-thread-27] tourGuide.service.RewardsService         : getDistance called
2023-01-20T14:46:40.460+01:00  INFO 5134 --- [ool-3-thread-28] tourGuide.service.RewardsService         : nearAttraction called with Flatiron Building
2023-01-20T14:46:40.460+01:00  INFO 5134 --- [pool-3-thread-4] tourGuide.service.RewardsService         : nearAttraction called with Fallingwater
2023-01-20T14:46:40.465+01:00  INFO 5134 --- [ool-3-thread-28] tourGuide.service.RewardsService         : getDistance called
2023-01-20T14:46:40.465+01:00  INFO 5134 --- [pool-3-thread-4] tourGuide.service.RewardsService         : getDistance called
2023-01-20T14:46:40.460+01:00  INFO 5134 --- [ool-3-thread-32] tourGuide.service.RewardsService         : nearAttraction called with Union Station
2023-01-20T14:46:40.460+01:00  INFO 5134 --- [ool-3-thread-48] tourGuide.service.RewardsService         : nearAttraction called with Roger Dean Stadium
2023-01-20T14:46:40.460+01:00  INFO 5134 --- [ool-3-thread-37] tourGuide.service.RewardsService         : getDistance called
2023-01-20T14:46:40.465+01:00  INFO 5134 --- [ool-3-thread-48] tourGuide.service.RewardsService         : getDistance called
2023-01-20T14:46:40.460+01:00  INFO 5134 --- [ool-3-thread-29] tourGuide.service.RewardsService         : nearAttraction called with Texas Memorial Stadium
2023-01-20T14:46:40.460+01:00  INFO 5134 --- [ool-3-thread-11] tourGuide.service.RewardsService         : getDistance called
2023-01-20T14:46:40.466+01:00  INFO 5134 --- [ool-3-thread-37] tourGuide.service.RewardsService         : nearAttraction called with Roger Dean Stadium
2023-01-20T14:46:40.460+01:00  INFO 5134 --- [ool-3-thread-57] tourGuide.service.RewardsService         : nearAttraction called with Bryant-Denny Stadium
2023-01-20T14:46:40.466+01:00  INFO 5134 --- [ool-3-thread-37] tourGuide.service.RewardsService         : getDistance called
2023-01-20T14:46:40.460+01:00  INFO 5134 --- [ool-3-thread-16] tourGuide.service.RewardsService         : nearAttraction called with Tiger Stadium
2023-01-20T14:46:40.460+01:00  INFO 5134 --- [ool-3-thread-60] tourGuide.service.RewardsService         : nearAttraction called with Neyland Stadium
2023-01-20T14:46:40.460+01:00  INFO 5134 --- [ool-3-thread-55] tourGuide.service.RewardsService         : nearAttraction called with Kyle Field
2023-01-20T14:46:40.466+01:00  INFO 5134 --- [ool-3-thread-60] tourGuide.service.RewardsService         : getDistance called
2023-01-20T14:46:40.461+01:00  INFO 5134 --- [ool-3-thread-44] tourGuide.service.RewardsService         : getDistance called
2023-01-20T14:46:40.461+01:00  INFO 5134 --- [pool-4-thread-6] tourGuide.service.RewardsService         : Rewards of internalUser76 calculated by calculateRewards
2023-01-20T14:46:40.461+01:00  INFO 5134 --- [ool-3-thread-45] tourGuide.service.RewardsService         : nearAttraction called with Zoo Tampa at Lowry Park
2023-01-20T14:46:40.461+01:00  INFO 5134 --- [ool-3-thread-51] tourGuide.service.RewardsService         : getDistance called
2023-01-20T14:46:40.466+01:00  INFO 5134 --- [ool-3-thread-45] tourGuide.service.RewardsService         : getDistance called
2023-01-20T14:46:40.461+01:00  INFO 5134 --- [ool-3-thread-53] tourGuide.service.RewardsService         : nearAttraction called with Franklin Park Zoo
2023-01-20T14:46:40.466+01:00  INFO 5134 --- [ool-3-thread-51] tourGuide.service.RewardsService         : nearAttraction called with Tiger Stadium
2023-01-20T14:46:40.461+01:00  INFO 5134 --- [ool-3-thread-12] tourGuide.service.RewardsService         : getDistance called
2023-01-20T14:46:40.461+01:00  INFO 5134 --- [ool-3-thread-52] tourGuide.service.RewardsService         : nearAttraction called with El Paso Zoo
2023-01-20T14:46:40.461+01:00  INFO 5134 --- [ool-3-thread-54] tourGuide.service.RewardsService         : nearAttraction called with Kansas City Zoo
2023-01-20T14:46:40.461+01:00  INFO 5134 --- [ool-3-thread-47] tourGuide.service.RewardsService         : getDistance called
2023-01-20T14:46:40.467+01:00  INFO 5134 --- [ool-3-thread-12] tourGuide.service.RewardsService         : nearAttraction called with Kyle Field
2023-01-20T14:46:40.461+01:00  INFO 5134 --- [ool-3-thread-68] tourGuide.service.RewardsService         : nearAttraction called with Bronx Zoo
2023-01-20T14:46:40.467+01:00  INFO 5134 --- [ool-3-thread-47] tourGuide.service.RewardsService         : nearAttraction called with Flatiron Building
2023-01-20T14:46:40.467+01:00  INFO 5134 --- [ool-3-thread-68] tourGuide.service.RewardsService         : getDistance called
2023-01-20T14:46:40.461+01:00  INFO 5134 --- [ool-3-thread-49] tourGuide.service.RewardsService         : nearAttraction called with Cinderella Castle
2023-01-20T14:46:40.461+01:00  INFO 5134 --- [ool-3-thread-58] tourGuide.service.RewardsService         : nearAttraction called with Disneyland
2023-01-20T14:46:40.467+01:00  INFO 5134 --- [ool-3-thread-49] tourGuide.service.RewardsService         : getDistance called
2023-01-20T14:46:40.461+01:00  INFO 5134 --- [ool-3-thread-62] tourGuide.service.RewardsService         : getDistance called
2023-01-20T14:46:40.462+01:00  INFO 5134 --- [ool-3-thread-69] tourGuide.service.RewardsService         : getDistance called
2023-01-20T14:46:40.462+01:00  INFO 5134 --- [pool-3-thread-8] tourGuide.service.RewardsService         : getDistance called
2023-01-20T14:46:40.462+01:00  INFO 5134 --- [pool-3-thread-5] tourGuide.service.RewardsService         : nearAttraction called with Jackson Hole
2023-01-20T14:46:40.467+01:00  INFO 5134 --- [pool-3-thread-8] tourGuide.service.RewardsService         : nearAttraction called with Franklin Park Zoo
2023-01-20T14:46:40.467+01:00  INFO 5134 --- [pool-3-thread-5] tourGuide.service.RewardsService         : getDistance called
2023-01-20T14:46:40.462+01:00  INFO 5134 --- [ool-3-thread-18] tourGuide.service.RewardsService         : nearAttraction called with Jackson Hole
2023-01-20T14:46:40.462+01:00  INFO 5134 --- [ool-3-thread-66] tourGuide.service.RewardsService         : nearAttraction called with Mojave National Preserve
2023-01-20T14:46:40.467+01:00  INFO 5134 --- [ool-3-thread-18] tourGuide.service.RewardsService         : getDistance called
2023-01-20T14:46:40.462+01:00  INFO 5134 --- [ool-3-thread-17] tourGuide.service.RewardsService         : nearAttraction called with Mojave National Preserve
2023-01-20T14:46:40.462+01:00  INFO 5134 --- [ool-3-thread-56] tourGuide.service.RewardsService         : nearAttraction called with Joshua Tree National Park
2023-01-20T14:46:40.467+01:00  INFO 5134 --- [ool-3-thread-17] tourGuide.service.RewardsService         : getDistance called
2023-01-20T14:46:40.462+01:00  INFO 5134 --- [pool-3-thread-3] tourGuide.service.RewardsService         : getDistance called
2023-01-20T14:46:40.462+01:00  INFO 5134 --- [pool-3-thread-2] tourGuide.service.RewardsService         : getDistance called
2023-01-20T14:46:40.462+01:00  INFO 5134 --- [ool-3-thread-46] tourGuide.service.RewardsService         : nearAttraction called with Joshua Tree National Park
2023-01-20T14:46:40.462+01:00  INFO 5134 --- [ool-3-thread-19] tourGuide.service.RewardsService         : nearAttraction called with Buffalo National River
2023-01-20T14:46:40.468+01:00  INFO 5134 --- [ool-3-thread-46] tourGuide.service.RewardsService         : getDistance called
2023-01-20T14:46:40.462+01:00  INFO 5134 --- [ool-3-thread-39] tourGuide.service.RewardsService         : getDistance called
2023-01-20T14:46:40.462+01:00  INFO 5134 --- [ool-3-thread-35] tourGuide.service.RewardsService         : nearAttraction called with Buffalo National River
2023-01-20T14:46:40.463+01:00  INFO 5134 --- [ool-3-thread-36] tourGuide.service.RewardsService         : nearAttraction called with Hot Springs National Park
2023-01-20T14:46:40.468+01:00  INFO 5134 --- [ool-3-thread-35] tourGuide.service.RewardsService         : getDistance called
2023-01-20T14:46:40.463+01:00  INFO 5134 --- [ool-3-thread-59] tourGuide.service.RewardsService         : getDistance called
2023-01-20T14:46:40.463+01:00  INFO 5134 --- [pool-3-thread-1] tourGuide.service.RewardsService         : nearAttraction called with Hot Springs National Park
2023-01-20T14:46:40.463+01:00  INFO 5134 --- [ool-3-thread-34] tourGuide.service.RewardsService         : nearAttraction called with Kartchner Caverns State Park
2023-01-20T14:46:40.468+01:00  INFO 5134 --- [pool-3-thread-1] tourGuide.service.RewardsService         : getDistance called
2023-01-20T14:46:40.463+01:00  INFO 5134 --- [ool-3-thread-14] tourGuide.service.RewardsService         : getDistance called
2023-01-20T14:46:40.463+01:00  INFO 5134 --- [ool-3-thread-21] tourGuide.service.RewardsService         : nearAttraction called with Kartchner Caverns State Park
2023-01-20T14:46:40.463+01:00  INFO 5134 --- [ool-3-thread-20] tourGuide.service.RewardsService         : nearAttraction called with Disneyland
2023-01-20T14:46:40.468+01:00  INFO 5134 --- [ool-3-thread-21] tourGuide.service.RewardsService         : getDistance called
2023-01-20T14:46:40.463+01:00  INFO 5134 --- [ool-3-thread-70] tourGuide.service.RewardsService         : nearAttraction called with Legend Valley
2023-01-20T14:46:40.463+01:00  INFO 5134 --- [ool-3-thread-13] tourGuide.service.RewardsService         : getDistance called
2023-01-20T14:46:40.463+01:00  INFO 5134 --- [ool-3-thread-31] tourGuide.service.RewardsService         : getDistance called
2023-01-20T14:46:40.463+01:00  INFO 5134 --- [ool-3-thread-25] tourGuide.service.RewardsService         : getDistance called
2023-01-20T14:46:40.463+01:00  INFO 5134 --- [ool-3-thread-10] tourGuide.service.RewardsService         : getDistance called
2023-01-20T14:46:40.463+01:00  INFO 5134 --- [ool-3-thread-43] tourGuide.service.RewardsService         : getDistance called
2023-01-20T14:46:40.463+01:00  INFO 5134 --- [ool-3-thread-63] tourGuide.service.RewardsService         : nearAttraction called with Flowers Bakery of London
2023-01-20T14:46:40.464+01:00  INFO 5134 --- [ool-3-thread-26] tourGuide.service.RewardsService         : getDistance called
2023-01-20T14:46:40.469+01:00  INFO 5134 --- [ool-3-thread-63] tourGuide.service.RewardsService         : getDistance called
2023-01-20T14:46:40.464+01:00  INFO 5134 --- [ool-3-thread-61] tourGuide.service.RewardsService         : nearAttraction called with Flowers Bakery of London
2023-01-20T14:46:40.464+01:00  INFO 5134 --- [ool-3-thread-40] tourGuide.service.RewardsService         : nearAttraction called with McKinley Tower
2023-01-20T14:46:40.469+01:00  INFO 5134 --- [ool-3-thread-61] tourGuide.service.RewardsService         : getDistance called
2023-01-20T14:46:40.464+01:00  INFO 5134 --- [ool-3-thread-30] tourGuide.service.RewardsService         : nearAttraction called with McKinley Tower
2023-01-20T14:46:40.464+01:00  INFO 5134 --- [ool-4-thread-17] tourGuide.service.RewardsService         : Rewards of internalUser86 calculated by calculateRewards
2023-01-20T14:46:40.464+01:00  INFO 5134 --- [pool-3-thread-9] tourGuide.service.RewardsService         : getDistance called
2023-01-20T14:46:40.464+01:00  INFO 5134 --- [ool-3-thread-41] tourGuide.service.RewardsService         : nearAttraction called with Jackson Hole
2023-01-20T14:46:40.469+01:00  INFO 5134 --- [pool-3-thread-9] tourGuide.service.RewardsService         : nearAttraction called with Neyland Stadium
2023-01-20T14:46:40.469+01:00  INFO 5134 --- [ool-3-thread-41] tourGuide.service.RewardsService         : getDistance called
2023-01-20T14:46:40.469+01:00  INFO 5134 --- [pool-3-thread-9] tourGuide.service.RewardsService         : getDistance called
2023-01-20T14:46:40.464+01:00  INFO 5134 --- [pool-3-thread-6] tourGuide.service.RewardsService         : getDistance called
2023-01-20T14:46:40.464+01:00  INFO 5134 --- [ool-3-thread-42] tourGuide.service.RewardsService         : nearAttraction called with Flatiron Building
2023-01-20T14:46:40.464+01:00  INFO 5134 --- [ool-3-thread-67] tourGuide.service.RewardsService         : getDistance called
2023-01-20T14:46:40.470+01:00  INFO 5134 --- [ool-3-thread-42] tourGuide.service.RewardsService         : getDistance called
2023-01-20T14:46:40.464+01:00  INFO 5134 --- [ool-3-thread-38] tourGuide.service.RewardsService         : getDistance called
2023-01-20T14:46:40.464+01:00  INFO 5134 --- [ool-3-thread-22] tourGuide.service.RewardsService         : getDistance called
2023-01-20T14:46:40.470+01:00  INFO 5134 --- [ool-3-thread-38] tourGuide.service.RewardsService         : nearAttraction called with Kansas City Zoo
2023-01-20T14:46:40.465+01:00  INFO 5134 --- [ool-3-thread-15] tourGuide.service.RewardsService         : nearAttraction called with Joshua Tree National Park
2023-01-20T14:46:40.465+01:00  INFO 5134 --- [ool-3-thread-23] tourGuide.service.RewardsService         : nearAttraction called with Union Station
2023-01-20T14:46:40.470+01:00  INFO 5134 --- [ool-3-thread-15] tourGuide.service.RewardsService         : getDistance called
2023-01-20T14:46:40.465+01:00  INFO 5134 --- [pool-3-thread-7] tourGuide.service.RewardsService         : nearAttraction called with Fallingwater
2023-01-20T14:46:40.465+01:00  INFO 5134 --- [ool-3-thread-64] tourGuide.service.RewardsService         : getDistance called
2023-01-20T14:46:40.465+01:00  INFO 5134 --- [ool-3-thread-24] tourGuide.service.RewardsService         : getDistance called
2023-01-20T14:46:40.465+01:00  INFO 5134 --- [ool-3-thread-50] tourGuide.service.RewardsService         : getDistance called
2023-01-20T14:46:40.465+01:00  INFO 5134 --- [ool-3-thread-33] tourGuide.service.RewardsService         : getDistance called
2023-01-20T14:46:40.465+01:00  INFO 5134 --- [ool-3-thread-65] tourGuide.service.RewardsService         : nearAttraction called with Roger Dean Stadium
2023-01-20T14:46:40.465+01:00  INFO 5134 --- [ool-3-thread-27] tourGuide.service.RewardsService         : nearAttraction called with Hot Springs National Park
2023-01-20T14:46:40.470+01:00  INFO 5134 --- [ool-3-thread-65] tourGuide.service.RewardsService         : getDistance called
2023-01-20T14:46:40.470+01:00  INFO 5134 --- [ool-3-thread-27] tourGuide.service.RewardsService         : getDistance called
2023-01-20T14:46:40.465+01:00  INFO 5134 --- [ool-3-thread-28] tourGuide.service.RewardsService         : nearAttraction called with Union Station
2023-01-20T14:46:40.465+01:00  INFO 5134 --- [pool-3-thread-4] tourGuide.service.RewardsService         : nearAttraction called with Kartchner Caverns State Park
2023-01-20T14:46:40.471+01:00  INFO 5134 --- [ool-3-thread-27] tourGuide.service.RewardsService         : nearAttraction called with Hot Springs National Park
2023-01-20T14:46:40.465+01:00  INFO 5134 --- [ool-3-thread-32] tourGuide.service.RewardsService         : getDistance called
2023-01-20T14:46:40.471+01:00  INFO 5134 --- [ool-3-thread-27] tourGuide.service.RewardsService         : getDistance called
2023-01-20T14:46:40.466+01:00  INFO 5134 --- [ool-3-thread-29] tourGuide.service.RewardsService         : getDistance called
2023-01-20T14:46:40.471+01:00  INFO 5134 --- [ool-3-thread-32] tourGuide.service.RewardsService         : nearAttraction called with Kartchner Caverns State Park
2023-01-20T14:46:40.466+01:00  INFO 5134 --- [ool-3-thread-48] tourGuide.service.RewardsService         : nearAttraction called with Legend Valley
2023-01-20T14:46:40.471+01:00  INFO 5134 --- [ool-3-thread-32] tourGuide.service.RewardsService         : getDistance called
2023-01-20T14:46:40.471+01:00  INFO 5134 --- [ool-3-thread-48] tourGuide.service.RewardsService         : getDistance called
2023-01-20T14:46:40.466+01:00  INFO 5134 --- [ool-3-thread-11] tourGuide.service.RewardsService         : nearAttraction called with Texas Memorial Stadium
2023-01-20T14:46:40.466+01:00  INFO 5134 --- [ool-3-thread-57] tourGuide.service.RewardsService         : getDistance called
2023-01-20T14:46:40.471+01:00  INFO 5134 --- [ool-3-thread-11] tourGuide.service.RewardsService         : getDistance called
2023-01-20T14:46:40.466+01:00  INFO 5134 --- [ool-3-thread-37] tourGuide.service.RewardsService         : nearAttraction called with Flowers Bakery of London
2023-01-20T14:46:40.466+01:00  INFO 5134 --- [ool-3-thread-16] tourGuide.service.RewardsService         : getDistance called
2023-01-20T14:46:40.471+01:00  INFO 5134 --- [ool-3-thread-37] tourGuide.service.RewardsService         : getDistance called
2023-01-20T14:46:40.466+01:00  INFO 5134 --- [ool-3-thread-55] tourGuide.service.RewardsService         : getDistance called
2023-01-20T14:46:40.466+01:00  INFO 5134 --- [ool-3-thread-60] tourGuide.service.RewardsService         : nearAttraction called with Bryant-Denny Stadium
2023-01-20T14:46:40.466+01:00  INFO 5134 --- [ool-3-thread-44] tourGuide.service.RewardsService         : nearAttraction called with McKinley Tower
2023-01-20T14:46:40.471+01:00  INFO 5134 --- [ool-3-thread-60] tourGuide.service.RewardsService         : getDistance called
2023-01-20T14:46:40.466+01:00  INFO 5134 --- [ool-3-thread-45] tourGuide.service.RewardsService         : nearAttraction called with Neyland Stadium
2023-01-20T14:46:40.466+01:00  INFO 5134 --- [ool-3-thread-53] tourGuide.service.RewardsService         : getDistance called
2023-01-20T14:46:40.466+01:00  INFO 5134 --- [ool-3-thread-51] tourGuide.service.RewardsService         : getDistance called
2023-01-20T14:46:40.472+01:00  INFO 5134 --- [ool-3-thread-53] tourGuide.service.RewardsService         : nearAttraction called with Neyland Stadium
2023-01-20T14:46:40.467+01:00  INFO 5134 --- [ool-3-thread-52] tourGuide.service.RewardsService         : getDistance called
2023-01-20T14:46:40.472+01:00  INFO 5134 --- [ool-3-thread-53] tourGuide.service.RewardsService         : getDistance called
2023-01-20T14:46:40.467+01:00  INFO 5134 --- [ool-3-thread-54] tourGuide.service.RewardsService         : getDistance called
2023-01-20T14:46:40.467+01:00  INFO 5134 --- [ool-3-thread-12] tourGuide.service.RewardsService         : getDistance called
2023-01-20T14:46:40.467+01:00  INFO 5134 --- [ool-4-thread-50] tourGuide.service.RewardsService         : Rewards of internalUser93 calculated by calculateRewards
2023-01-20T14:46:40.467+01:00  INFO 5134 --- [ool-3-thread-47] tourGuide.service.RewardsService         : getDistance called
2023-01-20T14:46:40.467+01:00  INFO 5134 --- [ool-3-thread-68] tourGuide.service.RewardsService         : nearAttraction called with San Diego Zoo
2023-01-20T14:46:40.467+01:00  INFO 5134 --- [ool-3-thread-58] tourGuide.service.RewardsService         : getDistance called
2023-01-20T14:46:40.472+01:00  INFO 5134 --- [ool-3-thread-68] tourGuide.service.RewardsService         : getDistance called
2023-01-20T14:46:40.467+01:00  INFO 5134 --- [ool-3-thread-49] tourGuide.service.RewardsService         : nearAttraction called with Fallingwater
2023-01-20T14:46:40.472+01:00  INFO 5134 --- [ool-3-thread-58] tourGuide.service.RewardsService         : nearAttraction called with Bronx Zoo
2023-01-20T14:46:40.467+01:00  INFO 5134 --- [ool-3-thread-62] tourGuide.service.RewardsService         : nearAttraction called with Zoo Tampa at Lowry Park
2023-01-20T14:46:40.472+01:00  INFO 5134 --- [ool-3-thread-58] tourGuide.service.RewardsService         : getDistance called
2023-01-20T14:46:40.472+01:00  INFO 5134 --- [ool-3-thread-62] tourGuide.service.RewardsService         : getDistance called
2023-01-20T14:46:40.467+01:00  INFO 5134 --- [ool-3-thread-69] tourGuide.service.RewardsService         : nearAttraction called with Union Station
2023-01-20T14:46:40.467+01:00  INFO 5134 --- [pool-3-thread-8] tourGuide.service.RewardsService         : getDistance called
2023-01-20T14:46:40.467+01:00  INFO 5134 --- [pool-3-thread-5] tourGuide.service.RewardsService         : nearAttraction called with Roger Dean Stadium
2023-01-20T14:46:40.467+01:00  INFO 5134 --- [ool-3-thread-66] tourGuide.service.RewardsService         : getDistance called
2023-01-20T14:46:40.473+01:00  INFO 5134 --- [pool-3-thread-5] tourGuide.service.RewardsService         : getDistance called
2023-01-20T14:46:40.473+01:00  INFO 5134 --- [ool-3-thread-66] tourGuide.service.RewardsService         : nearAttraction called with Jackson Hole
2023-01-20T14:46:40.467+01:00  INFO 5134 --- [ool-3-thread-18] tourGuide.service.RewardsService         : nearAttraction called with El Paso Zoo
2023-01-20T14:46:40.468+01:00  INFO 5134 --- [ool-3-thread-56] tourGuide.service.RewardsService         : getDistance called
2023-01-20T14:46:40.468+01:00  INFO 5134 --- [ool-3-thread-17] tourGuide.service.RewardsService         : nearAttraction called with Texas Memorial Stadium
2023-01-20T14:46:40.468+01:00  INFO 5134 --- [pool-3-thread-3] tourGuide.service.RewardsService         : nearAttraction called with Kansas City Zoo
2023-01-20T14:46:40.473+01:00  INFO 5134 --- [ool-3-thread-56] tourGuide.service.RewardsService         : nearAttraction called with Jackson Hole
2023-01-20T14:46:40.468+01:00  INFO 5134 --- [pool-3-thread-2] tourGuide.service.RewardsService         : nearAttraction called with Bryant-Denny Stadium
2023-01-20T14:46:40.473+01:00  INFO 5134 --- [ool-3-thread-56] tourGuide.service.RewardsService         : getDistance called
2023-01-20T14:46:40.468+01:00  INFO 5134 --- [ool-3-thread-19] tourGuide.service.RewardsService         : getDistance called
2023-01-20T14:46:40.468+01:00  INFO 5134 --- [ool-3-thread-46] tourGuide.service.RewardsService         : nearAttraction called with Bronx Zoo
2023-01-20T14:46:40.473+01:00  INFO 5134 --- [ool-3-thread-19] tourGuide.service.RewardsService         : nearAttraction called with Mojave National Preserve
2023-01-20T14:46:40.468+01:00  INFO 5134 --- [ool-3-thread-39] tourGuide.service.RewardsService         : nearAttraction called with Tiger Stadium
2023-01-20T14:46:40.468+01:00  INFO 5134 --- [ool-3-thread-36] tourGuide.service.RewardsService         : getDistance called
2023-01-20T14:46:40.468+01:00  INFO 5134 --- [ool-3-thread-35] tourGuide.service.RewardsService         : nearAttraction called with Cinderella Castle
2023-01-20T14:46:40.468+01:00  INFO 5134 --- [ool-3-thread-59] tourGuide.service.RewardsService         : nearAttraction called with Neyland Stadium
2023-01-20T14:46:40.474+01:00  INFO 5134 --- [ool-3-thread-36] tourGuide.service.RewardsService         : nearAttraction called with Mojave National Preserve
2023-01-20T14:46:40.474+01:00  INFO 5134 --- [ool-3-thread-35] tourGuide.service.RewardsService         : getDistance called
2023-01-20T14:46:40.474+01:00  INFO 5134 --- [ool-3-thread-36] tourGuide.service.RewardsService         : getDistance called
2023-01-20T14:46:40.468+01:00  INFO 5134 --- [ool-3-thread-34] tourGuide.service.RewardsService         : getDistance called
2023-01-20T14:46:40.474+01:00  INFO 5134 --- [ool-3-thread-35] tourGuide.service.RewardsService         : nearAttraction called with Joshua Tree National Park
2023-01-20T14:46:40.468+01:00  INFO 5134 --- [pool-3-thread-1] tourGuide.service.RewardsService         : nearAttraction called with Kyle Field
2023-01-20T14:46:40.468+01:00  INFO 5134 --- [ool-3-thread-14] tourGuide.service.RewardsService         : nearAttraction called with San Diego Zoo
2023-01-20T14:46:40.474+01:00  INFO 5134 --- [pool-3-thread-1] tourGuide.service.RewardsService         : getDistance called
2023-01-20T14:46:40.468+01:00  INFO 5134 --- [ool-3-thread-20] tourGuide.service.RewardsService         : getDistance called
2023-01-20T14:46:40.468+01:00  INFO 5134 --- [ool-3-thread-21] tourGuide.service.RewardsService         : nearAttraction called with Zoo Tampa at Lowry Park
2023-01-20T14:46:40.469+01:00  INFO 5134 --- [ool-3-thread-70] tourGuide.service.RewardsService         : getDistance called
2023-01-20T14:46:40.474+01:00  INFO 5134 --- [ool-3-thread-21] tourGuide.service.RewardsService         : getDistance called
2023-01-20T14:46:40.469+01:00  INFO 5134 --- [ool-3-thread-13] tourGuide.service.RewardsService         : nearAttraction called with Franklin Park Zoo
2023-01-20T14:46:40.469+01:00  INFO 5134 --- [ool-3-thread-31] tourGuide.service.RewardsService         : nearAttraction called with El Paso Zoo
2023-01-20T14:46:40.469+01:00  INFO 5134 --- [ool-3-thread-25] tourGuide.service.RewardsService         : nearAttraction called with Kansas City Zoo
2023-01-20T14:46:40.474+01:00  INFO 5134 --- [ool-3-thread-31] tourGuide.service.RewardsService         : getDistance called
2023-01-20T14:46:40.469+01:00  INFO 5134 --- [ool-3-thread-10] tourGuide.service.RewardsService         : nearAttraction called with Bronx Zoo
2023-01-20T14:46:40.474+01:00  INFO 5134 --- [ool-3-thread-31] tourGuide.service.RewardsService         : nearAttraction called with Hot Springs National Park
2023-01-20T14:46:40.469+01:00  INFO 5134 --- [ool-3-thread-43] tourGuide.service.RewardsService         : nearAttraction called with Cinderella Castle
2023-01-20T14:46:40.469+01:00  INFO 5134 --- [ool-3-thread-26] tourGuide.service.RewardsService         : nearAttraction called with Texas Memorial Stadium
2023-01-20T14:46:40.475+01:00  INFO 5134 --- [ool-3-thread-43] tourGuide.service.RewardsService         : getDistance called
2023-01-20T14:46:40.469+01:00  INFO 5134 --- [ool-3-thread-63] tourGuide.service.RewardsService         : nearAttraction called with Bryant-Denny Stadium
2023-01-20T14:46:40.475+01:00  INFO 5134 --- [ool-3-thread-43] tourGuide.service.RewardsService         : nearAttraction called with Hot Springs National Park
2023-01-20T14:46:40.469+01:00  INFO 5134 --- [ool-3-thread-40] tourGuide.service.RewardsService         : getDistance called
2023-01-20T14:46:40.475+01:00  INFO 5134 --- [ool-3-thread-43] tourGuide.service.RewardsService         : getDistance called
2023-01-20T14:46:40.469+01:00  INFO 5134 --- [ool-3-thread-61] tourGuide.service.RewardsService         : nearAttraction called with Tiger Stadium
2023-01-20T14:46:40.469+01:00  INFO 5134 --- [ool-3-thread-30] tourGuide.service.RewardsService         : getDistance called
2023-01-20T14:46:40.469+01:00  INFO 5134 --- [ool-4-thread-24] tourGuide.service.RewardsService         : Rewards of internalUser19 calculated by calculateRewards
2023-01-20T14:46:40.470+01:00  INFO 5134 --- [ool-3-thread-41] tourGuide.service.RewardsService         : nearAttraction called with Kyle Field
2023-01-20T14:46:40.470+01:00  INFO 5134 --- [pool-3-thread-9] tourGuide.service.RewardsService         : nearAttraction called with San Diego Zoo
2023-01-20T14:46:40.470+01:00  INFO 5134 --- [pool-3-thread-6] tourGuide.service.RewardsService         : nearAttraction called with Zoo Tampa at Lowry Park
2023-01-20T14:46:40.470+01:00  INFO 5134 --- [ool-3-thread-67] tourGuide.service.RewardsService         : nearAttraction called with Franklin Park Zoo
2023-01-20T14:46:40.475+01:00  INFO 5134 --- [pool-3-thread-6] tourGuide.service.RewardsService         : getDistance called
2023-01-20T14:46:40.475+01:00  INFO 5134 --- [ool-3-thread-67] tourGuide.service.RewardsService         : getDistance called
2023-01-20T14:46:40.470+01:00  INFO 5134 --- [ool-3-thread-42] tourGuide.service.RewardsService         : nearAttraction called with El Paso Zoo
2023-01-20T14:46:40.475+01:00  INFO 5134 --- [pool-3-thread-6] tourGuide.service.RewardsService         : nearAttraction called with Flowers Bakery of London
2023-01-20T14:46:40.470+01:00  INFO 5134 --- [ool-3-thread-22] tourGuide.service.RewardsService         : nearAttraction called with Bronx Zoo
2023-01-20T14:46:40.475+01:00  INFO 5134 --- [pool-3-thread-6] tourGuide.service.RewardsService         : getDistance called
2023-01-20T14:46:40.470+01:00  INFO 5134 --- [ool-3-thread-38] tourGuide.service.RewardsService         : getDistance called
2023-01-20T14:46:40.470+01:00  INFO 5134 --- [ool-3-thread-23] tourGuide.service.RewardsService         : getDistance called
2023-01-20T14:46:40.470+01:00  INFO 5134 --- [ool-3-thread-15] tourGuide.service.RewardsService         : nearAttraction called with Cinderella Castle
2023-01-20T14:46:40.476+01:00  INFO 5134 --- [ool-3-thread-23] tourGuide.service.RewardsService         : nearAttraction called with Legend Valley
2023-01-20T14:46:40.476+01:00  INFO 5134 --- [ool-3-thread-15] tourGuide.service.RewardsService         : getDistance called
2023-01-20T14:46:40.470+01:00  INFO 5134 --- [pool-3-thread-7] tourGuide.service.RewardsService         : getDistance called
2023-01-20T14:46:40.470+01:00  INFO 5134 --- [ool-3-thread-64] tourGuide.service.RewardsService         : nearAttraction called with Disneyland
2023-01-20T14:46:40.470+01:00  INFO 5134 --- [ool-3-thread-24] tourGuide.service.RewardsService         : nearAttraction called with Jackson Hole
2023-01-20T14:46:40.470+01:00  INFO 5134 --- [ool-3-thread-50] tourGuide.service.RewardsService         : nearAttraction called with Mojave National Preserve
2023-01-20T14:46:40.476+01:00  INFO 5134 --- [ool-3-thread-24] tourGuide.service.RewardsService         : getDistance called
2023-01-20T14:46:40.470+01:00  INFO 5134 --- [ool-3-thread-33] tourGuide.service.RewardsService         : nearAttraction called with Joshua Tree National Park
2023-01-20T14:46:40.470+01:00  INFO 5134 --- [ool-3-thread-65] tourGuide.service.RewardsService         : nearAttraction called with Buffalo National River
2023-01-20T14:46:40.476+01:00  INFO 5134 --- [ool-3-thread-33] tourGuide.service.RewardsService         : getDistance called
2023-01-20T14:46:40.471+01:00  INFO 5134 --- [ool-3-thread-28] tourGuide.service.RewardsService         : getDistance called
2023-01-20T14:46:40.471+01:00  INFO 5134 --- [pool-3-thread-4] tourGuide.service.RewardsService         : getDistance called
2023-01-20T14:46:40.471+01:00  INFO 5134 --- [ool-3-thread-27] tourGuide.service.RewardsService         : nearAttraction called with Legend Valley
2023-01-20T14:46:40.471+01:00  INFO 5134 --- [ool-3-thread-29] tourGuide.service.RewardsService         : nearAttraction called with Flowers Bakery of London
2023-01-20T14:46:40.471+01:00  INFO 5134 --- [ool-3-thread-32] tourGuide.service.RewardsService         : nearAttraction called with McKinley Tower
2023-01-20T14:46:40.471+01:00  INFO 5134 --- [ool-3-thread-48] tourGuide.service.RewardsService         : nearAttraction called with Flatiron Building
2023-01-20T14:46:40.471+01:00  INFO 5134 --- [ool-3-thread-57] tourGuide.service.RewardsService         : nearAttraction called with Fallingwater
2023-01-20T14:46:40.477+01:00  INFO 5134 --- [ool-3-thread-48] tourGuide.service.RewardsService         : getDistance called
2023-01-20T14:46:40.471+01:00  INFO 5134 --- [ool-3-thread-11] tourGuide.service.RewardsService         : nearAttraction called with Union Station
2023-01-20T14:46:40.471+01:00  INFO 5134 --- [ool-3-thread-16] tourGuide.service.RewardsService         : nearAttraction called with Roger Dean Stadium
2023-01-20T14:46:40.477+01:00  INFO 5134 --- [ool-3-thread-11] tourGuide.service.RewardsService         : getDistance called
2023-01-20T14:46:40.471+01:00  INFO 5134 --- [ool-3-thread-37] tourGuide.service.RewardsService         : nearAttraction called with Texas Memorial Stadium
2023-01-20T14:46:40.471+01:00  INFO 5134 --- [ool-3-thread-55] tourGuide.service.RewardsService         : nearAttraction called with Bryant-Denny Stadium
2023-01-20T14:46:40.477+01:00  INFO 5134 --- [ool-3-thread-37] tourGuide.service.RewardsService         : getDistance called
2023-01-20T14:46:40.471+01:00  INFO 5134 --- [ool-3-thread-44] tourGuide.service.RewardsService         : getDistance called
2023-01-20T14:46:40.472+01:00  INFO 5134 --- [ool-3-thread-45] tourGuide.service.RewardsService         : getDistance called
2023-01-20T14:46:40.472+01:00  INFO 5134 --- [ool-3-thread-60] tourGuide.service.RewardsService         : nearAttraction called with Tiger Stadium
2023-01-20T14:46:40.472+01:00  INFO 5134 --- [ool-3-thread-51] tourGuide.service.RewardsService         : nearAttraction called with Kyle Field
2023-01-20T14:46:40.477+01:00  INFO 5134 --- [ool-3-thread-60] tourGuide.service.RewardsService         : getDistance called
2023-01-20T14:46:40.472+01:00  INFO 5134 --- [ool-3-thread-52] tourGuide.service.RewardsService         : nearAttraction called with San Diego Zoo
2023-01-20T14:46:40.472+01:00  INFO 5134 --- [ool-3-thread-53] tourGuide.service.RewardsService         : nearAttraction called with Zoo Tampa at Lowry Park
2023-01-20T14:46:40.477+01:00  INFO 5134 --- [ool-3-thread-52] tourGuide.service.RewardsService         : getDistance called
2023-01-20T14:46:40.472+01:00  INFO 5134 --- [ool-3-thread-54] tourGuide.service.RewardsService         : nearAttraction called with Franklin Park Zoo
2023-01-20T14:46:40.478+01:00  INFO 5134 --- [ool-3-thread-53] tourGuide.service.RewardsService         : getDistance called
2023-01-20T14:46:40.472+01:00  INFO 5134 --- [ool-4-thread-27] tourGuide.service.RewardsService         : Rewards of internalUser18 calculated by calculateRewards
2023-01-20T14:46:40.472+01:00  INFO 5134 --- [ool-3-thread-12] tourGuide.service.RewardsService         : nearAttraction called with El Paso Zoo
2023-01-20T14:46:40.472+01:00  INFO 5134 --- [ool-3-thread-47] tourGuide.service.RewardsService         : nearAttraction called with Kansas City Zoo
2023-01-20T14:46:40.472+01:00  INFO 5134 --- [ool-3-thread-68] tourGuide.service.RewardsService         : nearAttraction called with Cinderella Castle
2023-01-20T14:46:40.472+01:00  INFO 5134 --- [ool-3-thread-49] tourGuide.service.RewardsService         : getDistance called
2023-01-20T14:46:40.472+01:00  INFO 5134 --- [ool-3-thread-58] tourGuide.service.RewardsService         : nearAttraction called with Disneyland
2023-01-20T14:46:40.473+01:00  INFO 5134 --- [ool-3-thread-62] tourGuide.service.RewardsService         : nearAttraction called with Disneyland
2023-01-20T14:46:40.478+01:00  INFO 5134 --- [ool-3-thread-58] tourGuide.service.RewardsService         : getDistance called
2023-01-20T14:46:40.473+01:00  INFO 5134 --- [ool-3-thread-69] tourGuide.service.RewardsService         : getDistance called
2023-01-20T14:46:40.473+01:00  INFO 5134 --- [pool-3-thread-8] tourGuide.service.RewardsService         : nearAttraction called with Disneyland
2023-01-20T14:46:40.478+01:00  INFO 5134 --- [ool-3-thread-69] tourGuide.service.RewardsService         : nearAttraction called with Flatiron Building
2023-01-20T14:46:40.473+01:00  INFO 5134 --- [pool-3-thread-5] tourGuide.service.RewardsService         : nearAttraction called with Jackson Hole
2023-01-20T14:46:40.473+01:00  INFO 5134 --- [ool-3-thread-66] tourGuide.service.RewardsService         : getDistance called
2023-01-20T14:46:40.473+01:00  INFO 5134 --- [ool-3-thread-18] tourGuide.service.RewardsService         : getDistance called
2023-01-20T14:46:40.473+01:00  INFO 5134 --- [ool-3-thread-17] tourGuide.service.RewardsService         : getDistance called
2023-01-20T14:46:40.473+01:00  INFO 5134 --- [pool-3-thread-3] tourGuide.service.RewardsService         : getDistance called
2023-01-20T14:46:40.473+01:00  INFO 5134 --- [pool-3-thread-2] tourGuide.service.RewardsService         : getDistance called
2023-01-20T14:46:40.473+01:00  INFO 5134 --- [ool-3-thread-56] tourGuide.service.RewardsService         : nearAttraction called with Mojave National Preserve
2023-01-20T14:46:40.473+01:00  INFO 5134 --- [ool-3-thread-46] tourGuide.service.RewardsService         : getDistance called
2023-01-20T14:46:40.473+01:00  INFO 5134 --- [ool-3-thread-19] tourGuide.service.RewardsService         : getDistance called
2023-01-20T14:46:40.473+01:00  INFO 5134 --- [ool-3-thread-39] tourGuide.service.RewardsService         : getDistance called
2023-01-20T14:46:40.479+01:00  INFO 5134 --- [ool-3-thread-46] tourGuide.service.RewardsService         : nearAttraction called with Texas Memorial Stadium
2023-01-20T14:46:40.474+01:00  INFO 5134 --- [ool-3-thread-59] tourGuide.service.RewardsService         : getDistance called
2023-01-20T14:46:40.479+01:00  INFO 5134 --- [ool-3-thread-39] tourGuide.service.RewardsService         : nearAttraction called with Flowers Bakery of London
2023-01-20T14:46:40.474+01:00  INFO 5134 --- [ool-3-thread-36] tourGuide.service.RewardsService         : nearAttraction called with Joshua Tree National Park
2023-01-20T14:46:40.479+01:00  INFO 5134 --- [ool-3-thread-39] tourGuide.service.RewardsService         : getDistance called
2023-01-20T14:46:40.474+01:00  INFO 5134 --- [ool-3-thread-34] tourGuide.service.RewardsService         : nearAttraction called with Joshua Tree National Park
2023-01-20T14:46:40.474+01:00  INFO 5134 --- [ool-3-thread-35] tourGuide.service.RewardsService         : getDistance called
2023-01-20T14:46:40.474+01:00  INFO 5134 --- [ool-3-thread-14] tourGuide.service.RewardsService         : getDistance called
2023-01-20T14:46:40.474+01:00  INFO 5134 --- [pool-3-thread-1] tourGuide.service.RewardsService         : nearAttraction called with Buffalo National River
2023-01-20T14:46:40.474+01:00  INFO 5134 --- [ool-3-thread-20] tourGuide.service.RewardsService         : nearAttraction called with Buffalo National River
2023-01-20T14:46:40.479+01:00  INFO 5134 --- [ool-3-thread-14] tourGuide.service.RewardsService         : nearAttraction called with Flatiron Building
2023-01-20T14:46:40.474+01:00  INFO 5134 --- [ool-3-thread-70] tourGuide.service.RewardsService         : nearAttraction called with Buffalo National River
2023-01-20T14:46:40.479+01:00  INFO 5134 --- [ool-3-thread-14] tourGuide.service.RewardsService         : getDistance called
2023-01-20T14:46:40.474+01:00  INFO 5134 --- [ool-3-thread-21] tourGuide.service.RewardsService         : nearAttraction called with Hot Springs National Park
2023-01-20T14:46:40.474+01:00  INFO 5134 --- [ool-3-thread-13] tourGuide.service.RewardsService         : getDistance called
2023-01-20T14:46:40.474+01:00  INFO 5134 --- [ool-3-thread-25] tourGuide.service.RewardsService         : getDistance called
2023-01-20T14:46:40.474+01:00  INFO 5134 --- [ool-3-thread-10] tourGuide.service.RewardsService         : getDistance called
2023-01-20T14:46:40.475+01:00  INFO 5134 --- [ool-3-thread-31] tourGuide.service.RewardsService         : getDistance called
2023-01-20T14:46:40.475+01:00  INFO 5134 --- [ool-3-thread-26] tourGuide.service.RewardsService         : getDistance called
2023-01-20T14:46:40.480+01:00  INFO 5134 --- [ool-4-thread-48] tourGuide.service.RewardsService         : Rewards of internalUser94 calculated by calculateRewards
2023-01-20T14:46:40.480+01:00  INFO 5134 --- [ool-3-thread-26] tourGuide.service.RewardsService         : nearAttraction called with Roger Dean Stadium
2023-01-20T14:46:40.475+01:00  INFO 5134 --- [ool-3-thread-63] tourGuide.service.RewardsService         : getDistance called
2023-01-20T14:46:40.480+01:00  INFO 5134 --- [ool-3-thread-26] tourGuide.service.RewardsService         : getDistance called
2023-01-20T14:46:40.475+01:00  INFO 5134 --- [ool-3-thread-40] tourGuide.service.RewardsService         : nearAttraction called with Kartchner Caverns State Park
2023-01-20T14:46:40.475+01:00  INFO 5134 --- [ool-3-thread-43] tourGuide.service.RewardsService         : nearAttraction called with Kartchner Caverns State Park
2023-01-20T14:46:40.480+01:00  INFO 5134 --- [ool-3-thread-40] tourGuide.service.RewardsService         : getDistance called
2023-01-20T14:46:40.475+01:00  INFO 5134 --- [ool-3-thread-61] tourGuide.service.RewardsService         : getDistance called
2023-01-20T14:46:40.475+01:00  INFO 5134 --- [ool-3-thread-30] tourGuide.service.RewardsService         : nearAttraction called with Legend Valley
2023-01-20T14:46:40.475+01:00  INFO 5134 --- [ool-3-thread-41] tourGuide.service.RewardsService         : getDistance called
2023-01-20T14:46:40.475+01:00  INFO 5134 --- [pool-3-thread-9] tourGuide.service.RewardsService         : getDistance called
2023-01-20T14:46:40.475+01:00  INFO 5134 --- [ool-3-thread-67] tourGuide.service.RewardsService         : nearAttraction called with McKinley Tower
2023-01-20T14:46:40.475+01:00  INFO 5134 --- [ool-3-thread-42] tourGuide.service.RewardsService         : getDistance called
2023-01-20T14:46:40.480+01:00  INFO 5134 --- [ool-3-thread-67] tourGuide.service.RewardsService         : getDistance called
2023-01-20T14:46:40.476+01:00  INFO 5134 --- [ool-3-thread-22] tourGuide.service.RewardsService         : getDistance called
2023-01-20T14:46:40.476+01:00  INFO 5134 --- [pool-3-thread-6] tourGuide.service.RewardsService         : nearAttraction called with Flatiron Building
2023-01-20T14:46:40.476+01:00  INFO 5134 --- [ool-3-thread-38] tourGuide.service.RewardsService         : nearAttraction called with Fallingwater
2023-01-20T14:46:40.481+01:00  INFO 5134 --- [ool-4-thread-32] tourGuide.service.RewardsService         : Rewards of internalUser14 calculated by calculateRewards
2023-01-20T14:46:40.476+01:00  INFO 5134 --- [ool-3-thread-23] tourGuide.service.RewardsService         : getDistance called
2023-01-20T14:46:40.476+01:00  INFO 5134 --- [ool-3-thread-15] tourGuide.service.RewardsService         : nearAttraction called with Union Station
2023-01-20T14:46:40.476+01:00  INFO 5134 --- [pool-3-thread-7] tourGuide.service.RewardsService         : nearAttraction called with Roger Dean Stadium
2023-01-20T14:46:40.481+01:00  INFO 5134 --- [ool-3-thread-15] tourGuide.service.RewardsService         : getDistance called
2023-01-20T14:46:40.481+01:00  INFO 5134 --- [pool-3-thread-7] tourGuide.service.RewardsService         : getDistance called
2023-01-20T14:46:40.476+01:00  INFO 5134 --- [ool-3-thread-64] tourGuide.service.RewardsService         : getDistance called
2023-01-20T14:46:40.476+01:00  INFO 5134 --- [ool-3-thread-50] tourGuide.service.RewardsService         : getDistance called
2023-01-20T14:46:40.476+01:00  INFO 5134 --- [ool-3-thread-24] tourGuide.service.RewardsService         : nearAttraction called with Texas Memorial Stadium
2023-01-20T14:46:40.476+01:00  INFO 5134 --- [ool-3-thread-65] tourGuide.service.RewardsService         : getDistance called
2023-01-20T14:46:40.481+01:00  INFO 5134 --- [ool-3-thread-24] tourGuide.service.RewardsService         : getDistance called
2023-01-20T14:46:40.476+01:00  INFO 5134 --- [ool-3-thread-33] tourGuide.service.RewardsService         : nearAttraction called with Bryant-Denny Stadium
2023-01-20T14:46:40.481+01:00  INFO 5134 --- [ool-3-thread-65] tourGuide.service.RewardsService         : nearAttraction called with Kansas City Zoo
2023-01-20T14:46:40.476+01:00  INFO 5134 --- [ool-3-thread-28] tourGuide.service.RewardsService         : nearAttraction called with Tiger Stadium
2023-01-20T14:46:40.481+01:00  INFO 5134 --- [ool-3-thread-65] tourGuide.service.RewardsService         : getDistance called
2023-01-20T14:46:40.477+01:00  INFO 5134 --- [pool-3-thread-4] tourGuide.service.RewardsService         : nearAttraction called with Neyland Stadium
2023-01-20T14:46:40.477+01:00  INFO 5134 --- [ool-3-thread-27] tourGuide.service.RewardsService         : getDistance called
2023-01-20T14:46:40.481+01:00  INFO 5134 --- [pool-3-thread-4] tourGuide.service.RewardsService         : getDistance called
2023-01-20T14:46:40.477+01:00  INFO 5134 --- [ool-3-thread-29] tourGuide.service.RewardsService         : getDistance called
2023-01-20T14:46:40.477+01:00  INFO 5134 --- [ool-3-thread-32] tourGuide.service.RewardsService         : getDistance called
2023-01-20T14:46:40.477+01:00  INFO 5134 --- [ool-3-thread-57] tourGuide.service.RewardsService         : getDistance called
2023-01-20T14:46:40.482+01:00  INFO 5134 --- [ool-3-thread-32] tourGuide.service.RewardsService         : nearAttraction called with Jackson Hole
2023-01-20T14:46:40.477+01:00  INFO 5134 --- [ool-3-thread-48] tourGuide.service.RewardsService         : nearAttraction called with Kartchner Caverns State Park
2023-01-20T14:46:40.482+01:00  INFO 5134 --- [ool-3-thread-57] tourGuide.service.RewardsService         : nearAttraction called with Mojave National Preserve
2023-01-20T14:46:40.477+01:00  INFO 5134 --- [ool-3-thread-16] tourGuide.service.RewardsService         : getDistance called
2023-01-20T14:46:40.477+01:00  INFO 5134 --- [ool-3-thread-11] tourGuide.service.RewardsService         : nearAttraction called with Kyle Field
2023-01-20T14:46:40.477+01:00  INFO 5134 --- [ool-3-thread-55] tourGuide.service.RewardsService         : getDistance called
2023-01-20T14:46:40.477+01:00  INFO 5134 --- [ool-3-thread-37] tourGuide.service.RewardsService         : nearAttraction called with San Diego Zoo
2023-01-20T14:46:40.477+01:00  INFO 5134 --- [ool-3-thread-44] tourGuide.service.RewardsService         : nearAttraction called with Zoo Tampa at Lowry Park
2023-01-20T14:46:40.477+01:00  INFO 5134 --- [ool-3-thread-45] tourGuide.service.RewardsService         : nearAttraction called with Legend Valley
2023-01-20T14:46:40.477+01:00  INFO 5134 --- [ool-3-thread-51] tourGuide.service.RewardsService         : getDistance called
2023-01-20T14:46:40.482+01:00  INFO 5134 --- [ool-3-thread-45] tourGuide.service.RewardsService         : getDistance called
2023-01-20T14:46:40.477+01:00  INFO 5134 --- [ool-3-thread-60] tourGuide.service.RewardsService         : nearAttraction called with Franklin Park Zoo
2023-01-20T14:46:40.478+01:00  INFO 5134 --- [ool-3-thread-52] tourGuide.service.RewardsService         : nearAttraction called with Flowers Bakery of London
2023-01-20T14:46:40.478+01:00  INFO 5134 --- [ool-3-thread-54] tourGuide.service.RewardsService         : getDistance called
2023-01-20T14:46:40.482+01:00  INFO 5134 --- [ool-3-thread-52] tourGuide.service.RewardsService         : getDistance called
2023-01-20T14:46:40.478+01:00  INFO 5134 --- [ool-3-thread-53] tourGuide.service.RewardsService         : nearAttraction called with El Paso Zoo
2023-01-20T14:46:40.478+01:00  INFO 5134 --- [ool-3-thread-12] tourGuide.service.RewardsService         : getDistance called
2023-01-20T14:46:40.478+01:00  INFO 5134 --- [ool-3-thread-47] tourGuide.service.RewardsService         : getDistance called
2023-01-20T14:46:40.483+01:00  INFO 5134 --- [ool-3-thread-53] tourGuide.service.RewardsService         : getDistance called
2023-01-20T14:46:40.483+01:00  INFO 5134 --- [ool-3-thread-12] tourGuide.service.RewardsService         : nearAttraction called with Hot Springs National Park
2023-01-20T14:46:40.483+01:00  INFO 5134 --- [ool-3-thread-53] tourGuide.service.RewardsService         : nearAttraction called with Kartchner Caverns State Park
2023-01-20T14:46:40.478+01:00  INFO 5134 --- [ool-3-thread-68] tourGuide.service.RewardsService         : getDistance called
2023-01-20T14:46:40.478+01:00  INFO 5134 --- [ool-3-thread-49] tourGuide.service.RewardsService         : nearAttraction called with McKinley Tower
2023-01-20T14:46:40.478+01:00  INFO 5134 --- [ool-3-thread-62] tourGuide.service.RewardsService         : getDistance called
2023-01-20T14:46:40.483+01:00  INFO 5134 --- [ool-3-thread-49] tourGuide.service.RewardsService         : getDistance called
2023-01-20T14:46:40.478+01:00  INFO 5134 --- [ool-3-thread-58] tourGuide.service.RewardsService         : nearAttraction called with Kansas City Zoo
2023-01-20T14:46:40.483+01:00  INFO 5134 --- [ool-3-thread-49] tourGuide.service.RewardsService         : nearAttraction called with Flowers Bakery of London
2023-01-20T14:46:40.483+01:00  INFO 5134 --- [ool-4-thread-58] tourGuide.service.RewardsService         : Rewards of internalUser24 calculated by calculateRewards
2023-01-20T14:46:40.478+01:00  INFO 5134 --- [pool-3-thread-8] tourGuide.service.RewardsService         : getDistance called
2023-01-20T14:46:40.478+01:00  INFO 5134 --- [ool-3-thread-69] tourGuide.service.RewardsService         : getDistance called
2023-01-20T14:46:40.478+01:00  INFO 5134 --- [pool-3-thread-5] tourGuide.service.RewardsService         : getDistance called
2023-01-20T14:46:40.479+01:00  INFO 5134 --- [ool-3-thread-66] tourGuide.service.RewardsService         : nearAttraction called with Bronx Zoo
2023-01-20T14:46:40.479+01:00  INFO 5134 --- [ool-3-thread-18] tourGuide.service.RewardsService         : nearAttraction called with Fallingwater
2023-01-20T14:46:40.483+01:00  INFO 5134 --- [ool-3-thread-66] tourGuide.service.RewardsService         : getDistance called
2023-01-20T14:46:40.479+01:00  INFO 5134 --- [ool-3-thread-17] tourGuide.service.RewardsService         : nearAttraction called with Cinderella Castle
2023-01-20T14:46:40.479+01:00  INFO 5134 --- [pool-3-thread-3] tourGuide.service.RewardsService         : nearAttraction called with Union Station
2023-01-20T14:46:40.479+01:00  INFO 5134 --- [pool-3-thread-2] tourGuide.service.RewardsService         : nearAttraction called with Roger Dean Stadium
2023-01-20T14:46:40.479+01:00  INFO 5134 --- [ool-3-thread-56] tourGuide.service.RewardsService         : getDistance called
2023-01-20T14:46:40.479+01:00  INFO 5134 --- [ool-4-thread-39] tourGuide.service.RewardsService         : Rewards of internalUser10 calculated by calculateRewards
2023-01-20T14:46:40.484+01:00  INFO 5134 --- [ool-3-thread-56] tourGuide.service.RewardsService         : nearAttraction called with Flatiron Building
2023-01-20T14:46:40.479+01:00  INFO 5134 --- [ool-3-thread-19] tourGuide.service.RewardsService         : nearAttraction called with Bryant-Denny Stadium
2023-01-20T14:46:40.484+01:00  INFO 5134 --- [ool-3-thread-56] tourGuide.service.RewardsService         : getDistance called
2023-01-20T14:46:40.479+01:00  INFO 5134 --- [ool-3-thread-46] tourGuide.service.RewardsService         : getDistance called
2023-01-20T14:46:40.479+01:00  INFO 5134 --- [ool-3-thread-59] tourGuide.service.RewardsService         : nearAttraction called with Tiger Stadium
2023-01-20T14:46:40.484+01:00  INFO 5134 --- [ool-3-thread-46] tourGuide.service.RewardsService         : nearAttraction called with Fallingwater
2023-01-20T14:46:40.479+01:00  INFO 5134 --- [ool-3-thread-36] tourGuide.service.RewardsService         : getDistance called
2023-01-20T14:46:40.484+01:00  INFO 5134 --- [ool-3-thread-46] tourGuide.service.RewardsService         : getDistance called
2023-01-20T14:46:40.479+01:00  INFO 5134 --- [ool-3-thread-39] tourGuide.service.RewardsService         : nearAttraction called with McKinley Tower
2023-01-20T14:46:40.479+01:00  INFO 5134 --- [ool-3-thread-34] tourGuide.service.RewardsService         : getDistance called
2023-01-20T14:46:40.479+01:00  INFO 5134 --- [ool-3-thread-35] tourGuide.service.RewardsService         : nearAttraction called with Neyland Stadium
2023-01-20T14:46:40.479+01:00  INFO 5134 --- [pool-3-thread-1] tourGuide.service.RewardsService         : getDistance called
2023-01-20T14:46:40.484+01:00  INFO 5134 --- [ool-3-thread-35] tourGuide.service.RewardsService         : getDistance called
2023-01-20T14:46:40.479+01:00  INFO 5134 --- [ool-3-thread-20] tourGuide.service.RewardsService         : getDistance called
2023-01-20T14:46:40.479+01:00  INFO 5134 --- [ool-3-thread-70] tourGuide.service.RewardsService         : getDistance called
2023-01-20T14:46:40.484+01:00  INFO 5134 --- [ool-3-thread-20] tourGuide.service.RewardsService         : nearAttraction called with Texas Memorial Stadium
2023-01-20T14:46:40.480+01:00  INFO 5134 --- [ool-3-thread-14] tourGuide.service.RewardsService         : nearAttraction called with Kyle Field
2023-01-20T14:46:40.484+01:00  INFO 5134 --- [ool-3-thread-70] tourGuide.service.RewardsService         : nearAttraction called with Bryant-Denny Stadium
2023-01-20T14:46:40.480+01:00  INFO 5134 --- [ool-3-thread-21] tourGuide.service.RewardsService         : getDistance called
2023-01-20T14:46:40.480+01:00  INFO 5134 --- [ool-3-thread-13] tourGuide.service.RewardsService         : nearAttraction called with Fallingwater
2023-01-20T14:46:40.480+01:00  INFO 5134 --- [ool-3-thread-25] tourGuide.service.RewardsService         : nearAttraction called with San Diego Zoo
2023-01-20T14:46:40.485+01:00  INFO 5134 --- [ool-3-thread-13] tourGuide.service.RewardsService         : getDistance called
2023-01-20T14:46:40.480+01:00  INFO 5134 --- [ool-3-thread-10] tourGuide.service.RewardsService         : nearAttraction called with Union Station
2023-01-20T14:46:40.480+01:00  INFO 5134 --- [ool-3-thread-31] tourGuide.service.RewardsService         : nearAttraction called with Zoo Tampa at Lowry Park
2023-01-20T14:46:40.480+01:00  INFO 5134 --- [ool-3-thread-63] tourGuide.service.RewardsService         : nearAttraction called with Franklin Park Zoo
2023-01-20T14:46:40.485+01:00  INFO 5134 --- [ool-3-thread-31] tourGuide.service.RewardsService         : getDistance called
2023-01-20T14:46:40.480+01:00  INFO 5134 --- [ool-3-thread-26] tourGuide.service.RewardsService         : nearAttraction called with Texas Memorial Stadium
2023-01-20T14:46:40.480+01:00  INFO 5134 --- [ool-3-thread-43] tourGuide.service.RewardsService         : getDistance called
2023-01-20T14:46:40.480+01:00  INFO 5134 --- [ool-3-thread-40] tourGuide.service.RewardsService         : nearAttraction called with El Paso Zoo
2023-01-20T14:46:40.480+01:00  INFO 5134 --- [ool-3-thread-61] tourGuide.service.RewardsService         : nearAttraction called with Bryant-Denny Stadium
2023-01-20T14:46:40.480+01:00  INFO 5134 --- [ool-3-thread-30] tourGuide.service.RewardsService         : getDistance called
2023-01-20T14:46:40.480+01:00  INFO 5134 --- [ool-3-thread-41] tourGuide.service.RewardsService         : nearAttraction called with Kansas City Zoo
2023-01-20T14:46:40.480+01:00  INFO 5134 --- [pool-3-thread-9] tourGuide.service.RewardsService         : nearAttraction called with Tiger Stadium
2023-01-20T14:46:40.481+01:00  INFO 5134 --- [ool-3-thread-42] tourGuide.service.RewardsService         : nearAttraction called with Bronx Zoo
2023-01-20T14:46:40.486+01:00  INFO 5134 --- [pool-3-thread-9] tourGuide.service.RewardsService         : getDistance called
2023-01-20T14:46:40.486+01:00  INFO 5134 --- [ool-3-thread-42] tourGuide.service.RewardsService         : getDistance called
2023-01-20T14:46:40.481+01:00  INFO 5134 --- [ool-3-thread-67] tourGuide.service.RewardsService         : nearAttraction called with Neyland Stadium
2023-01-20T14:46:40.481+01:00  INFO 5134 --- [ool-3-thread-22] tourGuide.service.RewardsService         : nearAttraction called with Cinderella Castle
2023-01-20T14:46:40.481+01:00  INFO 5134 --- [pool-3-thread-6] tourGuide.service.RewardsService         : getDistance called
2023-01-20T14:46:40.486+01:00  INFO 5134 --- [ool-3-thread-22] tourGuide.service.RewardsService         : getDistance called
2023-01-20T14:46:40.481+01:00  INFO 5134 --- [ool-3-thread-38] tourGuide.service.RewardsService         : getDistance called
2023-01-20T14:46:40.486+01:00  INFO 5134 --- [pool-3-thread-6] tourGuide.service.RewardsService         : nearAttraction called with San Diego Zoo
2023-01-20T14:46:40.481+01:00  INFO 5134 --- [ool-3-thread-23] tourGuide.service.RewardsService         : nearAttraction called with Kyle Field
2023-01-20T14:46:40.481+01:00  INFO 5134 --- [ool-3-thread-15] tourGuide.service.RewardsService         : nearAttraction called with San Diego Zoo
2023-01-20T14:46:40.486+01:00  INFO 5134 --- [ool-3-thread-23] tourGuide.service.RewardsService         : getDistance called
2023-01-20T14:46:40.481+01:00  INFO 5134 --- [pool-3-thread-7] tourGuide.service.RewardsService         : nearAttraction called with Zoo Tampa at Lowry Park
2023-01-20T14:46:40.481+01:00  INFO 5134 --- [ool-3-thread-64] tourGuide.service.RewardsService         : nearAttraction called with Franklin Park Zoo
2023-01-20T14:46:40.486+01:00  INFO 5134 --- [pool-3-thread-7] tourGuide.service.RewardsService         : getDistance called
2023-01-20T14:46:40.481+01:00  INFO 5134 --- [ool-3-thread-50] tourGuide.service.RewardsService         : nearAttraction called with El Paso Zoo
2023-01-20T14:46:40.481+01:00  INFO 5134 --- [ool-3-thread-24] tourGuide.service.RewardsService         : nearAttraction called with Bronx Zoo
2023-01-20T14:46:40.481+01:00  INFO 5134 --- [ool-3-thread-33] tourGuide.service.RewardsService         : getDistance called
2023-01-20T14:46:40.481+01:00  INFO 5134 --- [ool-3-thread-28] tourGuide.service.RewardsService         : getDistance called
2023-01-20T14:46:40.481+01:00  INFO 5134 --- [ool-3-thread-65] tourGuide.service.RewardsService         : nearAttraction called with Cinderella Castle
2023-01-20T14:46:40.482+01:00  INFO 5134 --- [ool-3-thread-27] tourGuide.service.RewardsService         : nearAttraction called with Disneyland
2023-01-20T14:46:40.487+01:00  INFO 5134 --- [ool-3-thread-65] tourGuide.service.RewardsService         : getDistance called
2023-01-20T14:46:40.487+01:00  INFO 5134 --- [ool-3-thread-27] tourGuide.service.RewardsService         : getDistance called
2023-01-20T14:46:40.482+01:00  INFO 5134 --- [pool-3-thread-4] tourGuide.service.RewardsService         : nearAttraction called with Disneyland
2023-01-20T14:46:40.482+01:00  INFO 5134 --- [ool-3-thread-29] tourGuide.service.RewardsService         : nearAttraction called with Jackson Hole
2023-01-20T14:46:40.487+01:00  INFO 5134 --- [pool-3-thread-4] tourGuide.service.RewardsService         : getDistance called
2023-01-20T14:46:40.482+01:00  INFO 5134 --- [ool-3-thread-32] tourGuide.service.RewardsService         : getDistance called
2023-01-20T14:46:40.482+01:00  INFO 5134 --- [ool-3-thread-48] tourGuide.service.RewardsService         : getDistance called
2023-01-20T14:46:40.482+01:00  INFO 5134 --- [ool-3-thread-57] tourGuide.service.RewardsService         : getDistance called
2023-01-20T14:46:40.482+01:00  INFO 5134 --- [ool-3-thread-16] tourGuide.service.RewardsService         : nearAttraction called with Mojave National Preserve
2023-01-20T14:46:40.482+01:00  INFO 5134 --- [ool-3-thread-11] tourGuide.service.RewardsService         : getDistance called
2023-01-20T14:46:40.487+01:00  INFO 5134 --- [ool-3-thread-16] tourGuide.service.RewardsService         : getDistance called
2023-01-20T14:46:40.482+01:00  INFO 5134 --- [ool-3-thread-55] tourGuide.service.RewardsService         : nearAttraction called with Joshua Tree National Park
2023-01-20T14:46:40.482+01:00  INFO 5134 --- [ool-3-thread-37] tourGuide.service.RewardsService         : getDistance called
2023-01-20T14:46:40.482+01:00  INFO 5134 --- [ool-3-thread-44] tourGuide.service.RewardsService         : getDistance called
2023-01-20T14:46:40.482+01:00  INFO 5134 --- [ool-3-thread-51] tourGuide.service.RewardsService         : nearAttraction called with Joshua Tree National Park
2023-01-20T14:46:40.482+01:00  INFO 5134 --- [ool-3-thread-45] tourGuide.service.RewardsService         : nearAttraction called with Buffalo National River
2023-01-20T14:46:40.482+01:00  INFO 5134 --- [ool-3-thread-60] tourGuide.service.RewardsService         : getDistance called
2023-01-20T14:46:40.488+01:00  INFO 5134 --- [ool-3-thread-45] tourGuide.service.RewardsService         : getDistance called
2023-01-20T14:46:40.482+01:00  INFO 5134 --- [ool-3-thread-54] tourGuide.service.RewardsService         : nearAttraction called with Buffalo National River
2023-01-20T14:46:40.482+01:00  INFO 5134 --- [ool-3-thread-52] tourGuide.service.RewardsService         : nearAttraction called with Hot Springs National Park
2023-01-20T14:46:40.488+01:00  INFO 5134 --- [ool-3-thread-54] tourGuide.service.RewardsService         : getDistance called
2023-01-20T14:46:40.483+01:00  INFO 5134 --- [ool-3-thread-47] tourGuide.service.RewardsService         : nearAttraction called with Kartchner Caverns State Park
2023-01-20T14:46:40.488+01:00  INFO 5134 --- [ool-3-thread-54] tourGuide.service.RewardsService         : nearAttraction called with Hot Springs National Park
2023-01-20T14:46:40.488+01:00  INFO 5134 --- [ool-3-thread-47] tourGuide.service.RewardsService         : getDistance called
2023-01-20T14:46:40.483+01:00  INFO 5134 --- [ool-3-thread-12] tourGuide.service.RewardsService         : getDistance called
2023-01-20T14:46:40.483+01:00  INFO 5134 --- [ool-3-thread-53] tourGuide.service.RewardsService         : getDistance called
2023-01-20T14:46:40.483+01:00  INFO 5134 --- [ool-3-thread-68] tourGuide.service.RewardsService         : nearAttraction called with Legend Valley
2023-01-20T14:46:40.483+01:00  INFO 5134 --- [ool-3-thread-62] tourGuide.service.RewardsService         : nearAttraction called with Legend Valley
2023-01-20T14:46:40.488+01:00  INFO 5134 --- [ool-3-thread-68] tourGuide.service.RewardsService         : getDistance called
2023-01-20T14:46:40.483+01:00  INFO 5134 --- [ool-3-thread-58] tourGuide.service.RewardsService         : getDistance called
2023-01-20T14:46:40.488+01:00  INFO 5134 --- [ool-3-thread-68] tourGuide.service.RewardsService         : nearAttraction called with McKinley Tower
2023-01-20T14:46:40.483+01:00  INFO 5134 --- [ool-3-thread-49] tourGuide.service.RewardsService         : getDistance called
2023-01-20T14:46:40.488+01:00  INFO 5134 --- [ool-3-thread-68] tourGuide.service.RewardsService         : getDistance called
2023-01-20T14:46:40.483+01:00  INFO 5134 --- [pool-3-thread-8] tourGuide.service.RewardsService         : nearAttraction called with Flowers Bakery of London
2023-01-20T14:46:40.483+01:00  INFO 5134 --- [ool-3-thread-69] tourGuide.service.RewardsService         : nearAttraction called with McKinley Tower
2023-01-20T14:46:40.483+01:00  INFO 5134 --- [pool-3-thread-5] tourGuide.service.RewardsService         : nearAttraction called with McKinley Tower
2023-01-20T14:46:40.489+01:00  INFO 5134 --- [ool-3-thread-69] tourGuide.service.RewardsService         : getDistance called
2023-01-20T14:46:40.483+01:00  INFO 5134 --- [ool-3-thread-18] tourGuide.service.RewardsService         : getDistance called
2023-01-20T14:46:40.483+01:00  INFO 5134 --- [ool-3-thread-66] tourGuide.service.RewardsService         : nearAttraction called with Flatiron Building
2023-01-20T14:46:40.483+01:00  INFO 5134 --- [ool-3-thread-17] tourGuide.service.RewardsService         : getDistance called
2023-01-20T14:46:40.484+01:00  INFO 5134 --- [pool-3-thread-3] tourGuide.service.RewardsService         : getDistance called
2023-01-20T14:46:40.484+01:00  INFO 5134 --- [pool-3-thread-2] tourGuide.service.RewardsService         : getDistance called
2023-01-20T14:46:40.484+01:00  INFO 5134 --- [ool-3-thread-19] tourGuide.service.RewardsService         : getDistance called
2023-01-20T14:46:40.489+01:00  INFO 5134 --- [ool-4-thread-21] tourGuide.service.RewardsService         : Rewards of internalUser82 calculated by calculateRewards
2023-01-20T14:46:40.484+01:00  INFO 5134 --- [ool-3-thread-56] tourGuide.service.RewardsService         : nearAttraction called with Fallingwater
2023-01-20T14:46:40.484+01:00  INFO 5134 --- [ool-3-thread-59] tourGuide.service.RewardsService         : getDistance called
2023-01-20T14:46:40.484+01:00  INFO 5134 --- [ool-3-thread-36] tourGuide.service.RewardsService         : nearAttraction called with Union Station
2023-01-20T14:46:40.484+01:00  INFO 5134 --- [ool-3-thread-46] tourGuide.service.RewardsService         : nearAttraction called with Union Station
2023-01-20T14:46:40.489+01:00  INFO 5134 --- [ool-3-thread-36] tourGuide.service.RewardsService         : getDistance called
2023-01-20T14:46:40.489+01:00  INFO 5134 --- [ool-3-thread-46] tourGuide.service.RewardsService         : getDistance called
2023-01-20T14:46:40.484+01:00  INFO 5134 --- [ool-3-thread-39] tourGuide.service.RewardsService         : getDistance called
2023-01-20T14:46:40.484+01:00  INFO 5134 --- [ool-3-thread-34] tourGuide.service.RewardsService         : nearAttraction called with Roger Dean Stadium
2023-01-20T14:46:40.484+01:00  INFO 5134 --- [pool-3-thread-1] tourGuide.service.RewardsService         : nearAttraction called with Roger Dean Stadium
2023-01-20T14:46:40.490+01:00  INFO 5134 --- [ool-3-thread-39] tourGuide.service.RewardsService         : nearAttraction called with El Paso Zoo
2023-01-20T14:46:40.484+01:00  INFO 5134 --- [ool-3-thread-35] tourGuide.service.RewardsService         : nearAttraction called with Texas Memorial Stadium
2023-01-20T14:46:40.484+01:00  INFO 5134 --- [ool-3-thread-20] tourGuide.service.RewardsService         : getDistance called
2023-01-20T14:46:40.490+01:00  INFO 5134 --- [ool-3-thread-35] tourGuide.service.RewardsService         : getDistance called
2023-01-20T14:46:40.485+01:00  INFO 5134 --- [ool-3-thread-14] tourGuide.service.RewardsService         : getDistance called
2023-01-20T14:46:40.485+01:00  INFO 5134 --- [ool-3-thread-70] tourGuide.service.RewardsService         : getDistance called
2023-01-20T14:46:40.485+01:00  INFO 5134 --- [ool-3-thread-21] tourGuide.service.RewardsService         : nearAttraction called with Bryant-Denny Stadium
2023-01-20T14:46:40.485+01:00  INFO 5134 --- [ool-3-thread-25] tourGuide.service.RewardsService         : getDistance called
2023-01-20T14:46:40.490+01:00  INFO 5134 --- [ool-3-thread-21] tourGuide.service.RewardsService         : getDistance called
2023-01-20T14:46:40.485+01:00  INFO 5134 --- [ool-3-thread-31] tourGuide.service.RewardsService         : nearAttraction called with Tiger Stadium
2023-01-20T14:46:40.490+01:00  INFO 5134 --- [ool-3-thread-25] tourGuide.service.RewardsService         : nearAttraction called with Jackson Hole
2023-01-20T14:46:40.485+01:00  INFO 5134 --- [ool-3-thread-26] tourGuide.service.RewardsService         : getDistance called
2023-01-20T14:46:40.485+01:00  INFO 5134 --- [ool-3-thread-10] tourGuide.service.RewardsService         : getDistance called
2023-01-20T14:46:40.485+01:00  INFO 5134 --- [ool-3-thread-13] tourGuide.service.RewardsService         : nearAttraction called with Tiger Stadium
2023-01-20T14:46:40.485+01:00  INFO 5134 --- [ool-3-thread-63] tourGuide.service.RewardsService         : getDistance called
2023-01-20T14:46:40.490+01:00  INFO 5134 --- [ool-3-thread-13] tourGuide.service.RewardsService         : getDistance called
2023-01-20T14:46:40.485+01:00  INFO 5134 --- [ool-3-thread-61] tourGuide.service.RewardsService         : getDistance called
2023-01-20T14:46:40.485+01:00  INFO 5134 --- [ool-3-thread-30] tourGuide.service.RewardsService         : nearAttraction called with Neyland Stadium
2023-01-20T14:46:40.486+01:00  INFO 5134 --- [ool-3-thread-43] tourGuide.service.RewardsService         : nearAttraction called with Neyland Stadium
2023-01-20T14:46:40.486+01:00  INFO 5134 --- [ool-3-thread-41] tourGuide.service.RewardsService         : getDistance called
2023-01-20T14:46:40.486+01:00  INFO 5134 --- [ool-3-thread-40] tourGuide.service.RewardsService         : getDistance called
2023-01-20T14:46:40.486+01:00  INFO 5134 --- [pool-3-thread-9] tourGuide.service.RewardsService         : nearAttraction called with Kyle Field
2023-01-20T14:46:40.486+01:00  INFO 5134 --- [ool-3-thread-42] tourGuide.service.RewardsService         : nearAttraction called with Kyle Field
2023-01-20T14:46:40.486+01:00  INFO 5134 --- [ool-3-thread-67] tourGuide.service.RewardsService         : getDistance called
2023-01-20T14:46:40.486+01:00  INFO 5134 --- [ool-3-thread-22] tourGuide.service.RewardsService         : nearAttraction called with San Diego Zoo
2023-01-20T14:46:40.486+01:00  INFO 5134 --- [ool-3-thread-38] tourGuide.service.RewardsService         : nearAttraction called with Zoo Tampa at Lowry Park
2023-01-20T14:46:40.491+01:00  INFO 5134 --- [ool-3-thread-22] tourGuide.service.RewardsService         : getDistance called
2023-01-20T14:46:40.486+01:00  INFO 5134 --- [pool-3-thread-6] tourGuide.service.RewardsService         : getDistance called
2023-01-20T14:46:40.486+01:00  INFO 5134 --- [ool-3-thread-15] tourGuide.service.RewardsService         : getDistance called
2023-01-20T14:46:40.486+01:00  INFO 5134 --- [ool-3-thread-23] tourGuide.service.RewardsService         : nearAttraction called with Zoo Tampa at Lowry Park
2023-01-20T14:46:40.486+01:00  INFO 5134 --- [ool-3-thread-64] tourGuide.service.RewardsService         : getDistance called
2023-01-20T14:46:40.491+01:00  INFO 5134 --- [ool-3-thread-23] tourGuide.service.RewardsService         : getDistance called
2023-01-20T14:46:40.487+01:00  INFO 5134 --- [pool-3-thread-7] tourGuide.service.RewardsService         : nearAttraction called with Franklin Park Zoo
2023-01-20T14:46:40.491+01:00  INFO 5134 --- [ool-3-thread-64] tourGuide.service.RewardsService         : nearAttraction called with Flatiron Building
2023-01-20T14:46:40.487+01:00  INFO 5134 --- [ool-3-thread-50] tourGuide.service.RewardsService         : getDistance called
2023-01-20T14:46:40.487+01:00  INFO 5134 --- [ool-3-thread-24] tourGuide.service.RewardsService         : getDistance called
2023-01-20T14:46:40.487+01:00  INFO 5134 --- [ool-3-thread-33] tourGuide.service.RewardsService         : nearAttraction called with Franklin Park Zoo
2023-01-20T14:46:40.487+01:00  INFO 5134 --- [ool-3-thread-28] tourGuide.service.RewardsService         : nearAttraction called with El Paso Zoo
2023-01-20T14:46:40.491+01:00  INFO 5134 --- [ool-3-thread-33] tourGuide.service.RewardsService         : getDistance called
2023-01-20T14:46:40.487+01:00  INFO 5134 --- [ool-3-thread-65] tourGuide.service.RewardsService         : nearAttraction called with El Paso Zoo
2023-01-20T14:46:40.487+01:00  INFO 5134 --- [ool-3-thread-27] tourGuide.service.RewardsService         : nearAttraction called with Kansas City Zoo
2023-01-20T14:46:40.487+01:00  INFO 5134 --- [ool-3-thread-29] tourGuide.service.RewardsService         : getDistance called
2023-01-20T14:46:40.487+01:00  INFO 5134 --- [pool-3-thread-4] tourGuide.service.RewardsService         : nearAttraction called with Kansas City Zoo
2023-01-20T14:46:40.487+01:00  INFO 5134 --- [ool-3-thread-32] tourGuide.service.RewardsService         : nearAttraction called with Bronx Zoo
2023-01-20T14:46:40.492+01:00  INFO 5134 --- [pool-3-thread-4] tourGuide.service.RewardsService         : getDistance called
2023-01-20T14:46:40.487+01:00  INFO 5134 --- [ool-3-thread-48] tourGuide.service.RewardsService         : nearAttraction called with Bronx Zoo
2023-01-20T14:46:40.487+01:00  INFO 5134 --- [ool-3-thread-57] tourGuide.service.RewardsService         : nearAttraction called with Disneyland
2023-01-20T14:46:40.492+01:00  INFO 5134 --- [ool-3-thread-48] tourGuide.service.RewardsService         : getDistance called
2023-01-20T14:46:40.487+01:00  INFO 5134 --- [ool-3-thread-11] tourGuide.service.RewardsService         : nearAttraction called with Cinderella Castle
2023-01-20T14:46:40.487+01:00  INFO 5134 --- [ool-3-thread-16] tourGuide.service.RewardsService         : nearAttraction called with Cinderella Castle
2023-01-20T14:46:40.487+01:00  INFO 5134 --- [ool-3-thread-55] tourGuide.service.RewardsService         : getDistance called
2023-01-20T14:46:40.488+01:00  INFO 5134 --- [ool-3-thread-37] tourGuide.service.RewardsService         : nearAttraction called with Jackson Hole
2023-01-20T14:46:40.488+01:00  INFO 5134 --- [ool-3-thread-44] tourGuide.service.RewardsService         : nearAttraction called with Mojave National Preserve
2023-01-20T14:46:40.488+01:00  INFO 5134 --- [ool-3-thread-51] tourGuide.service.RewardsService         : getDistance called
2023-01-20T14:46:40.492+01:00  INFO 5134 --- [ool-3-thread-44] tourGuide.service.RewardsService         : getDistance called
2023-01-20T14:46:40.488+01:00  INFO 5134 --- [ool-3-thread-60] tourGuide.service.RewardsService         : nearAttraction called with Joshua Tree National Park
2023-01-20T14:46:40.488+01:00  INFO 5134 --- [ool-3-thread-45] tourGuide.service.RewardsService         : nearAttraction called with Buffalo National River
2023-01-20T14:46:40.492+01:00  INFO 5134 --- [ool-3-thread-60] tourGuide.service.RewardsService         : getDistance called
2023-01-20T14:46:40.488+01:00  INFO 5134 --- [ool-3-thread-52] tourGuide.service.RewardsService         : getDistance called
2023-01-20T14:46:40.488+01:00  INFO 5134 --- [ool-3-thread-54] tourGuide.service.RewardsService         : getDistance called
2023-01-20T14:46:40.493+01:00  INFO 5134 --- [ool-3-thread-60] tourGuide.service.RewardsService         : nearAttraction called with McKinley Tower
2023-01-20T14:46:40.488+01:00  INFO 5134 --- [ool-3-thread-47] tourGuide.service.RewardsService         : nearAttraction called with Kartchner Caverns State Park
2023-01-20T14:46:40.493+01:00  INFO 5134 --- [ool-3-thread-54] tourGuide.service.RewardsService         : nearAttraction called with Flatiron Building
2023-01-20T14:46:40.493+01:00  INFO 5134 --- [ool-3-thread-47] tourGuide.service.RewardsService         : getDistance called
2023-01-20T14:46:40.488+01:00  INFO 5134 --- [ool-3-thread-12] tourGuide.service.RewardsService         : nearAttraction called with Legend Valley
2023-01-20T14:46:40.493+01:00  INFO 5134 --- [ool-3-thread-47] tourGuide.service.RewardsService         : nearAttraction called with Neyland Stadium
2023-01-20T14:46:40.488+01:00  INFO 5134 --- [ool-3-thread-53] tourGuide.service.RewardsService         : nearAttraction called with Flowers Bakery of London
2023-01-20T14:46:40.488+01:00  INFO 5134 --- [ool-3-thread-62] tourGuide.service.RewardsService         : getDistance called
2023-01-20T14:46:40.493+01:00  INFO 5134 --- [ool-3-thread-53] tourGuide.service.RewardsService         : getDistance called
2023-01-20T14:46:40.488+01:00  INFO 5134 --- [ool-3-thread-58] tourGuide.service.RewardsService         : nearAttraction called with Flatiron Building
2023-01-20T14:46:40.489+01:00  INFO 5134 --- [ool-3-thread-68] tourGuide.service.RewardsService         : nearAttraction called with Union Station
2023-01-20T14:46:40.489+01:00  INFO 5134 --- [ool-3-thread-49] tourGuide.service.RewardsService         : nearAttraction called with Fallingwater
2023-01-20T14:46:40.493+01:00  INFO 5134 --- [ool-3-thread-68] tourGuide.service.RewardsService         : getDistance called
2023-01-20T14:46:40.489+01:00  INFO 5134 --- [pool-3-thread-8] tourGuide.service.RewardsService         : getDistance called
2023-01-20T14:46:40.489+01:00  INFO 5134 --- [pool-3-thread-5] tourGuide.service.RewardsService         : getDistance called
2023-01-20T14:46:40.489+01:00  INFO 5134 --- [ool-3-thread-69] tourGuide.service.RewardsService         : nearAttraction called with Roger Dean Stadium
2023-01-20T14:46:40.489+01:00  INFO 5134 --- [ool-3-thread-18] tourGuide.service.RewardsService         : nearAttraction called with Texas Memorial Stadium
2023-01-20T14:46:40.493+01:00  INFO 5134 --- [ool-3-thread-69] tourGuide.service.RewardsService         : getDistance called
2023-01-20T14:46:40.489+01:00  INFO 5134 --- [ool-3-thread-66] tourGuide.service.RewardsService         : getDistance called
2023-01-20T14:46:40.489+01:00  INFO 5134 --- [ool-3-thread-17] tourGuide.service.RewardsService         : nearAttraction called with Bryant-Denny Stadium
2023-01-20T14:46:40.489+01:00  INFO 5134 --- [pool-3-thread-3] tourGuide.service.RewardsService         : nearAttraction called with Tiger Stadium
2023-01-20T14:46:40.489+01:00  INFO 5134 --- [pool-3-thread-2] tourGuide.service.RewardsService         : nearAttraction called with Neyland Stadium
2023-01-20T14:46:40.494+01:00  INFO 5134 --- [pool-3-thread-3] tourGuide.service.RewardsService         : getDistance called
2023-01-20T14:46:40.489+01:00  INFO 5134 --- [ool-3-thread-19] tourGuide.service.RewardsService         : nearAttraction called with Kyle Field
2023-01-20T14:46:40.494+01:00  INFO 5134 --- [pool-3-thread-3] tourGuide.service.RewardsService         : nearAttraction called with Franklin Park Zoo
2023-01-20T14:46:40.489+01:00  INFO 5134 --- [ool-3-thread-56] tourGuide.service.RewardsService         : getDistance called
2023-01-20T14:46:40.494+01:00  INFO 5134 --- [pool-3-thread-3] tourGuide.service.RewardsService         : getDistance called
2023-01-20T14:46:40.489+01:00  INFO 5134 --- [ool-3-thread-59] tourGuide.service.RewardsService         : nearAttraction called with San Diego Zoo
2023-01-20T14:46:40.489+01:00  INFO 5134 --- [ool-3-thread-36] tourGuide.service.RewardsService         : nearAttraction called with Zoo Tampa at Lowry Park
2023-01-20T14:46:40.494+01:00  INFO 5134 --- [ool-3-thread-59] tourGuide.service.RewardsService         : getDistance called
2023-01-20T14:46:40.489+01:00  INFO 5134 --- [ool-3-thread-46] tourGuide.service.RewardsService         : nearAttraction called with Franklin Park Zoo
2023-01-20T14:46:40.490+01:00  INFO 5134 --- [ool-3-thread-34] tourGuide.service.RewardsService         : getDistance called
2023-01-20T14:46:40.494+01:00  INFO 5134 --- [ool-3-thread-46] tourGuide.service.RewardsService         : getDistance called
2023-01-20T14:46:40.490+01:00  INFO 5134 --- [pool-3-thread-1] tourGuide.service.RewardsService         : getDistance called
2023-01-20T14:46:40.490+01:00  INFO 5134 --- [ool-3-thread-39] tourGuide.service.RewardsService         : getDistance called
2023-01-20T14:46:40.490+01:00  INFO 5134 --- [ool-3-thread-20] tourGuide.service.RewardsService         : nearAttraction called with Kansas City Zoo
2023-01-20T14:46:40.490+01:00  INFO 5134 --- [ool-3-thread-35] tourGuide.service.RewardsService         : nearAttraction called with Bronx Zoo
2023-01-20T14:46:40.490+01:00  INFO 5134 --- [ool-3-thread-14] tourGuide.service.RewardsService         : nearAttraction called with Cinderella Castle
2023-01-20T14:46:40.494+01:00  INFO 5134 --- [ool-3-thread-35] tourGuide.service.RewardsService         : getDistance called
2023-01-20T14:46:40.494+01:00  INFO 5134 --- [ool-3-thread-14] tourGuide.service.RewardsService         : getDistance called
2023-01-20T14:46:40.490+01:00  INFO 5134 --- [ool-3-thread-70] tourGuide.service.RewardsService         : nearAttraction called with Disneyland
2023-01-20T14:46:40.490+01:00  INFO 5134 --- [ool-3-thread-21] tourGuide.service.RewardsService         : nearAttraction called with Mojave National Preserve
2023-01-20T14:46:40.494+01:00  INFO 5134 --- [ool-3-thread-70] tourGuide.service.RewardsService         : getDistance called
2023-01-20T14:46:40.490+01:00  INFO 5134 --- [ool-3-thread-31] tourGuide.service.RewardsService         : getDistance called
2023-01-20T14:46:40.495+01:00  INFO 5134 --- [ool-3-thread-21] tourGuide.service.RewardsService         : getDistance called
2023-01-20T14:46:40.490+01:00  INFO 5134 --- [ool-3-thread-25] tourGuide.service.RewardsService         : getDistance called
2023-01-20T14:46:40.490+01:00  INFO 5134 --- [ool-3-thread-26] tourGuide.service.RewardsService         : nearAttraction called with Joshua Tree National Park
2023-01-20T14:46:40.490+01:00  INFO 5134 --- [ool-3-thread-10] tourGuide.service.RewardsService         : nearAttraction called with Buffalo National River
2023-01-20T14:46:40.495+01:00  INFO 5134 --- [ool-3-thread-26] tourGuide.service.RewardsService         : getDistance called
2023-01-20T14:46:40.490+01:00  INFO 5134 --- [ool-3-thread-63] tourGuide.service.RewardsService         : nearAttraction called with Disneyland
2023-01-20T14:46:40.490+01:00  INFO 5134 --- [ool-3-thread-13] tourGuide.service.RewardsService         : nearAttraction called with Hot Springs National Park
2023-01-20T14:46:40.495+01:00  INFO 5134 --- [ool-3-thread-63] tourGuide.service.RewardsService         : getDistance called
2023-01-20T14:46:40.490+01:00  INFO 5134 --- [ool-3-thread-61] tourGuide.service.RewardsService         : nearAttraction called with Kartchner Caverns State Park
2023-01-20T14:46:40.490+01:00  INFO 5134 --- [ool-3-thread-30] tourGuide.service.RewardsService         : getDistance called
2023-01-20T14:46:40.495+01:00  INFO 5134 --- [ool-3-thread-61] tourGuide.service.RewardsService         : getDistance called
2023-01-20T14:46:40.491+01:00  INFO 5134 --- [ool-3-thread-43] tourGuide.service.RewardsService         : getDistance called
2023-01-20T14:46:40.491+01:00  INFO 5134 --- [ool-3-thread-41] tourGuide.service.RewardsService         : nearAttraction called with Legend Valley
2023-01-20T14:46:40.491+01:00  INFO 5134 --- [ool-3-thread-40] tourGuide.service.RewardsService         : nearAttraction called with Jackson Hole
2023-01-20T14:46:40.495+01:00  INFO 5134 --- [ool-3-thread-41] tourGuide.service.RewardsService         : getDistance called
2023-01-20T14:46:40.491+01:00  INFO 5134 --- [ool-4-thread-62] tourGuide.service.RewardsService         : Rewards of internalUser37 calculated by calculateRewards
2023-01-20T14:46:40.491+01:00  INFO 5134 --- [pool-3-thread-9] tourGuide.service.RewardsService         : getDistance called
2023-01-20T14:46:40.491+01:00  INFO 5134 --- [ool-3-thread-42] tourGuide.service.RewardsService         : getDistance called
2023-01-20T14:46:40.491+01:00  INFO 5134 --- [ool-3-thread-67] tourGuide.service.RewardsService         : nearAttraction called with Flowers Bakery of London
2023-01-20T14:46:40.491+01:00  INFO 5134 --- [ool-3-thread-38] tourGuide.service.RewardsService         : getDistance called
2023-01-20T14:46:40.491+01:00  INFO 5134 --- [ool-3-thread-22] tourGuide.service.RewardsService         : nearAttraction called with Mojave National Preserve
2023-01-20T14:46:40.491+01:00  INFO 5134 --- [pool-3-thread-6] tourGuide.service.RewardsService         : nearAttraction called with McKinley Tower
2023-01-20T14:46:40.496+01:00  INFO 5134 --- [ool-3-thread-22] tourGuide.service.RewardsService         : getDistance called
2023-01-20T14:46:40.491+01:00  INFO 5134 --- [ool-3-thread-15] tourGuide.service.RewardsService         : nearAttraction called with Joshua Tree National Park
2023-01-20T14:46:40.491+01:00  INFO 5134 --- [ool-3-thread-23] tourGuide.service.RewardsService         : nearAttraction called with Buffalo National River
2023-01-20T14:46:40.496+01:00  INFO 5134 --- [ool-3-thread-15] tourGuide.service.RewardsService         : getDistance called
2023-01-20T14:46:40.491+01:00  INFO 5134 --- [pool-3-thread-7] tourGuide.service.RewardsService         : getDistance called
2023-01-20T14:46:40.491+01:00  INFO 5134 --- [ool-3-thread-64] tourGuide.service.RewardsService         : getDistance called
2023-01-20T14:46:40.491+01:00  INFO 5134 --- [ool-3-thread-50] tourGuide.service.RewardsService         : nearAttraction called with Fallingwater
2023-01-20T14:46:40.491+01:00  INFO 5134 --- [ool-4-thread-69] tourGuide.service.RewardsService         : Rewards of internalUser32 calculated by calculateRewards
2023-01-20T14:46:40.491+01:00  INFO 5134 --- [ool-3-thread-24] tourGuide.service.RewardsService         : nearAttraction called with Hot Springs National Park
2023-01-20T14:46:40.492+01:00  INFO 5134 --- [ool-3-thread-28] tourGuide.service.RewardsService         : getDistance called
2023-01-20T14:46:40.496+01:00  INFO 5134 --- [ool-3-thread-24] tourGuide.service.RewardsService         : getDistance called
2023-01-20T14:46:40.492+01:00  INFO 5134 --- [ool-3-thread-33] tourGuide.service.RewardsService         : nearAttraction called with Union Station
2023-01-20T14:46:40.496+01:00  INFO 5134 --- [ool-3-thread-24] tourGuide.service.RewardsService         : nearAttraction called with Union Station
2023-01-20T14:46:40.496+01:00  INFO 5134 --- [ool-3-thread-33] tourGuide.service.RewardsService         : getDistance called
2023-01-20T14:46:40.492+01:00  INFO 5134 --- [ool-3-thread-65] tourGuide.service.RewardsService         : getDistance called
2023-01-20T14:46:40.496+01:00  INFO 5134 --- [ool-3-thread-33] tourGuide.service.RewardsService         : nearAttraction called with Roger Dean Stadium
2023-01-20T14:46:40.492+01:00  INFO 5134 --- [ool-3-thread-27] tourGuide.service.RewardsService         : getDistance called
2023-01-20T14:46:40.492+01:00  INFO 5134 --- [ool-3-thread-29] tourGuide.service.RewardsService         : nearAttraction called with Kartchner Caverns State Park
2023-01-20T14:46:40.492+01:00  INFO 5134 --- [ool-3-thread-32] tourGuide.service.RewardsService         : getDistance called
2023-01-20T14:46:40.497+01:00  INFO 5134 --- [ool-3-thread-27] tourGuide.service.RewardsService         : nearAttraction called with Bryant-Denny Stadium
2023-01-20T14:46:40.492+01:00  INFO 5134 --- [pool-3-thread-4] tourGuide.service.RewardsService         : nearAttraction called with Roger Dean Stadium
2023-01-20T14:46:40.497+01:00  INFO 5134 --- [ool-3-thread-27] tourGuide.service.RewardsService         : getDistance called
2023-01-20T14:46:40.492+01:00  INFO 5134 --- [ool-3-thread-57] tourGuide.service.RewardsService         : getDistance called
2023-01-20T14:46:40.492+01:00  INFO 5134 --- [ool-3-thread-48] tourGuide.service.RewardsService         : nearAttraction called with Legend Valley
2023-01-20T14:46:40.492+01:00  INFO 5134 --- [ool-3-thread-11] tourGuide.service.RewardsService         : getDistance called
2023-01-20T14:46:40.492+01:00  INFO 5134 --- [ool-3-thread-16] tourGuide.service.RewardsService         : getDistance called
2023-01-20T14:46:40.492+01:00  INFO 5134 --- [ool-3-thread-55] tourGuide.service.RewardsService         : nearAttraction called with Texas Memorial Stadium
2023-01-20T14:46:40.497+01:00  INFO 5134 --- [ool-4-thread-40] tourGuide.service.RewardsService         : Rewards of internalUser98 calculated by calculateRewards
2023-01-20T14:46:40.492+01:00  INFO 5134 --- [ool-3-thread-37] tourGuide.service.RewardsService         : getDistance called
2023-01-20T14:46:40.492+01:00  INFO 5134 --- [ool-3-thread-51] tourGuide.service.RewardsService         : nearAttraction called with Flowers Bakery of London
2023-01-20T14:46:40.492+01:00  INFO 5134 --- [ool-3-thread-44] tourGuide.service.RewardsService         : nearAttraction called with Bryant-Denny Stadium
2023-01-20T14:46:40.497+01:00  INFO 5134 --- [ool-3-thread-51] tourGuide.service.RewardsService         : getDistance called
2023-01-20T14:46:40.492+01:00  INFO 5134 --- [ool-3-thread-45] tourGuide.service.RewardsService         : getDistance called
2023-01-20T14:46:40.497+01:00  INFO 5134 --- [ool-3-thread-51] tourGuide.service.RewardsService         : nearAttraction called with El Paso Zoo
2023-01-20T14:46:40.493+01:00  INFO 5134 --- [ool-3-thread-52] tourGuide.service.RewardsService         : nearAttraction called with Tiger Stadium
2023-01-20T14:46:40.497+01:00  INFO 5134 --- [ool-3-thread-51] tourGuide.service.RewardsService         : getDistance called
2023-01-20T14:46:40.493+01:00  INFO 5134 --- [ool-3-thread-60] tourGuide.service.RewardsService         : getDistance called
2023-01-20T14:46:40.493+01:00  INFO 5134 --- [ool-3-thread-54] tourGuide.service.RewardsService         : getDistance called
2023-01-20T14:46:40.498+01:00  INFO 5134 --- [ool-3-thread-51] tourGuide.service.RewardsService         : nearAttraction called with Bronx Zoo
2023-01-20T14:46:40.493+01:00  INFO 5134 --- [ool-3-thread-12] tourGuide.service.RewardsService         : getDistance called
2023-01-20T14:46:40.493+01:00  INFO 5134 --- [ool-3-thread-47] tourGuide.service.RewardsService         : getDistance called
2023-01-20T14:46:40.493+01:00  INFO 5134 --- [ool-3-thread-62] tourGuide.service.RewardsService         : nearAttraction called with Fallingwater
2023-01-20T14:46:40.498+01:00  INFO 5134 --- [ool-3-thread-47] tourGuide.service.RewardsService         : nearAttraction called with Mojave National Preserve
2023-01-20T14:46:40.498+01:00  INFO 5134 --- [ool-3-thread-62] tourGuide.service.RewardsService         : getDistance called
2023-01-20T14:46:40.493+01:00  INFO 5134 --- [ool-3-thread-53] tourGuide.service.RewardsService         : nearAttraction called with Kyle Field
2023-01-20T14:46:40.493+01:00  INFO 5134 --- [ool-3-thread-58] tourGuide.service.RewardsService         : getDistance called
2023-01-20T14:46:40.498+01:00  INFO 5134 --- [ool-3-thread-53] tourGuide.service.RewardsService         : getDistance called
2023-01-20T14:46:40.493+01:00  INFO 5134 --- [ool-3-thread-49] tourGuide.service.RewardsService         : getDistance called
2023-01-20T14:46:40.498+01:00  INFO 5134 --- [ool-3-thread-53] tourGuide.service.RewardsService         : nearAttraction called with Disneyland
2023-01-20T14:46:40.493+01:00  INFO 5134 --- [ool-3-thread-68] tourGuide.service.RewardsService         : nearAttraction called with Union Station
2023-01-20T14:46:40.493+01:00  INFO 5134 --- [pool-3-thread-8] tourGuide.service.RewardsService         : nearAttraction called with San Diego Zoo
2023-01-20T14:46:40.498+01:00  INFO 5134 --- [ool-3-thread-68] tourGuide.service.RewardsService         : getDistance called
2023-01-20T14:46:40.493+01:00  INFO 5134 --- [pool-3-thread-5] tourGuide.service.RewardsService         : nearAttraction called with Roger Dean Stadium
2023-01-20T14:46:40.493+01:00  INFO 5134 --- [ool-3-thread-18] tourGuide.service.RewardsService         : getDistance called
2023-01-20T14:46:40.498+01:00  INFO 5134 --- [ool-3-thread-68] tourGuide.service.RewardsService         : nearAttraction called with Jackson Hole
2023-01-20T14:46:40.493+01:00  INFO 5134 --- [ool-3-thread-69] tourGuide.service.RewardsService         : nearAttraction called with Zoo Tampa at Lowry Park
2023-01-20T14:46:40.493+01:00  INFO 5134 --- [ool-3-thread-66] tourGuide.service.RewardsService         : nearAttraction called with Texas Memorial Stadium
2023-01-20T14:46:40.494+01:00  INFO 5134 --- [ool-3-thread-17] tourGuide.service.RewardsService         : getDistance called
2023-01-20T14:46:40.494+01:00  INFO 5134 --- [pool-3-thread-2] tourGuide.service.RewardsService         : getDistance called
2023-01-20T14:46:40.494+01:00  INFO 5134 --- [ool-3-thread-19] tourGuide.service.RewardsService         : getDistance called
2023-01-20T14:46:40.494+01:00  INFO 5134 --- [ool-3-thread-56] tourGuide.service.RewardsService         : nearAttraction called with Bryant-Denny Stadium
2023-01-20T14:46:40.494+01:00  INFO 5134 --- [pool-3-thread-3] tourGuide.service.RewardsService         : nearAttraction called with El Paso Zoo
2023-01-20T14:46:40.494+01:00  INFO 5134 --- [ool-3-thread-36] tourGuide.service.RewardsService         : getDistance called
2023-01-20T14:46:40.494+01:00  INFO 5134 --- [ool-3-thread-59] tourGuide.service.RewardsService         : nearAttraction called with Tiger Stadium
2023-01-20T14:46:40.494+01:00  INFO 5134 --- [ool-3-thread-34] tourGuide.service.RewardsService         : nearAttraction called with Kansas City Zoo
2023-01-20T14:46:40.499+01:00  INFO 5134 --- [ool-3-thread-59] tourGuide.service.RewardsService         : getDistance called
2023-01-20T14:46:40.494+01:00  INFO 5134 --- [ool-3-thread-46] tourGuide.service.RewardsService         : nearAttraction called with Neyland Stadium
2023-01-20T14:46:40.494+01:00  INFO 5134 --- [pool-3-thread-1] tourGuide.service.RewardsService         : nearAttraction called with Bronx Zoo
2023-01-20T14:46:40.499+01:00  INFO 5134 --- [ool-3-thread-46] tourGuide.service.RewardsService         : getDistance called
2023-01-20T14:46:40.494+01:00  INFO 5134 --- [ool-3-thread-39] tourGuide.service.RewardsService         : nearAttraction called with Kyle Field
2023-01-20T14:46:40.499+01:00  INFO 5134 --- [ool-3-thread-46] tourGuide.service.RewardsService         : nearAttraction called with McKinley Tower
2023-01-20T14:46:40.494+01:00  INFO 5134 --- [ool-3-thread-20] tourGuide.service.RewardsService         : getDistance called
2023-01-20T14:46:40.499+01:00  INFO 5134 --- [ool-3-thread-46] tourGuide.service.RewardsService         : getDistance called
2023-01-20T14:46:40.494+01:00  INFO 5134 --- [ool-3-thread-35] tourGuide.service.RewardsService         : nearAttraction called with Cinderella Castle
2023-01-20T14:46:40.494+01:00  INFO 5134 --- [ool-3-thread-14] tourGuide.service.RewardsService         : nearAttraction called with San Diego Zoo
2023-01-20T14:46:40.499+01:00  INFO 5134 --- [ool-3-thread-35] tourGuide.service.RewardsService         : getDistance called
2023-01-20T14:46:40.495+01:00  INFO 5134 --- [ool-3-thread-70] tourGuide.service.RewardsService         : nearAttraction called with Zoo Tampa at Lowry Park
2023-01-20T14:46:40.495+01:00  INFO 5134 --- [ool-3-thread-31] tourGuide.service.RewardsService         : nearAttraction called with Franklin Park Zoo
2023-01-20T14:46:40.495+01:00  INFO 5134 --- [ool-3-thread-21] tourGuide.service.RewardsService         : nearAttraction called with El Paso Zoo
2023-01-20T14:46:40.500+01:00  INFO 5134 --- [ool-3-thread-31] tourGuide.service.RewardsService         : getDistance called
2023-01-20T14:46:40.495+01:00  INFO 5134 --- [ool-3-thread-25] tourGuide.service.RewardsService         : nearAttraction called with Kansas City Zoo
2023-01-20T14:46:40.495+01:00  INFO 5134 --- [ool-3-thread-10] tourGuide.service.RewardsService         : getDistance called
2023-01-20T14:46:40.500+01:00  INFO 5134 --- [ool-3-thread-25] tourGuide.service.RewardsService         : getDistance called
2023-01-20T14:46:40.495+01:00  INFO 5134 --- [ool-3-thread-26] tourGuide.service.RewardsService         : nearAttraction called with Bronx Zoo
2023-01-20T14:46:40.495+01:00  INFO 5134 --- [ool-3-thread-13] tourGuide.service.RewardsService         : getDistance called
2023-01-20T14:46:40.495+01:00  INFO 5134 --- [ool-3-thread-63] tourGuide.service.RewardsService         : nearAttraction called with Cinderella Castle
2023-01-20T14:46:40.500+01:00  INFO 5134 --- [ool-3-thread-13] tourGuide.service.RewardsService         : nearAttraction called with Legend Valley
2023-01-20T14:46:40.495+01:00  INFO 5134 --- [ool-3-thread-30] tourGuide.service.RewardsService         : nearAttraction called with Disneyland
2023-01-20T14:46:40.500+01:00  INFO 5134 --- [ool-3-thread-13] tourGuide.service.RewardsService         : getDistance called
2023-01-20T14:46:40.495+01:00  INFO 5134 --- [ool-3-thread-61] tourGuide.service.RewardsService         : nearAttraction called with Jackson Hole
2023-01-20T14:46:40.495+01:00  INFO 5134 --- [ool-3-thread-43] tourGuide.service.RewardsService         : nearAttraction called with Mojave National Preserve
2023-01-20T14:46:40.500+01:00  INFO 5134 --- [ool-3-thread-61] tourGuide.service.RewardsService         : getDistance called
2023-01-20T14:46:40.495+01:00  INFO 5134 --- [ool-3-thread-40] tourGuide.service.RewardsService         : getDistance called
2023-01-20T14:46:40.495+01:00  INFO 5134 --- [ool-3-thread-41] tourGuide.service.RewardsService         : nearAttraction called with Joshua Tree National Park
2023-01-20T14:46:40.495+01:00  INFO 5134 --- [pool-3-thread-9] tourGuide.service.RewardsService         : nearAttraction called with Buffalo National River
2023-01-20T14:46:40.500+01:00  INFO 5134 --- [ool-3-thread-41] tourGuide.service.RewardsService         : getDistance called
2023-01-20T14:46:40.496+01:00  INFO 5134 --- [ool-3-thread-42] tourGuide.service.RewardsService         : nearAttraction called with Hot Springs National Park
2023-01-20T14:46:40.496+01:00  INFO 5134 --- [ool-3-thread-67] tourGuide.service.RewardsService         : getDistance called
2023-01-20T14:46:40.496+01:00  INFO 5134 --- [ool-3-thread-38] tourGuide.service.RewardsService         : nearAttraction called with Kartchner Caverns State Park
2023-01-20T14:46:40.496+01:00  INFO 5134 --- [pool-3-thread-6] tourGuide.service.RewardsService         : getDistance called
2023-01-20T14:46:40.501+01:00  INFO 5134 --- [ool-3-thread-67] tourGuide.service.RewardsService         : nearAttraction called with McKinley Tower
2023-01-20T14:46:40.501+01:00  INFO 5134 --- [ool-3-thread-38] tourGuide.service.RewardsService         : getDistance called
2023-01-20T14:46:40.501+01:00  INFO 5134 --- [pool-3-thread-6] tourGuide.service.RewardsService         : nearAttraction called with Neyland Stadium
2023-01-20T14:46:40.496+01:00  INFO 5134 --- [ool-3-thread-22] tourGuide.service.RewardsService         : nearAttraction called with Legend Valley
2023-01-20T14:46:40.501+01:00  INFO 5134 --- [pool-3-thread-6] tourGuide.service.RewardsService         : getDistance called
2023-01-20T14:46:40.496+01:00  INFO 5134 --- [ool-3-thread-23] tourGuide.service.RewardsService         : getDistance called
2023-01-20T14:46:40.501+01:00  INFO 5134 --- [pool-3-thread-6] tourGuide.service.RewardsService         : nearAttraction called with Kyle Field
2023-01-20T14:46:40.496+01:00  INFO 5134 --- [ool-3-thread-15] tourGuide.service.RewardsService         : nearAttraction called with Flowers Bakery of London
2023-01-20T14:46:40.501+01:00  INFO 5134 --- [pool-3-thread-6] tourGuide.service.RewardsService         : getDistance called
2023-01-20T14:46:40.496+01:00  INFO 5134 --- [pool-3-thread-7] tourGuide.service.RewardsService         : nearAttraction called with McKinley Tower
2023-01-20T14:46:40.496+01:00  INFO 5134 --- [ool-3-thread-64] tourGuide.service.RewardsService         : nearAttraction called with Flatiron Building
2023-01-20T14:46:40.501+01:00  INFO 5134 --- [pool-3-thread-7] tourGuide.service.RewardsService         : getDistance called
2023-01-20T14:46:40.496+01:00  INFO 5134 --- [ool-3-thread-50] tourGuide.service.RewardsService         : getDistance called
2023-01-20T14:46:40.496+01:00  INFO 5134 --- [ool-3-thread-28] tourGuide.service.RewardsService         : nearAttraction called with Fallingwater
2023-01-20T14:46:40.496+01:00  INFO 5134 --- [ool-3-thread-24] tourGuide.service.RewardsService         : getDistance called
2023-01-20T14:46:40.501+01:00  INFO 5134 --- [ool-3-thread-28] tourGuide.service.RewardsService         : getDistance called
2023-01-20T14:46:40.496+01:00  INFO 5134 --- [ool-3-thread-65] tourGuide.service.RewardsService         : nearAttraction called with Texas Memorial Stadium
2023-01-20T14:46:40.496+01:00  INFO 5134 --- [ool-3-thread-33] tourGuide.service.RewardsService         : getDistance called
2023-01-20T14:46:40.501+01:00  INFO 5134 --- [ool-3-thread-65] tourGuide.service.RewardsService         : getDistance called
2023-01-20T14:46:40.497+01:00  INFO 5134 --- [ool-3-thread-29] tourGuide.service.RewardsService         : getDistance called
2023-01-20T14:46:40.497+01:00  INFO 5134 --- [ool-3-thread-32] tourGuide.service.RewardsService         : nearAttraction called with Tiger Stadium
2023-01-20T14:46:40.497+01:00  INFO 5134 --- [pool-3-thread-4] tourGuide.service.RewardsService         : getDistance called
2023-01-20T14:46:40.497+01:00  INFO 5134 --- [ool-3-thread-27] tourGuide.service.RewardsService         : nearAttraction called with Neyland Stadium
2023-01-20T14:46:40.497+01:00  INFO 5134 --- [ool-3-thread-57] tourGuide.service.RewardsService         : nearAttraction called with Kyle Field
2023-01-20T14:46:40.502+01:00  INFO 5134 --- [ool-3-thread-27] tourGuide.service.RewardsService         : getDistance called
2023-01-20T14:46:40.497+01:00  INFO 5134 --- [ool-3-thread-48] tourGuide.service.RewardsService         : getDistance called
2023-01-20T14:46:40.497+01:00  INFO 5134 --- [ool-3-thread-11] tourGuide.service.RewardsService         : nearAttraction called with San Diego Zoo
2023-01-20T14:46:40.497+01:00  INFO 5134 --- [ool-3-thread-55] tourGuide.service.RewardsService         : getDistance called
2023-01-20T14:46:40.502+01:00  INFO 5134 --- [ool-3-thread-11] tourGuide.service.RewardsService         : getDistance called
2023-01-20T14:46:40.497+01:00  INFO 5134 --- [ool-3-thread-16] tourGuide.service.RewardsService         : nearAttraction called with Zoo Tampa at Lowry Park
2023-01-20T14:46:40.497+01:00  INFO 5134 --- [ool-4-thread-63] tourGuide.service.RewardsService         : Rewards of internalUser39 calculated by calculateRewards
2023-01-20T14:46:40.497+01:00  INFO 5134 --- [ool-3-thread-37] tourGuide.service.RewardsService         : nearAttraction called with Franklin Park Zoo
2023-01-20T14:46:40.497+01:00  INFO 5134 --- [ool-3-thread-44] tourGuide.service.RewardsService         : getDistance called
2023-01-20T14:46:40.502+01:00  INFO 5134 --- [ool-3-thread-37] tourGuide.service.RewardsService         : getDistance called
2023-01-20T14:46:40.497+01:00  INFO 5134 --- [ool-3-thread-45] tourGuide.service.RewardsService         : nearAttraction called with Kansas City Zoo
2023-01-20T14:46:40.497+01:00  INFO 5134 --- [ool-3-thread-52] tourGuide.service.RewardsService         : getDistance called
2023-01-20T14:46:40.502+01:00  INFO 5134 --- [ool-3-thread-45] tourGuide.service.RewardsService         : getDistance called
2023-01-20T14:46:40.498+01:00  INFO 5134 --- [ool-3-thread-60] tourGuide.service.RewardsService         : nearAttraction called with Cinderella Castle
2023-01-20T14:46:40.498+01:00  INFO 5134 --- [ool-3-thread-54] tourGuide.service.RewardsService         : nearAttraction called with Disneyland
2023-01-20T14:46:40.502+01:00  INFO 5134 --- [ool-3-thread-60] tourGuide.service.RewardsService         : getDistance called
2023-01-20T14:46:40.498+01:00  INFO 5134 --- [ool-3-thread-51] tourGuide.service.RewardsService         : getDistance called
2023-01-20T14:46:40.502+01:00  INFO 5134 --- [ool-3-thread-60] tourGuide.service.RewardsService         : nearAttraction called with El Paso Zoo
2023-01-20T14:46:40.498+01:00  INFO 5134 --- [ool-3-thread-12] tourGuide.service.RewardsService         : nearAttraction called with Jackson Hole
2023-01-20T14:46:40.498+01:00  INFO 5134 --- [ool-3-thread-47] tourGuide.service.RewardsService         : getDistance called
2023-01-20T14:46:40.503+01:00  INFO 5134 --- [ool-3-thread-12] tourGuide.service.RewardsService         : getDistance called
2023-01-20T14:46:40.498+01:00  INFO 5134 --- [ool-3-thread-62] tourGuide.service.RewardsService         : nearAttraction called with Joshua Tree National Park
2023-01-20T14:46:40.498+01:00  INFO 5134 --- [ool-3-thread-58] tourGuide.service.RewardsService         : nearAttraction called with Buffalo National River
2023-01-20T14:46:40.503+01:00  INFO 5134 --- [ool-3-thread-62] tourGuide.service.RewardsService         : getDistance called
2023-01-20T14:46:40.503+01:00  INFO 5134 --- [ool-3-thread-58] tourGuide.service.RewardsService         : getDistance called
2023-01-20T14:46:40.498+01:00  INFO 5134 --- [ool-3-thread-49] tourGuide.service.RewardsService         : nearAttraction called with Hot Springs National Park
2023-01-20T14:46:40.498+01:00  INFO 5134 --- [ool-3-thread-53] tourGuide.service.RewardsService         : getDistance called
2023-01-20T14:46:40.503+01:00  INFO 5134 --- [ool-3-thread-49] tourGuide.service.RewardsService         : getDistance called
2023-01-20T14:46:40.498+01:00  INFO 5134 --- [pool-3-thread-8] tourGuide.service.RewardsService         : getDistance called
2023-01-20T14:46:40.503+01:00  INFO 5134 --- [ool-3-thread-53] tourGuide.service.RewardsService         : nearAttraction called with Mojave National Preserve
2023-01-20T14:46:40.498+01:00  INFO 5134 --- [pool-3-thread-5] tourGuide.service.RewardsService         : getDistance called
2023-01-20T14:46:40.499+01:00  INFO 5134 --- [ool-3-thread-68] tourGuide.service.RewardsService         : getDistance called
2023-01-20T14:46:40.499+01:00  INFO 5134 --- [ool-3-thread-18] tourGuide.service.RewardsService         : nearAttraction called with Kartchner Caverns State Park
2023-01-20T14:46:40.499+01:00  INFO 5134 --- [ool-3-thread-69] tourGuide.service.RewardsService         : getDistance called
2023-01-20T14:46:40.499+01:00  INFO 5134 --- [ool-3-thread-66] tourGuide.service.RewardsService         : getDistance called
2023-01-20T14:46:40.499+01:00  INFO 5134 --- [ool-3-thread-17] tourGuide.service.RewardsService         : nearAttraction called with Mojave National Preserve
2023-01-20T14:46:40.499+01:00  INFO 5134 --- [pool-3-thread-2] tourGuide.service.RewardsService         : nearAttraction called with Legend Valley
2023-01-20T14:46:40.503+01:00  INFO 5134 --- [ool-3-thread-17] tourGuide.service.RewardsService         : getDistance called
2023-01-20T14:46:40.499+01:00  INFO 5134 --- [ool-3-thread-19] tourGuide.service.RewardsService         : nearAttraction called with Joshua Tree National Park
2023-01-20T14:46:40.499+01:00  INFO 5134 --- [ool-3-thread-56] tourGuide.service.RewardsService         : getDistance called
2023-01-20T14:46:40.504+01:00  INFO 5134 --- [ool-3-thread-17] tourGuide.service.RewardsService         : nearAttraction called with McKinley Tower
2023-01-20T14:46:40.499+01:00  INFO 5134 --- [pool-3-thread-3] tourGuide.service.RewardsService         : getDistance called
2023-01-20T14:46:40.504+01:00  INFO 5134 --- [ool-3-thread-17] tourGuide.service.RewardsService         : getDistance called
2023-01-20T14:46:40.499+01:00  INFO 5134 --- [ool-3-thread-36] tourGuide.service.RewardsService         : nearAttraction called with Flowers Bakery of London
2023-01-20T14:46:40.499+01:00  INFO 5134 --- [ool-3-thread-34] tourGuide.service.RewardsService         : getDistance called
2023-01-20T14:46:40.504+01:00  INFO 5134 --- [ool-3-thread-36] tourGuide.service.RewardsService         : getDistance called
2023-01-20T14:46:40.499+01:00  INFO 5134 --- [ool-3-thread-59] tourGuide.service.RewardsService         : nearAttraction called with Buffalo National River
2023-01-20T14:46:40.499+01:00  INFO 5134 --- [pool-3-thread-1] tourGuide.service.RewardsService         : getDistance called
2023-01-20T14:46:40.504+01:00  INFO 5134 --- [ool-3-thread-59] tourGuide.service.RewardsService         : getDistance called
2023-01-20T14:46:40.499+01:00  INFO 5134 --- [ool-3-thread-39] tourGuide.service.RewardsService         : getDistance called
2023-01-20T14:46:40.504+01:00  INFO 5134 --- [pool-3-thread-1] tourGuide.service.RewardsService         : nearAttraction called with Bryant-Denny Stadium
2023-01-20T14:46:40.499+01:00  INFO 5134 --- [ool-3-thread-20] tourGuide.service.RewardsService         : nearAttraction called with Hot Springs National Park
2023-01-20T14:46:40.504+01:00  INFO 5134 --- [pool-3-thread-1] tourGuide.service.RewardsService         : getDistance called
2023-01-20T14:46:40.499+01:00  INFO 5134 --- [ool-3-thread-46] tourGuide.service.RewardsService         : nearAttraction called with Flatiron Building
2023-01-20T14:46:40.499+01:00  INFO 5134 --- [ool-4-thread-55] tourGuide.service.RewardsService         : Rewards of internalUser23 calculated by calculateRewards
2023-01-20T14:46:40.499+01:00  INFO 5134 --- [ool-3-thread-14] tourGuide.service.RewardsService         : getDistance called
2023-01-20T14:46:40.500+01:00  INFO 5134 --- [ool-3-thread-35] tourGuide.service.RewardsService         : nearAttraction called with Kartchner Caverns State Park
2023-01-20T14:46:40.500+01:00  INFO 5134 --- [ool-3-thread-70] tourGuide.service.RewardsService         : getDistance called
2023-01-20T14:46:40.504+01:00  INFO 5134 --- [ool-3-thread-35] tourGuide.service.RewardsService         : getDistance called
2023-01-20T14:46:40.500+01:00  INFO 5134 --- [ool-3-thread-21] tourGuide.service.RewardsService         : getDistance called
2023-01-20T14:46:40.500+01:00  INFO 5134 --- [ool-3-thread-31] tourGuide.service.RewardsService         : nearAttraction called with Fallingwater
2023-01-20T14:46:40.505+01:00  INFO 5134 --- [ool-3-thread-35] tourGuide.service.RewardsService         : nearAttraction called with Franklin Park Zoo
2023-01-20T14:46:40.500+01:00  INFO 5134 --- [ool-3-thread-10] tourGuide.service.RewardsService         : nearAttraction called with Union Station
2023-01-20T14:46:40.500+01:00  INFO 5134 --- [ool-3-thread-25] tourGuide.service.RewardsService         : nearAttraction called with Roger Dean Stadium
2023-01-20T14:46:40.505+01:00  INFO 5134 --- [ool-3-thread-10] tourGuide.service.RewardsService         : getDistance called
2023-01-20T14:46:40.500+01:00  INFO 5134 --- [ool-3-thread-26] tourGuide.service.RewardsService         : getDistance called
2023-01-20T14:46:40.500+01:00  INFO 5134 --- [ool-3-thread-63] tourGuide.service.RewardsService         : getDistance called
2023-01-20T14:46:40.500+01:00  INFO 5134 --- [ool-3-thread-30] tourGuide.service.RewardsService         : getDistance called
2023-01-20T14:46:40.500+01:00  INFO 5134 --- [ool-3-thread-13] tourGuide.service.RewardsService         : nearAttraction called with Texas Memorial Stadium
2023-01-20T14:46:40.505+01:00  INFO 5134 --- [ool-4-thread-46] tourGuide.service.RewardsService         : Rewards of internalUser91 calculated by calculateRewards
2023-01-20T14:46:40.500+01:00  INFO 5134 --- [ool-3-thread-43] tourGuide.service.RewardsService         : getDistance called
2023-01-20T14:46:40.500+01:00  INFO 5134 --- [ool-3-thread-61] tourGuide.service.RewardsService         : nearAttraction called with Bryant-Denny Stadium
2023-01-20T14:46:40.500+01:00  INFO 5134 --- [ool-3-thread-40] tourGuide.service.RewardsService         : nearAttraction called with Flowers Bakery of London
2023-01-20T14:46:40.500+01:00  INFO 5134 --- [pool-3-thread-9] tourGuide.service.RewardsService         : getDistance called
2023-01-20T14:46:40.505+01:00  INFO 5134 --- [ool-3-thread-40] tourGuide.service.RewardsService         : getDistance called
2023-01-20T14:46:40.500+01:00  INFO 5134 --- [ool-3-thread-41] tourGuide.service.RewardsService         : nearAttraction called with Tiger Stadium
2023-01-20T14:46:40.500+01:00  INFO 5134 --- [ool-3-thread-42] tourGuide.service.RewardsService         : getDistance called
2023-01-20T14:46:40.501+01:00  INFO 5134 --- [ool-3-thread-67] tourGuide.service.RewardsService         : getDistance called
2023-01-20T14:46:40.501+01:00  INFO 5134 --- [ool-3-thread-38] tourGuide.service.RewardsService         : nearAttraction called with Flatiron Building
2023-01-20T14:46:40.501+01:00  INFO 5134 --- [ool-3-thread-22] tourGuide.service.RewardsService         : getDistance called
2023-01-20T14:46:40.506+01:00  INFO 5134 --- [ool-3-thread-38] tourGuide.service.RewardsService         : getDistance called
2023-01-20T14:46:40.501+01:00  INFO 5134 --- [ool-3-thread-23] tourGuide.service.RewardsService         : nearAttraction called with Fallingwater
2023-01-20T14:46:40.501+01:00  INFO 5134 --- [ool-3-thread-15] tourGuide.service.RewardsService         : getDistance called
2023-01-20T14:46:40.506+01:00  INFO 5134 --- [ool-3-thread-23] tourGuide.service.RewardsService         : getDistance called
2023-01-20T14:46:40.501+01:00  INFO 5134 --- [pool-3-thread-6] tourGuide.service.RewardsService         : nearAttraction called with San Diego Zoo
2023-01-20T14:46:40.501+01:00  INFO 5134 --- [ool-3-thread-64] tourGuide.service.RewardsService         : getDistance called
2023-01-20T14:46:40.506+01:00  INFO 5134 --- [pool-3-thread-6] tourGuide.service.RewardsService         : getDistance called
2023-01-20T14:46:40.501+01:00  INFO 5134 --- [pool-3-thread-7] tourGuide.service.RewardsService         : nearAttraction called with Union Station
2023-01-20T14:46:40.501+01:00  INFO 5134 --- [ool-3-thread-50] tourGuide.service.RewardsService         : nearAttraction called with Zoo Tampa at Lowry Park
2023-01-20T14:46:40.506+01:00  INFO 5134 --- [pool-3-thread-7] tourGuide.service.RewardsService         : getDistance called
2023-01-20T14:46:40.506+01:00  INFO 5134 --- [ool-3-thread-50] tourGuide.service.RewardsService         : getDistance called
2023-01-20T14:46:40.501+01:00  INFO 5134 --- [ool-3-thread-24] tourGuide.service.RewardsService         : nearAttraction called with Roger Dean Stadium
2023-01-20T14:46:40.501+01:00  INFO 5134 --- [ool-3-thread-28] tourGuide.service.RewardsService         : nearAttraction called with Franklin Park Zoo
2023-01-20T14:46:40.506+01:00  INFO 5134 --- [ool-3-thread-24] tourGuide.service.RewardsService         : getDistance called
2023-01-20T14:46:40.506+01:00  INFO 5134 --- [ool-3-thread-28] tourGuide.service.RewardsService         : getDistance called
2023-01-20T14:46:40.501+01:00  INFO 5134 --- [ool-3-thread-33] tourGuide.service.RewardsService         : nearAttraction called with Texas Memorial Stadium
2023-01-20T14:46:40.501+01:00  INFO 5134 --- [ool-3-thread-65] tourGuide.service.RewardsService         : nearAttraction called with El Paso Zoo
2023-01-20T14:46:40.506+01:00  INFO 5134 --- [ool-3-thread-33] tourGuide.service.RewardsService         : getDistance called
2023-01-20T14:46:40.501+01:00  INFO 5134 --- [ool-3-thread-29] tourGuide.service.RewardsService         : nearAttraction called with Bryant-Denny Stadium
2023-01-20T14:46:40.502+01:00  INFO 5134 --- [ool-3-thread-32] tourGuide.service.RewardsService         : getDistance called
2023-01-20T14:46:40.506+01:00  INFO 5134 --- [ool-3-thread-29] tourGuide.service.RewardsService         : getDistance called
2023-01-20T14:46:40.502+01:00  INFO 5134 --- [pool-3-thread-4] tourGuide.service.RewardsService         : nearAttraction called with Kansas City Zoo
2023-01-20T14:46:40.502+01:00  INFO 5134 --- [ool-3-thread-57] tourGuide.service.RewardsService         : getDistance called
2023-01-20T14:46:40.507+01:00  INFO 5134 --- [pool-3-thread-4] tourGuide.service.RewardsService         : getDistance called
2023-01-20T14:46:40.502+01:00  INFO 5134 --- [ool-3-thread-27] tourGuide.service.RewardsService         : nearAttraction called with Tiger Stadium
2023-01-20T14:46:40.507+01:00  INFO 5134 --- [pool-3-thread-4] tourGuide.service.RewardsService         : nearAttraction called with Zoo Tampa at Lowry Park
2023-01-20T14:46:40.502+01:00  INFO 5134 --- [ool-3-thread-48] tourGuide.service.RewardsService         : nearAttraction called with Bronx Zoo
2023-01-20T14:46:40.502+01:00  INFO 5134 --- [ool-3-thread-55] tourGuide.service.RewardsService         : nearAttraction called with Cinderella Castle
2023-01-20T14:46:40.507+01:00  INFO 5134 --- [ool-3-thread-48] tourGuide.service.RewardsService         : getDistance called
2023-01-20T14:46:40.507+01:00  INFO 5134 --- [ool-3-thread-55] tourGuide.service.RewardsService         : getDistance called
2023-01-20T14:46:40.502+01:00  INFO 5134 --- [ool-3-thread-11] tourGuide.service.RewardsService         : nearAttraction called with Neyland Stadium
2023-01-20T14:46:40.502+01:00  INFO 5134 --- [ool-3-thread-16] tourGuide.service.RewardsService         : getDistance called
2023-01-20T14:46:40.507+01:00  INFO 5134 --- [ool-3-thread-11] tourGuide.service.RewardsService         : getDistance called
2023-01-20T14:46:40.502+01:00  INFO 5134 --- [ool-3-thread-44] tourGuide.service.RewardsService         : nearAttraction called with Kyle Field
2023-01-20T14:46:40.502+01:00  INFO 5134 --- [ool-3-thread-37] tourGuide.service.RewardsService         : nearAttraction called with San Diego Zoo
2023-01-20T14:46:40.502+01:00  INFO 5134 --- [ool-3-thread-52] tourGuide.service.RewardsService         : nearAttraction called with Zoo Tampa at Lowry Park
2023-01-20T14:46:40.507+01:00  INFO 5134 --- [ool-3-thread-37] tourGuide.service.RewardsService         : getDistance called
2023-01-20T14:46:40.502+01:00  INFO 5134 --- [ool-3-thread-45] tourGuide.service.RewardsService         : nearAttraction called with Franklin Park Zoo
2023-01-20T14:46:40.502+01:00  INFO 5134 --- [ool-3-thread-54] tourGuide.service.RewardsService         : getDistance called
2023-01-20T14:46:40.507+01:00  INFO 5134 --- [ool-3-thread-45] tourGuide.service.RewardsService         : getDistance called
2023-01-20T14:46:40.503+01:00  INFO 5134 --- [ool-3-thread-51] tourGuide.service.RewardsService         : nearAttraction called with Kansas City Zoo
2023-01-20T14:46:40.503+01:00  INFO 5134 --- [ool-3-thread-60] tourGuide.service.RewardsService         : getDistance called
2023-01-20T14:46:40.503+01:00  INFO 5134 --- [ool-3-thread-47] tourGuide.service.RewardsService         : nearAttraction called with Bronx Zoo
2023-01-20T14:46:40.508+01:00  INFO 5134 --- [ool-3-thread-51] tourGuide.service.RewardsService         : getDistance called
2023-01-20T14:46:40.503+01:00  INFO 5134 --- [ool-3-thread-12] tourGuide.service.RewardsService         : nearAttraction called with Cinderella Castle
2023-01-20T14:46:40.503+01:00  INFO 5134 --- [ool-3-thread-62] tourGuide.service.RewardsService         : nearAttraction called with Disneyland
2023-01-20T14:46:40.503+01:00  INFO 5134 --- [ool-3-thread-58] tourGuide.service.RewardsService         : nearAttraction called with Jackson Hole
2023-01-20T14:46:40.503+01:00  INFO 5134 --- [ool-3-thread-49] tourGuide.service.RewardsService         : nearAttraction called with Joshua Tree National Park
2023-01-20T14:46:40.508+01:00  INFO 5134 --- [ool-3-thread-58] tourGuide.service.RewardsService         : getDistance called
2023-01-20T14:46:40.508+01:00  INFO 5134 --- [ool-3-thread-49] tourGuide.service.RewardsService         : getDistance called
2023-01-20T14:46:40.508+01:00  INFO 5134 --- [ool-3-thread-58] tourGuide.service.RewardsService         : nearAttraction called with Buffalo National River
2023-01-20T14:46:40.503+01:00  INFO 5134 --- [pool-3-thread-8] tourGuide.service.RewardsService         : nearAttraction called with Buffalo National River
2023-01-20T14:46:40.508+01:00  INFO 5134 --- [ool-3-thread-58] tourGuide.service.RewardsService         : getDistance called
2023-01-20T14:46:40.503+01:00  INFO 5134 --- [ool-3-thread-53] tourGuide.service.RewardsService         : getDistance called
2023-01-20T14:46:40.508+01:00  INFO 5134 --- [ool-3-thread-58] tourGuide.service.RewardsService         : nearAttraction called with Kartchner Caverns State Park
2023-01-20T14:46:40.503+01:00  INFO 5134 --- [pool-3-thread-5] tourGuide.service.RewardsService         : nearAttraction called with Hot Springs National Park
2023-01-20T14:46:40.508+01:00  INFO 5134 --- [ool-3-thread-58] tourGuide.service.RewardsService         : getDistance called
2023-01-20T14:46:40.508+01:00  INFO 5134 --- [pool-3-thread-5] tourGuide.service.RewardsService         : getDistance called
2023-01-20T14:46:40.503+01:00  INFO 5134 --- [ool-3-thread-68] tourGuide.service.RewardsService         : nearAttraction called with Kartchner Caverns State Park
2023-01-20T14:46:40.508+01:00  INFO 5134 --- [pool-3-thread-5] tourGuide.service.RewardsService         : nearAttraction called with McKinley Tower
2023-01-20T14:46:40.508+01:00  INFO 5134 --- [ool-3-thread-68] tourGuide.service.RewardsService         : getDistance called
2023-01-20T14:46:40.503+01:00  INFO 5134 --- [ool-3-thread-18] tourGuide.service.RewardsService         : getDistance called
2023-01-20T14:46:40.503+01:00  INFO 5134 --- [ool-3-thread-69] tourGuide.service.RewardsService         : nearAttraction called with Legend Valley
2023-01-20T14:46:40.503+01:00  INFO 5134 --- [ool-3-thread-66] tourGuide.service.RewardsService         : nearAttraction called with Flowers Bakery of London
2023-01-20T14:46:40.503+01:00  INFO 5134 --- [pool-3-thread-2] tourGuide.service.RewardsService         : getDistance called
2023-01-20T14:46:40.509+01:00  INFO 5134 --- [ool-3-thread-66] tourGuide.service.RewardsService         : getDistance called
2023-01-20T14:46:40.504+01:00  INFO 5134 --- [ool-3-thread-19] tourGuide.service.RewardsService         : getDistance called
2023-01-20T14:46:40.504+01:00  INFO 5134 --- [ool-3-thread-56] tourGuide.service.RewardsService         : nearAttraction called with Flatiron Building
2023-01-20T14:46:40.504+01:00  INFO 5134 --- [pool-3-thread-3] tourGuide.service.RewardsService         : nearAttraction called with Fallingwater
2023-01-20T14:46:40.504+01:00  INFO 5134 --- [ool-3-thread-17] tourGuide.service.RewardsService         : nearAttraction called with Union Station
2023-01-20T14:46:40.509+01:00  INFO 5134 --- [pool-3-thread-3] tourGuide.service.RewardsService         : getDistance called
2023-01-20T14:46:40.509+01:00  INFO 5134 --- [ool-3-thread-17] tourGuide.service.RewardsService         : getDistance called
2023-01-20T14:46:40.504+01:00  INFO 5134 --- [ool-3-thread-34] tourGuide.service.RewardsService         : nearAttraction called with Roger Dean Stadium
2023-01-20T14:46:40.504+01:00  INFO 5134 --- [ool-3-thread-36] tourGuide.service.RewardsService         : nearAttraction called with Texas Memorial Stadium
2023-01-20T14:46:40.504+01:00  INFO 5134 --- [ool-3-thread-59] tourGuide.service.RewardsService         : nearAttraction called with Tiger Stadium
2023-01-20T14:46:40.509+01:00  INFO 5134 --- [ool-3-thread-36] tourGuide.service.RewardsService         : getDistance called
2023-01-20T14:46:40.509+01:00  INFO 5134 --- [ool-3-thread-59] tourGuide.service.RewardsService         : getDistance called
2023-01-20T14:46:40.504+01:00  INFO 5134 --- [ool-4-thread-23] tourGuide.service.RewardsService         : Rewards of internalUser8 calculated by calculateRewards
2023-01-20T14:46:40.504+01:00  INFO 5134 --- [ool-3-thread-39] tourGuide.service.RewardsService         : nearAttraction called with Neyland Stadium
2023-01-20T14:46:40.504+01:00  INFO 5134 --- [ool-3-thread-20] tourGuide.service.RewardsService         : getDistance called
2023-01-20T14:46:40.504+01:00  INFO 5134 --- [pool-3-thread-1] tourGuide.service.RewardsService         : nearAttraction called with Kyle Field
2023-01-20T14:46:40.504+01:00  INFO 5134 --- [ool-3-thread-46] tourGuide.service.RewardsService         : getDistance called
2023-01-20T14:46:40.510+01:00  INFO 5134 --- [ool-3-thread-20] tourGuide.service.RewardsService         : nearAttraction called with San Diego Zoo
2023-01-20T14:46:40.504+01:00  INFO 5134 --- [ool-3-thread-14] tourGuide.service.RewardsService         : nearAttraction called with San Diego Zoo
2023-01-20T14:46:40.510+01:00  INFO 5134 --- [ool-3-thread-46] tourGuide.service.RewardsService         : nearAttraction called with Zoo Tampa at Lowry Park
2023-01-20T14:46:40.504+01:00  INFO 5134 --- [ool-3-thread-70] tourGuide.service.RewardsService         : nearAttraction called with Zoo Tampa at Lowry Park
2023-01-20T14:46:40.505+01:00  INFO 5134 --- [ool-3-thread-21] tourGuide.service.RewardsService         : nearAttraction called with El Paso Zoo
2023-01-20T14:46:40.510+01:00  INFO 5134 --- [ool-3-thread-70] tourGuide.service.RewardsService         : getDistance called
2023-01-20T14:46:40.505+01:00  INFO 5134 --- [ool-3-thread-31] tourGuide.service.RewardsService         : getDistance called
2023-01-20T14:46:40.505+01:00  INFO 5134 --- [ool-3-thread-35] tourGuide.service.RewardsService         : getDistance called
2023-01-20T14:46:40.505+01:00  INFO 5134 --- [ool-3-thread-25] tourGuide.service.RewardsService         : getDistance called
2023-01-20T14:46:40.505+01:00  INFO 5134 --- [ool-3-thread-10] tourGuide.service.RewardsService         : nearAttraction called with Kansas City Zoo
2023-01-20T14:46:40.505+01:00  INFO 5134 --- [ool-3-thread-26] tourGuide.service.RewardsService         : nearAttraction called with Bronx Zoo
2023-01-20T14:46:40.510+01:00  INFO 5134 --- [ool-3-thread-10] tourGuide.service.RewardsService         : getDistance called
2023-01-20T14:46:40.510+01:00  INFO 5134 --- [ool-3-thread-26] tourGuide.service.RewardsService         : getDistance called
2023-01-20T14:46:40.505+01:00  INFO 5134 --- [ool-3-thread-63] tourGuide.service.RewardsService         : nearAttraction called with Cinderella Castle
2023-01-20T14:46:40.505+01:00  INFO 5134 --- [ool-3-thread-30] tourGuide.service.RewardsService         : nearAttraction called with Disneyland
2023-01-20T14:46:40.505+01:00  INFO 5134 --- [ool-3-thread-13] tourGuide.service.RewardsService         : getDistance called
2023-01-20T14:46:40.510+01:00  INFO 5134 --- [ool-3-thread-30] tourGuide.service.RewardsService         : getDistance called
2023-01-20T14:46:40.505+01:00  INFO 5134 --- [ool-3-thread-43] tourGuide.service.RewardsService         : nearAttraction called with Jackson Hole
2023-01-20T14:46:40.511+01:00  INFO 5134 --- [ool-3-thread-13] tourGuide.service.RewardsService         : nearAttraction called with Jackson Hole
2023-01-20T14:46:40.511+01:00  INFO 5134 --- [ool-3-thread-43] tourGuide.service.RewardsService         : getDistance called
2023-01-20T14:46:40.505+01:00  INFO 5134 --- [ool-3-thread-61] tourGuide.service.RewardsService         : getDistance called
2023-01-20T14:46:40.505+01:00  INFO 5134 --- [pool-3-thread-9] tourGuide.service.RewardsService         : nearAttraction called with Mojave National Preserve
2023-01-20T14:46:40.505+01:00  INFO 5134 --- [ool-3-thread-40] tourGuide.service.RewardsService         : nearAttraction called with Joshua Tree National Park
2023-01-20T14:46:40.511+01:00  INFO 5134 --- [pool-3-thread-9] tourGuide.service.RewardsService         : getDistance called
2023-01-20T14:46:40.505+01:00  INFO 5134 --- [ool-3-thread-41] tourGuide.service.RewardsService         : getDistance called
2023-01-20T14:46:40.511+01:00  INFO 5134 --- [pool-3-thread-9] tourGuide.service.RewardsService         : nearAttraction called with Hot Springs National Park
2023-01-20T14:46:40.505+01:00  INFO 5134 --- [ool-3-thread-42] tourGuide.service.RewardsService         : nearAttraction called with Buffalo National River
2023-01-20T14:46:40.506+01:00  INFO 5134 --- [ool-3-thread-67] tourGuide.service.RewardsService         : nearAttraction called with Hot Springs National Park
2023-01-20T14:46:40.506+01:00  INFO 5134 --- [ool-3-thread-22] tourGuide.service.RewardsService         : nearAttraction called with Kartchner Caverns State Park
2023-01-20T14:46:40.511+01:00  INFO 5134 --- [ool-3-thread-67] tourGuide.service.RewardsService         : getDistance called
2023-01-20T14:46:40.506+01:00  INFO 5134 --- [ool-3-thread-38] tourGuide.service.RewardsService         : nearAttraction called with Legend Valley
2023-01-20T14:46:40.506+01:00  INFO 5134 --- [ool-3-thread-15] tourGuide.service.RewardsService         : nearAttraction called with Flowers Bakery of London
2023-01-20T14:46:40.506+01:00  INFO 5134 --- [ool-3-thread-23] tourGuide.service.RewardsService         : nearAttraction called with McKinley Tower
2023-01-20T14:46:40.511+01:00  INFO 5134 --- [ool-3-thread-15] tourGuide.service.RewardsService         : getDistance called
2023-01-20T14:46:40.511+01:00  INFO 5134 --- [ool-3-thread-23] tourGuide.service.RewardsService         : getDistance called
2023-01-20T14:46:40.506+01:00  INFO 5134 --- [ool-3-thread-64] tourGuide.service.RewardsService         : nearAttraction called with Flatiron Building
2023-01-20T14:46:40.506+01:00  INFO 5134 --- [pool-3-thread-6] tourGuide.service.RewardsService         : nearAttraction called with Fallingwater
2023-01-20T14:46:40.511+01:00  INFO 5134 --- [ool-3-thread-64] tourGuide.service.RewardsService         : getDistance called
2023-01-20T14:46:40.506+01:00  INFO 5134 --- [pool-3-thread-7] tourGuide.service.RewardsService         : nearAttraction called with Union Station
2023-01-20T14:46:40.512+01:00  INFO 5134 --- [ool-3-thread-64] tourGuide.service.RewardsService         : nearAttraction called with Flatiron Building
2023-01-20T14:46:40.512+01:00  INFO 5134 --- [pool-3-thread-7] tourGuide.service.RewardsService         : getDistance called
2023-01-20T14:46:40.512+01:00  INFO 5134 --- [ool-3-thread-64] tourGuide.service.RewardsService         : getDistance called
2023-01-20T14:46:40.506+01:00  INFO 5134 --- [ool-3-thread-50] tourGuide.service.RewardsService         : nearAttraction called with Roger Dean Stadium
2023-01-20T14:46:40.506+01:00  INFO 5134 --- [ool-3-thread-24] tourGuide.service.RewardsService         : nearAttraction called with Texas Memorial Stadium
2023-01-20T14:46:40.506+01:00  INFO 5134 --- [ool-3-thread-28] tourGuide.service.RewardsService         : nearAttraction called with Bryant-Denny Stadium
2023-01-20T14:46:40.512+01:00  INFO 5134 --- [ool-3-thread-24] tourGuide.service.RewardsService         : getDistance called
2023-01-20T14:46:40.512+01:00  INFO 5134 --- [ool-3-thread-28] tourGuide.service.RewardsService         : getDistance called
2023-01-20T14:46:40.506+01:00  INFO 5134 --- [ool-3-thread-65] tourGuide.service.RewardsService         : getDistance called
2023-01-20T14:46:40.506+01:00  INFO 5134 --- [ool-3-thread-33] tourGuide.service.RewardsService         : nearAttraction called with Tiger Stadium
2023-01-20T14:46:40.507+01:00  INFO 5134 --- [ool-3-thread-32] tourGuide.service.RewardsService         : nearAttraction called with Neyland Stadium
2023-01-20T14:46:40.512+01:00  INFO 5134 --- [ool-3-thread-33] tourGuide.service.RewardsService         : getDistance called
2023-01-20T14:46:40.507+01:00  INFO 5134 --- [ool-3-thread-29] tourGuide.service.RewardsService         : nearAttraction called with Kyle Field
2023-01-20T14:46:40.507+01:00  INFO 5134 --- [ool-3-thread-57] tourGuide.service.RewardsService         : nearAttraction called with San Diego Zoo
2023-01-20T14:46:40.507+01:00  INFO 5134 --- [ool-3-thread-27] tourGuide.service.RewardsService         : getDistance called
2023-01-20T14:46:40.512+01:00  INFO 5134 --- [ool-3-thread-57] tourGuide.service.RewardsService         : getDistance called
2023-01-20T14:46:40.507+01:00  INFO 5134 --- [pool-3-thread-4] tourGuide.service.RewardsService         : getDistance called
2023-01-20T14:46:40.512+01:00  INFO 5134 --- [ool-3-thread-27] tourGuide.service.RewardsService         : nearAttraction called with Neyland Stadium
2023-01-20T14:46:40.507+01:00  INFO 5134 --- [ool-3-thread-48] tourGuide.service.RewardsService         : nearAttraction called with Franklin Park Zoo
2023-01-20T14:46:40.512+01:00  INFO 5134 --- [ool-3-thread-27] tourGuide.service.RewardsService         : getDistance called
2023-01-20T14:46:40.507+01:00  INFO 5134 --- [ool-3-thread-55] tourGuide.service.RewardsService         : nearAttraction called with El Paso Zoo
2023-01-20T14:46:40.507+01:00  INFO 5134 --- [ool-3-thread-16] tourGuide.service.RewardsService         : nearAttraction called with Kansas City Zoo
2023-01-20T14:46:40.507+01:00  INFO 5134 --- [ool-3-thread-11] tourGuide.service.RewardsService         : nearAttraction called with Bronx Zoo
2023-01-20T14:46:40.513+01:00  INFO 5134 --- [ool-3-thread-16] tourGuide.service.RewardsService         : getDistance called
2023-01-20T14:46:40.507+01:00  INFO 5134 --- [ool-4-thread-65] tourGuide.service.RewardsService         : Rewards of internalUser33 calculated by calculateRewards
2023-01-20T14:46:40.507+01:00  INFO 5134 --- [ool-3-thread-44] tourGuide.service.RewardsService         : getDistance called
2023-01-20T14:46:40.507+01:00  INFO 5134 --- [ool-3-thread-52] tourGuide.service.RewardsService         : getDistance called
2023-01-20T14:46:40.507+01:00  INFO 5134 --- [ool-3-thread-37] tourGuide.service.RewardsService         : nearAttraction called with Cinderella Castle
2023-01-20T14:46:40.507+01:00  INFO 5134 --- [ool-3-thread-54] tourGuide.service.RewardsService         : nearAttraction called with Disneyland
2023-01-20T14:46:40.513+01:00  INFO 5134 --- [ool-3-thread-37] tourGuide.service.RewardsService         : getDistance called
2023-01-20T14:46:40.507+01:00  INFO 5134 --- [ool-3-thread-45] tourGuide.service.RewardsService         : nearAttraction called with Jackson Hole
2023-01-20T14:46:40.513+01:00  INFO 5134 --- [ool-3-thread-37] tourGuide.service.RewardsService         : nearAttraction called with Bronx Zoo
2023-01-20T14:46:40.508+01:00  INFO 5134 --- [ool-3-thread-60] tourGuide.service.RewardsService         : nearAttraction called with Mojave National Preserve
2023-01-20T14:46:40.508+01:00  INFO 5134 --- [ool-3-thread-47] tourGuide.service.RewardsService         : getDistance called
2023-01-20T14:46:40.513+01:00  INFO 5134 --- [ool-3-thread-60] tourGuide.service.RewardsService         : getDistance called
2023-01-20T14:46:40.508+01:00  INFO 5134 --- [ool-3-thread-51] tourGuide.service.RewardsService         : nearAttraction called with Joshua Tree National Park
2023-01-20T14:46:40.508+01:00  INFO 5134 --- [ool-3-thread-12] tourGuide.service.RewardsService         : getDistance called
2023-01-20T14:46:40.513+01:00  INFO 5134 --- [ool-3-thread-51] tourGuide.service.RewardsService         : getDistance called
2023-01-20T14:46:40.508+01:00  INFO 5134 --- [ool-3-thread-62] tourGuide.service.RewardsService         : getDistance called
2023-01-20T14:46:40.508+01:00  INFO 5134 --- [ool-3-thread-49] tourGuide.service.RewardsService         : nearAttraction called with Hot Springs National Park
2023-01-20T14:46:40.513+01:00  INFO 5134 --- [ool-3-thread-62] tourGuide.service.RewardsService         : nearAttraction called with Joshua Tree National Park
2023-01-20T14:46:40.508+01:00  INFO 5134 --- [pool-3-thread-8] tourGuide.service.RewardsService         : getDistance called
2023-01-20T14:46:40.514+01:00  INFO 5134 --- [ool-3-thread-62] tourGuide.service.RewardsService         : getDistance called
2023-01-20T14:46:40.508+01:00  INFO 5134 --- [ool-3-thread-53] tourGuide.service.RewardsService         : nearAttraction called with Legend Valley
2023-01-20T14:46:40.514+01:00  INFO 5134 --- [pool-3-thread-8] tourGuide.service.RewardsService         : nearAttraction called with Buffalo National River
2023-01-20T14:46:40.514+01:00  INFO 5134 --- [ool-3-thread-53] tourGuide.service.RewardsService         : getDistance called
2023-01-20T14:46:40.508+01:00  INFO 5134 --- [ool-3-thread-58] tourGuide.service.RewardsService         : nearAttraction called with Flowers Bakery of London
2023-01-20T14:46:40.508+01:00  INFO 5134 --- [pool-3-thread-5] tourGuide.service.RewardsService         : getDistance called
2023-01-20T14:46:40.509+01:00  INFO 5134 --- [ool-3-thread-68] tourGuide.service.RewardsService         : nearAttraction called with Flatiron Building
2023-01-20T14:46:40.509+01:00  INFO 5134 --- [ool-3-thread-18] tourGuide.service.RewardsService         : nearAttraction called with Fallingwater
2023-01-20T14:46:40.509+01:00  INFO 5134 --- [ool-3-thread-69] tourGuide.service.RewardsService         : getDistance called
2023-01-20T14:46:40.514+01:00  INFO 5134 --- [ool-3-thread-18] tourGuide.service.RewardsService         : getDistance called
2023-01-20T14:46:40.509+01:00  INFO 5134 --- [pool-3-thread-2] tourGuide.service.RewardsService         : nearAttraction called with Union Station
2023-01-20T14:46:40.509+01:00  INFO 5134 --- [ool-3-thread-66] tourGuide.service.RewardsService         : nearAttraction called with Roger Dean Stadium
2023-01-20T14:46:40.509+01:00  INFO 5134 --- [ool-3-thread-19] tourGuide.service.RewardsService         : nearAttraction called with Texas Memorial Stadium
2023-01-20T14:46:40.509+01:00  INFO 5134 --- [ool-3-thread-56] tourGuide.service.RewardsService         : getDistance called
2023-01-20T14:46:40.514+01:00  INFO 5134 --- [ool-3-thread-19] tourGuide.service.RewardsService         : getDistance called
2023-01-20T14:46:40.509+01:00  INFO 5134 --- [pool-3-thread-3] tourGuide.service.RewardsService         : nearAttraction called with Bryant-Denny Stadium
2023-01-20T14:46:40.509+01:00  INFO 5134 --- [ool-3-thread-17] tourGuide.service.RewardsService         : nearAttraction called with Tiger Stadium
2023-01-20T14:46:40.514+01:00  INFO 5134 --- [pool-3-thread-3] tourGuide.service.RewardsService         : getDistance called
2023-01-20T14:46:40.509+01:00  INFO 5134 --- [ool-3-thread-34] tourGuide.service.RewardsService         : getDistance called
2023-01-20T14:46:40.514+01:00  INFO 5134 --- [pool-3-thread-3] tourGuide.service.RewardsService         : nearAttraction called with Union Station
2023-01-20T14:46:40.509+01:00  INFO 5134 --- [ool-3-thread-36] tourGuide.service.RewardsService         : nearAttraction called with Neyland Stadium
2023-01-20T14:46:40.509+01:00  INFO 5134 --- [ool-3-thread-59] tourGuide.service.RewardsService         : nearAttraction called with Kyle Field
2023-01-20T14:46:40.510+01:00  INFO 5134 --- [ool-3-thread-39] tourGuide.service.RewardsService         : getDistance called
2023-01-20T14:46:40.515+01:00  INFO 5134 --- [ool-3-thread-59] tourGuide.service.RewardsService         : getDistance called
2023-01-20T14:46:40.510+01:00  INFO 5134 --- [pool-3-thread-1] tourGuide.service.RewardsService         : getDistance called
2023-01-20T14:46:40.515+01:00  INFO 5134 --- [ool-3-thread-59] tourGuide.service.RewardsService         : nearAttraction called with Bryant-Denny Stadium
2023-01-20T14:46:40.510+01:00  INFO 5134 --- [ool-3-thread-20] tourGuide.service.RewardsService         : getDistance called
2023-01-20T14:46:40.510+01:00  INFO 5134 --- [ool-3-thread-14] tourGuide.service.RewardsService         : getDistance called
2023-01-20T14:46:40.515+01:00  INFO 5134 --- [ool-3-thread-20] tourGuide.service.RewardsService         : nearAttraction called with Neyland Stadium
2023-01-20T14:46:40.510+01:00  INFO 5134 --- [ool-3-thread-46] tourGuide.service.RewardsService         : getDistance called
2023-01-20T14:46:40.515+01:00  INFO 5134 --- [ool-3-thread-20] tourGuide.service.RewardsService         : getDistance called
2023-01-20T14:46:40.510+01:00  INFO 5134 --- [ool-3-thread-21] tourGuide.service.RewardsService         : getDistance called
2023-01-20T14:46:40.510+01:00  INFO 5134 --- [ool-3-thread-70] tourGuide.service.RewardsService         : nearAttraction called with Franklin Park Zoo
2023-01-20T14:46:40.510+01:00  INFO 5134 --- [ool-3-thread-31] tourGuide.service.RewardsService         : nearAttraction called with El Paso Zoo
2023-01-20T14:46:40.510+01:00  INFO 5134 --- [ool-3-thread-35] tourGuide.service.RewardsService         : nearAttraction called with Kansas City Zoo
2023-01-20T14:46:40.515+01:00  INFO 5134 --- [ool-3-thread-31] tourGuide.service.RewardsService         : getDistance called
2023-01-20T14:46:40.510+01:00  INFO 5134 --- [ool-3-thread-25] tourGuide.service.RewardsService         : nearAttraction called with Bronx Zoo
2023-01-20T14:46:40.515+01:00  INFO 5134 --- [ool-3-thread-31] tourGuide.service.RewardsService         : nearAttraction called with El Paso Zoo
2023-01-20T14:46:40.510+01:00  INFO 5134 --- [ool-3-thread-10] tourGuide.service.RewardsService         : nearAttraction called with Cinderella Castle
2023-01-20T14:46:40.510+01:00  INFO 5134 --- [ool-3-thread-26] tourGuide.service.RewardsService         : nearAttraction called with Disneyland
2023-01-20T14:46:40.515+01:00  INFO 5134 --- [ool-3-thread-10] tourGuide.service.RewardsService         : getDistance called
2023-01-20T14:46:40.510+01:00  INFO 5134 --- [ool-3-thread-63] tourGuide.service.RewardsService         : getDistance called
2023-01-20T14:46:40.516+01:00  INFO 5134 --- [ool-3-thread-26] tourGuide.service.RewardsService         : getDistance called
2023-01-20T14:46:40.511+01:00  INFO 5134 --- [ool-3-thread-30] tourGuide.service.RewardsService         : nearAttraction called with Mojave National Preserve
2023-01-20T14:46:40.516+01:00  INFO 5134 --- [ool-3-thread-63] tourGuide.service.RewardsService         : nearAttraction called with Bronx Zoo
2023-01-20T14:46:40.511+01:00  INFO 5134 --- [ool-3-thread-13] tourGuide.service.RewardsService         : getDistance called
2023-01-20T14:46:40.516+01:00  INFO 5134 --- [ool-3-thread-63] tourGuide.service.RewardsService         : getDistance called
2023-01-20T14:46:40.511+01:00  INFO 5134 --- [ool-3-thread-43] tourGuide.service.RewardsService         : nearAttraction called with Joshua Tree National Park
2023-01-20T14:46:40.511+01:00  INFO 5134 --- [ool-3-thread-61] tourGuide.service.RewardsService         : nearAttraction called with Buffalo National River
2023-01-20T14:46:40.516+01:00  INFO 5134 --- [ool-3-thread-43] tourGuide.service.RewardsService         : getDistance called
2023-01-20T14:46:40.511+01:00  INFO 5134 --- [ool-3-thread-40] tourGuide.service.RewardsService         : getDistance called
2023-01-20T14:46:40.511+01:00  INFO 5134 --- [ool-3-thread-41] tourGuide.service.RewardsService         : nearAttraction called with Kartchner Caverns State Park
2023-01-20T14:46:40.516+01:00  INFO 5134 --- [ool-3-thread-40] tourGuide.service.RewardsService         : nearAttraction called with Joshua Tree National Park
2023-01-20T14:46:40.511+01:00  INFO 5134 --- [pool-3-thread-9] tourGuide.service.RewardsService         : getDistance called
2023-01-20T14:46:40.516+01:00  INFO 5134 --- [ool-3-thread-40] tourGuide.service.RewardsService         : getDistance called
2023-01-20T14:46:40.511+01:00  INFO 5134 --- [ool-3-thread-42] tourGuide.service.RewardsService         : getDistance called
2023-01-20T14:46:40.511+01:00  INFO 5134 --- [ool-3-thread-22] tourGuide.service.RewardsService         : getDistance called
2023-01-20T14:46:40.511+01:00  INFO 5134 --- [ool-3-thread-67] tourGuide.service.RewardsService         : nearAttraction called with Legend Valley
2023-01-20T14:46:40.511+01:00  INFO 5134 --- [ool-3-thread-38] tourGuide.service.RewardsService         : getDistance called
2023-01-20T14:46:40.516+01:00  INFO 5134 --- [ool-3-thread-67] tourGuide.service.RewardsService         : getDistance called
2023-01-20T14:46:40.511+01:00  INFO 5134 --- [ool-3-thread-15] tourGuide.service.RewardsService         : nearAttraction called with Flowers Bakery of London
2023-01-20T14:46:40.516+01:00  INFO 5134 --- [ool-3-thread-67] tourGuide.service.RewardsService         : nearAttraction called with McKinley Tower
2023-01-20T14:46:40.516+01:00  INFO 5134 --- [ool-3-thread-15] tourGuide.service.RewardsService         : getDistance called
2023-01-20T14:46:40.511+01:00  INFO 5134 --- [ool-3-thread-23] tourGuide.service.RewardsService         : nearAttraction called with McKinley Tower
2023-01-20T14:46:40.517+01:00  INFO 5134 --- [ool-3-thread-67] tourGuide.service.RewardsService         : getDistance called
2023-01-20T14:46:40.517+01:00  INFO 5134 --- [ool-3-thread-15] tourGuide.service.RewardsService         : nearAttraction called with Flatiron Building
2023-01-20T14:46:40.512+01:00  INFO 5134 --- [pool-3-thread-6] tourGuide.service.RewardsService         : getDistance called
2023-01-20T14:46:40.517+01:00  INFO 5134 --- [ool-3-thread-15] tourGuide.service.RewardsService         : getDistance called
2023-01-20T14:46:40.512+01:00  INFO 5134 --- [pool-3-thread-7] tourGuide.service.RewardsService         : nearAttraction called with Fallingwater
2023-01-20T14:46:40.517+01:00  INFO 5134 --- [pool-3-thread-6] tourGuide.service.RewardsService         : nearAttraction called with Union Station
2023-01-20T14:46:40.517+01:00  INFO 5134 --- [ool-3-thread-15] tourGuide.service.RewardsService         : nearAttraction called with Roger Dean Stadium
2023-01-20T14:46:40.517+01:00  INFO 5134 --- [pool-3-thread-6] tourGuide.service.RewardsService         : getDistance called
2023-01-20T14:46:40.512+01:00  INFO 5134 --- [ool-3-thread-64] tourGuide.service.RewardsService         : nearAttraction called with Union Station
2023-01-20T14:46:40.517+01:00  INFO 5134 --- [pool-3-thread-6] tourGuide.service.RewardsService         : nearAttraction called with Texas Memorial Stadium
2023-01-20T14:46:40.517+01:00  INFO 5134 --- [ool-3-thread-64] tourGuide.service.RewardsService         : getDistance called
2023-01-20T14:46:40.517+01:00  INFO 5134 --- [pool-3-thread-6] tourGuide.service.RewardsService         : getDistance called
2023-01-20T14:46:40.512+01:00  INFO 5134 --- [ool-3-thread-50] tourGuide.service.RewardsService         : getDistance called
2023-01-20T14:46:40.512+01:00  INFO 5134 --- [ool-3-thread-24] tourGuide.service.RewardsService         : nearAttraction called with Roger Dean Stadium
2023-01-20T14:46:40.512+01:00  INFO 5134 --- [ool-3-thread-28] tourGuide.service.RewardsService         : nearAttraction called with Texas Memorial Stadium
2023-01-20T14:46:40.517+01:00  INFO 5134 --- [ool-3-thread-24] tourGuide.service.RewardsService         : getDistance called
2023-01-20T14:46:40.512+01:00  INFO 5134 --- [ool-3-thread-65] tourGuide.service.RewardsService         : nearAttraction called with Bryant-Denny Stadium
2023-01-20T14:46:40.517+01:00  INFO 5134 --- [ool-3-thread-24] tourGuide.service.RewardsService         : nearAttraction called with Kyle Field
2023-01-20T14:46:40.512+01:00  INFO 5134 --- [ool-4-thread-38] tourGuide.service.RewardsService         : Rewards of internalUser1 calculated by calculateRewards
2023-01-20T14:46:40.512+01:00  INFO 5134 --- [ool-3-thread-32] tourGuide.service.RewardsService         : getDistance called
2023-01-20T14:46:40.512+01:00  INFO 5134 --- [ool-3-thread-33] tourGuide.service.RewardsService         : nearAttraction called with Tiger Stadium
2023-01-20T14:46:40.512+01:00  INFO 5134 --- [ool-3-thread-29] tourGuide.service.RewardsService         : getDistance called
2023-01-20T14:46:40.512+01:00  INFO 5134 --- [ool-3-thread-57] tourGuide.service.RewardsService         : nearAttraction called with Kyle Field
2023-01-20T14:46:40.512+01:00  INFO 5134 --- [pool-3-thread-4] tourGuide.service.RewardsService         : nearAttraction called with San Diego Zoo
2023-01-20T14:46:40.518+01:00  INFO 5134 --- [ool-3-thread-57] tourGuide.service.RewardsService         : getDistance called
2023-01-20T14:46:40.518+01:00  INFO 5134 --- [pool-3-thread-4] tourGuide.service.RewardsService         : getDistance called
2023-01-20T14:46:40.512+01:00  INFO 5134 --- [ool-3-thread-48] tourGuide.service.RewardsService         : getDistance called
2023-01-20T14:46:40.518+01:00  INFO 5134 --- [pool-3-thread-4] tourGuide.service.RewardsService         : nearAttraction called with El Paso Zoo
2023-01-20T14:46:40.513+01:00  INFO 5134 --- [ool-3-thread-27] tourGuide.service.RewardsService         : nearAttraction called with Zoo Tampa at Lowry Park
2023-01-20T14:46:40.518+01:00  INFO 5134 --- [pool-3-thread-4] tourGuide.service.RewardsService         : getDistance called
2023-01-20T14:46:40.518+01:00  INFO 5134 --- [ool-3-thread-27] tourGuide.service.RewardsService         : getDistance called
2023-01-20T14:46:40.513+01:00  INFO 5134 --- [ool-3-thread-55] tourGuide.service.RewardsService         : getDistance called
2023-01-20T14:46:40.513+01:00  INFO 5134 --- [ool-3-thread-11] tourGuide.service.RewardsService         : getDistance called
2023-01-20T14:46:40.513+01:00  INFO 5134 --- [ool-3-thread-16] tourGuide.service.RewardsService         : nearAttraction called with Franklin Park Zoo
2023-01-20T14:46:40.513+01:00  INFO 5134 --- [ool-3-thread-44] tourGuide.service.RewardsService         : nearAttraction called with El Paso Zoo
2023-01-20T14:46:40.513+01:00  INFO 5134 --- [ool-3-thread-52] tourGuide.service.RewardsService         : nearAttraction called with Kansas City Zoo
2023-01-20T14:46:40.518+01:00  INFO 5134 --- [ool-3-thread-44] tourGuide.service.RewardsService         : getDistance called
2023-01-20T14:46:40.513+01:00  INFO 5134 --- [ool-3-thread-54] tourGuide.service.RewardsService         : getDistance called
2023-01-20T14:46:40.513+01:00  INFO 5134 --- [ool-3-thread-45] tourGuide.service.RewardsService         : getDistance called
2023-01-20T14:46:40.518+01:00  INFO 5134 --- [ool-3-thread-54] tourGuide.service.RewardsService         : nearAttraction called with Joshua Tree National Park
2023-01-20T14:46:40.518+01:00  INFO 5134 --- [ool-3-thread-45] tourGuide.service.RewardsService         : nearAttraction called with Buffalo National River
2023-01-20T14:46:40.513+01:00  INFO 5134 --- [ool-3-thread-37] tourGuide.service.RewardsService         : getDistance called
2023-01-20T14:46:40.513+01:00  INFO 5134 --- [ool-3-thread-47] tourGuide.service.RewardsService         : nearAttraction called with Cinderella Castle
2023-01-20T14:46:40.519+01:00  INFO 5134 --- [ool-3-thread-37] tourGuide.service.RewardsService         : nearAttraction called with Hot Springs National Park
2023-01-20T14:46:40.519+01:00  INFO 5134 --- [ool-3-thread-47] tourGuide.service.RewardsService         : getDistance called
2023-01-20T14:46:40.513+01:00  INFO 5134 --- [ool-3-thread-60] tourGuide.service.RewardsService         : nearAttraction called with Disneyland
2023-01-20T14:46:40.513+01:00  INFO 5134 --- [ool-3-thread-12] tourGuide.service.RewardsService         : nearAttraction called with Jackson Hole
2023-01-20T14:46:40.519+01:00  INFO 5134 --- [ool-3-thread-60] tourGuide.service.RewardsService         : getDistance called
2023-01-20T14:46:40.513+01:00  INFO 5134 --- [ool-4-thread-57] tourGuide.service.RewardsService         : Rewards of internalUser25 calculated by calculateRewards
2023-01-20T14:46:40.513+01:00  INFO 5134 --- [ool-3-thread-51] tourGuide.service.RewardsService         : nearAttraction called with Mojave National Preserve
2023-01-20T14:46:40.514+01:00  INFO 5134 --- [ool-3-thread-49] tourGuide.service.RewardsService         : getDistance called
2023-01-20T14:46:40.514+01:00  INFO 5134 --- [ool-3-thread-62] tourGuide.service.RewardsService         : nearAttraction called with Hot Springs National Park
2023-01-20T14:46:40.519+01:00  INFO 5134 --- [ool-3-thread-49] tourGuide.service.RewardsService         : nearAttraction called with Legend Valley
2023-01-20T14:46:40.514+01:00  INFO 5134 --- [pool-3-thread-8] tourGuide.service.RewardsService         : getDistance called
2023-01-20T14:46:40.514+01:00  INFO 5134 --- [ool-3-thread-53] tourGuide.service.RewardsService         : nearAttraction called with Kartchner Caverns State Park
2023-01-20T14:46:40.514+01:00  INFO 5134 --- [ool-3-thread-58] tourGuide.service.RewardsService         : getDistance called
2023-01-20T14:46:40.519+01:00  INFO 5134 --- [ool-3-thread-53] tourGuide.service.RewardsService         : getDistance called
2023-01-20T14:46:40.514+01:00  INFO 5134 --- [pool-3-thread-5] tourGuide.service.RewardsService         : nearAttraction called with Legend Valley
2023-01-20T14:46:40.519+01:00  INFO 5134 --- [ool-3-thread-58] tourGuide.service.RewardsService         : nearAttraction called with Flowers Bakery of London
2023-01-20T14:46:40.519+01:00  INFO 5134 --- [pool-3-thread-5] tourGuide.service.RewardsService         : getDistance called
2023-01-20T14:46:40.519+01:00  INFO 5134 --- [ool-3-thread-58] tourGuide.service.RewardsService         : getDistance called
2023-01-20T14:46:40.514+01:00  INFO 5134 --- [ool-3-thread-68] tourGuide.service.RewardsService         : getDistance called
2023-01-20T14:46:40.514+01:00  INFO 5134 --- [ool-3-thread-69] tourGuide.service.RewardsService         : nearAttraction called with Flowers Bakery of London
2023-01-20T14:46:40.514+01:00  INFO 5134 --- [ool-3-thread-18] tourGuide.service.RewardsService         : nearAttraction called with McKinley Tower
2023-01-20T14:46:40.520+01:00  INFO 5134 --- [ool-3-thread-69] tourGuide.service.RewardsService         : getDistance called
2023-01-20T14:46:40.514+01:00  INFO 5134 --- [pool-3-thread-2] tourGuide.service.RewardsService         : getDistance called
2023-01-20T14:46:40.514+01:00  INFO 5134 --- [ool-3-thread-66] tourGuide.service.RewardsService         : getDistance called
2023-01-20T14:46:40.514+01:00  INFO 5134 --- [ool-3-thread-56] tourGuide.service.RewardsService         : nearAttraction called with Flatiron Building
2023-01-20T14:46:40.520+01:00  INFO 5134 --- [ool-3-thread-66] tourGuide.service.RewardsService         : nearAttraction called with Hot Springs National Park
2023-01-20T14:46:40.514+01:00  INFO 5134 --- [ool-3-thread-19] tourGuide.service.RewardsService         : nearAttraction called with Fallingwater
2023-01-20T14:46:40.514+01:00  INFO 5134 --- [ool-3-thread-17] tourGuide.service.RewardsService         : getDistance called
2023-01-20T14:46:40.514+01:00  INFO 5134 --- [ool-3-thread-34] tourGuide.service.RewardsService         : nearAttraction called with Roger Dean Stadium
2023-01-20T14:46:40.520+01:00  INFO 5134 --- [ool-3-thread-17] tourGuide.service.RewardsService         : nearAttraction called with Union Station
2023-01-20T14:46:40.514+01:00  INFO 5134 --- [pool-3-thread-3] tourGuide.service.RewardsService         : getDistance called
2023-01-20T14:46:40.515+01:00  INFO 5134 --- [ool-3-thread-36] tourGuide.service.RewardsService         : getDistance called
2023-01-20T14:46:40.520+01:00  INFO 5134 --- [pool-3-thread-3] tourGuide.service.RewardsService         : nearAttraction called with Kartchner Caverns State Park
2023-01-20T14:46:40.515+01:00  INFO 5134 --- [ool-3-thread-39] tourGuide.service.RewardsService         : nearAttraction called with Texas Memorial Stadium
2023-01-20T14:46:40.515+01:00  INFO 5134 --- [pool-3-thread-1] tourGuide.service.RewardsService         : nearAttraction called with Tiger Stadium
2023-01-20T14:46:40.515+01:00  INFO 5134 --- [ool-3-thread-59] tourGuide.service.RewardsService         : getDistance called
2023-01-20T14:46:40.515+01:00  INFO 5134 --- [ool-3-thread-14] tourGuide.service.RewardsService         : nearAttraction called with Kyle Field
2023-01-20T14:46:40.521+01:00  INFO 5134 --- [ool-3-thread-59] tourGuide.service.RewardsService         : nearAttraction called with Legend Valley
2023-01-20T14:46:40.515+01:00  INFO 5134 --- [ool-3-thread-46] tourGuide.service.RewardsService         : nearAttraction called with San Diego Zoo
2023-01-20T14:46:40.521+01:00  INFO 5134 --- [ool-3-thread-59] tourGuide.service.RewardsService         : getDistance called
2023-01-20T14:46:40.521+01:00  INFO 5134 --- [ool-3-thread-46] tourGuide.service.RewardsService         : getDistance called
2023-01-20T14:46:40.515+01:00  INFO 5134 --- [ool-3-thread-20] tourGuide.service.RewardsService         : nearAttraction called with Zoo Tampa at Lowry Park
2023-01-20T14:46:40.515+01:00  INFO 5134 --- [ool-3-thread-21] tourGuide.service.RewardsService         : nearAttraction called with Franklin Park Zoo
2023-01-20T14:46:40.521+01:00  INFO 5134 --- [ool-3-thread-20] tourGuide.service.RewardsService         : getDistance called
2023-01-20T14:46:40.515+01:00  INFO 5134 --- [ool-3-thread-70] tourGuide.service.RewardsService         : getDistance called
2023-01-20T14:46:40.515+01:00  INFO 5134 --- [ool-3-thread-35] tourGuide.service.RewardsService         : getDistance called
2023-01-20T14:46:40.521+01:00  INFO 5134 --- [ool-3-thread-70] tourGuide.service.RewardsService         : nearAttraction called with McKinley Tower
2023-01-20T14:46:40.515+01:00  INFO 5134 --- [ool-3-thread-25] tourGuide.service.RewardsService         : getDistance called
2023-01-20T14:46:40.521+01:00  INFO 5134 --- [ool-3-thread-70] tourGuide.service.RewardsService         : getDistance called
2023-01-20T14:46:40.515+01:00  INFO 5134 --- [ool-3-thread-31] tourGuide.service.RewardsService         : getDistance called
2023-01-20T14:46:40.521+01:00  INFO 5134 --- [ool-3-thread-25] tourGuide.service.RewardsService         : nearAttraction called with Flatiron Building
2023-01-20T14:46:40.516+01:00  INFO 5134 --- [ool-3-thread-10] tourGuide.service.RewardsService         : nearAttraction called with Kansas City Zoo
2023-01-20T14:46:40.521+01:00  INFO 5134 --- [ool-3-thread-25] tourGuide.service.RewardsService         : getDistance called
2023-01-20T14:46:40.516+01:00  INFO 5134 --- [ool-4-thread-44] tourGuide.service.RewardsService         : Rewards of internalUser92 calculated by calculateRewards
2023-01-20T14:46:40.516+01:00  INFO 5134 --- [ool-3-thread-26] tourGuide.service.RewardsService         : nearAttraction called with Cinderella Castle
2023-01-20T14:46:40.516+01:00  INFO 5134 --- [ool-3-thread-30] tourGuide.service.RewardsService         : getDistance called
2023-01-20T14:46:40.516+01:00  INFO 5134 --- [ool-3-thread-13] tourGuide.service.RewardsService         : nearAttraction called with Disneyland
2023-01-20T14:46:40.522+01:00  INFO 5134 --- [ool-3-thread-26] tourGuide.service.RewardsService         : getDistance called
2023-01-20T14:46:40.516+01:00  INFO 5134 --- [ool-3-thread-63] tourGuide.service.RewardsService         : nearAttraction called with Jackson Hole
2023-01-20T14:46:40.516+01:00  INFO 5134 --- [ool-3-thread-61] tourGuide.service.RewardsService         : getDistance called
2023-01-20T14:46:40.516+01:00  INFO 5134 --- [ool-3-thread-43] tourGuide.service.RewardsService         : nearAttraction called with Mojave National Preserve
2023-01-20T14:46:40.516+01:00  INFO 5134 --- [ool-3-thread-41] tourGuide.service.RewardsService         : getDistance called
2023-01-20T14:46:40.522+01:00  INFO 5134 --- [ool-3-thread-61] tourGuide.service.RewardsService         : nearAttraction called with Roger Dean Stadium
2023-01-20T14:46:40.516+01:00  INFO 5134 --- [pool-3-thread-9] tourGuide.service.RewardsService         : nearAttraction called with Buffalo National River
2023-01-20T14:46:40.516+01:00  INFO 5134 --- [ool-3-thread-40] tourGuide.service.RewardsService         : nearAttraction called with Hot Springs National Park
2023-01-20T14:46:40.522+01:00  INFO 5134 --- [pool-3-thread-9] tourGuide.service.RewardsService         : getDistance called
2023-01-20T14:46:40.522+01:00  INFO 5134 --- [ool-3-thread-40] tourGuide.service.RewardsService         : getDistance called
2023-01-20T14:46:40.516+01:00  INFO 5134 --- [ool-3-thread-42] tourGuide.service.RewardsService         : nearAttraction called with Kartchner Caverns State Park
2023-01-20T14:46:40.516+01:00  INFO 5134 --- [ool-3-thread-22] tourGuide.service.RewardsService         : nearAttraction called with Legend Valley
2023-01-20T14:46:40.522+01:00  INFO 5134 --- [ool-3-thread-42] tourGuide.service.RewardsService         : getDistance called
2023-01-20T14:46:40.522+01:00  INFO 5134 --- [ool-3-thread-22] tourGuide.service.RewardsService         : getDistance called
2023-01-20T14:46:40.516+01:00  INFO 5134 --- [ool-3-thread-38] tourGuide.service.RewardsService         : nearAttraction called with Flowers Bakery of London
2023-01-20T14:46:40.522+01:00  INFO 5134 --- [ool-3-thread-42] tourGuide.service.RewardsService         : nearAttraction called with Bryant-Denny Stadium
2023-01-20T14:46:40.517+01:00  INFO 5134 --- [ool-3-thread-23] tourGuide.service.RewardsService         : getDistance called
2023-01-20T14:46:40.522+01:00  INFO 5134 --- [ool-3-thread-42] tourGuide.service.RewardsService         : getDistance called
2023-01-20T14:46:40.517+01:00  INFO 5134 --- [ool-3-thread-67] tourGuide.service.RewardsService         : nearAttraction called with Fallingwater
2023-01-20T14:46:40.522+01:00  INFO 5134 --- [ool-3-thread-23] tourGuide.service.RewardsService         : nearAttraction called with Tiger Stadium
2023-01-20T14:46:40.517+01:00  INFO 5134 --- [pool-3-thread-7] tourGuide.service.RewardsService         : getDistance called
2023-01-20T14:46:40.517+01:00  INFO 5134 --- [ool-3-thread-15] tourGuide.service.RewardsService         : getDistance called
2023-01-20T14:46:40.517+01:00  INFO 5134 --- [ool-3-thread-64] tourGuide.service.RewardsService         : nearAttraction called with Bryant-Denny Stadium
2023-01-20T14:46:40.517+01:00  INFO 5134 --- [pool-3-thread-6] tourGuide.service.RewardsService         : nearAttraction called with Tiger Stadium
2023-01-20T14:46:40.523+01:00  INFO 5134 --- [ool-3-thread-64] tourGuide.service.RewardsService         : getDistance called
2023-01-20T14:46:40.517+01:00  INFO 5134 --- [ool-3-thread-50] tourGuide.service.RewardsService         : nearAttraction called with Neyland Stadium
2023-01-20T14:46:40.517+01:00  INFO 5134 --- [ool-3-thread-28] tourGuide.service.RewardsService         : getDistance called
2023-01-20T14:46:40.523+01:00  INFO 5134 --- [ool-3-thread-50] tourGuide.service.RewardsService         : getDistance called
2023-01-20T14:46:40.517+01:00  INFO 5134 --- [ool-3-thread-65] tourGuide.service.RewardsService         : getDistance called
2023-01-20T14:46:40.523+01:00  INFO 5134 --- [ool-3-thread-28] tourGuide.service.RewardsService         : nearAttraction called with Cinderella Castle
2023-01-20T14:46:40.517+01:00  INFO 5134 --- [ool-3-thread-24] tourGuide.service.RewardsService         : getDistance called
2023-01-20T14:46:40.523+01:00  INFO 5134 --- [ool-3-thread-65] tourGuide.service.RewardsService         : nearAttraction called with Zoo Tampa at Lowry Park
2023-01-20T14:46:40.518+01:00  INFO 5134 --- [ool-3-thread-32] tourGuide.service.RewardsService         : nearAttraction called with San Diego Zoo
2023-01-20T14:46:40.518+01:00  INFO 5134 --- [ool-3-thread-33] tourGuide.service.RewardsService         : getDistance called
2023-01-20T14:46:40.518+01:00  INFO 5134 --- [ool-3-thread-29] tourGuide.service.RewardsService         : nearAttraction called with Zoo Tampa at Lowry Park
2023-01-20T14:46:40.518+01:00  INFO 5134 --- [ool-3-thread-57] tourGuide.service.RewardsService         : nearAttraction called with Franklin Park Zoo
2023-01-20T14:46:40.518+01:00  INFO 5134 --- [ool-3-thread-48] tourGuide.service.RewardsService         : nearAttraction called with Kansas City Zoo
2023-01-20T14:46:40.523+01:00  INFO 5134 --- [ool-3-thread-57] tourGuide.service.RewardsService         : getDistance called
2023-01-20T14:46:40.518+01:00  INFO 5134 --- [pool-3-thread-4] tourGuide.service.RewardsService         : nearAttraction called with Bronx Zoo
2023-01-20T14:46:40.518+01:00  INFO 5134 --- [ool-3-thread-27] tourGuide.service.RewardsService         : nearAttraction called with Cinderella Castle
2023-01-20T14:46:40.523+01:00  INFO 5134 --- [pool-3-thread-4] tourGuide.service.RewardsService         : getDistance called
2023-01-20T14:46:40.518+01:00  INFO 5134 --- [ool-3-thread-55] tourGuide.service.RewardsService         : nearAttraction called with Disneyland
2023-01-20T14:46:40.518+01:00  INFO 5134 --- [ool-3-thread-11] tourGuide.service.RewardsService         : nearAttraction called with Jackson Hole
2023-01-20T14:46:40.518+01:00  INFO 5134 --- [ool-4-thread-30] tourGuide.service.RewardsService         : Rewards of internalUser11 calculated by calculateRewards
2023-01-20T14:46:40.518+01:00  INFO 5134 --- [ool-3-thread-16] tourGuide.service.RewardsService         : getDistance called
2023-01-20T14:46:40.518+01:00  INFO 5134 --- [ool-3-thread-52] tourGuide.service.RewardsService         : getDistance called
2023-01-20T14:46:40.518+01:00  INFO 5134 --- [ool-3-thread-44] tourGuide.service.RewardsService         : nearAttraction called with Mojave National Preserve
2023-01-20T14:46:40.518+01:00  INFO 5134 --- [ool-3-thread-54] tourGuide.service.RewardsService         : getDistance called
2023-01-20T14:46:40.524+01:00  INFO 5134 --- [ool-3-thread-44] tourGuide.service.RewardsService         : getDistance called
2023-01-20T14:46:40.519+01:00  INFO 5134 --- [ool-3-thread-45] tourGuide.service.RewardsService         : getDistance called
2023-01-20T14:46:40.524+01:00  INFO 5134 --- [ool-3-thread-54] tourGuide.service.RewardsService         : nearAttraction called with Jackson Hole
2023-01-20T14:46:40.519+01:00  INFO 5134 --- [ool-3-thread-37] tourGuide.service.RewardsService         : getDistance called
2023-01-20T14:46:40.519+01:00  INFO 5134 --- [ool-3-thread-47] tourGuide.service.RewardsService         : nearAttraction called with Disneyland
2023-01-20T14:46:40.519+01:00  INFO 5134 --- [ool-3-thread-12] tourGuide.service.RewardsService         : getDistance called
2023-01-20T14:46:40.524+01:00  INFO 5134 --- [ool-3-thread-47] tourGuide.service.RewardsService         : getDistance called
2023-01-20T14:46:40.519+01:00  INFO 5134 --- [ool-3-thread-60] tourGuide.service.RewardsService         : nearAttraction called with Kartchner Caverns State Park
2023-01-20T14:46:40.519+01:00  INFO 5134 --- [ool-3-thread-51] tourGuide.service.RewardsService         : getDistance called
2023-01-20T14:46:40.524+01:00  INFO 5134 --- [ool-3-thread-60] tourGuide.service.RewardsService         : getDistance called
2023-01-20T14:46:40.519+01:00  INFO 5134 --- [ool-3-thread-49] tourGuide.service.RewardsService         : getDistance called
2023-01-20T14:46:40.519+01:00  INFO 5134 --- [ool-3-thread-62] tourGuide.service.RewardsService         : getDistance called
2023-01-20T14:46:40.524+01:00  INFO 5134 --- [ool-3-thread-49] tourGuide.service.RewardsService         : nearAttraction called with McKinley Tower
2023-01-20T14:46:40.519+01:00  INFO 5134 --- [pool-3-thread-8] tourGuide.service.RewardsService         : nearAttraction called with Jackson Hole
2023-01-20T14:46:40.519+01:00  INFO 5134 --- [ool-3-thread-53] tourGuide.service.RewardsService         : nearAttraction called with Mojave National Preserve
2023-01-20T14:46:40.524+01:00  INFO 5134 --- [pool-3-thread-8] tourGuide.service.RewardsService         : getDistance called
2023-01-20T14:46:40.520+01:00  INFO 5134 --- [pool-3-thread-5] tourGuide.service.RewardsService         : nearAttraction called with McKinley Tower
2023-01-20T14:46:40.520+01:00  INFO 5134 --- [ool-3-thread-58] tourGuide.service.RewardsService         : nearAttraction called with Joshua Tree National Park
2023-01-20T14:46:40.525+01:00  INFO 5134 --- [pool-3-thread-8] tourGuide.service.RewardsService         : nearAttraction called with Fallingwater
2023-01-20T14:46:40.525+01:00  INFO 5134 --- [ool-3-thread-58] tourGuide.service.RewardsService         : getDistance called
2023-01-20T14:46:40.525+01:00  INFO 5134 --- [pool-3-thread-8] tourGuide.service.RewardsService         : getDistance called
2023-01-20T14:46:40.520+01:00  INFO 5134 --- [ool-3-thread-68] tourGuide.service.RewardsService         : nearAttraction called with Flatiron Building
2023-01-20T14:46:40.525+01:00  INFO 5134 --- [pool-3-thread-8] tourGuide.service.RewardsService         : nearAttraction called with Roger Dean Stadium
2023-01-20T14:46:40.525+01:00  INFO 5134 --- [ool-3-thread-68] tourGuide.service.RewardsService         : getDistance called
2023-01-20T14:46:40.520+01:00  INFO 5134 --- [ool-3-thread-18] tourGuide.service.RewardsService         : getDistance called
2023-01-20T14:46:40.520+01:00  INFO 5134 --- [ool-3-thread-69] tourGuide.service.RewardsService         : nearAttraction called with Buffalo National River
2023-01-20T14:46:40.520+01:00  INFO 5134 --- [pool-3-thread-2] tourGuide.service.RewardsService         : nearAttraction called with Fallingwater
2023-01-20T14:46:40.525+01:00  INFO 5134 --- [ool-3-thread-69] tourGuide.service.RewardsService         : getDistance called
2023-01-20T14:46:40.525+01:00  INFO 5134 --- [pool-3-thread-2] tourGuide.service.RewardsService         : getDistance called
2023-01-20T14:46:40.520+01:00  INFO 5134 --- [ool-3-thread-56] tourGuide.service.RewardsService         : getDistance called
2023-01-20T14:46:40.525+01:00  INFO 5134 --- [ool-3-thread-69] tourGuide.service.RewardsService         : nearAttraction called with Tiger Stadium
2023-01-20T14:46:40.520+01:00  INFO 5134 --- [ool-3-thread-66] tourGuide.service.RewardsService         : getDistance called
2023-01-20T14:46:40.525+01:00  INFO 5134 --- [ool-3-thread-69] tourGuide.service.RewardsService         : getDistance called
2023-01-20T14:46:40.520+01:00  INFO 5134 --- [ool-3-thread-19] tourGuide.service.RewardsService         : getDistance called
2023-01-20T14:46:40.520+01:00  INFO 5134 --- [ool-3-thread-34] tourGuide.service.RewardsService         : getDistance called
2023-01-20T14:46:40.520+01:00  INFO 5134 --- [ool-3-thread-17] tourGuide.service.RewardsService         : getDistance called
2023-01-20T14:46:40.525+01:00  INFO 5134 --- [ool-3-thread-34] tourGuide.service.RewardsService         : nearAttraction called with El Paso Zoo
2023-01-20T14:46:40.520+01:00  INFO 5134 --- [ool-3-thread-36] tourGuide.service.RewardsService         : nearAttraction called with Roger Dean Stadium
2023-01-20T14:46:40.525+01:00  INFO 5134 --- [ool-3-thread-34] tourGuide.service.RewardsService         : getDistance called
2023-01-20T14:46:40.525+01:00  INFO 5134 --- [ool-3-thread-36] tourGuide.service.RewardsService         : getDistance called
2023-01-20T14:46:40.525+01:00  INFO 5134 --- [ool-3-thread-34] tourGuide.service.RewardsService         : nearAttraction called with Bronx Zoo
2023-01-20T14:46:40.526+01:00  INFO 5134 --- [ool-3-thread-36] tourGuide.service.RewardsService         : nearAttraction called with Cinderella Castle
2023-01-20T14:46:40.526+01:00  INFO 5134 --- [ool-3-thread-36] tourGuide.service.RewardsService         : getDistance called
2023-01-20T14:46:40.526+01:00  INFO 5134 --- [ool-3-thread-36] tourGuide.service.RewardsService         : nearAttraction called with Disneyland
2023-01-20T14:46:40.526+01:00  INFO 5134 --- [ool-3-thread-36] tourGuide.service.RewardsService         : getDistance called
2023-01-20T14:46:40.526+01:00  INFO 5134 --- [ool-3-thread-36] tourGuide.service.RewardsService         : nearAttraction called with Jackson Hole
2023-01-20T14:46:40.526+01:00  INFO 5134 --- [ool-3-thread-36] tourGuide.service.RewardsService         : getDistance called
2023-01-20T14:46:40.526+01:00  INFO 5134 --- [ool-3-thread-36] tourGuide.service.RewardsService         : nearAttraction called with Mojave National Preserve
2023-01-20T14:46:40.526+01:00  INFO 5134 --- [ool-3-thread-36] tourGuide.service.RewardsService         : getDistance called
2023-01-20T14:46:40.526+01:00  INFO 5134 --- [ool-3-thread-36] tourGuide.service.RewardsService         : nearAttraction called with Joshua Tree National Park
2023-01-20T14:46:40.526+01:00  INFO 5134 --- [ool-3-thread-36] tourGuide.service.RewardsService         : getDistance called
2023-01-20T14:46:40.526+01:00  INFO 5134 --- [ool-3-thread-36] tourGuide.service.RewardsService         : nearAttraction called with Buffalo National River
2023-01-20T14:46:40.526+01:00  INFO 5134 --- [ool-3-thread-36] tourGuide.service.RewardsService         : getDistance called
2023-01-20T14:46:40.526+01:00  INFO 5134 --- [ool-3-thread-36] tourGuide.service.RewardsService         : nearAttraction called with Hot Springs National Park
2023-01-20T14:46:40.526+01:00  INFO 5134 --- [ool-3-thread-36] tourGuide.service.RewardsService         : getDistance called
2023-01-20T14:46:40.527+01:00  INFO 5134 --- [ool-3-thread-36] tourGuide.service.RewardsService         : nearAttraction called with Kartchner Caverns State Park
2023-01-20T14:46:40.527+01:00  INFO 5134 --- [ool-3-thread-36] tourGuide.service.RewardsService         : getDistance called
2023-01-20T14:46:40.527+01:00  INFO 5134 --- [ool-3-thread-36] tourGuide.service.RewardsService         : nearAttraction called with Legend Valley
2023-01-20T14:46:40.527+01:00  INFO 5134 --- [ool-3-thread-36] tourGuide.service.RewardsService         : getDistance called
2023-01-20T14:46:40.527+01:00  INFO 5134 --- [ool-3-thread-36] tourGuide.service.RewardsService         : nearAttraction called with Flowers Bakery of London
2023-01-20T14:46:40.520+01:00  INFO 5134 --- [pool-3-thread-3] tourGuide.service.RewardsService         : getDistance called
2023-01-20T14:46:40.521+01:00  INFO 5134 --- [ool-3-thread-39] tourGuide.service.RewardsService         : getDistance called
2023-01-20T14:46:40.527+01:00  INFO 5134 --- [pool-3-thread-3] tourGuide.service.RewardsService         : nearAttraction called with McKinley Tower
2023-01-20T14:46:40.521+01:00  INFO 5134 --- [pool-3-thread-1] tourGuide.service.RewardsService         : getDistance called
2023-01-20T14:46:40.527+01:00  INFO 5134 --- [pool-3-thread-3] tourGuide.service.RewardsService         : getDistance called
2023-01-20T14:46:40.521+01:00  INFO 5134 --- [ool-3-thread-14] tourGuide.service.RewardsService         : getDistance called
2023-01-20T14:46:40.521+01:00  INFO 5134 --- [ool-3-thread-59] tourGuide.service.RewardsService         : nearAttraction called with Texas Memorial Stadium
2023-01-20T14:46:40.521+01:00  INFO 5134 --- [ool-3-thread-46] tourGuide.service.RewardsService         : nearAttraction called with Flowers Bakery of London
2023-01-20T14:46:40.521+01:00  INFO 5134 --- [ool-3-thread-21] tourGuide.service.RewardsService         : getDistance called
2023-01-20T14:46:40.527+01:00  INFO 5134 --- [ool-3-thread-46] tourGuide.service.RewardsService         : getDistance called
2023-01-20T14:46:40.521+01:00  INFO 5134 --- [ool-3-thread-20] tourGuide.service.RewardsService         : nearAttraction called with Bryant-Denny Stadium
2023-01-20T14:46:40.521+01:00  INFO 5134 --- [ool-3-thread-35] tourGuide.service.RewardsService         : nearAttraction called with Tiger Stadium
2023-01-20T14:46:40.527+01:00  INFO 5134 --- [ool-3-thread-20] tourGuide.service.RewardsService         : getDistance called
2023-01-20T14:46:40.527+01:00  INFO 5134 --- [ool-3-thread-35] tourGuide.service.RewardsService         : getDistance called
2023-01-20T14:46:40.521+01:00  INFO 5134 --- [ool-3-thread-70] tourGuide.service.RewardsService         : nearAttraction called with Neyland Stadium
2023-01-20T14:46:40.521+01:00  INFO 5134 --- [ool-4-thread-35] tourGuide.service.RewardsService         : Rewards of internalUser96 calculated by calculateRewards
2023-01-20T14:46:40.521+01:00  INFO 5134 --- [ool-3-thread-31] tourGuide.service.RewardsService         : nearAttraction called with Fallingwater
2023-01-20T14:46:40.521+01:00  INFO 5134 --- [ool-3-thread-10] tourGuide.service.RewardsService         : getDistance called
2023-01-20T14:46:40.528+01:00  INFO 5134 --- [ool-3-thread-31] tourGuide.service.RewardsService         : getDistance called
2023-01-20T14:46:40.521+01:00  INFO 5134 --- [ool-3-thread-25] tourGuide.service.RewardsService         : nearAttraction called with Kyle Field
2023-01-20T14:46:40.528+01:00  INFO 5134 --- [ool-3-thread-10] tourGuide.service.RewardsService         : nearAttraction called with Kyle Field
2023-01-20T14:46:40.528+01:00  INFO 5134 --- [ool-3-thread-25] tourGuide.service.RewardsService         : getDistance called
2023-01-20T14:46:40.528+01:00  INFO 5134 --- [ool-3-thread-10] tourGuide.service.RewardsService         : getDistance called
2023-01-20T14:46:40.522+01:00  INFO 5134 --- [ool-3-thread-30] tourGuide.service.RewardsService         : nearAttraction called with Union Station
2023-01-20T14:46:40.522+01:00  INFO 5134 --- [ool-3-thread-13] tourGuide.service.RewardsService         : getDistance called
2023-01-20T14:46:40.528+01:00  INFO 5134 --- [ool-3-thread-30] tourGuide.service.RewardsService         : getDistance called
2023-01-20T14:46:40.522+01:00  INFO 5134 --- [ool-3-thread-26] tourGuide.service.RewardsService         : nearAttraction called with San Diego Zoo
2023-01-20T14:46:40.522+01:00  INFO 5134 --- [ool-3-thread-63] tourGuide.service.RewardsService         : getDistance called
2023-01-20T14:46:40.528+01:00  INFO 5134 --- [ool-3-thread-26] tourGuide.service.RewardsService         : getDistance called
2023-01-20T14:46:40.522+01:00  INFO 5134 --- [ool-3-thread-43] tourGuide.service.RewardsService         : getDistance called
2023-01-20T14:46:40.522+01:00  INFO 5134 --- [ool-3-thread-41] tourGuide.service.RewardsService         : nearAttraction called with Zoo Tampa at Lowry Park
2023-01-20T14:46:40.522+01:00  INFO 5134 --- [ool-3-thread-61] tourGuide.service.RewardsService         : getDistance called
2023-01-20T14:46:40.522+01:00  INFO 5134 --- [pool-3-thread-9] tourGuide.service.RewardsService         : nearAttraction called with Texas Memorial Stadium
2023-01-20T14:46:40.522+01:00  INFO 5134 --- [ool-3-thread-40] tourGuide.service.RewardsService         : nearAttraction called with Franklin Park Zoo
2023-01-20T14:46:40.522+01:00  INFO 5134 --- [ool-3-thread-22] tourGuide.service.RewardsService         : nearAttraction called with El Paso Zoo
2023-01-20T14:46:40.528+01:00  INFO 5134 --- [ool-3-thread-40] tourGuide.service.RewardsService         : getDistance called
2023-01-20T14:46:40.522+01:00  INFO 5134 --- [ool-3-thread-38] tourGuide.service.RewardsService         : getDistance called
2023-01-20T14:46:40.522+01:00  INFO 5134 --- [ool-3-thread-42] tourGuide.service.RewardsService         : nearAttraction called with Kansas City Zoo
2023-01-20T14:46:40.529+01:00  INFO 5134 --- [ool-3-thread-40] tourGuide.service.RewardsService         : nearAttraction called with Mojave National Preserve
2023-01-20T14:46:40.529+01:00  INFO 5134 --- [ool-3-thread-40] tourGuide.service.RewardsService         : getDistance called
2023-01-20T14:46:40.529+01:00  INFO 5134 --- [ool-3-thread-40] tourGuide.service.RewardsService         : nearAttraction called with Buffalo National River
2023-01-20T14:46:40.529+01:00  INFO 5134 --- [ool-3-thread-40] tourGuide.service.RewardsService         : getDistance called
2023-01-20T14:46:40.529+01:00  INFO 5134 --- [ool-3-thread-40] tourGuide.service.RewardsService         : nearAttraction called with Hot Springs National Park
2023-01-20T14:46:40.529+01:00  INFO 5134 --- [ool-3-thread-40] tourGuide.service.RewardsService         : getDistance called
2023-01-20T14:46:40.529+01:00  INFO 5134 --- [ool-3-thread-40] tourGuide.service.RewardsService         : nearAttraction called with Kartchner Caverns State Park
2023-01-20T14:46:40.529+01:00  INFO 5134 --- [ool-3-thread-40] tourGuide.service.RewardsService         : getDistance called
2023-01-20T14:46:40.529+01:00  INFO 5134 --- [ool-3-thread-40] tourGuide.service.RewardsService         : nearAttraction called with Legend Valley
2023-01-20T14:46:40.529+01:00  INFO 5134 --- [ool-3-thread-40] tourGuide.service.RewardsService         : getDistance called
2023-01-20T14:46:40.529+01:00  INFO 5134 --- [ool-3-thread-40] tourGuide.service.RewardsService         : nearAttraction called with Flowers Bakery of London
2023-01-20T14:46:40.529+01:00  INFO 5134 --- [ool-3-thread-40] tourGuide.service.RewardsService         : getDistance called
2023-01-20T14:46:40.530+01:00  INFO 5134 --- [ool-3-thread-40] tourGuide.service.RewardsService         : nearAttraction called with McKinley Tower
2023-01-20T14:46:40.530+01:00  INFO 5134 --- [ool-3-thread-40] tourGuide.service.RewardsService         : getDistance called
2023-01-20T14:46:40.530+01:00  INFO 5134 --- [ool-3-thread-40] tourGuide.service.RewardsService         : nearAttraction called with Flatiron Building
2023-01-20T14:46:40.522+01:00  INFO 5134 --- [ool-3-thread-67] tourGuide.service.RewardsService         : getDistance called
2023-01-20T14:46:40.523+01:00  INFO 5134 --- [ool-3-thread-23] tourGuide.service.RewardsService         : getDistance called
2023-01-20T14:46:40.530+01:00  INFO 5134 --- [ool-3-thread-67] tourGuide.service.RewardsService         : nearAttraction called with Fallingwater
2023-01-20T14:46:40.523+01:00  INFO 5134 --- [pool-3-thread-7] tourGuide.service.RewardsService         : nearAttraction called with Neyland Stadium
2023-01-20T14:46:40.523+01:00  INFO 5134 --- [ool-3-thread-15] tourGuide.service.RewardsService         : nearAttraction called with Bronx Zoo
2023-01-20T14:46:40.523+01:00  INFO 5134 --- [pool-3-thread-6] tourGuide.service.RewardsService         : getDistance called
2023-01-20T14:46:40.523+01:00  INFO 5134 --- [ool-3-thread-64] tourGuide.service.RewardsService         : nearAttraction called with Kyle Field
2023-01-20T14:46:40.530+01:00  INFO 5134 --- [pool-3-thread-6] tourGuide.service.RewardsService         : nearAttraction called with Roger Dean Stadium
2023-01-20T14:46:40.523+01:00  INFO 5134 --- [ool-3-thread-50] tourGuide.service.RewardsService         : nearAttraction called with San Diego Zoo
2023-01-20T14:46:40.530+01:00  INFO 5134 --- [pool-3-thread-6] tourGuide.service.RewardsService         : getDistance called
2023-01-20T14:46:40.523+01:00  INFO 5134 --- [ool-3-thread-28] tourGuide.service.RewardsService         : getDistance called
2023-01-20T14:46:40.523+01:00  INFO 5134 --- [ool-3-thread-24] tourGuide.service.RewardsService         : nearAttraction called with Franklin Park Zoo
2023-01-20T14:46:40.530+01:00  INFO 5134 --- [ool-3-thread-28] tourGuide.service.RewardsService         : nearAttraction called with Bryant-Denny Stadium
2023-01-20T14:46:40.530+01:00  INFO 5134 --- [ool-3-thread-24] tourGuide.service.RewardsService         : getDistance called
2023-01-20T14:46:40.523+01:00  INFO 5134 --- [ool-3-thread-65] tourGuide.service.RewardsService         : getDistance called
2023-01-20T14:46:40.531+01:00  INFO 5134 --- [ool-3-thread-28] tourGuide.service.RewardsService         : getDistance called
2023-01-20T14:46:40.531+01:00  INFO 5134 --- [ool-3-thread-24] tourGuide.service.RewardsService         : nearAttraction called with Tiger Stadium
2023-01-20T14:46:40.523+01:00  INFO 5134 --- [ool-3-thread-32] tourGuide.service.RewardsService         : getDistance called
2023-01-20T14:46:40.523+01:00  INFO 5134 --- [ool-3-thread-33] tourGuide.service.RewardsService         : nearAttraction called with El Paso Zoo
2023-01-20T14:46:40.523+01:00  INFO 5134 --- [ool-3-thread-29] tourGuide.service.RewardsService         : getDistance called
2023-01-20T14:46:40.523+01:00  INFO 5134 --- [ool-3-thread-48] tourGuide.service.RewardsService         : getDistance called
2023-01-20T14:46:40.531+01:00  INFO 5134 --- [ool-3-thread-29] tourGuide.service.RewardsService         : nearAttraction called with Zoo Tampa at Lowry Park
2023-01-20T14:46:40.523+01:00  INFO 5134 --- [ool-3-thread-57] tourGuide.service.RewardsService         : nearAttraction called with Kansas City Zoo
2023-01-20T14:46:40.523+01:00  INFO 5134 --- [ool-3-thread-27] tourGuide.service.RewardsService         : getDistance called
2023-01-20T14:46:40.531+01:00  INFO 5134 --- [ool-3-thread-57] tourGuide.service.RewardsService         : getDistance called
2023-01-20T14:46:40.523+01:00  INFO 5134 --- [pool-3-thread-4] tourGuide.service.RewardsService         : nearAttraction called with Bronx Zoo
2023-01-20T14:46:40.524+01:00  INFO 5134 --- [ool-3-thread-55] tourGuide.service.RewardsService         : getDistance called
2023-01-20T14:46:40.524+01:00  INFO 5134 --- [ool-3-thread-11] tourGuide.service.RewardsService         : getDistance called
2023-01-20T14:46:40.531+01:00  INFO 5134 --- [ool-3-thread-55] tourGuide.service.RewardsService         : nearAttraction called with Bronx Zoo
2023-01-20T14:46:40.524+01:00  INFO 5134 --- [ool-3-thread-16] tourGuide.service.RewardsService         : nearAttraction called with Cinderella Castle
2023-01-20T14:46:40.524+01:00  INFO 5134 --- [ool-3-thread-52] tourGuide.service.RewardsService         : nearAttraction called with Disneyland
2023-01-20T14:46:40.524+01:00  INFO 5134 --- [ool-4-thread-54] tourGuide.service.RewardsService         : Rewards of internalUser28 calculated by calculateRewards
2023-01-20T14:46:40.524+01:00  INFO 5134 --- [ool-3-thread-44] tourGuide.service.RewardsService         : nearAttraction called with Mojave National Preserve
2023-01-20T14:46:40.524+01:00  INFO 5134 --- [ool-3-thread-54] tourGuide.service.RewardsService         : getDistance called
2023-01-20T14:46:40.524+01:00  INFO 5134 --- [ool-3-thread-45] tourGuide.service.RewardsService         : nearAttraction called with Joshua Tree National Park
2023-01-20T14:46:40.532+01:00  INFO 5134 --- [ool-3-thread-54] tourGuide.service.RewardsService         : nearAttraction called with Disneyland
2023-01-20T14:46:40.524+01:00  INFO 5134 --- [ool-3-thread-37] tourGuide.service.RewardsService         : nearAttraction called with Buffalo National River
2023-01-20T14:46:40.532+01:00  INFO 5134 --- [ool-3-thread-54] tourGuide.service.RewardsService         : getDistance called
2023-01-20T14:46:40.524+01:00  INFO 5134 --- [ool-3-thread-12] tourGuide.service.RewardsService         : nearAttraction called with Hot Springs National Park
2023-01-20T14:46:40.524+01:00  INFO 5134 --- [ool-3-thread-47] tourGuide.service.RewardsService         : nearAttraction called with Kartchner Caverns State Park
2023-01-20T14:46:40.524+01:00  INFO 5134 --- [ool-3-thread-51] tourGuide.service.RewardsService         : nearAttraction called with Legend Valley
2023-01-20T14:46:40.532+01:00  INFO 5134 --- [ool-3-thread-47] tourGuide.service.RewardsService         : getDistance called
2023-01-20T14:46:40.532+01:00  INFO 5134 --- [ool-3-thread-51] tourGuide.service.RewardsService         : getDistance called
2023-01-20T14:46:40.524+01:00  INFO 5134 --- [ool-3-thread-60] tourGuide.service.RewardsService         : nearAttraction called with Flowers Bakery of London
2023-01-20T14:46:40.524+01:00  INFO 5134 --- [ool-3-thread-62] tourGuide.service.RewardsService         : nearAttraction called with Flatiron Building
2023-01-20T14:46:40.532+01:00  INFO 5134 --- [ool-3-thread-60] tourGuide.service.RewardsService         : getDistance called
2023-01-20T14:46:40.524+01:00  INFO 5134 --- [ool-3-thread-49] tourGuide.service.RewardsService         : getDistance called
2023-01-20T14:46:40.525+01:00  INFO 5134 --- [pool-3-thread-5] tourGuide.service.RewardsService         : getDistance called
2023-01-20T14:46:40.532+01:00  INFO 5134 --- [ool-3-thread-49] tourGuide.service.RewardsService         : nearAttraction called with Hot Springs National Park
2023-01-20T14:46:40.532+01:00  INFO 5134 --- [pool-3-thread-5] tourGuide.service.RewardsService         : nearAttraction called with Kartchner Caverns State Park
2023-01-20T14:46:40.525+01:00  INFO 5134 --- [ool-3-thread-53] tourGuide.service.RewardsService         : getDistance called
2023-01-20T14:46:40.525+01:00  INFO 5134 --- [ool-3-thread-58] tourGuide.service.RewardsService         : nearAttraction called with Union Station
2023-01-20T14:46:40.525+01:00  INFO 5134 --- [pool-3-thread-8] tourGuide.service.RewardsService         : getDistance called
2023-01-20T14:46:40.525+01:00  INFO 5134 --- [ool-3-thread-68] tourGuide.service.RewardsService         : nearAttraction called with Texas Memorial Stadium
2023-01-20T14:46:40.533+01:00  INFO 5134 --- [ool-3-thread-58] tourGuide.service.RewardsService         : getDistance called
2023-01-20T14:46:40.533+01:00  INFO 5134 --- [ool-3-thread-68] tourGuide.service.RewardsService         : getDistance called
2023-01-20T14:46:40.525+01:00  INFO 5134 --- [ool-3-thread-18] tourGuide.service.RewardsService         : nearAttraction called with Bryant-Denny Stadium
2023-01-20T14:46:40.533+01:00  INFO 5134 --- [ool-3-thread-68] tourGuide.service.RewardsService         : nearAttraction called with Flatiron Building
2023-01-20T14:46:40.533+01:00  INFO 5134 --- [ool-3-thread-18] tourGuide.service.RewardsService         : getDistance called
2023-01-20T14:46:40.525+01:00  INFO 5134 --- [pool-3-thread-2] tourGuide.service.RewardsService         : nearAttraction called with Neyland Stadium
2023-01-20T14:46:40.525+01:00  INFO 5134 --- [ool-3-thread-56] tourGuide.service.RewardsService         : nearAttraction called with Kyle Field
2023-01-20T14:46:40.533+01:00  INFO 5134 --- [pool-3-thread-2] tourGuide.service.RewardsService         : getDistance called
2023-01-20T14:46:40.525+01:00  INFO 5134 --- [ool-3-thread-66] tourGuide.service.RewardsService         : nearAttraction called with San Diego Zoo
2023-01-20T14:46:40.525+01:00  INFO 5134 --- [ool-3-thread-69] tourGuide.service.RewardsService         : nearAttraction called with Zoo Tampa at Lowry Park
2023-01-20T14:46:40.533+01:00  INFO 5134 --- [ool-3-thread-66] tourGuide.service.RewardsService         : getDistance called
2023-01-20T14:46:40.525+01:00  INFO 5134 --- [ool-3-thread-19] tourGuide.service.RewardsService         : nearAttraction called with Franklin Park Zoo
2023-01-20T14:46:40.525+01:00  INFO 5134 --- [ool-3-thread-17] tourGuide.service.RewardsService         : nearAttraction called with Kansas City Zoo
2023-01-20T14:46:40.533+01:00  INFO 5134 --- [ool-3-thread-19] tourGuide.service.RewardsService         : getDistance called
2023-01-20T14:46:40.526+01:00  INFO 5134 --- [ool-3-thread-34] tourGuide.service.RewardsService         : getDistance called
2023-01-20T14:46:40.527+01:00  INFO 5134 --- [ool-3-thread-36] tourGuide.service.RewardsService         : getDistance called
2023-01-20T14:46:40.527+01:00  INFO 5134 --- [ool-3-thread-39] tourGuide.service.RewardsService         : nearAttraction called with Flatiron Building
2023-01-20T14:46:40.533+01:00  INFO 5134 --- [ool-3-thread-36] tourGuide.service.RewardsService         : nearAttraction called with Tiger Stadium
2023-01-20T14:46:40.527+01:00  INFO 5134 --- [pool-3-thread-1] tourGuide.service.RewardsService         : nearAttraction called with Fallingwater
2023-01-20T14:46:40.527+01:00  INFO 5134 --- [pool-3-thread-3] tourGuide.service.RewardsService         : nearAttraction called with Union Station
2023-01-20T14:46:40.527+01:00  INFO 5134 --- [ool-3-thread-14] tourGuide.service.RewardsService         : nearAttraction called with Roger Dean Stadium
2023-01-20T14:46:40.534+01:00  INFO 5134 --- [pool-3-thread-1] tourGuide.service.RewardsService         : getDistance called
2023-01-20T14:46:40.527+01:00  INFO 5134 --- [ool-3-thread-59] tourGuide.service.RewardsService         : getDistance called
2023-01-20T14:46:40.527+01:00  INFO 5134 --- [ool-3-thread-21] tourGuide.service.RewardsService         : nearAttraction called with Texas Memorial Stadium
2023-01-20T14:46:40.527+01:00  INFO 5134 --- [ool-3-thread-46] tourGuide.service.RewardsService         : nearAttraction called with Bryant-Denny Stadium
2023-01-20T14:46:40.528+01:00  INFO 5134 --- [ool-3-thread-20] tourGuide.service.RewardsService         : nearAttraction called with Tiger Stadium
2023-01-20T14:46:40.534+01:00  INFO 5134 --- [ool-3-thread-46] tourGuide.service.RewardsService         : getDistance called
2023-01-20T14:46:40.528+01:00  INFO 5134 --- [ool-3-thread-70] tourGuide.service.RewardsService         : getDistance called
2023-01-20T14:46:40.528+01:00  INFO 5134 --- [ool-3-thread-35] tourGuide.service.RewardsService         : nearAttraction called with Neyland Stadium
2023-01-20T14:46:40.528+01:00  INFO 5134 --- [ool-4-thread-64] tourGuide.service.RewardsService         : Rewards of internalUser34 calculated by calculateRewards
2023-01-20T14:46:40.528+01:00  INFO 5134 --- [ool-3-thread-31] tourGuide.service.RewardsService         : nearAttraction called with San Diego Zoo
2023-01-20T14:46:40.528+01:00  INFO 5134 --- [ool-3-thread-25] tourGuide.service.RewardsService         : nearAttraction called with Zoo Tampa at Lowry Park
2023-01-20T14:46:40.528+01:00  INFO 5134 --- [ool-3-thread-10] tourGuide.service.RewardsService         : nearAttraction called with Franklin Park Zoo
2023-01-20T14:46:40.534+01:00  INFO 5134 --- [ool-3-thread-25] tourGuide.service.RewardsService         : getDistance called
2023-01-20T14:46:40.528+01:00  INFO 5134 --- [ool-3-thread-13] tourGuide.service.RewardsService         : nearAttraction called with El Paso Zoo
2023-01-20T14:46:40.528+01:00  INFO 5134 --- [ool-3-thread-30] tourGuide.service.RewardsService         : nearAttraction called with Kansas City Zoo
2023-01-20T14:46:40.534+01:00  INFO 5134 --- [ool-3-thread-13] tourGuide.service.RewardsService         : getDistance called
2023-01-20T14:46:40.534+01:00  INFO 5134 --- [ool-3-thread-30] tourGuide.service.RewardsService         : getDistance called
2023-01-20T14:46:40.528+01:00  INFO 5134 --- [ool-3-thread-63] tourGuide.service.RewardsService         : nearAttraction called with Bronx Zoo
2023-01-20T14:46:40.528+01:00  INFO 5134 --- [ool-3-thread-26] tourGuide.service.RewardsService         : nearAttraction called with Cinderella Castle
2023-01-20T14:46:40.534+01:00  INFO 5134 --- [ool-3-thread-63] tourGuide.service.RewardsService         : getDistance called
2023-01-20T14:46:40.528+01:00  INFO 5134 --- [ool-3-thread-43] tourGuide.service.RewardsService         : nearAttraction called with Disneyland
2023-01-20T14:46:40.528+01:00  INFO 5134 --- [ool-3-thread-41] tourGuide.service.RewardsService         : getDistance called
2023-01-20T14:46:40.528+01:00  INFO 5134 --- [ool-3-thread-61] tourGuide.service.RewardsService         : nearAttraction called with Jackson Hole
2023-01-20T14:46:40.528+01:00  INFO 5134 --- [pool-3-thread-9] tourGuide.service.RewardsService         : getDistance called
2023-01-20T14:46:40.528+01:00  INFO 5134 --- [ool-3-thread-22] tourGuide.service.RewardsService         : getDistance called
2023-01-20T14:46:40.529+01:00  INFO 5134 --- [ool-3-thread-38] tourGuide.service.RewardsService         : nearAttraction called with Joshua Tree National Park
2023-01-20T14:46:40.529+01:00  INFO 5134 --- [ool-3-thread-42] tourGuide.service.RewardsService         : getDistance called
2023-01-20T14:46:40.535+01:00  INFO 5134 --- [ool-3-thread-38] tourGuide.service.RewardsService         : getDistance called
2023-01-20T14:46:40.530+01:00  INFO 5134 --- [ool-3-thread-40] tourGuide.service.RewardsService         : getDistance called
2023-01-20T14:46:40.530+01:00  INFO 5134 --- [ool-3-thread-23] tourGuide.service.RewardsService         : nearAttraction called with Union Station
2023-01-20T14:46:40.535+01:00  INFO 5134 --- [ool-3-thread-40] tourGuide.service.RewardsService         : nearAttraction called with Buffalo National River
2023-01-20T14:46:40.535+01:00  INFO 5134 --- [ool-3-thread-23] tourGuide.service.RewardsService         : getDistance called
2023-01-20T14:46:40.535+01:00  INFO 5134 --- [ool-3-thread-40] tourGuide.service.RewardsService         : getDistance called
2023-01-20T14:46:40.535+01:00  INFO 5134 --- [ool-3-thread-23] tourGuide.service.RewardsService         : nearAttraction called with Hot Springs National Park
2023-01-20T14:46:40.535+01:00  INFO 5134 --- [ool-3-thread-40] tourGuide.service.RewardsService         : nearAttraction called with Kartchner Caverns State Park
2023-01-20T14:46:40.535+01:00  INFO 5134 --- [ool-3-thread-23] tourGuide.service.RewardsService         : getDistance called
2023-01-20T14:46:40.535+01:00  INFO 5134 --- [ool-3-thread-40] tourGuide.service.RewardsService         : getDistance called
2023-01-20T14:46:40.535+01:00  INFO 5134 --- [ool-3-thread-23] tourGuide.service.RewardsService         : nearAttraction called with Legend Valley
2023-01-20T14:46:40.535+01:00  INFO 5134 --- [ool-3-thread-40] tourGuide.service.RewardsService         : nearAttraction called with Flowers Bakery of London
2023-01-20T14:46:40.535+01:00  INFO 5134 --- [ool-3-thread-23] tourGuide.service.RewardsService         : getDistance called
2023-01-20T14:46:40.535+01:00  INFO 5134 --- [ool-3-thread-40] tourGuide.service.RewardsService         : getDistance called
2023-01-20T14:46:40.535+01:00  INFO 5134 --- [ool-3-thread-23] tourGuide.service.RewardsService         : nearAttraction called with McKinley Tower
2023-01-20T14:46:40.535+01:00  INFO 5134 --- [ool-3-thread-40] tourGuide.service.RewardsService         : nearAttraction called with Flatiron Building
2023-01-20T14:46:40.535+01:00  INFO 5134 --- [ool-3-thread-23] tourGuide.service.RewardsService         : getDistance called
2023-01-20T14:46:40.530+01:00  INFO 5134 --- [ool-3-thread-67] tourGuide.service.RewardsService         : getDistance called
2023-01-20T14:46:40.530+01:00  INFO 5134 --- [ool-3-thread-15] tourGuide.service.RewardsService         : getDistance called
2023-01-20T14:46:40.536+01:00  INFO 5134 --- [ool-3-thread-15] tourGuide.service.RewardsService         : nearAttraction called with Union Station
2023-01-20T14:46:40.536+01:00  INFO 5134 --- [ool-4-thread-52] tourGuide.service.RewardsService         : Rewards of internalUser26 calculated by calculateRewards
2023-01-20T14:46:40.530+01:00  INFO 5134 --- [pool-3-thread-7] tourGuide.service.RewardsService         : getDistance called
2023-01-20T14:46:40.530+01:00  INFO 5134 --- [ool-3-thread-64] tourGuide.service.RewardsService         : getDistance called
2023-01-20T14:46:40.530+01:00  INFO 5134 --- [ool-3-thread-50] tourGuide.service.RewardsService         : getDistance called
2023-01-20T14:46:40.530+01:00  INFO 5134 --- [pool-3-thread-6] tourGuide.service.RewardsService         : nearAttraction called with Texas Memorial Stadium
2023-01-20T14:46:40.531+01:00  INFO 5134 --- [ool-3-thread-65] tourGuide.service.RewardsService         : nearAttraction called with Neyland Stadium
2023-01-20T14:46:40.536+01:00  INFO 5134 --- [ool-3-thread-50] tourGuide.service.RewardsService         : nearAttraction called with Tiger Stadium
2023-01-20T14:46:40.531+01:00  INFO 5134 --- [ool-3-thread-28] tourGuide.service.RewardsService         : nearAttraction called with Kyle Field
2023-01-20T14:46:40.536+01:00  INFO 5134 --- [ool-3-thread-50] tourGuide.service.RewardsService         : getDistance called
2023-01-20T14:46:40.531+01:00  INFO 5134 --- [ool-3-thread-24] tourGuide.service.RewardsService         : getDistance called
2023-01-20T14:46:40.531+01:00  INFO 5134 --- [ool-3-thread-32] tourGuide.service.RewardsService         : nearAttraction called with San Diego Zoo
2023-01-20T14:46:40.531+01:00  INFO 5134 --- [ool-3-thread-33] tourGuide.service.RewardsService         : getDistance called
2023-01-20T14:46:40.531+01:00  INFO 5134 --- [ool-3-thread-48] tourGuide.service.RewardsService         : nearAttraction called with Franklin Park Zoo
2023-01-20T14:46:40.531+01:00  INFO 5134 --- [ool-3-thread-29] tourGuide.service.RewardsService         : getDistance called
2023-01-20T14:46:40.537+01:00  INFO 5134 --- [ool-3-thread-48] tourGuide.service.RewardsService         : getDistance called
2023-01-20T14:46:40.537+01:00  INFO 5134 --- [ool-3-thread-48] tourGuide.service.RewardsService         : nearAttraction called with Franklin Park Zoo
2023-01-20T14:46:40.531+01:00  INFO 5134 --- [ool-3-thread-27] tourGuide.service.RewardsService         : nearAttraction called with El Paso Zoo
2023-01-20T14:46:40.531+01:00  INFO 5134 --- [ool-3-thread-57] tourGuide.service.RewardsService         : nearAttraction called with Kansas City Zoo
2023-01-20T14:46:40.537+01:00  INFO 5134 --- [ool-3-thread-27] tourGuide.service.RewardsService         : getDistance called
2023-01-20T14:46:40.531+01:00  INFO 5134 --- [ool-4-thread-45] tourGuide.service.RewardsService         : Rewards of internalUser6 calculated by calculateRewards
2023-01-20T14:46:40.531+01:00  INFO 5134 --- [pool-3-thread-4] tourGuide.service.RewardsService         : getDistance called
2023-01-20T14:46:40.531+01:00  INFO 5134 --- [ool-3-thread-11] tourGuide.service.RewardsService         : nearAttraction called with Cinderella Castle
2023-01-20T14:46:40.531+01:00  INFO 5134 --- [ool-3-thread-55] tourGuide.service.RewardsService         : getDistance called
2023-01-20T14:46:40.531+01:00  INFO 5134 --- [ool-3-thread-16] tourGuide.service.RewardsService         : getDistance called
2023-01-20T14:46:40.531+01:00  INFO 5134 --- [ool-3-thread-52] tourGuide.service.RewardsService         : getDistance called
2023-01-20T14:46:40.532+01:00  INFO 5134 --- [ool-3-thread-44] tourGuide.service.RewardsService         : getDistance called
2023-01-20T14:46:40.537+01:00  INFO 5134 --- [ool-4-thread-59] tourGuide.service.RewardsService         : Rewards of internalUser21 calculated by calculateRewards
2023-01-20T14:46:40.537+01:00  INFO 5134 --- [ool-3-thread-44] tourGuide.service.RewardsService         : nearAttraction called with Jackson Hole
2023-01-20T14:46:40.532+01:00  INFO 5134 --- [ool-3-thread-45] tourGuide.service.RewardsService         : getDistance called
2023-01-20T14:46:40.537+01:00  INFO 5134 --- [ool-3-thread-44] tourGuide.service.RewardsService         : getDistance called
2023-01-20T14:46:40.532+01:00  INFO 5134 --- [ool-3-thread-37] tourGuide.service.RewardsService         : getDistance called
2023-01-20T14:46:40.532+01:00  INFO 5134 --- [ool-3-thread-54] tourGuide.service.RewardsService         : nearAttraction called with Jackson Hole
2023-01-20T14:46:40.532+01:00  INFO 5134 --- [ool-3-thread-12] tourGuide.service.RewardsService         : getDistance called
2023-01-20T14:46:40.538+01:00  INFO 5134 --- [ool-3-thread-37] tourGuide.service.RewardsService         : nearAttraction called with Buffalo National River
2023-01-20T14:46:40.532+01:00  INFO 5134 --- [ool-3-thread-47] tourGuide.service.RewardsService         : nearAttraction called with Mojave National Preserve
2023-01-20T14:46:40.538+01:00  INFO 5134 --- [ool-3-thread-37] tourGuide.service.RewardsService         : getDistance called
2023-01-20T14:46:40.532+01:00  INFO 5134 --- [ool-3-thread-51] tourGuide.service.RewardsService         : nearAttraction called with Joshua Tree National Park
2023-01-20T14:46:40.532+01:00  INFO 5134 --- [ool-3-thread-62] tourGuide.service.RewardsService         : getDistance called
2023-01-20T14:46:40.532+01:00  INFO 5134 --- [ool-3-thread-60] tourGuide.service.RewardsService         : nearAttraction called with Buffalo National River
2023-01-20T14:46:40.532+01:00  INFO 5134 --- [ool-3-thread-49] tourGuide.service.RewardsService         : getDistance called
2023-01-20T14:46:40.532+01:00  INFO 5134 --- [pool-3-thread-5] tourGuide.service.RewardsService         : getDistance called
2023-01-20T14:46:40.533+01:00  INFO 5134 --- [pool-3-thread-8] tourGuide.service.RewardsService         : nearAttraction called with Flowers Bakery of London
2023-01-20T14:46:40.538+01:00  INFO 5134 --- [pool-3-thread-5] tourGuide.service.RewardsService         : nearAttraction called with McKinley Tower
2023-01-20T14:46:40.538+01:00  INFO 5134 --- [pool-3-thread-8] tourGuide.service.RewardsService         : getDistance called
2023-01-20T14:46:40.538+01:00  INFO 5134 --- [pool-3-thread-5] tourGuide.service.RewardsService         : getDistance called
2023-01-20T14:46:40.538+01:00  INFO 5134 --- [pool-3-thread-8] tourGuide.service.RewardsService         : nearAttraction called with Flatiron Building
2023-01-20T14:46:40.533+01:00  INFO 5134 --- [ool-3-thread-53] tourGuide.service.RewardsService         : nearAttraction called with Legend Valley
2023-01-20T14:46:40.533+01:00  INFO 5134 --- [ool-3-thread-58] tourGuide.service.RewardsService         : nearAttraction called with McKinley Tower
2023-01-20T14:46:40.533+01:00  INFO 5134 --- [ool-3-thread-68] tourGuide.service.RewardsService         : getDistance called
2023-01-20T14:46:40.538+01:00  INFO 5134 --- [ool-3-thread-58] tourGuide.service.RewardsService         : getDistance called
2023-01-20T14:46:40.533+01:00  INFO 5134 --- [ool-3-thread-18] tourGuide.service.RewardsService         : nearAttraction called with Fallingwater
2023-01-20T14:46:40.533+01:00  INFO 5134 --- [ool-3-thread-56] tourGuide.service.RewardsService         : getDistance called
2023-01-20T14:46:40.538+01:00  INFO 5134 --- [ool-3-thread-18] tourGuide.service.RewardsService         : getDistance called
2023-01-20T14:46:40.533+01:00  INFO 5134 --- [pool-3-thread-2] tourGuide.service.RewardsService         : nearAttraction called with Union Station
2023-01-20T14:46:40.539+01:00  INFO 5134 --- [ool-3-thread-56] tourGuide.service.RewardsService         : nearAttraction called with Texas Memorial Stadium
2023-01-20T14:46:40.533+01:00  INFO 5134 --- [ool-3-thread-69] tourGuide.service.RewardsService         : getDistance called
2023-01-20T14:46:40.539+01:00  INFO 5134 --- [ool-3-thread-56] tourGuide.service.RewardsService         : getDistance called
2023-01-20T14:46:40.533+01:00  INFO 5134 --- [ool-3-thread-66] tourGuide.service.RewardsService         : nearAttraction called with Roger Dean Stadium
2023-01-20T14:46:40.533+01:00  INFO 5134 --- [ool-3-thread-17] tourGuide.service.RewardsService         : getDistance called
2023-01-20T14:46:40.533+01:00  INFO 5134 --- [ool-3-thread-19] tourGuide.service.RewardsService         : nearAttraction called with Texas Memorial Stadium
2023-01-20T14:46:40.533+01:00  INFO 5134 --- [ool-3-thread-34] tourGuide.service.RewardsService         : nearAttraction called with Bryant-Denny Stadium
2023-01-20T14:46:40.533+01:00  INFO 5134 --- [ool-3-thread-39] tourGuide.service.RewardsService         : getDistance called
2023-01-20T14:46:40.539+01:00  INFO 5134 --- [ool-3-thread-34] tourGuide.service.RewardsService         : getDistance called
2023-01-20T14:46:40.533+01:00  INFO 5134 --- [ool-3-thread-36] tourGuide.service.RewardsService         : getDistance called
2023-01-20T14:46:40.534+01:00  INFO 5134 --- [ool-3-thread-14] tourGuide.service.RewardsService         : getDistance called
2023-01-20T14:46:40.539+01:00  INFO 5134 --- [ool-3-thread-36] tourGuide.service.RewardsService         : nearAttraction called with Franklin Park Zoo
2023-01-20T14:46:40.534+01:00  INFO 5134 --- [pool-3-thread-1] tourGuide.service.RewardsService         : nearAttraction called with Neyland Stadium
2023-01-20T14:46:40.534+01:00  INFO 5134 --- [pool-3-thread-3] tourGuide.service.RewardsService         : getDistance called
2023-01-20T14:46:40.539+01:00  INFO 5134 --- [pool-3-thread-1] tourGuide.service.RewardsService         : getDistance called
2023-01-20T14:46:40.534+01:00  INFO 5134 --- [ool-3-thread-59] tourGuide.service.RewardsService         : nearAttraction called with Kyle Field
2023-01-20T14:46:40.539+01:00  INFO 5134 --- [pool-3-thread-3] tourGuide.service.RewardsService         : nearAttraction called with Kansas City Zoo
2023-01-20T14:46:40.534+01:00  INFO 5134 --- [ool-3-thread-21] tourGuide.service.RewardsService         : getDistance called
2023-01-20T14:46:40.539+01:00  INFO 5134 --- [pool-3-thread-3] tourGuide.service.RewardsService         : getDistance called
2023-01-20T14:46:40.534+01:00  INFO 5134 --- [ool-3-thread-20] tourGuide.service.RewardsService         : getDistance called
2023-01-20T14:46:40.534+01:00  INFO 5134 --- [ool-3-thread-46] tourGuide.service.RewardsService         : nearAttraction called with San Diego Zoo
2023-01-20T14:46:40.534+01:00  INFO 5134 --- [ool-3-thread-70] tourGuide.service.RewardsService         : nearAttraction called with Zoo Tampa at Lowry Park
2023-01-20T14:46:40.534+01:00  INFO 5134 --- [ool-3-thread-35] tourGuide.service.RewardsService         : getDistance called
2023-01-20T14:46:40.534+01:00  INFO 5134 --- [ool-3-thread-31] tourGuide.service.RewardsService         : getDistance called
2023-01-20T14:46:40.534+01:00  INFO 5134 --- [ool-3-thread-10] tourGuide.service.RewardsService         : getDistance called
2023-01-20T14:46:40.534+01:00  INFO 5134 --- [ool-3-thread-25] tourGuide.service.RewardsService         : nearAttraction called with Franklin Park Zoo
2023-01-20T14:46:40.534+01:00  INFO 5134 --- [ool-3-thread-13] tourGuide.service.RewardsService         : nearAttraction called with El Paso Zoo
2023-01-20T14:46:40.540+01:00  INFO 5134 --- [ool-3-thread-10] tourGuide.service.RewardsService         : nearAttraction called with Buffalo National River
2023-01-20T14:46:40.540+01:00  INFO 5134 --- [ool-3-thread-13] tourGuide.service.RewardsService         : getDistance called
2023-01-20T14:46:40.534+01:00  INFO 5134 --- [ool-3-thread-30] tourGuide.service.RewardsService         : nearAttraction called with Kansas City Zoo
2023-01-20T14:46:40.535+01:00  INFO 5134 --- [ool-3-thread-26] tourGuide.service.RewardsService         : getDistance called
2023-01-20T14:46:40.540+01:00  INFO 5134 --- [ool-3-thread-30] tourGuide.service.RewardsService         : getDistance called
2023-01-20T14:46:40.535+01:00  INFO 5134 --- [ool-3-thread-63] tourGuide.service.RewardsService         : nearAttraction called with Bronx Zoo
2023-01-20T14:46:40.540+01:00  INFO 5134 --- [ool-3-thread-26] tourGuide.service.RewardsService         : nearAttraction called with Kartchner Caverns State Park
2023-01-20T14:46:40.535+01:00  INFO 5134 --- [ool-3-thread-43] tourGuide.service.RewardsService         : getDistance called
2023-01-20T14:46:40.540+01:00  INFO 5134 --- [ool-3-thread-26] tourGuide.service.RewardsService         : getDistance called
2023-01-20T14:46:40.535+01:00  INFO 5134 --- [ool-3-thread-41] tourGuide.service.RewardsService         : nearAttraction called with Cinderella Castle
2023-01-20T14:46:40.535+01:00  INFO 5134 --- [ool-3-thread-61] tourGuide.service.RewardsService         : getDistance called
2023-01-20T14:46:40.540+01:00  INFO 5134 --- [ool-3-thread-26] tourGuide.service.RewardsService         : nearAttraction called with McKinley Tower
2023-01-20T14:46:40.535+01:00  INFO 5134 --- [pool-3-thread-9] tourGuide.service.RewardsService         : nearAttraction called with Disneyland
2023-01-20T14:46:40.540+01:00  INFO 5134 --- [ool-3-thread-26] tourGuide.service.RewardsService         : getDistance called
2023-01-20T14:46:40.535+01:00  INFO 5134 --- [ool-3-thread-22] tourGuide.service.RewardsService         : nearAttraction called with Jackson Hole
2023-01-20T14:46:40.535+01:00  INFO 5134 --- [ool-3-thread-42] tourGuide.service.RewardsService         : nearAttraction called with Mojave National Preserve
2023-01-20T14:46:40.540+01:00  INFO 5134 --- [ool-3-thread-22] tourGuide.service.RewardsService         : getDistance called
2023-01-20T14:46:40.535+01:00  INFO 5134 --- [ool-3-thread-38] tourGuide.service.RewardsService         : nearAttraction called with Joshua Tree National Park
2023-01-20T14:46:40.541+01:00  INFO 5134 --- [ool-3-thread-42] tourGuide.service.RewardsService         : getDistance called
2023-01-20T14:46:40.541+01:00  INFO 5134 --- [ool-3-thread-38] tourGuide.service.RewardsService         : getDistance called
2023-01-20T14:46:40.536+01:00  INFO 5134 --- [ool-3-thread-40] tourGuide.service.RewardsService         : getDistance called
2023-01-20T14:46:40.536+01:00  INFO 5134 --- [ool-3-thread-23] tourGuide.service.RewardsService         : nearAttraction called with Fallingwater
2023-01-20T14:46:40.541+01:00  INFO 5134 --- [ool-3-thread-40] tourGuide.service.RewardsService         : nearAttraction called with Bryant-Denny Stadium
2023-01-20T14:46:40.536+01:00  INFO 5134 --- [ool-3-thread-15] tourGuide.service.RewardsService         : getDistance called
2023-01-20T14:46:40.536+01:00  INFO 5134 --- [ool-3-thread-67] tourGuide.service.RewardsService         : nearAttraction called with Roger Dean Stadium
2023-01-20T14:46:40.541+01:00  INFO 5134 --- [ool-3-thread-15] tourGuide.service.RewardsService         : nearAttraction called with Tiger Stadium
2023-01-20T14:46:40.541+01:00  INFO 5134 --- [ool-3-thread-15] tourGuide.service.RewardsService         : getDistance called
2023-01-20T14:46:40.541+01:00  INFO 5134 --- [ool-3-thread-15] tourGuide.service.RewardsService         : nearAttraction called with Neyland Stadium
2023-01-20T14:46:40.536+01:00  INFO 5134 --- [pool-3-thread-7] tourGuide.service.RewardsService         : nearAttraction called with Texas Memorial Stadium
2023-01-20T14:46:40.536+01:00  INFO 5134 --- [ool-3-thread-64] tourGuide.service.RewardsService         : nearAttraction called with Bryant-Denny Stadium
2023-01-20T14:46:40.536+01:00  INFO 5134 --- [pool-3-thread-6] tourGuide.service.RewardsService         : getDistance called
2023-01-20T14:46:40.541+01:00  INFO 5134 --- [ool-3-thread-64] tourGuide.service.RewardsService         : getDistance called
2023-01-20T14:46:40.536+01:00  INFO 5134 --- [ool-3-thread-65] tourGuide.service.RewardsService         : getDistance called
2023-01-20T14:46:40.536+01:00  INFO 5134 --- [ool-3-thread-28] tourGuide.service.RewardsService         : getDistance called
2023-01-20T14:46:40.536+01:00  INFO 5134 --- [ool-3-thread-50] tourGuide.service.RewardsService         : nearAttraction called with Neyland Stadium
2023-01-20T14:46:40.536+01:00  INFO 5134 --- [ool-3-thread-24] tourGuide.service.RewardsService         : nearAttraction called with Kyle Field
2023-01-20T14:46:40.536+01:00  INFO 5134 --- [ool-3-thread-32] tourGuide.service.RewardsService         : getDistance called
2023-01-20T14:46:40.536+01:00  INFO 5134 --- [ool-3-thread-33] tourGuide.service.RewardsService         : nearAttraction called with San Diego Zoo
2023-01-20T14:46:40.542+01:00  INFO 5134 --- [ool-3-thread-32] tourGuide.service.RewardsService         : nearAttraction called with El Paso Zoo
2023-01-20T14:46:40.537+01:00  INFO 5134 --- [ool-3-thread-29] tourGuide.service.RewardsService         : nearAttraction called with Zoo Tampa at Lowry Park
2023-01-20T14:46:40.537+01:00  INFO 5134 --- [ool-3-thread-48] tourGuide.service.RewardsService         : getDistance called
2023-01-20T14:46:40.542+01:00  INFO 5134 --- [ool-3-thread-29] tourGuide.service.RewardsService         : getDistance called
2023-01-20T14:46:40.537+01:00  INFO 5134 --- [ool-3-thread-57] tourGuide.service.RewardsService         : getDistance called
2023-01-20T14:46:40.542+01:00  INFO 5134 --- [ool-3-thread-48] tourGuide.service.RewardsService         : nearAttraction called with Kansas City Zoo
2023-01-20T14:46:40.542+01:00  INFO 5134 --- [ool-3-thread-29] tourGuide.service.RewardsService         : nearAttraction called with Bronx Zoo
2023-01-20T14:46:40.537+01:00  INFO 5134 --- [ool-3-thread-27] tourGuide.service.RewardsService         : nearAttraction called with El Paso Zoo
2023-01-20T14:46:40.542+01:00  INFO 5134 --- [ool-3-thread-29] tourGuide.service.RewardsService         : getDistance called
2023-01-20T14:46:40.542+01:00  INFO 5134 --- [ool-3-thread-27] tourGuide.service.RewardsService         : getDistance called
2023-01-20T14:46:40.542+01:00  INFO 5134 --- [ool-3-thread-29] tourGuide.service.RewardsService         : nearAttraction called with Disneyland
2023-01-20T14:46:40.542+01:00  INFO 5134 --- [ool-3-thread-27] tourGuide.service.RewardsService         : nearAttraction called with Jackson Hole
2023-01-20T14:46:40.542+01:00  INFO 5134 --- [ool-3-thread-29] tourGuide.service.RewardsService         : getDistance called
2023-01-20T14:46:40.542+01:00  INFO 5134 --- [ool-3-thread-27] tourGuide.service.RewardsService         : getDistance called
2023-01-20T14:46:40.537+01:00  INFO 5134 --- [pool-3-thread-4] tourGuide.service.RewardsService         : nearAttraction called with Kansas City Zoo
2023-01-20T14:46:40.537+01:00  INFO 5134 --- [ool-3-thread-11] tourGuide.service.RewardsService         : getDistance called
2023-01-20T14:46:40.537+01:00  INFO 5134 --- [ool-3-thread-55] tourGuide.service.RewardsService         : nearAttraction called with Bronx Zoo
2023-01-20T14:46:40.537+01:00  INFO 5134 --- [ool-3-thread-16] tourGuide.service.RewardsService         : nearAttraction called with Cinderella Castle
2023-01-20T14:46:40.537+01:00  INFO 5134 --- [ool-3-thread-52] tourGuide.service.RewardsService         : nearAttraction called with Disneyland
2023-01-20T14:46:40.543+01:00  INFO 5134 --- [ool-3-thread-16] tourGuide.service.RewardsService         : getDistance called
2023-01-20T14:46:40.537+01:00  INFO 5134 --- [ool-3-thread-45] tourGuide.service.RewardsService         : nearAttraction called with Mojave National Preserve
2023-01-20T14:46:40.538+01:00  INFO 5134 --- [ool-3-thread-44] tourGuide.service.RewardsService         : nearAttraction called with Joshua Tree National Park
2023-01-20T14:46:40.538+01:00  INFO 5134 --- [ool-3-thread-54] tourGuide.service.RewardsService         : getDistance called
2023-01-20T14:46:40.538+01:00  INFO 5134 --- [ool-3-thread-12] tourGuide.service.RewardsService         : nearAttraction called with Hot Springs National Park
2023-01-20T14:46:40.538+01:00  INFO 5134 --- [ool-3-thread-47] tourGuide.service.RewardsService         : getDistance called
2023-01-20T14:46:40.538+01:00  INFO 5134 --- [ool-3-thread-37] tourGuide.service.RewardsService         : nearAttraction called with Kartchner Caverns State Park
2023-01-20T14:46:40.538+01:00  INFO 5134 --- [ool-3-thread-51] tourGuide.service.RewardsService         : getDistance called
2023-01-20T14:46:40.538+01:00  INFO 5134 --- [ool-3-thread-62] tourGuide.service.RewardsService         : nearAttraction called with Legend Valley
2023-01-20T14:46:40.538+01:00  INFO 5134 --- [ool-3-thread-60] tourGuide.service.RewardsService         : getDistance called
2023-01-20T14:46:40.538+01:00  INFO 5134 --- [ool-3-thread-49] tourGuide.service.RewardsService         : nearAttraction called with Flowers Bakery of London
2023-01-20T14:46:40.538+01:00  INFO 5134 --- [pool-3-thread-5] tourGuide.service.RewardsService         : nearAttraction called with Fallingwater
2023-01-20T14:46:40.543+01:00  INFO 5134 --- [ool-3-thread-49] tourGuide.service.RewardsService         : getDistance called
2023-01-20T14:46:40.543+01:00  INFO 5134 --- [pool-3-thread-5] tourGuide.service.RewardsService         : getDistance called
2023-01-20T14:46:40.538+01:00  INFO 5134 --- [pool-3-thread-8] tourGuide.service.RewardsService         : getDistance called
2023-01-20T14:46:40.538+01:00  INFO 5134 --- [ool-3-thread-53] tourGuide.service.RewardsService         : getDistance called
2023-01-20T14:46:40.544+01:00  INFO 5134 --- [pool-3-thread-5] tourGuide.service.RewardsService         : nearAttraction called with Fallingwater
2023-01-20T14:46:40.538+01:00  INFO 5134 --- [ool-3-thread-68] tourGuide.service.RewardsService         : nearAttraction called with Union Station
2023-01-20T14:46:40.544+01:00  INFO 5134 --- [pool-3-thread-5] tourGuide.service.RewardsService         : getDistance called
2023-01-20T14:46:40.538+01:00  INFO 5134 --- [ool-3-thread-58] tourGuide.service.RewardsService         : nearAttraction called with Roger Dean Stadium
2023-01-20T14:46:40.539+01:00  INFO 5134 --- [pool-3-thread-2] tourGuide.service.RewardsService         : getDistance called
2023-01-20T14:46:40.544+01:00  INFO 5134 --- [ool-3-thread-58] tourGuide.service.RewardsService         : getDistance called
2023-01-20T14:46:40.539+01:00  INFO 5134 --- [ool-3-thread-18] tourGuide.service.RewardsService         : nearAttraction called with Bryant-Denny Stadium
2023-01-20T14:46:40.539+01:00  INFO 5134 --- [ool-3-thread-69] tourGuide.service.RewardsService         : nearAttraction called with Tiger Stadium
2023-01-20T14:46:40.544+01:00  INFO 5134 --- [ool-3-thread-18] tourGuide.service.RewardsService         : getDistance called
2023-01-20T14:46:40.544+01:00  INFO 5134 --- [ool-3-thread-69] tourGuide.service.RewardsService         : getDistance called
2023-01-20T14:46:40.539+01:00  INFO 5134 --- [ool-3-thread-56] tourGuide.service.RewardsService         : nearAttraction called with Neyland Stadium
2023-01-20T14:46:40.539+01:00  INFO 5134 --- [ool-3-thread-66] tourGuide.service.RewardsService         : getDistance called
2023-01-20T14:46:40.544+01:00  INFO 5134 --- [ool-3-thread-56] tourGuide.service.RewardsService         : getDistance called
2023-01-20T14:46:40.539+01:00  INFO 5134 --- [ool-3-thread-17] tourGuide.service.RewardsService         : nearAttraction called with Kyle Field
2023-01-20T14:46:40.544+01:00  INFO 5134 --- [ool-3-thread-56] tourGuide.service.RewardsService         : nearAttraction called with Zoo Tampa at Lowry Park
2023-01-20T14:46:40.539+01:00  INFO 5134 --- [ool-3-thread-19] tourGuide.service.RewardsService         : getDistance called
2023-01-20T14:46:40.544+01:00  INFO 5134 --- [ool-3-thread-56] tourGuide.service.RewardsService         : getDistance called
2023-01-20T14:46:40.539+01:00  INFO 5134 --- [ool-4-thread-47] tourGuide.service.RewardsService         : Rewards of internalUser49 calculated by calculateRewards
2023-01-20T14:46:40.544+01:00  INFO 5134 --- [ool-3-thread-19] tourGuide.service.RewardsService         : nearAttraction called with Franklin Park Zoo
2023-01-20T14:46:40.539+01:00  INFO 5134 --- [ool-3-thread-39] tourGuide.service.RewardsService         : nearAttraction called with San Diego Zoo
2023-01-20T14:46:40.544+01:00  INFO 5134 --- [ool-3-thread-19] tourGuide.service.RewardsService         : getDistance called
2023-01-20T14:46:40.544+01:00  INFO 5134 --- [ool-3-thread-39] tourGuide.service.RewardsService         : getDistance called
2023-01-20T14:46:40.539+01:00  INFO 5134 --- [ool-3-thread-34] tourGuide.service.RewardsService         : nearAttraction called with Zoo Tampa at Lowry Park
2023-01-20T14:46:40.539+01:00  INFO 5134 --- [ool-3-thread-14] tourGuide.service.RewardsService         : nearAttraction called with El Paso Zoo
2023-01-20T14:46:40.545+01:00  INFO 5134 --- [ool-3-thread-39] tourGuide.service.RewardsService         : nearAttraction called with Bronx Zoo
2023-01-20T14:46:40.545+01:00  INFO 5134 --- [ool-3-thread-14] tourGuide.service.RewardsService         : getDistance called
2023-01-20T14:46:40.539+01:00  INFO 5134 --- [ool-3-thread-36] tourGuide.service.RewardsService         : getDistance called
2023-01-20T14:46:40.545+01:00  INFO 5134 --- [ool-3-thread-14] tourGuide.service.RewardsService         : nearAttraction called with Cinderella Castle
2023-01-20T14:46:40.545+01:00  INFO 5134 --- [ool-3-thread-36] tourGuide.service.RewardsService         : nearAttraction called with Disneyland
2023-01-20T14:46:40.539+01:00  INFO 5134 --- [pool-3-thread-1] tourGuide.service.RewardsService         : nearAttraction called with Bronx Zoo
2023-01-20T14:46:40.539+01:00  INFO 5134 --- [ool-3-thread-59] tourGuide.service.RewardsService         : getDistance called
2023-01-20T14:46:40.545+01:00  INFO 5134 --- [pool-3-thread-1] tourGuide.service.RewardsService         : getDistance called
2023-01-20T14:46:40.539+01:00  INFO 5134 --- [ool-3-thread-21] tourGuide.service.RewardsService         : nearAttraction called with Cinderella Castle
2023-01-20T14:46:40.545+01:00  INFO 5134 --- [pool-3-thread-1] tourGuide.service.RewardsService         : nearAttraction called with Mojave National Preserve
2023-01-20T14:46:40.545+01:00  INFO 5134 --- [ool-3-thread-21] tourGuide.service.RewardsService         : getDistance called
2023-01-20T14:46:40.539+01:00  INFO 5134 --- [pool-3-thread-3] tourGuide.service.RewardsService         : nearAttraction called with Disneyland
2023-01-20T14:46:40.540+01:00  INFO 5134 --- [ool-3-thread-46] tourGuide.service.RewardsService         : getDistance called
2023-01-20T14:46:40.540+01:00  INFO 5134 --- [ool-3-thread-20] tourGuide.service.RewardsService         : nearAttraction called with Jackson Hole
2023-01-20T14:46:40.540+01:00  INFO 5134 --- [ool-3-thread-70] tourGuide.service.RewardsService         : getDistance called
2023-01-20T14:46:40.545+01:00  INFO 5134 --- [ool-3-thread-20] tourGuide.service.RewardsService         : getDistance called
2023-01-20T14:46:40.540+01:00  INFO 5134 --- [ool-3-thread-35] tourGuide.service.RewardsService         : nearAttraction called with Mojave National Preserve
2023-01-20T14:46:40.540+01:00  INFO 5134 --- [ool-3-thread-31] tourGuide.service.RewardsService         : nearAttraction called with Joshua Tree National Park
2023-01-20T14:46:40.540+01:00  INFO 5134 --- [ool-3-thread-25] tourGuide.service.RewardsService         : getDistance called
2023-01-20T14:46:40.545+01:00  INFO 5134 --- [ool-3-thread-31] tourGuide.service.RewardsService         : getDistance called
2023-01-20T14:46:40.540+01:00  INFO 5134 --- [ool-3-thread-10] tourGuide.service.RewardsService         : getDistance called
2023-01-20T14:46:40.540+01:00  INFO 5134 --- [ool-3-thread-13] tourGuide.service.RewardsService         : nearAttraction called with Hot Springs National Park
2023-01-20T14:46:40.546+01:00  INFO 5134 --- [ool-3-thread-31] tourGuide.service.RewardsService         : nearAttraction called with Flowers Bakery of London
2023-01-20T14:46:40.546+01:00  INFO 5134 --- [ool-3-thread-13] tourGuide.service.RewardsService         : getDistance called
2023-01-20T14:46:40.540+01:00  INFO 5134 --- [ool-3-thread-30] tourGuide.service.RewardsService         : nearAttraction called with Legend Valley
2023-01-20T14:46:40.540+01:00  INFO 5134 --- [ool-4-thread-70] tourGuide.service.RewardsService         : Rewards of internalUser31 calculated by calculateRewards
2023-01-20T14:46:40.540+01:00  INFO 5134 --- [ool-3-thread-63] tourGuide.service.RewardsService         : getDistance called
2023-01-20T14:46:40.540+01:00  INFO 5134 --- [ool-3-thread-43] tourGuide.service.RewardsService         : nearAttraction called with Flowers Bakery of London
2023-01-20T14:46:40.540+01:00  INFO 5134 --- [ool-3-thread-41] tourGuide.service.RewardsService         : getDistance called
2023-01-20T14:46:40.546+01:00  INFO 5134 --- [ool-3-thread-43] tourGuide.service.RewardsService         : getDistance called
2023-01-20T14:46:40.540+01:00  INFO 5134 --- [ool-3-thread-61] tourGuide.service.RewardsService         : nearAttraction called with Flatiron Building
2023-01-20T14:46:40.546+01:00  INFO 5134 --- [ool-3-thread-41] tourGuide.service.RewardsService         : nearAttraction called with Union Station
2023-01-20T14:46:40.546+01:00  INFO 5134 --- [ool-3-thread-61] tourGuide.service.RewardsService         : getDistance called
2023-01-20T14:46:40.540+01:00  INFO 5134 --- [pool-3-thread-9] tourGuide.service.RewardsService         : getDistance called
2023-01-20T14:46:40.540+01:00  INFO 5134 --- [ool-3-thread-26] tourGuide.service.RewardsService         : nearAttraction called with Fallingwater
2023-01-20T14:46:40.541+01:00  INFO 5134 --- [ool-3-thread-22] tourGuide.service.RewardsService         : nearAttraction called with Union Station
2023-01-20T14:46:40.541+01:00  INFO 5134 --- [ool-3-thread-42] tourGuide.service.RewardsService         : nearAttraction called with Roger Dean Stadium
2023-01-20T14:46:40.546+01:00  INFO 5134 --- [ool-3-thread-22] tourGuide.service.RewardsService         : getDistance called
2023-01-20T14:46:40.541+01:00  INFO 5134 --- [ool-3-thread-38] tourGuide.service.RewardsService         : nearAttraction called with Texas Memorial Stadium
2023-01-20T14:46:40.546+01:00  INFO 5134 --- [ool-3-thread-22] tourGuide.service.RewardsService         : nearAttraction called with Tiger Stadium
2023-01-20T14:46:40.541+01:00  INFO 5134 --- [ool-3-thread-23] tourGuide.service.RewardsService         : getDistance called
2023-01-20T14:46:40.541+01:00  INFO 5134 --- [ool-3-thread-40] tourGuide.service.RewardsService         : getDistance called
2023-01-20T14:46:40.541+01:00  INFO 5134 --- [ool-3-thread-67] tourGuide.service.RewardsService         : getDistance called
2023-01-20T14:46:40.541+01:00  INFO 5134 --- [ool-3-thread-15] tourGuide.service.RewardsService         : getDistance called
2023-01-20T14:46:40.547+01:00  INFO 5134 --- [ool-3-thread-40] tourGuide.service.RewardsService         : nearAttraction called with Kyle Field
2023-01-20T14:46:40.547+01:00  INFO 5134 --- [ool-3-thread-67] tourGuide.service.RewardsService         : nearAttraction called with San Diego Zoo
2023-01-20T14:46:40.547+01:00  INFO 5134 --- [ool-3-thread-40] tourGuide.service.RewardsService         : getDistance called
2023-01-20T14:46:40.547+01:00  INFO 5134 --- [ool-3-thread-67] tourGuide.service.RewardsService         : getDistance called
2023-01-20T14:46:40.541+01:00  INFO 5134 --- [pool-3-thread-7] tourGuide.service.RewardsService         : getDistance called
2023-01-20T14:46:40.541+01:00  INFO 5134 --- [pool-3-thread-6] tourGuide.service.RewardsService         : nearAttraction called with Kyle Field
2023-01-20T14:46:40.547+01:00  INFO 5134 --- [pool-3-thread-7] tourGuide.service.RewardsService         : nearAttraction called with Kansas City Zoo
2023-01-20T14:46:40.541+01:00  INFO 5134 --- [ool-3-thread-64] tourGuide.service.RewardsService         : nearAttraction called with San Diego Zoo
2023-01-20T14:46:40.547+01:00  INFO 5134 --- [pool-3-thread-7] tourGuide.service.RewardsService         : getDistance called
2023-01-20T14:46:40.541+01:00  INFO 5134 --- [ool-3-thread-65] tourGuide.service.RewardsService         : nearAttraction called with Zoo Tampa at Lowry Park
2023-01-20T14:46:40.541+01:00  INFO 5134 --- [ool-3-thread-28] tourGuide.service.RewardsService         : nearAttraction called with Franklin Park Zoo
2023-01-20T14:46:40.547+01:00  INFO 5134 --- [ool-3-thread-65] tourGuide.service.RewardsService         : getDistance called
2023-01-20T14:46:40.541+01:00  INFO 5134 --- [ool-3-thread-50] tourGuide.service.RewardsService         : getDistance called
2023-01-20T14:46:40.542+01:00  INFO 5134 --- [ool-3-thread-33] tourGuide.service.RewardsService         : getDistance called
2023-01-20T14:46:40.547+01:00  INFO 5134 --- [pool-3-thread-7] tourGuide.service.RewardsService         : nearAttraction called with Bronx Zoo
2023-01-20T14:46:40.542+01:00  INFO 5134 --- [ool-3-thread-24] tourGuide.service.RewardsService         : getDistance called
2023-01-20T14:46:40.542+01:00  INFO 5134 --- [ool-3-thread-32] tourGuide.service.RewardsService         : getDistance called
2023-01-20T14:46:40.547+01:00  INFO 5134 --- [ool-3-thread-24] tourGuide.service.RewardsService         : nearAttraction called with Mojave National Preserve
2023-01-20T14:46:40.547+01:00  INFO 5134 --- [ool-3-thread-32] tourGuide.service.RewardsService         : nearAttraction called with Joshua Tree National Park
2023-01-20T14:46:40.542+01:00  INFO 5134 --- [ool-3-thread-57] tourGuide.service.RewardsService         : nearAttraction called with Cinderella Castle
2023-01-20T14:46:40.542+01:00  INFO 5134 --- [ool-3-thread-48] tourGuide.service.RewardsService         : getDistance called
2023-01-20T14:46:40.548+01:00  INFO 5134 --- [ool-3-thread-57] tourGuide.service.RewardsService         : getDistance called
2023-01-20T14:46:40.542+01:00  INFO 5134 --- [ool-3-thread-29] tourGuide.service.RewardsService         : nearAttraction called with Mojave National Preserve
2023-01-20T14:46:40.542+01:00  INFO 5134 --- [ool-3-thread-27] tourGuide.service.RewardsService         : nearAttraction called with Joshua Tree National Park
2023-01-20T14:46:40.548+01:00  INFO 5134 --- [ool-3-thread-29] tourGuide.service.RewardsService         : getDistance called
2023-01-20T14:46:40.548+01:00  INFO 5134 --- [ool-3-thread-27] tourGuide.service.RewardsService         : getDistance called
2023-01-20T14:46:40.548+01:00  INFO 5134 --- [ool-3-thread-29] tourGuide.service.RewardsService         : nearAttraction called with Kartchner Caverns State Park
2023-01-20T14:46:40.548+01:00  INFO 5134 --- [ool-3-thread-27] tourGuide.service.RewardsService         : nearAttraction called with Legend Valley
2023-01-20T14:46:40.543+01:00  INFO 5134 --- [pool-3-thread-4] tourGuide.service.RewardsService         : getDistance called
2023-01-20T14:46:40.548+01:00  INFO 5134 --- [ool-3-thread-27] tourGuide.service.RewardsService         : getDistance called
2023-01-20T14:46:40.543+01:00  INFO 5134 --- [ool-3-thread-55] tourGuide.service.RewardsService         : getDistance called
2023-01-20T14:46:40.543+01:00  INFO 5134 --- [ool-3-thread-11] tourGuide.service.RewardsService         : nearAttraction called with Buffalo National River
2023-01-20T14:46:40.543+01:00  INFO 5134 --- [ool-4-thread-53] tourGuide.service.RewardsService         : Rewards of internalUser45 calculated by calculateRewards
2023-01-20T14:46:40.543+01:00  INFO 5134 --- [ool-3-thread-52] tourGuide.service.RewardsService         : getDistance called
2023-01-20T14:46:40.543+01:00  INFO 5134 --- [ool-3-thread-16] tourGuide.service.RewardsService         : nearAttraction called with Hot Springs National Park
2023-01-20T14:46:40.543+01:00  INFO 5134 --- [ool-3-thread-45] tourGuide.service.RewardsService         : getDistance called
2023-01-20T14:46:40.548+01:00  INFO 5134 --- [ool-3-thread-16] tourGuide.service.RewardsService         : getDistance called
2023-01-20T14:46:40.543+01:00  INFO 5134 --- [ool-3-thread-44] tourGuide.service.RewardsService         : getDistance called
2023-01-20T14:46:40.548+01:00  INFO 5134 --- [ool-3-thread-45] tourGuide.service.RewardsService         : nearAttraction called with Union Station
2023-01-20T14:46:40.543+01:00  INFO 5134 --- [ool-3-thread-54] tourGuide.service.RewardsService         : nearAttraction called with Kartchner Caverns State Park
2023-01-20T14:46:40.548+01:00  INFO 5134 --- [ool-3-thread-45] tourGuide.service.RewardsService         : getDistance called
2023-01-20T14:46:40.548+01:00  INFO 5134 --- [ool-3-thread-54] tourGuide.service.RewardsService         : getDistance called
2023-01-20T14:46:40.543+01:00  INFO 5134 --- [ool-3-thread-12] tourGuide.service.RewardsService         : getDistance called
2023-01-20T14:46:40.543+01:00  INFO 5134 --- [ool-3-thread-47] tourGuide.service.RewardsService         : nearAttraction called with Legend Valley
2023-01-20T14:46:40.543+01:00  INFO 5134 --- [ool-3-thread-37] tourGuide.service.RewardsService         : getDistance called
2023-01-20T14:46:40.543+01:00  INFO 5134 --- [ool-3-thread-51] tourGuide.service.RewardsService         : nearAttraction called with Flowers Bakery of London
2023-01-20T14:46:40.543+01:00  INFO 5134 --- [ool-3-thread-62] tourGuide.service.RewardsService         : getDistance called
2023-01-20T14:46:40.549+01:00  INFO 5134 --- [ool-3-thread-51] tourGuide.service.RewardsService         : getDistance called
2023-01-20T14:46:40.543+01:00  INFO 5134 --- [ool-3-thread-60] tourGuide.service.RewardsService         : nearAttraction called with McKinley Tower
2023-01-20T14:46:40.549+01:00  INFO 5134 --- [ool-3-thread-62] tourGuide.service.RewardsService         : nearAttraction called with San Diego Zoo
2023-01-20T14:46:40.549+01:00  INFO 5134 --- [ool-3-thread-60] tourGuide.service.RewardsService         : getDistance called
2023-01-20T14:46:40.549+01:00  INFO 5134 --- [ool-3-thread-62] tourGuide.service.RewardsService         : getDistance called
2023-01-20T14:46:40.549+01:00  INFO 5134 --- [ool-3-thread-60] tourGuide.service.RewardsService         : nearAttraction called with Franklin Park Zoo
2023-01-20T14:46:40.549+01:00  INFO 5134 --- [ool-3-thread-62] tourGuide.service.RewardsService         : nearAttraction called with El Paso Zoo
2023-01-20T14:46:40.549+01:00  INFO 5134 --- [ool-3-thread-60] tourGuide.service.RewardsService         : getDistance called
2023-01-20T14:46:40.549+01:00  INFO 5134 --- [ool-3-thread-62] tourGuide.service.RewardsService         : getDistance called
2023-01-20T14:46:40.549+01:00  INFO 5134 --- [ool-3-thread-60] tourGuide.service.RewardsService         : nearAttraction called with Kansas City Zoo
2023-01-20T14:46:40.549+01:00  INFO 5134 --- [ool-3-thread-62] tourGuide.service.RewardsService         : nearAttraction called with Bronx Zoo
2023-01-20T14:46:40.549+01:00  INFO 5134 --- [ool-3-thread-60] tourGuide.service.RewardsService         : getDistance called
2023-01-20T14:46:40.543+01:00  INFO 5134 --- [ool-3-thread-49] tourGuide.service.RewardsService         : nearAttraction called with Flatiron Building
2023-01-20T14:46:40.544+01:00  INFO 5134 --- [pool-3-thread-8] tourGuide.service.RewardsService         : nearAttraction called with Union Station
2023-01-20T14:46:40.549+01:00  INFO 5134 --- [ool-3-thread-49] tourGuide.service.RewardsService         : getDistance called
2023-01-20T14:46:40.549+01:00  INFO 5134 --- [pool-3-thread-8] tourGuide.service.RewardsService         : getDistance called
2023-01-20T14:46:40.549+01:00  INFO 5134 --- [ool-3-thread-49] tourGuide.service.RewardsService         : nearAttraction called with Disneyland
2023-01-20T14:46:40.549+01:00  INFO 5134 --- [pool-3-thread-8] tourGuide.service.RewardsService         : nearAttraction called with Jackson Hole
2023-01-20T14:46:40.550+01:00  INFO 5134 --- [pool-3-thread-8] tourGuide.service.RewardsService         : getDistance called
2023-01-20T14:46:40.550+01:00  INFO 5134 --- [pool-3-thread-8] tourGuide.service.RewardsService         : nearAttraction called with Mojave National Preserve
2023-01-20T14:46:40.544+01:00  INFO 5134 --- [ool-3-thread-53] tourGuide.service.RewardsService         : nearAttraction called with Roger Dean Stadium
2023-01-20T14:46:40.550+01:00  INFO 5134 --- [pool-3-thread-8] tourGuide.service.RewardsService         : getDistance called
2023-01-20T14:46:40.544+01:00  INFO 5134 --- [ool-3-thread-68] tourGuide.service.RewardsService         : getDistance called
2023-01-20T14:46:40.544+01:00  INFO 5134 --- [pool-3-thread-5] tourGuide.service.RewardsService         : nearAttraction called with Texas Memorial Stadium
2023-01-20T14:46:40.544+01:00  INFO 5134 --- [pool-3-thread-2] tourGuide.service.RewardsService         : nearAttraction called with Bryant-Denny Stadium
2023-01-20T14:46:40.544+01:00  INFO 5134 --- [ool-3-thread-58] tourGuide.service.RewardsService         : nearAttraction called with Tiger Stadium
2023-01-20T14:46:40.550+01:00  INFO 5134 --- [pool-3-thread-2] tourGuide.service.RewardsService         : getDistance called
2023-01-20T14:46:40.544+01:00  INFO 5134 --- [ool-3-thread-18] tourGuide.service.RewardsService         : nearAttraction called with Neyland Stadium
2023-01-20T14:46:40.544+01:00  INFO 5134 --- [ool-3-thread-69] tourGuide.service.RewardsService         : nearAttraction called with Kyle Field
2023-01-20T14:46:40.544+01:00  INFO 5134 --- [ool-3-thread-66] tourGuide.service.RewardsService         : nearAttraction called with San Diego Zoo
2023-01-20T14:46:40.544+01:00  INFO 5134 --- [ool-3-thread-17] tourGuide.service.RewardsService         : getDistance called
2023-01-20T14:46:40.544+01:00  INFO 5134 --- [ool-3-thread-56] tourGuide.service.RewardsService         : nearAttraction called with El Paso Zoo
2023-01-20T14:46:40.545+01:00  INFO 5134 --- [ool-3-thread-19] tourGuide.service.RewardsService         : nearAttraction called with Kansas City Zoo
2023-01-20T14:46:40.545+01:00  INFO 5134 --- [ool-3-thread-34] tourGuide.service.RewardsService         : getDistance called
2023-01-20T14:46:40.550+01:00  INFO 5134 --- [ool-3-thread-19] tourGuide.service.RewardsService         : getDistance called
2023-01-20T14:46:40.545+01:00  INFO 5134 --- [ool-3-thread-39] tourGuide.service.RewardsService         : getDistance called
2023-01-20T14:46:40.550+01:00  INFO 5134 --- [ool-4-thread-66] tourGuide.service.RewardsService         : Rewards of internalUser43 calculated by calculateRewards
2023-01-20T14:46:40.545+01:00  INFO 5134 --- [ool-3-thread-14] tourGuide.service.RewardsService         : getDistance called
2023-01-20T14:46:40.545+01:00  INFO 5134 --- [ool-3-thread-36] tourGuide.service.RewardsService         : getDistance called
2023-01-20T14:46:40.545+01:00  INFO 5134 --- [ool-3-thread-59] tourGuide.service.RewardsService         : nearAttraction called with Jackson Hole
2023-01-20T14:46:40.551+01:00  INFO 5134 --- [ool-3-thread-36] tourGuide.service.RewardsService         : nearAttraction called with Fallingwater
2023-01-20T14:46:40.545+01:00  INFO 5134 --- [pool-3-thread-1] tourGuide.service.RewardsService         : getDistance called
2023-01-20T14:46:40.545+01:00  INFO 5134 --- [ool-3-thread-21] tourGuide.service.RewardsService         : nearAttraction called with Joshua Tree National Park
2023-01-20T14:46:40.551+01:00  INFO 5134 --- [pool-3-thread-1] tourGuide.service.RewardsService         : nearAttraction called with Union Station
2023-01-20T14:46:40.545+01:00  INFO 5134 --- [pool-3-thread-3] tourGuide.service.RewardsService         : getDistance called
2023-01-20T14:46:40.551+01:00  INFO 5134 --- [pool-3-thread-1] tourGuide.service.RewardsService         : getDistance called
2023-01-20T14:46:40.545+01:00  INFO 5134 --- [ool-3-thread-46] tourGuide.service.RewardsService         : nearAttraction called with Buffalo National River
2023-01-20T14:46:40.551+01:00  INFO 5134 --- [pool-3-thread-1] tourGuide.service.RewardsService         : nearAttraction called with Texas Memorial Stadium
2023-01-20T14:46:40.551+01:00  INFO 5134 --- [ool-3-thread-46] tourGuide.service.RewardsService         : getDistance called
2023-01-20T14:46:40.545+01:00  INFO 5134 --- [ool-3-thread-70] tourGuide.service.RewardsService         : nearAttraction called with Hot Springs National Park
2023-01-20T14:46:40.545+01:00  INFO 5134 --- [ool-3-thread-20] tourGuide.service.RewardsService         : nearAttraction called with Kartchner Caverns State Park
2023-01-20T14:46:40.545+01:00  INFO 5134 --- [ool-3-thread-35] tourGuide.service.RewardsService         : getDistance called
2023-01-20T14:46:40.551+01:00  INFO 5134 --- [ool-3-thread-20] tourGuide.service.RewardsService         : getDistance called
2023-01-20T14:46:40.546+01:00  INFO 5134 --- [ool-3-thread-25] tourGuide.service.RewardsService         : nearAttraction called with Legend Valley
2023-01-20T14:46:40.551+01:00  INFO 5134 --- [ool-3-thread-35] tourGuide.service.RewardsService         : nearAttraction called with Tiger Stadium
2023-01-20T14:46:40.551+01:00  INFO 5134 --- [ool-3-thread-25] tourGuide.service.RewardsService         : getDistance called
2023-01-20T14:46:40.551+01:00  INFO 5134 --- [ool-3-thread-35] tourGuide.service.RewardsService         : getDistance called
2023-01-20T14:46:40.546+01:00  INFO 5134 --- [ool-3-thread-10] tourGuide.service.RewardsService         : nearAttraction called with McKinley Tower
2023-01-20T14:46:40.546+01:00  INFO 5134 --- [ool-3-thread-31] tourGuide.service.RewardsService         : getDistance called
2023-01-20T14:46:40.551+01:00  INFO 5134 --- [ool-3-thread-10] tourGuide.service.RewardsService         : getDistance called
2023-01-20T14:46:40.546+01:00  INFO 5134 --- [ool-3-thread-13] tourGuide.service.RewardsService         : nearAttraction called with Flatiron Building
2023-01-20T14:46:40.546+01:00  INFO 5134 --- [ool-3-thread-30] tourGuide.service.RewardsService         : getDistance called
2023-01-20T14:46:40.552+01:00  INFO 5134 --- [ool-3-thread-13] tourGuide.service.RewardsService         : getDistance called
2023-01-20T14:46:40.546+01:00  INFO 5134 --- [ool-3-thread-63] tourGuide.service.RewardsService         : nearAttraction called with Fallingwater
2023-01-20T14:46:40.552+01:00  INFO 5134 --- [ool-3-thread-30] tourGuide.service.RewardsService         : nearAttraction called with El Paso Zoo
2023-01-20T14:46:40.546+01:00  INFO 5134 --- [pool-4-thread-1] tourGuide.service.RewardsService         : Rewards of internalUser44 calculated by calculateRewards
2023-01-20T14:46:40.552+01:00  INFO 5134 --- [ool-3-thread-30] tourGuide.service.RewardsService         : getDistance called
2023-01-20T14:46:40.546+01:00  INFO 5134 --- [ool-3-thread-43] tourGuide.service.RewardsService         : nearAttraction called with Roger Dean Stadium
2023-01-20T14:46:40.546+01:00  INFO 5134 --- [ool-3-thread-41] tourGuide.service.RewardsService         : getDistance called
2023-01-20T14:46:40.552+01:00  INFO 5134 --- [ool-3-thread-43] tourGuide.service.RewardsService         : getDistance called
2023-01-20T14:46:40.546+01:00  INFO 5134 --- [ool-3-thread-61] tourGuide.service.RewardsService         : nearAttraction called with Texas Memorial Stadium
2023-01-20T14:46:40.546+01:00  INFO 5134 --- [pool-3-thread-9] tourGuide.service.RewardsService         : nearAttraction called with Bryant-Denny Stadium
2023-01-20T14:46:40.546+01:00  INFO 5134 --- [ool-3-thread-26] tourGuide.service.RewardsService         : getDistance called
2023-01-20T14:46:40.552+01:00  INFO 5134 --- [pool-3-thread-9] tourGuide.service.RewardsService         : getDistance called
2023-01-20T14:46:40.546+01:00  INFO 5134 --- [ool-3-thread-42] tourGuide.service.RewardsService         : getDistance called
2023-01-20T14:46:40.546+01:00  INFO 5134 --- [ool-3-thread-38] tourGuide.service.RewardsService         : getDistance called
2023-01-20T14:46:40.552+01:00  INFO 5134 --- [ool-3-thread-42] tourGuide.service.RewardsService         : nearAttraction called with Joshua Tree National Park
2023-01-20T14:46:40.546+01:00  INFO 5134 --- [ool-3-thread-22] tourGuide.service.RewardsService         : getDistance called
2023-01-20T14:46:40.547+01:00  INFO 5134 --- [ool-3-thread-23] tourGuide.service.RewardsService         : nearAttraction called with Neyland Stadium
2023-01-20T14:46:40.547+01:00  INFO 5134 --- [ool-3-thread-15] tourGuide.service.RewardsService         : nearAttraction called with Zoo Tampa at Lowry Park
2023-01-20T14:46:40.547+01:00  INFO 5134 --- [ool-3-thread-40] tourGuide.service.RewardsService         : nearAttraction called with Franklin Park Zoo
2023-01-20T14:46:40.547+01:00  INFO 5134 --- [ool-3-thread-67] tourGuide.service.RewardsService         : nearAttraction called with El Paso Zoo
2023-01-20T14:46:40.547+01:00  INFO 5134 --- [pool-3-thread-6] tourGuide.service.RewardsService         : getDistance called
2023-01-20T14:46:40.547+01:00  INFO 5134 --- [ool-3-thread-64] tourGuide.service.RewardsService         : getDistance called
2023-01-20T14:46:40.547+01:00  INFO 5134 --- [ool-3-thread-65] tourGuide.service.RewardsService         : nearAttraction called with Cinderella Castle
2023-01-20T14:46:40.547+01:00  INFO 5134 --- [ool-3-thread-28] tourGuide.service.RewardsService         : getDistance called
2023-01-20T14:46:40.547+01:00  INFO 5134 --- [ool-3-thread-50] tourGuide.service.RewardsService         : nearAttraction called with Disneyland
2023-01-20T14:46:40.547+01:00  INFO 5134 --- [ool-3-thread-33] tourGuide.service.RewardsService         : nearAttraction called with Jackson Hole
2023-01-20T14:46:40.553+01:00  INFO 5134 --- [ool-3-thread-50] tourGuide.service.RewardsService         : getDistance called
2023-01-20T14:46:40.553+01:00  INFO 5134 --- [ool-4-thread-56] tourGuide.service.RewardsService         : Rewards of internalUser59 calculated by calculateRewards
2023-01-20T14:46:40.547+01:00  INFO 5134 --- [pool-3-thread-7] tourGuide.service.RewardsService         : getDistance called
2023-01-20T14:46:40.547+01:00  INFO 5134 --- [ool-3-thread-24] tourGuide.service.RewardsService         : getDistance called
2023-01-20T14:46:40.548+01:00  INFO 5134 --- [ool-3-thread-32] tourGuide.service.RewardsService         : getDistance called
2023-01-20T14:46:40.553+01:00  INFO 5134 --- [ool-3-thread-24] tourGuide.service.RewardsService         : nearAttraction called with Flatiron Building
2023-01-20T14:46:40.548+01:00  INFO 5134 --- [ool-3-thread-48] tourGuide.service.RewardsService         : nearAttraction called with Buffalo National River
2023-01-20T14:46:40.553+01:00  INFO 5134 --- [ool-3-thread-32] tourGuide.service.RewardsService         : nearAttraction called with Fallingwater
2023-01-20T14:46:40.548+01:00  INFO 5134 --- [ool-3-thread-57] tourGuide.service.RewardsService         : nearAttraction called with Hot Springs National Park
2023-01-20T14:46:40.548+01:00  INFO 5134 --- [ool-3-thread-29] tourGuide.service.RewardsService         : getDistance called
2023-01-20T14:46:40.548+01:00  INFO 5134 --- [pool-3-thread-4] tourGuide.service.RewardsService         : nearAttraction called with Flowers Bakery of London
2023-01-20T14:46:40.554+01:00  INFO 5134 --- [pool-3-thread-4] tourGuide.service.RewardsService         : getDistance called
2023-01-20T14:46:40.554+01:00  INFO 5134 --- [ool-3-thread-57] tourGuide.service.RewardsService         : getDistance called
2023-01-20T14:46:40.554+01:00  INFO 5134 --- [pool-3-thread-4] tourGuide.service.RewardsService         : nearAttraction called with Texas Memorial Stadium
2023-01-20T14:46:40.554+01:00  INFO 5134 --- [ool-3-thread-57] tourGuide.service.RewardsService         : nearAttraction called with Bryant-Denny Stadium
2023-01-20T14:46:40.548+01:00  INFO 5134 --- [ool-3-thread-27] tourGuide.service.RewardsService         : nearAttraction called with McKinley Tower
2023-01-20T14:46:40.548+01:00  INFO 5134 --- [ool-3-thread-55] tourGuide.service.RewardsService         : nearAttraction called with Flatiron Building
2023-01-20T14:46:40.548+01:00  INFO 5134 --- [ool-3-thread-11] tourGuide.service.RewardsService         : getDistance called
2023-01-20T14:46:40.554+01:00  INFO 5134 --- [ool-3-thread-55] tourGuide.service.RewardsService         : getDistance called
2023-01-20T14:46:40.554+01:00  INFO 5134 --- [ool-3-thread-11] tourGuide.service.RewardsService         : nearAttraction called with Tiger Stadium
2023-01-20T14:46:40.548+01:00  INFO 5134 --- [ool-4-thread-18] tourGuide.service.RewardsService         : Rewards of internalUser47 calculated by calculateRewards
2023-01-20T14:46:40.554+01:00  INFO 5134 --- [ool-3-thread-11] tourGuide.service.RewardsService         : getDistance called
2023-01-20T14:46:40.548+01:00  INFO 5134 --- [ool-3-thread-52] tourGuide.service.RewardsService         : nearAttraction called with Fallingwater
2023-01-20T14:46:40.548+01:00  INFO 5134 --- [ool-3-thread-16] tourGuide.service.RewardsService         : nearAttraction called with Roger Dean Stadium
2023-01-20T14:46:40.554+01:00  INFO 5134 --- [ool-3-thread-52] tourGuide.service.RewardsService         : getDistance called
2023-01-20T14:46:40.548+01:00  INFO 5134 --- [ool-3-thread-44] tourGuide.service.RewardsService         : nearAttraction called with Texas Memorial Stadium
2023-01-20T14:46:40.554+01:00  INFO 5134 --- [ool-3-thread-16] tourGuide.service.RewardsService         : getDistance called
2023-01-20T14:46:40.554+01:00  INFO 5134 --- [ool-3-thread-44] tourGuide.service.RewardsService         : getDistance called
2023-01-20T14:46:40.548+01:00  INFO 5134 --- [ool-3-thread-45] tourGuide.service.RewardsService         : nearAttraction called with Bryant-Denny Stadium
2023-01-20T14:46:40.549+01:00  INFO 5134 --- [ool-3-thread-54] tourGuide.service.RewardsService         : nearAttraction called with Tiger Stadium
2023-01-20T14:46:40.555+01:00  INFO 5134 --- [ool-3-thread-45] tourGuide.service.RewardsService         : getDistance called
2023-01-20T14:46:40.549+01:00  INFO 5134 --- [ool-3-thread-12] tourGuide.service.RewardsService         : nearAttraction called with Neyland Stadium
2023-01-20T14:46:40.549+01:00  INFO 5134 --- [ool-3-thread-47] tourGuide.service.RewardsService         : getDistance called
2023-01-20T14:46:40.555+01:00  INFO 5134 --- [ool-3-thread-12] tourGuide.service.RewardsService         : getDistance called
2023-01-20T14:46:40.549+01:00  INFO 5134 --- [ool-3-thread-37] tourGuide.service.RewardsService         : nearAttraction called with Kyle Field
2023-01-20T14:46:40.549+01:00  INFO 5134 --- [ool-3-thread-51] tourGuide.service.RewardsService         : nearAttraction called with Zoo Tampa at Lowry Park
2023-01-20T14:46:40.555+01:00  INFO 5134 --- [ool-3-thread-37] tourGuide.service.RewardsService         : getDistance called
2023-01-20T14:46:40.549+01:00  INFO 5134 --- [ool-3-thread-62] tourGuide.service.RewardsService         : getDistance called
2023-01-20T14:46:40.549+01:00  INFO 5134 --- [ool-3-thread-60] tourGuide.service.RewardsService         : nearAttraction called with Cinderella Castle
2023-01-20T14:46:40.549+01:00  INFO 5134 --- [ool-3-thread-49] tourGuide.service.RewardsService         : getDistance called
2023-01-20T14:46:40.555+01:00  INFO 5134 --- [ool-3-thread-60] tourGuide.service.RewardsService         : getDistance called
2023-01-20T14:46:40.555+01:00  INFO 5134 --- [ool-3-thread-49] tourGuide.service.RewardsService         : nearAttraction called with Jackson Hole
2023-01-20T14:46:40.555+01:00  INFO 5134 --- [ool-3-thread-60] tourGuide.service.RewardsService         : nearAttraction called with Mojave National Preserve
2023-01-20T14:46:40.555+01:00  INFO 5134 --- [ool-3-thread-60] tourGuide.service.RewardsService         : getDistance called
2023-01-20T14:46:40.555+01:00  INFO 5134 --- [ool-3-thread-60] tourGuide.service.RewardsService         : nearAttraction called with Joshua Tree National Park
2023-01-20T14:46:40.556+01:00  INFO 5134 --- [ool-3-thread-60] tourGuide.service.RewardsService         : getDistance called
2023-01-20T14:46:40.556+01:00  INFO 5134 --- [ool-3-thread-60] tourGuide.service.RewardsService         : nearAttraction called with Buffalo National River
2023-01-20T14:46:40.556+01:00  INFO 5134 --- [ool-3-thread-60] tourGuide.service.RewardsService         : getDistance called
2023-01-20T14:46:40.556+01:00  INFO 5134 --- [ool-3-thread-60] tourGuide.service.RewardsService         : nearAttraction called with Hot Springs National Park
2023-01-20T14:46:40.556+01:00  INFO 5134 --- [ool-3-thread-60] tourGuide.service.RewardsService         : getDistance called
2023-01-20T14:46:40.556+01:00  INFO 5134 --- [ool-3-thread-60] tourGuide.service.RewardsService         : nearAttraction called with Kartchner Caverns State Park
2023-01-20T14:46:40.556+01:00  INFO 5134 --- [ool-3-thread-60] tourGuide.service.RewardsService         : getDistance called
2023-01-20T14:46:40.550+01:00  INFO 5134 --- [ool-3-thread-53] tourGuide.service.RewardsService         : getDistance called
2023-01-20T14:46:40.550+01:00  INFO 5134 --- [pool-3-thread-8] tourGuide.service.RewardsService         : nearAttraction called with Joshua Tree National Park
2023-01-20T14:46:40.556+01:00  INFO 5134 --- [ool-3-thread-53] tourGuide.service.RewardsService         : nearAttraction called with Flowers Bakery of London
2023-01-20T14:46:40.556+01:00  INFO 5134 --- [pool-3-thread-8] tourGuide.service.RewardsService         : getDistance called
2023-01-20T14:46:40.556+01:00  INFO 5134 --- [ool-3-thread-53] tourGuide.service.RewardsService         : getDistance called
2023-01-20T14:46:40.550+01:00  INFO 5134 --- [ool-3-thread-68] tourGuide.service.RewardsService         : nearAttraction called with Buffalo National River
2023-01-20T14:46:40.556+01:00  INFO 5134 --- [ool-3-thread-53] tourGuide.service.RewardsService         : nearAttraction called with Flatiron Building
2023-01-20T14:46:40.556+01:00  INFO 5134 --- [ool-3-thread-68] tourGuide.service.RewardsService         : getDistance called
2023-01-20T14:46:40.550+01:00  INFO 5134 --- [pool-3-thread-5] tourGuide.service.RewardsService         : getDistance called
2023-01-20T14:46:40.550+01:00  INFO 5134 --- [ool-3-thread-58] tourGuide.service.RewardsService         : getDistance called
2023-01-20T14:46:40.557+01:00  INFO 5134 --- [ool-3-thread-68] tourGuide.service.RewardsService         : nearAttraction called with Fallingwater
2023-01-20T14:46:40.550+01:00  INFO 5134 --- [pool-3-thread-2] tourGuide.service.RewardsService         : nearAttraction called with Hot Springs National Park
2023-01-20T14:46:40.550+01:00  INFO 5134 --- [ool-3-thread-18] tourGuide.service.RewardsService         : getDistance called
2023-01-20T14:46:40.557+01:00  INFO 5134 --- [pool-3-thread-2] tourGuide.service.RewardsService         : getDistance called
2023-01-20T14:46:40.550+01:00  INFO 5134 --- [ool-3-thread-69] tourGuide.service.RewardsService         : getDistance called
2023-01-20T14:46:40.557+01:00  INFO 5134 --- [pool-3-thread-2] tourGuide.service.RewardsService         : nearAttraction called with Bryant-Denny Stadium
2023-01-20T14:46:40.550+01:00  INFO 5134 --- [ool-3-thread-66] tourGuide.service.RewardsService         : getDistance called
2023-01-20T14:46:40.557+01:00  INFO 5134 --- [ool-3-thread-69] tourGuide.service.RewardsService         : nearAttraction called with Tiger Stadium
2023-01-20T14:46:40.550+01:00  INFO 5134 --- [ool-3-thread-17] tourGuide.service.RewardsService         : nearAttraction called with Kartchner Caverns State Park
2023-01-20T14:46:40.557+01:00  INFO 5134 --- [ool-3-thread-69] tourGuide.service.RewardsService         : getDistance called
2023-01-20T14:46:40.550+01:00  INFO 5134 --- [ool-3-thread-56] tourGuide.service.RewardsService         : getDistance called
2023-01-20T14:46:40.550+01:00  INFO 5134 --- [ool-3-thread-34] tourGuide.service.RewardsService         : nearAttraction called with Legend Valley
2023-01-20T14:46:40.550+01:00  INFO 5134 --- [ool-3-thread-19] tourGuide.service.RewardsService         : nearAttraction called with Flowers Bakery of London
2023-01-20T14:46:40.551+01:00  INFO 5134 --- [ool-3-thread-39] tourGuide.service.RewardsService         : nearAttraction called with McKinley Tower
2023-01-20T14:46:40.557+01:00  INFO 5134 --- [ool-3-thread-19] tourGuide.service.RewardsService         : getDistance called
2023-01-20T14:46:40.557+01:00  INFO 5134 --- [ool-3-thread-39] tourGuide.service.RewardsService         : getDistance called
2023-01-20T14:46:40.551+01:00  INFO 5134 --- [ool-3-thread-14] tourGuide.service.RewardsService         : nearAttraction called with Flatiron Building
2023-01-20T14:46:40.551+01:00  INFO 5134 --- [ool-3-thread-59] tourGuide.service.RewardsService         : getDistance called
2023-01-20T14:46:40.551+01:00  INFO 5134 --- [ool-3-thread-36] tourGuide.service.RewardsService         : getDistance called
2023-01-20T14:46:40.557+01:00  INFO 5134 --- [ool-3-thread-14] tourGuide.service.RewardsService         : getDistance called
2023-01-20T14:46:40.557+01:00  INFO 5134 --- [ool-3-thread-36] tourGuide.service.RewardsService         : nearAttraction called with Kansas City Zoo
2023-01-20T14:46:40.551+01:00  INFO 5134 --- [ool-3-thread-21] tourGuide.service.RewardsService         : getDistance called
2023-01-20T14:46:40.558+01:00  INFO 5134 --- [ool-3-thread-36] tourGuide.service.RewardsService         : getDistance called
2023-01-20T14:46:40.558+01:00  INFO 5134 --- [ool-3-thread-21] tourGuide.service.RewardsService         : nearAttraction called with Cinderella Castle
2023-01-20T14:46:40.551+01:00  INFO 5134 --- [pool-3-thread-3] tourGuide.service.RewardsService         : nearAttraction called with Roger Dean Stadium
2023-01-20T14:46:40.558+01:00  INFO 5134 --- [pool-3-thread-3] tourGuide.service.RewardsService         : getDistance called
2023-01-20T14:46:40.551+01:00  INFO 5134 --- [pool-3-thread-1] tourGuide.service.RewardsService         : getDistance called
2023-01-20T14:46:40.558+01:00  INFO 5134 --- [pool-3-thread-3] tourGuide.service.RewardsService         : nearAttraction called with Jackson Hole
2023-01-20T14:46:40.551+01:00  INFO 5134 --- [ool-3-thread-46] tourGuide.service.RewardsService         : nearAttraction called with Bryant-Denny Stadium
2023-01-20T14:46:40.551+01:00  INFO 5134 --- [ool-3-thread-70] tourGuide.service.RewardsService         : getDistance called
2023-01-20T14:46:40.558+01:00  INFO 5134 --- [pool-3-thread-3] tourGuide.service.RewardsService         : getDistance called
2023-01-20T14:46:40.551+01:00  INFO 5134 --- [ool-3-thread-20] tourGuide.service.RewardsService         : nearAttraction called with Neyland Stadium
2023-01-20T14:46:40.551+01:00  INFO 5134 --- [ool-3-thread-25] tourGuide.service.RewardsService         : nearAttraction called with Kyle Field
2023-01-20T14:46:40.558+01:00  INFO 5134 --- [ool-3-thread-20] tourGuide.service.RewardsService         : getDistance called
2023-01-20T14:46:40.551+01:00  INFO 5134 --- [ool-3-thread-35] tourGuide.service.RewardsService         : nearAttraction called with San Diego Zoo
2023-01-20T14:46:40.552+01:00  INFO 5134 --- [ool-3-thread-31] tourGuide.service.RewardsService         : nearAttraction called with Zoo Tampa at Lowry Park
2023-01-20T14:46:40.552+01:00  INFO 5134 --- [ool-3-thread-10] tourGuide.service.RewardsService         : nearAttraction called with Franklin Park Zoo
2023-01-20T14:46:40.552+01:00  INFO 5134 --- [ool-3-thread-13] tourGuide.service.RewardsService         : nearAttraction called with Kansas City Zoo
2023-01-20T14:46:40.552+01:00  INFO 5134 --- [ool-3-thread-63] tourGuide.service.RewardsService         : getDistance called
2023-01-20T14:46:40.559+01:00  INFO 5134 --- [ool-3-thread-10] tourGuide.service.RewardsService         : getDistance called
2023-01-20T14:46:40.552+01:00  INFO 5134 --- [ool-3-thread-30] tourGuide.service.RewardsService         : nearAttraction called with Bronx Zoo
2023-01-20T14:46:40.559+01:00  INFO 5134 --- [ool-3-thread-63] tourGuide.service.RewardsService         : nearAttraction called with Kartchner Caverns State Park
2023-01-20T14:46:40.552+01:00  INFO 5134 --- [ool-3-thread-41] tourGuide.service.RewardsService         : nearAttraction called with Cinderella Castle
2023-01-20T14:46:40.552+01:00  INFO 5134 --- [ool-3-thread-43] tourGuide.service.RewardsService         : nearAttraction called with Disneyland
2023-01-20T14:46:40.559+01:00  INFO 5134 --- [ool-3-thread-41] tourGuide.service.RewardsService         : getDistance called
2023-01-20T14:46:40.552+01:00  INFO 5134 --- [ool-3-thread-61] tourGuide.service.RewardsService         : getDistance called
2023-01-20T14:46:40.552+01:00  INFO 5134 --- [ool-3-thread-26] tourGuide.service.RewardsService         : nearAttraction called with Jackson Hole
2023-01-20T14:46:40.552+01:00  INFO 5134 --- [pool-3-thread-9] tourGuide.service.RewardsService         : nearAttraction called with Mojave National Preserve
2023-01-20T14:46:40.552+01:00  INFO 5134 --- [ool-3-thread-38] tourGuide.service.RewardsService         : nearAttraction called with Buffalo National River
2023-01-20T14:46:40.552+01:00  INFO 5134 --- [ool-3-thread-42] tourGuide.service.RewardsService         : getDistance called
2023-01-20T14:46:40.552+01:00  INFO 5134 --- [ool-3-thread-22] tourGuide.service.RewardsService         : nearAttraction called with Hot Springs National Park
2023-01-20T14:46:40.552+01:00  INFO 5134 --- [ool-3-thread-23] tourGuide.service.RewardsService         : getDistance called
2023-01-20T14:46:40.552+01:00  INFO 5134 --- [ool-3-thread-15] tourGuide.service.RewardsService         : getDistance called
2023-01-20T14:46:40.553+01:00  INFO 5134 --- [ool-3-thread-40] tourGuide.service.RewardsService         : getDistance called
2023-01-20T14:46:40.559+01:00  INFO 5134 --- [ool-3-thread-15] tourGuide.service.RewardsService         : nearAttraction called with Union Station
2023-01-20T14:46:40.559+01:00  INFO 5134 --- [ool-3-thread-40] tourGuide.service.RewardsService         : nearAttraction called with Roger Dean Stadium
2023-01-20T14:46:40.560+01:00  INFO 5134 --- [ool-3-thread-40] tourGuide.service.RewardsService         : getDistance called
2023-01-20T14:46:40.560+01:00  INFO 5134 --- [ool-3-thread-40] tourGuide.service.RewardsService         : nearAttraction called with Texas Memorial Stadium
2023-01-20T14:46:40.560+01:00  INFO 5134 --- [ool-3-thread-40] tourGuide.service.RewardsService         : getDistance called
2023-01-20T14:46:40.560+01:00  INFO 5134 --- [ool-3-thread-40] tourGuide.service.RewardsService         : nearAttraction called with Bryant-Denny Stadium
2023-01-20T14:46:40.560+01:00  INFO 5134 --- [ool-3-thread-40] tourGuide.service.RewardsService         : getDistance called
2023-01-20T14:46:40.560+01:00  INFO 5134 --- [ool-3-thread-40] tourGuide.service.RewardsService         : nearAttraction called with Tiger Stadium
2023-01-20T14:46:40.560+01:00  INFO 5134 --- [ool-3-thread-40] tourGuide.service.RewardsService         : getDistance called
2023-01-20T14:46:40.553+01:00  INFO 5134 --- [ool-3-thread-67] tourGuide.service.RewardsService         : getDistance called
2023-01-20T14:46:40.553+01:00  INFO 5134 --- [pool-3-thread-6] tourGuide.service.RewardsService         : nearAttraction called with Kartchner Caverns State Park
2023-01-20T14:46:40.553+01:00  INFO 5134 --- [ool-3-thread-65] tourGuide.service.RewardsService         : getDistance called
2023-01-20T14:46:40.553+01:00  INFO 5134 --- [ool-3-thread-64] tourGuide.service.RewardsService         : nearAttraction called with Legend Valley
2023-01-20T14:46:40.560+01:00  INFO 5134 --- [ool-3-thread-65] tourGuide.service.RewardsService         : nearAttraction called with San Diego Zoo
2023-01-20T14:46:40.560+01:00  INFO 5134 --- [ool-3-thread-64] tourGuide.service.RewardsService         : getDistance called
2023-01-20T14:46:40.560+01:00  INFO 5134 --- [ool-3-thread-65] tourGuide.service.RewardsService         : getDistance called
2023-01-20T14:46:40.553+01:00  INFO 5134 --- [ool-3-thread-28] tourGuide.service.RewardsService         : nearAttraction called with Flowers Bakery of London
2023-01-20T14:46:40.553+01:00  INFO 5134 --- [ool-3-thread-33] tourGuide.service.RewardsService         : getDistance called
2023-01-20T14:46:40.561+01:00  INFO 5134 --- [ool-3-thread-65] tourGuide.service.RewardsService         : nearAttraction called with Franklin Park Zoo
2023-01-20T14:46:40.553+01:00  INFO 5134 --- [ool-3-thread-50] tourGuide.service.RewardsService         : nearAttraction called with McKinley Tower
2023-01-20T14:46:40.561+01:00  INFO 5134 --- [ool-3-thread-33] tourGuide.service.RewardsService         : nearAttraction called with El Paso Zoo
2023-01-20T14:46:40.561+01:00  INFO 5134 --- [ool-3-thread-50] tourGuide.service.RewardsService         : getDistance called
2023-01-20T14:46:40.553+01:00  INFO 5134 --- [ool-3-thread-24] tourGuide.service.RewardsService         : getDistance called
2023-01-20T14:46:40.553+01:00  INFO 5134 --- [pool-3-thread-7] tourGuide.service.RewardsService         : nearAttraction called with Union Station
2023-01-20T14:46:40.553+01:00  INFO 5134 --- [ool-3-thread-48] tourGuide.service.RewardsService         : getDistance called
2023-01-20T14:46:40.561+01:00  INFO 5134 --- [pool-3-thread-7] tourGuide.service.RewardsService         : getDistance called
2023-01-20T14:46:40.554+01:00  INFO 5134 --- [ool-3-thread-32] tourGuide.service.RewardsService         : getDistance called
2023-01-20T14:46:40.554+01:00  INFO 5134 --- [ool-3-thread-29] tourGuide.service.RewardsService         : nearAttraction called with Roger Dean Stadium
2023-01-20T14:46:40.561+01:00  INFO 5134 --- [ool-3-thread-29] tourGuide.service.RewardsService         : getDistance called
2023-01-20T14:46:40.554+01:00  INFO 5134 --- [pool-3-thread-4] tourGuide.service.RewardsService         : getDistance called
2023-01-20T14:46:40.554+01:00  INFO 5134 --- [ool-3-thread-57] tourGuide.service.RewardsService         : getDistance called
2023-01-20T14:46:40.561+01:00  INFO 5134 --- [pool-3-thread-4] tourGuide.service.RewardsService         : nearAttraction called with Joshua Tree National Park
2023-01-20T14:46:40.554+01:00  INFO 5134 --- [ool-3-thread-27] tourGuide.service.RewardsService         : getDistance called
2023-01-20T14:46:40.554+01:00  INFO 5134 --- [ool-3-thread-55] tourGuide.service.RewardsService         : nearAttraction called with Neyland Stadium
2023-01-20T14:46:40.561+01:00  INFO 5134 --- [ool-3-thread-27] tourGuide.service.RewardsService         : nearAttraction called with Hot Springs National Park
2023-01-20T14:46:40.554+01:00  INFO 5134 --- [ool-3-thread-11] tourGuide.service.RewardsService         : nearAttraction called with Kyle Field
2023-01-20T14:46:40.554+01:00  INFO 5134 --- [ool-3-thread-52] tourGuide.service.RewardsService         : nearAttraction called with San Diego Zoo
2023-01-20T14:46:40.561+01:00  INFO 5134 --- [ool-3-thread-11] tourGuide.service.RewardsService         : getDistance called
2023-01-20T14:46:40.555+01:00  INFO 5134 --- [ool-3-thread-16] tourGuide.service.RewardsService         : nearAttraction called with Zoo Tampa at Lowry Park
2023-01-20T14:46:40.555+01:00  INFO 5134 --- [ool-3-thread-44] tourGuide.service.RewardsService         : nearAttraction called with Franklin Park Zoo
2023-01-20T14:46:40.562+01:00  INFO 5134 --- [ool-3-thread-16] tourGuide.service.RewardsService         : getDistance called
2023-01-20T14:46:40.555+01:00  INFO 5134 --- [ool-3-thread-54] tourGuide.service.RewardsService         : getDistance called
2023-01-20T14:46:40.555+01:00  INFO 5134 --- [ool-3-thread-45] tourGuide.service.RewardsService         : nearAttraction called with El Paso Zoo
2023-01-20T14:46:40.555+01:00  INFO 5134 --- [ool-3-thread-47] tourGuide.service.RewardsService         : nearAttraction called with Kansas City Zoo
2023-01-20T14:46:40.555+01:00  INFO 5134 --- [ool-3-thread-12] tourGuide.service.RewardsService         : nearAttraction called with Bronx Zoo
2023-01-20T14:46:40.562+01:00  INFO 5134 --- [ool-3-thread-47] tourGuide.service.RewardsService         : getDistance called
2023-01-20T14:46:40.562+01:00  INFO 5134 --- [ool-3-thread-12] tourGuide.service.RewardsService         : getDistance called
2023-01-20T14:46:40.555+01:00  INFO 5134 --- [ool-3-thread-51] tourGuide.service.RewardsService         : getDistance called
2023-01-20T14:46:40.562+01:00  INFO 5134 --- [ool-3-thread-47] tourGuide.service.RewardsService         : nearAttraction called with McKinley Tower
2023-01-20T14:46:40.555+01:00  INFO 5134 --- [ool-3-thread-37] tourGuide.service.RewardsService         : nearAttraction called with Cinderella Castle
2023-01-20T14:46:40.562+01:00  INFO 5134 --- [ool-3-thread-51] tourGuide.service.RewardsService         : nearAttraction called with Fallingwater
2023-01-20T14:46:40.555+01:00  INFO 5134 --- [ool-3-thread-62] tourGuide.service.RewardsService         : nearAttraction called with Disneyland
2023-01-20T14:46:40.555+01:00  INFO 5134 --- [ool-3-thread-49] tourGuide.service.RewardsService         : getDistance called
2023-01-20T14:46:40.556+01:00  INFO 5134 --- [ool-3-thread-60] tourGuide.service.RewardsService         : nearAttraction called with Legend Valley
2023-01-20T14:46:40.556+01:00  INFO 5134 --- [pool-3-thread-8] tourGuide.service.RewardsService         : nearAttraction called with McKinley Tower
2023-01-20T14:46:40.556+01:00  INFO 5134 --- [ool-3-thread-53] tourGuide.service.RewardsService         : getDistance called
2023-01-20T14:46:40.557+01:00  INFO 5134 --- [pool-3-thread-5] tourGuide.service.RewardsService         : nearAttraction called with Union Station
2023-01-20T14:46:40.562+01:00  INFO 5134 --- [ool-3-thread-53] tourGuide.service.RewardsService         : nearAttraction called with Roger Dean Stadium
2023-01-20T14:46:40.562+01:00  INFO 5134 --- [pool-3-thread-5] tourGuide.service.RewardsService         : getDistance called
2023-01-20T14:46:40.557+01:00  INFO 5134 --- [ool-3-thread-58] tourGuide.service.RewardsService         : nearAttraction called with Roger Dean Stadium
2023-01-20T14:46:40.557+01:00  INFO 5134 --- [ool-3-thread-68] tourGuide.service.RewardsService         : getDistance called
2023-01-20T14:46:40.557+01:00  INFO 5134 --- [ool-3-thread-18] tourGuide.service.RewardsService         : nearAttraction called with Texas Memorial Stadium
2023-01-20T14:46:40.557+01:00  INFO 5134 --- [pool-3-thread-2] tourGuide.service.RewardsService         : getDistance called
2023-01-20T14:46:40.563+01:00  INFO 5134 --- [ool-3-thread-68] tourGuide.service.RewardsService         : nearAttraction called with Bryant-Denny Stadium
2023-01-20T14:46:40.557+01:00  INFO 5134 --- [ool-3-thread-66] tourGuide.service.RewardsService         : nearAttraction called with Neyland Stadium
2023-01-20T14:46:40.563+01:00  INFO 5134 --- [ool-3-thread-66] tourGuide.service.RewardsService         : getDistance called
2023-01-20T14:46:40.557+01:00  INFO 5134 --- [ool-3-thread-17] tourGuide.service.RewardsService         : getDistance called
2023-01-20T14:46:40.557+01:00  INFO 5134 --- [ool-3-thread-69] tourGuide.service.RewardsService         : nearAttraction called with Kyle Field
2023-01-20T14:46:40.563+01:00  INFO 5134 --- [ool-3-thread-17] tourGuide.service.RewardsService         : nearAttraction called with Kyle Field
2023-01-20T14:46:40.557+01:00  INFO 5134 --- [ool-3-thread-56] tourGuide.service.RewardsService         : nearAttraction called with San Diego Zoo
2023-01-20T14:46:40.557+01:00  INFO 5134 --- [ool-4-thread-25] tourGuide.service.RewardsService         : Rewards of internalUser55 calculated by calculateRewards
2023-01-20T14:46:40.563+01:00  INFO 5134 --- [ool-3-thread-56] tourGuide.service.RewardsService         : getDistance called
2023-01-20T14:46:40.557+01:00  INFO 5134 --- [ool-3-thread-34] tourGuide.service.RewardsService         : getDistance called
2023-01-20T14:46:40.557+01:00  INFO 5134 --- [ool-3-thread-19] tourGuide.service.RewardsService         : nearAttraction called with Zoo Tampa at Lowry Park
2023-01-20T14:46:40.563+01:00  INFO 5134 --- [ool-3-thread-34] tourGuide.service.RewardsService         : nearAttraction called with Zoo Tampa at Lowry Park
2023-01-20T14:46:40.557+01:00  INFO 5134 --- [ool-3-thread-39] tourGuide.service.RewardsService         : nearAttraction called with Franklin Park Zoo
2023-01-20T14:46:40.557+01:00  INFO 5134 --- [ool-3-thread-59] tourGuide.service.RewardsService         : nearAttraction called with El Paso Zoo
2023-01-20T14:46:40.558+01:00  INFO 5134 --- [ool-3-thread-14] tourGuide.service.RewardsService         : nearAttraction called with Bronx Zoo
2023-01-20T14:46:40.558+01:00  INFO 5134 --- [ool-3-thread-36] tourGuide.service.RewardsService         : nearAttraction called with Disneyland
2023-01-20T14:46:40.558+01:00  INFO 5134 --- [ool-3-thread-21] tourGuide.service.RewardsService         : getDistance called
2023-01-20T14:46:40.558+01:00  INFO 5134 --- [pool-3-thread-1] tourGuide.service.RewardsService         : nearAttraction called with Mojave National Preserve
2023-01-20T14:46:40.558+01:00  INFO 5134 --- [ool-3-thread-46] tourGuide.service.RewardsService         : getDistance called
2023-01-20T14:46:40.564+01:00  INFO 5134 --- [ool-3-thread-21] tourGuide.service.RewardsService         : nearAttraction called with Franklin Park Zoo
2023-01-20T14:46:40.558+01:00  INFO 5134 --- [ool-3-thread-70] tourGuide.service.RewardsService         : nearAttraction called with Joshua Tree National Park
2023-01-20T14:46:40.564+01:00  INFO 5134 --- [ool-3-thread-46] tourGuide.service.RewardsService         : nearAttraction called with El Paso Zoo
2023-01-20T14:46:40.564+01:00  INFO 5134 --- [ool-3-thread-70] tourGuide.service.RewardsService         : getDistance called
2023-01-20T14:46:40.564+01:00  INFO 5134 --- [ool-3-thread-46] tourGuide.service.RewardsService         : getDistance called
2023-01-20T14:46:40.564+01:00  INFO 5134 --- [ool-3-thread-70] tourGuide.service.RewardsService         : nearAttraction called with Kansas City Zoo
2023-01-20T14:46:40.564+01:00  INFO 5134 --- [ool-3-thread-46] tourGuide.service.RewardsService         : nearAttraction called with Bronx Zoo
2023-01-20T14:46:40.558+01:00  INFO 5134 --- [pool-3-thread-3] tourGuide.service.RewardsService         : nearAttraction called with Buffalo National River
2023-01-20T14:46:40.558+01:00  INFO 5134 --- [ool-3-thread-25] tourGuide.service.RewardsService         : getDistance called
2023-01-20T14:46:40.564+01:00  INFO 5134 --- [pool-3-thread-3] tourGuide.service.RewardsService         : getDistance called
2023-01-20T14:46:40.558+01:00  INFO 5134 --- [ool-3-thread-20] tourGuide.service.RewardsService         : nearAttraction called with Hot Springs National Park
2023-01-20T14:46:40.559+01:00  INFO 5134 --- [ool-3-thread-35] tourGuide.service.RewardsService         : getDistance called
2023-01-20T14:46:40.559+01:00  INFO 5134 --- [ool-3-thread-31] tourGuide.service.RewardsService         : getDistance called
2023-01-20T14:46:40.559+01:00  INFO 5134 --- [ool-3-thread-13] tourGuide.service.RewardsService         : getDistance called
2023-01-20T14:46:40.564+01:00  INFO 5134 --- [ool-3-thread-31] tourGuide.service.RewardsService         : nearAttraction called with Mojave National Preserve
2023-01-20T14:46:40.559+01:00  INFO 5134 --- [ool-3-thread-10] tourGuide.service.RewardsService         : nearAttraction called with Legend Valley
2023-01-20T14:46:40.559+01:00  INFO 5134 --- [ool-3-thread-30] tourGuide.service.RewardsService         : getDistance called
2023-01-20T14:46:40.559+01:00  INFO 5134 --- [ool-3-thread-63] tourGuide.service.RewardsService         : getDistance called
2023-01-20T14:46:40.564+01:00  INFO 5134 --- [ool-3-thread-30] tourGuide.service.RewardsService         : nearAttraction called with Buffalo National River
2023-01-20T14:46:40.564+01:00  INFO 5134 --- [ool-3-thread-63] tourGuide.service.RewardsService         : nearAttraction called with Hot Springs National Park
2023-01-20T14:46:40.559+01:00  INFO 5134 --- [ool-3-thread-43] tourGuide.service.RewardsService         : getDistance called
2023-01-20T14:46:40.559+01:00  INFO 5134 --- [ool-3-thread-41] tourGuide.service.RewardsService         : nearAttraction called with Flowers Bakery of London
2023-01-20T14:46:40.565+01:00  INFO 5134 --- [ool-3-thread-43] tourGuide.service.RewardsService         : nearAttraction called with Kartchner Caverns State Park
2023-01-20T14:46:40.565+01:00  INFO 5134 --- [ool-3-thread-41] tourGuide.service.RewardsService         : getDistance called
2023-01-20T14:46:40.565+01:00  INFO 5134 --- [ool-3-thread-43] tourGuide.service.RewardsService         : getDistance called
2023-01-20T14:46:40.559+01:00  INFO 5134 --- [ool-3-thread-61] tourGuide.service.RewardsService         : nearAttraction called with McKinley Tower
2023-01-20T14:46:40.565+01:00  INFO 5134 --- [ool-3-thread-43] tourGuide.service.RewardsService         : nearAttraction called with Flowers Bakery of London
2023-01-20T14:46:40.559+01:00  INFO 5134 --- [ool-3-thread-26] tourGuide.service.RewardsService         : getDistance called
2023-01-20T14:46:40.559+01:00  INFO 5134 --- [pool-3-thread-9] tourGuide.service.RewardsService         : getDistance called
2023-01-20T14:46:40.565+01:00  INFO 5134 --- [ool-3-thread-26] tourGuide.service.RewardsService         : nearAttraction called with McKinley Tower
2023-01-20T14:46:40.559+01:00  INFO 5134 --- [ool-3-thread-38] tourGuide.service.RewardsService         : getDistance called
2023-01-20T14:46:40.559+01:00  INFO 5134 --- [ool-3-thread-42] tourGuide.service.RewardsService         : nearAttraction called with Flatiron Building
2023-01-20T14:46:40.565+01:00  INFO 5134 --- [ool-3-thread-38] tourGuide.service.RewardsService         : nearAttraction called with Fallingwater
2023-01-20T14:46:40.559+01:00  INFO 5134 --- [ool-3-thread-22] tourGuide.service.RewardsService         : getDistance called
2023-01-20T14:46:40.559+01:00  INFO 5134 --- [ool-3-thread-23] tourGuide.service.RewardsService         : nearAttraction called with Fallingwater
2023-01-20T14:46:40.565+01:00  INFO 5134 --- [ool-3-thread-22] tourGuide.service.RewardsService         : nearAttraction called with Union Station
2023-01-20T14:46:40.565+01:00  INFO 5134 --- [ool-3-thread-23] tourGuide.service.RewardsService         : getDistance called
2023-01-20T14:46:40.559+01:00  INFO 5134 --- [ool-3-thread-15] tourGuide.service.RewardsService         : getDistance called
2023-01-20T14:46:40.560+01:00  INFO 5134 --- [ool-3-thread-40] tourGuide.service.RewardsService         : nearAttraction called with Neyland Stadium
2023-01-20T14:46:40.565+01:00  INFO 5134 --- [ool-3-thread-15] tourGuide.service.RewardsService         : nearAttraction called with Texas Memorial Stadium
2023-01-20T14:46:40.565+01:00  INFO 5134 --- [ool-3-thread-40] tourGuide.service.RewardsService         : getDistance called
2023-01-20T14:46:40.560+01:00  INFO 5134 --- [ool-3-thread-67] tourGuide.service.RewardsService         : nearAttraction called with Kyle Field
2023-01-20T14:46:40.560+01:00  INFO 5134 --- [pool-3-thread-6] tourGuide.service.RewardsService         : getDistance called
2023-01-20T14:46:40.560+01:00  INFO 5134 --- [pool-4-thread-5] tourGuide.service.RewardsService         : Rewards of internalUser42 calculated by calculateRewards
2023-01-20T14:46:40.561+01:00  INFO 5134 --- [ool-3-thread-64] tourGuide.service.RewardsService         : nearAttraction called with Zoo Tampa at Lowry Park
2023-01-20T14:46:40.566+01:00  INFO 5134 --- [ool-3-thread-67] tourGuide.service.RewardsService         : getDistance called
2023-01-20T14:46:40.561+01:00  INFO 5134 --- [ool-3-thread-28] tourGuide.service.RewardsService         : getDistance called
2023-01-20T14:46:40.566+01:00  INFO 5134 --- [ool-3-thread-67] tourGuide.service.RewardsService         : nearAttraction called with Neyland Stadium
2023-01-20T14:46:40.561+01:00  INFO 5134 --- [ool-3-thread-65] tourGuide.service.RewardsService         : getDistance called
2023-01-20T14:46:40.561+01:00  INFO 5134 --- [ool-3-thread-33] tourGuide.service.RewardsService         : getDistance called
2023-01-20T14:46:40.566+01:00  INFO 5134 --- [ool-3-thread-65] tourGuide.service.RewardsService         : nearAttraction called with San Diego Zoo
2023-01-20T14:46:40.561+01:00  INFO 5134 --- [ool-3-thread-50] tourGuide.service.RewardsService         : nearAttraction called with Kansas City Zoo
2023-01-20T14:46:40.561+01:00  INFO 5134 --- [ool-3-thread-24] tourGuide.service.RewardsService         : nearAttraction called with Bronx Zoo
2023-01-20T14:46:40.566+01:00  INFO 5134 --- [ool-3-thread-50] tourGuide.service.RewardsService         : getDistance called
2023-01-20T14:46:40.566+01:00  INFO 5134 --- [ool-3-thread-24] tourGuide.service.RewardsService         : getDistance called
2023-01-20T14:46:40.561+01:00  INFO 5134 --- [ool-3-thread-48] tourGuide.service.RewardsService         : nearAttraction called with Cinderella Castle
2023-01-20T14:46:40.566+01:00  INFO 5134 --- [ool-3-thread-48] tourGuide.service.RewardsService         : getDistance called
2023-01-20T14:46:40.561+01:00  INFO 5134 --- [pool-3-thread-7] tourGuide.service.RewardsService         : nearAttraction called with Disneyland
2023-01-20T14:46:40.561+01:00  INFO 5134 --- [ool-3-thread-32] tourGuide.service.RewardsService         : nearAttraction called with Jackson Hole
2023-01-20T14:46:40.561+01:00  INFO 5134 --- [ool-3-thread-29] tourGuide.service.RewardsService         : nearAttraction called with Mojave National Preserve
2023-01-20T14:46:40.566+01:00  INFO 5134 --- [ool-3-thread-32] tourGuide.service.RewardsService         : getDistance called
2023-01-20T14:46:40.566+01:00  INFO 5134 --- [ool-3-thread-29] tourGuide.service.RewardsService         : getDistance called
2023-01-20T14:46:40.561+01:00  INFO 5134 --- [ool-3-thread-57] tourGuide.service.RewardsService         : nearAttraction called with Buffalo National River
2023-01-20T14:46:40.567+01:00  INFO 5134 --- [ool-3-thread-32] tourGuide.service.RewardsService         : nearAttraction called with Bronx Zoo
2023-01-20T14:46:40.561+01:00  INFO 5134 --- [pool-3-thread-4] tourGuide.service.RewardsService         : getDistance called
2023-01-20T14:46:40.561+01:00  INFO 5134 --- [ool-3-thread-55] tourGuide.service.RewardsService         : getDistance called
2023-01-20T14:46:40.567+01:00  INFO 5134 --- [pool-3-thread-4] tourGuide.service.RewardsService         : nearAttraction called with Disneyland
2023-01-20T14:46:40.561+01:00  INFO 5134 --- [ool-3-thread-27] tourGuide.service.RewardsService         : getDistance called
2023-01-20T14:46:40.562+01:00  INFO 5134 --- [ool-3-thread-52] tourGuide.service.RewardsService         : getDistance called
2023-01-20T14:46:40.562+01:00  INFO 5134 --- [ool-3-thread-11] tourGuide.service.RewardsService         : nearAttraction called with Kartchner Caverns State Park
2023-01-20T14:46:40.562+01:00  INFO 5134 --- [ool-3-thread-44] tourGuide.service.RewardsService         : getDistance called
2023-01-20T14:46:40.562+01:00  INFO 5134 --- [ool-3-thread-16] tourGuide.service.RewardsService         : nearAttraction called with Legend Valley
2023-01-20T14:46:40.567+01:00  INFO 5134 --- [ool-3-thread-44] tourGuide.service.RewardsService         : nearAttraction called with Buffalo National River
2023-01-20T14:46:40.567+01:00  INFO 5134 --- [ool-3-thread-16] tourGuide.service.RewardsService         : getDistance called
2023-01-20T14:46:40.567+01:00  INFO 5134 --- [ool-3-thread-44] tourGuide.service.RewardsService         : getDistance called
2023-01-20T14:46:40.567+01:00  INFO 5134 --- [ool-3-thread-16] tourGuide.service.RewardsService         : nearAttraction called with Hot Springs National Park
2023-01-20T14:46:40.562+01:00  INFO 5134 --- [ool-3-thread-54] tourGuide.service.RewardsService         : nearAttraction called with Flowers Bakery of London
2023-01-20T14:46:40.562+01:00  INFO 5134 --- [ool-3-thread-45] tourGuide.service.RewardsService         : getDistance called
2023-01-20T14:46:40.562+01:00  INFO 5134 --- [ool-3-thread-12] tourGuide.service.RewardsService         : nearAttraction called with Flatiron Building
2023-01-20T14:46:40.562+01:00  INFO 5134 --- [ool-3-thread-47] tourGuide.service.RewardsService         : getDistance called
2023-01-20T14:46:40.562+01:00  INFO 5134 --- [ool-4-thread-15] tourGuide.service.RewardsService         : Rewards of internalUser48 calculated by calculateRewards
2023-01-20T14:46:40.562+01:00  INFO 5134 --- [ool-3-thread-37] tourGuide.service.RewardsService         : getDistance called
2023-01-20T14:46:40.562+01:00  INFO 5134 --- [ool-3-thread-51] tourGuide.service.RewardsService         : getDistance called
2023-01-20T14:46:40.562+01:00  INFO 5134 --- [ool-3-thread-62] tourGuide.service.RewardsService         : getDistance called
2023-01-20T14:46:40.562+01:00  INFO 5134 --- [ool-3-thread-49] tourGuide.service.RewardsService         : nearAttraction called with Union Station
2023-01-20T14:46:40.568+01:00  INFO 5134 --- [ool-3-thread-62] tourGuide.service.RewardsService         : nearAttraction called with Fallingwater
2023-01-20T14:46:40.562+01:00  INFO 5134 --- [ool-3-thread-60] tourGuide.service.RewardsService         : getDistance called
2023-01-20T14:46:40.562+01:00  INFO 5134 --- [pool-3-thread-8] tourGuide.service.RewardsService         : getDistance called
2023-01-20T14:46:40.568+01:00  INFO 5134 --- [ool-3-thread-60] tourGuide.service.RewardsService         : nearAttraction called with Union Station
2023-01-20T14:46:40.568+01:00  INFO 5134 --- [pool-3-thread-8] tourGuide.service.RewardsService         : nearAttraction called with Roger Dean Stadium
2023-01-20T14:46:40.562+01:00  INFO 5134 --- [ool-3-thread-53] tourGuide.service.RewardsService         : getDistance called
2023-01-20T14:46:40.562+01:00  INFO 5134 --- [pool-3-thread-5] tourGuide.service.RewardsService         : nearAttraction called with Texas Memorial Stadium
2023-01-20T14:46:40.568+01:00  INFO 5134 --- [ool-3-thread-53] tourGuide.service.RewardsService         : nearAttraction called with Texas Memorial Stadium
2023-01-20T14:46:40.568+01:00  INFO 5134 --- [pool-3-thread-5] tourGuide.service.RewardsService         : getDistance called
2023-01-20T14:46:40.562+01:00  INFO 5134 --- [ool-3-thread-58] tourGuide.service.RewardsService         : getDistance called
2023-01-20T14:46:40.568+01:00  INFO 5134 --- [pool-3-thread-5] tourGuide.service.RewardsService         : nearAttraction called with Bryant-Denny Stadium
2023-01-20T14:46:40.568+01:00  INFO 5134 --- [ool-3-thread-58] tourGuide.service.RewardsService         : nearAttraction called with Tiger Stadium
2023-01-20T14:46:40.563+01:00  INFO 5134 --- [ool-3-thread-18] tourGuide.service.RewardsService         : getDistance called
2023-01-20T14:46:40.563+01:00  INFO 5134 --- [ool-3-thread-68] tourGuide.service.RewardsService         : getDistance called
2023-01-20T14:46:40.563+01:00  INFO 5134 --- [pool-3-thread-2] tourGuide.service.RewardsService         : nearAttraction called with Tiger Stadium
2023-01-20T14:46:40.568+01:00  INFO 5134 --- [ool-3-thread-68] tourGuide.service.RewardsService         : nearAttraction called with Kyle Field
2023-01-20T14:46:40.568+01:00  INFO 5134 --- [pool-3-thread-2] tourGuide.service.RewardsService         : getDistance called
2023-01-20T14:46:40.568+01:00  INFO 5134 --- [ool-3-thread-68] tourGuide.service.RewardsService         : getDistance called
2023-01-20T14:46:40.563+01:00  INFO 5134 --- [ool-3-thread-66] tourGuide.service.RewardsService         : nearAttraction called with Neyland Stadium
2023-01-20T14:46:40.568+01:00  INFO 5134 --- [ool-3-thread-68] tourGuide.service.RewardsService         : nearAttraction called with Zoo Tampa at Lowry Park
2023-01-20T14:46:40.568+01:00  INFO 5134 --- [ool-3-thread-66] tourGuide.service.RewardsService         : getDistance called
2023-01-20T14:46:40.563+01:00  INFO 5134 --- [ool-3-thread-69] tourGuide.service.RewardsService         : getDistance called
2023-01-20T14:46:40.563+01:00  INFO 5134 --- [ool-3-thread-17] tourGuide.service.RewardsService         : getDistance called
2023-01-20T14:46:40.569+01:00  INFO 5134 --- [ool-3-thread-66] tourGuide.service.RewardsService         : nearAttraction called with Franklin Park Zoo
2023-01-20T14:46:40.569+01:00  INFO 5134 --- [ool-3-thread-17] tourGuide.service.RewardsService         : nearAttraction called with Kansas City Zoo
2023-01-20T14:46:40.569+01:00  INFO 5134 --- [ool-3-thread-66] tourGuide.service.RewardsService         : getDistance called
2023-01-20T14:46:40.569+01:00  INFO 5134 --- [ool-3-thread-17] tourGuide.service.RewardsService         : getDistance called
2023-01-20T14:46:40.563+01:00  INFO 5134 --- [ool-3-thread-56] tourGuide.service.RewardsService         : nearAttraction called with San Diego Zoo
2023-01-20T14:46:40.569+01:00  INFO 5134 --- [ool-3-thread-17] tourGuide.service.RewardsService         : nearAttraction called with Cinderella Castle
2023-01-20T14:46:40.563+01:00  INFO 5134 --- [ool-3-thread-19] tourGuide.service.RewardsService         : getDistance called
2023-01-20T14:46:40.563+01:00  INFO 5134 --- [ool-3-thread-34] tourGuide.service.RewardsService         : getDistance called
2023-01-20T14:46:40.569+01:00  INFO 5134 --- [ool-3-thread-19] tourGuide.service.RewardsService         : nearAttraction called with Disneyland
2023-01-20T14:46:40.569+01:00  INFO 5134 --- [ool-3-thread-34] tourGuide.service.RewardsService         : nearAttraction called with Jackson Hole
2023-01-20T14:46:40.563+01:00  INFO 5134 --- [ool-3-thread-39] tourGuide.service.RewardsService         : getDistance called
2023-01-20T14:46:40.563+01:00  INFO 5134 --- [ool-3-thread-59] tourGuide.service.RewardsService         : getDistance called
2023-01-20T14:46:40.569+01:00  INFO 5134 --- [ool-3-thread-39] tourGuide.service.RewardsService         : nearAttraction called with Mojave National Preserve
2023-01-20T14:46:40.563+01:00  INFO 5134 --- [ool-3-thread-14] tourGuide.service.RewardsService         : getDistance called
2023-01-20T14:46:40.563+01:00  INFO 5134 --- [ool-3-thread-36] tourGuide.service.RewardsService         : getDistance called
2023-01-20T14:46:40.569+01:00  INFO 5134 --- [ool-3-thread-14] tourGuide.service.RewardsService         : nearAttraction called with Buffalo National River
2023-01-20T14:46:40.569+01:00  INFO 5134 --- [ool-3-thread-36] tourGuide.service.RewardsService         : nearAttraction called with Hot Springs National Park
2023-01-20T14:46:40.564+01:00  INFO 5134 --- [pool-3-thread-1] tourGuide.service.RewardsService         : getDistance called
2023-01-20T14:46:40.564+01:00  INFO 5134 --- [ool-3-thread-21] tourGuide.service.RewardsService         : getDistance called
2023-01-20T14:46:40.569+01:00  INFO 5134 --- [pool-3-thread-1] tourGuide.service.RewardsService         : nearAttraction called with Kartchner Caverns State Park
2023-01-20T14:46:40.564+01:00  INFO 5134 --- [ool-3-thread-70] tourGuide.service.RewardsService         : getDistance called
2023-01-20T14:46:40.564+01:00  INFO 5134 --- [ool-3-thread-46] tourGuide.service.RewardsService         : getDistance called
2023-01-20T14:46:40.564+01:00  INFO 5134 --- [ool-3-thread-25] tourGuide.service.RewardsService         : nearAttraction called with Cinderella Castle
2023-01-20T14:46:40.570+01:00  INFO 5134 --- [ool-3-thread-25] tourGuide.service.RewardsService         : getDistance called
2023-01-20T14:46:40.564+01:00  INFO 5134 --- [pool-3-thread-3] tourGuide.service.RewardsService         : nearAttraction called with Disneyland
2023-01-20T14:46:40.570+01:00  INFO 5134 --- [ool-3-thread-25] tourGuide.service.RewardsService         : nearAttraction called with Flatiron Building
2023-01-20T14:46:40.570+01:00  INFO 5134 --- [pool-3-thread-3] tourGuide.service.RewardsService         : getDistance called
2023-01-20T14:46:40.570+01:00  INFO 5134 --- [ool-3-thread-25] tourGuide.service.RewardsService         : getDistance called
2023-01-20T14:46:40.564+01:00  INFO 5134 --- [ool-3-thread-20] tourGuide.service.RewardsService         : getDistance called
2023-01-20T14:46:40.570+01:00  INFO 5134 --- [ool-3-thread-25] tourGuide.service.RewardsService         : nearAttraction called with Union Station
2023-01-20T14:46:40.564+01:00  INFO 5134 --- [ool-3-thread-35] tourGuide.service.RewardsService         : nearAttraction called with Jackson Hole
2023-01-20T14:46:40.564+01:00  INFO 5134 --- [ool-3-thread-13] tourGuide.service.RewardsService         : nearAttraction called with Joshua Tree National Park
2023-01-20T14:46:40.570+01:00  INFO 5134 --- [ool-3-thread-35] tourGuide.service.RewardsService         : getDistance called
2023-01-20T14:46:40.564+01:00  INFO 5134 --- [ool-3-thread-31] tourGuide.service.RewardsService         : getDistance called
2023-01-20T14:46:40.564+01:00  INFO 5134 --- [ool-3-thread-10] tourGuide.service.RewardsService         : getDistance called
2023-01-20T14:46:40.564+01:00  INFO 5134 --- [pool-4-thread-9] tourGuide.service.RewardsService         : Rewards of internalUser54 calculated by calculateRewards
2023-01-20T14:46:40.570+01:00  INFO 5134 --- [ool-3-thread-10] tourGuide.service.RewardsService         : nearAttraction called with Tiger Stadium
2023-01-20T14:46:40.564+01:00  INFO 5134 --- [ool-3-thread-30] tourGuide.service.RewardsService         : getDistance called
2023-01-20T14:46:40.565+01:00  INFO 5134 --- [ool-3-thread-63] tourGuide.service.RewardsService         : getDistance called
2023-01-20T14:46:40.565+01:00  INFO 5134 --- [ool-3-thread-41] tourGuide.service.RewardsService         : nearAttraction called with Legend Valley
2023-01-20T14:46:40.570+01:00  INFO 5134 --- [ool-3-thread-63] tourGuide.service.RewardsService         : nearAttraction called with Kyle Field
2023-01-20T14:46:40.565+01:00  INFO 5134 --- [ool-3-thread-61] tourGuide.service.RewardsService         : getDistance called
2023-01-20T14:46:40.565+01:00  INFO 5134 --- [ool-3-thread-43] tourGuide.service.RewardsService         : getDistance called
2023-01-20T14:46:40.565+01:00  INFO 5134 --- [pool-3-thread-9] tourGuide.service.RewardsService         : nearAttraction called with Flatiron Building
2023-01-20T14:46:40.565+01:00  INFO 5134 --- [ool-3-thread-26] tourGuide.service.RewardsService         : getDistance called
2023-01-20T14:46:40.565+01:00  INFO 5134 --- [ool-3-thread-42] tourGuide.service.RewardsService         : getDistance called
2023-01-20T14:46:40.571+01:00  INFO 5134 --- [ool-3-thread-26] tourGuide.service.RewardsService         : nearAttraction called with Franklin Park Zoo
2023-01-20T14:46:40.565+01:00  INFO 5134 --- [ool-3-thread-38] tourGuide.service.RewardsService         : getDistance called
2023-01-20T14:46:40.565+01:00  INFO 5134 --- [ool-3-thread-22] tourGuide.service.RewardsService         : getDistance called
2023-01-20T14:46:40.571+01:00  INFO 5134 --- [ool-3-thread-38] tourGuide.service.RewardsService         : nearAttraction called with Kansas City Zoo
2023-01-20T14:46:40.565+01:00  INFO 5134 --- [ool-3-thread-23] tourGuide.service.RewardsService         : nearAttraction called with Roger Dean Stadium
2023-01-20T14:46:40.565+01:00  INFO 5134 --- [ool-3-thread-15] tourGuide.service.RewardsService         : getDistance called
2023-01-20T14:46:40.571+01:00  INFO 5134 --- [ool-3-thread-23] tourGuide.service.RewardsService         : getDistance called
2023-01-20T14:46:40.566+01:00  INFO 5134 --- [ool-3-thread-40] tourGuide.service.RewardsService         : nearAttraction called with Bryant-Denny Stadium
2023-01-20T14:46:40.571+01:00  INFO 5134 --- [ool-3-thread-23] tourGuide.service.RewardsService         : nearAttraction called with Disneyland
2023-01-20T14:46:40.566+01:00  INFO 5134 --- [pool-3-thread-6] tourGuide.service.RewardsService         : nearAttraction called with Tiger Stadium
2023-01-20T14:46:40.566+01:00  INFO 5134 --- [ool-3-thread-64] tourGuide.service.RewardsService         : getDistance called
2023-01-20T14:46:40.566+01:00  INFO 5134 --- [ool-3-thread-28] tourGuide.service.RewardsService         : nearAttraction called with Kyle Field
2023-01-20T14:46:40.571+01:00  INFO 5134 --- [ool-3-thread-64] tourGuide.service.RewardsService         : nearAttraction called with Jackson Hole
2023-01-20T14:46:40.571+01:00  INFO 5134 --- [ool-4-thread-61] tourGuide.service.RewardsService         : Rewards of internalUser58 calculated by calculateRewards
2023-01-20T14:46:40.566+01:00  INFO 5134 --- [ool-3-thread-67] tourGuide.service.RewardsService         : getDistance called
2023-01-20T14:46:40.566+01:00  INFO 5134 --- [ool-3-thread-33] tourGuide.service.RewardsService         : nearAttraction called with Zoo Tampa at Lowry Park
2023-01-20T14:46:40.566+01:00  INFO 5134 --- [ool-3-thread-65] tourGuide.service.RewardsService         : getDistance called
2023-01-20T14:46:40.566+01:00  INFO 5134 --- [ool-3-thread-50] tourGuide.service.RewardsService         : nearAttraction called with Franklin Park Zoo
2023-01-20T14:46:40.571+01:00  INFO 5134 --- [ool-3-thread-65] tourGuide.service.RewardsService         : nearAttraction called with Joshua Tree National Park
2023-01-20T14:46:40.566+01:00  INFO 5134 --- [ool-3-thread-24] tourGuide.service.RewardsService         : nearAttraction called with El Paso Zoo
2023-01-20T14:46:40.572+01:00  INFO 5134 --- [ool-3-thread-50] tourGuide.service.RewardsService         : getDistance called
2023-01-20T14:46:40.572+01:00  INFO 5134 --- [ool-3-thread-24] tourGuide.service.RewardsService         : getDistance called
2023-01-20T14:46:40.566+01:00  INFO 5134 --- [ool-3-thread-48] tourGuide.service.RewardsService         : nearAttraction called with Kansas City Zoo
2023-01-20T14:46:40.572+01:00  INFO 5134 --- [ool-3-thread-24] tourGuide.service.RewardsService         : nearAttraction called with Hot Springs National Park
2023-01-20T14:46:40.572+01:00  INFO 5134 --- [ool-3-thread-48] tourGuide.service.RewardsService         : getDistance called
2023-01-20T14:46:40.566+01:00  INFO 5134 --- [pool-3-thread-7] tourGuide.service.RewardsService         : getDistance called
2023-01-20T14:46:40.572+01:00  INFO 5134 --- [ool-3-thread-48] tourGuide.service.RewardsService         : nearAttraction called with Kartchner Caverns State Park
2023-01-20T14:46:40.567+01:00  INFO 5134 --- [ool-3-thread-29] tourGuide.service.RewardsService         : nearAttraction called with Cinderella Castle
2023-01-20T14:46:40.567+01:00  INFO 5134 --- [ool-3-thread-57] tourGuide.service.RewardsService         : getDistance called
2023-01-20T14:46:40.567+01:00  INFO 5134 --- [ool-3-thread-32] tourGuide.service.RewardsService         : getDistance called
2023-01-20T14:46:40.572+01:00  INFO 5134 --- [ool-3-thread-57] tourGuide.service.RewardsService         : nearAttraction called with Flowers Bakery of London
2023-01-20T14:46:40.567+01:00  INFO 5134 --- [ool-3-thread-55] tourGuide.service.RewardsService         : nearAttraction called with Jackson Hole
2023-01-20T14:46:40.572+01:00  INFO 5134 --- [ool-3-thread-55] tourGuide.service.RewardsService         : getDistance called
2023-01-20T14:46:40.567+01:00  INFO 5134 --- [pool-3-thread-4] tourGuide.service.RewardsService         : getDistance called
2023-01-20T14:46:40.567+01:00  INFO 5134 --- [ool-3-thread-27] tourGuide.service.RewardsService         : nearAttraction called with Mojave National Preserve
2023-01-20T14:46:40.567+01:00  INFO 5134 --- [ool-3-thread-52] tourGuide.service.RewardsService         : nearAttraction called with Joshua Tree National Park
2023-01-20T14:46:40.567+01:00  INFO 5134 --- [ool-3-thread-11] tourGuide.service.RewardsService         : getDistance called
2023-01-20T14:46:40.567+01:00  INFO 5134 --- [ool-3-thread-44] tourGuide.service.RewardsService         : nearAttraction called with Kartchner Caverns State Park
2023-01-20T14:46:40.567+01:00  INFO 5134 --- [ool-3-thread-16] tourGuide.service.RewardsService         : getDistance called
2023-01-20T14:46:40.575+01:00  INFO 5134 --- [ool-3-thread-52] tourGuide.service.RewardsService         : getDistance called
2023-01-20T14:46:40.575+01:00  INFO 5134 --- [pool-3-thread-4] tourGuide.service.RewardsService         : nearAttraction called with Fallingwater
2023-01-20T14:46:40.575+01:00  INFO 5134 --- [ool-3-thread-52] tourGuide.service.RewardsService         : nearAttraction called with Texas Memorial Stadium
2023-01-20T14:46:40.575+01:00  INFO 5134 --- [ool-3-thread-27] tourGuide.service.RewardsService         : getDistance called
2023-01-20T14:46:40.567+01:00  INFO 5134 --- [ool-3-thread-54] tourGuide.service.RewardsService         : getDistance called
2023-01-20T14:46:40.575+01:00  INFO 5134 --- [ool-3-thread-27] tourGuide.service.RewardsService         : nearAttraction called with Bryant-Denny Stadium
2023-01-20T14:46:40.567+01:00  INFO 5134 --- [ool-3-thread-45] tourGuide.service.RewardsService         : nearAttraction called with Legend Valley
2023-01-20T14:46:40.567+01:00  INFO 5134 --- [ool-3-thread-12] tourGuide.service.RewardsService         : getDistance called
2023-01-20T14:46:40.567+01:00  INFO 5134 --- [ool-3-thread-47] tourGuide.service.RewardsService         : nearAttraction called with Flowers Bakery of London
2023-01-20T14:46:40.568+01:00  INFO 5134 --- [ool-3-thread-37] tourGuide.service.RewardsService         : nearAttraction called with McKinley Tower
2023-01-20T14:46:40.575+01:00  INFO 5134 --- [ool-3-thread-47] tourGuide.service.RewardsService         : getDistance called
2023-01-20T14:46:40.568+01:00  INFO 5134 --- [ool-4-thread-36] tourGuide.service.RewardsService         : Rewards of internalUser41 calculated by calculateRewards
2023-01-20T14:46:40.575+01:00  INFO 5134 --- [ool-3-thread-47] tourGuide.service.RewardsService         : nearAttraction called with Kyle Field
2023-01-20T14:46:40.568+01:00  INFO 5134 --- [ool-3-thread-51] tourGuide.service.RewardsService         : nearAttraction called with Flatiron Building
2023-01-20T14:46:40.568+01:00  INFO 5134 --- [ool-3-thread-49] tourGuide.service.RewardsService         : getDistance called
2023-01-20T14:46:40.568+01:00  INFO 5134 --- [ool-3-thread-62] tourGuide.service.RewardsService         : getDistance called
2023-01-20T14:46:40.568+01:00  INFO 5134 --- [ool-3-thread-60] tourGuide.service.RewardsService         : getDistance called
2023-01-20T14:46:40.568+01:00  INFO 5134 --- [pool-3-thread-8] tourGuide.service.RewardsService         : getDistance called
2023-01-20T14:46:40.568+01:00  INFO 5134 --- [ool-3-thread-53] tourGuide.service.RewardsService         : getDistance called
2023-01-20T14:46:40.585+01:00  INFO 5134 --- [pool-3-thread-8] tourGuide.service.RewardsService         : nearAttraction called with El Paso Zoo
2023-01-20T14:46:40.568+01:00  INFO 5134 --- [pool-3-thread-5] tourGuide.service.RewardsService         : getDistance called
2023-01-20T14:46:40.585+01:00  INFO 5134 --- [ool-3-thread-53] tourGuide.service.RewardsService         : nearAttraction called with Kansas City Zoo
2023-01-20T14:46:40.568+01:00  INFO 5134 --- [ool-3-thread-58] tourGuide.service.RewardsService         : getDistance called
2023-01-20T14:46:40.568+01:00  INFO 5134 --- [ool-3-thread-18] tourGuide.service.RewardsService         : nearAttraction called with Neyland Stadium
2023-01-20T14:46:40.585+01:00  INFO 5134 --- [ool-3-thread-58] tourGuide.service.RewardsService         : nearAttraction called with Cinderella Castle
2023-01-20T14:46:40.568+01:00  INFO 5134 --- [pool-3-thread-2] tourGuide.service.RewardsService         : nearAttraction called with San Diego Zoo
2023-01-20T14:46:40.568+01:00  INFO 5134 --- [ool-3-thread-68] tourGuide.service.RewardsService         : getDistance called
2023-01-20T14:46:40.569+01:00  INFO 5134 --- [ool-3-thread-69] tourGuide.service.RewardsService         : nearAttraction called with El Paso Zoo
2023-01-20T14:46:40.585+01:00  INFO 5134 --- [ool-3-thread-68] tourGuide.service.RewardsService         : nearAttraction called with Disneyland
2023-01-20T14:46:40.585+01:00  INFO 5134 --- [ool-3-thread-69] tourGuide.service.RewardsService         : getDistance called
2023-01-20T14:46:40.569+01:00  INFO 5134 --- [ool-3-thread-66] tourGuide.service.RewardsService         : nearAttraction called with Bronx Zoo
2023-01-20T14:46:40.569+01:00  INFO 5134 --- [ool-3-thread-56] tourGuide.service.RewardsService         : getDistance called
2023-01-20T14:46:40.569+01:00  INFO 5134 --- [ool-3-thread-17] tourGuide.service.RewardsService         : getDistance called
2023-01-20T14:46:40.569+01:00  INFO 5134 --- [ool-3-thread-19] tourGuide.service.RewardsService         : getDistance called
2023-01-20T14:46:40.569+01:00  INFO 5134 --- [ool-3-thread-34] tourGuide.service.RewardsService         : getDistance called
2023-01-20T14:46:40.569+01:00  INFO 5134 --- [ool-3-thread-59] tourGuide.service.RewardsService         : nearAttraction called with Joshua Tree National Park
2023-01-20T14:46:40.569+01:00  INFO 5134 --- [ool-3-thread-39] tourGuide.service.RewardsService         : getDistance called
2023-01-20T14:46:40.586+01:00  INFO 5134 --- [ool-3-thread-34] tourGuide.service.RewardsService         : nearAttraction called with Hot Springs National Park
2023-01-20T14:46:40.569+01:00  INFO 5134 --- [ool-4-thread-16] tourGuide.service.RewardsService         : Rewards of internalUser46 calculated by calculateRewards
2023-01-20T14:46:40.569+01:00  INFO 5134 --- [ool-3-thread-14] tourGuide.service.RewardsService         : getDistance called
2023-01-20T14:46:40.569+01:00  INFO 5134 --- [ool-3-thread-36] tourGuide.service.RewardsService         : getDistance called
2023-01-20T14:46:40.586+01:00  INFO 5134 --- [ool-3-thread-14] tourGuide.service.RewardsService         : nearAttraction called with Legend Valley
2023-01-20T14:46:40.569+01:00  INFO 5134 --- [ool-3-thread-21] tourGuide.service.RewardsService         : nearAttraction called with Legend Valley
2023-01-20T14:46:40.586+01:00  INFO 5134 --- [ool-3-thread-21] tourGuide.service.RewardsService         : getDistance called
2023-01-20T14:46:40.586+01:00  INFO 5134 --- [ool-3-thread-21] tourGuide.service.RewardsService         : nearAttraction called with McKinley Tower
2023-01-20T14:46:40.569+01:00  INFO 5134 --- [pool-3-thread-1] tourGuide.service.RewardsService         : getDistance called
2023-01-20T14:46:40.570+01:00  INFO 5134 --- [ool-3-thread-70] tourGuide.service.RewardsService         : nearAttraction called with Flowers Bakery of London
2023-01-20T14:46:40.570+01:00  INFO 5134 --- [ool-3-thread-46] tourGuide.service.RewardsService         : nearAttraction called with McKinley Tower
2023-01-20T14:46:40.586+01:00  INFO 5134 --- [ool-3-thread-46] tourGuide.service.RewardsService         : getDistance called
2023-01-20T14:46:40.586+01:00  INFO 5134 --- [ool-3-thread-46] tourGuide.service.RewardsService         : nearAttraction called with Fallingwater
2023-01-20T14:46:40.570+01:00  INFO 5134 --- [pool-3-thread-3] tourGuide.service.RewardsService         : nearAttraction called with Fallingwater
2023-01-20T14:46:40.570+01:00  INFO 5134 --- [ool-3-thread-20] tourGuide.service.RewardsService         : nearAttraction called with Roger Dean Stadium
2023-01-20T14:46:40.570+01:00  INFO 5134 --- [ool-3-thread-25] tourGuide.service.RewardsService         : getDistance called
2023-01-20T14:46:40.570+01:00  INFO 5134 --- [ool-3-thread-13] tourGuide.service.RewardsService         : getDistance called
2023-01-20T14:46:40.587+01:00  INFO 5134 --- [ool-3-thread-25] tourGuide.service.RewardsService         : nearAttraction called with Union Station
2023-01-20T14:46:40.570+01:00  INFO 5134 --- [ool-3-thread-35] tourGuide.service.RewardsService         : nearAttraction called with Texas Memorial Stadium
2023-01-20T14:46:40.570+01:00  INFO 5134 --- [ool-3-thread-31] tourGuide.service.RewardsService         : nearAttraction called with Bryant-Denny Stadium
2023-01-20T14:46:40.570+01:00  INFO 5134 --- [ool-3-thread-10] tourGuide.service.RewardsService         : getDistance called
2023-01-20T14:46:40.570+01:00  INFO 5134 --- [ool-3-thread-30] tourGuide.service.RewardsService         : nearAttraction called with Neyland Stadium
2023-01-20T14:46:40.570+01:00  INFO 5134 --- [ool-3-thread-41] tourGuide.service.RewardsService         : getDistance called
2023-01-20T14:46:40.570+01:00  INFO 5134 --- [ool-3-thread-63] tourGuide.service.RewardsService         : getDistance called
2023-01-20T14:46:40.570+01:00  INFO 5134 --- [ool-3-thread-61] tourGuide.service.RewardsService         : nearAttraction called with San Diego Zoo
2023-01-20T14:46:40.571+01:00  INFO 5134 --- [ool-3-thread-43] tourGuide.service.RewardsService         : nearAttraction called with Zoo Tampa at Lowry Park
2023-01-20T14:46:40.571+01:00  INFO 5134 --- [pool-3-thread-9] tourGuide.service.RewardsService         : getDistance called
2023-01-20T14:46:40.571+01:00  INFO 5134 --- [ool-3-thread-42] tourGuide.service.RewardsService         : nearAttraction called with El Paso Zoo
2023-01-20T14:46:40.571+01:00  INFO 5134 --- [ool-3-thread-26] tourGuide.service.RewardsService         : getDistance called
2023-01-20T14:46:40.571+01:00  INFO 5134 --- [ool-3-thread-22] tourGuide.service.RewardsService         : nearAttraction called with Bronx Zoo
2023-01-20T14:46:40.571+01:00  INFO 5134 --- [ool-3-thread-38] tourGuide.service.RewardsService         : getDistance called
2023-01-20T14:46:40.571+01:00  INFO 5134 --- [ool-3-thread-15] tourGuide.service.RewardsService         : nearAttraction called with Cinderella Castle
2023-01-20T14:46:40.587+01:00  INFO 5134 --- [ool-3-thread-38] tourGuide.service.RewardsService         : nearAttraction called with Mojave National Preserve
2023-01-20T14:46:40.571+01:00  INFO 5134 --- [ool-3-thread-40] tourGuide.service.RewardsService         : getDistance called
2023-01-20T14:46:40.588+01:00  INFO 5134 --- [ool-3-thread-38] tourGuide.service.RewardsService         : getDistance called
2023-01-20T14:46:40.571+01:00  INFO 5134 --- [ool-3-thread-23] tourGuide.service.RewardsService         : getDistance called
2023-01-20T14:46:40.571+01:00  INFO 5134 --- [pool-3-thread-6] tourGuide.service.RewardsService         : getDistance called
2023-01-20T14:46:40.588+01:00  INFO 5134 --- [ool-3-thread-23] tourGuide.service.RewardsService         : nearAttraction called with Hot Springs National Park
2023-01-20T14:46:40.588+01:00  INFO 5134 --- [pool-3-thread-6] tourGuide.service.RewardsService         : nearAttraction called with Neyland Stadium
2023-01-20T14:46:40.571+01:00  INFO 5134 --- [ool-3-thread-28] tourGuide.service.RewardsService         : getDistance called
2023-01-20T14:46:40.571+01:00  INFO 5134 --- [ool-3-thread-64] tourGuide.service.RewardsService         : getDistance called
2023-01-20T14:46:40.588+01:00  INFO 5134 --- [ool-3-thread-28] tourGuide.service.RewardsService         : nearAttraction called with Kartchner Caverns State Park
2023-01-20T14:46:40.571+01:00  INFO 5134 --- [ool-3-thread-67] tourGuide.service.RewardsService         : nearAttraction called with Mojave National Preserve
2023-01-20T14:46:40.571+01:00  INFO 5134 --- [ool-3-thread-33] tourGuide.service.RewardsService         : getDistance called
2023-01-20T14:46:40.572+01:00  INFO 5134 --- [ool-3-thread-65] tourGuide.service.RewardsService         : getDistance called
2023-01-20T14:46:40.588+01:00  INFO 5134 --- [ool-3-thread-33] tourGuide.service.RewardsService         : nearAttraction called with Legend Valley
2023-01-20T14:46:40.588+01:00  INFO 5134 --- [ool-3-thread-65] tourGuide.service.RewardsService         : nearAttraction called with San Diego Zoo
2023-01-20T14:46:40.572+01:00  INFO 5134 --- [ool-3-thread-50] tourGuide.service.RewardsService         : nearAttraction called with Buffalo National River
2023-01-20T14:46:40.572+01:00  INFO 5134 --- [ool-3-thread-24] tourGuide.service.RewardsService         : getDistance called
2023-01-20T14:46:40.572+01:00  INFO 5134 --- [pool-3-thread-7] tourGuide.service.RewardsService         : nearAttraction called with Legend Valley
2023-01-20T14:46:40.572+01:00  INFO 5134 --- [ool-3-thread-48] tourGuide.service.RewardsService         : getDistance called
2023-01-20T14:46:40.572+01:00  INFO 5134 --- [ool-3-thread-29] tourGuide.service.RewardsService         : getDistance called
2023-01-20T14:46:40.589+01:00  INFO 5134 --- [pool-3-thread-7] tourGuide.service.RewardsService         : getDistance called
2023-01-20T14:46:40.572+01:00  INFO 5134 --- [ool-3-thread-32] tourGuide.service.RewardsService         : nearAttraction called with McKinley Tower
2023-01-20T14:46:40.589+01:00  INFO 5134 --- [ool-3-thread-29] tourGuide.service.RewardsService         : nearAttraction called with McKinley Tower
2023-01-20T14:46:40.589+01:00  INFO 5134 --- [pool-3-thread-7] tourGuide.service.RewardsService         : nearAttraction called with Franklin Park Zoo
2023-01-20T14:46:40.589+01:00  INFO 5134 --- [ool-3-thread-29] tourGuide.service.RewardsService         : getDistance called
2023-01-20T14:46:40.572+01:00  INFO 5134 --- [ool-3-thread-57] tourGuide.service.RewardsService         : getDistance called
2023-01-20T14:46:40.589+01:00  INFO 5134 --- [ool-3-thread-29] tourGuide.service.RewardsService         : nearAttraction called with Flatiron Building
2023-01-20T14:46:40.575+01:00  INFO 5134 --- [ool-3-thread-11] tourGuide.service.RewardsService         : nearAttraction called with Union Station
2023-01-20T14:46:40.575+01:00  INFO 5134 --- [ool-3-thread-44] tourGuide.service.RewardsService         : getDistance called
2023-01-20T14:46:40.575+01:00  INFO 5134 --- [ool-3-thread-16] tourGuide.service.RewardsService         : nearAttraction called with Roger Dean Stadium
2023-01-20T14:46:40.589+01:00  INFO 5134 --- [ool-3-thread-44] tourGuide.service.RewardsService         : nearAttraction called with Fallingwater
2023-01-20T14:46:40.589+01:00  INFO 5134 --- [ool-3-thread-44] tourGuide.service.RewardsService         : getDistance called
2023-01-20T14:46:40.575+01:00  INFO 5134 --- [pool-3-thread-4] tourGuide.service.RewardsService         : getDistance called
2023-01-20T14:46:40.575+01:00  INFO 5134 --- [ool-3-thread-52] tourGuide.service.RewardsService         : getDistance called
2023-01-20T14:46:40.575+01:00  INFO 5134 --- [ool-3-thread-54] tourGuide.service.RewardsService         : nearAttraction called with Tiger Stadium
2023-01-20T14:46:40.589+01:00  INFO 5134 --- [ool-3-thread-52] tourGuide.service.RewardsService         : nearAttraction called with Bronx Zoo
2023-01-20T14:46:40.575+01:00  INFO 5134 --- [ool-3-thread-27] tourGuide.service.RewardsService         : getDistance called
2023-01-20T14:46:40.575+01:00  INFO 5134 --- [ool-3-thread-45] tourGuide.service.RewardsService         : getDistance called
2023-01-20T14:46:40.589+01:00  INFO 5134 --- [ool-3-thread-27] tourGuide.service.RewardsService         : nearAttraction called with Roger Dean Stadium
2023-01-20T14:46:40.589+01:00  INFO 5134 --- [ool-3-thread-45] tourGuide.service.RewardsService         : nearAttraction called with Cinderella Castle
2023-01-20T14:46:40.589+01:00  INFO 5134 --- [ool-3-thread-27] tourGuide.service.RewardsService         : getDistance called
2023-01-20T14:46:40.575+01:00  INFO 5134 --- [ool-3-thread-12] tourGuide.service.RewardsService         : nearAttraction called with Neyland Stadium
2023-01-20T14:46:40.590+01:00  INFO 5134 --- [ool-3-thread-45] tourGuide.service.RewardsService         : getDistance called
2023-01-20T14:46:40.590+01:00  INFO 5134 --- [ool-3-thread-27] tourGuide.service.RewardsService         : nearAttraction called with Texas Memorial Stadium
2023-01-20T14:46:40.590+01:00  INFO 5134 --- [ool-3-thread-45] tourGuide.service.RewardsService         : nearAttraction called with Bryant-Denny Stadium
2023-01-20T14:46:40.575+01:00  INFO 5134 --- [ool-3-thread-37] tourGuide.service.RewardsService         : getDistance called
2023-01-20T14:46:40.575+01:00  INFO 5134 --- [ool-3-thread-47] tourGuide.service.RewardsService         : getDistance called
2023-01-20T14:46:40.575+01:00  INFO 5134 --- [ool-3-thread-51] tourGuide.service.RewardsService         : getDistance called
2023-01-20T14:46:40.590+01:00  INFO 5134 --- [ool-3-thread-47] tourGuide.service.RewardsService         : nearAttraction called with Neyland Stadium
2023-01-20T14:46:40.576+01:00  INFO 5134 --- [ool-3-thread-49] tourGuide.service.RewardsService         : nearAttraction called with San Diego Zoo
2023-01-20T14:46:40.576+01:00  INFO 5134 --- [ool-3-thread-62] tourGuide.service.RewardsService         : nearAttraction called with Zoo Tampa at Lowry Park
2023-01-20T14:46:40.576+01:00  INFO 5134 --- [ool-3-thread-60] tourGuide.service.RewardsService         : nearAttraction called with Franklin Park Zoo
2023-01-20T14:46:40.572+01:00  INFO 5134 --- [ool-3-thread-55] tourGuide.service.RewardsService         : nearAttraction called with Flatiron Building
2023-01-20T14:46:40.585+01:00  INFO 5134 --- [pool-3-thread-8] tourGuide.service.RewardsService         : getDistance called
2023-01-20T14:46:40.585+01:00  INFO 5134 --- [pool-3-thread-5] tourGuide.service.RewardsService         : nearAttraction called with Bronx Zoo
2023-01-20T14:46:40.590+01:00  INFO 5134 --- [pool-3-thread-8] tourGuide.service.RewardsService         : nearAttraction called with San Diego Zoo
2023-01-20T14:46:40.585+01:00  INFO 5134 --- [ool-3-thread-53] tourGuide.service.RewardsService         : getDistance called
2023-01-20T14:46:40.585+01:00  INFO 5134 --- [ool-3-thread-18] tourGuide.service.RewardsService         : getDistance called
2023-01-20T14:46:40.590+01:00  INFO 5134 --- [ool-3-thread-53] tourGuide.service.RewardsService         : nearAttraction called with Zoo Tampa at Lowry Park
2023-01-20T14:46:40.585+01:00  INFO 5134 --- [ool-3-thread-58] tourGuide.service.RewardsService         : getDistance called
2023-01-20T14:46:40.590+01:00  INFO 5134 --- [ool-3-thread-18] tourGuide.service.RewardsService         : nearAttraction called with Franklin Park Zoo
2023-01-20T14:46:40.590+01:00  INFO 5134 --- [ool-3-thread-53] tourGuide.service.RewardsService         : getDistance called
2023-01-20T14:46:40.585+01:00  INFO 5134 --- [pool-3-thread-2] tourGuide.service.RewardsService         : getDistance called
2023-01-20T14:46:40.590+01:00  INFO 5134 --- [ool-3-thread-53] tourGuide.service.RewardsService         : nearAttraction called with Kansas City Zoo
2023-01-20T14:46:40.585+01:00  INFO 5134 --- [ool-3-thread-68] tourGuide.service.RewardsService         : getDistance called
2023-01-20T14:46:40.585+01:00  INFO 5134 --- [ool-3-thread-69] tourGuide.service.RewardsService         : nearAttraction called with Jackson Hole
2023-01-20T14:46:40.585+01:00  INFO 5134 --- [ool-3-thread-66] tourGuide.service.RewardsService         : getDistance called
2023-01-20T14:46:40.591+01:00  INFO 5134 --- [ool-3-thread-68] tourGuide.service.RewardsService         : nearAttraction called with Cinderella Castle
2023-01-20T14:46:40.591+01:00  INFO 5134 --- [ool-3-thread-69] tourGuide.service.RewardsService         : getDistance called
2023-01-20T14:46:40.591+01:00  INFO 5134 --- [ool-3-thread-66] tourGuide.service.RewardsService         : nearAttraction called with Disneyland
2023-01-20T14:46:40.585+01:00  INFO 5134 --- [ool-3-thread-56] tourGuide.service.RewardsService         : nearAttraction called with Mojave National Preserve
2023-01-20T14:46:40.585+01:00  INFO 5134 --- [ool-4-thread-29] tourGuide.service.RewardsService         : Rewards of internalUser66 calculated by calculateRewards
2023-01-20T14:46:40.585+01:00  INFO 5134 --- [ool-3-thread-17] tourGuide.service.RewardsService         : nearAttraction called with Joshua Tree National Park
2023-01-20T14:46:40.585+01:00  INFO 5134 --- [ool-3-thread-19] tourGuide.service.RewardsService         : nearAttraction called with Buffalo National River
2023-01-20T14:46:40.591+01:00  INFO 5134 --- [ool-3-thread-17] tourGuide.service.RewardsService         : getDistance called
2023-01-20T14:46:40.591+01:00  INFO 5134 --- [ool-3-thread-19] tourGuide.service.RewardsService         : getDistance called
2023-01-20T14:46:40.586+01:00  INFO 5134 --- [ool-3-thread-59] tourGuide.service.RewardsService         : getDistance called
2023-01-20T14:46:40.586+01:00  INFO 5134 --- [ool-3-thread-39] tourGuide.service.RewardsService         : nearAttraction called with Kartchner Caverns State Park
2023-01-20T14:46:40.591+01:00  INFO 5134 --- [ool-3-thread-59] tourGuide.service.RewardsService         : nearAttraction called with Buffalo National River
2023-01-20T14:46:40.591+01:00  INFO 5134 --- [ool-3-thread-39] tourGuide.service.RewardsService         : getDistance called
2023-01-20T14:46:40.586+01:00  INFO 5134 --- [ool-3-thread-34] tourGuide.service.RewardsService         : getDistance called
2023-01-20T14:46:40.586+01:00  INFO 5134 --- [ool-3-thread-14] tourGuide.service.RewardsService         : getDistance called
2023-01-20T14:46:40.586+01:00  INFO 5134 --- [ool-3-thread-36] tourGuide.service.RewardsService         : nearAttraction called with Flowers Bakery of London
2023-01-20T14:46:40.591+01:00  INFO 5134 --- [ool-3-thread-14] tourGuide.service.RewardsService         : nearAttraction called with Legend Valley
2023-01-20T14:46:40.591+01:00  INFO 5134 --- [ool-3-thread-36] tourGuide.service.RewardsService         : getDistance called
2023-01-20T14:46:40.586+01:00  INFO 5134 --- [ool-3-thread-21] tourGuide.service.RewardsService         : getDistance called
2023-01-20T14:46:40.592+01:00  INFO 5134 --- [ool-3-thread-36] tourGuide.service.RewardsService         : nearAttraction called with Flowers Bakery of London
2023-01-20T14:46:40.592+01:00  INFO 5134 --- [ool-3-thread-21] tourGuide.service.RewardsService         : nearAttraction called with McKinley Tower
2023-01-20T14:46:40.586+01:00  INFO 5134 --- [pool-3-thread-1] tourGuide.service.RewardsService         : nearAttraction called with Flatiron Building
2023-01-20T14:46:40.586+01:00  INFO 5134 --- [ool-3-thread-70] tourGuide.service.RewardsService         : getDistance called
2023-01-20T14:46:40.586+01:00  INFO 5134 --- [ool-3-thread-46] tourGuide.service.RewardsService         : getDistance called
2023-01-20T14:46:40.592+01:00  INFO 5134 --- [ool-3-thread-70] tourGuide.service.RewardsService         : nearAttraction called with Flatiron Building
2023-01-20T14:46:40.592+01:00  INFO 5134 --- [ool-3-thread-46] tourGuide.service.RewardsService         : nearAttraction called with Fallingwater
2023-01-20T14:46:40.592+01:00  INFO 5134 --- [ool-3-thread-46] tourGuide.service.RewardsService         : getDistance called
2023-01-20T14:46:40.586+01:00  INFO 5134 --- [pool-3-thread-3] tourGuide.service.RewardsService         : getDistance called
2023-01-20T14:46:40.592+01:00  INFO 5134 --- [ool-3-thread-46] tourGuide.service.RewardsService         : nearAttraction called with Union Station
2023-01-20T14:46:40.587+01:00  INFO 5134 --- [ool-3-thread-20] tourGuide.service.RewardsService         : getDistance called
2023-01-20T14:46:40.592+01:00  INFO 5134 --- [ool-3-thread-46] tourGuide.service.RewardsService         : getDistance called
2023-01-20T14:46:40.587+01:00  INFO 5134 --- [ool-3-thread-13] tourGuide.service.RewardsService         : nearAttraction called with Roger Dean Stadium
2023-01-20T14:46:40.592+01:00  INFO 5134 --- [ool-3-thread-46] tourGuide.service.RewardsService         : nearAttraction called with Bryant-Denny Stadium
2023-01-20T14:46:40.592+01:00  INFO 5134 --- [ool-3-thread-13] tourGuide.service.RewardsService         : getDistance called
2023-01-20T14:46:40.592+01:00  INFO 5134 --- [ool-3-thread-46] tourGuide.service.RewardsService         : getDistance called
2023-01-20T14:46:40.587+01:00  INFO 5134 --- [ool-3-thread-25] tourGuide.service.RewardsService         : getDistance called
2023-01-20T14:46:40.592+01:00  INFO 5134 --- [ool-3-thread-46] tourGuide.service.RewardsService         : nearAttraction called with Neyland Stadium
2023-01-20T14:46:40.587+01:00  INFO 5134 --- [ool-3-thread-35] tourGuide.service.RewardsService         : getDistance called
2023-01-20T14:46:40.587+01:00  INFO 5134 --- [ool-3-thread-31] tourGuide.service.RewardsService         : getDistance called
2023-01-20T14:46:40.587+01:00  INFO 5134 --- [ool-3-thread-10] tourGuide.service.RewardsService         : nearAttraction called with Texas Memorial Stadium
2023-01-20T14:46:40.587+01:00  INFO 5134 --- [ool-3-thread-30] tourGuide.service.RewardsService         : getDistance called
2023-01-20T14:46:40.587+01:00  INFO 5134 --- [ool-3-thread-63] tourGuide.service.RewardsService         : nearAttraction called with Disneyland
2023-01-20T14:46:40.587+01:00  INFO 5134 --- [ool-3-thread-41] tourGuide.service.RewardsService         : nearAttraction called with Bryant-Denny Stadium
2023-01-20T14:46:40.587+01:00  INFO 5134 --- [ool-3-thread-61] tourGuide.service.RewardsService         : getDistance called
2023-01-20T14:46:40.587+01:00  INFO 5134 --- [ool-3-thread-43] tourGuide.service.RewardsService         : getDistance called
2023-01-20T14:46:40.593+01:00  INFO 5134 --- [ool-3-thread-61] tourGuide.service.RewardsService         : nearAttraction called with El Paso Zoo
2023-01-20T14:46:40.593+01:00  INFO 5134 --- [ool-3-thread-43] tourGuide.service.RewardsService         : nearAttraction called with Kansas City Zoo
2023-01-20T14:46:40.587+01:00  INFO 5134 --- [pool-3-thread-9] tourGuide.service.RewardsService         : nearAttraction called with Tiger Stadium
2023-01-20T14:46:40.587+01:00  INFO 5134 --- [ool-3-thread-42] tourGuide.service.RewardsService         : getDistance called
2023-01-20T14:46:40.587+01:00  INFO 5134 --- [ool-3-thread-26] tourGuide.service.RewardsService         : nearAttraction called with Jackson Hole
2023-01-20T14:46:40.593+01:00  INFO 5134 --- [ool-3-thread-42] tourGuide.service.RewardsService         : nearAttraction called with Bronx Zoo
2023-01-20T14:46:40.587+01:00  INFO 5134 --- [ool-3-thread-22] tourGuide.service.RewardsService         : getDistance called
2023-01-20T14:46:40.588+01:00  INFO 5134 --- [ool-3-thread-15] tourGuide.service.RewardsService         : getDistance called
2023-01-20T14:46:40.588+01:00  INFO 5134 --- [ool-3-thread-40] tourGuide.service.RewardsService         : nearAttraction called with Joshua Tree National Park
2023-01-20T14:46:40.593+01:00  INFO 5134 --- [ool-3-thread-15] tourGuide.service.RewardsService         : nearAttraction called with Disneyland
2023-01-20T14:46:40.593+01:00  INFO 5134 --- [ool-3-thread-40] tourGuide.service.RewardsService         : getDistance called
2023-01-20T14:46:40.593+01:00  INFO 5134 --- [ool-3-thread-15] tourGuide.service.RewardsService         : getDistance called
2023-01-20T14:46:40.588+01:00  INFO 5134 --- [ool-3-thread-38] tourGuide.service.RewardsService         : nearAttraction called with Buffalo National River
2023-01-20T14:46:40.593+01:00  INFO 5134 --- [ool-3-thread-15] tourGuide.service.RewardsService         : nearAttraction called with Mojave National Preserve
2023-01-20T14:46:40.588+01:00  INFO 5134 --- [ool-3-thread-23] tourGuide.service.RewardsService         : getDistance called
2023-01-20T14:46:40.588+01:00  INFO 5134 --- [pool-3-thread-6] tourGuide.service.RewardsService         : getDistance called
2023-01-20T14:46:40.594+01:00  INFO 5134 --- [ool-3-thread-23] tourGuide.service.RewardsService         : nearAttraction called with Joshua Tree National Park
2023-01-20T14:46:40.588+01:00  INFO 5134 --- [ool-3-thread-64] tourGuide.service.RewardsService         : nearAttraction called with Kyle Field
2023-01-20T14:46:40.588+01:00  INFO 5134 --- [ool-3-thread-28] tourGuide.service.RewardsService         : getDistance called
2023-01-20T14:46:40.594+01:00  INFO 5134 --- [ool-3-thread-28] tourGuide.service.RewardsService         : nearAttraction called with Hot Springs National Park
2023-01-20T14:46:40.588+01:00  INFO 5134 --- [ool-3-thread-67] tourGuide.service.RewardsService         : getDistance called
2023-01-20T14:46:40.588+01:00  INFO 5134 --- [ool-3-thread-33] tourGuide.service.RewardsService         : getDistance called
2023-01-20T14:46:40.588+01:00  INFO 5134 --- [ool-3-thread-65] tourGuide.service.RewardsService         : getDistance called
2023-01-20T14:46:40.588+01:00  INFO 5134 --- [ool-3-thread-50] tourGuide.service.RewardsService         : getDistance called
2023-01-20T14:46:40.594+01:00  INFO 5134 --- [ool-3-thread-67] tourGuide.service.RewardsService         : nearAttraction called with Legend Valley
2023-01-20T14:46:40.588+01:00  INFO 5134 --- [ool-3-thread-24] tourGuide.service.RewardsService         : nearAttraction called with Flowers Bakery of London
2023-01-20T14:46:40.589+01:00  INFO 5134 --- [ool-3-thread-48] tourGuide.service.RewardsService         : nearAttraction called with Zoo Tampa at Lowry Park
2023-01-20T14:46:40.589+01:00  INFO 5134 --- [ool-4-thread-68] tourGuide.service.RewardsService         : Rewards of internalUser40 calculated by calculateRewards
2023-01-20T14:46:40.589+01:00  INFO 5134 --- [ool-3-thread-32] tourGuide.service.RewardsService         : getDistance called
2023-01-20T14:46:40.589+01:00  INFO 5134 --- [pool-3-thread-7] tourGuide.service.RewardsService         : getDistance called
2023-01-20T14:46:40.589+01:00  INFO 5134 --- [ool-3-thread-57] tourGuide.service.RewardsService         : nearAttraction called with El Paso Zoo
2023-01-20T14:46:40.594+01:00  INFO 5134 --- [pool-3-thread-7] tourGuide.service.RewardsService         : nearAttraction called with Fallingwater
2023-01-20T14:46:40.589+01:00  INFO 5134 --- [ool-3-thread-29] tourGuide.service.RewardsService         : getDistance called
2023-01-20T14:46:40.589+01:00  INFO 5134 --- [ool-3-thread-11] tourGuide.service.RewardsService         : getDistance called
2023-01-20T14:46:40.595+01:00  INFO 5134 --- [ool-3-thread-29] tourGuide.service.RewardsService         : nearAttraction called with Union Station
2023-01-20T14:46:40.589+01:00  INFO 5134 --- [ool-3-thread-16] tourGuide.service.RewardsService         : getDistance called
2023-01-20T14:46:40.589+01:00  INFO 5134 --- [ool-3-thread-44] tourGuide.service.RewardsService         : nearAttraction called with Kansas City Zoo
2023-01-20T14:46:40.589+01:00  INFO 5134 --- [pool-3-thread-4] tourGuide.service.RewardsService         : nearAttraction called with Union Station
2023-01-20T14:46:40.589+01:00  INFO 5134 --- [ool-3-thread-54] tourGuide.service.RewardsService         : getDistance called
2023-01-20T14:46:40.589+01:00  INFO 5134 --- [ool-3-thread-52] tourGuide.service.RewardsService         : getDistance called
2023-01-20T14:46:40.595+01:00  INFO 5134 --- [ool-3-thread-54] tourGuide.service.RewardsService         : nearAttraction called with Bryant-Denny Stadium
2023-01-20T14:46:40.590+01:00  INFO 5134 --- [ool-3-thread-12] tourGuide.service.RewardsService         : getDistance called
2023-01-20T14:46:40.590+01:00  INFO 5134 --- [ool-3-thread-27] tourGuide.service.RewardsService         : getDistance called
2023-01-20T14:46:40.595+01:00  INFO 5134 --- [ool-3-thread-12] tourGuide.service.RewardsService         : nearAttraction called with Neyland Stadium
2023-01-20T14:46:40.590+01:00  INFO 5134 --- [ool-3-thread-45] tourGuide.service.RewardsService         : getDistance called
2023-01-20T14:46:40.590+01:00  INFO 5134 --- [ool-3-thread-37] tourGuide.service.RewardsService         : nearAttraction called with Tiger Stadium
2023-01-20T14:46:40.590+01:00  INFO 5134 --- [ool-3-thread-51] tourGuide.service.RewardsService         : nearAttraction called with Kyle Field
2023-01-20T14:46:40.590+01:00  INFO 5134 --- [ool-3-thread-47] tourGuide.service.RewardsService         : getDistance called
2023-01-20T14:46:40.595+01:00  INFO 5134 --- [ool-3-thread-51] tourGuide.service.RewardsService         : getDistance called
2023-01-20T14:46:40.590+01:00  INFO 5134 --- [ool-3-thread-49] tourGuide.service.RewardsService         : getDistance called
2023-01-20T14:46:40.595+01:00  INFO 5134 --- [ool-3-thread-51] tourGuide.service.RewardsService         : nearAttraction called with Franklin Park Zoo
2023-01-20T14:46:40.590+01:00  INFO 5134 --- [ool-3-thread-62] tourGuide.service.RewardsService         : getDistance called
2023-01-20T14:46:40.590+01:00  INFO 5134 --- [ool-3-thread-60] tourGuide.service.RewardsService         : getDistance called
2023-01-20T14:46:40.595+01:00  INFO 5134 --- [ool-3-thread-62] tourGuide.service.RewardsService         : nearAttraction called with Kansas City Zoo
2023-01-20T14:46:40.590+01:00  INFO 5134 --- [ool-3-thread-55] tourGuide.service.RewardsService         : getDistance called
2023-01-20T14:46:40.590+01:00  INFO 5134 --- [pool-3-thread-5] tourGuide.service.RewardsService         : getDistance called
2023-01-20T14:46:40.590+01:00  INFO 5134 --- [pool-3-thread-8] tourGuide.service.RewardsService         : getDistance called
2023-01-20T14:46:40.596+01:00  INFO 5134 --- [ool-3-thread-55] tourGuide.service.RewardsService         : nearAttraction called with Cinderella Castle
2023-01-20T14:46:40.596+01:00  INFO 5134 --- [pool-3-thread-8] tourGuide.service.RewardsService         : nearAttraction called with Jackson Hole
2023-01-20T14:46:40.596+01:00  INFO 5134 --- [ool-3-thread-55] tourGuide.service.RewardsService         : getDistance called
2023-01-20T14:46:40.596+01:00  INFO 5134 --- [pool-3-thread-8] tourGuide.service.RewardsService         : getDistance called
2023-01-20T14:46:40.590+01:00  INFO 5134 --- [ool-3-thread-58] tourGuide.service.RewardsService         : nearAttraction called with El Paso Zoo
2023-01-20T14:46:40.596+01:00  INFO 5134 --- [pool-3-thread-8] tourGuide.service.RewardsService         : nearAttraction called with Joshua Tree National Park
2023-01-20T14:46:40.596+01:00  INFO 5134 --- [ool-3-thread-58] tourGuide.service.RewardsService         : getDistance called
2023-01-20T14:46:40.590+01:00  INFO 5134 --- [ool-3-thread-18] tourGuide.service.RewardsService         : getDistance called
2023-01-20T14:46:40.596+01:00  INFO 5134 --- [ool-3-thread-58] tourGuide.service.RewardsService         : nearAttraction called with Buffalo National River
2023-01-20T14:46:40.596+01:00  INFO 5134 --- [ool-3-thread-18] tourGuide.service.RewardsService         : nearAttraction called with Hot Springs National Park
2023-01-20T14:46:40.596+01:00  INFO 5134 --- [ool-3-thread-18] tourGuide.service.RewardsService         : getDistance called
2023-01-20T14:46:40.596+01:00  INFO 5134 --- [ool-3-thread-18] tourGuide.service.RewardsService         : nearAttraction called with Kartchner Caverns State Park
2023-01-20T14:46:40.596+01:00  INFO 5134 --- [ool-3-thread-18] tourGuide.service.RewardsService         : getDistance called
2023-01-20T14:46:40.596+01:00  INFO 5134 --- [ool-3-thread-18] tourGuide.service.RewardsService         : nearAttraction called with Legend Valley
2023-01-20T14:46:40.596+01:00  INFO 5134 --- [ool-3-thread-18] tourGuide.service.RewardsService         : getDistance called
2023-01-20T14:46:40.596+01:00  INFO 5134 --- [ool-3-thread-18] tourGuide.service.RewardsService         : nearAttraction called with Flowers Bakery of London
2023-01-20T14:46:40.590+01:00  INFO 5134 --- [ool-3-thread-53] tourGuide.service.RewardsService         : getDistance called
2023-01-20T14:46:40.590+01:00  INFO 5134 --- [pool-3-thread-2] tourGuide.service.RewardsService         : nearAttraction called with Bronx Zoo
2023-01-20T14:46:40.591+01:00  INFO 5134 --- [ool-3-thread-68] tourGuide.service.RewardsService         : getDistance called
2023-01-20T14:46:40.591+01:00  INFO 5134 --- [ool-4-thread-37] tourGuide.service.RewardsService         : Rewards of internalUser57 calculated by calculateRewards
2023-01-20T14:46:40.597+01:00  INFO 5134 --- [ool-3-thread-68] tourGuide.service.RewardsService         : nearAttraction called with Flatiron Building
2023-01-20T14:46:40.597+01:00  INFO 5134 --- [ool-3-thread-68] tourGuide.service.RewardsService         : getDistance called
2023-01-20T14:46:40.591+01:00  INFO 5134 --- [ool-3-thread-69] tourGuide.service.RewardsService         : nearAttraction called with Jackson Hole
2023-01-20T14:46:40.597+01:00  INFO 5134 --- [ool-3-thread-68] tourGuide.service.RewardsService         : nearAttraction called with Fallingwater
2023-01-20T14:46:40.597+01:00  INFO 5134 --- [ool-3-thread-69] tourGuide.service.RewardsService         : getDistance called
2023-01-20T14:46:40.591+01:00  INFO 5134 --- [ool-3-thread-66] tourGuide.service.RewardsService         : getDistance called
2023-01-20T14:46:40.597+01:00  INFO 5134 --- [ool-3-thread-69] tourGuide.service.RewardsService         : nearAttraction called with Union Station
2023-01-20T14:46:40.591+01:00  INFO 5134 --- [ool-3-thread-56] tourGuide.service.RewardsService         : getDistance called
2023-01-20T14:46:40.591+01:00  INFO 5134 --- [ool-3-thread-17] tourGuide.service.RewardsService         : nearAttraction called with Mojave National Preserve
2023-01-20T14:46:40.597+01:00  INFO 5134 --- [ool-3-thread-56] tourGuide.service.RewardsService         : nearAttraction called with Texas Memorial Stadium
2023-01-20T14:46:40.591+01:00  INFO 5134 --- [ool-3-thread-19] tourGuide.service.RewardsService         : nearAttraction called with Joshua Tree National Park
2023-01-20T14:46:40.591+01:00  INFO 5134 --- [ool-3-thread-59] tourGuide.service.RewardsService         : getDistance called
2023-01-20T14:46:40.591+01:00  INFO 5134 --- [ool-3-thread-39] tourGuide.service.RewardsService         : nearAttraction called with Hot Springs National Park
2023-01-20T14:46:40.597+01:00  INFO 5134 --- [ool-3-thread-59] tourGuide.service.RewardsService         : nearAttraction called with Bryant-Denny Stadium
2023-01-20T14:46:40.597+01:00  INFO 5134 --- [ool-3-thread-39] tourGuide.service.RewardsService         : getDistance called
2023-01-20T14:46:40.591+01:00  INFO 5134 --- [ool-3-thread-34] tourGuide.service.RewardsService         : nearAttraction called with Kartchner Caverns State Park
2023-01-20T14:46:40.597+01:00  INFO 5134 --- [ool-3-thread-39] tourGuide.service.RewardsService         : nearAttraction called with Tiger Stadium
2023-01-20T14:46:40.597+01:00  INFO 5134 --- [ool-3-thread-34] tourGuide.service.RewardsService         : getDistance called
2023-01-20T14:46:40.592+01:00  INFO 5134 --- [ool-3-thread-14] tourGuide.service.RewardsService         : getDistance called
2023-01-20T14:46:40.592+01:00  INFO 5134 --- [ool-3-thread-36] tourGuide.service.RewardsService         : getDistance called
2023-01-20T14:46:40.598+01:00  INFO 5134 --- [ool-3-thread-14] tourGuide.service.RewardsService         : nearAttraction called with Kyle Field
2023-01-20T14:46:40.598+01:00  INFO 5134 --- [ool-3-thread-36] tourGuide.service.RewardsService         : nearAttraction called with San Diego Zoo
2023-01-20T14:46:40.592+01:00  INFO 5134 --- [ool-3-thread-21] tourGuide.service.RewardsService         : getDistance called
2023-01-20T14:46:40.592+01:00  INFO 5134 --- [pool-3-thread-1] tourGuide.service.RewardsService         : getDistance called
2023-01-20T14:46:40.598+01:00  INFO 5134 --- [ool-3-thread-21] tourGuide.service.RewardsService         : nearAttraction called with Zoo Tampa at Lowry Park
2023-01-20T14:46:40.592+01:00  INFO 5134 --- [ool-3-thread-70] tourGuide.service.RewardsService         : getDistance called
2023-01-20T14:46:40.592+01:00  INFO 5134 --- [pool-3-thread-3] tourGuide.service.RewardsService         : nearAttraction called with Roger Dean Stadium
2023-01-20T14:46:40.598+01:00  INFO 5134 --- [ool-3-thread-70] tourGuide.service.RewardsService         : nearAttraction called with El Paso Zoo
2023-01-20T14:46:40.598+01:00  INFO 5134 --- [pool-3-thread-3] tourGuide.service.RewardsService         : getDistance called
2023-01-20T14:46:40.598+01:00  INFO 5134 --- [ool-3-thread-70] tourGuide.service.RewardsService         : getDistance called
2023-01-20T14:46:40.592+01:00  INFO 5134 --- [ool-3-thread-20] tourGuide.service.RewardsService         : nearAttraction called with Texas Memorial Stadium
2023-01-20T14:46:40.592+01:00  INFO 5134 --- [ool-3-thread-13] tourGuide.service.RewardsService         : nearAttraction called with Tiger Stadium
2023-01-20T14:46:40.598+01:00  INFO 5134 --- [ool-3-thread-20] tourGuide.service.RewardsService         : getDistance called
2023-01-20T14:46:40.598+01:00  INFO 5134 --- [ool-3-thread-70] tourGuide.service.RewardsService         : nearAttraction called with Bronx Zoo
2023-01-20T14:46:40.598+01:00  INFO 5134 --- [pool-3-thread-3] tourGuide.service.RewardsService         : nearAttraction called with Kansas City Zoo
2023-01-20T14:46:40.592+01:00  INFO 5134 --- [ool-3-thread-25] tourGuide.service.RewardsService         : nearAttraction called with Kyle Field
2023-01-20T14:46:40.592+01:00  INFO 5134 --- [ool-3-thread-46] tourGuide.service.RewardsService         : getDistance called
2023-01-20T14:46:40.593+01:00  INFO 5134 --- [ool-3-thread-35] tourGuide.service.RewardsService         : nearAttraction called with San Diego Zoo
2023-01-20T14:46:40.593+01:00  INFO 5134 --- [ool-3-thread-31] tourGuide.service.RewardsService         : nearAttraction called with Zoo Tampa at Lowry Park
2023-01-20T14:46:40.593+01:00  INFO 5134 --- [ool-3-thread-10] tourGuide.service.RewardsService         : getDistance called
2023-01-20T14:46:40.593+01:00  INFO 5134 --- [ool-3-thread-30] tourGuide.service.RewardsService         : nearAttraction called with Franklin Park Zoo
2023-01-20T14:46:40.593+01:00  INFO 5134 --- [ool-3-thread-63] tourGuide.service.RewardsService         : getDistance called
2023-01-20T14:46:40.599+01:00  INFO 5134 --- [ool-3-thread-10] tourGuide.service.RewardsService         : nearAttraction called with Jackson Hole
2023-01-20T14:46:40.593+01:00  INFO 5134 --- [ool-3-thread-41] tourGuide.service.RewardsService         : getDistance called
2023-01-20T14:46:40.593+01:00  INFO 5134 --- [ool-3-thread-61] tourGuide.service.RewardsService         : getDistance called
2023-01-20T14:46:40.599+01:00  INFO 5134 --- [ool-3-thread-41] tourGuide.service.RewardsService         : nearAttraction called with Joshua Tree National Park
2023-01-20T14:46:40.593+01:00  INFO 5134 --- [ool-3-thread-43] tourGuide.service.RewardsService         : getDistance called
2023-01-20T14:46:40.593+01:00  INFO 5134 --- [pool-3-thread-9] tourGuide.service.RewardsService         : getDistance called
2023-01-20T14:46:40.593+01:00  INFO 5134 --- [ool-3-thread-26] tourGuide.service.RewardsService         : getDistance called
2023-01-20T14:46:40.599+01:00  INFO 5134 --- [pool-3-thread-9] tourGuide.service.RewardsService         : nearAttraction called with Kartchner Caverns State Park
2023-01-20T14:46:40.593+01:00  INFO 5134 --- [ool-3-thread-42] tourGuide.service.RewardsService         : getDistance called
2023-01-20T14:46:40.593+01:00  INFO 5134 --- [ool-3-thread-22] tourGuide.service.RewardsService         : nearAttraction called with Cinderella Castle
2023-01-20T14:46:40.599+01:00  INFO 5134 --- [ool-3-thread-42] tourGuide.service.RewardsService         : nearAttraction called with Flowers Bakery of London
2023-01-20T14:46:40.593+01:00  INFO 5134 --- [ool-4-thread-43] tourGuide.service.RewardsService         : Rewards of internalUser56 calculated by calculateRewards
2023-01-20T14:46:40.593+01:00  INFO 5134 --- [ool-3-thread-40] tourGuide.service.RewardsService         : nearAttraction called with Jackson Hole
2023-01-20T14:46:40.593+01:00  INFO 5134 --- [ool-3-thread-38] tourGuide.service.RewardsService         : getDistance called
2023-01-20T14:46:40.593+01:00  INFO 5134 --- [ool-3-thread-15] tourGuide.service.RewardsService         : getDistance called
2023-01-20T14:46:40.594+01:00  INFO 5134 --- [pool-3-thread-6] tourGuide.service.RewardsService         : nearAttraction called with Buffalo National River
2023-01-20T14:46:40.594+01:00  INFO 5134 --- [ool-3-thread-23] tourGuide.service.RewardsService         : getDistance called
2023-01-20T14:46:40.600+01:00  INFO 5134 --- [pool-3-thread-6] tourGuide.service.RewardsService         : getDistance called
2023-01-20T14:46:40.594+01:00  INFO 5134 --- [ool-3-thread-64] tourGuide.service.RewardsService         : getDistance called
2023-01-20T14:46:40.600+01:00  INFO 5134 --- [pool-3-thread-6] tourGuide.service.RewardsService         : nearAttraction called with Union Station
2023-01-20T14:46:40.594+01:00  INFO 5134 --- [ool-3-thread-28] tourGuide.service.RewardsService         : getDistance called
2023-01-20T14:46:40.594+01:00  INFO 5134 --- [ool-3-thread-33] tourGuide.service.RewardsService         : nearAttraction called with Kartchner Caverns State Park
2023-01-20T14:46:40.600+01:00  INFO 5134 --- [ool-3-thread-28] tourGuide.service.RewardsService         : nearAttraction called with Texas Memorial Stadium
2023-01-20T14:46:40.594+01:00  INFO 5134 --- [ool-3-thread-65] tourGuide.service.RewardsService         : nearAttraction called with Flowers Bakery of London
2023-01-20T14:46:40.594+01:00  INFO 5134 --- [ool-3-thread-50] tourGuide.service.RewardsService         : nearAttraction called with McKinley Tower
2023-01-20T14:46:40.600+01:00  INFO 5134 --- [ool-3-thread-50] tourGuide.service.RewardsService         : getDistance called
2023-01-20T14:46:40.600+01:00  INFO 5134 --- [ool-3-thread-50] tourGuide.service.RewardsService         : nearAttraction called with Bryant-Denny Stadium
2023-01-20T14:46:40.600+01:00  INFO 5134 --- [ool-3-thread-50] tourGuide.service.RewardsService         : getDistance called
2023-01-20T14:46:40.600+01:00  INFO 5134 --- [ool-3-thread-50] tourGuide.service.RewardsService         : nearAttraction called with Tiger Stadium
2023-01-20T14:46:40.600+01:00  INFO 5134 --- [ool-3-thread-50] tourGuide.service.RewardsService         : getDistance called
2023-01-20T14:46:40.600+01:00  INFO 5134 --- [ool-3-thread-50] tourGuide.service.RewardsService         : nearAttraction called with Neyland Stadium
2023-01-20T14:46:40.600+01:00  INFO 5134 --- [ool-3-thread-50] tourGuide.service.RewardsService         : getDistance called
2023-01-20T14:46:40.594+01:00  INFO 5134 --- [ool-3-thread-67] tourGuide.service.RewardsService         : getDistance called
2023-01-20T14:46:40.594+01:00  INFO 5134 --- [ool-3-thread-24] tourGuide.service.RewardsService         : getDistance called
2023-01-20T14:46:40.594+01:00  INFO 5134 --- [ool-3-thread-48] tourGuide.service.RewardsService         : getDistance called
2023-01-20T14:46:40.594+01:00  INFO 5134 --- [ool-3-thread-32] tourGuide.service.RewardsService         : nearAttraction called with Flatiron Building
2023-01-20T14:46:40.594+01:00  INFO 5134 --- [ool-3-thread-57] tourGuide.service.RewardsService         : getDistance called
2023-01-20T14:46:40.601+01:00  INFO 5134 --- [ool-3-thread-57] tourGuide.service.RewardsService         : nearAttraction called with El Paso Zoo
2023-01-20T14:46:40.601+01:00  INFO 5134 --- [ool-3-thread-57] tourGuide.service.RewardsService         : getDistance called
2023-01-20T14:46:40.601+01:00  INFO 5134 --- [ool-3-thread-57] tourGuide.service.RewardsService         : nearAttraction called with Kansas City Zoo
2023-01-20T14:46:40.594+01:00  INFO 5134 --- [pool-3-thread-7] tourGuide.service.RewardsService         : getDistance called
2023-01-20T14:46:40.595+01:00  INFO 5134 --- [ool-3-thread-11] tourGuide.service.RewardsService         : nearAttraction called with Roger Dean Stadium
2023-01-20T14:46:40.601+01:00  INFO 5134 --- [pool-3-thread-7] tourGuide.service.RewardsService         : nearAttraction called with Bronx Zoo
2023-01-20T14:46:40.595+01:00  INFO 5134 --- [ool-3-thread-29] tourGuide.service.RewardsService         : getDistance called
2023-01-20T14:46:40.595+01:00  INFO 5134 --- [ool-3-thread-44] tourGuide.service.RewardsService         : getDistance called
2023-01-20T14:46:40.601+01:00  INFO 5134 --- [ool-3-thread-29] tourGuide.service.RewardsService         : nearAttraction called with Cinderella Castle
2023-01-20T14:46:40.595+01:00  INFO 5134 --- [ool-3-thread-16] tourGuide.service.RewardsService         : nearAttraction called with Texas Memorial Stadium
2023-01-20T14:46:40.601+01:00  INFO 5134 --- [ool-3-thread-16] tourGuide.service.RewardsService         : getDistance called
2023-01-20T14:46:40.601+01:00  INFO 5134 --- [ool-3-thread-16] tourGuide.service.RewardsService         : nearAttraction called with Jackson Hole
2023-01-20T14:46:40.601+01:00  INFO 5134 --- [ool-3-thread-16] tourGuide.service.RewardsService         : getDistance called
2023-01-20T14:46:40.601+01:00  INFO 5134 --- [ool-3-thread-16] tourGuide.service.RewardsService         : nearAttraction called with Mojave National Preserve
2023-01-20T14:46:40.595+01:00  INFO 5134 --- [pool-3-thread-4] tourGuide.service.RewardsService         : getDistance called
2023-01-20T14:46:40.595+01:00  INFO 5134 --- [ool-3-thread-54] tourGuide.service.RewardsService         : getDistance called
2023-01-20T14:46:40.595+01:00  INFO 5134 --- [ool-3-thread-52] tourGuide.service.RewardsService         : nearAttraction called with Tiger Stadium
2023-01-20T14:46:40.602+01:00  INFO 5134 --- [ool-3-thread-52] tourGuide.service.RewardsService         : getDistance called
2023-01-20T14:46:40.595+01:00  INFO 5134 --- [ool-3-thread-27] tourGuide.service.RewardsService         : nearAttraction called with Kyle Field
2023-01-20T14:46:40.595+01:00  INFO 5134 --- [ool-3-thread-12] tourGuide.service.RewardsService         : getDistance called
2023-01-20T14:46:40.595+01:00  INFO 5134 --- [ool-3-thread-45] tourGuide.service.RewardsService         : nearAttraction called with San Diego Zoo
2023-01-20T14:46:40.602+01:00  INFO 5134 --- [ool-3-thread-12] tourGuide.service.RewardsService         : nearAttraction called with Kartchner Caverns State Park
2023-01-20T14:46:40.602+01:00  INFO 5134 --- [ool-3-thread-45] tourGuide.service.RewardsService         : getDistance called
2023-01-20T14:46:40.595+01:00  INFO 5134 --- [ool-3-thread-37] tourGuide.service.RewardsService         : getDistance called
2023-01-20T14:46:40.602+01:00  INFO 5134 --- [ool-3-thread-45] tourGuide.service.RewardsService         : nearAttraction called with Legend Valley
2023-01-20T14:46:40.602+01:00  INFO 5134 --- [ool-3-thread-37] tourGuide.service.RewardsService         : nearAttraction called with Flowers Bakery of London
2023-01-20T14:46:40.595+01:00  INFO 5134 --- [ool-3-thread-47] tourGuide.service.RewardsService         : nearAttraction called with Zoo Tampa at Lowry Park
2023-01-20T14:46:40.595+01:00  INFO 5134 --- [ool-3-thread-51] tourGuide.service.RewardsService         : getDistance called
2023-01-20T14:46:40.595+01:00  INFO 5134 --- [ool-3-thread-49] tourGuide.service.RewardsService         : nearAttraction called with El Paso Zoo
2023-01-20T14:46:40.602+01:00  INFO 5134 --- [ool-3-thread-51] tourGuide.service.RewardsService         : nearAttraction called with McKinley Tower
2023-01-20T14:46:40.602+01:00  INFO 5134 --- [ool-3-thread-49] tourGuide.service.RewardsService         : getDistance called
2023-01-20T14:46:40.595+01:00  INFO 5134 --- [ool-3-thread-60] tourGuide.service.RewardsService         : nearAttraction called with Bronx Zoo
2023-01-20T14:46:40.602+01:00  INFO 5134 --- [ool-3-thread-49] tourGuide.service.RewardsService         : nearAttraction called with Flatiron Building
2023-01-20T14:46:40.595+01:00  INFO 5134 --- [ool-3-thread-62] tourGuide.service.RewardsService         : getDistance called
2023-01-20T14:46:40.596+01:00  INFO 5134 --- [pool-3-thread-5] tourGuide.service.RewardsService         : nearAttraction called with Disneyland
2023-01-20T14:46:40.596+01:00  INFO 5134 --- [ool-4-thread-49] tourGuide.service.RewardsService         : Rewards of internalUser64 calculated by calculateRewards
2023-01-20T14:46:40.603+01:00  INFO 5134 --- [ool-3-thread-62] tourGuide.service.RewardsService         : nearAttraction called with Fallingwater
2023-01-20T14:46:40.596+01:00  INFO 5134 --- [ool-3-thread-55] tourGuide.service.RewardsService         : nearAttraction called with Mojave National Preserve
2023-01-20T14:46:40.596+01:00  INFO 5134 --- [pool-3-thread-8] tourGuide.service.RewardsService         : getDistance called
2023-01-20T14:46:40.596+01:00  INFO 5134 --- [ool-3-thread-58] tourGuide.service.RewardsService         : getDistance called
2023-01-20T14:46:40.603+01:00  INFO 5134 --- [pool-3-thread-8] tourGuide.service.RewardsService         : nearAttraction called with Union Station
2023-01-20T14:46:40.597+01:00  INFO 5134 --- [ool-3-thread-18] tourGuide.service.RewardsService         : getDistance called
2023-01-20T14:46:40.597+01:00  INFO 5134 --- [pool-3-thread-2] tourGuide.service.RewardsService         : getDistance called
2023-01-20T14:46:40.603+01:00  INFO 5134 --- [ool-3-thread-18] tourGuide.service.RewardsService         : nearAttraction called with Texas Memorial Stadium
2023-01-20T14:46:40.603+01:00  INFO 5134 --- [pool-3-thread-2] tourGuide.service.RewardsService         : nearAttraction called with Bryant-Denny Stadium
2023-01-20T14:46:40.603+01:00  INFO 5134 --- [pool-3-thread-2] tourGuide.service.RewardsService         : getDistance called
2023-01-20T14:46:40.597+01:00  INFO 5134 --- [ool-3-thread-53] tourGuide.service.RewardsService         : nearAttraction called with McKinley Tower
2023-01-20T14:46:40.597+01:00  INFO 5134 --- [ool-3-thread-68] tourGuide.service.RewardsService         : getDistance called
2023-01-20T14:46:40.597+01:00  INFO 5134 --- [ool-3-thread-66] tourGuide.service.RewardsService         : nearAttraction called with Roger Dean Stadium
2023-01-20T14:46:40.597+01:00  INFO 5134 --- [ool-3-thread-69] tourGuide.service.RewardsService         : getDistance called
2023-01-20T14:46:40.597+01:00  INFO 5134 --- [ool-3-thread-17] tourGuide.service.RewardsService         : getDistance called
2023-01-20T14:46:40.603+01:00  INFO 5134 --- [ool-3-thread-69] tourGuide.service.RewardsService         : nearAttraction called with Kyle Field
2023-01-20T14:46:40.603+01:00  INFO 5134 --- [ool-3-thread-17] tourGuide.service.RewardsService         : nearAttraction called with San Diego Zoo
2023-01-20T14:46:40.597+01:00  INFO 5134 --- [ool-3-thread-56] tourGuide.service.RewardsService         : getDistance called
2023-01-20T14:46:40.597+01:00  INFO 5134 --- [ool-3-thread-19] tourGuide.service.RewardsService         : getDistance called
2023-01-20T14:46:40.603+01:00  INFO 5134 --- [ool-3-thread-56] tourGuide.service.RewardsService         : nearAttraction called with Zoo Tampa at Lowry Park
2023-01-20T14:46:40.597+01:00  INFO 5134 --- [ool-3-thread-59] tourGuide.service.RewardsService         : getDistance called
2023-01-20T14:46:40.598+01:00  INFO 5134 --- [ool-3-thread-39] tourGuide.service.RewardsService         : getDistance called
2023-01-20T14:46:40.598+01:00  INFO 5134 --- [ool-3-thread-34] tourGuide.service.RewardsService         : nearAttraction called with Neyland Stadium
2023-01-20T14:46:40.604+01:00  INFO 5134 --- [ool-3-thread-39] tourGuide.service.RewardsService         : nearAttraction called with Kansas City Zoo
2023-01-20T14:46:40.604+01:00  INFO 5134 --- [ool-3-thread-34] tourGuide.service.RewardsService         : getDistance called
2023-01-20T14:46:40.604+01:00  INFO 5134 --- [ool-3-thread-39] tourGuide.service.RewardsService         : getDistance called
2023-01-20T14:46:40.598+01:00  INFO 5134 --- [ool-3-thread-14] tourGuide.service.RewardsService         : getDistance called
2023-01-20T14:46:40.598+01:00  INFO 5134 --- [ool-3-thread-36] tourGuide.service.RewardsService         : getDistance called
2023-01-20T14:46:40.598+01:00  INFO 5134 --- [pool-3-thread-1] tourGuide.service.RewardsService         : nearAttraction called with Franklin Park Zoo
2023-01-20T14:46:40.604+01:00  INFO 5134 --- [ool-3-thread-36] tourGuide.service.RewardsService         : nearAttraction called with Jackson Hole
2023-01-20T14:46:40.604+01:00  INFO 5134 --- [pool-3-thread-1] tourGuide.service.RewardsService         : getDistance called
2023-01-20T14:46:40.604+01:00  INFO 5134 --- [ool-3-thread-36] tourGuide.service.RewardsService         : getDistance called
2023-01-20T14:46:40.598+01:00  INFO 5134 --- [ool-3-thread-21] tourGuide.service.RewardsService         : getDistance called
2023-01-20T14:46:40.604+01:00  INFO 5134 --- [ool-3-thread-36] tourGuide.service.RewardsService         : nearAttraction called with Joshua Tree National Park
2023-01-20T14:46:40.598+01:00  INFO 5134 --- [ool-3-thread-13] tourGuide.service.RewardsService         : getDistance called
2023-01-20T14:46:40.598+01:00  INFO 5134 --- [ool-3-thread-20] tourGuide.service.RewardsService         : nearAttraction called with Cinderella Castle
2023-01-20T14:46:40.604+01:00  INFO 5134 --- [ool-3-thread-13] tourGuide.service.RewardsService         : nearAttraction called with Hot Springs National Park
2023-01-20T14:46:40.598+01:00  INFO 5134 --- [ool-3-thread-70] tourGuide.service.RewardsService         : getDistance called
2023-01-20T14:46:40.598+01:00  INFO 5134 --- [pool-3-thread-3] tourGuide.service.RewardsService         : getDistance called
2023-01-20T14:46:40.604+01:00  INFO 5134 --- [ool-3-thread-70] tourGuide.service.RewardsService         : nearAttraction called with Kartchner Caverns State Park
2023-01-20T14:46:40.598+01:00  INFO 5134 --- [ool-3-thread-25] tourGuide.service.RewardsService         : getDistance called
2023-01-20T14:46:40.599+01:00  INFO 5134 --- [ool-3-thread-35] tourGuide.service.RewardsService         : getDistance called
2023-01-20T14:46:40.599+01:00  INFO 5134 --- [ool-3-thread-46] tourGuide.service.RewardsService         : nearAttraction called with Disneyland
2023-01-20T14:46:40.599+01:00  INFO 5134 --- [ool-3-thread-31] tourGuide.service.RewardsService         : getDistance called
2023-01-20T14:46:40.599+01:00  INFO 5134 --- [ool-3-thread-30] tourGuide.service.RewardsService         : getDistance called
2023-01-20T14:46:40.605+01:00  INFO 5134 --- [ool-3-thread-31] tourGuide.service.RewardsService         : nearAttraction called with Flatiron Building
2023-01-20T14:46:40.599+01:00  INFO 5134 --- [ool-3-thread-63] tourGuide.service.RewardsService         : nearAttraction called with Mojave National Preserve
2023-01-20T14:46:40.599+01:00  INFO 5134 --- [ool-3-thread-10] tourGuide.service.RewardsService         : getDistance called
2023-01-20T14:46:40.605+01:00  INFO 5134 --- [ool-3-thread-63] tourGuide.service.RewardsService         : getDistance called
2023-01-20T14:46:40.599+01:00  INFO 5134 --- [ool-3-thread-61] tourGuide.service.RewardsService         : nearAttraction called with Buffalo National River
2023-01-20T14:46:40.599+01:00  INFO 5134 --- [ool-3-thread-41] tourGuide.service.RewardsService         : getDistance called
2023-01-20T14:46:40.599+01:00  INFO 5134 --- [ool-3-thread-43] tourGuide.service.RewardsService         : nearAttraction called with Hot Springs National Park
2023-01-20T14:46:40.605+01:00  INFO 5134 --- [ool-3-thread-41] tourGuide.service.RewardsService         : nearAttraction called with Texas Memorial Stadium
2023-01-20T14:46:40.605+01:00  INFO 5134 --- [ool-3-thread-43] tourGuide.service.RewardsService         : getDistance called
2023-01-20T14:46:40.605+01:00  INFO 5134 --- [ool-3-thread-41] tourGuide.service.RewardsService         : getDistance called
2023-01-20T14:46:40.599+01:00  INFO 5134 --- [pool-3-thread-9] tourGuide.service.RewardsService         : getDistance called
2023-01-20T14:46:40.605+01:00  INFO 5134 --- [ool-3-thread-41] tourGuide.service.RewardsService         : nearAttraction called with Tiger Stadium
2023-01-20T14:46:40.599+01:00  INFO 5134 --- [ool-3-thread-26] tourGuide.service.RewardsService         : nearAttraction called with Legend Valley
2023-01-20T14:46:40.599+01:00  INFO 5134 --- [ool-3-thread-22] tourGuide.service.RewardsService         : getDistance called
2023-01-20T14:46:40.599+01:00  INFO 5134 --- [ool-3-thread-42] tourGuide.service.RewardsService         : getDistance called
2023-01-20T14:46:40.605+01:00  INFO 5134 --- [ool-3-thread-22] tourGuide.service.RewardsService         : nearAttraction called with Kyle Field
2023-01-20T14:46:40.599+01:00  INFO 5134 --- [ool-3-thread-40] tourGuide.service.RewardsService         : getDistance called
2023-01-20T14:46:40.599+01:00  INFO 5134 --- [ool-3-thread-38] tourGuide.service.RewardsService         : nearAttraction called with McKinley Tower
2023-01-20T14:46:40.605+01:00  INFO 5134 --- [ool-3-thread-40] tourGuide.service.RewardsService         : nearAttraction called with Zoo Tampa at Lowry Park
2023-01-20T14:46:40.600+01:00  INFO 5134 --- [ool-3-thread-15] tourGuide.service.RewardsService         : nearAttraction called with Flatiron Building
2023-01-20T14:46:40.600+01:00  INFO 5134 --- [ool-3-thread-23] tourGuide.service.RewardsService         : nearAttraction called with Fallingwater
2023-01-20T14:46:40.600+01:00  INFO 5134 --- [ool-3-thread-64] tourGuide.service.RewardsService         : nearAttraction called with Roger Dean Stadium
2023-01-20T14:46:40.606+01:00  INFO 5134 --- [ool-3-thread-23] tourGuide.service.RewardsService         : getDistance called
2023-01-20T14:46:40.600+01:00  INFO 5134 --- [pool-3-thread-6] tourGuide.service.RewardsService         : getDistance called
2023-01-20T14:46:40.600+01:00  INFO 5134 --- [ool-3-thread-33] tourGuide.service.RewardsService         : getDistance called
2023-01-20T14:46:40.606+01:00  INFO 5134 --- [pool-3-thread-6] tourGuide.service.RewardsService         : nearAttraction called with El Paso Zoo
2023-01-20T14:46:40.606+01:00  INFO 5134 --- [ool-3-thread-33] tourGuide.service.RewardsService         : nearAttraction called with Kansas City Zoo
2023-01-20T14:46:40.600+01:00  INFO 5134 --- [ool-3-thread-28] tourGuide.service.RewardsService         : getDistance called
2023-01-20T14:46:40.600+01:00  INFO 5134 --- [ool-3-thread-65] tourGuide.service.RewardsService         : getDistance called
2023-01-20T14:46:40.606+01:00  INFO 5134 --- [ool-3-thread-28] tourGuide.service.RewardsService         : nearAttraction called with Bronx Zoo
2023-01-20T14:46:40.600+01:00  INFO 5134 --- [ool-3-thread-50] tourGuide.service.RewardsService         : nearAttraction called with Kyle Field
2023-01-20T14:46:40.601+01:00  INFO 5134 --- [ool-3-thread-48] tourGuide.service.RewardsService         : nearAttraction called with Franklin Park Zoo
2023-01-20T14:46:40.601+01:00  INFO 5134 --- [ool-3-thread-24] tourGuide.service.RewardsService         : nearAttraction called with Zoo Tampa at Lowry Park
2023-01-20T14:46:40.601+01:00  INFO 5134 --- [ool-3-thread-32] tourGuide.service.RewardsService         : getDistance called
2023-01-20T14:46:40.601+01:00  INFO 5134 --- [ool-3-thread-67] tourGuide.service.RewardsService         : nearAttraction called with San Diego Zoo
2023-01-20T14:46:40.601+01:00  INFO 5134 --- [ool-3-thread-57] tourGuide.service.RewardsService         : getDistance called
2023-01-20T14:46:40.601+01:00  INFO 5134 --- [ool-3-thread-11] tourGuide.service.RewardsService         : getDistance called
2023-01-20T14:46:40.606+01:00  INFO 5134 --- [ool-3-thread-57] tourGuide.service.RewardsService         : nearAttraction called with Jackson Hole
2023-01-20T14:46:40.606+01:00  INFO 5134 --- [ool-3-thread-11] tourGuide.service.RewardsService         : nearAttraction called with Mojave National Preserve
2023-01-20T14:46:40.601+01:00  INFO 5134 --- [pool-3-thread-7] tourGuide.service.RewardsService         : getDistance called
2023-01-20T14:46:40.601+01:00  INFO 5134 --- [ool-3-thread-29] tourGuide.service.RewardsService         : getDistance called
2023-01-20T14:46:40.601+01:00  INFO 5134 --- [ool-3-thread-44] tourGuide.service.RewardsService         : nearAttraction called with Disneyland
2023-01-20T14:46:40.601+01:00  INFO 5134 --- [ool-4-thread-12] tourGuide.service.RewardsService         : Rewards of internalUser63 calculated by calculateRewards
2023-01-20T14:46:40.602+01:00  INFO 5134 --- [ool-3-thread-16] tourGuide.service.RewardsService         : getDistance called
2023-01-20T14:46:40.602+01:00  INFO 5134 --- [pool-3-thread-4] tourGuide.service.RewardsService         : nearAttraction called with Joshua Tree National Park
2023-01-20T14:46:40.602+01:00  INFO 5134 --- [ool-3-thread-54] tourGuide.service.RewardsService         : nearAttraction called with Buffalo National River
2023-01-20T14:46:40.607+01:00  INFO 5134 --- [ool-3-thread-16] tourGuide.service.RewardsService         : nearAttraction called with Hot Springs National Park
2023-01-20T14:46:40.602+01:00  INFO 5134 --- [ool-3-thread-52] tourGuide.service.RewardsService         : nearAttraction called with Hot Springs National Park
2023-01-20T14:46:40.607+01:00  INFO 5134 --- [ool-3-thread-52] tourGuide.service.RewardsService         : getDistance called
2023-01-20T14:46:40.607+01:00  INFO 5134 --- [ool-3-thread-52] tourGuide.service.RewardsService         : nearAttraction called with Kartchner Caverns State Park
2023-01-20T14:46:40.607+01:00  INFO 5134 --- [ool-3-thread-52] tourGuide.service.RewardsService         : getDistance called
2023-01-20T14:46:40.602+01:00  INFO 5134 --- [ool-3-thread-27] tourGuide.service.RewardsService         : getDistance called
2023-01-20T14:46:40.602+01:00  INFO 5134 --- [ool-3-thread-12] tourGuide.service.RewardsService         : getDistance called
2023-01-20T14:46:40.602+01:00  INFO 5134 --- [ool-3-thread-45] tourGuide.service.RewardsService         : getDistance called
2023-01-20T14:46:40.607+01:00  INFO 5134 --- [ool-3-thread-12] tourGuide.service.RewardsService         : nearAttraction called with McKinley Tower
2023-01-20T14:46:40.602+01:00  INFO 5134 --- [ool-3-thread-37] tourGuide.service.RewardsService         : getDistance called
2023-01-20T14:46:40.602+01:00  INFO 5134 --- [ool-3-thread-47] tourGuide.service.RewardsService         : getDistance called
2023-01-20T14:46:40.602+01:00  INFO 5134 --- [ool-3-thread-51] tourGuide.service.RewardsService         : getDistance called
2023-01-20T14:46:40.607+01:00  INFO 5134 --- [ool-3-thread-47] tourGuide.service.RewardsService         : nearAttraction called with Union Station
2023-01-20T14:46:40.602+01:00  INFO 5134 --- [ool-3-thread-60] tourGuide.service.RewardsService         : getDistance called
2023-01-20T14:46:40.602+01:00  INFO 5134 --- [ool-3-thread-49] tourGuide.service.RewardsService         : getDistance called
2023-01-20T14:46:40.607+01:00  INFO 5134 --- [ool-4-thread-22] tourGuide.service.RewardsService         : Rewards of internalUser52 calculated by calculateRewards
2023-01-20T14:46:40.603+01:00  INFO 5134 --- [pool-3-thread-5] tourGuide.service.RewardsService         : getDistance called
2023-01-20T14:46:40.603+01:00  INFO 5134 --- [ool-3-thread-62] tourGuide.service.RewardsService         : getDistance called
2023-01-20T14:46:40.608+01:00  INFO 5134 --- [ool-3-thread-49] tourGuide.service.RewardsService         : nearAttraction called with Bryant-Denny Stadium
2023-01-20T14:46:40.603+01:00  INFO 5134 --- [ool-3-thread-55] tourGuide.service.RewardsService         : getDistance called
2023-01-20T14:46:40.603+01:00  INFO 5134 --- [pool-3-thread-8] tourGuide.service.RewardsService         : getDistance called
2023-01-20T14:46:40.603+01:00  INFO 5134 --- [ool-3-thread-58] tourGuide.service.RewardsService         : nearAttraction called with Roger Dean Stadium
2023-01-20T14:46:40.603+01:00  INFO 5134 --- [ool-3-thread-18] tourGuide.service.RewardsService         : getDistance called
2023-01-20T14:46:40.608+01:00  INFO 5134 --- [ool-3-thread-58] tourGuide.service.RewardsService         : getDistance called
2023-01-20T14:46:40.608+01:00  INFO 5134 --- [ool-3-thread-18] tourGuide.service.RewardsService         : nearAttraction called with Zoo Tampa at Lowry Park
2023-01-20T14:46:40.603+01:00  INFO 5134 --- [ool-4-thread-34] tourGuide.service.RewardsService         : Rewards of internalUser67 calculated by calculateRewards
2023-01-20T14:46:40.603+01:00  INFO 5134 --- [pool-3-thread-2] tourGuide.service.RewardsService         : nearAttraction called with Tiger Stadium
2023-01-20T14:46:40.608+01:00  INFO 5134 --- [pool-3-thread-2] tourGuide.service.RewardsService         : getDistance called
2023-01-20T14:46:40.603+01:00  INFO 5134 --- [ool-3-thread-53] tourGuide.service.RewardsService         : getDistance called
2023-01-20T14:46:40.608+01:00  INFO 5134 --- [pool-3-thread-2] tourGuide.service.RewardsService         : nearAttraction called with El Paso Zoo
2023-01-20T14:46:40.603+01:00  INFO 5134 --- [ool-3-thread-68] tourGuide.service.RewardsService         : nearAttraction called with Neyland Stadium
2023-01-20T14:46:40.603+01:00  INFO 5134 --- [ool-3-thread-66] tourGuide.service.RewardsService         : getDistance called
2023-01-20T14:46:40.603+01:00  INFO 5134 --- [ool-3-thread-69] tourGuide.service.RewardsService         : getDistance called
2023-01-20T14:46:40.603+01:00  INFO 5134 --- [ool-3-thread-17] tourGuide.service.RewardsService         : getDistance called
2023-01-20T14:46:40.608+01:00  INFO 5134 --- [ool-3-thread-69] tourGuide.service.RewardsService         : nearAttraction called with Cinderella Castle
2023-01-20T14:46:40.603+01:00  INFO 5134 --- [ool-3-thread-19] tourGuide.service.RewardsService         : nearAttraction called with Franklin Park Zoo
2023-01-20T14:46:40.609+01:00  INFO 5134 --- [ool-3-thread-69] tourGuide.service.RewardsService         : getDistance called
2023-01-20T14:46:40.609+01:00  INFO 5134 --- [ool-3-thread-19] tourGuide.service.RewardsService         : getDistance called
2023-01-20T14:46:40.604+01:00  INFO 5134 --- [ool-3-thread-56] tourGuide.service.RewardsService         : getDistance called
2023-01-20T14:46:40.609+01:00  INFO 5134 --- [ool-3-thread-19] tourGuide.service.RewardsService         : nearAttraction called with Mojave National Preserve
2023-01-20T14:46:40.609+01:00  INFO 5134 --- [ool-3-thread-56] tourGuide.service.RewardsService         : nearAttraction called with Joshua Tree National Park
2023-01-20T14:46:40.604+01:00  INFO 5134 --- [ool-3-thread-59] tourGuide.service.RewardsService         : nearAttraction called with El Paso Zoo
2023-01-20T14:46:40.604+01:00  INFO 5134 --- [ool-3-thread-34] tourGuide.service.RewardsService         : nearAttraction called with Bronx Zoo
2023-01-20T14:46:40.604+01:00  INFO 5134 --- [ool-3-thread-39] tourGuide.service.RewardsService         : nearAttraction called with Cinderella Castle
2023-01-20T14:46:40.604+01:00  INFO 5134 --- [ool-3-thread-14] tourGuide.service.RewardsService         : nearAttraction called with Disneyland
2023-01-20T14:46:40.604+01:00  INFO 5134 --- [pool-3-thread-1] tourGuide.service.RewardsService         : nearAttraction called with Mojave National Preserve
2023-01-20T14:46:40.604+01:00  INFO 5134 --- [ool-3-thread-21] tourGuide.service.RewardsService         : nearAttraction called with Buffalo National River
2023-01-20T14:46:40.604+01:00  INFO 5134 --- [ool-3-thread-36] tourGuide.service.RewardsService         : getDistance called
2023-01-20T14:46:40.604+01:00  INFO 5134 --- [ool-3-thread-20] tourGuide.service.RewardsService         : getDistance called
2023-01-20T14:46:40.609+01:00  INFO 5134 --- [ool-3-thread-36] tourGuide.service.RewardsService         : nearAttraction called with Buffalo National River
2023-01-20T14:46:40.604+01:00  INFO 5134 --- [ool-3-thread-13] tourGuide.service.RewardsService         : getDistance called
2023-01-20T14:46:40.609+01:00  INFO 5134 --- [ool-3-thread-20] tourGuide.service.RewardsService         : nearAttraction called with Hot Springs National Park
2023-01-20T14:46:40.604+01:00  INFO 5134 --- [ool-3-thread-70] tourGuide.service.RewardsService         : getDistance called
2023-01-20T14:46:40.604+01:00  INFO 5134 --- [pool-3-thread-3] tourGuide.service.RewardsService         : nearAttraction called with Legend Valley
2023-01-20T14:46:40.604+01:00  INFO 5134 --- [ool-3-thread-25] tourGuide.service.RewardsService         : nearAttraction called with Flowers Bakery of London
2023-01-20T14:46:40.610+01:00  INFO 5134 --- [ool-3-thread-70] tourGuide.service.RewardsService         : nearAttraction called with Legend Valley
2023-01-20T14:46:40.610+01:00  INFO 5134 --- [ool-3-thread-25] tourGuide.service.RewardsService         : getDistance called
2023-01-20T14:46:40.610+01:00  INFO 5134 --- [ool-3-thread-70] tourGuide.service.RewardsService         : getDistance called
2023-01-20T14:46:40.610+01:00  INFO 5134 --- [ool-3-thread-25] tourGuide.service.RewardsService         : nearAttraction called with Flowers Bakery of London
2023-01-20T14:46:40.605+01:00  INFO 5134 --- [ool-3-thread-46] tourGuide.service.RewardsService         : getDistance called
2023-01-20T14:46:40.605+01:00  INFO 5134 --- [ool-3-thread-35] tourGuide.service.RewardsService         : nearAttraction called with McKinley Tower
2023-01-20T14:46:40.610+01:00  INFO 5134 --- [ool-3-thread-46] tourGuide.service.RewardsService         : nearAttraction called with Flatiron Building
2023-01-20T14:46:40.605+01:00  INFO 5134 --- [ool-3-thread-31] tourGuide.service.RewardsService         : getDistance called
2023-01-20T14:46:40.605+01:00  INFO 5134 --- [ool-3-thread-30] tourGuide.service.RewardsService         : nearAttraction called with Fallingwater
2023-01-20T14:46:40.610+01:00  INFO 5134 --- [ool-3-thread-31] tourGuide.service.RewardsService         : nearAttraction called with Fallingwater
2023-01-20T14:46:40.610+01:00  INFO 5134 --- [ool-3-thread-30] tourGuide.service.RewardsService         : getDistance called
2023-01-20T14:46:40.605+01:00  INFO 5134 --- [ool-3-thread-10] tourGuide.service.RewardsService         : nearAttraction called with Union Station
2023-01-20T14:46:40.605+01:00  INFO 5134 --- [ool-3-thread-63] tourGuide.service.RewardsService         : nearAttraction called with Roger Dean Stadium
2023-01-20T14:46:40.605+01:00  INFO 5134 --- [ool-3-thread-61] tourGuide.service.RewardsService         : getDistance called
2023-01-20T14:46:40.605+01:00  INFO 5134 --- [ool-3-thread-43] tourGuide.service.RewardsService         : nearAttraction called with Bryant-Denny Stadium
2023-01-20T14:46:40.605+01:00  INFO 5134 --- [pool-3-thread-9] tourGuide.service.RewardsService         : nearAttraction called with Neyland Stadium
2023-01-20T14:46:40.605+01:00  INFO 5134 --- [ool-3-thread-41] tourGuide.service.RewardsService         : getDistance called
2023-01-20T14:46:40.605+01:00  INFO 5134 --- [ool-3-thread-26] tourGuide.service.RewardsService         : getDistance called
2023-01-20T14:46:40.611+01:00  INFO 5134 --- [ool-3-thread-41] tourGuide.service.RewardsService         : nearAttraction called with Texas Memorial Stadium
2023-01-20T14:46:40.605+01:00  INFO 5134 --- [pool-4-thread-8] tourGuide.service.RewardsService         : Rewards of internalUser50 calculated by calculateRewards
2023-01-20T14:46:40.605+01:00  INFO 5134 --- [ool-3-thread-42] tourGuide.service.RewardsService         : nearAttraction called with San Diego Zoo
2023-01-20T14:46:40.605+01:00  INFO 5134 --- [ool-3-thread-22] tourGuide.service.RewardsService         : getDistance called
2023-01-20T14:46:40.605+01:00  INFO 5134 --- [ool-3-thread-38] tourGuide.service.RewardsService         : getDistance called
2023-01-20T14:46:40.611+01:00  INFO 5134 --- [ool-3-thread-22] tourGuide.service.RewardsService         : nearAttraction called with Tiger Stadium
2023-01-20T14:46:40.605+01:00  INFO 5134 --- [ool-3-thread-40] tourGuide.service.RewardsService         : getDistance called
2023-01-20T14:46:40.605+01:00  INFO 5134 --- [ool-3-thread-15] tourGuide.service.RewardsService         : getDistance called
2023-01-20T14:46:40.611+01:00  INFO 5134 --- [ool-3-thread-40] tourGuide.service.RewardsService         : nearAttraction called with Kyle Field
2023-01-20T14:46:40.606+01:00  INFO 5134 --- [ool-3-thread-64] tourGuide.service.RewardsService         : getDistance called
2023-01-20T14:46:40.606+01:00  INFO 5134 --- [ool-3-thread-23] tourGuide.service.RewardsService         : nearAttraction called with Franklin Park Zoo
2023-01-20T14:46:40.611+01:00  INFO 5134 --- [ool-3-thread-64] tourGuide.service.RewardsService         : nearAttraction called with Zoo Tampa at Lowry Park
2023-01-20T14:46:40.606+01:00  INFO 5134 --- [pool-3-thread-6] tourGuide.service.RewardsService         : getDistance called
2023-01-20T14:46:40.606+01:00  INFO 5134 --- [ool-3-thread-33] tourGuide.service.RewardsService         : getDistance called
2023-01-20T14:46:40.606+01:00  INFO 5134 --- [ool-3-thread-65] tourGuide.service.RewardsService         : nearAttraction called with Cinderella Castle
2023-01-20T14:46:40.606+01:00  INFO 5134 --- [ool-3-thread-28] tourGuide.service.RewardsService         : getDistance called
2023-01-20T14:46:40.606+01:00  INFO 5134 --- [ool-3-thread-50] tourGuide.service.RewardsService         : getDistance called
2023-01-20T14:46:40.611+01:00  INFO 5134 --- [ool-3-thread-28] tourGuide.service.RewardsService         : nearAttraction called with Kansas City Zoo
2023-01-20T14:46:40.606+01:00  INFO 5134 --- [ool-3-thread-48] tourGuide.service.RewardsService         : getDistance called
2023-01-20T14:46:40.606+01:00  INFO 5134 --- [ool-3-thread-24] tourGuide.service.RewardsService         : getDistance called
2023-01-20T14:46:40.606+01:00  INFO 5134 --- [ool-3-thread-32] tourGuide.service.RewardsService         : nearAttraction called with Disneyland
2023-01-20T14:46:40.612+01:00  INFO 5134 --- [ool-3-thread-48] tourGuide.service.RewardsService         : nearAttraction called with Cinderella Castle
2023-01-20T14:46:40.612+01:00  INFO 5134 --- [ool-3-thread-48] tourGuide.service.RewardsService         : getDistance called
2023-01-20T14:46:40.612+01:00  INFO 5134 --- [ool-3-thread-48] tourGuide.service.RewardsService         : nearAttraction called with Jackson Hole
2023-01-20T14:46:40.612+01:00  INFO 5134 --- [ool-3-thread-48] tourGuide.service.RewardsService         : getDistance called
2023-01-20T14:46:40.606+01:00  INFO 5134 --- [ool-3-thread-67] tourGuide.service.RewardsService         : getDistance called
2023-01-20T14:46:40.606+01:00  INFO 5134 --- [ool-3-thread-57] tourGuide.service.RewardsService         : getDistance called
2023-01-20T14:46:40.606+01:00  INFO 5134 --- [ool-3-thread-11] tourGuide.service.RewardsService         : getDistance called
2023-01-20T14:46:40.612+01:00  INFO 5134 --- [ool-3-thread-57] tourGuide.service.RewardsService         : nearAttraction called with Buffalo National River
2023-01-20T14:46:40.612+01:00  INFO 5134 --- [ool-3-thread-11] tourGuide.service.RewardsService         : nearAttraction called with Hot Springs National Park
2023-01-20T14:46:40.612+01:00  INFO 5134 --- [ool-3-thread-11] tourGuide.service.RewardsService         : getDistance called
2023-01-20T14:46:40.606+01:00  INFO 5134 --- [pool-3-thread-7] tourGuide.service.RewardsService         : nearAttraction called with Joshua Tree National Park
2023-01-20T14:46:40.612+01:00  INFO 5134 --- [ool-3-thread-11] tourGuide.service.RewardsService         : nearAttraction called with Kartchner Caverns State Park
2023-01-20T14:46:40.612+01:00  INFO 5134 --- [pool-3-thread-7] tourGuide.service.RewardsService         : getDistance called
2023-01-20T14:46:40.612+01:00  INFO 5134 --- [ool-3-thread-11] tourGuide.service.RewardsService         : getDistance called
2023-01-20T14:46:40.606+01:00  INFO 5134 --- [ool-3-thread-29] tourGuide.service.RewardsService         : nearAttraction called with Buffalo National River
2023-01-20T14:46:40.612+01:00  INFO 5134 --- [ool-3-thread-11] tourGuide.service.RewardsService         : nearAttraction called with Flowers Bakery of London
2023-01-20T14:46:40.606+01:00  INFO 5134 --- [ool-3-thread-44] tourGuide.service.RewardsService         : getDistance called
2023-01-20T14:46:40.607+01:00  INFO 5134 --- [ool-3-thread-54] tourGuide.service.RewardsService         : getDistance called
2023-01-20T14:46:40.613+01:00  INFO 5134 --- [ool-3-thread-44] tourGuide.service.RewardsService         : nearAttraction called with McKinley Tower
2023-01-20T14:46:40.613+01:00  INFO 5134 --- [ool-3-thread-44] tourGuide.service.RewardsService         : getDistance called
2023-01-20T14:46:40.613+01:00  INFO 5134 --- [ool-3-thread-44] tourGuide.service.RewardsService         : nearAttraction called with Fallingwater
2023-01-20T14:46:40.613+01:00  INFO 5134 --- [ool-3-thread-44] tourGuide.service.RewardsService         : getDistance called
2023-01-20T14:46:40.607+01:00  INFO 5134 --- [pool-3-thread-4] tourGuide.service.RewardsService         : getDistance called
2023-01-20T14:46:40.607+01:00  INFO 5134 --- [ool-3-thread-16] tourGuide.service.RewardsService         : getDistance called
2023-01-20T14:46:40.607+01:00  INFO 5134 --- [ool-3-thread-52] tourGuide.service.RewardsService         : nearAttraction called with Legend Valley
2023-01-20T14:46:40.613+01:00  INFO 5134 --- [ool-3-thread-16] tourGuide.service.RewardsService         : nearAttraction called with Texas Memorial Stadium
2023-01-20T14:46:40.613+01:00  INFO 5134 --- [ool-3-thread-52] tourGuide.service.RewardsService         : getDistance called
2023-01-20T14:46:40.613+01:00  INFO 5134 --- [ool-3-thread-52] tourGuide.service.RewardsService         : nearAttraction called with Bryant-Denny Stadium
2023-01-20T14:46:40.613+01:00  INFO 5134 --- [ool-3-thread-52] tourGuide.service.RewardsService         : getDistance called
2023-01-20T14:46:40.607+01:00  INFO 5134 --- [ool-3-thread-27] tourGuide.service.RewardsService         : nearAttraction called with Flowers Bakery of London
2023-01-20T14:46:40.607+01:00  INFO 5134 --- [ool-3-thread-45] tourGuide.service.RewardsService         : nearAttraction called with Flatiron Building
2023-01-20T14:46:40.607+01:00  INFO 5134 --- [ool-3-thread-12] tourGuide.service.RewardsService         : getDistance called
2023-01-20T14:46:40.607+01:00  INFO 5134 --- [ool-3-thread-37] tourGuide.service.RewardsService         : nearAttraction called with Fallingwater
2023-01-20T14:46:40.613+01:00  INFO 5134 --- [ool-3-thread-12] tourGuide.service.RewardsService         : nearAttraction called with Neyland Stadium
2023-01-20T14:46:40.607+01:00  INFO 5134 --- [ool-3-thread-51] tourGuide.service.RewardsService         : nearAttraction called with Roger Dean Stadium
2023-01-20T14:46:40.607+01:00  INFO 5134 --- [ool-3-thread-47] tourGuide.service.RewardsService         : getDistance called
2023-01-20T14:46:40.607+01:00  INFO 5134 --- [ool-3-thread-60] tourGuide.service.RewardsService         : nearAttraction called with Texas Memorial Stadium
2023-01-20T14:46:40.608+01:00  INFO 5134 --- [pool-3-thread-5] tourGuide.service.RewardsService         : nearAttraction called with Tiger Stadium
2023-01-20T14:46:40.608+01:00  INFO 5134 --- [ool-3-thread-62] tourGuide.service.RewardsService         : nearAttraction called with Neyland Stadium
2023-01-20T14:46:40.608+01:00  INFO 5134 --- [ool-3-thread-49] tourGuide.service.RewardsService         : getDistance called
2023-01-20T14:46:40.608+01:00  INFO 5134 --- [ool-3-thread-55] tourGuide.service.RewardsService         : nearAttraction called with Kyle Field
2023-01-20T14:46:40.614+01:00  INFO 5134 --- [ool-3-thread-49] tourGuide.service.RewardsService         : nearAttraction called with San Diego Zoo
2023-01-20T14:46:40.614+01:00  INFO 5134 --- [ool-3-thread-55] tourGuide.service.RewardsService         : getDistance called
2023-01-20T14:46:40.608+01:00  INFO 5134 --- [pool-3-thread-8] tourGuide.service.RewardsService         : nearAttraction called with San Diego Zoo
2023-01-20T14:46:40.608+01:00  INFO 5134 --- [ool-3-thread-58] tourGuide.service.RewardsService         : nearAttraction called with Franklin Park Zoo
2023-01-20T14:46:40.608+01:00  INFO 5134 --- [ool-3-thread-18] tourGuide.service.RewardsService         : getDistance called
2023-01-20T14:46:40.608+01:00  INFO 5134 --- [pool-3-thread-2] tourGuide.service.RewardsService         : getDistance called
2023-01-20T14:46:40.608+01:00  INFO 5134 --- [ool-3-thread-68] tourGuide.service.RewardsService         : getDistance called
2023-01-20T14:46:40.614+01:00  INFO 5134 --- [pool-3-thread-2] tourGuide.service.RewardsService         : nearAttraction called with El Paso Zoo
2023-01-20T14:46:40.608+01:00  INFO 5134 --- [ool-3-thread-66] tourGuide.service.RewardsService         : nearAttraction called with Bronx Zoo
2023-01-20T14:46:40.608+01:00  INFO 5134 --- [ool-3-thread-53] tourGuide.service.RewardsService         : nearAttraction called with Kansas City Zoo
2023-01-20T14:46:40.609+01:00  INFO 5134 --- [ool-3-thread-17] tourGuide.service.RewardsService         : nearAttraction called with Disneyland
2023-01-20T14:46:40.609+01:00  INFO 5134 --- [ool-3-thread-69] tourGuide.service.RewardsService         : nearAttraction called with Jackson Hole
2023-01-20T14:46:40.609+01:00  INFO 5134 --- [ool-3-thread-19] tourGuide.service.RewardsService         : getDistance called
2023-01-20T14:46:40.609+01:00  INFO 5134 --- [ool-3-thread-56] tourGuide.service.RewardsService         : getDistance called
2023-01-20T14:46:40.614+01:00  INFO 5134 --- [ool-3-thread-19] tourGuide.service.RewardsService         : nearAttraction called with Bronx Zoo
2023-01-20T14:46:40.609+01:00  INFO 5134 --- [ool-3-thread-59] tourGuide.service.RewardsService         : getDistance called
2023-01-20T14:46:40.609+01:00  INFO 5134 --- [ool-3-thread-34] tourGuide.service.RewardsService         : getDistance called
2023-01-20T14:46:40.609+01:00  INFO 5134 --- [ool-3-thread-39] tourGuide.service.RewardsService         : getDistance called
2023-01-20T14:46:40.609+01:00  INFO 5134 --- [ool-3-thread-14] tourGuide.service.RewardsService         : getDistance called
2023-01-20T14:46:40.609+01:00  INFO 5134 --- [pool-3-thread-1] tourGuide.service.RewardsService         : getDistance called
2023-01-20T14:46:40.609+01:00  INFO 5134 --- [ool-3-thread-21] tourGuide.service.RewardsService         : getDistance called
2023-01-20T14:46:40.615+01:00  INFO 5134 --- [pool-3-thread-1] tourGuide.service.RewardsService         : nearAttraction called with Buffalo National River
2023-01-20T14:46:40.609+01:00  INFO 5134 --- [ool-3-thread-36] tourGuide.service.RewardsService         : getDistance called
2023-01-20T14:46:40.609+01:00  INFO 5134 --- [pool-4-thread-3] tourGuide.service.RewardsService         : Rewards of internalUser65 calculated by calculateRewards
2023-01-20T14:46:40.615+01:00  INFO 5134 --- [ool-3-thread-36] tourGuide.service.RewardsService         : nearAttraction called with Kartchner Caverns State Park
2023-01-20T14:46:40.609+01:00  INFO 5134 --- [ool-3-thread-13] tourGuide.service.RewardsService         : nearAttraction called with Kartchner Caverns State Park
2023-01-20T14:46:40.609+01:00  INFO 5134 --- [ool-3-thread-20] tourGuide.service.RewardsService         : getDistance called
2023-01-20T14:46:40.615+01:00  INFO 5134 --- [ool-3-thread-20] tourGuide.service.RewardsService         : nearAttraction called with Legend Valley
2023-01-20T14:46:40.610+01:00  INFO 5134 --- [pool-3-thread-3] tourGuide.service.RewardsService         : getDistance called
2023-01-20T14:46:40.610+01:00  INFO 5134 --- [ool-3-thread-70] tourGuide.service.RewardsService         : nearAttraction called with McKinley Tower
2023-01-20T14:46:40.610+01:00  INFO 5134 --- [ool-3-thread-25] tourGuide.service.RewardsService         : getDistance called
2023-01-20T14:46:40.610+01:00  INFO 5134 --- [ool-3-thread-35] tourGuide.service.RewardsService         : getDistance called
2023-01-20T14:46:40.610+01:00  INFO 5134 --- [ool-3-thread-46] tourGuide.service.RewardsService         : getDistance called
2023-01-20T14:46:40.610+01:00  INFO 5134 --- [ool-3-thread-31] tourGuide.service.RewardsService         : getDistance called
2023-01-20T14:46:40.610+01:00  INFO 5134 --- [ool-3-thread-30] tourGuide.service.RewardsService         : nearAttraction called with Union Station
2023-01-20T14:46:40.615+01:00  INFO 5134 --- [ool-3-thread-31] tourGuide.service.RewardsService         : nearAttraction called with Union Station
2023-01-20T14:46:40.610+01:00  INFO 5134 --- [ool-3-thread-10] tourGuide.service.RewardsService         : getDistance called
2023-01-20T14:46:40.610+01:00  INFO 5134 --- [ool-3-thread-63] tourGuide.service.RewardsService         : getDistance called
2023-01-20T14:46:40.615+01:00  INFO 5134 --- [ool-3-thread-10] tourGuide.service.RewardsService         : nearAttraction called with Roger Dean Stadium
2023-01-20T14:46:40.610+01:00  INFO 5134 --- [ool-3-thread-61] tourGuide.service.RewardsService         : nearAttraction called with Roger Dean Stadium
2023-01-20T14:46:40.616+01:00  INFO 5134 --- [ool-3-thread-63] tourGuide.service.RewardsService         : nearAttraction called with Texas Memorial Stadium
2023-01-20T14:46:40.611+01:00  INFO 5134 --- [ool-3-thread-43] tourGuide.service.RewardsService         : getDistance called
2023-01-20T14:46:40.611+01:00  INFO 5134 --- [pool-3-thread-9] tourGuide.service.RewardsService         : getDistance called
2023-01-20T14:46:40.616+01:00  INFO 5134 --- [ool-3-thread-43] tourGuide.service.RewardsService         : nearAttraction called with Bryant-Denny Stadium
2023-01-20T14:46:40.611+01:00  INFO 5134 --- [ool-3-thread-26] tourGuide.service.RewardsService         : nearAttraction called with Bryant-Denny Stadium
2023-01-20T14:46:40.611+01:00  INFO 5134 --- [ool-3-thread-41] tourGuide.service.RewardsService         : getDistance called
2023-01-20T14:46:40.611+01:00  INFO 5134 --- [ool-3-thread-42] tourGuide.service.RewardsService         : getDistance called
2023-01-20T14:46:40.616+01:00  INFO 5134 --- [ool-3-thread-41] tourGuide.service.RewardsService         : nearAttraction called with Neyland Stadium
2023-01-20T14:46:40.611+01:00  INFO 5134 --- [ool-3-thread-38] tourGuide.service.RewardsService         : nearAttraction called with Neyland Stadium
2023-01-20T14:46:40.611+01:00  INFO 5134 --- [ool-3-thread-22] tourGuide.service.RewardsService         : getDistance called
2023-01-20T14:46:40.611+01:00  INFO 5134 --- [ool-3-thread-40] tourGuide.service.RewardsService         : getDistance called
2023-01-20T14:46:40.616+01:00  INFO 5134 --- [ool-3-thread-22] tourGuide.service.RewardsService         : nearAttraction called with San Diego Zoo
2023-01-20T14:46:40.611+01:00  INFO 5134 --- [ool-3-thread-15] tourGuide.service.RewardsService         : nearAttraction called with San Diego Zoo
2023-01-20T14:46:40.611+01:00  INFO 5134 --- [ool-3-thread-23] tourGuide.service.RewardsService         : getDistance called
2023-01-20T14:46:40.611+01:00  INFO 5134 --- [ool-3-thread-64] tourGuide.service.RewardsService         : getDistance called
2023-01-20T14:46:40.616+01:00  INFO 5134 --- [ool-3-thread-23] tourGuide.service.RewardsService         : nearAttraction called with Franklin Park Zoo
2023-01-20T14:46:40.611+01:00  INFO 5134 --- [pool-3-thread-6] tourGuide.service.RewardsService         : nearAttraction called with Franklin Park Zoo
2023-01-20T14:46:40.611+01:00  INFO 5134 --- [ool-3-thread-33] tourGuide.service.RewardsService         : nearAttraction called with El Paso Zoo
2023-01-20T14:46:40.611+01:00  INFO 5134 --- [ool-3-thread-65] tourGuide.service.RewardsService         : getDistance called
2023-01-20T14:46:40.611+01:00  INFO 5134 --- [ool-3-thread-50] tourGuide.service.RewardsService         : nearAttraction called with Bronx Zoo
2023-01-20T14:46:40.611+01:00  INFO 5134 --- [ool-3-thread-28] tourGuide.service.RewardsService         : getDistance called
2023-01-20T14:46:40.612+01:00  INFO 5134 --- [ool-3-thread-24] tourGuide.service.RewardsService         : nearAttraction called with Disneyland
2023-01-20T14:46:40.617+01:00  INFO 5134 --- [ool-3-thread-28] tourGuide.service.RewardsService         : nearAttraction called with Bronx Zoo
2023-01-20T14:46:40.612+01:00  INFO 5134 --- [ool-3-thread-32] tourGuide.service.RewardsService         : getDistance called
2023-01-20T14:46:40.612+01:00  INFO 5134 --- [ool-3-thread-48] tourGuide.service.RewardsService         : nearAttraction called with Mojave National Preserve
2023-01-20T14:46:40.612+01:00  INFO 5134 --- [ool-4-thread-11] tourGuide.service.RewardsService         : Rewards of internalUser69 calculated by calculateRewards
2023-01-20T14:46:40.612+01:00  INFO 5134 --- [ool-3-thread-67] tourGuide.service.RewardsService         : nearAttraction called with Joshua Tree National Park
2023-01-20T14:46:40.612+01:00  INFO 5134 --- [ool-3-thread-57] tourGuide.service.RewardsService         : getDistance called
2023-01-20T14:46:40.612+01:00  INFO 5134 --- [pool-3-thread-7] tourGuide.service.RewardsService         : nearAttraction called with Legend Valley
2023-01-20T14:46:40.612+01:00  INFO 5134 --- [ool-3-thread-29] tourGuide.service.RewardsService         : getDistance called
2023-01-20T14:46:40.612+01:00  INFO 5134 --- [ool-3-thread-11] tourGuide.service.RewardsService         : getDistance called
2023-01-20T14:46:40.613+01:00  INFO 5134 --- [ool-3-thread-54] tourGuide.service.RewardsService         : nearAttraction called with Flatiron Building
2023-01-20T14:46:40.613+01:00  INFO 5134 --- [ool-3-thread-44] tourGuide.service.RewardsService         : nearAttraction called with Union Station
2023-01-20T14:46:40.613+01:00  INFO 5134 --- [pool-3-thread-4] tourGuide.service.RewardsService         : nearAttraction called with Roger Dean Stadium
2023-01-20T14:46:40.613+01:00  INFO 5134 --- [ool-3-thread-16] tourGuide.service.RewardsService         : getDistance called
2023-01-20T14:46:40.613+01:00  INFO 5134 --- [ool-3-thread-52] tourGuide.service.RewardsService         : nearAttraction called with Tiger Stadium
2023-01-20T14:46:40.613+01:00  INFO 5134 --- [ool-3-thread-27] tourGuide.service.RewardsService         : getDistance called
2023-01-20T14:46:40.613+01:00  INFO 5134 --- [ool-3-thread-45] tourGuide.service.RewardsService         : getDistance called
2023-01-20T14:46:40.613+01:00  INFO 5134 --- [ool-3-thread-37] tourGuide.service.RewardsService         : getDistance called
2023-01-20T14:46:40.613+01:00  INFO 5134 --- [ool-3-thread-12] tourGuide.service.RewardsService         : getDistance called
2023-01-20T14:46:40.613+01:00  INFO 5134 --- [ool-3-thread-51] tourGuide.service.RewardsService         : getDistance called
2023-01-20T14:46:40.614+01:00  INFO 5134 --- [ool-3-thread-47] tourGuide.service.RewardsService         : nearAttraction called with Kyle Field
2023-01-20T14:46:40.614+01:00  INFO 5134 --- [ool-3-thread-60] tourGuide.service.RewardsService         : getDistance called
2023-01-20T14:46:40.614+01:00  INFO 5134 --- [pool-3-thread-5] tourGuide.service.RewardsService         : getDistance called
2023-01-20T14:46:40.614+01:00  INFO 5134 --- [ool-3-thread-62] tourGuide.service.RewardsService         : getDistance called
2023-01-20T14:46:40.614+01:00  INFO 5134 --- [ool-3-thread-49] tourGuide.service.RewardsService         : getDistance called
2023-01-20T14:46:40.614+01:00  INFO 5134 --- [ool-3-thread-55] tourGuide.service.RewardsService         : nearAttraction called with Zoo Tampa at Lowry Park
2023-01-20T14:46:40.614+01:00  INFO 5134 --- [pool-3-thread-8] tourGuide.service.RewardsService         : getDistance called
2023-01-20T14:46:40.618+01:00  INFO 5134 --- [ool-3-thread-55] tourGuide.service.RewardsService         : getDistance called
2023-01-20T14:46:40.614+01:00  INFO 5134 --- [ool-3-thread-58] tourGuide.service.RewardsService         : getDistance called
2023-01-20T14:46:40.614+01:00  INFO 5134 --- [ool-3-thread-18] tourGuide.service.RewardsService         : nearAttraction called with Franklin Park Zoo
2023-01-20T14:46:40.614+01:00  INFO 5134 --- [pool-3-thread-2] tourGuide.service.RewardsService         : getDistance called
2023-01-20T14:46:40.614+01:00  INFO 5134 --- [ool-3-thread-68] tourGuide.service.RewardsService         : nearAttraction called with Kansas City Zoo
2023-01-20T14:46:40.614+01:00  INFO 5134 --- [ool-3-thread-66] tourGuide.service.RewardsService         : getDistance called
2023-01-20T14:46:40.618+01:00  INFO 5134 --- [ool-3-thread-68] tourGuide.service.RewardsService         : getDistance called
2023-01-20T14:46:40.614+01:00  INFO 5134 --- [ool-3-thread-53] tourGuide.service.RewardsService         : getDistance called
2023-01-20T14:46:40.614+01:00  INFO 5134 --- [ool-3-thread-17] tourGuide.service.RewardsService         : getDistance called
2023-01-20T14:46:40.614+01:00  INFO 5134 --- [ool-3-thread-69] tourGuide.service.RewardsService         : getDistance called
2023-01-20T14:46:40.618+01:00  INFO 5134 --- [ool-4-thread-28] tourGuide.service.RewardsService         : Rewards of internalUser68 calculated by calculateRewards
2023-01-20T14:46:40.614+01:00  INFO 5134 --- [ool-3-thread-56] tourGuide.service.RewardsService         : nearAttraction called with Cinderella Castle
2023-01-20T14:46:40.614+01:00  INFO 5134 --- [ool-3-thread-19] tourGuide.service.RewardsService         : getDistance called
2023-01-20T14:46:40.614+01:00  INFO 5134 --- [ool-3-thread-59] tourGuide.service.RewardsService         : nearAttraction called with Disneyland
2023-01-20T14:46:40.615+01:00  INFO 5134 --- [ool-3-thread-34] tourGuide.service.RewardsService         : nearAttraction called with Jackson Hole
2023-01-20T14:46:40.615+01:00  INFO 5134 --- [ool-3-thread-39] tourGuide.service.RewardsService         : nearAttraction called with Mojave National Preserve
2023-01-20T14:46:40.615+01:00  INFO 5134 --- [ool-4-thread-26] tourGuide.service.RewardsService         : Rewards of internalUser51 calculated by calculateRewards
2023-01-20T14:46:40.615+01:00  INFO 5134 --- [ool-3-thread-14] tourGuide.service.RewardsService         : nearAttraction called with Joshua Tree National Park
2023-01-20T14:46:40.615+01:00  INFO 5134 --- [ool-3-thread-21] tourGuide.service.RewardsService         : nearAttraction called with Hot Springs National Park
2023-01-20T14:46:40.615+01:00  INFO 5134 --- [pool-3-thread-1] tourGuide.service.RewardsService         : getDistance called
2023-01-20T14:46:40.619+01:00  INFO 5134 --- [ool-3-thread-59] tourGuide.service.RewardsService         : getDistance called
2023-01-20T14:46:40.615+01:00  INFO 5134 --- [ool-3-thread-36] tourGuide.service.RewardsService         : getDistance called
2023-01-20T14:46:40.615+01:00  INFO 5134 --- [ool-3-thread-13] tourGuide.service.RewardsService         : getDistance called
2023-01-20T14:46:40.615+01:00  INFO 5134 --- [ool-3-thread-20] tourGuide.service.RewardsService         : getDistance called
2023-01-20T14:46:40.615+01:00  INFO 5134 --- [pool-3-thread-3] tourGuide.service.RewardsService         : nearAttraction called with Flowers Bakery of London
2023-01-20T14:46:40.615+01:00  INFO 5134 --- [ool-3-thread-70] tourGuide.service.RewardsService         : getDistance called
2023-01-20T14:46:40.615+01:00  INFO 5134 --- [ool-3-thread-25] tourGuide.service.RewardsService         : nearAttraction called with McKinley Tower
2023-01-20T14:46:40.615+01:00  INFO 5134 --- [ool-3-thread-35] tourGuide.service.RewardsService         : nearAttraction called with Flatiron Building
2023-01-20T14:46:40.615+01:00  INFO 5134 --- [ool-3-thread-46] tourGuide.service.RewardsService         : nearAttraction called with Fallingwater
2023-01-20T14:46:40.615+01:00  INFO 5134 --- [ool-3-thread-30] tourGuide.service.RewardsService         : getDistance called
2023-01-20T14:46:40.615+01:00  INFO 5134 --- [ool-3-thread-31] tourGuide.service.RewardsService         : getDistance called
2023-01-20T14:46:40.616+01:00  INFO 5134 --- [ool-3-thread-10] tourGuide.service.RewardsService         : getDistance called
2023-01-20T14:46:40.616+01:00  INFO 5134 --- [ool-3-thread-61] tourGuide.service.RewardsService         : getDistance called
2023-01-20T14:46:40.616+01:00  INFO 5134 --- [ool-3-thread-63] tourGuide.service.RewardsService         : getDistance called
2023-01-20T14:46:40.616+01:00  INFO 5134 --- [pool-3-thread-9] tourGuide.service.RewardsService         : nearAttraction called with Tiger Stadium
2023-01-20T14:46:40.616+01:00  INFO 5134 --- [ool-3-thread-43] tourGuide.service.RewardsService         : getDistance called
2023-01-20T14:46:40.616+01:00  INFO 5134 --- [ool-3-thread-26] tourGuide.service.RewardsService         : getDistance called
2023-01-20T14:46:40.620+01:00  INFO 5134 --- [pool-3-thread-9] tourGuide.service.RewardsService         : getDistance called
2023-01-20T14:46:40.616+01:00  INFO 5134 --- [ool-3-thread-42] tourGuide.service.RewardsService         : nearAttraction called with Kyle Field
2023-01-20T14:46:40.616+01:00  INFO 5134 --- [ool-3-thread-41] tourGuide.service.RewardsService         : getDistance called
2023-01-20T14:46:40.616+01:00  INFO 5134 --- [ool-3-thread-38] tourGuide.service.RewardsService         : getDistance called
2023-01-20T14:46:40.616+01:00  INFO 5134 --- [ool-3-thread-40] tourGuide.service.RewardsService         : nearAttraction called with Zoo Tampa at Lowry Park
2023-01-20T14:46:40.616+01:00  INFO 5134 --- [ool-3-thread-22] tourGuide.service.RewardsService         : getDistance called
2023-01-20T14:46:40.620+01:00  INFO 5134 --- [ool-3-thread-40] tourGuide.service.RewardsService         : getDistance called
2023-01-20T14:46:40.616+01:00  INFO 5134 --- [ool-3-thread-15] tourGuide.service.RewardsService         : getDistance called
2023-01-20T14:46:40.616+01:00  INFO 5134 --- [ool-3-thread-64] tourGuide.service.RewardsService         : nearAttraction called with El Paso Zoo
2023-01-20T14:46:40.616+01:00  INFO 5134 --- [ool-3-thread-23] tourGuide.service.RewardsService         : getDistance called
2023-01-20T14:46:40.616+01:00  INFO 5134 --- [pool-3-thread-6] tourGuide.service.RewardsService         : getDistance called
2023-01-20T14:46:40.616+01:00  INFO 5134 --- [ool-3-thread-33] tourGuide.service.RewardsService         : getDistance called
2023-01-20T14:46:40.616+01:00  INFO 5134 --- [ool-3-thread-50] tourGuide.service.RewardsService         : getDistance called
2023-01-20T14:46:40.617+01:00  INFO 5134 --- [ool-3-thread-65] tourGuide.service.RewardsService         : nearAttraction called with Kansas City Zoo
2023-01-20T14:46:40.617+01:00  INFO 5134 --- [pool-4-thread-4] tourGuide.service.RewardsService         : Rewards of internalUser53 calculated by calculateRewards
2023-01-20T14:46:40.617+01:00  INFO 5134 --- [ool-3-thread-24] tourGuide.service.RewardsService         : getDistance called
2023-01-20T14:46:40.617+01:00  INFO 5134 --- [ool-3-thread-28] tourGuide.service.RewardsService         : getDistance called
2023-01-20T14:46:40.617+01:00  INFO 5134 --- [ool-3-thread-48] tourGuide.service.RewardsService         : getDistance called
2023-01-20T14:46:40.617+01:00  INFO 5134 --- [ool-3-thread-32] tourGuide.service.RewardsService         : nearAttraction called with Cinderella Castle
2023-01-20T14:46:40.617+01:00  INFO 5134 --- [ool-3-thread-67] tourGuide.service.RewardsService         : getDistance called
2023-01-20T14:46:40.617+01:00  INFO 5134 --- [pool-3-thread-7] tourGuide.service.RewardsService         : getDistance called
2023-01-20T14:46:40.617+01:00  INFO 5134 --- [ool-3-thread-54] tourGuide.service.RewardsService         : getDistance called
2023-01-20T14:46:40.617+01:00  INFO 5134 --- [ool-3-thread-44] tourGuide.service.RewardsService         : getDistance called
2023-01-20T14:46:40.617+01:00  INFO 5134 --- [pool-3-thread-4] tourGuide.service.RewardsService         : getDistance called
2023-01-20T14:46:40.617+01:00  INFO 5134 --- [ool-3-thread-52] tourGuide.service.RewardsService         : getDistance called
2023-01-20T14:46:40.618+01:00  INFO 5134 --- [ool-3-thread-47] tourGuide.service.RewardsService         : getDistance called
2023-01-20T14:46:40.618+01:00  INFO 5134 --- [ool-3-thread-18] tourGuide.service.RewardsService         : getDistance called
2023-01-20T14:46:40.618+01:00  INFO 5134 --- [ool-3-thread-56] tourGuide.service.RewardsService         : getDistance called
2023-01-20T14:46:40.619+01:00  INFO 5134 --- [ool-3-thread-39] tourGuide.service.RewardsService         : getDistance called
2023-01-20T14:46:40.619+01:00  INFO 5134 --- [ool-3-thread-21] tourGuide.service.RewardsService         : getDistance called
2023-01-20T14:46:40.619+01:00  INFO 5134 --- [ool-3-thread-34] tourGuide.service.RewardsService         : getDistance called
2023-01-20T14:46:40.619+01:00  INFO 5134 --- [ool-3-thread-14] tourGuide.service.RewardsService         : getDistance called
2023-01-20T14:46:40.619+01:00  INFO 5134 --- [pool-3-thread-3] tourGuide.service.RewardsService         : getDistance called
2023-01-20T14:46:40.619+01:00  INFO 5134 --- [ool-3-thread-25] tourGuide.service.RewardsService         : getDistance called
2023-01-20T14:46:40.619+01:00  INFO 5134 --- [ool-3-thread-35] tourGuide.service.RewardsService         : getDistance called
2023-01-20T14:46:40.619+01:00  INFO 5134 --- [ool-3-thread-46] tourGuide.service.RewardsService         : getDistance called
2023-01-20T14:46:40.620+01:00  INFO 5134 --- [ool-3-thread-42] tourGuide.service.RewardsService         : getDistance called
2023-01-20T14:46:40.620+01:00  INFO 5134 --- [ool-3-thread-64] tourGuide.service.RewardsService         : getDistance called
2023-01-20T14:46:40.620+01:00  INFO 5134 --- [ool-4-thread-19] tourGuide.service.RewardsService         : Rewards of internalUser62 calculated by calculateRewards
2023-01-20T14:46:40.620+01:00  INFO 5134 --- [ool-3-thread-65] tourGuide.service.RewardsService         : getDistance called
2023-01-20T14:46:40.621+01:00  INFO 5134 --- [ool-3-thread-32] tourGuide.service.RewardsService         : getDistance called
2023-01-20T14:46:40.621+01:00  INFO 5134 --- [ool-4-thread-42] tourGuide.service.RewardsService         : Rewards of internalUser61 calculated by calculateRewards
2023-01-20T14:46:40.622+01:00  INFO 5134 --- [ool-4-thread-33] tourGuide.service.RewardsService         : Rewards of internalUser60 calculated by calculateRewards
100 users tracked correctly
highVolumeTrackLocation: Time Elapsed: 0 seconds.
2023-01-20T14:46:40.682+01:00 DEBUG 5134 --- [    Test worker] tourGuide.repository.UserRepository      : Created 100 internal test users without history.
2023-01-20T14:46:40.694+01:00  INFO 5134 --- [    Test worker] tourGuide.service.UserService            : List of all users returned by getAllUsers
2023-01-20T14:46:40.695+01:00  INFO 5134 --- [ool-3-thread-16] tourGuide.service.RewardsService         : nearAttraction called with Joshua Tree National Park
2023-01-20T14:46:40.696+01:00  INFO 5134 --- [ool-3-thread-62] tourGuide.service.RewardsService         : nearAttraction called with Fallingwater
2023-01-20T14:46:40.696+01:00  INFO 5134 --- [ool-3-thread-55] tourGuide.service.RewardsService         : nearAttraction called with Texas Memorial Stadium
2023-01-20T14:46:40.696+01:00  INFO 5134 --- [ool-3-thread-58] tourGuide.service.RewardsService         : nearAttraction called with Bryant-Denny Stadium
2023-01-20T14:46:40.695+01:00  INFO 5134 --- [ool-3-thread-45] tourGuide.service.RewardsService         : nearAttraction called with Hot Springs National Park
2023-01-20T14:46:40.695+01:00  INFO 5134 --- [ool-3-thread-11] tourGuide.service.RewardsService         : nearAttraction called with Mojave National Preserve
2023-01-20T14:46:40.696+01:00  INFO 5134 --- [ool-3-thread-45] tourGuide.service.RewardsService         : getDistance called
2023-01-20T14:46:40.696+01:00  INFO 5134 --- [ool-3-thread-11] tourGuide.service.RewardsService         : getDistance called
2023-01-20T14:46:40.696+01:00  INFO 5134 --- [ool-3-thread-69] tourGuide.service.RewardsService         : nearAttraction called with Franklin Park Zoo
2023-01-20T14:46:40.696+01:00  INFO 5134 --- [ool-3-thread-45] tourGuide.service.RewardsService         : nearAttraction called with Disneyland
2023-01-20T14:46:40.696+01:00  INFO 5134 --- [ool-3-thread-69] tourGuide.service.RewardsService         : getDistance called
2023-01-20T14:46:40.696+01:00  INFO 5134 --- [ool-3-thread-45] tourGuide.service.RewardsService         : getDistance called
2023-01-20T14:46:40.696+01:00  INFO 5134 --- [ool-3-thread-59] tourGuide.service.RewardsService         : nearAttraction called with Joshua Tree National Park
2023-01-20T14:46:40.696+01:00  INFO 5134 --- [ool-3-thread-36] tourGuide.service.RewardsService         : nearAttraction called with Buffalo National River
2023-01-20T14:46:40.696+01:00  INFO 5134 --- [ool-3-thread-59] tourGuide.service.RewardsService         : getDistance called
2023-01-20T14:46:40.695+01:00  INFO 5134 --- [ool-3-thread-27] tourGuide.service.RewardsService         : nearAttraction called with Buffalo National River
2023-01-20T14:46:40.696+01:00  INFO 5134 --- [ool-3-thread-36] tourGuide.service.RewardsService         : getDistance called
2023-01-20T14:46:40.696+01:00  INFO 5134 --- [ool-3-thread-30] tourGuide.service.RewardsService         : nearAttraction called with Bronx Zoo
2023-01-20T14:46:40.695+01:00  INFO 5134 --- [ool-3-thread-29] tourGuide.service.RewardsService         : nearAttraction called with Jackson Hole
2023-01-20T14:46:40.696+01:00  INFO 5134 --- [ool-3-thread-31] tourGuide.service.RewardsService         : nearAttraction called with Cinderella Castle
2023-01-20T14:46:40.695+01:00  INFO 5134 --- [ool-3-thread-12] tourGuide.service.RewardsService         : nearAttraction called with Legend Valley
2023-01-20T14:46:40.696+01:00  INFO 5134 --- [ool-3-thread-31] tourGuide.service.RewardsService         : getDistance called
2023-01-20T14:46:40.696+01:00  INFO 5134 --- [ool-3-thread-45] tourGuide.service.RewardsService         : getRewardPoints called with Disneyland and internalUser77
2023-01-20T14:46:40.695+01:00  INFO 5134 --- [ool-3-thread-60] tourGuide.service.RewardsService         : nearAttraction called with McKinley Tower
2023-01-20T14:46:40.696+01:00  INFO 5134 --- [pool-3-thread-9] tourGuide.service.RewardsService         : nearAttraction called with Bryant-Denny Stadium
2023-01-20T14:46:40.696+01:00  INFO 5134 --- [ool-3-thread-41] tourGuide.service.RewardsService         : nearAttraction called with Neyland Stadium
2023-01-20T14:46:40.696+01:00  INFO 5134 --- [ool-3-thread-60] tourGuide.service.RewardsService         : getDistance called
2023-01-20T14:46:40.695+01:00  INFO 5134 --- [ool-3-thread-51] tourGuide.service.RewardsService         : nearAttraction called with Flowers Bakery of London
2023-01-20T14:46:40.696+01:00  INFO 5134 --- [ool-3-thread-40] tourGuide.service.RewardsService         : nearAttraction called with San Diego Zoo
2023-01-20T14:46:40.695+01:00  INFO 5134 --- [ool-3-thread-37] tourGuide.service.RewardsService         : nearAttraction called with Kartchner Caverns State Park
2023-01-20T14:46:40.696+01:00  INFO 5134 --- [ool-3-thread-40] tourGuide.service.RewardsService         : getDistance called
2023-01-20T14:46:40.695+01:00  INFO 5134 --- [ool-3-thread-57] tourGuide.service.RewardsService         : nearAttraction called with Disneyland
2023-01-20T14:46:40.696+01:00  INFO 5134 --- [pool-3-thread-6] tourGuide.service.RewardsService         : nearAttraction called with Kansas City Zoo
2023-01-20T14:46:40.696+01:00  INFO 5134 --- [ool-3-thread-33] tourGuide.service.RewardsService         : nearAttraction called with Bronx Zoo
2023-01-20T14:46:40.696+01:00  INFO 5134 --- [ool-3-thread-40] tourGuide.service.RewardsService         : nearAttraction called with Cinderella Castle
2023-01-20T14:46:40.696+01:00  INFO 5134 --- [ool-3-thread-24] tourGuide.service.RewardsService         : nearAttraction called with Jackson Hole
2023-01-20T14:46:40.696+01:00  INFO 5134 --- [ool-3-thread-28] tourGuide.service.RewardsService         : nearAttraction called with Mojave National Preserve
2023-01-20T14:46:40.696+01:00  INFO 5134 --- [ool-3-thread-24] tourGuide.service.RewardsService         : getDistance called
2023-01-20T14:46:40.696+01:00  INFO 5134 --- [ool-3-thread-28] tourGuide.service.RewardsService         : getDistance called
2023-01-20T14:46:40.695+01:00  INFO 5134 --- [pool-3-thread-5] tourGuide.service.RewardsService         : nearAttraction called with Flatiron Building
2023-01-20T14:46:40.696+01:00  INFO 5134 --- [ool-3-thread-54] tourGuide.service.RewardsService         : nearAttraction called with Legend Valley
2023-01-20T14:46:40.696+01:00  INFO 5134 --- [ool-3-thread-44] tourGuide.service.RewardsService         : nearAttraction called with McKinley Tower
2023-01-20T14:46:40.696+01:00  INFO 5134 --- [ool-3-thread-28] tourGuide.service.RewardsService         : nearAttraction called with Flatiron Building
2023-01-20T14:46:40.696+01:00  INFO 5134 --- [ool-3-thread-44] tourGuide.service.RewardsService         : getDistance called
2023-01-20T14:46:40.696+01:00  INFO 5134 --- [ool-3-thread-47] tourGuide.service.RewardsService         : nearAttraction called with Roger Dean Stadium
2023-01-20T14:46:40.696+01:00  INFO 5134 --- [pool-3-thread-8] tourGuide.service.RewardsService         : nearAttraction called with Roger Dean Stadium
2023-01-20T14:46:40.696+01:00  INFO 5134 --- [ool-3-thread-47] tourGuide.service.RewardsService         : getDistance called
2023-01-20T14:46:40.696+01:00  INFO 5134 --- [ool-3-thread-56] tourGuide.service.RewardsService         : nearAttraction called with Tiger Stadium
2023-01-20T14:46:40.696+01:00  INFO 5134 --- [ool-3-thread-39] tourGuide.service.RewardsService         : nearAttraction called with Neyland Stadium
2023-01-20T14:46:40.696+01:00  INFO 5134 --- [ool-3-thread-47] tourGuide.service.RewardsService         : nearAttraction called with San Diego Zoo
2023-01-20T14:46:40.696+01:00  INFO 5134 --- [ool-3-thread-16] tourGuide.service.RewardsService         : getDistance called
2023-01-20T14:46:40.697+01:00  INFO 5134 --- [ool-3-thread-34] tourGuide.service.RewardsService         : nearAttraction called with Zoo Tampa at Lowry Park
2023-01-20T14:46:40.697+01:00  INFO 5134 --- [ool-3-thread-14] tourGuide.service.RewardsService         : nearAttraction called with Franklin Park Zoo
2023-01-20T14:46:40.697+01:00  INFO 5134 --- [pool-3-thread-3] tourGuide.service.RewardsService         : nearAttraction called with El Paso Zoo
2023-01-20T14:46:40.697+01:00  INFO 5134 --- [ool-3-thread-14] tourGuide.service.RewardsService         : getDistance called
2023-01-20T14:46:40.697+01:00  INFO 5134 --- [ool-3-thread-46] tourGuide.service.RewardsService         : nearAttraction called with Disneyland
2023-01-20T14:46:40.697+01:00  INFO 5134 --- [ool-3-thread-64] tourGuide.service.RewardsService         : nearAttraction called with Mojave National Preserve
2023-01-20T14:46:40.697+01:00  INFO 5134 --- [ool-3-thread-65] tourGuide.service.RewardsService         : nearAttraction called with Joshua Tree National Park
2023-01-20T14:46:40.697+01:00  INFO 5134 --- [ool-3-thread-64] tourGuide.service.RewardsService         : getDistance called
2023-01-20T14:46:40.696+01:00  INFO 5134 --- [ool-3-thread-49] tourGuide.service.RewardsService         : nearAttraction called with Union Station
2023-01-20T14:46:40.696+01:00  INFO 5134 --- [ool-3-thread-62] tourGuide.service.RewardsService         : getDistance called
2023-01-20T14:46:40.697+01:00  INFO 5134 --- [ool-3-thread-64] tourGuide.service.RewardsService         : nearAttraction called with Kartchner Caverns State Park
2023-01-20T14:46:40.696+01:00  INFO 5134 --- [pool-3-thread-2] tourGuide.service.RewardsService         : nearAttraction called with Tiger Stadium
2023-01-20T14:46:40.697+01:00  INFO 5134 --- [ool-3-thread-62] tourGuide.service.RewardsService         : nearAttraction called with Legend Valley
2023-01-20T14:46:40.697+01:00  INFO 5134 --- [pool-3-thread-2] tourGuide.service.RewardsService         : getDistance called
2023-01-20T14:46:40.697+01:00  INFO 5134 --- [ool-3-thread-62] tourGuide.service.RewardsService         : getDistance called
2023-01-20T14:46:40.696+01:00  INFO 5134 --- [ool-3-thread-66] tourGuide.service.RewardsService         : nearAttraction called with Neyland Stadium
2023-01-20T14:46:40.696+01:00  INFO 5134 --- [ool-3-thread-55] tourGuide.service.RewardsService         : getDistance called
2023-01-20T14:46:40.697+01:00  INFO 5134 --- [ool-3-thread-66] tourGuide.service.RewardsService         : getDistance called
2023-01-20T14:46:40.696+01:00  INFO 5134 --- [ool-3-thread-58] tourGuide.service.RewardsService         : getDistance called
2023-01-20T14:46:40.696+01:00  INFO 5134 --- [ool-3-thread-68] tourGuide.service.RewardsService         : nearAttraction called with Kyle Field
2023-01-20T14:46:40.697+01:00  INFO 5134 --- [ool-3-thread-66] tourGuide.service.RewardsService         : nearAttraction called with Fallingwater
2023-01-20T14:46:40.697+01:00  INFO 5134 --- [ool-3-thread-58] tourGuide.service.RewardsService         : nearAttraction called with Union Station
2023-01-20T14:46:40.697+01:00  INFO 5134 --- [ool-3-thread-66] tourGuide.service.RewardsService         : getDistance called
2023-01-20T14:46:40.696+01:00  INFO 5134 --- [ool-3-thread-53] tourGuide.service.RewardsService         : nearAttraction called with San Diego Zoo
2023-01-20T14:46:40.696+01:00  INFO 5134 --- [ool-3-thread-17] tourGuide.service.RewardsService         : nearAttraction called with Zoo Tampa at Lowry Park
2023-01-20T14:46:40.697+01:00  INFO 5134 --- [ool-3-thread-53] tourGuide.service.RewardsService         : getDistance called
2023-01-20T14:46:40.697+01:00  INFO 5134 --- [ool-3-thread-17] tourGuide.service.RewardsService         : getDistance called
2023-01-20T14:46:40.696+01:00  INFO 5134 --- [ool-3-thread-19] tourGuide.service.RewardsService         : nearAttraction called with El Paso Zoo
2023-01-20T14:46:40.697+01:00  INFO 5134 --- [ool-3-thread-53] tourGuide.service.RewardsService         : nearAttraction called with Texas Memorial Stadium
2023-01-20T14:46:40.697+01:00  INFO 5134 --- [ool-3-thread-17] tourGuide.service.RewardsService         : nearAttraction called with Bryant-Denny Stadium
2023-01-20T14:46:40.697+01:00  INFO 5134 --- [ool-3-thread-53] tourGuide.service.RewardsService         : getDistance called
2023-01-20T14:46:40.696+01:00  INFO 5134 --- [ool-3-thread-11] tourGuide.service.RewardsService         : nearAttraction called with Jackson Hole
2023-01-20T14:46:40.696+01:00  INFO 5134 --- [pool-3-thread-1] tourGuide.service.RewardsService         : nearAttraction called with Mojave National Preserve
2023-01-20T14:46:40.697+01:00  INFO 5134 --- [ool-3-thread-11] tourGuide.service.RewardsService         : getDistance called
2023-01-20T14:46:40.697+01:00  INFO 5134 --- [pool-3-thread-1] tourGuide.service.RewardsService         : getDistance called
2023-01-20T14:46:40.696+01:00  INFO 5134 --- [ool-3-thread-69] tourGuide.service.RewardsService         : nearAttraction called with Hot Springs National Park
2023-01-20T14:46:40.697+01:00  INFO 5134 --- [ool-3-thread-11] tourGuide.service.RewardsService         : nearAttraction called with Neyland Stadium
2023-01-20T14:46:40.697+01:00  INFO 5134 --- [pool-3-thread-1] tourGuide.service.RewardsService         : nearAttraction called with Kyle Field
2023-01-20T14:46:40.697+01:00  INFO 5134 --- [ool-3-thread-11] tourGuide.service.RewardsService         : getDistance called
2023-01-20T14:46:40.696+01:00  INFO 5134 --- [ool-3-thread-13] tourGuide.service.RewardsService         : nearAttraction called with Kartchner Caverns State Park
2023-01-20T14:46:40.696+01:00  INFO 5134 --- [ool-3-thread-20] tourGuide.service.RewardsService         : nearAttraction called with Kansas City Zoo
2023-01-20T14:46:40.696+01:00  INFO 5134 --- [ool-3-thread-70] tourGuide.service.RewardsService         : nearAttraction called with Legend Valley
2023-01-20T14:46:40.697+01:00  INFO 5134 --- [ool-3-thread-20] tourGuide.service.RewardsService         : getDistance called
2023-01-20T14:46:40.696+01:00  INFO 5134 --- [ool-3-thread-27] tourGuide.service.RewardsService         : getDistance called
2023-01-20T14:46:40.696+01:00  INFO 5134 --- [ool-3-thread-59] tourGuide.service.RewardsService         : nearAttraction called with Flowers Bakery of London
2023-01-20T14:46:40.696+01:00  INFO 5134 --- [ool-3-thread-36] tourGuide.service.RewardsService         : nearAttraction called with McKinley Tower
2023-01-20T14:46:40.698+01:00  INFO 5134 --- [ool-3-thread-27] tourGuide.service.RewardsService         : nearAttraction called with Franklin Park Zoo
2023-01-20T14:46:40.696+01:00  INFO 5134 --- [ool-3-thread-30] tourGuide.service.RewardsService         : getDistance called
2023-01-20T14:46:40.698+01:00  INFO 5134 --- [ool-3-thread-27] tourGuide.service.RewardsService         : getDistance called
2023-01-20T14:46:40.696+01:00  INFO 5134 --- [ool-3-thread-10] tourGuide.service.RewardsService         : nearAttraction called with Flatiron Building
2023-01-20T14:46:40.698+01:00  INFO 5134 --- [ool-3-thread-30] tourGuide.service.RewardsService         : nearAttraction called with El Paso Zoo
2023-01-20T14:46:40.698+01:00  INFO 5134 --- [ool-3-thread-27] tourGuide.service.RewardsService         : nearAttraction called with Kansas City Zoo
2023-01-20T14:46:40.698+01:00  INFO 5134 --- [ool-3-thread-30] tourGuide.service.RewardsService         : getDistance called
2023-01-20T14:46:40.698+01:00  INFO 5134 --- [ool-3-thread-27] tourGuide.service.RewardsService         : getDistance called
2023-01-20T14:46:40.696+01:00  INFO 5134 --- [ool-3-thread-29] tourGuide.service.RewardsService         : getDistance called
2023-01-20T14:46:40.696+01:00  INFO 5134 --- [ool-3-thread-61] tourGuide.service.RewardsService         : nearAttraction called with Fallingwater
2023-01-20T14:46:40.698+01:00  INFO 5134 --- [ool-3-thread-27] tourGuide.service.RewardsService         : nearAttraction called with Cinderella Castle
2023-01-20T14:46:40.696+01:00  INFO 5134 --- [ool-3-thread-63] tourGuide.service.RewardsService         : nearAttraction called with Union Station
2023-01-20T14:46:40.698+01:00  INFO 5134 --- [ool-3-thread-27] tourGuide.service.RewardsService         : getDistance called
2023-01-20T14:46:40.698+01:00  INFO 5134 --- [ool-3-thread-63] tourGuide.service.RewardsService         : getDistance called
2023-01-20T14:46:40.696+01:00  INFO 5134 --- [ool-3-thread-12] tourGuide.service.RewardsService         : getDistance called
2023-01-20T14:46:40.696+01:00  INFO 5134 --- [ool-3-thread-43] tourGuide.service.RewardsService         : nearAttraction called with Roger Dean Stadium
2023-01-20T14:46:40.696+01:00  INFO 5134 --- [ool-3-thread-26] tourGuide.service.RewardsService         : nearAttraction called with Texas Memorial Stadium
2023-01-20T14:46:40.698+01:00  INFO 5134 --- [ool-3-thread-43] tourGuide.service.RewardsService         : getDistance called
2023-01-20T14:46:40.698+01:00  INFO 5134 --- [ool-3-thread-26] tourGuide.service.RewardsService         : getDistance called
2023-01-20T14:46:40.696+01:00  INFO 5134 --- [ool-3-thread-31] tourGuide.service.RewardsService         : nearAttraction called with Tiger Stadium
2023-01-20T14:46:40.698+01:00  INFO 5134 --- [ool-3-thread-43] tourGuide.service.RewardsService         : nearAttraction called with Buffalo National River
2023-01-20T14:46:40.698+01:00  INFO 5134 --- [ool-3-thread-31] tourGuide.service.RewardsService         : getDistance called
2023-01-20T14:46:40.698+01:00  INFO 5134 --- [ool-3-thread-43] tourGuide.service.RewardsService         : getDistance called
2023-01-20T14:46:40.696+01:00  INFO 5134 --- [ool-3-thread-38] tourGuide.service.RewardsService         : nearAttraction called with Kyle Field
2023-01-20T14:46:40.698+01:00  INFO 5134 --- [ool-3-thread-31] tourGuide.service.RewardsService         : nearAttraction called with Kartchner Caverns State Park
2023-01-20T14:46:40.696+01:00  INFO 5134 --- [pool-3-thread-9] tourGuide.service.RewardsService         : getDistance called
2023-01-20T14:46:40.698+01:00  INFO 5134 --- [ool-3-thread-31] tourGuide.service.RewardsService         : getDistance called
2023-01-20T14:46:40.696+01:00  INFO 5134 --- [ool-3-thread-41] tourGuide.service.RewardsService         : getDistance called
2023-01-20T14:46:40.696+01:00  INFO 5134 --- [ool-3-thread-22] tourGuide.service.RewardsService         : nearAttraction called with Zoo Tampa at Lowry Park
2023-01-20T14:46:40.696+01:00  INFO 5134 --- [ool-3-thread-51] tourGuide.service.RewardsService         : getDistance called
2023-01-20T14:46:40.698+01:00  INFO 5134 --- [ool-3-thread-22] tourGuide.service.RewardsService         : getDistance called
2023-01-20T14:46:40.696+01:00  INFO 5134 --- [ool-3-thread-15] tourGuide.service.RewardsService         : nearAttraction called with Franklin Park Zoo
2023-01-20T14:46:40.698+01:00  INFO 5134 --- [ool-3-thread-22] tourGuide.service.RewardsService         : nearAttraction called with Union Station
2023-01-20T14:46:40.696+01:00  INFO 5134 --- [ool-3-thread-37] tourGuide.service.RewardsService         : getDistance called
2023-01-20T14:46:40.698+01:00  INFO 5134 --- [ool-3-thread-22] tourGuide.service.RewardsService         : getDistance called
2023-01-20T14:46:40.696+01:00  INFO 5134 --- [ool-3-thread-23] tourGuide.service.RewardsService         : nearAttraction called with El Paso Zoo
2023-01-20T14:46:40.698+01:00  INFO 5134 --- [ool-3-thread-22] tourGuide.service.RewardsService         : nearAttraction called with Texas Memorial Stadium
2023-01-20T14:46:40.696+01:00  INFO 5134 --- [ool-3-thread-57] tourGuide.service.RewardsService         : getDistance called
2023-01-20T14:46:40.696+01:00  INFO 5134 --- [ool-3-thread-50] tourGuide.service.RewardsService         : nearAttraction called with Disneyland
2023-01-20T14:46:40.696+01:00  INFO 5134 --- [ool-3-thread-33] tourGuide.service.RewardsService         : getDistance called
2023-01-20T14:46:40.698+01:00  INFO 5134 --- [ool-3-thread-50] tourGuide.service.RewardsService         : getDistance called
2023-01-20T14:46:40.696+01:00  INFO 5134 --- [pool-3-thread-6] tourGuide.service.RewardsService         : getDistance called
2023-01-20T14:46:40.696+01:00  INFO 5134 --- [ool-3-thread-40] tourGuide.service.RewardsService         : getDistance called
2023-01-20T14:46:40.699+01:00  INFO 5134 --- [ool-3-thread-33] tourGuide.service.RewardsService         : nearAttraction called with Bryant-Denny Stadium
2023-01-20T14:46:40.699+01:00  INFO 5134 --- [ool-3-thread-50] tourGuide.service.RewardsService         : getRewardPoints called with Disneyland and internalUser79
2023-01-20T14:46:40.696+01:00  INFO 5134 --- [ool-3-thread-60] tourGuide.service.RewardsService         : nearAttraction called with Joshua Tree National Park
2023-01-20T14:46:40.699+01:00  INFO 5134 --- [ool-3-thread-33] tourGuide.service.RewardsService         : getDistance called
2023-01-20T14:46:40.696+01:00  INFO 5134 --- [ool-3-thread-48] tourGuide.service.RewardsService         : nearAttraction called with Buffalo National River
2023-01-20T14:46:40.696+01:00  INFO 5134 --- [ool-3-thread-67] tourGuide.service.RewardsService         : nearAttraction called with Hot Springs National Park
2023-01-20T14:46:40.699+01:00  INFO 5134 --- [ool-3-thread-33] tourGuide.service.RewardsService         : nearAttraction called with Kyle Field
2023-01-20T14:46:40.696+01:00  INFO 5134 --- [pool-3-thread-7] tourGuide.service.RewardsService         : nearAttraction called with Kartchner Caverns State Park
2023-01-20T14:46:40.699+01:00  INFO 5134 --- [ool-3-thread-33] tourGuide.service.RewardsService         : getDistance called
2023-01-20T14:46:40.696+01:00  INFO 5134 --- [ool-3-thread-24] tourGuide.service.RewardsService         : nearAttraction called with Flowers Bakery of London
2023-01-20T14:46:40.699+01:00  INFO 5134 --- [pool-3-thread-7] tourGuide.service.RewardsService         : getDistance called
2023-01-20T14:46:40.699+01:00  INFO 5134 --- [ool-3-thread-33] tourGuide.service.RewardsService         : nearAttraction called with San Diego Zoo
2023-01-20T14:46:40.696+01:00  INFO 5134 --- [pool-3-thread-5] tourGuide.service.RewardsService         : getDistance called
2023-01-20T14:46:40.699+01:00  INFO 5134 --- [ool-3-thread-33] tourGuide.service.RewardsService         : getDistance called
2023-01-20T14:46:40.696+01:00  INFO 5134 --- [ool-3-thread-54] tourGuide.service.RewardsService         : getDistance called
2023-01-20T14:46:40.699+01:00  INFO 5134 --- [pool-3-thread-5] tourGuide.service.RewardsService         : nearAttraction called with Franklin Park Zoo
2023-01-20T14:46:40.696+01:00  INFO 5134 --- [pool-3-thread-4] tourGuide.service.RewardsService         : nearAttraction called with Fallingwater
2023-01-20T14:46:40.699+01:00  INFO 5134 --- [pool-3-thread-5] tourGuide.service.RewardsService         : getDistance called
2023-01-20T14:46:40.696+01:00  INFO 5134 --- [ool-3-thread-52] tourGuide.service.RewardsService         : nearAttraction called with Union Station
2023-01-20T14:46:40.699+01:00  INFO 5134 --- [pool-3-thread-4] tourGuide.service.RewardsService         : getDistance called
2023-01-20T14:46:40.699+01:00  INFO 5134 --- [pool-3-thread-5] tourGuide.service.RewardsService         : nearAttraction called with Bronx Zoo
2023-01-20T14:46:40.696+01:00  INFO 5134 --- [ool-3-thread-28] tourGuide.service.RewardsService         : getDistance called
2023-01-20T14:46:40.699+01:00  INFO 5134 --- [pool-3-thread-5] tourGuide.service.RewardsService         : getDistance called
2023-01-20T14:46:40.696+01:00  INFO 5134 --- [ool-3-thread-18] tourGuide.service.RewardsService         : nearAttraction called with Texas Memorial Stadium
2023-01-20T14:46:40.696+01:00  INFO 5134 --- [ool-3-thread-44] tourGuide.service.RewardsService         : nearAttraction called with Bryant-Denny Stadium
2023-01-20T14:46:40.699+01:00  INFO 5134 --- [ool-3-thread-18] tourGuide.service.RewardsService         : getDistance called
2023-01-20T14:46:40.696+01:00  INFO 5134 --- [pool-3-thread-8] tourGuide.service.RewardsService         : getDistance called
2023-01-20T14:46:40.696+01:00  INFO 5134 --- [ool-3-thread-56] tourGuide.service.RewardsService         : getDistance called
2023-01-20T14:46:40.699+01:00  INFO 5134 --- [ool-3-thread-18] tourGuide.service.RewardsService         : nearAttraction called with Mojave National Preserve
2023-01-20T14:46:40.696+01:00  INFO 5134 --- [ool-3-thread-21] tourGuide.service.RewardsService         : nearAttraction called with Kyle Field
2023-01-20T14:46:40.699+01:00  INFO 5134 --- [ool-3-thread-18] tourGuide.service.RewardsService         : getDistance called
2023-01-20T14:46:40.697+01:00  INFO 5134 --- [ool-3-thread-47] tourGuide.service.RewardsService         : getDistance called
2023-01-20T14:46:40.699+01:00  INFO 5134 --- [ool-3-thread-18] tourGuide.service.RewardsService         : nearAttraction called with Hot Springs National Park
2023-01-20T14:46:40.697+01:00  INFO 5134 --- [ool-3-thread-39] tourGuide.service.RewardsService         : getDistance called
2023-01-20T14:46:40.697+01:00  INFO 5134 --- [ool-3-thread-34] tourGuide.service.RewardsService         : getDistance called
2023-01-20T14:46:40.697+01:00  INFO 5134 --- [ool-3-thread-35] tourGuide.service.RewardsService         : nearAttraction called with Bronx Zoo
2023-01-20T14:46:40.697+01:00  INFO 5134 --- [ool-3-thread-25] tourGuide.service.RewardsService         : nearAttraction called with Kansas City Zoo
2023-01-20T14:46:40.697+01:00  INFO 5134 --- [ool-3-thread-16] tourGuide.service.RewardsService         : nearAttraction called with Cinderella Castle
2023-01-20T14:46:40.699+01:00  INFO 5134 --- [ool-3-thread-25] tourGuide.service.RewardsService         : getDistance called
2023-01-20T14:46:40.697+01:00  INFO 5134 --- [pool-3-thread-3] tourGuide.service.RewardsService         : getDistance called
2023-01-20T14:46:40.700+01:00  INFO 5134 --- [ool-3-thread-16] tourGuide.service.RewardsService         : getDistance called
2023-01-20T14:46:40.697+01:00  INFO 5134 --- [ool-3-thread-42] tourGuide.service.RewardsService         : nearAttraction called with Jackson Hole
2023-01-20T14:46:40.700+01:00  INFO 5134 --- [pool-3-thread-3] tourGuide.service.RewardsService         : nearAttraction called with Flatiron Building
2023-01-20T14:46:40.697+01:00  INFO 5134 --- [ool-3-thread-46] tourGuide.service.RewardsService         : getDistance called
2023-01-20T14:46:40.697+01:00  INFO 5134 --- [ool-3-thread-14] tourGuide.service.RewardsService         : nearAttraction called with Buffalo National River
2023-01-20T14:46:40.697+01:00  INFO 5134 --- [ool-3-thread-32] tourGuide.service.RewardsService         : nearAttraction called with Hot Springs National Park
2023-01-20T14:46:40.697+01:00  INFO 5134 --- [ool-3-thread-65] tourGuide.service.RewardsService         : getDistance called
2023-01-20T14:46:40.700+01:00  INFO 5134 --- [ool-3-thread-32] tourGuide.service.RewardsService         : getDistance called
2023-01-20T14:46:40.697+01:00  INFO 5134 --- [ool-3-thread-49] tourGuide.service.RewardsService         : getDistance called
2023-01-20T14:46:40.700+01:00  INFO 5134 --- [ool-3-thread-32] tourGuide.service.RewardsService         : nearAttraction called with Roger Dean Stadium
2023-01-20T14:46:40.697+01:00  INFO 5134 --- [ool-3-thread-64] tourGuide.service.RewardsService         : getDistance called
2023-01-20T14:46:40.697+01:00  INFO 5134 --- [ool-3-thread-62] tourGuide.service.RewardsService         : nearAttraction called with Flowers Bakery of London
2023-01-20T14:46:40.697+01:00  INFO 5134 --- [pool-3-thread-2] tourGuide.service.RewardsService         : nearAttraction called with McKinley Tower
2023-01-20T14:46:40.700+01:00  INFO 5134 --- [ool-3-thread-62] tourGuide.service.RewardsService         : getDistance called
2023-01-20T14:46:40.697+01:00  INFO 5134 --- [ool-3-thread-55] tourGuide.service.RewardsService         : nearAttraction called with Flatiron Building
2023-01-20T14:46:40.697+01:00  INFO 5134 --- [ool-3-thread-68] tourGuide.service.RewardsService         : getDistance called
2023-01-20T14:46:40.700+01:00  INFO 5134 --- [ool-3-thread-55] tourGuide.service.RewardsService         : getDistance called
2023-01-20T14:46:40.697+01:00  INFO 5134 --- [ool-3-thread-58] tourGuide.service.RewardsService         : getDistance called
2023-01-20T14:46:40.700+01:00  INFO 5134 --- [ool-3-thread-68] tourGuide.service.RewardsService         : nearAttraction called with Neyland Stadium
2023-01-20T14:46:40.697+01:00  INFO 5134 --- [ool-3-thread-66] tourGuide.service.RewardsService         : nearAttraction called with Roger Dean Stadium
2023-01-20T14:46:40.700+01:00  INFO 5134 --- [ool-3-thread-58] tourGuide.service.RewardsService         : nearAttraction called with San Diego Zoo
2023-01-20T14:46:40.700+01:00  INFO 5134 --- [ool-3-thread-66] tourGuide.service.RewardsService         : getDistance called
2023-01-20T14:46:40.700+01:00  INFO 5134 --- [ool-3-thread-58] tourGuide.service.RewardsService         : getDistance called
2023-01-20T14:46:40.697+01:00  INFO 5134 --- [ool-3-thread-19] tourGuide.service.RewardsService         : getDistance called
2023-01-20T14:46:40.697+01:00  INFO 5134 --- [ool-3-thread-17] tourGuide.service.RewardsService         : getDistance called
2023-01-20T14:46:40.697+01:00  INFO 5134 --- [ool-3-thread-53] tourGuide.service.RewardsService         : nearAttraction called with Tiger Stadium
2023-01-20T14:46:40.700+01:00  INFO 5134 --- [ool-3-thread-19] tourGuide.service.RewardsService         : nearAttraction called with El Paso Zoo
2023-01-20T14:46:40.697+01:00  INFO 5134 --- [ool-3-thread-69] tourGuide.service.RewardsService         : getDistance called
2023-01-20T14:46:40.700+01:00  INFO 5134 --- [ool-3-thread-19] tourGuide.service.RewardsService         : getDistance called
2023-01-20T14:46:40.697+01:00  INFO 5134 --- [pool-3-thread-1] tourGuide.service.RewardsService         : getDistance called
2023-01-20T14:46:40.700+01:00  INFO 5134 --- [ool-3-thread-17] tourGuide.service.RewardsService         : nearAttraction called with Kansas City Zoo
2023-01-20T14:46:40.697+01:00  INFO 5134 --- [ool-3-thread-11] tourGuide.service.RewardsService         : nearAttraction called with San Diego Zoo
2023-01-20T14:46:40.700+01:00  INFO 5134 --- [pool-3-thread-1] tourGuide.service.RewardsService         : nearAttraction called with Disneyland
2023-01-20T14:46:40.700+01:00  INFO 5134 --- [ool-3-thread-11] tourGuide.service.RewardsService         : getDistance called
2023-01-20T14:46:40.697+01:00  INFO 5134 --- [ool-3-thread-13] tourGuide.service.RewardsService         : getDistance called
2023-01-20T14:46:40.698+01:00  INFO 5134 --- [ool-3-thread-59] tourGuide.service.RewardsService         : getDistance called
2023-01-20T14:46:40.698+01:00  INFO 5134 --- [ool-3-thread-20] tourGuide.service.RewardsService         : nearAttraction called with Zoo Tampa at Lowry Park
2023-01-20T14:46:40.701+01:00  INFO 5134 --- [ool-3-thread-13] tourGuide.service.RewardsService         : nearAttraction called with Mojave National Preserve
2023-01-20T14:46:40.698+01:00  INFO 5134 --- [ool-3-thread-70] tourGuide.service.RewardsService         : getDistance called
2023-01-20T14:46:40.698+01:00  INFO 5134 --- [ool-3-thread-36] tourGuide.service.RewardsService         : getDistance called
2023-01-20T14:46:40.698+01:00  INFO 5134 --- [ool-3-thread-10] tourGuide.service.RewardsService         : getDistance called
2023-01-20T14:46:40.698+01:00  INFO 5134 --- [ool-3-thread-30] tourGuide.service.RewardsService         : nearAttraction called with Bronx Zoo
2023-01-20T14:46:40.701+01:00  INFO 5134 --- [ool-3-thread-36] tourGuide.service.RewardsService         : nearAttraction called with Hot Springs National Park
2023-01-20T14:46:40.698+01:00  INFO 5134 --- [ool-3-thread-29] tourGuide.service.RewardsService         : nearAttraction called with Disneyland
2023-01-20T14:46:40.698+01:00  INFO 5134 --- [ool-3-thread-61] tourGuide.service.RewardsService         : getDistance called
2023-01-20T14:46:40.698+01:00  INFO 5134 --- [ool-3-thread-27] tourGuide.service.RewardsService         : nearAttraction called with Jackson Hole
2023-01-20T14:46:40.698+01:00  INFO 5134 --- [ool-3-thread-63] tourGuide.service.RewardsService         : nearAttraction called with Mojave National Preserve
2023-01-20T14:46:40.701+01:00  INFO 5134 --- [ool-3-thread-61] tourGuide.service.RewardsService         : nearAttraction called with Legend Valley
2023-01-20T14:46:40.701+01:00  INFO 5134 --- [ool-3-thread-63] tourGuide.service.RewardsService         : getDistance called
2023-01-20T14:46:40.701+01:00  INFO 5134 --- [ool-3-thread-61] tourGuide.service.RewardsService         : getDistance called
2023-01-20T14:46:40.698+01:00  INFO 5134 --- [ool-3-thread-12] tourGuide.service.RewardsService         : nearAttraction called with Joshua Tree National Park
2023-01-20T14:46:40.701+01:00  INFO 5134 --- [ool-3-thread-63] tourGuide.service.RewardsService         : nearAttraction called with Flowers Bakery of London
2023-01-20T14:46:40.701+01:00  INFO 5134 --- [ool-3-thread-61] tourGuide.service.RewardsService         : nearAttraction called with McKinley Tower
2023-01-20T14:46:40.701+01:00  INFO 5134 --- [ool-3-thread-12] tourGuide.service.RewardsService         : getDistance called
2023-01-20T14:46:40.701+01:00  INFO 5134 --- [ool-3-thread-61] tourGuide.service.RewardsService         : getDistance called
2023-01-20T14:46:40.698+01:00  INFO 5134 --- [ool-3-thread-26] tourGuide.service.RewardsService         : nearAttraction called with Hot Springs National Park
2023-01-20T14:46:40.698+01:00  INFO 5134 --- [ool-3-thread-43] tourGuide.service.RewardsService         : nearAttraction called with Legend Valley
2023-01-20T14:46:40.698+01:00  INFO 5134 --- [ool-3-thread-38] tourGuide.service.RewardsService         : getDistance called
2023-01-20T14:46:40.701+01:00  INFO 5134 --- [ool-3-thread-43] tourGuide.service.RewardsService         : getDistance called
2023-01-20T14:46:40.698+01:00  INFO 5134 --- [ool-3-thread-31] tourGuide.service.RewardsService         : nearAttraction called with McKinley Tower
2023-01-20T14:46:40.698+01:00  INFO 5134 --- [pool-3-thread-9] tourGuide.service.RewardsService         : nearAttraction called with Flowers Bakery of London
2023-01-20T14:46:40.701+01:00  INFO 5134 --- [ool-3-thread-31] tourGuide.service.RewardsService         : getDistance called
2023-01-20T14:46:40.701+01:00  INFO 5134 --- [pool-3-thread-9] tourGuide.service.RewardsService         : getDistance called
2023-01-20T14:46:40.698+01:00  INFO 5134 --- [ool-3-thread-41] tourGuide.service.RewardsService         : nearAttraction called with Flatiron Building
2023-01-20T14:46:40.701+01:00  INFO 5134 --- [ool-3-thread-31] tourGuide.service.RewardsService         : nearAttraction called with Texas Memorial Stadium
2023-01-20T14:46:40.701+01:00  INFO 5134 --- [pool-3-thread-9] tourGuide.service.RewardsService         : nearAttraction called with Bryant-Denny Stadium
2023-01-20T14:46:40.701+01:00  INFO 5134 --- [ool-3-thread-31] tourGuide.service.RewardsService         : getDistance called
2023-01-20T14:46:40.701+01:00  INFO 5134 --- [pool-3-thread-9] tourGuide.service.RewardsService         : getDistance called
2023-01-20T14:46:40.698+01:00  INFO 5134 --- [ool-3-thread-51] tourGuide.service.RewardsService         : nearAttraction called with Fallingwater
2023-01-20T14:46:40.698+01:00  INFO 5134 --- [ool-3-thread-15] tourGuide.service.RewardsService         : getDistance called
2023-01-20T14:46:40.698+01:00  INFO 5134 --- [ool-3-thread-23] tourGuide.service.RewardsService         : getDistance called
2023-01-20T14:46:40.698+01:00  INFO 5134 --- [ool-3-thread-37] tourGuide.service.RewardsService         : nearAttraction called with Roger Dean Stadium
2023-01-20T14:46:40.698+01:00  INFO 5134 --- [ool-3-thread-22] tourGuide.service.RewardsService         : getDistance called
2023-01-20T14:46:40.702+01:00  INFO 5134 --- [ool-3-thread-37] tourGuide.service.RewardsService         : getDistance called
2023-01-20T14:46:40.698+01:00  INFO 5134 --- [ool-3-thread-57] tourGuide.service.RewardsService         : getRewardPoints called with Disneyland and internalUser78
2023-01-20T14:46:40.702+01:00  INFO 5134 --- [ool-3-thread-22] tourGuide.service.RewardsService         : nearAttraction called with Zoo Tampa at Lowry Park
2023-01-20T14:46:40.702+01:00  INFO 5134 --- [ool-3-thread-37] tourGuide.service.RewardsService         : nearAttraction called with Franklin Park Zoo
2023-01-20T14:46:40.699+01:00  INFO 5134 --- [pool-3-thread-6] tourGuide.service.RewardsService         : nearAttraction called with Tiger Stadium
2023-01-20T14:46:40.702+01:00  INFO 5134 --- [ool-3-thread-37] tourGuide.service.RewardsService         : getDistance called
2023-01-20T14:46:40.699+01:00  INFO 5134 --- [ool-3-thread-40] tourGuide.service.RewardsService         : nearAttraction called with Neyland Stadium
2023-01-20T14:46:40.699+01:00  INFO 5134 --- [ool-3-thread-60] tourGuide.service.RewardsService         : getDistance called
2023-01-20T14:46:40.702+01:00  INFO 5134 --- [ool-3-thread-40] tourGuide.service.RewardsService         : getDistance called
2023-01-20T14:46:40.699+01:00  INFO 5134 --- [ool-3-thread-48] tourGuide.service.RewardsService         : getDistance called
2023-01-20T14:46:40.702+01:00  INFO 5134 --- [ool-3-thread-60] tourGuide.service.RewardsService         : nearAttraction called with Kansas City Zoo
2023-01-20T14:46:40.702+01:00  INFO 5134 --- [ool-3-thread-40] tourGuide.service.RewardsService         : nearAttraction called with Bronx Zoo
2023-01-20T14:46:40.702+01:00  INFO 5134 --- [ool-3-thread-60] tourGuide.service.RewardsService         : getDistance called
2023-01-20T14:46:40.702+01:00  INFO 5134 --- [ool-3-thread-40] tourGuide.service.RewardsService         : getDistance called
2023-01-20T14:46:40.699+01:00  INFO 5134 --- [ool-3-thread-67] tourGuide.service.RewardsService         : getDistance called
2023-01-20T14:46:40.699+01:00  INFO 5134 --- [ool-3-thread-24] tourGuide.service.RewardsService         : getDistance called
2023-01-20T14:46:40.699+01:00  INFO 5134 --- [pool-3-thread-7] tourGuide.service.RewardsService         : nearAttraction called with Zoo Tampa at Lowry Park
2023-01-20T14:46:40.702+01:00  INFO 5134 --- [ool-3-thread-67] tourGuide.service.RewardsService         : nearAttraction called with Mojave National Preserve
2023-01-20T14:46:40.699+01:00  INFO 5134 --- [ool-3-thread-33] tourGuide.service.RewardsService         : nearAttraction called with El Paso Zoo
2023-01-20T14:46:40.702+01:00  INFO 5134 --- [ool-3-thread-67] tourGuide.service.RewardsService         : getDistance called
2023-01-20T14:46:40.699+01:00  INFO 5134 --- [ool-3-thread-54] tourGuide.service.RewardsService         : nearAttraction called with Kansas City Zoo
2023-01-20T14:46:40.699+01:00  INFO 5134 --- [ool-3-thread-52] tourGuide.service.RewardsService         : getDistance called
2023-01-20T14:46:40.702+01:00  INFO 5134 --- [ool-3-thread-54] tourGuide.service.RewardsService         : getDistance called
2023-01-20T14:46:40.699+01:00  INFO 5134 --- [pool-3-thread-4] tourGuide.service.RewardsService         : nearAttraction called with Cinderella Castle
2023-01-20T14:46:40.699+01:00  INFO 5134 --- [ool-3-thread-28] tourGuide.service.RewardsService         : nearAttraction called with Disneyland
2023-01-20T14:46:40.699+01:00  INFO 5134 --- [pool-3-thread-5] tourGuide.service.RewardsService         : nearAttraction called with Jackson Hole
2023-01-20T14:46:40.702+01:00  INFO 5134 --- [ool-3-thread-28] tourGuide.service.RewardsService         : getDistance called
2023-01-20T14:46:40.699+01:00  INFO 5134 --- [ool-3-thread-44] tourGuide.service.RewardsService         : getDistance called
2023-01-20T14:46:40.702+01:00  INFO 5134 --- [ool-3-thread-28] tourGuide.service.RewardsService         : getRewardPoints called with Disneyland and internalUser76
2023-01-20T14:46:40.699+01:00  INFO 5134 --- [pool-3-thread-8] tourGuide.service.RewardsService         : nearAttraction called with Joshua Tree National Park
2023-01-20T14:46:40.702+01:00  INFO 5134 --- [ool-3-thread-44] tourGuide.service.RewardsService         : nearAttraction called with Legend Valley
2023-01-20T14:46:40.702+01:00  INFO 5134 --- [pool-3-thread-8] tourGuide.service.RewardsService         : getDistance called
2023-01-20T14:46:40.702+01:00  INFO 5134 --- [ool-3-thread-44] tourGuide.service.RewardsService         : getDistance called
2023-01-20T14:46:40.699+01:00  INFO 5134 --- [ool-3-thread-56] tourGuide.service.RewardsService         : nearAttraction called with Buffalo National River
2023-01-20T14:46:40.702+01:00  INFO 5134 --- [pool-3-thread-8] tourGuide.service.RewardsService         : nearAttraction called with Flowers Bakery of London
2023-01-20T14:46:40.702+01:00  INFO 5134 --- [ool-3-thread-56] tourGuide.service.RewardsService         : getDistance called
2023-01-20T14:46:40.699+01:00  INFO 5134 --- [ool-3-thread-21] tourGuide.service.RewardsService         : getDistance called
2023-01-20T14:46:40.699+01:00  INFO 5134 --- [ool-3-thread-18] tourGuide.service.RewardsService         : getDistance called
2023-01-20T14:46:40.699+01:00  INFO 5134 --- [ool-3-thread-47] tourGuide.service.RewardsService         : nearAttraction called with Kartchner Caverns State Park
2023-01-20T14:46:40.702+01:00  INFO 5134 --- [ool-3-thread-21] tourGuide.service.RewardsService         : nearAttraction called with Fallingwater
2023-01-20T14:46:40.702+01:00  INFO 5134 --- [ool-3-thread-18] tourGuide.service.RewardsService         : nearAttraction called with Union Station
2023-01-20T14:46:40.699+01:00  INFO 5134 --- [ool-3-thread-39] tourGuide.service.RewardsService         : nearAttraction called with Legend Valley
2023-01-20T14:46:40.703+01:00  INFO 5134 --- [ool-3-thread-21] tourGuide.service.RewardsService         : getDistance called
2023-01-20T14:46:40.699+01:00  INFO 5134 --- [ool-3-thread-34] tourGuide.service.RewardsService         : nearAttraction called with Flowers Bakery of London
2023-01-20T14:46:40.699+01:00  INFO 5134 --- [ool-3-thread-35] tourGuide.service.RewardsService         : getDistance called
2023-01-20T14:46:40.703+01:00  INFO 5134 --- [ool-3-thread-34] tourGuide.service.RewardsService         : getDistance called
2023-01-20T14:46:40.700+01:00  INFO 5134 --- [ool-3-thread-25] tourGuide.service.RewardsService         : nearAttraction called with McKinley Tower
2023-01-20T14:46:40.703+01:00  INFO 5134 --- [ool-3-thread-35] tourGuide.service.RewardsService         : nearAttraction called with Texas Memorial Stadium
2023-01-20T14:46:40.703+01:00  INFO 5134 --- [ool-3-thread-25] tourGuide.service.RewardsService         : getDistance called
2023-01-20T14:46:40.703+01:00  INFO 5134 --- [ool-3-thread-35] tourGuide.service.RewardsService         : getDistance called
2023-01-20T14:46:40.700+01:00  INFO 5134 --- [ool-3-thread-16] tourGuide.service.RewardsService         : nearAttraction called with Fallingwater
2023-01-20T14:46:40.700+01:00  INFO 5134 --- [ool-3-thread-42] tourGuide.service.RewardsService         : getDistance called
2023-01-20T14:46:40.703+01:00  INFO 5134 --- [ool-3-thread-16] tourGuide.service.RewardsService         : getDistance called
2023-01-20T14:46:40.700+01:00  INFO 5134 --- [pool-3-thread-3] tourGuide.service.RewardsService         : getDistance called
2023-01-20T14:46:40.703+01:00  INFO 5134 --- [ool-3-thread-16] tourGuide.service.RewardsService         : nearAttraction called with San Diego Zoo
2023-01-20T14:46:40.700+01:00  INFO 5134 --- [ool-3-thread-46] tourGuide.service.RewardsService         : getRewardPoints called with Disneyland and internalUser74
2023-01-20T14:46:40.703+01:00  INFO 5134 --- [ool-3-thread-16] tourGuide.service.RewardsService         : getDistance called
2023-01-20T14:46:40.700+01:00  INFO 5134 --- [ool-3-thread-14] tourGuide.service.RewardsService         : getDistance called
2023-01-20T14:46:40.700+01:00  INFO 5134 --- [ool-3-thread-65] tourGuide.service.RewardsService         : nearAttraction called with Union Station
2023-01-20T14:46:40.700+01:00  INFO 5134 --- [ool-3-thread-49] tourGuide.service.RewardsService         : nearAttraction called with Texas Memorial Stadium
2023-01-20T14:46:40.703+01:00  INFO 5134 --- [ool-3-thread-65] tourGuide.service.RewardsService         : getDistance called
2023-01-20T14:46:40.700+01:00  INFO 5134 --- [ool-3-thread-32] tourGuide.service.RewardsService         : getDistance called
2023-01-20T14:46:40.700+01:00  INFO 5134 --- [ool-3-thread-64] tourGuide.service.RewardsService         : nearAttraction called with Bryant-Denny Stadium
2023-01-20T14:46:40.700+01:00  INFO 5134 --- [pool-3-thread-2] tourGuide.service.RewardsService         : getDistance called
2023-01-20T14:46:40.703+01:00  INFO 5134 --- [ool-3-thread-64] tourGuide.service.RewardsService         : getDistance called
2023-01-20T14:46:40.700+01:00  INFO 5134 --- [ool-3-thread-62] tourGuide.service.RewardsService         : nearAttraction called with Tiger Stadium
2023-01-20T14:46:40.703+01:00  INFO 5134 --- [pool-3-thread-2] tourGuide.service.RewardsService         : nearAttraction called with Cinderella Castle
2023-01-20T14:46:40.703+01:00  INFO 5134 --- [ool-3-thread-64] tourGuide.service.RewardsService         : nearAttraction called with Disneyland
2023-01-20T14:46:40.703+01:00  INFO 5134 --- [pool-3-thread-2] tourGuide.service.RewardsService         : getDistance called
2023-01-20T14:46:40.700+01:00  INFO 5134 --- [ool-3-thread-55] tourGuide.service.RewardsService         : nearAttraction called with Kyle Field
2023-01-20T14:46:40.700+01:00  INFO 5134 --- [ool-3-thread-68] tourGuide.service.RewardsService         : getDistance called
2023-01-20T14:46:40.703+01:00  INFO 5134 --- [ool-3-thread-55] tourGuide.service.RewardsService         : getDistance called
2023-01-20T14:46:40.700+01:00  INFO 5134 --- [ool-3-thread-66] tourGuide.service.RewardsService         : nearAttraction called with Zoo Tampa at Lowry Park
2023-01-20T14:46:40.700+01:00  INFO 5134 --- [ool-3-thread-58] tourGuide.service.RewardsService         : nearAttraction called with Franklin Park Zoo
2023-01-20T14:46:40.700+01:00  INFO 5134 --- [ool-3-thread-53] tourGuide.service.RewardsService         : getDistance called
2023-01-20T14:46:40.703+01:00  INFO 5134 --- [ool-3-thread-58] tourGuide.service.RewardsService         : getDistance called
2023-01-20T14:46:40.700+01:00  INFO 5134 --- [ool-3-thread-69] tourGuide.service.RewardsService         : nearAttraction called with Bronx Zoo
2023-01-20T14:46:40.703+01:00  INFO 5134 --- [ool-3-thread-53] tourGuide.service.RewardsService         : nearAttraction called with Buffalo National River
2023-01-20T14:46:40.703+01:00  INFO 5134 --- [ool-3-thread-69] tourGuide.service.RewardsService         : getDistance called
2023-01-20T14:46:40.703+01:00  INFO 5134 --- [ool-3-thread-53] tourGuide.service.RewardsService         : getDistance called
2023-01-20T14:46:40.700+01:00  INFO 5134 --- [ool-3-thread-19] tourGuide.service.RewardsService         : nearAttraction called with Cinderella Castle
2023-01-20T14:46:40.700+01:00  INFO 5134 --- [ool-3-thread-17] tourGuide.service.RewardsService         : getDistance called
2023-01-20T14:46:40.704+01:00  INFO 5134 --- [ool-3-thread-19] tourGuide.service.RewardsService         : getDistance called
2023-01-20T14:46:40.700+01:00  INFO 5134 --- [pool-3-thread-1] tourGuide.service.RewardsService         : getDistance called
2023-01-20T14:46:40.701+01:00  INFO 5134 --- [ool-3-thread-11] tourGuide.service.RewardsService         : nearAttraction called with Jackson Hole
2023-01-20T14:46:40.704+01:00  INFO 5134 --- [pool-3-thread-1] tourGuide.service.RewardsService         : getRewardPoints called with Disneyland and internalUser75
2023-01-20T14:46:40.701+01:00  INFO 5134 --- [ool-3-thread-20] tourGuide.service.RewardsService         : getDistance called
2023-01-20T14:46:40.701+01:00  INFO 5134 --- [ool-3-thread-59] tourGuide.service.RewardsService         : nearAttraction called with Joshua Tree National Park
2023-01-20T14:46:40.701+01:00  INFO 5134 --- [ool-3-thread-13] tourGuide.service.RewardsService         : getDistance called
2023-01-20T14:46:40.701+01:00  INFO 5134 --- [ool-3-thread-70] tourGuide.service.RewardsService         : nearAttraction called with Buffalo National River
2023-01-20T14:46:40.701+01:00  INFO 5134 --- [ool-3-thread-10] tourGuide.service.RewardsService         : nearAttraction called with Kartchner Caverns State Park
2023-01-20T14:46:40.704+01:00  INFO 5134 --- [ool-3-thread-70] tourGuide.service.RewardsService         : getDistance called
2023-01-20T14:46:40.701+01:00  INFO 5134 --- [ool-3-thread-30] tourGuide.service.RewardsService         : getDistance called
2023-01-20T14:46:40.704+01:00  INFO 5134 --- [ool-3-thread-10] tourGuide.service.RewardsService         : getDistance called
2023-01-20T14:46:40.704+01:00  INFO 5134 --- [ool-3-thread-70] tourGuide.service.RewardsService         : nearAttraction called with Union Station
2023-01-20T14:46:40.701+01:00  INFO 5134 --- [ool-3-thread-36] tourGuide.service.RewardsService         : getDistance called
2023-01-20T14:46:40.704+01:00  INFO 5134 --- [ool-3-thread-10] tourGuide.service.RewardsService         : nearAttraction called with Texas Memorial Stadium
2023-01-20T14:46:40.701+01:00  INFO 5134 --- [ool-3-thread-29] tourGuide.service.RewardsService         : getDistance called
2023-01-20T14:46:40.701+01:00  INFO 5134 --- [ool-3-thread-27] tourGuide.service.RewardsService         : getDistance called
2023-01-20T14:46:40.704+01:00  INFO 5134 --- [ool-3-thread-29] tourGuide.service.RewardsService         : getRewardPoints called with Disneyland and internalUser73
2023-01-20T14:46:40.701+01:00  INFO 5134 --- [ool-3-thread-63] tourGuide.service.RewardsService         : getDistance called
2023-01-20T14:46:40.701+01:00  INFO 5134 --- [ool-3-thread-12] tourGuide.service.RewardsService         : nearAttraction called with Flatiron Building
2023-01-20T14:46:40.701+01:00  INFO 5134 --- [ool-3-thread-61] tourGuide.service.RewardsService         : nearAttraction called with Fallingwater
2023-01-20T14:46:40.704+01:00  INFO 5134 --- [ool-3-thread-12] tourGuide.service.RewardsService         : getDistance called
2023-01-20T14:46:40.704+01:00  INFO 5134 --- [ool-3-thread-61] tourGuide.service.RewardsService         : getDistance called
2023-01-20T14:46:40.701+01:00  INFO 5134 --- [ool-3-thread-26] tourGuide.service.RewardsService         : getDistance called
2023-01-20T14:46:40.701+01:00  INFO 5134 --- [ool-3-thread-38] tourGuide.service.RewardsService         : nearAttraction called with Union Station
2023-01-20T14:46:40.701+01:00  INFO 5134 --- [ool-3-thread-43] tourGuide.service.RewardsService         : nearAttraction called with Roger Dean Stadium
2023-01-20T14:46:40.701+01:00  INFO 5134 --- [ool-3-thread-41] tourGuide.service.RewardsService         : getDistance called
2023-01-20T14:46:40.704+01:00  INFO 5134 --- [ool-3-thread-43] tourGuide.service.RewardsService         : getDistance called
2023-01-20T14:46:40.701+01:00  INFO 5134 --- [ool-3-thread-31] tourGuide.service.RewardsService         : nearAttraction called with Tiger Stadium
2023-01-20T14:46:40.704+01:00  INFO 5134 --- [ool-3-thread-41] tourGuide.service.RewardsService         : nearAttraction called with Franklin Park Zoo
2023-01-20T14:46:40.701+01:00  INFO 5134 --- [pool-3-thread-9] tourGuide.service.RewardsService         : nearAttraction called with Neyland Stadium
2023-01-20T14:46:40.704+01:00  INFO 5134 --- [ool-3-thread-41] tourGuide.service.RewardsService         : getDistance called
2023-01-20T14:46:40.704+01:00  INFO 5134 --- [pool-3-thread-9] tourGuide.service.RewardsService         : getDistance called
2023-01-20T14:46:40.701+01:00  INFO 5134 --- [ool-3-thread-51] tourGuide.service.RewardsService         : getDistance called
2023-01-20T14:46:40.702+01:00  INFO 5134 --- [ool-3-thread-15] tourGuide.service.RewardsService         : nearAttraction called with Kyle Field
2023-01-20T14:46:40.702+01:00  INFO 5134 --- [ool-3-thread-23] tourGuide.service.RewardsService         : nearAttraction called with San Diego Zoo
2023-01-20T14:46:40.704+01:00  INFO 5134 --- [ool-3-thread-15] tourGuide.service.RewardsService         : getDistance called
2023-01-20T14:46:40.704+01:00  INFO 5134 --- [ool-3-thread-23] tourGuide.service.RewardsService         : getDistance called
2023-01-20T14:46:40.702+01:00  INFO 5134 --- [ool-3-thread-22] tourGuide.service.RewardsService         : getDistance called
2023-01-20T14:46:40.702+01:00  INFO 5134 --- [pool-3-thread-6] tourGuide.service.RewardsService         : getDistance called
2023-01-20T14:46:40.702+01:00  INFO 5134 --- [ool-3-thread-37] tourGuide.service.RewardsService         : nearAttraction called with El Paso Zoo
2023-01-20T14:46:40.702+01:00  INFO 5134 --- [ool-3-thread-48] tourGuide.service.RewardsService         : nearAttraction called with Cinderella Castle
2023-01-20T14:46:40.702+01:00  INFO 5134 --- [ool-3-thread-60] tourGuide.service.RewardsService         : nearAttraction called with Disneyland
2023-01-20T14:46:40.705+01:00  INFO 5134 --- [ool-3-thread-48] tourGuide.service.RewardsService         : getDistance called
2023-01-20T14:46:40.702+01:00  INFO 5134 --- [ool-3-thread-40] tourGuide.service.RewardsService         : nearAttraction called with Jackson Hole
2023-01-20T14:46:40.702+01:00  INFO 5134 --- [ool-3-thread-24] tourGuide.service.RewardsService         : nearAttraction called with Joshua Tree National Park
2023-01-20T14:46:40.705+01:00  INFO 5134 --- [ool-3-thread-40] tourGuide.service.RewardsService         : getDistance called
2023-01-20T14:46:40.705+01:00  INFO 5134 --- [ool-3-thread-24] tourGuide.service.RewardsService         : getDistance called
2023-01-20T14:46:40.702+01:00  INFO 5134 --- [pool-3-thread-7] tourGuide.service.RewardsService         : getDistance called
2023-01-20T14:46:40.705+01:00  INFO 5134 --- [ool-3-thread-40] tourGuide.service.RewardsService         : nearAttraction called with Hot Springs National Park
2023-01-20T14:46:40.702+01:00  INFO 5134 --- [ool-3-thread-33] tourGuide.service.RewardsService         : getDistance called
2023-01-20T14:46:40.705+01:00  INFO 5134 --- [ool-3-thread-40] tourGuide.service.RewardsService         : getDistance called
2023-01-20T14:46:40.702+01:00  INFO 5134 --- [ool-3-thread-67] tourGuide.service.RewardsService         : nearAttraction called with Buffalo National River
2023-01-20T14:46:40.702+01:00  INFO 5134 --- [ool-3-thread-54] tourGuide.service.RewardsService         : nearAttraction called with Kartchner Caverns State Park
2023-01-20T14:46:40.705+01:00  INFO 5134 --- [ool-3-thread-67] tourGuide.service.RewardsService         : getDistance called
2023-01-20T14:46:40.705+01:00  INFO 5134 --- [ool-3-thread-54] tourGuide.service.RewardsService         : getDistance called
2023-01-20T14:46:40.702+01:00  INFO 5134 --- [pool-3-thread-4] tourGuide.service.RewardsService         : getDistance called
2023-01-20T14:46:40.705+01:00  INFO 5134 --- [ool-3-thread-67] tourGuide.service.RewardsService         : nearAttraction called with Flatiron Building
2023-01-20T14:46:40.702+01:00  INFO 5134 --- [ool-3-thread-52] tourGuide.service.RewardsService         : nearAttraction called with Hot Springs National Park
2023-01-20T14:46:40.705+01:00  INFO 5134 --- [pool-3-thread-4] tourGuide.service.RewardsService         : nearAttraction called with Union Station
2023-01-20T14:46:40.705+01:00  INFO 5134 --- [ool-3-thread-52] tourGuide.service.RewardsService         : getDistance called
2023-01-20T14:46:40.705+01:00  INFO 5134 --- [pool-3-thread-4] tourGuide.service.RewardsService         : getDistance called
2023-01-20T14:46:40.702+01:00  INFO 5134 --- [pool-3-thread-5] tourGuide.service.RewardsService         : getDistance called
2023-01-20T14:46:40.702+01:00  INFO 5134 --- [ool-3-thread-44] tourGuide.service.RewardsService         : nearAttraction called with McKinley Tower
2023-01-20T14:46:40.702+01:00  INFO 5134 --- [pool-3-thread-8] tourGuide.service.RewardsService         : getDistance called
2023-01-20T14:46:40.702+01:00  INFO 5134 --- [ool-3-thread-56] tourGuide.service.RewardsService         : nearAttraction called with Flatiron Building
2023-01-20T14:46:40.702+01:00  INFO 5134 --- [ool-3-thread-47] tourGuide.service.RewardsService         : getDistance called
2023-01-20T14:46:40.705+01:00  INFO 5134 --- [ool-3-thread-56] tourGuide.service.RewardsService         : getDistance called
2023-01-20T14:46:40.703+01:00  INFO 5134 --- [ool-3-thread-39] tourGuide.service.RewardsService         : getDistance called
2023-01-20T14:46:40.703+01:00  INFO 5134 --- [ool-3-thread-18] tourGuide.service.RewardsService         : getDistance called
2023-01-20T14:46:40.705+01:00  INFO 5134 --- [ool-3-thread-56] tourGuide.service.RewardsService         : nearAttraction called with Kyle Field
2023-01-20T14:46:40.705+01:00  INFO 5134 --- [ool-3-thread-39] tourGuide.service.RewardsService         : nearAttraction called with San Diego Zoo
2023-01-20T14:46:40.703+01:00  INFO 5134 --- [ool-3-thread-21] tourGuide.service.RewardsService         : nearAttraction called with Roger Dean Stadium
2023-01-20T14:46:40.705+01:00  INFO 5134 --- [ool-3-thread-56] tourGuide.service.RewardsService         : getDistance called
2023-01-20T14:46:40.703+01:00  INFO 5134 --- [ool-3-thread-34] tourGuide.service.RewardsService         : nearAttraction called with Bryant-Denny Stadium
2023-01-20T14:46:40.703+01:00  INFO 5134 --- [ool-3-thread-25] tourGuide.service.RewardsService         : nearAttraction called with Tiger Stadium
2023-01-20T14:46:40.705+01:00  INFO 5134 --- [ool-3-thread-34] tourGuide.service.RewardsService         : getDistance called
2023-01-20T14:46:40.703+01:00  INFO 5134 --- [ool-3-thread-35] tourGuide.service.RewardsService         : nearAttraction called with Neyland Stadium
2023-01-20T14:46:40.703+01:00  INFO 5134 --- [ool-3-thread-42] tourGuide.service.RewardsService         : nearAttraction called with Kyle Field
2023-01-20T14:46:40.703+01:00  INFO 5134 --- [pool-3-thread-3] tourGuide.service.RewardsService         : nearAttraction called with Zoo Tampa at Lowry Park
2023-01-20T14:46:40.706+01:00  INFO 5134 --- [ool-3-thread-35] tourGuide.service.RewardsService         : getDistance called
2023-01-20T14:46:40.703+01:00  INFO 5134 --- [ool-3-thread-16] tourGuide.service.RewardsService         : nearAttraction called with Franklin Park Zoo
2023-01-20T14:46:40.706+01:00  INFO 5134 --- [pool-3-thread-3] tourGuide.service.RewardsService         : getDistance called
2023-01-20T14:46:40.703+01:00  INFO 5134 --- [ool-3-thread-14] tourGuide.service.RewardsService         : nearAttraction called with El Paso Zoo
2023-01-20T14:46:40.703+01:00  INFO 5134 --- [ool-3-thread-49] tourGuide.service.RewardsService         : getDistance called
2023-01-20T14:46:40.706+01:00  INFO 5134 --- [ool-3-thread-14] tourGuide.service.RewardsService         : getDistance called
2023-01-20T14:46:40.703+01:00  INFO 5134 --- [ool-3-thread-65] tourGuide.service.RewardsService         : nearAttraction called with Kansas City Zoo
2023-01-20T14:46:40.706+01:00  INFO 5134 --- [ool-3-thread-49] tourGuide.service.RewardsService         : nearAttraction called with Cinderella Castle
2023-01-20T14:46:40.703+01:00  INFO 5134 --- [ool-3-thread-32] tourGuide.service.RewardsService         : nearAttraction called with Bronx Zoo
2023-01-20T14:46:40.703+01:00  INFO 5134 --- [ool-3-thread-62] tourGuide.service.RewardsService         : getDistance called
2023-01-20T14:46:40.706+01:00  INFO 5134 --- [ool-3-thread-32] tourGuide.service.RewardsService         : getDistance called
2023-01-20T14:46:40.703+01:00  INFO 5134 --- [ool-3-thread-64] tourGuide.service.RewardsService         : getDistance called
2023-01-20T14:46:40.706+01:00  INFO 5134 --- [ool-3-thread-62] tourGuide.service.RewardsService         : nearAttraction called with Jackson Hole
2023-01-20T14:46:40.706+01:00  INFO 5134 --- [ool-3-thread-32] tourGuide.service.RewardsService         : nearAttraction called with Mojave National Preserve
2023-01-20T14:46:40.706+01:00  INFO 5134 --- [ool-3-thread-64] tourGuide.service.RewardsService         : getRewardPoints called with Disneyland and internalUser72
2023-01-20T14:46:40.706+01:00  INFO 5134 --- [ool-3-thread-32] tourGuide.service.RewardsService         : getDistance called
2023-01-20T14:46:40.703+01:00  INFO 5134 --- [pool-3-thread-2] tourGuide.service.RewardsService         : nearAttraction called with Jackson Hole
2023-01-20T14:46:40.706+01:00  INFO 5134 --- [ool-3-thread-32] tourGuide.service.RewardsService         : nearAttraction called with Joshua Tree National Park
2023-01-20T14:46:40.703+01:00  INFO 5134 --- [ool-3-thread-68] tourGuide.service.RewardsService         : nearAttraction called with Mojave National Preserve
2023-01-20T14:46:40.706+01:00  INFO 5134 --- [ool-3-thread-32] tourGuide.service.RewardsService         : getDistance called
2023-01-20T14:46:40.703+01:00  INFO 5134 --- [ool-3-thread-55] tourGuide.service.RewardsService         : nearAttraction called with Joshua Tree National Park
2023-01-20T14:46:40.703+01:00  INFO 5134 --- [ool-3-thread-66] tourGuide.service.RewardsService         : getDistance called
2023-01-20T14:46:40.706+01:00  INFO 5134 --- [ool-3-thread-68] tourGuide.service.RewardsService         : getDistance called
2023-01-20T14:46:40.703+01:00  INFO 5134 --- [ool-3-thread-58] tourGuide.service.RewardsService         : nearAttraction called with Hot Springs National Park
2023-01-20T14:46:40.706+01:00  INFO 5134 --- [ool-3-thread-66] tourGuide.service.RewardsService         : nearAttraction called with Hot Springs National Park
2023-01-20T14:46:40.704+01:00  INFO 5134 --- [ool-3-thread-69] tourGuide.service.RewardsService         : nearAttraction called with Kartchner Caverns State Park
2023-01-20T14:46:40.706+01:00  INFO 5134 --- [ool-3-thread-66] tourGuide.service.RewardsService         : getDistance called
2023-01-20T14:46:40.704+01:00  INFO 5134 --- [ool-3-thread-53] tourGuide.service.RewardsService         : nearAttraction called with Legend Valley
2023-01-20T14:46:40.704+01:00  INFO 5134 --- [ool-3-thread-17] tourGuide.service.RewardsService         : nearAttraction called with Flowers Bakery of London
2023-01-20T14:46:40.704+01:00  INFO 5134 --- [ool-3-thread-19] tourGuide.service.RewardsService         : nearAttraction called with McKinley Tower
2023-01-20T14:46:40.706+01:00  INFO 5134 --- [ool-3-thread-17] tourGuide.service.RewardsService         : getDistance called
2023-01-20T14:46:40.706+01:00  INFO 5134 --- [ool-3-thread-19] tourGuide.service.RewardsService         : getDistance called
2023-01-20T14:46:40.704+01:00  INFO 5134 --- [ool-3-thread-11] tourGuide.service.RewardsService         : getDistance called
2023-01-20T14:46:40.706+01:00  INFO 5134 --- [ool-3-thread-17] tourGuide.service.RewardsService         : nearAttraction called with Flowers Bakery of London
2023-01-20T14:46:40.704+01:00  INFO 5134 --- [ool-3-thread-20] tourGuide.service.RewardsService         : nearAttraction called with Flatiron Building
2023-01-20T14:46:40.706+01:00  INFO 5134 --- [ool-3-thread-11] tourGuide.service.RewardsService         : nearAttraction called with Flatiron Building
2023-01-20T14:46:40.706+01:00  INFO 5134 --- [ool-3-thread-20] tourGuide.service.RewardsService         : getDistance called
2023-01-20T14:46:40.704+01:00  INFO 5134 --- [ool-3-thread-59] tourGuide.service.RewardsService         : getDistance called
2023-01-20T14:46:40.704+01:00  INFO 5134 --- [ool-3-thread-13] tourGuide.service.RewardsService         : nearAttraction called with Fallingwater
2023-01-20T14:46:40.704+01:00  INFO 5134 --- [ool-3-thread-30] tourGuide.service.RewardsService         : nearAttraction called with Roger Dean Stadium
2023-01-20T14:46:40.706+01:00  INFO 5134 --- [ool-3-thread-13] tourGuide.service.RewardsService         : getDistance called
2023-01-20T14:46:40.704+01:00  INFO 5134 --- [ool-3-thread-70] tourGuide.service.RewardsService         : getDistance called
2023-01-20T14:46:40.704+01:00  INFO 5134 --- [ool-3-thread-36] tourGuide.service.RewardsService         : nearAttraction called with Bryant-Denny Stadium
2023-01-20T14:46:40.704+01:00  INFO 5134 --- [ool-3-thread-10] tourGuide.service.RewardsService         : getDistance called
2023-01-20T14:46:40.704+01:00  INFO 5134 --- [ool-3-thread-27] tourGuide.service.RewardsService         : nearAttraction called with Tiger Stadium
2023-01-20T14:46:40.707+01:00  INFO 5134 --- [ool-3-thread-36] tourGuide.service.RewardsService         : getDistance called
2023-01-20T14:46:40.707+01:00  INFO 5134 --- [ool-3-thread-10] tourGuide.service.RewardsService         : nearAttraction called with Bryant-Denny Stadium
2023-01-20T14:46:40.704+01:00  INFO 5134 --- [ool-3-thread-63] tourGuide.service.RewardsService         : nearAttraction called with Neyland Stadium
2023-01-20T14:46:40.707+01:00  INFO 5134 --- [ool-3-thread-10] tourGuide.service.RewardsService         : getDistance called
2023-01-20T14:46:40.704+01:00  INFO 5134 --- [ool-3-thread-12] tourGuide.service.RewardsService         : nearAttraction called with Kyle Field
2023-01-20T14:46:40.704+01:00  INFO 5134 --- [ool-3-thread-61] tourGuide.service.RewardsService         : nearAttraction called with San Diego Zoo
2023-01-20T14:46:40.707+01:00  INFO 5134 --- [ool-3-thread-12] tourGuide.service.RewardsService         : getDistance called
2023-01-20T14:46:40.704+01:00  INFO 5134 --- [ool-3-thread-26] tourGuide.service.RewardsService         : nearAttraction called with Zoo Tampa at Lowry Park
2023-01-20T14:46:40.704+01:00  INFO 5134 --- [ool-3-thread-38] tourGuide.service.RewardsService         : getDistance called
2023-01-20T14:46:40.704+01:00  INFO 5134 --- [ool-3-thread-43] tourGuide.service.RewardsService         : nearAttraction called with El Paso Zoo
2023-01-20T14:46:40.707+01:00  INFO 5134 --- [ool-3-thread-43] tourGuide.service.RewardsService         : getDistance called
2023-01-20T14:46:40.704+01:00  INFO 5134 --- [ool-3-thread-31] tourGuide.service.RewardsService         : getDistance called
2023-01-20T14:46:40.704+01:00  INFO 5134 --- [ool-3-thread-41] tourGuide.service.RewardsService         : nearAttraction called with Kansas City Zoo
2023-01-20T14:46:40.707+01:00  INFO 5134 --- [ool-3-thread-43] tourGuide.service.RewardsService         : nearAttraction called with Zoo Tampa at Lowry Park
2023-01-20T14:46:40.707+01:00  INFO 5134 --- [ool-3-thread-41] tourGuide.service.RewardsService         : getDistance called
2023-01-20T14:46:40.707+01:00  INFO 5134 --- [ool-3-thread-43] tourGuide.service.RewardsService         : getDistance called
2023-01-20T14:46:40.704+01:00  INFO 5134 --- [pool-3-thread-9] tourGuide.service.RewardsService         : nearAttraction called with Bronx Zoo
2023-01-20T14:46:40.707+01:00  INFO 5134 --- [ool-3-thread-43] tourGuide.service.RewardsService         : nearAttraction called with Kansas City Zoo
2023-01-20T14:46:40.707+01:00  INFO 5134 --- [pool-3-thread-9] tourGuide.service.RewardsService         : getDistance called
2023-01-20T14:46:40.707+01:00  INFO 5134 --- [ool-3-thread-43] tourGuide.service.RewardsService         : getDistance called
2023-01-20T14:46:40.704+01:00  INFO 5134 --- [ool-3-thread-51] tourGuide.service.RewardsService         : nearAttraction called with Cinderella Castle
2023-01-20T14:46:40.707+01:00  INFO 5134 --- [pool-3-thread-9] tourGuide.service.RewardsService         : nearAttraction called with Bronx Zoo
2023-01-20T14:46:40.707+01:00  INFO 5134 --- [ool-3-thread-43] tourGuide.service.RewardsService         : nearAttraction called with Cinderella Castle
2023-01-20T14:46:40.707+01:00  INFO 5134 --- [ool-3-thread-51] tourGuide.service.RewardsService         : getDistance called
2023-01-20T14:46:40.707+01:00  INFO 5134 --- [ool-3-thread-43] tourGuide.service.RewardsService         : getDistance called
2023-01-20T14:46:40.705+01:00  INFO 5134 --- [ool-3-thread-15] tourGuide.service.RewardsService         : nearAttraction called with Disneyland
2023-01-20T14:46:40.705+01:00  INFO 5134 --- [ool-3-thread-23] tourGuide.service.RewardsService         : nearAttraction called with Jackson Hole
2023-01-20T14:46:40.705+01:00  INFO 5134 --- [ool-3-thread-22] tourGuide.service.RewardsService         : nearAttraction called with Mojave National Preserve
2023-01-20T14:46:40.707+01:00  INFO 5134 --- [ool-3-thread-23] tourGuide.service.RewardsService         : getDistance called
2023-01-20T14:46:40.705+01:00  INFO 5134 --- [pool-3-thread-6] tourGuide.service.RewardsService         : nearAttraction called with Joshua Tree National Park
2023-01-20T14:46:40.707+01:00  INFO 5134 --- [ool-3-thread-23] tourGuide.service.RewardsService         : nearAttraction called with Mojave National Preserve
2023-01-20T14:46:40.705+01:00  INFO 5134 --- [ool-3-thread-37] tourGuide.service.RewardsService         : getDistance called
2023-01-20T14:46:40.705+01:00  INFO 5134 --- [ool-3-thread-60] tourGuide.service.RewardsService         : getDistance called
2023-01-20T14:46:40.705+01:00  INFO 5134 --- [ool-3-thread-48] tourGuide.service.RewardsService         : nearAttraction called with Buffalo National River
2023-01-20T14:46:40.707+01:00  INFO 5134 --- [ool-3-thread-60] tourGuide.service.RewardsService         : getRewardPoints called with Disneyland and internalUser70
2023-01-20T14:46:40.705+01:00  INFO 5134 --- [ool-3-thread-24] tourGuide.service.RewardsService         : nearAttraction called with Kartchner Caverns State Park
2023-01-20T14:46:40.705+01:00  INFO 5134 --- [pool-3-thread-7] tourGuide.service.RewardsService         : nearAttraction called with Legend Valley
2023-01-20T14:46:40.708+01:00  INFO 5134 --- [ool-3-thread-24] tourGuide.service.RewardsService         : getDistance called
2023-01-20T14:46:40.708+01:00  INFO 5134 --- [pool-3-thread-7] tourGuide.service.RewardsService         : getDistance called
2023-01-20T14:46:40.705+01:00  INFO 5134 --- [ool-3-thread-33] tourGuide.service.RewardsService         : nearAttraction called with Flowers Bakery of London
2023-01-20T14:46:40.705+01:00  INFO 5134 --- [ool-3-thread-40] tourGuide.service.RewardsService         : nearAttraction called with McKinley Tower
2023-01-20T14:46:40.708+01:00  INFO 5134 --- [ool-3-thread-33] tourGuide.service.RewardsService         : getDistance called
2023-01-20T14:46:40.705+01:00  INFO 5134 --- [ool-3-thread-54] tourGuide.service.RewardsService         : nearAttraction called with Fallingwater
2023-01-20T14:46:40.705+01:00  INFO 5134 --- [ool-3-thread-67] tourGuide.service.RewardsService         : getDistance called
2023-01-20T14:46:40.708+01:00  INFO 5134 --- [ool-3-thread-54] tourGuide.service.RewardsService         : getDistance called
2023-01-20T14:46:40.705+01:00  INFO 5134 --- [ool-3-thread-52] tourGuide.service.RewardsService         : nearAttraction called with Roger Dean Stadium
2023-01-20T14:46:40.705+01:00  INFO 5134 --- [pool-3-thread-4] tourGuide.service.RewardsService         : nearAttraction called with Texas Memorial Stadium
2023-01-20T14:46:40.708+01:00  INFO 5134 --- [ool-3-thread-52] tourGuide.service.RewardsService         : getDistance called
2023-01-20T14:46:40.705+01:00  INFO 5134 --- [pool-3-thread-5] tourGuide.service.RewardsService         : nearAttraction called with Bryant-Denny Stadium
2023-01-20T14:46:40.705+01:00  INFO 5134 --- [ool-3-thread-44] tourGuide.service.RewardsService         : getDistance called
2023-01-20T14:46:40.705+01:00  INFO 5134 --- [ool-3-thread-47] tourGuide.service.RewardsService         : nearAttraction called with Neyland Stadium
2023-01-20T14:46:40.705+01:00  INFO 5134 --- [pool-3-thread-8] tourGuide.service.RewardsService         : nearAttraction called with Tiger Stadium
2023-01-20T14:46:40.708+01:00  INFO 5134 --- [ool-3-thread-47] tourGuide.service.RewardsService         : getDistance called
2023-01-20T14:46:40.708+01:00  INFO 5134 --- [pool-3-thread-8] tourGuide.service.RewardsService         : getDistance called
2023-01-20T14:46:40.705+01:00  INFO 5134 --- [ool-3-thread-18] tourGuide.service.RewardsService         : nearAttraction called with Zoo Tampa at Lowry Park
2023-01-20T14:46:40.705+01:00  INFO 5134 --- [ool-3-thread-39] tourGuide.service.RewardsService         : getDistance called
2023-01-20T14:46:40.708+01:00  INFO 5134 --- [ool-3-thread-18] tourGuide.service.RewardsService         : getDistance called
2023-01-20T14:46:40.705+01:00  INFO 5134 --- [ool-3-thread-21] tourGuide.service.RewardsService         : getDistance called
2023-01-20T14:46:40.708+01:00  INFO 5134 --- [ool-3-thread-39] tourGuide.service.RewardsService         : nearAttraction called with Roger Dean Stadium
2023-01-20T14:46:40.705+01:00  INFO 5134 --- [ool-3-thread-56] tourGuide.service.RewardsService         : nearAttraction called with Franklin Park Zoo
2023-01-20T14:46:40.708+01:00  INFO 5134 --- [ool-3-thread-21] tourGuide.service.RewardsService         : nearAttraction called with Bryant-Denny Stadium
2023-01-20T14:46:40.705+01:00  INFO 5134 --- [ool-3-thread-25] tourGuide.service.RewardsService         : getDistance called
2023-01-20T14:46:40.708+01:00  INFO 5134 --- [ool-3-thread-21] tourGuide.service.RewardsService         : getDistance called
2023-01-20T14:46:40.706+01:00  INFO 5134 --- [ool-3-thread-34] tourGuide.service.RewardsService         : nearAttraction called with El Paso Zoo
2023-01-20T14:46:40.706+01:00  INFO 5134 --- [ool-3-thread-42] tourGuide.service.RewardsService         : getDistance called
2023-01-20T14:46:40.708+01:00  INFO 5134 --- [ool-3-thread-34] tourGuide.service.RewardsService         : getDistance called
2023-01-20T14:46:40.706+01:00  INFO 5134 --- [ool-3-thread-16] tourGuide.service.RewardsService         : getDistance called
2023-01-20T14:46:40.706+01:00  INFO 5134 --- [ool-3-thread-35] tourGuide.service.RewardsService         : nearAttraction called with Kansas City Zoo
2023-01-20T14:46:40.706+01:00  INFO 5134 --- [pool-3-thread-3] tourGuide.service.RewardsService         : nearAttraction called with Bronx Zoo
2023-01-20T14:46:40.708+01:00  INFO 5134 --- [ool-3-thread-35] tourGuide.service.RewardsService         : getDistance called
2023-01-20T14:46:40.708+01:00  INFO 5134 --- [pool-3-thread-3] tourGuide.service.RewardsService         : getDistance called
2023-01-20T14:46:40.706+01:00  INFO 5134 --- [ool-3-thread-14] tourGuide.service.RewardsService         : nearAttraction called with Disneyland
2023-01-20T14:46:40.708+01:00  INFO 5134 --- [ool-3-thread-35] tourGuide.service.RewardsService         : nearAttraction called with Franklin Park Zoo
2023-01-20T14:46:40.708+01:00  INFO 5134 --- [pool-3-thread-3] tourGuide.service.RewardsService         : nearAttraction called with El Paso Zoo
2023-01-20T14:46:40.708+01:00  INFO 5134 --- [ool-3-thread-35] tourGuide.service.RewardsService         : getDistance called
2023-01-20T14:46:40.708+01:00  INFO 5134 --- [pool-3-thread-3] tourGuide.service.RewardsService         : getDistance called
2023-01-20T14:46:40.706+01:00  INFO 5134 --- [ool-3-thread-65] tourGuide.service.RewardsService         : getDistance called
2023-01-20T14:46:40.708+01:00  INFO 5134 --- [ool-3-thread-35] tourGuide.service.RewardsService         : nearAttraction called with Kansas City Zoo
2023-01-20T14:46:40.706+01:00  INFO 5134 --- [ool-3-thread-49] tourGuide.service.RewardsService         : getDistance called
2023-01-20T14:46:40.706+01:00  INFO 5134 --- [ool-3-thread-62] tourGuide.service.RewardsService         : getDistance called
2023-01-20T14:46:40.709+01:00  INFO 5134 --- [ool-3-thread-35] tourGuide.service.RewardsService         : getDistance called
2023-01-20T14:46:40.706+01:00  INFO 5134 --- [pool-3-thread-2] tourGuide.service.RewardsService         : getDistance called
2023-01-20T14:46:40.706+01:00  INFO 5134 --- [ool-3-thread-32] tourGuide.service.RewardsService         : nearAttraction called with Buffalo National River
2023-01-20T14:46:40.706+01:00  INFO 5134 --- [ool-3-thread-55] tourGuide.service.RewardsService         : getDistance called
2023-01-20T14:46:40.709+01:00  INFO 5134 --- [ool-3-thread-32] tourGuide.service.RewardsService         : getDistance called
2023-01-20T14:46:40.706+01:00  INFO 5134 --- [ool-3-thread-68] tourGuide.service.RewardsService         : nearAttraction called with Kartchner Caverns State Park
2023-01-20T14:46:40.709+01:00  INFO 5134 --- [ool-3-thread-55] tourGuide.service.RewardsService         : nearAttraction called with Buffalo National River
2023-01-20T14:46:40.709+01:00  INFO 5134 --- [ool-3-thread-68] tourGuide.service.RewardsService         : getDistance called
2023-01-20T14:46:40.709+01:00  INFO 5134 --- [ool-3-thread-55] tourGuide.service.RewardsService         : getDistance called
2023-01-20T14:46:40.706+01:00  INFO 5134 --- [ool-3-thread-58] tourGuide.service.RewardsService         : getDistance called
2023-01-20T14:46:40.709+01:00  INFO 5134 --- [ool-3-thread-68] tourGuide.service.RewardsService         : nearAttraction called with Kartchner Caverns State Park
2023-01-20T14:46:40.709+01:00  INFO 5134 --- [ool-3-thread-55] tourGuide.service.RewardsService         : nearAttraction called with Legend Valley
2023-01-20T14:46:40.709+01:00  INFO 5134 --- [ool-3-thread-68] tourGuide.service.RewardsService         : getDistance called
2023-01-20T14:46:40.709+01:00  INFO 5134 --- [ool-3-thread-58] tourGuide.service.RewardsService         : nearAttraction called with Flowers Bakery of London
2023-01-20T14:46:40.706+01:00  INFO 5134 --- [ool-3-thread-69] tourGuide.service.RewardsService         : getDistance called
2023-01-20T14:46:40.709+01:00  INFO 5134 --- [ool-3-thread-58] tourGuide.service.RewardsService         : getDistance called
2023-01-20T14:46:40.706+01:00  INFO 5134 --- [ool-3-thread-66] tourGuide.service.RewardsService         : nearAttraction called with Legend Valley
2023-01-20T14:46:40.706+01:00  INFO 5134 --- [ool-3-thread-53] tourGuide.service.RewardsService         : getDistance called
2023-01-20T14:46:40.709+01:00  INFO 5134 --- [ool-3-thread-66] tourGuide.service.RewardsService         : getDistance called
2023-01-20T14:46:40.706+01:00  INFO 5134 --- [ool-3-thread-19] tourGuide.service.RewardsService         : nearAttraction called with McKinley Tower
2023-01-20T14:46:40.706+01:00  INFO 5134 --- [ool-3-thread-17] tourGuide.service.RewardsService         : getDistance called
2023-01-20T14:46:40.709+01:00  INFO 5134 --- [ool-3-thread-53] tourGuide.service.RewardsService         : nearAttraction called with Roger Dean Stadium
2023-01-20T14:46:40.706+01:00  INFO 5134 --- [ool-3-thread-11] tourGuide.service.RewardsService         : getDistance called
2023-01-20T14:46:40.709+01:00  INFO 5134 --- [ool-3-thread-53] tourGuide.service.RewardsService         : getDistance called
2023-01-20T14:46:40.706+01:00  INFO 5134 --- [ool-3-thread-20] tourGuide.service.RewardsService         : nearAttraction called with Fallingwater
2023-01-20T14:46:40.706+01:00  INFO 5134 --- [ool-3-thread-59] tourGuide.service.RewardsService         : nearAttraction called with Union Station
2023-01-20T14:46:40.706+01:00  INFO 5134 --- [ool-3-thread-30] tourGuide.service.RewardsService         : getDistance called
2023-01-20T14:46:40.709+01:00  INFO 5134 --- [ool-3-thread-53] tourGuide.service.RewardsService         : nearAttraction called with Tiger Stadium
2023-01-20T14:46:40.707+01:00  INFO 5134 --- [ool-3-thread-13] tourGuide.service.RewardsService         : nearAttraction called with Roger Dean Stadium
2023-01-20T14:46:40.709+01:00  INFO 5134 --- [ool-3-thread-53] tourGuide.service.RewardsService         : getDistance called
2023-01-20T14:46:40.707+01:00  INFO 5134 --- [ool-3-thread-70] tourGuide.service.RewardsService         : nearAttraction called with Texas Memorial Stadium
2023-01-20T14:46:40.709+01:00  INFO 5134 --- [ool-3-thread-13] tourGuide.service.RewardsService         : getDistance called
2023-01-20T14:46:40.709+01:00  INFO 5134 --- [ool-3-thread-53] tourGuide.service.RewardsService         : nearAttraction called with Kyle Field
2023-01-20T14:46:40.707+01:00  INFO 5134 --- [ool-3-thread-27] tourGuide.service.RewardsService         : getDistance called
2023-01-20T14:46:40.707+01:00  INFO 5134 --- [ool-3-thread-36] tourGuide.service.RewardsService         : nearAttraction called with Tiger Stadium
2023-01-20T14:46:40.707+01:00  INFO 5134 --- [ool-3-thread-63] tourGuide.service.RewardsService         : getDistance called
2023-01-20T14:46:40.709+01:00  INFO 5134 --- [ool-3-thread-36] tourGuide.service.RewardsService         : getDistance called
2023-01-20T14:46:40.707+01:00  INFO 5134 --- [ool-3-thread-10] tourGuide.service.RewardsService         : nearAttraction called with Neyland Stadium
2023-01-20T14:46:40.707+01:00  INFO 5134 --- [ool-3-thread-61] tourGuide.service.RewardsService         : getDistance called
2023-01-20T14:46:40.707+01:00  INFO 5134 --- [ool-3-thread-12] tourGuide.service.RewardsService         : nearAttraction called with Kyle Field
2023-01-20T14:46:40.707+01:00  INFO 5134 --- [ool-3-thread-26] tourGuide.service.RewardsService         : getDistance called
2023-01-20T14:46:40.709+01:00  INFO 5134 --- [ool-3-thread-12] tourGuide.service.RewardsService         : getDistance called
2023-01-20T14:46:40.707+01:00  INFO 5134 --- [ool-3-thread-38] tourGuide.service.RewardsService         : nearAttraction called with San Diego Zoo
2023-01-20T14:46:40.709+01:00  INFO 5134 --- [ool-3-thread-26] tourGuide.service.RewardsService         : nearAttraction called with Bronx Zoo
2023-01-20T14:46:40.707+01:00  INFO 5134 --- [ool-3-thread-31] tourGuide.service.RewardsService         : nearAttraction called with Franklin Park Zoo
2023-01-20T14:46:40.710+01:00  INFO 5134 --- [ool-3-thread-12] tourGuide.service.RewardsService         : nearAttraction called with Cinderella Castle
2023-01-20T14:46:40.710+01:00  INFO 5134 --- [ool-3-thread-26] tourGuide.service.RewardsService         : getDistance called
2023-01-20T14:46:40.710+01:00  INFO 5134 --- [ool-3-thread-12] tourGuide.service.RewardsService         : getDistance called
2023-01-20T14:46:40.707+01:00  INFO 5134 --- [ool-3-thread-41] tourGuide.service.RewardsService         : nearAttraction called with El Paso Zoo
2023-01-20T14:46:40.710+01:00  INFO 5134 --- [ool-3-thread-26] tourGuide.service.RewardsService         : nearAttraction called with Disneyland
2023-01-20T14:46:40.707+01:00  INFO 5134 --- [pool-3-thread-9] tourGuide.service.RewardsService         : getDistance called
2023-01-20T14:46:40.710+01:00  INFO 5134 --- [ool-3-thread-41] tourGuide.service.RewardsService         : getDistance called
2023-01-20T14:46:40.707+01:00  INFO 5134 --- [ool-3-thread-51] tourGuide.service.RewardsService         : nearAttraction called with Disneyland
2023-01-20T14:46:40.707+01:00  INFO 5134 --- [ool-3-thread-43] tourGuide.service.RewardsService         : nearAttraction called with Jackson Hole
2023-01-20T14:46:40.710+01:00  INFO 5134 --- [ool-3-thread-51] tourGuide.service.RewardsService         : getDistance called
2023-01-20T14:46:40.707+01:00  INFO 5134 --- [ool-3-thread-15] tourGuide.service.RewardsService         : getDistance called
2023-01-20T14:46:40.707+01:00  INFO 5134 --- [ool-3-thread-22] tourGuide.service.RewardsService         : getDistance called
2023-01-20T14:46:40.710+01:00  INFO 5134 --- [ool-3-thread-51] tourGuide.service.RewardsService         : getRewardPoints called with Disneyland and internalUser89
2023-01-20T14:46:40.707+01:00  INFO 5134 --- [pool-3-thread-6] tourGuide.service.RewardsService         : getDistance called
2023-01-20T14:46:40.710+01:00  INFO 5134 --- [ool-3-thread-22] tourGuide.service.RewardsService         : nearAttraction called with Buffalo National River
2023-01-20T14:46:40.707+01:00  INFO 5134 --- [ool-3-thread-23] tourGuide.service.RewardsService         : getDistance called
2023-01-20T14:46:40.707+01:00  INFO 5134 --- [ool-3-thread-37] tourGuide.service.RewardsService         : nearAttraction called with Joshua Tree National Park
2023-01-20T14:46:40.708+01:00  INFO 5134 --- [ool-3-thread-48] tourGuide.service.RewardsService         : getDistance called
2023-01-20T14:46:40.710+01:00  INFO 5134 --- [ool-3-thread-23] tourGuide.service.RewardsService         : nearAttraction called with Kartchner Caverns State Park
2023-01-20T14:46:40.708+01:00  INFO 5134 --- [ool-3-thread-24] tourGuide.service.RewardsService         : nearAttraction called with Buffalo National River
2023-01-20T14:46:40.710+01:00  INFO 5134 --- [ool-3-thread-48] tourGuide.service.RewardsService         : nearAttraction called with Legend Valley
2023-01-20T14:46:40.710+01:00  INFO 5134 --- [ool-3-thread-24] tourGuide.service.RewardsService         : getDistance called
2023-01-20T14:46:40.710+01:00  INFO 5134 --- [ool-3-thread-48] tourGuide.service.RewardsService         : getDistance called
2023-01-20T14:46:40.708+01:00  INFO 5134 --- [pool-3-thread-7] tourGuide.service.RewardsService         : nearAttraction called with Hot Springs National Park
2023-01-20T14:46:40.710+01:00  INFO 5134 --- [ool-3-thread-48] tourGuide.service.RewardsService         : nearAttraction called with McKinley Tower
2023-01-20T14:46:40.710+01:00  INFO 5134 --- [pool-3-thread-7] tourGuide.service.RewardsService         : getDistance called
2023-01-20T14:46:40.708+01:00  INFO 5134 --- [ool-3-thread-40] tourGuide.service.RewardsService         : getDistance called
2023-01-20T14:46:40.708+01:00  INFO 5134 --- [ool-3-thread-33] tourGuide.service.RewardsService         : nearAttraction called with Kartchner Caverns State Park
2023-01-20T14:46:40.708+01:00  INFO 5134 --- [ool-3-thread-67] tourGuide.service.RewardsService         : nearAttraction called with Legend Valley
2023-01-20T14:46:40.710+01:00  INFO 5134 --- [ool-3-thread-33] tourGuide.service.RewardsService         : getDistance called
2023-01-20T14:46:40.708+01:00  INFO 5134 --- [ool-3-thread-54] tourGuide.service.RewardsService         : nearAttraction called with Flowers Bakery of London
2023-01-20T14:46:40.708+01:00  INFO 5134 --- [pool-3-thread-4] tourGuide.service.RewardsService         : getDistance called
2023-01-20T14:46:40.710+01:00  INFO 5134 --- [ool-3-thread-54] tourGuide.service.RewardsService         : getDistance called
2023-01-20T14:46:40.708+01:00  INFO 5134 --- [ool-3-thread-52] tourGuide.service.RewardsService         : nearAttraction called with McKinley Tower
2023-01-20T14:46:40.708+01:00  INFO 5134 --- [pool-3-thread-5] tourGuide.service.RewardsService         : getDistance called
2023-01-20T14:46:40.710+01:00  INFO 5134 --- [ool-3-thread-54] tourGuide.service.RewardsService         : nearAttraction called with Texas Memorial Stadium
2023-01-20T14:46:40.708+01:00  INFO 5134 --- [ool-3-thread-44] tourGuide.service.RewardsService         : nearAttraction called with Flatiron Building
2023-01-20T14:46:40.710+01:00  INFO 5134 --- [ool-3-thread-54] tourGuide.service.RewardsService         : getDistance called
2023-01-20T14:46:40.708+01:00  INFO 5134 --- [ool-3-thread-47] tourGuide.service.RewardsService         : nearAttraction called with Fallingwater
2023-01-20T14:46:40.708+01:00  INFO 5134 --- [pool-3-thread-8] tourGuide.service.RewardsService         : nearAttraction called with Union Station
2023-01-20T14:46:40.710+01:00  INFO 5134 --- [ool-3-thread-47] tourGuide.service.RewardsService         : getDistance called
2023-01-20T14:46:40.708+01:00  INFO 5134 --- [ool-3-thread-18] tourGuide.service.RewardsService         : nearAttraction called with Texas Memorial Stadium
2023-01-20T14:46:40.708+01:00  INFO 5134 --- [ool-3-thread-39] tourGuide.service.RewardsService         : getDistance called
2023-01-20T14:46:40.711+01:00  INFO 5134 --- [ool-3-thread-47] tourGuide.service.RewardsService         : nearAttraction called with Neyland Stadium
2023-01-20T14:46:40.711+01:00  INFO 5134 --- [ool-3-thread-18] tourGuide.service.RewardsService         : getDistance called
2023-01-20T14:46:40.711+01:00  INFO 5134 --- [ool-3-thread-47] tourGuide.service.RewardsService         : getDistance called
2023-01-20T14:46:40.708+01:00  INFO 5134 --- [ool-3-thread-56] tourGuide.service.RewardsService         : getDistance called
2023-01-20T14:46:40.711+01:00  INFO 5134 --- [ool-3-thread-18] tourGuide.service.RewardsService         : nearAttraction called with San Diego Zoo
2023-01-20T14:46:40.708+01:00  INFO 5134 --- [ool-3-thread-21] tourGuide.service.RewardsService         : nearAttraction called with Neyland Stadium
2023-01-20T14:46:40.711+01:00  INFO 5134 --- [ool-3-thread-18] tourGuide.service.RewardsService         : getDistance called
2023-01-20T14:46:40.708+01:00  INFO 5134 --- [ool-3-thread-25] tourGuide.service.RewardsService         : nearAttraction called with Tiger Stadium
2023-01-20T14:46:40.711+01:00  INFO 5134 --- [ool-3-thread-21] tourGuide.service.RewardsService         : getDistance called
2023-01-20T14:46:40.711+01:00  INFO 5134 --- [ool-3-thread-25] tourGuide.service.RewardsService         : getDistance called
2023-01-20T14:46:40.708+01:00  INFO 5134 --- [ool-3-thread-42] tourGuide.service.RewardsService         : nearAttraction called with Kyle Field
2023-01-20T14:46:40.708+01:00  INFO 5134 --- [ool-3-thread-34] tourGuide.service.RewardsService         : nearAttraction called with San Diego Zoo
2023-01-20T14:46:40.708+01:00  INFO 5134 --- [ool-3-thread-16] tourGuide.service.RewardsService         : nearAttraction called with Zoo Tampa at Lowry Park
2023-01-20T14:46:40.711+01:00  INFO 5134 --- [ool-3-thread-34] tourGuide.service.RewardsService         : getDistance called
2023-01-20T14:46:40.711+01:00  INFO 5134 --- [ool-3-thread-16] tourGuide.service.RewardsService         : getDistance called
2023-01-20T14:46:40.708+01:00  INFO 5134 --- [ool-3-thread-14] tourGuide.service.RewardsService         : getDistance called
2023-01-20T14:46:40.709+01:00  INFO 5134 --- [pool-3-thread-3] tourGuide.service.RewardsService         : nearAttraction called with Bronx Zoo
2023-01-20T14:46:40.709+01:00  INFO 5134 --- [ool-3-thread-65] tourGuide.service.RewardsService         : nearAttraction called with Cinderella Castle
2023-01-20T14:46:40.709+01:00  INFO 5134 --- [ool-3-thread-49] tourGuide.service.RewardsService         : nearAttraction called with Disneyland
2023-01-20T14:46:40.711+01:00  INFO 5134 --- [ool-3-thread-65] tourGuide.service.RewardsService         : getDistance called
2023-01-20T14:46:40.711+01:00  INFO 5134 --- [ool-3-thread-49] tourGuide.service.RewardsService         : getDistance called
2023-01-20T14:46:40.709+01:00  INFO 5134 --- [ool-3-thread-62] tourGuide.service.RewardsService         : nearAttraction called with Jackson Hole
2023-01-20T14:46:40.711+01:00  INFO 5134 --- [ool-3-thread-49] tourGuide.service.RewardsService         : getRewardPoints called with Disneyland and internalUser88
2023-01-20T14:46:40.709+01:00  INFO 5134 --- [ool-3-thread-35] tourGuide.service.RewardsService         : nearAttraction called with Mojave National Preserve
2023-01-20T14:46:40.711+01:00  INFO 5134 --- [ool-3-thread-62] tourGuide.service.RewardsService         : getDistance called
2023-01-20T14:46:40.709+01:00  INFO 5134 --- [pool-3-thread-2] tourGuide.service.RewardsService         : nearAttraction called with Joshua Tree National Park
2023-01-20T14:46:40.709+01:00  INFO 5134 --- [ool-3-thread-32] tourGuide.service.RewardsService         : nearAttraction called with Hot Springs National Park
2023-01-20T14:46:40.711+01:00  INFO 5134 --- [pool-3-thread-2] tourGuide.service.RewardsService         : getDistance called
2023-01-20T14:46:40.711+01:00  INFO 5134 --- [ool-3-thread-32] tourGuide.service.RewardsService         : getDistance called
2023-01-20T14:46:40.709+01:00  INFO 5134 --- [ool-3-thread-55] tourGuide.service.RewardsService         : getDistance called
2023-01-20T14:46:40.711+01:00  INFO 5134 --- [pool-3-thread-2] tourGuide.service.RewardsService         : nearAttraction called with Joshua Tree National Park
2023-01-20T14:46:40.711+01:00  INFO 5134 --- [ool-3-thread-32] tourGuide.service.RewardsService         : nearAttraction called with Buffalo National River
2023-01-20T14:46:40.709+01:00  INFO 5134 --- [ool-3-thread-68] tourGuide.service.RewardsService         : nearAttraction called with McKinley Tower
2023-01-20T14:46:40.711+01:00  INFO 5134 --- [ool-3-thread-55] tourGuide.service.RewardsService         : nearAttraction called with Hot Springs National Park
2023-01-20T14:46:40.709+01:00  INFO 5134 --- [ool-3-thread-69] tourGuide.service.RewardsService         : nearAttraction called with Flatiron Building
2023-01-20T14:46:40.711+01:00  INFO 5134 --- [ool-3-thread-55] tourGuide.service.RewardsService         : getDistance called
2023-01-20T14:46:40.711+01:00  INFO 5134 --- [ool-3-thread-69] tourGuide.service.RewardsService         : getDistance called
2023-01-20T14:46:40.709+01:00  INFO 5134 --- [ool-3-thread-58] tourGuide.service.RewardsService         : nearAttraction called with Fallingwater
2023-01-20T14:46:40.709+01:00  INFO 5134 --- [ool-3-thread-66] tourGuide.service.RewardsService         : nearAttraction called with Union Station
2023-01-20T14:46:40.711+01:00  INFO 5134 --- [ool-3-thread-58] tourGuide.service.RewardsService         : getDistance called
2023-01-20T14:46:40.709+01:00  INFO 5134 --- [ool-3-thread-19] tourGuide.service.RewardsService         : getDistance called
2023-01-20T14:46:40.711+01:00  INFO 5134 --- [ool-3-thread-66] tourGuide.service.RewardsService         : getDistance called
2023-01-20T14:46:40.709+01:00  INFO 5134 --- [ool-3-thread-17] tourGuide.service.RewardsService         : nearAttraction called with Texas Memorial Stadium
2023-01-20T14:46:40.711+01:00  INFO 5134 --- [ool-3-thread-19] tourGuide.service.RewardsService         : nearAttraction called with McKinley Tower
2023-01-20T14:46:40.711+01:00  INFO 5134 --- [ool-3-thread-66] tourGuide.service.RewardsService         : nearAttraction called with Flatiron Building
2023-01-20T14:46:40.711+01:00  INFO 5134 --- [ool-3-thread-19] tourGuide.service.RewardsService         : getDistance called
2023-01-20T14:46:40.709+01:00  INFO 5134 --- [ool-3-thread-11] tourGuide.service.RewardsService         : nearAttraction called with Bryant-Denny Stadium
2023-01-20T14:46:40.709+01:00  INFO 5134 --- [ool-3-thread-20] tourGuide.service.RewardsService         : getDistance called
2023-01-20T14:46:40.712+01:00  INFO 5134 --- [ool-3-thread-66] tourGuide.service.RewardsService         : getDistance called
2023-01-20T14:46:40.709+01:00  INFO 5134 --- [ool-3-thread-59] tourGuide.service.RewardsService         : getDistance called
2023-01-20T14:46:40.709+01:00  INFO 5134 --- [ool-3-thread-30] tourGuide.service.RewardsService         : nearAttraction called with Neyland Stadium
2023-01-20T14:46:40.709+01:00  INFO 5134 --- [ool-3-thread-70] tourGuide.service.RewardsService         : getDistance called
2023-01-20T14:46:40.712+01:00  INFO 5134 --- [ool-3-thread-30] tourGuide.service.RewardsService         : getDistance called
2023-01-20T14:46:40.709+01:00  INFO 5134 --- [ool-3-thread-13] tourGuide.service.RewardsService         : nearAttraction called with San Diego Zoo
2023-01-20T14:46:40.709+01:00  INFO 5134 --- [ool-3-thread-53] tourGuide.service.RewardsService         : getDistance called
2023-01-20T14:46:40.712+01:00  INFO 5134 --- [ool-3-thread-70] tourGuide.service.RewardsService         : nearAttraction called with Bryant-Denny Stadium
2023-01-20T14:46:40.709+01:00  INFO 5134 --- [ool-3-thread-27] tourGuide.service.RewardsService         : nearAttraction called with Zoo Tampa at Lowry Park
2023-01-20T14:46:40.712+01:00  INFO 5134 --- [ool-3-thread-70] tourGuide.service.RewardsService         : getDistance called
2023-01-20T14:46:40.712+01:00  INFO 5134 --- [ool-3-thread-53] tourGuide.service.RewardsService         : nearAttraction called with Neyland Stadium
2023-01-20T14:46:40.712+01:00  INFO 5134 --- [ool-3-thread-27] tourGuide.service.RewardsService         : getDistance called
2023-01-20T14:46:40.712+01:00  INFO 5134 --- [ool-3-thread-53] tourGuide.service.RewardsService         : getDistance called
2023-01-20T14:46:40.709+01:00  INFO 5134 --- [ool-3-thread-36] tourGuide.service.RewardsService         : nearAttraction called with El Paso Zoo
2023-01-20T14:46:40.712+01:00  INFO 5134 --- [ool-3-thread-27] tourGuide.service.RewardsService         : nearAttraction called with San Diego Zoo
2023-01-20T14:46:40.712+01:00  INFO 5134 --- [ool-3-thread-36] tourGuide.service.RewardsService         : getDistance called
2023-01-20T14:46:40.712+01:00  INFO 5134 --- [ool-3-thread-27] tourGuide.service.RewardsService         : getDistance called
2023-01-20T14:46:40.709+01:00  INFO 5134 --- [ool-3-thread-63] tourGuide.service.RewardsService         : nearAttraction called with Franklin Park Zoo
2023-01-20T14:46:40.709+01:00  INFO 5134 --- [ool-3-thread-10] tourGuide.service.RewardsService         : getDistance called
2023-01-20T14:46:40.709+01:00  INFO 5134 --- [ool-3-thread-61] tourGuide.service.RewardsService         : nearAttraction called with Kansas City Zoo
2023-01-20T14:46:40.710+01:00  INFO 5134 --- [ool-3-thread-38] tourGuide.service.RewardsService         : getDistance called
2023-01-20T14:46:40.712+01:00  INFO 5134 --- [ool-3-thread-61] tourGuide.service.RewardsService         : getDistance called
2023-01-20T14:46:40.710+01:00  INFO 5134 --- [ool-3-thread-31] tourGuide.service.RewardsService         : getDistance called
2023-01-20T14:46:40.712+01:00  INFO 5134 --- [ool-3-thread-38] tourGuide.service.RewardsService         : nearAttraction called with Bronx Zoo
2023-01-20T14:46:40.712+01:00  INFO 5134 --- [ool-3-thread-61] tourGuide.service.RewardsService         : nearAttraction called with Cinderella Castle
2023-01-20T14:46:40.710+01:00  INFO 5134 --- [ool-3-thread-12] tourGuide.service.RewardsService         : nearAttraction called with Jackson Hole
2023-01-20T14:46:40.710+01:00  INFO 5134 --- [ool-3-thread-26] tourGuide.service.RewardsService         : getDistance called
2023-01-20T14:46:40.712+01:00  INFO 5134 --- [ool-3-thread-12] tourGuide.service.RewardsService         : getDistance called
2023-01-20T14:46:40.710+01:00  INFO 5134 --- [pool-3-thread-9] tourGuide.service.RewardsService         : nearAttraction called with Mojave National Preserve
2023-01-20T14:46:40.710+01:00  INFO 5134 --- [ool-3-thread-41] tourGuide.service.RewardsService         : nearAttraction called with Joshua Tree National Park
2023-01-20T14:46:40.712+01:00  INFO 5134 --- [pool-3-thread-9] tourGuide.service.RewardsService         : getDistance called
2023-01-20T14:46:40.710+01:00  INFO 5134 --- [ool-3-thread-43] tourGuide.service.RewardsService         : getDistance called
2023-01-20T14:46:40.710+01:00  INFO 5134 --- [ool-3-thread-15] tourGuide.service.RewardsService         : getRewardPoints called with Disneyland and internalUser71
2023-01-20T14:46:40.710+01:00  INFO 5134 --- [pool-3-thread-6] tourGuide.service.RewardsService         : nearAttraction called with Hot Springs National Park
2023-01-20T14:46:40.710+01:00  INFO 5134 --- [ool-3-thread-22] tourGuide.service.RewardsService         : getDistance called
2023-01-20T14:46:40.710+01:00  INFO 5134 --- [ool-3-thread-37] tourGuide.service.RewardsService         : getDistance called
2023-01-20T14:46:40.710+01:00  INFO 5134 --- [ool-3-thread-23] tourGuide.service.RewardsService         : getDistance called
2023-01-20T14:46:40.710+01:00  INFO 5134 --- [ool-3-thread-24] tourGuide.service.RewardsService         : nearAttraction called with Flowers Bakery of London
2023-01-20T14:46:40.710+01:00  INFO 5134 --- [ool-3-thread-48] tourGuide.service.RewardsService         : getDistance called
2023-01-20T14:46:40.712+01:00  INFO 5134 --- [ool-3-thread-24] tourGuide.service.RewardsService         : getDistance called
2023-01-20T14:46:40.710+01:00  INFO 5134 --- [pool-3-thread-7] tourGuide.service.RewardsService         : nearAttraction called with Flatiron Building
2023-01-20T14:46:40.710+01:00  INFO 5134 --- [ool-3-thread-40] tourGuide.service.RewardsService         : nearAttraction called with Fallingwater
2023-01-20T14:46:40.710+01:00  INFO 5134 --- [ool-3-thread-67] tourGuide.service.RewardsService         : getDistance called
2023-01-20T14:46:40.710+01:00  INFO 5134 --- [ool-3-thread-33] tourGuide.service.RewardsService         : nearAttraction called with Union Station
2023-01-20T14:46:40.710+01:00  INFO 5134 --- [pool-3-thread-4] tourGuide.service.RewardsService         : nearAttraction called with Roger Dean Stadium
2023-01-20T14:46:40.713+01:00  INFO 5134 --- [ool-3-thread-40] tourGuide.service.RewardsService         : getDistance called
2023-01-20T14:46:40.710+01:00  INFO 5134 --- [ool-3-thread-52] tourGuide.service.RewardsService         : getDistance called
2023-01-20T14:46:40.710+01:00  INFO 5134 --- [pool-3-thread-5] tourGuide.service.RewardsService         : nearAttraction called with Bryant-Denny Stadium
2023-01-20T14:46:40.710+01:00  INFO 5134 --- [ool-3-thread-44] tourGuide.service.RewardsService         : getDistance called
2023-01-20T14:46:40.713+01:00  INFO 5134 --- [pool-3-thread-5] tourGuide.service.RewardsService         : getDistance called
2023-01-20T14:46:40.710+01:00  INFO 5134 --- [ool-3-thread-54] tourGuide.service.RewardsService         : nearAttraction called with Tiger Stadium
2023-01-20T14:46:40.713+01:00  INFO 5134 --- [ool-3-thread-44] tourGuide.service.RewardsService         : nearAttraction called with Union Station
2023-01-20T14:46:40.713+01:00  INFO 5134 --- [ool-3-thread-54] tourGuide.service.RewardsService         : getDistance called
2023-01-20T14:46:40.713+01:00  INFO 5134 --- [ool-3-thread-44] tourGuide.service.RewardsService         : getDistance called
2023-01-20T14:46:40.710+01:00  INFO 5134 --- [pool-3-thread-8] tourGuide.service.RewardsService         : getDistance called
2023-01-20T14:46:40.713+01:00  INFO 5134 --- [ool-3-thread-54] tourGuide.service.RewardsService         : nearAttraction called with Texas Memorial Stadium
2023-01-20T14:46:40.711+01:00  INFO 5134 --- [ool-3-thread-39] tourGuide.service.RewardsService         : nearAttraction called with Kyle Field
2023-01-20T14:46:40.713+01:00  INFO 5134 --- [pool-3-thread-8] tourGuide.service.RewardsService         : nearAttraction called with Tiger Stadium
2023-01-20T14:46:40.713+01:00  INFO 5134 --- [ool-3-thread-39] tourGuide.service.RewardsService         : getDistance called
2023-01-20T14:46:40.713+01:00  INFO 5134 --- [pool-3-thread-8] tourGuide.service.RewardsService         : getDistance called
2023-01-20T14:46:40.711+01:00  INFO 5134 --- [ool-3-thread-47] tourGuide.service.RewardsService         : nearAttraction called with Zoo Tampa at Lowry Park
2023-01-20T14:46:40.713+01:00  INFO 5134 --- [pool-3-thread-8] tourGuide.service.RewardsService         : nearAttraction called with San Diego Zoo
2023-01-20T14:46:40.713+01:00  INFO 5134 --- [ool-3-thread-47] tourGuide.service.RewardsService         : getDistance called
2023-01-20T14:46:40.711+01:00  INFO 5134 --- [ool-3-thread-56] tourGuide.service.RewardsService         : nearAttraction called with Franklin Park Zoo
2023-01-20T14:46:40.711+01:00  INFO 5134 --- [ool-3-thread-18] tourGuide.service.RewardsService         : nearAttraction called with El Paso Zoo
2023-01-20T14:46:40.711+01:00  INFO 5134 --- [ool-3-thread-21] tourGuide.service.RewardsService         : nearAttraction called with Kansas City Zoo
2023-01-20T14:46:40.713+01:00  INFO 5134 --- [ool-3-thread-18] tourGuide.service.RewardsService         : getDistance called
2023-01-20T14:46:40.711+01:00  INFO 5134 --- [ool-3-thread-25] tourGuide.service.RewardsService         : nearAttraction called with Bronx Zoo
2023-01-20T14:46:40.711+01:00  INFO 5134 --- [ool-3-thread-42] tourGuide.service.RewardsService         : getDistance called
2023-01-20T14:46:40.713+01:00  INFO 5134 --- [ool-3-thread-25] tourGuide.service.RewardsService         : getDistance called
2023-01-20T14:46:40.711+01:00  INFO 5134 --- [ool-3-thread-34] tourGuide.service.RewardsService         : nearAttraction called with Cinderella Castle
2023-01-20T14:46:40.711+01:00  INFO 5134 --- [ool-3-thread-16] tourGuide.service.RewardsService         : nearAttraction called with Disneyland
2023-01-20T14:46:40.713+01:00  INFO 5134 --- [ool-3-thread-34] tourGuide.service.RewardsService         : getDistance called
2023-01-20T14:46:40.711+01:00  INFO 5134 --- [ool-3-thread-14] tourGuide.service.RewardsService         : getRewardPoints called with Disneyland and internalUser90
2023-01-20T14:46:40.711+01:00  INFO 5134 --- [pool-3-thread-3] tourGuide.service.RewardsService         : getDistance called
2023-01-20T14:46:40.711+01:00  INFO 5134 --- [ool-3-thread-65] tourGuide.service.RewardsService         : nearAttraction called with Jackson Hole
2023-01-20T14:46:40.711+01:00  INFO 5134 --- [ool-3-thread-35] tourGuide.service.RewardsService         : getDistance called
2023-01-20T14:46:40.713+01:00  INFO 5134 --- [ool-3-thread-65] tourGuide.service.RewardsService         : getDistance called
2023-01-20T14:46:40.711+01:00  INFO 5134 --- [ool-3-thread-62] tourGuide.service.RewardsService         : nearAttraction called with Mojave National Preserve
2023-01-20T14:46:40.711+01:00  INFO 5134 --- [pool-3-thread-2] tourGuide.service.RewardsService         : getDistance called
2023-01-20T14:46:40.713+01:00  INFO 5134 --- [ool-3-thread-62] tourGuide.service.RewardsService         : getDistance called
2023-01-20T14:46:40.711+01:00  INFO 5134 --- [ool-3-thread-32] tourGuide.service.RewardsService         : getDistance called
2023-01-20T14:46:40.713+01:00  INFO 5134 --- [pool-3-thread-2] tourGuide.service.RewardsService         : nearAttraction called with Mojave National Preserve
2023-01-20T14:46:40.711+01:00  INFO 5134 --- [ool-3-thread-68] tourGuide.service.RewardsService         : getDistance called
2023-01-20T14:46:40.711+01:00  INFO 5134 --- [ool-3-thread-55] tourGuide.service.RewardsService         : nearAttraction called with Kartchner Caverns State Park
2023-01-20T14:46:40.714+01:00  INFO 5134 --- [pool-3-thread-2] tourGuide.service.RewardsService         : getDistance called
2023-01-20T14:46:40.714+01:00  INFO 5134 --- [ool-3-thread-68] tourGuide.service.RewardsService         : nearAttraction called with Hot Springs National Park
2023-01-20T14:46:40.711+01:00  INFO 5134 --- [ool-3-thread-69] tourGuide.service.RewardsService         : nearAttraction called with Legend Valley
2023-01-20T14:46:40.714+01:00  INFO 5134 --- [pool-3-thread-2] tourGuide.service.RewardsService         : nearAttraction called with Kartchner Caverns State Park
2023-01-20T14:46:40.711+01:00  INFO 5134 --- [ool-3-thread-58] tourGuide.service.RewardsService         : nearAttraction called with Flowers Bakery of London
2023-01-20T14:46:40.714+01:00  INFO 5134 --- [pool-3-thread-2] tourGuide.service.RewardsService         : getDistance called
2023-01-20T14:46:40.711+01:00  INFO 5134 --- [ool-3-thread-17] tourGuide.service.RewardsService         : getDistance called
2023-01-20T14:46:40.714+01:00  INFO 5134 --- [ool-3-thread-58] tourGuide.service.RewardsService         : getDistance called
2023-01-20T14:46:40.714+01:00  INFO 5134 --- [pool-3-thread-2] tourGuide.service.RewardsService         : nearAttraction called with Legend Valley
2023-01-20T14:46:40.712+01:00  INFO 5134 --- [ool-3-thread-11] tourGuide.service.RewardsService         : getDistance called
2023-01-20T14:46:40.714+01:00  INFO 5134 --- [ool-3-thread-58] tourGuide.service.RewardsService         : nearAttraction called with McKinley Tower
2023-01-20T14:46:40.712+01:00  INFO 5134 --- [ool-3-thread-19] tourGuide.service.RewardsService         : nearAttraction called with Fallingwater
2023-01-20T14:46:40.714+01:00  INFO 5134 --- [ool-3-thread-58] tourGuide.service.RewardsService         : getDistance called
2023-01-20T14:46:40.712+01:00  INFO 5134 --- [ool-3-thread-20] tourGuide.service.RewardsService         : nearAttraction called with Union Station
2023-01-20T14:46:40.712+01:00  INFO 5134 --- [ool-3-thread-66] tourGuide.service.RewardsService         : nearAttraction called with Roger Dean Stadium
2023-01-20T14:46:40.714+01:00  INFO 5134 --- [ool-3-thread-20] tourGuide.service.RewardsService         : getDistance called
2023-01-20T14:46:40.712+01:00  INFO 5134 --- [ool-3-thread-59] tourGuide.service.RewardsService         : nearAttraction called with Texas Memorial Stadium
2023-01-20T14:46:40.714+01:00  INFO 5134 --- [ool-3-thread-66] tourGuide.service.RewardsService         : getDistance called
2023-01-20T14:46:40.714+01:00  INFO 5134 --- [ool-3-thread-20] tourGuide.service.RewardsService         : nearAttraction called with Union Station
2023-01-20T14:46:40.712+01:00  INFO 5134 --- [ool-3-thread-30] tourGuide.service.RewardsService         : nearAttraction called with Tiger Stadium
2023-01-20T14:46:40.714+01:00  INFO 5134 --- [ool-3-thread-66] tourGuide.service.RewardsService         : nearAttraction called with Roger Dean Stadium
2023-01-20T14:46:40.714+01:00  INFO 5134 --- [ool-3-thread-30] tourGuide.service.RewardsService         : getDistance called
2023-01-20T14:46:40.712+01:00  INFO 5134 --- [ool-3-thread-13] tourGuide.service.RewardsService         : getDistance called
2023-01-20T14:46:40.712+01:00  INFO 5134 --- [ool-3-thread-70] tourGuide.service.RewardsService         : nearAttraction called with Kyle Field
2023-01-20T14:46:40.712+01:00  INFO 5134 --- [ool-3-thread-53] tourGuide.service.RewardsService         : nearAttraction called with Zoo Tampa at Lowry Park
2023-01-20T14:46:40.714+01:00  INFO 5134 --- [ool-3-thread-70] tourGuide.service.RewardsService         : getDistance called
2023-01-20T14:46:40.712+01:00  INFO 5134 --- [ool-3-thread-36] tourGuide.service.RewardsService         : nearAttraction called with Franklin Park Zoo
2023-01-20T14:46:40.712+01:00  INFO 5134 --- [ool-3-thread-27] tourGuide.service.RewardsService         : nearAttraction called with El Paso Zoo
2023-01-20T14:46:40.714+01:00  INFO 5134 --- [ool-3-thread-36] tourGuide.service.RewardsService         : getDistance called
2023-01-20T14:46:40.712+01:00  INFO 5134 --- [ool-3-thread-63] tourGuide.service.RewardsService         : getDistance called
2023-01-20T14:46:40.712+01:00  INFO 5134 --- [ool-3-thread-10] tourGuide.service.RewardsService         : nearAttraction called with Kansas City Zoo
2023-01-20T14:46:40.714+01:00  INFO 5134 --- [ool-3-thread-36] tourGuide.service.RewardsService         : nearAttraction called with Neyland Stadium
2023-01-20T14:46:40.712+01:00  INFO 5134 --- [ool-3-thread-38] tourGuide.service.RewardsService         : getDistance called
2023-01-20T14:46:40.712+01:00  INFO 5134 --- [ool-3-thread-31] tourGuide.service.RewardsService         : nearAttraction called with Disneyland
2023-01-20T14:46:40.714+01:00  INFO 5134 --- [ool-3-thread-38] tourGuide.service.RewardsService         : nearAttraction called with San Diego Zoo
2023-01-20T14:46:40.714+01:00  INFO 5134 --- [ool-3-thread-31] tourGuide.service.RewardsService         : getDistance called
2023-01-20T14:46:40.712+01:00  INFO 5134 --- [ool-3-thread-61] tourGuide.service.RewardsService         : getDistance called
2023-01-20T14:46:40.714+01:00  INFO 5134 --- [ool-3-thread-31] tourGuide.service.RewardsService         : getRewardPoints called with Disneyland and internalUser87
2023-01-20T14:46:40.712+01:00  INFO 5134 --- [ool-3-thread-26] tourGuide.service.RewardsService         : getRewardPoints called with Disneyland and internalUser85
2023-01-20T14:46:40.712+01:00  INFO 5134 --- [ool-3-thread-12] tourGuide.service.RewardsService         : nearAttraction called with Jackson Hole
2023-01-20T14:46:40.714+01:00  INFO 5134 --- [ool-3-thread-12] tourGuide.service.RewardsService         : getDistance called
2023-01-20T14:46:40.712+01:00  INFO 5134 --- [ool-3-thread-41] tourGuide.service.RewardsService         : getDistance called
2023-01-20T14:46:40.712+01:00  INFO 5134 --- [pool-3-thread-9] tourGuide.service.RewardsService         : nearAttraction called with Mojave National Preserve
2023-01-20T14:46:40.712+01:00  INFO 5134 --- [ool-3-thread-43] tourGuide.service.RewardsService         : nearAttraction called with Joshua Tree National Park
2023-01-20T14:46:40.712+01:00  INFO 5134 --- [pool-3-thread-6] tourGuide.service.RewardsService         : getDistance called
2023-01-20T14:46:40.712+01:00  INFO 5134 --- [ool-3-thread-22] tourGuide.service.RewardsService         : nearAttraction called with Buffalo National River
2023-01-20T14:46:40.712+01:00  INFO 5134 --- [ool-3-thread-37] tourGuide.service.RewardsService         : nearAttraction called with Hot Springs National Park
2023-01-20T14:46:40.715+01:00  INFO 5134 --- [ool-3-thread-22] tourGuide.service.RewardsService         : getDistance called
2023-01-20T14:46:40.712+01:00  INFO 5134 --- [ool-3-thread-23] tourGuide.service.RewardsService         : nearAttraction called with Kartchner Caverns State Park
2023-01-20T14:46:40.712+01:00  INFO 5134 --- [ool-3-thread-48] tourGuide.service.RewardsService         : nearAttraction called with Legend Valley
2023-01-20T14:46:40.715+01:00  INFO 5134 --- [ool-3-thread-23] tourGuide.service.RewardsService         : getDistance called
2023-01-20T14:46:40.712+01:00  INFO 5134 --- [ool-3-thread-24] tourGuide.service.RewardsService         : nearAttraction called with Flowers Bakery of London
2023-01-20T14:46:40.715+01:00  INFO 5134 --- [ool-3-thread-23] tourGuide.service.RewardsService         : nearAttraction called with Cinderella Castle
2023-01-20T14:46:40.712+01:00  INFO 5134 --- [pool-3-thread-7] tourGuide.service.RewardsService         : getDistance called
2023-01-20T14:46:40.715+01:00  INFO 5134 --- [ool-3-thread-23] tourGuide.service.RewardsService         : getDistance called
2023-01-20T14:46:40.713+01:00  INFO 5134 --- [ool-3-thread-33] tourGuide.service.RewardsService         : getDistance called
2023-01-20T14:46:40.715+01:00  INFO 5134 --- [pool-3-thread-7] tourGuide.service.RewardsService         : nearAttraction called with Disneyland
2023-01-20T14:46:40.713+01:00  INFO 5134 --- [ool-3-thread-67] tourGuide.service.RewardsService         : nearAttraction called with McKinley Tower
2023-01-20T14:46:40.715+01:00  INFO 5134 --- [pool-3-thread-7] tourGuide.service.RewardsService         : getDistance called
2023-01-20T14:46:40.715+01:00  INFO 5134 --- [ool-3-thread-67] tourGuide.service.RewardsService         : getDistance called
2023-01-20T14:46:40.713+01:00  INFO 5134 --- [pool-3-thread-4] tourGuide.service.RewardsService         : getDistance called
2023-01-20T14:46:40.713+01:00  INFO 5134 --- [ool-3-thread-40] tourGuide.service.RewardsService         : nearAttraction called with Flatiron Building
2023-01-20T14:46:40.713+01:00  INFO 5134 --- [ool-3-thread-52] tourGuide.service.RewardsService         : nearAttraction called with Fallingwater
2023-01-20T14:46:40.715+01:00  INFO 5134 --- [ool-3-thread-40] tourGuide.service.RewardsService         : getDistance called
2023-01-20T14:46:40.713+01:00  INFO 5134 --- [pool-3-thread-5] tourGuide.service.RewardsService         : nearAttraction called with Roger Dean Stadium
2023-01-20T14:46:40.713+01:00  INFO 5134 --- [ool-3-thread-44] tourGuide.service.RewardsService         : nearAttraction called with Bryant-Denny Stadium
2023-01-20T14:46:40.715+01:00  INFO 5134 --- [pool-3-thread-5] tourGuide.service.RewardsService         : getDistance called
2023-01-20T14:46:40.715+01:00  INFO 5134 --- [ool-3-thread-44] tourGuide.service.RewardsService         : getDistance called
2023-01-20T14:46:40.713+01:00  INFO 5134 --- [ool-3-thread-54] tourGuide.service.RewardsService         : getDistance called
2023-01-20T14:46:40.715+01:00  INFO 5134 --- [pool-3-thread-5] tourGuide.service.RewardsService         : nearAttraction called with Kartchner Caverns State Park
2023-01-20T14:46:40.713+01:00  INFO 5134 --- [ool-3-thread-49] tourGuide.service.RewardsService         : nearAttraction called with Neyland Stadium
2023-01-20T14:46:40.715+01:00  INFO 5134 --- [pool-3-thread-5] tourGuide.service.RewardsService         : getDistance called
2023-01-20T14:46:40.715+01:00  INFO 5134 --- [ool-3-thread-49] tourGuide.service.RewardsService         : getDistance called
2023-01-20T14:46:40.713+01:00  INFO 5134 --- [ool-3-thread-39] tourGuide.service.RewardsService         : nearAttraction called with Kyle Field
2023-01-20T14:46:40.715+01:00  INFO 5134 --- [pool-3-thread-5] tourGuide.service.RewardsService         : nearAttraction called with McKinley Tower
2023-01-20T14:46:40.715+01:00  INFO 5134 --- [ool-3-thread-39] tourGuide.service.RewardsService         : getDistance called
2023-01-20T14:46:40.715+01:00  INFO 5134 --- [pool-3-thread-5] tourGuide.service.RewardsService         : getDistance called
2023-01-20T14:46:40.713+01:00  INFO 5134 --- [pool-3-thread-8] tourGuide.service.RewardsService         : getDistance called
2023-01-20T14:46:40.715+01:00  INFO 5134 --- [ool-3-thread-39] tourGuide.service.RewardsService         : nearAttraction called with Fallingwater
2023-01-20T14:46:40.713+01:00  INFO 5134 --- [ool-3-thread-47] tourGuide.service.RewardsService         : nearAttraction called with Zoo Tampa at Lowry Park
2023-01-20T14:46:40.715+01:00  INFO 5134 --- [pool-3-thread-8] tourGuide.service.RewardsService         : nearAttraction called with Roger Dean Stadium
2023-01-20T14:46:40.713+01:00  INFO 5134 --- [ool-3-thread-56] tourGuide.service.RewardsService         : getDistance called
2023-01-20T14:46:40.715+01:00  INFO 5134 --- [pool-3-thread-8] tourGuide.service.RewardsService         : getDistance called
2023-01-20T14:46:40.713+01:00  INFO 5134 --- [ool-3-thread-21] tourGuide.service.RewardsService         : getDistance called
2023-01-20T14:46:40.715+01:00  INFO 5134 --- [ool-3-thread-56] tourGuide.service.RewardsService         : nearAttraction called with Texas Memorial Stadium
2023-01-20T14:46:40.713+01:00  INFO 5134 --- [ool-3-thread-18] tourGuide.service.RewardsService         : nearAttraction called with Franklin Park Zoo
2023-01-20T14:46:40.713+01:00  INFO 5134 --- [ool-3-thread-25] tourGuide.service.RewardsService         : nearAttraction called with El Paso Zoo
2023-01-20T14:46:40.713+01:00  INFO 5134 --- [ool-3-thread-42] tourGuide.service.RewardsService         : nearAttraction called with Kansas City Zoo
2023-01-20T14:46:40.716+01:00  INFO 5134 --- [ool-3-thread-18] tourGuide.service.RewardsService         : getDistance called
2023-01-20T14:46:40.716+01:00  INFO 5134 --- [ool-3-thread-25] tourGuide.service.RewardsService         : getDistance called
2023-01-20T14:46:40.713+01:00  INFO 5134 --- [ool-3-thread-16] tourGuide.service.RewardsService         : getDistance called
2023-01-20T14:46:40.713+01:00  INFO 5134 --- [ool-3-thread-34] tourGuide.service.RewardsService         : nearAttraction called with Bronx Zoo
2023-01-20T14:46:40.713+01:00  INFO 5134 --- [pool-3-thread-3] tourGuide.service.RewardsService         : nearAttraction called with Cinderella Castle
2023-01-20T14:46:40.716+01:00  INFO 5134 --- [ool-3-thread-34] tourGuide.service.RewardsService         : getDistance called
2023-01-20T14:46:40.716+01:00  INFO 5134 --- [pool-3-thread-3] tourGuide.service.RewardsService         : getDistance called
2023-01-20T14:46:40.713+01:00  INFO 5134 --- [ool-3-thread-65] tourGuide.service.RewardsService         : nearAttraction called with Disneyland
2023-01-20T14:46:40.716+01:00  INFO 5134 --- [ool-3-thread-34] tourGuide.service.RewardsService         : nearAttraction called with San Diego Zoo
2023-01-20T14:46:40.716+01:00  INFO 5134 --- [ool-3-thread-65] tourGuide.service.RewardsService         : getDistance called
2023-01-20T14:46:40.713+01:00  INFO 5134 --- [ool-3-thread-35] tourGuide.service.RewardsService         : nearAttraction called with Jackson Hole
2023-01-20T14:46:40.716+01:00  INFO 5134 --- [ool-3-thread-65] tourGuide.service.RewardsService         : getRewardPoints called with Disneyland and internalUser86
2023-01-20T14:46:40.716+01:00  INFO 5134 --- [ool-3-thread-35] tourGuide.service.RewardsService         : getDistance called
2023-01-20T14:46:40.713+01:00  INFO 5134 --- [ool-3-thread-62] tourGuide.service.RewardsService         : nearAttraction called with Joshua Tree National Park
2023-01-20T14:46:40.713+01:00  INFO 5134 --- [ool-3-thread-32] tourGuide.service.RewardsService         : nearAttraction called with Buffalo National River
2023-01-20T14:46:40.714+01:00  INFO 5134 --- [ool-3-thread-55] tourGuide.service.RewardsService         : getDistance called
2023-01-20T14:46:40.716+01:00  INFO 5134 --- [ool-3-thread-32] tourGuide.service.RewardsService         : getDistance called
2023-01-20T14:46:40.714+01:00  INFO 5134 --- [ool-3-thread-68] tourGuide.service.RewardsService         : getDistance called
2023-01-20T14:46:40.716+01:00  INFO 5134 --- [ool-3-thread-55] tourGuide.service.RewardsService         : nearAttraction called with El Paso Zoo
2023-01-20T14:46:40.714+01:00  INFO 5134 --- [ool-3-thread-69] tourGuide.service.RewardsService         : getDistance called
2023-01-20T14:46:40.716+01:00  INFO 5134 --- [ool-3-thread-68] tourGuide.service.RewardsService         : nearAttraction called with Bronx Zoo
2023-01-20T14:46:40.714+01:00  INFO 5134 --- [ool-3-thread-17] tourGuide.service.RewardsService         : nearAttraction called with Flowers Bakery of London
2023-01-20T14:46:40.716+01:00  INFO 5134 --- [ool-3-thread-68] tourGuide.service.RewardsService         : getDistance called
2023-01-20T14:46:40.714+01:00  INFO 5134 --- [pool-3-thread-2] tourGuide.service.RewardsService         : getDistance called
2023-01-20T14:46:40.716+01:00  INFO 5134 --- [ool-3-thread-17] tourGuide.service.RewardsService         : getDistance called
2023-01-20T14:46:40.716+01:00  INFO 5134 --- [ool-3-thread-68] tourGuide.service.RewardsService         : nearAttraction called with Disneyland
2023-01-20T14:46:40.714+01:00  INFO 5134 --- [ool-3-thread-11] tourGuide.service.RewardsService         : nearAttraction called with Flatiron Building
2023-01-20T14:46:40.716+01:00  INFO 5134 --- [ool-3-thread-68] tourGuide.service.RewardsService         : getDistance called
2023-01-20T14:46:40.714+01:00  INFO 5134 --- [ool-3-thread-19] tourGuide.service.RewardsService         : getDistance called
2023-01-20T14:46:40.716+01:00  INFO 5134 --- [ool-3-thread-68] tourGuide.service.RewardsService         : getRewardPoints called with Disneyland and internalUser80
2023-01-20T14:46:40.714+01:00  INFO 5134 --- [ool-3-thread-58] tourGuide.service.RewardsService         : nearAttraction called with Fallingwater
2023-01-20T14:46:40.716+01:00  INFO 5134 --- [ool-3-thread-19] tourGuide.service.RewardsService         : nearAttraction called with Joshua Tree National Park
2023-01-20T14:46:40.716+01:00  INFO 5134 --- [ool-3-thread-58] tourGuide.service.RewardsService         : getDistance called
2023-01-20T14:46:40.714+01:00  INFO 5134 --- [ool-3-thread-59] tourGuide.service.RewardsService         : getDistance called
2023-01-20T14:46:40.714+01:00  INFO 5134 --- [ool-3-thread-20] tourGuide.service.RewardsService         : getDistance called
2023-01-20T14:46:40.714+01:00  INFO 5134 --- [ool-3-thread-66] tourGuide.service.RewardsService         : getDistance called
2023-01-20T14:46:40.716+01:00  INFO 5134 --- [ool-3-thread-59] tourGuide.service.RewardsService         : nearAttraction called with Hot Springs National Park
2023-01-20T14:46:40.714+01:00  INFO 5134 --- [ool-3-thread-30] tourGuide.service.RewardsService         : nearAttraction called with Texas Memorial Stadium
2023-01-20T14:46:40.716+01:00  INFO 5134 --- [ool-3-thread-66] tourGuide.service.RewardsService         : nearAttraction called with Legend Valley
2023-01-20T14:46:40.714+01:00  INFO 5134 --- [ool-3-thread-13] tourGuide.service.RewardsService         : nearAttraction called with Bryant-Denny Stadium
2023-01-20T14:46:40.716+01:00  INFO 5134 --- [ool-3-thread-66] tourGuide.service.RewardsService         : getDistance called
2023-01-20T14:46:40.714+01:00  INFO 5134 --- [ool-3-thread-53] tourGuide.service.RewardsService         : getDistance called
2023-01-20T14:46:40.716+01:00  INFO 5134 --- [ool-3-thread-13] tourGuide.service.RewardsService         : getDistance called
2023-01-20T14:46:40.716+01:00  INFO 5134 --- [ool-3-thread-66] tourGuide.service.RewardsService         : nearAttraction called with Flowers Bakery of London
2023-01-20T14:46:40.714+01:00  INFO 5134 --- [ool-3-thread-70] tourGuide.service.RewardsService         : nearAttraction called with Tiger Stadium
2023-01-20T14:46:40.716+01:00  INFO 5134 --- [ool-3-thread-53] tourGuide.service.RewardsService         : nearAttraction called with McKinley Tower
2023-01-20T14:46:40.714+01:00  INFO 5134 --- [ool-3-thread-27] tourGuide.service.RewardsService         : getDistance called
2023-01-20T14:46:40.714+01:00  INFO 5134 --- [ool-3-thread-10] tourGuide.service.RewardsService         : getDistance called
2023-01-20T14:46:40.717+01:00  INFO 5134 --- [ool-3-thread-53] tourGuide.service.RewardsService         : getDistance called
2023-01-20T14:46:40.714+01:00  INFO 5134 --- [ool-3-thread-63] tourGuide.service.RewardsService         : nearAttraction called with Kyle Field
2023-01-20T14:46:40.714+01:00  INFO 5134 --- [ool-3-thread-36] tourGuide.service.RewardsService         : getDistance called
2023-01-20T14:46:40.717+01:00  INFO 5134 --- [ool-3-thread-63] tourGuide.service.RewardsService         : getDistance called
2023-01-20T14:46:40.714+01:00  INFO 5134 --- [ool-6-thread-13] tourGuide.service.RewardsService         : Rewards of internalUser88 calculated by calculateRewards
2023-01-20T14:46:40.714+01:00  INFO 5134 --- [ool-3-thread-38] tourGuide.service.RewardsService         : getDistance called
2023-01-20T14:46:40.714+01:00  INFO 5134 --- [ool-3-thread-61] tourGuide.service.RewardsService         : nearAttraction called with Zoo Tampa at Lowry Park
2023-01-20T14:46:40.717+01:00  INFO 5134 --- [ool-3-thread-38] tourGuide.service.RewardsService         : nearAttraction called with Tiger Stadium
2023-01-20T14:46:40.714+01:00  INFO 5134 --- [ool-3-thread-12] tourGuide.service.RewardsService         : nearAttraction called with Franklin Park Zoo
2023-01-20T14:46:40.714+01:00  INFO 5134 --- [ool-3-thread-41] tourGuide.service.RewardsService         : nearAttraction called with El Paso Zoo
2023-01-20T14:46:40.717+01:00  INFO 5134 --- [ool-3-thread-12] tourGuide.service.RewardsService         : getDistance called
2023-01-20T14:46:40.715+01:00  INFO 5134 --- [ool-3-thread-43] tourGuide.service.RewardsService         : getDistance called
2023-01-20T14:46:40.715+01:00  INFO 5134 --- [pool-3-thread-9] tourGuide.service.RewardsService         : getDistance called
2023-01-20T14:46:40.717+01:00  INFO 5134 --- [ool-3-thread-43] tourGuide.service.RewardsService         : nearAttraction called with Kyle Field
2023-01-20T14:46:40.715+01:00  INFO 5134 --- [pool-3-thread-6] tourGuide.service.RewardsService         : nearAttraction called with Kansas City Zoo
2023-01-20T14:46:40.717+01:00  INFO 5134 --- [pool-3-thread-9] tourGuide.service.RewardsService         : nearAttraction called with San Diego Zoo
2023-01-20T14:46:40.715+01:00  INFO 5134 --- [ool-3-thread-37] tourGuide.service.RewardsService         : getDistance called
2023-01-20T14:46:40.717+01:00  INFO 5134 --- [pool-3-thread-9] tourGuide.service.RewardsService         : getDistance called
2023-01-20T14:46:40.715+01:00  INFO 5134 --- [ool-3-thread-22] tourGuide.service.RewardsService         : nearAttraction called with Bronx Zoo
2023-01-20T14:46:40.715+01:00  INFO 5134 --- [ool-3-thread-48] tourGuide.service.RewardsService         : getDistance called
2023-01-20T14:46:40.717+01:00  INFO 5134 --- [ool-3-thread-22] tourGuide.service.RewardsService         : getDistance called
2023-01-20T14:46:40.715+01:00  INFO 5134 --- [ool-3-thread-24] tourGuide.service.RewardsService         : getDistance called
2023-01-20T14:46:40.717+01:00  INFO 5134 --- [ool-3-thread-48] tourGuide.service.RewardsService         : nearAttraction called with El Paso Zoo
2023-01-20T14:46:40.715+01:00  INFO 5134 --- [ool-3-thread-23] tourGuide.service.RewardsService         : nearAttraction called with Jackson Hole
2023-01-20T14:46:40.715+01:00  INFO 5134 --- [ool-3-thread-33] tourGuide.service.RewardsService         : nearAttraction called with Mojave National Preserve
2023-01-20T14:46:40.717+01:00  INFO 5134 --- [ool-3-thread-23] tourGuide.service.RewardsService         : getDistance called
2023-01-20T14:46:40.717+01:00  INFO 5134 --- [ool-3-thread-33] tourGuide.service.RewardsService         : getDistance called
2023-01-20T14:46:40.715+01:00  INFO 5134 --- [pool-3-thread-7] tourGuide.service.RewardsService         : getRewardPoints called with Disneyland and internalUser81
2023-01-20T14:46:40.717+01:00  INFO 5134 --- [ool-3-thread-23] tourGuide.service.RewardsService         : nearAttraction called with Cinderella Castle
2023-01-20T14:46:40.715+01:00  INFO 5134 --- [ool-3-thread-67] tourGuide.service.RewardsService         : nearAttraction called with Joshua Tree National Park
2023-01-20T14:46:40.717+01:00  INFO 5134 --- [ool-3-thread-23] tourGuide.service.RewardsService         : getDistance called
2023-01-20T14:46:40.717+01:00  INFO 5134 --- [ool-3-thread-67] tourGuide.service.RewardsService         : getDistance called
2023-01-20T14:46:40.715+01:00  INFO 5134 --- [pool-3-thread-4] tourGuide.service.RewardsService         : nearAttraction called with Buffalo National River
2023-01-20T14:46:40.715+01:00  INFO 5134 --- [ool-3-thread-52] tourGuide.service.RewardsService         : getDistance called
2023-01-20T14:46:40.717+01:00  INFO 5134 --- [pool-3-thread-4] tourGuide.service.RewardsService         : getDistance called
2023-01-20T14:46:40.715+01:00  INFO 5134 --- [ool-3-thread-40] tourGuide.service.RewardsService         : nearAttraction called with Hot Springs National Park
2023-01-20T14:46:40.715+01:00  INFO 5134 --- [ool-3-thread-44] tourGuide.service.RewardsService         : nearAttraction called with Legend Valley
2023-01-20T14:46:40.717+01:00  INFO 5134 --- [ool-3-thread-40] tourGuide.service.RewardsService         : getDistance called
2023-01-20T14:46:40.715+01:00  INFO 5134 --- [ool-3-thread-54] tourGuide.service.RewardsService         : nearAttraction called with Flowers Bakery of London
2023-01-20T14:46:40.715+01:00  INFO 5134 --- [ool-3-thread-49] tourGuide.service.RewardsService         : nearAttraction called with Flatiron Building
2023-01-20T14:46:40.717+01:00  INFO 5134 --- [ool-3-thread-54] tourGuide.service.RewardsService         : getDistance called
2023-01-20T14:46:40.715+01:00  INFO 5134 --- [pool-3-thread-5] tourGuide.service.RewardsService         : nearAttraction called with Union Station
2023-01-20T14:46:40.715+01:00  INFO 5134 --- [ool-3-thread-39] tourGuide.service.RewardsService         : getDistance called
2023-01-20T14:46:40.718+01:00  INFO 5134 --- [ool-3-thread-49] tourGuide.service.RewardsService         : getDistance called
2023-01-20T14:46:40.718+01:00  INFO 5134 --- [pool-3-thread-5] tourGuide.service.RewardsService         : getDistance called
2023-01-20T14:46:40.715+01:00  INFO 5134 --- [ool-3-thread-47] tourGuide.service.RewardsService         : getDistance called
2023-01-20T14:46:40.718+01:00  INFO 5134 --- [ool-3-thread-49] tourGuide.service.RewardsService         : nearAttraction called with Flowers Bakery of London
2023-01-20T14:46:40.718+01:00  INFO 5134 --- [pool-3-thread-5] tourGuide.service.RewardsService         : nearAttraction called with McKinley Tower
2023-01-20T14:46:40.715+01:00  INFO 5134 --- [pool-3-thread-8] tourGuide.service.RewardsService         : nearAttraction called with Bryant-Denny Stadium
2023-01-20T14:46:40.715+01:00  INFO 5134 --- [ool-3-thread-21] tourGuide.service.RewardsService         : nearAttraction called with Tiger Stadium
2023-01-20T14:46:40.718+01:00  INFO 5134 --- [pool-3-thread-8] tourGuide.service.RewardsService         : getDistance called
2023-01-20T14:46:40.718+01:00  INFO 5134 --- [ool-3-thread-21] tourGuide.service.RewardsService         : getDistance called
2023-01-20T14:46:40.715+01:00  INFO 5134 --- [ool-3-thread-56] tourGuide.service.RewardsService         : getDistance called
2023-01-20T14:46:40.718+01:00  INFO 5134 --- [pool-3-thread-8] tourGuide.service.RewardsService         : nearAttraction called with Fallingwater
2023-01-20T14:46:40.716+01:00  INFO 5134 --- [ool-3-thread-42] tourGuide.service.RewardsService         : getDistance called
2023-01-20T14:46:40.718+01:00  INFO 5134 --- [pool-3-thread-8] tourGuide.service.RewardsService         : getDistance called
2023-01-20T14:46:40.716+01:00  INFO 5134 --- [ool-3-thread-18] tourGuide.service.RewardsService         : nearAttraction called with Neyland Stadium
2023-01-20T14:46:40.716+01:00  INFO 5134 --- [ool-3-thread-25] tourGuide.service.RewardsService         : nearAttraction called with Kyle Field
2023-01-20T14:46:40.718+01:00  INFO 5134 --- [pool-3-thread-8] tourGuide.service.RewardsService         : nearAttraction called with Bryant-Denny Stadium
2023-01-20T14:46:40.716+01:00  INFO 5134 --- [ool-3-thread-16] tourGuide.service.RewardsService         : getRewardPoints called with Disneyland and internalUser84
2023-01-20T14:46:40.718+01:00  INFO 5134 --- [pool-3-thread-8] tourGuide.service.RewardsService         : getDistance called
2023-01-20T14:46:40.716+01:00  INFO 5134 --- [pool-3-thread-3] tourGuide.service.RewardsService         : nearAttraction called with Zoo Tampa at Lowry Park
2023-01-20T14:46:40.716+01:00  INFO 5134 --- [ool-3-thread-34] tourGuide.service.RewardsService         : getDistance called
2023-01-20T14:46:40.718+01:00  INFO 5134 --- [pool-3-thread-3] tourGuide.service.RewardsService         : getDistance called
2023-01-20T14:46:40.716+01:00  INFO 5134 --- [ool-3-thread-35] tourGuide.service.RewardsService         : nearAttraction called with Franklin Park Zoo
2023-01-20T14:46:40.716+01:00  INFO 5134 --- [ool-3-thread-62] tourGuide.service.RewardsService         : getDistance called
2023-01-20T14:46:40.718+01:00  INFO 5134 --- [ool-3-thread-35] tourGuide.service.RewardsService         : getDistance called
2023-01-20T14:46:40.716+01:00  INFO 5134 --- [ool-3-thread-32] tourGuide.service.RewardsService         : nearAttraction called with Kansas City Zoo
2023-01-20T14:46:40.716+01:00  INFO 5134 --- [ool-3-thread-55] tourGuide.service.RewardsService         : getDistance called
2023-01-20T14:46:40.716+01:00  INFO 5134 --- [ool-3-thread-69] tourGuide.service.RewardsService         : nearAttraction called with Cinderella Castle
2023-01-20T14:46:40.716+01:00  INFO 5134 --- [pool-3-thread-2] tourGuide.service.RewardsService         : nearAttraction called with Jackson Hole
2023-01-20T14:46:40.718+01:00  INFO 5134 --- [ool-3-thread-69] tourGuide.service.RewardsService         : getDistance called
2023-01-20T14:46:40.716+01:00  INFO 5134 --- [ool-3-thread-17] tourGuide.service.RewardsService         : nearAttraction called with Mojave National Preserve
2023-01-20T14:46:40.718+01:00  INFO 5134 --- [ool-3-thread-69] tourGuide.service.RewardsService         : nearAttraction called with El Paso Zoo
2023-01-20T14:46:40.716+01:00  INFO 5134 --- [ool-3-thread-11] tourGuide.service.RewardsService         : getDistance called
2023-01-20T14:46:40.716+01:00  INFO 5134 --- [ool-3-thread-19] tourGuide.service.RewardsService         : getDistance called
2023-01-20T14:46:40.716+01:00  INFO 5134 --- [ool-3-thread-58] tourGuide.service.RewardsService         : nearAttraction called with Buffalo National River
2023-01-20T14:46:40.716+01:00  INFO 5134 --- [ool-3-thread-20] tourGuide.service.RewardsService         : nearAttraction called with Kartchner Caverns State Park
2023-01-20T14:46:40.716+01:00  INFO 5134 --- [ool-3-thread-59] tourGuide.service.RewardsService         : getDistance called
2023-01-20T14:46:40.718+01:00  INFO 5134 --- [ool-3-thread-20] tourGuide.service.RewardsService         : getDistance called
2023-01-20T14:46:40.716+01:00  INFO 5134 --- [ool-3-thread-30] tourGuide.service.RewardsService         : getDistance called
2023-01-20T14:46:40.718+01:00  INFO 5134 --- [ool-3-thread-59] tourGuide.service.RewardsService         : nearAttraction called with Cinderella Castle
2023-01-20T14:46:40.716+01:00  INFO 5134 --- [ool-3-thread-66] tourGuide.service.RewardsService         : getDistance called
2023-01-20T14:46:40.718+01:00  INFO 5134 --- [ool-3-thread-59] tourGuide.service.RewardsService         : getDistance called
2023-01-20T14:46:40.716+01:00  INFO 5134 --- [ool-3-thread-13] tourGuide.service.RewardsService         : nearAttraction called with Flatiron Building
2023-01-20T14:46:40.718+01:00  INFO 5134 --- [ool-3-thread-66] tourGuide.service.RewardsService         : nearAttraction called with Mojave National Preserve
2023-01-20T14:46:40.718+01:00  INFO 5134 --- [ool-3-thread-59] tourGuide.service.RewardsService         : nearAttraction called with Joshua Tree National Park
2023-01-20T14:46:40.718+01:00  INFO 5134 --- [ool-3-thread-13] tourGuide.service.RewardsService         : getDistance called
2023-01-20T14:46:40.716+01:00  INFO 5134 --- [ool-3-thread-70] tourGuide.service.RewardsService         : getDistance called
2023-01-20T14:46:40.719+01:00  INFO 5134 --- [ool-3-thread-66] tourGuide.service.RewardsService         : getDistance called
2023-01-20T14:46:40.717+01:00  INFO 5134 --- [ool-3-thread-27] tourGuide.service.RewardsService         : nearAttraction called with Fallingwater
2023-01-20T14:46:40.717+01:00  INFO 5134 --- [ool-3-thread-10] tourGuide.service.RewardsService         : nearAttraction called with Union Station
2023-01-20T14:46:40.719+01:00  INFO 5134 --- [ool-3-thread-27] tourGuide.service.RewardsService         : getDistance called
2023-01-20T14:46:40.717+01:00  INFO 5134 --- [ool-3-thread-53] tourGuide.service.RewardsService         : nearAttraction called with Roger Dean Stadium
2023-01-20T14:46:40.719+01:00  INFO 5134 --- [ool-3-thread-10] tourGuide.service.RewardsService         : getDistance called
2023-01-20T14:46:40.719+01:00  INFO 5134 --- [ool-3-thread-27] tourGuide.service.RewardsService         : nearAttraction called with Legend Valley
2023-01-20T14:46:40.717+01:00  INFO 5134 --- [ool-3-thread-63] tourGuide.service.RewardsService         : nearAttraction called with Bryant-Denny Stadium
2023-01-20T14:46:40.719+01:00  INFO 5134 --- [ool-3-thread-10] tourGuide.service.RewardsService         : nearAttraction called with Flowers Bakery of London
2023-01-20T14:46:40.717+01:00  INFO 5134 --- [ool-3-thread-36] tourGuide.service.RewardsService         : nearAttraction called with Texas Memorial Stadium
2023-01-20T14:46:40.719+01:00  INFO 5134 --- [ool-3-thread-10] tourGuide.service.RewardsService         : getDistance called
2023-01-20T14:46:40.717+01:00  INFO 5134 --- [ool-3-thread-61] tourGuide.service.RewardsService         : getDistance called
2023-01-20T14:46:40.717+01:00  INFO 5134 --- [ool-3-thread-38] tourGuide.service.RewardsService         : getDistance called
2023-01-20T14:46:40.717+01:00  INFO 5134 --- [ool-3-thread-41] tourGuide.service.RewardsService         : getDistance called
2023-01-20T14:46:40.717+01:00  INFO 5134 --- [ool-3-thread-12] tourGuide.service.RewardsService         : nearAttraction called with Neyland Stadium
2023-01-20T14:46:40.717+01:00  INFO 5134 --- [ool-3-thread-43] tourGuide.service.RewardsService         : getDistance called
2023-01-20T14:46:40.719+01:00  INFO 5134 --- [ool-3-thread-12] tourGuide.service.RewardsService         : getDistance called
2023-01-20T14:46:40.717+01:00  INFO 5134 --- [pool-3-thread-6] tourGuide.service.RewardsService         : getDistance called
2023-01-20T14:46:40.717+01:00  INFO 5134 --- [pool-3-thread-9] tourGuide.service.RewardsService         : nearAttraction called with Zoo Tampa at Lowry Park
2023-01-20T14:46:40.717+01:00  INFO 5134 --- [ool-3-thread-37] tourGuide.service.RewardsService         : nearAttraction called with Franklin Park Zoo
2023-01-20T14:46:40.719+01:00  INFO 5134 --- [pool-3-thread-6] tourGuide.service.RewardsService         : nearAttraction called with Bryant-Denny Stadium
2023-01-20T14:46:40.717+01:00  INFO 5134 --- [ool-3-thread-22] tourGuide.service.RewardsService         : nearAttraction called with Kansas City Zoo
2023-01-20T14:46:40.719+01:00  INFO 5134 --- [pool-3-thread-6] tourGuide.service.RewardsService         : getDistance called
2023-01-20T14:46:40.717+01:00  INFO 5134 --- [ool-3-thread-24] tourGuide.service.RewardsService         : nearAttraction called with Bronx Zoo
2023-01-20T14:46:40.717+01:00  INFO 5134 --- [ool-3-thread-48] tourGuide.service.RewardsService         : getDistance called
2023-01-20T14:46:40.719+01:00  INFO 5134 --- [ool-3-thread-24] tourGuide.service.RewardsService         : getDistance called
2023-01-20T14:46:40.717+01:00  INFO 5134 --- [ool-3-thread-33] tourGuide.service.RewardsService         : nearAttraction called with Disneyland
2023-01-20T14:46:40.719+01:00  INFO 5134 --- [ool-3-thread-48] tourGuide.service.RewardsService         : nearAttraction called with Neyland Stadium
2023-01-20T14:46:40.719+01:00  INFO 5134 --- [ool-3-thread-33] tourGuide.service.RewardsService         : getDistance called
2023-01-20T14:46:40.719+01:00  INFO 5134 --- [ool-3-thread-48] tourGuide.service.RewardsService         : getDistance called
2023-01-20T14:46:40.717+01:00  INFO 5134 --- [ool-3-thread-23] tourGuide.service.RewardsService         : nearAttraction called with Jackson Hole
2023-01-20T14:46:40.719+01:00  INFO 5134 --- [ool-3-thread-33] tourGuide.service.RewardsService         : getRewardPoints called with Disneyland and internalUser83
2023-01-20T14:46:40.719+01:00  INFO 5134 --- [ool-3-thread-48] tourGuide.service.RewardsService         : nearAttraction called with San Diego Zoo
2023-01-20T14:46:40.717+01:00  INFO 5134 --- [ool-3-thread-67] tourGuide.service.RewardsService         : nearAttraction called with Mojave National Preserve
2023-01-20T14:46:40.719+01:00  INFO 5134 --- [ool-3-thread-48] tourGuide.service.RewardsService         : getDistance called
2023-01-20T14:46:40.717+01:00  INFO 5134 --- [pool-3-thread-4] tourGuide.service.RewardsService         : nearAttraction called with Joshua Tree National Park
2023-01-20T14:46:40.717+01:00  INFO 5134 --- [ool-3-thread-52] tourGuide.service.RewardsService         : nearAttraction called with Buffalo National River
2023-01-20T14:46:40.719+01:00  INFO 5134 --- [pool-3-thread-4] tourGuide.service.RewardsService         : getDistance called
2023-01-20T14:46:40.717+01:00  INFO 5134 --- [ool-3-thread-44] tourGuide.service.RewardsService         : getDistance called
2023-01-20T14:46:40.717+01:00  INFO 5134 --- [ool-3-thread-40] tourGuide.service.RewardsService         : nearAttraction called with Hot Springs National Park
2023-01-20T14:46:40.718+01:00  INFO 5134 --- [ool-3-thread-54] tourGuide.service.RewardsService         : nearAttraction called with Kartchner Caverns State Park
2023-01-20T14:46:40.719+01:00  INFO 5134 --- [ool-3-thread-40] tourGuide.service.RewardsService         : getDistance called
2023-01-20T14:46:40.718+01:00  INFO 5134 --- [ool-3-thread-39] tourGuide.service.RewardsService         : nearAttraction called with Legend Valley
2023-01-20T14:46:40.719+01:00  INFO 5134 --- [ool-3-thread-54] tourGuide.service.RewardsService         : getDistance called
2023-01-20T14:46:40.718+01:00  INFO 5134 --- [ool-3-thread-47] tourGuide.service.RewardsService         : nearAttraction called with Flatiron Building
2023-01-20T14:46:40.719+01:00  INFO 5134 --- [ool-3-thread-39] tourGuide.service.RewardsService         : getDistance called
2023-01-20T14:46:40.719+01:00  INFO 5134 --- [ool-3-thread-54] tourGuide.service.RewardsService         : nearAttraction called with Bronx Zoo
2023-01-20T14:46:40.718+01:00  INFO 5134 --- [ool-3-thread-49] tourGuide.service.RewardsService         : getDistance called
2023-01-20T14:46:40.718+01:00  INFO 5134 --- [pool-3-thread-5] tourGuide.service.RewardsService         : getDistance called
2023-01-20T14:46:40.720+01:00  INFO 5134 --- [ool-3-thread-54] tourGuide.service.RewardsService         : getDistance called
2023-01-20T14:46:40.718+01:00  INFO 5134 --- [ool-3-thread-21] tourGuide.service.RewardsService         : nearAttraction called with Union Station
2023-01-20T14:46:40.718+01:00  INFO 5134 --- [ool-3-thread-56] tourGuide.service.RewardsService         : nearAttraction called with Roger Dean Stadium
2023-01-20T14:46:40.720+01:00  INFO 5134 --- [ool-3-thread-21] tourGuide.service.RewardsService         : getDistance called
2023-01-20T14:46:40.720+01:00  INFO 5134 --- [ool-3-thread-56] tourGuide.service.RewardsService         : getDistance called
2023-01-20T14:46:40.718+01:00  INFO 5134 --- [ool-3-thread-42] tourGuide.service.RewardsService         : nearAttraction called with Texas Memorial Stadium
2023-01-20T14:46:40.720+01:00  INFO 5134 --- [ool-3-thread-21] tourGuide.service.RewardsService         : nearAttraction called with Joshua Tree National Park
2023-01-20T14:46:40.720+01:00  INFO 5134 --- [ool-3-thread-56] tourGuide.service.RewardsService         : nearAttraction called with Buffalo National River
2023-01-20T14:46:40.718+01:00  INFO 5134 --- [ool-3-thread-18] tourGuide.service.RewardsService         : getDistance called
2023-01-20T14:46:40.720+01:00  INFO 5134 --- [ool-3-thread-56] tourGuide.service.RewardsService         : getDistance called
2023-01-20T14:46:40.718+01:00  INFO 5134 --- [ool-3-thread-25] tourGuide.service.RewardsService         : getDistance called
2023-01-20T14:46:40.718+01:00  INFO 5134 --- [pool-3-thread-8] tourGuide.service.RewardsService         : nearAttraction called with Tiger Stadium
2023-01-20T14:46:40.718+01:00  INFO 5134 --- [ool-3-thread-34] tourGuide.service.RewardsService         : nearAttraction called with Neyland Stadium
2023-01-20T14:46:40.720+01:00  INFO 5134 --- [pool-3-thread-8] tourGuide.service.RewardsService         : getDistance called
2023-01-20T14:46:40.718+01:00  INFO 5134 --- [pool-3-thread-3] tourGuide.service.RewardsService         : nearAttraction called with Kyle Field
2023-01-20T14:46:40.718+01:00  INFO 5134 --- [ool-3-thread-62] tourGuide.service.RewardsService         : nearAttraction called with San Diego Zoo
2023-01-20T14:46:40.718+01:00  INFO 5134 --- [ool-3-thread-35] tourGuide.service.RewardsService         : nearAttraction called with Zoo Tampa at Lowry Park
2023-01-20T14:46:40.718+01:00  INFO 5134 --- [ool-3-thread-32] tourGuide.service.RewardsService         : getDistance called
2023-01-20T14:46:40.720+01:00  INFO 5134 --- [ool-3-thread-35] tourGuide.service.RewardsService         : getDistance called
2023-01-20T14:46:40.718+01:00  INFO 5134 --- [ool-3-thread-55] tourGuide.service.RewardsService         : nearAttraction called with Franklin Park Zoo
2023-01-20T14:46:40.720+01:00  INFO 5134 --- [ool-3-thread-32] tourGuide.service.RewardsService         : nearAttraction called with McKinley Tower
2023-01-20T14:46:40.720+01:00  INFO 5134 --- [ool-3-thread-55] tourGuide.service.RewardsService         : getDistance called
2023-01-20T14:46:40.718+01:00  INFO 5134 --- [pool-3-thread-2] tourGuide.service.RewardsService         : getDistance called
2023-01-20T14:46:40.718+01:00  INFO 5134 --- [ool-3-thread-17] tourGuide.service.RewardsService         : getDistance called
2023-01-20T14:46:40.718+01:00  INFO 5134 --- [ool-3-thread-69] tourGuide.service.RewardsService         : getDistance called
2023-01-20T14:46:40.718+01:00  INFO 5134 --- [ool-3-thread-11] tourGuide.service.RewardsService         : nearAttraction called with Kansas City Zoo
2023-01-20T14:46:40.718+01:00  INFO 5134 --- [ool-3-thread-19] tourGuide.service.RewardsService         : nearAttraction called with Bronx Zoo
2023-01-20T14:46:40.718+01:00  INFO 5134 --- [ool-3-thread-58] tourGuide.service.RewardsService         : getDistance called
2023-01-20T14:46:40.720+01:00  INFO 5134 --- [ool-3-thread-19] tourGuide.service.RewardsService         : getDistance called
2023-01-20T14:46:40.718+01:00  INFO 5134 --- [ool-3-thread-20] tourGuide.service.RewardsService         : nearAttraction called with Disneyland
2023-01-20T14:46:40.718+01:00  INFO 5134 --- [ool-3-thread-30] tourGuide.service.RewardsService         : nearAttraction called with Jackson Hole
2023-01-20T14:46:40.719+01:00  INFO 5134 --- [ool-3-thread-59] tourGuide.service.RewardsService         : getDistance called
2023-01-20T14:46:40.720+01:00  INFO 5134 --- [ool-3-thread-30] tourGuide.service.RewardsService         : getDistance called
2023-01-20T14:46:40.719+01:00  INFO 5134 --- [ool-3-thread-13] tourGuide.service.RewardsService         : nearAttraction called with Buffalo National River
2023-01-20T14:46:40.720+01:00  INFO 5134 --- [ool-3-thread-59] tourGuide.service.RewardsService         : nearAttraction called with Neyland Stadium
2023-01-20T14:46:40.719+01:00  INFO 5134 --- [ool-3-thread-70] tourGuide.service.RewardsService         : nearAttraction called with Hot Springs National Park
2023-01-20T14:46:40.720+01:00  INFO 5134 --- [ool-3-thread-59] tourGuide.service.RewardsService         : getDistance called
2023-01-20T14:46:40.719+01:00  INFO 5134 --- [ool-3-thread-66] tourGuide.service.RewardsService         : nearAttraction called with Kartchner Caverns State Park
2023-01-20T14:46:40.720+01:00  INFO 5134 --- [ool-3-thread-59] tourGuide.service.RewardsService         : nearAttraction called with San Diego Zoo
2023-01-20T14:46:40.720+01:00  INFO 5134 --- [ool-3-thread-66] tourGuide.service.RewardsService         : getDistance called
2023-01-20T14:46:40.720+01:00  INFO 5134 --- [ool-3-thread-59] tourGuide.service.RewardsService         : getDistance called
2023-01-20T14:46:40.719+01:00  INFO 5134 --- [ool-3-thread-53] tourGuide.service.RewardsService         : getDistance called
2023-01-20T14:46:40.720+01:00  INFO 5134 --- [ool-3-thread-66] tourGuide.service.RewardsService         : nearAttraction called with Zoo Tampa at Lowry Park
2023-01-20T14:46:40.720+01:00  INFO 5134 --- [ool-3-thread-59] tourGuide.service.RewardsService         : nearAttraction called with Franklin Park Zoo
2023-01-20T14:46:40.719+01:00  INFO 5134 --- [ool-3-thread-27] tourGuide.service.RewardsService         : getDistance called
2023-01-20T14:46:40.719+01:00  INFO 5134 --- [ool-3-thread-63] tourGuide.service.RewardsService         : getDistance called
2023-01-20T14:46:40.721+01:00  INFO 5134 --- [ool-3-thread-59] tourGuide.service.RewardsService         : getDistance called
2023-01-20T14:46:40.721+01:00  INFO 5134 --- [ool-3-thread-27] tourGuide.service.RewardsService         : nearAttraction called with Kansas City Zoo
2023-01-20T14:46:40.719+01:00  INFO 5134 --- [ool-3-thread-36] tourGuide.service.RewardsService         : getDistance called
2023-01-20T14:46:40.721+01:00  INFO 5134 --- [ool-3-thread-59] tourGuide.service.RewardsService         : nearAttraction called with Cinderella Castle
2023-01-20T14:46:40.719+01:00  INFO 5134 --- [ool-3-thread-10] tourGuide.service.RewardsService         : nearAttraction called with McKinley Tower
2023-01-20T14:46:40.721+01:00  INFO 5134 --- [ool-3-thread-59] tourGuide.service.RewardsService         : getDistance called
2023-01-20T14:46:40.721+01:00  INFO 5134 --- [ool-3-thread-36] tourGuide.service.RewardsService         : nearAttraction called with Disneyland
2023-01-20T14:46:40.719+01:00  INFO 5134 --- [ool-3-thread-61] tourGuide.service.RewardsService         : nearAttraction called with Flatiron Building
2023-01-20T14:46:40.719+01:00  INFO 5134 --- [ool-3-thread-38] tourGuide.service.RewardsService         : nearAttraction called with Fallingwater
2023-01-20T14:46:40.719+01:00  INFO 5134 --- [ool-3-thread-41] tourGuide.service.RewardsService         : nearAttraction called with Union Station
2023-01-20T14:46:40.721+01:00  INFO 5134 --- [ool-3-thread-38] tourGuide.service.RewardsService         : getDistance called
2023-01-20T14:46:40.721+01:00  INFO 5134 --- [ool-3-thread-41] tourGuide.service.RewardsService         : getDistance called
2023-01-20T14:46:40.719+01:00  INFO 5134 --- [ool-3-thread-43] tourGuide.service.RewardsService         : nearAttraction called with Roger Dean Stadium
2023-01-20T14:46:40.721+01:00  INFO 5134 --- [ool-3-thread-38] tourGuide.service.RewardsService         : nearAttraction called with Mojave National Preserve
2023-01-20T14:46:40.721+01:00  INFO 5134 --- [ool-3-thread-41] tourGuide.service.RewardsService         : nearAttraction called with Joshua Tree National Park
2023-01-20T14:46:40.721+01:00  INFO 5134 --- [ool-3-thread-38] tourGuide.service.RewardsService         : getDistance called
2023-01-20T14:46:40.721+01:00  INFO 5134 --- [ool-3-thread-41] tourGuide.service.RewardsService         : getDistance called
2023-01-20T14:46:40.719+01:00  INFO 5134 --- [ool-3-thread-12] tourGuide.service.RewardsService         : nearAttraction called with Texas Memorial Stadium
2023-01-20T14:46:40.721+01:00  INFO 5134 --- [ool-3-thread-38] tourGuide.service.RewardsService         : nearAttraction called with Buffalo National River
2023-01-20T14:46:40.721+01:00  INFO 5134 --- [ool-3-thread-41] tourGuide.service.RewardsService         : nearAttraction called with Hot Springs National Park
2023-01-20T14:46:40.721+01:00  INFO 5134 --- [ool-3-thread-38] tourGuide.service.RewardsService         : getDistance called
2023-01-20T14:46:40.719+01:00  INFO 5134 --- [pool-3-thread-9] tourGuide.service.RewardsService         : getDistance called
2023-01-20T14:46:40.721+01:00  INFO 5134 --- [ool-3-thread-41] tourGuide.service.RewardsService         : getDistance called
2023-01-20T14:46:40.721+01:00  INFO 5134 --- [ool-3-thread-38] tourGuide.service.RewardsService         : nearAttraction called with Kartchner Caverns State Park
2023-01-20T14:46:40.721+01:00  INFO 5134 --- [pool-3-thread-9] tourGuide.service.RewardsService         : nearAttraction called with Legend Valley
2023-01-20T14:46:40.721+01:00  INFO 5134 --- [ool-3-thread-38] tourGuide.service.RewardsService         : getDistance called
2023-01-20T14:46:40.721+01:00  INFO 5134 --- [pool-3-thread-9] tourGuide.service.RewardsService         : getDistance called
2023-01-20T14:46:40.719+01:00  INFO 5134 --- [ool-3-thread-37] tourGuide.service.RewardsService         : getDistance called
2023-01-20T14:46:40.719+01:00  INFO 5134 --- [ool-3-thread-22] tourGuide.service.RewardsService         : getDistance called
2023-01-20T14:46:40.719+01:00  INFO 5134 --- [pool-3-thread-6] tourGuide.service.RewardsService         : nearAttraction called with Tiger Stadium
2023-01-20T14:46:40.719+01:00  INFO 5134 --- [ool-3-thread-24] tourGuide.service.RewardsService         : nearAttraction called with Kyle Field
2023-01-20T14:46:40.719+01:00  INFO 5134 --- [ool-3-thread-23] tourGuide.service.RewardsService         : getDistance called
2023-01-20T14:46:40.721+01:00  INFO 5134 --- [ool-3-thread-24] tourGuide.service.RewardsService         : getDistance called
2023-01-20T14:46:40.719+01:00  INFO 5134 --- [ool-3-thread-67] tourGuide.service.RewardsService         : getDistance called
2023-01-20T14:46:40.719+01:00  INFO 5134 --- [ool-3-thread-48] tourGuide.service.RewardsService         : nearAttraction called with Zoo Tampa at Lowry Park
2023-01-20T14:46:40.719+01:00  INFO 5134 --- [ool-3-thread-52] tourGuide.service.RewardsService         : getDistance called
2023-01-20T14:46:40.721+01:00  INFO 5134 --- [ool-3-thread-48] tourGuide.service.RewardsService         : getDistance called
2023-01-20T14:46:40.719+01:00  INFO 5134 --- [pool-3-thread-4] tourGuide.service.RewardsService         : nearAttraction called with Franklin Park Zoo
2023-01-20T14:46:40.721+01:00  INFO 5134 --- [ool-3-thread-52] tourGuide.service.RewardsService         : nearAttraction called with Tiger Stadium
2023-01-20T14:46:40.719+01:00  INFO 5134 --- [ool-3-thread-44] tourGuide.service.RewardsService         : nearAttraction called with El Paso Zoo
2023-01-20T14:46:40.721+01:00  INFO 5134 --- [ool-3-thread-52] tourGuide.service.RewardsService         : getDistance called
2023-01-20T14:46:40.719+01:00  INFO 5134 --- [ool-3-thread-40] tourGuide.service.RewardsService         : nearAttraction called with Kansas City Zoo
2023-01-20T14:46:40.721+01:00  INFO 5134 --- [ool-3-thread-44] tourGuide.service.RewardsService         : getDistance called
2023-01-20T14:46:40.721+01:00  INFO 5134 --- [ool-3-thread-40] tourGuide.service.RewardsService         : getDistance called
2023-01-20T14:46:40.720+01:00  INFO 5134 --- [ool-3-thread-47] tourGuide.service.RewardsService         : getDistance called
2023-01-20T14:46:40.720+01:00  INFO 5134 --- [ool-3-thread-39] tourGuide.service.RewardsService         : nearAttraction called with Cinderella Castle
2023-01-20T14:46:40.722+01:00  INFO 5134 --- [ool-3-thread-44] tourGuide.service.RewardsService         : nearAttraction called with San Diego Zoo
2023-01-20T14:46:40.722+01:00  INFO 5134 --- [ool-3-thread-47] tourGuide.service.RewardsService         : nearAttraction called with Franklin Park Zoo
2023-01-20T14:46:40.720+01:00  INFO 5134 --- [ool-3-thread-49] tourGuide.service.RewardsService         : nearAttraction called with Disneyland
2023-01-20T14:46:40.722+01:00  INFO 5134 --- [ool-3-thread-47] tourGuide.service.RewardsService         : getDistance called
2023-01-20T14:46:40.720+01:00  INFO 5134 --- [pool-3-thread-5] tourGuide.service.RewardsService         : nearAttraction called with Jackson Hole
2023-01-20T14:46:40.720+01:00  INFO 5134 --- [ool-3-thread-54] tourGuide.service.RewardsService         : nearAttraction called with Mojave National Preserve
2023-01-20T14:46:40.722+01:00  INFO 5134 --- [pool-3-thread-5] tourGuide.service.RewardsService         : getDistance called
2023-01-20T14:46:40.722+01:00  INFO 5134 --- [ool-3-thread-54] tourGuide.service.RewardsService         : getDistance called
2023-01-20T14:46:40.720+01:00  INFO 5134 --- [ool-3-thread-42] tourGuide.service.RewardsService         : getDistance called
2023-01-20T14:46:40.722+01:00  INFO 5134 --- [pool-3-thread-5] tourGuide.service.RewardsService         : nearAttraction called with Kansas City Zoo
2023-01-20T14:46:40.720+01:00  INFO 5134 --- [ool-3-thread-21] tourGuide.service.RewardsService         : getDistance called
2023-01-20T14:46:40.722+01:00  INFO 5134 --- [ool-3-thread-42] tourGuide.service.RewardsService         : nearAttraction called with Cinderella Castle
2023-01-20T14:46:40.720+01:00  INFO 5134 --- [ool-3-thread-18] tourGuide.service.RewardsService         : nearAttraction called with Hot Springs National Park
2023-01-20T14:46:40.722+01:00  INFO 5134 --- [ool-3-thread-42] tourGuide.service.RewardsService         : getDistance called
2023-01-20T14:46:40.720+01:00  INFO 5134 --- [ool-3-thread-56] tourGuide.service.RewardsService         : nearAttraction called with Kartchner Caverns State Park
2023-01-20T14:46:40.720+01:00  INFO 5134 --- [ool-3-thread-25] tourGuide.service.RewardsService         : nearAttraction called with Legend Valley
2023-01-20T14:46:40.722+01:00  INFO 5134 --- [ool-3-thread-56] tourGuide.service.RewardsService         : getDistance called
2023-01-20T14:46:40.720+01:00  INFO 5134 --- [ool-3-thread-34] tourGuide.service.RewardsService         : getDistance called
2023-01-20T14:46:40.720+01:00  INFO 5134 --- [pool-3-thread-8] tourGuide.service.RewardsService         : nearAttraction called with Flowers Bakery of London
2023-01-20T14:46:40.722+01:00  INFO 5134 --- [ool-3-thread-56] tourGuide.service.RewardsService         : nearAttraction called with Mojave National Preserve
2023-01-20T14:46:40.722+01:00  INFO 5134 --- [ool-3-thread-34] tourGuide.service.RewardsService         : nearAttraction called with Joshua Tree National Park
2023-01-20T14:46:40.720+01:00  INFO 5134 --- [pool-3-thread-3] tourGuide.service.RewardsService         : getDistance called
2023-01-20T14:46:40.720+01:00  INFO 5134 --- [ool-3-thread-62] tourGuide.service.RewardsService         : getDistance called
2023-01-20T14:46:40.720+01:00  INFO 5134 --- [ool-3-thread-35] tourGuide.service.RewardsService         : nearAttraction called with Flatiron Building
2023-01-20T14:46:40.722+01:00  INFO 5134 --- [pool-3-thread-3] tourGuide.service.RewardsService         : nearAttraction called with Buffalo National River
2023-01-20T14:46:40.722+01:00  INFO 5134 --- [ool-3-thread-62] tourGuide.service.RewardsService         : nearAttraction called with Hot Springs National Park
2023-01-20T14:46:40.722+01:00  INFO 5134 --- [pool-3-thread-3] tourGuide.service.RewardsService         : getDistance called
2023-01-20T14:46:40.722+01:00  INFO 5134 --- [ool-3-thread-62] tourGuide.service.RewardsService         : getDistance called
2023-01-20T14:46:40.720+01:00  INFO 5134 --- [ool-3-thread-32] tourGuide.service.RewardsService         : getDistance called
2023-01-20T14:46:40.722+01:00  INFO 5134 --- [pool-3-thread-3] tourGuide.service.RewardsService         : nearAttraction called with Kartchner Caverns State Park
2023-01-20T14:46:40.722+01:00  INFO 5134 --- [ool-3-thread-62] tourGuide.service.RewardsService         : nearAttraction called with Legend Valley
2023-01-20T14:46:40.720+01:00  INFO 5134 --- [ool-3-thread-55] tourGuide.service.RewardsService         : nearAttraction called with Fallingwater
2023-01-20T14:46:40.722+01:00  INFO 5134 --- [pool-3-thread-3] tourGuide.service.RewardsService         : getDistance called
2023-01-20T14:46:40.720+01:00  INFO 5134 --- [pool-3-thread-2] tourGuide.service.RewardsService         : nearAttraction called with Union Station
2023-01-20T14:46:40.720+01:00  INFO 5134 --- [ool-3-thread-17] tourGuide.service.RewardsService         : nearAttraction called with Roger Dean Stadium
2023-01-20T14:46:40.722+01:00  INFO 5134 --- [pool-3-thread-2] tourGuide.service.RewardsService         : getDistance called
2023-01-20T14:46:40.720+01:00  INFO 5134 --- [ool-3-thread-69] tourGuide.service.RewardsService         : nearAttraction called with Texas Memorial Stadium
2023-01-20T14:46:40.720+01:00  INFO 5134 --- [ool-3-thread-11] tourGuide.service.RewardsService         : getDistance called
2023-01-20T14:46:40.722+01:00  INFO 5134 --- [ool-3-thread-69] tourGuide.service.RewardsService         : getDistance called
2023-01-20T14:46:40.720+01:00  INFO 5134 --- [ool-3-thread-58] tourGuide.service.RewardsService         : nearAttraction called with Bryant-Denny Stadium
2023-01-20T14:46:40.722+01:00  INFO 5134 --- [ool-3-thread-11] tourGuide.service.RewardsService         : nearAttraction called with Fallingwater
2023-01-20T14:46:40.722+01:00  INFO 5134 --- [ool-3-thread-58] tourGuide.service.RewardsService         : getDistance called
2023-01-20T14:46:40.720+01:00  INFO 5134 --- [ool-3-thread-19] tourGuide.service.RewardsService         : nearAttraction called with Tiger Stadium
2023-01-20T14:46:40.720+01:00  INFO 5134 --- [ool-3-thread-20] tourGuide.service.RewardsService         : getDistance called
2023-01-20T14:46:40.722+01:00  INFO 5134 --- [ool-3-thread-19] tourGuide.service.RewardsService         : getDistance called
2023-01-20T14:46:40.720+01:00  INFO 5134 --- [ool-3-thread-13] tourGuide.service.RewardsService         : getDistance called
2023-01-20T14:46:40.720+01:00  INFO 5134 --- [ool-3-thread-30] tourGuide.service.RewardsService         : nearAttraction called with Kyle Field
2023-01-20T14:46:40.720+01:00  INFO 5134 --- [ool-3-thread-70] tourGuide.service.RewardsService         : getDistance called
2023-01-20T14:46:40.721+01:00  INFO 5134 --- [ool-3-thread-53] tourGuide.service.RewardsService         : nearAttraction called with El Paso Zoo
2023-01-20T14:46:40.721+01:00  INFO 5134 --- [ool-3-thread-66] tourGuide.service.RewardsService         : getDistance called
2023-01-20T14:46:40.723+01:00  INFO 5134 --- [ool-3-thread-53] tourGuide.service.RewardsService         : getDistance called
2023-01-20T14:46:40.721+01:00  INFO 5134 --- [ool-3-thread-63] tourGuide.service.RewardsService         : nearAttraction called with Bronx Zoo
2023-01-20T14:46:40.723+01:00  INFO 5134 --- [ool-3-thread-66] tourGuide.service.RewardsService         : nearAttraction called with Neyland Stadium
2023-01-20T14:46:40.723+01:00  INFO 5134 --- [ool-3-thread-53] tourGuide.service.RewardsService         : nearAttraction called with Kyle Field
2023-01-20T14:46:40.723+01:00  INFO 5134 --- [ool-3-thread-66] tourGuide.service.RewardsService         : getDistance called
2023-01-20T14:46:40.723+01:00  INFO 5134 --- [ool-3-thread-53] tourGuide.service.RewardsService         : getDistance called
2023-01-20T14:46:40.721+01:00  INFO 5134 --- [ool-3-thread-27] tourGuide.service.RewardsService         : getDistance called
2023-01-20T14:46:40.723+01:00  INFO 5134 --- [ool-3-thread-66] tourGuide.service.RewardsService         : nearAttraction called with San Diego Zoo
2023-01-20T14:46:40.723+01:00  INFO 5134 --- [ool-3-thread-53] tourGuide.service.RewardsService         : nearAttraction called with Zoo Tampa at Lowry Park
2023-01-20T14:46:40.721+01:00  INFO 5134 --- [ool-3-thread-10] tourGuide.service.RewardsService         : getDistance called
2023-01-20T14:46:40.723+01:00  INFO 5134 --- [ool-3-thread-53] tourGuide.service.RewardsService         : getDistance called
2023-01-20T14:46:40.721+01:00  INFO 5134 --- [ool-3-thread-59] tourGuide.service.RewardsService         : nearAttraction called with Jackson Hole
2023-01-20T14:46:40.723+01:00  INFO 5134 --- [ool-3-thread-10] tourGuide.service.RewardsService         : nearAttraction called with El Paso Zoo
2023-01-20T14:46:40.723+01:00  INFO 5134 --- [ool-3-thread-59] tourGuide.service.RewardsService         : getDistance called
2023-01-20T14:46:40.723+01:00  INFO 5134 --- [ool-3-thread-10] tourGuide.service.RewardsService         : getDistance called
2023-01-20T14:46:40.721+01:00  INFO 5134 --- [ool-3-thread-36] tourGuide.service.RewardsService         : getDistance called
2023-01-20T14:46:40.723+01:00  INFO 5134 --- [ool-3-thread-59] tourGuide.service.RewardsService         : nearAttraction called with Bronx Zoo
2023-01-20T14:46:40.723+01:00  INFO 5134 --- [ool-3-thread-10] tourGuide.service.RewardsService         : nearAttraction called with Cinderella Castle
2023-01-20T14:46:40.721+01:00  INFO 5134 --- [ool-3-thread-61] tourGuide.service.RewardsService         : getDistance called
2023-01-20T14:46:40.721+01:00  INFO 5134 --- [ool-3-thread-43] tourGuide.service.RewardsService         : getDistance called
2023-01-20T14:46:40.721+01:00  INFO 5134 --- [ool-3-thread-12] tourGuide.service.RewardsService         : getDistance called
2023-01-20T14:46:40.723+01:00  INFO 5134 --- [ool-3-thread-61] tourGuide.service.RewardsService         : nearAttraction called with Disneyland
2023-01-20T14:46:40.721+01:00  INFO 5134 --- [ool-3-thread-41] tourGuide.service.RewardsService         : nearAttraction called with Flowers Bakery of London
2023-01-20T14:46:40.723+01:00  INFO 5134 --- [ool-3-thread-61] tourGuide.service.RewardsService         : getDistance called
2023-01-20T14:46:40.721+01:00  INFO 5134 --- [pool-3-thread-9] tourGuide.service.RewardsService         : nearAttraction called with Flatiron Building
2023-01-20T14:46:40.723+01:00  INFO 5134 --- [ool-3-thread-61] tourGuide.service.RewardsService         : getRewardPoints called with Disneyland and internalUser16
2023-01-20T14:46:40.721+01:00  INFO 5134 --- [ool-3-thread-38] tourGuide.service.RewardsService         : nearAttraction called with McKinley Tower
2023-01-20T14:46:40.721+01:00  INFO 5134 --- [ool-3-thread-37] tourGuide.service.RewardsService         : nearAttraction called with Fallingwater
2023-01-20T14:46:40.723+01:00  INFO 5134 --- [ool-3-thread-38] tourGuide.service.RewardsService         : getDistance called
2023-01-20T14:46:40.721+01:00  INFO 5134 --- [ool-3-thread-22] tourGuide.service.RewardsService         : nearAttraction called with Union Station
2023-01-20T14:46:40.721+01:00  INFO 5134 --- [pool-3-thread-6] tourGuide.service.RewardsService         : getDistance called
2023-01-20T14:46:40.723+01:00  INFO 5134 --- [ool-3-thread-22] tourGuide.service.RewardsService         : getDistance called
2023-01-20T14:46:40.721+01:00  INFO 5134 --- [ool-3-thread-23] tourGuide.service.RewardsService         : nearAttraction called with Roger Dean Stadium
2023-01-20T14:46:40.723+01:00  INFO 5134 --- [pool-3-thread-6] tourGuide.service.RewardsService         : nearAttraction called with Buffalo National River
2023-01-20T14:46:40.723+01:00  INFO 5134 --- [ool-3-thread-22] tourGuide.service.RewardsService         : nearAttraction called with Hot Springs National Park
2023-01-20T14:46:40.721+01:00  INFO 5134 --- [ool-3-thread-24] tourGuide.service.RewardsService         : nearAttraction called with Texas Memorial Stadium
2023-01-20T14:46:40.723+01:00  INFO 5134 --- [ool-3-thread-22] tourGuide.service.RewardsService         : getDistance called
2023-01-20T14:46:40.721+01:00  INFO 5134 --- [ool-3-thread-67] tourGuide.service.RewardsService         : nearAttraction called with Bryant-Denny Stadium
2023-01-20T14:46:40.721+01:00  INFO 5134 --- [ool-3-thread-48] tourGuide.service.RewardsService         : nearAttraction called with Neyland Stadium
2023-01-20T14:46:40.723+01:00  INFO 5134 --- [ool-3-thread-67] tourGuide.service.RewardsService         : getDistance called
2023-01-20T14:46:40.721+01:00  INFO 5134 --- [pool-3-thread-4] tourGuide.service.RewardsService         : getDistance called
2023-01-20T14:46:40.721+01:00  INFO 5134 --- [ool-3-thread-52] tourGuide.service.RewardsService         : nearAttraction called with Kyle Field
2023-01-20T14:46:40.722+01:00  INFO 5134 --- [ool-3-thread-40] tourGuide.service.RewardsService         : nearAttraction called with Zoo Tampa at Lowry Park
2023-01-20T14:46:40.722+01:00  INFO 5134 --- [ool-3-thread-39] tourGuide.service.RewardsService         : getDistance called
2023-01-20T14:46:40.724+01:00  INFO 5134 --- [pool-3-thread-4] tourGuide.service.RewardsService         : nearAttraction called with Flowers Bakery of London
2023-01-20T14:46:40.722+01:00  INFO 5134 --- [ool-3-thread-44] tourGuide.service.RewardsService         : getDistance called
2023-01-20T14:46:40.724+01:00  INFO 5134 --- [pool-3-thread-4] tourGuide.service.RewardsService         : getDistance called
2023-01-20T14:46:40.722+01:00  INFO 5134 --- [ool-3-thread-49] tourGuide.service.RewardsService         : getDistance called
2023-01-20T14:46:40.722+01:00  INFO 5134 --- [ool-3-thread-47] tourGuide.service.RewardsService         : nearAttraction called with El Paso Zoo
2023-01-20T14:46:40.724+01:00  INFO 5134 --- [ool-3-thread-49] tourGuide.service.RewardsService         : getRewardPoints called with Disneyland and internalUser9
2023-01-20T14:46:40.722+01:00  INFO 5134 --- [ool-3-thread-54] tourGuide.service.RewardsService         : nearAttraction called with Bronx Zoo
2023-01-20T14:46:40.722+01:00  INFO 5134 --- [pool-3-thread-5] tourGuide.service.RewardsService         : getDistance called
2023-01-20T14:46:40.722+01:00  INFO 5134 --- [ool-3-thread-21] tourGuide.service.RewardsService         : nearAttraction called with Disneyland
2023-01-20T14:46:40.722+01:00  INFO 5134 --- [ool-3-thread-18] tourGuide.service.RewardsService         : getDistance called
2023-01-20T14:46:40.724+01:00  INFO 5134 --- [ool-3-thread-21] tourGuide.service.RewardsService         : getDistance called
2023-01-20T14:46:40.722+01:00  INFO 5134 --- [ool-3-thread-42] tourGuide.service.RewardsService         : nearAttraction called with Jackson Hole
2023-01-20T14:46:40.724+01:00  INFO 5134 --- [ool-3-thread-21] tourGuide.service.RewardsService         : getRewardPoints called with Disneyland and internalUser19
2023-01-20T14:46:40.724+01:00  INFO 5134 --- [ool-3-thread-42] tourGuide.service.RewardsService         : getDistance called
2023-01-20T14:46:40.722+01:00  INFO 5134 --- [ool-3-thread-25] tourGuide.service.RewardsService         : getDistance called
2023-01-20T14:46:40.722+01:00  INFO 5134 --- [pool-3-thread-8] tourGuide.service.RewardsService         : getDistance called
2023-01-20T14:46:40.724+01:00  INFO 5134 --- [ool-3-thread-42] tourGuide.service.RewardsService         : nearAttraction called with Texas Memorial Stadium
2023-01-20T14:46:40.722+01:00  INFO 5134 --- [ool-3-thread-56] tourGuide.service.RewardsService         : getDistance called
2023-01-20T14:46:40.724+01:00  INFO 5134 --- [ool-3-thread-42] tourGuide.service.RewardsService         : getDistance called
2023-01-20T14:46:40.722+01:00  INFO 5134 --- [ool-3-thread-34] tourGuide.service.RewardsService         : getDistance called
2023-01-20T14:46:40.724+01:00  INFO 5134 --- [ool-3-thread-56] tourGuide.service.RewardsService         : nearAttraction called with Neyland Stadium
2023-01-20T14:46:40.722+01:00  INFO 5134 --- [ool-3-thread-35] tourGuide.service.RewardsService         : getDistance called
2023-01-20T14:46:40.724+01:00  INFO 5134 --- [ool-3-thread-34] tourGuide.service.RewardsService         : nearAttraction called with San Diego Zoo
2023-01-20T14:46:40.724+01:00  INFO 5134 --- [pool-6-thread-4] tourGuide.service.RewardsService         : Rewards of internalUser74 calculated by calculateRewards
2023-01-20T14:46:40.722+01:00  INFO 5134 --- [ool-3-thread-62] tourGuide.service.RewardsService         : getDistance called
2023-01-20T14:46:40.722+01:00  INFO 5134 --- [ool-3-thread-32] tourGuide.service.RewardsService         : nearAttraction called with Flowers Bakery of London
2023-01-20T14:46:40.722+01:00  INFO 5134 --- [ool-3-thread-55] tourGuide.service.RewardsService         : getDistance called
2023-01-20T14:46:40.724+01:00  INFO 5134 --- [ool-3-thread-32] tourGuide.service.RewardsService         : getDistance called
2023-01-20T14:46:40.722+01:00  INFO 5134 --- [pool-3-thread-3] tourGuide.service.RewardsService         : nearAttraction called with McKinley Tower
2023-01-20T14:46:40.722+01:00  INFO 5134 --- [ool-3-thread-17] tourGuide.service.RewardsService         : getDistance called
2023-01-20T14:46:40.724+01:00  INFO 5134 --- [pool-3-thread-3] tourGuide.service.RewardsService         : getDistance called
2023-01-20T14:46:40.724+01:00  INFO 5134 --- [ool-3-thread-55] tourGuide.service.RewardsService         : nearAttraction called with Kansas City Zoo
2023-01-20T14:46:40.722+01:00  INFO 5134 --- [pool-3-thread-2] tourGuide.service.RewardsService         : nearAttraction called with Flatiron Building
2023-01-20T14:46:40.724+01:00  INFO 5134 --- [ool-3-thread-55] tourGuide.service.RewardsService         : getDistance called
2023-01-20T14:46:40.722+01:00  INFO 5134 --- [ool-3-thread-69] tourGuide.service.RewardsService         : nearAttraction called with Union Station
2023-01-20T14:46:40.722+01:00  INFO 5134 --- [ool-3-thread-11] tourGuide.service.RewardsService         : getDistance called
2023-01-20T14:46:40.724+01:00  INFO 5134 --- [ool-3-thread-69] tourGuide.service.RewardsService         : getDistance called
2023-01-20T14:46:40.722+01:00  INFO 5134 --- [ool-3-thread-58] tourGuide.service.RewardsService         : nearAttraction called with Roger Dean Stadium
2023-01-20T14:46:40.724+01:00  INFO 5134 --- [ool-3-thread-11] tourGuide.service.RewardsService         : nearAttraction called with Mojave National Preserve
2023-01-20T14:46:40.722+01:00  INFO 5134 --- [ool-3-thread-20] tourGuide.service.RewardsService         : getRewardPoints called with Disneyland and internalUser82
2023-01-20T14:46:40.722+01:00  INFO 5134 --- [ool-3-thread-19] tourGuide.service.RewardsService         : nearAttraction called with Texas Memorial Stadium
2023-01-20T14:46:40.723+01:00  INFO 5134 --- [ool-3-thread-13] tourGuide.service.RewardsService         : nearAttraction called with Bryant-Denny Stadium
2023-01-20T14:46:40.725+01:00  INFO 5134 --- [ool-3-thread-19] tourGuide.service.RewardsService         : getDistance called
2023-01-20T14:46:40.723+01:00  INFO 5134 --- [ool-3-thread-30] tourGuide.service.RewardsService         : getDistance called
2023-01-20T14:46:40.725+01:00  INFO 5134 --- [ool-3-thread-19] tourGuide.service.RewardsService         : nearAttraction called with Buffalo National River
2023-01-20T14:46:40.723+01:00  INFO 5134 --- [ool-3-thread-70] tourGuide.service.RewardsService         : nearAttraction called with Tiger Stadium
2023-01-20T14:46:40.723+01:00  INFO 5134 --- [ool-3-thread-63] tourGuide.service.RewardsService         : getDistance called
2023-01-20T14:46:40.725+01:00  INFO 5134 --- [ool-3-thread-70] tourGuide.service.RewardsService         : getDistance called
2023-01-20T14:46:40.723+01:00  INFO 5134 --- [ool-3-thread-66] tourGuide.service.RewardsService         : getDistance called
2023-01-20T14:46:40.725+01:00  INFO 5134 --- [ool-3-thread-63] tourGuide.service.RewardsService         : nearAttraction called with Kartchner Caverns State Park
2023-01-20T14:46:40.725+01:00  INFO 5134 --- [ool-3-thread-66] tourGuide.service.RewardsService         : nearAttraction called with Flowers Bakery of London
2023-01-20T14:46:40.725+01:00  INFO 5134 --- [ool-3-thread-63] tourGuide.service.RewardsService         : getDistance called
2023-01-20T14:46:40.725+01:00  INFO 5134 --- [ool-3-thread-66] tourGuide.service.RewardsService         : getDistance called
2023-01-20T14:46:40.723+01:00  INFO 5134 --- [ool-3-thread-27] tourGuide.service.RewardsService         : nearAttraction called with Franklin Park Zoo
2023-01-20T14:46:40.725+01:00  INFO 5134 --- [ool-3-thread-66] tourGuide.service.RewardsService         : nearAttraction called with Flatiron Building
2023-01-20T14:46:40.725+01:00  INFO 5134 --- [ool-3-thread-27] tourGuide.service.RewardsService         : getDistance called
2023-01-20T14:46:40.725+01:00  INFO 5134 --- [ool-3-thread-66] tourGuide.service.RewardsService         : getDistance called
2023-01-20T14:46:40.725+01:00  INFO 5134 --- [ool-3-thread-27] tourGuide.service.RewardsService         : nearAttraction called with Fallingwater
2023-01-20T14:46:40.723+01:00  INFO 5134 --- [ool-3-thread-53] tourGuide.service.RewardsService         : nearAttraction called with Kansas City Zoo
2023-01-20T14:46:40.723+01:00  INFO 5134 --- [ool-3-thread-36] tourGuide.service.RewardsService         : getRewardPoints called with Disneyland and internalUser8
2023-01-20T14:46:40.725+01:00  INFO 5134 --- [ool-3-thread-53] tourGuide.service.RewardsService         : getDistance called
2023-01-20T14:46:40.723+01:00  INFO 5134 --- [ool-3-thread-59] tourGuide.service.RewardsService         : getDistance called
2023-01-20T14:46:40.723+01:00  INFO 5134 --- [ool-3-thread-10] tourGuide.service.RewardsService         : getDistance called
2023-01-20T14:46:40.725+01:00  INFO 5134 --- [ool-3-thread-59] tourGuide.service.RewardsService         : nearAttraction called with Texas Memorial Stadium
2023-01-20T14:46:40.725+01:00  INFO 5134 --- [ool-3-thread-10] tourGuide.service.RewardsService         : nearAttraction called with Bryant-Denny Stadium
2023-01-20T14:46:40.725+01:00  INFO 5134 --- [ool-3-thread-59] tourGuide.service.RewardsService         : getDistance called
2023-01-20T14:46:40.725+01:00  INFO 5134 --- [ool-3-thread-10] tourGuide.service.RewardsService         : getDistance called
2023-01-20T14:46:40.723+01:00  INFO 5134 --- [ool-3-thread-43] tourGuide.service.RewardsService         : nearAttraction called with Jackson Hole
2023-01-20T14:46:40.725+01:00  INFO 5134 --- [ool-3-thread-10] tourGuide.service.RewardsService         : nearAttraction called with Neyland Stadium
2023-01-20T14:46:40.725+01:00  INFO 5134 --- [ool-3-thread-43] tourGuide.service.RewardsService         : getDistance called
2023-01-20T14:46:40.723+01:00  INFO 5134 --- [ool-3-thread-12] tourGuide.service.RewardsService         : nearAttraction called with Mojave National Preserve
2023-01-20T14:46:40.725+01:00  INFO 5134 --- [ool-3-thread-43] tourGuide.service.RewardsService         : nearAttraction called with Kyle Field
2023-01-20T14:46:40.725+01:00  INFO 5134 --- [ool-3-thread-12] tourGuide.service.RewardsService         : getDistance called
2023-01-20T14:46:40.723+01:00  INFO 5134 --- [ool-3-thread-41] tourGuide.service.RewardsService         : getDistance called
2023-01-20T14:46:40.725+01:00  INFO 5134 --- [ool-3-thread-12] tourGuide.service.RewardsService         : nearAttraction called with San Diego Zoo
2023-01-20T14:46:40.723+01:00  INFO 5134 --- [pool-3-thread-9] tourGuide.service.RewardsService         : getDistance called
2023-01-20T14:46:40.725+01:00  INFO 5134 --- [ool-3-thread-41] tourGuide.service.RewardsService         : nearAttraction called with Zoo Tampa at Lowry Park
2023-01-20T14:46:40.723+01:00  INFO 5134 --- [ool-3-thread-37] tourGuide.service.RewardsService         : getDistance called
2023-01-20T14:46:40.725+01:00  INFO 5134 --- [pool-3-thread-9] tourGuide.service.RewardsService         : nearAttraction called with Franklin Park Zoo
2023-01-20T14:46:40.723+01:00  INFO 5134 --- [ool-3-thread-38] tourGuide.service.RewardsService         : nearAttraction called with Joshua Tree National Park
2023-01-20T14:46:40.725+01:00  INFO 5134 --- [ool-3-thread-37] tourGuide.service.RewardsService         : nearAttraction called with El Paso Zoo
2023-01-20T14:46:40.723+01:00  INFO 5134 --- [ool-3-thread-23] tourGuide.service.RewardsService         : getDistance called
2023-01-20T14:46:40.723+01:00  INFO 5134 --- [pool-3-thread-6] tourGuide.service.RewardsService         : getDistance called
2023-01-20T14:46:40.723+01:00  INFO 5134 --- [ool-3-thread-24] tourGuide.service.RewardsService         : getDistance called
2023-01-20T14:46:40.726+01:00  INFO 5134 --- [ool-3-thread-23] tourGuide.service.RewardsService         : nearAttraction called with Kansas City Zoo
2023-01-20T14:46:40.723+01:00  INFO 5134 --- [ool-3-thread-22] tourGuide.service.RewardsService         : nearAttraction called with Kartchner Caverns State Park
2023-01-20T14:46:40.726+01:00  INFO 5134 --- [ool-3-thread-23] tourGuide.service.RewardsService         : getDistance called
2023-01-20T14:46:40.723+01:00  INFO 5134 --- [ool-3-thread-48] tourGuide.service.RewardsService         : getDistance called
2023-01-20T14:46:40.726+01:00  INFO 5134 --- [ool-3-thread-22] tourGuide.service.RewardsService         : getDistance called
2023-01-20T14:46:40.723+01:00  INFO 5134 --- [ool-3-thread-67] tourGuide.service.RewardsService         : nearAttraction called with Legend Valley
2023-01-20T14:46:40.724+01:00  INFO 5134 --- [ool-3-thread-52] tourGuide.service.RewardsService         : getDistance called
2023-01-20T14:46:40.726+01:00  INFO 5134 --- [ool-3-thread-67] tourGuide.service.RewardsService         : getDistance called
2023-01-20T14:46:40.724+01:00  INFO 5134 --- [ool-3-thread-40] tourGuide.service.RewardsService         : getDistance called
2023-01-20T14:46:40.726+01:00  INFO 5134 --- [ool-3-thread-52] tourGuide.service.RewardsService         : nearAttraction called with Joshua Tree National Park
2023-01-20T14:46:40.724+01:00  INFO 5134 --- [ool-3-thread-39] tourGuide.service.RewardsService         : nearAttraction called with McKinley Tower
2023-01-20T14:46:40.726+01:00  INFO 5134 --- [ool-3-thread-40] tourGuide.service.RewardsService         : nearAttraction called with Hot Springs National Park
2023-01-20T14:46:40.724+01:00  INFO 5134 --- [ool-3-thread-44] tourGuide.service.RewardsService         : nearAttraction called with Flatiron Building
2023-01-20T14:46:40.724+01:00  INFO 5134 --- [pool-3-thread-4] tourGuide.service.RewardsService         : nearAttraction called with Fallingwater
2023-01-20T14:46:40.724+01:00  INFO 5134 --- [ool-3-thread-47] tourGuide.service.RewardsService         : getDistance called
2023-01-20T14:46:40.724+01:00  INFO 5134 --- [ool-3-thread-54] tourGuide.service.RewardsService         : getDistance called
2023-01-20T14:46:40.724+01:00  INFO 5134 --- [pool-3-thread-5] tourGuide.service.RewardsService         : nearAttraction called with Union Station
2023-01-20T14:46:40.726+01:00  INFO 5134 --- [ool-3-thread-54] tourGuide.service.RewardsService         : nearAttraction called with Legend Valley
2023-01-20T14:46:40.726+01:00  INFO 5134 --- [pool-3-thread-5] tourGuide.service.RewardsService         : getDistance called
2023-01-20T14:46:40.726+01:00  INFO 5134 --- [ool-3-thread-54] tourGuide.service.RewardsService         : getDistance called
2023-01-20T14:46:40.724+01:00  INFO 5134 --- [ool-3-thread-18] tourGuide.service.RewardsService         : nearAttraction called with Roger Dean Stadium
2023-01-20T14:46:40.726+01:00  INFO 5134 --- [ool-3-thread-54] tourGuide.service.RewardsService         : nearAttraction called with McKinley Tower
2023-01-20T14:46:40.726+01:00  INFO 5134 --- [ool-3-thread-18] tourGuide.service.RewardsService         : getDistance called
2023-01-20T14:46:40.726+01:00  INFO 5134 --- [ool-3-thread-54] tourGuide.service.RewardsService         : getDistance called
2023-01-20T14:46:40.724+01:00  INFO 5134 --- [ool-3-thread-25] tourGuide.service.RewardsService         : nearAttraction called with Bryant-Denny Stadium
2023-01-20T14:46:40.726+01:00  INFO 5134 --- [ool-3-thread-18] tourGuide.service.RewardsService         : nearAttraction called with Flatiron Building
2023-01-20T14:46:40.724+01:00  INFO 5134 --- [pool-3-thread-8] tourGuide.service.RewardsService         : nearAttraction called with Tiger Stadium
2023-01-20T14:46:40.726+01:00  INFO 5134 --- [ool-3-thread-18] tourGuide.service.RewardsService         : getDistance called
2023-01-20T14:46:40.724+01:00  INFO 5134 --- [ool-3-thread-42] tourGuide.service.RewardsService         : nearAttraction called with Kyle Field
2023-01-20T14:46:40.726+01:00  INFO 5134 --- [pool-3-thread-8] tourGuide.service.RewardsService         : getDistance called
2023-01-20T14:46:40.726+01:00  INFO 5134 --- [ool-3-thread-42] tourGuide.service.RewardsService         : getDistance called
2023-01-20T14:46:40.724+01:00  INFO 5134 --- [ool-3-thread-56] tourGuide.service.RewardsService         : getDistance called
2023-01-20T14:46:40.724+01:00  INFO 5134 --- [ool-3-thread-46] tourGuide.service.RewardsService         : nearAttraction called with Zoo Tampa at Lowry Park
2023-01-20T14:46:40.724+01:00  INFO 5134 --- [ool-3-thread-35] tourGuide.service.RewardsService         : nearAttraction called with Franklin Park Zoo
2023-01-20T14:46:40.726+01:00  INFO 5134 --- [ool-3-thread-46] tourGuide.service.RewardsService         : getDistance called
2023-01-20T14:46:40.724+01:00  INFO 5134 --- [ool-3-thread-34] tourGuide.service.RewardsService         : getDistance called
2023-01-20T14:46:40.724+01:00  INFO 5134 --- [ool-3-thread-62] tourGuide.service.RewardsService         : nearAttraction called with El Paso Zoo
2023-01-20T14:46:40.727+01:00  INFO 5134 --- [ool-3-thread-35] tourGuide.service.RewardsService         : getDistance called
2023-01-20T14:46:40.727+01:00  INFO 5134 --- [ool-3-thread-34] tourGuide.service.RewardsService         : nearAttraction called with Neyland Stadium
2023-01-20T14:46:40.724+01:00  INFO 5134 --- [ool-3-thread-32] tourGuide.service.RewardsService         : nearAttraction called with Bronx Zoo
2023-01-20T14:46:40.727+01:00  INFO 5134 --- [ool-3-thread-34] tourGuide.service.RewardsService         : getDistance called
2023-01-20T14:46:40.724+01:00  INFO 5134 --- [ool-3-thread-17] tourGuide.service.RewardsService         : nearAttraction called with Cinderella Castle
2023-01-20T14:46:40.727+01:00  INFO 5134 --- [ool-3-thread-34] tourGuide.service.RewardsService         : nearAttraction called with San Diego Zoo
2023-01-20T14:46:40.727+01:00  INFO 5134 --- [ool-3-thread-17] tourGuide.service.RewardsService         : getDistance called
2023-01-20T14:46:40.727+01:00  INFO 5134 --- [ool-3-thread-34] tourGuide.service.RewardsService         : getDistance called
2023-01-20T14:46:40.724+01:00  INFO 5134 --- [pool-3-thread-3] tourGuide.service.RewardsService         : nearAttraction called with Disneyland
2023-01-20T14:46:40.727+01:00  INFO 5134 --- [ool-3-thread-17] tourGuide.service.RewardsService         : nearAttraction called with Zoo Tampa at Lowry Park
2023-01-20T14:46:40.727+01:00  INFO 5134 --- [pool-3-thread-3] tourGuide.service.RewardsService         : getDistance called
2023-01-20T14:46:40.727+01:00  INFO 5134 --- [ool-3-thread-17] tourGuide.service.RewardsService         : getDistance called
2023-01-20T14:46:40.724+01:00  INFO 5134 --- [pool-3-thread-2] tourGuide.service.RewardsService         : getDistance called
2023-01-20T14:46:40.727+01:00  INFO 5134 --- [pool-3-thread-3] tourGuide.service.RewardsService         : getRewardPoints called with Disneyland and internalUser15
2023-01-20T14:46:40.727+01:00  INFO 5134 --- [ool-3-thread-17] tourGuide.service.RewardsService         : nearAttraction called with El Paso Zoo
2023-01-20T14:46:40.724+01:00  INFO 5134 --- [ool-3-thread-55] tourGuide.service.RewardsService         : nearAttraction called with Jackson Hole
2023-01-20T14:46:40.727+01:00  INFO 5134 --- [ool-3-thread-17] tourGuide.service.RewardsService         : getDistance called
2023-01-20T14:46:40.724+01:00  INFO 5134 --- [ool-3-thread-69] tourGuide.service.RewardsService         : nearAttraction called with Joshua Tree National Park
2023-01-20T14:46:40.727+01:00  INFO 5134 --- [ool-3-thread-17] tourGuide.service.RewardsService         : nearAttraction called with Bronx Zoo
2023-01-20T14:46:40.727+01:00  INFO 5134 --- [ool-3-thread-69] tourGuide.service.RewardsService         : getDistance called
2023-01-20T14:46:40.724+01:00  INFO 5134 --- [ool-3-thread-58] tourGuide.service.RewardsService         : getDistance called
2023-01-20T14:46:40.727+01:00  INFO 5134 --- [ool-3-thread-69] tourGuide.service.RewardsService         : nearAttraction called with Cinderella Castle
2023-01-20T14:46:40.724+01:00  INFO 5134 --- [ool-3-thread-11] tourGuide.service.RewardsService         : getDistance called
2023-01-20T14:46:40.725+01:00  INFO 5134 --- [ool-3-thread-13] tourGuide.service.RewardsService         : getDistance called
2023-01-20T14:46:40.725+01:00  INFO 5134 --- [ool-3-thread-30] tourGuide.service.RewardsService         : nearAttraction called with Hot Springs National Park
2023-01-20T14:46:40.725+01:00  INFO 5134 --- [ool-3-thread-19] tourGuide.service.RewardsService         : getDistance called
2023-01-20T14:46:40.727+01:00  INFO 5134 --- [ool-3-thread-30] tourGuide.service.RewardsService         : getDistance called
2023-01-20T14:46:40.725+01:00  INFO 5134 --- [ool-3-thread-70] tourGuide.service.RewardsService         : nearAttraction called with Legend Valley
2023-01-20T14:46:40.725+01:00  INFO 5134 --- [ool-3-thread-63] tourGuide.service.RewardsService         : nearAttraction called with McKinley Tower
2023-01-20T14:46:40.725+01:00  INFO 5134 --- [ool-3-thread-66] tourGuide.service.RewardsService         : nearAttraction called with Union Station
2023-01-20T14:46:40.727+01:00  INFO 5134 --- [ool-3-thread-63] tourGuide.service.RewardsService         : getDistance called
2023-01-20T14:46:40.725+01:00  INFO 5134 --- [ool-3-thread-27] tourGuide.service.RewardsService         : getDistance called
2023-01-20T14:46:40.725+01:00  INFO 5134 --- [ool-3-thread-53] tourGuide.service.RewardsService         : nearAttraction called with Roger Dean Stadium
2023-01-20T14:46:40.727+01:00  INFO 5134 --- [ool-3-thread-27] tourGuide.service.RewardsService         : nearAttraction called with Kartchner Caverns State Park
2023-01-20T14:46:40.727+01:00  INFO 5134 --- [ool-3-thread-53] tourGuide.service.RewardsService         : getDistance called
2023-01-20T14:46:40.727+01:00  INFO 5134 --- [ool-3-thread-27] tourGuide.service.RewardsService         : getDistance called
2023-01-20T14:46:40.725+01:00  INFO 5134 --- [ool-3-thread-59] tourGuide.service.RewardsService         : nearAttraction called with Tiger Stadium
2023-01-20T14:46:40.727+01:00  INFO 5134 --- [ool-3-thread-27] tourGuide.service.RewardsService         : nearAttraction called with Flowers Bakery of London
2023-01-20T14:46:40.727+01:00  INFO 5134 --- [ool-3-thread-59] tourGuide.service.RewardsService         : getDistance called
2023-01-20T14:46:40.725+01:00  INFO 5134 --- [ool-3-thread-10] tourGuide.service.RewardsService         : getDistance called
2023-01-20T14:46:40.725+01:00  INFO 5134 --- [ool-3-thread-43] tourGuide.service.RewardsService         : getDistance called
2023-01-20T14:46:40.727+01:00  INFO 5134 --- [ool-3-thread-10] tourGuide.service.RewardsService         : nearAttraction called with Flatiron Building
2023-01-20T14:46:40.725+01:00  INFO 5134 --- [ool-3-thread-12] tourGuide.service.RewardsService         : getDistance called
2023-01-20T14:46:40.725+01:00  INFO 5134 --- [ool-3-thread-41] tourGuide.service.RewardsService         : getDistance called
2023-01-20T14:46:40.728+01:00  INFO 5134 --- [ool-3-thread-10] tourGuide.service.RewardsService         : getDistance called
2023-01-20T14:46:40.725+01:00  INFO 5134 --- [pool-3-thread-9] tourGuide.service.RewardsService         : getDistance called
2023-01-20T14:46:40.725+01:00  INFO 5134 --- [ool-3-thread-38] tourGuide.service.RewardsService         : getDistance called
2023-01-20T14:46:40.728+01:00  INFO 5134 --- [pool-3-thread-9] tourGuide.service.RewardsService         : nearAttraction called with Bryant-Denny Stadium
2023-01-20T14:46:40.725+01:00  INFO 5134 --- [ool-3-thread-37] tourGuide.service.RewardsService         : getDistance called
2023-01-20T14:46:40.728+01:00  INFO 5134 --- [pool-3-thread-9] tourGuide.service.RewardsService         : getDistance called
2023-01-20T14:46:40.726+01:00  INFO 5134 --- [pool-3-thread-6] tourGuide.service.RewardsService         : nearAttraction called with Bronx Zoo
2023-01-20T14:46:40.728+01:00  INFO 5134 --- [ool-3-thread-37] tourGuide.service.RewardsService         : nearAttraction called with Neyland Stadium
2023-01-20T14:46:40.728+01:00  INFO 5134 --- [pool-3-thread-6] tourGuide.service.RewardsService         : getDistance called
2023-01-20T14:46:40.726+01:00  INFO 5134 --- [ool-3-thread-24] tourGuide.service.RewardsService         : nearAttraction called with Cinderella Castle
2023-01-20T14:46:40.726+01:00  INFO 5134 --- [ool-3-thread-23] tourGuide.service.RewardsService         : nearAttraction called with Disneyland
2023-01-20T14:46:40.728+01:00  INFO 5134 --- [ool-3-thread-24] tourGuide.service.RewardsService         : getDistance called
2023-01-20T14:46:40.726+01:00  INFO 5134 --- [ool-3-thread-48] tourGuide.service.RewardsService         : nearAttraction called with Jackson Hole
2023-01-20T14:46:40.726+01:00  INFO 5134 --- [ool-3-thread-22] tourGuide.service.RewardsService         : nearAttraction called with Mojave National Preserve
2023-01-20T14:46:40.726+01:00  INFO 5134 --- [ool-3-thread-67] tourGuide.service.RewardsService         : nearAttraction called with Buffalo National River
2023-01-20T14:46:40.726+01:00  INFO 5134 --- [ool-3-thread-52] tourGuide.service.RewardsService         : getDistance called
2023-01-20T14:46:40.726+01:00  INFO 5134 --- [ool-3-thread-39] tourGuide.service.RewardsService         : getDistance called
2023-01-20T14:46:40.726+01:00  INFO 5134 --- [ool-3-thread-40] tourGuide.service.RewardsService         : getDistance called
2023-01-20T14:46:40.726+01:00  INFO 5134 --- [ool-3-thread-44] tourGuide.service.RewardsService         : getDistance called
2023-01-20T14:46:40.726+01:00  INFO 5134 --- [pool-3-thread-4] tourGuide.service.RewardsService         : getDistance called
2023-01-20T14:46:40.728+01:00  INFO 5134 --- [ool-3-thread-44] tourGuide.service.RewardsService         : nearAttraction called with Bronx Zoo
2023-01-20T14:46:40.726+01:00  INFO 5134 --- [ool-3-thread-47] tourGuide.service.RewardsService         : nearAttraction called with Kartchner Caverns State Park
2023-01-20T14:46:40.726+01:00  INFO 5134 --- [pool-3-thread-5] tourGuide.service.RewardsService         : nearAttraction called with Flowers Bakery of London
2023-01-20T14:46:40.728+01:00  INFO 5134 --- [ool-3-thread-47] tourGuide.service.RewardsService         : getDistance called
2023-01-20T14:46:40.726+01:00  INFO 5134 --- [ool-3-thread-54] tourGuide.service.RewardsService         : nearAttraction called with Fallingwater
2023-01-20T14:46:40.726+01:00  INFO 5134 --- [ool-3-thread-25] tourGuide.service.RewardsService         : getDistance called
2023-01-20T14:46:40.728+01:00  INFO 5134 --- [ool-3-thread-47] tourGuide.service.RewardsService         : nearAttraction called with Disneyland
2023-01-20T14:46:40.726+01:00  INFO 5134 --- [ool-3-thread-18] tourGuide.service.RewardsService         : nearAttraction called with Union Station
2023-01-20T14:46:40.728+01:00  INFO 5134 --- [ool-3-thread-47] tourGuide.service.RewardsService         : getDistance called
2023-01-20T14:46:40.726+01:00  INFO 5134 --- [pool-3-thread-8] tourGuide.service.RewardsService         : nearAttraction called with Roger Dean Stadium
2023-01-20T14:46:40.726+01:00  INFO 5134 --- [ool-3-thread-42] tourGuide.service.RewardsService         : nearAttraction called with Texas Memorial Stadium
2023-01-20T14:46:40.728+01:00  INFO 5134 --- [pool-3-thread-8] tourGuide.service.RewardsService         : getDistance called
2023-01-20T14:46:40.726+01:00  INFO 5134 --- [ool-3-thread-56] tourGuide.service.RewardsService         : nearAttraction called with Bryant-Denny Stadium
2023-01-20T14:46:40.727+01:00  INFO 5134 --- [ool-3-thread-46] tourGuide.service.RewardsService         : nearAttraction called with Tiger Stadium
2023-01-20T14:46:40.728+01:00  INFO 5134 --- [ool-3-thread-56] tourGuide.service.RewardsService         : getDistance called
2023-01-20T14:46:40.727+01:00  INFO 5134 --- [ool-3-thread-62] tourGuide.service.RewardsService         : getDistance called
2023-01-20T14:46:40.727+01:00  INFO 5134 --- [ool-3-thread-35] tourGuide.service.RewardsService         : nearAttraction called with Kyle Field
2023-01-20T14:46:40.727+01:00  INFO 5134 --- [ool-3-thread-32] tourGuide.service.RewardsService         : getDistance called
2023-01-20T14:46:40.727+01:00  INFO 5134 --- [ool-3-thread-34] tourGuide.service.RewardsService         : nearAttraction called with Franklin Park Zoo
2023-01-20T14:46:40.727+01:00  INFO 5134 --- [pool-3-thread-2] tourGuide.service.RewardsService         : nearAttraction called with Kansas City Zoo
2023-01-20T14:46:40.727+01:00  INFO 5134 --- [ool-3-thread-55] tourGuide.service.RewardsService         : getDistance called
2023-01-20T14:46:40.727+01:00  INFO 5134 --- [ool-3-thread-17] tourGuide.service.RewardsService         : getDistance called
2023-01-20T14:46:40.729+01:00  INFO 5134 --- [pool-3-thread-2] tourGuide.service.RewardsService         : getDistance called
2023-01-20T14:46:40.727+01:00  INFO 5134 --- [ool-3-thread-58] tourGuide.service.RewardsService         : nearAttraction called with Disneyland
2023-01-20T14:46:40.729+01:00  INFO 5134 --- [ool-3-thread-17] tourGuide.service.RewardsService         : nearAttraction called with Legend Valley
2023-01-20T14:46:40.727+01:00  INFO 5134 --- [ool-3-thread-69] tourGuide.service.RewardsService         : getDistance called
2023-01-20T14:46:40.729+01:00  INFO 5134 --- [ool-3-thread-17] tourGuide.service.RewardsService         : getDistance called
2023-01-20T14:46:40.727+01:00  INFO 5134 --- [ool-3-thread-11] tourGuide.service.RewardsService         : nearAttraction called with Jackson Hole
2023-01-20T14:46:40.727+01:00  INFO 5134 --- [ool-3-thread-13] tourGuide.service.RewardsService         : nearAttraction called with Mojave National Preserve
2023-01-20T14:46:40.727+01:00  INFO 5134 --- [ool-3-thread-19] tourGuide.service.RewardsService         : nearAttraction called with Joshua Tree National Park
2023-01-20T14:46:40.729+01:00  INFO 5134 --- [ool-3-thread-13] tourGuide.service.RewardsService         : getDistance called
2023-01-20T14:46:40.729+01:00  INFO 5134 --- [ool-3-thread-19] tourGuide.service.RewardsService         : getDistance called
2023-01-20T14:46:40.727+01:00  INFO 5134 --- [ool-3-thread-30] tourGuide.service.RewardsService         : nearAttraction called with Buffalo National River
2023-01-20T14:46:40.727+01:00  INFO 5134 --- [ool-3-thread-70] tourGuide.service.RewardsService         : getDistance called
2023-01-20T14:46:40.729+01:00  INFO 5134 --- [ool-3-thread-30] tourGuide.service.RewardsService         : getDistance called
2023-01-20T14:46:40.727+01:00  INFO 5134 --- [ool-3-thread-66] tourGuide.service.RewardsService         : getDistance called
2023-01-20T14:46:40.727+01:00  INFO 5134 --- [ool-3-thread-63] tourGuide.service.RewardsService         : nearAttraction called with Hot Springs National Park
2023-01-20T14:46:40.727+01:00  INFO 5134 --- [ool-3-thread-53] tourGuide.service.RewardsService         : nearAttraction called with Legend Valley
2023-01-20T14:46:40.727+01:00  INFO 5134 --- [ool-3-thread-27] tourGuide.service.RewardsService         : getDistance called
2023-01-20T14:46:40.729+01:00  INFO 5134 --- [ool-3-thread-53] tourGuide.service.RewardsService         : getDistance called
2023-01-20T14:46:40.727+01:00  INFO 5134 --- [ool-3-thread-59] tourGuide.service.RewardsService         : nearAttraction called with McKinley Tower
2023-01-20T14:46:40.729+01:00  INFO 5134 --- [ool-3-thread-27] tourGuide.service.RewardsService         : nearAttraction called with Tiger Stadium
2023-01-20T14:46:40.729+01:00  INFO 5134 --- [ool-3-thread-59] tourGuide.service.RewardsService         : getDistance called
2023-01-20T14:46:40.729+01:00  INFO 5134 --- [ool-3-thread-27] tourGuide.service.RewardsService         : getDistance called
2023-01-20T14:46:40.727+01:00  INFO 5134 --- [ool-3-thread-43] tourGuide.service.RewardsService         : nearAttraction called with Fallingwater
2023-01-20T14:46:40.729+01:00  INFO 5134 --- [ool-3-thread-59] tourGuide.service.RewardsService         : nearAttraction called with Kyle Field
2023-01-20T14:46:40.728+01:00  INFO 5134 --- [ool-3-thread-12] tourGuide.service.RewardsService         : nearAttraction called with Union Station
2023-01-20T14:46:40.728+01:00  INFO 5134 --- [ool-3-thread-41] tourGuide.service.RewardsService         : nearAttraction called with Roger Dean Stadium
2023-01-20T14:46:40.729+01:00  INFO 5134 --- [ool-3-thread-12] tourGuide.service.RewardsService         : getDistance called
2023-01-20T14:46:40.729+01:00  INFO 5134 --- [ool-3-thread-41] tourGuide.service.RewardsService         : getDistance called
2023-01-20T14:46:40.728+01:00  INFO 5134 --- [ool-3-thread-10] tourGuide.service.RewardsService         : nearAttraction called with Texas Memorial Stadium
2023-01-20T14:46:40.729+01:00  INFO 5134 --- [ool-3-thread-41] tourGuide.service.RewardsService         : nearAttraction called with Franklin Park Zoo
2023-01-20T14:46:40.729+01:00  INFO 5134 --- [ool-3-thread-10] tourGuide.service.RewardsService         : getDistance called
2023-01-20T14:46:40.729+01:00  INFO 5134 --- [ool-3-thread-41] tourGuide.service.RewardsService         : getDistance called
2023-01-20T14:46:40.728+01:00  INFO 5134 --- [ool-3-thread-38] tourGuide.service.RewardsService         : nearAttraction called with Tiger Stadium
2023-01-20T14:46:40.729+01:00  INFO 5134 --- [ool-3-thread-10] tourGuide.service.RewardsService         : nearAttraction called with El Paso Zoo
2023-01-20T14:46:40.729+01:00  INFO 5134 --- [ool-3-thread-38] tourGuide.service.RewardsService         : getDistance called
2023-01-20T14:46:40.728+01:00  INFO 5134 --- [pool-3-thread-9] tourGuide.service.RewardsService         : nearAttraction called with Kyle Field
2023-01-20T14:46:40.728+01:00  INFO 5134 --- [ool-3-thread-37] tourGuide.service.RewardsService         : getDistance called
2023-01-20T14:46:40.729+01:00  INFO 5134 --- [pool-3-thread-9] tourGuide.service.RewardsService         : getDistance called
2023-01-20T14:46:40.728+01:00  INFO 5134 --- [pool-3-thread-6] tourGuide.service.RewardsService         : nearAttraction called with San Diego Zoo
2023-01-20T14:46:40.729+01:00  INFO 5134 --- [ool-3-thread-37] tourGuide.service.RewardsService         : nearAttraction called with Cinderella Castle
2023-01-20T14:46:40.729+01:00  INFO 5134 --- [pool-3-thread-6] tourGuide.service.RewardsService         : getDistance called
2023-01-20T14:46:40.729+01:00  INFO 5134 --- [ool-3-thread-37] tourGuide.service.RewardsService         : getDistance called
2023-01-20T14:46:40.728+01:00  INFO 5134 --- [ool-3-thread-23] tourGuide.service.RewardsService         : getDistance called
2023-01-20T14:46:40.728+01:00  INFO 5134 --- [ool-3-thread-24] tourGuide.service.RewardsService         : nearAttraction called with Zoo Tampa at Lowry Park
2023-01-20T14:46:40.729+01:00  INFO 5134 --- [ool-3-thread-23] tourGuide.service.RewardsService         : getRewardPoints called with Disneyland and internalUser18
2023-01-20T14:46:40.728+01:00  INFO 5134 --- [ool-3-thread-48] tourGuide.service.RewardsService         : getDistance called
2023-01-20T14:46:40.730+01:00  INFO 5134 --- [ool-3-thread-24] tourGuide.service.RewardsService         : getDistance called
2023-01-20T14:46:40.728+01:00  INFO 5134 --- [ool-3-thread-22] tourGuide.service.RewardsService         : getDistance called
2023-01-20T14:46:40.728+01:00  INFO 5134 --- [ool-3-thread-67] tourGuide.service.RewardsService         : getDistance called
2023-01-20T14:46:40.728+01:00  INFO 5134 --- [ool-3-thread-52] tourGuide.service.RewardsService         : nearAttraction called with Franklin Park Zoo
2023-01-20T14:46:40.728+01:00  INFO 5134 --- [ool-3-thread-39] tourGuide.service.RewardsService         : nearAttraction called with El Paso Zoo
2023-01-20T14:46:40.730+01:00  INFO 5134 --- [ool-3-thread-52] tourGuide.service.RewardsService         : getDistance called
2023-01-20T14:46:40.728+01:00  INFO 5134 --- [ool-3-thread-40] tourGuide.service.RewardsService         : nearAttraction called with Kansas City Zoo
2023-01-20T14:46:40.728+01:00  INFO 5134 --- [ool-3-thread-44] tourGuide.service.RewardsService         : getDistance called
2023-01-20T14:46:40.730+01:00  INFO 5134 --- [ool-3-thread-40] tourGuide.service.RewardsService         : getDistance called
2023-01-20T14:46:40.728+01:00  INFO 5134 --- [pool-3-thread-4] tourGuide.service.RewardsService         : nearAttraction called with Cinderella Castle
2023-01-20T14:46:40.730+01:00  INFO 5134 --- [ool-3-thread-44] tourGuide.service.RewardsService         : nearAttraction called with Flowers Bakery of London
2023-01-20T14:46:40.728+01:00  INFO 5134 --- [pool-3-thread-5] tourGuide.service.RewardsService         : getDistance called
2023-01-20T14:46:40.728+01:00  INFO 5134 --- [ool-3-thread-54] tourGuide.service.RewardsService         : getDistance called
2023-01-20T14:46:40.728+01:00  INFO 5134 --- [ool-3-thread-25] tourGuide.service.RewardsService         : nearAttraction called with Jackson Hole
2023-01-20T14:46:40.728+01:00  INFO 5134 --- [ool-3-thread-18] tourGuide.service.RewardsService         : getDistance called
2023-01-20T14:46:40.730+01:00  INFO 5134 --- [ool-3-thread-25] tourGuide.service.RewardsService         : getDistance called
2023-01-20T14:46:40.728+01:00  INFO 5134 --- [ool-3-thread-47] tourGuide.service.RewardsService         : getRewardPoints called with Disneyland and internalUser12
2023-01-20T14:46:40.730+01:00  INFO 5134 --- [ool-3-thread-25] tourGuide.service.RewardsService         : nearAttraction called with Roger Dean Stadium
2023-01-20T14:46:40.728+01:00  INFO 5134 --- [ool-3-thread-42] tourGuide.service.RewardsService         : getDistance called
2023-01-20T14:46:40.728+01:00  INFO 5134 --- [pool-3-thread-8] tourGuide.service.RewardsService         : nearAttraction called with Mojave National Preserve
2023-01-20T14:46:40.728+01:00  INFO 5134 --- [ool-3-thread-46] tourGuide.service.RewardsService         : getDistance called
2023-01-20T14:46:40.730+01:00  INFO 5134 --- [pool-3-thread-8] tourGuide.service.RewardsService         : getDistance called
2023-01-20T14:46:40.728+01:00  INFO 5134 --- [ool-3-thread-56] tourGuide.service.RewardsService         : nearAttraction called with Joshua Tree National Park
2023-01-20T14:46:40.728+01:00  INFO 5134 --- [ool-3-thread-62] tourGuide.service.RewardsService         : nearAttraction called with Buffalo National River
2023-01-20T14:46:40.728+01:00  INFO 5134 --- [ool-3-thread-35] tourGuide.service.RewardsService         : getDistance called
2023-01-20T14:46:40.730+01:00  INFO 5134 --- [ool-3-thread-62] tourGuide.service.RewardsService         : getDistance called
2023-01-20T14:46:40.728+01:00  INFO 5134 --- [ool-3-thread-32] tourGuide.service.RewardsService         : nearAttraction called with Hot Springs National Park
2023-01-20T14:46:40.730+01:00  INFO 5134 --- [ool-3-thread-35] tourGuide.service.RewardsService         : nearAttraction called with Neyland Stadium
2023-01-20T14:46:40.730+01:00  INFO 5134 --- [ool-3-thread-32] tourGuide.service.RewardsService         : getDistance called
2023-01-20T14:46:40.728+01:00  INFO 5134 --- [ool-3-thread-34] tourGuide.service.RewardsService         : getDistance called
2023-01-20T14:46:40.729+01:00  INFO 5134 --- [ool-3-thread-55] tourGuide.service.RewardsService         : nearAttraction called with Kartchner Caverns State Park
2023-01-20T14:46:40.729+01:00  INFO 5134 --- [pool-3-thread-2] tourGuide.service.RewardsService         : nearAttraction called with Flowers Bakery of London
2023-01-20T14:46:40.730+01:00  INFO 5134 --- [ool-3-thread-55] tourGuide.service.RewardsService         : getDistance called
2023-01-20T14:46:40.729+01:00  INFO 5134 --- [ool-3-thread-58] tourGuide.service.RewardsService         : getDistance called
2023-01-20T14:46:40.729+01:00  INFO 5134 --- [ool-3-thread-69] tourGuide.service.RewardsService         : nearAttraction called with McKinley Tower
2023-01-20T14:46:40.729+01:00  INFO 5134 --- [ool-3-thread-17] tourGuide.service.RewardsService         : nearAttraction called with Flatiron Building
2023-01-20T14:46:40.729+01:00  INFO 5134 --- [ool-3-thread-11] tourGuide.service.RewardsService         : getDistance called
2023-01-20T14:46:40.730+01:00  INFO 5134 --- [ool-3-thread-17] tourGuide.service.RewardsService         : getDistance called
2023-01-20T14:46:40.729+01:00  INFO 5134 --- [ool-3-thread-13] tourGuide.service.RewardsService         : nearAttraction called with Fallingwater
2023-01-20T14:46:40.730+01:00  INFO 5134 --- [ool-3-thread-11] tourGuide.service.RewardsService         : nearAttraction called with El Paso Zoo
2023-01-20T14:46:40.729+01:00  INFO 5134 --- [ool-3-thread-19] tourGuide.service.RewardsService         : nearAttraction called with Union Station
2023-01-20T14:46:40.730+01:00  INFO 5134 --- [ool-3-thread-11] tourGuide.service.RewardsService         : getDistance called
2023-01-20T14:46:40.729+01:00  INFO 5134 --- [ool-3-thread-70] tourGuide.service.RewardsService         : nearAttraction called with Roger Dean Stadium
2023-01-20T14:46:40.730+01:00  INFO 5134 --- [ool-3-thread-19] tourGuide.service.RewardsService         : getDistance called
2023-01-20T14:46:40.730+01:00  INFO 5134 --- [ool-3-thread-70] tourGuide.service.RewardsService         : getDistance called
2023-01-20T14:46:40.729+01:00  INFO 5134 --- [ool-3-thread-30] tourGuide.service.RewardsService         : nearAttraction called with Texas Memorial Stadium
2023-01-20T14:46:40.729+01:00  INFO 5134 --- [ool-3-thread-66] tourGuide.service.RewardsService         : nearAttraction called with Bryant-Denny Stadium
2023-01-20T14:46:40.731+01:00  INFO 5134 --- [ool-3-thread-19] tourGuide.service.RewardsService         : nearAttraction called with Cinderella Castle
2023-01-20T14:46:40.731+01:00  INFO 5134 --- [ool-3-thread-66] tourGuide.service.RewardsService         : getDistance called
2023-01-20T14:46:40.731+01:00  INFO 5134 --- [ool-3-thread-19] tourGuide.service.RewardsService         : getDistance called
2023-01-20T14:46:40.729+01:00  INFO 5134 --- [ool-3-thread-63] tourGuide.service.RewardsService         : getDistance called
2023-01-20T14:46:40.731+01:00  INFO 5134 --- [ool-3-thread-66] tourGuide.service.RewardsService         : nearAttraction called with Jackson Hole
2023-01-20T14:46:40.731+01:00  INFO 5134 --- [ool-3-thread-19] tourGuide.service.RewardsService         : nearAttraction called with Mojave National Preserve
2023-01-20T14:46:40.729+01:00  INFO 5134 --- [ool-3-thread-53] tourGuide.service.RewardsService         : nearAttraction called with Neyland Stadium
2023-01-20T14:46:40.731+01:00  INFO 5134 --- [ool-3-thread-19] tourGuide.service.RewardsService         : getDistance called
2023-01-20T14:46:40.729+01:00  INFO 5134 --- [ool-3-thread-27] tourGuide.service.RewardsService         : nearAttraction called with San Diego Zoo
2023-01-20T14:46:40.729+01:00  INFO 5134 --- [ool-3-thread-43] tourGuide.service.RewardsService         : getDistance called
2023-01-20T14:46:40.729+01:00  INFO 5134 --- [ool-3-thread-59] tourGuide.service.RewardsService         : getDistance called
2023-01-20T14:46:40.731+01:00  INFO 5134 --- [ool-3-thread-43] tourGuide.service.RewardsService         : nearAttraction called with Hot Springs National Park
2023-01-20T14:46:40.729+01:00  INFO 5134 --- [ool-3-thread-12] tourGuide.service.RewardsService         : nearAttraction called with Zoo Tampa at Lowry Park
2023-01-20T14:46:40.729+01:00  INFO 5134 --- [ool-3-thread-41] tourGuide.service.RewardsService         : nearAttraction called with Kansas City Zoo
2023-01-20T14:46:40.731+01:00  INFO 5134 --- [ool-3-thread-12] tourGuide.service.RewardsService         : getDistance called
2023-01-20T14:46:40.731+01:00  INFO 5134 --- [ool-3-thread-41] tourGuide.service.RewardsService         : getDistance called
2023-01-20T14:46:40.729+01:00  INFO 5134 --- [ool-3-thread-10] tourGuide.service.RewardsService         : getDistance called
2023-01-20T14:46:40.731+01:00  INFO 5134 --- [ool-3-thread-12] tourGuide.service.RewardsService         : nearAttraction called with Legend Valley
2023-01-20T14:46:40.729+01:00  INFO 5134 --- [ool-3-thread-38] tourGuide.service.RewardsService         : nearAttraction called with Bronx Zoo
2023-01-20T14:46:40.731+01:00  INFO 5134 --- [ool-3-thread-12] tourGuide.service.RewardsService         : getDistance called
2023-01-20T14:46:40.731+01:00  INFO 5134 --- [ool-3-thread-10] tourGuide.service.RewardsService         : nearAttraction called with McKinley Tower
2023-01-20T14:46:40.731+01:00  INFO 5134 --- [ool-3-thread-38] tourGuide.service.RewardsService         : getDistance called
2023-01-20T14:46:40.731+01:00  INFO 5134 --- [ool-3-thread-12] tourGuide.service.RewardsService         : nearAttraction called with Flatiron Building
2023-01-20T14:46:40.729+01:00  INFO 5134 --- [pool-3-thread-9] tourGuide.service.RewardsService         : nearAttraction called with Disneyland
2023-01-20T14:46:40.731+01:00  INFO 5134 --- [ool-3-thread-12] tourGuide.service.RewardsService         : getDistance called
2023-01-20T14:46:40.731+01:00  INFO 5134 --- [pool-3-thread-9] tourGuide.service.RewardsService         : getDistance called
2023-01-20T14:46:40.729+01:00  INFO 5134 --- [pool-3-thread-6] tourGuide.service.RewardsService         : nearAttraction called with Jackson Hole
2023-01-20T14:46:40.731+01:00  INFO 5134 --- [ool-3-thread-12] tourGuide.service.RewardsService         : nearAttraction called with Union Station
2023-01-20T14:46:40.729+01:00  INFO 5134 --- [ool-3-thread-37] tourGuide.service.RewardsService         : nearAttraction called with Mojave National Preserve
2023-01-20T14:46:40.731+01:00  INFO 5134 --- [ool-3-thread-12] tourGuide.service.RewardsService         : getDistance called
2023-01-20T14:46:40.730+01:00  INFO 5134 --- [ool-3-thread-48] tourGuide.service.RewardsService         : nearAttraction called with Joshua Tree National Park
2023-01-20T14:46:40.731+01:00  INFO 5134 --- [ool-3-thread-37] tourGuide.service.RewardsService         : getDistance called
2023-01-20T14:46:40.731+01:00  INFO 5134 --- [ool-3-thread-48] tourGuide.service.RewardsService         : getDistance called
2023-01-20T14:46:40.730+01:00  INFO 5134 --- [ool-3-thread-24] tourGuide.service.RewardsService         : nearAttraction called with Buffalo National River
2023-01-20T14:46:40.731+01:00  INFO 5134 --- [ool-3-thread-37] tourGuide.service.RewardsService         : nearAttraction called with Texas Memorial Stadium
2023-01-20T14:46:40.731+01:00  INFO 5134 --- [ool-3-thread-48] tourGuide.service.RewardsService         : nearAttraction called with Bryant-Denny Stadium
2023-01-20T14:46:40.730+01:00  INFO 5134 --- [ool-3-thread-22] tourGuide.service.RewardsService         : nearAttraction called with Hot Springs National Park
2023-01-20T14:46:40.730+01:00  INFO 5134 --- [ool-3-thread-67] tourGuide.service.RewardsService         : nearAttraction called with Kartchner Caverns State Park
2023-01-20T14:46:40.731+01:00  INFO 5134 --- [ool-3-thread-22] tourGuide.service.RewardsService         : getDistance called
2023-01-20T14:46:40.731+01:00  INFO 5134 --- [ool-3-thread-67] tourGuide.service.RewardsService         : getDistance called
2023-01-20T14:46:40.730+01:00  INFO 5134 --- [ool-3-thread-39] tourGuide.service.RewardsService         : getDistance called
2023-01-20T14:46:40.731+01:00  INFO 5134 --- [ool-3-thread-67] tourGuide.service.RewardsService         : nearAttraction called with Neyland Stadium
2023-01-20T14:46:40.730+01:00  INFO 5134 --- [ool-3-thread-52] tourGuide.service.RewardsService         : nearAttraction called with Legend Valley
2023-01-20T14:46:40.730+01:00  INFO 5134 --- [ool-3-thread-40] tourGuide.service.RewardsService         : nearAttraction called with McKinley Tower
2023-01-20T14:46:40.731+01:00  INFO 5134 --- [ool-3-thread-52] tourGuide.service.RewardsService         : getDistance called
2023-01-20T14:46:40.731+01:00  INFO 5134 --- [ool-3-thread-40] tourGuide.service.RewardsService         : getDistance called
2023-01-20T14:46:40.730+01:00  INFO 5134 --- [pool-3-thread-4] tourGuide.service.RewardsService         : getDistance called
2023-01-20T14:46:40.730+01:00  INFO 5134 --- [ool-3-thread-44] tourGuide.service.RewardsService         : getDistance called
2023-01-20T14:46:40.732+01:00  INFO 5134 --- [ool-3-thread-40] tourGuide.service.RewardsService         : nearAttraction called with Zoo Tampa at Lowry Park
2023-01-20T14:46:40.730+01:00  INFO 5134 --- [pool-3-thread-5] tourGuide.service.RewardsService         : nearAttraction called with Flatiron Building
2023-01-20T14:46:40.732+01:00  INFO 5134 --- [ool-3-thread-40] tourGuide.service.RewardsService         : getDistance called
2023-01-20T14:46:40.730+01:00  INFO 5134 --- [ool-3-thread-54] tourGuide.service.RewardsService         : nearAttraction called with Fallingwater
2023-01-20T14:46:40.730+01:00  INFO 5134 --- [ool-3-thread-18] tourGuide.service.RewardsService         : nearAttraction called with Union Station
2023-01-20T14:46:40.732+01:00  INFO 5134 --- [ool-3-thread-40] tourGuide.service.RewardsService         : nearAttraction called with Kansas City Zoo
2023-01-20T14:46:40.730+01:00  INFO 5134 --- [ool-3-thread-25] tourGuide.service.RewardsService         : getDistance called
2023-01-20T14:46:40.732+01:00  INFO 5134 --- [ool-3-thread-40] tourGuide.service.RewardsService         : getDistance called
2023-01-20T14:46:40.730+01:00  INFO 5134 --- [ool-3-thread-42] tourGuide.service.RewardsService         : nearAttraction called with Texas Memorial Stadium
2023-01-20T14:46:40.732+01:00  INFO 5134 --- [ool-3-thread-40] tourGuide.service.RewardsService         : nearAttraction called with Cinderella Castle
2023-01-20T14:46:40.730+01:00  INFO 5134 --- [pool-3-thread-8] tourGuide.service.RewardsService         : nearAttraction called with Tiger Stadium
2023-01-20T14:46:40.730+01:00  INFO 5134 --- [ool-3-thread-46] tourGuide.service.RewardsService         : nearAttraction called with Bryant-Denny Stadium
2023-01-20T14:46:40.732+01:00  INFO 5134 --- [pool-3-thread-8] tourGuide.service.RewardsService         : getDistance called
2023-01-20T14:46:40.730+01:00  INFO 5134 --- [ool-3-thread-56] tourGuide.service.RewardsService         : getDistance called
2023-01-20T14:46:40.730+01:00  INFO 5134 --- [ool-3-thread-62] tourGuide.service.RewardsService         : nearAttraction called with Kyle Field
2023-01-20T14:46:40.730+01:00  INFO 5134 --- [ool-3-thread-35] tourGuide.service.RewardsService         : getDistance called
2023-01-20T14:46:40.732+01:00  INFO 5134 --- [ool-3-thread-56] tourGuide.service.RewardsService         : nearAttraction called with Jackson Hole
2023-01-20T14:46:40.732+01:00  INFO 5134 --- [ool-3-thread-62] tourGuide.service.RewardsService         : getDistance called
2023-01-20T14:46:40.732+01:00  INFO 5134 --- [ool-3-thread-56] tourGuide.service.RewardsService         : getDistance called
2023-01-20T14:46:40.730+01:00  INFO 5134 --- [ool-3-thread-32] tourGuide.service.RewardsService         : nearAttraction called with San Diego Zoo
2023-01-20T14:46:40.730+01:00  INFO 5134 --- [ool-3-thread-34] tourGuide.service.RewardsService         : nearAttraction called with Zoo Tampa at Lowry Park
2023-01-20T14:46:40.732+01:00  INFO 5134 --- [ool-3-thread-32] tourGuide.service.RewardsService         : getDistance called
2023-01-20T14:46:40.730+01:00  INFO 5134 --- [pool-3-thread-2] tourGuide.service.RewardsService         : getDistance called
2023-01-20T14:46:40.730+01:00  INFO 5134 --- [ool-3-thread-55] tourGuide.service.RewardsService         : nearAttraction called with Franklin Park Zoo
2023-01-20T14:46:40.730+01:00  INFO 5134 --- [ool-3-thread-58] tourGuide.service.RewardsService         : getRewardPoints called with Disneyland and internalUser17
2023-01-20T14:46:40.732+01:00  INFO 5134 --- [ool-3-thread-55] tourGuide.service.RewardsService         : getDistance called
2023-01-20T14:46:40.730+01:00  INFO 5134 --- [ool-3-thread-69] tourGuide.service.RewardsService         : getDistance called
2023-01-20T14:46:40.730+01:00  INFO 5134 --- [ool-3-thread-17] tourGuide.service.RewardsService         : nearAttraction called with Kansas City Zoo
2023-01-20T14:46:40.730+01:00  INFO 5134 --- [ool-3-thread-13] tourGuide.service.RewardsService         : getDistance called
2023-01-20T14:46:40.730+01:00  INFO 5134 --- [ool-3-thread-11] tourGuide.service.RewardsService         : nearAttraction called with Bronx Zoo
2023-01-20T14:46:40.731+01:00  INFO 5134 --- [ool-3-thread-30] tourGuide.service.RewardsService         : getDistance called
2023-01-20T14:46:40.731+01:00  INFO 5134 --- [ool-3-thread-70] tourGuide.service.RewardsService         : nearAttraction called with Disneyland
2023-01-20T14:46:40.731+01:00  INFO 5134 --- [ool-3-thread-66] tourGuide.service.RewardsService         : getDistance called
2023-01-20T14:46:40.731+01:00  INFO 5134 --- [ool-3-thread-63] tourGuide.service.RewardsService         : nearAttraction called with Joshua Tree National Park
2023-01-20T14:46:40.731+01:00  INFO 5134 --- [ool-3-thread-53] tourGuide.service.RewardsService         : getDistance called
2023-01-20T14:46:40.732+01:00  INFO 5134 --- [ool-3-thread-63] tourGuide.service.RewardsService         : getDistance called
2023-01-20T14:46:40.731+01:00  INFO 5134 --- [ool-3-thread-27] tourGuide.service.RewardsService         : getDistance called
2023-01-20T14:46:40.731+01:00  INFO 5134 --- [ool-3-thread-19] tourGuide.service.RewardsService         : nearAttraction called with Buffalo National River
2023-01-20T14:46:40.731+01:00  INFO 5134 --- [ool-3-thread-59] tourGuide.service.RewardsService         : nearAttraction called with Kartchner Caverns State Park
2023-01-20T14:46:40.732+01:00  INFO 5134 --- [ool-3-thread-19] tourGuide.service.RewardsService         : getDistance called
2023-01-20T14:46:40.731+01:00  INFO 5134 --- [ool-3-thread-43] tourGuide.service.RewardsService         : getDistance called
2023-01-20T14:46:40.731+01:00  INFO 5134 --- [ool-3-thread-41] tourGuide.service.RewardsService         : nearAttraction called with Flowers Bakery of London
2023-01-20T14:46:40.732+01:00  INFO 5134 --- [ool-3-thread-19] tourGuide.service.RewardsService         : nearAttraction called with Bryant-Denny Stadium
2023-01-20T14:46:40.733+01:00  INFO 5134 --- [ool-3-thread-43] tourGuide.service.RewardsService         : nearAttraction called with Tiger Stadium
2023-01-20T14:46:40.733+01:00  INFO 5134 --- [ool-3-thread-19] tourGuide.service.RewardsService         : getDistance called
2023-01-20T14:46:40.733+01:00  INFO 5134 --- [ool-3-thread-43] tourGuide.service.RewardsService         : getDistance called
2023-01-20T14:46:40.731+01:00  INFO 5134 --- [ool-3-thread-10] tourGuide.service.RewardsService         : getDistance called
2023-01-20T14:46:40.733+01:00  INFO 5134 --- [ool-3-thread-43] tourGuide.service.RewardsService         : nearAttraction called with Kyle Field
2023-01-20T14:46:40.731+01:00  INFO 5134 --- [ool-3-thread-38] tourGuide.service.RewardsService         : nearAttraction called with Fallingwater
2023-01-20T14:46:40.733+01:00  INFO 5134 --- [ool-3-thread-43] tourGuide.service.RewardsService         : getDistance called
2023-01-20T14:46:40.733+01:00  INFO 5134 --- [ool-3-thread-38] tourGuide.service.RewardsService         : getDistance called
2023-01-20T14:46:40.731+01:00  INFO 5134 --- [pool-3-thread-9] tourGuide.service.RewardsService         : getRewardPoints called with Disneyland and internalUser11
2023-01-20T14:46:40.733+01:00  INFO 5134 --- [ool-3-thread-38] tourGuide.service.RewardsService         : nearAttraction called with Franklin Park Zoo
2023-01-20T14:46:40.731+01:00  INFO 5134 --- [pool-3-thread-6] tourGuide.service.RewardsService         : getDistance called
2023-01-20T14:46:40.731+01:00  INFO 5134 --- [ool-3-thread-12] tourGuide.service.RewardsService         : nearAttraction called with Roger Dean Stadium
2023-01-20T14:46:40.731+01:00  INFO 5134 --- [ool-3-thread-24] tourGuide.service.RewardsService         : getDistance called
2023-01-20T14:46:40.733+01:00  INFO 5134 --- [ool-3-thread-12] tourGuide.service.RewardsService         : getDistance called
2023-01-20T14:46:40.731+01:00  INFO 5134 --- [ool-3-thread-37] tourGuide.service.RewardsService         : getDistance called
2023-01-20T14:46:40.733+01:00  INFO 5134 --- [ool-3-thread-12] tourGuide.service.RewardsService         : nearAttraction called with Bronx Zoo
2023-01-20T14:46:40.733+01:00  INFO 5134 --- [ool-3-thread-37] tourGuide.service.RewardsService         : nearAttraction called with Cinderella Castle
2023-01-20T14:46:40.733+01:00  INFO 5134 --- [ool-3-thread-12] tourGuide.service.RewardsService         : getDistance called
2023-01-20T14:46:40.731+01:00  INFO 5134 --- [ool-3-thread-48] tourGuide.service.RewardsService         : getDistance called
2023-01-20T14:46:40.731+01:00  INFO 5134 --- [ool-3-thread-22] tourGuide.service.RewardsService         : nearAttraction called with Tiger Stadium
2023-01-20T14:46:40.731+01:00  INFO 5134 --- [ool-3-thread-39] tourGuide.service.RewardsService         : nearAttraction called with Kyle Field
2023-01-20T14:46:40.733+01:00  INFO 5134 --- [ool-3-thread-22] tourGuide.service.RewardsService         : getDistance called
2023-01-20T14:46:40.731+01:00  INFO 5134 --- [ool-3-thread-67] tourGuide.service.RewardsService         : getDistance called
2023-01-20T14:46:40.733+01:00  INFO 5134 --- [ool-3-thread-39] tourGuide.service.RewardsService         : getDistance called
2023-01-20T14:46:40.733+01:00  INFO 5134 --- [ool-3-thread-67] tourGuide.service.RewardsService         : nearAttraction called with Joshua Tree National Park
2023-01-20T14:46:40.732+01:00  INFO 5134 --- [pool-3-thread-4] tourGuide.service.RewardsService         : nearAttraction called with Franklin Park Zoo
2023-01-20T14:46:40.733+01:00  INFO 5134 --- [ool-3-thread-67] tourGuide.service.RewardsService         : getDistance called
2023-01-20T14:46:40.732+01:00  INFO 5134 --- [ool-3-thread-52] tourGuide.service.RewardsService         : nearAttraction called with San Diego Zoo
2023-01-20T14:46:40.732+01:00  INFO 5134 --- [ool-3-thread-44] tourGuide.service.RewardsService         : nearAttraction called with El Paso Zoo
2023-01-20T14:46:40.733+01:00  INFO 5134 --- [ool-3-thread-52] tourGuide.service.RewardsService         : getDistance called
2023-01-20T14:46:40.732+01:00  INFO 5134 --- [pool-3-thread-5] tourGuide.service.RewardsService         : getDistance called
2023-01-20T14:46:40.732+01:00  INFO 5134 --- [ool-3-thread-54] tourGuide.service.RewardsService         : getDistance called
2023-01-20T14:46:40.733+01:00  INFO 5134 --- [pool-3-thread-5] tourGuide.service.RewardsService         : nearAttraction called with Legend Valley
2023-01-20T14:46:40.732+01:00  INFO 5134 --- [ool-3-thread-18] tourGuide.service.RewardsService         : getDistance called
2023-01-20T14:46:40.732+01:00  INFO 5134 --- [ool-3-thread-25] tourGuide.service.RewardsService         : nearAttraction called with Bronx Zoo
2023-01-20T14:46:40.732+01:00  INFO 5134 --- [ool-3-thread-42] tourGuide.service.RewardsService         : getDistance called
2023-01-20T14:46:40.732+01:00  INFO 5134 --- [ool-3-thread-40] tourGuide.service.RewardsService         : getDistance called
2023-01-20T14:46:40.732+01:00  INFO 5134 --- [pool-3-thread-8] tourGuide.service.RewardsService         : nearAttraction called with Disneyland
2023-01-20T14:46:40.732+01:00  INFO 5134 --- [ool-3-thread-46] tourGuide.service.RewardsService         : getDistance called
2023-01-20T14:46:40.733+01:00  INFO 5134 --- [pool-3-thread-8] tourGuide.service.RewardsService         : getDistance called
2023-01-20T14:46:40.732+01:00  INFO 5134 --- [ool-3-thread-35] tourGuide.service.RewardsService         : nearAttraction called with Mojave National Preserve
2023-01-20T14:46:40.734+01:00  INFO 5134 --- [pool-3-thread-8] tourGuide.service.RewardsService         : getRewardPoints called with Disneyland and internalUser14
2023-01-20T14:46:40.732+01:00  INFO 5134 --- [ool-3-thread-62] tourGuide.service.RewardsService         : nearAttraction called with Joshua Tree National Park
2023-01-20T14:46:40.732+01:00  INFO 5134 --- [ool-3-thread-56] tourGuide.service.RewardsService         : nearAttraction called with Buffalo National River
2023-01-20T14:46:40.732+01:00  INFO 5134 --- [ool-3-thread-34] tourGuide.service.RewardsService         : getDistance called
2023-01-20T14:46:40.734+01:00  INFO 5134 --- [ool-3-thread-56] tourGuide.service.RewardsService         : getDistance called
2023-01-20T14:46:40.732+01:00  INFO 5134 --- [ool-3-thread-32] tourGuide.service.RewardsService         : nearAttraction called with Hot Springs National Park
2023-01-20T14:46:40.732+01:00  INFO 5134 --- [pool-3-thread-2] tourGuide.service.RewardsService         : nearAttraction called with Kartchner Caverns State Park
2023-01-20T14:46:40.734+01:00  INFO 5134 --- [ool-3-thread-32] tourGuide.service.RewardsService         : getDistance called
2023-01-20T14:46:40.732+01:00  INFO 5134 --- [ool-3-thread-55] tourGuide.service.RewardsService         : nearAttraction called with Legend Valley
2023-01-20T14:46:40.732+01:00  INFO 5134 --- [ool-3-thread-69] tourGuide.service.RewardsService         : nearAttraction called with Flowers Bakery of London
2023-01-20T14:46:40.734+01:00  INFO 5134 --- [ool-3-thread-55] tourGuide.service.RewardsService         : getDistance called
2023-01-20T14:46:40.732+01:00  INFO 5134 --- [ool-3-thread-17] tourGuide.service.RewardsService         : getDistance called
2023-01-20T14:46:40.732+01:00  INFO 5134 --- [ool-3-thread-13] tourGuide.service.RewardsService         : nearAttraction called with McKinley Tower
2023-01-20T14:46:40.732+01:00  INFO 5134 --- [ool-3-thread-11] tourGuide.service.RewardsService         : getDistance called
2023-01-20T14:46:40.734+01:00  INFO 5134 --- [ool-3-thread-13] tourGuide.service.RewardsService         : getDistance called
2023-01-20T14:46:40.732+01:00  INFO 5134 --- [ool-3-thread-30] tourGuide.service.RewardsService         : nearAttraction called with Flatiron Building
2023-01-20T14:46:40.734+01:00  INFO 5134 --- [ool-3-thread-13] tourGuide.service.RewardsService         : nearAttraction called with San Diego Zoo
2023-01-20T14:46:40.732+01:00  INFO 5134 --- [ool-3-thread-70] tourGuide.service.RewardsService         : getDistance called
2023-01-20T14:46:40.732+01:00  INFO 5134 --- [ool-3-thread-66] tourGuide.service.RewardsService         : nearAttraction called with Fallingwater
2023-01-20T14:46:40.732+01:00  INFO 5134 --- [ool-3-thread-53] tourGuide.service.RewardsService         : nearAttraction called with Union Station
2023-01-20T14:46:40.732+01:00  INFO 5134 --- [ool-3-thread-63] tourGuide.service.RewardsService         : nearAttraction called with Roger Dean Stadium
2023-01-20T14:46:40.734+01:00  INFO 5134 --- [ool-3-thread-53] tourGuide.service.RewardsService         : getDistance called
2023-01-20T14:46:40.732+01:00  INFO 5134 --- [ool-3-thread-27] tourGuide.service.RewardsService         : nearAttraction called with Texas Memorial Stadium
2023-01-20T14:46:40.732+01:00  INFO 5134 --- [ool-3-thread-59] tourGuide.service.RewardsService         : getDistance called
2023-01-20T14:46:40.733+01:00  INFO 5134 --- [ool-3-thread-41] tourGuide.service.RewardsService         : getDistance called
2023-01-20T14:46:40.733+01:00  INFO 5134 --- [ool-3-thread-19] tourGuide.service.RewardsService         : nearAttraction called with Neyland Stadium
2023-01-20T14:46:40.733+01:00  INFO 5134 --- [ool-3-thread-10] tourGuide.service.RewardsService         : nearAttraction called with San Diego Zoo
2023-01-20T14:46:40.734+01:00  INFO 5134 --- [ool-3-thread-19] tourGuide.service.RewardsService         : getDistance called
2023-01-20T14:46:40.734+01:00  INFO 5134 --- [ool-3-thread-10] tourGuide.service.RewardsService         : getDistance called
2023-01-20T14:46:40.733+01:00  INFO 5134 --- [ool-3-thread-43] tourGuide.service.RewardsService         : nearAttraction called with Zoo Tampa at Lowry Park
2023-01-20T14:46:40.733+01:00  INFO 5134 --- [ool-3-thread-38] tourGuide.service.RewardsService         : getDistance called
2023-01-20T14:46:40.734+01:00  INFO 5134 --- [ool-3-thread-43] tourGuide.service.RewardsService         : getDistance called
2023-01-20T14:46:40.734+01:00  INFO 5134 --- [ool-3-thread-19] tourGuide.service.RewardsService         : nearAttraction called with Kansas City Zoo
2023-01-20T14:46:40.733+01:00  INFO 5134 --- [pool-3-thread-6] tourGuide.service.RewardsService         : nearAttraction called with El Paso Zoo
2023-01-20T14:46:40.734+01:00  INFO 5134 --- [ool-3-thread-19] tourGuide.service.RewardsService         : getDistance called
2023-01-20T14:46:40.734+01:00  INFO 5134 --- [pool-3-thread-6] tourGuide.service.RewardsService         : getDistance called
2023-01-20T14:46:40.733+01:00  INFO 5134 --- [ool-3-thread-24] tourGuide.service.RewardsService         : nearAttraction called with Kansas City Zoo
2023-01-20T14:46:40.733+01:00  INFO 5134 --- [ool-3-thread-12] tourGuide.service.RewardsService         : nearAttraction called with Disneyland
2023-01-20T14:46:40.733+01:00  INFO 5134 --- [ool-3-thread-37] tourGuide.service.RewardsService         : getDistance called
2023-01-20T14:46:40.734+01:00  INFO 5134 --- [ool-3-thread-12] tourGuide.service.RewardsService         : getDistance called
2023-01-20T14:46:40.733+01:00  INFO 5134 --- [ool-3-thread-48] tourGuide.service.RewardsService         : nearAttraction called with Jackson Hole
2023-01-20T14:46:40.733+01:00  INFO 5134 --- [ool-3-thread-22] tourGuide.service.RewardsService         : nearAttraction called with Mojave National Preserve
2023-01-20T14:46:40.735+01:00  INFO 5134 --- [ool-3-thread-37] tourGuide.service.RewardsService         : nearAttraction called with Joshua Tree National Park
2023-01-20T14:46:40.735+01:00  INFO 5134 --- [ool-3-thread-48] tourGuide.service.RewardsService         : getDistance called
2023-01-20T14:46:40.735+01:00  INFO 5134 --- [ool-3-thread-37] tourGuide.service.RewardsService         : getDistance called
2023-01-20T14:46:40.733+01:00  INFO 5134 --- [ool-3-thread-39] tourGuide.service.RewardsService         : nearAttraction called with Buffalo National River
2023-01-20T14:46:40.735+01:00  INFO 5134 --- [ool-3-thread-37] tourGuide.service.RewardsService         : nearAttraction called with Hot Springs National Park
2023-01-20T14:46:40.735+01:00  INFO 5134 --- [ool-3-thread-39] tourGuide.service.RewardsService         : getDistance called
2023-01-20T14:46:40.735+01:00  INFO 5134 --- [ool-3-thread-37] tourGuide.service.RewardsService         : getDistance called
2023-01-20T14:46:40.733+01:00  INFO 5134 --- [pool-3-thread-4] tourGuide.service.RewardsService         : getDistance called
2023-01-20T14:46:40.733+01:00  INFO 5134 --- [ool-3-thread-67] tourGuide.service.RewardsService         : nearAttraction called with Hot Springs National Park
2023-01-20T14:46:40.733+01:00  INFO 5134 --- [ool-3-thread-44] tourGuide.service.RewardsService         : getDistance called
2023-01-20T14:46:40.735+01:00  INFO 5134 --- [pool-3-thread-4] tourGuide.service.RewardsService         : nearAttraction called with Flowers Bakery of London
2023-01-20T14:46:40.733+01:00  INFO 5134 --- [ool-3-thread-52] tourGuide.service.RewardsService         : nearAttraction called with Kartchner Caverns State Park
2023-01-20T14:46:40.735+01:00  INFO 5134 --- [pool-3-thread-4] tourGuide.service.RewardsService         : getDistance called
2023-01-20T14:46:40.735+01:00  INFO 5134 --- [ool-3-thread-52] tourGuide.service.RewardsService         : getDistance called
2023-01-20T14:46:40.733+01:00  INFO 5134 --- [ool-3-thread-54] tourGuide.service.RewardsService         : nearAttraction called with Flowers Bakery of London
2023-01-20T14:46:40.733+01:00  INFO 5134 --- [pool-3-thread-5] tourGuide.service.RewardsService         : getDistance called
2023-01-20T14:46:40.735+01:00  INFO 5134 --- [ool-3-thread-54] tourGuide.service.RewardsService         : getDistance called
2023-01-20T14:46:40.733+01:00  INFO 5134 --- [ool-3-thread-18] tourGuide.service.RewardsService         : nearAttraction called with McKinley Tower
2023-01-20T14:46:40.735+01:00  INFO 5134 --- [pool-3-thread-5] tourGuide.service.RewardsService         : nearAttraction called with Union Station
2023-01-20T14:46:40.735+01:00  INFO 5134 --- [ool-3-thread-18] tourGuide.service.RewardsService         : getDistance called
2023-01-20T14:46:40.735+01:00  INFO 5134 --- [pool-3-thread-5] tourGuide.service.RewardsService         : getDistance called
2023-01-20T14:46:40.735+01:00  INFO 5134 --- [ool-3-thread-18] tourGuide.service.RewardsService         : nearAttraction called with Texas Memorial Stadium
2023-01-20T14:46:40.733+01:00  INFO 5134 --- [ool-3-thread-25] tourGuide.service.RewardsService         : getDistance called
2023-01-20T14:46:40.733+01:00  INFO 5134 --- [ool-3-thread-42] tourGuide.service.RewardsService         : nearAttraction called with Flatiron Building
2023-01-20T14:46:40.733+01:00  INFO 5134 --- [ool-3-thread-40] tourGuide.service.RewardsService         : nearAttraction called with Fallingwater
2023-01-20T14:46:40.735+01:00  INFO 5134 --- [ool-3-thread-42] tourGuide.service.RewardsService         : getDistance called
2023-01-20T14:46:40.734+01:00  INFO 5134 --- [ool-3-thread-46] tourGuide.service.RewardsService         : nearAttraction called with Union Station
2023-01-20T14:46:40.735+01:00  INFO 5134 --- [ool-3-thread-42] tourGuide.service.RewardsService         : nearAttraction called with Neyland Stadium
2023-01-20T14:46:40.734+01:00  INFO 5134 --- [ool-3-thread-35] tourGuide.service.RewardsService         : getDistance called
2023-01-20T14:46:40.735+01:00  INFO 5134 --- [ool-3-thread-42] tourGuide.service.RewardsService         : getDistance called
2023-01-20T14:46:40.734+01:00  INFO 5134 --- [ool-3-thread-62] tourGuide.service.RewardsService         : getDistance called
2023-01-20T14:46:40.734+01:00  INFO 5134 --- [ool-3-thread-56] tourGuide.service.RewardsService         : nearAttraction called with Roger Dean Stadium
2023-01-20T14:46:40.735+01:00  INFO 5134 --- [ool-3-thread-62] tourGuide.service.RewardsService         : nearAttraction called with Zoo Tampa at Lowry Park
2023-01-20T14:46:40.735+01:00  INFO 5134 --- [ool-3-thread-56] tourGuide.service.RewardsService         : getDistance called
2023-01-20T14:46:40.735+01:00  INFO 5134 --- [ool-3-thread-62] tourGuide.service.RewardsService         : getDistance called
2023-01-20T14:46:40.734+01:00  INFO 5134 --- [ool-3-thread-34] tourGuide.service.RewardsService         : nearAttraction called with Texas Memorial Stadium
2023-01-20T14:46:40.735+01:00  INFO 5134 --- [ool-3-thread-56] tourGuide.service.RewardsService         : nearAttraction called with Franklin Park Zoo
2023-01-20T14:46:40.734+01:00  INFO 5134 --- [pool-3-thread-2] tourGuide.service.RewardsService         : getDistance called
2023-01-20T14:46:40.735+01:00  INFO 5134 --- [ool-3-thread-56] tourGuide.service.RewardsService         : getDistance called
2023-01-20T14:46:40.734+01:00  INFO 5134 --- [ool-3-thread-32] tourGuide.service.RewardsService         : nearAttraction called with Bryant-Denny Stadium
2023-01-20T14:46:40.735+01:00  INFO 5134 --- [pool-3-thread-2] tourGuide.service.RewardsService         : nearAttraction called with Kansas City Zoo
2023-01-20T14:46:40.734+01:00  INFO 5134 --- [ool-3-thread-69] tourGuide.service.RewardsService         : getDistance called
2023-01-20T14:46:40.734+01:00  INFO 5134 --- [ool-3-thread-55] tourGuide.service.RewardsService         : nearAttraction called with Tiger Stadium
2023-01-20T14:46:40.735+01:00  INFO 5134 --- [ool-3-thread-69] tourGuide.service.RewardsService         : nearAttraction called with Cinderella Castle
2023-01-20T14:46:40.734+01:00  INFO 5134 --- [ool-3-thread-17] tourGuide.service.RewardsService         : nearAttraction called with Neyland Stadium
2023-01-20T14:46:40.734+01:00  INFO 5134 --- [ool-3-thread-11] tourGuide.service.RewardsService         : nearAttraction called with Kyle Field
2023-01-20T14:46:40.736+01:00  INFO 5134 --- [ool-3-thread-69] tourGuide.service.RewardsService         : getDistance called
2023-01-20T14:46:40.734+01:00  INFO 5134 --- [ool-3-thread-30] tourGuide.service.RewardsService         : getDistance called
2023-01-20T14:46:40.734+01:00  INFO 5134 --- [ool-3-thread-13] tourGuide.service.RewardsService         : getDistance called
2023-01-20T14:46:40.734+01:00  INFO 5134 --- [ool-3-thread-70] tourGuide.service.RewardsService         : getRewardPoints called with Disneyland and internalUser99
2023-01-20T14:46:40.736+01:00  INFO 5134 --- [ool-3-thread-13] tourGuide.service.RewardsService         : nearAttraction called with Mojave National Preserve
2023-01-20T14:46:40.734+01:00  INFO 5134 --- [ool-3-thread-66] tourGuide.service.RewardsService         : getDistance called
2023-01-20T14:46:40.734+01:00  INFO 5134 --- [ool-3-thread-63] tourGuide.service.RewardsService         : getDistance called
2023-01-20T14:46:40.734+01:00  INFO 5134 --- [ool-3-thread-53] tourGuide.service.RewardsService         : nearAttraction called with Zoo Tampa at Lowry Park
2023-01-20T14:46:40.736+01:00  INFO 5134 --- [ool-3-thread-63] tourGuide.service.RewardsService         : nearAttraction called with Buffalo National River
2023-01-20T14:46:40.736+01:00  INFO 5134 --- [ool-3-thread-53] tourGuide.service.RewardsService         : getDistance called
2023-01-20T14:46:40.734+01:00  INFO 5134 --- [ool-3-thread-27] tourGuide.service.RewardsService         : getDistance called
2023-01-20T14:46:40.736+01:00  INFO 5134 --- [ool-3-thread-53] tourGuide.service.RewardsService         : nearAttraction called with Hot Springs National Park
2023-01-20T14:46:40.734+01:00  INFO 5134 --- [ool-3-thread-59] tourGuide.service.RewardsService         : nearAttraction called with Franklin Park Zoo
2023-01-20T14:46:40.736+01:00  INFO 5134 --- [ool-3-thread-27] tourGuide.service.RewardsService         : nearAttraction called with Kartchner Caverns State Park
2023-01-20T14:46:40.734+01:00  INFO 5134 --- [ool-3-thread-41] tourGuide.service.RewardsService         : nearAttraction called with El Paso Zoo
2023-01-20T14:46:40.736+01:00  INFO 5134 --- [ool-3-thread-27] tourGuide.service.RewardsService         : getDistance called
2023-01-20T14:46:40.734+01:00  INFO 5134 --- [ool-3-thread-10] tourGuide.service.RewardsService         : nearAttraction called with Bronx Zoo
2023-01-20T14:46:40.734+01:00  INFO 5134 --- [ool-3-thread-38] tourGuide.service.RewardsService         : nearAttraction called with Cinderella Castle
2023-01-20T14:46:40.736+01:00  INFO 5134 --- [ool-3-thread-10] tourGuide.service.RewardsService         : getDistance called
2023-01-20T14:46:40.736+01:00  INFO 5134 --- [ool-3-thread-38] tourGuide.service.RewardsService         : getDistance called
2023-01-20T14:46:40.734+01:00  INFO 5134 --- [ool-3-thread-43] tourGuide.service.RewardsService         : nearAttraction called with Disneyland
2023-01-20T14:46:40.736+01:00  INFO 5134 --- [ool-3-thread-10] tourGuide.service.RewardsService         : nearAttraction called with Flowers Bakery of London
2023-01-20T14:46:40.736+01:00  INFO 5134 --- [ool-3-thread-43] tourGuide.service.RewardsService         : getDistance called
2023-01-20T14:46:40.736+01:00  INFO 5134 --- [ool-3-thread-10] tourGuide.service.RewardsService         : getDistance called
2023-01-20T14:46:40.734+01:00  INFO 5134 --- [ool-3-thread-19] tourGuide.service.RewardsService         : nearAttraction called with Jackson Hole
2023-01-20T14:46:40.734+01:00  INFO 5134 --- [pool-3-thread-6] tourGuide.service.RewardsService         : nearAttraction called with Mojave National Preserve
2023-01-20T14:46:40.736+01:00  INFO 5134 --- [ool-3-thread-19] tourGuide.service.RewardsService         : getDistance called
2023-01-20T14:46:40.736+01:00  INFO 5134 --- [pool-3-thread-6] tourGuide.service.RewardsService         : getDistance called
2023-01-20T14:46:40.734+01:00  INFO 5134 --- [ool-3-thread-24] tourGuide.service.RewardsService         : getDistance called
2023-01-20T14:46:40.735+01:00  INFO 5134 --- [ool-3-thread-12] tourGuide.service.RewardsService         : getRewardPoints called with Disneyland and internalUser13
2023-01-20T14:46:40.735+01:00  INFO 5134 --- [ool-3-thread-22] tourGuide.service.RewardsService         : getDistance called
2023-01-20T14:46:40.735+01:00  INFO 5134 --- [ool-3-thread-48] tourGuide.service.RewardsService         : nearAttraction called with Buffalo National River
2023-01-20T14:46:40.735+01:00  INFO 5134 --- [ool-3-thread-39] tourGuide.service.RewardsService         : nearAttraction called with Kartchner Caverns State Park
2023-01-20T14:46:40.735+01:00  INFO 5134 --- [ool-3-thread-37] tourGuide.service.RewardsService         : nearAttraction called with Legend Valley
2023-01-20T14:46:40.735+01:00  INFO 5134 --- [ool-3-thread-67] tourGuide.service.RewardsService         : getDistance called
2023-01-20T14:46:40.735+01:00  INFO 5134 --- [ool-3-thread-44] tourGuide.service.RewardsService         : nearAttraction called with McKinley Tower
2023-01-20T14:46:40.735+01:00  INFO 5134 --- [pool-3-thread-4] tourGuide.service.RewardsService         : nearAttraction called with Flatiron Building
2023-01-20T14:46:40.735+01:00  INFO 5134 --- [ool-3-thread-52] tourGuide.service.RewardsService         : nearAttraction called with Fallingwater
2023-01-20T14:46:40.736+01:00  INFO 5134 --- [pool-3-thread-4] tourGuide.service.RewardsService         : getDistance called
2023-01-20T14:46:40.736+01:00  INFO 5134 --- [ool-3-thread-52] tourGuide.service.RewardsService         : getDistance called
2023-01-20T14:46:40.735+01:00  INFO 5134 --- [ool-3-thread-54] tourGuide.service.RewardsService         : nearAttraction called with Roger Dean Stadium
2023-01-20T14:46:40.735+01:00  INFO 5134 --- [pool-3-thread-5] tourGuide.service.RewardsService         : nearAttraction called with Bryant-Denny Stadium
2023-01-20T14:46:40.735+01:00  INFO 5134 --- [ool-3-thread-18] tourGuide.service.RewardsService         : getDistance called
2023-01-20T14:46:40.737+01:00  INFO 5134 --- [ool-3-thread-54] tourGuide.service.RewardsService         : getDistance called
2023-01-20T14:46:40.735+01:00  INFO 5134 --- [ool-3-thread-25] tourGuide.service.RewardsService         : nearAttraction called with Tiger Stadium
2023-01-20T14:46:40.735+01:00  INFO 5134 --- [ool-3-thread-40] tourGuide.service.RewardsService         : getDistance called
2023-01-20T14:46:40.735+01:00  INFO 5134 --- [ool-3-thread-46] tourGuide.service.RewardsService         : getDistance called
2023-01-20T14:46:40.735+01:00  INFO 5134 --- [ool-3-thread-42] tourGuide.service.RewardsService         : nearAttraction called with San Diego Zoo
2023-01-20T14:46:40.735+01:00  INFO 5134 --- [ool-3-thread-35] tourGuide.service.RewardsService         : nearAttraction called with Kyle Field
2023-01-20T14:46:40.735+01:00  INFO 5134 --- [ool-3-thread-62] tourGuide.service.RewardsService         : nearAttraction called with El Paso Zoo
2023-01-20T14:46:40.735+01:00  INFO 5134 --- [ool-3-thread-34] tourGuide.service.RewardsService         : getDistance called
2023-01-20T14:46:40.737+01:00  INFO 5134 --- [ool-3-thread-35] tourGuide.service.RewardsService         : getDistance called
2023-01-20T14:46:40.735+01:00  INFO 5134 --- [ool-3-thread-56] tourGuide.service.RewardsService         : nearAttraction called with Bronx Zoo
2023-01-20T14:46:40.737+01:00  INFO 5134 --- [ool-3-thread-62] tourGuide.service.RewardsService         : getDistance called
2023-01-20T14:46:40.737+01:00  INFO 5134 --- [ool-3-thread-35] tourGuide.service.RewardsService         : nearAttraction called with Kansas City Zoo
2023-01-20T14:46:40.735+01:00  INFO 5134 --- [ool-3-thread-32] tourGuide.service.RewardsService         : getDistance called
2023-01-20T14:46:40.737+01:00  INFO 5134 --- [ool-3-thread-35] tourGuide.service.RewardsService         : getDistance called
2023-01-20T14:46:40.735+01:00  INFO 5134 --- [pool-3-thread-2] tourGuide.service.RewardsService         : getDistance called
2023-01-20T14:46:40.737+01:00  INFO 5134 --- [ool-3-thread-35] tourGuide.service.RewardsService         : nearAttraction called with Disneyland
2023-01-20T14:46:40.735+01:00  INFO 5134 --- [ool-3-thread-55] tourGuide.service.RewardsService         : getDistance called
2023-01-20T14:46:40.737+01:00  INFO 5134 --- [pool-3-thread-2] tourGuide.service.RewardsService         : nearAttraction called with Jackson Hole
2023-01-20T14:46:40.736+01:00  INFO 5134 --- [ool-3-thread-17] tourGuide.service.RewardsService         : getDistance called
2023-01-20T14:46:40.737+01:00  INFO 5134 --- [pool-3-thread-2] tourGuide.service.RewardsService         : getDistance called
2023-01-20T14:46:40.737+01:00  INFO 5134 --- [ool-3-thread-17] tourGuide.service.RewardsService         : nearAttraction called with Joshua Tree National Park
2023-01-20T14:46:40.737+01:00  INFO 5134 --- [pool-3-thread-2] tourGuide.service.RewardsService         : nearAttraction called with Buffalo National River
2023-01-20T14:46:40.736+01:00  INFO 5134 --- [ool-3-thread-11] tourGuide.service.RewardsService         : getDistance called
2023-01-20T14:46:40.737+01:00  INFO 5134 --- [pool-3-thread-2] tourGuide.service.RewardsService         : getDistance called
2023-01-20T14:46:40.736+01:00  INFO 5134 --- [ool-3-thread-69] tourGuide.service.RewardsService         : nearAttraction called with Disneyland
2023-01-20T14:46:40.736+01:00  INFO 5134 --- [ool-3-thread-30] tourGuide.service.RewardsService         : nearAttraction called with Jackson Hole
2023-01-20T14:46:40.737+01:00  INFO 5134 --- [ool-3-thread-69] tourGuide.service.RewardsService         : getDistance called
2023-01-20T14:46:40.736+01:00  INFO 5134 --- [ool-3-thread-13] tourGuide.service.RewardsService         : getDistance called
2023-01-20T14:46:40.736+01:00  INFO 5134 --- [ool-3-thread-66] tourGuide.service.RewardsService         : nearAttraction called with Joshua Tree National Park
2023-01-20T14:46:40.737+01:00  INFO 5134 --- [ool-3-thread-13] tourGuide.service.RewardsService         : nearAttraction called with Legend Valley
2023-01-20T14:46:40.737+01:00  INFO 5134 --- [ool-3-thread-66] tourGuide.service.RewardsService         : getDistance called
2023-01-20T14:46:40.737+01:00  INFO 5134 --- [ool-3-thread-13] tourGuide.service.RewardsService         : getDistance called
2023-01-20T14:46:40.736+01:00  INFO 5134 --- [ool-3-thread-63] tourGuide.service.RewardsService         : getDistance called
2023-01-20T14:46:40.737+01:00  INFO 5134 --- [ool-3-thread-13] tourGuide.service.RewardsService         : nearAttraction called with McKinley Tower
2023-01-20T14:46:40.736+01:00  INFO 5134 --- [ool-3-thread-53] tourGuide.service.RewardsService         : getDistance called
2023-01-20T14:46:40.737+01:00  INFO 5134 --- [ool-3-thread-63] tourGuide.service.RewardsService         : nearAttraction called with Flatiron Building
2023-01-20T14:46:40.736+01:00  INFO 5134 --- [ool-3-thread-59] tourGuide.service.RewardsService         : getDistance called
2023-01-20T14:46:40.737+01:00  INFO 5134 --- [ool-3-thread-63] tourGuide.service.RewardsService         : getDistance called
2023-01-20T14:46:40.736+01:00  INFO 5134 --- [ool-3-thread-41] tourGuide.service.RewardsService         : getDistance called
2023-01-20T14:46:40.736+01:00  INFO 5134 --- [ool-3-thread-27] tourGuide.service.RewardsService         : nearAttraction called with Legend Valley
2023-01-20T14:46:40.736+01:00  INFO 5134 --- [ool-3-thread-38] tourGuide.service.RewardsService         : nearAttraction called with McKinley Tower
2023-01-20T14:46:40.736+01:00  INFO 5134 --- [ool-3-thread-43] tourGuide.service.RewardsService         : getRewardPoints called with Disneyland and internalUser3
2023-01-20T14:46:40.736+01:00  INFO 5134 --- [ool-3-thread-10] tourGuide.service.RewardsService         : nearAttraction called with Flatiron Building
2023-01-20T14:46:40.736+01:00  INFO 5134 --- [ool-3-thread-24] tourGuide.service.RewardsService         : nearAttraction called with Roger Dean Stadium
2023-01-20T14:46:40.738+01:00  INFO 5134 --- [ool-3-thread-38] tourGuide.service.RewardsService         : getDistance called
2023-01-20T14:46:40.738+01:00  INFO 5134 --- [ool-3-thread-24] tourGuide.service.RewardsService         : getDistance called
2023-01-20T14:46:40.736+01:00  INFO 5134 --- [ool-3-thread-19] tourGuide.service.RewardsService         : nearAttraction called with Fallingwater
2023-01-20T14:46:40.738+01:00  INFO 5134 --- [ool-3-thread-38] tourGuide.service.RewardsService         : nearAttraction called with Bryant-Denny Stadium
2023-01-20T14:46:40.738+01:00  INFO 5134 --- [ool-3-thread-19] tourGuide.service.RewardsService         : getDistance called
2023-01-20T14:46:40.738+01:00  INFO 5134 --- [ool-3-thread-38] tourGuide.service.RewardsService         : getDistance called
2023-01-20T14:46:40.738+01:00  INFO 5134 --- [ool-3-thread-19] tourGuide.service.RewardsService         : nearAttraction called with Neyland Stadium
2023-01-20T14:46:40.736+01:00  INFO 5134 --- [pool-3-thread-6] tourGuide.service.RewardsService         : nearAttraction called with Union Station
2023-01-20T14:46:40.736+01:00  INFO 5134 --- [ool-3-thread-22] tourGuide.service.RewardsService         : nearAttraction called with Texas Memorial Stadium
2023-01-20T14:46:40.736+01:00  INFO 5134 --- [ool-3-thread-48] tourGuide.service.RewardsService         : getDistance called
2023-01-20T14:46:40.738+01:00  INFO 5134 --- [ool-3-thread-22] tourGuide.service.RewardsService         : getDistance called
2023-01-20T14:46:40.736+01:00  INFO 5134 --- [ool-3-thread-39] tourGuide.service.RewardsService         : getDistance called
2023-01-20T14:46:40.738+01:00  INFO 5134 --- [ool-3-thread-48] tourGuide.service.RewardsService         : nearAttraction called with San Diego Zoo
2023-01-20T14:46:40.736+01:00  INFO 5134 --- [ool-3-thread-37] tourGuide.service.RewardsService         : getDistance called
2023-01-20T14:46:40.738+01:00  INFO 5134 --- [ool-3-thread-48] tourGuide.service.RewardsService         : getDistance called
2023-01-20T14:46:40.736+01:00  INFO 5134 --- [ool-3-thread-67] tourGuide.service.RewardsService         : nearAttraction called with Bryant-Denny Stadium
2023-01-20T14:46:40.738+01:00  INFO 5134 --- [ool-3-thread-48] tourGuide.service.RewardsService         : nearAttraction called with Kansas City Zoo
2023-01-20T14:46:40.736+01:00  INFO 5134 --- [ool-3-thread-44] tourGuide.service.RewardsService         : getDistance called
2023-01-20T14:46:40.738+01:00  INFO 5134 --- [ool-3-thread-48] tourGuide.service.RewardsService         : getDistance called
2023-01-20T14:46:40.737+01:00  INFO 5134 --- [pool-3-thread-4] tourGuide.service.RewardsService         : nearAttraction called with Tiger Stadium
2023-01-20T14:46:40.738+01:00  INFO 5134 --- [ool-3-thread-44] tourGuide.service.RewardsService         : nearAttraction called with Bronx Zoo
2023-01-20T14:46:40.738+01:00  INFO 5134 --- [ool-3-thread-48] tourGuide.service.RewardsService         : nearAttraction called with Cinderella Castle
2023-01-20T14:46:40.738+01:00  INFO 5134 --- [ool-3-thread-44] tourGuide.service.RewardsService         : getDistance called
2023-01-20T14:46:40.738+01:00  INFO 5134 --- [ool-3-thread-48] tourGuide.service.RewardsService         : getDistance called
2023-01-20T14:46:40.737+01:00  INFO 5134 --- [ool-3-thread-52] tourGuide.service.RewardsService         : nearAttraction called with Neyland Stadium
2023-01-20T14:46:40.738+01:00  INFO 5134 --- [ool-3-thread-48] tourGuide.service.RewardsService         : nearAttraction called with Jackson Hole
2023-01-20T14:46:40.738+01:00  INFO 5134 --- [ool-3-thread-52] tourGuide.service.RewardsService         : getDistance called
2023-01-20T14:46:40.738+01:00  INFO 5134 --- [ool-3-thread-48] tourGuide.service.RewardsService         : getDistance called
2023-01-20T14:46:40.737+01:00  INFO 5134 --- [pool-3-thread-5] tourGuide.service.RewardsService         : getDistance called
2023-01-20T14:46:40.738+01:00  INFO 5134 --- [ool-3-thread-52] tourGuide.service.RewardsService         : nearAttraction called with Mojave National Preserve
2023-01-20T14:46:40.737+01:00  INFO 5134 --- [ool-3-thread-18] tourGuide.service.RewardsService         : nearAttraction called with Kyle Field
2023-01-20T14:46:40.738+01:00  INFO 5134 --- [pool-3-thread-5] tourGuide.service.RewardsService         : nearAttraction called with Buffalo National River
2023-01-20T14:46:40.737+01:00  INFO 5134 --- [ool-3-thread-54] tourGuide.service.RewardsService         : nearAttraction called with San Diego Zoo
2023-01-20T14:46:40.738+01:00  INFO 5134 --- [pool-3-thread-5] tourGuide.service.RewardsService         : getDistance called
2023-01-20T14:46:40.737+01:00  INFO 5134 --- [ool-3-thread-25] tourGuide.service.RewardsService         : getDistance called
2023-01-20T14:46:40.738+01:00  INFO 5134 --- [pool-3-thread-5] tourGuide.service.RewardsService         : nearAttraction called with Hot Springs National Park
2023-01-20T14:46:40.737+01:00  INFO 5134 --- [ool-3-thread-40] tourGuide.service.RewardsService         : nearAttraction called with Zoo Tampa at Lowry Park
2023-01-20T14:46:40.738+01:00  INFO 5134 --- [ool-3-thread-25] tourGuide.service.RewardsService         : nearAttraction called with Kartchner Caverns State Park
2023-01-20T14:46:40.738+01:00  INFO 5134 --- [ool-3-thread-40] tourGuide.service.RewardsService         : getDistance called
2023-01-20T14:46:40.738+01:00  INFO 5134 --- [ool-3-thread-25] tourGuide.service.RewardsService         : getDistance called
2023-01-20T14:46:40.737+01:00  INFO 5134 --- [ool-3-thread-42] tourGuide.service.RewardsService         : getDistance called
2023-01-20T14:46:40.738+01:00  INFO 5134 --- [ool-3-thread-40] tourGuide.service.RewardsService         : nearAttraction called with Legend Valley
2023-01-20T14:46:40.737+01:00  INFO 5134 --- [ool-3-thread-46] tourGuide.service.RewardsService         : nearAttraction called with Franklin Park Zoo
2023-01-20T14:46:40.738+01:00  INFO 5134 --- [ool-3-thread-40] tourGuide.service.RewardsService         : getDistance called
2023-01-20T14:46:40.738+01:00  INFO 5134 --- [ool-3-thread-42] tourGuide.service.RewardsService         : nearAttraction called with McKinley Tower
2023-01-20T14:46:40.737+01:00  INFO 5134 --- [ool-3-thread-34] tourGuide.service.RewardsService         : nearAttraction called with El Paso Zoo
2023-01-20T14:46:40.738+01:00  INFO 5134 --- [ool-3-thread-42] tourGuide.service.RewardsService         : getDistance called
2023-01-20T14:46:40.737+01:00  INFO 5134 --- [ool-3-thread-56] tourGuide.service.RewardsService         : getDistance called
2023-01-20T14:46:40.737+01:00  INFO 5134 --- [ool-3-thread-62] tourGuide.service.RewardsService         : nearAttraction called with Bronx Zoo
2023-01-20T14:46:40.739+01:00  INFO 5134 --- [ool-3-thread-34] tourGuide.service.RewardsService         : getDistance called
2023-01-20T14:46:40.739+01:00  INFO 5134 --- [ool-3-thread-42] tourGuide.service.RewardsService         : nearAttraction called with Fallingwater
2023-01-20T14:46:40.739+01:00  INFO 5134 --- [ool-3-thread-62] tourGuide.service.RewardsService         : getDistance called
2023-01-20T14:46:40.739+01:00  INFO 5134 --- [ool-3-thread-34] tourGuide.service.RewardsService         : nearAttraction called with Roger Dean Stadium
2023-01-20T14:46:40.737+01:00  INFO 5134 --- [ool-3-thread-32] tourGuide.service.RewardsService         : nearAttraction called with Cinderella Castle
2023-01-20T14:46:40.737+01:00  INFO 5134 --- [ool-3-thread-35] tourGuide.service.RewardsService         : getDistance called
2023-01-20T14:46:40.739+01:00  INFO 5134 --- [ool-3-thread-62] tourGuide.service.RewardsService         : nearAttraction called with Texas Memorial Stadium
2023-01-20T14:46:40.737+01:00  INFO 5134 --- [ool-3-thread-55] tourGuide.service.RewardsService         : nearAttraction called with Mojave National Preserve
2023-01-20T14:46:40.739+01:00  INFO 5134 --- [ool-3-thread-62] tourGuide.service.RewardsService         : getDistance called
2023-01-20T14:46:40.737+01:00  INFO 5134 --- [ool-3-thread-17] tourGuide.service.RewardsService         : getDistance called
2023-01-20T14:46:40.739+01:00  INFO 5134 --- [ool-3-thread-55] tourGuide.service.RewardsService         : getDistance called
2023-01-20T14:46:40.737+01:00  INFO 5134 --- [ool-3-thread-11] tourGuide.service.RewardsService         : nearAttraction called with Hot Springs National Park
2023-01-20T14:46:40.739+01:00  INFO 5134 --- [ool-3-thread-17] tourGuide.service.RewardsService         : nearAttraction called with Tiger Stadium
2023-01-20T14:46:40.739+01:00  INFO 5134 --- [ool-3-thread-55] tourGuide.service.RewardsService         : nearAttraction called with Neyland Stadium
2023-01-20T14:46:40.739+01:00  INFO 5134 --- [ool-3-thread-17] tourGuide.service.RewardsService         : getDistance called
2023-01-20T14:46:40.739+01:00  INFO 5134 --- [ool-3-thread-55] tourGuide.service.RewardsService         : getDistance called
2023-01-20T14:46:40.737+01:00  INFO 5134 --- [pool-3-thread-2] tourGuide.service.RewardsService         : nearAttraction called with Kartchner Caverns State Park
2023-01-20T14:46:40.739+01:00  INFO 5134 --- [ool-3-thread-55] tourGuide.service.RewardsService         : nearAttraction called with San Diego Zoo
2023-01-20T14:46:40.739+01:00  INFO 5134 --- [pool-3-thread-2] tourGuide.service.RewardsService         : getDistance called
2023-01-20T14:46:40.739+01:00  INFO 5134 --- [ool-3-thread-55] tourGuide.service.RewardsService         : getDistance called
2023-01-20T14:46:40.737+01:00  INFO 5134 --- [ool-3-thread-30] tourGuide.service.RewardsService         : getDistance called
2023-01-20T14:46:40.739+01:00  INFO 5134 --- [pool-3-thread-2] tourGuide.service.RewardsService         : nearAttraction called with Zoo Tampa at Lowry Park
2023-01-20T14:46:40.737+01:00  INFO 5134 --- [ool-3-thread-69] tourGuide.service.RewardsService         : getRewardPoints called with Disneyland and internalUser96
2023-01-20T14:46:40.739+01:00  INFO 5134 --- [ool-3-thread-30] tourGuide.service.RewardsService         : nearAttraction called with El Paso Zoo
2023-01-20T14:46:40.737+01:00  INFO 5134 --- [ool-3-thread-66] tourGuide.service.RewardsService         : nearAttraction called with Flowers Bakery of London
2023-01-20T14:46:40.737+01:00  INFO 5134 --- [ool-3-thread-13] tourGuide.service.RewardsService         : getDistance called
2023-01-20T14:46:40.739+01:00  INFO 5134 --- [ool-3-thread-66] tourGuide.service.RewardsService         : getDistance called
2023-01-20T14:46:40.737+01:00  INFO 5134 --- [ool-3-thread-53] tourGuide.service.RewardsService         : nearAttraction called with Fallingwater
2023-01-20T14:46:40.739+01:00  INFO 5134 --- [ool-3-thread-66] tourGuide.service.RewardsService         : nearAttraction called with Bronx Zoo
2023-01-20T14:46:40.739+01:00  INFO 5134 --- [ool-3-thread-53] tourGuide.service.RewardsService         : getDistance called
2023-01-20T14:46:40.737+01:00  INFO 5134 --- [ool-3-thread-63] tourGuide.service.RewardsService         : nearAttraction called with Roger Dean Stadium
2023-01-20T14:46:40.737+01:00  INFO 5134 --- [ool-3-thread-59] tourGuide.service.RewardsService         : nearAttraction called with Union Station
2023-01-20T14:46:40.737+01:00  INFO 5134 --- [ool-3-thread-41] tourGuide.service.RewardsService         : nearAttraction called with Texas Memorial Stadium
2023-01-20T14:46:40.739+01:00  INFO 5134 --- [ool-3-thread-59] tourGuide.service.RewardsService         : getDistance called
2023-01-20T14:46:40.739+01:00  INFO 5134 --- [ool-3-thread-41] tourGuide.service.RewardsService         : getDistance called
2023-01-20T14:46:40.737+01:00  INFO 5134 --- [ool-3-thread-27] tourGuide.service.RewardsService         : getDistance called
2023-01-20T14:46:40.739+01:00  INFO 5134 --- [ool-3-thread-41] tourGuide.service.RewardsService         : nearAttraction called with Jackson Hole
2023-01-20T14:46:40.738+01:00  INFO 5134 --- [ool-3-thread-10] tourGuide.service.RewardsService         : getDistance called
2023-01-20T14:46:40.739+01:00  INFO 5134 --- [ool-3-thread-41] tourGuide.service.RewardsService         : getDistance called
2023-01-20T14:46:40.738+01:00  INFO 5134 --- [ool-3-thread-24] tourGuide.service.RewardsService         : nearAttraction called with Tiger Stadium
2023-01-20T14:46:40.739+01:00  INFO 5134 --- [ool-3-thread-10] tourGuide.service.RewardsService         : nearAttraction called with Joshua Tree National Park
2023-01-20T14:46:40.739+01:00  INFO 5134 --- [ool-3-thread-24] tourGuide.service.RewardsService         : getDistance called
2023-01-20T14:46:40.739+01:00  INFO 5134 --- [ool-3-thread-10] tourGuide.service.RewardsService         : getDistance called
2023-01-20T14:46:40.738+01:00  INFO 5134 --- [ool-3-thread-38] tourGuide.service.RewardsService         : nearAttraction called with Kyle Field
2023-01-20T14:46:40.739+01:00  INFO 5134 --- [ool-3-thread-24] tourGuide.service.RewardsService         : nearAttraction called with Hot Springs National Park
2023-01-20T14:46:40.738+01:00  INFO 5134 --- [ool-3-thread-19] tourGuide.service.RewardsService         : getDistance called
2023-01-20T14:46:40.738+01:00  INFO 5134 --- [pool-3-thread-6] tourGuide.service.RewardsService         : getDistance called
2023-01-20T14:46:40.738+01:00  INFO 5134 --- [ool-3-thread-22] tourGuide.service.RewardsService         : nearAttraction called with Zoo Tampa at Lowry Park
2023-01-20T14:46:40.739+01:00  INFO 5134 --- [pool-3-thread-6] tourGuide.service.RewardsService         : nearAttraction called with Flowers Bakery of London
2023-01-20T14:46:40.739+01:00  INFO 5134 --- [ool-3-thread-22] tourGuide.service.RewardsService         : getDistance called
2023-01-20T14:46:40.738+01:00  INFO 5134 --- [ool-3-thread-39] tourGuide.service.RewardsService         : nearAttraction called with Franklin Park Zoo
2023-01-20T14:46:40.740+01:00  INFO 5134 --- [pool-3-thread-6] tourGuide.service.RewardsService         : getDistance called
2023-01-20T14:46:40.738+01:00  INFO 5134 --- [ool-3-thread-37] tourGuide.service.RewardsService         : nearAttraction called with El Paso Zoo
2023-01-20T14:46:40.740+01:00  INFO 5134 --- [pool-3-thread-6] tourGuide.service.RewardsService         : nearAttraction called with Flatiron Building
2023-01-20T14:46:40.740+01:00  INFO 5134 --- [ool-3-thread-37] tourGuide.service.RewardsService         : getDistance called
2023-01-20T14:46:40.740+01:00  INFO 5134 --- [pool-3-thread-6] tourGuide.service.RewardsService         : getDistance called
2023-01-20T14:46:40.738+01:00  INFO 5134 --- [ool-3-thread-67] tourGuide.service.RewardsService         : getDistance called
2023-01-20T14:46:40.740+01:00  INFO 5134 --- [pool-3-thread-6] tourGuide.service.RewardsService         : nearAttraction called with Union Station
2023-01-20T14:46:40.738+01:00  INFO 5134 --- [pool-3-thread-4] tourGuide.service.RewardsService         : getDistance called
2023-01-20T14:46:40.740+01:00  INFO 5134 --- [pool-3-thread-6] tourGuide.service.RewardsService         : getDistance called
2023-01-20T14:46:40.738+01:00  INFO 5134 --- [ool-3-thread-44] tourGuide.service.RewardsService         : nearAttraction called with Disneyland
2023-01-20T14:46:40.740+01:00  INFO 5134 --- [pool-3-thread-4] tourGuide.service.RewardsService         : nearAttraction called with Texas Memorial Stadium
2023-01-20T14:46:40.738+01:00  INFO 5134 --- [ool-3-thread-48] tourGuide.service.RewardsService         : nearAttraction called with Joshua Tree National Park
2023-01-20T14:46:40.738+01:00  INFO 5134 --- [ool-3-thread-52] tourGuide.service.RewardsService         : getDistance called
2023-01-20T14:46:40.740+01:00  INFO 5134 --- [ool-3-thread-48] tourGuide.service.RewardsService         : getDistance called
2023-01-20T14:46:40.738+01:00  INFO 5134 --- [ool-3-thread-18] tourGuide.service.RewardsService         : getDistance called
2023-01-20T14:46:40.740+01:00  INFO 5134 --- [ool-3-thread-48] tourGuide.service.RewardsService         : nearAttraction called with Neyland Stadium
2023-01-20T14:46:40.738+01:00  INFO 5134 --- [ool-3-thread-54] tourGuide.service.RewardsService         : getDistance called
2023-01-20T14:46:40.740+01:00  INFO 5134 --- [ool-3-thread-48] tourGuide.service.RewardsService         : getDistance called
2023-01-20T14:46:40.738+01:00  INFO 5134 --- [pool-3-thread-5] tourGuide.service.RewardsService         : getDistance called
2023-01-20T14:46:40.740+01:00  INFO 5134 --- [ool-3-thread-54] tourGuide.service.RewardsService         : nearAttraction called with San Diego Zoo
2023-01-20T14:46:40.738+01:00  INFO 5134 --- [ool-3-thread-25] tourGuide.service.RewardsService         : nearAttraction called with Flowers Bakery of London
2023-01-20T14:46:40.740+01:00  INFO 5134 --- [pool-3-thread-5] tourGuide.service.RewardsService         : nearAttraction called with Franklin Park Zoo
2023-01-20T14:46:40.738+01:00  INFO 5134 --- [ool-3-thread-46] tourGuide.service.RewardsService         : getDistance called
2023-01-20T14:46:40.740+01:00  INFO 5134 --- [pool-3-thread-5] tourGuide.service.RewardsService         : getDistance called
2023-01-20T14:46:40.738+01:00  INFO 5134 --- [ool-3-thread-40] tourGuide.service.RewardsService         : nearAttraction called with Flatiron Building
2023-01-20T14:46:40.740+01:00  INFO 5134 --- [pool-3-thread-5] tourGuide.service.RewardsService         : nearAttraction called with Kansas City Zoo
2023-01-20T14:46:40.739+01:00  INFO 5134 --- [ool-3-thread-56] tourGuide.service.RewardsService         : nearAttraction called with Union Station
2023-01-20T14:46:40.739+01:00  INFO 5134 --- [ool-3-thread-42] tourGuide.service.RewardsService         : getDistance called
2023-01-20T14:46:40.739+01:00  INFO 5134 --- [ool-3-thread-34] tourGuide.service.RewardsService         : getDistance called
2023-01-20T14:46:40.739+01:00  INFO 5134 --- [ool-3-thread-32] tourGuide.service.RewardsService         : getDistance called
2023-01-20T14:46:40.739+01:00  INFO 5134 --- [ool-3-thread-35] tourGuide.service.RewardsService         : getRewardPoints called with Disneyland and internalUser2
2023-01-20T14:46:40.739+01:00  INFO 5134 --- [ool-3-thread-62] tourGuide.service.RewardsService         : nearAttraction called with Bryant-Denny Stadium
2023-01-20T14:46:40.739+01:00  INFO 5134 --- [ool-3-thread-11] tourGuide.service.RewardsService         : getDistance called
2023-01-20T14:46:40.740+01:00  INFO 5134 --- [ool-3-thread-62] tourGuide.service.RewardsService         : getDistance called
2023-01-20T14:46:40.739+01:00  INFO 5134 --- [ool-3-thread-17] tourGuide.service.RewardsService         : nearAttraction called with Kyle Field
2023-01-20T14:46:40.739+01:00  INFO 5134 --- [ool-3-thread-55] tourGuide.service.RewardsService         : nearAttraction called with Franklin Park Zoo
2023-01-20T14:46:40.739+01:00  INFO 5134 --- [pool-3-thread-2] tourGuide.service.RewardsService         : getDistance called
2023-01-20T14:46:40.741+01:00  INFO 5134 --- [ool-3-thread-17] tourGuide.service.RewardsService         : getDistance called
2023-01-20T14:46:40.741+01:00  INFO 5134 --- [ool-3-thread-55] tourGuide.service.RewardsService         : getDistance called
2023-01-20T14:46:40.739+01:00  INFO 5134 --- [ool-3-thread-30] tourGuide.service.RewardsService         : getDistance called
2023-01-20T14:46:40.741+01:00  INFO 5134 --- [ool-3-thread-55] tourGuide.service.RewardsService         : nearAttraction called with Hot Springs National Park
2023-01-20T14:46:40.739+01:00  INFO 5134 --- [ool-3-thread-13] tourGuide.service.RewardsService         : nearAttraction called with Kansas City Zoo
2023-01-20T14:46:40.741+01:00  INFO 5134 --- [ool-3-thread-30] tourGuide.service.RewardsService         : nearAttraction called with Kartchner Caverns State Park
2023-01-20T14:46:40.741+01:00  INFO 5134 --- [ool-3-thread-13] tourGuide.service.RewardsService         : getDistance called
2023-01-20T14:46:40.741+01:00  INFO 5134 --- [ool-3-thread-30] tourGuide.service.RewardsService         : getDistance called
2023-01-20T14:46:40.741+01:00  INFO 5134 --- [ool-3-thread-13] tourGuide.service.RewardsService         : nearAttraction called with Legend Valley
2023-01-20T14:46:40.739+01:00  INFO 5134 --- [ool-3-thread-66] tourGuide.service.RewardsService         : getDistance called
2023-01-20T14:46:40.739+01:00  INFO 5134 --- [ool-3-thread-53] tourGuide.service.RewardsService         : nearAttraction called with Cinderella Castle
2023-01-20T14:46:40.741+01:00  INFO 5134 --- [ool-3-thread-66] tourGuide.service.RewardsService         : nearAttraction called with McKinley Tower
2023-01-20T14:46:40.739+01:00  INFO 5134 --- [ool-3-thread-63] tourGuide.service.RewardsService         : getDistance called
2023-01-20T14:46:40.741+01:00  INFO 5134 --- [ool-3-thread-66] tourGuide.service.RewardsService         : getDistance called
2023-01-20T14:46:40.739+01:00  INFO 5134 --- [ool-3-thread-59] tourGuide.service.RewardsService         : nearAttraction called with Disneyland
2023-01-20T14:46:40.741+01:00  INFO 5134 --- [ool-3-thread-66] tourGuide.service.RewardsService         : nearAttraction called with Fallingwater
2023-01-20T14:46:40.741+01:00  INFO 5134 --- [ool-3-thread-59] tourGuide.service.RewardsService         : getDistance called
2023-01-20T14:46:40.741+01:00  INFO 5134 --- [ool-3-thread-66] tourGuide.service.RewardsService         : getDistance called
2023-01-20T14:46:40.739+01:00  INFO 5134 --- [ool-3-thread-27] tourGuide.service.RewardsService         : nearAttraction called with Mojave National Preserve
2023-01-20T14:46:40.741+01:00  INFO 5134 --- [ool-3-thread-59] tourGuide.service.RewardsService         : getRewardPoints called with Disneyland and internalUser1
2023-01-20T14:46:40.741+01:00  INFO 5134 --- [ool-3-thread-27] tourGuide.service.RewardsService         : getDistance called
2023-01-20T14:46:40.739+01:00  INFO 5134 --- [ool-3-thread-41] tourGuide.service.RewardsService         : nearAttraction called with Buffalo National River
2023-01-20T14:46:40.741+01:00  INFO 5134 --- [ool-3-thread-27] tourGuide.service.RewardsService         : nearAttraction called with Roger Dean Stadium
2023-01-20T14:46:40.741+01:00  INFO 5134 --- [ool-3-thread-41] tourGuide.service.RewardsService         : getDistance called
2023-01-20T14:46:40.741+01:00  INFO 5134 --- [ool-3-thread-27] tourGuide.service.RewardsService         : getDistance called
2023-01-20T14:46:40.739+01:00  INFO 5134 --- [ool-3-thread-10] tourGuide.service.RewardsService         : nearAttraction called with Kartchner Caverns State Park
2023-01-20T14:46:40.741+01:00  INFO 5134 --- [ool-3-thread-27] tourGuide.service.RewardsService         : nearAttraction called with Bryant-Denny Stadium
2023-01-20T14:46:40.739+01:00  INFO 5134 --- [ool-3-thread-38] tourGuide.service.RewardsService         : getDistance called
2023-01-20T14:46:40.741+01:00  INFO 5134 --- [ool-3-thread-27] tourGuide.service.RewardsService         : getDistance called
2023-01-20T14:46:40.739+01:00  INFO 5134 --- [ool-3-thread-24] tourGuide.service.RewardsService         : getDistance called
2023-01-20T14:46:40.741+01:00  INFO 5134 --- [ool-3-thread-38] tourGuide.service.RewardsService         : nearAttraction called with Tiger Stadium
2023-01-20T14:46:40.739+01:00  INFO 5134 --- [ool-3-thread-19] tourGuide.service.RewardsService         : nearAttraction called with Legend Valley
2023-01-20T14:46:40.740+01:00  INFO 5134 --- [ool-3-thread-22] tourGuide.service.RewardsService         : nearAttraction called with McKinley Tower
2023-01-20T14:46:40.740+01:00  INFO 5134 --- [ool-3-thread-39] tourGuide.service.RewardsService         : getDistance called
2023-01-20T14:46:40.741+01:00  INFO 5134 --- [ool-3-thread-22] tourGuide.service.RewardsService         : getDistance called
2023-01-20T14:46:40.740+01:00  INFO 5134 --- [ool-3-thread-37] tourGuide.service.RewardsService         : nearAttraction called with Fallingwater
2023-01-20T14:46:40.740+01:00  INFO 5134 --- [ool-3-thread-67] tourGuide.service.RewardsService         : nearAttraction called with Roger Dean Stadium
2023-01-20T14:46:40.741+01:00  INFO 5134 --- [ool-3-thread-37] tourGuide.service.RewardsService         : getDistance called
2023-01-20T14:46:40.740+01:00  INFO 5134 --- [pool-3-thread-6] tourGuide.service.RewardsService         : nearAttraction called with Bryant-Denny Stadium
2023-01-20T14:46:40.740+01:00  INFO 5134 --- [ool-3-thread-44] tourGuide.service.RewardsService         : getDistance called
2023-01-20T14:46:40.741+01:00  INFO 5134 --- [pool-3-thread-6] tourGuide.service.RewardsService         : getDistance called
2023-01-20T14:46:40.740+01:00  INFO 5134 --- [pool-3-thread-4] tourGuide.service.RewardsService         : getDistance called
2023-01-20T14:46:40.740+01:00  INFO 5134 --- [ool-3-thread-52] tourGuide.service.RewardsService         : nearAttraction called with Tiger Stadium
2023-01-20T14:46:40.740+01:00  INFO 5134 --- [ool-3-thread-18] tourGuide.service.RewardsService         : nearAttraction called with Kyle Field
2023-01-20T14:46:40.742+01:00  INFO 5134 --- [pool-3-thread-6] tourGuide.service.RewardsService         : nearAttraction called with El Paso Zoo
2023-01-20T14:46:40.740+01:00  INFO 5134 --- [ool-3-thread-48] tourGuide.service.RewardsService         : nearAttraction called with Zoo Tampa at Lowry Park
2023-01-20T14:46:40.742+01:00  INFO 5134 --- [pool-3-thread-6] tourGuide.service.RewardsService         : getDistance called
2023-01-20T14:46:40.742+01:00  INFO 5134 --- [ool-3-thread-48] tourGuide.service.RewardsService         : getDistance called
2023-01-20T14:46:40.742+01:00  INFO 5134 --- [pool-3-thread-6] tourGuide.service.RewardsService         : nearAttraction called with Bronx Zoo
2023-01-20T14:46:40.742+01:00  INFO 5134 --- [ool-3-thread-48] tourGuide.service.RewardsService         : nearAttraction called with Cinderella Castle
2023-01-20T14:46:40.740+01:00  INFO 5134 --- [ool-3-thread-54] tourGuide.service.RewardsService         : getDistance called
2023-01-20T14:46:40.742+01:00  INFO 5134 --- [ool-3-thread-48] tourGuide.service.RewardsService         : getDistance called
2023-01-20T14:46:40.740+01:00  INFO 5134 --- [ool-3-thread-25] tourGuide.service.RewardsService         : getDistance called
2023-01-20T14:46:40.740+01:00  INFO 5134 --- [ool-3-thread-46] tourGuide.service.RewardsService         : nearAttraction called with El Paso Zoo
2023-01-20T14:46:40.742+01:00  INFO 5134 --- [ool-3-thread-25] tourGuide.service.RewardsService         : nearAttraction called with Mojave National Preserve
2023-01-20T14:46:40.740+01:00  INFO 5134 --- [ool-3-thread-40] tourGuide.service.RewardsService         : getDistance called
2023-01-20T14:46:40.742+01:00  INFO 5134 --- [ool-3-thread-25] tourGuide.service.RewardsService         : getDistance called
2023-01-20T14:46:40.740+01:00  INFO 5134 --- [pool-3-thread-5] tourGuide.service.RewardsService         : getDistance called
2023-01-20T14:46:40.742+01:00  INFO 5134 --- [ool-3-thread-25] tourGuide.service.RewardsService         : nearAttraction called with Buffalo National River
2023-01-20T14:46:40.740+01:00  INFO 5134 --- [ool-3-thread-56] tourGuide.service.RewardsService         : getDistance called
2023-01-20T14:46:40.740+01:00  INFO 5134 --- [ool-3-thread-42] tourGuide.service.RewardsService         : nearAttraction called with Bronx Zoo
2023-01-20T14:46:40.742+01:00  INFO 5134 --- [ool-3-thread-56] tourGuide.service.RewardsService         : nearAttraction called with Kartchner Caverns State Park
2023-01-20T14:46:40.740+01:00  INFO 5134 --- [ool-3-thread-34] tourGuide.service.RewardsService         : nearAttraction called with Cinderella Castle
2023-01-20T14:46:40.740+01:00  INFO 5134 --- [ool-3-thread-32] tourGuide.service.RewardsService         : nearAttraction called with Disneyland
2023-01-20T14:46:40.742+01:00  INFO 5134 --- [ool-3-thread-34] tourGuide.service.RewardsService         : getDistance called
2023-01-20T14:46:40.742+01:00  INFO 5134 --- [ool-3-thread-32] tourGuide.service.RewardsService         : getDistance called
2023-01-20T14:46:40.740+01:00  INFO 5134 --- [ool-3-thread-11] tourGuide.service.RewardsService         : nearAttraction called with Jackson Hole
2023-01-20T14:46:40.742+01:00  INFO 5134 --- [ool-3-thread-34] tourGuide.service.RewardsService         : nearAttraction called with Legend Valley
2023-01-20T14:46:40.741+01:00  INFO 5134 --- [ool-3-thread-62] tourGuide.service.RewardsService         : nearAttraction called with Mojave National Preserve
2023-01-20T14:46:40.741+01:00  INFO 5134 --- [pool-3-thread-2] tourGuide.service.RewardsService         : nearAttraction called with Joshua Tree National Park
2023-01-20T14:46:40.742+01:00  INFO 5134 --- [ool-3-thread-62] tourGuide.service.RewardsService         : getDistance called
2023-01-20T14:46:40.741+01:00  INFO 5134 --- [ool-3-thread-17] tourGuide.service.RewardsService         : nearAttraction called with Buffalo National River
2023-01-20T14:46:40.742+01:00  INFO 5134 --- [ool-3-thread-62] tourGuide.service.RewardsService         : nearAttraction called with Flowers Bakery of London
2023-01-20T14:46:40.742+01:00  INFO 5134 --- [ool-3-thread-17] tourGuide.service.RewardsService         : getDistance called
2023-01-20T14:46:40.741+01:00  INFO 5134 --- [ool-3-thread-55] tourGuide.service.RewardsService         : getDistance called
2023-01-20T14:46:40.742+01:00  INFO 5134 --- [ool-3-thread-17] tourGuide.service.RewardsService         : nearAttraction called with McKinley Tower
2023-01-20T14:46:40.741+01:00  INFO 5134 --- [ool-3-thread-30] tourGuide.service.RewardsService         : nearAttraction called with Flowers Bakery of London
2023-01-20T14:46:40.741+01:00  INFO 5134 --- [ool-3-thread-13] tourGuide.service.RewardsService         : getDistance called
2023-01-20T14:46:40.742+01:00  INFO 5134 --- [ool-3-thread-30] tourGuide.service.RewardsService         : getDistance called
2023-01-20T14:46:40.741+01:00  INFO 5134 --- [ool-3-thread-53] tourGuide.service.RewardsService         : getDistance called
2023-01-20T14:46:40.742+01:00  INFO 5134 --- [ool-3-thread-13] tourGuide.service.RewardsService         : nearAttraction called with Fallingwater
2023-01-20T14:46:40.741+01:00  INFO 5134 --- [ool-3-thread-63] tourGuide.service.RewardsService         : nearAttraction called with Flatiron Building
2023-01-20T14:46:40.741+01:00  INFO 5134 --- [ool-3-thread-66] tourGuide.service.RewardsService         : nearAttraction called with Union Station
2023-01-20T14:46:40.743+01:00  INFO 5134 --- [ool-3-thread-13] tourGuide.service.RewardsService         : getDistance called
2023-01-20T14:46:40.741+01:00  INFO 5134 --- [ool-3-thread-41] tourGuide.service.RewardsService         : nearAttraction called with Texas Memorial Stadium
2023-01-20T14:46:40.743+01:00  INFO 5134 --- [ool-3-thread-66] tourGuide.service.RewardsService         : getDistance called
2023-01-20T14:46:40.743+01:00  INFO 5134 --- [ool-3-thread-41] tourGuide.service.RewardsService         : getDistance called
2023-01-20T14:46:40.741+01:00  INFO 5134 --- [ool-3-thread-10] tourGuide.service.RewardsService         : getDistance called
2023-01-20T14:46:40.743+01:00  INFO 5134 --- [ool-3-thread-41] tourGuide.service.RewardsService         : nearAttraction called with Tiger Stadium
2023-01-20T14:46:40.741+01:00  INFO 5134 --- [ool-3-thread-27] tourGuide.service.RewardsService         : nearAttraction called with Neyland Stadium
2023-01-20T14:46:40.741+01:00  INFO 5134 --- [ool-3-thread-24] tourGuide.service.RewardsService         : nearAttraction called with Kyle Field
2023-01-20T14:46:40.743+01:00  INFO 5134 --- [ool-3-thread-27] tourGuide.service.RewardsService         : getDistance called
2023-01-20T14:46:40.743+01:00  INFO 5134 --- [ool-3-thread-24] tourGuide.service.RewardsService         : getDistance called
2023-01-20T14:46:40.741+01:00  INFO 5134 --- [ool-3-thread-38] tourGuide.service.RewardsService         : getDistance called
2023-01-20T14:46:40.743+01:00  INFO 5134 --- [ool-3-thread-24] tourGuide.service.RewardsService         : nearAttraction called with San Diego Zoo
2023-01-20T14:46:40.741+01:00  INFO 5134 --- [ool-3-thread-19] tourGuide.service.RewardsService         : getDistance called
2023-01-20T14:46:40.743+01:00  INFO 5134 --- [ool-3-thread-38] tourGuide.service.RewardsService         : nearAttraction called with Zoo Tampa at Lowry Park
2023-01-20T14:46:40.743+01:00  INFO 5134 --- [ool-3-thread-19] tourGuide.service.RewardsService         : nearAttraction called with Franklin Park Zoo
2023-01-20T14:46:40.741+01:00  INFO 5134 --- [ool-3-thread-39] tourGuide.service.RewardsService         : nearAttraction called with San Diego Zoo
2023-01-20T14:46:40.741+01:00  INFO 5134 --- [ool-3-thread-22] tourGuide.service.RewardsService         : nearAttraction called with Zoo Tampa at Lowry Park
2023-01-20T14:46:40.741+01:00  INFO 5134 --- [ool-3-thread-67] tourGuide.service.RewardsService         : getDistance called
2023-01-20T14:46:40.741+01:00  INFO 5134 --- [ool-3-thread-37] tourGuide.service.RewardsService         : nearAttraction called with Franklin Park Zoo
2023-01-20T14:46:40.743+01:00  INFO 5134 --- [ool-3-thread-67] tourGuide.service.RewardsService         : nearAttraction called with El Paso Zoo
2023-01-20T14:46:40.741+01:00  INFO 5134 --- [ool-3-thread-44] tourGuide.service.RewardsService         : getRewardPoints called with Disneyland and internalUser95
2023-01-20T14:46:40.742+01:00  INFO 5134 --- [pool-3-thread-4] tourGuide.service.RewardsService         : nearAttraction called with Kansas City Zoo
2023-01-20T14:46:40.742+01:00  INFO 5134 --- [ool-3-thread-18] tourGuide.service.RewardsService         : getDistance called
2023-01-20T14:46:40.743+01:00  INFO 5134 --- [pool-3-thread-4] tourGuide.service.RewardsService         : getDistance called
2023-01-20T14:46:40.742+01:00  INFO 5134 --- [ool-3-thread-52] tourGuide.service.RewardsService         : getDistance called
2023-01-20T14:46:40.743+01:00  INFO 5134 --- [ool-3-thread-18] tourGuide.service.RewardsService         : nearAttraction called with Kansas City Zoo
2023-01-20T14:46:40.742+01:00  INFO 5134 --- [pool-3-thread-6] tourGuide.service.RewardsService         : getDistance called
2023-01-20T14:46:40.742+01:00  INFO 5134 --- [ool-3-thread-54] tourGuide.service.RewardsService         : nearAttraction called with Disneyland
2023-01-20T14:46:40.743+01:00  INFO 5134 --- [pool-3-thread-6] tourGuide.service.RewardsService         : nearAttraction called with Disneyland
2023-01-20T14:46:40.743+01:00  INFO 5134 --- [ool-3-thread-54] tourGuide.service.RewardsService         : getDistance called
2023-01-20T14:46:40.743+01:00  INFO 5134 --- [pool-3-thread-6] tourGuide.service.RewardsService         : getDistance called
2023-01-20T14:46:40.742+01:00  INFO 5134 --- [ool-3-thread-48] tourGuide.service.RewardsService         : nearAttraction called with Jackson Hole
2023-01-20T14:46:40.743+01:00  INFO 5134 --- [pool-3-thread-6] tourGuide.service.RewardsService         : getRewardPoints called with Disneyland and internalUser0
2023-01-20T14:46:40.743+01:00  INFO 5134 --- [ool-3-thread-48] tourGuide.service.RewardsService         : getDistance called
2023-01-20T14:46:40.742+01:00  INFO 5134 --- [ool-3-thread-46] tourGuide.service.RewardsService         : getDistance called
2023-01-20T14:46:40.743+01:00  INFO 5134 --- [ool-3-thread-48] tourGuide.service.RewardsService         : nearAttraction called with Jackson Hole
2023-01-20T14:46:40.742+01:00  INFO 5134 --- [ool-3-thread-40] tourGuide.service.RewardsService         : nearAttraction called with Joshua Tree National Park
2023-01-20T14:46:40.742+01:00  INFO 5134 --- [pool-3-thread-5] tourGuide.service.RewardsService         : nearAttraction called with Hot Springs National Park
2023-01-20T14:46:40.743+01:00  INFO 5134 --- [ool-3-thread-40] tourGuide.service.RewardsService         : getDistance called
2023-01-20T14:46:40.742+01:00  INFO 5134 --- [ool-3-thread-25] tourGuide.service.RewardsService         : getDistance called
2023-01-20T14:46:40.743+01:00  INFO 5134 --- [ool-3-thread-40] tourGuide.service.RewardsService         : nearAttraction called with Joshua Tree National Park
2023-01-20T14:46:40.742+01:00  INFO 5134 --- [ool-3-thread-56] tourGuide.service.RewardsService         : getDistance called
2023-01-20T14:46:40.743+01:00  INFO 5134 --- [ool-3-thread-25] tourGuide.service.RewardsService         : nearAttraction called with Buffalo National River
2023-01-20T14:46:40.742+01:00  INFO 5134 --- [ool-3-thread-42] tourGuide.service.RewardsService         : getDistance called
2023-01-20T14:46:40.742+01:00  INFO 5134 --- [ool-3-thread-32] tourGuide.service.RewardsService         : getRewardPoints called with Disneyland and internalUser10
2023-01-20T14:46:40.744+01:00  INFO 5134 --- [ool-3-thread-42] tourGuide.service.RewardsService         : nearAttraction called with Kartchner Caverns State Park
2023-01-20T14:46:40.744+01:00  INFO 5134 --- [ool-3-thread-25] tourGuide.service.RewardsService         : getDistance called
2023-01-20T14:46:40.742+01:00  INFO 5134 --- [ool-3-thread-11] tourGuide.service.RewardsService         : getDistance called
2023-01-20T14:46:40.744+01:00  INFO 5134 --- [ool-3-thread-25] tourGuide.service.RewardsService         : nearAttraction called with Legend Valley
2023-01-20T14:46:40.742+01:00  INFO 5134 --- [ool-3-thread-34] tourGuide.service.RewardsService         : getDistance called
2023-01-20T14:46:40.744+01:00  INFO 5134 --- [ool-3-thread-25] tourGuide.service.RewardsService         : getDistance called
2023-01-20T14:46:40.742+01:00  INFO 5134 --- [pool-3-thread-2] tourGuide.service.RewardsService         : getDistance called
2023-01-20T14:46:40.744+01:00  INFO 5134 --- [ool-3-thread-34] tourGuide.service.RewardsService         : nearAttraction called with McKinley Tower
2023-01-20T14:46:40.742+01:00  INFO 5134 --- [ool-3-thread-62] tourGuide.service.RewardsService         : getDistance called
2023-01-20T14:46:40.742+01:00  INFO 5134 --- [ool-3-thread-55] tourGuide.service.RewardsService         : nearAttraction called with Flatiron Building
2023-01-20T14:46:40.742+01:00  INFO 5134 --- [ool-3-thread-17] tourGuide.service.RewardsService         : getDistance called
2023-01-20T14:46:40.742+01:00  INFO 5134 --- [ool-3-thread-30] tourGuide.service.RewardsService         : nearAttraction called with Union Station
2023-01-20T14:46:40.744+01:00  INFO 5134 --- [ool-3-thread-17] tourGuide.service.RewardsService         : nearAttraction called with Roger Dean Stadium
2023-01-20T14:46:40.743+01:00  INFO 5134 --- [ool-3-thread-53] tourGuide.service.RewardsService         : nearAttraction called with Roger Dean Stadium
2023-01-20T14:46:40.743+01:00  INFO 5134 --- [ool-3-thread-63] tourGuide.service.RewardsService         : getDistance called
2023-01-20T14:46:40.744+01:00  INFO 5134 --- [ool-3-thread-53] tourGuide.service.RewardsService         : getDistance called
2023-01-20T14:46:40.743+01:00  INFO 5134 --- [ool-3-thread-13] tourGuide.service.RewardsService         : nearAttraction called with Texas Memorial Stadium
2023-01-20T14:46:40.744+01:00  INFO 5134 --- [ool-3-thread-63] tourGuide.service.RewardsService         : nearAttraction called with Texas Memorial Stadium
2023-01-20T14:46:40.743+01:00  INFO 5134 --- [ool-3-thread-66] tourGuide.service.RewardsService         : nearAttraction called with Bryant-Denny Stadium
2023-01-20T14:46:40.744+01:00  INFO 5134 --- [ool-3-thread-13] tourGuide.service.RewardsService         : getDistance called
2023-01-20T14:46:40.743+01:00  INFO 5134 --- [ool-3-thread-10] tourGuide.service.RewardsService         : nearAttraction called with Neyland Stadium
2023-01-20T14:46:40.743+01:00  INFO 5134 --- [ool-3-thread-41] tourGuide.service.RewardsService         : getDistance called
2023-01-20T14:46:40.744+01:00  INFO 5134 --- [ool-3-thread-10] tourGuide.service.RewardsService         : getDistance called
2023-01-20T14:46:40.743+01:00  INFO 5134 --- [ool-3-thread-27] tourGuide.service.RewardsService         : nearAttraction called with Kyle Field
2023-01-20T14:46:40.744+01:00  INFO 5134 --- [ool-3-thread-41] tourGuide.service.RewardsService         : nearAttraction called with Neyland Stadium
2023-01-20T14:46:40.744+01:00  INFO 5134 --- [ool-3-thread-27] tourGuide.service.RewardsService         : getDistance called
2023-01-20T14:46:40.744+01:00  INFO 5134 --- [ool-3-thread-41] tourGuide.service.RewardsService         : getDistance called
2023-01-20T14:46:40.743+01:00  INFO 5134 --- [ool-3-thread-24] tourGuide.service.RewardsService         : getDistance called
2023-01-20T14:46:40.744+01:00  INFO 5134 --- [ool-3-thread-27] tourGuide.service.RewardsService         : nearAttraction called with San Diego Zoo
2023-01-20T14:46:40.743+01:00  INFO 5134 --- [ool-3-thread-38] tourGuide.service.RewardsService         : getDistance called
2023-01-20T14:46:40.744+01:00  INFO 5134 --- [ool-3-thread-27] tourGuide.service.RewardsService         : getDistance called
2023-01-20T14:46:40.743+01:00  INFO 5134 --- [ool-3-thread-19] tourGuide.service.RewardsService         : getDistance called
2023-01-20T14:46:40.744+01:00  INFO 5134 --- [ool-3-thread-38] tourGuide.service.RewardsService         : nearAttraction called with El Paso Zoo
2023-01-20T14:46:40.743+01:00  INFO 5134 --- [ool-3-thread-39] tourGuide.service.RewardsService         : getDistance called
2023-01-20T14:46:40.744+01:00  INFO 5134 --- [ool-3-thread-38] tourGuide.service.RewardsService         : getDistance called
2023-01-20T14:46:40.743+01:00  INFO 5134 --- [ool-3-thread-22] tourGuide.service.RewardsService         : getDistance called
2023-01-20T14:46:40.744+01:00  INFO 5134 --- [ool-3-thread-39] tourGuide.service.RewardsService         : nearAttraction called with Cinderella Castle
2023-01-20T14:46:40.743+01:00  INFO 5134 --- [ool-3-thread-37] tourGuide.service.RewardsService         : getDistance called
2023-01-20T14:46:40.744+01:00  INFO 5134 --- [ool-3-thread-39] tourGuide.service.RewardsService         : getDistance called
2023-01-20T14:46:40.743+01:00  INFO 5134 --- [ool-3-thread-67] tourGuide.service.RewardsService         : getDistance called
2023-01-20T14:46:40.744+01:00  INFO 5134 --- [ool-3-thread-39] tourGuide.service.RewardsService         : nearAttraction called with Joshua Tree National Park
2023-01-20T14:46:40.744+01:00  INFO 5134 --- [ool-3-thread-67] tourGuide.service.RewardsService         : nearAttraction called with Buffalo National River
2023-01-20T14:46:40.743+01:00  INFO 5134 --- [pool-3-thread-4] tourGuide.service.RewardsService         : nearAttraction called with Bronx Zoo
2023-01-20T14:46:40.743+01:00  INFO 5134 --- [ool-3-thread-52] tourGuide.service.RewardsService         : nearAttraction called with Cinderella Castle
2023-01-20T14:46:40.743+01:00  INFO 5134 --- [ool-3-thread-18] tourGuide.service.RewardsService         : getDistance called
2023-01-20T14:46:40.744+01:00  INFO 5134 --- [ool-3-thread-52] tourGuide.service.RewardsService         : getDistance called
2023-01-20T14:46:40.743+01:00  INFO 5134 --- [ool-3-thread-54] tourGuide.service.RewardsService         : getRewardPoints called with Disneyland and internalUser98
2023-01-20T14:46:40.743+01:00  INFO 5134 --- [ool-3-thread-46] tourGuide.service.RewardsService         : nearAttraction called with Mojave National Preserve
2023-01-20T14:46:40.743+01:00  INFO 5134 --- [ool-3-thread-48] tourGuide.service.RewardsService         : getDistance called
2023-01-20T14:46:40.743+01:00  INFO 5134 --- [pool-3-thread-5] tourGuide.service.RewardsService         : getDistance called
2023-01-20T14:46:40.745+01:00  INFO 5134 --- [ool-3-thread-46] tourGuide.service.RewardsService         : getDistance called
2023-01-20T14:46:40.743+01:00  INFO 5134 --- [ool-3-thread-40] tourGuide.service.RewardsService         : getDistance called
2023-01-20T14:46:40.745+01:00  INFO 5134 --- [ool-3-thread-46] tourGuide.service.RewardsService         : nearAttraction called with McKinley Tower
2023-01-20T14:46:40.744+01:00  INFO 5134 --- [ool-3-thread-56] tourGuide.service.RewardsService         : nearAttraction called with Hot Springs National Park
2023-01-20T14:46:40.744+01:00  INFO 5134 --- [ool-3-thread-42] tourGuide.service.RewardsService         : getDistance called
2023-01-20T14:46:40.744+01:00  INFO 5134 --- [ool-3-thread-11] tourGuide.service.RewardsService         : nearAttraction called with Flowers Bakery of London
2023-01-20T14:46:40.744+01:00  INFO 5134 --- [ool-3-thread-25] tourGuide.service.RewardsService         : nearAttraction called with Flatiron Building
2023-01-20T14:46:40.744+01:00  INFO 5134 --- [pool-3-thread-2] tourGuide.service.RewardsService         : nearAttraction called with Fallingwater
2023-01-20T14:46:40.745+01:00  INFO 5134 --- [ool-3-thread-25] tourGuide.service.RewardsService         : getDistance called
2023-01-20T14:46:40.745+01:00  INFO 5134 --- [pool-3-thread-2] tourGuide.service.RewardsService         : getDistance called
2023-01-20T14:46:40.744+01:00  INFO 5134 --- [ool-3-thread-34] tourGuide.service.RewardsService         : getDistance called
2023-01-20T14:46:40.745+01:00  INFO 5134 --- [pool-3-thread-2] tourGuide.service.RewardsService         : nearAttraction called with Roger Dean Stadium
2023-01-20T14:46:40.744+01:00  INFO 5134 --- [ool-3-thread-62] tourGuide.service.RewardsService         : nearAttraction called with Union Station
2023-01-20T14:46:40.745+01:00  INFO 5134 --- [pool-3-thread-2] tourGuide.service.RewardsService         : getDistance called
2023-01-20T14:46:40.744+01:00  INFO 5134 --- [ool-3-thread-55] tourGuide.service.RewardsService         : getDistance called
2023-01-20T14:46:40.745+01:00  INFO 5134 --- [pool-3-thread-2] tourGuide.service.RewardsService         : nearAttraction called with Bryant-Denny Stadium
2023-01-20T14:46:40.744+01:00  INFO 5134 --- [ool-3-thread-30] tourGuide.service.RewardsService         : getDistance called
2023-01-20T14:46:40.744+01:00  INFO 5134 --- [ool-3-thread-17] tourGuide.service.RewardsService         : getDistance called
2023-01-20T14:46:40.744+01:00  INFO 5134 --- [ool-3-thread-53] tourGuide.service.RewardsService         : nearAttraction called with Bryant-Denny Stadium
2023-01-20T14:46:40.745+01:00  INFO 5134 --- [ool-3-thread-17] tourGuide.service.RewardsService         : nearAttraction called with Kyle Field
2023-01-20T14:46:40.745+01:00  INFO 5134 --- [ool-3-thread-53] tourGuide.service.RewardsService         : getDistance called
2023-01-20T14:46:40.745+01:00  INFO 5134 --- [ool-3-thread-17] tourGuide.service.RewardsService         : getDistance called
2023-01-20T14:46:40.744+01:00  INFO 5134 --- [ool-3-thread-63] tourGuide.service.RewardsService         : getDistance called
2023-01-20T14:46:40.745+01:00  INFO 5134 --- [ool-3-thread-17] tourGuide.service.RewardsService         : nearAttraction called with Zoo Tampa at Lowry Park
2023-01-20T14:46:40.744+01:00  INFO 5134 --- [ool-3-thread-66] tourGuide.service.RewardsService         : getDistance called
2023-01-20T14:46:40.744+01:00  INFO 5134 --- [ool-3-thread-13] tourGuide.service.RewardsService         : nearAttraction called with Tiger Stadium
2023-01-20T14:46:40.744+01:00  INFO 5134 --- [ool-3-thread-10] tourGuide.service.RewardsService         : nearAttraction called with Kyle Field
2023-01-20T14:46:40.745+01:00  INFO 5134 --- [ool-3-thread-13] tourGuide.service.RewardsService         : getDistance called
2023-01-20T14:46:40.745+01:00  INFO 5134 --- [ool-3-thread-10] tourGuide.service.RewardsService         : getDistance called
2023-01-20T14:46:40.744+01:00  INFO 5134 --- [ool-3-thread-41] tourGuide.service.RewardsService         : nearAttraction called with Zoo Tampa at Lowry Park
2023-01-20T14:46:40.744+01:00  INFO 5134 --- [ool-3-thread-24] tourGuide.service.RewardsService         : nearAttraction called with Franklin Park Zoo
2023-01-20T14:46:40.744+01:00  INFO 5134 --- [ool-3-thread-27] tourGuide.service.RewardsService         : nearAttraction called with Kansas City Zoo
2023-01-20T14:46:40.745+01:00  INFO 5134 --- [ool-3-thread-24] tourGuide.service.RewardsService         : getDistance called
2023-01-20T14:46:40.744+01:00  INFO 5134 --- [ool-3-thread-19] tourGuide.service.RewardsService         : nearAttraction called with Bronx Zoo
2023-01-20T14:46:40.745+01:00  INFO 5134 --- [ool-3-thread-24] tourGuide.service.RewardsService         : nearAttraction called with Cinderella Castle
2023-01-20T14:46:40.745+01:00  INFO 5134 --- [ool-3-thread-19] tourGuide.service.RewardsService         : getDistance called
2023-01-20T14:46:40.744+01:00  INFO 5134 --- [ool-3-thread-38] tourGuide.service.RewardsService         : nearAttraction called with Disneyland
2023-01-20T14:46:40.745+01:00  INFO 5134 --- [ool-3-thread-19] tourGuide.service.RewardsService         : nearAttraction called with Disneyland
2023-01-20T14:46:40.745+01:00  INFO 5134 --- [ool-3-thread-38] tourGuide.service.RewardsService         : getDistance called
2023-01-20T14:46:40.744+01:00  INFO 5134 --- [ool-3-thread-22] tourGuide.service.RewardsService         : nearAttraction called with Jackson Hole
2023-01-20T14:46:40.744+01:00  INFO 5134 --- [ool-3-thread-37] tourGuide.service.RewardsService         : nearAttraction called with Mojave National Preserve
2023-01-20T14:46:40.746+01:00  INFO 5134 --- [ool-3-thread-22] tourGuide.service.RewardsService         : getDistance called
2023-01-20T14:46:40.744+01:00  INFO 5134 --- [ool-3-thread-39] tourGuide.service.RewardsService         : getDistance called
2023-01-20T14:46:40.744+01:00  INFO 5134 --- [ool-3-thread-67] tourGuide.service.RewardsService         : getDistance called
2023-01-20T14:46:40.744+01:00  INFO 5134 --- [pool-3-thread-4] tourGuide.service.RewardsService         : getDistance called
2023-01-20T14:46:40.744+01:00  INFO 5134 --- [ool-3-thread-18] tourGuide.service.RewardsService         : nearAttraction called with Hot Springs National Park
2023-01-20T14:46:40.745+01:00  INFO 5134 --- [ool-3-thread-52] tourGuide.service.RewardsService         : nearAttraction called with Kartchner Caverns State Park
2023-01-20T14:46:40.745+01:00  INFO 5134 --- [ool-3-thread-48] tourGuide.service.RewardsService         : nearAttraction called with Legend Valley
2023-01-20T14:46:40.746+01:00  INFO 5134 --- [ool-3-thread-52] tourGuide.service.RewardsService         : getDistance called
2023-01-20T14:46:40.746+01:00  INFO 5134 --- [ool-3-thread-48] tourGuide.service.RewardsService         : getDistance called
2023-01-20T14:46:40.745+01:00  INFO 5134 --- [pool-3-thread-5] tourGuide.service.RewardsService         : nearAttraction called with Flowers Bakery of London
2023-01-20T14:46:40.746+01:00  INFO 5134 --- [ool-3-thread-48] tourGuide.service.RewardsService         : nearAttraction called with Kartchner Caverns State Park
2023-01-20T14:46:40.746+01:00  INFO 5134 --- [pool-3-thread-5] tourGuide.service.RewardsService         : getDistance called
2023-01-20T14:46:40.746+01:00  INFO 5134 --- [ool-3-thread-48] tourGuide.service.RewardsService         : getDistance called
2023-01-20T14:46:40.745+01:00  INFO 5134 --- [ool-3-thread-40] tourGuide.service.RewardsService         : nearAttraction called with Flatiron Building
2023-01-20T14:46:40.746+01:00  INFO 5134 --- [ool-3-thread-48] tourGuide.service.RewardsService         : nearAttraction called with Flowers Bakery of London
2023-01-20T14:46:40.745+01:00  INFO 5134 --- [ool-3-thread-46] tourGuide.service.RewardsService         : getDistance called
2023-01-20T14:46:40.745+01:00  INFO 5134 --- [ool-3-thread-56] tourGuide.service.RewardsService         : getDistance called
2023-01-20T14:46:40.745+01:00  INFO 5134 --- [ool-3-thread-42] tourGuide.service.RewardsService         : nearAttraction called with Fallingwater
2023-01-20T14:46:40.746+01:00  INFO 5134 --- [ool-3-thread-56] tourGuide.service.RewardsService         : nearAttraction called with Flatiron Building
2023-01-20T14:46:40.745+01:00  INFO 5134 --- [ool-3-thread-11] tourGuide.service.RewardsService         : getDistance called
2023-01-20T14:46:40.745+01:00  INFO 5134 --- [ool-3-thread-25] tourGuide.service.RewardsService         : nearAttraction called with Union Station
2023-01-20T14:46:40.746+01:00  INFO 5134 --- [ool-3-thread-11] tourGuide.service.RewardsService         : nearAttraction called with Fallingwater
2023-01-20T14:46:40.746+01:00  INFO 5134 --- [ool-3-thread-25] tourGuide.service.RewardsService         : getDistance called
2023-01-20T14:46:40.746+01:00  INFO 5134 --- [ool-3-thread-11] tourGuide.service.RewardsService         : getDistance called
2023-01-20T14:46:40.745+01:00  INFO 5134 --- [ool-3-thread-34] tourGuide.service.RewardsService         : nearAttraction called with Texas Memorial Stadium
2023-01-20T14:46:40.746+01:00  INFO 5134 --- [ool-3-thread-11] tourGuide.service.RewardsService         : nearAttraction called with Roger Dean Stadium
2023-01-20T14:46:40.745+01:00  INFO 5134 --- [ool-3-thread-62] tourGuide.service.RewardsService         : getDistance called
2023-01-20T14:46:40.745+01:00  INFO 5134 --- [ool-3-thread-55] tourGuide.service.RewardsService         : nearAttraction called with Tiger Stadium
2023-01-20T14:46:40.745+01:00  INFO 5134 --- [pool-3-thread-2] tourGuide.service.RewardsService         : getDistance called
2023-01-20T14:46:40.746+01:00  INFO 5134 --- [ool-3-thread-55] tourGuide.service.RewardsService         : getDistance called
2023-01-20T14:46:40.745+01:00  INFO 5134 --- [ool-3-thread-30] tourGuide.service.RewardsService         : nearAttraction called with Neyland Stadium
2023-01-20T14:46:40.746+01:00  INFO 5134 --- [ool-3-thread-55] tourGuide.service.RewardsService         : nearAttraction called with Tiger Stadium
2023-01-20T14:46:40.745+01:00  INFO 5134 --- [ool-3-thread-53] tourGuide.service.RewardsService         : nearAttraction called with San Diego Zoo
2023-01-20T14:46:40.746+01:00  INFO 5134 --- [ool-3-thread-55] tourGuide.service.RewardsService         : getDistance called
2023-01-20T14:46:40.746+01:00  INFO 5134 --- [ool-3-thread-53] tourGuide.service.RewardsService         : getDistance called
2023-01-20T14:46:40.745+01:00  INFO 5134 --- [ool-3-thread-17] tourGuide.service.RewardsService         : getDistance called
2023-01-20T14:46:40.746+01:00  INFO 5134 --- [ool-3-thread-53] tourGuide.service.RewardsService         : nearAttraction called with Kyle Field
2023-01-20T14:46:40.745+01:00  INFO 5134 --- [ool-3-thread-63] tourGuide.service.RewardsService         : nearAttraction called with Franklin Park Zoo
2023-01-20T14:46:40.745+01:00  INFO 5134 --- [ool-3-thread-66] tourGuide.service.RewardsService         : nearAttraction called with El Paso Zoo
2023-01-20T14:46:40.745+01:00  INFO 5134 --- [ool-3-thread-13] tourGuide.service.RewardsService         : nearAttraction called with Kansas City Zoo
2023-01-20T14:46:40.747+01:00  INFO 5134 --- [ool-3-thread-63] tourGuide.service.RewardsService         : getDistance called
2023-01-20T14:46:40.747+01:00  INFO 5134 --- [ool-3-thread-66] tourGuide.service.RewardsService         : getDistance called
2023-01-20T14:46:40.745+01:00  INFO 5134 --- [ool-3-thread-10] tourGuide.service.RewardsService         : nearAttraction called with Bronx Zoo
2023-01-20T14:46:40.745+01:00  INFO 5134 --- [ool-3-thread-41] tourGuide.service.RewardsService         : getDistance called
2023-01-20T14:46:40.747+01:00  INFO 5134 --- [ool-3-thread-10] tourGuide.service.RewardsService         : getDistance called
2023-01-20T14:46:40.745+01:00  INFO 5134 --- [ool-3-thread-27] tourGuide.service.RewardsService         : getDistance called
2023-01-20T14:46:40.747+01:00  INFO 5134 --- [ool-3-thread-41] tourGuide.service.RewardsService         : nearAttraction called with El Paso Zoo
2023-01-20T14:46:40.745+01:00  INFO 5134 --- [ool-3-thread-24] tourGuide.service.RewardsService         : getDistance called
2023-01-20T14:46:40.747+01:00  INFO 5134 --- [ool-3-thread-41] tourGuide.service.RewardsService         : getDistance called
2023-01-20T14:46:40.746+01:00  INFO 5134 --- [ool-3-thread-19] tourGuide.service.RewardsService         : getDistance called
2023-01-20T14:46:40.747+01:00  INFO 5134 --- [ool-3-thread-41] tourGuide.service.RewardsService         : nearAttraction called with Disneyland
2023-01-20T14:46:40.746+01:00  INFO 5134 --- [ool-3-thread-38] tourGuide.service.RewardsService         : getRewardPoints called with Disneyland and internalUser97
2023-01-20T14:46:40.747+01:00  INFO 5134 --- [ool-3-thread-41] tourGuide.service.RewardsService         : getDistance called
2023-01-20T14:46:40.746+01:00  INFO 5134 --- [ool-3-thread-37] tourGuide.service.RewardsService         : getDistance called
2023-01-20T14:46:40.747+01:00  INFO 5134 --- [ool-3-thread-41] tourGuide.service.RewardsService         : getRewardPoints called with Disneyland and internalUser92
2023-01-20T14:46:40.746+01:00  INFO 5134 --- [ool-3-thread-22] tourGuide.service.RewardsService         : nearAttraction called with Jackson Hole
2023-01-20T14:46:40.746+01:00  INFO 5134 --- [ool-3-thread-39] tourGuide.service.RewardsService         : nearAttraction called with Mojave National Preserve
2023-01-20T14:46:40.747+01:00  INFO 5134 --- [ool-3-thread-22] tourGuide.service.RewardsService         : getDistance called
2023-01-20T14:46:40.747+01:00  INFO 5134 --- [ool-3-thread-39] tourGuide.service.RewardsService         : getDistance called
2023-01-20T14:46:40.746+01:00  INFO 5134 --- [ool-3-thread-67] tourGuide.service.RewardsService         : nearAttraction called with Joshua Tree National Park
2023-01-20T14:46:40.747+01:00  INFO 5134 --- [ool-3-thread-39] tourGuide.service.RewardsService         : nearAttraction called with Joshua Tree National Park
2023-01-20T14:46:40.746+01:00  INFO 5134 --- [pool-3-thread-4] tourGuide.service.RewardsService         : nearAttraction called with Buffalo National River
2023-01-20T14:46:40.746+01:00  INFO 5134 --- [ool-3-thread-18] tourGuide.service.RewardsService         : getDistance called
2023-01-20T14:46:40.747+01:00  INFO 5134 --- [pool-3-thread-4] tourGuide.service.RewardsService         : getDistance called
2023-01-20T14:46:40.746+01:00  INFO 5134 --- [ool-3-thread-52] tourGuide.service.RewardsService         : nearAttraction called with Hot Springs National Park
2023-01-20T14:46:40.747+01:00  INFO 5134 --- [pool-3-thread-4] tourGuide.service.RewardsService         : nearAttraction called with Hot Springs National Park
2023-01-20T14:46:40.746+01:00  INFO 5134 --- [pool-3-thread-5] tourGuide.service.RewardsService         : nearAttraction called with Legend Valley
2023-01-20T14:46:40.746+01:00  INFO 5134 --- [ool-3-thread-40] tourGuide.service.RewardsService         : getDistance called
2023-01-20T14:46:40.746+01:00  INFO 5134 --- [ool-3-thread-48] tourGuide.service.RewardsService         : getDistance called
2023-01-20T14:46:40.747+01:00  INFO 5134 --- [ool-3-thread-40] tourGuide.service.RewardsService         : nearAttraction called with Kartchner Caverns State Park
2023-01-20T14:46:40.746+01:00  INFO 5134 --- [ool-3-thread-46] tourGuide.service.RewardsService         : nearAttraction called with McKinley Tower
2023-01-20T14:46:40.747+01:00  INFO 5134 --- [ool-3-thread-40] tourGuide.service.RewardsService         : getDistance called
2023-01-20T14:46:40.746+01:00  INFO 5134 --- [ool-3-thread-42] tourGuide.service.RewardsService         : getDistance called
2023-01-20T14:46:40.747+01:00  INFO 5134 --- [ool-3-thread-40] tourGuide.service.RewardsService         : nearAttraction called with Flowers Bakery of London
2023-01-20T14:46:40.746+01:00  INFO 5134 --- [ool-3-thread-56] tourGuide.service.RewardsService         : getDistance called
2023-01-20T14:46:40.747+01:00  INFO 5134 --- [ool-3-thread-40] tourGuide.service.RewardsService         : getDistance called
2023-01-20T14:46:40.746+01:00  INFO 5134 --- [ool-3-thread-25] tourGuide.service.RewardsService         : nearAttraction called with Union Station
2023-01-20T14:46:40.746+01:00  INFO 5134 --- [ool-3-thread-34] tourGuide.service.RewardsService         : getDistance called
2023-01-20T14:46:40.747+01:00  INFO 5134 --- [ool-3-thread-25] tourGuide.service.RewardsService         : getDistance called
2023-01-20T14:46:40.746+01:00  INFO 5134 --- [ool-3-thread-11] tourGuide.service.RewardsService         : getDistance called
2023-01-20T14:46:40.746+01:00  INFO 5134 --- [ool-3-thread-62] tourGuide.service.RewardsService         : nearAttraction called with Texas Memorial Stadium
2023-01-20T14:46:40.747+01:00  INFO 5134 --- [ool-3-thread-11] tourGuide.service.RewardsService         : nearAttraction called with Texas Memorial Stadium
2023-01-20T14:46:40.746+01:00  INFO 5134 --- [pool-3-thread-2] tourGuide.service.RewardsService         : nearAttraction called with Bryant-Denny Stadium
2023-01-20T14:46:40.746+01:00  INFO 5134 --- [ool-3-thread-30] tourGuide.service.RewardsService         : getDistance called
2023-01-20T14:46:40.748+01:00  INFO 5134 --- [pool-3-thread-2] tourGuide.service.RewardsService         : getDistance called
2023-01-20T14:46:40.746+01:00  INFO 5134 --- [ool-3-thread-55] tourGuide.service.RewardsService         : nearAttraction called with Neyland Stadium
2023-01-20T14:46:40.748+01:00  INFO 5134 --- [ool-3-thread-30] tourGuide.service.RewardsService         : nearAttraction called with Bryant-Denny Stadium
2023-01-20T14:46:40.748+01:00  INFO 5134 --- [pool-3-thread-2] tourGuide.service.RewardsService         : nearAttraction called with Tiger Stadium
2023-01-20T14:46:40.748+01:00  INFO 5134 --- [ool-3-thread-30] tourGuide.service.RewardsService         : getDistance called
2023-01-20T14:46:40.748+01:00  INFO 5134 --- [pool-3-thread-2] tourGuide.service.RewardsService         : getDistance called
2023-01-20T14:46:40.746+01:00  INFO 5134 --- [ool-3-thread-17] tourGuide.service.RewardsService         : nearAttraction called with San Diego Zoo
2023-01-20T14:46:40.748+01:00  INFO 5134 --- [pool-3-thread-2] tourGuide.service.RewardsService         : nearAttraction called with Kyle Field
2023-01-20T14:46:40.746+01:00  INFO 5134 --- [ool-3-thread-53] tourGuide.service.RewardsService         : getDistance called
2023-01-20T14:46:40.748+01:00  INFO 5134 --- [pool-3-thread-2] tourGuide.service.RewardsService         : getDistance called
2023-01-20T14:46:40.747+01:00  INFO 5134 --- [ool-3-thread-13] tourGuide.service.RewardsService         : getDistance called
2023-01-20T14:46:40.747+01:00  INFO 5134 --- [ool-3-thread-63] tourGuide.service.RewardsService         : nearAttraction called with Zoo Tampa at Lowry Park
2023-01-20T14:46:40.747+01:00  INFO 5134 --- [ool-3-thread-66] tourGuide.service.RewardsService         : nearAttraction called with Franklin Park Zoo
2023-01-20T14:46:40.747+01:00  INFO 5134 --- [ool-3-thread-10] tourGuide.service.RewardsService         : nearAttraction called with Kansas City Zoo
2023-01-20T14:46:40.748+01:00  INFO 5134 --- [ool-3-thread-66] tourGuide.service.RewardsService         : getDistance called
2023-01-20T14:46:40.748+01:00  INFO 5134 --- [ool-3-thread-10] tourGuide.service.RewardsService         : getDistance called
2023-01-20T14:46:40.747+01:00  INFO 5134 --- [ool-3-thread-27] tourGuide.service.RewardsService         : nearAttraction called with Bronx Zoo
2023-01-20T14:46:40.748+01:00  INFO 5134 --- [ool-3-thread-10] tourGuide.service.RewardsService         : nearAttraction called with Kansas City Zoo
2023-01-20T14:46:40.747+01:00  INFO 5134 --- [ool-3-thread-24] tourGuide.service.RewardsService         : nearAttraction called with Cinderella Castle
2023-01-20T14:46:40.747+01:00  INFO 5134 --- [ool-3-thread-19] tourGuide.service.RewardsService         : getRewardPoints called with Disneyland and internalUser7
2023-01-20T14:46:40.748+01:00  INFO 5134 --- [ool-3-thread-24] tourGuide.service.RewardsService         : getDistance called
2023-01-20T14:46:40.747+01:00  INFO 5134 --- [ool-3-thread-37] tourGuide.service.RewardsService         : nearAttraction called with Jackson Hole
2023-01-20T14:46:40.748+01:00  INFO 5134 --- [ool-3-thread-24] tourGuide.service.RewardsService         : nearAttraction called with Bronx Zoo
2023-01-20T14:46:40.748+01:00  INFO 5134 --- [ool-3-thread-37] tourGuide.service.RewardsService         : getDistance called
2023-01-20T14:46:40.748+01:00  INFO 5134 --- [ool-3-thread-24] tourGuide.service.RewardsService         : getDistance called
2023-01-20T14:46:40.747+01:00  INFO 5134 --- [ool-3-thread-22] tourGuide.service.RewardsService         : nearAttraction called with Mojave National Preserve
2023-01-20T14:46:40.748+01:00  INFO 5134 --- [ool-3-thread-24] tourGuide.service.RewardsService         : nearAttraction called with Disneyland
2023-01-20T14:46:40.748+01:00  INFO 5134 --- [ool-3-thread-22] tourGuide.service.RewardsService         : getDistance called
2023-01-20T14:46:40.748+01:00  INFO 5134 --- [ool-3-thread-24] tourGuide.service.RewardsService         : getDistance called
2023-01-20T14:46:40.747+01:00  INFO 5134 --- [ool-3-thread-67] tourGuide.service.RewardsService         : getDistance called
2023-01-20T14:46:40.748+01:00  INFO 5134 --- [ool-3-thread-24] tourGuide.service.RewardsService         : getRewardPoints called with Disneyland and internalUser6
2023-01-20T14:46:40.747+01:00  INFO 5134 --- [ool-3-thread-39] tourGuide.service.RewardsService         : getDistance called
2023-01-20T14:46:40.748+01:00  INFO 5134 --- [ool-3-thread-67] tourGuide.service.RewardsService         : nearAttraction called with Mojave National Preserve
2023-01-20T14:46:40.747+01:00  INFO 5134 --- [ool-3-thread-18] tourGuide.service.RewardsService         : nearAttraction called with Buffalo National River
2023-01-20T14:46:40.748+01:00  INFO 5134 --- [ool-3-thread-67] tourGuide.service.RewardsService         : getDistance called
2023-01-20T14:46:40.747+01:00  INFO 5134 --- [ool-3-thread-52] tourGuide.service.RewardsService         : getDistance called
2023-01-20T14:46:40.747+01:00  INFO 5134 --- [pool-3-thread-4] tourGuide.service.RewardsService         : getDistance called
2023-01-20T14:46:40.748+01:00  INFO 5134 --- [ool-3-thread-52] tourGuide.service.RewardsService         : nearAttraction called with Hot Springs National Park
2023-01-20T14:46:40.747+01:00  INFO 5134 --- [pool-3-thread-5] tourGuide.service.RewardsService         : getDistance called
2023-01-20T14:46:40.747+01:00  INFO 5134 --- [ool-3-thread-48] tourGuide.service.RewardsService         : nearAttraction called with Legend Valley
2023-01-20T14:46:40.747+01:00  INFO 5134 --- [ool-3-thread-46] tourGuide.service.RewardsService         : getDistance called
2023-01-20T14:46:40.748+01:00  INFO 5134 --- [ool-3-thread-48] tourGuide.service.RewardsService         : getDistance called
2023-01-20T14:46:40.747+01:00  INFO 5134 --- [ool-3-thread-42] tourGuide.service.RewardsService         : nearAttraction called with McKinley Tower
2023-01-20T14:46:40.748+01:00  INFO 5134 --- [ool-3-thread-48] tourGuide.service.RewardsService         : nearAttraction called with McKinley Tower
2023-01-20T14:46:40.747+01:00  INFO 5134 --- [ool-3-thread-40] tourGuide.service.RewardsService         : nearAttraction called with Fallingwater
2023-01-20T14:46:40.747+01:00  INFO 5134 --- [ool-3-thread-56] tourGuide.service.RewardsService         : nearAttraction called with Flatiron Building
2023-01-20T14:46:40.748+01:00  INFO 5134 --- [ool-3-thread-40] tourGuide.service.RewardsService         : getDistance called
2023-01-20T14:46:40.748+01:00  INFO 5134 --- [ool-3-thread-56] tourGuide.service.RewardsService         : getDistance called
2023-01-20T14:46:40.747+01:00  INFO 5134 --- [ool-3-thread-34] tourGuide.service.RewardsService         : nearAttraction called with Union Station
2023-01-20T14:46:40.747+01:00  INFO 5134 --- [ool-3-thread-25] tourGuide.service.RewardsService         : nearAttraction called with Roger Dean Stadium
2023-01-20T14:46:40.749+01:00  INFO 5134 --- [ool-3-thread-56] tourGuide.service.RewardsService         : nearAttraction called with Fallingwater
2023-01-20T14:46:40.749+01:00  INFO 5134 --- [ool-3-thread-25] tourGuide.service.RewardsService         : getDistance called
2023-01-20T14:46:40.749+01:00  INFO 5134 --- [ool-3-thread-56] tourGuide.service.RewardsService         : getDistance called
2023-01-20T14:46:40.748+01:00  INFO 5134 --- [ool-3-thread-62] tourGuide.service.RewardsService         : getDistance called
2023-01-20T14:46:40.749+01:00  INFO 5134 --- [ool-3-thread-25] tourGuide.service.RewardsService         : nearAttraction called with Union Station
2023-01-20T14:46:40.748+01:00  INFO 5134 --- [ool-3-thread-11] tourGuide.service.RewardsService         : getDistance called
2023-01-20T14:46:40.749+01:00  INFO 5134 --- [ool-3-thread-25] tourGuide.service.RewardsService         : getDistance called
2023-01-20T14:46:40.748+01:00  INFO 5134 --- [ool-3-thread-55] tourGuide.service.RewardsService         : getDistance called
2023-01-20T14:46:40.749+01:00  INFO 5134 --- [ool-3-thread-25] tourGuide.service.RewardsService         : nearAttraction called with Bryant-Denny Stadium
2023-01-20T14:46:40.749+01:00  INFO 5134 --- [ool-3-thread-11] tourGuide.service.RewardsService         : nearAttraction called with Tiger Stadium
2023-01-20T14:46:40.749+01:00  INFO 5134 --- [ool-3-thread-25] tourGuide.service.RewardsService         : getDistance called
2023-01-20T14:46:40.748+01:00  INFO 5134 --- [ool-3-thread-30] tourGuide.service.RewardsService         : nearAttraction called with Neyland Stadium
2023-01-20T14:46:40.749+01:00  INFO 5134 --- [ool-3-thread-25] tourGuide.service.RewardsService         : nearAttraction called with Kyle Field
2023-01-20T14:46:40.748+01:00  INFO 5134 --- [ool-3-thread-17] tourGuide.service.RewardsService         : getDistance called
2023-01-20T14:46:40.748+01:00  INFO 5134 --- [ool-3-thread-53] tourGuide.service.RewardsService         : nearAttraction called with San Diego Zoo
2023-01-20T14:46:40.748+01:00  INFO 5134 --- [pool-3-thread-2] tourGuide.service.RewardsService         : nearAttraction called with Zoo Tampa at Lowry Park
2023-01-20T14:46:40.748+01:00  INFO 5134 --- [ool-3-thread-13] tourGuide.service.RewardsService         : nearAttraction called with Franklin Park Zoo
2023-01-20T14:46:40.749+01:00  INFO 5134 --- [pool-3-thread-2] tourGuide.service.RewardsService         : getDistance called
2023-01-20T14:46:40.748+01:00  INFO 5134 --- [ool-3-thread-63] tourGuide.service.RewardsService         : getDistance called
2023-01-20T14:46:40.749+01:00  INFO 5134 --- [pool-3-thread-2] tourGuide.service.RewardsService         : nearAttraction called with Zoo Tampa at Lowry Park
2023-01-20T14:46:40.748+01:00  INFO 5134 --- [ool-3-thread-66] tourGuide.service.RewardsService         : nearAttraction called with El Paso Zoo
2023-01-20T14:46:40.748+01:00  INFO 5134 --- [ool-3-thread-27] tourGuide.service.RewardsService         : getDistance called
2023-01-20T14:46:40.749+01:00  INFO 5134 --- [ool-3-thread-66] tourGuide.service.RewardsService         : getDistance called
2023-01-20T14:46:40.748+01:00  INFO 5134 --- [ool-3-thread-10] tourGuide.service.RewardsService         : getDistance called
2023-01-20T14:46:40.748+01:00  INFO 5134 --- [ool-3-thread-37] tourGuide.service.RewardsService         : nearAttraction called with Cinderella Castle
2023-01-20T14:46:40.749+01:00  INFO 5134 --- [ool-3-thread-10] tourGuide.service.RewardsService         : nearAttraction called with Bronx Zoo
2023-01-20T14:46:40.748+01:00  INFO 5134 --- [ool-3-thread-22] tourGuide.service.RewardsService         : nearAttraction called with Jackson Hole
2023-01-20T14:46:40.748+01:00  INFO 5134 --- [ool-3-thread-39] tourGuide.service.RewardsService         : nearAttraction called with Joshua Tree National Park
2023-01-20T14:46:40.749+01:00  INFO 5134 --- [ool-3-thread-22] tourGuide.service.RewardsService         : getDistance called
2023-01-20T14:46:40.749+01:00  INFO 5134 --- [ool-3-thread-39] tourGuide.service.RewardsService         : getDistance called
2023-01-20T14:46:40.749+01:00  INFO 5134 --- [ool-3-thread-22] tourGuide.service.RewardsService         : nearAttraction called with Cinderella Castle
2023-01-20T14:46:40.748+01:00  INFO 5134 --- [ool-3-thread-18] tourGuide.service.RewardsService         : getDistance called
2023-01-20T14:46:40.748+01:00  INFO 5134 --- [ool-3-thread-67] tourGuide.service.RewardsService         : nearAttraction called with Buffalo National River
2023-01-20T14:46:40.748+01:00  INFO 5134 --- [pool-3-thread-4] tourGuide.service.RewardsService         : nearAttraction called with Kartchner Caverns State Park
2023-01-20T14:46:40.749+01:00  INFO 5134 --- [ool-3-thread-67] tourGuide.service.RewardsService         : getDistance called
2023-01-20T14:46:40.748+01:00  INFO 5134 --- [ool-3-thread-52] tourGuide.service.RewardsService         : getDistance called
2023-01-20T14:46:40.748+01:00  INFO 5134 --- [pool-3-thread-5] tourGuide.service.RewardsService         : nearAttraction called with Legend Valley
2023-01-20T14:46:40.749+01:00  INFO 5134 --- [ool-3-thread-52] tourGuide.service.RewardsService         : nearAttraction called with Joshua Tree National Park
2023-01-20T14:46:40.749+01:00  INFO 5134 --- [pool-3-thread-5] tourGuide.service.RewardsService         : getDistance called
2023-01-20T14:46:40.748+01:00  INFO 5134 --- [ool-3-thread-46] tourGuide.service.RewardsService         : nearAttraction called with Flowers Bakery of London
2023-01-20T14:46:40.749+01:00  INFO 5134 --- [pool-3-thread-5] tourGuide.service.RewardsService         : nearAttraction called with Buffalo National River
2023-01-20T14:46:40.749+01:00  INFO 5134 --- [ool-3-thread-46] tourGuide.service.RewardsService         : getDistance called
2023-01-20T14:46:40.748+01:00  INFO 5134 --- [ool-3-thread-42] tourGuide.service.RewardsService         : getDistance called
2023-01-20T14:46:40.749+01:00  INFO 5134 --- [ool-3-thread-46] tourGuide.service.RewardsService         : nearAttraction called with Hot Springs National Park
2023-01-20T14:46:40.748+01:00  INFO 5134 --- [ool-3-thread-48] tourGuide.service.RewardsService         : getDistance called
2023-01-20T14:46:40.749+01:00  INFO 5134 --- [ool-3-thread-40] tourGuide.service.RewardsService         : nearAttraction called with Flatiron Building
2023-01-20T14:46:40.749+01:00  INFO 5134 --- [ool-3-thread-34] tourGuide.service.RewardsService         : getDistance called
2023-01-20T14:46:40.749+01:00  INFO 5134 --- [ool-3-thread-56] tourGuide.service.RewardsService         : nearAttraction called with Roger Dean Stadium
2023-01-20T14:46:40.750+01:00  INFO 5134 --- [ool-3-thread-34] tourGuide.service.RewardsService         : nearAttraction called with Flowers Bakery of London
2023-01-20T14:46:40.750+01:00  INFO 5134 --- [ool-3-thread-56] tourGuide.service.RewardsService         : getDistance called
2023-01-20T14:46:40.750+01:00  INFO 5134 --- [ool-3-thread-34] tourGuide.service.RewardsService         : getDistance called
2023-01-20T14:46:40.749+01:00  INFO 5134 --- [ool-3-thread-62] tourGuide.service.RewardsService         : nearAttraction called with Texas Memorial Stadium
2023-01-20T14:46:40.750+01:00  INFO 5134 --- [ool-3-thread-34] tourGuide.service.RewardsService         : nearAttraction called with Flatiron Building
2023-01-20T14:46:40.750+01:00  INFO 5134 --- [ool-3-thread-62] tourGuide.service.RewardsService         : getDistance called
2023-01-20T14:46:40.750+01:00  INFO 5134 --- [ool-3-thread-34] tourGuide.service.RewardsService         : getDistance called
2023-01-20T14:46:40.749+01:00  INFO 5134 --- [ool-3-thread-55] tourGuide.service.RewardsService         : nearAttraction called with Neyland Stadium
2023-01-20T14:46:40.750+01:00  INFO 5134 --- [ool-3-thread-34] tourGuide.service.RewardsService         : nearAttraction called with Union Station
2023-01-20T14:46:40.750+01:00  INFO 5134 --- [ool-3-thread-55] tourGuide.service.RewardsService         : getDistance called
2023-01-20T14:46:40.750+01:00  INFO 5134 --- [ool-3-thread-34] tourGuide.service.RewardsService         : getDistance called
2023-01-20T14:46:40.750+01:00  INFO 5134 --- [ool-3-thread-55] tourGuide.service.RewardsService         : nearAttraction called with Roger Dean Stadium
2023-01-20T14:46:40.750+01:00  INFO 5134 --- [ool-3-thread-34] tourGuide.service.RewardsService         : nearAttraction called with Texas Memorial Stadium
2023-01-20T14:46:40.749+01:00  INFO 5134 --- [ool-3-thread-11] tourGuide.service.RewardsService         : getDistance called
2023-01-20T14:46:40.750+01:00  INFO 5134 --- [ool-3-thread-34] tourGuide.service.RewardsService         : getDistance called
2023-01-20T14:46:40.749+01:00  INFO 5134 --- [ool-3-thread-30] tourGuide.service.RewardsService         : getDistance called
2023-01-20T14:46:40.750+01:00  INFO 5134 --- [ool-3-thread-11] tourGuide.service.RewardsService         : nearAttraction called with Bryant-Denny Stadium
2023-01-20T14:46:40.749+01:00  INFO 5134 --- [ool-3-thread-25] tourGuide.service.RewardsService         : getDistance called
2023-01-20T14:46:40.750+01:00  INFO 5134 --- [ool-3-thread-11] tourGuide.service.RewardsService         : getDistance called
2023-01-20T14:46:40.749+01:00  INFO 5134 --- [ool-3-thread-17] tourGuide.service.RewardsService         : nearAttraction called with San Diego Zoo
2023-01-20T14:46:40.750+01:00  INFO 5134 --- [ool-3-thread-25] tourGuide.service.RewardsService         : nearAttraction called with Kyle Field
2023-01-20T14:46:40.750+01:00  INFO 5134 --- [ool-3-thread-17] tourGuide.service.RewardsService         : getDistance called
2023-01-20T14:46:40.749+01:00  INFO 5134 --- [ool-3-thread-53] tourGuide.service.RewardsService         : getDistance called
2023-01-20T14:46:40.749+01:00  INFO 5134 --- [ool-3-thread-13] tourGuide.service.RewardsService         : getDistance called
2023-01-20T14:46:40.750+01:00  INFO 5134 --- [ool-3-thread-53] tourGuide.service.RewardsService         : nearAttraction called with Franklin Park Zoo
2023-01-20T14:46:40.750+01:00  INFO 5134 --- [ool-3-thread-13] tourGuide.service.RewardsService         : nearAttraction called with El Paso Zoo
2023-01-20T14:46:40.750+01:00  INFO 5134 --- [ool-3-thread-53] tourGuide.service.RewardsService         : getDistance called
2023-01-20T14:46:40.750+01:00  INFO 5134 --- [ool-3-thread-13] tourGuide.service.RewardsService         : getDistance called
2023-01-20T14:46:40.749+01:00  INFO 5134 --- [ool-3-thread-63] tourGuide.service.RewardsService         : nearAttraction called with Franklin Park Zoo
2023-01-20T14:46:40.749+01:00  INFO 5134 --- [pool-3-thread-2] tourGuide.service.RewardsService         : getDistance called
2023-01-20T14:46:40.750+01:00  INFO 5134 --- [ool-3-thread-63] tourGuide.service.RewardsService         : getDistance called
2023-01-20T14:46:40.750+01:00  INFO 5134 --- [pool-3-thread-2] tourGuide.service.RewardsService         : nearAttraction called with Cinderella Castle
2023-01-20T14:46:40.749+01:00  INFO 5134 --- [ool-3-thread-27] tourGuide.service.RewardsService         : nearAttraction called with El Paso Zoo
2023-01-20T14:46:40.749+01:00  INFO 5134 --- [ool-3-thread-66] tourGuide.service.RewardsService         : nearAttraction called with Kansas City Zoo
2023-01-20T14:46:40.750+01:00  INFO 5134 --- [ool-3-thread-27] tourGuide.service.RewardsService         : getDistance called
2023-01-20T14:46:40.749+01:00  INFO 5134 --- [ool-3-thread-10] tourGuide.service.RewardsService         : getDistance called
2023-01-20T14:46:40.749+01:00  INFO 5134 --- [ool-3-thread-37] tourGuide.service.RewardsService         : getDistance called
2023-01-20T14:46:40.750+01:00  INFO 5134 --- [ool-3-thread-10] tourGuide.service.RewardsService         : nearAttraction called with Mojave National Preserve
2023-01-20T14:46:40.750+01:00  INFO 5134 --- [ool-3-thread-10] tourGuide.service.RewardsService         : getDistance called
2023-01-20T14:46:40.749+01:00  INFO 5134 --- [ool-3-thread-39] tourGuide.service.RewardsService         : nearAttraction called with Disneyland
2023-01-20T14:46:40.749+01:00  INFO 5134 --- [ool-3-thread-22] tourGuide.service.RewardsService         : getDistance called
2023-01-20T14:46:40.750+01:00  INFO 5134 --- [ool-3-thread-39] tourGuide.service.RewardsService         : getDistance called
2023-01-20T14:46:40.749+01:00  INFO 5134 --- [ool-3-thread-18] tourGuide.service.RewardsService         : nearAttraction called with Jackson Hole
2023-01-20T14:46:40.750+01:00  INFO 5134 --- [ool-3-thread-22] tourGuide.service.RewardsService         : nearAttraction called with Hot Springs National Park
2023-01-20T14:46:40.749+01:00  INFO 5134 --- [pool-3-thread-4] tourGuide.service.RewardsService         : getDistance called
2023-01-20T14:46:40.749+01:00  INFO 5134 --- [ool-3-thread-67] tourGuide.service.RewardsService         : nearAttraction called with Mojave National Preserve
2023-01-20T14:46:40.751+01:00  INFO 5134 --- [pool-3-thread-4] tourGuide.service.RewardsService         : nearAttraction called with Kartchner Caverns State Park
2023-01-20T14:46:40.751+01:00  INFO 5134 --- [ool-3-thread-67] tourGuide.service.RewardsService         : getDistance called
2023-01-20T14:46:40.751+01:00  INFO 5134 --- [pool-3-thread-4] tourGuide.service.RewardsService         : getDistance called
2023-01-20T14:46:40.749+01:00  INFO 5134 --- [ool-3-thread-52] tourGuide.service.RewardsService         : getDistance called
2023-01-20T14:46:40.751+01:00  INFO 5134 --- [pool-3-thread-4] tourGuide.service.RewardsService         : nearAttraction called with Flowers Bakery of London
2023-01-20T14:46:40.751+01:00  INFO 5134 --- [pool-3-thread-4] tourGuide.service.RewardsService         : getDistance called
2023-01-20T14:46:40.749+01:00  INFO 5134 --- [pool-3-thread-5] tourGuide.service.RewardsService         : getDistance called
2023-01-20T14:46:40.751+01:00  INFO 5134 --- [pool-3-thread-4] tourGuide.service.RewardsService         : nearAttraction called with Flatiron Building
2023-01-20T14:46:40.750+01:00  INFO 5134 --- [ool-3-thread-46] tourGuide.service.RewardsService         : getDistance called
2023-01-20T14:46:40.750+01:00  INFO 5134 --- [ool-3-thread-40] tourGuide.service.RewardsService         : getDistance called
2023-01-20T14:46:40.750+01:00  INFO 5134 --- [ool-3-thread-48] tourGuide.service.RewardsService         : nearAttraction called with Legend Valley
2023-01-20T14:46:40.751+01:00  INFO 5134 --- [ool-3-thread-40] tourGuide.service.RewardsService         : nearAttraction called with Roger Dean Stadium
2023-01-20T14:46:40.751+01:00  INFO 5134 --- [ool-3-thread-48] tourGuide.service.RewardsService         : getDistance called
2023-01-20T14:46:40.751+01:00  INFO 5134 --- [ool-3-thread-40] tourGuide.service.RewardsService         : getDistance called
2023-01-20T14:46:40.750+01:00  INFO 5134 --- [ool-3-thread-42] tourGuide.service.RewardsService         : nearAttraction called with Kartchner Caverns State Park
2023-01-20T14:46:40.751+01:00  INFO 5134 --- [ool-3-thread-40] tourGuide.service.RewardsService         : nearAttraction called with Bryant-Denny Stadium
2023-01-20T14:46:40.751+01:00  INFO 5134 --- [ool-3-thread-42] tourGuide.service.RewardsService         : getDistance called
2023-01-20T14:46:40.751+01:00  INFO 5134 --- [ool-3-thread-40] tourGuide.service.RewardsService         : getDistance called
2023-01-20T14:46:40.750+01:00  INFO 5134 --- [ool-3-thread-56] tourGuide.service.RewardsService         : nearAttraction called with McKinley Tower
2023-01-20T14:46:40.751+01:00  INFO 5134 --- [ool-3-thread-40] tourGuide.service.RewardsService         : nearAttraction called with Neyland Stadium
2023-01-20T14:46:40.751+01:00  INFO 5134 --- [ool-3-thread-56] tourGuide.service.RewardsService         : getDistance called
2023-01-20T14:46:40.751+01:00  INFO 5134 --- [ool-3-thread-40] tourGuide.service.RewardsService         : getDistance called
2023-01-20T14:46:40.750+01:00  INFO 5134 --- [ool-3-thread-62] tourGuide.service.RewardsService         : nearAttraction called with Fallingwater
2023-01-20T14:46:40.751+01:00  INFO 5134 --- [ool-3-thread-40] tourGuide.service.RewardsService         : nearAttraction called with San Diego Zoo
2023-01-20T14:46:40.751+01:00  INFO 5134 --- [ool-3-thread-62] tourGuide.service.RewardsService         : getDistance called
2023-01-20T14:46:40.751+01:00  INFO 5134 --- [ool-3-thread-40] tourGuide.service.RewardsService         : getDistance called
2023-01-20T14:46:40.750+01:00  INFO 5134 --- [ool-3-thread-55] tourGuide.service.RewardsService         : getDistance called
2023-01-20T14:46:40.751+01:00  INFO 5134 --- [ool-3-thread-40] tourGuide.service.RewardsService         : nearAttraction called with Franklin Park Zoo
2023-01-20T14:46:40.750+01:00  INFO 5134 --- [ool-3-thread-34] tourGuide.service.RewardsService         : nearAttraction called with Tiger Stadium
2023-01-20T14:46:40.750+01:00  INFO 5134 --- [ool-3-thread-30] tourGuide.service.RewardsService         : nearAttraction called with Neyland Stadium
2023-01-20T14:46:40.751+01:00  INFO 5134 --- [ool-3-thread-34] tourGuide.service.RewardsService         : getDistance called
2023-01-20T14:46:40.751+01:00  INFO 5134 --- [ool-3-thread-30] tourGuide.service.RewardsService         : getDistance called
2023-01-20T14:46:40.750+01:00  INFO 5134 --- [ool-3-thread-11] tourGuide.service.RewardsService         : nearAttraction called with San Diego Zoo
2023-01-20T14:46:40.751+01:00  INFO 5134 --- [ool-3-thread-30] tourGuide.service.RewardsService         : nearAttraction called with Bronx Zoo
2023-01-20T14:46:40.751+01:00  INFO 5134 --- [ool-3-thread-11] tourGuide.service.RewardsService         : getDistance called
2023-01-20T14:46:40.751+01:00  INFO 5134 --- [ool-3-thread-30] tourGuide.service.RewardsService         : getDistance called
2023-01-20T14:46:40.750+01:00  INFO 5134 --- [ool-3-thread-25] tourGuide.service.RewardsService         : getDistance called
2023-01-20T14:46:40.750+01:00  INFO 5134 --- [ool-3-thread-17] tourGuide.service.RewardsService         : nearAttraction called with Zoo Tampa at Lowry Park
2023-01-20T14:46:40.750+01:00  INFO 5134 --- [ool-3-thread-53] tourGuide.service.RewardsService         : nearAttraction called with Kansas City Zoo
2023-01-20T14:46:40.751+01:00  INFO 5134 --- [ool-3-thread-17] tourGuide.service.RewardsService         : getDistance called
2023-01-20T14:46:40.750+01:00  INFO 5134 --- [ool-3-thread-13] tourGuide.service.RewardsService         : nearAttraction called with Bronx Zoo
2023-01-20T14:46:40.751+01:00  INFO 5134 --- [ool-3-thread-17] tourGuide.service.RewardsService         : nearAttraction called with Mojave National Preserve
2023-01-20T14:46:40.751+01:00  INFO 5134 --- [ool-3-thread-13] tourGuide.service.RewardsService         : getDistance called
2023-01-20T14:46:40.750+01:00  INFO 5134 --- [ool-3-thread-63] tourGuide.service.RewardsService         : nearAttraction called with Disneyland
2023-01-20T14:46:40.750+01:00  INFO 5134 --- [pool-3-thread-2] tourGuide.service.RewardsService         : getDistance called
2023-01-20T14:46:40.750+01:00  INFO 5134 --- [ool-3-thread-66] tourGuide.service.RewardsService         : getDistance called
2023-01-20T14:46:40.752+01:00  INFO 5134 --- [pool-3-thread-2] tourGuide.service.RewardsService         : nearAttraction called with Buffalo National River
2023-01-20T14:46:40.750+01:00  INFO 5134 --- [ool-3-thread-27] tourGuide.service.RewardsService         : nearAttraction called with Jackson Hole
2023-01-20T14:46:40.750+01:00  INFO 5134 --- [ool-3-thread-37] tourGuide.service.RewardsService         : nearAttraction called with Joshua Tree National Park
2023-01-20T14:46:40.752+01:00  INFO 5134 --- [ool-3-thread-27] tourGuide.service.RewardsService         : getDistance called
2023-01-20T14:46:40.750+01:00  INFO 5134 --- [ool-3-thread-10] tourGuide.service.RewardsService         : nearAttraction called with Buffalo National River
2023-01-20T14:46:40.752+01:00  INFO 5134 --- [ool-3-thread-27] tourGuide.service.RewardsService         : nearAttraction called with Kartchner Caverns State Park
2023-01-20T14:46:40.752+01:00  INFO 5134 --- [ool-3-thread-10] tourGuide.service.RewardsService         : getDistance called
2023-01-20T14:46:40.752+01:00  INFO 5134 --- [ool-3-thread-27] tourGuide.service.RewardsService         : getDistance called
2023-01-20T14:46:40.751+01:00  INFO 5134 --- [ool-3-thread-18] tourGuide.service.RewardsService         : getDistance called
2023-01-20T14:46:40.752+01:00  INFO 5134 --- [ool-3-thread-27] tourGuide.service.RewardsService         : nearAttraction called with Flowers Bakery of London
2023-01-20T14:46:40.751+01:00  INFO 5134 --- [ool-3-thread-39] tourGuide.service.RewardsService         : getRewardPoints called with Disneyland and internalUser91
2023-01-20T14:46:40.751+01:00  INFO 5134 --- [ool-3-thread-22] tourGuide.service.RewardsService         : getDistance called
2023-01-20T14:46:40.751+01:00  INFO 5134 --- [ool-3-thread-67] tourGuide.service.RewardsService         : nearAttraction called with Legend Valley
2023-01-20T14:46:40.752+01:00  INFO 5134 --- [ool-3-thread-22] tourGuide.service.RewardsService         : nearAttraction called with Flatiron Building
2023-01-20T14:46:40.752+01:00  INFO 5134 --- [ool-3-thread-67] tourGuide.service.RewardsService         : getDistance called
2023-01-20T14:46:40.752+01:00  INFO 5134 --- [ool-3-thread-22] tourGuide.service.RewardsService         : getDistance called
2023-01-20T14:46:40.751+01:00  INFO 5134 --- [ool-3-thread-52] tourGuide.service.RewardsService         : nearAttraction called with McKinley Tower
2023-01-20T14:46:40.752+01:00  INFO 5134 --- [ool-3-thread-22] tourGuide.service.RewardsService         : nearAttraction called with Union Station
2023-01-20T14:46:40.751+01:00  INFO 5134 --- [pool-3-thread-5] tourGuide.service.RewardsService         : nearAttraction called with Fallingwater
2023-01-20T14:46:40.751+01:00  INFO 5134 --- [pool-3-thread-4] tourGuide.service.RewardsService         : getDistance called
2023-01-20T14:46:40.751+01:00  INFO 5134 --- [ool-3-thread-46] tourGuide.service.RewardsService         : nearAttraction called with Union Station
2023-01-20T14:46:40.752+01:00  INFO 5134 --- [pool-3-thread-4] tourGuide.service.RewardsService         : nearAttraction called with Roger Dean Stadium
2023-01-20T14:46:40.752+01:00  INFO 5134 --- [ool-3-thread-46] tourGuide.service.RewardsService         : getDistance called
2023-01-20T14:46:40.752+01:00  INFO 5134 --- [pool-3-thread-4] tourGuide.service.RewardsService         : getDistance called
2023-01-20T14:46:40.751+01:00  INFO 5134 --- [ool-3-thread-48] tourGuide.service.RewardsService         : nearAttraction called with Texas Memorial Stadium
2023-01-20T14:46:40.752+01:00  INFO 5134 --- [pool-3-thread-4] tourGuide.service.RewardsService         : nearAttraction called with Bryant-Denny Stadium
2023-01-20T14:46:40.751+01:00  INFO 5134 --- [ool-3-thread-42] tourGuide.service.RewardsService         : nearAttraction called with Tiger Stadium
2023-01-20T14:46:40.751+01:00  INFO 5134 --- [ool-3-thread-56] tourGuide.service.RewardsService         : nearAttraction called with Kyle Field
2023-01-20T14:46:40.751+01:00  INFO 5134 --- [ool-3-thread-62] tourGuide.service.RewardsService         : nearAttraction called with Zoo Tampa at Lowry Park
2023-01-20T14:46:40.752+01:00  INFO 5134 --- [ool-3-thread-56] tourGuide.service.RewardsService         : getDistance called
2023-01-20T14:46:40.752+01:00  INFO 5134 --- [ool-3-thread-62] tourGuide.service.RewardsService         : getDistance called
2023-01-20T14:46:40.751+01:00  INFO 5134 --- [ool-3-thread-55] tourGuide.service.RewardsService         : nearAttraction called with El Paso Zoo
2023-01-20T14:46:40.752+01:00  INFO 5134 --- [ool-3-thread-62] tourGuide.service.RewardsService         : nearAttraction called with Neyland Stadium
2023-01-20T14:46:40.752+01:00  INFO 5134 --- [ool-3-thread-55] tourGuide.service.RewardsService         : getDistance called
2023-01-20T14:46:40.752+01:00  INFO 5134 --- [ool-3-thread-62] tourGuide.service.RewardsService         : getDistance called
2023-01-20T14:46:40.751+01:00  INFO 5134 --- [ool-3-thread-40] tourGuide.service.RewardsService         : getDistance called
2023-01-20T14:46:40.752+01:00  INFO 5134 --- [ool-3-thread-62] tourGuide.service.RewardsService         : nearAttraction called with San Diego Zoo
2023-01-20T14:46:40.751+01:00  INFO 5134 --- [ool-3-thread-34] tourGuide.service.RewardsService         : nearAttraction called with Kansas City Zoo
2023-01-20T14:46:40.752+01:00  INFO 5134 --- [ool-3-thread-40] tourGuide.service.RewardsService         : nearAttraction called with Zoo Tampa at Lowry Park
2023-01-20T14:46:40.752+01:00  INFO 5134 --- [ool-3-thread-34] tourGuide.service.RewardsService         : getDistance called
2023-01-20T14:46:40.752+01:00  INFO 5134 --- [ool-3-thread-40] tourGuide.service.RewardsService         : getDistance called
2023-01-20T14:46:40.751+01:00  INFO 5134 --- [ool-3-thread-11] tourGuide.service.RewardsService         : nearAttraction called with Cinderella Castle
2023-01-20T14:46:40.752+01:00  INFO 5134 --- [ool-3-thread-40] tourGuide.service.RewardsService         : nearAttraction called with El Paso Zoo
2023-01-20T14:46:40.752+01:00  INFO 5134 --- [ool-3-thread-11] tourGuide.service.RewardsService         : getDistance called
2023-01-20T14:46:40.752+01:00  INFO 5134 --- [ool-3-thread-40] tourGuide.service.RewardsService         : getDistance called
2023-01-20T14:46:40.751+01:00  INFO 5134 --- [ool-3-thread-30] tourGuide.service.RewardsService         : nearAttraction called with Disneyland
2023-01-20T14:46:40.751+01:00  INFO 5134 --- [ool-3-thread-25] tourGuide.service.RewardsService         : nearAttraction called with Jackson Hole
2023-01-20T14:46:40.753+01:00  INFO 5134 --- [ool-3-thread-11] tourGuide.service.RewardsService         : nearAttraction called with Kansas City Zoo
2023-01-20T14:46:40.753+01:00  INFO 5134 --- [ool-3-thread-30] tourGuide.service.RewardsService         : getDistance called
2023-01-20T14:46:40.751+01:00  INFO 5134 --- [ool-3-thread-53] tourGuide.service.RewardsService         : getDistance called
2023-01-20T14:46:40.751+01:00  INFO 5134 --- [ool-3-thread-17] tourGuide.service.RewardsService         : getDistance called
2023-01-20T14:46:40.752+01:00  INFO 5134 --- [ool-3-thread-63] tourGuide.service.RewardsService         : getDistance called
2023-01-20T14:46:40.753+01:00  INFO 5134 --- [ool-3-thread-17] tourGuide.service.RewardsService         : nearAttraction called with Disneyland
2023-01-20T14:46:40.753+01:00  INFO 5134 --- [ool-3-thread-63] tourGuide.service.RewardsService         : getRewardPoints called with Disneyland and internalUser5
2023-01-20T14:46:40.753+01:00  INFO 5134 --- [ool-3-thread-17] tourGuide.service.RewardsService         : getDistance called
2023-01-20T14:46:40.752+01:00  INFO 5134 --- [ool-3-thread-13] tourGuide.service.RewardsService         : nearAttraction called with Joshua Tree National Park
2023-01-20T14:46:40.753+01:00  INFO 5134 --- [ool-3-thread-17] tourGuide.service.RewardsService         : getRewardPoints called with Disneyland and internalUser4
2023-01-20T14:46:40.752+01:00  INFO 5134 --- [ool-3-thread-66] tourGuide.service.RewardsService         : nearAttraction called with Hot Springs National Park
2023-01-20T14:46:40.752+01:00  INFO 5134 --- [pool-3-thread-2] tourGuide.service.RewardsService         : getDistance called
2023-01-20T14:46:40.753+01:00  INFO 5134 --- [ool-3-thread-66] tourGuide.service.RewardsService         : getDistance called
2023-01-20T14:46:40.752+01:00  INFO 5134 --- [ool-3-thread-37] tourGuide.service.RewardsService         : getDistance called
2023-01-20T14:46:40.752+01:00  INFO 5134 --- [ool-3-thread-10] tourGuide.service.RewardsService         : nearAttraction called with Legend Valley
2023-01-20T14:46:40.753+01:00  INFO 5134 --- [ool-3-thread-37] tourGuide.service.RewardsService         : nearAttraction called with Joshua Tree National Park
2023-01-20T14:46:40.752+01:00  INFO 5134 --- [ool-3-thread-18] tourGuide.service.RewardsService         : nearAttraction called with McKinley Tower
2023-01-20T14:46:40.753+01:00  INFO 5134 --- [ool-3-thread-37] tourGuide.service.RewardsService         : getDistance called
2023-01-20T14:46:40.752+01:00  INFO 5134 --- [ool-3-thread-27] tourGuide.service.RewardsService         : getDistance called
2023-01-20T14:46:40.753+01:00  INFO 5134 --- [ool-3-thread-18] tourGuide.service.RewardsService         : getDistance called
2023-01-20T14:46:40.752+01:00  INFO 5134 --- [ool-3-thread-67] tourGuide.service.RewardsService         : nearAttraction called with Fallingwater
2023-01-20T14:46:40.752+01:00  INFO 5134 --- [ool-3-thread-52] tourGuide.service.RewardsService         : getDistance called
2023-01-20T14:46:40.753+01:00  INFO 5134 --- [ool-3-thread-67] tourGuide.service.RewardsService         : getDistance called
2023-01-20T14:46:40.752+01:00  INFO 5134 --- [ool-3-thread-22] tourGuide.service.RewardsService         : getDistance called
2023-01-20T14:46:40.752+01:00  INFO 5134 --- [pool-3-thread-5] tourGuide.service.RewardsService         : getDistance called
2023-01-20T14:46:40.752+01:00  INFO 5134 --- [ool-3-thread-46] tourGuide.service.RewardsService         : nearAttraction called with Texas Memorial Stadium
2023-01-20T14:46:40.753+01:00  INFO 5134 --- [pool-3-thread-5] tourGuide.service.RewardsService         : nearAttraction called with Flatiron Building
2023-01-20T14:46:40.752+01:00  INFO 5134 --- [ool-3-thread-48] tourGuide.service.RewardsService         : getDistance called
2023-01-20T14:46:40.752+01:00  INFO 5134 --- [pool-3-thread-4] tourGuide.service.RewardsService         : getDistance called
2023-01-20T14:46:40.752+01:00  INFO 5134 --- [ool-3-thread-42] tourGuide.service.RewardsService         : getDistance called
2023-01-20T14:46:40.752+01:00  INFO 5134 --- [ool-3-thread-56] tourGuide.service.RewardsService         : nearAttraction called with Tiger Stadium
2023-01-20T14:46:40.752+01:00  INFO 5134 --- [ool-3-thread-55] tourGuide.service.RewardsService         : nearAttraction called with Kyle Field
2023-01-20T14:46:40.752+01:00  INFO 5134 --- [ool-3-thread-62] tourGuide.service.RewardsService         : getDistance called
2023-01-20T14:46:40.753+01:00  INFO 5134 --- [ool-3-thread-55] tourGuide.service.RewardsService         : getDistance called
2023-01-20T14:46:40.752+01:00  INFO 5134 --- [ool-3-thread-34] tourGuide.service.RewardsService         : nearAttraction called with Franklin Park Zoo
2023-01-20T14:46:40.753+01:00  INFO 5134 --- [ool-3-thread-62] tourGuide.service.RewardsService         : nearAttraction called with Texas Memorial Stadium
2023-01-20T14:46:40.753+01:00  INFO 5134 --- [ool-3-thread-40] tourGuide.service.RewardsService         : nearAttraction called with Bronx Zoo
2023-01-20T14:46:40.753+01:00  INFO 5134 --- [ool-3-thread-25] tourGuide.service.RewardsService         : getDistance called
2023-01-20T14:46:40.753+01:00  INFO 5134 --- [ool-3-thread-40] tourGuide.service.RewardsService         : getDistance called
2023-01-20T14:46:40.753+01:00  INFO 5134 --- [ool-3-thread-11] tourGuide.service.RewardsService         : getDistance called
2023-01-20T14:46:40.753+01:00  INFO 5134 --- [ool-3-thread-30] tourGuide.service.RewardsService         : getRewardPoints called with Disneyland and internalUser94
2023-01-20T14:46:40.753+01:00  INFO 5134 --- [ool-3-thread-53] tourGuide.service.RewardsService         : nearAttraction called with Cinderella Castle
2023-01-20T14:46:40.753+01:00  INFO 5134 --- [ool-3-thread-13] tourGuide.service.RewardsService         : getDistance called
2023-01-20T14:46:40.753+01:00  INFO 5134 --- [ool-3-thread-53] tourGuide.service.RewardsService         : getDistance called
2023-01-20T14:46:40.753+01:00  INFO 5134 --- [pool-3-thread-2] tourGuide.service.RewardsService         : nearAttraction called with Jackson Hole
2023-01-20T14:46:40.753+01:00  INFO 5134 --- [ool-3-thread-53] tourGuide.service.RewardsService         : nearAttraction called with Zoo Tampa at Lowry Park
2023-01-20T14:46:40.753+01:00  INFO 5134 --- [pool-3-thread-2] tourGuide.service.RewardsService         : getDistance called
2023-01-20T14:46:40.753+01:00  INFO 5134 --- [ool-3-thread-53] tourGuide.service.RewardsService         : getDistance called
2023-01-20T14:46:40.753+01:00  INFO 5134 --- [ool-3-thread-66] tourGuide.service.RewardsService         : nearAttraction called with Mojave National Preserve
2023-01-20T14:46:40.753+01:00  INFO 5134 --- [ool-3-thread-10] tourGuide.service.RewardsService         : getDistance called
2023-01-20T14:46:40.753+01:00  INFO 5134 --- [ool-3-thread-37] tourGuide.service.RewardsService         : nearAttraction called with Buffalo National River
2023-01-20T14:46:40.754+01:00  INFO 5134 --- [pool-3-thread-2] tourGuide.service.RewardsService         : nearAttraction called with Franklin Park Zoo
2023-01-20T14:46:40.753+01:00  INFO 5134 --- [ool-3-thread-27] tourGuide.service.RewardsService         : nearAttraction called with Hot Springs National Park
2023-01-20T14:46:40.754+01:00  INFO 5134 --- [ool-3-thread-37] tourGuide.service.RewardsService         : getDistance called
2023-01-20T14:46:40.753+01:00  INFO 5134 --- [ool-3-thread-18] tourGuide.service.RewardsService         : nearAttraction called with Kartchner Caverns State Park
2023-01-20T14:46:40.754+01:00  INFO 5134 --- [ool-3-thread-37] tourGuide.service.RewardsService         : nearAttraction called with Bronx Zoo
2023-01-20T14:46:40.754+01:00  INFO 5134 --- [ool-3-thread-18] tourGuide.service.RewardsService         : getDistance called
2023-01-20T14:46:40.753+01:00  INFO 5134 --- [ool-3-thread-52] tourGuide.service.RewardsService         : nearAttraction called with Legend Valley
2023-01-20T14:46:40.754+01:00  INFO 5134 --- [ool-3-thread-18] tourGuide.service.RewardsService         : nearAttraction called with Cinderella Castle
2023-01-20T14:46:40.754+01:00  INFO 5134 --- [ool-3-thread-52] tourGuide.service.RewardsService         : getDistance called
2023-01-20T14:46:40.754+01:00  INFO 5134 --- [ool-3-thread-18] tourGuide.service.RewardsService         : getDistance called
2023-01-20T14:46:40.753+01:00  INFO 5134 --- [ool-3-thread-67] tourGuide.service.RewardsService         : nearAttraction called with Flowers Bakery of London
2023-01-20T14:46:40.754+01:00  INFO 5134 --- [ool-3-thread-52] tourGuide.service.RewardsService         : nearAttraction called with Disneyland
2023-01-20T14:46:40.753+01:00  INFO 5134 --- [ool-3-thread-22] tourGuide.service.RewardsService         : nearAttraction called with McKinley Tower
2023-01-20T14:46:40.753+01:00  INFO 5134 --- [ool-3-thread-46] tourGuide.service.RewardsService         : getDistance called
2023-01-20T14:46:40.754+01:00  INFO 5134 --- [ool-3-thread-22] tourGuide.service.RewardsService         : getDistance called
2023-01-20T14:46:40.753+01:00  INFO 5134 --- [pool-3-thread-5] tourGuide.service.RewardsService         : getDistance called
2023-01-20T14:46:40.754+01:00  INFO 5134 --- [ool-3-thread-22] tourGuide.service.RewardsService         : nearAttraction called with Joshua Tree National Park
2023-01-20T14:46:40.754+01:00  INFO 5134 --- [pool-3-thread-5] tourGuide.service.RewardsService         : nearAttraction called with Buffalo National River
2023-01-20T14:46:40.753+01:00  INFO 5134 --- [ool-3-thread-48] tourGuide.service.RewardsService         : nearAttraction called with Fallingwater
2023-01-20T14:46:40.753+01:00  INFO 5134 --- [pool-3-thread-4] tourGuide.service.RewardsService         : nearAttraction called with Union Station
2023-01-20T14:46:40.753+01:00  INFO 5134 --- [ool-3-thread-42] tourGuide.service.RewardsService         : nearAttraction called with Roger Dean Stadium
2023-01-20T14:46:40.754+01:00  INFO 5134 --- [pool-3-thread-4] tourGuide.service.RewardsService         : getDistance called
2023-01-20T14:46:40.754+01:00  INFO 5134 --- [ool-3-thread-42] tourGuide.service.RewardsService         : getDistance called
2023-01-20T14:46:40.753+01:00  INFO 5134 --- [ool-3-thread-56] tourGuide.service.RewardsService         : getDistance called
2023-01-20T14:46:40.754+01:00  INFO 5134 --- [ool-3-thread-42] tourGuide.service.RewardsService         : nearAttraction called with Kartchner Caverns State Park
2023-01-20T14:46:40.753+01:00  INFO 5134 --- [ool-3-thread-55] tourGuide.service.RewardsService         : nearAttraction called with Bryant-Denny Stadium
2023-01-20T14:46:40.753+01:00  INFO 5134 --- [ool-3-thread-34] tourGuide.service.RewardsService         : getDistance called
2023-01-20T14:46:40.753+01:00  INFO 5134 --- [ool-3-thread-62] tourGuide.service.RewardsService         : getDistance called
2023-01-20T14:46:40.753+01:00  INFO 5134 --- [ool-3-thread-25] tourGuide.service.RewardsService         : nearAttraction called with Tiger Stadium
2023-01-20T14:46:40.754+01:00  INFO 5134 --- [ool-3-thread-62] tourGuide.service.RewardsService         : nearAttraction called with McKinley Tower
2023-01-20T14:46:40.753+01:00  INFO 5134 --- [ool-3-thread-40] tourGuide.service.RewardsService         : nearAttraction called with Neyland Stadium
2023-01-20T14:46:40.753+01:00  INFO 5134 --- [ool-3-thread-11] tourGuide.service.RewardsService         : nearAttraction called with Kyle Field
2023-01-20T14:46:40.753+01:00  INFO 5134 --- [ool-3-thread-13] tourGuide.service.RewardsService         : nearAttraction called with San Diego Zoo
2023-01-20T14:46:40.754+01:00  INFO 5134 --- [ool-3-thread-11] tourGuide.service.RewardsService         : getDistance called
2023-01-20T14:46:40.754+01:00  INFO 5134 --- [ool-3-thread-53] tourGuide.service.RewardsService         : nearAttraction called with El Paso Zoo
2023-01-20T14:46:40.754+01:00  INFO 5134 --- [ool-3-thread-66] tourGuide.service.RewardsService         : getDistance called
2023-01-20T14:46:40.754+01:00  INFO 5134 --- [ool-3-thread-10] tourGuide.service.RewardsService         : nearAttraction called with Kansas City Zoo
2023-01-20T14:46:40.754+01:00  INFO 5134 --- [pool-3-thread-2] tourGuide.service.RewardsService         : getDistance called
2023-01-20T14:46:40.754+01:00  INFO 5134 --- [ool-3-thread-27] tourGuide.service.RewardsService         : getDistance called
2023-01-20T14:46:40.754+01:00  INFO 5134 --- [ool-3-thread-37] tourGuide.service.RewardsService         : getDistance called
2023-01-20T14:46:40.754+01:00  INFO 5134 --- [ool-3-thread-27] tourGuide.service.RewardsService         : nearAttraction called with Roger Dean Stadium
2023-01-20T14:46:40.754+01:00  INFO 5134 --- [ool-3-thread-18] tourGuide.service.RewardsService         : nearAttraction called with Jackson Hole
2023-01-20T14:46:40.754+01:00  INFO 5134 --- [ool-3-thread-67] tourGuide.service.RewardsService         : getDistance called
2023-01-20T14:46:40.754+01:00  INFO 5134 --- [ool-3-thread-52] tourGuide.service.RewardsService         : getDistance called
2023-01-20T14:46:40.755+01:00  INFO 5134 --- [ool-3-thread-18] tourGuide.service.RewardsService         : getDistance called
2023-01-20T14:46:40.754+01:00  INFO 5134 --- [ool-3-thread-46] tourGuide.service.RewardsService         : nearAttraction called with Mojave National Preserve
2023-01-20T14:46:40.754+01:00  INFO 5134 --- [ool-3-thread-22] tourGuide.service.RewardsService         : getDistance called
2023-01-20T14:46:40.755+01:00  INFO 5134 --- [ool-3-thread-46] tourGuide.service.RewardsService         : getDistance called
2023-01-20T14:46:40.754+01:00  INFO 5134 --- [pool-3-thread-5] tourGuide.service.RewardsService         : getDistance called
2023-01-20T14:46:40.755+01:00  INFO 5134 --- [ool-3-thread-46] tourGuide.service.RewardsService         : nearAttraction called with Kyle Field
2023-01-20T14:46:40.754+01:00  INFO 5134 --- [ool-3-thread-48] tourGuide.service.RewardsService         : getDistance called
2023-01-20T14:46:40.754+01:00  INFO 5134 --- [pool-3-thread-4] tourGuide.service.RewardsService         : nearAttraction called with Hot Springs National Park
2023-01-20T14:46:40.754+01:00  INFO 5134 --- [ool-3-thread-56] tourGuide.service.RewardsService         : nearAttraction called with Legend Valley
2023-01-20T14:46:40.754+01:00  INFO 5134 --- [ool-3-thread-42] tourGuide.service.RewardsService         : getDistance called
2023-01-20T14:46:40.755+01:00  INFO 5134 --- [ool-3-thread-56] tourGuide.service.RewardsService         : getDistance called
2023-01-20T14:46:40.754+01:00  INFO 5134 --- [ool-3-thread-55] tourGuide.service.RewardsService         : getDistance called
2023-01-20T14:46:40.754+01:00  INFO 5134 --- [ool-3-thread-34] tourGuide.service.RewardsService         : nearAttraction called with Flowers Bakery of London
2023-01-20T14:46:40.754+01:00  INFO 5134 --- [ool-3-thread-25] tourGuide.service.RewardsService         : getDistance called
2023-01-20T14:46:40.755+01:00  INFO 5134 --- [ool-3-thread-34] tourGuide.service.RewardsService         : getDistance called
2023-01-20T14:46:40.754+01:00  INFO 5134 --- [ool-3-thread-62] tourGuide.service.RewardsService         : getDistance called
2023-01-20T14:46:40.755+01:00  INFO 5134 --- [ool-3-thread-34] tourGuide.service.RewardsService         : nearAttraction called with Cinderella Castle
2023-01-20T14:46:40.754+01:00  INFO 5134 --- [ool-3-thread-40] tourGuide.service.RewardsService         : getDistance called
2023-01-20T14:46:40.754+01:00  INFO 5134 --- [ool-3-thread-13] tourGuide.service.RewardsService         : getDistance called
2023-01-20T14:46:40.754+01:00  INFO 5134 --- [ool-3-thread-11] tourGuide.service.RewardsService         : nearAttraction called with Flatiron Building
2023-01-20T14:46:40.755+01:00  INFO 5134 --- [ool-3-thread-13] tourGuide.service.RewardsService         : nearAttraction called with Mojave National Preserve
2023-01-20T14:46:40.754+01:00  INFO 5134 --- [ool-3-thread-53] tourGuide.service.RewardsService         : getDistance called
2023-01-20T14:46:40.754+01:00  INFO 5134 --- [ool-3-thread-66] tourGuide.service.RewardsService         : nearAttraction called with Fallingwater
2023-01-20T14:46:40.754+01:00  INFO 5134 --- [ool-3-thread-10] tourGuide.service.RewardsService         : getDistance called
2023-01-20T14:46:40.755+01:00  INFO 5134 --- [ool-3-thread-66] tourGuide.service.RewardsService         : getDistance called
2023-01-20T14:46:40.754+01:00  INFO 5134 --- [pool-3-thread-2] tourGuide.service.RewardsService         : nearAttraction called with Union Station
2023-01-20T14:46:40.755+01:00  INFO 5134 --- [ool-3-thread-66] tourGuide.service.RewardsService         : nearAttraction called with Hot Springs National Park
2023-01-20T14:46:40.755+01:00  INFO 5134 --- [pool-3-thread-2] tourGuide.service.RewardsService         : getDistance called
2023-01-20T14:46:40.754+01:00  INFO 5134 --- [ool-3-thread-37] tourGuide.service.RewardsService         : nearAttraction called with Texas Memorial Stadium
2023-01-20T14:46:40.754+01:00  INFO 5134 --- [ool-3-thread-27] tourGuide.service.RewardsService         : getDistance called
2023-01-20T14:46:40.755+01:00  INFO 5134 --- [ool-3-thread-67] tourGuide.service.RewardsService         : nearAttraction called with Bryant-Denny Stadium
2023-01-20T14:46:40.755+01:00  INFO 5134 --- [ool-3-thread-52] tourGuide.service.RewardsService         : getRewardPoints called with Disneyland and internalUser93
2023-01-20T14:46:40.755+01:00  INFO 5134 --- [ool-3-thread-18] tourGuide.service.RewardsService         : nearAttraction called with Tiger Stadium
2023-01-20T14:46:40.755+01:00  INFO 5134 --- [ool-3-thread-22] tourGuide.service.RewardsService         : nearAttraction called with Neyland Stadium
2023-01-20T14:46:40.755+01:00  INFO 5134 --- [pool-3-thread-5] tourGuide.service.RewardsService         : nearAttraction called with San Diego Zoo
2023-01-20T14:46:40.755+01:00  INFO 5134 --- [ool-3-thread-22] tourGuide.service.RewardsService         : getDistance called
2023-01-20T14:46:40.755+01:00  INFO 5134 --- [pool-3-thread-5] tourGuide.service.RewardsService         : getDistance called
2023-01-20T14:46:40.755+01:00  INFO 5134 --- [ool-3-thread-46] tourGuide.service.RewardsService         : getDistance called
2023-01-20T14:46:40.755+01:00  INFO 5134 --- [ool-3-thread-22] tourGuide.service.RewardsService         : nearAttraction called with Flowers Bakery of London
2023-01-20T14:46:40.755+01:00  INFO 5134 --- [ool-3-thread-48] tourGuide.service.RewardsService         : nearAttraction called with Zoo Tampa at Lowry Park
2023-01-20T14:46:40.755+01:00  INFO 5134 --- [ool-3-thread-22] tourGuide.service.RewardsService         : getDistance called
2023-01-20T14:46:40.755+01:00  INFO 5134 --- [pool-3-thread-4] tourGuide.service.RewardsService         : getDistance called
2023-01-20T14:46:40.755+01:00  INFO 5134 --- [ool-3-thread-22] tourGuide.service.RewardsService         : nearAttraction called with Fallingwater
2023-01-20T14:46:40.755+01:00  INFO 5134 --- [ool-3-thread-42] tourGuide.service.RewardsService         : nearAttraction called with Franklin Park Zoo
2023-01-20T14:46:40.755+01:00  INFO 5134 --- [ool-3-thread-56] tourGuide.service.RewardsService         : nearAttraction called with El Paso Zoo
2023-01-20T14:46:40.755+01:00  INFO 5134 --- [ool-3-thread-55] tourGuide.service.RewardsService         : nearAttraction called with Kansas City Zoo
2023-01-20T14:46:40.756+01:00  INFO 5134 --- [ool-3-thread-42] tourGuide.service.RewardsService         : getDistance called
2023-01-20T14:46:40.756+01:00  INFO 5134 --- [ool-3-thread-55] tourGuide.service.RewardsService         : getDistance called
2023-01-20T14:46:40.755+01:00  INFO 5134 --- [ool-3-thread-25] tourGuide.service.RewardsService         : nearAttraction called with Bronx Zoo
2023-01-20T14:46:40.755+01:00  INFO 5134 --- [ool-3-thread-62] tourGuide.service.RewardsService         : nearAttraction called with Disneyland
2023-01-20T14:46:40.756+01:00  INFO 5134 --- [ool-3-thread-25] tourGuide.service.RewardsService         : getDistance called
2023-01-20T14:46:40.755+01:00  INFO 5134 --- [ool-3-thread-34] tourGuide.service.RewardsService         : getDistance called
2023-01-20T14:46:40.755+01:00  INFO 5134 --- [ool-3-thread-40] tourGuide.service.RewardsService         : nearAttraction called with Jackson Hole
2023-01-20T14:46:40.756+01:00  INFO 5134 --- [ool-3-thread-34] tourGuide.service.RewardsService         : nearAttraction called with Tiger Stadium
2023-01-20T14:46:40.755+01:00  INFO 5134 --- [ool-3-thread-11] tourGuide.service.RewardsService         : getDistance called
2023-01-20T14:46:40.755+01:00  INFO 5134 --- [ool-3-thread-13] tourGuide.service.RewardsService         : getDistance called
2023-01-20T14:46:40.755+01:00  INFO 5134 --- [ool-3-thread-53] tourGuide.service.RewardsService         : nearAttraction called with Joshua Tree National Park
2023-01-20T14:46:40.755+01:00  INFO 5134 --- [ool-3-thread-10] tourGuide.service.RewardsService         : nearAttraction called with Buffalo National River
2023-01-20T14:46:40.756+01:00  INFO 5134 --- [ool-3-thread-53] tourGuide.service.RewardsService         : getDistance called
2023-01-20T14:46:40.755+01:00  INFO 5134 --- [ool-3-thread-66] tourGuide.service.RewardsService         : getDistance called
2023-01-20T14:46:40.756+01:00  INFO 5134 --- [ool-3-thread-53] tourGuide.service.RewardsService         : nearAttraction called with San Diego Zoo
2023-01-20T14:46:40.755+01:00  INFO 5134 --- [pool-3-thread-2] tourGuide.service.RewardsService         : nearAttraction called with Kartchner Caverns State Park
2023-01-20T14:46:40.755+01:00  INFO 5134 --- [ool-3-thread-37] tourGuide.service.RewardsService         : getDistance called
2023-01-20T14:46:40.756+01:00  INFO 5134 --- [pool-3-thread-2] tourGuide.service.RewardsService         : getDistance called
2023-01-20T14:46:40.755+01:00  INFO 5134 --- [ool-3-thread-27] tourGuide.service.RewardsService         : nearAttraction called with Legend Valley
2023-01-20T14:46:40.755+01:00  INFO 5134 --- [ool-3-thread-67] tourGuide.service.RewardsService         : getDistance called
2023-01-20T14:46:40.756+01:00  INFO 5134 --- [ool-3-thread-27] tourGuide.service.RewardsService         : getDistance called
2023-01-20T14:46:40.755+01:00  INFO 5134 --- [ool-3-thread-18] tourGuide.service.RewardsService         : getDistance called
2023-01-20T14:46:40.756+01:00  INFO 5134 --- [ool-3-thread-67] tourGuide.service.RewardsService         : nearAttraction called with Kansas City Zoo
2023-01-20T14:46:40.756+01:00  INFO 5134 --- [ool-3-thread-27] tourGuide.service.RewardsService         : nearAttraction called with Bronx Zoo
2023-01-20T14:46:40.756+01:00  INFO 5134 --- [ool-3-thread-18] tourGuide.service.RewardsService         : nearAttraction called with Cinderella Castle
2023-01-20T14:46:40.756+01:00  INFO 5134 --- [ool-3-thread-27] tourGuide.service.RewardsService         : getDistance called
2023-01-20T14:46:40.756+01:00  INFO 5134 --- [ool-3-thread-18] tourGuide.service.RewardsService         : getDistance called
2023-01-20T14:46:40.755+01:00  INFO 5134 --- [pool-3-thread-5] tourGuide.service.RewardsService         : nearAttraction called with McKinley Tower
2023-01-20T14:46:40.756+01:00  INFO 5134 --- [ool-3-thread-18] tourGuide.service.RewardsService         : nearAttraction called with Jackson Hole
2023-01-20T14:46:40.755+01:00  INFO 5134 --- [ool-3-thread-46] tourGuide.service.RewardsService         : nearAttraction called with Flatiron Building
2023-01-20T14:46:40.755+01:00  INFO 5134 --- [ool-3-thread-48] tourGuide.service.RewardsService         : getDistance called
2023-01-20T14:46:40.756+01:00  INFO 5134 --- [ool-3-thread-46] tourGuide.service.RewardsService         : getDistance called
2023-01-20T14:46:40.755+01:00  INFO 5134 --- [pool-3-thread-4] tourGuide.service.RewardsService         : nearAttraction called with Union Station
2023-01-20T14:46:40.756+01:00  INFO 5134 --- [ool-3-thread-46] tourGuide.service.RewardsService         : nearAttraction called with Joshua Tree National Park
2023-01-20T14:46:40.755+01:00  INFO 5134 --- [ool-3-thread-22] tourGuide.service.RewardsService         : getDistance called
2023-01-20T14:46:40.756+01:00  INFO 5134 --- [ool-3-thread-56] tourGuide.service.RewardsService         : getDistance called
2023-01-20T14:46:40.756+01:00  INFO 5134 --- [ool-3-thread-42] tourGuide.service.RewardsService         : nearAttraction called with Roger Dean Stadium
2023-01-20T14:46:40.756+01:00  INFO 5134 --- [ool-3-thread-56] tourGuide.service.RewardsService         : nearAttraction called with Hot Springs National Park
2023-01-20T14:46:40.756+01:00  INFO 5134 --- [ool-3-thread-42] tourGuide.service.RewardsService         : getDistance called
2023-01-20T14:46:40.756+01:00  INFO 5134 --- [ool-3-thread-56] tourGuide.service.RewardsService         : getDistance called
2023-01-20T14:46:40.756+01:00  INFO 5134 --- [ool-3-thread-55] tourGuide.service.RewardsService         : nearAttraction called with Texas Memorial Stadium
2023-01-20T14:46:40.756+01:00  INFO 5134 --- [ool-3-thread-56] tourGuide.service.RewardsService         : nearAttraction called with Legend Valley
2023-01-20T14:46:40.756+01:00  INFO 5134 --- [ool-3-thread-55] tourGuide.service.RewardsService         : getDistance called
2023-01-20T14:46:40.756+01:00  INFO 5134 --- [ool-3-thread-62] tourGuide.service.RewardsService         : getDistance called
2023-01-20T14:46:40.756+01:00  INFO 5134 --- [ool-3-thread-25] tourGuide.service.RewardsService         : nearAttraction called with Bryant-Denny Stadium
2023-01-20T14:46:40.757+01:00  INFO 5134 --- [ool-3-thread-62] tourGuide.service.RewardsService         : getRewardPoints called with Disneyland and internalUser27
2023-01-20T14:46:40.757+01:00  INFO 5134 --- [ool-3-thread-25] tourGuide.service.RewardsService         : getDistance called
2023-01-20T14:46:40.756+01:00  INFO 5134 --- [ool-3-thread-40] tourGuide.service.RewardsService         : getDistance called
2023-01-20T14:46:40.757+01:00  INFO 5134 --- [ool-3-thread-25] tourGuide.service.RewardsService         : nearAttraction called with McKinley Tower
2023-01-20T14:46:40.756+01:00  INFO 5134 --- [ool-3-thread-34] tourGuide.service.RewardsService         : getDistance called
2023-01-20T14:46:40.757+01:00  INFO 5134 --- [ool-3-thread-25] tourGuide.service.RewardsService         : getDistance called
2023-01-20T14:46:40.756+01:00  INFO 5134 --- [ool-3-thread-11] tourGuide.service.RewardsService         : nearAttraction called with Neyland Stadium
2023-01-20T14:46:40.756+01:00  INFO 5134 --- [ool-3-thread-13] tourGuide.service.RewardsService         : nearAttraction called with Kyle Field
2023-01-20T14:46:40.756+01:00  INFO 5134 --- [ool-3-thread-10] tourGuide.service.RewardsService         : getDistance called
2023-01-20T14:46:40.757+01:00  INFO 5134 --- [ool-3-thread-13] tourGuide.service.RewardsService         : getDistance called
2023-01-20T14:46:40.756+01:00  INFO 5134 --- [ool-3-thread-66] tourGuide.service.RewardsService         : nearAttraction called with Zoo Tampa at Lowry Park
2023-01-20T14:46:40.757+01:00  INFO 5134 --- [ool-3-thread-13] tourGuide.service.RewardsService         : nearAttraction called with Texas Memorial Stadium
2023-01-20T14:46:40.757+01:00  INFO 5134 --- [ool-3-thread-66] tourGuide.service.RewardsService         : getDistance called
2023-01-20T14:46:40.757+01:00  INFO 5134 --- [ool-3-thread-13] tourGuide.service.RewardsService         : getDistance called
2023-01-20T14:46:40.756+01:00  INFO 5134 --- [ool-3-thread-53] tourGuide.service.RewardsService         : getDistance called
2023-01-20T14:46:40.757+01:00  INFO 5134 --- [ool-3-thread-13] tourGuide.service.RewardsService         : nearAttraction called with Tiger Stadium
2023-01-20T14:46:40.756+01:00  INFO 5134 --- [ool-3-thread-37] tourGuide.service.RewardsService         : nearAttraction called with Franklin Park Zoo
2023-01-20T14:46:40.757+01:00  INFO 5134 --- [ool-3-thread-53] tourGuide.service.RewardsService         : nearAttraction called with Neyland Stadium
2023-01-20T14:46:40.757+01:00  INFO 5134 --- [ool-3-thread-37] tourGuide.service.RewardsService         : getDistance called
2023-01-20T14:46:40.757+01:00  INFO 5134 --- [ool-3-thread-53] tourGuide.service.RewardsService         : getDistance called
2023-01-20T14:46:40.756+01:00  INFO 5134 --- [pool-3-thread-2] tourGuide.service.RewardsService         : nearAttraction called with El Paso Zoo
2023-01-20T14:46:40.757+01:00  INFO 5134 --- [ool-3-thread-37] tourGuide.service.RewardsService         : nearAttraction called with Kyle Field
2023-01-20T14:46:40.756+01:00  INFO 5134 --- [ool-3-thread-67] tourGuide.service.RewardsService         : getDistance called
2023-01-20T14:46:40.757+01:00  INFO 5134 --- [ool-3-thread-37] tourGuide.service.RewardsService         : getDistance called
2023-01-20T14:46:40.756+01:00  INFO 5134 --- [ool-3-thread-27] tourGuide.service.RewardsService         : nearAttraction called with Disneyland
2023-01-20T14:46:40.757+01:00  INFO 5134 --- [pool-3-thread-2] tourGuide.service.RewardsService         : getDistance called
2023-01-20T14:46:40.757+01:00  INFO 5134 --- [ool-3-thread-27] tourGuide.service.RewardsService         : getDistance called
2023-01-20T14:46:40.756+01:00  INFO 5134 --- [pool-3-thread-5] tourGuide.service.RewardsService         : getDistance called
2023-01-20T14:46:40.757+01:00  INFO 5134 --- [ool-3-thread-27] tourGuide.service.RewardsService         : getRewardPoints called with Disneyland and internalUser26
2023-01-20T14:46:40.757+01:00  INFO 5134 --- [pool-3-thread-5] tourGuide.service.RewardsService         : nearAttraction called with Kansas City Zoo
2023-01-20T14:46:40.756+01:00  INFO 5134 --- [ool-3-thread-18] tourGuide.service.RewardsService         : getDistance called
2023-01-20T14:46:40.756+01:00  INFO 5134 --- [ool-3-thread-48] tourGuide.service.RewardsService         : nearAttraction called with Mojave National Preserve
2023-01-20T14:46:40.757+01:00  INFO 5134 --- [ool-3-thread-18] tourGuide.service.RewardsService         : nearAttraction called with Bronx Zoo
2023-01-20T14:46:40.757+01:00  INFO 5134 --- [ool-3-thread-48] tourGuide.service.RewardsService         : getDistance called
2023-01-20T14:46:40.757+01:00  INFO 5134 --- [ool-3-thread-18] tourGuide.service.RewardsService         : getDistance called
2023-01-20T14:46:40.756+01:00  INFO 5134 --- [pool-3-thread-4] tourGuide.service.RewardsService         : getDistance called
2023-01-20T14:46:40.757+01:00  INFO 5134 --- [ool-3-thread-48] tourGuide.service.RewardsService         : nearAttraction called with Cinderella Castle
2023-01-20T14:46:40.756+01:00  INFO 5134 --- [ool-3-thread-46] tourGuide.service.RewardsService         : getDistance called
2023-01-20T14:46:40.757+01:00  INFO 5134 --- [ool-3-thread-48] tourGuide.service.RewardsService         : getDistance called
2023-01-20T14:46:40.756+01:00  INFO 5134 --- [ool-3-thread-22] tourGuide.service.RewardsService         : nearAttraction called with Buffalo National River
2023-01-20T14:46:40.756+01:00  INFO 5134 --- [ool-3-thread-42] tourGuide.service.RewardsService         : nearAttraction called with Kartchner Caverns State Park
2023-01-20T14:46:40.757+01:00  INFO 5134 --- [ool-3-thread-22] tourGuide.service.RewardsService         : getDistance called
2023-01-20T14:46:40.756+01:00  INFO 5134 --- [ool-3-thread-56] tourGuide.service.RewardsService         : getDistance called
2023-01-20T14:46:40.757+01:00  INFO 5134 --- [ool-3-thread-55] tourGuide.service.RewardsService         : nearAttraction called with Flowers Bakery of London
2023-01-20T14:46:40.758+01:00  INFO 5134 --- [ool-3-thread-22] tourGuide.service.RewardsService         : nearAttraction called with Buffalo National River
2023-01-20T14:46:40.757+01:00  INFO 5134 --- [ool-3-thread-40] tourGuide.service.RewardsService         : nearAttraction called with Flatiron Building
2023-01-20T14:46:40.757+01:00  INFO 5134 --- [ool-3-thread-34] tourGuide.service.RewardsService         : nearAttraction called with Fallingwater
2023-01-20T14:46:40.757+01:00  INFO 5134 --- [ool-3-thread-25] tourGuide.service.RewardsService         : nearAttraction called with Union Station
2023-01-20T14:46:40.758+01:00  INFO 5134 --- [ool-3-thread-34] tourGuide.service.RewardsService         : getDistance called
2023-01-20T14:46:40.758+01:00  INFO 5134 --- [ool-3-thread-25] tourGuide.service.RewardsService         : getDistance called
2023-01-20T14:46:40.757+01:00  INFO 5134 --- [ool-3-thread-11] tourGuide.service.RewardsService         : getDistance called
2023-01-20T14:46:40.758+01:00  INFO 5134 --- [ool-3-thread-25] tourGuide.service.RewardsService         : nearAttraction called with Legend Valley
2023-01-20T14:46:40.758+01:00  INFO 5134 --- [ool-3-thread-11] tourGuide.service.RewardsService         : nearAttraction called with Flowers Bakery of London
2023-01-20T14:46:40.757+01:00  INFO 5134 --- [ool-3-thread-10] tourGuide.service.RewardsService         : nearAttraction called with Roger Dean Stadium
2023-01-20T14:46:40.757+01:00  INFO 5134 --- [ool-3-thread-66] tourGuide.service.RewardsService         : nearAttraction called with Bryant-Denny Stadium
2023-01-20T14:46:40.758+01:00  INFO 5134 --- [ool-3-thread-10] tourGuide.service.RewardsService         : getDistance called
2023-01-20T14:46:40.757+01:00  INFO 5134 --- [ool-3-thread-13] tourGuide.service.RewardsService         : getDistance called
2023-01-20T14:46:40.757+01:00  INFO 5134 --- [ool-3-thread-53] tourGuide.service.RewardsService         : nearAttraction called with San Diego Zoo
2023-01-20T14:46:40.758+01:00  INFO 5134 --- [ool-3-thread-13] tourGuide.service.RewardsService         : nearAttraction called with Flatiron Building
2023-01-20T14:46:40.758+01:00  INFO 5134 --- [ool-3-thread-53] tourGuide.service.RewardsService         : getDistance called
2023-01-20T14:46:40.757+01:00  INFO 5134 --- [ool-3-thread-67] tourGuide.service.RewardsService         : nearAttraction called with Zoo Tampa at Lowry Park
2023-01-20T14:46:40.758+01:00  INFO 5134 --- [ool-3-thread-53] tourGuide.service.RewardsService         : nearAttraction called with Fallingwater
2023-01-20T14:46:40.757+01:00  INFO 5134 --- [ool-3-thread-37] tourGuide.service.RewardsService         : nearAttraction called with Franklin Park Zoo
2023-01-20T14:46:40.757+01:00  INFO 5134 --- [pool-3-thread-2] tourGuide.service.RewardsService         : nearAttraction called with El Paso Zoo
2023-01-20T14:46:40.757+01:00  INFO 5134 --- [pool-3-thread-5] tourGuide.service.RewardsService         : getDistance called
2023-01-20T14:46:40.757+01:00  INFO 5134 --- [ool-3-thread-18] tourGuide.service.RewardsService         : nearAttraction called with Disneyland
2023-01-20T14:46:40.757+01:00  INFO 5134 --- [pool-3-thread-4] tourGuide.service.RewardsService         : nearAttraction called with Jackson Hole
2023-01-20T14:46:40.758+01:00  INFO 5134 --- [ool-3-thread-18] tourGuide.service.RewardsService         : getDistance called
2023-01-20T14:46:40.757+01:00  INFO 5134 --- [ool-3-thread-48] tourGuide.service.RewardsService         : nearAttraction called with Joshua Tree National Park
2023-01-20T14:46:40.758+01:00  INFO 5134 --- [ool-3-thread-18] tourGuide.service.RewardsService         : getRewardPoints called with Disneyland and internalUser29
2023-01-20T14:46:40.758+01:00  INFO 5134 --- [ool-3-thread-48] tourGuide.service.RewardsService         : getDistance called
2023-01-20T14:46:40.757+01:00  INFO 5134 --- [ool-3-thread-46] tourGuide.service.RewardsService         : nearAttraction called with Mojave National Preserve
2023-01-20T14:46:40.758+01:00  INFO 5134 --- [ool-3-thread-48] tourGuide.service.RewardsService         : nearAttraction called with Roger Dean Stadium
2023-01-20T14:46:40.758+01:00  INFO 5134 --- [ool-3-thread-42] tourGuide.service.RewardsService         : getDistance called
2023-01-20T14:46:40.758+01:00  INFO 5134 --- [ool-3-thread-56] tourGuide.service.RewardsService         : nearAttraction called with Hot Springs National Park
2023-01-20T14:46:40.758+01:00  INFO 5134 --- [ool-3-thread-42] tourGuide.service.RewardsService         : nearAttraction called with Texas Memorial Stadium
2023-01-20T14:46:40.758+01:00  INFO 5134 --- [ool-3-thread-56] tourGuide.service.RewardsService         : getDistance called
2023-01-20T14:46:40.758+01:00  INFO 5134 --- [ool-3-thread-55] tourGuide.service.RewardsService         : getDistance called
2023-01-20T14:46:40.758+01:00  INFO 5134 --- [ool-3-thread-56] tourGuide.service.RewardsService         : nearAttraction called with Bryant-Denny Stadium
2023-01-20T14:46:40.758+01:00  INFO 5134 --- [ool-3-thread-55] tourGuide.service.RewardsService         : nearAttraction called with Tiger Stadium
2023-01-20T14:46:40.758+01:00  INFO 5134 --- [ool-3-thread-56] tourGuide.service.RewardsService         : getDistance called
2023-01-20T14:46:40.758+01:00  INFO 5134 --- [ool-3-thread-55] tourGuide.service.RewardsService         : getDistance called
2023-01-20T14:46:40.758+01:00  INFO 5134 --- [ool-3-thread-56] tourGuide.service.RewardsService         : nearAttraction called with Neyland Stadium
2023-01-20T14:46:40.758+01:00  INFO 5134 --- [ool-3-thread-22] tourGuide.service.RewardsService         : getDistance called
2023-01-20T14:46:40.759+01:00  INFO 5134 --- [ool-3-thread-55] tourGuide.service.RewardsService         : nearAttraction called with Kyle Field
2023-01-20T14:46:40.759+01:00  INFO 5134 --- [ool-3-thread-22] tourGuide.service.RewardsService         : nearAttraction called with San Diego Zoo
2023-01-20T14:46:40.758+01:00  INFO 5134 --- [ool-3-thread-40] tourGuide.service.RewardsService         : getDistance called
2023-01-20T14:46:40.759+01:00  INFO 5134 --- [ool-3-thread-22] tourGuide.service.RewardsService         : getDistance called
2023-01-20T14:46:40.758+01:00  INFO 5134 --- [ool-3-thread-34] tourGuide.service.RewardsService         : nearAttraction called with Kartchner Caverns State Park
2023-01-20T14:46:40.759+01:00  INFO 5134 --- [ool-3-thread-40] tourGuide.service.RewardsService         : nearAttraction called with Zoo Tampa at Lowry Park
2023-01-20T14:46:40.759+01:00  INFO 5134 --- [ool-3-thread-34] tourGuide.service.RewardsService         : getDistance called
2023-01-20T14:46:40.759+01:00  INFO 5134 --- [ool-3-thread-40] tourGuide.service.RewardsService         : getDistance called
2023-01-20T14:46:40.758+01:00  INFO 5134 --- [ool-3-thread-25] tourGuide.service.RewardsService         : getDistance called
2023-01-20T14:46:40.759+01:00  INFO 5134 --- [ool-3-thread-34] tourGuide.service.RewardsService         : nearAttraction called with El Paso Zoo
2023-01-20T14:46:40.759+01:00  INFO 5134 --- [ool-3-thread-40] tourGuide.service.RewardsService         : nearAttraction called with Kansas City Zoo
2023-01-20T14:46:40.758+01:00  INFO 5134 --- [ool-3-thread-11] tourGuide.service.RewardsService         : getDistance called
2023-01-20T14:46:40.759+01:00  INFO 5134 --- [ool-3-thread-25] tourGuide.service.RewardsService         : nearAttraction called with Bronx Zoo
2023-01-20T14:46:40.759+01:00  INFO 5134 --- [ool-3-thread-40] tourGuide.service.RewardsService         : getDistance called
2023-01-20T14:46:40.759+01:00  INFO 5134 --- [ool-3-thread-25] tourGuide.service.RewardsService         : getDistance called
2023-01-20T14:46:40.759+01:00  INFO 5134 --- [ool-3-thread-11] tourGuide.service.RewardsService         : nearAttraction called with Cinderella Castle
2023-01-20T14:46:40.759+01:00  INFO 5134 --- [ool-3-thread-25] tourGuide.service.RewardsService         : nearAttraction called with Disneyland
2023-01-20T14:46:40.759+01:00  INFO 5134 --- [ool-3-thread-11] tourGuide.service.RewardsService         : getDistance called
2023-01-20T14:46:40.759+01:00  INFO 5134 --- [ool-3-thread-25] tourGuide.service.RewardsService         : getDistance called
2023-01-20T14:46:40.758+01:00  INFO 5134 --- [ool-3-thread-66] tourGuide.service.RewardsService         : getDistance called
2023-01-20T14:46:40.759+01:00  INFO 5134 --- [ool-3-thread-25] tourGuide.service.RewardsService         : getRewardPoints called with Disneyland and internalUser28
2023-01-20T14:46:40.758+01:00  INFO 5134 --- [ool-3-thread-10] tourGuide.service.RewardsService         : nearAttraction called with McKinley Tower
2023-01-20T14:46:40.759+01:00  INFO 5134 --- [ool-3-thread-66] tourGuide.service.RewardsService         : nearAttraction called with Joshua Tree National Park
2023-01-20T14:46:40.759+01:00  INFO 5134 --- [ool-3-thread-10] tourGuide.service.RewardsService         : getDistance called
2023-01-20T14:46:40.759+01:00  INFO 5134 --- [ool-3-thread-66] tourGuide.service.RewardsService         : getDistance called
2023-01-20T14:46:40.758+01:00  INFO 5134 --- [ool-3-thread-13] tourGuide.service.RewardsService         : getDistance called
2023-01-20T14:46:40.759+01:00  INFO 5134 --- [ool-3-thread-66] tourGuide.service.RewardsService         : nearAttraction called with Hot Springs National Park
2023-01-20T14:46:40.758+01:00  INFO 5134 --- [ool-3-thread-67] tourGuide.service.RewardsService         : getDistance called
2023-01-20T14:46:40.758+01:00  INFO 5134 --- [ool-3-thread-53] tourGuide.service.RewardsService         : getDistance called
2023-01-20T14:46:40.758+01:00  INFO 5134 --- [ool-3-thread-37] tourGuide.service.RewardsService         : getDistance called
2023-01-20T14:46:40.759+01:00  INFO 5134 --- [ool-3-thread-53] tourGuide.service.RewardsService         : nearAttraction called with Flowers Bakery of London
2023-01-20T14:46:40.758+01:00  INFO 5134 --- [pool-3-thread-2] tourGuide.service.RewardsService         : getDistance called
2023-01-20T14:46:40.759+01:00  INFO 5134 --- [ool-3-thread-37] tourGuide.service.RewardsService         : nearAttraction called with McKinley Tower
2023-01-20T14:46:40.759+01:00  INFO 5134 --- [pool-3-thread-2] tourGuide.service.RewardsService         : nearAttraction called with Flatiron Building
2023-01-20T14:46:40.758+01:00  INFO 5134 --- [pool-3-thread-5] tourGuide.service.RewardsService         : nearAttraction called with Union Station
2023-01-20T14:46:40.758+01:00  INFO 5134 --- [pool-3-thread-4] tourGuide.service.RewardsService         : getDistance called
2023-01-20T14:46:40.759+01:00  INFO 5134 --- [pool-3-thread-5] tourGuide.service.RewardsService         : getDistance called
2023-01-20T14:46:40.758+01:00  INFO 5134 --- [ool-3-thread-46] tourGuide.service.RewardsService         : getDistance called
2023-01-20T14:46:40.758+01:00  INFO 5134 --- [ool-3-thread-48] tourGuide.service.RewardsService         : getDistance called
2023-01-20T14:46:40.758+01:00  INFO 5134 --- [ool-3-thread-42] tourGuide.service.RewardsService         : getDistance called
2023-01-20T14:46:40.759+01:00  INFO 5134 --- [ool-3-thread-48] tourGuide.service.RewardsService         : nearAttraction called with Texas Memorial Stadium
2023-01-20T14:46:40.759+01:00  INFO 5134 --- [ool-3-thread-56] tourGuide.service.RewardsService         : getDistance called
2023-01-20T14:46:40.759+01:00  INFO 5134 --- [ool-3-thread-48] tourGuide.service.RewardsService         : getDistance called
2023-01-20T14:46:40.759+01:00  INFO 5134 --- [ool-3-thread-55] tourGuide.service.RewardsService         : getDistance called
2023-01-20T14:46:40.759+01:00  INFO 5134 --- [ool-3-thread-48] tourGuide.service.RewardsService         : nearAttraction called with Neyland Stadium
2023-01-20T14:46:40.759+01:00  INFO 5134 --- [ool-3-thread-22] tourGuide.service.RewardsService         : nearAttraction called with Franklin Park Zoo
2023-01-20T14:46:40.759+01:00  INFO 5134 --- [ool-3-thread-34] tourGuide.service.RewardsService         : getDistance called
2023-01-20T14:46:40.759+01:00  INFO 5134 --- [ool-3-thread-40] tourGuide.service.RewardsService         : nearAttraction called with Jackson Hole
2023-01-20T14:46:40.760+01:00  INFO 5134 --- [ool-3-thread-34] tourGuide.service.RewardsService         : nearAttraction called with San Diego Zoo
2023-01-20T14:46:40.760+01:00  INFO 5134 --- [ool-3-thread-40] tourGuide.service.RewardsService         : getDistance called
2023-01-20T14:46:40.760+01:00  INFO 5134 --- [ool-3-thread-34] tourGuide.service.RewardsService         : getDistance called
2023-01-20T14:46:40.759+01:00  INFO 5134 --- [ool-3-thread-11] tourGuide.service.RewardsService         : nearAttraction called with Mojave National Preserve
2023-01-20T14:46:40.760+01:00  INFO 5134 --- [ool-3-thread-34] tourGuide.service.RewardsService         : nearAttraction called with Franklin Park Zoo
2023-01-20T14:46:40.760+01:00  INFO 5134 --- [ool-3-thread-11] tourGuide.service.RewardsService         : getDistance called
2023-01-20T14:46:40.760+01:00  INFO 5134 --- [ool-3-thread-34] tourGuide.service.RewardsService         : getDistance called
2023-01-20T14:46:40.760+01:00  INFO 5134 --- [ool-3-thread-11] tourGuide.service.RewardsService         : nearAttraction called with El Paso Zoo
2023-01-20T14:46:40.760+01:00  INFO 5134 --- [ool-3-thread-34] tourGuide.service.RewardsService         : nearAttraction called with Kansas City Zoo
2023-01-20T14:46:40.760+01:00  INFO 5134 --- [ool-3-thread-11] tourGuide.service.RewardsService         : getDistance called
2023-01-20T14:46:40.760+01:00  INFO 5134 --- [ool-3-thread-34] tourGuide.service.RewardsService         : getDistance called
2023-01-20T14:46:40.759+01:00  INFO 5134 --- [ool-3-thread-10] tourGuide.service.RewardsService         : nearAttraction called with Buffalo National River
2023-01-20T14:46:40.759+01:00  INFO 5134 --- [ool-3-thread-66] tourGuide.service.RewardsService         : getDistance called
2023-01-20T14:46:40.759+01:00  INFO 5134 --- [ool-3-thread-13] tourGuide.service.RewardsService         : nearAttraction called with Kartchner Caverns State Park
2023-01-20T14:46:40.759+01:00  INFO 5134 --- [ool-3-thread-67] tourGuide.service.RewardsService         : nearAttraction called with Legend Valley
2023-01-20T14:46:40.760+01:00  INFO 5134 --- [ool-3-thread-13] tourGuide.service.RewardsService         : getDistance called
2023-01-20T14:46:40.759+01:00  INFO 5134 --- [ool-3-thread-53] tourGuide.service.RewardsService         : getDistance called
2023-01-20T14:46:40.760+01:00  INFO 5134 --- [ool-3-thread-67] tourGuide.service.RewardsService         : getDistance called
2023-01-20T14:46:40.760+01:00  INFO 5134 --- [ool-3-thread-13] tourGuide.service.RewardsService         : nearAttraction called with Jackson Hole
2023-01-20T14:46:40.760+01:00  INFO 5134 --- [ool-3-thread-53] tourGuide.service.RewardsService         : nearAttraction called with Mojave National Preserve
2023-01-20T14:46:40.760+01:00  INFO 5134 --- [ool-3-thread-67] tourGuide.service.RewardsService         : nearAttraction called with Joshua Tree National Park
2023-01-20T14:46:40.760+01:00  INFO 5134 --- [ool-3-thread-53] tourGuide.service.RewardsService         : getDistance called
2023-01-20T14:46:40.760+01:00  INFO 5134 --- [ool-3-thread-67] tourGuide.service.RewardsService         : getDistance called
2023-01-20T14:46:40.759+01:00  INFO 5134 --- [ool-3-thread-37] tourGuide.service.RewardsService         : getDistance called
2023-01-20T14:46:40.760+01:00  INFO 5134 --- [ool-3-thread-53] tourGuide.service.RewardsService         : nearAttraction called with Buffalo National River
2023-01-20T14:46:40.759+01:00  INFO 5134 --- [pool-3-thread-2] tourGuide.service.RewardsService         : getDistance called
2023-01-20T14:46:40.760+01:00  INFO 5134 --- [ool-3-thread-37] tourGuide.service.RewardsService         : nearAttraction called with Kartchner Caverns State Park
2023-01-20T14:46:40.759+01:00  INFO 5134 --- [pool-3-thread-4] tourGuide.service.RewardsService         : nearAttraction called with Fallingwater
2023-01-20T14:46:40.759+01:00  INFO 5134 --- [pool-3-thread-5] tourGuide.service.RewardsService         : nearAttraction called with Union Station
2023-01-20T14:46:40.760+01:00  INFO 5134 --- [pool-3-thread-4] tourGuide.service.RewardsService         : getDistance called
2023-01-20T14:46:40.760+01:00  INFO 5134 --- [pool-3-thread-5] tourGuide.service.RewardsService         : getDistance called
2023-01-20T14:46:40.759+01:00  INFO 5134 --- [ool-3-thread-46] tourGuide.service.RewardsService         : nearAttraction called with Roger Dean Stadium
2023-01-20T14:46:40.759+01:00  INFO 5134 --- [ool-3-thread-42] tourGuide.service.RewardsService         : nearAttraction called with Bryant-Denny Stadium
2023-01-20T14:46:40.760+01:00  INFO 5134 --- [ool-3-thread-46] tourGuide.service.RewardsService         : getDistance called
2023-01-20T14:46:40.759+01:00  INFO 5134 --- [ool-3-thread-56] tourGuide.service.RewardsService         : nearAttraction called with Tiger Stadium
2023-01-20T14:46:40.760+01:00  INFO 5134 --- [ool-3-thread-46] tourGuide.service.RewardsService         : nearAttraction called with Flatiron Building
2023-01-20T14:46:40.760+01:00  INFO 5134 --- [ool-3-thread-56] tourGuide.service.RewardsService         : getDistance called
2023-01-20T14:46:40.760+01:00  INFO 5134 --- [ool-3-thread-46] tourGuide.service.RewardsService         : getDistance called
2023-01-20T14:46:40.760+01:00  INFO 5134 --- [ool-3-thread-22] tourGuide.service.RewardsService         : getDistance called
2023-01-20T14:46:40.760+01:00  INFO 5134 --- [ool-3-thread-46] tourGuide.service.RewardsService         : nearAttraction called with Union Station
2023-01-20T14:46:40.760+01:00  INFO 5134 --- [ool-3-thread-48] tourGuide.service.RewardsService         : getDistance called
2023-01-20T14:46:40.760+01:00  INFO 5134 --- [ool-3-thread-55] tourGuide.service.RewardsService         : nearAttraction called with Kyle Field
2023-01-20T14:46:40.761+01:00  INFO 5134 --- [ool-3-thread-48] tourGuide.service.RewardsService         : nearAttraction called with Texas Memorial Stadium
2023-01-20T14:46:40.761+01:00  INFO 5134 --- [ool-3-thread-55] tourGuide.service.RewardsService         : getDistance called
2023-01-20T14:46:40.761+01:00  INFO 5134 --- [ool-3-thread-48] tourGuide.service.RewardsService         : getDistance called
2023-01-20T14:46:40.760+01:00  INFO 5134 --- [ool-3-thread-40] tourGuide.service.RewardsService         : nearAttraction called with Zoo Tampa at Lowry Park
2023-01-20T14:46:40.761+01:00  INFO 5134 --- [ool-3-thread-48] tourGuide.service.RewardsService         : nearAttraction called with Tiger Stadium
2023-01-20T14:46:40.760+01:00  INFO 5134 --- [ool-3-thread-11] tourGuide.service.RewardsService         : nearAttraction called with Bronx Zoo
2023-01-20T14:46:40.760+01:00  INFO 5134 --- [ool-3-thread-34] tourGuide.service.RewardsService         : nearAttraction called with Cinderella Castle
2023-01-20T14:46:40.760+01:00  INFO 5134 --- [ool-3-thread-10] tourGuide.service.RewardsService         : getDistance called
2023-01-20T14:46:40.761+01:00  INFO 5134 --- [ool-3-thread-34] tourGuide.service.RewardsService         : getDistance called
2023-01-20T14:46:40.760+01:00  INFO 5134 --- [ool-3-thread-66] tourGuide.service.RewardsService         : nearAttraction called with Disneyland
2023-01-20T14:46:40.761+01:00  INFO 5134 --- [ool-3-thread-34] tourGuide.service.RewardsService         : nearAttraction called with Kyle Field
2023-01-20T14:46:40.761+01:00  INFO 5134 --- [ool-3-thread-66] tourGuide.service.RewardsService         : getDistance called
2023-01-20T14:46:40.761+01:00  INFO 5134 --- [ool-3-thread-34] tourGuide.service.RewardsService         : getDistance called
2023-01-20T14:46:40.760+01:00  INFO 5134 --- [ool-3-thread-13] tourGuide.service.RewardsService         : getDistance called
2023-01-20T14:46:40.760+01:00  INFO 5134 --- [ool-3-thread-67] tourGuide.service.RewardsService         : nearAttraction called with Hot Springs National Park
2023-01-20T14:46:40.760+01:00  INFO 5134 --- [ool-3-thread-53] tourGuide.service.RewardsService         : getDistance called
2023-01-20T14:46:40.760+01:00  INFO 5134 --- [pool-3-thread-2] tourGuide.service.RewardsService         : nearAttraction called with Legend Valley
2023-01-20T14:46:40.760+01:00  INFO 5134 --- [ool-3-thread-37] tourGuide.service.RewardsService         : getDistance called
2023-01-20T14:46:40.761+01:00  INFO 5134 --- [pool-3-thread-2] tourGuide.service.RewardsService         : getDistance called
2023-01-20T14:46:40.760+01:00  INFO 5134 --- [pool-3-thread-4] tourGuide.service.RewardsService         : nearAttraction called with Flowers Bakery of London
2023-01-20T14:46:40.761+01:00  INFO 5134 --- [pool-3-thread-2] tourGuide.service.RewardsService         : nearAttraction called with Kansas City Zoo
2023-01-20T14:46:40.761+01:00  INFO 5134 --- [pool-3-thread-4] tourGuide.service.RewardsService         : getDistance called
2023-01-20T14:46:40.761+01:00  INFO 5134 --- [pool-3-thread-2] tourGuide.service.RewardsService         : getDistance called
2023-01-20T14:46:40.760+01:00  INFO 5134 --- [pool-3-thread-5] tourGuide.service.RewardsService         : nearAttraction called with McKinley Tower
2023-01-20T14:46:40.761+01:00  INFO 5134 --- [pool-3-thread-4] tourGuide.service.RewardsService         : nearAttraction called with Bronx Zoo
2023-01-20T14:46:40.760+01:00  INFO 5134 --- [ool-3-thread-42] tourGuide.service.RewardsService         : getDistance called
2023-01-20T14:46:40.761+01:00  INFO 5134 --- [pool-3-thread-4] tourGuide.service.RewardsService         : getDistance called
2023-01-20T14:46:40.760+01:00  INFO 5134 --- [ool-3-thread-56] tourGuide.service.RewardsService         : nearAttraction called with Fallingwater
2023-01-20T14:46:40.760+01:00  INFO 5134 --- [ool-3-thread-22] tourGuide.service.RewardsService         : nearAttraction called with Roger Dean Stadium
2023-01-20T14:46:40.761+01:00  INFO 5134 --- [ool-3-thread-56] tourGuide.service.RewardsService         : getDistance called
2023-01-20T14:46:40.761+01:00  INFO 5134 --- [ool-3-thread-46] tourGuide.service.RewardsService         : getDistance called
2023-01-20T14:46:40.761+01:00  INFO 5134 --- [ool-3-thread-55] tourGuide.service.RewardsService         : nearAttraction called with Bryant-Denny Stadium
2023-01-20T14:46:40.761+01:00  INFO 5134 --- [ool-3-thread-46] tourGuide.service.RewardsService         : nearAttraction called with Joshua Tree National Park
2023-01-20T14:46:40.761+01:00  INFO 5134 --- [ool-3-thread-40] tourGuide.service.RewardsService         : getDistance called
2023-01-20T14:46:40.761+01:00  INFO 5134 --- [ool-3-thread-48] tourGuide.service.RewardsService         : getDistance called
2023-01-20T14:46:40.761+01:00  INFO 5134 --- [ool-3-thread-40] tourGuide.service.RewardsService         : nearAttraction called with Buffalo National River
2023-01-20T14:46:40.761+01:00  INFO 5134 --- [ool-3-thread-11] tourGuide.service.RewardsService         : getDistance called
2023-01-20T14:46:40.761+01:00  INFO 5134 --- [ool-3-thread-10] tourGuide.service.RewardsService         : nearAttraction called with Neyland Stadium
2023-01-20T14:46:40.761+01:00  INFO 5134 --- [ool-3-thread-66] tourGuide.service.RewardsService         : getRewardPoints called with Disneyland and internalUser23
2023-01-20T14:46:40.761+01:00  INFO 5134 --- [ool-3-thread-34] tourGuide.service.RewardsService         : nearAttraction called with San Diego Zoo
2023-01-20T14:46:40.761+01:00  INFO 5134 --- [ool-3-thread-13] tourGuide.service.RewardsService         : nearAttraction called with Zoo Tampa at Lowry Park
2023-01-20T14:46:40.761+01:00  INFO 5134 --- [ool-3-thread-67] tourGuide.service.RewardsService         : getDistance called
2023-01-20T14:46:40.762+01:00  INFO 5134 --- [ool-3-thread-34] tourGuide.service.RewardsService         : getDistance called
2023-01-20T14:46:40.761+01:00  INFO 5134 --- [ool-3-thread-53] tourGuide.service.RewardsService         : nearAttraction called with Franklin Park Zoo
2023-01-20T14:46:40.762+01:00  INFO 5134 --- [ool-3-thread-67] tourGuide.service.RewardsService         : nearAttraction called with Legend Valley
2023-01-20T14:46:40.761+01:00  INFO 5134 --- [ool-3-thread-37] tourGuide.service.RewardsService         : nearAttraction called with El Paso Zoo
2023-01-20T14:46:40.762+01:00  INFO 5134 --- [ool-3-thread-67] tourGuide.service.RewardsService         : getDistance called
2023-01-20T14:46:40.761+01:00  INFO 5134 --- [pool-3-thread-2] tourGuide.service.RewardsService         : nearAttraction called with Cinderella Castle
2023-01-20T14:46:40.762+01:00  INFO 5134 --- [ool-3-thread-67] tourGuide.service.RewardsService         : nearAttraction called with McKinley Tower
2023-01-20T14:46:40.761+01:00  INFO 5134 --- [pool-3-thread-5] tourGuide.service.RewardsService         : getDistance called
2023-01-20T14:46:40.761+01:00  INFO 5134 --- [ool-3-thread-42] tourGuide.service.RewardsService         : nearAttraction called with Disneyland
2023-01-20T14:46:40.761+01:00  INFO 5134 --- [pool-3-thread-4] tourGuide.service.RewardsService         : nearAttraction called with Jackson Hole
2023-01-20T14:46:40.761+01:00  INFO 5134 --- [ool-3-thread-22] tourGuide.service.RewardsService         : getDistance called
2023-01-20T14:46:40.762+01:00  INFO 5134 --- [pool-3-thread-4] tourGuide.service.RewardsService         : getDistance called
2023-01-20T14:46:40.761+01:00  INFO 5134 --- [ool-3-thread-56] tourGuide.service.RewardsService         : nearAttraction called with Mojave National Preserve
2023-01-20T14:46:40.762+01:00  INFO 5134 --- [ool-3-thread-22] tourGuide.service.RewardsService         : nearAttraction called with Fallingwater
2023-01-20T14:46:40.762+01:00  INFO 5134 --- [ool-3-thread-56] tourGuide.service.RewardsService         : getDistance called
2023-01-20T14:46:40.762+01:00  INFO 5134 --- [ool-3-thread-22] tourGuide.service.RewardsService         : getDistance called
2023-01-20T14:46:40.761+01:00  INFO 5134 --- [ool-3-thread-55] tourGuide.service.RewardsService         : getDistance called
2023-01-20T14:46:40.762+01:00  INFO 5134 --- [ool-3-thread-56] tourGuide.service.RewardsService         : nearAttraction called with Roger Dean Stadium
2023-01-20T14:46:40.761+01:00  INFO 5134 --- [ool-3-thread-46] tourGuide.service.RewardsService         : getDistance called
2023-01-20T14:46:40.761+01:00  INFO 5134 --- [ool-3-thread-48] tourGuide.service.RewardsService         : nearAttraction called with Hot Springs National Park
2023-01-20T14:46:40.761+01:00  INFO 5134 --- [ool-3-thread-40] tourGuide.service.RewardsService         : getDistance called
2023-01-20T14:46:40.762+01:00  INFO 5134 --- [ool-3-thread-48] tourGuide.service.RewardsService         : getDistance called
2023-01-20T14:46:40.762+01:00  INFO 5134 --- [ool-3-thread-40] tourGuide.service.RewardsService         : nearAttraction called with Neyland Stadium
2023-01-20T14:46:40.761+01:00  INFO 5134 --- [ool-3-thread-11] tourGuide.service.RewardsService         : nearAttraction called with Kartchner Caverns State Park
2023-01-20T14:46:40.762+01:00  INFO 5134 --- [ool-3-thread-40] tourGuide.service.RewardsService         : getDistance called
2023-01-20T14:46:40.761+01:00  INFO 5134 --- [ool-3-thread-10] tourGuide.service.RewardsService         : getDistance called
2023-01-20T14:46:40.762+01:00  INFO 5134 --- [ool-3-thread-13] tourGuide.service.RewardsService         : getDistance called
2023-01-20T14:46:40.762+01:00  INFO 5134 --- [ool-3-thread-10] tourGuide.service.RewardsService         : nearAttraction called with Zoo Tampa at Lowry Park
2023-01-20T14:46:40.762+01:00  INFO 5134 --- [ool-3-thread-13] tourGuide.service.RewardsService         : nearAttraction called with Franklin Park Zoo
2023-01-20T14:46:40.762+01:00  INFO 5134 --- [ool-3-thread-10] tourGuide.service.RewardsService         : getDistance called
2023-01-20T14:46:40.762+01:00  INFO 5134 --- [ool-3-thread-13] tourGuide.service.RewardsService         : getDistance called
2023-01-20T14:46:40.762+01:00  INFO 5134 --- [ool-3-thread-34] tourGuide.service.RewardsService         : nearAttraction called with Flowers Bakery of London
2023-01-20T14:46:40.762+01:00  INFO 5134 --- [ool-3-thread-13] tourGuide.service.RewardsService         : nearAttraction called with Kansas City Zoo
2023-01-20T14:46:40.762+01:00  INFO 5134 --- [ool-3-thread-53] tourGuide.service.RewardsService         : getDistance called
2023-01-20T14:46:40.762+01:00  INFO 5134 --- [ool-3-thread-37] tourGuide.service.RewardsService         : getDistance called
2023-01-20T14:46:40.762+01:00  INFO 5134 --- [pool-3-thread-2] tourGuide.service.RewardsService         : getDistance called
2023-01-20T14:46:40.762+01:00  INFO 5134 --- [ool-3-thread-37] tourGuide.service.RewardsService         : nearAttraction called with Cinderella Castle
2023-01-20T14:46:40.762+01:00  INFO 5134 --- [ool-3-thread-67] tourGuide.service.RewardsService         : getDistance called
2023-01-20T14:46:40.762+01:00  INFO 5134 --- [ool-3-thread-37] tourGuide.service.RewardsService         : getDistance called
2023-01-20T14:46:40.762+01:00  INFO 5134 --- [ool-3-thread-67] tourGuide.service.RewardsService         : nearAttraction called with Jackson Hole
2023-01-20T14:46:40.762+01:00  INFO 5134 --- [ool-3-thread-37] tourGuide.service.RewardsService         : nearAttraction called with Mojave National Preserve
2023-01-20T14:46:40.762+01:00  INFO 5134 --- [ool-3-thread-67] tourGuide.service.RewardsService         : getDistance called
2023-01-20T14:46:40.762+01:00  INFO 5134 --- [ool-3-thread-37] tourGuide.service.RewardsService         : getDistance called
2023-01-20T14:46:40.762+01:00  INFO 5134 --- [pool-3-thread-5] tourGuide.service.RewardsService         : nearAttraction called with Flatiron Building
2023-01-20T14:46:40.763+01:00  INFO 5134 --- [ool-3-thread-67] tourGuide.service.RewardsService         : nearAttraction called with Joshua Tree National Park
2023-01-20T14:46:40.763+01:00  INFO 5134 --- [ool-3-thread-37] tourGuide.service.RewardsService         : nearAttraction called with Buffalo National River
2023-01-20T14:46:40.763+01:00  INFO 5134 --- [ool-3-thread-67] tourGuide.service.RewardsService         : getDistance called
2023-01-20T14:46:40.762+01:00  INFO 5134 --- [ool-3-thread-42] tourGuide.service.RewardsService         : getDistance called
2023-01-20T14:46:40.763+01:00  INFO 5134 --- [ool-3-thread-67] tourGuide.service.RewardsService         : nearAttraction called with Hot Springs National Park
2023-01-20T14:46:40.762+01:00  INFO 5134 --- [pool-3-thread-4] tourGuide.service.RewardsService         : nearAttraction called with Union Station
2023-01-20T14:46:40.762+01:00  INFO 5134 --- [ool-3-thread-22] tourGuide.service.RewardsService         : nearAttraction called with Texas Memorial Stadium
2023-01-20T14:46:40.763+01:00  INFO 5134 --- [pool-3-thread-4] tourGuide.service.RewardsService         : getDistance called
2023-01-20T14:46:40.763+01:00  INFO 5134 --- [ool-3-thread-22] tourGuide.service.RewardsService         : getDistance called
2023-01-20T14:46:40.762+01:00  INFO 5134 --- [ool-3-thread-55] tourGuide.service.RewardsService         : nearAttraction called with Bryant-Denny Stadium
2023-01-20T14:46:40.763+01:00  INFO 5134 --- [ool-3-thread-22] tourGuide.service.RewardsService         : nearAttraction called with Kartchner Caverns State Park
2023-01-20T14:46:40.763+01:00  INFO 5134 --- [ool-3-thread-55] tourGuide.service.RewardsService         : getDistance called
2023-01-20T14:46:40.763+01:00  INFO 5134 --- [ool-3-thread-22] tourGuide.service.RewardsService         : getDistance called
2023-01-20T14:46:40.762+01:00  INFO 5134 --- [ool-3-thread-56] tourGuide.service.RewardsService         : getDistance called
2023-01-20T14:46:40.763+01:00  INFO 5134 --- [ool-3-thread-22] tourGuide.service.RewardsService         : nearAttraction called with McKinley Tower
2023-01-20T14:46:40.762+01:00  INFO 5134 --- [ool-3-thread-46] tourGuide.service.RewardsService         : nearAttraction called with Tiger Stadium
2023-01-20T14:46:40.763+01:00  INFO 5134 --- [ool-3-thread-56] tourGuide.service.RewardsService         : nearAttraction called with Flatiron Building
2023-01-20T14:46:40.763+01:00  INFO 5134 --- [ool-3-thread-46] tourGuide.service.RewardsService         : getDistance called
2023-01-20T14:46:40.763+01:00  INFO 5134 --- [ool-3-thread-56] tourGuide.service.RewardsService         : getDistance called
2023-01-20T14:46:40.762+01:00  INFO 5134 --- [ool-3-thread-48] tourGuide.service.RewardsService         : nearAttraction called with Kyle Field
2023-01-20T14:46:40.763+01:00  INFO 5134 --- [ool-3-thread-56] tourGuide.service.RewardsService         : nearAttraction called with Union Station
2023-01-20T14:46:40.763+01:00  INFO 5134 --- [ool-3-thread-48] tourGuide.service.RewardsService         : getDistance called
2023-01-20T14:46:40.763+01:00  INFO 5134 --- [ool-3-thread-56] tourGuide.service.RewardsService         : getDistance called
2023-01-20T14:46:40.762+01:00  INFO 5134 --- [ool-3-thread-11] tourGuide.service.RewardsService         : getDistance called
2023-01-20T14:46:40.763+01:00  INFO 5134 --- [ool-3-thread-56] tourGuide.service.RewardsService         : nearAttraction called with Texas Memorial Stadium
2023-01-20T14:46:40.762+01:00  INFO 5134 --- [ool-3-thread-40] tourGuide.service.RewardsService         : nearAttraction called with San Diego Zoo
2023-01-20T14:46:40.763+01:00  INFO 5134 --- [ool-3-thread-56] tourGuide.service.RewardsService         : getDistance called
2023-01-20T14:46:40.763+01:00  INFO 5134 --- [ool-3-thread-40] tourGuide.service.RewardsService         : getDistance called
2023-01-20T14:46:40.762+01:00  INFO 5134 --- [ool-3-thread-10] tourGuide.service.RewardsService         : nearAttraction called with El Paso Zoo
2023-01-20T14:46:40.763+01:00  INFO 5134 --- [ool-3-thread-56] tourGuide.service.RewardsService         : nearAttraction called with Tiger Stadium
2023-01-20T14:46:40.763+01:00  INFO 5134 --- [ool-3-thread-10] tourGuide.service.RewardsService         : getDistance called
2023-01-20T14:46:40.763+01:00  INFO 5134 --- [ool-3-thread-56] tourGuide.service.RewardsService         : getDistance called
2023-01-20T14:46:40.762+01:00  INFO 5134 --- [ool-3-thread-34] tourGuide.service.RewardsService         : getDistance called
2023-01-20T14:46:40.762+01:00  INFO 5134 --- [ool-3-thread-13] tourGuide.service.RewardsService         : getDistance called
2023-01-20T14:46:40.762+01:00  INFO 5134 --- [ool-3-thread-53] tourGuide.service.RewardsService         : nearAttraction called with Bronx Zoo
2023-01-20T14:46:40.762+01:00  INFO 5134 --- [pool-3-thread-2] tourGuide.service.RewardsService         : nearAttraction called with Disneyland
2023-01-20T14:46:40.763+01:00  INFO 5134 --- [ool-3-thread-53] tourGuide.service.RewardsService         : getDistance called
2023-01-20T14:46:40.763+01:00  INFO 5134 --- [pool-3-thread-2] tourGuide.service.RewardsService         : getDistance called
2023-01-20T14:46:40.763+01:00  INFO 5134 --- [pool-3-thread-5] tourGuide.service.RewardsService         : getDistance called
2023-01-20T14:46:40.763+01:00  INFO 5134 --- [pool-3-thread-2] tourGuide.service.RewardsService         : getRewardPoints called with Disneyland and internalUser25
2023-01-20T14:46:40.763+01:00  INFO 5134 --- [pool-3-thread-5] tourGuide.service.RewardsService         : nearAttraction called with Kansas City Zoo
2023-01-20T14:46:40.763+01:00  INFO 5134 --- [ool-3-thread-37] tourGuide.service.RewardsService         : getDistance called
2023-01-20T14:46:40.763+01:00  INFO 5134 --- [pool-3-thread-5] tourGuide.service.RewardsService         : getDistance called
2023-01-20T14:46:40.763+01:00  INFO 5134 --- [ool-3-thread-67] tourGuide.service.RewardsService         : getDistance called
2023-01-20T14:46:40.763+01:00  INFO 5134 --- [ool-3-thread-37] tourGuide.service.RewardsService         : nearAttraction called with Bronx Zoo
2023-01-20T14:46:40.763+01:00  INFO 5134 --- [ool-3-thread-42] tourGuide.service.RewardsService         : getRewardPoints called with Disneyland and internalUser22
2023-01-20T14:46:40.763+01:00  INFO 5134 --- [ool-3-thread-37] tourGuide.service.RewardsService         : getDistance called
2023-01-20T14:46:40.763+01:00  INFO 5134 --- [pool-3-thread-4] tourGuide.service.RewardsService         : nearAttraction called with Legend Valley
2023-01-20T14:46:40.763+01:00  INFO 5134 --- [ool-3-thread-55] tourGuide.service.RewardsService         : nearAttraction called with Flowers Bakery of London
2023-01-20T14:46:40.764+01:00  INFO 5134 --- [pool-3-thread-4] tourGuide.service.RewardsService         : getDistance called
2023-01-20T14:46:40.763+01:00  INFO 5134 --- [ool-3-thread-22] tourGuide.service.RewardsService         : getDistance called
2023-01-20T14:46:40.763+01:00  INFO 5134 --- [ool-3-thread-46] tourGuide.service.RewardsService         : nearAttraction called with Fallingwater
2023-01-20T14:46:40.763+01:00  INFO 5134 --- [ool-3-thread-48] tourGuide.service.RewardsService         : nearAttraction called with Roger Dean Stadium
2023-01-20T14:46:40.764+01:00  INFO 5134 --- [ool-3-thread-46] tourGuide.service.RewardsService         : getDistance called
2023-01-20T14:46:40.763+01:00  INFO 5134 --- [ool-3-thread-11] tourGuide.service.RewardsService         : nearAttraction called with Bryant-Denny Stadium
2023-01-20T14:46:40.763+01:00  INFO 5134 --- [ool-3-thread-40] tourGuide.service.RewardsService         : nearAttraction called with Neyland Stadium
2023-01-20T14:46:40.764+01:00  INFO 5134 --- [ool-3-thread-11] tourGuide.service.RewardsService         : getDistance called
2023-01-20T14:46:40.764+01:00  INFO 5134 --- [ool-3-thread-40] tourGuide.service.RewardsService         : getDistance called
2023-01-20T14:46:40.763+01:00  INFO 5134 --- [ool-3-thread-10] tourGuide.service.RewardsService         : nearAttraction called with Kyle Field
2023-01-20T14:46:40.764+01:00  INFO 5134 --- [ool-3-thread-40] tourGuide.service.RewardsService         : nearAttraction called with Kartchner Caverns State Park
2023-01-20T14:46:40.763+01:00  INFO 5134 --- [ool-3-thread-56] tourGuide.service.RewardsService         : nearAttraction called with San Diego Zoo
2023-01-20T14:46:40.763+01:00  INFO 5134 --- [ool-3-thread-34] tourGuide.service.RewardsService         : nearAttraction called with Zoo Tampa at Lowry Park
2023-01-20T14:46:40.764+01:00  INFO 5134 --- [ool-3-thread-56] tourGuide.service.RewardsService         : getDistance called
2023-01-20T14:46:40.763+01:00  INFO 5134 --- [ool-3-thread-13] tourGuide.service.RewardsService         : nearAttraction called with Franklin Park Zoo
2023-01-20T14:46:40.763+01:00  INFO 5134 --- [ool-3-thread-53] tourGuide.service.RewardsService         : nearAttraction called with El Paso Zoo
2023-01-20T14:46:40.764+01:00  INFO 5134 --- [ool-3-thread-13] tourGuide.service.RewardsService         : getDistance called
2023-01-20T14:46:40.763+01:00  INFO 5134 --- [pool-3-thread-5] tourGuide.service.RewardsService         : nearAttraction called with Cinderella Castle
2023-01-20T14:46:40.764+01:00  INFO 5134 --- [ool-3-thread-13] tourGuide.service.RewardsService         : nearAttraction called with Flowers Bakery of London
2023-01-20T14:46:40.764+01:00  INFO 5134 --- [pool-3-thread-5] tourGuide.service.RewardsService         : getDistance called
2023-01-20T14:46:40.764+01:00  INFO 5134 --- [ool-3-thread-13] tourGuide.service.RewardsService         : getDistance called
2023-01-20T14:46:40.763+01:00  INFO 5134 --- [ool-3-thread-67] tourGuide.service.RewardsService         : nearAttraction called with Disneyland
2023-01-20T14:46:40.764+01:00  INFO 5134 --- [pool-3-thread-5] tourGuide.service.RewardsService         : nearAttraction called with McKinley Tower
2023-01-20T14:46:40.764+01:00  INFO 5134 --- [ool-3-thread-37] tourGuide.service.RewardsService         : nearAttraction called with Jackson Hole
2023-01-20T14:46:40.764+01:00  INFO 5134 --- [pool-3-thread-5] tourGuide.service.RewardsService         : getDistance called
2023-01-20T14:46:40.764+01:00  INFO 5134 --- [ool-3-thread-37] tourGuide.service.RewardsService         : getDistance called
2023-01-20T14:46:40.764+01:00  INFO 5134 --- [pool-3-thread-5] tourGuide.service.RewardsService         : nearAttraction called with Fallingwater
2023-01-20T14:46:40.764+01:00  INFO 5134 --- [ool-3-thread-37] tourGuide.service.RewardsService         : nearAttraction called with Union Station
2023-01-20T14:46:40.764+01:00  INFO 5134 --- [ool-3-thread-55] tourGuide.service.RewardsService         : getDistance called
2023-01-20T14:46:40.764+01:00  INFO 5134 --- [pool-3-thread-4] tourGuide.service.RewardsService         : nearAttraction called with Mojave National Preserve
2023-01-20T14:46:40.764+01:00  INFO 5134 --- [ool-3-thread-22] tourGuide.service.RewardsService         : nearAttraction called with Joshua Tree National Park
2023-01-20T14:46:40.764+01:00  INFO 5134 --- [ool-3-thread-48] tourGuide.service.RewardsService         : getDistance called
2023-01-20T14:46:40.764+01:00  INFO 5134 --- [ool-3-thread-22] tourGuide.service.RewardsService         : getDistance called
2023-01-20T14:46:40.764+01:00  INFO 5134 --- [ool-3-thread-46] tourGuide.service.RewardsService         : nearAttraction called with Buffalo National River
2023-01-20T14:46:40.764+01:00  INFO 5134 --- [ool-3-thread-11] tourGuide.service.RewardsService         : nearAttraction called with Hot Springs National Park
2023-01-20T14:46:40.764+01:00  INFO 5134 --- [ool-3-thread-46] tourGuide.service.RewardsService         : getDistance called
2023-01-20T14:46:40.764+01:00  INFO 5134 --- [ool-3-thread-11] tourGuide.service.RewardsService         : getDistance called
2023-01-20T14:46:40.764+01:00  INFO 5134 --- [ool-3-thread-10] tourGuide.service.RewardsService         : getDistance called
2023-01-20T14:46:40.764+01:00  INFO 5134 --- [ool-3-thread-11] tourGuide.service.RewardsService         : nearAttraction called with Neyland Stadium
2023-01-20T14:46:40.764+01:00  INFO 5134 --- [ool-3-thread-40] tourGuide.service.RewardsService         : getDistance called
2023-01-20T14:46:40.764+01:00  INFO 5134 --- [ool-3-thread-11] tourGuide.service.RewardsService         : getDistance called
2023-01-20T14:46:40.764+01:00  INFO 5134 --- [ool-3-thread-34] tourGuide.service.RewardsService         : getDistance called
2023-01-20T14:46:40.764+01:00  INFO 5134 --- [ool-3-thread-56] tourGuide.service.RewardsService         : nearAttraction called with Legend Valley
2023-01-20T14:46:40.764+01:00  INFO 5134 --- [ool-3-thread-53] tourGuide.service.RewardsService         : getDistance called
2023-01-20T14:46:40.764+01:00  INFO 5134 --- [ool-3-thread-56] tourGuide.service.RewardsService         : getDistance called
2023-01-20T14:46:40.764+01:00  INFO 5134 --- [ool-3-thread-13] tourGuide.service.RewardsService         : nearAttraction called with Flatiron Building
2023-01-20T14:46:40.764+01:00  INFO 5134 --- [ool-3-thread-56] tourGuide.service.RewardsService         : nearAttraction called with Kansas City Zoo
2023-01-20T14:46:40.764+01:00  INFO 5134 --- [ool-3-thread-67] tourGuide.service.RewardsService         : getDistance called
2023-01-20T14:46:40.765+01:00  INFO 5134 --- [ool-3-thread-13] tourGuide.service.RewardsService         : getDistance called
2023-01-20T14:46:40.764+01:00  INFO 5134 --- [pool-3-thread-5] tourGuide.service.RewardsService         : getDistance called
2023-01-20T14:46:40.765+01:00  INFO 5134 --- [ool-3-thread-13] tourGuide.service.RewardsService         : nearAttraction called with Bronx Zoo
2023-01-20T14:46:40.764+01:00  INFO 5134 --- [ool-3-thread-37] tourGuide.service.RewardsService         : getDistance called
2023-01-20T14:46:40.764+01:00  INFO 5134 --- [ool-3-thread-55] tourGuide.service.RewardsService         : nearAttraction called with Roger Dean Stadium
2023-01-20T14:46:40.765+01:00  INFO 5134 --- [ool-3-thread-37] tourGuide.service.RewardsService         : nearAttraction called with Disneyland
2023-01-20T14:46:40.764+01:00  INFO 5134 --- [pool-3-thread-4] tourGuide.service.RewardsService         : getDistance called
2023-01-20T14:46:40.764+01:00  INFO 5134 --- [ool-3-thread-48] tourGuide.service.RewardsService         : nearAttraction called with Texas Memorial Stadium
2023-01-20T14:46:40.764+01:00  INFO 5134 --- [ool-3-thread-22] tourGuide.service.RewardsService         : nearAttraction called with Bryant-Denny Stadium
2023-01-20T14:46:40.765+01:00  INFO 5134 --- [ool-3-thread-48] tourGuide.service.RewardsService         : getDistance called
2023-01-20T14:46:40.765+01:00  INFO 5134 --- [ool-3-thread-22] tourGuide.service.RewardsService         : getDistance called
2023-01-20T14:46:40.764+01:00  INFO 5134 --- [ool-3-thread-46] tourGuide.service.RewardsService         : nearAttraction called with Tiger Stadium
2023-01-20T14:46:40.765+01:00  INFO 5134 --- [ool-3-thread-22] tourGuide.service.RewardsService         : nearAttraction called with Joshua Tree National Park
2023-01-20T14:46:40.765+01:00  INFO 5134 --- [ool-3-thread-46] tourGuide.service.RewardsService         : getDistance called
2023-01-20T14:46:40.765+01:00  INFO 5134 --- [ool-3-thread-22] tourGuide.service.RewardsService         : getDistance called
2023-01-20T14:46:40.764+01:00  INFO 5134 --- [ool-3-thread-10] tourGuide.service.RewardsService         : nearAttraction called with Kyle Field
2023-01-20T14:46:40.765+01:00  INFO 5134 --- [ool-3-thread-22] tourGuide.service.RewardsService         : nearAttraction called with Hot Springs National Park
2023-01-20T14:46:40.764+01:00  INFO 5134 --- [ool-3-thread-11] tourGuide.service.RewardsService         : nearAttraction called with Zoo Tampa at Lowry Park
2023-01-20T14:46:40.764+01:00  INFO 5134 --- [ool-3-thread-40] tourGuide.service.RewardsService         : nearAttraction called with San Diego Zoo
2023-01-20T14:46:40.764+01:00  INFO 5134 --- [ool-3-thread-34] tourGuide.service.RewardsService         : nearAttraction called with Franklin Park Zoo
2023-01-20T14:46:40.764+01:00  INFO 5134 --- [ool-3-thread-53] tourGuide.service.RewardsService         : nearAttraction called with El Paso Zoo
2023-01-20T14:46:40.765+01:00  INFO 5134 --- [ool-3-thread-34] tourGuide.service.RewardsService         : getDistance called
2023-01-20T14:46:40.765+01:00  INFO 5134 --- [ool-3-thread-53] tourGuide.service.RewardsService         : getDistance called
2023-01-20T14:46:40.765+01:00  INFO 5134 --- [ool-3-thread-56] tourGuide.service.RewardsService         : getDistance called
2023-01-20T14:46:40.765+01:00  INFO 5134 --- [ool-3-thread-53] tourGuide.service.RewardsService         : nearAttraction called with Legend Valley
2023-01-20T14:46:40.765+01:00  INFO 5134 --- [ool-3-thread-67] tourGuide.service.RewardsService         : getRewardPoints called with Disneyland and internalUser24
2023-01-20T14:46:40.765+01:00  INFO 5134 --- [pool-3-thread-5] tourGuide.service.RewardsService         : nearAttraction called with Cinderella Castle
2023-01-20T14:46:40.765+01:00  INFO 5134 --- [ool-3-thread-13] tourGuide.service.RewardsService         : getDistance called
2023-01-20T14:46:40.765+01:00  INFO 5134 --- [ool-3-thread-55] tourGuide.service.RewardsService         : getDistance called
2023-01-20T14:46:40.765+01:00  INFO 5134 --- [ool-3-thread-37] tourGuide.service.RewardsService         : getDistance called
2023-01-20T14:46:40.765+01:00  INFO 5134 --- [pool-3-thread-4] tourGuide.service.RewardsService         : nearAttraction called with Jackson Hole
2023-01-20T14:46:40.765+01:00  INFO 5134 --- [ool-3-thread-37] tourGuide.service.RewardsService         : getRewardPoints called with Disneyland and internalUser21
2023-01-20T14:46:40.765+01:00  INFO 5134 --- [pool-3-thread-4] tourGuide.service.RewardsService         : getDistance called
2023-01-20T14:46:40.765+01:00  INFO 5134 --- [ool-3-thread-48] tourGuide.service.RewardsService         : nearAttraction called with Mojave National Preserve
2023-01-20T14:46:40.765+01:00  INFO 5134 --- [pool-3-thread-4] tourGuide.service.RewardsService         : nearAttraction called with Fallingwater
2023-01-20T14:46:40.765+01:00  INFO 5134 --- [ool-3-thread-48] tourGuide.service.RewardsService         : getDistance called
2023-01-20T14:46:40.765+01:00  INFO 5134 --- [pool-3-thread-4] tourGuide.service.RewardsService         : getDistance called
2023-01-20T14:46:40.765+01:00  INFO 5134 --- [ool-3-thread-46] tourGuide.service.RewardsService         : nearAttraction called with Buffalo National River
2023-01-20T14:46:40.765+01:00  INFO 5134 --- [ool-3-thread-48] tourGuide.service.RewardsService         : nearAttraction called with Union Station
2023-01-20T14:46:40.765+01:00  INFO 5134 --- [ool-3-thread-46] tourGuide.service.RewardsService         : getDistance called
2023-01-20T14:46:40.765+01:00  INFO 5134 --- [ool-3-thread-48] tourGuide.service.RewardsService         : getDistance called
2023-01-20T14:46:40.765+01:00  INFO 5134 --- [ool-3-thread-10] tourGuide.service.RewardsService         : getDistance called
2023-01-20T14:46:40.765+01:00  INFO 5134 --- [ool-3-thread-22] tourGuide.service.RewardsService         : getDistance called
2023-01-20T14:46:40.765+01:00  INFO 5134 --- [ool-3-thread-11] tourGuide.service.RewardsService         : getDistance called
2023-01-20T14:46:40.765+01:00  INFO 5134 --- [ool-3-thread-22] tourGuide.service.RewardsService         : nearAttraction called with Neyland Stadium
2023-01-20T14:46:40.765+01:00  INFO 5134 --- [ool-3-thread-40] tourGuide.service.RewardsService         : getDistance called
2023-01-20T14:46:40.765+01:00  INFO 5134 --- [ool-3-thread-34] tourGuide.service.RewardsService         : nearAttraction called with Kartchner Caverns State Park
2023-01-20T14:46:40.765+01:00  INFO 5134 --- [ool-3-thread-40] tourGuide.service.RewardsService         : nearAttraction called with San Diego Zoo
2023-01-20T14:46:40.765+01:00  INFO 5134 --- [ool-3-thread-56] tourGuide.service.RewardsService         : nearAttraction called with Flowers Bakery of London
2023-01-20T14:46:40.766+01:00  INFO 5134 --- [ool-3-thread-34] tourGuide.service.RewardsService         : getDistance called
2023-01-20T14:46:40.766+01:00  INFO 5134 --- [ool-3-thread-40] tourGuide.service.RewardsService         : getDistance called
2023-01-20T14:46:40.765+01:00  INFO 5134 --- [ool-3-thread-53] tourGuide.service.RewardsService         : getDistance called
2023-01-20T14:46:40.765+01:00  INFO 5134 --- [pool-3-thread-5] tourGuide.service.RewardsService         : getDistance called
2023-01-20T14:46:40.765+01:00  INFO 5134 --- [ool-3-thread-13] tourGuide.service.RewardsService         : nearAttraction called with McKinley Tower
2023-01-20T14:46:40.766+01:00  INFO 5134 --- [pool-3-thread-5] tourGuide.service.RewardsService         : nearAttraction called with Kansas City Zoo
2023-01-20T14:46:40.766+01:00  INFO 5134 --- [ool-3-thread-13] tourGuide.service.RewardsService         : getDistance called
2023-01-20T14:46:40.766+01:00  INFO 5134 --- [pool-3-thread-5] tourGuide.service.RewardsService         : getDistance called
2023-01-20T14:46:40.765+01:00  INFO 5134 --- [ool-3-thread-55] tourGuide.service.RewardsService         : nearAttraction called with Flatiron Building
2023-01-20T14:46:40.766+01:00  INFO 5134 --- [pool-3-thread-5] tourGuide.service.RewardsService         : nearAttraction called with Cinderella Castle
2023-01-20T14:46:40.766+01:00  INFO 5134 --- [ool-3-thread-55] tourGuide.service.RewardsService         : getDistance called
2023-01-20T14:46:40.766+01:00  INFO 5134 --- [pool-3-thread-5] tourGuide.service.RewardsService         : getDistance called
2023-01-20T14:46:40.765+01:00  INFO 5134 --- [pool-3-thread-4] tourGuide.service.RewardsService         : nearAttraction called with Roger Dean Stadium
2023-01-20T14:46:40.766+01:00  INFO 5134 --- [ool-3-thread-55] tourGuide.service.RewardsService         : nearAttraction called with Disneyland
2023-01-20T14:46:40.765+01:00  INFO 5134 --- [ool-3-thread-46] tourGuide.service.RewardsService         : nearAttraction called with Texas Memorial Stadium
2023-01-20T14:46:40.766+01:00  INFO 5134 --- [ool-3-thread-55] tourGuide.service.RewardsService         : getDistance called
2023-01-20T14:46:40.766+01:00  INFO 5134 --- [ool-3-thread-46] tourGuide.service.RewardsService         : getDistance called
2023-01-20T14:46:40.765+01:00  INFO 5134 --- [ool-3-thread-48] tourGuide.service.RewardsService         : nearAttraction called with Bryant-Denny Stadium
2023-01-20T14:46:40.766+01:00  INFO 5134 --- [ool-3-thread-46] tourGuide.service.RewardsService         : nearAttraction called with Mojave National Preserve
2023-01-20T14:46:40.766+01:00  INFO 5134 --- [ool-3-thread-48] tourGuide.service.RewardsService         : getDistance called
2023-01-20T14:46:40.766+01:00  INFO 5134 --- [ool-3-thread-46] tourGuide.service.RewardsService         : getDistance called
2023-01-20T14:46:40.765+01:00  INFO 5134 --- [ool-3-thread-10] tourGuide.service.RewardsService         : nearAttraction called with Tiger Stadium
2023-01-20T14:46:40.766+01:00  INFO 5134 --- [ool-3-thread-48] tourGuide.service.RewardsService         : nearAttraction called with Joshua Tree National Park
2023-01-20T14:46:40.766+01:00  INFO 5134 --- [ool-3-thread-10] tourGuide.service.RewardsService         : getDistance called
2023-01-20T14:46:40.766+01:00  INFO 5134 --- [ool-3-thread-48] tourGuide.service.RewardsService         : getDistance called
2023-01-20T14:46:40.765+01:00  INFO 5134 --- [ool-3-thread-11] tourGuide.service.RewardsService         : nearAttraction called with Kyle Field
2023-01-20T14:46:40.766+01:00  INFO 5134 --- [ool-3-thread-48] tourGuide.service.RewardsService         : nearAttraction called with Kartchner Caverns State Park
2023-01-20T14:46:40.765+01:00  INFO 5134 --- [ool-3-thread-22] tourGuide.service.RewardsService         : getDistance called
2023-01-20T14:46:40.766+01:00  INFO 5134 --- [ool-3-thread-48] tourGuide.service.RewardsService         : getDistance called
2023-01-20T14:46:40.766+01:00  INFO 5134 --- [ool-3-thread-56] tourGuide.service.RewardsService         : getDistance called
2023-01-20T14:46:40.766+01:00  INFO 5134 --- [ool-3-thread-22] tourGuide.service.RewardsService         : nearAttraction called with Legend Valley
2023-01-20T14:46:40.766+01:00  INFO 5134 --- [ool-3-thread-34] tourGuide.service.RewardsService         : nearAttraction called with Zoo Tampa at Lowry Park
2023-01-20T14:46:40.766+01:00  INFO 5134 --- [ool-3-thread-22] tourGuide.service.RewardsService         : getDistance called
2023-01-20T14:46:40.766+01:00  INFO 5134 --- [ool-3-thread-40] tourGuide.service.RewardsService         : nearAttraction called with Franklin Park Zoo
2023-01-20T14:46:40.766+01:00  INFO 5134 --- [ool-3-thread-22] tourGuide.service.RewardsService         : nearAttraction called with Flatiron Building
2023-01-20T14:46:40.766+01:00  INFO 5134 --- [ool-3-thread-53] tourGuide.service.RewardsService         : nearAttraction called with El Paso Zoo
2023-01-20T14:46:40.766+01:00  INFO 5134 --- [ool-3-thread-13] tourGuide.service.RewardsService         : nearAttraction called with Bronx Zoo
2023-01-20T14:46:40.766+01:00  INFO 5134 --- [ool-3-thread-53] tourGuide.service.RewardsService         : getDistance called
2023-01-20T14:46:40.766+01:00  INFO 5134 --- [pool-3-thread-5] tourGuide.service.RewardsService         : nearAttraction called with Jackson Hole
2023-01-20T14:46:40.766+01:00  INFO 5134 --- [ool-3-thread-53] tourGuide.service.RewardsService         : nearAttraction called with Fallingwater
2023-01-20T14:46:40.766+01:00  INFO 5134 --- [pool-3-thread-5] tourGuide.service.RewardsService         : getDistance called
2023-01-20T14:46:40.766+01:00  INFO 5134 --- [ool-3-thread-53] tourGuide.service.RewardsService         : getDistance called
2023-01-20T14:46:40.766+01:00  INFO 5134 --- [pool-3-thread-4] tourGuide.service.RewardsService         : getDistance called
2023-01-20T14:46:40.766+01:00  INFO 5134 --- [ool-3-thread-55] tourGuide.service.RewardsService         : getRewardPoints called with Disneyland and internalUser20
2023-01-20T14:46:40.766+01:00  INFO 5134 --- [ool-3-thread-46] tourGuide.service.RewardsService         : nearAttraction called with Buffalo National River
2023-01-20T14:46:40.766+01:00  INFO 5134 --- [ool-3-thread-10] tourGuide.service.RewardsService         : nearAttraction called with Hot Springs National Park
2023-01-20T14:46:40.766+01:00  INFO 5134 --- [ool-3-thread-11] tourGuide.service.RewardsService         : getDistance called
2023-01-20T14:46:40.766+01:00  INFO 5134 --- [ool-3-thread-48] tourGuide.service.RewardsService         : nearAttraction called with Flowers Bakery of London
2023-01-20T14:46:40.766+01:00  INFO 5134 --- [ool-3-thread-10] tourGuide.service.RewardsService         : getDistance called
2023-01-20T14:46:40.767+01:00  INFO 5134 --- [ool-3-thread-11] tourGuide.service.RewardsService         : nearAttraction called with Bryant-Denny Stadium
2023-01-20T14:46:40.766+01:00  INFO 5134 --- [ool-3-thread-56] tourGuide.service.RewardsService         : nearAttraction called with McKinley Tower
2023-01-20T14:46:40.766+01:00  INFO 5134 --- [ool-3-thread-34] tourGuide.service.RewardsService         : getDistance called
2023-01-20T14:46:40.767+01:00  INFO 5134 --- [ool-3-thread-56] tourGuide.service.RewardsService         : getDistance called
2023-01-20T14:46:40.766+01:00  INFO 5134 --- [ool-3-thread-40] tourGuide.service.RewardsService         : getDistance called
2023-01-20T14:46:40.767+01:00  INFO 5134 --- [ool-3-thread-56] tourGuide.service.RewardsService         : nearAttraction called with Kyle Field
2023-01-20T14:46:40.766+01:00  INFO 5134 --- [ool-3-thread-22] tourGuide.service.RewardsService         : getDistance called
2023-01-20T14:46:40.767+01:00  INFO 5134 --- [ool-3-thread-40] tourGuide.service.RewardsService         : nearAttraction called with San Diego Zoo
2023-01-20T14:46:40.767+01:00  INFO 5134 --- [ool-3-thread-22] tourGuide.service.RewardsService         : nearAttraction called with Zoo Tampa at Lowry Park
2023-01-20T14:46:40.766+01:00  INFO 5134 --- [ool-3-thread-13] tourGuide.service.RewardsService         : getDistance called
2023-01-20T14:46:40.767+01:00  INFO 5134 --- [ool-3-thread-22] tourGuide.service.RewardsService         : getDistance called
2023-01-20T14:46:40.766+01:00  INFO 5134 --- [pool-3-thread-5] tourGuide.service.RewardsService         : nearAttraction called with Union Station
2023-01-20T14:46:40.766+01:00  INFO 5134 --- [ool-3-thread-53] tourGuide.service.RewardsService         : nearAttraction called with Roger Dean Stadium
2023-01-20T14:46:40.767+01:00  INFO 5134 --- [pool-3-thread-5] tourGuide.service.RewardsService         : getDistance called
2023-01-20T14:46:40.766+01:00  INFO 5134 --- [pool-3-thread-4] tourGuide.service.RewardsService         : nearAttraction called with Texas Memorial Stadium
2023-01-20T14:46:40.767+01:00  INFO 5134 --- [pool-3-thread-5] tourGuide.service.RewardsService         : nearAttraction called with Kansas City Zoo
2023-01-20T14:46:40.767+01:00  INFO 5134 --- [pool-3-thread-4] tourGuide.service.RewardsService         : getDistance called
2023-01-20T14:46:40.766+01:00  INFO 5134 --- [ool-3-thread-46] tourGuide.service.RewardsService         : getDistance called
2023-01-20T14:46:40.767+01:00  INFO 5134 --- [ool-3-thread-10] tourGuide.service.RewardsService         : nearAttraction called with Tiger Stadium
2023-01-20T14:46:40.767+01:00  INFO 5134 --- [ool-3-thread-46] tourGuide.service.RewardsService         : nearAttraction called with Cinderella Castle
2023-01-20T14:46:40.767+01:00  INFO 5134 --- [ool-3-thread-10] tourGuide.service.RewardsService         : getDistance called
2023-01-20T14:46:40.767+01:00  INFO 5134 --- [ool-3-thread-46] tourGuide.service.RewardsService         : getDistance called
2023-01-20T14:46:40.767+01:00  INFO 5134 --- [ool-3-thread-11] tourGuide.service.RewardsService         : getDistance called
2023-01-20T14:46:40.767+01:00  INFO 5134 --- [ool-3-thread-46] tourGuide.service.RewardsService         : nearAttraction called with Jackson Hole
2023-01-20T14:46:40.767+01:00  INFO 5134 --- [ool-3-thread-48] tourGuide.service.RewardsService         : getDistance called
2023-01-20T14:46:40.767+01:00  INFO 5134 --- [ool-3-thread-46] tourGuide.service.RewardsService         : getDistance called
2023-01-20T14:46:40.767+01:00  INFO 5134 --- [ool-3-thread-34] tourGuide.service.RewardsService         : nearAttraction called with Neyland Stadium
2023-01-20T14:46:40.767+01:00  INFO 5134 --- [ool-3-thread-56] tourGuide.service.RewardsService         : getDistance called
2023-01-20T14:46:40.767+01:00  INFO 5134 --- [ool-3-thread-34] tourGuide.service.RewardsService         : getDistance called
2023-01-20T14:46:40.767+01:00  INFO 5134 --- [ool-3-thread-40] tourGuide.service.RewardsService         : getDistance called
2023-01-20T14:46:40.767+01:00  INFO 5134 --- [ool-3-thread-34] tourGuide.service.RewardsService         : nearAttraction called with Kartchner Caverns State Park
2023-01-20T14:46:40.767+01:00  INFO 5134 --- [ool-3-thread-22] tourGuide.service.RewardsService         : nearAttraction called with El Paso Zoo
2023-01-20T14:46:40.767+01:00  INFO 5134 --- [ool-3-thread-34] tourGuide.service.RewardsService         : getDistance called
2023-01-20T14:46:40.767+01:00  INFO 5134 --- [ool-3-thread-13] tourGuide.service.RewardsService         : nearAttraction called with Franklin Park Zoo
2023-01-20T14:46:40.767+01:00  INFO 5134 --- [ool-3-thread-22] tourGuide.service.RewardsService         : getDistance called
2023-01-20T14:46:40.767+01:00  INFO 5134 --- [ool-3-thread-13] tourGuide.service.RewardsService         : getDistance called
2023-01-20T14:46:40.767+01:00  INFO 5134 --- [ool-3-thread-34] tourGuide.service.RewardsService         : nearAttraction called with Flowers Bakery of London
2023-01-20T14:46:40.767+01:00  INFO 5134 --- [ool-3-thread-53] tourGuide.service.RewardsService         : getDistance called
2023-01-20T14:46:40.767+01:00  INFO 5134 --- [ool-3-thread-34] tourGuide.service.RewardsService         : getDistance called
2023-01-20T14:46:40.767+01:00  INFO 5134 --- [pool-3-thread-5] tourGuide.service.RewardsService         : getDistance called
2023-01-20T14:46:40.767+01:00  INFO 5134 --- [ool-3-thread-34] tourGuide.service.RewardsService         : nearAttraction called with Union Station
2023-01-20T14:46:40.767+01:00  INFO 5134 --- [pool-3-thread-5] tourGuide.service.RewardsService         : nearAttraction called with Roger Dean Stadium
2023-01-20T14:46:40.767+01:00  INFO 5134 --- [pool-3-thread-4] tourGuide.service.RewardsService         : nearAttraction called with Bronx Zoo
2023-01-20T14:46:40.767+01:00  INFO 5134 --- [pool-3-thread-5] tourGuide.service.RewardsService         : getDistance called
2023-01-20T14:46:40.767+01:00  INFO 5134 --- [ool-3-thread-10] tourGuide.service.RewardsService         : nearAttraction called with Disneyland
2023-01-20T14:46:40.767+01:00  INFO 5134 --- [pool-3-thread-5] tourGuide.service.RewardsService         : nearAttraction called with Texas Memorial Stadium
2023-01-20T14:46:40.767+01:00  INFO 5134 --- [ool-3-thread-11] tourGuide.service.RewardsService         : nearAttraction called with Mojave National Preserve
2023-01-20T14:46:40.767+01:00  INFO 5134 --- [ool-3-thread-48] tourGuide.service.RewardsService         : nearAttraction called with Joshua Tree National Park
2023-01-20T14:46:40.767+01:00  INFO 5134 --- [ool-3-thread-46] tourGuide.service.RewardsService         : nearAttraction called with Buffalo National River
2023-01-20T14:46:40.767+01:00  INFO 5134 --- [ool-3-thread-56] tourGuide.service.RewardsService         : nearAttraction called with Hot Springs National Park
2023-01-20T14:46:40.768+01:00  INFO 5134 --- [ool-3-thread-46] tourGuide.service.RewardsService         : getDistance called
2023-01-20T14:46:40.767+01:00  INFO 5134 --- [ool-3-thread-40] tourGuide.service.RewardsService         : nearAttraction called with Legend Valley
2023-01-20T14:46:40.767+01:00  INFO 5134 --- [ool-3-thread-22] tourGuide.service.RewardsService         : nearAttraction called with McKinley Tower
2023-01-20T14:46:40.768+01:00  INFO 5134 --- [ool-3-thread-40] tourGuide.service.RewardsService         : getDistance called
2023-01-20T14:46:40.768+01:00  INFO 5134 --- [ool-3-thread-22] tourGuide.service.RewardsService         : getDistance called
2023-01-20T14:46:40.767+01:00  INFO 5134 --- [ool-3-thread-13] tourGuide.service.RewardsService         : nearAttraction called with Flatiron Building
2023-01-20T14:46:40.767+01:00  INFO 5134 --- [ool-3-thread-53] tourGuide.service.RewardsService         : nearAttraction called with Fallingwater
2023-01-20T14:46:40.768+01:00  INFO 5134 --- [ool-3-thread-13] tourGuide.service.RewardsService         : getDistance called
2023-01-20T14:46:40.767+01:00  INFO 5134 --- [ool-3-thread-34] tourGuide.service.RewardsService         : getDistance called
2023-01-20T14:46:40.768+01:00  INFO 5134 --- [ool-3-thread-13] tourGuide.service.RewardsService         : nearAttraction called with Kyle Field
2023-01-20T14:46:40.767+01:00  INFO 5134 --- [pool-3-thread-4] tourGuide.service.RewardsService         : getDistance called
2023-01-20T14:46:40.768+01:00  INFO 5134 --- [ool-3-thread-13] tourGuide.service.RewardsService         : getDistance called
2023-01-20T14:46:40.768+01:00  INFO 5134 --- [ool-3-thread-10] tourGuide.service.RewardsService         : getDistance called
2023-01-20T14:46:40.768+01:00  INFO 5134 --- [ool-3-thread-11] tourGuide.service.RewardsService         : getDistance called
2023-01-20T14:46:40.768+01:00  INFO 5134 --- [pool-3-thread-5] tourGuide.service.RewardsService         : getDistance called
2023-01-20T14:46:40.768+01:00  INFO 5134 --- [ool-3-thread-48] tourGuide.service.RewardsService         : getDistance called
2023-01-20T14:46:40.768+01:00  INFO 5134 --- [ool-3-thread-56] tourGuide.service.RewardsService         : getDistance called
2023-01-20T14:46:40.768+01:00  INFO 5134 --- [ool-3-thread-46] tourGuide.service.RewardsService         : nearAttraction called with Bryant-Denny Stadium
2023-01-20T14:46:40.768+01:00  INFO 5134 --- [ool-3-thread-48] tourGuide.service.RewardsService         : nearAttraction called with Bronx Zoo
2023-01-20T14:46:40.768+01:00  INFO 5134 --- [ool-3-thread-46] tourGuide.service.RewardsService         : getDistance called
2023-01-20T14:46:40.768+01:00  INFO 5134 --- [ool-3-thread-48] tourGuide.service.RewardsService         : getDistance called
2023-01-20T14:46:40.768+01:00  INFO 5134 --- [ool-3-thread-40] tourGuide.service.RewardsService         : nearAttraction called with Tiger Stadium
2023-01-20T14:46:40.768+01:00  INFO 5134 --- [ool-3-thread-48] tourGuide.service.RewardsService         : nearAttraction called with Jackson Hole
2023-01-20T14:46:40.768+01:00  INFO 5134 --- [ool-3-thread-40] tourGuide.service.RewardsService         : getDistance called
2023-01-20T14:46:40.768+01:00  INFO 5134 --- [ool-3-thread-48] tourGuide.service.RewardsService         : getDistance called
2023-01-20T14:46:40.768+01:00  INFO 5134 --- [ool-3-thread-22] tourGuide.service.RewardsService         : nearAttraction called with Neyland Stadium
2023-01-20T14:46:40.768+01:00  INFO 5134 --- [ool-3-thread-48] tourGuide.service.RewardsService         : nearAttraction called with Joshua Tree National Park
2023-01-20T14:46:40.768+01:00  INFO 5134 --- [ool-3-thread-53] tourGuide.service.RewardsService         : getDistance called
2023-01-20T14:46:40.768+01:00  INFO 5134 --- [ool-3-thread-48] tourGuide.service.RewardsService         : getDistance called
2023-01-20T14:46:40.768+01:00  INFO 5134 --- [ool-3-thread-34] tourGuide.service.RewardsService         : nearAttraction called with San Diego Zoo
2023-01-20T14:46:40.768+01:00  INFO 5134 --- [ool-3-thread-53] tourGuide.service.RewardsService         : nearAttraction called with Buffalo National River
2023-01-20T14:46:40.768+01:00  INFO 5134 --- [pool-3-thread-4] tourGuide.service.RewardsService         : nearAttraction called with Zoo Tampa at Lowry Park
2023-01-20T14:46:40.768+01:00  INFO 5134 --- [ool-3-thread-13] tourGuide.service.RewardsService         : nearAttraction called with Franklin Park Zoo
2023-01-20T14:46:40.768+01:00  INFO 5134 --- [pool-3-thread-4] tourGuide.service.RewardsService         : getDistance called
2023-01-20T14:46:40.768+01:00  INFO 5134 --- [ool-3-thread-13] tourGuide.service.RewardsService         : getDistance called
2023-01-20T14:46:40.768+01:00  INFO 5134 --- [ool-3-thread-10] tourGuide.service.RewardsService         : getRewardPoints called with Disneyland and internalUser38
2023-01-20T14:46:40.768+01:00  INFO 5134 --- [ool-3-thread-13] tourGuide.service.RewardsService         : nearAttraction called with Legend Valley
2023-01-20T14:46:40.768+01:00  INFO 5134 --- [ool-3-thread-11] tourGuide.service.RewardsService         : nearAttraction called with El Paso Zoo
2023-01-20T14:46:40.768+01:00  INFO 5134 --- [pool-3-thread-5] tourGuide.service.RewardsService         : nearAttraction called with Kansas City Zoo
2023-01-20T14:46:40.768+01:00  INFO 5134 --- [ool-3-thread-11] tourGuide.service.RewardsService         : getDistance called
2023-01-20T14:46:40.768+01:00  INFO 5134 --- [pool-3-thread-5] tourGuide.service.RewardsService         : getDistance called
2023-01-20T14:46:40.768+01:00  INFO 5134 --- [ool-3-thread-11] tourGuide.service.RewardsService         : nearAttraction called with Flowers Bakery of London
2023-01-20T14:46:40.768+01:00  INFO 5134 --- [ool-3-thread-56] tourGuide.service.RewardsService         : nearAttraction called with Cinderella Castle
2023-01-20T14:46:40.769+01:00  INFO 5134 --- [pool-3-thread-5] tourGuide.service.RewardsService         : nearAttraction called with McKinley Tower
2023-01-20T14:46:40.769+01:00  INFO 5134 --- [ool-3-thread-56] tourGuide.service.RewardsService         : getDistance called
2023-01-20T14:46:40.769+01:00  INFO 5134 --- [pool-3-thread-5] tourGuide.service.RewardsService         : getDistance called
2023-01-20T14:46:40.768+01:00  INFO 5134 --- [ool-3-thread-46] tourGuide.service.RewardsService         : nearAttraction called with Disneyland
2023-01-20T14:46:40.769+01:00  INFO 5134 --- [pool-3-thread-5] tourGuide.service.RewardsService         : nearAttraction called with Fallingwater
2023-01-20T14:46:40.768+01:00  INFO 5134 --- [ool-3-thread-40] tourGuide.service.RewardsService         : nearAttraction called with Mojave National Preserve
2023-01-20T14:46:40.769+01:00  INFO 5134 --- [pool-3-thread-5] tourGuide.service.RewardsService         : getDistance called
2023-01-20T14:46:40.769+01:00  INFO 5134 --- [ool-3-thread-40] tourGuide.service.RewardsService         : getDistance called
2023-01-20T14:46:40.768+01:00  INFO 5134 --- [ool-3-thread-22] tourGuide.service.RewardsService         : getDistance called
2023-01-20T14:46:40.768+01:00  INFO 5134 --- [ool-3-thread-48] tourGuide.service.RewardsService         : nearAttraction called with Hot Springs National Park
2023-01-20T14:46:40.769+01:00  INFO 5134 --- [ool-3-thread-22] tourGuide.service.RewardsService         : nearAttraction called with Texas Memorial Stadium
2023-01-20T14:46:40.768+01:00  INFO 5134 --- [ool-3-thread-34] tourGuide.service.RewardsService         : getDistance called
2023-01-20T14:46:40.768+01:00  INFO 5134 --- [ool-3-thread-53] tourGuide.service.RewardsService         : getDistance called
2023-01-20T14:46:40.769+01:00  INFO 5134 --- [ool-3-thread-34] tourGuide.service.RewardsService         : nearAttraction called with Bryant-Denny Stadium
2023-01-20T14:46:40.769+01:00  INFO 5134 --- [ool-3-thread-53] tourGuide.service.RewardsService         : nearAttraction called with Tiger Stadium
2023-01-20T14:46:40.768+01:00  INFO 5134 --- [pool-3-thread-4] tourGuide.service.RewardsService         : nearAttraction called with Kartchner Caverns State Park
2023-01-20T14:46:40.768+01:00  INFO 5134 --- [ool-3-thread-13] tourGuide.service.RewardsService         : getDistance called
2023-01-20T14:46:40.769+01:00  INFO 5134 --- [pool-3-thread-4] tourGuide.service.RewardsService         : getDistance called
2023-01-20T14:46:40.769+01:00  INFO 5134 --- [ool-3-thread-13] tourGuide.service.RewardsService         : nearAttraction called with Neyland Stadium
2023-01-20T14:46:40.769+01:00  INFO 5134 --- [ool-3-thread-11] tourGuide.service.RewardsService         : getDistance called
2023-01-20T14:46:40.769+01:00  INFO 5134 --- [ool-3-thread-56] tourGuide.service.RewardsService         : nearAttraction called with Flatiron Building
2023-01-20T14:46:40.769+01:00  INFO 5134 --- [ool-3-thread-46] tourGuide.service.RewardsService         : getDistance called
2023-01-20T14:46:40.769+01:00  INFO 5134 --- [ool-3-thread-11] tourGuide.service.RewardsService         : nearAttraction called with San Diego Zoo
2023-01-20T14:46:40.769+01:00  INFO 5134 --- [pool-3-thread-5] tourGuide.service.RewardsService         : nearAttraction called with Union Station
2023-01-20T14:46:40.769+01:00  INFO 5134 --- [ool-3-thread-40] tourGuide.service.RewardsService         : nearAttraction called with Roger Dean Stadium
2023-01-20T14:46:40.769+01:00  INFO 5134 --- [pool-3-thread-5] tourGuide.service.RewardsService         : getDistance called
2023-01-20T14:46:40.769+01:00  INFO 5134 --- [ool-3-thread-40] tourGuide.service.RewardsService         : getDistance called
2023-01-20T14:46:40.769+01:00  INFO 5134 --- [pool-3-thread-5] tourGuide.service.RewardsService         : nearAttraction called with Zoo Tampa at Lowry Park
2023-01-20T14:46:40.769+01:00  INFO 5134 --- [ool-3-thread-48] tourGuide.service.RewardsService         : getDistance called
2023-01-20T14:46:40.769+01:00  INFO 5134 --- [ool-3-thread-22] tourGuide.service.RewardsService         : getDistance called
2023-01-20T14:46:40.769+01:00  INFO 5134 --- [ool-3-thread-48] tourGuide.service.RewardsService         : nearAttraction called with El Paso Zoo
2023-01-20T14:46:40.769+01:00  INFO 5134 --- [ool-3-thread-34] tourGuide.service.RewardsService         : getDistance called
2023-01-20T14:46:40.769+01:00  INFO 5134 --- [ool-3-thread-48] tourGuide.service.RewardsService         : getDistance called
2023-01-20T14:46:40.769+01:00  INFO 5134 --- [ool-3-thread-53] tourGuide.service.RewardsService         : getDistance called
2023-01-20T14:46:40.769+01:00  INFO 5134 --- [pool-3-thread-4] tourGuide.service.RewardsService         : nearAttraction called with Kyle Field
2023-01-20T14:46:40.769+01:00  INFO 5134 --- [ool-3-thread-13] tourGuide.service.RewardsService         : getDistance called
2023-01-20T14:46:40.769+01:00  INFO 5134 --- [pool-3-thread-4] tourGuide.service.RewardsService         : getDistance called
2023-01-20T14:46:40.769+01:00  INFO 5134 --- [ool-3-thread-56] tourGuide.service.RewardsService         : getDistance called
2023-01-20T14:46:40.769+01:00  INFO 5134 --- [pool-3-thread-4] tourGuide.service.RewardsService         : nearAttraction called with Mojave National Preserve
2023-01-20T14:46:40.769+01:00  INFO 5134 --- [ool-3-thread-46] tourGuide.service.RewardsService         : getRewardPoints called with Disneyland and internalUser37
2023-01-20T14:46:40.769+01:00  INFO 5134 --- [ool-3-thread-11] tourGuide.service.RewardsService         : getDistance called
2023-01-20T14:46:40.769+01:00  INFO 5134 --- [ool-3-thread-40] tourGuide.service.RewardsService         : nearAttraction called with Franklin Park Zoo
2023-01-20T14:46:40.769+01:00  INFO 5134 --- [pool-3-thread-5] tourGuide.service.RewardsService         : getDistance called
2023-01-20T14:46:40.770+01:00  INFO 5134 --- [ool-3-thread-40] tourGuide.service.RewardsService         : getDistance called
2023-01-20T14:46:40.769+01:00  INFO 5134 --- [ool-3-thread-22] tourGuide.service.RewardsService         : nearAttraction called with Kansas City Zoo
2023-01-20T14:46:40.769+01:00  INFO 5134 --- [ool-3-thread-34] tourGuide.service.RewardsService         : nearAttraction called with Bronx Zoo
2023-01-20T14:46:40.770+01:00  INFO 5134 --- [ool-3-thread-22] tourGuide.service.RewardsService         : getDistance called
2023-01-20T14:46:40.769+01:00  INFO 5134 --- [ool-3-thread-48] tourGuide.service.RewardsService         : nearAttraction called with Cinderella Castle
2023-01-20T14:46:40.769+01:00  INFO 5134 --- [ool-3-thread-53] tourGuide.service.RewardsService         : nearAttraction called with Disneyland
2023-01-20T14:46:40.770+01:00  INFO 5134 --- [ool-3-thread-48] tourGuide.service.RewardsService         : getDistance called
2023-01-20T14:46:40.769+01:00  INFO 5134 --- [ool-3-thread-13] tourGuide.service.RewardsService         : nearAttraction called with Jackson Hole
2023-01-20T14:46:40.770+01:00  INFO 5134 --- [ool-3-thread-48] tourGuide.service.RewardsService         : nearAttraction called with Flowers Bakery of London
2023-01-20T14:46:40.770+01:00  INFO 5134 --- [pool-3-thread-4] tourGuide.service.RewardsService         : getDistance called
2023-01-20T14:46:40.770+01:00  INFO 5134 --- [ool-3-thread-48] tourGuide.service.RewardsService         : getDistance called
2023-01-20T14:46:40.770+01:00  INFO 5134 --- [ool-3-thread-56] tourGuide.service.RewardsService         : nearAttraction called with Joshua Tree National Park
2023-01-20T14:46:40.770+01:00  INFO 5134 --- [ool-3-thread-11] tourGuide.service.RewardsService         : nearAttraction called with Buffalo National River
2023-01-20T14:46:40.770+01:00  INFO 5134 --- [pool-3-thread-5] tourGuide.service.RewardsService         : nearAttraction called with Hot Springs National Park
2023-01-20T14:46:40.770+01:00  INFO 5134 --- [ool-3-thread-40] tourGuide.service.RewardsService         : nearAttraction called with Kartchner Caverns State Park
2023-01-20T14:46:40.770+01:00  INFO 5134 --- [pool-3-thread-5] tourGuide.service.RewardsService         : getDistance called
2023-01-20T14:46:40.770+01:00  INFO 5134 --- [ool-3-thread-40] tourGuide.service.RewardsService         : getDistance called
2023-01-20T14:46:40.770+01:00  INFO 5134 --- [ool-3-thread-34] tourGuide.service.RewardsService         : getDistance called
2023-01-20T14:46:40.770+01:00  INFO 5134 --- [ool-3-thread-40] tourGuide.service.RewardsService         : nearAttraction called with Union Station
2023-01-20T14:46:40.770+01:00  INFO 5134 --- [ool-3-thread-22] tourGuide.service.RewardsService         : nearAttraction called with Legend Valley
2023-01-20T14:46:40.770+01:00  INFO 5134 --- [ool-3-thread-40] tourGuide.service.RewardsService         : getDistance called
2023-01-20T14:46:40.770+01:00  INFO 5134 --- [ool-3-thread-53] tourGuide.service.RewardsService         : getDistance called
2023-01-20T14:46:40.770+01:00  INFO 5134 --- [ool-3-thread-22] tourGuide.service.RewardsService         : getDistance called
2023-01-20T14:46:40.770+01:00  INFO 5134 --- [ool-3-thread-13] tourGuide.service.RewardsService         : getDistance called
2023-01-20T14:46:40.770+01:00  INFO 5134 --- [pool-3-thread-4] tourGuide.service.RewardsService         : nearAttraction called with McKinley Tower
2023-01-20T14:46:40.770+01:00  INFO 5134 --- [ool-3-thread-48] tourGuide.service.RewardsService         : nearAttraction called with Flatiron Building
2023-01-20T14:46:40.770+01:00  INFO 5134 --- [ool-3-thread-56] tourGuide.service.RewardsService         : getDistance called
2023-01-20T14:46:40.770+01:00  INFO 5134 --- [ool-3-thread-48] tourGuide.service.RewardsService         : getDistance called
2023-01-20T14:46:40.770+01:00  INFO 5134 --- [ool-3-thread-11] tourGuide.service.RewardsService         : getDistance called
2023-01-20T14:46:40.770+01:00  INFO 5134 --- [ool-3-thread-48] tourGuide.service.RewardsService         : nearAttraction called with Kyle Field
2023-01-20T14:46:40.770+01:00  INFO 5134 --- [pool-3-thread-5] tourGuide.service.RewardsService         : nearAttraction called with Fallingwater
2023-01-20T14:46:40.770+01:00  INFO 5134 --- [ool-3-thread-48] tourGuide.service.RewardsService         : getDistance called
2023-01-20T14:46:40.770+01:00  INFO 5134 --- [ool-3-thread-34] tourGuide.service.RewardsService         : nearAttraction called with Roger Dean Stadium
2023-01-20T14:46:40.770+01:00  INFO 5134 --- [ool-3-thread-40] tourGuide.service.RewardsService         : nearAttraction called with Texas Memorial Stadium
2023-01-20T14:46:40.770+01:00  INFO 5134 --- [ool-3-thread-34] tourGuide.service.RewardsService         : getDistance called
2023-01-20T14:46:40.770+01:00  INFO 5134 --- [ool-3-thread-53] tourGuide.service.RewardsService         : getRewardPoints called with Disneyland and internalUser39
2023-01-20T14:46:40.770+01:00  INFO 5134 --- [ool-3-thread-34] tourGuide.service.RewardsService         : nearAttraction called with Franklin Park Zoo
2023-01-20T14:46:40.770+01:00  INFO 5134 --- [ool-3-thread-22] tourGuide.service.RewardsService         : nearAttraction called with Bryant-Denny Stadium
2023-01-20T14:46:40.770+01:00  INFO 5134 --- [ool-3-thread-13] tourGuide.service.RewardsService         : nearAttraction called with Tiger Stadium
2023-01-20T14:46:40.771+01:00  INFO 5134 --- [ool-3-thread-22] tourGuide.service.RewardsService         : getDistance called
2023-01-20T14:46:40.770+01:00  INFO 5134 --- [pool-3-thread-4] tourGuide.service.RewardsService         : getDistance called
2023-01-20T14:46:40.771+01:00  INFO 5134 --- [ool-3-thread-22] tourGuide.service.RewardsService         : nearAttraction called with El Paso Zoo
2023-01-20T14:46:40.770+01:00  INFO 5134 --- [ool-3-thread-56] tourGuide.service.RewardsService         : nearAttraction called with Neyland Stadium
2023-01-20T14:46:40.771+01:00  INFO 5134 --- [ool-3-thread-22] tourGuide.service.RewardsService         : getDistance called
2023-01-20T14:46:40.770+01:00  INFO 5134 --- [ool-3-thread-11] tourGuide.service.RewardsService         : nearAttraction called with San Diego Zoo
2023-01-20T14:46:40.771+01:00  INFO 5134 --- [ool-3-thread-22] tourGuide.service.RewardsService         : nearAttraction called with Bronx Zoo
2023-01-20T14:46:40.771+01:00  INFO 5134 --- [ool-3-thread-11] tourGuide.service.RewardsService         : getDistance called
2023-01-20T14:46:40.770+01:00  INFO 5134 --- [pool-3-thread-5] tourGuide.service.RewardsService         : getDistance called
2023-01-20T14:46:40.770+01:00  INFO 5134 --- [ool-3-thread-48] tourGuide.service.RewardsService         : nearAttraction called with Zoo Tampa at Lowry Park
2023-01-20T14:46:40.770+01:00  INFO 5134 --- [ool-3-thread-40] tourGuide.service.RewardsService         : getDistance called
2023-01-20T14:46:40.771+01:00  INFO 5134 --- [ool-3-thread-34] tourGuide.service.RewardsService         : getDistance called
2023-01-20T14:46:40.771+01:00  INFO 5134 --- [ool-3-thread-13] tourGuide.service.RewardsService         : getDistance called
2023-01-20T14:46:40.771+01:00  INFO 5134 --- [pool-3-thread-4] tourGuide.service.RewardsService         : nearAttraction called with Kansas City Zoo
2023-01-20T14:46:40.771+01:00  INFO 5134 --- [ool-3-thread-13] tourGuide.service.RewardsService         : nearAttraction called with Joshua Tree National Park
2023-01-20T14:46:40.771+01:00  INFO 5134 --- [ool-3-thread-56] tourGuide.service.RewardsService         : getDistance called
2023-01-20T14:46:40.771+01:00  INFO 5134 --- [ool-3-thread-22] tourGuide.service.RewardsService         : getDistance called
2023-01-20T14:46:40.771+01:00  INFO 5134 --- [ool-3-thread-11] tourGuide.service.RewardsService         : nearAttraction called with Cinderella Castle
2023-01-20T14:46:40.771+01:00  INFO 5134 --- [ool-3-thread-22] tourGuide.service.RewardsService         : nearAttraction called with Hot Springs National Park
2023-01-20T14:46:40.771+01:00  INFO 5134 --- [ool-3-thread-11] tourGuide.service.RewardsService         : getDistance called
2023-01-20T14:46:40.771+01:00  INFO 5134 --- [ool-3-thread-22] tourGuide.service.RewardsService         : getDistance called
2023-01-20T14:46:40.771+01:00  INFO 5134 --- [pool-3-thread-5] tourGuide.service.RewardsService         : nearAttraction called with Disneyland
2023-01-20T14:46:40.771+01:00  INFO 5134 --- [ool-3-thread-22] tourGuide.service.RewardsService         : nearAttraction called with Legend Valley
2023-01-20T14:46:40.771+01:00  INFO 5134 --- [ool-3-thread-48] tourGuide.service.RewardsService         : getDistance called
2023-01-20T14:46:40.771+01:00  INFO 5134 --- [ool-3-thread-40] tourGuide.service.RewardsService         : nearAttraction called with Jackson Hole
2023-01-20T14:46:40.771+01:00  INFO 5134 --- [ool-3-thread-34] tourGuide.service.RewardsService         : nearAttraction called with Mojave National Preserve
2023-01-20T14:46:40.771+01:00  INFO 5134 --- [pool-3-thread-4] tourGuide.service.RewardsService         : getDistance called
2023-01-20T14:46:40.771+01:00  INFO 5134 --- [ool-3-thread-13] tourGuide.service.RewardsService         : getDistance called
2023-01-20T14:46:40.771+01:00  INFO 5134 --- [ool-3-thread-56] tourGuide.service.RewardsService         : nearAttraction called with Buffalo National River
2023-01-20T14:46:40.771+01:00  INFO 5134 --- [ool-3-thread-11] tourGuide.service.RewardsService         : nearAttraction called with Kartchner Caverns State Park
2023-01-20T14:46:40.771+01:00  INFO 5134 --- [ool-3-thread-56] tourGuide.service.RewardsService         : getDistance called
2023-01-20T14:46:40.771+01:00  INFO 5134 --- [ool-3-thread-11] tourGuide.service.RewardsService         : getDistance called
2023-01-20T14:46:40.771+01:00  INFO 5134 --- [pool-3-thread-5] tourGuide.service.RewardsService         : getDistance called
2023-01-20T14:46:40.771+01:00  INFO 5134 --- [ool-3-thread-11] tourGuide.service.RewardsService         : nearAttraction called with Union Station
2023-01-20T14:46:40.771+01:00  INFO 5134 --- [ool-3-thread-22] tourGuide.service.RewardsService         : getDistance called
2023-01-20T14:46:40.771+01:00  INFO 5134 --- [ool-3-thread-11] tourGuide.service.RewardsService         : getDistance called
2023-01-20T14:46:40.771+01:00  INFO 5134 --- [ool-3-thread-48] tourGuide.service.RewardsService         : nearAttraction called with Flowers Bakery of London
2023-01-20T14:46:40.771+01:00  INFO 5134 --- [ool-3-thread-40] tourGuide.service.RewardsService         : getDistance called
2023-01-20T14:46:40.772+01:00  INFO 5134 --- [ool-3-thread-48] tourGuide.service.RewardsService         : getDistance called
2023-01-20T14:46:40.771+01:00  INFO 5134 --- [ool-3-thread-34] tourGuide.service.RewardsService         : getDistance called
2023-01-20T14:46:40.772+01:00  INFO 5134 --- [ool-3-thread-40] tourGuide.service.RewardsService         : nearAttraction called with Bryant-Denny Stadium
2023-01-20T14:46:40.771+01:00  INFO 5134 --- [pool-3-thread-4] tourGuide.service.RewardsService         : nearAttraction called with McKinley Tower
2023-01-20T14:46:40.772+01:00  INFO 5134 --- [ool-3-thread-40] tourGuide.service.RewardsService         : getDistance called
2023-01-20T14:46:40.771+01:00  INFO 5134 --- [ool-3-thread-13] tourGuide.service.RewardsService         : nearAttraction called with Flatiron Building
2023-01-20T14:46:40.772+01:00  INFO 5134 --- [ool-3-thread-40] tourGuide.service.RewardsService         : nearAttraction called with San Diego Zoo
2023-01-20T14:46:40.772+01:00  INFO 5134 --- [ool-3-thread-13] tourGuide.service.RewardsService         : getDistance called
2023-01-20T14:46:40.771+01:00  INFO 5134 --- [ool-3-thread-56] tourGuide.service.RewardsService         : nearAttraction called with Fallingwater
2023-01-20T14:46:40.771+01:00  INFO 5134 --- [pool-3-thread-5] tourGuide.service.RewardsService         : getRewardPoints called with Disneyland and internalUser34
2023-01-20T14:46:40.772+01:00  INFO 5134 --- [ool-3-thread-22] tourGuide.service.RewardsService         : nearAttraction called with Roger Dean Stadium
2023-01-20T14:46:40.772+01:00  INFO 5134 --- [ool-3-thread-11] tourGuide.service.RewardsService         : nearAttraction called with Texas Memorial Stadium
2023-01-20T14:46:40.772+01:00  INFO 5134 --- [ool-3-thread-22] tourGuide.service.RewardsService         : getDistance called
2023-01-20T14:46:40.772+01:00  INFO 5134 --- [ool-3-thread-11] tourGuide.service.RewardsService         : getDistance called
2023-01-20T14:46:40.772+01:00  INFO 5134 --- [ool-3-thread-42] tourGuide.service.RewardsService         : nearAttraction called with Tiger Stadium
2023-01-20T14:46:40.772+01:00  INFO 5134 --- [ool-3-thread-48] tourGuide.service.RewardsService         : nearAttraction called with Neyland Stadium
2023-01-20T14:46:40.772+01:00  INFO 5134 --- [ool-3-thread-34] tourGuide.service.RewardsService         : nearAttraction called with Kyle Field
2023-01-20T14:46:40.772+01:00  INFO 5134 --- [ool-6-thread-56] tourGuide.service.RewardsService         : Rewards of internalUser22 calculated by calculateRewards
2023-01-20T14:46:40.772+01:00  INFO 5134 --- [pool-3-thread-4] tourGuide.service.RewardsService         : getDistance called
2023-01-20T14:46:40.772+01:00  INFO 5134 --- [ool-3-thread-40] tourGuide.service.RewardsService         : getDistance called
2023-01-20T14:46:40.772+01:00  INFO 5134 --- [ool-3-thread-13] tourGuide.service.RewardsService         : nearAttraction called with Zoo Tampa at Lowry Park
2023-01-20T14:46:40.772+01:00  INFO 5134 --- [ool-3-thread-56] tourGuide.service.RewardsService         : getDistance called
2023-01-20T14:46:40.772+01:00  INFO 5134 --- [ool-3-thread-13] tourGuide.service.RewardsService         : getDistance called
2023-01-20T14:46:40.772+01:00  INFO 5134 --- [ool-3-thread-22] tourGuide.service.RewardsService         : nearAttraction called with Franklin Park Zoo
2023-01-20T14:46:40.772+01:00  INFO 5134 --- [ool-3-thread-56] tourGuide.service.RewardsService         : nearAttraction called with Cinderella Castle
2023-01-20T14:46:40.772+01:00  INFO 5134 --- [ool-3-thread-22] tourGuide.service.RewardsService         : getDistance called
2023-01-20T14:46:40.772+01:00  INFO 5134 --- [ool-3-thread-56] tourGuide.service.RewardsService         : getDistance called
2023-01-20T14:46:40.772+01:00  INFO 5134 --- [ool-3-thread-11] tourGuide.service.RewardsService         : nearAttraction called with El Paso Zoo
2023-01-20T14:46:40.772+01:00  INFO 5134 --- [ool-3-thread-56] tourGuide.service.RewardsService         : nearAttraction called with Mojave National Preserve
2023-01-20T14:46:40.772+01:00  INFO 5134 --- [ool-3-thread-11] tourGuide.service.RewardsService         : getDistance called
2023-01-20T14:46:40.772+01:00  INFO 5134 --- [ool-3-thread-42] tourGuide.service.RewardsService         : getDistance called
2023-01-20T14:46:40.772+01:00  INFO 5134 --- [ool-3-thread-48] tourGuide.service.RewardsService         : getDistance called
2023-01-20T14:46:40.772+01:00  INFO 5134 --- [ool-3-thread-34] tourGuide.service.RewardsService         : getDistance called
2023-01-20T14:46:40.772+01:00  INFO 5134 --- [pool-3-thread-4] tourGuide.service.RewardsService         : nearAttraction called with Kansas City Zoo
2023-01-20T14:46:40.772+01:00  INFO 5134 --- [ool-3-thread-34] tourGuide.service.RewardsService         : nearAttraction called with Kartchner Caverns State Park
2023-01-20T14:46:40.772+01:00  INFO 5134 --- [pool-3-thread-4] tourGuide.service.RewardsService         : getDistance called
2023-01-20T14:46:40.772+01:00  INFO 5134 --- [ool-3-thread-34] tourGuide.service.RewardsService         : getDistance called
2023-01-20T14:46:40.772+01:00  INFO 5134 --- [ool-3-thread-40] tourGuide.service.RewardsService         : nearAttraction called with Bronx Zoo
2023-01-20T14:46:40.772+01:00  INFO 5134 --- [ool-3-thread-34] tourGuide.service.RewardsService         : nearAttraction called with Flowers Bakery of London
2023-01-20T14:46:40.772+01:00  INFO 5134 --- [ool-3-thread-13] tourGuide.service.RewardsService         : nearAttraction called with Disneyland
2023-01-20T14:46:40.772+01:00  INFO 5134 --- [ool-3-thread-22] tourGuide.service.RewardsService         : nearAttraction called with Jackson Hole
2023-01-20T14:46:40.772+01:00  INFO 5134 --- [ool-3-thread-13] tourGuide.service.RewardsService         : getDistance called
2023-01-20T14:46:40.772+01:00  INFO 5134 --- [ool-3-thread-22] tourGuide.service.RewardsService         : getDistance called
2023-01-20T14:46:40.772+01:00  INFO 5134 --- [ool-3-thread-56] tourGuide.service.RewardsService         : getDistance called
2023-01-20T14:46:40.772+01:00  INFO 5134 --- [ool-3-thread-11] tourGuide.service.RewardsService         : nearAttraction called with Joshua Tree National Park
2023-01-20T14:46:40.772+01:00  INFO 5134 --- [ool-3-thread-42] tourGuide.service.RewardsService         : nearAttraction called with Buffalo National River
2023-01-20T14:46:40.773+01:00  INFO 5134 --- [ool-3-thread-11] tourGuide.service.RewardsService         : getDistance called
2023-01-20T14:46:40.772+01:00  INFO 5134 --- [ool-3-thread-48] tourGuide.service.RewardsService         : nearAttraction called with Hot Springs National Park
2023-01-20T14:46:40.772+01:00  INFO 5134 --- [pool-3-thread-4] tourGuide.service.RewardsService         : nearAttraction called with Legend Valley
2023-01-20T14:46:40.773+01:00  INFO 5134 --- [ool-3-thread-48] tourGuide.service.RewardsService         : getDistance called
2023-01-20T14:46:40.772+01:00  INFO 5134 --- [ool-3-thread-40] tourGuide.service.RewardsService         : getDistance called
2023-01-20T14:46:40.773+01:00  INFO 5134 --- [ool-3-thread-48] tourGuide.service.RewardsService         : nearAttraction called with Union Station
2023-01-20T14:46:40.772+01:00  INFO 5134 --- [ool-3-thread-34] tourGuide.service.RewardsService         : getDistance called
2023-01-20T14:46:40.773+01:00  INFO 5134 --- [ool-3-thread-48] tourGuide.service.RewardsService         : getDistance called
2023-01-20T14:46:40.773+01:00  INFO 5134 --- [ool-3-thread-34] tourGuide.service.RewardsService         : nearAttraction called with Texas Memorial Stadium
2023-01-20T14:46:40.773+01:00  INFO 5134 --- [ool-3-thread-48] tourGuide.service.RewardsService         : nearAttraction called with Bryant-Denny Stadium
2023-01-20T14:46:40.773+01:00  INFO 5134 --- [ool-3-thread-13] tourGuide.service.RewardsService         : getRewardPoints called with Disneyland and internalUser33
2023-01-20T14:46:40.773+01:00  INFO 5134 --- [ool-3-thread-48] tourGuide.service.RewardsService         : getDistance called
2023-01-20T14:46:40.773+01:00  INFO 5134 --- [ool-3-thread-22] tourGuide.service.RewardsService         : nearAttraction called with McKinley Tower
2023-01-20T14:46:40.773+01:00  INFO 5134 --- [ool-3-thread-56] tourGuide.service.RewardsService         : nearAttraction called with Flatiron Building
2023-01-20T14:46:40.773+01:00  INFO 5134 --- [ool-3-thread-22] tourGuide.service.RewardsService         : getDistance called
2023-01-20T14:46:40.773+01:00  INFO 5134 --- [ool-3-thread-56] tourGuide.service.RewardsService         : getDistance called
2023-01-20T14:46:40.773+01:00  INFO 5134 --- [ool-3-thread-22] tourGuide.service.RewardsService         : nearAttraction called with Neyland Stadium
2023-01-20T14:46:40.773+01:00  INFO 5134 --- [ool-3-thread-56] tourGuide.service.RewardsService         : nearAttraction called with Kyle Field
2023-01-20T14:46:40.773+01:00  INFO 5134 --- [ool-3-thread-22] tourGuide.service.RewardsService         : getDistance called
2023-01-20T14:46:40.773+01:00  INFO 5134 --- [ool-3-thread-56] tourGuide.service.RewardsService         : getDistance called
2023-01-20T14:46:40.773+01:00  INFO 5134 --- [ool-3-thread-42] tourGuide.service.RewardsService         : getDistance called
2023-01-20T14:46:40.773+01:00  INFO 5134 --- [ool-3-thread-22] tourGuide.service.RewardsService         : nearAttraction called with San Diego Zoo
2023-01-20T14:46:40.773+01:00  INFO 5134 --- [ool-3-thread-11] tourGuide.service.RewardsService         : nearAttraction called with Fallingwater
2023-01-20T14:46:40.773+01:00  INFO 5134 --- [ool-3-thread-22] tourGuide.service.RewardsService         : getDistance called
2023-01-20T14:46:40.773+01:00  INFO 5134 --- [pool-3-thread-4] tourGuide.service.RewardsService         : getDistance called
2023-01-20T14:46:40.773+01:00  INFO 5134 --- [ool-3-thread-22] tourGuide.service.RewardsService         : nearAttraction called with El Paso Zoo
2023-01-20T14:46:40.773+01:00  INFO 5134 --- [ool-3-thread-40] tourGuide.service.RewardsService         : nearAttraction called with Roger Dean Stadium
2023-01-20T14:46:40.773+01:00  INFO 5134 --- [ool-3-thread-22] tourGuide.service.RewardsService         : getDistance called
2023-01-20T14:46:40.773+01:00  INFO 5134 --- [ool-3-thread-34] tourGuide.service.RewardsService         : getDistance called
2023-01-20T14:46:40.773+01:00  INFO 5134 --- [ool-3-thread-48] tourGuide.service.RewardsService         : nearAttraction called with Tiger Stadium
2023-01-20T14:46:40.773+01:00  INFO 5134 --- [ool-3-thread-34] tourGuide.service.RewardsService         : nearAttraction called with Cinderella Castle
2023-01-20T14:46:40.773+01:00  INFO 5134 --- [ool-3-thread-48] tourGuide.service.RewardsService         : getDistance called
2023-01-20T14:46:40.773+01:00  INFO 5134 --- [ool-3-thread-34] tourGuide.service.RewardsService         : getDistance called
2023-01-20T14:46:40.773+01:00  INFO 5134 --- [ool-3-thread-48] tourGuide.service.RewardsService         : nearAttraction called with Disneyland
2023-01-20T14:46:40.773+01:00  INFO 5134 --- [ool-3-thread-56] tourGuide.service.RewardsService         : nearAttraction called with Zoo Tampa at Lowry Park
2023-01-20T14:46:40.773+01:00  INFO 5134 --- [ool-3-thread-48] tourGuide.service.RewardsService         : getDistance called
2023-01-20T14:46:40.773+01:00  INFO 5134 --- [ool-3-thread-42] tourGuide.service.RewardsService         : nearAttraction called with Franklin Park Zoo
2023-01-20T14:46:40.773+01:00  INFO 5134 --- [ool-3-thread-48] tourGuide.service.RewardsService         : getRewardPoints called with Disneyland and internalUser36
2023-01-20T14:46:40.773+01:00  INFO 5134 --- [ool-3-thread-11] tourGuide.service.RewardsService         : getDistance called
2023-01-20T14:46:40.773+01:00  INFO 5134 --- [pool-3-thread-4] tourGuide.service.RewardsService         : nearAttraction called with Kansas City Zoo
2023-01-20T14:46:40.773+01:00  INFO 5134 --- [ool-3-thread-40] tourGuide.service.RewardsService         : getDistance called
2023-01-20T14:46:40.773+01:00  INFO 5134 --- [ool-3-thread-22] tourGuide.service.RewardsService         : nearAttraction called with Bronx Zoo
2023-01-20T14:46:40.773+01:00  INFO 5134 --- [ool-3-thread-34] tourGuide.service.RewardsService         : nearAttraction called with Jackson Hole
2023-01-20T14:46:40.773+01:00  INFO 5134 --- [ool-3-thread-56] tourGuide.service.RewardsService         : getDistance called
2023-01-20T14:46:40.773+01:00  INFO 5134 --- [ool-3-thread-34] tourGuide.service.RewardsService         : getDistance called
2023-01-20T14:46:40.773+01:00  INFO 5134 --- [ool-3-thread-42] tourGuide.service.RewardsService         : getDistance called
2023-01-20T14:46:40.773+01:00  INFO 5134 --- [ool-3-thread-11] tourGuide.service.RewardsService         : nearAttraction called with Mojave National Preserve
2023-01-20T14:46:40.774+01:00  INFO 5134 --- [ool-3-thread-42] tourGuide.service.RewardsService         : nearAttraction called with Kartchner Caverns State Park
2023-01-20T14:46:40.773+01:00  INFO 5134 --- [pool-3-thread-4] tourGuide.service.RewardsService         : getDistance called
2023-01-20T14:46:40.773+01:00  INFO 5134 --- [ool-3-thread-40] tourGuide.service.RewardsService         : nearAttraction called with Joshua Tree National Park
2023-01-20T14:46:40.773+01:00  INFO 5134 --- [ool-3-thread-22] tourGuide.service.RewardsService         : getDistance called
2023-01-20T14:46:40.774+01:00  INFO 5134 --- [ool-3-thread-56] tourGuide.service.RewardsService         : nearAttraction called with Buffalo National River
2023-01-20T14:46:40.774+01:00  INFO 5134 --- [ool-3-thread-34] tourGuide.service.RewardsService         : nearAttraction called with Hot Springs National Park
2023-01-20T14:46:40.774+01:00  INFO 5134 --- [ool-3-thread-11] tourGuide.service.RewardsService         : getDistance called
2023-01-20T14:46:40.774+01:00  INFO 5134 --- [ool-3-thread-34] tourGuide.service.RewardsService         : getDistance called
2023-01-20T14:46:40.774+01:00  INFO 5134 --- [ool-3-thread-42] tourGuide.service.RewardsService         : getDistance called
2023-01-20T14:46:40.774+01:00  INFO 5134 --- [ool-3-thread-34] tourGuide.service.RewardsService         : nearAttraction called with Flatiron Building
2023-01-20T14:46:40.774+01:00  INFO 5134 --- [pool-3-thread-4] tourGuide.service.RewardsService         : nearAttraction called with Legend Valley
2023-01-20T14:46:40.774+01:00  INFO 5134 --- [ool-3-thread-40] tourGuide.service.RewardsService         : getDistance called
2023-01-20T14:46:40.774+01:00  INFO 5134 --- [pool-3-thread-4] tourGuide.service.RewardsService         : getDistance called
2023-01-20T14:46:40.774+01:00  INFO 5134 --- [ool-3-thread-22] tourGuide.service.RewardsService         : nearAttraction called with Flowers Bakery of London
2023-01-20T14:46:40.774+01:00  INFO 5134 --- [pool-3-thread-4] tourGuide.service.RewardsService         : nearAttraction called with Roger Dean Stadium
2023-01-20T14:46:40.774+01:00  INFO 5134 --- [ool-3-thread-22] tourGuide.service.RewardsService         : getDistance called
2023-01-20T14:46:40.774+01:00  INFO 5134 --- [ool-3-thread-56] tourGuide.service.RewardsService         : getDistance called
2023-01-20T14:46:40.774+01:00  INFO 5134 --- [ool-3-thread-11] tourGuide.service.RewardsService         : nearAttraction called with McKinley Tower
2023-01-20T14:46:40.774+01:00  INFO 5134 --- [ool-3-thread-42] tourGuide.service.RewardsService         : nearAttraction called with Fallingwater
2023-01-20T14:46:40.782+01:00  INFO 5134 --- [ool-3-thread-42] tourGuide.service.RewardsService         : getDistance called
2023-01-20T14:46:40.774+01:00  INFO 5134 --- [ool-3-thread-34] tourGuide.service.RewardsService         : getDistance called
2023-01-20T14:46:40.783+01:00  INFO 5134 --- [ool-3-thread-34] tourGuide.service.RewardsService         : nearAttraction called with Neyland Stadium
2023-01-20T14:46:40.774+01:00  INFO 5134 --- [ool-3-thread-40] tourGuide.service.RewardsService         : nearAttraction called with Union Station
2023-01-20T14:46:40.774+01:00  INFO 5134 --- [ool-3-thread-22] tourGuide.service.RewardsService         : nearAttraction called with Texas Memorial Stadium
2023-01-20T14:46:40.776+01:00  INFO 5134 --- [ool-3-thread-56] tourGuide.service.RewardsService         : nearAttraction called with Bryant-Denny Stadium
2023-01-20T14:46:40.782+01:00  INFO 5134 --- [ool-3-thread-11] tourGuide.service.RewardsService         : getDistance called
2023-01-20T14:46:40.783+01:00  INFO 5134 --- [ool-3-thread-56] tourGuide.service.RewardsService         : getDistance called
2023-01-20T14:46:40.783+01:00  INFO 5134 --- [ool-3-thread-11] tourGuide.service.RewardsService         : nearAttraction called with Kyle Field
2023-01-20T14:46:40.783+01:00  INFO 5134 --- [ool-3-thread-42] tourGuide.service.RewardsService         : nearAttraction called with Tiger Stadium
2023-01-20T14:46:40.783+01:00  INFO 5134 --- [ool-3-thread-42] tourGuide.service.RewardsService         : getDistance called
2023-01-20T14:46:40.783+01:00  INFO 5134 --- [ool-3-thread-34] tourGuide.service.RewardsService         : getDistance called
2023-01-20T14:46:40.783+01:00  INFO 5134 --- [ool-3-thread-34] tourGuide.service.RewardsService         : nearAttraction called with Franklin Park Zoo
2023-01-20T14:46:40.783+01:00  INFO 5134 --- [ool-3-thread-34] tourGuide.service.RewardsService         : getDistance called
2023-01-20T14:46:40.783+01:00  INFO 5134 --- [ool-3-thread-34] tourGuide.service.RewardsService         : nearAttraction called with El Paso Zoo
2023-01-20T14:46:40.783+01:00  INFO 5134 --- [ool-3-thread-34] tourGuide.service.RewardsService         : getDistance called
2023-01-20T14:46:40.783+01:00  INFO 5134 --- [ool-3-thread-34] tourGuide.service.RewardsService         : nearAttraction called with Kansas City Zoo
2023-01-20T14:46:40.783+01:00  INFO 5134 --- [ool-3-thread-34] tourGuide.service.RewardsService         : getDistance called
2023-01-20T14:46:40.783+01:00  INFO 5134 --- [ool-3-thread-34] tourGuide.service.RewardsService         : nearAttraction called with Bronx Zoo
2023-01-20T14:46:40.783+01:00  INFO 5134 --- [ool-3-thread-40] tourGuide.service.RewardsService         : getDistance called
2023-01-20T14:46:40.783+01:00  INFO 5134 --- [ool-3-thread-40] tourGuide.service.RewardsService         : nearAttraction called with Cinderella Castle
2023-01-20T14:46:40.783+01:00  INFO 5134 --- [ool-3-thread-40] tourGuide.service.RewardsService         : getDistance called
2023-01-20T14:46:40.783+01:00  INFO 5134 --- [ool-3-thread-40] tourGuide.service.RewardsService         : nearAttraction called with Disneyland
2023-01-20T14:46:40.783+01:00  INFO 5134 --- [ool-3-thread-40] tourGuide.service.RewardsService         : getDistance called
2023-01-20T14:46:40.783+01:00  INFO 5134 --- [ool-3-thread-40] tourGuide.service.RewardsService         : getRewardPoints called with Disneyland and internalUser35
2023-01-20T14:46:40.783+01:00  INFO 5134 --- [ool-3-thread-22] tourGuide.service.RewardsService         : getDistance called
2023-01-20T14:46:40.783+01:00  INFO 5134 --- [ool-3-thread-56] tourGuide.service.RewardsService         : nearAttraction called with San Diego Zoo
2023-01-20T14:46:40.783+01:00  INFO 5134 --- [ool-3-thread-22] tourGuide.service.RewardsService         : nearAttraction called with Jackson Hole
2023-01-20T14:46:40.783+01:00  INFO 5134 --- [ool-3-thread-11] tourGuide.service.RewardsService         : getDistance called
2023-01-20T14:46:40.783+01:00  INFO 5134 --- [ool-3-thread-22] tourGuide.service.RewardsService         : getDistance called
2023-01-20T14:46:40.783+01:00  INFO 5134 --- [ool-3-thread-11] tourGuide.service.RewardsService         : nearAttraction called with Mojave National Preserve
2023-01-20T14:46:40.783+01:00  INFO 5134 --- [ool-3-thread-22] tourGuide.service.RewardsService         : nearAttraction called with Joshua Tree National Park
2023-01-20T14:46:40.784+01:00  INFO 5134 --- [ool-3-thread-11] tourGuide.service.RewardsService         : getDistance called
2023-01-20T14:46:40.783+01:00  INFO 5134 --- [ool-3-thread-42] tourGuide.service.RewardsService         : nearAttraction called with Zoo Tampa at Lowry Park
2023-01-20T14:46:40.783+01:00  INFO 5134 --- [ool-3-thread-34] tourGuide.service.RewardsService         : getDistance called
2023-01-20T14:46:40.784+01:00  INFO 5134 --- [ool-3-thread-42] tourGuide.service.RewardsService         : getDistance called
2023-01-20T14:46:40.784+01:00  INFO 5134 --- [ool-3-thread-34] tourGuide.service.RewardsService         : nearAttraction called with Hot Springs National Park
2023-01-20T14:46:40.784+01:00  INFO 5134 --- [ool-3-thread-42] tourGuide.service.RewardsService         : nearAttraction called with Kartchner Caverns State Park
2023-01-20T14:46:40.783+01:00  INFO 5134 --- [ool-3-thread-56] tourGuide.service.RewardsService         : getDistance called
2023-01-20T14:46:40.784+01:00  INFO 5134 --- [ool-3-thread-42] tourGuide.service.RewardsService         : getDistance called
2023-01-20T14:46:40.784+01:00  INFO 5134 --- [ool-3-thread-42] tourGuide.service.RewardsService         : nearAttraction called with Legend Valley
2023-01-20T14:46:40.784+01:00  INFO 5134 --- [ool-3-thread-22] tourGuide.service.RewardsService         : getDistance called
2023-01-20T14:46:40.784+01:00  INFO 5134 --- [ool-3-thread-42] tourGuide.service.RewardsService         : getDistance called
2023-01-20T14:46:40.784+01:00  INFO 5134 --- [ool-3-thread-11] tourGuide.service.RewardsService         : nearAttraction called with Buffalo National River
2023-01-20T14:46:40.784+01:00  INFO 5134 --- [ool-3-thread-11] tourGuide.service.RewardsService         : getDistance called
2023-01-20T14:46:40.784+01:00  INFO 5134 --- [ool-3-thread-11] tourGuide.service.RewardsService         : nearAttraction called with Fallingwater
2023-01-20T14:46:40.784+01:00  INFO 5134 --- [ool-3-thread-11] tourGuide.service.RewardsService         : getDistance called
2023-01-20T14:46:40.784+01:00  INFO 5134 --- [ool-3-thread-34] tourGuide.service.RewardsService         : getDistance called
2023-01-20T14:46:40.784+01:00  INFO 5134 --- [ool-3-thread-56] tourGuide.service.RewardsService         : nearAttraction called with Flowers Bakery of London
2023-01-20T14:46:40.784+01:00  INFO 5134 --- [ool-3-thread-34] tourGuide.service.RewardsService         : nearAttraction called with Roger Dean Stadium
2023-01-20T14:46:40.784+01:00  INFO 5134 --- [ool-3-thread-22] tourGuide.service.RewardsService         : nearAttraction called with McKinley Tower
2023-01-20T14:46:40.784+01:00  INFO 5134 --- [ool-3-thread-22] tourGuide.service.RewardsService         : getDistance called
2023-01-20T14:46:40.784+01:00  INFO 5134 --- [ool-3-thread-22] tourGuide.service.RewardsService         : nearAttraction called with Texas Memorial Stadium
2023-01-20T14:46:40.784+01:00  INFO 5134 --- [ool-3-thread-22] tourGuide.service.RewardsService         : getDistance called
2023-01-20T14:46:40.784+01:00  INFO 5134 --- [ool-3-thread-22] tourGuide.service.RewardsService         : nearAttraction called with Bryant-Denny Stadium
2023-01-20T14:46:40.784+01:00  INFO 5134 --- [ool-3-thread-22] tourGuide.service.RewardsService         : getDistance called
2023-01-20T14:46:40.784+01:00  INFO 5134 --- [ool-3-thread-42] tourGuide.service.RewardsService         : nearAttraction called with Flatiron Building
2023-01-20T14:46:40.784+01:00  INFO 5134 --- [ool-3-thread-42] tourGuide.service.RewardsService         : getDistance called
2023-01-20T14:46:40.785+01:00  INFO 5134 --- [ool-3-thread-42] tourGuide.service.RewardsService         : nearAttraction called with Neyland Stadium
2023-01-20T14:46:40.785+01:00  INFO 5134 --- [ool-3-thread-42] tourGuide.service.RewardsService         : getDistance called
2023-01-20T14:46:40.785+01:00  INFO 5134 --- [ool-3-thread-42] tourGuide.service.RewardsService         : nearAttraction called with Kyle Field
2023-01-20T14:46:40.785+01:00  INFO 5134 --- [ool-3-thread-42] tourGuide.service.RewardsService         : getDistance called
2023-01-20T14:46:40.785+01:00  INFO 5134 --- [ool-3-thread-42] tourGuide.service.RewardsService         : nearAttraction called with San Diego Zoo
2023-01-20T14:46:40.785+01:00  INFO 5134 --- [ool-3-thread-42] tourGuide.service.RewardsService         : getDistance called
2023-01-20T14:46:40.784+01:00  INFO 5134 --- [ool-3-thread-11] tourGuide.service.RewardsService         : nearAttraction called with Union Station
2023-01-20T14:46:40.785+01:00  INFO 5134 --- [ool-3-thread-42] tourGuide.service.RewardsService         : nearAttraction called with Zoo Tampa at Lowry Park
2023-01-20T14:46:40.785+01:00  INFO 5134 --- [ool-3-thread-11] tourGuide.service.RewardsService         : getDistance called
2023-01-20T14:46:40.785+01:00  INFO 5134 --- [ool-3-thread-42] tourGuide.service.RewardsService         : getDistance called
2023-01-20T14:46:40.784+01:00  INFO 5134 --- [ool-3-thread-56] tourGuide.service.RewardsService         : getDistance called
2023-01-20T14:46:40.785+01:00  INFO 5134 --- [ool-3-thread-42] tourGuide.service.RewardsService         : nearAttraction called with El Paso Zoo
2023-01-20T14:46:40.785+01:00  INFO 5134 --- [ool-3-thread-42] tourGuide.service.RewardsService         : getDistance called
2023-01-20T14:46:40.784+01:00  INFO 5134 --- [ool-3-thread-34] tourGuide.service.RewardsService         : getDistance called
2023-01-20T14:46:40.785+01:00  INFO 5134 --- [ool-3-thread-42] tourGuide.service.RewardsService         : nearAttraction called with Bronx Zoo
2023-01-20T14:46:40.785+01:00  INFO 5134 --- [ool-3-thread-34] tourGuide.service.RewardsService         : nearAttraction called with Cinderella Castle
2023-01-20T14:46:40.785+01:00  INFO 5134 --- [ool-3-thread-42] tourGuide.service.RewardsService         : getDistance called
2023-01-20T14:46:40.785+01:00  INFO 5134 --- [ool-3-thread-34] tourGuide.service.RewardsService         : getDistance called
2023-01-20T14:46:40.785+01:00  INFO 5134 --- [ool-3-thread-42] tourGuide.service.RewardsService         : nearAttraction called with Disneyland
2023-01-20T14:46:40.785+01:00  INFO 5134 --- [ool-3-thread-34] tourGuide.service.RewardsService         : nearAttraction called with Jackson Hole
2023-01-20T14:46:40.784+01:00  INFO 5134 --- [ool-3-thread-22] tourGuide.service.RewardsService         : nearAttraction called with Tiger Stadium
2023-01-20T14:46:40.785+01:00  INFO 5134 --- [ool-3-thread-22] tourGuide.service.RewardsService         : getDistance called
2023-01-20T14:46:40.785+01:00  INFO 5134 --- [ool-3-thread-22] tourGuide.service.RewardsService         : nearAttraction called with Mojave National Preserve
2023-01-20T14:46:40.785+01:00  INFO 5134 --- [ool-3-thread-11] tourGuide.service.RewardsService         : nearAttraction called with Franklin Park Zoo
2023-01-20T14:46:40.785+01:00  INFO 5134 --- [ool-3-thread-11] tourGuide.service.RewardsService         : getDistance called
2023-01-20T14:46:40.785+01:00  INFO 5134 --- [ool-3-thread-56] tourGuide.service.RewardsService         : nearAttraction called with Kansas City Zoo
2023-01-20T14:46:40.785+01:00  INFO 5134 --- [ool-3-thread-42] tourGuide.service.RewardsService         : getDistance called
2023-01-20T14:46:40.785+01:00  INFO 5134 --- [ool-3-thread-56] tourGuide.service.RewardsService         : getDistance called
2023-01-20T14:46:40.785+01:00  INFO 5134 --- [ool-3-thread-42] tourGuide.service.RewardsService         : getRewardPoints called with Disneyland and internalUser30
2023-01-20T14:46:40.785+01:00  INFO 5134 --- [ool-3-thread-34] tourGuide.service.RewardsService         : getDistance called
2023-01-20T14:46:40.785+01:00  INFO 5134 --- [ool-3-thread-22] tourGuide.service.RewardsService         : getDistance called
2023-01-20T14:46:40.785+01:00  INFO 5134 --- [ool-3-thread-34] tourGuide.service.RewardsService         : nearAttraction called with Hot Springs National Park
2023-01-20T14:46:40.785+01:00  INFO 5134 --- [ool-3-thread-22] tourGuide.service.RewardsService         : nearAttraction called with Kartchner Caverns State Park
2023-01-20T14:46:40.785+01:00  INFO 5134 --- [ool-3-thread-11] tourGuide.service.RewardsService         : nearAttraction called with Joshua Tree National Park
2023-01-20T14:46:40.785+01:00  INFO 5134 --- [ool-3-thread-22] tourGuide.service.RewardsService         : getDistance called
2023-01-20T14:46:40.785+01:00  INFO 5134 --- [ool-3-thread-11] tourGuide.service.RewardsService         : getDistance called
2023-01-20T14:46:40.786+01:00  INFO 5134 --- [ool-3-thread-22] tourGuide.service.RewardsService         : nearAttraction called with Legend Valley
2023-01-20T14:46:40.785+01:00  INFO 5134 --- [ool-3-thread-56] tourGuide.service.RewardsService         : nearAttraction called with Buffalo National River
2023-01-20T14:46:40.785+01:00  INFO 5134 --- [ool-3-thread-34] tourGuide.service.RewardsService         : getDistance called
2023-01-20T14:46:40.786+01:00  INFO 5134 --- [ool-3-thread-11] tourGuide.service.RewardsService         : nearAttraction called with Flowers Bakery of London
2023-01-20T14:46:40.786+01:00  INFO 5134 --- [ool-3-thread-34] tourGuide.service.RewardsService         : nearAttraction called with McKinley Tower
2023-01-20T14:46:40.786+01:00  INFO 5134 --- [ool-3-thread-22] tourGuide.service.RewardsService         : getDistance called
2023-01-20T14:46:40.786+01:00  INFO 5134 --- [ool-3-thread-22] tourGuide.service.RewardsService         : nearAttraction called with Flatiron Building
2023-01-20T14:46:40.786+01:00  INFO 5134 --- [ool-3-thread-22] tourGuide.service.RewardsService         : getDistance called
2023-01-20T14:46:40.786+01:00  INFO 5134 --- [ool-3-thread-22] tourGuide.service.RewardsService         : nearAttraction called with Fallingwater
2023-01-20T14:46:40.786+01:00  INFO 5134 --- [ool-3-thread-56] tourGuide.service.RewardsService         : getDistance called
2023-01-20T14:46:40.786+01:00  INFO 5134 --- [ool-3-thread-11] tourGuide.service.RewardsService         : getDistance called
2023-01-20T14:46:40.786+01:00  INFO 5134 --- [ool-3-thread-56] tourGuide.service.RewardsService         : nearAttraction called with Union Station
2023-01-20T14:46:40.786+01:00  INFO 5134 --- [ool-3-thread-34] tourGuide.service.RewardsService         : getDistance called
2023-01-20T14:46:40.786+01:00  INFO 5134 --- [ool-3-thread-56] tourGuide.service.RewardsService         : getDistance called
2023-01-20T14:46:40.786+01:00  INFO 5134 --- [ool-3-thread-22] tourGuide.service.RewardsService         : getDistance called
2023-01-20T14:46:40.786+01:00  INFO 5134 --- [ool-3-thread-56] tourGuide.service.RewardsService         : nearAttraction called with Bryant-Denny Stadium
2023-01-20T14:46:40.786+01:00  INFO 5134 --- [ool-3-thread-56] tourGuide.service.RewardsService         : getDistance called
2023-01-20T14:46:40.786+01:00  INFO 5134 --- [ool-3-thread-11] tourGuide.service.RewardsService         : nearAttraction called with Roger Dean Stadium
2023-01-20T14:46:40.786+01:00  INFO 5134 --- [ool-3-thread-34] tourGuide.service.RewardsService         : nearAttraction called with Texas Memorial Stadium
2023-01-20T14:46:40.786+01:00  INFO 5134 --- [ool-3-thread-22] tourGuide.service.RewardsService         : nearAttraction called with Tiger Stadium
2023-01-20T14:46:40.786+01:00  INFO 5134 --- [ool-3-thread-34] tourGuide.service.RewardsService         : getDistance called
2023-01-20T14:46:40.786+01:00  INFO 5134 --- [ool-3-thread-56] tourGuide.service.RewardsService         : nearAttraction called with Neyland Stadium
2023-01-20T14:46:40.786+01:00  INFO 5134 --- [ool-3-thread-34] tourGuide.service.RewardsService         : nearAttraction called with Kyle Field
2023-01-20T14:46:40.786+01:00  INFO 5134 --- [ool-3-thread-11] tourGuide.service.RewardsService         : getDistance called
2023-01-20T14:46:40.786+01:00  INFO 5134 --- [ool-3-thread-34] tourGuide.service.RewardsService         : getDistance called
2023-01-20T14:46:40.786+01:00  INFO 5134 --- [ool-3-thread-11] tourGuide.service.RewardsService         : nearAttraction called with San Diego Zoo
2023-01-20T14:46:40.786+01:00  INFO 5134 --- [ool-3-thread-34] tourGuide.service.RewardsService         : nearAttraction called with Zoo Tampa at Lowry Park
2023-01-20T14:46:40.786+01:00  INFO 5134 --- [ool-3-thread-11] tourGuide.service.RewardsService         : getDistance called
2023-01-20T14:46:40.786+01:00  INFO 5134 --- [ool-3-thread-34] tourGuide.service.RewardsService         : getDistance called
2023-01-20T14:46:40.786+01:00  INFO 5134 --- [ool-3-thread-11] tourGuide.service.RewardsService         : nearAttraction called with Franklin Park Zoo
2023-01-20T14:46:40.786+01:00  INFO 5134 --- [ool-3-thread-34] tourGuide.service.RewardsService         : nearAttraction called with El Paso Zoo
2023-01-20T14:46:40.786+01:00  INFO 5134 --- [ool-3-thread-11] tourGuide.service.RewardsService         : getDistance called
2023-01-20T14:46:40.786+01:00  INFO 5134 --- [ool-3-thread-34] tourGuide.service.RewardsService         : getDistance called
2023-01-20T14:46:40.786+01:00  INFO 5134 --- [ool-3-thread-11] tourGuide.service.RewardsService         : nearAttraction called with Kansas City Zoo
2023-01-20T14:46:40.786+01:00  INFO 5134 --- [ool-3-thread-34] tourGuide.service.RewardsService         : nearAttraction called with Bronx Zoo
2023-01-20T14:46:40.786+01:00  INFO 5134 --- [ool-3-thread-22] tourGuide.service.RewardsService         : getDistance called
2023-01-20T14:46:40.786+01:00  INFO 5134 --- [ool-3-thread-34] tourGuide.service.RewardsService         : getDistance called
2023-01-20T14:46:40.786+01:00  INFO 5134 --- [ool-3-thread-34] tourGuide.service.RewardsService         : nearAttraction called with Disneyland
2023-01-20T14:46:40.786+01:00  INFO 5134 --- [ool-3-thread-56] tourGuide.service.RewardsService         : getDistance called
2023-01-20T14:46:40.786+01:00  INFO 5134 --- [ool-3-thread-34] tourGuide.service.RewardsService         : getDistance called
2023-01-20T14:46:40.786+01:00  INFO 5134 --- [ool-3-thread-11] tourGuide.service.RewardsService         : getDistance called
2023-01-20T14:46:40.786+01:00  INFO 5134 --- [ool-3-thread-34] tourGuide.service.RewardsService         : getRewardPoints called with Disneyland and internalUser32
2023-01-20T14:46:40.786+01:00  INFO 5134 --- [ool-3-thread-11] tourGuide.service.RewardsService         : nearAttraction called with Mojave National Preserve
2023-01-20T14:46:40.786+01:00  INFO 5134 --- [ool-3-thread-22] tourGuide.service.RewardsService         : nearAttraction called with Cinderella Castle
2023-01-20T14:46:40.786+01:00  INFO 5134 --- [ool-3-thread-11] tourGuide.service.RewardsService         : getDistance called
2023-01-20T14:46:40.786+01:00  INFO 5134 --- [ool-3-thread-56] tourGuide.service.RewardsService         : nearAttraction called with Jackson Hole
2023-01-20T14:46:40.787+01:00  INFO 5134 --- [ool-3-thread-56] tourGuide.service.RewardsService         : getDistance called
2023-01-20T14:46:40.787+01:00  INFO 5134 --- [ool-3-thread-56] tourGuide.service.RewardsService         : nearAttraction called with Buffalo National River
2023-01-20T14:46:40.787+01:00  INFO 5134 --- [ool-3-thread-56] tourGuide.service.RewardsService         : getDistance called
2023-01-20T14:46:40.787+01:00  INFO 5134 --- [ool-3-thread-56] tourGuide.service.RewardsService         : nearAttraction called with Hot Springs National Park
2023-01-20T14:46:40.787+01:00  INFO 5134 --- [ool-3-thread-56] tourGuide.service.RewardsService         : getDistance called
2023-01-20T14:46:40.787+01:00  INFO 5134 --- [ool-3-thread-56] tourGuide.service.RewardsService         : nearAttraction called with Kartchner Caverns State Park
2023-01-20T14:46:40.787+01:00  INFO 5134 --- [ool-3-thread-56] tourGuide.service.RewardsService         : getDistance called
2023-01-20T14:46:40.787+01:00  INFO 5134 --- [ool-3-thread-56] tourGuide.service.RewardsService         : nearAttraction called with Legend Valley
2023-01-20T14:46:40.787+01:00  INFO 5134 --- [ool-3-thread-11] tourGuide.service.RewardsService         : nearAttraction called with Joshua Tree National Park
2023-01-20T14:46:40.787+01:00  INFO 5134 --- [ool-3-thread-11] tourGuide.service.RewardsService         : getDistance called
2023-01-20T14:46:40.787+01:00  INFO 5134 --- [ool-3-thread-11] tourGuide.service.RewardsService         : nearAttraction called with Flowers Bakery of London
2023-01-20T14:46:40.787+01:00  INFO 5134 --- [ool-3-thread-11] tourGuide.service.RewardsService         : getDistance called
2023-01-20T14:46:40.787+01:00  INFO 5134 --- [ool-3-thread-11] tourGuide.service.RewardsService         : nearAttraction called with McKinley Tower
2023-01-20T14:46:40.787+01:00  INFO 5134 --- [ool-3-thread-11] tourGuide.service.RewardsService         : getDistance called
2023-01-20T14:46:40.787+01:00  INFO 5134 --- [ool-3-thread-11] tourGuide.service.RewardsService         : nearAttraction called with Flatiron Building
2023-01-20T14:46:40.787+01:00  INFO 5134 --- [ool-3-thread-11] tourGuide.service.RewardsService         : getDistance called
2023-01-20T14:46:40.787+01:00  INFO 5134 --- [ool-3-thread-11] tourGuide.service.RewardsService         : nearAttraction called with Fallingwater
2023-01-20T14:46:40.787+01:00  INFO 5134 --- [ool-3-thread-22] tourGuide.service.RewardsService         : getDistance called
2023-01-20T14:46:40.787+01:00  INFO 5134 --- [ool-3-thread-22] tourGuide.service.RewardsService         : nearAttraction called with Union Station
2023-01-20T14:46:40.787+01:00  INFO 5134 --- [ool-3-thread-22] tourGuide.service.RewardsService         : getDistance called
2023-01-20T14:46:40.787+01:00  INFO 5134 --- [ool-3-thread-22] tourGuide.service.RewardsService         : nearAttraction called with Roger Dean Stadium
2023-01-20T14:46:40.787+01:00  INFO 5134 --- [ool-3-thread-22] tourGuide.service.RewardsService         : getDistance called
2023-01-20T14:46:40.787+01:00  INFO 5134 --- [ool-3-thread-22] tourGuide.service.RewardsService         : nearAttraction called with Texas Memorial Stadium
2023-01-20T14:46:40.787+01:00  INFO 5134 --- [ool-3-thread-22] tourGuide.service.RewardsService         : getDistance called
2023-01-20T14:46:40.787+01:00  INFO 5134 --- [ool-3-thread-22] tourGuide.service.RewardsService         : nearAttraction called with Bryant-Denny Stadium
2023-01-20T14:46:40.787+01:00  INFO 5134 --- [ool-3-thread-22] tourGuide.service.RewardsService         : getDistance called
2023-01-20T14:46:40.787+01:00  INFO 5134 --- [ool-3-thread-22] tourGuide.service.RewardsService         : nearAttraction called with Tiger Stadium
2023-01-20T14:46:40.787+01:00  INFO 5134 --- [ool-3-thread-22] tourGuide.service.RewardsService         : getDistance called
2023-01-20T14:46:40.787+01:00  INFO 5134 --- [ool-3-thread-56] tourGuide.service.RewardsService         : getDistance called
2023-01-20T14:46:40.788+01:00  INFO 5134 --- [ool-3-thread-22] tourGuide.service.RewardsService         : nearAttraction called with Neyland Stadium
2023-01-20T14:46:40.788+01:00  INFO 5134 --- [ool-3-thread-56] tourGuide.service.RewardsService         : nearAttraction called with Kyle Field
2023-01-20T14:46:40.787+01:00  INFO 5134 --- [ool-3-thread-11] tourGuide.service.RewardsService         : getDistance called
2023-01-20T14:46:40.788+01:00  INFO 5134 --- [ool-3-thread-56] tourGuide.service.RewardsService         : getDistance called
2023-01-20T14:46:40.788+01:00  INFO 5134 --- [ool-3-thread-56] tourGuide.service.RewardsService         : nearAttraction called with Zoo Tampa at Lowry Park
2023-01-20T14:46:40.788+01:00  INFO 5134 --- [ool-3-thread-22] tourGuide.service.RewardsService         : getDistance called
2023-01-20T14:46:40.788+01:00  INFO 5134 --- [ool-3-thread-56] tourGuide.service.RewardsService         : getDistance called
2023-01-20T14:46:40.788+01:00  INFO 5134 --- [ool-3-thread-22] tourGuide.service.RewardsService         : nearAttraction called with Franklin Park Zoo
2023-01-20T14:46:40.788+01:00  INFO 5134 --- [ool-3-thread-11] tourGuide.service.RewardsService         : nearAttraction called with San Diego Zoo
2023-01-20T14:46:40.788+01:00  INFO 5134 --- [ool-3-thread-22] tourGuide.service.RewardsService         : getDistance called
2023-01-20T14:46:40.788+01:00  INFO 5134 --- [ool-3-thread-11] tourGuide.service.RewardsService         : getDistance called
2023-01-20T14:46:40.788+01:00  INFO 5134 --- [ool-3-thread-22] tourGuide.service.RewardsService         : nearAttraction called with Kansas City Zoo
2023-01-20T14:46:40.788+01:00  INFO 5134 --- [ool-3-thread-56] tourGuide.service.RewardsService         : nearAttraction called with El Paso Zoo
2023-01-20T14:46:40.788+01:00  INFO 5134 --- [ool-3-thread-56] tourGuide.service.RewardsService         : getDistance called
2023-01-20T14:46:40.788+01:00  INFO 5134 --- [ool-3-thread-56] tourGuide.service.RewardsService         : nearAttraction called with Cinderella Castle
2023-01-20T14:46:40.788+01:00  INFO 5134 --- [ool-3-thread-11] tourGuide.service.RewardsService         : nearAttraction called with Bronx Zoo
2023-01-20T14:46:40.788+01:00  INFO 5134 --- [ool-3-thread-22] tourGuide.service.RewardsService         : getDistance called
2023-01-20T14:46:40.788+01:00  INFO 5134 --- [ool-3-thread-11] tourGuide.service.RewardsService         : getDistance called
2023-01-20T14:46:40.788+01:00  INFO 5134 --- [ool-3-thread-22] tourGuide.service.RewardsService         : nearAttraction called with Disneyland
2023-01-20T14:46:40.788+01:00  INFO 5134 --- [ool-3-thread-11] tourGuide.service.RewardsService         : nearAttraction called with Jackson Hole
2023-01-20T14:46:40.788+01:00  INFO 5134 --- [ool-3-thread-11] tourGuide.service.RewardsService         : getDistance called
2023-01-20T14:46:40.788+01:00  INFO 5134 --- [ool-3-thread-56] tourGuide.service.RewardsService         : getDistance called
2023-01-20T14:46:40.788+01:00  INFO 5134 --- [ool-3-thread-22] tourGuide.service.RewardsService         : getDistance called
2023-01-20T14:46:40.788+01:00  INFO 5134 --- [ool-3-thread-56] tourGuide.service.RewardsService         : nearAttraction called with Joshua Tree National Park
2023-01-20T14:46:40.788+01:00  INFO 5134 --- [ool-3-thread-22] tourGuide.service.RewardsService         : getRewardPoints called with Disneyland and internalUser31
2023-01-20T14:46:40.788+01:00  INFO 5134 --- [ool-3-thread-56] tourGuide.service.RewardsService         : getDistance called
2023-01-20T14:46:40.788+01:00  INFO 5134 --- [ool-3-thread-11] tourGuide.service.RewardsService         : nearAttraction called with Mojave National Preserve
2023-01-20T14:46:40.788+01:00  INFO 5134 --- [ool-3-thread-11] tourGuide.service.RewardsService         : getDistance called
2023-01-20T14:46:40.788+01:00  INFO 5134 --- [ool-3-thread-56] tourGuide.service.RewardsService         : nearAttraction called with Buffalo National River
2023-01-20T14:46:40.788+01:00  INFO 5134 --- [ool-3-thread-56] tourGuide.service.RewardsService         : getDistance called
2023-01-20T14:46:40.788+01:00  INFO 5134 --- [ool-3-thread-56] tourGuide.service.RewardsService         : nearAttraction called with Kartchner Caverns State Park
2023-01-20T14:46:40.788+01:00  INFO 5134 --- [ool-3-thread-56] tourGuide.service.RewardsService         : getDistance called
2023-01-20T14:46:40.788+01:00  INFO 5134 --- [ool-3-thread-11] tourGuide.service.RewardsService         : nearAttraction called with Hot Springs National Park
2023-01-20T14:46:40.788+01:00  INFO 5134 --- [ool-3-thread-56] tourGuide.service.RewardsService         : nearAttraction called with Legend Valley
2023-01-20T14:46:40.788+01:00  INFO 5134 --- [ool-3-thread-11] tourGuide.service.RewardsService         : getDistance called
2023-01-20T14:46:40.788+01:00  INFO 5134 --- [ool-3-thread-11] tourGuide.service.RewardsService         : nearAttraction called with Flowers Bakery of London
2023-01-20T14:46:40.788+01:00  INFO 5134 --- [ool-3-thread-56] tourGuide.service.RewardsService         : getDistance called
2023-01-20T14:46:40.789+01:00  INFO 5134 --- [ool-3-thread-11] tourGuide.service.RewardsService         : getDistance called
2023-01-20T14:46:40.789+01:00  INFO 5134 --- [ool-3-thread-56] tourGuide.service.RewardsService         : nearAttraction called with McKinley Tower
2023-01-20T14:46:40.789+01:00  INFO 5134 --- [ool-3-thread-56] tourGuide.service.RewardsService         : getDistance called
2023-01-20T14:46:40.789+01:00  INFO 5134 --- [ool-3-thread-56] tourGuide.service.RewardsService         : nearAttraction called with Fallingwater
2023-01-20T14:46:40.789+01:00  INFO 5134 --- [ool-3-thread-56] tourGuide.service.RewardsService         : getDistance called
2023-01-20T14:46:40.789+01:00  INFO 5134 --- [ool-3-thread-56] tourGuide.service.RewardsService         : nearAttraction called with Union Station
2023-01-20T14:46:40.789+01:00  INFO 5134 --- [ool-3-thread-11] tourGuide.service.RewardsService         : nearAttraction called with Flatiron Building
2023-01-20T14:46:40.789+01:00  INFO 5134 --- [ool-3-thread-11] tourGuide.service.RewardsService         : getDistance called
2023-01-20T14:46:40.789+01:00  INFO 5134 --- [ool-3-thread-11] tourGuide.service.RewardsService         : nearAttraction called with Roger Dean Stadium
2023-01-20T14:46:40.789+01:00  INFO 5134 --- [ool-3-thread-56] tourGuide.service.RewardsService         : getDistance called
2023-01-20T14:46:40.789+01:00  INFO 5134 --- [ool-3-thread-11] tourGuide.service.RewardsService         : getDistance called
2023-01-20T14:46:40.789+01:00  INFO 5134 --- [ool-3-thread-56] tourGuide.service.RewardsService         : nearAttraction called with Texas Memorial Stadium
2023-01-20T14:46:40.789+01:00  INFO 5134 --- [ool-3-thread-11] tourGuide.service.RewardsService         : nearAttraction called with Bryant-Denny Stadium
2023-01-20T14:46:40.789+01:00  INFO 5134 --- [ool-3-thread-11] tourGuide.service.RewardsService         : getDistance called
2023-01-20T14:46:40.789+01:00  INFO 5134 --- [ool-3-thread-11] tourGuide.service.RewardsService         : nearAttraction called with Tiger Stadium
2023-01-20T14:46:40.789+01:00  INFO 5134 --- [ool-3-thread-11] tourGuide.service.RewardsService         : getDistance called
2023-01-20T14:46:40.789+01:00  INFO 5134 --- [ool-3-thread-56] tourGuide.service.RewardsService         : getDistance called
2023-01-20T14:46:40.789+01:00  INFO 5134 --- [ool-3-thread-56] tourGuide.service.RewardsService         : nearAttraction called with Kyle Field
2023-01-20T14:46:40.789+01:00  INFO 5134 --- [ool-3-thread-56] tourGuide.service.RewardsService         : getDistance called
2023-01-20T14:46:40.774+01:00  INFO 5134 --- [pool-3-thread-4] tourGuide.service.RewardsService         : getDistance called
2023-01-20T14:46:40.816+01:00  INFO 5134 --- [pool-3-thread-4] tourGuide.service.RewardsService         : nearAttraction called with Franklin Park Zoo
2023-01-20T14:46:40.816+01:00  INFO 5134 --- [pool-3-thread-4] tourGuide.service.RewardsService         : getDistance called
2023-01-20T14:46:40.816+01:00  INFO 5134 --- [pool-3-thread-4] tourGuide.service.RewardsService         : nearAttraction called with El Paso Zoo
2023-01-20T14:46:40.816+01:00  INFO 5134 --- [pool-3-thread-4] tourGuide.service.RewardsService         : getDistance called
2023-01-20T14:46:40.816+01:00  INFO 5134 --- [pool-3-thread-4] tourGuide.service.RewardsService         : nearAttraction called with Kansas City Zoo
2023-01-20T14:46:40.817+01:00  INFO 5134 --- [pool-3-thread-4] tourGuide.service.RewardsService         : getDistance called
2023-01-20T14:46:40.817+01:00  INFO 5134 --- [pool-3-thread-4] tourGuide.service.RewardsService         : nearAttraction called with Bronx Zoo
2023-01-20T14:46:40.817+01:00  INFO 5134 --- [pool-3-thread-4] tourGuide.service.RewardsService         : getDistance called
2023-01-20T14:46:40.817+01:00  INFO 5134 --- [pool-3-thread-4] tourGuide.service.RewardsService         : nearAttraction called with Cinderella Castle
2023-01-20T14:46:40.817+01:00  INFO 5134 --- [pool-3-thread-4] tourGuide.service.RewardsService         : getDistance called
2023-01-20T14:46:40.817+01:00  INFO 5134 --- [pool-3-thread-4] tourGuide.service.RewardsService         : nearAttraction called with Disneyland
2023-01-20T14:46:40.817+01:00  INFO 5134 --- [pool-3-thread-4] tourGuide.service.RewardsService         : getDistance called
2023-01-20T14:46:40.817+01:00  INFO 5134 --- [pool-3-thread-4] tourGuide.service.RewardsService         : getRewardPoints called with Disneyland and internalUser49
2023-01-20T14:46:40.789+01:00  INFO 5134 --- [ool-3-thread-11] tourGuide.service.RewardsService         : nearAttraction called with Neyland Stadium
2023-01-20T14:46:40.816+01:00  INFO 5134 --- [ool-3-thread-38] tourGuide.service.RewardsService         : nearAttraction called with Zoo Tampa at Lowry Park
2023-01-20T14:46:40.816+01:00  INFO 5134 --- [ool-6-thread-42] tourGuide.service.RewardsService         : Rewards of internalUser97 calculated by calculateRewards
2023-01-20T14:46:40.816+01:00  INFO 5134 --- [ool-3-thread-56] tourGuide.service.RewardsService         : nearAttraction called with San Diego Zoo
2023-01-20T14:46:40.817+01:00  INFO 5134 --- [ool-3-thread-56] tourGuide.service.RewardsService         : getDistance called
2023-01-20T14:46:40.817+01:00  INFO 5134 --- [ool-3-thread-11] tourGuide.service.RewardsService         : getDistance called
2023-01-20T14:46:40.817+01:00  INFO 5134 --- [ool-3-thread-56] tourGuide.service.RewardsService         : nearAttraction called with Jackson Hole
2023-01-20T14:46:40.817+01:00  INFO 5134 --- [ool-3-thread-11] tourGuide.service.RewardsService         : nearAttraction called with Mojave National Preserve
2023-01-20T14:46:40.817+01:00  INFO 5134 --- [ool-3-thread-38] tourGuide.service.RewardsService         : getDistance called
2023-01-20T14:46:40.817+01:00  INFO 5134 --- [ool-3-thread-11] tourGuide.service.RewardsService         : getDistance called
2023-01-20T14:46:40.817+01:00  INFO 5134 --- [ool-3-thread-38] tourGuide.service.RewardsService         : nearAttraction called with Joshua Tree National Park
2023-01-20T14:46:40.817+01:00  INFO 5134 --- [ool-3-thread-11] tourGuide.service.RewardsService         : nearAttraction called with Buffalo National River
2023-01-20T14:46:40.817+01:00  INFO 5134 --- [ool-3-thread-56] tourGuide.service.RewardsService         : getDistance called
2023-01-20T14:46:40.817+01:00  INFO 5134 --- [ool-3-thread-11] tourGuide.service.RewardsService         : getDistance called
2023-01-20T14:46:40.817+01:00  INFO 5134 --- [ool-3-thread-38] tourGuide.service.RewardsService         : getDistance called
2023-01-20T14:46:40.817+01:00  INFO 5134 --- [ool-3-thread-11] tourGuide.service.RewardsService         : nearAttraction called with Kartchner Caverns State Park
2023-01-20T14:46:40.817+01:00  INFO 5134 --- [ool-3-thread-11] tourGuide.service.RewardsService         : getDistance called
2023-01-20T14:46:40.817+01:00  INFO 5134 --- [ool-3-thread-38] tourGuide.service.RewardsService         : nearAttraction called with Legend Valley
2023-01-20T14:46:40.817+01:00  INFO 5134 --- [ool-3-thread-11] tourGuide.service.RewardsService         : nearAttraction called with Flowers Bakery of London
2023-01-20T14:46:40.817+01:00  INFO 5134 --- [ool-3-thread-56] tourGuide.service.RewardsService         : nearAttraction called with Hot Springs National Park
2023-01-20T14:46:40.817+01:00  INFO 5134 --- [ool-3-thread-38] tourGuide.service.RewardsService         : getDistance called
2023-01-20T14:46:40.817+01:00  INFO 5134 --- [ool-3-thread-11] tourGuide.service.RewardsService         : getDistance called
2023-01-20T14:46:40.817+01:00  INFO 5134 --- [ool-3-thread-38] tourGuide.service.RewardsService         : nearAttraction called with McKinley Tower
2023-01-20T14:46:40.817+01:00  INFO 5134 --- [ool-3-thread-11] tourGuide.service.RewardsService         : nearAttraction called with Flatiron Building
2023-01-20T14:46:40.817+01:00  INFO 5134 --- [ool-3-thread-56] tourGuide.service.RewardsService         : getDistance called
2023-01-20T14:46:40.817+01:00  INFO 5134 --- [ool-3-thread-38] tourGuide.service.RewardsService         : getDistance called
2023-01-20T14:46:40.817+01:00  INFO 5134 --- [ool-3-thread-11] tourGuide.service.RewardsService         : getDistance called
2023-01-20T14:46:40.818+01:00  INFO 5134 --- [ool-3-thread-38] tourGuide.service.RewardsService         : nearAttraction called with Fallingwater
2023-01-20T14:46:40.818+01:00  INFO 5134 --- [ool-3-thread-11] tourGuide.service.RewardsService         : nearAttraction called with Roger Dean Stadium
2023-01-20T14:46:40.818+01:00  INFO 5134 --- [ool-3-thread-56] tourGuide.service.RewardsService         : nearAttraction called with Union Station
2023-01-20T14:46:40.818+01:00  INFO 5134 --- [ool-3-thread-38] tourGuide.service.RewardsService         : getDistance called
2023-01-20T14:46:40.818+01:00  INFO 5134 --- [ool-3-thread-11] tourGuide.service.RewardsService         : getDistance called
2023-01-20T14:46:40.818+01:00  INFO 5134 --- [ool-3-thread-56] tourGuide.service.RewardsService         : getDistance called
2023-01-20T14:46:40.818+01:00  INFO 5134 --- [ool-3-thread-11] tourGuide.service.RewardsService         : nearAttraction called with Bryant-Denny Stadium
2023-01-20T14:46:40.818+01:00  INFO 5134 --- [ool-3-thread-38] tourGuide.service.RewardsService         : nearAttraction called with Texas Memorial Stadium
2023-01-20T14:46:40.818+01:00  INFO 5134 --- [ool-3-thread-56] tourGuide.service.RewardsService         : nearAttraction called with Tiger Stadium
2023-01-20T14:46:40.818+01:00  INFO 5134 --- [ool-3-thread-38] tourGuide.service.RewardsService         : getDistance called
2023-01-20T14:46:40.818+01:00  INFO 5134 --- [ool-3-thread-11] tourGuide.service.RewardsService         : getDistance called
2023-01-20T14:46:40.818+01:00  INFO 5134 --- [ool-3-thread-38] tourGuide.service.RewardsService         : nearAttraction called with Neyland Stadium
2023-01-20T14:46:40.818+01:00  INFO 5134 --- [ool-3-thread-11] tourGuide.service.RewardsService         : nearAttraction called with Kyle Field
2023-01-20T14:46:40.818+01:00  INFO 5134 --- [ool-3-thread-56] tourGuide.service.RewardsService         : getDistance called
2023-01-20T14:46:40.818+01:00  INFO 5134 --- [ool-3-thread-38] tourGuide.service.RewardsService         : getDistance called
2023-01-20T14:46:40.818+01:00  INFO 5134 --- [ool-3-thread-56] tourGuide.service.RewardsService         : nearAttraction called with San Diego Zoo
2023-01-20T14:46:40.818+01:00  INFO 5134 --- [ool-3-thread-56] tourGuide.service.RewardsService         : getDistance called
2023-01-20T14:46:40.818+01:00  INFO 5134 --- [ool-3-thread-38] tourGuide.service.RewardsService         : nearAttraction called with Zoo Tampa at Lowry Park
2023-01-20T14:46:40.818+01:00  INFO 5134 --- [ool-3-thread-56] tourGuide.service.RewardsService         : nearAttraction called with Franklin Park Zoo
2023-01-20T14:46:40.818+01:00  INFO 5134 --- [ool-3-thread-56] tourGuide.service.RewardsService         : getDistance called
2023-01-20T14:46:40.818+01:00  INFO 5134 --- [ool-3-thread-11] tourGuide.service.RewardsService         : getDistance called
2023-01-20T14:46:40.818+01:00  INFO 5134 --- [ool-3-thread-38] tourGuide.service.RewardsService         : getDistance called
2023-01-20T14:46:40.818+01:00  INFO 5134 --- [ool-3-thread-11] tourGuide.service.RewardsService         : nearAttraction called with Kansas City Zoo
2023-01-20T14:46:40.818+01:00  INFO 5134 --- [ool-3-thread-56] tourGuide.service.RewardsService         : nearAttraction called with El Paso Zoo
2023-01-20T14:46:40.818+01:00  INFO 5134 --- [ool-3-thread-38] tourGuide.service.RewardsService         : nearAttraction called with Bronx Zoo
2023-01-20T14:46:40.818+01:00  INFO 5134 --- [ool-3-thread-38] tourGuide.service.RewardsService         : getDistance called
2023-01-20T14:46:40.818+01:00  INFO 5134 --- [ool-3-thread-56] tourGuide.service.RewardsService         : getDistance called
2023-01-20T14:46:40.818+01:00  INFO 5134 --- [ool-3-thread-38] tourGuide.service.RewardsService         : nearAttraction called with Cinderella Castle
2023-01-20T14:46:40.818+01:00  INFO 5134 --- [ool-3-thread-56] tourGuide.service.RewardsService         : nearAttraction called with Disneyland
2023-01-20T14:46:40.818+01:00  INFO 5134 --- [ool-3-thread-38] tourGuide.service.RewardsService         : getDistance called
2023-01-20T14:46:40.818+01:00  INFO 5134 --- [ool-3-thread-56] tourGuide.service.RewardsService         : getDistance called
2023-01-20T14:46:40.818+01:00  INFO 5134 --- [ool-3-thread-38] tourGuide.service.RewardsService         : nearAttraction called with Jackson Hole
2023-01-20T14:46:40.818+01:00  INFO 5134 --- [ool-3-thread-11] tourGuide.service.RewardsService         : getDistance called
2023-01-20T14:46:40.818+01:00  INFO 5134 --- [ool-3-thread-56] tourGuide.service.RewardsService         : getRewardPoints called with Disneyland and internalUser48
2023-01-20T14:46:40.818+01:00  INFO 5134 --- [ool-3-thread-11] tourGuide.service.RewardsService         : nearAttraction called with Mojave National Preserve
2023-01-20T14:46:40.818+01:00  INFO 5134 --- [ool-3-thread-11] tourGuide.service.RewardsService         : getDistance called
2023-01-20T14:46:40.818+01:00  INFO 5134 --- [ool-3-thread-38] tourGuide.service.RewardsService         : getDistance called
2023-01-20T14:46:40.818+01:00  INFO 5134 --- [ool-3-thread-11] tourGuide.service.RewardsService         : nearAttraction called with Joshua Tree National Park
2023-01-20T14:46:40.818+01:00  INFO 5134 --- [ool-3-thread-38] tourGuide.service.RewardsService         : nearAttraction called with Buffalo National River
2023-01-20T14:46:40.818+01:00  INFO 5134 --- [ool-3-thread-11] tourGuide.service.RewardsService         : getDistance called
2023-01-20T14:46:40.819+01:00  INFO 5134 --- [ool-3-thread-38] tourGuide.service.RewardsService         : getDistance called
2023-01-20T14:46:40.819+01:00  INFO 5134 --- [ool-3-thread-11] tourGuide.service.RewardsService         : nearAttraction called with Hot Springs National Park
2023-01-20T14:46:40.819+01:00  INFO 5134 --- [ool-3-thread-38] tourGuide.service.RewardsService         : nearAttraction called with Kartchner Caverns State Park
2023-01-20T14:46:40.819+01:00  INFO 5134 --- [ool-3-thread-11] tourGuide.service.RewardsService         : getDistance called
2023-01-20T14:46:40.819+01:00  INFO 5134 --- [ool-3-thread-38] tourGuide.service.RewardsService         : getDistance called
2023-01-20T14:46:40.819+01:00  INFO 5134 --- [ool-3-thread-11] tourGuide.service.RewardsService         : nearAttraction called with Legend Valley
2023-01-20T14:46:40.819+01:00  INFO 5134 --- [ool-3-thread-38] tourGuide.service.RewardsService         : nearAttraction called with Flowers Bakery of London
2023-01-20T14:46:40.819+01:00  INFO 5134 --- [ool-3-thread-11] tourGuide.service.RewardsService         : getDistance called
2023-01-20T14:46:40.819+01:00  INFO 5134 --- [ool-3-thread-38] tourGuide.service.RewardsService         : getDistance called
2023-01-20T14:46:40.819+01:00  INFO 5134 --- [ool-3-thread-11] tourGuide.service.RewardsService         : nearAttraction called with McKinley Tower
2023-01-20T14:46:40.819+01:00  INFO 5134 --- [ool-3-thread-38] tourGuide.service.RewardsService         : nearAttraction called with Flatiron Building
2023-01-20T14:46:40.819+01:00  INFO 5134 --- [ool-3-thread-11] tourGuide.service.RewardsService         : getDistance called
2023-01-20T14:46:40.819+01:00  INFO 5134 --- [ool-3-thread-38] tourGuide.service.RewardsService         : getDistance called
2023-01-20T14:46:40.819+01:00  INFO 5134 --- [ool-3-thread-11] tourGuide.service.RewardsService         : nearAttraction called with Fallingwater
2023-01-20T14:46:40.819+01:00  INFO 5134 --- [ool-3-thread-38] tourGuide.service.RewardsService         : nearAttraction called with Union Station
2023-01-20T14:46:40.819+01:00  INFO 5134 --- [ool-3-thread-11] tourGuide.service.RewardsService         : getDistance called
2023-01-20T14:46:40.819+01:00  INFO 5134 --- [ool-3-thread-38] tourGuide.service.RewardsService         : getDistance called
2023-01-20T14:46:40.819+01:00  INFO 5134 --- [ool-3-thread-11] tourGuide.service.RewardsService         : nearAttraction called with Roger Dean Stadium
2023-01-20T14:46:40.819+01:00  INFO 5134 --- [ool-3-thread-38] tourGuide.service.RewardsService         : nearAttraction called with Texas Memorial Stadium
2023-01-20T14:46:40.819+01:00  INFO 5134 --- [ool-3-thread-38] tourGuide.service.RewardsService         : getDistance called
2023-01-20T14:46:40.819+01:00  INFO 5134 --- [ool-3-thread-11] tourGuide.service.RewardsService         : getDistance called
2023-01-20T14:46:40.819+01:00  INFO 5134 --- [ool-3-thread-38] tourGuide.service.RewardsService         : nearAttraction called with Bryant-Denny Stadium
2023-01-20T14:46:40.819+01:00  INFO 5134 --- [ool-3-thread-11] tourGuide.service.RewardsService         : nearAttraction called with Tiger Stadium
2023-01-20T14:46:40.819+01:00  INFO 5134 --- [ool-3-thread-38] tourGuide.service.RewardsService         : getDistance called
2023-01-20T14:46:40.819+01:00  INFO 5134 --- [ool-3-thread-11] tourGuide.service.RewardsService         : getDistance called
2023-01-20T14:46:40.819+01:00  INFO 5134 --- [ool-3-thread-38] tourGuide.service.RewardsService         : nearAttraction called with Neyland Stadium
2023-01-20T14:46:40.819+01:00  INFO 5134 --- [ool-3-thread-11] tourGuide.service.RewardsService         : nearAttraction called with Kyle Field
2023-01-20T14:46:40.819+01:00  INFO 5134 --- [ool-3-thread-38] tourGuide.service.RewardsService         : getDistance called
2023-01-20T14:46:40.819+01:00  INFO 5134 --- [ool-3-thread-11] tourGuide.service.RewardsService         : getDistance called
2023-01-20T14:46:40.819+01:00  INFO 5134 --- [ool-3-thread-38] tourGuide.service.RewardsService         : nearAttraction called with San Diego Zoo
2023-01-20T14:46:40.820+01:00  INFO 5134 --- [ool-3-thread-11] tourGuide.service.RewardsService         : nearAttraction called with Zoo Tampa at Lowry Park
2023-01-20T14:46:40.820+01:00  INFO 5134 --- [ool-3-thread-38] tourGuide.service.RewardsService         : getDistance called
2023-01-20T14:46:40.820+01:00  INFO 5134 --- [ool-3-thread-11] tourGuide.service.RewardsService         : getDistance called
2023-01-20T14:46:40.820+01:00  INFO 5134 --- [ool-3-thread-38] tourGuide.service.RewardsService         : nearAttraction called with Franklin Park Zoo
2023-01-20T14:46:40.820+01:00  INFO 5134 --- [ool-3-thread-38] tourGuide.service.RewardsService         : getDistance called
2023-01-20T14:46:40.820+01:00  INFO 5134 --- [ool-3-thread-11] tourGuide.service.RewardsService         : nearAttraction called with El Paso Zoo
2023-01-20T14:46:40.820+01:00  INFO 5134 --- [ool-3-thread-38] tourGuide.service.RewardsService         : nearAttraction called with Kansas City Zoo
2023-01-20T14:46:40.820+01:00  INFO 5134 --- [ool-3-thread-11] tourGuide.service.RewardsService         : getDistance called
2023-01-20T14:46:40.820+01:00  INFO 5134 --- [ool-3-thread-38] tourGuide.service.RewardsService         : getDistance called
2023-01-20T14:46:40.820+01:00  INFO 5134 --- [ool-3-thread-11] tourGuide.service.RewardsService         : nearAttraction called with Bronx Zoo
2023-01-20T14:46:40.820+01:00  INFO 5134 --- [ool-3-thread-38] tourGuide.service.RewardsService         : nearAttraction called with Cinderella Castle
2023-01-20T14:46:40.820+01:00  INFO 5134 --- [ool-3-thread-11] tourGuide.service.RewardsService         : getDistance called
2023-01-20T14:46:40.820+01:00  INFO 5134 --- [ool-3-thread-38] tourGuide.service.RewardsService         : getDistance called
2023-01-20T14:46:40.820+01:00  INFO 5134 --- [ool-3-thread-11] tourGuide.service.RewardsService         : nearAttraction called with Disneyland
2023-01-20T14:46:40.820+01:00  INFO 5134 --- [ool-3-thread-38] tourGuide.service.RewardsService         : nearAttraction called with Jackson Hole
2023-01-20T14:46:40.820+01:00  INFO 5134 --- [ool-3-thread-11] tourGuide.service.RewardsService         : getDistance called
2023-01-20T14:46:40.820+01:00  INFO 5134 --- [ool-3-thread-38] tourGuide.service.RewardsService         : getDistance called
2023-01-20T14:46:40.820+01:00  INFO 5134 --- [ool-3-thread-11] tourGuide.service.RewardsService         : getRewardPoints called with Disneyland and internalUser45
2023-01-20T14:46:40.820+01:00  INFO 5134 --- [ool-3-thread-38] tourGuide.service.RewardsService         : nearAttraction called with Mojave National Preserve
2023-01-20T14:46:40.820+01:00  INFO 5134 --- [ool-3-thread-38] tourGuide.service.RewardsService         : getDistance called
2023-01-20T14:46:40.820+01:00  INFO 5134 --- [ool-3-thread-38] tourGuide.service.RewardsService         : nearAttraction called with Joshua Tree National Park
2023-01-20T14:46:40.820+01:00  INFO 5134 --- [ool-3-thread-38] tourGuide.service.RewardsService         : getDistance called
2023-01-20T14:46:40.820+01:00  INFO 5134 --- [ool-3-thread-38] tourGuide.service.RewardsService         : nearAttraction called with Buffalo National River
2023-01-20T14:46:40.820+01:00  INFO 5134 --- [ool-3-thread-38] tourGuide.service.RewardsService         : getDistance called
2023-01-20T14:46:40.820+01:00  INFO 5134 --- [ool-3-thread-38] tourGuide.service.RewardsService         : nearAttraction called with Hot Springs National Park
2023-01-20T14:46:40.820+01:00  INFO 5134 --- [ool-3-thread-38] tourGuide.service.RewardsService         : getDistance called
2023-01-20T14:46:40.820+01:00  INFO 5134 --- [ool-3-thread-38] tourGuide.service.RewardsService         : nearAttraction called with Kartchner Caverns State Park
2023-01-20T14:46:40.820+01:00  INFO 5134 --- [ool-3-thread-38] tourGuide.service.RewardsService         : getDistance called
2023-01-20T14:46:40.820+01:00  INFO 5134 --- [ool-3-thread-38] tourGuide.service.RewardsService         : nearAttraction called with Legend Valley
2023-01-20T14:46:40.820+01:00  INFO 5134 --- [ool-3-thread-38] tourGuide.service.RewardsService         : getDistance called
2023-01-20T14:46:40.820+01:00  INFO 5134 --- [ool-3-thread-38] tourGuide.service.RewardsService         : nearAttraction called with Flowers Bakery of London
2023-01-20T14:46:40.820+01:00  INFO 5134 --- [ool-3-thread-38] tourGuide.service.RewardsService         : getDistance called
2023-01-20T14:46:40.820+01:00  INFO 5134 --- [ool-3-thread-38] tourGuide.service.RewardsService         : nearAttraction called with McKinley Tower
2023-01-20T14:46:40.820+01:00  INFO 5134 --- [ool-3-thread-38] tourGuide.service.RewardsService         : getDistance called
2023-01-20T14:46:40.820+01:00  INFO 5134 --- [ool-3-thread-38] tourGuide.service.RewardsService         : nearAttraction called with Flatiron Building
2023-01-20T14:46:40.820+01:00  INFO 5134 --- [ool-3-thread-38] tourGuide.service.RewardsService         : getDistance called
2023-01-20T14:46:40.821+01:00  INFO 5134 --- [ool-3-thread-38] tourGuide.service.RewardsService         : nearAttraction called with Fallingwater
2023-01-20T14:46:40.821+01:00  INFO 5134 --- [ool-3-thread-38] tourGuide.service.RewardsService         : getDistance called
2023-01-20T14:46:40.821+01:00  INFO 5134 --- [ool-3-thread-38] tourGuide.service.RewardsService         : nearAttraction called with Union Station
2023-01-20T14:46:40.821+01:00  INFO 5134 --- [ool-3-thread-38] tourGuide.service.RewardsService         : getDistance called
2023-01-20T14:46:40.821+01:00  INFO 5134 --- [ool-3-thread-38] tourGuide.service.RewardsService         : nearAttraction called with Roger Dean Stadium
2023-01-20T14:46:40.821+01:00  INFO 5134 --- [ool-3-thread-38] tourGuide.service.RewardsService         : getDistance called
2023-01-20T14:46:40.821+01:00  INFO 5134 --- [ool-3-thread-38] tourGuide.service.RewardsService         : nearAttraction called with Texas Memorial Stadium
2023-01-20T14:46:40.821+01:00  INFO 5134 --- [ool-3-thread-38] tourGuide.service.RewardsService         : getDistance called
2023-01-20T14:46:40.821+01:00  INFO 5134 --- [ool-3-thread-38] tourGuide.service.RewardsService         : nearAttraction called with Bryant-Denny Stadium
2023-01-20T14:46:40.821+01:00  INFO 5134 --- [ool-3-thread-38] tourGuide.service.RewardsService         : getDistance called
2023-01-20T14:46:40.821+01:00  INFO 5134 --- [ool-3-thread-38] tourGuide.service.RewardsService         : nearAttraction called with Tiger Stadium
2023-01-20T14:46:40.821+01:00  INFO 5134 --- [ool-3-thread-38] tourGuide.service.RewardsService         : getDistance called
2023-01-20T14:46:40.821+01:00  INFO 5134 --- [ool-3-thread-38] tourGuide.service.RewardsService         : nearAttraction called with Neyland Stadium
2023-01-20T14:46:40.821+01:00  INFO 5134 --- [ool-3-thread-38] tourGuide.service.RewardsService         : getDistance called
2023-01-20T14:46:40.821+01:00  INFO 5134 --- [ool-3-thread-38] tourGuide.service.RewardsService         : nearAttraction called with Kyle Field
2023-01-20T14:46:40.821+01:00  INFO 5134 --- [ool-3-thread-38] tourGuide.service.RewardsService         : getDistance called
2023-01-20T14:46:40.821+01:00  INFO 5134 --- [ool-3-thread-38] tourGuide.service.RewardsService         : nearAttraction called with San Diego Zoo
2023-01-20T14:46:40.821+01:00  INFO 5134 --- [ool-3-thread-38] tourGuide.service.RewardsService         : getDistance called
2023-01-20T14:46:40.821+01:00  INFO 5134 --- [ool-3-thread-38] tourGuide.service.RewardsService         : nearAttraction called with Zoo Tampa at Lowry Park
2023-01-20T14:46:40.821+01:00  INFO 5134 --- [ool-3-thread-38] tourGuide.service.RewardsService         : getDistance called
2023-01-20T14:46:40.821+01:00  INFO 5134 --- [ool-3-thread-38] tourGuide.service.RewardsService         : nearAttraction called with Franklin Park Zoo
2023-01-20T14:46:40.821+01:00  INFO 5134 --- [ool-3-thread-38] tourGuide.service.RewardsService         : getDistance called
2023-01-20T14:46:40.821+01:00  INFO 5134 --- [ool-3-thread-38] tourGuide.service.RewardsService         : nearAttraction called with El Paso Zoo
2023-01-20T14:46:40.822+01:00  INFO 5134 --- [ool-3-thread-38] tourGuide.service.RewardsService         : getDistance called
2023-01-20T14:46:40.822+01:00  INFO 5134 --- [ool-3-thread-38] tourGuide.service.RewardsService         : nearAttraction called with Kansas City Zoo
2023-01-20T14:46:40.822+01:00  INFO 5134 --- [ool-3-thread-38] tourGuide.service.RewardsService         : getDistance called
2023-01-20T14:46:40.822+01:00  INFO 5134 --- [ool-3-thread-38] tourGuide.service.RewardsService         : nearAttraction called with Bronx Zoo
2023-01-20T14:46:40.822+01:00  INFO 5134 --- [ool-3-thread-38] tourGuide.service.RewardsService         : getDistance called
2023-01-20T14:46:40.822+01:00  INFO 5134 --- [ool-3-thread-38] tourGuide.service.RewardsService         : nearAttraction called with Cinderella Castle
2023-01-20T14:46:40.822+01:00  INFO 5134 --- [ool-3-thread-38] tourGuide.service.RewardsService         : getDistance called
2023-01-20T14:46:40.822+01:00  INFO 5134 --- [ool-3-thread-38] tourGuide.service.RewardsService         : nearAttraction called with Disneyland
2023-01-20T14:46:40.822+01:00  INFO 5134 --- [ool-3-thread-38] tourGuide.service.RewardsService         : getDistance called
2023-01-20T14:46:40.822+01:00  INFO 5134 --- [ool-3-thread-38] tourGuide.service.RewardsService         : getRewardPoints called with Disneyland and internalUser44
2023-01-20T14:46:40.823+01:00  INFO 5134 --- [ool-3-thread-23] tourGuide.service.RewardsService         : nearAttraction called with Jackson Hole
2023-01-20T14:46:40.823+01:00  INFO 5134 --- [ool-3-thread-30] tourGuide.service.RewardsService         : nearAttraction called with Mojave National Preserve
2023-01-20T14:46:40.823+01:00  INFO 5134 --- [ool-6-thread-27] tourGuide.service.RewardsService         : Rewards of internalUser18 calculated by calculateRewards
2023-01-20T14:46:40.823+01:00  INFO 5134 --- [ool-6-thread-48] tourGuide.service.RewardsService         : Rewards of internalUser94 calculated by calculateRewards
2023-01-20T14:46:40.823+01:00  INFO 5134 --- [ool-3-thread-23] tourGuide.service.RewardsService         : getDistance called
2023-01-20T14:46:40.823+01:00  INFO 5134 --- [ool-3-thread-30] tourGuide.service.RewardsService         : getDistance called
2023-01-20T14:46:40.823+01:00  INFO 5134 --- [ool-3-thread-23] tourGuide.service.RewardsService         : nearAttraction called with Joshua Tree National Park
2023-01-20T14:46:40.823+01:00  INFO 5134 --- [ool-3-thread-30] tourGuide.service.RewardsService         : nearAttraction called with Buffalo National River
2023-01-20T14:46:40.823+01:00  INFO 5134 --- [ool-3-thread-23] tourGuide.service.RewardsService         : getDistance called
2023-01-20T14:46:40.823+01:00  INFO 5134 --- [ool-3-thread-30] tourGuide.service.RewardsService         : getDistance called
2023-01-20T14:46:40.823+01:00  INFO 5134 --- [ool-3-thread-23] tourGuide.service.RewardsService         : nearAttraction called with Hot Springs National Park
2023-01-20T14:46:40.823+01:00  INFO 5134 --- [ool-3-thread-30] tourGuide.service.RewardsService         : nearAttraction called with Kartchner Caverns State Park
2023-01-20T14:46:40.823+01:00  INFO 5134 --- [ool-3-thread-23] tourGuide.service.RewardsService         : getDistance called
2023-01-20T14:46:40.823+01:00  INFO 5134 --- [ool-3-thread-30] tourGuide.service.RewardsService         : getDistance called
2023-01-20T14:46:40.823+01:00  INFO 5134 --- [ool-3-thread-23] tourGuide.service.RewardsService         : nearAttraction called with Legend Valley
2023-01-20T14:46:40.823+01:00  INFO 5134 --- [ool-3-thread-30] tourGuide.service.RewardsService         : nearAttraction called with Flowers Bakery of London
2023-01-20T14:46:40.823+01:00  INFO 5134 --- [ool-3-thread-23] tourGuide.service.RewardsService         : getDistance called
2023-01-20T14:46:40.823+01:00  INFO 5134 --- [ool-3-thread-30] tourGuide.service.RewardsService         : getDistance called
2023-01-20T14:46:40.823+01:00  INFO 5134 --- [ool-3-thread-23] tourGuide.service.RewardsService         : nearAttraction called with McKinley Tower
2023-01-20T14:46:40.823+01:00  INFO 5134 --- [ool-3-thread-23] tourGuide.service.RewardsService         : getDistance called
2023-01-20T14:46:40.823+01:00  INFO 5134 --- [ool-3-thread-30] tourGuide.service.RewardsService         : nearAttraction called with Flatiron Building
2023-01-20T14:46:40.824+01:00  INFO 5134 --- [ool-3-thread-23] tourGuide.service.RewardsService         : nearAttraction called with Fallingwater
2023-01-20T14:46:40.824+01:00  INFO 5134 --- [ool-3-thread-30] tourGuide.service.RewardsService         : getDistance called
2023-01-20T14:46:40.824+01:00  INFO 5134 --- [ool-3-thread-23] tourGuide.service.RewardsService         : getDistance called
2023-01-20T14:46:40.824+01:00  INFO 5134 --- [ool-3-thread-30] tourGuide.service.RewardsService         : nearAttraction called with Union Station
2023-01-20T14:46:40.824+01:00  INFO 5134 --- [ool-3-thread-23] tourGuide.service.RewardsService         : nearAttraction called with Roger Dean Stadium
2023-01-20T14:46:40.824+01:00  INFO 5134 --- [ool-3-thread-30] tourGuide.service.RewardsService         : getDistance called
2023-01-20T14:46:40.824+01:00  INFO 5134 --- [ool-3-thread-23] tourGuide.service.RewardsService         : getDistance called
2023-01-20T14:46:40.824+01:00  INFO 5134 --- [ool-3-thread-30] tourGuide.service.RewardsService         : nearAttraction called with Texas Memorial Stadium
2023-01-20T14:46:40.824+01:00  INFO 5134 --- [ool-3-thread-23] tourGuide.service.RewardsService         : nearAttraction called with Bryant-Denny Stadium
2023-01-20T14:46:40.824+01:00  INFO 5134 --- [ool-3-thread-30] tourGuide.service.RewardsService         : getDistance called
2023-01-20T14:46:40.824+01:00  INFO 5134 --- [ool-3-thread-23] tourGuide.service.RewardsService         : getDistance called
2023-01-20T14:46:40.824+01:00  INFO 5134 --- [ool-3-thread-30] tourGuide.service.RewardsService         : nearAttraction called with Tiger Stadium
2023-01-20T14:46:40.824+01:00  INFO 5134 --- [ool-3-thread-23] tourGuide.service.RewardsService         : nearAttraction called with Neyland Stadium
2023-01-20T14:46:40.824+01:00  INFO 5134 --- [ool-3-thread-23] tourGuide.service.RewardsService         : getDistance called
2023-01-20T14:46:40.824+01:00  INFO 5134 --- [ool-3-thread-30] tourGuide.service.RewardsService         : getDistance called
2023-01-20T14:46:40.824+01:00  INFO 5134 --- [ool-3-thread-23] tourGuide.service.RewardsService         : nearAttraction called with Kyle Field
2023-01-20T14:46:40.824+01:00  INFO 5134 --- [ool-3-thread-30] tourGuide.service.RewardsService         : nearAttraction called with San Diego Zoo
2023-01-20T14:46:40.824+01:00  INFO 5134 --- [ool-3-thread-23] tourGuide.service.RewardsService         : getDistance called
2023-01-20T14:46:40.824+01:00  INFO 5134 --- [ool-3-thread-23] tourGuide.service.RewardsService         : nearAttraction called with Zoo Tampa at Lowry Park
2023-01-20T14:46:40.824+01:00  INFO 5134 --- [ool-3-thread-23] tourGuide.service.RewardsService         : getDistance called
2023-01-20T14:46:40.824+01:00  INFO 5134 --- [ool-3-thread-23] tourGuide.service.RewardsService         : nearAttraction called with Franklin Park Zoo
2023-01-20T14:46:40.824+01:00  INFO 5134 --- [ool-3-thread-30] tourGuide.service.RewardsService         : getDistance called
2023-01-20T14:46:40.824+01:00  INFO 5134 --- [ool-3-thread-23] tourGuide.service.RewardsService         : getDistance called
2023-01-20T14:46:40.824+01:00  INFO 5134 --- [ool-3-thread-30] tourGuide.service.RewardsService         : nearAttraction called with El Paso Zoo
2023-01-20T14:46:40.824+01:00  INFO 5134 --- [ool-3-thread-23] tourGuide.service.RewardsService         : nearAttraction called with Kansas City Zoo
2023-01-20T14:46:40.824+01:00  INFO 5134 --- [ool-3-thread-30] tourGuide.service.RewardsService         : getDistance called
2023-01-20T14:46:40.824+01:00  INFO 5134 --- [ool-3-thread-23] tourGuide.service.RewardsService         : getDistance called
2023-01-20T14:46:40.824+01:00  INFO 5134 --- [ool-3-thread-30] tourGuide.service.RewardsService         : nearAttraction called with Bronx Zoo
2023-01-20T14:46:40.824+01:00  INFO 5134 --- [ool-3-thread-23] tourGuide.service.RewardsService         : nearAttraction called with Cinderella Castle
2023-01-20T14:46:40.824+01:00  INFO 5134 --- [ool-3-thread-30] tourGuide.service.RewardsService         : getDistance called
2023-01-20T14:46:40.824+01:00  INFO 5134 --- [ool-3-thread-23] tourGuide.service.RewardsService         : getDistance called
2023-01-20T14:46:40.824+01:00  INFO 5134 --- [ool-3-thread-30] tourGuide.service.RewardsService         : nearAttraction called with Disneyland
2023-01-20T14:46:40.824+01:00  INFO 5134 --- [ool-3-thread-23] tourGuide.service.RewardsService         : nearAttraction called with Jackson Hole
2023-01-20T14:46:40.824+01:00  INFO 5134 --- [ool-3-thread-30] tourGuide.service.RewardsService         : getDistance called
2023-01-20T14:46:40.825+01:00  INFO 5134 --- [ool-3-thread-30] tourGuide.service.RewardsService         : getRewardPoints called with Disneyland and internalUser47
2023-01-20T14:46:40.825+01:00  INFO 5134 --- [ool-3-thread-23] tourGuide.service.RewardsService         : getDistance called
2023-01-20T14:46:40.825+01:00  INFO 5134 --- [ool-3-thread-23] tourGuide.service.RewardsService         : nearAttraction called with Mojave National Preserve
2023-01-20T14:46:40.825+01:00  INFO 5134 --- [ool-3-thread-23] tourGuide.service.RewardsService         : getDistance called
2023-01-20T14:46:40.825+01:00  INFO 5134 --- [ool-3-thread-23] tourGuide.service.RewardsService         : nearAttraction called with Joshua Tree National Park
2023-01-20T14:46:40.825+01:00  INFO 5134 --- [ool-3-thread-23] tourGuide.service.RewardsService         : getDistance called
2023-01-20T14:46:40.825+01:00  INFO 5134 --- [ool-3-thread-23] tourGuide.service.RewardsService         : nearAttraction called with Buffalo National River
2023-01-20T14:46:40.825+01:00  INFO 5134 --- [ool-3-thread-23] tourGuide.service.RewardsService         : getDistance called
2023-01-20T14:46:40.825+01:00  INFO 5134 --- [ool-3-thread-23] tourGuide.service.RewardsService         : nearAttraction called with Hot Springs National Park
2023-01-20T14:46:40.825+01:00  INFO 5134 --- [ool-3-thread-23] tourGuide.service.RewardsService         : getDistance called
2023-01-20T14:46:40.825+01:00  INFO 5134 --- [ool-3-thread-23] tourGuide.service.RewardsService         : nearAttraction called with Kartchner Caverns State Park
2023-01-20T14:46:40.825+01:00  INFO 5134 --- [ool-3-thread-23] tourGuide.service.RewardsService         : getDistance called
2023-01-20T14:46:40.825+01:00  INFO 5134 --- [ool-3-thread-23] tourGuide.service.RewardsService         : nearAttraction called with Legend Valley
2023-01-20T14:46:40.825+01:00  INFO 5134 --- [ool-3-thread-23] tourGuide.service.RewardsService         : getDistance called
2023-01-20T14:46:40.825+01:00  INFO 5134 --- [ool-3-thread-23] tourGuide.service.RewardsService         : nearAttraction called with Flowers Bakery of London
2023-01-20T14:46:40.825+01:00  INFO 5134 --- [ool-3-thread-23] tourGuide.service.RewardsService         : getDistance called
2023-01-20T14:46:40.825+01:00  INFO 5134 --- [ool-3-thread-23] tourGuide.service.RewardsService         : nearAttraction called with McKinley Tower
2023-01-20T14:46:40.825+01:00  INFO 5134 --- [ool-3-thread-23] tourGuide.service.RewardsService         : getDistance called
2023-01-20T14:46:40.825+01:00  INFO 5134 --- [ool-3-thread-23] tourGuide.service.RewardsService         : nearAttraction called with Flatiron Building
2023-01-20T14:46:40.825+01:00  INFO 5134 --- [ool-3-thread-23] tourGuide.service.RewardsService         : getDistance called
2023-01-20T14:46:40.825+01:00  INFO 5134 --- [ool-3-thread-23] tourGuide.service.RewardsService         : nearAttraction called with Fallingwater
2023-01-20T14:46:40.825+01:00  INFO 5134 --- [ool-3-thread-23] tourGuide.service.RewardsService         : getDistance called
2023-01-20T14:46:40.825+01:00  INFO 5134 --- [ool-3-thread-23] tourGuide.service.RewardsService         : nearAttraction called with Union Station
2023-01-20T14:46:40.825+01:00  INFO 5134 --- [ool-3-thread-23] tourGuide.service.RewardsService         : getDistance called
2023-01-20T14:46:40.826+01:00  INFO 5134 --- [ool-3-thread-23] tourGuide.service.RewardsService         : nearAttraction called with Roger Dean Stadium
2023-01-20T14:46:40.826+01:00  INFO 5134 --- [ool-3-thread-23] tourGuide.service.RewardsService         : getDistance called
2023-01-20T14:46:40.826+01:00  INFO 5134 --- [ool-3-thread-23] tourGuide.service.RewardsService         : nearAttraction called with Texas Memorial Stadium
2023-01-20T14:46:40.826+01:00  INFO 5134 --- [ool-3-thread-23] tourGuide.service.RewardsService         : getDistance called
2023-01-20T14:46:40.826+01:00  INFO 5134 --- [ool-3-thread-23] tourGuide.service.RewardsService         : nearAttraction called with Bryant-Denny Stadium
2023-01-20T14:46:40.826+01:00  INFO 5134 --- [ool-3-thread-23] tourGuide.service.RewardsService         : getDistance called
2023-01-20T14:46:40.826+01:00  INFO 5134 --- [ool-3-thread-23] tourGuide.service.RewardsService         : nearAttraction called with Tiger Stadium
2023-01-20T14:46:40.826+01:00  INFO 5134 --- [ool-3-thread-23] tourGuide.service.RewardsService         : getDistance called
2023-01-20T14:46:40.826+01:00  INFO 5134 --- [ool-3-thread-23] tourGuide.service.RewardsService         : nearAttraction called with Neyland Stadium
2023-01-20T14:46:40.826+01:00  INFO 5134 --- [ool-3-thread-23] tourGuide.service.RewardsService         : getDistance called
2023-01-20T14:46:40.826+01:00  INFO 5134 --- [ool-3-thread-23] tourGuide.service.RewardsService         : nearAttraction called with Kyle Field
2023-01-20T14:46:40.826+01:00  INFO 5134 --- [ool-3-thread-23] tourGuide.service.RewardsService         : getDistance called
2023-01-20T14:46:40.826+01:00  INFO 5134 --- [ool-3-thread-23] tourGuide.service.RewardsService         : nearAttraction called with San Diego Zoo
2023-01-20T14:46:40.826+01:00  INFO 5134 --- [ool-3-thread-23] tourGuide.service.RewardsService         : getDistance called
2023-01-20T14:46:40.826+01:00  INFO 5134 --- [ool-3-thread-23] tourGuide.service.RewardsService         : nearAttraction called with Zoo Tampa at Lowry Park
2023-01-20T14:46:40.826+01:00  INFO 5134 --- [ool-3-thread-23] tourGuide.service.RewardsService         : getDistance called
2023-01-20T14:46:40.826+01:00  INFO 5134 --- [ool-3-thread-23] tourGuide.service.RewardsService         : nearAttraction called with Franklin Park Zoo
2023-01-20T14:46:40.826+01:00  INFO 5134 --- [ool-3-thread-23] tourGuide.service.RewardsService         : getDistance called
2023-01-20T14:46:40.826+01:00  INFO 5134 --- [ool-3-thread-23] tourGuide.service.RewardsService         : nearAttraction called with El Paso Zoo
2023-01-20T14:46:40.826+01:00  INFO 5134 --- [ool-3-thread-23] tourGuide.service.RewardsService         : getDistance called
2023-01-20T14:46:40.826+01:00  INFO 5134 --- [ool-3-thread-23] tourGuide.service.RewardsService         : nearAttraction called with Kansas City Zoo
2023-01-20T14:46:40.826+01:00  INFO 5134 --- [ool-3-thread-23] tourGuide.service.RewardsService         : getDistance called
2023-01-20T14:46:40.826+01:00  INFO 5134 --- [ool-3-thread-23] tourGuide.service.RewardsService         : nearAttraction called with Bronx Zoo
2023-01-20T14:46:40.826+01:00  INFO 5134 --- [ool-3-thread-23] tourGuide.service.RewardsService         : getDistance called
2023-01-20T14:46:40.826+01:00  INFO 5134 --- [ool-3-thread-23] tourGuide.service.RewardsService         : nearAttraction called with Cinderella Castle
2023-01-20T14:46:40.826+01:00  INFO 5134 --- [ool-3-thread-23] tourGuide.service.RewardsService         : getDistance called
2023-01-20T14:46:40.826+01:00  INFO 5134 --- [ool-3-thread-23] tourGuide.service.RewardsService         : nearAttraction called with Disneyland
2023-01-20T14:46:40.826+01:00  INFO 5134 --- [ool-3-thread-23] tourGuide.service.RewardsService         : getDistance called
2023-01-20T14:46:40.826+01:00  INFO 5134 --- [ool-3-thread-23] tourGuide.service.RewardsService         : getRewardPoints called with Disneyland and internalUser46
2023-01-20T14:46:40.836+01:00  INFO 5134 --- [ool-6-thread-64] tourGuide.service.RewardsService         : Rewards of internalUser34 calculated by calculateRewards
2023-01-20T14:46:40.836+01:00  INFO 5134 --- [pool-3-thread-5] tourGuide.service.RewardsService         : nearAttraction called with Jackson Hole
2023-01-20T14:46:40.837+01:00  INFO 5134 --- [pool-3-thread-5] tourGuide.service.RewardsService         : getDistance called
2023-01-20T14:46:40.837+01:00  INFO 5134 --- [pool-3-thread-5] tourGuide.service.RewardsService         : nearAttraction called with Mojave National Preserve
2023-01-20T14:46:40.837+01:00  INFO 5134 --- [pool-3-thread-5] tourGuide.service.RewardsService         : getDistance called
2023-01-20T14:46:40.837+01:00  INFO 5134 --- [pool-3-thread-5] tourGuide.service.RewardsService         : nearAttraction called with Joshua Tree National Park
2023-01-20T14:46:40.837+01:00  INFO 5134 --- [pool-3-thread-5] tourGuide.service.RewardsService         : getDistance called
2023-01-20T14:46:40.837+01:00  INFO 5134 --- [pool-3-thread-5] tourGuide.service.RewardsService         : nearAttraction called with Buffalo National River
2023-01-20T14:46:40.837+01:00  INFO 5134 --- [pool-3-thread-5] tourGuide.service.RewardsService         : getDistance called
2023-01-20T14:46:40.837+01:00  INFO 5134 --- [pool-3-thread-5] tourGuide.service.RewardsService         : nearAttraction called with Hot Springs National Park
2023-01-20T14:46:40.837+01:00  INFO 5134 --- [pool-3-thread-5] tourGuide.service.RewardsService         : getDistance called
2023-01-20T14:46:40.837+01:00  INFO 5134 --- [pool-3-thread-5] tourGuide.service.RewardsService         : nearAttraction called with Kartchner Caverns State Park
2023-01-20T14:46:40.837+01:00  INFO 5134 --- [pool-3-thread-5] tourGuide.service.RewardsService         : getDistance called
2023-01-20T14:46:40.837+01:00  INFO 5134 --- [pool-3-thread-5] tourGuide.service.RewardsService         : nearAttraction called with Legend Valley
2023-01-20T14:46:40.837+01:00  INFO 5134 --- [pool-3-thread-5] tourGuide.service.RewardsService         : getDistance called
2023-01-20T14:46:40.837+01:00  INFO 5134 --- [pool-3-thread-5] tourGuide.service.RewardsService         : nearAttraction called with Flowers Bakery of London
2023-01-20T14:46:40.837+01:00  INFO 5134 --- [pool-3-thread-5] tourGuide.service.RewardsService         : getDistance called
2023-01-20T14:46:40.837+01:00  INFO 5134 --- [pool-3-thread-5] tourGuide.service.RewardsService         : nearAttraction called with McKinley Tower
2023-01-20T14:46:40.837+01:00  INFO 5134 --- [pool-3-thread-5] tourGuide.service.RewardsService         : getDistance called
2023-01-20T14:46:40.837+01:00  INFO 5134 --- [pool-3-thread-5] tourGuide.service.RewardsService         : nearAttraction called with Flatiron Building
2023-01-20T14:46:40.837+01:00  INFO 5134 --- [pool-3-thread-5] tourGuide.service.RewardsService         : getDistance called
2023-01-20T14:46:40.837+01:00  INFO 5134 --- [pool-3-thread-5] tourGuide.service.RewardsService         : nearAttraction called with Fallingwater
2023-01-20T14:46:40.837+01:00  INFO 5134 --- [pool-3-thread-5] tourGuide.service.RewardsService         : getDistance called
2023-01-20T14:46:40.837+01:00  INFO 5134 --- [pool-3-thread-5] tourGuide.service.RewardsService         : nearAttraction called with Union Station
2023-01-20T14:46:40.838+01:00  INFO 5134 --- [pool-3-thread-5] tourGuide.service.RewardsService         : getDistance called
2023-01-20T14:46:40.838+01:00  INFO 5134 --- [pool-3-thread-5] tourGuide.service.RewardsService         : nearAttraction called with Roger Dean Stadium
2023-01-20T14:46:40.838+01:00  INFO 5134 --- [pool-3-thread-5] tourGuide.service.RewardsService         : getDistance called
2023-01-20T14:46:40.838+01:00  INFO 5134 --- [pool-3-thread-5] tourGuide.service.RewardsService         : nearAttraction called with Texas Memorial Stadium
2023-01-20T14:46:40.838+01:00  INFO 5134 --- [pool-3-thread-5] tourGuide.service.RewardsService         : getDistance called
2023-01-20T14:46:40.838+01:00  INFO 5134 --- [pool-3-thread-5] tourGuide.service.RewardsService         : nearAttraction called with Bryant-Denny Stadium
2023-01-20T14:46:40.838+01:00  INFO 5134 --- [pool-3-thread-5] tourGuide.service.RewardsService         : getDistance called
2023-01-20T14:46:40.838+01:00  INFO 5134 --- [pool-3-thread-5] tourGuide.service.RewardsService         : nearAttraction called with Tiger Stadium
2023-01-20T14:46:40.838+01:00  INFO 5134 --- [pool-3-thread-5] tourGuide.service.RewardsService         : getDistance called
2023-01-20T14:46:40.838+01:00  INFO 5134 --- [pool-3-thread-5] tourGuide.service.RewardsService         : nearAttraction called with Neyland Stadium
2023-01-20T14:46:40.838+01:00  INFO 5134 --- [pool-3-thread-5] tourGuide.service.RewardsService         : getDistance called
2023-01-20T14:46:40.838+01:00  INFO 5134 --- [pool-3-thread-5] tourGuide.service.RewardsService         : nearAttraction called with Kyle Field
2023-01-20T14:46:40.838+01:00  INFO 5134 --- [pool-3-thread-5] tourGuide.service.RewardsService         : getDistance called
2023-01-20T14:46:40.838+01:00  INFO 5134 --- [pool-3-thread-5] tourGuide.service.RewardsService         : nearAttraction called with San Diego Zoo
2023-01-20T14:46:40.838+01:00  INFO 5134 --- [pool-3-thread-5] tourGuide.service.RewardsService         : getDistance called
2023-01-20T14:46:40.838+01:00  INFO 5134 --- [pool-3-thread-5] tourGuide.service.RewardsService         : nearAttraction called with Zoo Tampa at Lowry Park
2023-01-20T14:46:40.838+01:00  INFO 5134 --- [pool-3-thread-5] tourGuide.service.RewardsService         : getDistance called
2023-01-20T14:46:40.838+01:00  INFO 5134 --- [pool-3-thread-5] tourGuide.service.RewardsService         : nearAttraction called with Franklin Park Zoo
2023-01-20T14:46:40.838+01:00  INFO 5134 --- [pool-3-thread-5] tourGuide.service.RewardsService         : getDistance called
2023-01-20T14:46:40.838+01:00  INFO 5134 --- [pool-3-thread-5] tourGuide.service.RewardsService         : nearAttraction called with El Paso Zoo
2023-01-20T14:46:40.838+01:00  INFO 5134 --- [pool-3-thread-5] tourGuide.service.RewardsService         : getDistance called
2023-01-20T14:46:40.838+01:00  INFO 5134 --- [pool-3-thread-5] tourGuide.service.RewardsService         : nearAttraction called with Kansas City Zoo
2023-01-20T14:46:40.838+01:00  INFO 5134 --- [pool-3-thread-5] tourGuide.service.RewardsService         : getDistance called
2023-01-20T14:46:40.839+01:00  INFO 5134 --- [pool-3-thread-5] tourGuide.service.RewardsService         : nearAttraction called with Bronx Zoo
2023-01-20T14:46:40.839+01:00  INFO 5134 --- [pool-3-thread-5] tourGuide.service.RewardsService         : getDistance called
2023-01-20T14:46:40.839+01:00  INFO 5134 --- [pool-3-thread-5] tourGuide.service.RewardsService         : nearAttraction called with Cinderella Castle
2023-01-20T14:46:40.839+01:00  INFO 5134 --- [pool-3-thread-5] tourGuide.service.RewardsService         : getDistance called
2023-01-20T14:46:40.839+01:00  INFO 5134 --- [pool-3-thread-5] tourGuide.service.RewardsService         : nearAttraction called with Disneyland
2023-01-20T14:46:40.839+01:00  INFO 5134 --- [pool-3-thread-5] tourGuide.service.RewardsService         : getDistance called
2023-01-20T14:46:40.839+01:00  INFO 5134 --- [pool-3-thread-5] tourGuide.service.RewardsService         : getRewardPoints called with Disneyland and internalUser41
2023-01-20T14:46:40.846+01:00  INFO 5134 --- [pool-3-thread-1] tourGuide.service.RewardsService         : nearAttraction called with Jackson Hole
2023-01-20T14:46:40.846+01:00  INFO 5134 --- [ool-6-thread-13] tourGuide.service.RewardsService         : Rewards of internalUser49 calculated by calculateRewards
2023-01-20T14:46:40.846+01:00  INFO 5134 --- [pool-6-thread-7] tourGuide.service.RewardsService         : Rewards of internalUser75 calculated by calculateRewards
2023-01-20T14:46:40.846+01:00  INFO 5134 --- [pool-3-thread-4] tourGuide.service.RewardsService         : nearAttraction called with Mojave National Preserve
2023-01-20T14:46:40.847+01:00  INFO 5134 --- [pool-3-thread-1] tourGuide.service.RewardsService         : getDistance called
2023-01-20T14:46:40.847+01:00  INFO 5134 --- [pool-3-thread-4] tourGuide.service.RewardsService         : getDistance called
2023-01-20T14:46:40.847+01:00  INFO 5134 --- [pool-3-thread-1] tourGuide.service.RewardsService         : nearAttraction called with Joshua Tree National Park
2023-01-20T14:46:40.847+01:00  INFO 5134 --- [pool-3-thread-1] tourGuide.service.RewardsService         : getDistance called
2023-01-20T14:46:40.847+01:00  INFO 5134 --- [pool-3-thread-1] tourGuide.service.RewardsService         : nearAttraction called with Hot Springs National Park
2023-01-20T14:46:40.847+01:00  INFO 5134 --- [pool-3-thread-1] tourGuide.service.RewardsService         : getDistance called
2023-01-20T14:46:40.847+01:00  INFO 5134 --- [pool-3-thread-1] tourGuide.service.RewardsService         : nearAttraction called with Kartchner Caverns State Park
2023-01-20T14:46:40.847+01:00  INFO 5134 --- [pool-3-thread-1] tourGuide.service.RewardsService         : getDistance called
2023-01-20T14:46:40.847+01:00  INFO 5134 --- [pool-3-thread-4] tourGuide.service.RewardsService         : nearAttraction called with Buffalo National River
2023-01-20T14:46:40.847+01:00  INFO 5134 --- [pool-3-thread-1] tourGuide.service.RewardsService         : nearAttraction called with Legend Valley
2023-01-20T14:46:40.847+01:00  INFO 5134 --- [pool-3-thread-4] tourGuide.service.RewardsService         : getDistance called
2023-01-20T14:46:40.847+01:00  INFO 5134 --- [pool-3-thread-1] tourGuide.service.RewardsService         : getDistance called
2023-01-20T14:46:40.847+01:00  INFO 5134 --- [pool-3-thread-4] tourGuide.service.RewardsService         : nearAttraction called with Flowers Bakery of London
2023-01-20T14:46:40.847+01:00  INFO 5134 --- [pool-3-thread-1] tourGuide.service.RewardsService         : nearAttraction called with McKinley Tower
2023-01-20T14:46:40.847+01:00  INFO 5134 --- [pool-3-thread-4] tourGuide.service.RewardsService         : getDistance called
2023-01-20T14:46:40.847+01:00  INFO 5134 --- [pool-3-thread-1] tourGuide.service.RewardsService         : getDistance called
2023-01-20T14:46:40.847+01:00  INFO 5134 --- [pool-3-thread-4] tourGuide.service.RewardsService         : nearAttraction called with Flatiron Building
2023-01-20T14:46:40.847+01:00  INFO 5134 --- [pool-3-thread-1] tourGuide.service.RewardsService         : nearAttraction called with Fallingwater
2023-01-20T14:46:40.847+01:00  INFO 5134 --- [pool-3-thread-4] tourGuide.service.RewardsService         : getDistance called
2023-01-20T14:46:40.847+01:00  INFO 5134 --- [pool-3-thread-1] tourGuide.service.RewardsService         : getDistance called
2023-01-20T14:46:40.847+01:00  INFO 5134 --- [pool-3-thread-4] tourGuide.service.RewardsService         : nearAttraction called with Union Station
2023-01-20T14:46:40.847+01:00  INFO 5134 --- [pool-3-thread-1] tourGuide.service.RewardsService         : nearAttraction called with Roger Dean Stadium
2023-01-20T14:46:40.847+01:00  INFO 5134 --- [pool-3-thread-4] tourGuide.service.RewardsService         : getDistance called
2023-01-20T14:46:40.847+01:00  INFO 5134 --- [pool-3-thread-1] tourGuide.service.RewardsService         : getDistance called
2023-01-20T14:46:40.848+01:00  INFO 5134 --- [pool-3-thread-4] tourGuide.service.RewardsService         : nearAttraction called with Texas Memorial Stadium
2023-01-20T14:46:40.848+01:00  INFO 5134 --- [pool-3-thread-1] tourGuide.service.RewardsService         : nearAttraction called with Bryant-Denny Stadium
2023-01-20T14:46:40.848+01:00  INFO 5134 --- [pool-3-thread-4] tourGuide.service.RewardsService         : getDistance called
2023-01-20T14:46:40.848+01:00  INFO 5134 --- [pool-3-thread-1] tourGuide.service.RewardsService         : getDistance called
2023-01-20T14:46:40.848+01:00  INFO 5134 --- [pool-3-thread-4] tourGuide.service.RewardsService         : nearAttraction called with Tiger Stadium
2023-01-20T14:46:40.848+01:00  INFO 5134 --- [pool-3-thread-1] tourGuide.service.RewardsService         : nearAttraction called with Neyland Stadium
2023-01-20T14:46:40.848+01:00  INFO 5134 --- [pool-3-thread-1] tourGuide.service.RewardsService         : getDistance called
2023-01-20T14:46:40.848+01:00  INFO 5134 --- [pool-3-thread-4] tourGuide.service.RewardsService         : getDistance called
2023-01-20T14:46:40.848+01:00  INFO 5134 --- [pool-3-thread-1] tourGuide.service.RewardsService         : nearAttraction called with Kyle Field
2023-01-20T14:46:40.848+01:00  INFO 5134 --- [pool-3-thread-4] tourGuide.service.RewardsService         : nearAttraction called with San Diego Zoo
2023-01-20T14:46:40.848+01:00  INFO 5134 --- [pool-3-thread-1] tourGuide.service.RewardsService         : getDistance called
2023-01-20T14:46:40.848+01:00  INFO 5134 --- [pool-3-thread-4] tourGuide.service.RewardsService         : getDistance called
2023-01-20T14:46:40.848+01:00  INFO 5134 --- [pool-3-thread-1] tourGuide.service.RewardsService         : nearAttraction called with Zoo Tampa at Lowry Park
2023-01-20T14:46:40.848+01:00  INFO 5134 --- [pool-3-thread-4] tourGuide.service.RewardsService         : nearAttraction called with Franklin Park Zoo
2023-01-20T14:46:40.848+01:00  INFO 5134 --- [pool-3-thread-1] tourGuide.service.RewardsService         : getDistance called
2023-01-20T14:46:40.848+01:00  INFO 5134 --- [pool-3-thread-4] tourGuide.service.RewardsService         : getDistance called
2023-01-20T14:46:40.848+01:00  INFO 5134 --- [pool-3-thread-1] tourGuide.service.RewardsService         : nearAttraction called with El Paso Zoo
2023-01-20T14:46:40.848+01:00  INFO 5134 --- [pool-3-thread-4] tourGuide.service.RewardsService         : nearAttraction called with Kansas City Zoo
2023-01-20T14:46:40.848+01:00  INFO 5134 --- [pool-3-thread-1] tourGuide.service.RewardsService         : getDistance called
2023-01-20T14:46:40.848+01:00  INFO 5134 --- [pool-3-thread-4] tourGuide.service.RewardsService         : getDistance called
2023-01-20T14:46:40.848+01:00  INFO 5134 --- [pool-3-thread-1] tourGuide.service.RewardsService         : nearAttraction called with Bronx Zoo
2023-01-20T14:46:40.848+01:00  INFO 5134 --- [pool-3-thread-1] tourGuide.service.RewardsService         : getDistance called
2023-01-20T14:46:40.848+01:00  INFO 5134 --- [pool-3-thread-4] tourGuide.service.RewardsService         : nearAttraction called with Cinderella Castle
2023-01-20T14:46:40.848+01:00  INFO 5134 --- [pool-3-thread-1] tourGuide.service.RewardsService         : nearAttraction called with Disneyland
2023-01-20T14:46:40.848+01:00  INFO 5134 --- [pool-3-thread-4] tourGuide.service.RewardsService         : getDistance called
2023-01-20T14:46:40.848+01:00  INFO 5134 --- [pool-3-thread-1] tourGuide.service.RewardsService         : getDistance called
2023-01-20T14:46:40.848+01:00  INFO 5134 --- [pool-3-thread-4] tourGuide.service.RewardsService         : nearAttraction called with Jackson Hole
2023-01-20T14:46:40.848+01:00  INFO 5134 --- [pool-3-thread-4] tourGuide.service.RewardsService         : getDistance called
2023-01-20T14:46:40.848+01:00  INFO 5134 --- [pool-3-thread-1] tourGuide.service.RewardsService         : getRewardPoints called with Disneyland and internalUser40
2023-01-20T14:46:40.848+01:00  INFO 5134 --- [pool-3-thread-4] tourGuide.service.RewardsService         : nearAttraction called with Mojave National Preserve
2023-01-20T14:46:40.848+01:00  INFO 5134 --- [pool-3-thread-4] tourGuide.service.RewardsService         : getDistance called
2023-01-20T14:46:40.848+01:00  INFO 5134 --- [pool-3-thread-4] tourGuide.service.RewardsService         : nearAttraction called with Joshua Tree National Park
2023-01-20T14:46:40.848+01:00  INFO 5134 --- [pool-3-thread-4] tourGuide.service.RewardsService         : getDistance called
2023-01-20T14:46:40.848+01:00  INFO 5134 --- [pool-3-thread-4] tourGuide.service.RewardsService         : nearAttraction called with Buffalo National River
2023-01-20T14:46:40.848+01:00  INFO 5134 --- [pool-3-thread-4] tourGuide.service.RewardsService         : getDistance called
2023-01-20T14:46:40.848+01:00  INFO 5134 --- [pool-3-thread-4] tourGuide.service.RewardsService         : nearAttraction called with Hot Springs National Park
2023-01-20T14:46:40.848+01:00  INFO 5134 --- [pool-3-thread-4] tourGuide.service.RewardsService         : getDistance called
2023-01-20T14:46:40.848+01:00  INFO 5134 --- [pool-3-thread-4] tourGuide.service.RewardsService         : nearAttraction called with Kartchner Caverns State Park
2023-01-20T14:46:40.848+01:00  INFO 5134 --- [pool-3-thread-4] tourGuide.service.RewardsService         : getDistance called
2023-01-20T14:46:40.849+01:00  INFO 5134 --- [pool-3-thread-4] tourGuide.service.RewardsService         : nearAttraction called with Legend Valley
2023-01-20T14:46:40.849+01:00  INFO 5134 --- [pool-3-thread-4] tourGuide.service.RewardsService         : getDistance called
2023-01-20T14:46:40.849+01:00  INFO 5134 --- [pool-3-thread-4] tourGuide.service.RewardsService         : nearAttraction called with Flowers Bakery of London
2023-01-20T14:46:40.849+01:00  INFO 5134 --- [pool-3-thread-4] tourGuide.service.RewardsService         : getDistance called
2023-01-20T14:46:40.849+01:00  INFO 5134 --- [pool-3-thread-4] tourGuide.service.RewardsService         : nearAttraction called with McKinley Tower
2023-01-20T14:46:40.849+01:00  INFO 5134 --- [pool-3-thread-4] tourGuide.service.RewardsService         : getDistance called
2023-01-20T14:46:40.849+01:00  INFO 5134 --- [pool-3-thread-4] tourGuide.service.RewardsService         : nearAttraction called with Flatiron Building
2023-01-20T14:46:40.849+01:00  INFO 5134 --- [pool-3-thread-4] tourGuide.service.RewardsService         : getDistance called
2023-01-20T14:46:40.849+01:00  INFO 5134 --- [pool-3-thread-4] tourGuide.service.RewardsService         : nearAttraction called with Fallingwater
2023-01-20T14:46:40.849+01:00  INFO 5134 --- [pool-3-thread-4] tourGuide.service.RewardsService         : getDistance called
2023-01-20T14:46:40.849+01:00  INFO 5134 --- [pool-3-thread-4] tourGuide.service.RewardsService         : nearAttraction called with Union Station
2023-01-20T14:46:40.849+01:00  INFO 5134 --- [pool-3-thread-4] tourGuide.service.RewardsService         : getDistance called
2023-01-20T14:46:40.849+01:00  INFO 5134 --- [pool-3-thread-4] tourGuide.service.RewardsService         : nearAttraction called with Roger Dean Stadium
2023-01-20T14:46:40.849+01:00  INFO 5134 --- [pool-3-thread-4] tourGuide.service.RewardsService         : getDistance called
2023-01-20T14:46:40.849+01:00  INFO 5134 --- [pool-3-thread-4] tourGuide.service.RewardsService         : nearAttraction called with Texas Memorial Stadium
2023-01-20T14:46:40.849+01:00  INFO 5134 --- [pool-3-thread-4] tourGuide.service.RewardsService         : getDistance called
2023-01-20T14:46:40.849+01:00  INFO 5134 --- [pool-3-thread-4] tourGuide.service.RewardsService         : nearAttraction called with Bryant-Denny Stadium
2023-01-20T14:46:40.849+01:00  INFO 5134 --- [pool-3-thread-4] tourGuide.service.RewardsService         : getDistance called
2023-01-20T14:46:40.849+01:00  INFO 5134 --- [pool-3-thread-4] tourGuide.service.RewardsService         : nearAttraction called with Tiger Stadium
2023-01-20T14:46:40.849+01:00  INFO 5134 --- [pool-3-thread-4] tourGuide.service.RewardsService         : getDistance called
2023-01-20T14:46:40.849+01:00  INFO 5134 --- [pool-3-thread-4] tourGuide.service.RewardsService         : nearAttraction called with Neyland Stadium
2023-01-20T14:46:40.849+01:00  INFO 5134 --- [pool-3-thread-4] tourGuide.service.RewardsService         : getDistance called
2023-01-20T14:46:40.849+01:00  INFO 5134 --- [pool-3-thread-4] tourGuide.service.RewardsService         : nearAttraction called with Kyle Field
2023-01-20T14:46:40.849+01:00  INFO 5134 --- [pool-3-thread-4] tourGuide.service.RewardsService         : getDistance called
2023-01-20T14:46:40.849+01:00  INFO 5134 --- [pool-3-thread-4] tourGuide.service.RewardsService         : nearAttraction called with San Diego Zoo
2023-01-20T14:46:40.850+01:00  INFO 5134 --- [pool-3-thread-4] tourGuide.service.RewardsService         : getDistance called
2023-01-20T14:46:40.850+01:00  INFO 5134 --- [pool-3-thread-4] tourGuide.service.RewardsService         : nearAttraction called with Zoo Tampa at Lowry Park
2023-01-20T14:46:40.850+01:00  INFO 5134 --- [pool-3-thread-4] tourGuide.service.RewardsService         : getDistance called
2023-01-20T14:46:40.850+01:00  INFO 5134 --- [pool-3-thread-4] tourGuide.service.RewardsService         : nearAttraction called with Franklin Park Zoo
2023-01-20T14:46:40.850+01:00  INFO 5134 --- [pool-3-thread-4] tourGuide.service.RewardsService         : getDistance called
2023-01-20T14:46:40.850+01:00  INFO 5134 --- [pool-3-thread-4] tourGuide.service.RewardsService         : nearAttraction called with El Paso Zoo
2023-01-20T14:46:40.850+01:00  INFO 5134 --- [pool-3-thread-4] tourGuide.service.RewardsService         : getDistance called
2023-01-20T14:46:40.850+01:00  INFO 5134 --- [pool-3-thread-4] tourGuide.service.RewardsService         : nearAttraction called with Kansas City Zoo
2023-01-20T14:46:40.850+01:00  INFO 5134 --- [pool-3-thread-4] tourGuide.service.RewardsService         : getDistance called
2023-01-20T14:46:40.850+01:00  INFO 5134 --- [pool-3-thread-4] tourGuide.service.RewardsService         : nearAttraction called with Bronx Zoo
2023-01-20T14:46:40.850+01:00  INFO 5134 --- [pool-3-thread-4] tourGuide.service.RewardsService         : getDistance called
2023-01-20T14:46:40.850+01:00  INFO 5134 --- [pool-3-thread-4] tourGuide.service.RewardsService         : nearAttraction called with Cinderella Castle
2023-01-20T14:46:40.850+01:00  INFO 5134 --- [pool-3-thread-4] tourGuide.service.RewardsService         : getDistance called
2023-01-20T14:46:40.850+01:00  INFO 5134 --- [pool-3-thread-4] tourGuide.service.RewardsService         : nearAttraction called with Disneyland
2023-01-20T14:46:40.850+01:00  INFO 5134 --- [pool-3-thread-4] tourGuide.service.RewardsService         : getDistance called
2023-01-20T14:46:40.850+01:00  INFO 5134 --- [pool-3-thread-4] tourGuide.service.RewardsService         : getRewardPoints called with Disneyland and internalUser43
2023-01-20T14:46:40.856+01:00  INFO 5134 --- [ool-3-thread-21] tourGuide.service.RewardsService         : nearAttraction called with Jackson Hole
2023-01-20T14:46:40.856+01:00  INFO 5134 --- [ool-6-thread-24] tourGuide.service.RewardsService         : Rewards of internalUser19 calculated by calculateRewards
2023-01-20T14:46:40.856+01:00  INFO 5134 --- [ool-3-thread-21] tourGuide.service.RewardsService         : getDistance called
2023-01-20T14:46:40.856+01:00  INFO 5134 --- [ool-3-thread-21] tourGuide.service.RewardsService         : nearAttraction called with Mojave National Preserve
2023-01-20T14:46:40.856+01:00  INFO 5134 --- [ool-3-thread-21] tourGuide.service.RewardsService         : getDistance called
2023-01-20T14:46:40.856+01:00  INFO 5134 --- [ool-3-thread-21] tourGuide.service.RewardsService         : nearAttraction called with Joshua Tree National Park
2023-01-20T14:46:40.856+01:00  INFO 5134 --- [ool-3-thread-21] tourGuide.service.RewardsService         : getDistance called
2023-01-20T14:46:40.856+01:00  INFO 5134 --- [ool-3-thread-21] tourGuide.service.RewardsService         : nearAttraction called with Buffalo National River
2023-01-20T14:46:40.856+01:00  INFO 5134 --- [ool-3-thread-21] tourGuide.service.RewardsService         : getDistance called
2023-01-20T14:46:40.856+01:00  INFO 5134 --- [ool-3-thread-21] tourGuide.service.RewardsService         : nearAttraction called with Hot Springs National Park
2023-01-20T14:46:40.856+01:00  INFO 5134 --- [ool-3-thread-21] tourGuide.service.RewardsService         : getDistance called
2023-01-20T14:46:40.856+01:00  INFO 5134 --- [ool-3-thread-21] tourGuide.service.RewardsService         : nearAttraction called with Kartchner Caverns State Park
2023-01-20T14:46:40.856+01:00  INFO 5134 --- [ool-3-thread-21] tourGuide.service.RewardsService         : getDistance called
2023-01-20T14:46:40.856+01:00  INFO 5134 --- [ool-3-thread-21] tourGuide.service.RewardsService         : nearAttraction called with Legend Valley
2023-01-20T14:46:40.857+01:00  INFO 5134 --- [ool-3-thread-21] tourGuide.service.RewardsService         : getDistance called
2023-01-20T14:46:40.857+01:00  INFO 5134 --- [ool-3-thread-21] tourGuide.service.RewardsService         : nearAttraction called with Flowers Bakery of London
2023-01-20T14:46:40.857+01:00  INFO 5134 --- [ool-3-thread-21] tourGuide.service.RewardsService         : getDistance called
2023-01-20T14:46:40.857+01:00  INFO 5134 --- [ool-3-thread-21] tourGuide.service.RewardsService         : nearAttraction called with McKinley Tower
2023-01-20T14:46:40.857+01:00  INFO 5134 --- [ool-3-thread-21] tourGuide.service.RewardsService         : getDistance called
2023-01-20T14:46:40.857+01:00  INFO 5134 --- [ool-3-thread-21] tourGuide.service.RewardsService         : nearAttraction called with Flatiron Building
2023-01-20T14:46:40.857+01:00  INFO 5134 --- [ool-3-thread-21] tourGuide.service.RewardsService         : getDistance called
2023-01-20T14:46:40.857+01:00  INFO 5134 --- [ool-3-thread-21] tourGuide.service.RewardsService         : nearAttraction called with Fallingwater
2023-01-20T14:46:40.857+01:00  INFO 5134 --- [ool-3-thread-21] tourGuide.service.RewardsService         : getDistance called
2023-01-20T14:46:40.857+01:00  INFO 5134 --- [ool-3-thread-21] tourGuide.service.RewardsService         : nearAttraction called with Union Station
2023-01-20T14:46:40.857+01:00  INFO 5134 --- [ool-3-thread-21] tourGuide.service.RewardsService         : getDistance called
2023-01-20T14:46:40.857+01:00  INFO 5134 --- [ool-3-thread-21] tourGuide.service.RewardsService         : nearAttraction called with Roger Dean Stadium
2023-01-20T14:46:40.857+01:00  INFO 5134 --- [ool-3-thread-21] tourGuide.service.RewardsService         : getDistance called
2023-01-20T14:46:40.857+01:00  INFO 5134 --- [ool-3-thread-21] tourGuide.service.RewardsService         : nearAttraction called with Texas Memorial Stadium
2023-01-20T14:46:40.857+01:00  INFO 5134 --- [ool-3-thread-21] tourGuide.service.RewardsService         : getDistance called
2023-01-20T14:46:40.857+01:00  INFO 5134 --- [ool-3-thread-21] tourGuide.service.RewardsService         : nearAttraction called with Bryant-Denny Stadium
2023-01-20T14:46:40.857+01:00  INFO 5134 --- [ool-3-thread-21] tourGuide.service.RewardsService         : getDistance called
2023-01-20T14:46:40.857+01:00  INFO 5134 --- [ool-3-thread-21] tourGuide.service.RewardsService         : nearAttraction called with Tiger Stadium
2023-01-20T14:46:40.857+01:00  INFO 5134 --- [ool-3-thread-21] tourGuide.service.RewardsService         : getDistance called
2023-01-20T14:46:40.857+01:00  INFO 5134 --- [ool-3-thread-21] tourGuide.service.RewardsService         : nearAttraction called with Neyland Stadium
2023-01-20T14:46:40.857+01:00  INFO 5134 --- [ool-3-thread-21] tourGuide.service.RewardsService         : getDistance called
2023-01-20T14:46:40.857+01:00  INFO 5134 --- [ool-3-thread-21] tourGuide.service.RewardsService         : nearAttraction called with Kyle Field
2023-01-20T14:46:40.857+01:00  INFO 5134 --- [ool-3-thread-21] tourGuide.service.RewardsService         : getDistance called
2023-01-20T14:46:40.857+01:00  INFO 5134 --- [ool-3-thread-21] tourGuide.service.RewardsService         : nearAttraction called with San Diego Zoo
2023-01-20T14:46:40.857+01:00  INFO 5134 --- [ool-3-thread-21] tourGuide.service.RewardsService         : getDistance called
2023-01-20T14:46:40.857+01:00  INFO 5134 --- [ool-3-thread-21] tourGuide.service.RewardsService         : nearAttraction called with Zoo Tampa at Lowry Park
2023-01-20T14:46:40.858+01:00  INFO 5134 --- [ool-3-thread-21] tourGuide.service.RewardsService         : getDistance called
2023-01-20T14:46:40.858+01:00  INFO 5134 --- [ool-3-thread-42] tourGuide.service.RewardsService         : nearAttraction called with Franklin Park Zoo
2023-01-20T14:46:40.858+01:00  INFO 5134 --- [ool-3-thread-21] tourGuide.service.RewardsService         : nearAttraction called with El Paso Zoo
2023-01-20T14:46:40.858+01:00  INFO 5134 --- [ool-3-thread-42] tourGuide.service.RewardsService         : getDistance called
2023-01-20T14:46:40.858+01:00  INFO 5134 --- [ool-3-thread-21] tourGuide.service.RewardsService         : getDistance called
2023-01-20T14:46:40.858+01:00  INFO 5134 --- [ool-3-thread-42] tourGuide.service.RewardsService         : nearAttraction called with Kansas City Zoo
2023-01-20T14:46:40.858+01:00  INFO 5134 --- [ool-6-thread-68] tourGuide.service.RewardsService         : Rewards of internalUser30 calculated by calculateRewards
2023-01-20T14:46:40.858+01:00  INFO 5134 --- [ool-3-thread-21] tourGuide.service.RewardsService         : nearAttraction called with Bronx Zoo
2023-01-20T14:46:40.858+01:00  INFO 5134 --- [ool-3-thread-21] tourGuide.service.RewardsService         : getDistance called
2023-01-20T14:46:40.858+01:00  INFO 5134 --- [ool-3-thread-21] tourGuide.service.RewardsService         : nearAttraction called with Cinderella Castle
2023-01-20T14:46:40.858+01:00  INFO 5134 --- [ool-3-thread-21] tourGuide.service.RewardsService         : getDistance called
2023-01-20T14:46:40.858+01:00  INFO 5134 --- [ool-3-thread-42] tourGuide.service.RewardsService         : getDistance called
2023-01-20T14:46:40.858+01:00  INFO 5134 --- [ool-3-thread-21] tourGuide.service.RewardsService         : nearAttraction called with Disneyland
2023-01-20T14:46:40.858+01:00  INFO 5134 --- [ool-3-thread-21] tourGuide.service.RewardsService         : getDistance called
2023-01-20T14:46:40.858+01:00  INFO 5134 --- [ool-3-thread-42] tourGuide.service.RewardsService         : nearAttraction called with Jackson Hole
2023-01-20T14:46:40.858+01:00  INFO 5134 --- [ool-3-thread-21] tourGuide.service.RewardsService         : getRewardPoints called with Disneyland and internalUser42
2023-01-20T14:46:40.858+01:00  INFO 5134 --- [ool-3-thread-42] tourGuide.service.RewardsService         : getDistance called
2023-01-20T14:46:40.858+01:00  INFO 5134 --- [ool-3-thread-42] tourGuide.service.RewardsService         : nearAttraction called with Mojave National Preserve
2023-01-20T14:46:40.858+01:00  INFO 5134 --- [ool-3-thread-42] tourGuide.service.RewardsService         : getDistance called
2023-01-20T14:46:40.858+01:00  INFO 5134 --- [ool-3-thread-42] tourGuide.service.RewardsService         : nearAttraction called with Joshua Tree National Park
2023-01-20T14:46:40.858+01:00  INFO 5134 --- [ool-3-thread-42] tourGuide.service.RewardsService         : getDistance called
2023-01-20T14:46:40.858+01:00  INFO 5134 --- [ool-3-thread-42] tourGuide.service.RewardsService         : nearAttraction called with Buffalo National River
2023-01-20T14:46:40.858+01:00  INFO 5134 --- [ool-3-thread-42] tourGuide.service.RewardsService         : getDistance called
2023-01-20T14:46:40.858+01:00  INFO 5134 --- [ool-3-thread-42] tourGuide.service.RewardsService         : nearAttraction called with Hot Springs National Park
2023-01-20T14:46:40.858+01:00  INFO 5134 --- [ool-3-thread-42] tourGuide.service.RewardsService         : getDistance called
2023-01-20T14:46:40.858+01:00  INFO 5134 --- [ool-3-thread-42] tourGuide.service.RewardsService         : nearAttraction called with Kartchner Caverns State Park
2023-01-20T14:46:40.858+01:00  INFO 5134 --- [ool-3-thread-42] tourGuide.service.RewardsService         : getDistance called
2023-01-20T14:46:40.858+01:00  INFO 5134 --- [ool-3-thread-42] tourGuide.service.RewardsService         : nearAttraction called with Legend Valley
2023-01-20T14:46:40.858+01:00  INFO 5134 --- [ool-3-thread-42] tourGuide.service.RewardsService         : getDistance called
2023-01-20T14:46:40.858+01:00  INFO 5134 --- [ool-3-thread-42] tourGuide.service.RewardsService         : nearAttraction called with Flowers Bakery of London
2023-01-20T14:46:40.858+01:00  INFO 5134 --- [ool-3-thread-42] tourGuide.service.RewardsService         : getDistance called
2023-01-20T14:46:40.858+01:00  INFO 5134 --- [ool-3-thread-42] tourGuide.service.RewardsService         : nearAttraction called with McKinley Tower
2023-01-20T14:46:40.858+01:00  INFO 5134 --- [ool-3-thread-42] tourGuide.service.RewardsService         : getDistance called
2023-01-20T14:46:40.858+01:00  INFO 5134 --- [ool-3-thread-42] tourGuide.service.RewardsService         : nearAttraction called with Flatiron Building
2023-01-20T14:46:40.858+01:00  INFO 5134 --- [ool-3-thread-42] tourGuide.service.RewardsService         : getDistance called
2023-01-20T14:46:40.859+01:00  INFO 5134 --- [ool-3-thread-42] tourGuide.service.RewardsService         : nearAttraction called with Fallingwater
2023-01-20T14:46:40.859+01:00  INFO 5134 --- [ool-3-thread-42] tourGuide.service.RewardsService         : getDistance called
2023-01-20T14:46:40.859+01:00  INFO 5134 --- [ool-3-thread-42] tourGuide.service.RewardsService         : nearAttraction called with Union Station
2023-01-20T14:46:40.859+01:00  INFO 5134 --- [ool-3-thread-42] tourGuide.service.RewardsService         : getDistance called
2023-01-20T14:46:40.859+01:00  INFO 5134 --- [ool-3-thread-42] tourGuide.service.RewardsService         : nearAttraction called with Roger Dean Stadium
2023-01-20T14:46:40.859+01:00  INFO 5134 --- [ool-3-thread-42] tourGuide.service.RewardsService         : getDistance called
2023-01-20T14:46:40.859+01:00  INFO 5134 --- [ool-3-thread-42] tourGuide.service.RewardsService         : nearAttraction called with Texas Memorial Stadium
2023-01-20T14:46:40.859+01:00  INFO 5134 --- [ool-3-thread-42] tourGuide.service.RewardsService         : getDistance called
2023-01-20T14:46:40.859+01:00  INFO 5134 --- [ool-3-thread-42] tourGuide.service.RewardsService         : nearAttraction called with Bryant-Denny Stadium
2023-01-20T14:46:40.859+01:00  INFO 5134 --- [ool-3-thread-42] tourGuide.service.RewardsService         : getDistance called
2023-01-20T14:46:40.859+01:00  INFO 5134 --- [ool-3-thread-42] tourGuide.service.RewardsService         : nearAttraction called with Tiger Stadium
2023-01-20T14:46:40.859+01:00  INFO 5134 --- [ool-3-thread-42] tourGuide.service.RewardsService         : getDistance called
2023-01-20T14:46:40.859+01:00  INFO 5134 --- [ool-3-thread-42] tourGuide.service.RewardsService         : nearAttraction called with Neyland Stadium
2023-01-20T14:46:40.859+01:00  INFO 5134 --- [ool-3-thread-42] tourGuide.service.RewardsService         : getDistance called
2023-01-20T14:46:40.859+01:00  INFO 5134 --- [ool-3-thread-42] tourGuide.service.RewardsService         : nearAttraction called with Kyle Field
2023-01-20T14:46:40.859+01:00  INFO 5134 --- [ool-3-thread-42] tourGuide.service.RewardsService         : getDistance called
2023-01-20T14:46:40.859+01:00  INFO 5134 --- [ool-3-thread-42] tourGuide.service.RewardsService         : nearAttraction called with San Diego Zoo
2023-01-20T14:46:40.859+01:00  INFO 5134 --- [ool-3-thread-42] tourGuide.service.RewardsService         : getDistance called
2023-01-20T14:46:40.859+01:00  INFO 5134 --- [ool-3-thread-42] tourGuide.service.RewardsService         : nearAttraction called with Zoo Tampa at Lowry Park
2023-01-20T14:46:40.859+01:00  INFO 5134 --- [ool-3-thread-42] tourGuide.service.RewardsService         : getDistance called
2023-01-20T14:46:40.859+01:00  INFO 5134 --- [ool-3-thread-42] tourGuide.service.RewardsService         : nearAttraction called with Franklin Park Zoo
2023-01-20T14:46:40.859+01:00  INFO 5134 --- [ool-3-thread-42] tourGuide.service.RewardsService         : getDistance called
2023-01-20T14:46:40.859+01:00  INFO 5134 --- [ool-3-thread-42] tourGuide.service.RewardsService         : nearAttraction called with El Paso Zoo
2023-01-20T14:46:40.859+01:00  INFO 5134 --- [ool-3-thread-42] tourGuide.service.RewardsService         : getDistance called
2023-01-20T14:46:40.860+01:00  INFO 5134 --- [ool-3-thread-42] tourGuide.service.RewardsService         : nearAttraction called with Kansas City Zoo
2023-01-20T14:46:40.860+01:00  INFO 5134 --- [ool-3-thread-42] tourGuide.service.RewardsService         : getDistance called
2023-01-20T14:46:40.860+01:00  INFO 5134 --- [ool-3-thread-42] tourGuide.service.RewardsService         : nearAttraction called with Bronx Zoo
2023-01-20T14:46:40.860+01:00  INFO 5134 --- [ool-3-thread-42] tourGuide.service.RewardsService         : getDistance called
2023-01-20T14:46:40.860+01:00  INFO 5134 --- [ool-3-thread-42] tourGuide.service.RewardsService         : nearAttraction called with Cinderella Castle
2023-01-20T14:46:40.860+01:00  INFO 5134 --- [ool-3-thread-42] tourGuide.service.RewardsService         : getDistance called
2023-01-20T14:46:40.860+01:00  INFO 5134 --- [ool-3-thread-42] tourGuide.service.RewardsService         : nearAttraction called with Disneyland
2023-01-20T14:46:40.860+01:00  INFO 5134 --- [ool-3-thread-42] tourGuide.service.RewardsService         : getDistance called
2023-01-20T14:46:40.860+01:00  INFO 5134 --- [ool-3-thread-42] tourGuide.service.RewardsService         : getRewardPoints called with Disneyland and internalUser59
2023-01-20T14:46:40.913+01:00  INFO 5134 --- [ool-3-thread-65] tourGuide.service.RewardsService         : nearAttraction called with Jackson Hole
2023-01-20T14:46:40.913+01:00  INFO 5134 --- [ool-6-thread-17] tourGuide.service.RewardsService         : Rewards of internalUser86 calculated by calculateRewards
2023-01-20T14:46:40.914+01:00  INFO 5134 --- [ool-3-thread-65] tourGuide.service.RewardsService         : getDistance called
2023-01-20T14:46:40.914+01:00  INFO 5134 --- [ool-3-thread-65] tourGuide.service.RewardsService         : nearAttraction called with Mojave National Preserve
2023-01-20T14:46:40.914+01:00  INFO 5134 --- [ool-3-thread-65] tourGuide.service.RewardsService         : getDistance called
2023-01-20T14:46:40.914+01:00  INFO 5134 --- [ool-3-thread-65] tourGuide.service.RewardsService         : nearAttraction called with Joshua Tree National Park
2023-01-20T14:46:40.914+01:00  INFO 5134 --- [ool-3-thread-65] tourGuide.service.RewardsService         : getDistance called
2023-01-20T14:46:40.914+01:00  INFO 5134 --- [ool-3-thread-65] tourGuide.service.RewardsService         : nearAttraction called with Buffalo National River
2023-01-20T14:46:40.914+01:00  INFO 5134 --- [ool-3-thread-65] tourGuide.service.RewardsService         : getDistance called
2023-01-20T14:46:40.923+01:00  INFO 5134 --- [ool-3-thread-65] tourGuide.service.RewardsService         : nearAttraction called with Hot Springs National Park
2023-01-20T14:46:40.923+01:00  INFO 5134 --- [ool-3-thread-65] tourGuide.service.RewardsService         : getDistance called
2023-01-20T14:46:40.923+01:00  INFO 5134 --- [ool-3-thread-65] tourGuide.service.RewardsService         : nearAttraction called with Kartchner Caverns State Park
2023-01-20T14:46:40.923+01:00  INFO 5134 --- [ool-3-thread-65] tourGuide.service.RewardsService         : getDistance called
2023-01-20T14:46:40.923+01:00  INFO 5134 --- [ool-3-thread-65] tourGuide.service.RewardsService         : nearAttraction called with Legend Valley
2023-01-20T14:46:40.923+01:00  INFO 5134 --- [ool-3-thread-65] tourGuide.service.RewardsService         : getDistance called
2023-01-20T14:46:40.923+01:00  INFO 5134 --- [ool-3-thread-65] tourGuide.service.RewardsService         : nearAttraction called with Flowers Bakery of London
2023-01-20T14:46:40.923+01:00  INFO 5134 --- [ool-3-thread-65] tourGuide.service.RewardsService         : getDistance called
2023-01-20T14:46:40.924+01:00  INFO 5134 --- [ool-3-thread-65] tourGuide.service.RewardsService         : nearAttraction called with McKinley Tower
2023-01-20T14:46:40.924+01:00  INFO 5134 --- [ool-3-thread-65] tourGuide.service.RewardsService         : getDistance called
2023-01-20T14:46:40.924+01:00  INFO 5134 --- [ool-3-thread-65] tourGuide.service.RewardsService         : nearAttraction called with Flatiron Building
2023-01-20T14:46:40.924+01:00  INFO 5134 --- [ool-3-thread-65] tourGuide.service.RewardsService         : getDistance called
2023-01-20T14:46:40.924+01:00  INFO 5134 --- [ool-3-thread-65] tourGuide.service.RewardsService         : nearAttraction called with Fallingwater
2023-01-20T14:46:40.924+01:00  INFO 5134 --- [ool-3-thread-65] tourGuide.service.RewardsService         : getDistance called
2023-01-20T14:46:40.924+01:00  INFO 5134 --- [ool-3-thread-65] tourGuide.service.RewardsService         : nearAttraction called with Union Station
2023-01-20T14:46:40.924+01:00  INFO 5134 --- [ool-3-thread-65] tourGuide.service.RewardsService         : getDistance called
2023-01-20T14:46:40.924+01:00  INFO 5134 --- [ool-3-thread-65] tourGuide.service.RewardsService         : nearAttraction called with Roger Dean Stadium
2023-01-20T14:46:40.924+01:00  INFO 5134 --- [ool-3-thread-65] tourGuide.service.RewardsService         : getDistance called
2023-01-20T14:46:40.924+01:00  INFO 5134 --- [ool-3-thread-65] tourGuide.service.RewardsService         : nearAttraction called with Texas Memorial Stadium
2023-01-20T14:46:40.924+01:00  INFO 5134 --- [ool-3-thread-65] tourGuide.service.RewardsService         : getDistance called
2023-01-20T14:46:40.924+01:00  INFO 5134 --- [ool-3-thread-65] tourGuide.service.RewardsService         : nearAttraction called with Bryant-Denny Stadium
2023-01-20T14:46:40.924+01:00  INFO 5134 --- [ool-3-thread-65] tourGuide.service.RewardsService         : getDistance called
2023-01-20T14:46:40.924+01:00  INFO 5134 --- [ool-3-thread-65] tourGuide.service.RewardsService         : nearAttraction called with Tiger Stadium
2023-01-20T14:46:40.924+01:00  INFO 5134 --- [ool-3-thread-65] tourGuide.service.RewardsService         : getDistance called
2023-01-20T14:46:40.924+01:00  INFO 5134 --- [ool-3-thread-65] tourGuide.service.RewardsService         : nearAttraction called with Neyland Stadium
2023-01-20T14:46:40.924+01:00  INFO 5134 --- [ool-3-thread-65] tourGuide.service.RewardsService         : getDistance called
2023-01-20T14:46:40.924+01:00  INFO 5134 --- [ool-3-thread-65] tourGuide.service.RewardsService         : nearAttraction called with Kyle Field
2023-01-20T14:46:40.924+01:00  INFO 5134 --- [ool-3-thread-65] tourGuide.service.RewardsService         : getDistance called
2023-01-20T14:46:40.924+01:00  INFO 5134 --- [ool-3-thread-65] tourGuide.service.RewardsService         : nearAttraction called with San Diego Zoo
2023-01-20T14:46:40.924+01:00  INFO 5134 --- [ool-3-thread-65] tourGuide.service.RewardsService         : getDistance called
2023-01-20T14:46:40.924+01:00  INFO 5134 --- [ool-3-thread-65] tourGuide.service.RewardsService         : nearAttraction called with Zoo Tampa at Lowry Park
2023-01-20T14:46:40.924+01:00  INFO 5134 --- [ool-3-thread-65] tourGuide.service.RewardsService         : getDistance called
2023-01-20T14:46:40.924+01:00  INFO 5134 --- [ool-3-thread-65] tourGuide.service.RewardsService         : nearAttraction called with Franklin Park Zoo
2023-01-20T14:46:40.924+01:00  INFO 5134 --- [ool-3-thread-65] tourGuide.service.RewardsService         : getDistance called
2023-01-20T14:46:40.924+01:00  INFO 5134 --- [ool-3-thread-65] tourGuide.service.RewardsService         : nearAttraction called with El Paso Zoo
2023-01-20T14:46:40.924+01:00  INFO 5134 --- [ool-3-thread-65] tourGuide.service.RewardsService         : getDistance called
2023-01-20T14:46:40.924+01:00  INFO 5134 --- [ool-3-thread-65] tourGuide.service.RewardsService         : nearAttraction called with Kansas City Zoo
2023-01-20T14:46:40.924+01:00  INFO 5134 --- [ool-3-thread-65] tourGuide.service.RewardsService         : getDistance called
2023-01-20T14:46:40.925+01:00  INFO 5134 --- [ool-3-thread-65] tourGuide.service.RewardsService         : nearAttraction called with Bronx Zoo
2023-01-20T14:46:40.925+01:00  INFO 5134 --- [ool-3-thread-65] tourGuide.service.RewardsService         : getDistance called
2023-01-20T14:46:40.925+01:00  INFO 5134 --- [ool-3-thread-65] tourGuide.service.RewardsService         : nearAttraction called with Cinderella Castle
2023-01-20T14:46:40.925+01:00  INFO 5134 --- [ool-3-thread-65] tourGuide.service.RewardsService         : getDistance called
2023-01-20T14:46:40.925+01:00  INFO 5134 --- [ool-3-thread-65] tourGuide.service.RewardsService         : nearAttraction called with Disneyland
2023-01-20T14:46:40.925+01:00  INFO 5134 --- [ool-3-thread-65] tourGuide.service.RewardsService         : getDistance called
2023-01-20T14:46:40.925+01:00  INFO 5134 --- [ool-3-thread-65] tourGuide.service.RewardsService         : getRewardPoints called with Disneyland and internalUser56
2023-01-20T14:46:40.938+01:00  INFO 5134 --- [ool-6-thread-50] tourGuide.service.RewardsService         : Rewards of internalUser93 calculated by calculateRewards
2023-01-20T14:46:40.938+01:00  INFO 5134 --- [ool-3-thread-52] tourGuide.service.RewardsService         : nearAttraction called with Jackson Hole
2023-01-20T14:46:40.938+01:00  INFO 5134 --- [ool-3-thread-52] tourGuide.service.RewardsService         : getDistance called
2023-01-20T14:46:40.938+01:00  INFO 5134 --- [ool-3-thread-52] tourGuide.service.RewardsService         : nearAttraction called with Mojave National Preserve
2023-01-20T14:46:40.938+01:00  INFO 5134 --- [ool-3-thread-52] tourGuide.service.RewardsService         : getDistance called
2023-01-20T14:46:40.938+01:00  INFO 5134 --- [ool-3-thread-52] tourGuide.service.RewardsService         : nearAttraction called with Joshua Tree National Park
2023-01-20T14:46:40.938+01:00  INFO 5134 --- [ool-3-thread-52] tourGuide.service.RewardsService         : getDistance called
2023-01-20T14:46:40.938+01:00  INFO 5134 --- [ool-3-thread-52] tourGuide.service.RewardsService         : nearAttraction called with Buffalo National River
2023-01-20T14:46:40.938+01:00  INFO 5134 --- [ool-3-thread-52] tourGuide.service.RewardsService         : getDistance called
2023-01-20T14:46:40.938+01:00  INFO 5134 --- [ool-3-thread-52] tourGuide.service.RewardsService         : nearAttraction called with Hot Springs National Park
2023-01-20T14:46:40.938+01:00  INFO 5134 --- [ool-3-thread-52] tourGuide.service.RewardsService         : getDistance called
2023-01-20T14:46:40.938+01:00  INFO 5134 --- [ool-3-thread-52] tourGuide.service.RewardsService         : nearAttraction called with Kartchner Caverns State Park
2023-01-20T14:46:40.938+01:00  INFO 5134 --- [ool-3-thread-52] tourGuide.service.RewardsService         : getDistance called
2023-01-20T14:46:40.938+01:00  INFO 5134 --- [ool-3-thread-52] tourGuide.service.RewardsService         : nearAttraction called with Legend Valley
2023-01-20T14:46:40.938+01:00  INFO 5134 --- [ool-3-thread-52] tourGuide.service.RewardsService         : getDistance called
2023-01-20T14:46:40.938+01:00  INFO 5134 --- [ool-3-thread-52] tourGuide.service.RewardsService         : nearAttraction called with Flowers Bakery of London
2023-01-20T14:46:40.938+01:00  INFO 5134 --- [ool-3-thread-52] tourGuide.service.RewardsService         : getDistance called
2023-01-20T14:46:40.938+01:00  INFO 5134 --- [ool-3-thread-52] tourGuide.service.RewardsService         : nearAttraction called with McKinley Tower
2023-01-20T14:46:40.938+01:00  INFO 5134 --- [ool-3-thread-52] tourGuide.service.RewardsService         : getDistance called
2023-01-20T14:46:40.938+01:00  INFO 5134 --- [ool-3-thread-52] tourGuide.service.RewardsService         : nearAttraction called with Flatiron Building
2023-01-20T14:46:40.938+01:00  INFO 5134 --- [ool-3-thread-52] tourGuide.service.RewardsService         : getDistance called
2023-01-20T14:46:40.938+01:00  INFO 5134 --- [ool-3-thread-52] tourGuide.service.RewardsService         : nearAttraction called with Fallingwater
2023-01-20T14:46:40.938+01:00  INFO 5134 --- [ool-3-thread-52] tourGuide.service.RewardsService         : getDistance called
2023-01-20T14:46:40.939+01:00  INFO 5134 --- [ool-3-thread-52] tourGuide.service.RewardsService         : nearAttraction called with Union Station
2023-01-20T14:46:40.939+01:00  INFO 5134 --- [ool-3-thread-52] tourGuide.service.RewardsService         : getDistance called
2023-01-20T14:46:40.939+01:00  INFO 5134 --- [ool-3-thread-52] tourGuide.service.RewardsService         : nearAttraction called with Roger Dean Stadium
2023-01-20T14:46:40.939+01:00  INFO 5134 --- [ool-3-thread-52] tourGuide.service.RewardsService         : getDistance called
2023-01-20T14:46:40.939+01:00  INFO 5134 --- [ool-3-thread-52] tourGuide.service.RewardsService         : nearAttraction called with Texas Memorial Stadium
2023-01-20T14:46:40.939+01:00  INFO 5134 --- [ool-3-thread-52] tourGuide.service.RewardsService         : getDistance called
2023-01-20T14:46:40.939+01:00  INFO 5134 --- [ool-3-thread-52] tourGuide.service.RewardsService         : nearAttraction called with Bryant-Denny Stadium
2023-01-20T14:46:40.939+01:00  INFO 5134 --- [ool-3-thread-52] tourGuide.service.RewardsService         : getDistance called
2023-01-20T14:46:40.939+01:00  INFO 5134 --- [ool-3-thread-52] tourGuide.service.RewardsService         : nearAttraction called with Tiger Stadium
2023-01-20T14:46:40.939+01:00  INFO 5134 --- [ool-3-thread-52] tourGuide.service.RewardsService         : getDistance called
2023-01-20T14:46:40.939+01:00  INFO 5134 --- [ool-3-thread-52] tourGuide.service.RewardsService         : nearAttraction called with Neyland Stadium
2023-01-20T14:46:40.939+01:00  INFO 5134 --- [ool-3-thread-52] tourGuide.service.RewardsService         : getDistance called
2023-01-20T14:46:40.939+01:00  INFO 5134 --- [ool-3-thread-52] tourGuide.service.RewardsService         : nearAttraction called with Kyle Field
2023-01-20T14:46:40.939+01:00  INFO 5134 --- [ool-3-thread-52] tourGuide.service.RewardsService         : getDistance called
2023-01-20T14:46:40.939+01:00  INFO 5134 --- [ool-3-thread-52] tourGuide.service.RewardsService         : nearAttraction called with San Diego Zoo
2023-01-20T14:46:40.939+01:00  INFO 5134 --- [ool-3-thread-52] tourGuide.service.RewardsService         : getDistance called
2023-01-20T14:46:40.939+01:00  INFO 5134 --- [ool-3-thread-52] tourGuide.service.RewardsService         : nearAttraction called with Zoo Tampa at Lowry Park
2023-01-20T14:46:40.939+01:00  INFO 5134 --- [ool-3-thread-52] tourGuide.service.RewardsService         : getDistance called
2023-01-20T14:46:40.939+01:00  INFO 5134 --- [ool-3-thread-52] tourGuide.service.RewardsService         : nearAttraction called with Franklin Park Zoo
2023-01-20T14:46:40.939+01:00  INFO 5134 --- [ool-3-thread-52] tourGuide.service.RewardsService         : getDistance called
2023-01-20T14:46:40.939+01:00  INFO 5134 --- [ool-3-thread-52] tourGuide.service.RewardsService         : nearAttraction called with El Paso Zoo
2023-01-20T14:46:40.939+01:00  INFO 5134 --- [ool-3-thread-52] tourGuide.service.RewardsService         : getDistance called
2023-01-20T14:46:40.939+01:00  INFO 5134 --- [ool-3-thread-52] tourGuide.service.RewardsService         : nearAttraction called with Kansas City Zoo
2023-01-20T14:46:40.939+01:00  INFO 5134 --- [ool-3-thread-52] tourGuide.service.RewardsService         : getDistance called
2023-01-20T14:46:40.939+01:00  INFO 5134 --- [ool-3-thread-52] tourGuide.service.RewardsService         : nearAttraction called with Bronx Zoo
2023-01-20T14:46:40.939+01:00  INFO 5134 --- [ool-3-thread-52] tourGuide.service.RewardsService         : getDistance called
2023-01-20T14:46:40.939+01:00  INFO 5134 --- [ool-3-thread-52] tourGuide.service.RewardsService         : nearAttraction called with Cinderella Castle
2023-01-20T14:46:40.939+01:00  INFO 5134 --- [ool-3-thread-52] tourGuide.service.RewardsService         : getDistance called
2023-01-20T14:46:40.939+01:00  INFO 5134 --- [ool-3-thread-52] tourGuide.service.RewardsService         : nearAttraction called with Disneyland
2023-01-20T14:46:40.939+01:00  INFO 5134 --- [ool-3-thread-52] tourGuide.service.RewardsService         : getDistance called
2023-01-20T14:46:40.939+01:00  INFO 5134 --- [ool-3-thread-52] tourGuide.service.RewardsService         : getRewardPoints called with Disneyland and internalUser55
2023-01-20T14:46:40.943+01:00  INFO 5134 --- [ool-6-thread-28] tourGuide.service.RewardsService         : Rewards of internalUser17 calculated by calculateRewards
2023-01-20T14:46:40.943+01:00  INFO 5134 --- [ool-3-thread-58] tourGuide.service.RewardsService         : nearAttraction called with Jackson Hole
2023-01-20T14:46:40.943+01:00  INFO 5134 --- [ool-3-thread-58] tourGuide.service.RewardsService         : getDistance called
2023-01-20T14:46:40.943+01:00  INFO 5134 --- [ool-3-thread-58] tourGuide.service.RewardsService         : nearAttraction called with Mojave National Preserve
2023-01-20T14:46:40.943+01:00  INFO 5134 --- [ool-3-thread-58] tourGuide.service.RewardsService         : getDistance called
2023-01-20T14:46:40.943+01:00  INFO 5134 --- [ool-3-thread-58] tourGuide.service.RewardsService         : nearAttraction called with Joshua Tree National Park
2023-01-20T14:46:40.943+01:00  INFO 5134 --- [ool-3-thread-58] tourGuide.service.RewardsService         : getDistance called
2023-01-20T14:46:40.943+01:00  INFO 5134 --- [ool-3-thread-58] tourGuide.service.RewardsService         : nearAttraction called with Buffalo National River
2023-01-20T14:46:40.943+01:00  INFO 5134 --- [ool-3-thread-58] tourGuide.service.RewardsService         : getDistance called
2023-01-20T14:46:40.943+01:00  INFO 5134 --- [ool-3-thread-58] tourGuide.service.RewardsService         : nearAttraction called with Hot Springs National Park
2023-01-20T14:46:40.943+01:00  INFO 5134 --- [ool-3-thread-58] tourGuide.service.RewardsService         : getDistance called
2023-01-20T14:46:40.943+01:00  INFO 5134 --- [ool-3-thread-58] tourGuide.service.RewardsService         : nearAttraction called with Kartchner Caverns State Park
2023-01-20T14:46:40.943+01:00  INFO 5134 --- [ool-3-thread-58] tourGuide.service.RewardsService         : getDistance called
2023-01-20T14:46:40.944+01:00  INFO 5134 --- [ool-3-thread-58] tourGuide.service.RewardsService         : nearAttraction called with Flowers Bakery of London
2023-01-20T14:46:40.944+01:00  INFO 5134 --- [pool-3-thread-7] tourGuide.service.RewardsService         : nearAttraction called with Legend Valley
2023-01-20T14:46:40.944+01:00  INFO 5134 --- [ool-3-thread-58] tourGuide.service.RewardsService         : getDistance called
2023-01-20T14:46:40.944+01:00  INFO 5134 --- [pool-3-thread-7] tourGuide.service.RewardsService         : getDistance called
2023-01-20T14:46:40.944+01:00  INFO 5134 --- [ool-3-thread-58] tourGuide.service.RewardsService         : nearAttraction called with McKinley Tower
2023-01-20T14:46:40.944+01:00  INFO 5134 --- [ool-6-thread-18] tourGuide.service.RewardsService         : Rewards of internalUser81 calculated by calculateRewards
2023-01-20T14:46:40.944+01:00  INFO 5134 --- [ool-3-thread-58] tourGuide.service.RewardsService         : getDistance called
2023-01-20T14:46:40.944+01:00  INFO 5134 --- [pool-3-thread-7] tourGuide.service.RewardsService         : nearAttraction called with Flatiron Building
2023-01-20T14:46:40.944+01:00  INFO 5134 --- [ool-3-thread-58] tourGuide.service.RewardsService         : nearAttraction called with Fallingwater
2023-01-20T14:46:40.944+01:00  INFO 5134 --- [pool-3-thread-7] tourGuide.service.RewardsService         : getDistance called
2023-01-20T14:46:40.944+01:00  INFO 5134 --- [ool-3-thread-58] tourGuide.service.RewardsService         : getDistance called
2023-01-20T14:46:40.944+01:00  INFO 5134 --- [pool-3-thread-7] tourGuide.service.RewardsService         : nearAttraction called with Union Station
2023-01-20T14:46:40.944+01:00  INFO 5134 --- [ool-3-thread-58] tourGuide.service.RewardsService         : nearAttraction called with Roger Dean Stadium
2023-01-20T14:46:40.944+01:00  INFO 5134 --- [pool-3-thread-7] tourGuide.service.RewardsService         : getDistance called
2023-01-20T14:46:40.944+01:00  INFO 5134 --- [ool-3-thread-58] tourGuide.service.RewardsService         : getDistance called
2023-01-20T14:46:40.944+01:00  INFO 5134 --- [pool-3-thread-7] tourGuide.service.RewardsService         : nearAttraction called with Texas Memorial Stadium
2023-01-20T14:46:40.944+01:00  INFO 5134 --- [ool-3-thread-58] tourGuide.service.RewardsService         : nearAttraction called with Bryant-Denny Stadium
2023-01-20T14:46:40.944+01:00  INFO 5134 --- [pool-3-thread-7] tourGuide.service.RewardsService         : getDistance called
2023-01-20T14:46:40.944+01:00  INFO 5134 --- [ool-3-thread-58] tourGuide.service.RewardsService         : getDistance called
2023-01-20T14:46:40.944+01:00  INFO 5134 --- [pool-3-thread-7] tourGuide.service.RewardsService         : nearAttraction called with Tiger Stadium
2023-01-20T14:46:40.944+01:00  INFO 5134 --- [ool-3-thread-58] tourGuide.service.RewardsService         : nearAttraction called with Neyland Stadium
2023-01-20T14:46:40.944+01:00  INFO 5134 --- [pool-3-thread-7] tourGuide.service.RewardsService         : getDistance called
2023-01-20T14:46:40.944+01:00  INFO 5134 --- [ool-3-thread-58] tourGuide.service.RewardsService         : getDistance called
2023-01-20T14:46:40.944+01:00  INFO 5134 --- [pool-3-thread-7] tourGuide.service.RewardsService         : nearAttraction called with Kyle Field
2023-01-20T14:46:40.944+01:00  INFO 5134 --- [ool-3-thread-58] tourGuide.service.RewardsService         : nearAttraction called with San Diego Zoo
2023-01-20T14:46:40.944+01:00  INFO 5134 --- [pool-3-thread-7] tourGuide.service.RewardsService         : getDistance called
2023-01-20T14:46:40.944+01:00  INFO 5134 --- [ool-3-thread-58] tourGuide.service.RewardsService         : getDistance called
2023-01-20T14:46:40.944+01:00  INFO 5134 --- [pool-3-thread-7] tourGuide.service.RewardsService         : nearAttraction called with Zoo Tampa at Lowry Park
2023-01-20T14:46:40.944+01:00  INFO 5134 --- [ool-3-thread-58] tourGuide.service.RewardsService         : nearAttraction called with Franklin Park Zoo
2023-01-20T14:46:40.944+01:00  INFO 5134 --- [pool-3-thread-7] tourGuide.service.RewardsService         : getDistance called
2023-01-20T14:46:40.944+01:00  INFO 5134 --- [ool-3-thread-58] tourGuide.service.RewardsService         : getDistance called
2023-01-20T14:46:40.944+01:00  INFO 5134 --- [pool-3-thread-7] tourGuide.service.RewardsService         : nearAttraction called with El Paso Zoo
2023-01-20T14:46:40.944+01:00  INFO 5134 --- [ool-3-thread-58] tourGuide.service.RewardsService         : nearAttraction called with Kansas City Zoo
2023-01-20T14:46:40.944+01:00  INFO 5134 --- [pool-3-thread-7] tourGuide.service.RewardsService         : getDistance called
2023-01-20T14:46:40.944+01:00  INFO 5134 --- [ool-3-thread-58] tourGuide.service.RewardsService         : getDistance called
2023-01-20T14:46:40.944+01:00  INFO 5134 --- [pool-3-thread-7] tourGuide.service.RewardsService         : nearAttraction called with Bronx Zoo
2023-01-20T14:46:40.944+01:00  INFO 5134 --- [ool-3-thread-58] tourGuide.service.RewardsService         : nearAttraction called with Cinderella Castle
2023-01-20T14:46:40.944+01:00  INFO 5134 --- [pool-3-thread-7] tourGuide.service.RewardsService         : getDistance called
2023-01-20T14:46:40.944+01:00  INFO 5134 --- [ool-3-thread-58] tourGuide.service.RewardsService         : getDistance called
2023-01-20T14:46:40.944+01:00  INFO 5134 --- [pool-3-thread-7] tourGuide.service.RewardsService         : nearAttraction called with Disneyland
2023-01-20T14:46:40.944+01:00  INFO 5134 --- [ool-3-thread-58] tourGuide.service.RewardsService         : nearAttraction called with Jackson Hole
2023-01-20T14:46:40.944+01:00  INFO 5134 --- [pool-3-thread-7] tourGuide.service.RewardsService         : getDistance called
2023-01-20T14:46:40.944+01:00  INFO 5134 --- [ool-3-thread-58] tourGuide.service.RewardsService         : getDistance called
2023-01-20T14:46:40.944+01:00  INFO 5134 --- [pool-3-thread-7] tourGuide.service.RewardsService         : getRewardPoints called with Disneyland and internalUser58
2023-01-20T14:46:40.944+01:00  INFO 5134 --- [ool-3-thread-58] tourGuide.service.RewardsService         : nearAttraction called with Mojave National Preserve
2023-01-20T14:46:40.944+01:00  INFO 5134 --- [ool-3-thread-58] tourGuide.service.RewardsService         : getDistance called
2023-01-20T14:46:40.944+01:00  INFO 5134 --- [ool-3-thread-58] tourGuide.service.RewardsService         : nearAttraction called with Joshua Tree National Park
2023-01-20T14:46:40.944+01:00  INFO 5134 --- [ool-3-thread-58] tourGuide.service.RewardsService         : getDistance called
2023-01-20T14:46:40.944+01:00  INFO 5134 --- [ool-3-thread-58] tourGuide.service.RewardsService         : nearAttraction called with Buffalo National River
2023-01-20T14:46:40.944+01:00  INFO 5134 --- [ool-3-thread-58] tourGuide.service.RewardsService         : getDistance called
2023-01-20T14:46:40.944+01:00  INFO 5134 --- [ool-3-thread-58] tourGuide.service.RewardsService         : nearAttraction called with Hot Springs National Park
2023-01-20T14:46:40.944+01:00  INFO 5134 --- [ool-3-thread-58] tourGuide.service.RewardsService         : getDistance called
2023-01-20T14:46:40.945+01:00  INFO 5134 --- [ool-3-thread-58] tourGuide.service.RewardsService         : nearAttraction called with Kartchner Caverns State Park
2023-01-20T14:46:40.945+01:00  INFO 5134 --- [ool-3-thread-58] tourGuide.service.RewardsService         : getDistance called
2023-01-20T14:46:40.945+01:00  INFO 5134 --- [ool-3-thread-58] tourGuide.service.RewardsService         : nearAttraction called with Legend Valley
2023-01-20T14:46:40.945+01:00  INFO 5134 --- [ool-3-thread-58] tourGuide.service.RewardsService         : getDistance called
2023-01-20T14:46:40.945+01:00  INFO 5134 --- [ool-3-thread-58] tourGuide.service.RewardsService         : nearAttraction called with Flowers Bakery of London
2023-01-20T14:46:40.945+01:00  INFO 5134 --- [ool-3-thread-58] tourGuide.service.RewardsService         : getDistance called
2023-01-20T14:46:40.945+01:00  INFO 5134 --- [ool-3-thread-58] tourGuide.service.RewardsService         : nearAttraction called with McKinley Tower
2023-01-20T14:46:40.945+01:00  INFO 5134 --- [ool-3-thread-58] tourGuide.service.RewardsService         : getDistance called
2023-01-20T14:46:40.945+01:00  INFO 5134 --- [ool-3-thread-58] tourGuide.service.RewardsService         : nearAttraction called with Flatiron Building
2023-01-20T14:46:40.945+01:00  INFO 5134 --- [ool-3-thread-58] tourGuide.service.RewardsService         : getDistance called
2023-01-20T14:46:40.945+01:00  INFO 5134 --- [ool-3-thread-58] tourGuide.service.RewardsService         : nearAttraction called with Fallingwater
2023-01-20T14:46:40.945+01:00  INFO 5134 --- [ool-3-thread-58] tourGuide.service.RewardsService         : getDistance called
2023-01-20T14:46:40.945+01:00  INFO 5134 --- [ool-3-thread-58] tourGuide.service.RewardsService         : nearAttraction called with Union Station
2023-01-20T14:46:40.945+01:00  INFO 5134 --- [ool-3-thread-58] tourGuide.service.RewardsService         : getDistance called
2023-01-20T14:46:40.945+01:00  INFO 5134 --- [ool-3-thread-58] tourGuide.service.RewardsService         : nearAttraction called with Roger Dean Stadium
2023-01-20T14:46:40.945+01:00  INFO 5134 --- [ool-3-thread-58] tourGuide.service.RewardsService         : getDistance called
2023-01-20T14:46:40.945+01:00  INFO 5134 --- [ool-3-thread-58] tourGuide.service.RewardsService         : nearAttraction called with Texas Memorial Stadium
2023-01-20T14:46:40.945+01:00  INFO 5134 --- [ool-3-thread-58] tourGuide.service.RewardsService         : getDistance called
2023-01-20T14:46:40.945+01:00  INFO 5134 --- [ool-3-thread-58] tourGuide.service.RewardsService         : nearAttraction called with Bryant-Denny Stadium
2023-01-20T14:46:40.945+01:00  INFO 5134 --- [ool-3-thread-58] tourGuide.service.RewardsService         : getDistance called
2023-01-20T14:46:40.945+01:00  INFO 5134 --- [ool-3-thread-58] tourGuide.service.RewardsService         : nearAttraction called with Tiger Stadium
2023-01-20T14:46:40.945+01:00  INFO 5134 --- [ool-3-thread-58] tourGuide.service.RewardsService         : getDistance called
2023-01-20T14:46:40.945+01:00  INFO 5134 --- [ool-3-thread-58] tourGuide.service.RewardsService         : nearAttraction called with Neyland Stadium
2023-01-20T14:46:40.945+01:00  INFO 5134 --- [ool-3-thread-58] tourGuide.service.RewardsService         : getDistance called
2023-01-20T14:46:40.945+01:00  INFO 5134 --- [ool-3-thread-58] tourGuide.service.RewardsService         : nearAttraction called with Kyle Field
2023-01-20T14:46:40.945+01:00  INFO 5134 --- [ool-3-thread-58] tourGuide.service.RewardsService         : getDistance called
2023-01-20T14:46:40.945+01:00  INFO 5134 --- [ool-3-thread-58] tourGuide.service.RewardsService         : nearAttraction called with San Diego Zoo
2023-01-20T14:46:40.945+01:00  INFO 5134 --- [ool-3-thread-58] tourGuide.service.RewardsService         : getDistance called
2023-01-20T14:46:40.945+01:00  INFO 5134 --- [ool-3-thread-58] tourGuide.service.RewardsService         : nearAttraction called with Zoo Tampa at Lowry Park
2023-01-20T14:46:40.945+01:00  INFO 5134 --- [ool-3-thread-58] tourGuide.service.RewardsService         : getDistance called
2023-01-20T14:46:40.945+01:00  INFO 5134 --- [ool-3-thread-58] tourGuide.service.RewardsService         : nearAttraction called with Franklin Park Zoo
2023-01-20T14:46:40.945+01:00  INFO 5134 --- [ool-3-thread-58] tourGuide.service.RewardsService         : getDistance called
2023-01-20T14:46:40.945+01:00  INFO 5134 --- [ool-3-thread-58] tourGuide.service.RewardsService         : nearAttraction called with El Paso Zoo
2023-01-20T14:46:40.945+01:00  INFO 5134 --- [ool-3-thread-58] tourGuide.service.RewardsService         : getDistance called
2023-01-20T14:46:40.945+01:00  INFO 5134 --- [ool-3-thread-58] tourGuide.service.RewardsService         : nearAttraction called with Kansas City Zoo
2023-01-20T14:46:40.945+01:00  INFO 5134 --- [ool-3-thread-58] tourGuide.service.RewardsService         : getDistance called
2023-01-20T14:46:40.945+01:00  INFO 5134 --- [ool-3-thread-58] tourGuide.service.RewardsService         : nearAttraction called with Bronx Zoo
2023-01-20T14:46:40.946+01:00  INFO 5134 --- [ool-3-thread-58] tourGuide.service.RewardsService         : getDistance called
2023-01-20T14:46:40.946+01:00  INFO 5134 --- [ool-3-thread-58] tourGuide.service.RewardsService         : nearAttraction called with Cinderella Castle
2023-01-20T14:46:40.946+01:00  INFO 5134 --- [ool-3-thread-58] tourGuide.service.RewardsService         : getDistance called
2023-01-20T14:46:40.946+01:00  INFO 5134 --- [ool-3-thread-58] tourGuide.service.RewardsService         : nearAttraction called with Disneyland
2023-01-20T14:46:40.946+01:00  INFO 5134 --- [ool-3-thread-58] tourGuide.service.RewardsService         : getDistance called
2023-01-20T14:46:40.946+01:00  INFO 5134 --- [ool-3-thread-58] tourGuide.service.RewardsService         : getRewardPoints called with Disneyland and internalUser57
2023-01-20T14:46:40.958+01:00  INFO 5134 --- [pool-3-thread-2] tourGuide.service.RewardsService         : nearAttraction called with Jackson Hole
2023-01-20T14:46:40.958+01:00  INFO 5134 --- [ool-6-thread-57] tourGuide.service.RewardsService         : Rewards of internalUser25 calculated by calculateRewards
2023-01-20T14:46:40.958+01:00  INFO 5134 --- [pool-3-thread-2] tourGuide.service.RewardsService         : getDistance called
2023-01-20T14:46:40.958+01:00  INFO 5134 --- [pool-3-thread-2] tourGuide.service.RewardsService         : nearAttraction called with Mojave National Preserve
2023-01-20T14:46:40.958+01:00  INFO 5134 --- [pool-3-thread-2] tourGuide.service.RewardsService         : getDistance called
2023-01-20T14:46:40.958+01:00  INFO 5134 --- [pool-3-thread-2] tourGuide.service.RewardsService         : nearAttraction called with Joshua Tree National Park
2023-01-20T14:46:40.958+01:00  INFO 5134 --- [pool-3-thread-2] tourGuide.service.RewardsService         : getDistance called
2023-01-20T14:46:40.958+01:00  INFO 5134 --- [pool-3-thread-2] tourGuide.service.RewardsService         : nearAttraction called with Buffalo National River
2023-01-20T14:46:40.958+01:00  INFO 5134 --- [pool-3-thread-2] tourGuide.service.RewardsService         : getDistance called
2023-01-20T14:46:40.958+01:00  INFO 5134 --- [pool-3-thread-2] tourGuide.service.RewardsService         : nearAttraction called with Hot Springs National Park
2023-01-20T14:46:40.958+01:00  INFO 5134 --- [pool-3-thread-2] tourGuide.service.RewardsService         : getDistance called
2023-01-20T14:46:40.959+01:00  INFO 5134 --- [pool-3-thread-2] tourGuide.service.RewardsService         : nearAttraction called with Kartchner Caverns State Park
2023-01-20T14:46:40.959+01:00  INFO 5134 --- [pool-3-thread-2] tourGuide.service.RewardsService         : getDistance called
2023-01-20T14:46:40.959+01:00  INFO 5134 --- [pool-3-thread-2] tourGuide.service.RewardsService         : nearAttraction called with Legend Valley
2023-01-20T14:46:40.959+01:00  INFO 5134 --- [pool-3-thread-2] tourGuide.service.RewardsService         : getDistance called
2023-01-20T14:46:40.959+01:00  INFO 5134 --- [pool-3-thread-2] tourGuide.service.RewardsService         : nearAttraction called with Flowers Bakery of London
2023-01-20T14:46:40.959+01:00  INFO 5134 --- [pool-3-thread-2] tourGuide.service.RewardsService         : getDistance called
2023-01-20T14:46:40.959+01:00  INFO 5134 --- [pool-3-thread-2] tourGuide.service.RewardsService         : nearAttraction called with McKinley Tower
2023-01-20T14:46:40.959+01:00  INFO 5134 --- [pool-3-thread-2] tourGuide.service.RewardsService         : getDistance called
2023-01-20T14:46:40.959+01:00  INFO 5134 --- [pool-3-thread-2] tourGuide.service.RewardsService         : nearAttraction called with Flatiron Building
2023-01-20T14:46:40.959+01:00  INFO 5134 --- [pool-3-thread-2] tourGuide.service.RewardsService         : getDistance called
2023-01-20T14:46:40.959+01:00  INFO 5134 --- [pool-3-thread-2] tourGuide.service.RewardsService         : nearAttraction called with Fallingwater
2023-01-20T14:46:40.959+01:00  INFO 5134 --- [pool-3-thread-2] tourGuide.service.RewardsService         : getDistance called
2023-01-20T14:46:40.959+01:00  INFO 5134 --- [pool-3-thread-2] tourGuide.service.RewardsService         : nearAttraction called with Union Station
2023-01-20T14:46:40.959+01:00  INFO 5134 --- [pool-3-thread-2] tourGuide.service.RewardsService         : getDistance called
2023-01-20T14:46:40.959+01:00  INFO 5134 --- [pool-3-thread-2] tourGuide.service.RewardsService         : nearAttraction called with Roger Dean Stadium
2023-01-20T14:46:40.959+01:00  INFO 5134 --- [pool-3-thread-2] tourGuide.service.RewardsService         : getDistance called
2023-01-20T14:46:40.959+01:00  INFO 5134 --- [pool-3-thread-2] tourGuide.service.RewardsService         : nearAttraction called with Texas Memorial Stadium
2023-01-20T14:46:40.959+01:00  INFO 5134 --- [pool-3-thread-2] tourGuide.service.RewardsService         : getDistance called
2023-01-20T14:46:40.959+01:00  INFO 5134 --- [pool-3-thread-2] tourGuide.service.RewardsService         : nearAttraction called with Bryant-Denny Stadium
2023-01-20T14:46:40.959+01:00  INFO 5134 --- [pool-3-thread-2] tourGuide.service.RewardsService         : getDistance called
2023-01-20T14:46:40.959+01:00  INFO 5134 --- [pool-3-thread-2] tourGuide.service.RewardsService         : nearAttraction called with Tiger Stadium
2023-01-20T14:46:40.959+01:00  INFO 5134 --- [pool-3-thread-2] tourGuide.service.RewardsService         : getDistance called
2023-01-20T14:46:40.959+01:00  INFO 5134 --- [pool-3-thread-2] tourGuide.service.RewardsService         : nearAttraction called with Neyland Stadium
2023-01-20T14:46:40.959+01:00  INFO 5134 --- [pool-3-thread-2] tourGuide.service.RewardsService         : getDistance called
2023-01-20T14:46:40.959+01:00  INFO 5134 --- [pool-3-thread-2] tourGuide.service.RewardsService         : nearAttraction called with Kyle Field
2023-01-20T14:46:40.959+01:00  INFO 5134 --- [pool-3-thread-2] tourGuide.service.RewardsService         : getDistance called
2023-01-20T14:46:40.959+01:00  INFO 5134 --- [pool-3-thread-2] tourGuide.service.RewardsService         : nearAttraction called with San Diego Zoo
2023-01-20T14:46:40.959+01:00  INFO 5134 --- [pool-3-thread-2] tourGuide.service.RewardsService         : getDistance called
2023-01-20T14:46:40.959+01:00  INFO 5134 --- [pool-3-thread-2] tourGuide.service.RewardsService         : nearAttraction called with Zoo Tampa at Lowry Park
2023-01-20T14:46:40.959+01:00  INFO 5134 --- [pool-3-thread-2] tourGuide.service.RewardsService         : getDistance called
2023-01-20T14:46:40.959+01:00  INFO 5134 --- [pool-3-thread-2] tourGuide.service.RewardsService         : nearAttraction called with Franklin Park Zoo
2023-01-20T14:46:40.959+01:00  INFO 5134 --- [pool-3-thread-2] tourGuide.service.RewardsService         : getDistance called
2023-01-20T14:46:40.959+01:00  INFO 5134 --- [pool-3-thread-2] tourGuide.service.RewardsService         : nearAttraction called with El Paso Zoo
2023-01-20T14:46:40.959+01:00  INFO 5134 --- [pool-3-thread-2] tourGuide.service.RewardsService         : getDistance called
2023-01-20T14:46:40.960+01:00  INFO 5134 --- [pool-3-thread-2] tourGuide.service.RewardsService         : nearAttraction called with Kansas City Zoo
2023-01-20T14:46:40.960+01:00  INFO 5134 --- [pool-3-thread-2] tourGuide.service.RewardsService         : getDistance called
2023-01-20T14:46:40.960+01:00  INFO 5134 --- [pool-3-thread-2] tourGuide.service.RewardsService         : nearAttraction called with Bronx Zoo
2023-01-20T14:46:40.960+01:00  INFO 5134 --- [pool-3-thread-2] tourGuide.service.RewardsService         : getDistance called
2023-01-20T14:46:40.960+01:00  INFO 5134 --- [pool-3-thread-2] tourGuide.service.RewardsService         : nearAttraction called with Cinderella Castle
2023-01-20T14:46:40.960+01:00  INFO 5134 --- [pool-3-thread-2] tourGuide.service.RewardsService         : getDistance called
2023-01-20T14:46:40.960+01:00  INFO 5134 --- [pool-3-thread-2] tourGuide.service.RewardsService         : nearAttraction called with Disneyland
2023-01-20T14:46:40.960+01:00  INFO 5134 --- [pool-3-thread-2] tourGuide.service.RewardsService         : getDistance called
2023-01-20T14:46:40.960+01:00  INFO 5134 --- [pool-3-thread-2] tourGuide.service.RewardsService         : getRewardPoints called with Disneyland and internalUser52
2023-01-20T14:46:40.972+01:00  INFO 5134 --- [pool-6-thread-5] tourGuide.service.RewardsService         : Rewards of internalUser73 calculated by calculateRewards
2023-01-20T14:46:40.972+01:00  INFO 5134 --- [ool-3-thread-29] tourGuide.service.RewardsService         : nearAttraction called with Jackson Hole
2023-01-20T14:46:40.973+01:00  INFO 5134 --- [ool-3-thread-29] tourGuide.service.RewardsService         : getDistance called
2023-01-20T14:46:40.973+01:00  INFO 5134 --- [ool-3-thread-29] tourGuide.service.RewardsService         : nearAttraction called with Mojave National Preserve
2023-01-20T14:46:40.973+01:00  INFO 5134 --- [ool-3-thread-29] tourGuide.service.RewardsService         : getDistance called
2023-01-20T14:46:40.973+01:00  INFO 5134 --- [ool-3-thread-29] tourGuide.service.RewardsService         : nearAttraction called with Joshua Tree National Park
2023-01-20T14:46:40.973+01:00  INFO 5134 --- [ool-3-thread-29] tourGuide.service.RewardsService         : getDistance called
2023-01-20T14:46:40.973+01:00  INFO 5134 --- [ool-3-thread-29] tourGuide.service.RewardsService         : nearAttraction called with Buffalo National River
2023-01-20T14:46:40.973+01:00  INFO 5134 --- [ool-3-thread-29] tourGuide.service.RewardsService         : getDistance called
2023-01-20T14:46:40.973+01:00  INFO 5134 --- [ool-3-thread-29] tourGuide.service.RewardsService         : nearAttraction called with Hot Springs National Park
2023-01-20T14:46:40.973+01:00  INFO 5134 --- [ool-3-thread-29] tourGuide.service.RewardsService         : getDistance called
2023-01-20T14:46:40.973+01:00  INFO 5134 --- [ool-3-thread-29] tourGuide.service.RewardsService         : nearAttraction called with Kartchner Caverns State Park
2023-01-20T14:46:40.973+01:00  INFO 5134 --- [ool-3-thread-29] tourGuide.service.RewardsService         : getDistance called
2023-01-20T14:46:40.973+01:00  INFO 5134 --- [ool-3-thread-29] tourGuide.service.RewardsService         : nearAttraction called with Legend Valley
2023-01-20T14:46:40.973+01:00  INFO 5134 --- [ool-3-thread-29] tourGuide.service.RewardsService         : getDistance called
2023-01-20T14:46:40.973+01:00  INFO 5134 --- [ool-3-thread-29] tourGuide.service.RewardsService         : nearAttraction called with Flowers Bakery of London
2023-01-20T14:46:40.973+01:00  INFO 5134 --- [ool-3-thread-29] tourGuide.service.RewardsService         : getDistance called
2023-01-20T14:46:40.973+01:00  INFO 5134 --- [ool-3-thread-29] tourGuide.service.RewardsService         : nearAttraction called with McKinley Tower
2023-01-20T14:46:40.973+01:00  INFO 5134 --- [ool-3-thread-29] tourGuide.service.RewardsService         : getDistance called
2023-01-20T14:46:40.973+01:00  INFO 5134 --- [ool-3-thread-29] tourGuide.service.RewardsService         : nearAttraction called with Flatiron Building
2023-01-20T14:46:40.973+01:00  INFO 5134 --- [ool-3-thread-29] tourGuide.service.RewardsService         : getDistance called
2023-01-20T14:46:40.973+01:00  INFO 5134 --- [ool-3-thread-29] tourGuide.service.RewardsService         : nearAttraction called with Fallingwater
2023-01-20T14:46:40.973+01:00  INFO 5134 --- [ool-3-thread-29] tourGuide.service.RewardsService         : getDistance called
2023-01-20T14:46:40.973+01:00  INFO 5134 --- [ool-3-thread-29] tourGuide.service.RewardsService         : nearAttraction called with Union Station
2023-01-20T14:46:40.973+01:00  INFO 5134 --- [ool-3-thread-29] tourGuide.service.RewardsService         : getDistance called
2023-01-20T14:46:40.973+01:00  INFO 5134 --- [ool-3-thread-29] tourGuide.service.RewardsService         : nearAttraction called with Roger Dean Stadium
2023-01-20T14:46:40.973+01:00  INFO 5134 --- [ool-3-thread-29] tourGuide.service.RewardsService         : getDistance called
2023-01-20T14:46:40.973+01:00  INFO 5134 --- [ool-3-thread-29] tourGuide.service.RewardsService         : nearAttraction called with Texas Memorial Stadium
2023-01-20T14:46:40.973+01:00  INFO 5134 --- [ool-3-thread-29] tourGuide.service.RewardsService         : getDistance called
2023-01-20T14:46:40.973+01:00  INFO 5134 --- [ool-3-thread-29] tourGuide.service.RewardsService         : nearAttraction called with Bryant-Denny Stadium
2023-01-20T14:46:40.973+01:00  INFO 5134 --- [ool-3-thread-29] tourGuide.service.RewardsService         : getDistance called
2023-01-20T14:46:40.973+01:00  INFO 5134 --- [ool-3-thread-29] tourGuide.service.RewardsService         : nearAttraction called with Tiger Stadium
2023-01-20T14:46:40.973+01:00  INFO 5134 --- [ool-3-thread-29] tourGuide.service.RewardsService         : getDistance called
2023-01-20T14:46:40.973+01:00  INFO 5134 --- [ool-3-thread-29] tourGuide.service.RewardsService         : nearAttraction called with Neyland Stadium
2023-01-20T14:46:40.973+01:00  INFO 5134 --- [ool-3-thread-29] tourGuide.service.RewardsService         : getDistance called
2023-01-20T14:46:40.973+01:00  INFO 5134 --- [ool-3-thread-29] tourGuide.service.RewardsService         : nearAttraction called with Kyle Field
2023-01-20T14:46:40.973+01:00  INFO 5134 --- [ool-3-thread-29] tourGuide.service.RewardsService         : getDistance called
2023-01-20T14:46:40.973+01:00  INFO 5134 --- [ool-3-thread-29] tourGuide.service.RewardsService         : nearAttraction called with San Diego Zoo
2023-01-20T14:46:40.974+01:00  INFO 5134 --- [ool-3-thread-29] tourGuide.service.RewardsService         : getDistance called
2023-01-20T14:46:40.974+01:00  INFO 5134 --- [ool-3-thread-29] tourGuide.service.RewardsService         : nearAttraction called with Zoo Tampa at Lowry Park
2023-01-20T14:46:40.974+01:00  INFO 5134 --- [ool-3-thread-29] tourGuide.service.RewardsService         : getDistance called
2023-01-20T14:46:40.974+01:00  INFO 5134 --- [ool-3-thread-29] tourGuide.service.RewardsService         : nearAttraction called with Franklin Park Zoo
2023-01-20T14:46:40.974+01:00  INFO 5134 --- [ool-3-thread-29] tourGuide.service.RewardsService         : getDistance called
2023-01-20T14:46:40.974+01:00  INFO 5134 --- [ool-3-thread-29] tourGuide.service.RewardsService         : nearAttraction called with El Paso Zoo
2023-01-20T14:46:40.974+01:00  INFO 5134 --- [ool-3-thread-29] tourGuide.service.RewardsService         : getDistance called
2023-01-20T14:46:40.974+01:00  INFO 5134 --- [ool-3-thread-29] tourGuide.service.RewardsService         : nearAttraction called with Kansas City Zoo
2023-01-20T14:46:40.974+01:00  INFO 5134 --- [ool-3-thread-29] tourGuide.service.RewardsService         : getDistance called
2023-01-20T14:46:40.974+01:00  INFO 5134 --- [ool-3-thread-29] tourGuide.service.RewardsService         : nearAttraction called with Bronx Zoo
2023-01-20T14:46:40.974+01:00  INFO 5134 --- [ool-3-thread-29] tourGuide.service.RewardsService         : getDistance called
2023-01-20T14:46:40.974+01:00  INFO 5134 --- [ool-3-thread-29] tourGuide.service.RewardsService         : nearAttraction called with Cinderella Castle
2023-01-20T14:46:40.974+01:00  INFO 5134 --- [ool-3-thread-29] tourGuide.service.RewardsService         : getDistance called
2023-01-20T14:46:40.974+01:00  INFO 5134 --- [ool-3-thread-29] tourGuide.service.RewardsService         : nearAttraction called with Disneyland
2023-01-20T14:46:40.974+01:00  INFO 5134 --- [ool-3-thread-29] tourGuide.service.RewardsService         : getDistance called
2023-01-20T14:46:40.974+01:00  INFO 5134 --- [ool-3-thread-29] tourGuide.service.RewardsService         : getRewardPoints called with Disneyland and internalUser51
2023-01-20T14:46:40.979+01:00  INFO 5134 --- [ool-3-thread-35] tourGuide.service.RewardsService         : nearAttraction called with Jackson Hole
2023-01-20T14:46:40.979+01:00  INFO 5134 --- [ool-6-thread-36] tourGuide.service.RewardsService         : Rewards of internalUser2 calculated by calculateRewards
2023-01-20T14:46:40.979+01:00  INFO 5134 --- [ool-3-thread-35] tourGuide.service.RewardsService         : getDistance called
2023-01-20T14:46:40.979+01:00  INFO 5134 --- [ool-3-thread-35] tourGuide.service.RewardsService         : nearAttraction called with Mojave National Preserve
2023-01-20T14:46:40.979+01:00  INFO 5134 --- [ool-3-thread-35] tourGuide.service.RewardsService         : getDistance called
2023-01-20T14:46:40.979+01:00  INFO 5134 --- [ool-3-thread-35] tourGuide.service.RewardsService         : nearAttraction called with Joshua Tree National Park
2023-01-20T14:46:40.980+01:00  INFO 5134 --- [ool-3-thread-35] tourGuide.service.RewardsService         : getDistance called
2023-01-20T14:46:40.980+01:00  INFO 5134 --- [ool-3-thread-35] tourGuide.service.RewardsService         : nearAttraction called with Buffalo National River
2023-01-20T14:46:40.980+01:00  INFO 5134 --- [ool-3-thread-35] tourGuide.service.RewardsService         : getDistance called
2023-01-20T14:46:40.980+01:00  INFO 5134 --- [ool-3-thread-35] tourGuide.service.RewardsService         : nearAttraction called with Hot Springs National Park
2023-01-20T14:46:40.980+01:00  INFO 5134 --- [ool-3-thread-35] tourGuide.service.RewardsService         : getDistance called
2023-01-20T14:46:40.980+01:00  INFO 5134 --- [ool-3-thread-35] tourGuide.service.RewardsService         : nearAttraction called with Kartchner Caverns State Park
2023-01-20T14:46:40.980+01:00  INFO 5134 --- [ool-3-thread-35] tourGuide.service.RewardsService         : getDistance called
2023-01-20T14:46:40.980+01:00  INFO 5134 --- [ool-3-thread-35] tourGuide.service.RewardsService         : nearAttraction called with Legend Valley
2023-01-20T14:46:40.980+01:00  INFO 5134 --- [ool-3-thread-35] tourGuide.service.RewardsService         : getDistance called
2023-01-20T14:46:40.980+01:00  INFO 5134 --- [ool-3-thread-35] tourGuide.service.RewardsService         : nearAttraction called with Flowers Bakery of London
2023-01-20T14:46:40.980+01:00  INFO 5134 --- [ool-3-thread-35] tourGuide.service.RewardsService         : getDistance called
2023-01-20T14:46:40.980+01:00  INFO 5134 --- [ool-3-thread-35] tourGuide.service.RewardsService         : nearAttraction called with McKinley Tower
2023-01-20T14:46:40.980+01:00  INFO 5134 --- [ool-3-thread-35] tourGuide.service.RewardsService         : getDistance called
2023-01-20T14:46:40.980+01:00  INFO 5134 --- [ool-3-thread-35] tourGuide.service.RewardsService         : nearAttraction called with Flatiron Building
2023-01-20T14:46:40.980+01:00  INFO 5134 --- [ool-3-thread-35] tourGuide.service.RewardsService         : getDistance called
2023-01-20T14:46:40.980+01:00  INFO 5134 --- [ool-3-thread-35] tourGuide.service.RewardsService         : nearAttraction called with Fallingwater
2023-01-20T14:46:40.980+01:00  INFO 5134 --- [ool-3-thread-35] tourGuide.service.RewardsService         : getDistance called
2023-01-20T14:46:40.980+01:00  INFO 5134 --- [ool-3-thread-35] tourGuide.service.RewardsService         : nearAttraction called with Union Station
2023-01-20T14:46:40.980+01:00  INFO 5134 --- [ool-3-thread-35] tourGuide.service.RewardsService         : getDistance called
2023-01-20T14:46:40.980+01:00  INFO 5134 --- [ool-3-thread-35] tourGuide.service.RewardsService         : nearAttraction called with Roger Dean Stadium
2023-01-20T14:46:40.980+01:00  INFO 5134 --- [ool-3-thread-35] tourGuide.service.RewardsService         : getDistance called
2023-01-20T14:46:40.980+01:00  INFO 5134 --- [ool-3-thread-35] tourGuide.service.RewardsService         : nearAttraction called with Texas Memorial Stadium
2023-01-20T14:46:40.980+01:00  INFO 5134 --- [ool-3-thread-35] tourGuide.service.RewardsService         : getDistance called
2023-01-20T14:46:40.980+01:00  INFO 5134 --- [ool-3-thread-35] tourGuide.service.RewardsService         : nearAttraction called with Bryant-Denny Stadium
2023-01-20T14:46:40.980+01:00  INFO 5134 --- [ool-3-thread-35] tourGuide.service.RewardsService         : getDistance called
2023-01-20T14:46:40.980+01:00  INFO 5134 --- [ool-3-thread-35] tourGuide.service.RewardsService         : nearAttraction called with Tiger Stadium
2023-01-20T14:46:40.980+01:00  INFO 5134 --- [ool-3-thread-35] tourGuide.service.RewardsService         : getDistance called
2023-01-20T14:46:40.980+01:00  INFO 5134 --- [ool-3-thread-35] tourGuide.service.RewardsService         : nearAttraction called with Neyland Stadium
2023-01-20T14:46:40.980+01:00  INFO 5134 --- [ool-3-thread-35] tourGuide.service.RewardsService         : getDistance called
2023-01-20T14:46:40.981+01:00  INFO 5134 --- [ool-3-thread-35] tourGuide.service.RewardsService         : nearAttraction called with Kyle Field
2023-01-20T14:46:40.981+01:00  INFO 5134 --- [ool-3-thread-35] tourGuide.service.RewardsService         : getDistance called
2023-01-20T14:46:40.981+01:00  INFO 5134 --- [ool-3-thread-35] tourGuide.service.RewardsService         : nearAttraction called with San Diego Zoo
2023-01-20T14:46:40.981+01:00  INFO 5134 --- [ool-3-thread-35] tourGuide.service.RewardsService         : getDistance called
2023-01-20T14:46:40.981+01:00  INFO 5134 --- [ool-3-thread-35] tourGuide.service.RewardsService         : nearAttraction called with Zoo Tampa at Lowry Park
2023-01-20T14:46:40.981+01:00  INFO 5134 --- [ool-3-thread-35] tourGuide.service.RewardsService         : getDistance called
2023-01-20T14:46:40.981+01:00  INFO 5134 --- [ool-3-thread-35] tourGuide.service.RewardsService         : nearAttraction called with Franklin Park Zoo
2023-01-20T14:46:40.981+01:00  INFO 5134 --- [ool-3-thread-35] tourGuide.service.RewardsService         : getDistance called
2023-01-20T14:46:40.981+01:00  INFO 5134 --- [ool-3-thread-35] tourGuide.service.RewardsService         : nearAttraction called with El Paso Zoo
2023-01-20T14:46:40.981+01:00  INFO 5134 --- [ool-3-thread-35] tourGuide.service.RewardsService         : getDistance called
2023-01-20T14:46:40.981+01:00  INFO 5134 --- [ool-3-thread-35] tourGuide.service.RewardsService         : nearAttraction called with Kansas City Zoo
2023-01-20T14:46:40.981+01:00  INFO 5134 --- [ool-3-thread-35] tourGuide.service.RewardsService         : getDistance called
2023-01-20T14:46:40.981+01:00  INFO 5134 --- [ool-3-thread-35] tourGuide.service.RewardsService         : nearAttraction called with Bronx Zoo
2023-01-20T14:46:40.981+01:00  INFO 5134 --- [ool-3-thread-35] tourGuide.service.RewardsService         : getDistance called
2023-01-20T14:46:40.981+01:00  INFO 5134 --- [ool-3-thread-35] tourGuide.service.RewardsService         : nearAttraction called with Cinderella Castle
2023-01-20T14:46:40.981+01:00  INFO 5134 --- [ool-3-thread-35] tourGuide.service.RewardsService         : getDistance called
2023-01-20T14:46:40.981+01:00  INFO 5134 --- [ool-3-thread-35] tourGuide.service.RewardsService         : nearAttraction called with Disneyland
2023-01-20T14:46:40.981+01:00  INFO 5134 --- [ool-3-thread-35] tourGuide.service.RewardsService         : getDistance called
2023-01-20T14:46:40.981+01:00  INFO 5134 --- [ool-3-thread-35] tourGuide.service.RewardsService         : getRewardPoints called with Disneyland and internalUser54
2023-01-20T14:46:40.984+01:00  INFO 5134 --- [ool-3-thread-59] tourGuide.service.RewardsService         : nearAttraction called with Jackson Hole
2023-01-20T14:46:40.984+01:00  INFO 5134 --- [ool-6-thread-38] tourGuide.service.RewardsService         : Rewards of internalUser1 calculated by calculateRewards
2023-01-20T14:46:40.984+01:00  INFO 5134 --- [ool-3-thread-59] tourGuide.service.RewardsService         : getDistance called
2023-01-20T14:46:40.984+01:00  INFO 5134 --- [ool-3-thread-59] tourGuide.service.RewardsService         : nearAttraction called with Mojave National Preserve
2023-01-20T14:46:40.984+01:00  INFO 5134 --- [ool-3-thread-59] tourGuide.service.RewardsService         : getDistance called
2023-01-20T14:46:40.984+01:00  INFO 5134 --- [ool-3-thread-59] tourGuide.service.RewardsService         : nearAttraction called with Joshua Tree National Park
2023-01-20T14:46:40.984+01:00  INFO 5134 --- [ool-3-thread-59] tourGuide.service.RewardsService         : getDistance called
2023-01-20T14:46:40.984+01:00  INFO 5134 --- [ool-3-thread-59] tourGuide.service.RewardsService         : nearAttraction called with Buffalo National River
2023-01-20T14:46:40.984+01:00  INFO 5134 --- [ool-3-thread-59] tourGuide.service.RewardsService         : getDistance called
2023-01-20T14:46:40.984+01:00  INFO 5134 --- [ool-3-thread-59] tourGuide.service.RewardsService         : nearAttraction called with Hot Springs National Park
2023-01-20T14:46:40.984+01:00  INFO 5134 --- [ool-3-thread-59] tourGuide.service.RewardsService         : getDistance called
2023-01-20T14:46:40.984+01:00  INFO 5134 --- [ool-3-thread-59] tourGuide.service.RewardsService         : nearAttraction called with Kartchner Caverns State Park
2023-01-20T14:46:40.984+01:00  INFO 5134 --- [ool-3-thread-59] tourGuide.service.RewardsService         : getDistance called
2023-01-20T14:46:40.985+01:00  INFO 5134 --- [ool-3-thread-59] tourGuide.service.RewardsService         : nearAttraction called with Legend Valley
2023-01-20T14:46:40.985+01:00  INFO 5134 --- [ool-3-thread-59] tourGuide.service.RewardsService         : getDistance called
2023-01-20T14:46:40.985+01:00  INFO 5134 --- [ool-3-thread-59] tourGuide.service.RewardsService         : nearAttraction called with Flowers Bakery of London
2023-01-20T14:46:40.985+01:00  INFO 5134 --- [ool-3-thread-59] tourGuide.service.RewardsService         : getDistance called
2023-01-20T14:46:40.985+01:00  INFO 5134 --- [ool-3-thread-59] tourGuide.service.RewardsService         : nearAttraction called with McKinley Tower
2023-01-20T14:46:40.985+01:00  INFO 5134 --- [ool-3-thread-59] tourGuide.service.RewardsService         : getDistance called
2023-01-20T14:46:40.985+01:00  INFO 5134 --- [ool-3-thread-59] tourGuide.service.RewardsService         : nearAttraction called with Flatiron Building
2023-01-20T14:46:40.985+01:00  INFO 5134 --- [ool-3-thread-59] tourGuide.service.RewardsService         : getDistance called
2023-01-20T14:46:40.985+01:00  INFO 5134 --- [ool-3-thread-59] tourGuide.service.RewardsService         : nearAttraction called with Fallingwater
2023-01-20T14:46:40.985+01:00  INFO 5134 --- [ool-3-thread-59] tourGuide.service.RewardsService         : getDistance called
2023-01-20T14:46:40.985+01:00  INFO 5134 --- [ool-3-thread-59] tourGuide.service.RewardsService         : nearAttraction called with Union Station
2023-01-20T14:46:40.985+01:00  INFO 5134 --- [ool-3-thread-59] tourGuide.service.RewardsService         : getDistance called
2023-01-20T14:46:40.985+01:00  INFO 5134 --- [ool-3-thread-59] tourGuide.service.RewardsService         : nearAttraction called with Roger Dean Stadium
2023-01-20T14:46:40.985+01:00  INFO 5134 --- [ool-3-thread-59] tourGuide.service.RewardsService         : getDistance called
2023-01-20T14:46:40.985+01:00  INFO 5134 --- [ool-3-thread-59] tourGuide.service.RewardsService         : nearAttraction called with Texas Memorial Stadium
2023-01-20T14:46:40.985+01:00  INFO 5134 --- [ool-3-thread-59] tourGuide.service.RewardsService         : getDistance called
2023-01-20T14:46:40.985+01:00  INFO 5134 --- [ool-3-thread-59] tourGuide.service.RewardsService         : nearAttraction called with Bryant-Denny Stadium
2023-01-20T14:46:40.985+01:00  INFO 5134 --- [ool-3-thread-59] tourGuide.service.RewardsService         : getDistance called
2023-01-20T14:46:40.985+01:00  INFO 5134 --- [ool-3-thread-59] tourGuide.service.RewardsService         : nearAttraction called with Tiger Stadium
2023-01-20T14:46:40.985+01:00  INFO 5134 --- [ool-3-thread-59] tourGuide.service.RewardsService         : getDistance called
2023-01-20T14:46:40.985+01:00  INFO 5134 --- [ool-3-thread-59] tourGuide.service.RewardsService         : nearAttraction called with Neyland Stadium
2023-01-20T14:46:40.985+01:00  INFO 5134 --- [ool-3-thread-59] tourGuide.service.RewardsService         : getDistance called
2023-01-20T14:46:40.985+01:00  INFO 5134 --- [ool-3-thread-59] tourGuide.service.RewardsService         : nearAttraction called with Kyle Field
2023-01-20T14:46:40.985+01:00  INFO 5134 --- [ool-3-thread-59] tourGuide.service.RewardsService         : getDistance called
2023-01-20T14:46:40.985+01:00  INFO 5134 --- [ool-3-thread-59] tourGuide.service.RewardsService         : nearAttraction called with San Diego Zoo
2023-01-20T14:46:40.985+01:00  INFO 5134 --- [ool-3-thread-59] tourGuide.service.RewardsService         : getDistance called
2023-01-20T14:46:40.985+01:00  INFO 5134 --- [ool-3-thread-59] tourGuide.service.RewardsService         : nearAttraction called with Zoo Tampa at Lowry Park
2023-01-20T14:46:40.985+01:00  INFO 5134 --- [ool-3-thread-59] tourGuide.service.RewardsService         : getDistance called
2023-01-20T14:46:40.985+01:00  INFO 5134 --- [ool-3-thread-59] tourGuide.service.RewardsService         : nearAttraction called with Franklin Park Zoo
2023-01-20T14:46:40.985+01:00  INFO 5134 --- [ool-3-thread-59] tourGuide.service.RewardsService         : getDistance called
2023-01-20T14:46:40.985+01:00  INFO 5134 --- [ool-3-thread-59] tourGuide.service.RewardsService         : nearAttraction called with El Paso Zoo
2023-01-20T14:46:40.985+01:00  INFO 5134 --- [ool-3-thread-59] tourGuide.service.RewardsService         : getDistance called
2023-01-20T14:46:40.985+01:00  INFO 5134 --- [ool-3-thread-59] tourGuide.service.RewardsService         : nearAttraction called with Kansas City Zoo
2023-01-20T14:46:40.985+01:00  INFO 5134 --- [ool-3-thread-59] tourGuide.service.RewardsService         : getDistance called
2023-01-20T14:46:40.985+01:00  INFO 5134 --- [ool-3-thread-59] tourGuide.service.RewardsService         : nearAttraction called with Bronx Zoo
2023-01-20T14:46:40.985+01:00  INFO 5134 --- [ool-3-thread-59] tourGuide.service.RewardsService         : getDistance called
2023-01-20T14:46:40.985+01:00  INFO 5134 --- [ool-3-thread-59] tourGuide.service.RewardsService         : nearAttraction called with Cinderella Castle
2023-01-20T14:46:40.986+01:00  INFO 5134 --- [ool-3-thread-59] tourGuide.service.RewardsService         : getDistance called
2023-01-20T14:46:40.986+01:00  INFO 5134 --- [ool-3-thread-59] tourGuide.service.RewardsService         : nearAttraction called with Disneyland
2023-01-20T14:46:40.986+01:00  INFO 5134 --- [ool-3-thread-59] tourGuide.service.RewardsService         : getDistance called
2023-01-20T14:46:40.986+01:00  INFO 5134 --- [ool-3-thread-59] tourGuide.service.RewardsService         : getRewardPoints called with Disneyland and internalUser53
2023-01-20T14:46:40.986+01:00  INFO 5134 --- [ool-3-thread-64] tourGuide.service.RewardsService         : nearAttraction called with Jackson Hole
2023-01-20T14:46:40.986+01:00  INFO 5134 --- [pool-6-thread-9] tourGuide.service.RewardsService         : Rewards of internalUser72 calculated by calculateRewards
2023-01-20T14:46:40.986+01:00  INFO 5134 --- [ool-3-thread-64] tourGuide.service.RewardsService         : getDistance called
2023-01-20T14:46:40.986+01:00  INFO 5134 --- [ool-3-thread-64] tourGuide.service.RewardsService         : nearAttraction called with Mojave National Preserve
2023-01-20T14:46:40.986+01:00  INFO 5134 --- [ool-3-thread-64] tourGuide.service.RewardsService         : getDistance called
2023-01-20T14:46:40.986+01:00  INFO 5134 --- [ool-3-thread-64] tourGuide.service.RewardsService         : nearAttraction called with Joshua Tree National Park
2023-01-20T14:46:40.986+01:00  INFO 5134 --- [ool-3-thread-64] tourGuide.service.RewardsService         : getDistance called
2023-01-20T14:46:40.986+01:00  INFO 5134 --- [ool-3-thread-64] tourGuide.service.RewardsService         : nearAttraction called with Buffalo National River
2023-01-20T14:46:40.986+01:00  INFO 5134 --- [ool-3-thread-64] tourGuide.service.RewardsService         : getDistance called
2023-01-20T14:46:40.986+01:00  INFO 5134 --- [ool-3-thread-64] tourGuide.service.RewardsService         : nearAttraction called with Hot Springs National Park
2023-01-20T14:46:40.986+01:00  INFO 5134 --- [ool-3-thread-64] tourGuide.service.RewardsService         : getDistance called
2023-01-20T14:46:40.986+01:00  INFO 5134 --- [ool-3-thread-64] tourGuide.service.RewardsService         : nearAttraction called with Kartchner Caverns State Park
2023-01-20T14:46:40.986+01:00  INFO 5134 --- [ool-3-thread-64] tourGuide.service.RewardsService         : getDistance called
2023-01-20T14:46:40.986+01:00  INFO 5134 --- [ool-3-thread-64] tourGuide.service.RewardsService         : nearAttraction called with Legend Valley
2023-01-20T14:46:40.986+01:00  INFO 5134 --- [ool-3-thread-64] tourGuide.service.RewardsService         : getDistance called
2023-01-20T14:46:40.986+01:00  INFO 5134 --- [ool-3-thread-64] tourGuide.service.RewardsService         : nearAttraction called with Flowers Bakery of London
2023-01-20T14:46:40.986+01:00  INFO 5134 --- [ool-3-thread-64] tourGuide.service.RewardsService         : getDistance called
2023-01-20T14:46:40.987+01:00  INFO 5134 --- [ool-3-thread-64] tourGuide.service.RewardsService         : nearAttraction called with McKinley Tower
2023-01-20T14:46:40.987+01:00  INFO 5134 --- [ool-3-thread-64] tourGuide.service.RewardsService         : getDistance called
2023-01-20T14:46:40.987+01:00  INFO 5134 --- [ool-3-thread-64] tourGuide.service.RewardsService         : nearAttraction called with Flatiron Building
2023-01-20T14:46:40.987+01:00  INFO 5134 --- [ool-3-thread-64] tourGuide.service.RewardsService         : getDistance called
2023-01-20T14:46:40.987+01:00  INFO 5134 --- [ool-3-thread-64] tourGuide.service.RewardsService         : nearAttraction called with Fallingwater
2023-01-20T14:46:40.987+01:00  INFO 5134 --- [ool-3-thread-64] tourGuide.service.RewardsService         : getDistance called
2023-01-20T14:46:40.987+01:00  INFO 5134 --- [ool-3-thread-64] tourGuide.service.RewardsService         : nearAttraction called with Union Station
2023-01-20T14:46:40.987+01:00  INFO 5134 --- [ool-3-thread-64] tourGuide.service.RewardsService         : getDistance called
2023-01-20T14:46:40.987+01:00  INFO 5134 --- [ool-3-thread-64] tourGuide.service.RewardsService         : nearAttraction called with Roger Dean Stadium
2023-01-20T14:46:40.987+01:00  INFO 5134 --- [ool-3-thread-64] tourGuide.service.RewardsService         : getDistance called
2023-01-20T14:46:40.987+01:00  INFO 5134 --- [ool-3-thread-64] tourGuide.service.RewardsService         : nearAttraction called with Texas Memorial Stadium
2023-01-20T14:46:40.987+01:00  INFO 5134 --- [ool-3-thread-64] tourGuide.service.RewardsService         : getDistance called
2023-01-20T14:46:40.987+01:00  INFO 5134 --- [ool-3-thread-64] tourGuide.service.RewardsService         : nearAttraction called with Bryant-Denny Stadium
2023-01-20T14:46:40.987+01:00  INFO 5134 --- [ool-3-thread-64] tourGuide.service.RewardsService         : getDistance called
2023-01-20T14:46:40.987+01:00  INFO 5134 --- [ool-3-thread-64] tourGuide.service.RewardsService         : nearAttraction called with Tiger Stadium
2023-01-20T14:46:40.987+01:00  INFO 5134 --- [ool-3-thread-64] tourGuide.service.RewardsService         : getDistance called
2023-01-20T14:46:40.987+01:00  INFO 5134 --- [ool-3-thread-64] tourGuide.service.RewardsService         : nearAttraction called with Neyland Stadium
2023-01-20T14:46:40.987+01:00  INFO 5134 --- [ool-3-thread-64] tourGuide.service.RewardsService         : getDistance called
2023-01-20T14:46:40.987+01:00  INFO 5134 --- [ool-3-thread-64] tourGuide.service.RewardsService         : nearAttraction called with Kyle Field
2023-01-20T14:46:40.987+01:00  INFO 5134 --- [ool-3-thread-64] tourGuide.service.RewardsService         : getDistance called
2023-01-20T14:46:40.987+01:00  INFO 5134 --- [ool-3-thread-64] tourGuide.service.RewardsService         : nearAttraction called with San Diego Zoo
2023-01-20T14:46:40.987+01:00  INFO 5134 --- [ool-3-thread-64] tourGuide.service.RewardsService         : getDistance called
2023-01-20T14:46:40.987+01:00  INFO 5134 --- [ool-3-thread-64] tourGuide.service.RewardsService         : nearAttraction called with Zoo Tampa at Lowry Park
2023-01-20T14:46:40.987+01:00  INFO 5134 --- [ool-3-thread-64] tourGuide.service.RewardsService         : getDistance called
2023-01-20T14:46:40.987+01:00  INFO 5134 --- [ool-3-thread-64] tourGuide.service.RewardsService         : nearAttraction called with Franklin Park Zoo
2023-01-20T14:46:40.987+01:00  INFO 5134 --- [ool-3-thread-64] tourGuide.service.RewardsService         : getDistance called
2023-01-20T14:46:40.987+01:00  INFO 5134 --- [ool-3-thread-64] tourGuide.service.RewardsService         : nearAttraction called with El Paso Zoo
2023-01-20T14:46:40.987+01:00  INFO 5134 --- [ool-3-thread-64] tourGuide.service.RewardsService         : getDistance called
2023-01-20T14:46:40.987+01:00  INFO 5134 --- [ool-3-thread-64] tourGuide.service.RewardsService         : nearAttraction called with Kansas City Zoo
2023-01-20T14:46:40.987+01:00  INFO 5134 --- [ool-3-thread-64] tourGuide.service.RewardsService         : getDistance called
2023-01-20T14:46:40.987+01:00  INFO 5134 --- [ool-3-thread-64] tourGuide.service.RewardsService         : nearAttraction called with Bronx Zoo
2023-01-20T14:46:40.988+01:00  INFO 5134 --- [ool-3-thread-64] tourGuide.service.RewardsService         : getDistance called
2023-01-20T14:46:40.988+01:00  INFO 5134 --- [ool-3-thread-64] tourGuide.service.RewardsService         : nearAttraction called with Cinderella Castle
2023-01-20T14:46:40.988+01:00  INFO 5134 --- [ool-3-thread-64] tourGuide.service.RewardsService         : getDistance called
2023-01-20T14:46:40.988+01:00  INFO 5134 --- [ool-3-thread-64] tourGuide.service.RewardsService         : nearAttraction called with Disneyland
2023-01-20T14:46:40.988+01:00  INFO 5134 --- [ool-3-thread-64] tourGuide.service.RewardsService         : getDistance called
2023-01-20T14:46:40.988+01:00  INFO 5134 --- [ool-3-thread-64] tourGuide.service.RewardsService         : getRewardPoints called with Disneyland and internalUser50
2023-01-20T14:46:40.998+01:00  INFO 5134 --- [ool-3-thread-15] tourGuide.service.RewardsService         : nearAttraction called with Jackson Hole
2023-01-20T14:46:40.998+01:00  INFO 5134 --- [ool-6-thread-10] tourGuide.service.RewardsService         : Rewards of internalUser71 calculated by calculateRewards
2023-01-20T14:46:40.998+01:00  INFO 5134 --- [ool-3-thread-15] tourGuide.service.RewardsService         : getDistance called
2023-01-20T14:46:40.998+01:00  INFO 5134 --- [ool-3-thread-15] tourGuide.service.RewardsService         : nearAttraction called with Mojave National Preserve
2023-01-20T14:46:40.998+01:00  INFO 5134 --- [ool-3-thread-15] tourGuide.service.RewardsService         : getDistance called
2023-01-20T14:46:40.998+01:00  INFO 5134 --- [ool-3-thread-15] tourGuide.service.RewardsService         : nearAttraction called with Joshua Tree National Park
2023-01-20T14:46:40.998+01:00  INFO 5134 --- [ool-3-thread-15] tourGuide.service.RewardsService         : getDistance called
2023-01-20T14:46:40.998+01:00  INFO 5134 --- [ool-3-thread-15] tourGuide.service.RewardsService         : nearAttraction called with Buffalo National River
2023-01-20T14:46:40.999+01:00  INFO 5134 --- [ool-3-thread-15] tourGuide.service.RewardsService         : getDistance called
2023-01-20T14:46:40.999+01:00  INFO 5134 --- [ool-3-thread-15] tourGuide.service.RewardsService         : nearAttraction called with Hot Springs National Park
2023-01-20T14:46:40.999+01:00  INFO 5134 --- [ool-3-thread-15] tourGuide.service.RewardsService         : getDistance called
2023-01-20T14:46:40.999+01:00  INFO 5134 --- [ool-3-thread-15] tourGuide.service.RewardsService         : nearAttraction called with Kartchner Caverns State Park
2023-01-20T14:46:40.999+01:00  INFO 5134 --- [ool-3-thread-15] tourGuide.service.RewardsService         : getDistance called
2023-01-20T14:46:40.999+01:00  INFO 5134 --- [ool-3-thread-15] tourGuide.service.RewardsService         : nearAttraction called with Legend Valley
2023-01-20T14:46:40.999+01:00  INFO 5134 --- [ool-3-thread-15] tourGuide.service.RewardsService         : getDistance called
2023-01-20T14:46:40.999+01:00  INFO 5134 --- [ool-3-thread-15] tourGuide.service.RewardsService         : nearAttraction called with Flowers Bakery of London
2023-01-20T14:46:40.999+01:00  INFO 5134 --- [ool-3-thread-15] tourGuide.service.RewardsService         : getDistance called
2023-01-20T14:46:40.999+01:00  INFO 5134 --- [ool-3-thread-15] tourGuide.service.RewardsService         : nearAttraction called with McKinley Tower
2023-01-20T14:46:40.999+01:00  INFO 5134 --- [ool-3-thread-15] tourGuide.service.RewardsService         : getDistance called
2023-01-20T14:46:40.999+01:00  INFO 5134 --- [ool-3-thread-15] tourGuide.service.RewardsService         : nearAttraction called with Flatiron Building
2023-01-20T14:46:40.999+01:00  INFO 5134 --- [ool-3-thread-15] tourGuide.service.RewardsService         : getDistance called
2023-01-20T14:46:40.999+01:00  INFO 5134 --- [ool-3-thread-15] tourGuide.service.RewardsService         : nearAttraction called with Fallingwater
2023-01-20T14:46:40.999+01:00  INFO 5134 --- [ool-3-thread-15] tourGuide.service.RewardsService         : getDistance called
2023-01-20T14:46:40.999+01:00  INFO 5134 --- [ool-3-thread-15] tourGuide.service.RewardsService         : nearAttraction called with Union Station
2023-01-20T14:46:40.999+01:00  INFO 5134 --- [ool-3-thread-15] tourGuide.service.RewardsService         : getDistance called
2023-01-20T14:46:40.999+01:00  INFO 5134 --- [ool-3-thread-15] tourGuide.service.RewardsService         : nearAttraction called with Roger Dean Stadium
2023-01-20T14:46:40.999+01:00  INFO 5134 --- [ool-3-thread-15] tourGuide.service.RewardsService         : getDistance called
2023-01-20T14:46:40.999+01:00  INFO 5134 --- [ool-3-thread-15] tourGuide.service.RewardsService         : nearAttraction called with Texas Memorial Stadium
2023-01-20T14:46:40.999+01:00  INFO 5134 --- [ool-3-thread-15] tourGuide.service.RewardsService         : getDistance called
2023-01-20T14:46:40.999+01:00  INFO 5134 --- [ool-3-thread-15] tourGuide.service.RewardsService         : nearAttraction called with Bryant-Denny Stadium
2023-01-20T14:46:40.999+01:00  INFO 5134 --- [ool-3-thread-15] tourGuide.service.RewardsService         : getDistance called
2023-01-20T14:46:40.999+01:00  INFO 5134 --- [ool-3-thread-15] tourGuide.service.RewardsService         : nearAttraction called with Tiger Stadium
2023-01-20T14:46:40.999+01:00  INFO 5134 --- [ool-3-thread-15] tourGuide.service.RewardsService         : getDistance called
2023-01-20T14:46:40.999+01:00  INFO 5134 --- [ool-3-thread-15] tourGuide.service.RewardsService         : nearAttraction called with Neyland Stadium
2023-01-20T14:46:40.999+01:00  INFO 5134 --- [ool-3-thread-15] tourGuide.service.RewardsService         : getDistance called
2023-01-20T14:46:40.999+01:00  INFO 5134 --- [ool-3-thread-15] tourGuide.service.RewardsService         : nearAttraction called with Kyle Field
2023-01-20T14:46:40.999+01:00  INFO 5134 --- [ool-3-thread-15] tourGuide.service.RewardsService         : getDistance called
2023-01-20T14:46:40.999+01:00  INFO 5134 --- [ool-3-thread-15] tourGuide.service.RewardsService         : nearAttraction called with San Diego Zoo
2023-01-20T14:46:41.000+01:00  INFO 5134 --- [ool-3-thread-15] tourGuide.service.RewardsService         : getDistance called
2023-01-20T14:46:41.000+01:00  INFO 5134 --- [ool-3-thread-15] tourGuide.service.RewardsService         : nearAttraction called with Zoo Tampa at Lowry Park
2023-01-20T14:46:41.000+01:00  INFO 5134 --- [ool-3-thread-15] tourGuide.service.RewardsService         : getDistance called
2023-01-20T14:46:41.000+01:00  INFO 5134 --- [ool-3-thread-15] tourGuide.service.RewardsService         : nearAttraction called with Franklin Park Zoo
2023-01-20T14:46:41.000+01:00  INFO 5134 --- [ool-3-thread-15] tourGuide.service.RewardsService         : getDistance called
2023-01-20T14:46:41.000+01:00  INFO 5134 --- [ool-3-thread-15] tourGuide.service.RewardsService         : nearAttraction called with El Paso Zoo
2023-01-20T14:46:41.000+01:00  INFO 5134 --- [ool-3-thread-15] tourGuide.service.RewardsService         : getDistance called
2023-01-20T14:46:41.000+01:00  INFO 5134 --- [ool-3-thread-15] tourGuide.service.RewardsService         : nearAttraction called with Kansas City Zoo
2023-01-20T14:46:41.000+01:00  INFO 5134 --- [ool-3-thread-15] tourGuide.service.RewardsService         : getDistance called
2023-01-20T14:46:41.000+01:00  INFO 5134 --- [ool-3-thread-15] tourGuide.service.RewardsService         : nearAttraction called with Bronx Zoo
2023-01-20T14:46:41.000+01:00  INFO 5134 --- [ool-3-thread-15] tourGuide.service.RewardsService         : getDistance called
2023-01-20T14:46:41.000+01:00  INFO 5134 --- [ool-3-thread-15] tourGuide.service.RewardsService         : nearAttraction called with Cinderella Castle
2023-01-20T14:46:41.000+01:00  INFO 5134 --- [ool-3-thread-15] tourGuide.service.RewardsService         : getDistance called
2023-01-20T14:46:41.000+01:00  INFO 5134 --- [ool-3-thread-15] tourGuide.service.RewardsService         : nearAttraction called with Disneyland
2023-01-20T14:46:41.000+01:00  INFO 5134 --- [ool-3-thread-15] tourGuide.service.RewardsService         : getDistance called
2023-01-20T14:46:41.000+01:00  INFO 5134 --- [ool-3-thread-15] tourGuide.service.RewardsService         : getRewardPoints called with Disneyland and internalUser67
2023-01-20T14:46:41.006+01:00  INFO 5134 --- [ool-6-thread-58] tourGuide.service.RewardsService         : Rewards of internalUser24 calculated by calculateRewards
2023-01-20T14:46:41.006+01:00  INFO 5134 --- [ool-3-thread-67] tourGuide.service.RewardsService         : nearAttraction called with Jackson Hole
2023-01-20T14:46:41.006+01:00  INFO 5134 --- [ool-3-thread-67] tourGuide.service.RewardsService         : getDistance called
2023-01-20T14:46:41.006+01:00  INFO 5134 --- [ool-3-thread-67] tourGuide.service.RewardsService         : nearAttraction called with Mojave National Preserve
2023-01-20T14:46:41.006+01:00  INFO 5134 --- [ool-3-thread-67] tourGuide.service.RewardsService         : getDistance called
2023-01-20T14:46:41.006+01:00  INFO 5134 --- [ool-3-thread-67] tourGuide.service.RewardsService         : nearAttraction called with Joshua Tree National Park
2023-01-20T14:46:41.006+01:00  INFO 5134 --- [ool-3-thread-67] tourGuide.service.RewardsService         : getDistance called
2023-01-20T14:46:41.006+01:00  INFO 5134 --- [ool-3-thread-67] tourGuide.service.RewardsService         : nearAttraction called with Buffalo National River
2023-01-20T14:46:41.006+01:00  INFO 5134 --- [ool-3-thread-67] tourGuide.service.RewardsService         : getDistance called
2023-01-20T14:46:41.006+01:00  INFO 5134 --- [ool-3-thread-67] tourGuide.service.RewardsService         : nearAttraction called with Hot Springs National Park
2023-01-20T14:46:41.006+01:00  INFO 5134 --- [ool-3-thread-67] tourGuide.service.RewardsService         : getDistance called
2023-01-20T14:46:41.006+01:00  INFO 5134 --- [ool-3-thread-67] tourGuide.service.RewardsService         : nearAttraction called with Kartchner Caverns State Park
2023-01-20T14:46:41.006+01:00  INFO 5134 --- [ool-3-thread-67] tourGuide.service.RewardsService         : getDistance called
2023-01-20T14:46:41.006+01:00  INFO 5134 --- [ool-3-thread-67] tourGuide.service.RewardsService         : nearAttraction called with Legend Valley
2023-01-20T14:46:41.006+01:00  INFO 5134 --- [ool-3-thread-67] tourGuide.service.RewardsService         : getDistance called
2023-01-20T14:46:41.006+01:00  INFO 5134 --- [ool-3-thread-67] tourGuide.service.RewardsService         : nearAttraction called with Flowers Bakery of London
2023-01-20T14:46:41.007+01:00  INFO 5134 --- [ool-3-thread-67] tourGuide.service.RewardsService         : getDistance called
2023-01-20T14:46:41.007+01:00  INFO 5134 --- [ool-3-thread-67] tourGuide.service.RewardsService         : nearAttraction called with McKinley Tower
2023-01-20T14:46:41.007+01:00  INFO 5134 --- [ool-3-thread-67] tourGuide.service.RewardsService         : getDistance called
2023-01-20T14:46:41.007+01:00  INFO 5134 --- [ool-3-thread-67] tourGuide.service.RewardsService         : nearAttraction called with Flatiron Building
2023-01-20T14:46:41.007+01:00  INFO 5134 --- [ool-3-thread-67] tourGuide.service.RewardsService         : getDistance called
2023-01-20T14:46:41.007+01:00  INFO 5134 --- [ool-3-thread-67] tourGuide.service.RewardsService         : nearAttraction called with Fallingwater
2023-01-20T14:46:41.007+01:00  INFO 5134 --- [ool-3-thread-67] tourGuide.service.RewardsService         : getDistance called
2023-01-20T14:46:41.007+01:00  INFO 5134 --- [ool-3-thread-67] tourGuide.service.RewardsService         : nearAttraction called with Union Station
2023-01-20T14:46:41.007+01:00  INFO 5134 --- [ool-3-thread-67] tourGuide.service.RewardsService         : getDistance called
2023-01-20T14:46:41.007+01:00  INFO 5134 --- [ool-3-thread-67] tourGuide.service.RewardsService         : nearAttraction called with Roger Dean Stadium
2023-01-20T14:46:41.007+01:00  INFO 5134 --- [ool-3-thread-67] tourGuide.service.RewardsService         : getDistance called
2023-01-20T14:46:41.007+01:00  INFO 5134 --- [ool-3-thread-67] tourGuide.service.RewardsService         : nearAttraction called with Texas Memorial Stadium
2023-01-20T14:46:41.007+01:00  INFO 5134 --- [ool-3-thread-67] tourGuide.service.RewardsService         : getDistance called
2023-01-20T14:46:41.007+01:00  INFO 5134 --- [ool-3-thread-67] tourGuide.service.RewardsService         : nearAttraction called with Bryant-Denny Stadium
2023-01-20T14:46:41.007+01:00  INFO 5134 --- [ool-3-thread-67] tourGuide.service.RewardsService         : getDistance called
2023-01-20T14:46:41.007+01:00  INFO 5134 --- [ool-3-thread-67] tourGuide.service.RewardsService         : nearAttraction called with Tiger Stadium
2023-01-20T14:46:41.007+01:00  INFO 5134 --- [ool-3-thread-67] tourGuide.service.RewardsService         : getDistance called
2023-01-20T14:46:41.007+01:00  INFO 5134 --- [ool-3-thread-67] tourGuide.service.RewardsService         : nearAttraction called with Neyland Stadium
2023-01-20T14:46:41.007+01:00  INFO 5134 --- [ool-3-thread-67] tourGuide.service.RewardsService         : getDistance called
2023-01-20T14:46:41.007+01:00  INFO 5134 --- [ool-3-thread-67] tourGuide.service.RewardsService         : nearAttraction called with Kyle Field
2023-01-20T14:46:41.007+01:00  INFO 5134 --- [ool-3-thread-67] tourGuide.service.RewardsService         : getDistance called
2023-01-20T14:46:41.007+01:00  INFO 5134 --- [ool-3-thread-67] tourGuide.service.RewardsService         : nearAttraction called with San Diego Zoo
2023-01-20T14:46:41.007+01:00  INFO 5134 --- [ool-3-thread-67] tourGuide.service.RewardsService         : getDistance called
2023-01-20T14:46:41.007+01:00  INFO 5134 --- [ool-3-thread-67] tourGuide.service.RewardsService         : nearAttraction called with Zoo Tampa at Lowry Park
2023-01-20T14:46:41.007+01:00  INFO 5134 --- [ool-3-thread-67] tourGuide.service.RewardsService         : getDistance called
2023-01-20T14:46:41.007+01:00  INFO 5134 --- [ool-3-thread-67] tourGuide.service.RewardsService         : nearAttraction called with Franklin Park Zoo
2023-01-20T14:46:41.007+01:00  INFO 5134 --- [ool-3-thread-67] tourGuide.service.RewardsService         : getDistance called
2023-01-20T14:46:41.007+01:00  INFO 5134 --- [ool-3-thread-67] tourGuide.service.RewardsService         : nearAttraction called with El Paso Zoo
2023-01-20T14:46:41.007+01:00  INFO 5134 --- [ool-3-thread-67] tourGuide.service.RewardsService         : getDistance called
2023-01-20T14:46:41.007+01:00  INFO 5134 --- [ool-3-thread-67] tourGuide.service.RewardsService         : nearAttraction called with Kansas City Zoo
2023-01-20T14:46:41.007+01:00  INFO 5134 --- [ool-3-thread-67] tourGuide.service.RewardsService         : getDistance called
2023-01-20T14:46:41.007+01:00  INFO 5134 --- [ool-3-thread-67] tourGuide.service.RewardsService         : nearAttraction called with Bronx Zoo
2023-01-20T14:46:41.007+01:00  INFO 5134 --- [ool-3-thread-67] tourGuide.service.RewardsService         : getDistance called
2023-01-20T14:46:41.007+01:00  INFO 5134 --- [ool-3-thread-67] tourGuide.service.RewardsService         : nearAttraction called with Cinderella Castle
2023-01-20T14:46:41.007+01:00  INFO 5134 --- [ool-3-thread-67] tourGuide.service.RewardsService         : getDistance called
2023-01-20T14:46:41.008+01:00  INFO 5134 --- [ool-3-thread-67] tourGuide.service.RewardsService         : nearAttraction called with Disneyland
2023-01-20T14:46:41.008+01:00  INFO 5134 --- [ool-3-thread-67] tourGuide.service.RewardsService         : getDistance called
2023-01-20T14:46:41.008+01:00  INFO 5134 --- [ool-3-thread-67] tourGuide.service.RewardsService         : getRewardPoints called with Disneyland and internalUser66
2023-01-20T14:46:41.008+01:00  INFO 5134 --- [ool-3-thread-42] tourGuide.service.RewardsService         : nearAttraction called with Jackson Hole
2023-01-20T14:46:41.008+01:00  INFO 5134 --- [ool-3-thread-42] tourGuide.service.RewardsService         : getDistance called
2023-01-20T14:46:41.008+01:00  INFO 5134 --- [ool-6-thread-68] tourGuide.service.RewardsService         : Rewards of internalUser59 calculated by calculateRewards
2023-01-20T14:46:41.008+01:00  INFO 5134 --- [ool-3-thread-42] tourGuide.service.RewardsService         : nearAttraction called with Mojave National Preserve
2023-01-20T14:46:41.008+01:00  INFO 5134 --- [ool-3-thread-42] tourGuide.service.RewardsService         : getDistance called
2023-01-20T14:46:41.008+01:00  INFO 5134 --- [ool-3-thread-42] tourGuide.service.RewardsService         : nearAttraction called with Joshua Tree National Park
2023-01-20T14:46:41.008+01:00  INFO 5134 --- [ool-3-thread-42] tourGuide.service.RewardsService         : getDistance called
2023-01-20T14:46:41.008+01:00  INFO 5134 --- [ool-3-thread-42] tourGuide.service.RewardsService         : nearAttraction called with Buffalo National River
2023-01-20T14:46:41.008+01:00  INFO 5134 --- [ool-3-thread-42] tourGuide.service.RewardsService         : getDistance called
2023-01-20T14:46:41.008+01:00  INFO 5134 --- [ool-3-thread-42] tourGuide.service.RewardsService         : nearAttraction called with Hot Springs National Park
2023-01-20T14:46:41.008+01:00  INFO 5134 --- [ool-3-thread-42] tourGuide.service.RewardsService         : getDistance called
2023-01-20T14:46:41.008+01:00  INFO 5134 --- [ool-3-thread-42] tourGuide.service.RewardsService         : nearAttraction called with Kartchner Caverns State Park
2023-01-20T14:46:41.008+01:00  INFO 5134 --- [ool-3-thread-42] tourGuide.service.RewardsService         : getDistance called
2023-01-20T14:46:41.008+01:00  INFO 5134 --- [ool-3-thread-42] tourGuide.service.RewardsService         : nearAttraction called with Legend Valley
2023-01-20T14:46:41.008+01:00  INFO 5134 --- [ool-3-thread-42] tourGuide.service.RewardsService         : getDistance called
2023-01-20T14:46:41.008+01:00  INFO 5134 --- [ool-3-thread-42] tourGuide.service.RewardsService         : nearAttraction called with Flowers Bakery of London
2023-01-20T14:46:41.008+01:00  INFO 5134 --- [ool-3-thread-42] tourGuide.service.RewardsService         : getDistance called
2023-01-20T14:46:41.008+01:00  INFO 5134 --- [ool-3-thread-42] tourGuide.service.RewardsService         : nearAttraction called with McKinley Tower
2023-01-20T14:46:41.008+01:00  INFO 5134 --- [ool-3-thread-42] tourGuide.service.RewardsService         : getDistance called
2023-01-20T14:46:41.008+01:00  INFO 5134 --- [ool-3-thread-42] tourGuide.service.RewardsService         : nearAttraction called with Flatiron Building
2023-01-20T14:46:41.008+01:00  INFO 5134 --- [ool-3-thread-42] tourGuide.service.RewardsService         : getDistance called
2023-01-20T14:46:41.008+01:00  INFO 5134 --- [ool-3-thread-42] tourGuide.service.RewardsService         : nearAttraction called with Fallingwater
2023-01-20T14:46:41.008+01:00  INFO 5134 --- [ool-3-thread-42] tourGuide.service.RewardsService         : getDistance called
2023-01-20T14:46:41.008+01:00  INFO 5134 --- [ool-3-thread-42] tourGuide.service.RewardsService         : nearAttraction called with Union Station
2023-01-20T14:46:41.008+01:00  INFO 5134 --- [ool-3-thread-42] tourGuide.service.RewardsService         : getDistance called
2023-01-20T14:46:41.008+01:00  INFO 5134 --- [ool-3-thread-42] tourGuide.service.RewardsService         : nearAttraction called with Roger Dean Stadium
2023-01-20T14:46:41.008+01:00  INFO 5134 --- [ool-3-thread-42] tourGuide.service.RewardsService         : getDistance called
2023-01-20T14:46:41.008+01:00  INFO 5134 --- [ool-3-thread-42] tourGuide.service.RewardsService         : nearAttraction called with Texas Memorial Stadium
2023-01-20T14:46:41.008+01:00  INFO 5134 --- [ool-3-thread-42] tourGuide.service.RewardsService         : getDistance called
2023-01-20T14:46:41.008+01:00  INFO 5134 --- [ool-3-thread-42] tourGuide.service.RewardsService         : nearAttraction called with Bryant-Denny Stadium
2023-01-20T14:46:41.008+01:00  INFO 5134 --- [ool-3-thread-42] tourGuide.service.RewardsService         : getDistance called
2023-01-20T14:46:41.009+01:00  INFO 5134 --- [ool-3-thread-42] tourGuide.service.RewardsService         : nearAttraction called with Tiger Stadium
2023-01-20T14:46:41.009+01:00  INFO 5134 --- [ool-3-thread-42] tourGuide.service.RewardsService         : getDistance called
2023-01-20T14:46:41.009+01:00  INFO 5134 --- [ool-3-thread-42] tourGuide.service.RewardsService         : nearAttraction called with Neyland Stadium
2023-01-20T14:46:41.009+01:00  INFO 5134 --- [ool-3-thread-42] tourGuide.service.RewardsService         : getDistance called
2023-01-20T14:46:41.009+01:00  INFO 5134 --- [ool-3-thread-42] tourGuide.service.RewardsService         : nearAttraction called with Kyle Field
2023-01-20T14:46:41.009+01:00  INFO 5134 --- [ool-3-thread-42] tourGuide.service.RewardsService         : getDistance called
2023-01-20T14:46:41.009+01:00  INFO 5134 --- [ool-3-thread-42] tourGuide.service.RewardsService         : nearAttraction called with San Diego Zoo
2023-01-20T14:46:41.009+01:00  INFO 5134 --- [ool-3-thread-42] tourGuide.service.RewardsService         : getDistance called
2023-01-20T14:46:41.009+01:00  INFO 5134 --- [ool-3-thread-42] tourGuide.service.RewardsService         : nearAttraction called with Zoo Tampa at Lowry Park
2023-01-20T14:46:41.009+01:00  INFO 5134 --- [ool-3-thread-42] tourGuide.service.RewardsService         : getDistance called
2023-01-20T14:46:41.009+01:00  INFO 5134 --- [ool-3-thread-42] tourGuide.service.RewardsService         : nearAttraction called with Franklin Park Zoo
2023-01-20T14:46:41.009+01:00  INFO 5134 --- [ool-3-thread-42] tourGuide.service.RewardsService         : getDistance called
2023-01-20T14:46:41.009+01:00  INFO 5134 --- [ool-3-thread-42] tourGuide.service.RewardsService         : nearAttraction called with El Paso Zoo
2023-01-20T14:46:41.009+01:00  INFO 5134 --- [ool-3-thread-42] tourGuide.service.RewardsService         : getDistance called
2023-01-20T14:46:41.009+01:00  INFO 5134 --- [ool-3-thread-42] tourGuide.service.RewardsService         : nearAttraction called with Kansas City Zoo
2023-01-20T14:46:41.009+01:00  INFO 5134 --- [ool-3-thread-42] tourGuide.service.RewardsService         : getDistance called
2023-01-20T14:46:41.009+01:00  INFO 5134 --- [ool-3-thread-42] tourGuide.service.RewardsService         : nearAttraction called with Bronx Zoo
2023-01-20T14:46:41.009+01:00  INFO 5134 --- [ool-3-thread-42] tourGuide.service.RewardsService         : getDistance called
2023-01-20T14:46:41.009+01:00  INFO 5134 --- [ool-3-thread-42] tourGuide.service.RewardsService         : nearAttraction called with Cinderella Castle
2023-01-20T14:46:41.009+01:00  INFO 5134 --- [ool-3-thread-42] tourGuide.service.RewardsService         : getDistance called
2023-01-20T14:46:41.009+01:00  INFO 5134 --- [ool-3-thread-42] tourGuide.service.RewardsService         : nearAttraction called with Disneyland
2023-01-20T14:46:41.009+01:00  INFO 5134 --- [ool-3-thread-42] tourGuide.service.RewardsService         : getDistance called
2023-01-20T14:46:41.009+01:00  INFO 5134 --- [ool-3-thread-42] tourGuide.service.RewardsService         : getRewardPoints called with Disneyland and internalUser69
2023-01-20T14:46:41.020+01:00  INFO 5134 --- [ool-3-thread-57] tourGuide.service.RewardsService         : nearAttraction called with Jackson Hole
2023-01-20T14:46:41.020+01:00  INFO 5134 --- [pool-6-thread-1] tourGuide.service.RewardsService         : Rewards of internalUser78 calculated by calculateRewards
2023-01-20T14:46:41.021+01:00  INFO 5134 --- [ool-3-thread-57] tourGuide.service.RewardsService         : getDistance called
2023-01-20T14:46:41.021+01:00  INFO 5134 --- [ool-3-thread-57] tourGuide.service.RewardsService         : nearAttraction called with Mojave National Preserve
2023-01-20T14:46:41.021+01:00  INFO 5134 --- [ool-3-thread-57] tourGuide.service.RewardsService         : getDistance called
2023-01-20T14:46:41.021+01:00  INFO 5134 --- [ool-3-thread-57] tourGuide.service.RewardsService         : nearAttraction called with Joshua Tree National Park
2023-01-20T14:46:41.021+01:00  INFO 5134 --- [ool-3-thread-57] tourGuide.service.RewardsService         : getDistance called
2023-01-20T14:46:41.021+01:00  INFO 5134 --- [ool-3-thread-57] tourGuide.service.RewardsService         : nearAttraction called with Buffalo National River
2023-01-20T14:46:41.021+01:00  INFO 5134 --- [ool-3-thread-57] tourGuide.service.RewardsService         : getDistance called
2023-01-20T14:46:41.021+01:00  INFO 5134 --- [ool-3-thread-57] tourGuide.service.RewardsService         : nearAttraction called with Hot Springs National Park
2023-01-20T14:46:41.021+01:00  INFO 5134 --- [ool-3-thread-57] tourGuide.service.RewardsService         : getDistance called
2023-01-20T14:46:41.021+01:00  INFO 5134 --- [ool-3-thread-57] tourGuide.service.RewardsService         : nearAttraction called with Kartchner Caverns State Park
2023-01-20T14:46:41.021+01:00  INFO 5134 --- [ool-3-thread-57] tourGuide.service.RewardsService         : getDistance called
2023-01-20T14:46:41.021+01:00  INFO 5134 --- [ool-3-thread-57] tourGuide.service.RewardsService         : nearAttraction called with Legend Valley
2023-01-20T14:46:41.021+01:00  INFO 5134 --- [ool-3-thread-57] tourGuide.service.RewardsService         : getDistance called
2023-01-20T14:46:41.021+01:00  INFO 5134 --- [ool-3-thread-57] tourGuide.service.RewardsService         : nearAttraction called with Flowers Bakery of London
2023-01-20T14:46:41.021+01:00  INFO 5134 --- [ool-3-thread-57] tourGuide.service.RewardsService         : getDistance called
2023-01-20T14:46:41.021+01:00  INFO 5134 --- [ool-3-thread-57] tourGuide.service.RewardsService         : nearAttraction called with McKinley Tower
2023-01-20T14:46:41.021+01:00  INFO 5134 --- [ool-3-thread-57] tourGuide.service.RewardsService         : getDistance called
2023-01-20T14:46:41.021+01:00  INFO 5134 --- [ool-3-thread-57] tourGuide.service.RewardsService         : nearAttraction called with Flatiron Building
2023-01-20T14:46:41.021+01:00  INFO 5134 --- [ool-3-thread-57] tourGuide.service.RewardsService         : getDistance called
2023-01-20T14:46:41.021+01:00  INFO 5134 --- [ool-3-thread-57] tourGuide.service.RewardsService         : nearAttraction called with Fallingwater
2023-01-20T14:46:41.021+01:00  INFO 5134 --- [ool-3-thread-57] tourGuide.service.RewardsService         : getDistance called
2023-01-20T14:46:41.021+01:00  INFO 5134 --- [ool-3-thread-57] tourGuide.service.RewardsService         : nearAttraction called with Union Station
2023-01-20T14:46:41.021+01:00  INFO 5134 --- [ool-3-thread-57] tourGuide.service.RewardsService         : getDistance called
2023-01-20T14:46:41.021+01:00  INFO 5134 --- [ool-3-thread-57] tourGuide.service.RewardsService         : nearAttraction called with Roger Dean Stadium
2023-01-20T14:46:41.021+01:00  INFO 5134 --- [ool-3-thread-57] tourGuide.service.RewardsService         : getDistance called
2023-01-20T14:46:41.021+01:00  INFO 5134 --- [ool-3-thread-57] tourGuide.service.RewardsService         : nearAttraction called with Texas Memorial Stadium
2023-01-20T14:46:41.021+01:00  INFO 5134 --- [ool-3-thread-57] tourGuide.service.RewardsService         : getDistance called
2023-01-20T14:46:41.021+01:00  INFO 5134 --- [ool-3-thread-57] tourGuide.service.RewardsService         : nearAttraction called with Bryant-Denny Stadium
2023-01-20T14:46:41.021+01:00  INFO 5134 --- [ool-3-thread-57] tourGuide.service.RewardsService         : getDistance called
2023-01-20T14:46:41.021+01:00  INFO 5134 --- [ool-3-thread-57] tourGuide.service.RewardsService         : nearAttraction called with Tiger Stadium
2023-01-20T14:46:41.021+01:00  INFO 5134 --- [ool-3-thread-57] tourGuide.service.RewardsService         : getDistance called
2023-01-20T14:46:41.021+01:00  INFO 5134 --- [ool-3-thread-57] tourGuide.service.RewardsService         : nearAttraction called with Neyland Stadium
2023-01-20T14:46:41.021+01:00  INFO 5134 --- [ool-3-thread-57] tourGuide.service.RewardsService         : getDistance called
2023-01-20T14:46:41.021+01:00  INFO 5134 --- [ool-3-thread-57] tourGuide.service.RewardsService         : nearAttraction called with Kyle Field
2023-01-20T14:46:41.021+01:00  INFO 5134 --- [ool-3-thread-57] tourGuide.service.RewardsService         : getDistance called
2023-01-20T14:46:41.022+01:00  INFO 5134 --- [ool-3-thread-57] tourGuide.service.RewardsService         : nearAttraction called with San Diego Zoo
2023-01-20T14:46:41.022+01:00  INFO 5134 --- [ool-3-thread-57] tourGuide.service.RewardsService         : getDistance called
2023-01-20T14:46:41.022+01:00  INFO 5134 --- [ool-3-thread-57] tourGuide.service.RewardsService         : nearAttraction called with Zoo Tampa at Lowry Park
2023-01-20T14:46:41.022+01:00  INFO 5134 --- [ool-3-thread-57] tourGuide.service.RewardsService         : getDistance called
2023-01-20T14:46:41.022+01:00  INFO 5134 --- [ool-3-thread-57] tourGuide.service.RewardsService         : nearAttraction called with Franklin Park Zoo
2023-01-20T14:46:41.022+01:00  INFO 5134 --- [ool-3-thread-57] tourGuide.service.RewardsService         : getDistance called
2023-01-20T14:46:41.022+01:00  INFO 5134 --- [ool-3-thread-57] tourGuide.service.RewardsService         : nearAttraction called with El Paso Zoo
2023-01-20T14:46:41.022+01:00  INFO 5134 --- [ool-3-thread-57] tourGuide.service.RewardsService         : getDistance called
2023-01-20T14:46:41.022+01:00  INFO 5134 --- [ool-3-thread-57] tourGuide.service.RewardsService         : nearAttraction called with Kansas City Zoo
2023-01-20T14:46:41.022+01:00  INFO 5134 --- [ool-3-thread-57] tourGuide.service.RewardsService         : getDistance called
2023-01-20T14:46:41.022+01:00  INFO 5134 --- [ool-3-thread-57] tourGuide.service.RewardsService         : nearAttraction called with Bronx Zoo
2023-01-20T14:46:41.022+01:00  INFO 5134 --- [ool-3-thread-57] tourGuide.service.RewardsService         : getDistance called
2023-01-20T14:46:41.022+01:00  INFO 5134 --- [ool-3-thread-57] tourGuide.service.RewardsService         : nearAttraction called with Cinderella Castle
2023-01-20T14:46:41.022+01:00  INFO 5134 --- [ool-3-thread-57] tourGuide.service.RewardsService         : getDistance called
2023-01-20T14:46:41.022+01:00  INFO 5134 --- [ool-3-thread-57] tourGuide.service.RewardsService         : nearAttraction called with Disneyland
2023-01-20T14:46:41.022+01:00  INFO 5134 --- [ool-3-thread-57] tourGuide.service.RewardsService         : getDistance called
2023-01-20T14:46:41.022+01:00  INFO 5134 --- [ool-3-thread-57] tourGuide.service.RewardsService         : getRewardPoints called with Disneyland and internalUser68
2023-01-20T14:46:41.029+01:00  INFO 5134 --- [ool-3-thread-50] tourGuide.service.RewardsService         : nearAttraction called with Jackson Hole
2023-01-20T14:46:41.029+01:00  INFO 5134 --- [pool-6-thread-3] tourGuide.service.RewardsService         : Rewards of internalUser79 calculated by calculateRewards
2023-01-20T14:46:41.029+01:00  INFO 5134 --- [ool-3-thread-50] tourGuide.service.RewardsService         : getDistance called
2023-01-20T14:46:41.029+01:00  INFO 5134 --- [ool-3-thread-50] tourGuide.service.RewardsService         : nearAttraction called with Mojave National Preserve
2023-01-20T14:46:41.029+01:00  INFO 5134 --- [ool-3-thread-50] tourGuide.service.RewardsService         : getDistance called
2023-01-20T14:46:41.029+01:00  INFO 5134 --- [ool-3-thread-50] tourGuide.service.RewardsService         : nearAttraction called with Joshua Tree National Park
2023-01-20T14:46:41.029+01:00  INFO 5134 --- [ool-3-thread-50] tourGuide.service.RewardsService         : getDistance called
2023-01-20T14:46:41.029+01:00  INFO 5134 --- [ool-3-thread-50] tourGuide.service.RewardsService         : nearAttraction called with Buffalo National River
2023-01-20T14:46:41.029+01:00  INFO 5134 --- [ool-3-thread-50] tourGuide.service.RewardsService         : getDistance called
2023-01-20T14:46:41.029+01:00  INFO 5134 --- [ool-3-thread-50] tourGuide.service.RewardsService         : nearAttraction called with Hot Springs National Park
2023-01-20T14:46:41.029+01:00  INFO 5134 --- [ool-3-thread-50] tourGuide.service.RewardsService         : getDistance called
2023-01-20T14:46:41.030+01:00  INFO 5134 --- [ool-3-thread-50] tourGuide.service.RewardsService         : nearAttraction called with Kartchner Caverns State Park
2023-01-20T14:46:41.030+01:00  INFO 5134 --- [ool-3-thread-50] tourGuide.service.RewardsService         : getDistance called
2023-01-20T14:46:41.030+01:00  INFO 5134 --- [ool-3-thread-50] tourGuide.service.RewardsService         : nearAttraction called with Legend Valley
2023-01-20T14:46:41.030+01:00  INFO 5134 --- [ool-3-thread-50] tourGuide.service.RewardsService         : getDistance called
2023-01-20T14:46:41.030+01:00  INFO 5134 --- [ool-3-thread-50] tourGuide.service.RewardsService         : nearAttraction called with Flowers Bakery of London
2023-01-20T14:46:41.030+01:00  INFO 5134 --- [ool-3-thread-50] tourGuide.service.RewardsService         : getDistance called
2023-01-20T14:46:41.030+01:00  INFO 5134 --- [ool-3-thread-50] tourGuide.service.RewardsService         : nearAttraction called with McKinley Tower
2023-01-20T14:46:41.030+01:00  INFO 5134 --- [ool-3-thread-50] tourGuide.service.RewardsService         : getDistance called
2023-01-20T14:46:41.030+01:00  INFO 5134 --- [ool-3-thread-50] tourGuide.service.RewardsService         : nearAttraction called with Flatiron Building
2023-01-20T14:46:41.030+01:00  INFO 5134 --- [ool-3-thread-50] tourGuide.service.RewardsService         : getDistance called
2023-01-20T14:46:41.030+01:00  INFO 5134 --- [ool-3-thread-50] tourGuide.service.RewardsService         : nearAttraction called with Fallingwater
2023-01-20T14:46:41.030+01:00  INFO 5134 --- [ool-3-thread-50] tourGuide.service.RewardsService         : getDistance called
2023-01-20T14:46:41.030+01:00  INFO 5134 --- [ool-3-thread-50] tourGuide.service.RewardsService         : nearAttraction called with Union Station
2023-01-20T14:46:41.030+01:00  INFO 5134 --- [ool-3-thread-50] tourGuide.service.RewardsService         : getDistance called
2023-01-20T14:46:41.030+01:00  INFO 5134 --- [ool-3-thread-50] tourGuide.service.RewardsService         : nearAttraction called with Roger Dean Stadium
2023-01-20T14:46:41.030+01:00  INFO 5134 --- [ool-3-thread-50] tourGuide.service.RewardsService         : getDistance called
2023-01-20T14:46:41.030+01:00  INFO 5134 --- [ool-3-thread-50] tourGuide.service.RewardsService         : nearAttraction called with Texas Memorial Stadium
2023-01-20T14:46:41.030+01:00  INFO 5134 --- [ool-3-thread-50] tourGuide.service.RewardsService         : getDistance called
2023-01-20T14:46:41.030+01:00  INFO 5134 --- [ool-3-thread-50] tourGuide.service.RewardsService         : nearAttraction called with Bryant-Denny Stadium
2023-01-20T14:46:41.030+01:00  INFO 5134 --- [ool-3-thread-50] tourGuide.service.RewardsService         : getDistance called
2023-01-20T14:46:41.030+01:00  INFO 5134 --- [ool-3-thread-50] tourGuide.service.RewardsService         : nearAttraction called with Tiger Stadium
2023-01-20T14:46:41.030+01:00  INFO 5134 --- [ool-3-thread-50] tourGuide.service.RewardsService         : getDistance called
2023-01-20T14:46:41.030+01:00  INFO 5134 --- [ool-3-thread-50] tourGuide.service.RewardsService         : nearAttraction called with Neyland Stadium
2023-01-20T14:46:41.030+01:00  INFO 5134 --- [ool-3-thread-50] tourGuide.service.RewardsService         : getDistance called
2023-01-20T14:46:41.030+01:00  INFO 5134 --- [ool-3-thread-50] tourGuide.service.RewardsService         : nearAttraction called with Kyle Field
2023-01-20T14:46:41.030+01:00  INFO 5134 --- [ool-3-thread-50] tourGuide.service.RewardsService         : getDistance called
2023-01-20T14:46:41.030+01:00  INFO 5134 --- [ool-3-thread-50] tourGuide.service.RewardsService         : nearAttraction called with San Diego Zoo
2023-01-20T14:46:41.030+01:00  INFO 5134 --- [ool-3-thread-50] tourGuide.service.RewardsService         : getDistance called
2023-01-20T14:46:41.030+01:00  INFO 5134 --- [ool-3-thread-50] tourGuide.service.RewardsService         : nearAttraction called with Zoo Tampa at Lowry Park
2023-01-20T14:46:41.030+01:00  INFO 5134 --- [ool-3-thread-50] tourGuide.service.RewardsService         : getDistance called
2023-01-20T14:46:41.030+01:00  INFO 5134 --- [ool-3-thread-50] tourGuide.service.RewardsService         : nearAttraction called with Franklin Park Zoo
2023-01-20T14:46:41.030+01:00  INFO 5134 --- [ool-3-thread-50] tourGuide.service.RewardsService         : getDistance called
2023-01-20T14:46:41.030+01:00  INFO 5134 --- [ool-3-thread-50] tourGuide.service.RewardsService         : nearAttraction called with El Paso Zoo
2023-01-20T14:46:41.030+01:00  INFO 5134 --- [ool-3-thread-50] tourGuide.service.RewardsService         : getDistance called
2023-01-20T14:46:41.030+01:00  INFO 5134 --- [ool-3-thread-50] tourGuide.service.RewardsService         : nearAttraction called with Kansas City Zoo
2023-01-20T14:46:41.030+01:00  INFO 5134 --- [ool-3-thread-50] tourGuide.service.RewardsService         : getDistance called
2023-01-20T14:46:41.031+01:00  INFO 5134 --- [ool-3-thread-50] tourGuide.service.RewardsService         : nearAttraction called with Bronx Zoo
2023-01-20T14:46:41.031+01:00  INFO 5134 --- [ool-3-thread-50] tourGuide.service.RewardsService         : getDistance called
2023-01-20T14:46:41.031+01:00  INFO 5134 --- [ool-3-thread-50] tourGuide.service.RewardsService         : nearAttraction called with Cinderella Castle
2023-01-20T14:46:41.031+01:00  INFO 5134 --- [ool-3-thread-50] tourGuide.service.RewardsService         : getDistance called
2023-01-20T14:46:41.031+01:00  INFO 5134 --- [ool-3-thread-50] tourGuide.service.RewardsService         : nearAttraction called with Disneyland
2023-01-20T14:46:41.031+01:00  INFO 5134 --- [ool-3-thread-50] tourGuide.service.RewardsService         : getDistance called
2023-01-20T14:46:41.031+01:00  INFO 5134 --- [ool-3-thread-50] tourGuide.service.RewardsService         : getRewardPoints called with Disneyland and internalUser63
2023-01-20T14:46:41.056+01:00  INFO 5134 --- [ool-3-thread-19] tourGuide.service.RewardsService         : nearAttraction called with Jackson Hole
2023-01-20T14:46:41.056+01:00  INFO 5134 --- [ool-6-thread-43] tourGuide.service.RewardsService         : Rewards of internalUser7 calculated by calculateRewards
2023-01-20T14:46:41.056+01:00  INFO 5134 --- [ool-3-thread-19] tourGuide.service.RewardsService         : getDistance called
2023-01-20T14:46:41.056+01:00  INFO 5134 --- [ool-3-thread-19] tourGuide.service.RewardsService         : nearAttraction called with Mojave National Preserve
2023-01-20T14:46:41.056+01:00  INFO 5134 --- [ool-3-thread-19] tourGuide.service.RewardsService         : getDistance called
2023-01-20T14:46:41.056+01:00  INFO 5134 --- [ool-3-thread-19] tourGuide.service.RewardsService         : nearAttraction called with Joshua Tree National Park
2023-01-20T14:46:41.056+01:00  INFO 5134 --- [ool-3-thread-19] tourGuide.service.RewardsService         : getDistance called
2023-01-20T14:46:41.056+01:00  INFO 5134 --- [ool-3-thread-19] tourGuide.service.RewardsService         : nearAttraction called with Buffalo National River
2023-01-20T14:46:41.056+01:00  INFO 5134 --- [ool-3-thread-19] tourGuide.service.RewardsService         : getDistance called
2023-01-20T14:46:41.056+01:00  INFO 5134 --- [ool-3-thread-19] tourGuide.service.RewardsService         : nearAttraction called with Hot Springs National Park
2023-01-20T14:46:41.056+01:00  INFO 5134 --- [ool-3-thread-19] tourGuide.service.RewardsService         : getDistance called
2023-01-20T14:46:41.056+01:00  INFO 5134 --- [ool-3-thread-19] tourGuide.service.RewardsService         : nearAttraction called with Kartchner Caverns State Park
2023-01-20T14:46:41.056+01:00  INFO 5134 --- [ool-3-thread-19] tourGuide.service.RewardsService         : getDistance called
2023-01-20T14:46:41.056+01:00  INFO 5134 --- [ool-3-thread-19] tourGuide.service.RewardsService         : nearAttraction called with Legend Valley
2023-01-20T14:46:41.056+01:00  INFO 5134 --- [ool-3-thread-19] tourGuide.service.RewardsService         : getDistance called
2023-01-20T14:46:41.056+01:00  INFO 5134 --- [ool-3-thread-19] tourGuide.service.RewardsService         : nearAttraction called with Flowers Bakery of London
2023-01-20T14:46:41.056+01:00  INFO 5134 --- [ool-3-thread-19] tourGuide.service.RewardsService         : getDistance called
2023-01-20T14:46:41.056+01:00  INFO 5134 --- [ool-3-thread-19] tourGuide.service.RewardsService         : nearAttraction called with McKinley Tower
2023-01-20T14:46:41.056+01:00  INFO 5134 --- [ool-3-thread-19] tourGuide.service.RewardsService         : getDistance called
2023-01-20T14:46:41.056+01:00  INFO 5134 --- [ool-3-thread-19] tourGuide.service.RewardsService         : nearAttraction called with Flatiron Building
2023-01-20T14:46:41.056+01:00  INFO 5134 --- [ool-3-thread-19] tourGuide.service.RewardsService         : getDistance called
2023-01-20T14:46:41.056+01:00  INFO 5134 --- [ool-3-thread-19] tourGuide.service.RewardsService         : nearAttraction called with Fallingwater
2023-01-20T14:46:41.056+01:00  INFO 5134 --- [ool-3-thread-19] tourGuide.service.RewardsService         : getDistance called
2023-01-20T14:46:41.056+01:00  INFO 5134 --- [ool-3-thread-19] tourGuide.service.RewardsService         : nearAttraction called with Union Station
2023-01-20T14:46:41.056+01:00  INFO 5134 --- [ool-3-thread-19] tourGuide.service.RewardsService         : getDistance called
2023-01-20T14:46:41.056+01:00  INFO 5134 --- [ool-3-thread-19] tourGuide.service.RewardsService         : nearAttraction called with Roger Dean Stadium
2023-01-20T14:46:41.056+01:00  INFO 5134 --- [ool-3-thread-19] tourGuide.service.RewardsService         : getDistance called
2023-01-20T14:46:41.056+01:00  INFO 5134 --- [ool-3-thread-19] tourGuide.service.RewardsService         : nearAttraction called with Texas Memorial Stadium
2023-01-20T14:46:41.056+01:00  INFO 5134 --- [ool-3-thread-19] tourGuide.service.RewardsService         : getDistance called
2023-01-20T14:46:41.056+01:00  INFO 5134 --- [ool-3-thread-19] tourGuide.service.RewardsService         : nearAttraction called with Bryant-Denny Stadium
2023-01-20T14:46:41.056+01:00  INFO 5134 --- [ool-3-thread-19] tourGuide.service.RewardsService         : getDistance called
2023-01-20T14:46:41.056+01:00  INFO 5134 --- [ool-3-thread-19] tourGuide.service.RewardsService         : nearAttraction called with Tiger Stadium
2023-01-20T14:46:41.056+01:00  INFO 5134 --- [ool-3-thread-19] tourGuide.service.RewardsService         : getDistance called
2023-01-20T14:46:41.056+01:00  INFO 5134 --- [ool-3-thread-19] tourGuide.service.RewardsService         : nearAttraction called with Neyland Stadium
2023-01-20T14:46:41.056+01:00  INFO 5134 --- [ool-3-thread-19] tourGuide.service.RewardsService         : getDistance called
2023-01-20T14:46:41.056+01:00  INFO 5134 --- [ool-3-thread-19] tourGuide.service.RewardsService         : nearAttraction called with Kyle Field
2023-01-20T14:46:41.056+01:00  INFO 5134 --- [ool-3-thread-19] tourGuide.service.RewardsService         : getDistance called
2023-01-20T14:46:41.056+01:00  INFO 5134 --- [ool-3-thread-19] tourGuide.service.RewardsService         : nearAttraction called with San Diego Zoo
2023-01-20T14:46:41.056+01:00  INFO 5134 --- [ool-3-thread-19] tourGuide.service.RewardsService         : getDistance called
2023-01-20T14:46:41.056+01:00  INFO 5134 --- [ool-3-thread-19] tourGuide.service.RewardsService         : nearAttraction called with Zoo Tampa at Lowry Park
2023-01-20T14:46:41.056+01:00  INFO 5134 --- [ool-3-thread-19] tourGuide.service.RewardsService         : getDistance called
2023-01-20T14:46:41.056+01:00  INFO 5134 --- [ool-3-thread-19] tourGuide.service.RewardsService         : nearAttraction called with Franklin Park Zoo
2023-01-20T14:46:41.056+01:00  INFO 5134 --- [ool-3-thread-19] tourGuide.service.RewardsService         : getDistance called
2023-01-20T14:46:41.056+01:00  INFO 5134 --- [ool-3-thread-19] tourGuide.service.RewardsService         : nearAttraction called with El Paso Zoo
2023-01-20T14:46:41.056+01:00  INFO 5134 --- [ool-3-thread-19] tourGuide.service.RewardsService         : getDistance called
2023-01-20T14:46:41.056+01:00  INFO 5134 --- [ool-3-thread-19] tourGuide.service.RewardsService         : nearAttraction called with Kansas City Zoo
2023-01-20T14:46:41.056+01:00  INFO 5134 --- [ool-3-thread-19] tourGuide.service.RewardsService         : getDistance called
2023-01-20T14:46:41.056+01:00  INFO 5134 --- [ool-3-thread-19] tourGuide.service.RewardsService         : nearAttraction called with Bronx Zoo
2023-01-20T14:46:41.056+01:00  INFO 5134 --- [ool-3-thread-19] tourGuide.service.RewardsService         : getDistance called
2023-01-20T14:46:41.056+01:00  INFO 5134 --- [ool-3-thread-19] tourGuide.service.RewardsService         : nearAttraction called with Cinderella Castle
2023-01-20T14:46:41.056+01:00  INFO 5134 --- [ool-3-thread-19] tourGuide.service.RewardsService         : getDistance called
2023-01-20T14:46:41.056+01:00  INFO 5134 --- [ool-3-thread-19] tourGuide.service.RewardsService         : nearAttraction called with Disneyland
2023-01-20T14:46:41.056+01:00  INFO 5134 --- [ool-3-thread-19] tourGuide.service.RewardsService         : getDistance called
2023-01-20T14:46:41.056+01:00  INFO 5134 --- [ool-3-thread-19] tourGuide.service.RewardsService         : getRewardPoints called with Disneyland and internalUser62
2023-01-20T14:46:41.067+01:00  INFO 5134 --- [ool-3-thread-60] tourGuide.service.RewardsService         : nearAttraction called with Jackson Hole
2023-01-20T14:46:41.067+01:00  INFO 5134 --- [ool-3-thread-60] tourGuide.service.RewardsService         : getDistance called
2023-01-20T14:46:41.067+01:00  INFO 5134 --- [pool-6-thread-8] tourGuide.service.RewardsService         : Rewards of internalUser70 calculated by calculateRewards
2023-01-20T14:46:41.067+01:00  INFO 5134 --- [ool-3-thread-16] tourGuide.service.RewardsService         : nearAttraction called with Joshua Tree National Park
2023-01-20T14:46:41.067+01:00  INFO 5134 --- [ool-3-thread-60] tourGuide.service.RewardsService         : nearAttraction called with Mojave National Preserve
2023-01-20T14:46:41.067+01:00  INFO 5134 --- [ool-3-thread-16] tourGuide.service.RewardsService         : getDistance called
2023-01-20T14:46:41.067+01:00  INFO 5134 --- [ool-6-thread-15] tourGuide.service.RewardsService         : Rewards of internalUser84 calculated by calculateRewards
2023-01-20T14:46:41.067+01:00  INFO 5134 --- [ool-3-thread-60] tourGuide.service.RewardsService         : getDistance called
2023-01-20T14:46:41.067+01:00  INFO 5134 --- [ool-3-thread-16] tourGuide.service.RewardsService         : nearAttraction called with Buffalo National River
2023-01-20T14:46:41.068+01:00  INFO 5134 --- [ool-3-thread-60] tourGuide.service.RewardsService         : nearAttraction called with Hot Springs National Park
2023-01-20T14:46:41.068+01:00  INFO 5134 --- [ool-3-thread-16] tourGuide.service.RewardsService         : getDistance called
2023-01-20T14:46:41.068+01:00  INFO 5134 --- [ool-3-thread-60] tourGuide.service.RewardsService         : getDistance called
2023-01-20T14:46:41.068+01:00  INFO 5134 --- [ool-3-thread-16] tourGuide.service.RewardsService         : nearAttraction called with Kartchner Caverns State Park
2023-01-20T14:46:41.068+01:00  INFO 5134 --- [ool-3-thread-60] tourGuide.service.RewardsService         : nearAttraction called with Legend Valley
2023-01-20T14:46:41.068+01:00  INFO 5134 --- [ool-3-thread-16] tourGuide.service.RewardsService         : getDistance called
2023-01-20T14:46:41.068+01:00  INFO 5134 --- [ool-3-thread-60] tourGuide.service.RewardsService         : getDistance called
2023-01-20T14:46:41.068+01:00  INFO 5134 --- [ool-3-thread-16] tourGuide.service.RewardsService         : nearAttraction called with Flowers Bakery of London
2023-01-20T14:46:41.068+01:00  INFO 5134 --- [ool-3-thread-60] tourGuide.service.RewardsService         : nearAttraction called with McKinley Tower
2023-01-20T14:46:41.068+01:00  INFO 5134 --- [ool-3-thread-16] tourGuide.service.RewardsService         : getDistance called
2023-01-20T14:46:41.068+01:00  INFO 5134 --- [ool-3-thread-60] tourGuide.service.RewardsService         : getDistance called
2023-01-20T14:46:41.068+01:00  INFO 5134 --- [ool-3-thread-16] tourGuide.service.RewardsService         : nearAttraction called with Flatiron Building
2023-01-20T14:46:41.068+01:00  INFO 5134 --- [ool-3-thread-60] tourGuide.service.RewardsService         : nearAttraction called with Fallingwater
2023-01-20T14:46:41.068+01:00  INFO 5134 --- [ool-3-thread-16] tourGuide.service.RewardsService         : getDistance called
2023-01-20T14:46:41.068+01:00  INFO 5134 --- [ool-3-thread-60] tourGuide.service.RewardsService         : getDistance called
2023-01-20T14:46:41.068+01:00  INFO 5134 --- [ool-3-thread-16] tourGuide.service.RewardsService         : nearAttraction called with Union Station
2023-01-20T14:46:41.068+01:00  INFO 5134 --- [ool-3-thread-16] tourGuide.service.RewardsService         : getDistance called
2023-01-20T14:46:41.068+01:00  INFO 5134 --- [ool-3-thread-60] tourGuide.service.RewardsService         : nearAttraction called with Roger Dean Stadium
2023-01-20T14:46:41.068+01:00  INFO 5134 --- [ool-3-thread-16] tourGuide.service.RewardsService         : nearAttraction called with Texas Memorial Stadium
2023-01-20T14:46:41.068+01:00  INFO 5134 --- [ool-3-thread-60] tourGuide.service.RewardsService         : getDistance called
2023-01-20T14:46:41.068+01:00  INFO 5134 --- [ool-3-thread-16] tourGuide.service.RewardsService         : getDistance called
2023-01-20T14:46:41.068+01:00  INFO 5134 --- [ool-3-thread-60] tourGuide.service.RewardsService         : nearAttraction called with Bryant-Denny Stadium
2023-01-20T14:46:41.068+01:00  INFO 5134 --- [ool-3-thread-16] tourGuide.service.RewardsService         : nearAttraction called with Tiger Stadium
2023-01-20T14:46:41.068+01:00  INFO 5134 --- [ool-3-thread-16] tourGuide.service.RewardsService         : getDistance called
2023-01-20T14:46:41.068+01:00  INFO 5134 --- [ool-3-thread-60] tourGuide.service.RewardsService         : getDistance called
2023-01-20T14:46:41.068+01:00  INFO 5134 --- [ool-3-thread-16] tourGuide.service.RewardsService         : nearAttraction called with Neyland Stadium
2023-01-20T14:46:41.068+01:00  INFO 5134 --- [ool-3-thread-16] tourGuide.service.RewardsService         : getDistance called
2023-01-20T14:46:41.068+01:00  INFO 5134 --- [ool-3-thread-60] tourGuide.service.RewardsService         : nearAttraction called with Kyle Field
2023-01-20T14:46:41.068+01:00  INFO 5134 --- [ool-3-thread-16] tourGuide.service.RewardsService         : nearAttraction called with San Diego Zoo
2023-01-20T14:46:41.068+01:00  INFO 5134 --- [ool-3-thread-60] tourGuide.service.RewardsService         : getDistance called
2023-01-20T14:46:41.068+01:00  INFO 5134 --- [ool-3-thread-16] tourGuide.service.RewardsService         : getDistance called
2023-01-20T14:46:41.068+01:00  INFO 5134 --- [ool-3-thread-60] tourGuide.service.RewardsService         : nearAttraction called with Zoo Tampa at Lowry Park
2023-01-20T14:46:41.068+01:00  INFO 5134 --- [ool-3-thread-16] tourGuide.service.RewardsService         : nearAttraction called with Franklin Park Zoo
2023-01-20T14:46:41.068+01:00  INFO 5134 --- [ool-3-thread-60] tourGuide.service.RewardsService         : getDistance called
2023-01-20T14:46:41.068+01:00  INFO 5134 --- [ool-3-thread-16] tourGuide.service.RewardsService         : getDistance called
2023-01-20T14:46:41.068+01:00  INFO 5134 --- [ool-3-thread-60] tourGuide.service.RewardsService         : nearAttraction called with El Paso Zoo
2023-01-20T14:46:41.068+01:00  INFO 5134 --- [ool-3-thread-16] tourGuide.service.RewardsService         : nearAttraction called with Kansas City Zoo
2023-01-20T14:46:41.068+01:00  INFO 5134 --- [ool-3-thread-60] tourGuide.service.RewardsService         : getDistance called
2023-01-20T14:46:41.068+01:00  INFO 5134 --- [ool-3-thread-16] tourGuide.service.RewardsService         : getDistance called
2023-01-20T14:46:41.068+01:00  INFO 5134 --- [ool-3-thread-60] tourGuide.service.RewardsService         : nearAttraction called with Bronx Zoo
2023-01-20T14:46:41.068+01:00  INFO 5134 --- [ool-3-thread-16] tourGuide.service.RewardsService         : nearAttraction called with Cinderella Castle
2023-01-20T14:46:41.068+01:00  INFO 5134 --- [pool-3-thread-1] tourGuide.service.RewardsService         : nearAttraction called with Disneyland
2023-01-20T14:46:41.068+01:00  INFO 5134 --- [ool-6-thread-13] tourGuide.service.RewardsService         : Rewards of internalUser40 calculated by calculateRewards
2023-01-20T14:46:41.068+01:00  INFO 5134 --- [ool-3-thread-60] tourGuide.service.RewardsService         : getDistance called
2023-01-20T14:46:41.068+01:00  INFO 5134 --- [ool-3-thread-16] tourGuide.service.RewardsService         : getDistance called
2023-01-20T14:46:41.068+01:00  INFO 5134 --- [ool-3-thread-60] tourGuide.service.RewardsService         : nearAttraction called with Jackson Hole
2023-01-20T14:46:41.068+01:00  INFO 5134 --- [pool-3-thread-1] tourGuide.service.RewardsService         : getDistance called
2023-01-20T14:46:41.068+01:00  INFO 5134 --- [ool-3-thread-60] tourGuide.service.RewardsService         : getDistance called
2023-01-20T14:46:41.068+01:00  INFO 5134 --- [ool-3-thread-16] tourGuide.service.RewardsService         : nearAttraction called with Mojave National Preserve
2023-01-20T14:46:41.068+01:00  INFO 5134 --- [pool-3-thread-1] tourGuide.service.RewardsService         : getRewardPoints called with Disneyland and internalUser65
2023-01-20T14:46:41.068+01:00  INFO 5134 --- [ool-3-thread-16] tourGuide.service.RewardsService         : getDistance called
2023-01-20T14:46:41.068+01:00  INFO 5134 --- [ool-3-thread-60] tourGuide.service.RewardsService         : nearAttraction called with Joshua Tree National Park
2023-01-20T14:46:41.068+01:00  INFO 5134 --- [ool-3-thread-16] tourGuide.service.RewardsService         : nearAttraction called with Buffalo National River
2023-01-20T14:46:41.068+01:00  INFO 5134 --- [ool-3-thread-60] tourGuide.service.RewardsService         : getDistance called
2023-01-20T14:46:41.068+01:00  INFO 5134 --- [ool-3-thread-16] tourGuide.service.RewardsService         : getDistance called
2023-01-20T14:46:41.069+01:00  INFO 5134 --- [ool-3-thread-60] tourGuide.service.RewardsService         : nearAttraction called with Hot Springs National Park
2023-01-20T14:46:41.069+01:00  INFO 5134 --- [ool-3-thread-60] tourGuide.service.RewardsService         : getDistance called
2023-01-20T14:46:41.069+01:00  INFO 5134 --- [ool-3-thread-60] tourGuide.service.RewardsService         : nearAttraction called with Legend Valley
2023-01-20T14:46:41.069+01:00  INFO 5134 --- [ool-3-thread-66] tourGuide.service.RewardsService         : nearAttraction called with Flowers Bakery of London
2023-01-20T14:46:41.069+01:00  INFO 5134 --- [ool-3-thread-60] tourGuide.service.RewardsService         : getDistance called
2023-01-20T14:46:41.069+01:00  INFO 5134 --- [ool-6-thread-55] tourGuide.service.RewardsService         : Rewards of internalUser23 calculated by calculateRewards
2023-01-20T14:46:41.069+01:00  INFO 5134 --- [ool-3-thread-66] tourGuide.service.RewardsService         : getDistance called
2023-01-20T14:46:41.069+01:00  INFO 5134 --- [ool-3-thread-16] tourGuide.service.RewardsService         : nearAttraction called with Kartchner Caverns State Park
2023-01-20T14:46:41.069+01:00  INFO 5134 --- [ool-3-thread-66] tourGuide.service.RewardsService         : nearAttraction called with Flatiron Building
2023-01-20T14:46:41.069+01:00  INFO 5134 --- [ool-3-thread-16] tourGuide.service.RewardsService         : getDistance called
2023-01-20T14:46:41.069+01:00  INFO 5134 --- [ool-3-thread-66] tourGuide.service.RewardsService         : getDistance called
2023-01-20T14:46:41.069+01:00  INFO 5134 --- [ool-3-thread-60] tourGuide.service.RewardsService         : nearAttraction called with McKinley Tower
2023-01-20T14:46:41.069+01:00  INFO 5134 --- [ool-3-thread-16] tourGuide.service.RewardsService         : nearAttraction called with Fallingwater
2023-01-20T14:46:41.069+01:00  INFO 5134 --- [ool-3-thread-60] tourGuide.service.RewardsService         : getDistance called
2023-01-20T14:46:41.069+01:00  INFO 5134 --- [ool-3-thread-66] tourGuide.service.RewardsService         : nearAttraction called with Union Station
2023-01-20T14:46:41.069+01:00  INFO 5134 --- [ool-3-thread-60] tourGuide.service.RewardsService         : nearAttraction called with Roger Dean Stadium
2023-01-20T14:46:41.069+01:00  INFO 5134 --- [ool-3-thread-66] tourGuide.service.RewardsService         : getDistance called
2023-01-20T14:46:41.069+01:00  INFO 5134 --- [ool-3-thread-16] tourGuide.service.RewardsService         : getDistance called
2023-01-20T14:46:41.069+01:00  INFO 5134 --- [ool-3-thread-60] tourGuide.service.RewardsService         : getDistance called
2023-01-20T14:46:41.069+01:00  INFO 5134 --- [ool-3-thread-66] tourGuide.service.RewardsService         : nearAttraction called with Texas Memorial Stadium
2023-01-20T14:46:41.069+01:00  INFO 5134 --- [ool-3-thread-60] tourGuide.service.RewardsService         : nearAttraction called with Tiger Stadium
2023-01-20T14:46:41.069+01:00  INFO 5134 --- [ool-3-thread-66] tourGuide.service.RewardsService         : getDistance called
2023-01-20T14:46:41.069+01:00  INFO 5134 --- [ool-3-thread-60] tourGuide.service.RewardsService         : getDistance called
2023-01-20T14:46:41.069+01:00  INFO 5134 --- [ool-3-thread-66] tourGuide.service.RewardsService         : nearAttraction called with Neyland Stadium
2023-01-20T14:46:41.069+01:00  INFO 5134 --- [ool-3-thread-60] tourGuide.service.RewardsService         : nearAttraction called with Kyle Field
2023-01-20T14:46:41.069+01:00  INFO 5134 --- [ool-3-thread-16] tourGuide.service.RewardsService         : nearAttraction called with Bryant-Denny Stadium
2023-01-20T14:46:41.069+01:00  INFO 5134 --- [ool-3-thread-66] tourGuide.service.RewardsService         : getDistance called
2023-01-20T14:46:41.069+01:00  INFO 5134 --- [ool-3-thread-16] tourGuide.service.RewardsService         : getDistance called
2023-01-20T14:46:41.069+01:00  INFO 5134 --- [ool-3-thread-66] tourGuide.service.RewardsService         : nearAttraction called with San Diego Zoo
2023-01-20T14:46:41.069+01:00  INFO 5134 --- [ool-3-thread-60] tourGuide.service.RewardsService         : getDistance called
2023-01-20T14:46:41.069+01:00  INFO 5134 --- [ool-3-thread-16] tourGuide.service.RewardsService         : nearAttraction called with Zoo Tampa at Lowry Park
2023-01-20T14:46:41.069+01:00  INFO 5134 --- [ool-3-thread-66] tourGuide.service.RewardsService         : getDistance called
2023-01-20T14:46:41.069+01:00  INFO 5134 --- [ool-3-thread-60] tourGuide.service.RewardsService         : nearAttraction called with Franklin Park Zoo
2023-01-20T14:46:41.069+01:00  INFO 5134 --- [ool-3-thread-16] tourGuide.service.RewardsService         : getDistance called
2023-01-20T14:46:41.069+01:00  INFO 5134 --- [ool-3-thread-66] tourGuide.service.RewardsService         : nearAttraction called with El Paso Zoo
2023-01-20T14:46:41.069+01:00  INFO 5134 --- [ool-3-thread-16] tourGuide.service.RewardsService         : nearAttraction called with Kansas City Zoo
2023-01-20T14:46:41.069+01:00  INFO 5134 --- [ool-3-thread-60] tourGuide.service.RewardsService         : getDistance called
2023-01-20T14:46:41.069+01:00  INFO 5134 --- [ool-3-thread-66] tourGuide.service.RewardsService         : getDistance called
2023-01-20T14:46:41.069+01:00  INFO 5134 --- [ool-3-thread-60] tourGuide.service.RewardsService         : nearAttraction called with Disneyland
2023-01-20T14:46:41.069+01:00  INFO 5134 --- [ool-3-thread-66] tourGuide.service.RewardsService         : nearAttraction called with Jackson Hole
2023-01-20T14:46:41.069+01:00  INFO 5134 --- [ool-3-thread-60] tourGuide.service.RewardsService         : getDistance called
2023-01-20T14:46:41.069+01:00  INFO 5134 --- [ool-3-thread-66] tourGuide.service.RewardsService         : getDistance called
2023-01-20T14:46:41.069+01:00  INFO 5134 --- [ool-3-thread-16] tourGuide.service.RewardsService         : getDistance called
2023-01-20T14:46:41.069+01:00  INFO 5134 --- [ool-3-thread-66] tourGuide.service.RewardsService         : nearAttraction called with Mojave National Preserve
2023-01-20T14:46:41.069+01:00  INFO 5134 --- [ool-3-thread-60] tourGuide.service.RewardsService         : getRewardPoints called with Disneyland and internalUser64
2023-01-20T14:46:41.069+01:00  INFO 5134 --- [ool-3-thread-16] tourGuide.service.RewardsService         : nearAttraction called with Joshua Tree National Park
2023-01-20T14:46:41.069+01:00  INFO 5134 --- [ool-3-thread-66] tourGuide.service.RewardsService         : getDistance called
2023-01-20T14:46:41.069+01:00  INFO 5134 --- [ool-3-thread-16] tourGuide.service.RewardsService         : getDistance called
2023-01-20T14:46:41.069+01:00  INFO 5134 --- [ool-3-thread-66] tourGuide.service.RewardsService         : nearAttraction called with Buffalo National River
2023-01-20T14:46:41.069+01:00  INFO 5134 --- [ool-3-thread-16] tourGuide.service.RewardsService         : nearAttraction called with Hot Springs National Park
2023-01-20T14:46:41.069+01:00  INFO 5134 --- [ool-3-thread-66] tourGuide.service.RewardsService         : getDistance called
2023-01-20T14:46:41.069+01:00  INFO 5134 --- [ool-3-thread-16] tourGuide.service.RewardsService         : getDistance called
2023-01-20T14:46:41.069+01:00  INFO 5134 --- [ool-3-thread-66] tourGuide.service.RewardsService         : nearAttraction called with Kartchner Caverns State Park
2023-01-20T14:46:41.069+01:00  INFO 5134 --- [ool-3-thread-16] tourGuide.service.RewardsService         : nearAttraction called with Legend Valley
2023-01-20T14:46:41.069+01:00  INFO 5134 --- [ool-3-thread-66] tourGuide.service.RewardsService         : getDistance called
2023-01-20T14:46:41.070+01:00  INFO 5134 --- [ool-3-thread-16] tourGuide.service.RewardsService         : getDistance called
2023-01-20T14:46:41.070+01:00  INFO 5134 --- [ool-3-thread-66] tourGuide.service.RewardsService         : nearAttraction called with Flowers Bakery of London
2023-01-20T14:46:41.070+01:00  INFO 5134 --- [ool-3-thread-16] tourGuide.service.RewardsService         : nearAttraction called with McKinley Tower
2023-01-20T14:46:41.070+01:00  INFO 5134 --- [ool-3-thread-16] tourGuide.service.RewardsService         : getDistance called
2023-01-20T14:46:41.070+01:00  INFO 5134 --- [ool-3-thread-66] tourGuide.service.RewardsService         : getDistance called
2023-01-20T14:46:41.070+01:00  INFO 5134 --- [ool-3-thread-16] tourGuide.service.RewardsService         : nearAttraction called with Flatiron Building
2023-01-20T14:46:41.070+01:00  INFO 5134 --- [ool-3-thread-16] tourGuide.service.RewardsService         : getDistance called
2023-01-20T14:46:41.070+01:00  INFO 5134 --- [ool-3-thread-66] tourGuide.service.RewardsService         : nearAttraction called with Fallingwater
2023-01-20T14:46:41.070+01:00  INFO 5134 --- [ool-3-thread-16] tourGuide.service.RewardsService         : nearAttraction called with Union Station
2023-01-20T14:46:41.070+01:00  INFO 5134 --- [ool-3-thread-66] tourGuide.service.RewardsService         : getDistance called
2023-01-20T14:46:41.070+01:00  INFO 5134 --- [ool-3-thread-16] tourGuide.service.RewardsService         : getDistance called
2023-01-20T14:46:41.070+01:00  INFO 5134 --- [ool-3-thread-66] tourGuide.service.RewardsService         : nearAttraction called with Roger Dean Stadium
2023-01-20T14:46:41.070+01:00  INFO 5134 --- [ool-3-thread-16] tourGuide.service.RewardsService         : nearAttraction called with Texas Memorial Stadium
2023-01-20T14:46:41.070+01:00  INFO 5134 --- [ool-3-thread-66] tourGuide.service.RewardsService         : getDistance called
2023-01-20T14:46:41.070+01:00  INFO 5134 --- [ool-3-thread-16] tourGuide.service.RewardsService         : getDistance called
2023-01-20T14:46:41.070+01:00  INFO 5134 --- [ool-3-thread-66] tourGuide.service.RewardsService         : nearAttraction called with Bryant-Denny Stadium
2023-01-20T14:46:41.070+01:00  INFO 5134 --- [ool-3-thread-16] tourGuide.service.RewardsService         : nearAttraction called with Tiger Stadium
2023-01-20T14:46:41.070+01:00  INFO 5134 --- [ool-3-thread-66] tourGuide.service.RewardsService         : getDistance called
2023-01-20T14:46:41.070+01:00  INFO 5134 --- [ool-3-thread-16] tourGuide.service.RewardsService         : getDistance called
2023-01-20T14:46:41.070+01:00  INFO 5134 --- [ool-3-thread-66] tourGuide.service.RewardsService         : nearAttraction called with Neyland Stadium
2023-01-20T14:46:41.070+01:00  INFO 5134 --- [ool-3-thread-16] tourGuide.service.RewardsService         : nearAttraction called with Kyle Field
2023-01-20T14:46:41.070+01:00  INFO 5134 --- [ool-3-thread-66] tourGuide.service.RewardsService         : getDistance called
2023-01-20T14:46:41.070+01:00  INFO 5134 --- [ool-3-thread-16] tourGuide.service.RewardsService         : getDistance called
2023-01-20T14:46:41.070+01:00  INFO 5134 --- [ool-3-thread-66] tourGuide.service.RewardsService         : nearAttraction called with San Diego Zoo
2023-01-20T14:46:41.070+01:00  INFO 5134 --- [ool-3-thread-16] tourGuide.service.RewardsService         : nearAttraction called with Zoo Tampa at Lowry Park
2023-01-20T14:46:41.070+01:00  INFO 5134 --- [ool-3-thread-66] tourGuide.service.RewardsService         : getDistance called
2023-01-20T14:46:41.070+01:00  INFO 5134 --- [ool-3-thread-16] tourGuide.service.RewardsService         : getDistance called
2023-01-20T14:46:41.070+01:00  INFO 5134 --- [ool-3-thread-66] tourGuide.service.RewardsService         : nearAttraction called with Franklin Park Zoo
2023-01-20T14:46:41.070+01:00  INFO 5134 --- [ool-3-thread-16] tourGuide.service.RewardsService         : nearAttraction called with El Paso Zoo
2023-01-20T14:46:41.070+01:00  INFO 5134 --- [ool-3-thread-66] tourGuide.service.RewardsService         : getDistance called
2023-01-20T14:46:41.070+01:00  INFO 5134 --- [ool-3-thread-16] tourGuide.service.RewardsService         : getDistance called
2023-01-20T14:46:41.070+01:00  INFO 5134 --- [ool-3-thread-66] tourGuide.service.RewardsService         : nearAttraction called with Kansas City Zoo
2023-01-20T14:46:41.070+01:00  INFO 5134 --- [ool-3-thread-16] tourGuide.service.RewardsService         : nearAttraction called with Bronx Zoo
2023-01-20T14:46:41.070+01:00  INFO 5134 --- [ool-3-thread-66] tourGuide.service.RewardsService         : getDistance called
2023-01-20T14:46:41.070+01:00  INFO 5134 --- [ool-3-thread-16] tourGuide.service.RewardsService         : getDistance called
2023-01-20T14:46:41.070+01:00  INFO 5134 --- [ool-3-thread-66] tourGuide.service.RewardsService         : nearAttraction called with Cinderella Castle
2023-01-20T14:46:41.070+01:00  INFO 5134 --- [ool-3-thread-16] tourGuide.service.RewardsService         : nearAttraction called with Bronx Zoo
2023-01-20T14:46:41.070+01:00  INFO 5134 --- [ool-3-thread-66] tourGuide.service.RewardsService         : getDistance called
2023-01-20T14:46:41.070+01:00  INFO 5134 --- [ool-3-thread-16] tourGuide.service.RewardsService         : getDistance called
2023-01-20T14:46:41.070+01:00  INFO 5134 --- [ool-3-thread-66] tourGuide.service.RewardsService         : nearAttraction called with Cinderella Castle
2023-01-20T14:46:41.070+01:00  INFO 5134 --- [ool-3-thread-66] tourGuide.service.RewardsService         : getDistance called
2023-01-20T14:46:41.070+01:00  INFO 5134 --- [ool-3-thread-16] tourGuide.service.RewardsService         : nearAttraction called with Disneyland
2023-01-20T14:46:41.070+01:00  INFO 5134 --- [ool-3-thread-66] tourGuide.service.RewardsService         : nearAttraction called with Jackson Hole
2023-01-20T14:46:41.070+01:00  INFO 5134 --- [ool-3-thread-16] tourGuide.service.RewardsService         : getDistance called
2023-01-20T14:46:41.070+01:00  INFO 5134 --- [ool-3-thread-66] tourGuide.service.RewardsService         : getDistance called
2023-01-20T14:46:41.070+01:00  INFO 5134 --- [ool-3-thread-16] tourGuide.service.RewardsService         : getRewardPoints called with Disneyland and internalUser61
2023-01-20T14:46:41.070+01:00  INFO 5134 --- [ool-3-thread-66] tourGuide.service.RewardsService         : nearAttraction called with Mojave National Preserve
2023-01-20T14:46:41.070+01:00  INFO 5134 --- [ool-3-thread-66] tourGuide.service.RewardsService         : getDistance called
2023-01-20T14:46:41.070+01:00  INFO 5134 --- [ool-3-thread-66] tourGuide.service.RewardsService         : nearAttraction called with Joshua Tree National Park
2023-01-20T14:46:41.070+01:00  INFO 5134 --- [ool-3-thread-66] tourGuide.service.RewardsService         : getDistance called
2023-01-20T14:46:41.070+01:00  INFO 5134 --- [ool-3-thread-66] tourGuide.service.RewardsService         : nearAttraction called with Buffalo National River
2023-01-20T14:46:41.070+01:00  INFO 5134 --- [ool-3-thread-66] tourGuide.service.RewardsService         : getDistance called
2023-01-20T14:46:41.070+01:00  INFO 5134 --- [ool-3-thread-66] tourGuide.service.RewardsService         : nearAttraction called with Hot Springs National Park
2023-01-20T14:46:41.070+01:00  INFO 5134 --- [ool-3-thread-66] tourGuide.service.RewardsService         : getDistance called
2023-01-20T14:46:41.070+01:00  INFO 5134 --- [ool-3-thread-66] tourGuide.service.RewardsService         : nearAttraction called with Kartchner Caverns State Park
2023-01-20T14:46:41.070+01:00  INFO 5134 --- [ool-3-thread-66] tourGuide.service.RewardsService         : getDistance called
2023-01-20T14:46:41.071+01:00  INFO 5134 --- [ool-3-thread-66] tourGuide.service.RewardsService         : nearAttraction called with Legend Valley
2023-01-20T14:46:41.071+01:00  INFO 5134 --- [ool-3-thread-66] tourGuide.service.RewardsService         : getDistance called
2023-01-20T14:46:41.071+01:00  INFO 5134 --- [ool-3-thread-66] tourGuide.service.RewardsService         : nearAttraction called with Flowers Bakery of London
2023-01-20T14:46:41.071+01:00  INFO 5134 --- [ool-3-thread-66] tourGuide.service.RewardsService         : getDistance called
2023-01-20T14:46:41.071+01:00  INFO 5134 --- [ool-3-thread-66] tourGuide.service.RewardsService         : nearAttraction called with McKinley Tower
2023-01-20T14:46:41.071+01:00  INFO 5134 --- [ool-3-thread-66] tourGuide.service.RewardsService         : getDistance called
2023-01-20T14:46:41.071+01:00  INFO 5134 --- [ool-3-thread-66] tourGuide.service.RewardsService         : nearAttraction called with Flatiron Building
2023-01-20T14:46:41.071+01:00  INFO 5134 --- [ool-3-thread-66] tourGuide.service.RewardsService         : getDistance called
2023-01-20T14:46:41.071+01:00  INFO 5134 --- [ool-3-thread-66] tourGuide.service.RewardsService         : nearAttraction called with Fallingwater
2023-01-20T14:46:41.071+01:00  INFO 5134 --- [ool-3-thread-66] tourGuide.service.RewardsService         : getDistance called
2023-01-20T14:46:41.071+01:00  INFO 5134 --- [ool-3-thread-66] tourGuide.service.RewardsService         : nearAttraction called with Union Station
2023-01-20T14:46:41.071+01:00  INFO 5134 --- [ool-3-thread-66] tourGuide.service.RewardsService         : getDistance called
2023-01-20T14:46:41.071+01:00  INFO 5134 --- [ool-3-thread-66] tourGuide.service.RewardsService         : nearAttraction called with Roger Dean Stadium
2023-01-20T14:46:41.071+01:00  INFO 5134 --- [ool-3-thread-66] tourGuide.service.RewardsService         : getDistance called
2023-01-20T14:46:41.071+01:00  INFO 5134 --- [ool-3-thread-66] tourGuide.service.RewardsService         : nearAttraction called with Texas Memorial Stadium
2023-01-20T14:46:41.071+01:00  INFO 5134 --- [ool-3-thread-66] tourGuide.service.RewardsService         : getDistance called
2023-01-20T14:46:41.071+01:00  INFO 5134 --- [ool-3-thread-66] tourGuide.service.RewardsService         : nearAttraction called with Bryant-Denny Stadium
2023-01-20T14:46:41.071+01:00  INFO 5134 --- [ool-3-thread-66] tourGuide.service.RewardsService         : getDistance called
2023-01-20T14:46:41.071+01:00  INFO 5134 --- [ool-3-thread-66] tourGuide.service.RewardsService         : nearAttraction called with Tiger Stadium
2023-01-20T14:46:41.071+01:00  INFO 5134 --- [ool-3-thread-66] tourGuide.service.RewardsService         : getDistance called
2023-01-20T14:46:41.071+01:00  INFO 5134 --- [ool-3-thread-66] tourGuide.service.RewardsService         : nearAttraction called with Neyland Stadium
2023-01-20T14:46:41.071+01:00  INFO 5134 --- [ool-3-thread-66] tourGuide.service.RewardsService         : getDistance called
2023-01-20T14:46:41.071+01:00  INFO 5134 --- [ool-3-thread-66] tourGuide.service.RewardsService         : nearAttraction called with Kyle Field
2023-01-20T14:46:41.071+01:00  INFO 5134 --- [ool-3-thread-66] tourGuide.service.RewardsService         : getDistance called
2023-01-20T14:46:41.071+01:00  INFO 5134 --- [ool-3-thread-66] tourGuide.service.RewardsService         : nearAttraction called with San Diego Zoo
2023-01-20T14:46:41.071+01:00  INFO 5134 --- [ool-3-thread-66] tourGuide.service.RewardsService         : getDistance called
2023-01-20T14:46:41.071+01:00  INFO 5134 --- [ool-3-thread-66] tourGuide.service.RewardsService         : nearAttraction called with Zoo Tampa at Lowry Park
2023-01-20T14:46:41.071+01:00  INFO 5134 --- [ool-3-thread-66] tourGuide.service.RewardsService         : getDistance called
2023-01-20T14:46:41.071+01:00  INFO 5134 --- [ool-3-thread-66] tourGuide.service.RewardsService         : nearAttraction called with Franklin Park Zoo
2023-01-20T14:46:41.071+01:00  INFO 5134 --- [ool-3-thread-66] tourGuide.service.RewardsService         : getDistance called
2023-01-20T14:46:41.071+01:00  INFO 5134 --- [ool-3-thread-66] tourGuide.service.RewardsService         : nearAttraction called with El Paso Zoo
2023-01-20T14:46:41.071+01:00  INFO 5134 --- [ool-3-thread-66] tourGuide.service.RewardsService         : getDistance called
2023-01-20T14:46:41.071+01:00  INFO 5134 --- [ool-3-thread-66] tourGuide.service.RewardsService         : nearAttraction called with Kansas City Zoo
2023-01-20T14:46:41.071+01:00  INFO 5134 --- [ool-3-thread-66] tourGuide.service.RewardsService         : getDistance called
2023-01-20T14:46:41.071+01:00  INFO 5134 --- [ool-3-thread-66] tourGuide.service.RewardsService         : nearAttraction called with Bronx Zoo
2023-01-20T14:46:41.071+01:00  INFO 5134 --- [ool-3-thread-66] tourGuide.service.RewardsService         : getDistance called
2023-01-20T14:46:41.071+01:00  INFO 5134 --- [ool-3-thread-66] tourGuide.service.RewardsService         : nearAttraction called with Cinderella Castle
2023-01-20T14:46:41.071+01:00  INFO 5134 --- [ool-3-thread-66] tourGuide.service.RewardsService         : getDistance called
2023-01-20T14:46:41.071+01:00  INFO 5134 --- [ool-3-thread-66] tourGuide.service.RewardsService         : nearAttraction called with Disneyland
2023-01-20T14:46:41.071+01:00  INFO 5134 --- [ool-3-thread-66] tourGuide.service.RewardsService         : getDistance called
2023-01-20T14:46:41.072+01:00  INFO 5134 --- [ool-3-thread-66] tourGuide.service.RewardsService         : getRewardPoints called with Disneyland and internalUser60
2023-01-20T14:46:41.076+01:00  INFO 5134 --- [ool-3-thread-53] tourGuide.service.RewardsService         : nearAttraction called with Jackson Hole
2023-01-20T14:46:41.076+01:00  INFO 5134 --- [ool-3-thread-53] tourGuide.service.RewardsService         : getDistance called
2023-01-20T14:46:41.076+01:00  INFO 5134 --- [ool-6-thread-63] tourGuide.service.RewardsService         : Rewards of internalUser39 calculated by calculateRewards
2023-01-20T14:46:41.076+01:00  INFO 5134 --- [ool-3-thread-53] tourGuide.service.RewardsService         : nearAttraction called with Mojave National Preserve
2023-01-20T14:46:41.076+01:00  INFO 5134 --- [ool-3-thread-53] tourGuide.service.RewardsService         : getDistance called
2023-01-20T14:46:41.076+01:00  INFO 5134 --- [ool-3-thread-53] tourGuide.service.RewardsService         : nearAttraction called with Joshua Tree National Park
2023-01-20T14:46:41.076+01:00  INFO 5134 --- [ool-3-thread-53] tourGuide.service.RewardsService         : getDistance called
2023-01-20T14:46:41.076+01:00  INFO 5134 --- [ool-3-thread-53] tourGuide.service.RewardsService         : nearAttraction called with Buffalo National River
2023-01-20T14:46:41.076+01:00  INFO 5134 --- [ool-3-thread-53] tourGuide.service.RewardsService         : getDistance called
2023-01-20T14:46:41.076+01:00  INFO 5134 --- [ool-3-thread-53] tourGuide.service.RewardsService         : nearAttraction called with Hot Springs National Park
2023-01-20T14:46:41.076+01:00  INFO 5134 --- [ool-3-thread-53] tourGuide.service.RewardsService         : getDistance called
2023-01-20T14:46:41.076+01:00  INFO 5134 --- [ool-3-thread-53] tourGuide.service.RewardsService         : nearAttraction called with Kartchner Caverns State Park
2023-01-20T14:46:41.076+01:00  INFO 5134 --- [ool-3-thread-53] tourGuide.service.RewardsService         : getDistance called
2023-01-20T14:46:41.076+01:00  INFO 5134 --- [ool-3-thread-53] tourGuide.service.RewardsService         : nearAttraction called with Legend Valley
2023-01-20T14:46:41.076+01:00  INFO 5134 --- [ool-3-thread-53] tourGuide.service.RewardsService         : getDistance called
2023-01-20T14:46:41.076+01:00  INFO 5134 --- [ool-3-thread-53] tourGuide.service.RewardsService         : nearAttraction called with Flowers Bakery of London
2023-01-20T14:46:41.076+01:00  INFO 5134 --- [ool-3-thread-53] tourGuide.service.RewardsService         : getDistance called
2023-01-20T14:46:41.076+01:00  INFO 5134 --- [ool-3-thread-53] tourGuide.service.RewardsService         : nearAttraction called with McKinley Tower
2023-01-20T14:46:41.076+01:00  INFO 5134 --- [ool-3-thread-53] tourGuide.service.RewardsService         : getDistance called
2023-01-20T14:46:41.076+01:00  INFO 5134 --- [ool-3-thread-53] tourGuide.service.RewardsService         : nearAttraction called with Flatiron Building
2023-01-20T14:46:41.076+01:00  INFO 5134 --- [ool-3-thread-53] tourGuide.service.RewardsService         : getDistance called
2023-01-20T14:46:41.076+01:00  INFO 5134 --- [ool-3-thread-53] tourGuide.service.RewardsService         : nearAttraction called with Fallingwater
2023-01-20T14:46:41.076+01:00  INFO 5134 --- [ool-3-thread-53] tourGuide.service.RewardsService         : getDistance called
2023-01-20T14:46:41.076+01:00  INFO 5134 --- [ool-3-thread-53] tourGuide.service.RewardsService         : nearAttraction called with Union Station
2023-01-20T14:46:41.076+01:00  INFO 5134 --- [ool-3-thread-53] tourGuide.service.RewardsService         : getDistance called
2023-01-20T14:46:41.076+01:00  INFO 5134 --- [ool-3-thread-53] tourGuide.service.RewardsService         : nearAttraction called with Roger Dean Stadium
2023-01-20T14:46:41.076+01:00  INFO 5134 --- [ool-3-thread-53] tourGuide.service.RewardsService         : getDistance called
2023-01-20T14:46:41.076+01:00  INFO 5134 --- [ool-3-thread-53] tourGuide.service.RewardsService         : nearAttraction called with Texas Memorial Stadium
2023-01-20T14:46:41.076+01:00  INFO 5134 --- [ool-3-thread-53] tourGuide.service.RewardsService         : getDistance called
2023-01-20T14:46:41.076+01:00  INFO 5134 --- [ool-3-thread-53] tourGuide.service.RewardsService         : nearAttraction called with Bryant-Denny Stadium
2023-01-20T14:46:41.077+01:00  INFO 5134 --- [ool-3-thread-53] tourGuide.service.RewardsService         : getDistance called
2023-01-20T14:46:41.077+01:00  INFO 5134 --- [ool-3-thread-53] tourGuide.service.RewardsService         : nearAttraction called with Tiger Stadium
2023-01-20T14:46:41.077+01:00  INFO 5134 --- [ool-3-thread-53] tourGuide.service.RewardsService         : getDistance called
2023-01-20T14:46:41.077+01:00  INFO 5134 --- [ool-3-thread-53] tourGuide.service.RewardsService         : nearAttraction called with Neyland Stadium
2023-01-20T14:46:41.077+01:00  INFO 5134 --- [ool-3-thread-53] tourGuide.service.RewardsService         : getDistance called
2023-01-20T14:46:41.077+01:00  INFO 5134 --- [ool-3-thread-53] tourGuide.service.RewardsService         : nearAttraction called with Kyle Field
2023-01-20T14:46:41.077+01:00  INFO 5134 --- [ool-3-thread-53] tourGuide.service.RewardsService         : getDistance called
2023-01-20T14:46:41.077+01:00  INFO 5134 --- [ool-3-thread-53] tourGuide.service.RewardsService         : nearAttraction called with San Diego Zoo
2023-01-20T14:46:41.077+01:00  INFO 5134 --- [ool-3-thread-53] tourGuide.service.RewardsService         : getDistance called
2023-01-20T14:46:41.077+01:00  INFO 5134 --- [ool-3-thread-53] tourGuide.service.RewardsService         : nearAttraction called with Zoo Tampa at Lowry Park
2023-01-20T14:46:41.077+01:00  INFO 5134 --- [ool-3-thread-53] tourGuide.service.RewardsService         : getDistance called
2023-01-20T14:46:41.077+01:00  INFO 5134 --- [ool-3-thread-53] tourGuide.service.RewardsService         : nearAttraction called with Franklin Park Zoo
2023-01-20T14:46:41.077+01:00  INFO 5134 --- [ool-3-thread-53] tourGuide.service.RewardsService         : getDistance called
2023-01-20T14:46:41.077+01:00  INFO 5134 --- [ool-3-thread-53] tourGuide.service.RewardsService         : nearAttraction called with El Paso Zoo
2023-01-20T14:46:41.077+01:00  INFO 5134 --- [ool-3-thread-53] tourGuide.service.RewardsService         : getDistance called
2023-01-20T14:46:41.077+01:00  INFO 5134 --- [ool-3-thread-53] tourGuide.service.RewardsService         : nearAttraction called with Kansas City Zoo
2023-01-20T14:46:41.077+01:00  INFO 5134 --- [ool-3-thread-53] tourGuide.service.RewardsService         : getDistance called
2023-01-20T14:46:41.077+01:00  INFO 5134 --- [ool-3-thread-53] tourGuide.service.RewardsService         : nearAttraction called with Bronx Zoo
2023-01-20T14:46:41.077+01:00  INFO 5134 --- [ool-3-thread-53] tourGuide.service.RewardsService         : getDistance called
2023-01-20T14:46:41.077+01:00  INFO 5134 --- [ool-3-thread-53] tourGuide.service.RewardsService         : nearAttraction called with Cinderella Castle
2023-01-20T14:46:41.077+01:00  INFO 5134 --- [ool-3-thread-53] tourGuide.service.RewardsService         : getDistance called
2023-01-20T14:46:41.080+01:00  INFO 5134 --- [ool-6-thread-45] tourGuide.service.RewardsService         : Rewards of internalUser6 calculated by calculateRewards
2023-01-20T14:46:41.087+01:00  INFO 5134 --- [ool-6-thread-13] tourGuide.service.RewardsService         : Rewards of internalUser61 calculated by calculateRewards
2023-01-20T14:46:41.112+01:00  INFO 5134 --- [ool-6-thread-40] tourGuide.service.RewardsService         : Rewards of internalUser98 calculated by calculateRewards
2023-01-20T14:46:41.118+01:00  INFO 5134 --- [ool-6-thread-49] tourGuide.service.RewardsService         : Rewards of internalUser4 calculated by calculateRewards
2023-01-20T14:46:41.128+01:00  INFO 5134 --- [ool-6-thread-16] tourGuide.service.RewardsService         : Rewards of internalUser87 calculated by calculateRewards
2023-01-20T14:46:41.141+01:00  INFO 5134 --- [pool-6-thread-2] tourGuide.service.RewardsService         : Rewards of internalUser77 calculated by calculateRewards
2023-01-20T14:46:41.143+01:00  INFO 5134 --- [ool-6-thread-25] tourGuide.service.RewardsService         : Rewards of internalUser16 calculated by calculateRewards
2023-01-20T14:46:41.143+01:00  INFO 5134 --- [ool-6-thread-39] tourGuide.service.RewardsService         : Rewards of internalUser10 calculated by calculateRewards
2023-01-20T14:46:41.160+01:00  INFO 5134 --- [pool-6-thread-4] tourGuide.service.RewardsService         : Rewards of internalUser48 calculated by calculateRewards
2023-01-20T14:46:41.164+01:00  INFO 5134 --- [ool-6-thread-21] tourGuide.service.RewardsService         : Rewards of internalUser82 calculated by calculateRewards
2023-01-20T14:46:41.165+01:00  INFO 5134 --- [ool-6-thread-61] tourGuide.service.RewardsService         : Rewards of internalUser38 calculated by calculateRewards
2023-01-20T14:46:41.178+01:00  INFO 5134 --- [ool-6-thread-58] tourGuide.service.RewardsService         : Rewards of internalUser66 calculated by calculateRewards
2023-01-20T14:46:41.178+01:00  INFO 5134 --- [ool-6-thread-56] tourGuide.service.RewardsService         : Rewards of internalUser45 calculated by calculateRewards
2023-01-20T14:46:41.179+01:00  INFO 5134 --- [ool-6-thread-52] tourGuide.service.RewardsService         : Rewards of internalUser26 calculated by calculateRewards
2023-01-20T14:46:41.179+01:00  INFO 5134 --- [ool-6-thread-32] tourGuide.service.RewardsService         : Rewards of internalUser14 calculated by calculateRewards
2023-01-20T14:46:41.220+01:00  INFO 5134 --- [ool-6-thread-33] tourGuide.service.RewardsService         : Rewards of internalUser13 calculated by calculateRewards
2023-01-20T14:46:41.228+01:00  INFO 5134 --- [ool-6-thread-18] tourGuide.service.RewardsService         : Rewards of internalUser57 calculated by calculateRewards
2023-01-20T14:46:41.238+01:00  INFO 5134 --- [ool-6-thread-37] tourGuide.service.RewardsService         : Rewards of internalUser95 calculated by calculateRewards
2023-01-20T14:46:41.243+01:00  INFO 5134 --- [ool-6-thread-66] tourGuide.service.RewardsService         : Rewards of internalUser36 calculated by calculateRewards
2023-01-20T14:46:41.250+01:00  INFO 5134 --- [ool-6-thread-30] tourGuide.service.RewardsService         : Rewards of internalUser11 calculated by calculateRewards
2023-01-20T14:46:41.258+01:00  INFO 5134 --- [ool-6-thread-60] tourGuide.service.RewardsService         : Rewards of internalUser20 calculated by calculateRewards
2023-01-20T14:46:41.262+01:00  INFO 5134 --- [ool-6-thread-48] tourGuide.service.RewardsService         : Rewards of internalUser46 calculated by calculateRewards
2023-01-20T14:46:41.272+01:00  INFO 5134 --- [ool-6-thread-54] tourGuide.service.RewardsService         : Rewards of internalUser28 calculated by calculateRewards
2023-01-20T14:46:41.282+01:00  INFO 5134 --- [ool-6-thread-41] tourGuide.service.RewardsService         : Rewards of internalUser0 calculated by calculateRewards
2023-01-20T14:46:41.291+01:00  INFO 5134 --- [ool-6-thread-24] tourGuide.service.RewardsService         : Rewards of internalUser42 calculated by calculateRewards
2023-01-20T14:46:41.301+01:00  INFO 5134 --- [ool-6-thread-65] tourGuide.service.RewardsService         : Rewards of internalUser33 calculated by calculateRewards
2023-01-20T14:46:41.316+01:00  INFO 5134 --- [pool-6-thread-7] tourGuide.service.RewardsService         : Rewards of internalUser43 calculated by calculateRewards
2023-01-20T14:46:41.321+01:00  INFO 5134 --- [pool-6-thread-9] tourGuide.service.RewardsService         : Rewards of internalUser50 calculated by calculateRewards
2023-01-20T14:46:41.330+01:00  INFO 5134 --- [ool-6-thread-59] tourGuide.service.RewardsService         : Rewards of internalUser21 calculated by calculateRewards
2023-01-20T14:46:41.335+01:00  INFO 5134 --- [ool-6-thread-29] tourGuide.service.RewardsService         : Rewards of internalUser12 calculated by calculateRewards
2023-01-20T14:46:41.352+01:00  INFO 5134 --- [ool-6-thread-15] tourGuide.service.RewardsService         : Rewards of internalUser64 calculated by calculateRewards
2023-01-20T14:46:41.356+01:00  INFO 5134 --- [ool-6-thread-70] tourGuide.service.RewardsService         : Rewards of internalUser31 calculated by calculateRewards
2023-01-20T14:46:41.356+01:00  INFO 5134 --- [ool-6-thread-51] tourGuide.service.RewardsService         : Rewards of internalUser27 calculated by calculateRewards
2023-01-20T14:46:41.357+01:00  INFO 5134 --- [ool-6-thread-42] tourGuide.service.RewardsService         : Rewards of internalUser44 calculated by calculateRewards
2023-01-20T14:46:41.377+01:00  INFO 5134 --- [ool-6-thread-46] tourGuide.service.RewardsService         : Rewards of internalUser91 calculated by calculateRewards
2023-01-20T14:46:41.399+01:00  INFO 5134 --- [ool-6-thread-20] tourGuide.service.RewardsService         : Rewards of internalUser83 calculated by calculateRewards
2023-01-20T14:46:41.408+01:00  INFO 5134 --- [ool-6-thread-44] tourGuide.service.RewardsService         : Rewards of internalUser92 calculated by calculateRewards
2023-01-20T14:46:41.409+01:00  INFO 5134 --- [ool-6-thread-36] tourGuide.service.RewardsService         : Rewards of internalUser54 calculated by calculateRewards
2023-01-20T14:46:41.409+01:00  INFO 5134 --- [ool-6-thread-67] tourGuide.service.RewardsService         : Rewards of internalUser35 calculated by calculateRewards
2023-01-20T14:46:41.418+01:00  INFO 5134 --- [ool-6-thread-26] tourGuide.service.RewardsService         : Rewards of internalUser15 calculated by calculateRewards
2023-01-20T14:46:41.441+01:00  INFO 5134 --- [ool-6-thread-50] tourGuide.service.RewardsService         : Rewards of internalUser55 calculated by calculateRewards
2023-01-20T14:46:41.455+01:00  INFO 5134 --- [ool-6-thread-53] tourGuide.service.RewardsService         : Rewards of internalUser29 calculated by calculateRewards
2023-01-20T14:46:41.461+01:00  INFO 5134 --- [ool-6-thread-38] tourGuide.service.RewardsService         : Rewards of internalUser53 calculated by calculateRewards
2023-01-20T14:46:41.461+01:00  INFO 5134 --- [ool-6-thread-14] tourGuide.service.RewardsService         : Rewards of internalUser85 calculated by calculateRewards
2023-01-20T14:46:41.487+01:00  INFO 5134 --- [pool-6-thread-6] tourGuide.service.RewardsService         : Rewards of internalUser76 calculated by calculateRewards
2023-01-20T14:46:41.504+01:00  INFO 5134 --- [ool-6-thread-31] tourGuide.service.RewardsService         : Rewards of internalUser99 calculated by calculateRewards
2023-01-20T14:46:41.545+01:00  INFO 5134 --- [ool-6-thread-12] tourGuide.service.RewardsService         : Rewards of internalUser89 calculated by calculateRewards
2023-01-20T14:46:41.573+01:00  INFO 5134 --- [pool-6-thread-1] tourGuide.service.RewardsService         : Rewards of internalUser68 calculated by calculateRewards
2023-01-20T14:46:41.573+01:00  INFO 5134 --- [ool-6-thread-69] tourGuide.service.RewardsService         : Rewards of internalUser32 calculated by calculateRewards
2023-01-20T14:46:41.599+01:00  INFO 5134 --- [pool-6-thread-5] tourGuide.service.RewardsService         : Rewards of internalUser51 calculated by calculateRewards
2023-01-20T14:46:41.611+01:00  INFO 5134 --- [ool-6-thread-47] tourGuide.service.RewardsService         : Rewards of internalUser5 calculated by calculateRewards
2023-01-20T14:46:41.630+01:00  INFO 5134 --- [ool-6-thread-35] tourGuide.service.RewardsService         : Rewards of internalUser96 calculated by calculateRewards
2023-01-20T14:46:41.630+01:00  INFO 5134 --- [ool-6-thread-62] tourGuide.service.RewardsService         : Rewards of internalUser37 calculated by calculateRewards
2023-01-20T14:46:41.643+01:00  INFO 5134 --- [ool-6-thread-22] tourGuide.service.RewardsService         : Rewards of internalUser9 calculated by calculateRewards
2023-01-20T14:46:41.656+01:00  INFO 5134 --- [ool-6-thread-23] tourGuide.service.RewardsService         : Rewards of internalUser8 calculated by calculateRewards
2023-01-20T14:46:41.666+01:00  INFO 5134 --- [ool-6-thread-34] tourGuide.service.RewardsService         : Rewards of internalUser3 calculated by calculateRewards
2023-01-20T14:46:41.666+01:00  INFO 5134 --- [ool-6-thread-28] tourGuide.service.RewardsService         : Rewards of internalUser58 calculated by calculateRewards
2023-01-20T14:46:41.694+01:00  INFO 5134 --- [ool-6-thread-55] tourGuide.service.RewardsService         : Rewards of internalUser60 calculated by calculateRewards
2023-01-20T14:46:41.700+01:00  INFO 5134 --- [ool-6-thread-11] tourGuide.service.RewardsService         : Rewards of internalUser90 calculated by calculateRewards
2023-01-20T14:46:41.710+01:00  INFO 5134 --- [ool-6-thread-19] tourGuide.service.RewardsService         : Rewards of internalUser80 calculated by calculateRewards
2023-01-20T14:46:41.723+01:00  INFO 5134 --- [ool-6-thread-68] tourGuide.service.RewardsService         : Rewards of internalUser69 calculated by calculateRewards
2023-01-20T14:46:41.727+01:00  INFO 5134 --- [ool-6-thread-17] tourGuide.service.RewardsService         : Rewards of internalUser56 calculated by calculateRewards
2023-01-20T14:46:41.774+01:00  INFO 5134 --- [ool-6-thread-27] tourGuide.service.RewardsService         : Rewards of internalUser47 calculated by calculateRewards
2023-01-20T14:46:41.810+01:00  INFO 5134 --- [ool-6-thread-57] tourGuide.service.RewardsService         : Rewards of internalUser52 calculated by calculateRewards
2023-01-20T14:46:41.810+01:00  INFO 5134 --- [ool-6-thread-10] tourGuide.service.RewardsService         : Rewards of internalUser67 calculated by calculateRewards
2023-01-20T14:46:41.813+01:00  INFO 5134 --- [ool-6-thread-64] tourGuide.service.RewardsService         : Rewards of internalUser41 calculated by calculateRewards
2023-01-20T14:46:41.817+01:00  INFO 5134 --- [pool-6-thread-3] tourGuide.service.RewardsService         : Rewards of internalUser63 calculated by calculateRewards
2023-01-20T14:46:41.958+01:00  INFO 5134 --- [ool-6-thread-43] tourGuide.service.RewardsService         : Rewards of internalUser62 calculated by calculateRewards
2023-01-20T14:46:42.004+01:00  INFO 5134 --- [pool-6-thread-8] tourGuide.service.RewardsService         : Rewards of internalUser65 calculated by calculateRewards
]]></system-out>
  <system-err><![CDATA[[2023.01.20 14:46:34] (Coverage): Error during class instrumentation: org.springframework.boot.logging.log4j2.Log4J2LoggingSystem: java.lang.RuntimeException: java.io.IOException: Class org/apache/logging/log4j/core/config/composite/CompositeConfiguration not found
[2023.01.20 14:46:35] (Coverage): Error during class instrumentation: io.micrometer.core.instrument.binder.kafka.KafkaMetrics: java.lang.RuntimeException: java.io.IOException: Class org/apache/kafka/common/MetricName not found
]]></system-err>
</testsuite>
