<?xml version="1.0" encoding="UTF-8"?>
<testsuite name="tourGuide.controller.ExceptionHandlerControllerTest" tests="3" skipped="0" failures="0" errors="0" timestamp="2023-01-23T17:54:14" hostname="iMac.local" time="0.035">
  <properties/>
  <testcase name="when handle exception should return message and status code" classname="tourGuide.controller.ExceptionHandlerControllerTest" time="0.025"/>
  <testcase name="when handle exception should return messages and status code" classname="tourGuide.controller.ExceptionHandlerControllerTest" time="0.007"/>
  <testcase name="when handle exception should return message and status code" classname="tourGuide.controller.ExceptionHandlerControllerTest" time="0.001"/>
  <system-out><![CDATA[]]></system-out>
  <system-err><![CDATA[]]></system-err>
</testsuite>
