<?xml version="1.0" encoding="UTF-8"?>
<testsuite name="tourGuide.TestPerformance" tests="2" skipped="0" failures="0" errors="0" timestamp="2023-01-23T17:54:12" hostname="iMac.local" time="2.117">
  <properties/>
  <testcase name="Up to 100000 users track location tested in less than 15 minutes" classname="tourGuide.TestPerformance" time="0.799"/>
  <testcase name="Up to 100000 users get rewards tested in less than 20 minutes" classname="tourGuide.TestPerformance" time="1.316"/>
  <system-out><![CDATA[18:54:08.166 [Test worker] DEBUG org.springframework.boot.test.context.SpringBootTestContextBootstrapper - Neither @ContextConfiguration nor @ContextHierarchy found for test class [TestPerformance]: using SpringBootContextLoader
18:54:08.179 [Test worker] DEBUG org.springframework.test.context.support.AbstractContextLoader - Could not detect default resource locations for test class [tourGuide.TestPerformance]: no resource found for suffixes {-context.xml, Context.groovy}.
18:54:08.182 [Test worker] INFO org.springframework.test.context.support.AnnotationConfigContextLoaderUtils - Could not detect default configuration classes for test class [tourGuide.TestPerformance]: TestPerformance does not declare any static, non-private, non-final, nested classes annotated with @Configuration.
18:54:08.235 [Test worker] DEBUG org.springframework.boot.test.context.SpringBootTestContextBootstrapper - Using ContextCustomizers for test class [TestPerformance]: [DisableObservabilityContextCustomizer, PropertyMappingContextCustomizer, Customizer, ExcludeFilterContextCustomizer, DuplicateJsonObjectContextCustomizer, MockitoContextCustomizer, TestRestTemplateContextCustomizer]
18:54:08.374 [Test worker] DEBUG org.springframework.context.annotation.ClassPathScanningCandidateComponentProvider - Identified candidate component class: file [/Users/hashtuce/Library/Mobile Documents/com~apple~CloudDocs/Projets/Projet 8/TourGuide/build/classes/java/main/tourGuide/Application.class]
18:54:08.376 [Test worker] INFO org.springframework.boot.test.context.SpringBootTestContextBootstrapper - Found @SpringBootConfiguration tourGuide.Application for test class tourGuide.TestPerformance
18:54:08.586 [Test worker] DEBUG org.springframework.test.context.util.TestContextSpringFactoriesUtils - Skipping candidate TestExecutionListener [org.springframework.test.context.transaction.TransactionalTestExecutionListener] due to a missing dependency. Specify custom TestExecutionListener classes or make the default TestExecutionListener classes and their required dependencies available. Offending class: [org/springframework/transaction/interceptor/TransactionAttributeSource]
18:54:08.589 [Test worker] DEBUG org.springframework.test.context.util.TestContextSpringFactoriesUtils - Skipping candidate TestExecutionListener [org.springframework.test.context.jdbc.SqlScriptsTestExecutionListener] due to a missing dependency. Specify custom TestExecutionListener classes or make the default TestExecutionListener classes and their required dependencies available. Offending class: [org/springframework/transaction/interceptor/TransactionAttribute]
18:54:08.593 [Test worker] DEBUG org.springframework.boot.test.context.SpringBootTestContextBootstrapper - Using TestExecutionListeners for test class [TestPerformance]: [ServletTestExecutionListener, DirtiesContextBeforeModesTestExecutionListener, ApplicationEventsTestExecutionListener, MockitoTestExecutionListener, DependencyInjectionTestExecutionListener, DirtiesContextTestExecutionListener, EventPublishingTestExecutionListener, RestDocsTestExecutionListener, MockRestServiceServerResetTestExecutionListener, MockMvcPrintOnlyOnFailureTestExecutionListener, WebDriverTestExecutionListener, MockWebServiceServerTestExecutionListener, ResetMocksTestExecutionListener]
18:54:08.595 [Test worker] DEBUG org.springframework.test.context.support.AbstractDirtiesContextTestExecutionListener - Before test class: class [TestPerformance], class annotated with @DirtiesContext [false] with mode [null]

  .   ____          _            __ _ _
 /\\ / ___'_ __ _ _(_)_ __  __ _ \ \ \ \
( ( )\___ | '_ | '_| | '_ \/ _` | \ \ \ \
 \\/  ___)| |_)| | | | | || (_| |  ) ) ) )
  '  |____| .__|_| |_|_| |_\__, | / / / /
 =========|_|==============|___/=/_/_/_/
 :: Spring Boot ::                (v3.0.1)

 
  _______                _____       _     _      
 |__   __|              / ____|     (_)   | |     
    | | ___  _   _ _ __| |  __ _   _ _  __| | ___ 
    | |/ _ \| | | | '__| | |_ | | | | |/ _` |/ _ \
    | | (_) | |_| | |  | |__| | |_| | | (_| |  __/
    |_|\___/ \__,_|_|   \_____|\__,_|_|\__,_|\___|
 =================================================
 :: APP ::                                (v1.0.0)
 
100 users tracked correctly
highVolumeTrackLocation: Time Elapsed: 0 seconds.
]]></system-out>
  <system-err><![CDATA[]]></system-err>
</testsuite>
