<?xml version="1.0" encoding="UTF-8"?>
<testsuite name="tourGuide.integration.UserIT" tests="2" skipped="0" failures="0" errors="0" timestamp="2023-01-22T15:10:40" hostname="iMac.local" time="0.169">
  <properties/>
  <testcase name="updateUserPreferencesIT()" classname="tourGuide.integration.UserIT" time="0.122"/>
  <testcase name="getUserPreferencesIT()" classname="tourGuide.integration.UserIT" time="0.046"/>
  <system-out><![CDATA[2023-01-22T16:10:40.261+01:00  INFO 5507 --- [    Test worker] t.c.s.AnnotationConfigContextLoaderUtils : Could not detect default configuration classes for test class [tourGuide.integration.UserIT]: UserIT does not declare any static, non-private, non-final, nested classes annotated with @Configuration.
2023-01-22T16:10:40.263+01:00  INFO 5507 --- [    Test worker] .b.t.c.SpringBootTestContextBootstrapper : Found @SpringBootConfiguration tourGuide.Application for test class tourGuide.integration.UserIT
2023-01-22T16:10:40.271+01:00 DEBUG 5507 --- [    Test worker] tourGuide.repository.UserRepository      : Created 100 internal test users.
2023-01-22T16:10:40.271+01:00  INFO 5507 --- [    Test worker] tourGuide.service.UserService            : internalUser0 returned by getUser
2023-01-22T16:10:40.272+01:00  INFO 5507 --- [    Test worker] tourGuide.service.UserService            : internalUser0's preferences returned from updateUserPreferences
2023-01-22T16:10:40.385+01:00  INFO 5507 --- [    Test worker] tourGuide.service.UserService            : internalUser0 returned by getUser
2023-01-22T16:10:40.386+01:00  INFO 5507 --- [    Test worker] tourGuide.service.UserService            : internalUser0's preferences returned from updateUserPreferences
2023-01-22T16:10:40.386+01:00  INFO 5507 --- [    Test worker] tourGuide.controller.UserController      : PUT request received to /updatePreferences
2023-01-22T16:10:40.393+01:00 DEBUG 5507 --- [    Test worker] tourGuide.repository.UserRepository      : Created 100 internal test users.
2023-01-22T16:10:40.395+01:00  INFO 5507 --- [    Test worker] tourGuide.controller.UserController      : GET request received to /getPreferences
2023-01-22T16:10:40.395+01:00  INFO 5507 --- [    Test worker] tourGuide.service.UserService            : internalUser0's preferences returned from getUserPreferences
2023-01-22T16:10:40.395+01:00  INFO 5507 --- [    Test worker] tourGuide.service.UserService            : internalUser0 returned by getUser
]]></system-out>
  <system-err><![CDATA[]]></system-err>
</testsuite>
