<?xml version="1.0" encoding="UTF-8"?>
<testsuite name="tourGuide.controller.TourGuideControllerTest" tests="7" skipped="0" failures="0" errors="0" timestamp="2023-01-21T20:13:53" hostname="iMac.local" time="0.077">
  <properties/>
  <testcase name="testGetTripDeals_Positive()" classname="tourGuide.controller.TourGuideControllerTest" time="0.053"/>
  <testcase name="testGetTripDeals_Negative()" classname="tourGuide.controller.TourGuideControllerTest" time="0.003"/>
  <testcase name="testGetTripDeals_Negative2()" classname="tourGuide.controller.TourGuideControllerTest" time="0.004"/>
  <testcase name="testGetNearbyAttractions_Positive()" classname="tourGuide.controller.TourGuideControllerTest" time="0.003"/>
  <testcase name="testGetNearbyAttractions_Negative()" classname="tourGuide.controller.TourGuideControllerTest" time="0.003"/>
  <testcase name="testIndex_Positive()" classname="tourGuide.controller.TourGuideControllerTest" time="0.002"/>
  <testcase name="testIndex_Negative()" classname="tourGuide.controller.TourGuideControllerTest" time="0.003"/>
  <system-out><![CDATA[2023-01-21T21:13:53.250+01:00  INFO 3620 --- [    Test worker] t.controller.TourGuideController         : GET request received to /getTripDeals
2023-01-21T21:13:53.254+01:00  INFO 3620 --- [    Test worker] t.controller.TourGuideController         : GET request received to /getTripDeals
2023-01-21T21:13:53.259+01:00  INFO 3620 --- [    Test worker] t.controller.TourGuideController         : GET request received to /getTripDeals
2023-01-21T21:13:53.264+01:00  INFO 3620 --- [    Test worker] t.controller.TourGuideController         : GET request received to /getNearbyAttractions
2023-01-21T21:13:53.268+01:00  INFO 3620 --- [    Test worker] t.controller.TourGuideController         : GET request received to /getNearbyAttractions
2023-01-21T21:13:53.271+01:00  INFO 3620 --- [    Test worker] t.controller.TourGuideController         : GET request received to /
2023-01-21T21:13:53.273+01:00  INFO 3620 --- [    Test worker] t.controller.TourGuideController         : GET request received to /
]]></system-out>
  <system-err><![CDATA[]]></system-err>
</testsuite>
