<?xml version="1.0" encoding="UTF-8"?>
<testsuite name="tourGuide.service.LocationServiceTest" tests="4" skipped="0" failures="0" errors="0" timestamp="2023-01-21T20:13:53" hostname="iMac.local" time="0.049">
  <properties/>
  <testcase name="testGetUserLocation()" classname="tourGuide.service.LocationServiceTest" time="0.034"/>
  <testcase name="testGetAllCurrentLocations()" classname="tourGuide.service.LocationServiceTest" time="0.005"/>
  <testcase name="trackUserLocation_invalidUser_exceptionThrown()" classname="tourGuide.service.LocationServiceTest" time="0.003"/>
  <testcase name="trackUserLocation_validUser_locationTracked()" classname="tourGuide.service.LocationServiceTest" time="0.004"/>
  <system-out><![CDATA[2023-01-21T21:13:53.424+01:00  INFO 3620 --- [    Test worker] tourGuide.service.LocationService        : VisitedLocation returned by getUserLocation with a
2023-01-21T21:13:53.430+01:00  INFO 3620 --- [    Test worker] tourGuide.service.LocationService        : All users location returned by getAllCurrentLocations
2023-01-21T21:13:53.434+01:00  INFO 3620 --- [    Test worker] tourGuide.service.LocationService        : VisitedLocation returned by trackUserLocation
2023-01-21T21:13:53.438+01:00  INFO 3620 --- [    Test worker] tourGuide.service.LocationService        : VisitedLocation returned by trackUserLocation
]]></system-out>
  <system-err><![CDATA[]]></system-err>
</testsuite>
