<?xml version="1.0" encoding="UTF-8"?>
<testsuite name="tourGuide.repository.UserRepositoryTest" tests="6" skipped="0" failures="0" errors="0" timestamp="2023-01-18T21:23:58" hostname="iMac.local" time="0.064">
  <properties/>
  <testcase name="generateRandomLongitude_returnsRandomDoubleInRange()" classname="tourGuide.repository.UserRepositoryTest" time="0.017"/>
  <testcase name="generateUserLocationHistory_validUser_addsVisitedLocation()" classname="tourGuide.repository.UserRepositoryTest" time="0.012"/>
  <testcase name="getRandomTime_returnsValidRandomDate()" classname="tourGuide.repository.UserRepositoryTest" time="0.008"/>
  <testcase name="generateRandomLongitude_returnsDifferentValueEveryTimeCalled()" classname="tourGuide.repository.UserRepositoryTest" time="0.01"/>
  <testcase name="generateRandomLatitude_returnsRandomDoubleInRange()" classname="tourGuide.repository.UserRepositoryTest" time="0.006"/>
  <testcase name="generateRandomLatitude_returnsDifferentValueEveryTimeCalled()" classname="tourGuide.repository.UserRepositoryTest" time="0.006"/>
  <system-out><![CDATA[2023-01-18T22:23:58.438+01:00  INFO 16507 --- [    Test worker] tourGuide.repository.UserRepository      : TestMode enabled
2023-01-18T22:23:58.439+01:00 DEBUG 16507 --- [    Test worker] tourGuide.repository.UserRepository      : Initializing users
2023-01-18T22:23:58.452+01:00 DEBUG 16507 --- [    Test worker] tourGuide.repository.UserRepository      : Created 100 internal test users.
2023-01-18T22:23:58.452+01:00 DEBUG 16507 --- [    Test worker] tourGuide.repository.UserRepository      : Finished initializing users
2023-01-18T22:23:58.456+01:00  INFO 16507 --- [    Test worker] tourGuide.repository.UserRepository      : TestMode enabled
2023-01-18T22:23:58.456+01:00 DEBUG 16507 --- [    Test worker] tourGuide.repository.UserRepository      : Initializing users
2023-01-18T22:23:58.465+01:00 DEBUG 16507 --- [    Test worker] tourGuide.repository.UserRepository      : Created 100 internal test users.
2023-01-18T22:23:58.466+01:00 DEBUG 16507 --- [    Test worker] tourGuide.repository.UserRepository      : Finished initializing users
2023-01-18T22:23:58.468+01:00  INFO 16507 --- [    Test worker] tourGuide.repository.UserRepository      : TestMode enabled
2023-01-18T22:23:58.469+01:00 DEBUG 16507 --- [    Test worker] tourGuide.repository.UserRepository      : Initializing users
2023-01-18T22:23:58.475+01:00 DEBUG 16507 --- [    Test worker] tourGuide.repository.UserRepository      : Created 100 internal test users.
2023-01-18T22:23:58.475+01:00 DEBUG 16507 --- [    Test worker] tourGuide.repository.UserRepository      : Finished initializing users
2023-01-18T22:23:58.478+01:00  INFO 16507 --- [    Test worker] tourGuide.repository.UserRepository      : TestMode enabled
2023-01-18T22:23:58.479+01:00 DEBUG 16507 --- [    Test worker] tourGuide.repository.UserRepository      : Initializing users
2023-01-18T22:23:58.486+01:00 DEBUG 16507 --- [    Test worker] tourGuide.repository.UserRepository      : Created 100 internal test users.
2023-01-18T22:23:58.486+01:00 DEBUG 16507 --- [    Test worker] tourGuide.repository.UserRepository      : Finished initializing users
2023-01-18T22:23:58.489+01:00  INFO 16507 --- [    Test worker] tourGuide.repository.UserRepository      : TestMode enabled
2023-01-18T22:23:58.489+01:00 DEBUG 16507 --- [    Test worker] tourGuide.repository.UserRepository      : Initializing users
2023-01-18T22:23:58.493+01:00 DEBUG 16507 --- [    Test worker] tourGuide.repository.UserRepository      : Created 100 internal test users.
2023-01-18T22:23:58.493+01:00 DEBUG 16507 --- [    Test worker] tourGuide.repository.UserRepository      : Finished initializing users
2023-01-18T22:23:58.495+01:00  INFO 16507 --- [    Test worker] tourGuide.repository.UserRepository      : TestMode enabled
2023-01-18T22:23:58.496+01:00 DEBUG 16507 --- [    Test worker] tourGuide.repository.UserRepository      : Initializing users
2023-01-18T22:23:58.500+01:00 DEBUG 16507 --- [    Test worker] tourGuide.repository.UserRepository      : Created 100 internal test users.
2023-01-18T22:23:58.500+01:00 DEBUG 16507 --- [    Test worker] tourGuide.repository.UserRepository      : Finished initializing users
]]></system-out>
  <system-err><![CDATA[]]></system-err>
</testsuite>
