<?xml version="1.0" encoding="UTF-8"?>
<testsuite name="tourGuide.controller.TourGuideControllerTest" tests="7" skipped="0" failures="0" errors="0" timestamp="2023-01-22T15:10:37" hostname="iMac.local" time="0.097">
  <properties/>
  <testcase name="testGetTripDeals_Positive()" classname="tourGuide.controller.TourGuideControllerTest" time="0.038"/>
  <testcase name="testGetTripDeals_Negative()" classname="tourGuide.controller.TourGuideControllerTest" time="0.009"/>
  <testcase name="testGetTripDeals_Negative2()" classname="tourGuide.controller.TourGuideControllerTest" time="0.009"/>
  <testcase name="testGetNearbyAttractions_Positive()" classname="tourGuide.controller.TourGuideControllerTest" time="0.008"/>
  <testcase name="testGetNearbyAttractions_Negative()" classname="tourGuide.controller.TourGuideControllerTest" time="0.012"/>
  <testcase name="testIndex_Positive()" classname="tourGuide.controller.TourGuideControllerTest" time="0.004"/>
  <testcase name="testIndex_Negative()" classname="tourGuide.controller.TourGuideControllerTest" time="0.003"/>
  <system-out><![CDATA[2023-01-22T16:10:37.777+01:00  INFO 5507 --- [    Test worker] t.controller.TourGuideController         : GET request received to /getTripDeals
2023-01-22T16:10:37.785+01:00  INFO 5507 --- [    Test worker] t.controller.TourGuideController         : GET request received to /getTripDeals
2023-01-22T16:10:37.798+01:00  INFO 5507 --- [    Test worker] t.controller.TourGuideController         : GET request received to /getTripDeals
2023-01-22T16:10:37.810+01:00  INFO 5507 --- [    Test worker] t.controller.TourGuideController         : GET request received to /getNearbyAttractions
2023-01-22T16:10:37.821+01:00  INFO 5507 --- [    Test worker] t.controller.TourGuideController         : GET request received to /getNearbyAttractions
2023-01-22T16:10:37.829+01:00  INFO 5507 --- [    Test worker] t.controller.TourGuideController         : GET request received to /
2023-01-22T16:10:37.834+01:00  INFO 5507 --- [    Test worker] t.controller.TourGuideController         : GET request received to /
]]></system-out>
  <system-err><![CDATA[]]></system-err>
</testsuite>
