<?xml version="1.0" encoding="UTF-8"?>
<testsuite name="tourGuide.TestPerformance" tests="1" skipped="0" failures="0" errors="0" timestamp="2023-01-14T07:17:40" hostname="iMac.local" time="100.192">
  <properties/>
  <testcase name="Up to 100000 users track location tested in less than 15 minutes" classname="tourGuide.TestPerformance" time="100.192"/>
  <system-out><![CDATA[08:17:35.660 [Test worker] DEBUG org.springframework.boot.test.context.SpringBootTestContextBootstrapper - Neither @ContextConfiguration nor @ContextHierarchy found for test class [TestPerformance]: using SpringBootContextLoader
08:17:35.671 [Test worker] DEBUG org.springframework.test.context.support.AbstractContextLoader - Could not detect default resource locations for test class [tourGuide.TestPerformance]: no resource found for suffixes {-context.xml, Context.groovy}.
08:17:35.673 [Test worker] INFO org.springframework.test.context.support.AnnotationConfigContextLoaderUtils - Could not detect default configuration classes for test class [tourGuide.TestPerformance]: TestPerformance does not declare any static, non-private, non-final, nested classes annotated with @Configuration.
08:17:35.729 [Test worker] DEBUG org.springframework.boot.test.context.SpringBootTestContextBootstrapper - Using ContextCustomizers for test class [TestPerformance]: [DisableObservabilityContextCustomizer, PropertyMappingContextCustomizer, Customizer, ExcludeFilterContextCustomizer, DuplicateJsonObjectContextCustomizer, MockitoContextCustomizer, TestRestTemplateContextCustomizer]
08:17:35.878 [Test worker] DEBUG org.springframework.context.annotation.ClassPathScanningCandidateComponentProvider - Identified candidate component class: file [/Users/hashtuce/Library/Mobile Documents/com~apple~CloudDocs/Projets/Projet 8/TourGuide/build/classes/java/main/tourGuide/Application.class]
08:17:35.880 [Test worker] INFO org.springframework.boot.test.context.SpringBootTestContextBootstrapper - Found @SpringBootConfiguration tourGuide.Application for test class tourGuide.TestPerformance
08:17:36.052 [Test worker] DEBUG org.springframework.test.context.util.TestContextSpringFactoriesUtils - Skipping candidate TestExecutionListener [org.springframework.test.context.transaction.TransactionalTestExecutionListener] due to a missing dependency. Specify custom TestExecutionListener classes or make the default TestExecutionListener classes and their required dependencies available. Offending class: [org/springframework/transaction/interceptor/TransactionAttributeSource]
08:17:36.055 [Test worker] DEBUG org.springframework.test.context.util.TestContextSpringFactoriesUtils - Skipping candidate TestExecutionListener [org.springframework.test.context.jdbc.SqlScriptsTestExecutionListener] due to a missing dependency. Specify custom TestExecutionListener classes or make the default TestExecutionListener classes and their required dependencies available. Offending class: [org/springframework/transaction/interceptor/TransactionAttribute]
08:17:36.058 [Test worker] DEBUG org.springframework.boot.test.context.SpringBootTestContextBootstrapper - Using TestExecutionListeners for test class [TestPerformance]: [ServletTestExecutionListener, DirtiesContextBeforeModesTestExecutionListener, ApplicationEventsTestExecutionListener, MockitoTestExecutionListener, DependencyInjectionTestExecutionListener, DirtiesContextTestExecutionListener, EventPublishingTestExecutionListener, RestDocsTestExecutionListener, MockRestServiceServerResetTestExecutionListener, MockMvcPrintOnlyOnFailureTestExecutionListener, WebDriverTestExecutionListener, MockWebServiceServerTestExecutionListener, ResetMocksTestExecutionListener]
08:17:36.060 [Test worker] DEBUG org.springframework.test.context.support.AbstractDirtiesContextTestExecutionListener - Before test class: class [TestPerformance], class annotated with @DirtiesContext [false] with mode [null]

  .   ____          _            __ _ _
 /\\ / ___'_ __ _ _(_)_ __  __ _ \ \ \ \
( ( )\___ | '_ | '_| | '_ \/ _` | \ \ \ \
 \\/  ___)| |_)| | | | | || (_| |  ) ) ) )
  '  |____| .__|_| |_|_| |_\__, | / / / /
 =========|_|==============|___/=/_/_/_/
 :: Spring Boot ::                (v3.0.1)

2023-01-14T08:17:36.504+01:00  INFO 5844 --- [    Test worker] tourGuide.TestPerformance                : Starting TestPerformance using Java 19.0.1 with PID 5844 (started by hashtuce in /Users/hashtuce/Library/Mobile Documents/com~apple~CloudDocs/Projets/Projet 8/TourGuide)
2023-01-14T08:17:36.505+01:00 DEBUG 5844 --- [    Test worker] tourGuide.TestPerformance                : Running with Spring Boot v3.0.1, Spring v6.0.3
2023-01-14T08:17:36.506+01:00  INFO 5844 --- [    Test worker] tourGuide.TestPerformance                : No active profile set, falling back to 1 default profile: "default"
2023-01-14T08:17:37.811+01:00  INFO 5844 --- [    Test worker] tourGuide.repository.UserRepository      : TestMode enabled
2023-01-14T08:17:37.811+01:00 DEBUG 5844 --- [    Test worker] tourGuide.repository.UserRepository      : Initializing users
2023-01-14T08:17:37.834+01:00  INFO 5844 --- [    Test worker] o.j.m.DefaultMonetaryContextFactory      : Using custom MathContext: precision=256, roundingMode=HALF_EVEN
2023-01-14T08:17:38.662+01:00 DEBUG 5844 --- [    Test worker] tourGuide.repository.UserRepository      : Created 100000 internal test users.
2023-01-14T08:17:38.662+01:00 DEBUG 5844 --- [    Test worker] tourGuide.repository.UserRepository      : Finished initializing users
2023-01-14T08:17:39.145+01:00 DEBUG 5844 --- [    Test worker] tourGuide.repository.UserRepository      : Created 100000 internal test users.
2023-01-14T08:17:39.845+01:00  INFO 5844 --- [    Test worker] o.s.b.a.e.web.EndpointLinksResolver      : Exposing 1 endpoint(s) beneath base path '/actuator'
2023-01-14T08:17:39.909+01:00  INFO 5844 --- [    Test worker] tourGuide.TestPerformance                : Started TestPerformance in 3.793 seconds (process running for 5.756)
 
  _______                _____       _     _      
 |__   __|              / ____|     (_)   | |     
    | | ___  _   _ _ __| |  __ _   _ _  __| | ___ 
    | |/ _ \| | | | '__| | |_ | | | | |/ _` |/ _ \
    | | (_) | |_| | |  | |__| | |_| | | (_| |  __/
    |_|\___/ \__,_|_|   \_____|\__,_|_|\__,_|\___|
 =================================================
 :: APP ::                                (v1.0.0)
 
100000 users generated successfully
100000 users tracked correctly
highVolumeTrackLocation: Time Elapsed: 99 seconds.
]]></system-out>
  <system-err><![CDATA[]]></system-err>
</testsuite>
