<?xml version="1.0" encoding="UTF-8"?>
<testsuite name="tourGuide.integration.LocationIT" tests="3" skipped="0" failures="0" errors="0" timestamp="2023-01-22T17:04:15" hostname="iMac.local" time="0.229">
  <properties/>
  <testcase name="getAllCurrentLocationsIT()" classname="tourGuide.integration.LocationIT" time="0.178"/>
  <testcase name="getLocationIT()" classname="tourGuide.integration.LocationIT" time="0.034"/>
  <testcase name="getLocationNegativeIT()" classname="tourGuide.integration.LocationIT" time="0.015"/>
  <system-out><![CDATA[2023-01-22T18:04:14.600+01:00  INFO 7233 --- [    Test worker] t.c.s.AnnotationConfigContextLoaderUtils : Could not detect default configuration classes for test class [tourGuide.integration.LocationIT]: LocationIT does not declare any static, non-private, non-final, nested classes annotated with @Configuration.
2023-01-22T18:04:14.613+01:00  INFO 7233 --- [    Test worker] .b.t.c.SpringBootTestContextBootstrapper : Found @SpringBootConfiguration tourGuide.Application for test class tourGuide.integration.LocationIT

  .   ____          _            __ _ _
 /\\ / ___'_ __ _ _(_)_ __  __ _ \ \ \ \
( ( )\___ | '_ | '_| | '_ \/ _` | \ \ \ \
 \\/  ___)| |_)| | | | | || (_| |  ) ) ) )
  '  |____| .__|_| |_|_| |_\__, | / / / /
 =========|_|==============|___/=/_/_/_/
 :: Spring Boot ::                (v3.0.1)

2023-01-22T18:04:14.640+01:00  INFO 7233 --- [    Test worker] tourGuide.integration.LocationIT         : Starting LocationIT using Java 19.0.1 with PID 7233 (started by hashtuce in /Users/hashtuce/Library/Mobile Documents/com~apple~CloudDocs/Projets/Projet 8/TourGuide)
2023-01-22T18:04:14.640+01:00 DEBUG 7233 --- [    Test worker] tourGuide.integration.LocationIT         : Running with Spring Boot v3.0.1, Spring v6.0.3
2023-01-22T18:04:14.640+01:00  INFO 7233 --- [    Test worker] tourGuide.integration.LocationIT         : No active profile set, falling back to 1 default profile: "default"
2023-01-22T18:04:14.886+01:00  INFO 7233 --- [    Test worker] tourGuide.repository.UserRepository      : TestMode enabled
2023-01-22T18:04:14.886+01:00 DEBUG 7233 --- [    Test worker] tourGuide.repository.UserRepository      : Initializing users
2023-01-22T18:04:14.896+01:00 DEBUG 7233 --- [    Test worker] tourGuide.repository.UserRepository      : Created 100 internal test users.
2023-01-22T18:04:14.896+01:00 DEBUG 7233 --- [    Test worker] tourGuide.repository.UserRepository      : Finished initializing users
2023-01-22T18:04:15.125+01:00  INFO 7233 --- [    Test worker] o.s.b.t.m.w.SpringBootMockServletContext : Initializing Spring TestDispatcherServlet ''
2023-01-22T18:04:15.125+01:00  INFO 7233 --- [    Test worker] o.s.t.web.servlet.TestDispatcherServlet  : Initializing Servlet ''
2023-01-22T18:04:15.129+01:00  INFO 7233 --- [    Test worker] o.s.b.a.e.web.EndpointLinksResolver      : Exposing 1 endpoint(s) beneath base path '/actuator'
2023-01-22T18:04:15.133+01:00  INFO 7233 --- [    Test worker] o.s.t.web.servlet.TestDispatcherServlet  : Completed initialization in 8 ms
2023-01-22T18:04:15.151+01:00  INFO 7233 --- [    Test worker] tourGuide.integration.LocationIT         : Started LocationIT in 0.534 seconds (process running for 7.537)
 
  _______                _____       _     _      
 |__   __|              / ____|     (_)   | |     
    | | ___  _   _ _ __| |  __ _   _ _  __| | ___ 
    | |/ _ \| | | | '__| | |_ | | | | |/ _` |/ _ \
    | | (_) | |_| | |  | |__| | |_| | | (_| |  __/
    |_|\___/ \__,_|_|   \_____|\__,_|_|\__,_|\___|
 =================================================
 :: APP ::                                (v1.0.0)
 
2023-01-22T18:04:15.165+01:00 DEBUG 7233 --- [    Test worker] tourGuide.repository.UserRepository      : Created 100 internal test users.
2023-01-22T18:04:15.222+01:00  INFO 7233 --- [    Test worker] t.controller.LocationController          : GET request received to /getAllCurrentLocations
2023-01-22T18:04:15.222+01:00  INFO 7233 --- [    Test worker] tourGuide.service.UserService            : List of all users returned by getAllUsers
2023-01-22T18:04:15.222+01:00  INFO 7233 --- [    Test worker] tourGuide.service.LocationService        : All users location returned by getAllCurrentLocations
2023-01-22T18:04:15.341+01:00 DEBUG 7233 --- [    Test worker] tourGuide.repository.UserRepository      : Created 100 internal test users.
2023-01-22T18:04:15.342+01:00  INFO 7233 --- [    Test worker] tourGuide.service.UserService            : internalUser0 returned by getUser
2023-01-22T18:04:15.352+01:00  INFO 7233 --- [    Test worker] t.controller.LocationController          : GET request received to /getLocation
2023-01-22T18:04:15.352+01:00  INFO 7233 --- [    Test worker] tourGuide.service.UserService            : internalUser0 returned by getUser
2023-01-22T18:04:15.352+01:00  INFO 7233 --- [    Test worker] tourGuide.service.LocationService        : VisitedLocation returned by getUserLocation with internalUser0
2023-01-22T18:04:15.377+01:00 DEBUG 7233 --- [    Test worker] tourGuide.repository.UserRepository      : Created 100 internal test users.
2023-01-22T18:04:15.378+01:00  INFO 7233 --- [    Test worker] t.controller.LocationController          : GET request received to /getLocation
2023-01-22T18:04:15.378+01:00 ERROR 7233 --- [    Test worker] tourGuide.service.UserService            : getUser called with wrong userName
]]></system-out>
  <system-err><![CDATA[]]></system-err>
</testsuite>
