<?xml version="1.0" encoding="UTF-8"?>
<testsuite name="tourGuide.repository.UserRepositoryTest" tests="6" skipped="0" failures="0" errors="0" timestamp="2023-01-22T17:04:18" hostname="iMac.local" time="0.031">
  <properties/>
  <testcase name="generateRandomLongitude_returnsRandomDoubleInRange()" classname="tourGuide.repository.UserRepositoryTest" time="0.005"/>
  <testcase name="generateUserLocationHistory_validUser_addsVisitedLocation()" classname="tourGuide.repository.UserRepositoryTest" time="0.003"/>
  <testcase name="getRandomTime_returnsValidRandomDate()" classname="tourGuide.repository.UserRepositoryTest" time="0.003"/>
  <testcase name="generateRandomLongitude_returnsDifferentValueEveryTimeCalled()" classname="tourGuide.repository.UserRepositoryTest" time="0.005"/>
  <testcase name="generateRandomLatitude_returnsRandomDoubleInRange()" classname="tourGuide.repository.UserRepositoryTest" time="0.005"/>
  <testcase name="generateRandomLatitude_returnsDifferentValueEveryTimeCalled()" classname="tourGuide.repository.UserRepositoryTest" time="0.004"/>
  <system-out><![CDATA[2023-01-22T18:04:18.326+01:00  INFO 7233 --- [    Test worker] tourGuide.repository.UserRepository      : TestMode enabled
2023-01-22T18:04:18.326+01:00 DEBUG 7233 --- [    Test worker] tourGuide.repository.UserRepository      : Initializing users
2023-01-22T18:04:18.328+01:00 DEBUG 7233 --- [    Test worker] tourGuide.repository.UserRepository      : Created 100 internal test users.
2023-01-22T18:04:18.328+01:00 DEBUG 7233 --- [    Test worker] tourGuide.repository.UserRepository      : Finished initializing users
2023-01-22T18:04:18.331+01:00  INFO 7233 --- [    Test worker] tourGuide.repository.UserRepository      : TestMode enabled
2023-01-22T18:04:18.331+01:00 DEBUG 7233 --- [    Test worker] tourGuide.repository.UserRepository      : Initializing users
2023-01-22T18:04:18.333+01:00 DEBUG 7233 --- [    Test worker] tourGuide.repository.UserRepository      : Created 100 internal test users.
2023-01-22T18:04:18.333+01:00 DEBUG 7233 --- [    Test worker] tourGuide.repository.UserRepository      : Finished initializing users
2023-01-22T18:04:18.335+01:00  INFO 7233 --- [    Test worker] tourGuide.repository.UserRepository      : TestMode enabled
2023-01-22T18:04:18.335+01:00 DEBUG 7233 --- [    Test worker] tourGuide.repository.UserRepository      : Initializing users
2023-01-22T18:04:18.337+01:00 DEBUG 7233 --- [    Test worker] tourGuide.repository.UserRepository      : Created 100 internal test users.
2023-01-22T18:04:18.337+01:00 DEBUG 7233 --- [    Test worker] tourGuide.repository.UserRepository      : Finished initializing users
2023-01-22T18:04:18.339+01:00  INFO 7233 --- [    Test worker] tourGuide.repository.UserRepository      : TestMode enabled
2023-01-22T18:04:18.339+01:00 DEBUG 7233 --- [    Test worker] tourGuide.repository.UserRepository      : Initializing users
2023-01-22T18:04:18.342+01:00 DEBUG 7233 --- [    Test worker] tourGuide.repository.UserRepository      : Created 100 internal test users.
2023-01-22T18:04:18.342+01:00 DEBUG 7233 --- [    Test worker] tourGuide.repository.UserRepository      : Finished initializing users
2023-01-22T18:04:18.346+01:00  INFO 7233 --- [    Test worker] tourGuide.repository.UserRepository      : TestMode enabled
2023-01-22T18:04:18.346+01:00 DEBUG 7233 --- [    Test worker] tourGuide.repository.UserRepository      : Initializing users
2023-01-22T18:04:18.349+01:00 DEBUG 7233 --- [    Test worker] tourGuide.repository.UserRepository      : Created 100 internal test users.
2023-01-22T18:04:18.349+01:00 DEBUG 7233 --- [    Test worker] tourGuide.repository.UserRepository      : Finished initializing users
2023-01-22T18:04:18.352+01:00  INFO 7233 --- [    Test worker] tourGuide.repository.UserRepository      : TestMode enabled
2023-01-22T18:04:18.352+01:00 DEBUG 7233 --- [    Test worker] tourGuide.repository.UserRepository      : Initializing users
2023-01-22T18:04:18.355+01:00 DEBUG 7233 --- [    Test worker] tourGuide.repository.UserRepository      : Created 100 internal test users.
2023-01-22T18:04:18.355+01:00 DEBUG 7233 --- [    Test worker] tourGuide.repository.UserRepository      : Finished initializing users
]]></system-out>
  <system-err><![CDATA[]]></system-err>
</testsuite>
