<?xml version="1.0" encoding="UTF-8"?>
<testsuite name="tourGuide.repository.UserRepositoryTest" tests="6" skipped="0" failures="0" errors="0" timestamp="2023-01-11T15:49:07" hostname="iMac.local" time="0.066">
  <properties/>
  <testcase name="generateRandomLongitude_returnsRandomDoubleInRange()" classname="tourGuide.repository.UserRepositoryTest" time="0.015"/>
  <testcase name="generateUserLocationHistory_validUser_addsVisitedLocation()" classname="tourGuide.repository.UserRepositoryTest" time="0.012"/>
  <testcase name="getRandomTime_returnsValidRandomDate()" classname="tourGuide.repository.UserRepositoryTest" time="0.011"/>
  <testcase name="generateRandomLongitude_returnsDifferentValueEveryTimeCalled()" classname="tourGuide.repository.UserRepositoryTest" time="0.009"/>
  <testcase name="generateRandomLatitude_returnsRandomDoubleInRange()" classname="tourGuide.repository.UserRepositoryTest" time="0.007"/>
  <testcase name="generateRandomLatitude_returnsDifferentValueEveryTimeCalled()" classname="tourGuide.repository.UserRepositoryTest" time="0.007"/>
  <system-out><![CDATA[2023-01-11T16:49:07.039+01:00  INFO 9882 --- [    Test worker] tourGuide.repository.UserRepository      : TestMode enabled
2023-01-11T16:49:07.039+01:00 DEBUG 9882 --- [    Test worker] tourGuide.repository.UserRepository      : Initializing users
2023-01-11T16:49:07.050+01:00 DEBUG 9882 --- [    Test worker] tourGuide.repository.UserRepository      : Created 100 internal test users.
2023-01-11T16:49:07.050+01:00 DEBUG 9882 --- [    Test worker] tourGuide.repository.UserRepository      : Finished initializing users
2023-01-11T16:49:07.055+01:00  INFO 9882 --- [    Test worker] tourGuide.repository.UserRepository      : TestMode enabled
2023-01-11T16:49:07.055+01:00 DEBUG 9882 --- [    Test worker] tourGuide.repository.UserRepository      : Initializing users
2023-01-11T16:49:07.064+01:00 DEBUG 9882 --- [    Test worker] tourGuide.repository.UserRepository      : Created 100 internal test users.
2023-01-11T16:49:07.064+01:00 DEBUG 9882 --- [    Test worker] tourGuide.repository.UserRepository      : Finished initializing users
2023-01-11T16:49:07.068+01:00  INFO 9882 --- [    Test worker] tourGuide.repository.UserRepository      : TestMode enabled
2023-01-11T16:49:07.068+01:00 DEBUG 9882 --- [    Test worker] tourGuide.repository.UserRepository      : Initializing users
2023-01-11T16:49:07.076+01:00 DEBUG 9882 --- [    Test worker] tourGuide.repository.UserRepository      : Created 100 internal test users.
2023-01-11T16:49:07.077+01:00 DEBUG 9882 --- [    Test worker] tourGuide.repository.UserRepository      : Finished initializing users
2023-01-11T16:49:07.080+01:00  INFO 9882 --- [    Test worker] tourGuide.repository.UserRepository      : TestMode enabled
2023-01-11T16:49:07.080+01:00 DEBUG 9882 --- [    Test worker] tourGuide.repository.UserRepository      : Initializing users
2023-01-11T16:49:07.086+01:00 DEBUG 9882 --- [    Test worker] tourGuide.repository.UserRepository      : Created 100 internal test users.
2023-01-11T16:49:07.087+01:00 DEBUG 9882 --- [    Test worker] tourGuide.repository.UserRepository      : Finished initializing users
2023-01-11T16:49:07.089+01:00  INFO 9882 --- [    Test worker] tourGuide.repository.UserRepository      : TestMode enabled
2023-01-11T16:49:07.090+01:00 DEBUG 9882 --- [    Test worker] tourGuide.repository.UserRepository      : Initializing users
2023-01-11T16:49:07.094+01:00 DEBUG 9882 --- [    Test worker] tourGuide.repository.UserRepository      : Created 100 internal test users.
2023-01-11T16:49:07.094+01:00 DEBUG 9882 --- [    Test worker] tourGuide.repository.UserRepository      : Finished initializing users
2023-01-11T16:49:07.097+01:00  INFO 9882 --- [    Test worker] tourGuide.repository.UserRepository      : TestMode enabled
2023-01-11T16:49:07.098+01:00 DEBUG 9882 --- [    Test worker] tourGuide.repository.UserRepository      : Initializing users
2023-01-11T16:49:07.103+01:00 DEBUG 9882 --- [    Test worker] tourGuide.repository.UserRepository      : Created 100 internal test users.
2023-01-11T16:49:07.103+01:00 DEBUG 9882 --- [    Test worker] tourGuide.repository.UserRepository      : Finished initializing users
]]></system-out>
  <system-err><![CDATA[]]></system-err>
</testsuite>
