<?xml version="1.0" encoding="UTF-8"?>
<testsuite name="tourGuide.controller.ExceptionHandlerControllerTest" tests="3" skipped="0" failures="0" errors="0" timestamp="2023-01-20T13:46:42" hostname="iMac.local" time="0.105">
  <properties/>
  <testcase name="handleValidationExceptions_ValidMethodArgumentNotValidException_ReturnsBadRequestWithErrorMessages()" classname="tourGuide.controller.ExceptionHandlerControllerTest" time="0.098"/>
  <testcase name="handleNotExistingAttractionException_validNotExistingAttractionException_returnsNotFound()" classname="tourGuide.controller.ExceptionHandlerControllerTest" time="0.002"/>
  <testcase name="handleNotExistingUserException_validNotExistingUserException_returnsNotFound()" classname="tourGuide.controller.ExceptionHandlerControllerTest" time="0.002"/>
  <system-out><![CDATA[]]></system-out>
  <system-err><![CDATA[]]></system-err>
</testsuite>
