<?xml version="1.0" encoding="UTF-8"?>
<testsuite name="tourGuide.controller.TourGuideControllerTest" tests="7" skipped="0" failures="0" errors="0" timestamp="2023-01-22T17:04:18" hostname="iMac.local" time="0.046">
  <properties/>
  <testcase name="testGetTripDeals_Positive()" classname="tourGuide.controller.TourGuideControllerTest" time="0.026"/>
  <testcase name="testGetTripDeals_Negative()" classname="tourGuide.controller.TourGuideControllerTest" time="0.003"/>
  <testcase name="testGetTripDeals_Negative2()" classname="tourGuide.controller.TourGuideControllerTest" time="0.003"/>
  <testcase name="testGetNearbyAttractions_Positive()" classname="tourGuide.controller.TourGuideControllerTest" time="0.002"/>
  <testcase name="testGetNearbyAttractions_Negative()" classname="tourGuide.controller.TourGuideControllerTest" time="0.003"/>
  <testcase name="testIndex_Positive()" classname="tourGuide.controller.TourGuideControllerTest" time="0.001"/>
  <testcase name="testIndex_Negative()" classname="tourGuide.controller.TourGuideControllerTest" time="0.002"/>
  <system-out><![CDATA[2023-01-22T18:04:18.286+01:00  INFO 7233 --- [    Test worker] t.controller.TourGuideController         : GET request received to /getTripDeals
2023-01-22T18:04:18.289+01:00  INFO 7233 --- [    Test worker] t.controller.TourGuideController         : GET request received to /getTripDeals
2023-01-22T18:04:18.293+01:00  INFO 7233 --- [    Test worker] t.controller.TourGuideController         : GET request received to /getTripDeals
2023-01-22T18:04:18.297+01:00  INFO 7233 --- [    Test worker] t.controller.TourGuideController         : GET request received to /getNearbyAttractions
2023-01-22T18:04:18.300+01:00  INFO 7233 --- [    Test worker] t.controller.TourGuideController         : GET request received to /getNearbyAttractions
2023-01-22T18:04:18.303+01:00  INFO 7233 --- [    Test worker] t.controller.TourGuideController         : GET request received to /
2023-01-22T18:04:18.305+01:00  INFO 7233 --- [    Test worker] t.controller.TourGuideController         : GET request received to /
]]></system-out>
  <system-err><![CDATA[]]></system-err>
</testsuite>
