<?xml version="1.0" encoding="UTF-8"?>
<testsuite name="tourGuide.controller.LocationControllerTest" tests="3" skipped="0" failures="0" errors="0" timestamp="2023-01-20T13:46:42" hostname="iMac.local" time="0.332">
  <properties/>
  <testcase name="testGetAllCurrentLocations()" classname="tourGuide.controller.LocationControllerTest" time="0.313"/>
  <testcase name="testGetLocation_Positive()" classname="tourGuide.controller.LocationControllerTest" time="0.01"/>
  <testcase name="testGetLocation_Negative()" classname="tourGuide.controller.LocationControllerTest" time="0.007"/>
  <system-out><![CDATA[2023-01-20T14:46:42.440+01:00  INFO 5134 --- [    Test worker] t.controller.LocationController          : GET request received to /getAllCurrentLocations
2023-01-20T14:46:42.454+01:00  INFO 5134 --- [    Test worker] t.controller.LocationController          : GET request received to /getLocation
2023-01-20T14:46:42.465+01:00  INFO 5134 --- [    Test worker] t.controller.LocationController          : GET request received to /getLocation
]]></system-out>
  <system-err><![CDATA[]]></system-err>
</testsuite>
