<?xml version="1.0" encoding="UTF-8"?>
<testsuite name="tourGuide.controller.LocationControllerTest" tests="3" skipped="0" failures="0" errors="0" timestamp="2023-01-17T22:01:26" hostname="iMac.local" time="0.073">
  <properties/>
  <testcase name="testGetAllCurrentLocations()" classname="tourGuide.controller.LocationControllerTest" time="0.062"/>
  <testcase name="testGetLocation_Positive()" classname="tourGuide.controller.LocationControllerTest" time="0.003"/>
  <testcase name="testGetLocation_Negative()" classname="tourGuide.controller.LocationControllerTest" time="0.006"/>
  <system-out><![CDATA[]]></system-out>
  <system-err><![CDATA[]]></system-err>
</testsuite>
