<?xml version="1.0" encoding="UTF-8"?>
<testsuite name="tourGuide.TestPerformance" tests="2" skipped="0" failures="0" errors="0" timestamp="2023-01-22T15:10:35" hostname="iMac.local" time="2.193">
  <properties/>
  <testcase name="Up to 100000 users track location tested in less than 15 minutes" classname="tourGuide.TestPerformance" time="0.822"/>
  <testcase name="Up to 100000 users get rewards tested in less than 20 minutes" classname="tourGuide.TestPerformance" time="1.368"/>
  <system-out><![CDATA[16:10:31.919 [Test worker] DEBUG org.springframework.boot.test.context.SpringBootTestContextBootstrapper - Neither @ContextConfiguration nor @ContextHierarchy found for test class [TestPerformance]: using SpringBootContextLoader
16:10:31.930 [Test worker] DEBUG org.springframework.test.context.support.AbstractContextLoader - Could not detect default resource locations for test class [tourGuide.TestPerformance]: no resource found for suffixes {-context.xml, Context.groovy}.
16:10:31.932 [Test worker] INFO org.springframework.test.context.support.AnnotationConfigContextLoaderUtils - Could not detect default configuration classes for test class [tourGuide.TestPerformance]: TestPerformance does not declare any static, non-private, non-final, nested classes annotated with @Configuration.
16:10:31.977 [Test worker] DEBUG org.springframework.boot.test.context.SpringBootTestContextBootstrapper - Using ContextCustomizers for test class [TestPerformance]: [DisableObservabilityContextCustomizer, PropertyMappingContextCustomizer, Customizer, ExcludeFilterContextCustomizer, DuplicateJsonObjectContextCustomizer, MockitoContextCustomizer, TestRestTemplateContextCustomizer]
16:10:32.106 [Test worker] DEBUG org.springframework.context.annotation.ClassPathScanningCandidateComponentProvider - Identified candidate component class: file [/Users/hashtuce/Library/Mobile Documents/com~apple~CloudDocs/Projets/Projet 8/TourGuide/build/classes/java/main/tourGuide/Application.class]
16:10:32.108 [Test worker] INFO org.springframework.boot.test.context.SpringBootTestContextBootstrapper - Found @SpringBootConfiguration tourGuide.Application for test class tourGuide.TestPerformance
16:10:32.289 [Test worker] DEBUG org.springframework.test.context.util.TestContextSpringFactoriesUtils - Skipping candidate TestExecutionListener [org.springframework.test.context.transaction.TransactionalTestExecutionListener] due to a missing dependency. Specify custom TestExecutionListener classes or make the default TestExecutionListener classes and their required dependencies available. Offending class: [org/springframework/transaction/interceptor/TransactionAttributeSource]
16:10:32.292 [Test worker] DEBUG org.springframework.test.context.util.TestContextSpringFactoriesUtils - Skipping candidate TestExecutionListener [org.springframework.test.context.jdbc.SqlScriptsTestExecutionListener] due to a missing dependency. Specify custom TestExecutionListener classes or make the default TestExecutionListener classes and their required dependencies available. Offending class: [org/springframework/transaction/interceptor/TransactionAttribute]
16:10:32.295 [Test worker] DEBUG org.springframework.boot.test.context.SpringBootTestContextBootstrapper - Using TestExecutionListeners for test class [TestPerformance]: [ServletTestExecutionListener, DirtiesContextBeforeModesTestExecutionListener, ApplicationEventsTestExecutionListener, MockitoTestExecutionListener, DependencyInjectionTestExecutionListener, DirtiesContextTestExecutionListener, EventPublishingTestExecutionListener, RestDocsTestExecutionListener, MockRestServiceServerResetTestExecutionListener, MockMvcPrintOnlyOnFailureTestExecutionListener, WebDriverTestExecutionListener, MockWebServiceServerTestExecutionListener, ResetMocksTestExecutionListener]
16:10:32.297 [Test worker] DEBUG org.springframework.test.context.support.AbstractDirtiesContextTestExecutionListener - Before test class: class [TestPerformance], class annotated with @DirtiesContext [false] with mode [null]

  .   ____          _            __ _ _
 /\\ / ___'_ __ _ _(_)_ __  __ _ \ \ \ \
( ( )\___ | '_ | '_| | '_ \/ _` | \ \ \ \
 \\/  ___)| |_)| | | | | || (_| |  ) ) ) )
  '  |____| .__|_| |_|_| |_\__, | / / / /
 =========|_|==============|___/=/_/_/_/
 :: Spring Boot ::                (v3.0.1)

2023-01-22T16:10:32.704+01:00  INFO 5507 --- [    Test worker] tourGuide.TestPerformance                : Starting TestPerformance using Java 19.0.1 with PID 5507 (started by hashtuce in /Users/hashtuce/Library/Mobile Documents/com~apple~CloudDocs/Projets/Projet 8/TourGuide)
2023-01-22T16:10:32.705+01:00 DEBUG 5507 --- [    Test worker] tourGuide.TestPerformance                : Running with Spring Boot v3.0.1, Spring v6.0.3
2023-01-22T16:10:32.706+01:00  INFO 5507 --- [    Test worker] tourGuide.TestPerformance                : No active profile set, falling back to 1 default profile: "default"
2023-01-22T16:10:34.073+01:00  INFO 5507 --- [    Test worker] tourGuide.repository.UserRepository      : TestMode enabled
2023-01-22T16:10:34.073+01:00 DEBUG 5507 --- [    Test worker] tourGuide.repository.UserRepository      : Initializing users
2023-01-22T16:10:34.104+01:00  INFO 5507 --- [    Test worker] o.j.m.DefaultMonetaryContextFactory      : Using custom MathContext: precision=256, roundingMode=HALF_EVEN
2023-01-22T16:10:34.127+01:00 DEBUG 5507 --- [    Test worker] tourGuide.repository.UserRepository      : Created 100 internal test users.
2023-01-22T16:10:34.127+01:00 DEBUG 5507 --- [    Test worker] tourGuide.repository.UserRepository      : Finished initializing users
2023-01-22T16:10:34.879+01:00  INFO 5507 --- [    Test worker] o.s.b.a.e.web.EndpointLinksResolver      : Exposing 1 endpoint(s) beneath base path '/actuator'
2023-01-22T16:10:34.938+01:00  INFO 5507 --- [    Test worker] tourGuide.TestPerformance                : Started TestPerformance in 2.582 seconds (process running for 4.557)
 
  _______                _____       _     _      
 |__   __|              / ____|     (_)   | |     
    | | ___  _   _ _ __| |  __ _   _ _  __| | ___ 
    | |/ _ \| | | | '__| | |_ | | | | |/ _` |/ _ \
    | | (_) | |_| | |  | |__| | |_| | | (_| |  __/
    |_|\___/ \__,_|_|   \_____|\__,_|_|\__,_|\___|
 =================================================
 :: APP ::                                (v1.0.0)
 
2023-01-22T16:10:35.511+01:00 DEBUG 5507 --- [    Test worker] tourGuide.repository.UserRepository      : Created 100 internal test users without history.
2023-01-22T16:10:35.513+01:00  INFO 5507 --- [    Test worker] tourGuide.service.UserService            : List of all users returned by getAllUsers
2023-01-22T16:10:35.514+01:00  INFO 5507 --- [    Test worker] tourGuide.service.LocationService        : VisitedLocation returned by trackUserLocation
2023-01-22T16:10:35.516+01:00  INFO 5507 --- [    Test worker] tourGuide.service.LocationService        : VisitedLocation returned by trackUserLocation
2023-01-22T16:10:35.516+01:00  INFO 5507 --- [    Test worker] tourGuide.service.LocationService        : VisitedLocation returned by trackUserLocation
2023-01-22T16:10:35.517+01:00  INFO 5507 --- [    Test worker] tourGuide.service.LocationService        : VisitedLocation returned by trackUserLocation
2023-01-22T16:10:35.517+01:00  INFO 5507 --- [    Test worker] tourGuide.service.LocationService        : VisitedLocation returned by trackUserLocation
2023-01-22T16:10:35.518+01:00  INFO 5507 --- [    Test worker] tourGuide.service.LocationService        : VisitedLocation returned by trackUserLocation
2023-01-22T16:10:35.518+01:00  INFO 5507 --- [    Test worker] tourGuide.service.LocationService        : VisitedLocation returned by trackUserLocation
2023-01-22T16:10:35.518+01:00  INFO 5507 --- [    Test worker] tourGuide.service.LocationService        : VisitedLocation returned by trackUserLocation
2023-01-22T16:10:35.519+01:00  INFO 5507 --- [    Test worker] tourGuide.service.LocationService        : VisitedLocation returned by trackUserLocation
2023-01-22T16:10:35.519+01:00  INFO 5507 --- [    Test worker] tourGuide.service.LocationService        : VisitedLocation returned by trackUserLocation
2023-01-22T16:10:35.520+01:00  INFO 5507 --- [    Test worker] tourGuide.service.LocationService        : VisitedLocation returned by trackUserLocation
2023-01-22T16:10:35.520+01:00  INFO 5507 --- [    Test worker] tourGuide.service.LocationService        : VisitedLocation returned by trackUserLocation
2023-01-22T16:10:35.520+01:00  INFO 5507 --- [    Test worker] tourGuide.service.LocationService        : VisitedLocation returned by trackUserLocation
2023-01-22T16:10:35.521+01:00  INFO 5507 --- [    Test worker] tourGuide.service.LocationService        : VisitedLocation returned by trackUserLocation
2023-01-22T16:10:35.521+01:00  INFO 5507 --- [    Test worker] tourGuide.service.LocationService        : VisitedLocation returned by trackUserLocation
2023-01-22T16:10:35.521+01:00  INFO 5507 --- [    Test worker] tourGuide.service.LocationService        : VisitedLocation returned by trackUserLocation
2023-01-22T16:10:35.522+01:00  INFO 5507 --- [    Test worker] tourGuide.service.LocationService        : VisitedLocation returned by trackUserLocation
2023-01-22T16:10:35.523+01:00  INFO 5507 --- [    Test worker] tourGuide.service.LocationService        : VisitedLocation returned by trackUserLocation
2023-01-22T16:10:35.523+01:00  INFO 5507 --- [    Test worker] tourGuide.service.LocationService        : VisitedLocation returned by trackUserLocation
2023-01-22T16:10:35.524+01:00  INFO 5507 --- [    Test worker] tourGuide.service.LocationService        : VisitedLocation returned by trackUserLocation
2023-01-22T16:10:35.524+01:00  INFO 5507 --- [    Test worker] tourGuide.service.LocationService        : VisitedLocation returned by trackUserLocation
2023-01-22T16:10:35.525+01:00  INFO 5507 --- [    Test worker] tourGuide.service.LocationService        : VisitedLocation returned by trackUserLocation
2023-01-22T16:10:35.526+01:00  INFO 5507 --- [    Test worker] tourGuide.service.LocationService        : VisitedLocation returned by trackUserLocation
2023-01-22T16:10:35.526+01:00  INFO 5507 --- [    Test worker] tourGuide.service.LocationService        : VisitedLocation returned by trackUserLocation
2023-01-22T16:10:35.526+01:00  INFO 5507 --- [    Test worker] tourGuide.service.LocationService        : VisitedLocation returned by trackUserLocation
2023-01-22T16:10:35.527+01:00  INFO 5507 --- [    Test worker] tourGuide.service.LocationService        : VisitedLocation returned by trackUserLocation
2023-01-22T16:10:35.528+01:00  INFO 5507 --- [    Test worker] tourGuide.service.LocationService        : VisitedLocation returned by trackUserLocation
2023-01-22T16:10:35.528+01:00  INFO 5507 --- [    Test worker] tourGuide.service.LocationService        : VisitedLocation returned by trackUserLocation
2023-01-22T16:10:35.529+01:00  INFO 5507 --- [    Test worker] tourGuide.service.LocationService        : VisitedLocation returned by trackUserLocation
2023-01-22T16:10:35.529+01:00  INFO 5507 --- [    Test worker] tourGuide.service.LocationService        : VisitedLocation returned by trackUserLocation
2023-01-22T16:10:35.530+01:00  INFO 5507 --- [    Test worker] tourGuide.service.LocationService        : VisitedLocation returned by trackUserLocation
2023-01-22T16:10:35.530+01:00  INFO 5507 --- [    Test worker] tourGuide.service.LocationService        : VisitedLocation returned by trackUserLocation
2023-01-22T16:10:35.530+01:00  INFO 5507 --- [    Test worker] tourGuide.service.LocationService        : VisitedLocation returned by trackUserLocation
2023-01-22T16:10:35.530+01:00  INFO 5507 --- [    Test worker] tourGuide.service.LocationService        : VisitedLocation returned by trackUserLocation
2023-01-22T16:10:35.531+01:00  INFO 5507 --- [    Test worker] tourGuide.service.LocationService        : VisitedLocation returned by trackUserLocation
2023-01-22T16:10:35.531+01:00  INFO 5507 --- [    Test worker] tourGuide.service.LocationService        : VisitedLocation returned by trackUserLocation
2023-01-22T16:10:35.531+01:00  INFO 5507 --- [    Test worker] tourGuide.service.LocationService        : VisitedLocation returned by trackUserLocation
2023-01-22T16:10:35.532+01:00  INFO 5507 --- [    Test worker] tourGuide.service.LocationService        : VisitedLocation returned by trackUserLocation
2023-01-22T16:10:35.532+01:00  INFO 5507 --- [    Test worker] tourGuide.service.LocationService        : VisitedLocation returned by trackUserLocation
2023-01-22T16:10:35.532+01:00  INFO 5507 --- [    Test worker] tourGuide.service.LocationService        : VisitedLocation returned by trackUserLocation
2023-01-22T16:10:35.533+01:00  INFO 5507 --- [    Test worker] tourGuide.service.LocationService        : VisitedLocation returned by trackUserLocation
2023-01-22T16:10:35.533+01:00  INFO 5507 --- [    Test worker] tourGuide.service.LocationService        : VisitedLocation returned by trackUserLocation
2023-01-22T16:10:35.533+01:00  INFO 5507 --- [    Test worker] tourGuide.service.LocationService        : VisitedLocation returned by trackUserLocation
2023-01-22T16:10:35.534+01:00  INFO 5507 --- [    Test worker] tourGuide.service.LocationService        : VisitedLocation returned by trackUserLocation
2023-01-22T16:10:35.534+01:00  INFO 5507 --- [    Test worker] tourGuide.service.LocationService        : VisitedLocation returned by trackUserLocation
2023-01-22T16:10:35.535+01:00  INFO 5507 --- [    Test worker] tourGuide.service.LocationService        : VisitedLocation returned by trackUserLocation
2023-01-22T16:10:35.535+01:00  INFO 5507 --- [    Test worker] tourGuide.service.LocationService        : VisitedLocation returned by trackUserLocation
2023-01-22T16:10:35.535+01:00  INFO 5507 --- [    Test worker] tourGuide.service.LocationService        : VisitedLocation returned by trackUserLocation
2023-01-22T16:10:35.536+01:00  INFO 5507 --- [    Test worker] tourGuide.service.LocationService        : VisitedLocation returned by trackUserLocation
2023-01-22T16:10:35.536+01:00  INFO 5507 --- [    Test worker] tourGuide.service.LocationService        : VisitedLocation returned by trackUserLocation
2023-01-22T16:10:35.537+01:00  INFO 5507 --- [    Test worker] tourGuide.service.LocationService        : VisitedLocation returned by trackUserLocation
2023-01-22T16:10:35.537+01:00  INFO 5507 --- [    Test worker] tourGuide.service.LocationService        : VisitedLocation returned by trackUserLocation
2023-01-22T16:10:35.538+01:00  INFO 5507 --- [    Test worker] tourGuide.service.LocationService        : VisitedLocation returned by trackUserLocation
2023-01-22T16:10:35.538+01:00  INFO 5507 --- [    Test worker] tourGuide.service.LocationService        : VisitedLocation returned by trackUserLocation
2023-01-22T16:10:35.538+01:00  INFO 5507 --- [    Test worker] tourGuide.service.LocationService        : VisitedLocation returned by trackUserLocation
2023-01-22T16:10:35.539+01:00  INFO 5507 --- [    Test worker] tourGuide.service.LocationService        : VisitedLocation returned by trackUserLocation
2023-01-22T16:10:35.539+01:00  INFO 5507 --- [    Test worker] tourGuide.service.LocationService        : VisitedLocation returned by trackUserLocation
2023-01-22T16:10:35.539+01:00  INFO 5507 --- [    Test worker] tourGuide.service.LocationService        : VisitedLocation returned by trackUserLocation
2023-01-22T16:10:35.540+01:00  INFO 5507 --- [    Test worker] tourGuide.service.LocationService        : VisitedLocation returned by trackUserLocation
2023-01-22T16:10:35.540+01:00  INFO 5507 --- [    Test worker] tourGuide.service.LocationService        : VisitedLocation returned by trackUserLocation
2023-01-22T16:10:35.540+01:00  INFO 5507 --- [    Test worker] tourGuide.service.LocationService        : VisitedLocation returned by trackUserLocation
2023-01-22T16:10:35.540+01:00  INFO 5507 --- [    Test worker] tourGuide.service.LocationService        : VisitedLocation returned by trackUserLocation
2023-01-22T16:10:35.541+01:00  INFO 5507 --- [    Test worker] tourGuide.service.LocationService        : VisitedLocation returned by trackUserLocation
2023-01-22T16:10:35.541+01:00  INFO 5507 --- [    Test worker] tourGuide.service.LocationService        : VisitedLocation returned by trackUserLocation
2023-01-22T16:10:35.541+01:00  INFO 5507 --- [    Test worker] tourGuide.service.LocationService        : VisitedLocation returned by trackUserLocation
2023-01-22T16:10:35.542+01:00  INFO 5507 --- [    Test worker] tourGuide.service.LocationService        : VisitedLocation returned by trackUserLocation
2023-01-22T16:10:35.542+01:00  INFO 5507 --- [    Test worker] tourGuide.service.LocationService        : VisitedLocation returned by trackUserLocation
2023-01-22T16:10:35.543+01:00  INFO 5507 --- [    Test worker] tourGuide.service.LocationService        : VisitedLocation returned by trackUserLocation
2023-01-22T16:10:35.543+01:00  INFO 5507 --- [    Test worker] tourGuide.service.LocationService        : VisitedLocation returned by trackUserLocation
2023-01-22T16:10:35.544+01:00  INFO 5507 --- [    Test worker] tourGuide.service.LocationService        : VisitedLocation returned by trackUserLocation
2023-01-22T16:10:35.544+01:00  INFO 5507 --- [    Test worker] tourGuide.service.LocationService        : VisitedLocation returned by trackUserLocation
2023-01-22T16:10:35.545+01:00  INFO 5507 --- [    Test worker] tourGuide.service.LocationService        : VisitedLocation returned by trackUserLocation
2023-01-22T16:10:35.545+01:00  INFO 5507 --- [    Test worker] tourGuide.service.LocationService        : VisitedLocation returned by trackUserLocation
2023-01-22T16:10:35.545+01:00  INFO 5507 --- [    Test worker] tourGuide.service.LocationService        : VisitedLocation returned by trackUserLocation
2023-01-22T16:10:35.545+01:00  INFO 5507 --- [    Test worker] tourGuide.service.LocationService        : VisitedLocation returned by trackUserLocation
2023-01-22T16:10:35.545+01:00  INFO 5507 --- [    Test worker] tourGuide.service.LocationService        : VisitedLocation returned by trackUserLocation
2023-01-22T16:10:35.545+01:00  INFO 5507 --- [    Test worker] tourGuide.service.LocationService        : VisitedLocation returned by trackUserLocation
2023-01-22T16:10:35.545+01:00  INFO 5507 --- [    Test worker] tourGuide.service.LocationService        : VisitedLocation returned by trackUserLocation
2023-01-22T16:10:35.546+01:00  INFO 5507 --- [    Test worker] tourGuide.service.LocationService        : VisitedLocation returned by trackUserLocation
2023-01-22T16:10:35.546+01:00  INFO 5507 --- [    Test worker] tourGuide.service.LocationService        : VisitedLocation returned by trackUserLocation
2023-01-22T16:10:35.546+01:00  INFO 5507 --- [    Test worker] tourGuide.service.LocationService        : VisitedLocation returned by trackUserLocation
2023-01-22T16:10:35.546+01:00  INFO 5507 --- [    Test worker] tourGuide.service.LocationService        : VisitedLocation returned by trackUserLocation
2023-01-22T16:10:35.546+01:00  INFO 5507 --- [    Test worker] tourGuide.service.LocationService        : VisitedLocation returned by trackUserLocation
2023-01-22T16:10:35.546+01:00  INFO 5507 --- [    Test worker] tourGuide.service.LocationService        : VisitedLocation returned by trackUserLocation
2023-01-22T16:10:35.546+01:00  INFO 5507 --- [    Test worker] tourGuide.service.LocationService        : VisitedLocation returned by trackUserLocation
2023-01-22T16:10:35.546+01:00  INFO 5507 --- [    Test worker] tourGuide.service.LocationService        : VisitedLocation returned by trackUserLocation
2023-01-22T16:10:35.546+01:00  INFO 5507 --- [    Test worker] tourGuide.service.LocationService        : VisitedLocation returned by trackUserLocation
2023-01-22T16:10:35.546+01:00  INFO 5507 --- [    Test worker] tourGuide.service.LocationService        : VisitedLocation returned by trackUserLocation
2023-01-22T16:10:35.547+01:00  INFO 5507 --- [    Test worker] tourGuide.service.LocationService        : VisitedLocation returned by trackUserLocation
2023-01-22T16:10:35.547+01:00  INFO 5507 --- [    Test worker] tourGuide.service.LocationService        : VisitedLocation returned by trackUserLocation
2023-01-22T16:10:35.547+01:00  INFO 5507 --- [    Test worker] tourGuide.service.LocationService        : VisitedLocation returned by trackUserLocation
2023-01-22T16:10:35.547+01:00  INFO 5507 --- [    Test worker] tourGuide.service.LocationService        : VisitedLocation returned by trackUserLocation
2023-01-22T16:10:35.547+01:00  INFO 5507 --- [    Test worker] tourGuide.service.LocationService        : VisitedLocation returned by trackUserLocation
2023-01-22T16:10:35.547+01:00  INFO 5507 --- [    Test worker] tourGuide.service.LocationService        : VisitedLocation returned by trackUserLocation
2023-01-22T16:10:35.547+01:00  INFO 5507 --- [    Test worker] tourGuide.service.LocationService        : VisitedLocation returned by trackUserLocation
2023-01-22T16:10:35.547+01:00  INFO 5507 --- [    Test worker] tourGuide.service.LocationService        : VisitedLocation returned by trackUserLocation
2023-01-22T16:10:35.547+01:00  INFO 5507 --- [    Test worker] tourGuide.service.LocationService        : VisitedLocation returned by trackUserLocation
2023-01-22T16:10:35.547+01:00  INFO 5507 --- [    Test worker] tourGuide.service.LocationService        : VisitedLocation returned by trackUserLocation
2023-01-22T16:10:35.547+01:00  INFO 5507 --- [    Test worker] tourGuide.service.LocationService        : VisitedLocation returned by trackUserLocation
2023-01-22T16:10:35.548+01:00  INFO 5507 --- [    Test worker] tourGuide.service.LocationService        : VisitedLocation returned by trackUserLocation
2023-01-22T16:10:35.559+01:00  INFO 5507 --- [pool-3-thread-1] tourGuide.service.RewardsService         : nearAttraction called with Disneyland
2023-01-22T16:10:35.560+01:00  INFO 5507 --- [pool-3-thread-1] tourGuide.service.RewardsService         : getDistance called
2023-01-22T16:10:35.559+01:00  INFO 5507 --- [pool-3-thread-3] tourGuide.service.RewardsService         : nearAttraction called with Disneyland
2023-01-22T16:10:35.560+01:00  INFO 5507 --- [pool-3-thread-3] tourGuide.service.RewardsService         : getDistance called
2023-01-22T16:10:35.560+01:00  INFO 5507 --- [pool-3-thread-4] tourGuide.service.RewardsService         : nearAttraction called with Jackson Hole
2023-01-22T16:10:35.561+01:00  INFO 5507 --- [pool-3-thread-4] tourGuide.service.RewardsService         : getDistance called
2023-01-22T16:10:35.562+01:00  INFO 5507 --- [pool-3-thread-6] tourGuide.service.RewardsService         : nearAttraction called with Mojave National Preserve
2023-01-22T16:10:35.562+01:00  INFO 5507 --- [pool-3-thread-6] tourGuide.service.RewardsService         : getDistance called
2023-01-22T16:10:35.565+01:00  INFO 5507 --- [pool-3-thread-8] tourGuide.service.RewardsService         : nearAttraction called with Joshua Tree National Park
2023-01-22T16:10:35.565+01:00  INFO 5507 --- [pool-3-thread-8] tourGuide.service.RewardsService         : getDistance called
2023-01-22T16:10:35.567+01:00  INFO 5507 --- [pool-3-thread-9] tourGuide.service.RewardsService         : nearAttraction called with Buffalo National River
2023-01-22T16:10:35.568+01:00  INFO 5507 --- [pool-3-thread-9] tourGuide.service.RewardsService         : getDistance called
2023-01-22T16:10:35.568+01:00  INFO 5507 --- [ool-3-thread-12] tourGuide.service.RewardsService         : nearAttraction called with Hot Springs National Park
2023-01-22T16:10:35.568+01:00  INFO 5507 --- [ool-3-thread-12] tourGuide.service.RewardsService         : getDistance called
2023-01-22T16:10:35.569+01:00  INFO 5507 --- [pool-3-thread-5] tourGuide.service.RewardsService         : nearAttraction called with Jackson Hole
2023-01-22T16:10:35.570+01:00  INFO 5507 --- [pool-3-thread-5] tourGuide.service.RewardsService         : getDistance called
2023-01-22T16:10:35.571+01:00  INFO 5507 --- [ool-3-thread-19] tourGuide.service.RewardsService         : nearAttraction called with Mojave National Preserve
2023-01-22T16:10:35.571+01:00  INFO 5507 --- [ool-3-thread-19] tourGuide.service.RewardsService         : getDistance called
2023-01-22T16:10:35.572+01:00  INFO 5507 --- [pool-3-thread-2] tourGuide.service.RewardsService         : nearAttraction called with Disneyland
2023-01-22T16:10:35.572+01:00  INFO 5507 --- [pool-3-thread-2] tourGuide.service.RewardsService         : getDistance called
2023-01-22T16:10:35.573+01:00  INFO 5507 --- [ool-3-thread-21] tourGuide.service.RewardsService         : nearAttraction called with Jackson Hole
2023-01-22T16:10:35.573+01:00  INFO 5507 --- [ool-3-thread-21] tourGuide.service.RewardsService         : getDistance called
2023-01-22T16:10:35.574+01:00  INFO 5507 --- [ool-3-thread-23] tourGuide.service.RewardsService         : nearAttraction called with Mojave National Preserve
2023-01-22T16:10:35.574+01:00  INFO 5507 --- [ool-3-thread-23] tourGuide.service.RewardsService         : getDistance called
2023-01-22T16:10:35.576+01:00  INFO 5507 --- [ool-3-thread-24] tourGuide.service.RewardsService         : nearAttraction called with Joshua Tree National Park
2023-01-22T16:10:35.577+01:00  INFO 5507 --- [ool-3-thread-24] tourGuide.service.RewardsService         : getDistance called
2023-01-22T16:10:35.579+01:00  INFO 5507 --- [ool-3-thread-26] tourGuide.service.RewardsService         : nearAttraction called with Buffalo National River
2023-01-22T16:10:35.579+01:00  INFO 5507 --- [ool-3-thread-26] tourGuide.service.RewardsService         : getDistance called
2023-01-22T16:10:35.580+01:00  INFO 5507 --- [ool-3-thread-29] tourGuide.service.RewardsService         : nearAttraction called with Hot Springs National Park
2023-01-22T16:10:35.581+01:00  INFO 5507 --- [ool-3-thread-29] tourGuide.service.RewardsService         : getDistance called
2023-01-22T16:10:35.582+01:00  INFO 5507 --- [ool-3-thread-33] tourGuide.service.RewardsService         : nearAttraction called with Kartchner Caverns State Park
2023-01-22T16:10:35.582+01:00  INFO 5507 --- [ool-3-thread-33] tourGuide.service.RewardsService         : getDistance called
2023-01-22T16:10:35.583+01:00  INFO 5507 --- [ool-3-thread-36] tourGuide.service.RewardsService         : nearAttraction called with Legend Valley
2023-01-22T16:10:35.583+01:00  INFO 5507 --- [ool-3-thread-36] tourGuide.service.RewardsService         : getDistance called
2023-01-22T16:10:35.584+01:00  INFO 5507 --- [ool-3-thread-37] tourGuide.service.RewardsService         : nearAttraction called with Flowers Bakery of London
2023-01-22T16:10:35.584+01:00  INFO 5507 --- [ool-3-thread-37] tourGuide.service.RewardsService         : getDistance called
2023-01-22T16:10:35.584+01:00  INFO 5507 --- [ool-3-thread-38] tourGuide.service.RewardsService         : nearAttraction called with Disneyland
2023-01-22T16:10:35.584+01:00  INFO 5507 --- [ool-3-thread-38] tourGuide.service.RewardsService         : getDistance called
2023-01-22T16:10:35.584+01:00  INFO 5507 --- [ool-3-thread-41] tourGuide.service.RewardsService         : nearAttraction called with Jackson Hole
2023-01-22T16:10:35.585+01:00  INFO 5507 --- [ool-3-thread-41] tourGuide.service.RewardsService         : getDistance called
2023-01-22T16:10:35.585+01:00  INFO 5507 --- [ool-3-thread-42] tourGuide.service.RewardsService         : nearAttraction called with Mojave National Preserve
2023-01-22T16:10:35.585+01:00  INFO 5507 --- [ool-3-thread-42] tourGuide.service.RewardsService         : getDistance called
2023-01-22T16:10:35.585+01:00  INFO 5507 --- [ool-3-thread-44] tourGuide.service.RewardsService         : nearAttraction called with Joshua Tree National Park
2023-01-22T16:10:35.585+01:00  INFO 5507 --- [ool-3-thread-44] tourGuide.service.RewardsService         : getDistance called
2023-01-22T16:10:35.586+01:00  INFO 5507 --- [ool-3-thread-13] tourGuide.service.RewardsService         : nearAttraction called with Disneyland
2023-01-22T16:10:35.586+01:00  INFO 5507 --- [ool-3-thread-13] tourGuide.service.RewardsService         : getDistance called
2023-01-22T16:10:35.586+01:00  INFO 5507 --- [ool-3-thread-14] tourGuide.service.RewardsService         : nearAttraction called with Disneyland
2023-01-22T16:10:35.586+01:00  INFO 5507 --- [ool-3-thread-14] tourGuide.service.RewardsService         : getDistance called
2023-01-22T16:10:35.587+01:00  INFO 5507 --- [ool-3-thread-47] tourGuide.service.RewardsService         : nearAttraction called with Jackson Hole
2023-01-22T16:10:35.587+01:00  INFO 5507 --- [ool-3-thread-47] tourGuide.service.RewardsService         : getDistance called
2023-01-22T16:10:35.588+01:00  INFO 5507 --- [ool-3-thread-48] tourGuide.service.RewardsService         : nearAttraction called with Mojave National Preserve
2023-01-22T16:10:35.588+01:00  INFO 5507 --- [ool-3-thread-48] tourGuide.service.RewardsService         : getDistance called
2023-01-22T16:10:35.588+01:00  INFO 5507 --- [ool-3-thread-27] tourGuide.service.RewardsService         : nearAttraction called with Disneyland
2023-01-22T16:10:35.589+01:00  INFO 5507 --- [ool-3-thread-27] tourGuide.service.RewardsService         : getDistance called
2023-01-22T16:10:35.589+01:00  INFO 5507 --- [ool-3-thread-28] tourGuide.service.RewardsService         : nearAttraction called with Disneyland
2023-01-22T16:10:35.589+01:00  INFO 5507 --- [ool-3-thread-28] tourGuide.service.RewardsService         : getDistance called
2023-01-22T16:10:35.589+01:00  INFO 5507 --- [ool-3-thread-54] tourGuide.service.RewardsService         : nearAttraction called with Jackson Hole
2023-01-22T16:10:35.590+01:00  INFO 5507 --- [ool-3-thread-54] tourGuide.service.RewardsService         : getDistance called
2023-01-22T16:10:35.590+01:00  INFO 5507 --- [ool-3-thread-55] tourGuide.service.RewardsService         : nearAttraction called with Mojave National Preserve
2023-01-22T16:10:35.590+01:00  INFO 5507 --- [ool-3-thread-55] tourGuide.service.RewardsService         : getDistance called
2023-01-22T16:10:35.591+01:00  INFO 5507 --- [ool-3-thread-31] tourGuide.service.RewardsService         : nearAttraction called with Disneyland
2023-01-22T16:10:35.591+01:00  INFO 5507 --- [ool-3-thread-31] tourGuide.service.RewardsService         : getDistance called
2023-01-22T16:10:35.591+01:00  INFO 5507 --- [ool-3-thread-32] tourGuide.service.RewardsService         : nearAttraction called with Disneyland
2023-01-22T16:10:35.591+01:00  INFO 5507 --- [ool-3-thread-32] tourGuide.service.RewardsService         : getDistance called
2023-01-22T16:10:35.592+01:00  INFO 5507 --- [ool-3-thread-59] tourGuide.service.RewardsService         : nearAttraction called with Jackson Hole
2023-01-22T16:10:35.592+01:00  INFO 5507 --- [ool-3-thread-34] tourGuide.service.RewardsService         : nearAttraction called with Disneyland
2023-01-22T16:10:35.592+01:00  INFO 5507 --- [ool-3-thread-34] tourGuide.service.RewardsService         : getDistance called
2023-01-22T16:10:35.592+01:00  INFO 5507 --- [ool-3-thread-59] tourGuide.service.RewardsService         : getDistance called
2023-01-22T16:10:35.592+01:00  INFO 5507 --- [ool-3-thread-35] tourGuide.service.RewardsService         : nearAttraction called with Disneyland
2023-01-22T16:10:35.593+01:00  INFO 5507 --- [ool-3-thread-35] tourGuide.service.RewardsService         : getDistance called
2023-01-22T16:10:35.593+01:00  INFO 5507 --- [ool-3-thread-62] tourGuide.service.RewardsService         : nearAttraction called with Jackson Hole
2023-01-22T16:10:35.593+01:00  INFO 5507 --- [ool-3-thread-62] tourGuide.service.RewardsService         : getDistance called
2023-01-22T16:10:35.593+01:00  INFO 5507 --- [ool-3-thread-63] tourGuide.service.RewardsService         : nearAttraction called with Mojave National Preserve
2023-01-22T16:10:35.593+01:00  INFO 5507 --- [ool-3-thread-63] tourGuide.service.RewardsService         : getDistance called
2023-01-22T16:10:35.593+01:00  INFO 5507 --- [ool-3-thread-64] tourGuide.service.RewardsService         : nearAttraction called with Joshua Tree National Park
2023-01-22T16:10:35.594+01:00  INFO 5507 --- [ool-3-thread-64] tourGuide.service.RewardsService         : getDistance called
2023-01-22T16:10:35.594+01:00  INFO 5507 --- [ool-3-thread-67] tourGuide.service.RewardsService         : nearAttraction called with Jackson Hole
2023-01-22T16:10:35.594+01:00  INFO 5507 --- [ool-3-thread-67] tourGuide.service.RewardsService         : getDistance called
2023-01-22T16:10:35.594+01:00  INFO 5507 --- [ool-3-thread-10] tourGuide.service.RewardsService         : nearAttraction called with Disneyland
2023-01-22T16:10:35.595+01:00  INFO 5507 --- [ool-3-thread-10] tourGuide.service.RewardsService         : getDistance called
2023-01-22T16:10:35.595+01:00  INFO 5507 --- [pool-3-thread-1] tourGuide.service.RewardsService         : nearAttraction called with Jackson Hole
2023-01-22T16:10:35.595+01:00  INFO 5507 --- [ool-3-thread-10] tourGuide.service.RewardsService         : nearAttraction called with Disneyland
2023-01-22T16:10:35.595+01:00  INFO 5507 --- [ool-3-thread-10] tourGuide.service.RewardsService         : getDistance called
2023-01-22T16:10:35.595+01:00  INFO 5507 --- [pool-3-thread-1] tourGuide.service.RewardsService         : getDistance called
2023-01-22T16:10:35.595+01:00  INFO 5507 --- [ool-3-thread-68] tourGuide.service.RewardsService         : nearAttraction called with Mojave National Preserve
2023-01-22T16:10:35.596+01:00  INFO 5507 --- [pool-3-thread-1] tourGuide.service.RewardsService         : nearAttraction called with Joshua Tree National Park
2023-01-22T16:10:35.596+01:00  INFO 5507 --- [ool-3-thread-10] tourGuide.service.RewardsService         : nearAttraction called with Buffalo National River
2023-01-22T16:10:35.596+01:00  INFO 5507 --- [ool-3-thread-10] tourGuide.service.RewardsService         : getDistance called
2023-01-22T16:10:35.596+01:00  INFO 5507 --- [pool-3-thread-4] tourGuide.service.RewardsService         : nearAttraction called with Hot Springs National Park
2023-01-22T16:10:35.596+01:00  INFO 5507 --- [pool-3-thread-4] tourGuide.service.RewardsService         : getDistance called
2023-01-22T16:10:35.596+01:00  INFO 5507 --- [pool-3-thread-4] tourGuide.service.RewardsService         : nearAttraction called with Legend Valley
2023-01-22T16:10:35.596+01:00  INFO 5507 --- [pool-3-thread-4] tourGuide.service.RewardsService         : getDistance called
2023-01-22T16:10:35.596+01:00  INFO 5507 --- [pool-3-thread-6] tourGuide.service.RewardsService         : nearAttraction called with Flowers Bakery of London
2023-01-22T16:10:35.596+01:00  INFO 5507 --- [pool-3-thread-4] tourGuide.service.RewardsService         : nearAttraction called with McKinley Tower
2023-01-22T16:10:35.595+01:00  INFO 5507 --- [pool-3-thread-3] tourGuide.service.RewardsService         : nearAttraction called with Mojave National Preserve
2023-01-22T16:10:35.596+01:00  INFO 5507 --- [pool-3-thread-4] tourGuide.service.RewardsService         : getDistance called
2023-01-22T16:10:35.597+01:00  INFO 5507 --- [pool-3-thread-8] tourGuide.service.RewardsService         : nearAttraction called with Flatiron Building
2023-01-22T16:10:35.597+01:00  INFO 5507 --- [pool-3-thread-8] tourGuide.service.RewardsService         : getDistance called
2023-01-22T16:10:35.597+01:00  INFO 5507 --- [pool-3-thread-9] tourGuide.service.RewardsService         : nearAttraction called with Union Station
2023-01-22T16:10:35.597+01:00  INFO 5507 --- [pool-3-thread-9] tourGuide.service.RewardsService         : getDistance called
2023-01-22T16:10:35.597+01:00  INFO 5507 --- [pool-3-thread-9] tourGuide.service.RewardsService         : nearAttraction called with Texas Memorial Stadium
2023-01-22T16:10:35.596+01:00  INFO 5507 --- [ool-3-thread-68] tourGuide.service.RewardsService         : getDistance called
2023-01-22T16:10:35.597+01:00  INFO 5507 --- [ool-3-thread-12] tourGuide.service.RewardsService         : nearAttraction called with Bryant-Denny Stadium
2023-01-22T16:10:35.597+01:00  INFO 5507 --- [ool-3-thread-68] tourGuide.service.RewardsService         : nearAttraction called with Tiger Stadium
2023-01-22T16:10:35.597+01:00  INFO 5507 --- [ool-3-thread-12] tourGuide.service.RewardsService         : getDistance called
2023-01-22T16:10:35.597+01:00  INFO 5507 --- [ool-3-thread-68] tourGuide.service.RewardsService         : getDistance called
2023-01-22T16:10:35.597+01:00  INFO 5507 --- [ool-3-thread-12] tourGuide.service.RewardsService         : nearAttraction called with Neyland Stadium
2023-01-22T16:10:35.597+01:00  INFO 5507 --- [ool-3-thread-68] tourGuide.service.RewardsService         : nearAttraction called with Kyle Field
2023-01-22T16:10:35.597+01:00  INFO 5507 --- [ool-3-thread-68] tourGuide.service.RewardsService         : getDistance called
2023-01-22T16:10:35.596+01:00  INFO 5507 --- [pool-3-thread-1] tourGuide.service.RewardsService         : getDistance called
2023-01-22T16:10:35.598+01:00  INFO 5507 --- [ool-3-thread-68] tourGuide.service.RewardsService         : nearAttraction called with Zoo Tampa at Lowry Park
2023-01-22T16:10:35.598+01:00  INFO 5507 --- [ool-3-thread-68] tourGuide.service.RewardsService         : getDistance called
2023-01-22T16:10:35.598+01:00  INFO 5507 --- [ool-3-thread-43] tourGuide.service.RewardsService         : nearAttraction called with Disneyland
2023-01-22T16:10:35.598+01:00  INFO 5507 --- [ool-3-thread-43] tourGuide.service.RewardsService         : getDistance called
2023-01-22T16:10:35.598+01:00  INFO 5507 --- [pool-3-thread-2] tourGuide.service.RewardsService         : nearAttraction called with Bronx Zoo
2023-01-22T16:10:35.598+01:00  INFO 5507 --- [ool-3-thread-21] tourGuide.service.RewardsService         : nearAttraction called with Disneyland
2023-01-22T16:10:35.598+01:00  INFO 5507 --- [ool-3-thread-21] tourGuide.service.RewardsService         : getDistance called
2023-01-22T16:10:35.596+01:00  INFO 5507 --- [ool-3-thread-10] tourGuide.service.RewardsService         : nearAttraction called with Kartchner Caverns State Park
2023-01-22T16:10:35.598+01:00  INFO 5507 --- [ool-3-thread-21] tourGuide.service.RewardsService         : nearAttraction called with Jackson Hole
2023-01-22T16:10:35.598+01:00  INFO 5507 --- [ool-3-thread-10] tourGuide.service.RewardsService         : getDistance called
2023-01-22T16:10:35.596+01:00  INFO 5507 --- [pool-3-thread-6] tourGuide.service.RewardsService         : getDistance called
2023-01-22T16:10:35.599+01:00  INFO 5507 --- [ool-3-thread-10] tourGuide.service.RewardsService         : nearAttraction called with Joshua Tree National Park
2023-01-22T16:10:35.599+01:00  INFO 5507 --- [ool-3-thread-10] tourGuide.service.RewardsService         : getDistance called
2023-01-22T16:10:35.599+01:00  INFO 5507 --- [ool-3-thread-24] tourGuide.service.RewardsService         : nearAttraction called with Hot Springs National Park
2023-01-22T16:10:35.599+01:00  INFO 5507 --- [ool-3-thread-24] tourGuide.service.RewardsService         : getDistance called
2023-01-22T16:10:35.599+01:00  INFO 5507 --- [ool-3-thread-45] tourGuide.service.RewardsService         : nearAttraction called with Buffalo National River
2023-01-22T16:10:35.599+01:00  INFO 5507 --- [ool-3-thread-29] tourGuide.service.RewardsService         : nearAttraction called with McKinley Tower
2023-01-22T16:10:35.599+01:00  INFO 5507 --- [ool-3-thread-29] tourGuide.service.RewardsService         : getDistance called
2023-01-22T16:10:35.599+01:00  INFO 5507 --- [ool-3-thread-33] tourGuide.service.RewardsService         : nearAttraction called with Flatiron Building
2023-01-22T16:10:35.599+01:00  INFO 5507 --- [ool-3-thread-29] tourGuide.service.RewardsService         : nearAttraction called with Fallingwater
2023-01-22T16:10:35.599+01:00  INFO 5507 --- [ool-3-thread-33] tourGuide.service.RewardsService         : getDistance called
2023-01-22T16:10:35.599+01:00  INFO 5507 --- [ool-3-thread-33] tourGuide.service.RewardsService         : nearAttraction called with Union Station
2023-01-22T16:10:35.600+01:00  INFO 5507 --- [ool-3-thread-33] tourGuide.service.RewardsService         : getDistance called
2023-01-22T16:10:35.600+01:00  INFO 5507 --- [ool-3-thread-36] tourGuide.service.RewardsService         : nearAttraction called with Roger Dean Stadium
2023-01-22T16:10:35.600+01:00  INFO 5507 --- [ool-3-thread-36] tourGuide.service.RewardsService         : getDistance called
2023-01-22T16:10:35.600+01:00  INFO 5507 --- [ool-3-thread-37] tourGuide.service.RewardsService         : nearAttraction called with Bryant-Denny Stadium
2023-01-22T16:10:35.600+01:00  INFO 5507 --- [ool-3-thread-37] tourGuide.service.RewardsService         : getDistance called
2023-01-22T16:10:35.600+01:00  INFO 5507 --- [ool-3-thread-38] tourGuide.service.RewardsService         : nearAttraction called with Neyland Stadium
2023-01-22T16:10:35.600+01:00  INFO 5507 --- [ool-3-thread-38] tourGuide.service.RewardsService         : getDistance called
2023-01-22T16:10:35.600+01:00  INFO 5507 --- [ool-3-thread-41] tourGuide.service.RewardsService         : nearAttraction called with San Diego Zoo
2023-01-22T16:10:35.596+01:00  INFO 5507 --- [pool-3-thread-3] tourGuide.service.RewardsService         : getDistance called
2023-01-22T16:10:35.600+01:00  INFO 5507 --- [ool-3-thread-25] tourGuide.service.RewardsService         : nearAttraction called with Disneyland
2023-01-22T16:10:35.601+01:00  INFO 5507 --- [pool-3-thread-3] tourGuide.service.RewardsService         : nearAttraction called with El Paso Zoo
2023-01-22T16:10:35.601+01:00  INFO 5507 --- [ool-3-thread-42] tourGuide.service.RewardsService         : nearAttraction called with Franklin Park Zoo
2023-01-22T16:10:35.601+01:00  INFO 5507 --- [ool-3-thread-42] tourGuide.service.RewardsService         : getDistance called
2023-01-22T16:10:35.601+01:00  INFO 5507 --- [ool-3-thread-44] tourGuide.service.RewardsService         : nearAttraction called with Kansas City Zoo
2023-01-22T16:10:35.601+01:00  INFO 5507 --- [ool-3-thread-42] tourGuide.service.RewardsService         : nearAttraction called with Bronx Zoo
2023-01-22T16:10:35.597+01:00  INFO 5507 --- [pool-3-thread-4] tourGuide.service.RewardsService         : nearAttraction called with Fallingwater
2023-01-22T16:10:35.601+01:00  INFO 5507 --- [pool-3-thread-4] tourGuide.service.RewardsService         : getDistance called
2023-01-22T16:10:35.601+01:00  INFO 5507 --- [ool-3-thread-49] tourGuide.service.RewardsService         : nearAttraction called with Disneyland
2023-01-22T16:10:35.601+01:00  INFO 5507 --- [ool-3-thread-49] tourGuide.service.RewardsService         : getDistance called
2023-01-22T16:10:35.601+01:00  INFO 5507 --- [ool-3-thread-47] tourGuide.service.RewardsService         : nearAttraction called with Hot Springs National Park
2023-01-22T16:10:35.601+01:00  INFO 5507 --- [ool-3-thread-49] tourGuide.service.RewardsService         : nearAttraction called with Kartchner Caverns State Park
2023-01-22T16:10:35.597+01:00  INFO 5507 --- [ool-3-thread-11] tourGuide.service.RewardsService         : nearAttraction called with Disneyland
2023-01-22T16:10:35.602+01:00  INFO 5507 --- [ool-3-thread-48] tourGuide.service.RewardsService         : nearAttraction called with Legend Valley
2023-01-22T16:10:35.602+01:00  INFO 5507 --- [ool-3-thread-48] tourGuide.service.RewardsService         : getDistance called
2023-01-22T16:10:35.602+01:00  INFO 5507 --- [ool-3-thread-48] tourGuide.service.RewardsService         : nearAttraction called with Flowers Bakery of London
2023-01-22T16:10:35.602+01:00  INFO 5507 --- [ool-3-thread-48] tourGuide.service.RewardsService         : getDistance called
2023-01-22T16:10:35.602+01:00  INFO 5507 --- [ool-3-thread-48] tourGuide.service.RewardsService         : nearAttraction called with Flatiron Building
2023-01-22T16:10:35.602+01:00  INFO 5507 --- [ool-3-thread-48] tourGuide.service.RewardsService         : getDistance called
2023-01-22T16:10:35.602+01:00  INFO 5507 --- [ool-3-thread-48] tourGuide.service.RewardsService         : nearAttraction called with Fallingwater
2023-01-22T16:10:35.602+01:00  INFO 5507 --- [ool-3-thread-48] tourGuide.service.RewardsService         : getDistance called
2023-01-22T16:10:35.602+01:00  INFO 5507 --- [ool-3-thread-48] tourGuide.service.RewardsService         : nearAttraction called with Roger Dean Stadium
2023-01-22T16:10:35.603+01:00  INFO 5507 --- [ool-3-thread-48] tourGuide.service.RewardsService         : getDistance called
2023-01-22T16:10:35.603+01:00  INFO 5507 --- [ool-3-thread-54] tourGuide.service.RewardsService         : nearAttraction called with Texas Memorial Stadium
2023-01-22T16:10:35.603+01:00  INFO 5507 --- [ool-3-thread-54] tourGuide.service.RewardsService         : getDistance called
2023-01-22T16:10:35.603+01:00  INFO 5507 --- [ool-3-thread-50] tourGuide.service.RewardsService         : nearAttraction called with Joshua Tree National Park
2023-01-22T16:10:35.603+01:00  INFO 5507 --- [ool-3-thread-50] tourGuide.service.RewardsService         : getDistance called
2023-01-22T16:10:35.603+01:00  INFO 5507 --- [ool-3-thread-55] tourGuide.service.RewardsService         : nearAttraction called with Neyland Stadium
2023-01-22T16:10:35.603+01:00  INFO 5507 --- [ool-3-thread-50] tourGuide.service.RewardsService         : nearAttraction called with Kyle Field
2023-01-22T16:10:35.603+01:00  INFO 5507 --- [ool-3-thread-55] tourGuide.service.RewardsService         : getDistance called
2023-01-22T16:10:35.603+01:00  INFO 5507 --- [ool-3-thread-50] tourGuide.service.RewardsService         : getDistance called
2023-01-22T16:10:35.603+01:00  INFO 5507 --- [ool-3-thread-55] tourGuide.service.RewardsService         : nearAttraction called with San Diego Zoo
2023-01-22T16:10:35.603+01:00  INFO 5507 --- [ool-3-thread-55] tourGuide.service.RewardsService         : getDistance called
2023-01-22T16:10:35.603+01:00  INFO 5507 --- [ool-3-thread-31] tourGuide.service.RewardsService         : nearAttraction called with Franklin Park Zoo
2023-01-22T16:10:35.597+01:00  INFO 5507 --- [pool-3-thread-8] tourGuide.service.RewardsService         : nearAttraction called with Roger Dean Stadium
2023-01-22T16:10:35.604+01:00  INFO 5507 --- [ool-3-thread-31] tourGuide.service.RewardsService         : getDistance called
2023-01-22T16:10:35.604+01:00  INFO 5507 --- [ool-3-thread-31] tourGuide.service.RewardsService         : nearAttraction called with Kansas City Zoo
2023-01-22T16:10:35.604+01:00  INFO 5507 --- [ool-3-thread-32] tourGuide.service.RewardsService         : nearAttraction called with Bronx Zoo
2023-01-22T16:10:35.604+01:00  INFO 5507 --- [ool-3-thread-31] tourGuide.service.RewardsService         : getDistance called
2023-01-22T16:10:35.604+01:00  INFO 5507 --- [ool-3-thread-32] tourGuide.service.RewardsService         : getDistance called
2023-01-22T16:10:35.604+01:00  INFO 5507 --- [ool-3-thread-31] tourGuide.service.RewardsService         : nearAttraction called with Cinderella Castle
2023-01-22T16:10:35.597+01:00  INFO 5507 --- [pool-3-thread-9] tourGuide.service.RewardsService         : getDistance called
2023-01-22T16:10:35.604+01:00  INFO 5507 --- [ool-3-thread-31] tourGuide.service.RewardsService         : getDistance called
2023-01-22T16:10:35.604+01:00  INFO 5507 --- [pool-3-thread-9] tourGuide.service.RewardsService         : nearAttraction called with Jackson Hole
2023-01-22T16:10:35.604+01:00  INFO 5507 --- [pool-3-thread-9] tourGuide.service.RewardsService         : getDistance called
2023-01-22T16:10:35.604+01:00  INFO 5507 --- [ool-3-thread-51] tourGuide.service.RewardsService         : nearAttraction called with Disneyland
2023-01-22T16:10:35.597+01:00  INFO 5507 --- [ool-3-thread-12] tourGuide.service.RewardsService         : getDistance called
2023-01-22T16:10:35.604+01:00  INFO 5507 --- [ool-3-thread-59] tourGuide.service.RewardsService         : nearAttraction called with Hot Springs National Park
2023-01-22T16:10:35.604+01:00  INFO 5507 --- [ool-3-thread-35] tourGuide.service.RewardsService         : nearAttraction called with Legend Valley
2023-01-22T16:10:35.598+01:00  INFO 5507 --- [pool-3-thread-5] tourGuide.service.RewardsService         : nearAttraction called with San Diego Zoo
2023-01-22T16:10:35.605+01:00  INFO 5507 --- [ool-3-thread-62] tourGuide.service.RewardsService         : nearAttraction called with Flowers Bakery of London
2023-01-22T16:10:35.605+01:00  INFO 5507 --- [ool-3-thread-52] tourGuide.service.RewardsService         : nearAttraction called with Jackson Hole
2023-01-22T16:10:35.605+01:00  INFO 5507 --- [ool-3-thread-64] tourGuide.service.RewardsService         : nearAttraction called with Flatiron Building
2023-01-22T16:10:35.605+01:00  INFO 5507 --- [ool-3-thread-67] tourGuide.service.RewardsService         : nearAttraction called with Fallingwater
2023-01-22T16:10:35.598+01:00  INFO 5507 --- [pool-3-thread-1] tourGuide.service.RewardsService         : nearAttraction called with Franklin Park Zoo
2023-01-22T16:10:35.605+01:00  INFO 5507 --- [ool-3-thread-67] tourGuide.service.RewardsService         : getDistance called
2023-01-22T16:10:35.605+01:00  INFO 5507 --- [ool-3-thread-67] tourGuide.service.RewardsService         : nearAttraction called with Union Station
2023-01-22T16:10:35.598+01:00  INFO 5507 --- [ool-3-thread-68] tourGuide.service.RewardsService         : nearAttraction called with El Paso Zoo
2023-01-22T16:10:35.598+01:00  INFO 5507 --- [ool-3-thread-19] tourGuide.service.RewardsService         : nearAttraction called with Kansas City Zoo
2023-01-22T16:10:35.598+01:00  INFO 5507 --- [ool-3-thread-43] tourGuide.service.RewardsService         : nearAttraction called with Cinderella Castle
2023-01-22T16:10:35.598+01:00  INFO 5507 --- [pool-3-thread-2] tourGuide.service.RewardsService         : getDistance called
2023-01-22T16:10:35.606+01:00  INFO 5507 --- [ool-3-thread-56] tourGuide.service.RewardsService         : nearAttraction called with Disneyland
2023-01-22T16:10:35.598+01:00  INFO 5507 --- [ool-3-thread-22] tourGuide.service.RewardsService         : nearAttraction called with Disneyland
2023-01-22T16:10:35.598+01:00  INFO 5507 --- [ool-3-thread-21] tourGuide.service.RewardsService         : getDistance called
2023-01-22T16:10:35.598+01:00  INFO 5507 --- [ool-3-thread-23] tourGuide.service.RewardsService         : nearAttraction called with Mojave National Preserve
2023-01-22T16:10:35.599+01:00  INFO 5507 --- [pool-3-thread-6] tourGuide.service.RewardsService         : nearAttraction called with Buffalo National River
2023-01-22T16:10:35.599+01:00  INFO 5507 --- [ool-3-thread-10] tourGuide.service.RewardsService         : nearAttraction called with Kartchner Caverns State Park
2023-01-22T16:10:35.599+01:00  INFO 5507 --- [ool-3-thread-24] tourGuide.service.RewardsService         : nearAttraction called with Legend Valley
2023-01-22T16:10:35.606+01:00  INFO 5507 --- [ool-3-thread-10] tourGuide.service.RewardsService         : getDistance called
2023-01-22T16:10:35.606+01:00  INFO 5507 --- [ool-3-thread-24] tourGuide.service.RewardsService         : getDistance called
2023-01-22T16:10:35.599+01:00  INFO 5507 --- [ool-3-thread-26] tourGuide.service.RewardsService         : nearAttraction called with Flowers Bakery of London
2023-01-22T16:10:35.599+01:00  INFO 5507 --- [ool-3-thread-45] tourGuide.service.RewardsService         : getDistance called
2023-01-22T16:10:35.599+01:00  INFO 5507 --- [ool-3-thread-29] tourGuide.service.RewardsService         : getDistance called
2023-01-22T16:10:35.600+01:00  INFO 5507 --- [ool-3-thread-46] tourGuide.service.RewardsService         : nearAttraction called with Jackson Hole
2023-01-22T16:10:35.600+01:00  INFO 5507 --- [ool-3-thread-33] tourGuide.service.RewardsService         : nearAttraction called with Texas Memorial Stadium
2023-01-22T16:10:35.600+01:00  INFO 5507 --- [ool-3-thread-36] tourGuide.service.RewardsService         : nearAttraction called with Tiger Stadium
2023-01-22T16:10:35.600+01:00  INFO 5507 --- [ool-3-thread-37] tourGuide.service.RewardsService         : nearAttraction called with Kyle Field
2023-01-22T16:10:35.600+01:00  INFO 5507 --- [ool-3-thread-38] tourGuide.service.RewardsService         : nearAttraction called with Zoo Tampa at Lowry Park
2023-01-22T16:10:35.600+01:00  INFO 5507 --- [ool-3-thread-41] tourGuide.service.RewardsService         : getDistance called
2023-01-22T16:10:35.607+01:00  INFO 5507 --- [ool-3-thread-38] tourGuide.service.RewardsService         : getDistance called
2023-01-22T16:10:35.601+01:00  INFO 5507 --- [ool-3-thread-25] tourGuide.service.RewardsService         : getDistance called
2023-01-22T16:10:35.607+01:00  INFO 5507 --- [ool-3-thread-38] tourGuide.service.RewardsService         : nearAttraction called with Zoo Tampa at Lowry Park
2023-01-22T16:10:35.601+01:00  INFO 5507 --- [pool-3-thread-3] tourGuide.service.RewardsService         : getDistance called
2023-01-22T16:10:35.601+01:00  INFO 5507 --- [ool-3-thread-44] tourGuide.service.RewardsService         : getDistance called
2023-01-22T16:10:35.601+01:00  INFO 5507 --- [ool-3-thread-42] tourGuide.service.RewardsService         : getDistance called
2023-01-22T16:10:35.601+01:00  INFO 5507 --- [ool-3-thread-13] tourGuide.service.RewardsService         : nearAttraction called with Cinderella Castle
2023-01-22T16:10:35.601+01:00  INFO 5507 --- [pool-3-thread-4] tourGuide.service.RewardsService         : nearAttraction called with Buffalo National River
2023-01-22T16:10:35.618+01:00  INFO 5507 --- [pool-3-thread-4] tourGuide.service.RewardsService         : getDistance called
2023-01-22T16:10:35.601+01:00  INFO 5507 --- [ool-3-thread-14] tourGuide.service.RewardsService         : nearAttraction called with Joshua Tree National Park
2023-01-22T16:10:35.601+01:00  INFO 5507 --- [ool-3-thread-47] tourGuide.service.RewardsService         : getDistance called
2023-01-22T16:10:35.602+01:00  INFO 5507 --- [ool-3-thread-49] tourGuide.service.RewardsService         : getDistance called
2023-01-22T16:10:35.618+01:00  INFO 5507 --- [ool-3-thread-47] tourGuide.service.RewardsService         : nearAttraction called with Disneyland
2023-01-22T16:10:35.602+01:00  INFO 5507 --- [ool-3-thread-11] tourGuide.service.RewardsService         : getDistance called
2023-01-22T16:10:35.602+01:00  INFO 5507 --- [ool-3-thread-15] tourGuide.service.RewardsService         : nearAttraction called with Disneyland
2023-01-22T16:10:35.602+01:00  INFO 5507 --- [ool-3-thread-27] tourGuide.service.RewardsService         : nearAttraction called with McKinley Tower
2023-01-22T16:10:35.602+01:00  INFO 5507 --- [ool-3-thread-28] tourGuide.service.RewardsService         : nearAttraction called with Union Station
2023-01-22T16:10:35.618+01:00  INFO 5507 --- [ool-3-thread-27] tourGuide.service.RewardsService         : getDistance called
2023-01-22T16:10:35.603+01:00  INFO 5507 --- [ool-3-thread-48] tourGuide.service.RewardsService         : nearAttraction called with Bryant-Denny Stadium
2023-01-22T16:10:35.603+01:00  INFO 5507 --- [ool-3-thread-54] tourGuide.service.RewardsService         : nearAttraction called with Tiger Stadium
2023-01-22T16:10:35.603+01:00  INFO 5507 --- [ool-3-thread-50] tourGuide.service.RewardsService         : nearAttraction called with Zoo Tampa at Lowry Park
2023-01-22T16:10:35.603+01:00  INFO 5507 --- [ool-3-thread-55] tourGuide.service.RewardsService         : nearAttraction called with El Paso Zoo
2023-01-22T16:10:35.604+01:00  INFO 5507 --- [pool-3-thread-8] tourGuide.service.RewardsService         : getDistance called
2023-01-22T16:10:35.604+01:00  INFO 5507 --- [ool-3-thread-32] tourGuide.service.RewardsService         : nearAttraction called with Disneyland
2023-01-22T16:10:35.619+01:00  INFO 5507 --- [pool-3-thread-8] tourGuide.service.RewardsService         : nearAttraction called with Buffalo National River
2023-01-22T16:10:35.619+01:00  INFO 5507 --- [ool-3-thread-32] tourGuide.service.RewardsService         : getDistance called
2023-01-22T16:10:35.604+01:00  INFO 5507 --- [ool-3-thread-31] tourGuide.service.RewardsService         : nearAttraction called with Mojave National Preserve
2023-01-22T16:10:35.604+01:00  INFO 5507 --- [ool-3-thread-34] tourGuide.service.RewardsService         : nearAttraction called with Joshua Tree National Park
2023-01-22T16:10:35.619+01:00  INFO 5507 --- [ool-3-thread-31] tourGuide.service.RewardsService         : getDistance called
2023-01-22T16:10:35.604+01:00  INFO 5507 --- [pool-3-thread-9] tourGuide.service.RewardsService         : nearAttraction called with Buffalo National River
2023-01-22T16:10:35.619+01:00  INFO 5507 --- [ool-3-thread-31] tourGuide.service.RewardsService         : nearAttraction called with Kartchner Caverns State Park
2023-01-22T16:10:35.604+01:00  INFO 5507 --- [ool-3-thread-51] tourGuide.service.RewardsService         : getDistance called
2023-01-22T16:10:35.604+01:00  INFO 5507 --- [ool-3-thread-12] tourGuide.service.RewardsService         : nearAttraction called with Kartchner Caverns State Park
2023-01-22T16:10:35.604+01:00  INFO 5507 --- [ool-3-thread-59] tourGuide.service.RewardsService         : getDistance called
2023-01-22T16:10:35.604+01:00  INFO 5507 --- [ool-3-thread-35] tourGuide.service.RewardsService         : getDistance called
2023-01-22T16:10:35.605+01:00  INFO 5507 --- [pool-3-thread-5] tourGuide.service.RewardsService         : getDistance called
2023-01-22T16:10:35.605+01:00  INFO 5507 --- [ool-3-thread-62] tourGuide.service.RewardsService         : getDistance called
2023-01-22T16:10:35.620+01:00  INFO 5507 --- [pool-3-thread-5] tourGuide.service.RewardsService         : nearAttraction called with Flatiron Building
2023-01-22T16:10:35.605+01:00  INFO 5507 --- [ool-3-thread-63] tourGuide.service.RewardsService         : nearAttraction called with McKinley Tower
2023-01-22T16:10:35.620+01:00  INFO 5507 --- [pool-3-thread-5] tourGuide.service.RewardsService         : getDistance called
2023-01-22T16:10:35.620+01:00  INFO 5507 --- [ool-3-thread-62] tourGuide.service.RewardsService         : nearAttraction called with Fallingwater
2023-01-22T16:10:35.620+01:00  INFO 5507 --- [pool-3-thread-5] tourGuide.service.RewardsService         : nearAttraction called with Union Station
2023-01-22T16:10:35.605+01:00  INFO 5507 --- [ool-3-thread-52] tourGuide.service.RewardsService         : getDistance called
2023-01-22T16:10:35.605+01:00  INFO 5507 --- [ool-3-thread-64] tourGuide.service.RewardsService         : getDistance called
2023-01-22T16:10:35.605+01:00  INFO 5507 --- [ool-3-thread-53] tourGuide.service.RewardsService         : nearAttraction called with Disneyland
2023-01-22T16:10:35.605+01:00  INFO 5507 --- [pool-3-thread-1] tourGuide.service.RewardsService         : getDistance called
2023-01-22T16:10:35.605+01:00  INFO 5507 --- [ool-3-thread-67] tourGuide.service.RewardsService         : getDistance called
2023-01-22T16:10:35.620+01:00  INFO 5507 --- [pool-3-thread-1] tourGuide.service.RewardsService         : nearAttraction called with Bryant-Denny Stadium
2023-01-22T16:10:35.605+01:00  INFO 5507 --- [ool-3-thread-68] tourGuide.service.RewardsService         : getDistance called
2023-01-22T16:10:35.605+01:00  INFO 5507 --- [ool-3-thread-16] tourGuide.service.RewardsService         : nearAttraction called with Disneyland
2023-01-22T16:10:35.605+01:00  INFO 5507 --- [ool-3-thread-19] tourGuide.service.RewardsService         : getDistance called
2023-01-22T16:10:35.605+01:00  INFO 5507 --- [ool-3-thread-43] tourGuide.service.RewardsService         : getDistance called
2023-01-22T16:10:35.606+01:00  INFO 5507 --- [ool-3-thread-30] tourGuide.service.RewardsService         : nearAttraction called with Disneyland
2023-01-22T16:10:35.621+01:00  INFO 5507 --- [ool-3-thread-43] tourGuide.service.RewardsService         : nearAttraction called with San Diego Zoo
2023-01-22T16:10:35.621+01:00  INFO 5507 --- [ool-3-thread-30] tourGuide.service.RewardsService         : getDistance called
2023-01-22T16:10:35.606+01:00  INFO 5507 --- [pool-3-thread-2] tourGuide.service.RewardsService         : nearAttraction called with Roger Dean Stadium
2023-01-22T16:10:35.621+01:00  INFO 5507 --- [ool-3-thread-30] tourGuide.service.RewardsService         : nearAttraction called with Zoo Tampa at Lowry Park
2023-01-22T16:10:35.621+01:00  INFO 5507 --- [pool-3-thread-2] tourGuide.service.RewardsService         : getDistance called
2023-01-22T16:10:35.606+01:00  INFO 5507 --- [ool-3-thread-56] tourGuide.service.RewardsService         : getDistance called
2023-01-22T16:10:35.621+01:00  INFO 5507 --- [pool-3-thread-2] tourGuide.service.RewardsService         : nearAttraction called with Franklin Park Zoo
2023-01-22T16:10:35.606+01:00  INFO 5507 --- [ool-3-thread-57] tourGuide.service.RewardsService         : nearAttraction called with Joshua Tree National Park
2023-01-22T16:10:35.606+01:00  INFO 5507 --- [ool-3-thread-22] tourGuide.service.RewardsService         : getDistance called
2023-01-22T16:10:35.621+01:00  INFO 5507 --- [ool-3-thread-57] tourGuide.service.RewardsService         : getDistance called
2023-01-22T16:10:35.606+01:00  INFO 5507 --- [ool-3-thread-21] tourGuide.service.RewardsService         : nearAttraction called with Texas Memorial Stadium
2023-01-22T16:10:35.606+01:00  INFO 5507 --- [ool-3-thread-58] tourGuide.service.RewardsService         : nearAttraction called with Jackson Hole
2023-01-22T16:10:35.606+01:00  INFO 5507 --- [pool-3-thread-7] tourGuide.service.RewardsService         : nearAttraction called with Disneyland
2023-01-22T16:10:35.606+01:00  INFO 5507 --- [ool-3-thread-23] tourGuide.service.RewardsService         : getDistance called
2023-01-22T16:10:35.621+01:00  INFO 5507 --- [pool-3-thread-7] tourGuide.service.RewardsService         : getDistance called
2023-01-22T16:10:35.606+01:00  INFO 5507 --- [pool-3-thread-6] tourGuide.service.RewardsService         : getDistance called
2023-01-22T16:10:35.606+01:00  INFO 5507 --- [ool-3-thread-60] tourGuide.service.RewardsService         : nearAttraction called with Mojave National Preserve
2023-01-22T16:10:35.606+01:00  INFO 5507 --- [ool-3-thread-10] tourGuide.service.RewardsService         : nearAttraction called with Bryant-Denny Stadium
2023-01-22T16:10:35.606+01:00  INFO 5507 --- [ool-3-thread-24] tourGuide.service.RewardsService         : nearAttraction called with Tiger Stadium
2023-01-22T16:10:35.607+01:00  INFO 5507 --- [ool-3-thread-61] tourGuide.service.RewardsService         : nearAttraction called with Jackson Hole
2023-01-22T16:10:35.607+01:00  INFO 5507 --- [ool-3-thread-45] tourGuide.service.RewardsService         : nearAttraction called with Neyland Stadium
2023-01-22T16:10:35.607+01:00  INFO 5507 --- [ool-3-thread-17] tourGuide.service.RewardsService         : nearAttraction called with Disneyland
2023-01-22T16:10:35.607+01:00  INFO 5507 --- [ool-3-thread-29] tourGuide.service.RewardsService         : nearAttraction called with Kyle Field
2023-01-22T16:10:35.607+01:00  INFO 5507 --- [ool-3-thread-46] tourGuide.service.RewardsService         : getDistance called
2023-01-22T16:10:35.622+01:00  INFO 5507 --- [ool-3-thread-29] tourGuide.service.RewardsService         : getDistance called
2023-01-22T16:10:35.607+01:00  INFO 5507 --- [ool-3-thread-18] tourGuide.service.RewardsService         : nearAttraction called with Kartchner Caverns State Park
2023-01-22T16:10:35.607+01:00  INFO 5507 --- [ool-3-thread-33] tourGuide.service.RewardsService         : getDistance called
2023-01-22T16:10:35.622+01:00  INFO 5507 --- [ool-3-thread-18] tourGuide.service.RewardsService         : getDistance called
2023-01-22T16:10:35.607+01:00  INFO 5507 --- [ool-3-thread-36] tourGuide.service.RewardsService         : getDistance called
2023-01-22T16:10:35.607+01:00  INFO 5507 --- [ool-3-thread-39] tourGuide.service.RewardsService         : nearAttraction called with McKinley Tower
2023-01-22T16:10:35.607+01:00  INFO 5507 --- [ool-3-thread-37] tourGuide.service.RewardsService         : getDistance called
2023-01-22T16:10:35.622+01:00  INFO 5507 --- [ool-3-thread-39] tourGuide.service.RewardsService         : getDistance called
2023-01-22T16:10:35.607+01:00  INFO 5507 --- [ool-3-thread-66] tourGuide.service.RewardsService         : nearAttraction called with Disneyland
2023-01-22T16:10:35.607+01:00  INFO 5507 --- [ool-3-thread-41] tourGuide.service.RewardsService         : nearAttraction called with San Diego Zoo
2023-01-22T16:10:35.607+01:00  INFO 5507 --- [ool-3-thread-40] tourGuide.service.RewardsService         : nearAttraction called with Disneyland
2023-01-22T16:10:35.607+01:00  INFO 5507 --- [ool-3-thread-25] tourGuide.service.RewardsService         : nearAttraction called with Franklin Park Zoo
2023-01-22T16:10:35.607+01:00  INFO 5507 --- [ool-3-thread-38] tourGuide.service.RewardsService         : getDistance called
2023-01-22T16:10:35.623+01:00  INFO 5507 --- [ool-3-thread-25] tourGuide.service.RewardsService         : getDistance called
2023-01-22T16:10:35.607+01:00  INFO 5507 --- [pool-3-thread-3] tourGuide.service.RewardsService         : nearAttraction called with El Paso Zoo
2023-01-22T16:10:35.606+01:00  INFO 5507 --- [ool-3-thread-26] tourGuide.service.RewardsService         : getDistance called
2023-01-22T16:10:35.623+01:00  INFO 5507 --- [pool-3-thread-3] tourGuide.service.RewardsService         : getDistance called
2023-01-22T16:10:35.607+01:00  INFO 5507 --- [ool-3-thread-65] tourGuide.service.RewardsService         : nearAttraction called with Buffalo National River
2023-01-22T16:10:35.623+01:00  INFO 5507 --- [pool-3-thread-3] tourGuide.service.RewardsService         : nearAttraction called with Roger Dean Stadium
2023-01-22T16:10:35.612+01:00  INFO 5507 --- [ool-3-thread-44] tourGuide.service.RewardsService         : nearAttraction called with Kansas City Zoo
2023-01-22T16:10:35.617+01:00  INFO 5507 --- [ool-3-thread-20] tourGuide.service.RewardsService         : nearAttraction called with Joshua Tree National Park
2023-01-22T16:10:35.617+01:00  INFO 5507 --- [ool-3-thread-69] tourGuide.service.RewardsService         : nearAttraction called with Disneyland
2023-01-22T16:10:35.618+01:00  INFO 5507 --- [ool-3-thread-70] tourGuide.service.RewardsService         : nearAttraction called with Disneyland
2023-01-22T16:10:35.623+01:00  INFO 5507 --- [ool-3-thread-69] tourGuide.service.RewardsService         : getDistance called
2023-01-22T16:10:35.618+01:00  INFO 5507 --- [ool-3-thread-42] tourGuide.service.RewardsService         : nearAttraction called with Bronx Zoo
2023-01-22T16:10:35.618+01:00  INFO 5507 --- [ool-3-thread-13] tourGuide.service.RewardsService         : getDistance called
2023-01-22T16:10:35.618+01:00  INFO 5507 --- [pool-3-thread-4] tourGuide.service.RewardsService         : nearAttraction called with Cinderella Castle
2023-01-22T16:10:35.618+01:00  INFO 5507 --- [ool-3-thread-14] tourGuide.service.RewardsService         : getDistance called
2023-01-22T16:10:35.618+01:00  INFO 5507 --- [ool-3-thread-49] tourGuide.service.RewardsService         : nearAttraction called with Jackson Hole
2023-01-22T16:10:35.624+01:00  INFO 5507 --- [ool-3-thread-13] tourGuide.service.RewardsService         : nearAttraction called with Bryant-Denny Stadium
2023-01-22T16:10:35.618+01:00  INFO 5507 --- [ool-3-thread-47] tourGuide.service.RewardsService         : getDistance called
2023-01-22T16:10:35.624+01:00  INFO 5507 --- [ool-3-thread-13] tourGuide.service.RewardsService         : getDistance called
2023-01-22T16:10:35.618+01:00  INFO 5507 --- [ool-3-thread-11] tourGuide.service.RewardsService         : nearAttraction called with Mojave National Preserve
2023-01-22T16:10:35.624+01:00  INFO 5507 --- [ool-3-thread-13] tourGuide.service.RewardsService         : nearAttraction called with Kyle Field
2023-01-22T16:10:35.618+01:00  INFO 5507 --- [ool-3-thread-15] tourGuide.service.RewardsService         : getDistance called
2023-01-22T16:10:35.619+01:00  INFO 5507 --- [ool-3-thread-27] tourGuide.service.RewardsService         : nearAttraction called with Joshua Tree National Park
2023-01-22T16:10:35.624+01:00  INFO 5507 --- [ool-3-thread-13] tourGuide.service.RewardsService         : getDistance called
2023-01-22T16:10:35.619+01:00  INFO 5507 --- [ool-3-thread-28] tourGuide.service.RewardsService         : getDistance called
2023-01-22T16:10:35.624+01:00  INFO 5507 --- [ool-3-thread-27] tourGuide.service.RewardsService         : getDistance called
2023-01-22T16:10:35.624+01:00  INFO 5507 --- [ool-3-thread-15] tourGuide.service.RewardsService         : nearAttraction called with San Diego Zoo
2023-01-22T16:10:35.619+01:00  INFO 5507 --- [ool-3-thread-48] tourGuide.service.RewardsService         : getDistance called
2023-01-22T16:10:35.624+01:00  INFO 5507 --- [ool-3-thread-15] tourGuide.service.RewardsService         : getDistance called
2023-01-22T16:10:35.619+01:00  INFO 5507 --- [ool-3-thread-54] tourGuide.service.RewardsService         : getDistance called
2023-01-22T16:10:35.619+01:00  INFO 5507 --- [ool-3-thread-50] tourGuide.service.RewardsService         : getDistance called
2023-01-22T16:10:35.619+01:00  INFO 5507 --- [ool-3-thread-55] tourGuide.service.RewardsService         : getDistance called
2023-01-22T16:10:35.625+01:00  INFO 5507 --- [ool-3-thread-54] tourGuide.service.RewardsService         : nearAttraction called with Cinderella Castle
2023-01-22T16:10:35.619+01:00  INFO 5507 --- [pool-3-thread-8] tourGuide.service.RewardsService         : getDistance called
2023-01-22T16:10:35.619+01:00  INFO 5507 --- [ool-3-thread-32] tourGuide.service.RewardsService         : nearAttraction called with Hot Springs National Park
2023-01-22T16:10:35.619+01:00  INFO 5507 --- [ool-3-thread-34] tourGuide.service.RewardsService         : getDistance called
2023-01-22T16:10:35.619+01:00  INFO 5507 --- [pool-3-thread-9] tourGuide.service.RewardsService         : getDistance called
2023-01-22T16:10:35.625+01:00  INFO 5507 --- [ool-3-thread-34] tourGuide.service.RewardsService         : nearAttraction called with Joshua Tree National Park
2023-01-22T16:10:35.619+01:00  INFO 5507 --- [ool-3-thread-31] tourGuide.service.RewardsService         : getDistance called
2023-01-22T16:10:35.619+01:00  INFO 5507 --- [ool-3-thread-51] tourGuide.service.RewardsService         : nearAttraction called with Legend Valley
2023-01-22T16:10:35.619+01:00  INFO 5507 --- [ool-3-thread-12] tourGuide.service.RewardsService         : getDistance called
2023-01-22T16:10:35.620+01:00  INFO 5507 --- [ool-3-thread-35] tourGuide.service.RewardsService         : nearAttraction called with McKinley Tower
2023-01-22T16:10:35.620+01:00  INFO 5507 --- [ool-3-thread-59] tourGuide.service.RewardsService         : nearAttraction called with Flowers Bakery of London
2023-01-22T16:10:35.620+01:00  INFO 5507 --- [ool-3-thread-63] tourGuide.service.RewardsService         : getDistance called
2023-01-22T16:10:35.620+01:00  INFO 5507 --- [ool-3-thread-62] tourGuide.service.RewardsService         : getDistance called
2023-01-22T16:10:35.620+01:00  INFO 5507 --- [pool-3-thread-5] tourGuide.service.RewardsService         : getDistance called
2023-01-22T16:10:35.625+01:00  INFO 5507 --- [ool-3-thread-62] tourGuide.service.RewardsService         : nearAttraction called with Flowers Bakery of London
2023-01-22T16:10:35.620+01:00  INFO 5507 --- [ool-3-thread-52] tourGuide.service.RewardsService         : nearAttraction called with Roger Dean Stadium
2023-01-22T16:10:35.620+01:00  INFO 5507 --- [ool-3-thread-64] tourGuide.service.RewardsService         : nearAttraction called with Texas Memorial Stadium
2023-01-22T16:10:35.620+01:00  INFO 5507 --- [ool-3-thread-53] tourGuide.service.RewardsService         : getDistance called
2023-01-22T16:10:35.626+01:00  INFO 5507 --- [ool-3-thread-64] tourGuide.service.RewardsService         : getDistance called
2023-01-22T16:10:35.620+01:00  INFO 5507 --- [ool-3-thread-67] tourGuide.service.RewardsService         : nearAttraction called with Tiger Stadium
2023-01-22T16:10:35.626+01:00  INFO 5507 --- [ool-3-thread-53] tourGuide.service.RewardsService         : nearAttraction called with Flatiron Building
2023-01-22T16:10:35.620+01:00  INFO 5507 --- [pool-3-thread-1] tourGuide.service.RewardsService         : getDistance called
2023-01-22T16:10:35.620+01:00  INFO 5507 --- [ool-3-thread-68] tourGuide.service.RewardsService         : nearAttraction called with Neyland Stadium
2023-01-22T16:10:35.620+01:00  INFO 5507 --- [ool-3-thread-16] tourGuide.service.RewardsService         : getDistance called
2023-01-22T16:10:35.620+01:00  INFO 5507 --- [ool-3-thread-19] tourGuide.service.RewardsService         : nearAttraction called with Kyle Field
2023-01-22T16:10:35.621+01:00  INFO 5507 --- [ool-3-thread-43] tourGuide.service.RewardsService         : getDistance called
2023-01-22T16:10:35.621+01:00  INFO 5507 --- [ool-3-thread-30] tourGuide.service.RewardsService         : getDistance called
2023-01-22T16:10:35.626+01:00  INFO 5507 --- [ool-3-thread-43] tourGuide.service.RewardsService         : nearAttraction called with Texas Memorial Stadium
2023-01-22T16:10:35.621+01:00  INFO 5507 --- [pool-3-thread-2] tourGuide.service.RewardsService         : getDistance called
2023-01-22T16:10:35.621+01:00  INFO 5507 --- [ool-3-thread-56] tourGuide.service.RewardsService         : nearAttraction called with El Paso Zoo
2023-01-22T16:10:35.621+01:00  INFO 5507 --- [ool-3-thread-22] tourGuide.service.RewardsService         : nearAttraction called with Kansas City Zoo
2023-01-22T16:10:35.621+01:00  INFO 5507 --- [ool-3-thread-21] tourGuide.service.RewardsService         : getDistance called
2023-01-22T16:10:35.627+01:00  INFO 5507 --- [ool-3-thread-22] tourGuide.service.RewardsService         : getDistance called
2023-01-22T16:10:35.627+01:00  INFO 5507 --- [ool-3-thread-21] tourGuide.service.RewardsService         : nearAttraction called with Neyland Stadium
2023-01-22T16:10:35.621+01:00  INFO 5507 --- [ool-3-thread-57] tourGuide.service.RewardsService         : nearAttraction called with Bronx Zoo
2023-01-22T16:10:35.627+01:00  INFO 5507 --- [ool-3-thread-21] tourGuide.service.RewardsService         : getDistance called
2023-01-22T16:10:35.621+01:00  INFO 5507 --- [ool-3-thread-58] tourGuide.service.RewardsService         : getDistance called
2023-01-22T16:10:35.621+01:00  INFO 5507 --- [ool-3-thread-23] tourGuide.service.RewardsService         : nearAttraction called with Cinderella Castle
2023-01-22T16:10:35.627+01:00  INFO 5507 --- [ool-3-thread-58] tourGuide.service.RewardsService         : nearAttraction called with Zoo Tampa at Lowry Park
2023-01-22T16:10:35.621+01:00  INFO 5507 --- [pool-3-thread-7] tourGuide.service.RewardsService         : nearAttraction called with Jackson Hole
2023-01-22T16:10:35.622+01:00  INFO 5507 --- [ool-3-thread-60] tourGuide.service.RewardsService         : getDistance called
2023-01-22T16:10:35.622+01:00  INFO 5507 --- [pool-3-thread-6] tourGuide.service.RewardsService         : nearAttraction called with Mojave National Preserve
2023-01-22T16:10:35.622+01:00  INFO 5507 --- [ool-3-thread-10] tourGuide.service.RewardsService         : getDistance called
2023-01-22T16:10:35.622+01:00  INFO 5507 --- [ool-3-thread-24] tourGuide.service.RewardsService         : getDistance called
2023-01-22T16:10:35.622+01:00  INFO 5507 --- [ool-3-thread-61] tourGuide.service.RewardsService         : getDistance called
2023-01-22T16:10:35.627+01:00  INFO 5507 --- [ool-3-thread-24] tourGuide.service.RewardsService         : nearAttraction called with Kansas City Zoo
2023-01-22T16:10:35.622+01:00  INFO 5507 --- [ool-3-thread-45] tourGuide.service.RewardsService         : getDistance called
2023-01-22T16:10:35.622+01:00  INFO 5507 --- [ool-3-thread-17] tourGuide.service.RewardsService         : getDistance called
2023-01-22T16:10:35.622+01:00  INFO 5507 --- [ool-3-thread-46] tourGuide.service.RewardsService         : nearAttraction called with Joshua Tree National Park
2023-01-22T16:10:35.622+01:00  INFO 5507 --- [ool-3-thread-29] tourGuide.service.RewardsService         : nearAttraction called with Buffalo National River
2023-01-22T16:10:35.622+01:00  INFO 5507 --- [ool-3-thread-18] tourGuide.service.RewardsService         : nearAttraction called with Kartchner Caverns State Park
2023-01-22T16:10:35.622+01:00  INFO 5507 --- [ool-3-thread-33] tourGuide.service.RewardsService         : nearAttraction called with Hot Springs National Park
2023-01-22T16:10:35.628+01:00  INFO 5507 --- [ool-3-thread-18] tourGuide.service.RewardsService         : getDistance called
2023-01-22T16:10:35.622+01:00  INFO 5507 --- [ool-3-thread-36] tourGuide.service.RewardsService         : nearAttraction called with Legend Valley
2023-01-22T16:10:35.628+01:00  INFO 5507 --- [ool-3-thread-18] tourGuide.service.RewardsService         : nearAttraction called with Jackson Hole
2023-01-22T16:10:35.628+01:00  INFO 5507 --- [ool-3-thread-36] tourGuide.service.RewardsService         : getDistance called
2023-01-22T16:10:35.622+01:00  INFO 5507 --- [ool-3-thread-37] tourGuide.service.RewardsService         : nearAttraction called with Flowers Bakery of London
2023-01-22T16:10:35.628+01:00  INFO 5507 --- [ool-3-thread-36] tourGuide.service.RewardsService         : nearAttraction called with Mojave National Preserve
2023-01-22T16:10:35.622+01:00  INFO 5507 --- [ool-3-thread-39] tourGuide.service.RewardsService         : nearAttraction called with McKinley Tower
2023-01-22T16:10:35.623+01:00  INFO 5507 --- [ool-3-thread-66] tourGuide.service.RewardsService         : getDistance called
2023-01-22T16:10:35.628+01:00  INFO 5507 --- [ool-3-thread-39] tourGuide.service.RewardsService         : getDistance called
2023-01-22T16:10:35.623+01:00  INFO 5507 --- [ool-3-thread-41] tourGuide.service.RewardsService         : getDistance called
2023-01-22T16:10:35.628+01:00  INFO 5507 --- [ool-3-thread-39] tourGuide.service.RewardsService         : nearAttraction called with Buffalo National River
2023-01-22T16:10:35.623+01:00  INFO 5507 --- [ool-3-thread-40] tourGuide.service.RewardsService         : getDistance called
2023-01-22T16:10:35.623+01:00  INFO 5507 --- [ool-3-thread-38] tourGuide.service.RewardsService         : nearAttraction called with Flatiron Building
2023-01-22T16:10:35.623+01:00  INFO 5507 --- [ool-3-thread-25] tourGuide.service.RewardsService         : nearAttraction called with Fallingwater
2023-01-22T16:10:35.628+01:00  INFO 5507 --- [ool-3-thread-38] tourGuide.service.RewardsService         : getDistance called
2023-01-22T16:10:35.623+01:00  INFO 5507 --- [ool-3-thread-26] tourGuide.service.RewardsService         : nearAttraction called with Union Station
2023-01-22T16:10:35.623+01:00  INFO 5507 --- [ool-3-thread-65] tourGuide.service.RewardsService         : getDistance called
2023-01-22T16:10:35.623+01:00  INFO 5507 --- [pool-3-thread-3] tourGuide.service.RewardsService         : getDistance called
2023-01-22T16:10:35.623+01:00  INFO 5507 --- [ool-3-thread-44] tourGuide.service.RewardsService         : getDistance called
2023-01-22T16:10:35.623+01:00  INFO 5507 --- [ool-3-thread-20] tourGuide.service.RewardsService         : getDistance called
2023-01-22T16:10:35.623+01:00  INFO 5507 --- [ool-3-thread-70] tourGuide.service.RewardsService         : getDistance called
2023-01-22T16:10:35.623+01:00  INFO 5507 --- [ool-3-thread-69] tourGuide.service.RewardsService         : nearAttraction called with Texas Memorial Stadium
2023-01-22T16:10:35.629+01:00  INFO 5507 --- [ool-3-thread-70] tourGuide.service.RewardsService         : nearAttraction called with Union Station
2023-01-22T16:10:35.623+01:00  INFO 5507 --- [ool-3-thread-42] tourGuide.service.RewardsService         : getDistance called
2023-01-22T16:10:35.629+01:00  INFO 5507 --- [ool-3-thread-70] tourGuide.service.RewardsService         : getDistance called
2023-01-22T16:10:35.624+01:00  INFO 5507 --- [ool-3-thread-14] tourGuide.service.RewardsService         : nearAttraction called with Tiger Stadium
2023-01-22T16:10:35.629+01:00  INFO 5507 --- [ool-3-thread-42] tourGuide.service.RewardsService         : nearAttraction called with Roger Dean Stadium
2023-01-22T16:10:35.624+01:00  INFO 5507 --- [pool-3-thread-4] tourGuide.service.RewardsService         : getDistance called
2023-01-22T16:10:35.624+01:00  INFO 5507 --- [ool-3-thread-49] tourGuide.service.RewardsService         : getDistance called
2023-01-22T16:10:35.624+01:00  INFO 5507 --- [ool-3-thread-47] tourGuide.service.RewardsService         : nearAttraction called with Neyland Stadium
2023-01-22T16:10:35.629+01:00  INFO 5507 --- [ool-3-thread-49] tourGuide.service.RewardsService         : nearAttraction called with Tiger Stadium
2023-01-22T16:10:35.629+01:00  INFO 5507 --- [ool-3-thread-47] tourGuide.service.RewardsService         : getDistance called
2023-01-22T16:10:35.629+01:00  INFO 5507 --- [ool-3-thread-49] tourGuide.service.RewardsService         : getDistance called
2023-01-22T16:10:35.624+01:00  INFO 5507 --- [ool-3-thread-11] tourGuide.service.RewardsService         : getDistance called
2023-01-22T16:10:35.629+01:00  INFO 5507 --- [ool-3-thread-49] tourGuide.service.RewardsService         : nearAttraction called with Kyle Field
2023-01-22T16:10:35.624+01:00  INFO 5507 --- [ool-3-thread-13] tourGuide.service.RewardsService         : nearAttraction called with Zoo Tampa at Lowry Park
2023-01-22T16:10:35.629+01:00  INFO 5507 --- [ool-3-thread-49] tourGuide.service.RewardsService         : getDistance called
2023-01-22T16:10:35.624+01:00  INFO 5507 --- [ool-3-thread-28] tourGuide.service.RewardsService         : nearAttraction called with Franklin Park Zoo
2023-01-22T16:10:35.624+01:00  INFO 5507 --- [ool-3-thread-27] tourGuide.service.RewardsService         : nearAttraction called with El Paso Zoo
2023-01-22T16:10:35.630+01:00  INFO 5507 --- [ool-3-thread-28] tourGuide.service.RewardsService         : getDistance called
2023-01-22T16:10:35.624+01:00  INFO 5507 --- [ool-3-thread-48] tourGuide.service.RewardsService         : nearAttraction called with Kansas City Zoo
2023-01-22T16:10:35.630+01:00  INFO 5507 --- [ool-3-thread-28] tourGuide.service.RewardsService         : nearAttraction called with Franklin Park Zoo
2023-01-22T16:10:35.630+01:00  INFO 5507 --- [ool-3-thread-48] tourGuide.service.RewardsService         : getDistance called
2023-01-22T16:10:35.624+01:00  INFO 5507 --- [ool-3-thread-15] tourGuide.service.RewardsService         : nearAttraction called with Bronx Zoo
2023-01-22T16:10:35.625+01:00  INFO 5507 --- [ool-3-thread-50] tourGuide.service.RewardsService         : nearAttraction called with Disneyland
2023-01-22T16:10:35.625+01:00  INFO 5507 --- [ool-3-thread-54] tourGuide.service.RewardsService         : getDistance called
2023-01-22T16:10:35.630+01:00  INFO 5507 --- [ool-3-thread-50] tourGuide.service.RewardsService         : getDistance called
2023-01-22T16:10:35.625+01:00  INFO 5507 --- [ool-3-thread-55] tourGuide.service.RewardsService         : nearAttraction called with Jackson Hole
2023-01-22T16:10:35.625+01:00  INFO 5507 --- [pool-3-thread-8] tourGuide.service.RewardsService         : nearAttraction called with Mojave National Preserve
2023-01-22T16:10:35.625+01:00  INFO 5507 --- [ool-3-thread-32] tourGuide.service.RewardsService         : getDistance called
2023-01-22T16:10:35.625+01:00  INFO 5507 --- [pool-3-thread-9] tourGuide.service.RewardsService         : nearAttraction called with Buffalo National River
2023-01-22T16:10:35.625+01:00  INFO 5507 --- [ool-3-thread-34] tourGuide.service.RewardsService         : getDistance called
2023-01-22T16:10:35.625+01:00  INFO 5507 --- [ool-3-thread-31] tourGuide.service.RewardsService         : nearAttraction called with Hot Springs National Park
2023-01-22T16:10:35.625+01:00  INFO 5507 --- [ool-3-thread-51] tourGuide.service.RewardsService         : getDistance called
2023-01-22T16:10:35.625+01:00  INFO 5507 --- [ool-3-thread-12] tourGuide.service.RewardsService         : nearAttraction called with Kartchner Caverns State Park
2023-01-22T16:10:35.625+01:00  INFO 5507 --- [ool-3-thread-35] tourGuide.service.RewardsService         : getDistance called
2023-01-22T16:10:35.631+01:00  INFO 5507 --- [ool-3-thread-12] tourGuide.service.RewardsService         : getDistance called
2023-01-22T16:10:35.625+01:00  INFO 5507 --- [ool-3-thread-59] tourGuide.service.RewardsService         : getDistance called
2023-01-22T16:10:35.625+01:00  INFO 5507 --- [ool-3-thread-63] tourGuide.service.RewardsService         : nearAttraction called with Legend Valley
2023-01-22T16:10:35.625+01:00  INFO 5507 --- [pool-3-thread-5] tourGuide.service.RewardsService         : nearAttraction called with McKinley Tower
2023-01-22T16:10:35.631+01:00  INFO 5507 --- [ool-3-thread-63] tourGuide.service.RewardsService         : getDistance called
2023-01-22T16:10:35.625+01:00  INFO 5507 --- [ool-3-thread-62] tourGuide.service.RewardsService         : getDistance called
2023-01-22T16:10:35.626+01:00  INFO 5507 --- [ool-3-thread-52] tourGuide.service.RewardsService         : getDistance called
2023-01-22T16:10:35.626+01:00  INFO 5507 --- [ool-3-thread-64] tourGuide.service.RewardsService         : nearAttraction called with Fallingwater
2023-01-22T16:10:35.626+01:00  INFO 5507 --- [ool-3-thread-67] tourGuide.service.RewardsService         : getDistance called
2023-01-22T16:10:35.626+01:00  INFO 5507 --- [ool-3-thread-53] tourGuide.service.RewardsService         : getDistance called
2023-01-22T16:10:35.626+01:00  INFO 5507 --- [pool-3-thread-1] tourGuide.service.RewardsService         : nearAttraction called with Union Station
2023-01-22T16:10:35.631+01:00  INFO 5507 --- [ool-3-thread-53] tourGuide.service.RewardsService         : nearAttraction called with McKinley Tower
2023-01-22T16:10:35.626+01:00  INFO 5507 --- [ool-3-thread-68] tourGuide.service.RewardsService         : getDistance called
2023-01-22T16:10:35.631+01:00  INFO 5507 --- [ool-3-thread-53] tourGuide.service.RewardsService         : getDistance called
2023-01-22T16:10:35.626+01:00  INFO 5507 --- [ool-3-thread-16] tourGuide.service.RewardsService         : nearAttraction called with Roger Dean Stadium
2023-01-22T16:10:35.631+01:00  INFO 5507 --- [ool-3-thread-68] tourGuide.service.RewardsService         : nearAttraction called with Flatiron Building
2023-01-22T16:10:35.631+01:00  INFO 5507 --- [ool-3-thread-53] tourGuide.service.RewardsService         : nearAttraction called with Fallingwater
2023-01-22T16:10:35.626+01:00  INFO 5507 --- [ool-3-thread-19] tourGuide.service.RewardsService         : getDistance called
2023-01-22T16:10:35.626+01:00  INFO 5507 --- [ool-3-thread-30] tourGuide.service.RewardsService         : nearAttraction called with Bryant-Denny Stadium
2023-01-22T16:10:35.626+01:00  INFO 5507 --- [ool-3-thread-43] tourGuide.service.RewardsService         : getDistance called
2023-01-22T16:10:35.632+01:00  INFO 5507 --- [ool-3-thread-19] tourGuide.service.RewardsService         : nearAttraction called with Union Station
2023-01-22T16:10:35.626+01:00  INFO 5507 --- [pool-3-thread-2] tourGuide.service.RewardsService         : nearAttraction called with Tiger Stadium
2023-01-22T16:10:35.632+01:00  INFO 5507 --- [ool-3-thread-19] tourGuide.service.RewardsService         : getDistance called
2023-01-22T16:10:35.632+01:00  INFO 5507 --- [pool-3-thread-2] tourGuide.service.RewardsService         : getDistance called
2023-01-22T16:10:35.626+01:00  INFO 5507 --- [ool-3-thread-56] tourGuide.service.RewardsService         : getDistance called
2023-01-22T16:10:35.627+01:00  INFO 5507 --- [ool-3-thread-22] tourGuide.service.RewardsService         : nearAttraction called with Kyle Field
2023-01-22T16:10:35.627+01:00  INFO 5507 --- [ool-3-thread-57] tourGuide.service.RewardsService         : getDistance called
2023-01-22T16:10:35.632+01:00  INFO 5507 --- [ool-3-thread-22] tourGuide.service.RewardsService         : getDistance called
2023-01-22T16:10:35.627+01:00  INFO 5507 --- [ool-3-thread-21] tourGuide.service.RewardsService         : nearAttraction called with San Diego Zoo
2023-01-22T16:10:35.632+01:00  INFO 5507 --- [ool-3-thread-22] tourGuide.service.RewardsService         : nearAttraction called with Mojave National Preserve
2023-01-22T16:10:35.632+01:00  INFO 5507 --- [ool-3-thread-21] tourGuide.service.RewardsService         : getDistance called
2023-01-22T16:10:35.632+01:00  INFO 5507 --- [ool-3-thread-22] tourGuide.service.RewardsService         : getDistance called
2023-01-22T16:10:35.627+01:00  INFO 5507 --- [ool-3-thread-23] tourGuide.service.RewardsService         : getDistance called
2023-01-22T16:10:35.632+01:00  INFO 5507 --- [ool-3-thread-22] tourGuide.service.RewardsService         : nearAttraction called with Joshua Tree National Park
2023-01-22T16:10:35.627+01:00  INFO 5507 --- [ool-3-thread-58] tourGuide.service.RewardsService         : getDistance called
2023-01-22T16:10:35.627+01:00  INFO 5507 --- [pool-3-thread-7] tourGuide.service.RewardsService         : getDistance called
2023-01-22T16:10:35.627+01:00  INFO 5507 --- [ool-3-thread-60] tourGuide.service.RewardsService         : nearAttraction called with Franklin Park Zoo
2023-01-22T16:10:35.627+01:00  INFO 5507 --- [pool-3-thread-6] tourGuide.service.RewardsService         : getDistance called
2023-01-22T16:10:35.632+01:00  INFO 5507 --- [ool-3-thread-60] tourGuide.service.RewardsService         : getDistance called
2023-01-22T16:10:35.632+01:00  INFO 5507 --- [pool-3-thread-6] tourGuide.service.RewardsService         : nearAttraction called with Hot Springs National Park
2023-01-22T16:10:35.627+01:00  INFO 5507 --- [ool-3-thread-10] tourGuide.service.RewardsService         : nearAttraction called with El Paso Zoo
2023-01-22T16:10:35.633+01:00  INFO 5507 --- [ool-3-thread-60] tourGuide.service.RewardsService         : nearAttraction called with San Diego Zoo
2023-01-22T16:10:35.633+01:00  INFO 5507 --- [ool-3-thread-10] tourGuide.service.RewardsService         : getDistance called
2023-01-22T16:10:35.633+01:00  INFO 5507 --- [ool-3-thread-60] tourGuide.service.RewardsService         : getDistance called
2023-01-22T16:10:35.627+01:00  INFO 5507 --- [ool-3-thread-61] tourGuide.service.RewardsService         : nearAttraction called with Bronx Zoo
2023-01-22T16:10:35.627+01:00  INFO 5507 --- [ool-3-thread-24] tourGuide.service.RewardsService         : getDistance called
2023-01-22T16:10:35.633+01:00  INFO 5507 --- [ool-3-thread-61] tourGuide.service.RewardsService         : getDistance called
2023-01-22T16:10:35.627+01:00  INFO 5507 --- [ool-3-thread-45] tourGuide.service.RewardsService         : nearAttraction called with Cinderella Castle
2023-01-22T16:10:35.633+01:00  INFO 5507 --- [ool-3-thread-24] tourGuide.service.RewardsService         : nearAttraction called with Legend Valley
2023-01-22T16:10:35.633+01:00  INFO 5507 --- [ool-3-thread-45] tourGuide.service.RewardsService         : getDistance called
2023-01-22T16:10:35.628+01:00  INFO 5507 --- [ool-3-thread-17] tourGuide.service.RewardsService         : nearAttraction called with Disneyland
2023-01-22T16:10:35.628+01:00  INFO 5507 --- [ool-3-thread-46] tourGuide.service.RewardsService         : getDistance called
2023-01-22T16:10:35.628+01:00  INFO 5507 --- [ool-3-thread-29] tourGuide.service.RewardsService         : getDistance called
2023-01-22T16:10:35.628+01:00  INFO 5507 --- [ool-3-thread-33] tourGuide.service.RewardsService         : getDistance called
2023-01-22T16:10:35.628+01:00  INFO 5507 --- [ool-3-thread-18] tourGuide.service.RewardsService         : getDistance called
2023-01-22T16:10:35.628+01:00  INFO 5507 --- [ool-3-thread-37] tourGuide.service.RewardsService         : getDistance called
2023-01-22T16:10:35.633+01:00  INFO 5507 --- [ool-3-thread-18] tourGuide.service.RewardsService         : nearAttraction called with Flatiron Building
2023-01-22T16:10:35.628+01:00  INFO 5507 --- [ool-3-thread-36] tourGuide.service.RewardsService         : getDistance called
2023-01-22T16:10:35.633+01:00  INFO 5507 --- [ool-3-thread-18] tourGuide.service.RewardsService         : getDistance called
2023-01-22T16:10:35.628+01:00  INFO 5507 --- [ool-3-thread-66] tourGuide.service.RewardsService         : nearAttraction called with Joshua Tree National Park
2023-01-22T16:10:35.633+01:00  INFO 5507 --- [ool-3-thread-18] tourGuide.service.RewardsService         : nearAttraction called with Cinderella Castle
2023-01-22T16:10:35.628+01:00  INFO 5507 --- [ool-3-thread-39] tourGuide.service.RewardsService         : getDistance called
2023-01-22T16:10:35.634+01:00  INFO 5507 --- [ool-3-thread-66] tourGuide.service.RewardsService         : getDistance called
2023-01-22T16:10:35.628+01:00  INFO 5507 --- [ool-3-thread-41] tourGuide.service.RewardsService         : nearAttraction called with Hot Springs National Park
2023-01-22T16:10:35.634+01:00  INFO 5507 --- [ool-3-thread-66] tourGuide.service.RewardsService         : nearAttraction called with Roger Dean Stadium
2023-01-22T16:10:35.628+01:00  INFO 5507 --- [ool-3-thread-40] tourGuide.service.RewardsService         : nearAttraction called with Kartchner Caverns State Park
2023-01-22T16:10:35.634+01:00  INFO 5507 --- [ool-3-thread-66] tourGuide.service.RewardsService         : getDistance called
2023-01-22T16:10:35.628+01:00  INFO 5507 --- [ool-3-thread-25] tourGuide.service.RewardsService         : getDistance called
2023-01-22T16:10:35.634+01:00  INFO 5507 --- [ool-3-thread-66] tourGuide.service.RewardsService         : nearAttraction called with Texas Memorial Stadium
2023-01-22T16:10:35.629+01:00  INFO 5507 --- [ool-3-thread-38] tourGuide.service.RewardsService         : nearAttraction called with Legend Valley
2023-01-22T16:10:35.634+01:00  INFO 5507 --- [ool-3-thread-66] tourGuide.service.RewardsService         : getDistance called
2023-01-22T16:10:35.629+01:00  INFO 5507 --- [ool-3-thread-26] tourGuide.service.RewardsService         : getDistance called
2023-01-22T16:10:35.634+01:00  INFO 5507 --- [ool-3-thread-66] tourGuide.service.RewardsService         : nearAttraction called with Tiger Stadium
2023-01-22T16:10:35.629+01:00  INFO 5507 --- [ool-3-thread-65] tourGuide.service.RewardsService         : nearAttraction called with Flowers Bakery of London
2023-01-22T16:10:35.634+01:00  INFO 5507 --- [ool-3-thread-66] tourGuide.service.RewardsService         : getDistance called
2023-01-22T16:10:35.629+01:00  INFO 5507 --- [pool-3-thread-3] tourGuide.service.RewardsService         : nearAttraction called with McKinley Tower
2023-01-22T16:10:35.634+01:00  INFO 5507 --- [ool-3-thread-66] tourGuide.service.RewardsService         : nearAttraction called with Kyle Field
2023-01-22T16:10:35.634+01:00  INFO 5507 --- [pool-3-thread-3] tourGuide.service.RewardsService         : getDistance called
2023-01-22T16:10:35.634+01:00  INFO 5507 --- [ool-3-thread-66] tourGuide.service.RewardsService         : getDistance called
2023-01-22T16:10:35.629+01:00  INFO 5507 --- [ool-3-thread-44] tourGuide.service.RewardsService         : nearAttraction called with Flatiron Building
2023-01-22T16:10:35.634+01:00  INFO 5507 --- [ool-3-thread-66] tourGuide.service.RewardsService         : nearAttraction called with Zoo Tampa at Lowry Park
2023-01-22T16:10:35.629+01:00  INFO 5507 --- [ool-3-thread-20] tourGuide.service.RewardsService         : nearAttraction called with Fallingwater
2023-01-22T16:10:35.629+01:00  INFO 5507 --- [ool-3-thread-69] tourGuide.service.RewardsService         : getDistance called
2023-01-22T16:10:35.629+01:00  INFO 5507 --- [ool-3-thread-70] tourGuide.service.RewardsService         : nearAttraction called with Texas Memorial Stadium
2023-01-22T16:10:35.629+01:00  INFO 5507 --- [ool-3-thread-14] tourGuide.service.RewardsService         : getDistance called
2023-01-22T16:10:35.635+01:00  INFO 5507 --- [ool-3-thread-70] tourGuide.service.RewardsService         : getDistance called
2023-01-22T16:10:35.629+01:00  INFO 5507 --- [ool-3-thread-42] tourGuide.service.RewardsService         : getDistance called
2023-01-22T16:10:35.635+01:00  INFO 5507 --- [ool-3-thread-70] tourGuide.service.RewardsService         : nearAttraction called with Kansas City Zoo
2023-01-22T16:10:35.629+01:00  INFO 5507 --- [pool-3-thread-4] tourGuide.service.RewardsService         : nearAttraction called with Bryant-Denny Stadium
2023-01-22T16:10:35.629+01:00  INFO 5507 --- [ool-3-thread-47] tourGuide.service.RewardsService         : nearAttraction called with Neyland Stadium
2023-01-22T16:10:35.635+01:00  INFO 5507 --- [pool-3-thread-4] tourGuide.service.RewardsService         : getDistance called
2023-01-22T16:10:35.635+01:00  INFO 5507 --- [ool-3-thread-47] tourGuide.service.RewardsService         : getDistance called
2023-01-22T16:10:35.629+01:00  INFO 5507 --- [ool-3-thread-11] tourGuide.service.RewardsService         : nearAttraction called with San Diego Zoo
2023-01-22T16:10:35.630+01:00  INFO 5507 --- [ool-3-thread-13] tourGuide.service.RewardsService         : getDistance called
2023-01-22T16:10:35.635+01:00  INFO 5507 --- [ool-3-thread-11] tourGuide.service.RewardsService         : getDistance called
2023-01-22T16:10:35.630+01:00  INFO 5507 --- [ool-3-thread-49] tourGuide.service.RewardsService         : nearAttraction called with Zoo Tampa at Lowry Park
2023-01-22T16:10:35.635+01:00  INFO 5507 --- [ool-3-thread-13] tourGuide.service.RewardsService         : nearAttraction called with Mojave National Preserve
2023-01-22T16:10:35.635+01:00  INFO 5507 --- [ool-3-thread-49] tourGuide.service.RewardsService         : getDistance called
2023-01-22T16:10:35.630+01:00  INFO 5507 --- [ool-3-thread-27] tourGuide.service.RewardsService         : getDistance called
2023-01-22T16:10:35.630+01:00  INFO 5507 --- [ool-3-thread-28] tourGuide.service.RewardsService         : getDistance called
2023-01-22T16:10:35.630+01:00  INFO 5507 --- [ool-3-thread-48] tourGuide.service.RewardsService         : nearAttraction called with El Paso Zoo
2023-01-22T16:10:35.630+01:00  INFO 5507 --- [ool-3-thread-15] tourGuide.service.RewardsService         : getDistance called
2023-01-22T16:10:35.635+01:00  INFO 5507 --- [ool-3-thread-48] tourGuide.service.RewardsService         : getDistance called
2023-01-22T16:10:35.630+01:00  INFO 5507 --- [ool-3-thread-54] tourGuide.service.RewardsService         : nearAttraction called with Kansas City Zoo
2023-01-22T16:10:35.636+01:00  INFO 5507 --- [ool-3-thread-15] tourGuide.service.RewardsService         : nearAttraction called with Legend Valley
2023-01-22T16:10:35.630+01:00  INFO 5507 --- [ool-3-thread-50] tourGuide.service.RewardsService         : nearAttraction called with Bronx Zoo
2023-01-22T16:10:35.636+01:00  INFO 5507 --- [ool-3-thread-15] tourGuide.service.RewardsService         : getDistance called
2023-01-22T16:10:35.630+01:00  INFO 5507 --- [ool-3-thread-55] tourGuide.service.RewardsService         : getDistance called
2023-01-22T16:10:35.636+01:00  INFO 5507 --- [ool-3-thread-15] tourGuide.service.RewardsService         : nearAttraction called with McKinley Tower
2023-01-22T16:10:35.630+01:00  INFO 5507 --- [pool-3-thread-8] tourGuide.service.RewardsService         : getDistance called
2023-01-22T16:10:35.636+01:00  INFO 5507 --- [ool-3-thread-55] tourGuide.service.RewardsService         : nearAttraction called with Flatiron Building
2023-01-22T16:10:35.630+01:00  INFO 5507 --- [ool-3-thread-32] tourGuide.service.RewardsService         : nearAttraction called with Cinderella Castle
2023-01-22T16:10:35.636+01:00  INFO 5507 --- [ool-3-thread-55] tourGuide.service.RewardsService         : getDistance called
2023-01-22T16:10:35.630+01:00  INFO 5507 --- [pool-3-thread-9] tourGuide.service.RewardsService         : getDistance called
2023-01-22T16:10:35.630+01:00  INFO 5507 --- [ool-3-thread-34] tourGuide.service.RewardsService         : nearAttraction called with Disneyland
2023-01-22T16:10:35.636+01:00  INFO 5507 --- [pool-3-thread-9] tourGuide.service.RewardsService         : nearAttraction called with Roger Dean Stadium
2023-01-22T16:10:35.636+01:00  INFO 5507 --- [ool-3-thread-34] tourGuide.service.RewardsService         : getDistance called
2023-01-22T16:10:35.630+01:00  INFO 5507 --- [ool-3-thread-31] tourGuide.service.RewardsService         : getDistance called
2023-01-22T16:10:35.636+01:00  INFO 5507 --- [ool-3-thread-34] tourGuide.service.RewardsService         : nearAttraction called with Texas Memorial Stadium
2023-01-22T16:10:35.631+01:00  INFO 5507 --- [ool-3-thread-51] tourGuide.service.RewardsService         : nearAttraction called with Jackson Hole
2023-01-22T16:10:35.636+01:00  INFO 5507 --- [ool-3-thread-31] tourGuide.service.RewardsService         : nearAttraction called with Bryant-Denny Stadium
2023-01-22T16:10:35.631+01:00  INFO 5507 --- [ool-3-thread-35] tourGuide.service.RewardsService         : nearAttraction called with Mojave National Preserve
2023-01-22T16:10:35.636+01:00  INFO 5507 --- [ool-3-thread-31] tourGuide.service.RewardsService         : getDistance called
2023-01-22T16:10:35.631+01:00  INFO 5507 --- [ool-3-thread-12] tourGuide.service.RewardsService         : nearAttraction called with Joshua Tree National Park
2023-01-22T16:10:35.631+01:00  INFO 5507 --- [ool-3-thread-59] tourGuide.service.RewardsService         : nearAttraction called with Buffalo National River
2023-01-22T16:10:35.631+01:00  INFO 5507 --- [pool-3-thread-5] tourGuide.service.RewardsService         : getDistance called
2023-01-22T16:10:35.637+01:00  INFO 5507 --- [ool-3-thread-59] tourGuide.service.RewardsService         : getDistance called
2023-01-22T16:10:35.631+01:00  INFO 5507 --- [ool-3-thread-63] tourGuide.service.RewardsService         : nearAttraction called with Hot Springs National Park
2023-01-22T16:10:35.631+01:00  INFO 5507 --- [ool-3-thread-62] tourGuide.service.RewardsService         : nearAttraction called with Kartchner Caverns State Park
2023-01-22T16:10:35.631+01:00  INFO 5507 --- [ool-3-thread-52] tourGuide.service.RewardsService         : nearAttraction called with Legend Valley
2023-01-22T16:10:35.637+01:00  INFO 5507 --- [ool-3-thread-62] tourGuide.service.RewardsService         : getDistance called
2023-01-22T16:10:35.631+01:00  INFO 5507 --- [ool-3-thread-64] tourGuide.service.RewardsService         : getDistance called
2023-01-22T16:10:35.631+01:00  INFO 5507 --- [ool-3-thread-67] tourGuide.service.RewardsService         : nearAttraction called with Flowers Bakery of London
2023-01-22T16:10:35.637+01:00  INFO 5507 --- [ool-3-thread-64] tourGuide.service.RewardsService         : nearAttraction called with Zoo Tampa at Lowry Park
2023-01-22T16:10:35.637+01:00  INFO 5507 --- [ool-3-thread-67] tourGuide.service.RewardsService         : getDistance called
2023-01-22T16:10:35.631+01:00  INFO 5507 --- [pool-3-thread-1] tourGuide.service.RewardsService         : getDistance called
2023-01-22T16:10:35.631+01:00  INFO 5507 --- [ool-3-thread-16] tourGuide.service.RewardsService         : getDistance called
2023-01-22T16:10:35.631+01:00  INFO 5507 --- [ool-3-thread-68] tourGuide.service.RewardsService         : getDistance called
2023-01-22T16:10:35.637+01:00  INFO 5507 --- [ool-3-thread-16] tourGuide.service.RewardsService         : nearAttraction called with Kansas City Zoo
2023-01-22T16:10:35.637+01:00  INFO 5507 --- [ool-3-thread-68] tourGuide.service.RewardsService         : nearAttraction called with Bronx Zoo
2023-01-22T16:10:35.631+01:00  INFO 5507 --- [ool-3-thread-53] tourGuide.service.RewardsService         : getDistance called
2023-01-22T16:10:35.637+01:00  INFO 5507 --- [ool-3-thread-68] tourGuide.service.RewardsService         : getDistance called
2023-01-22T16:10:35.632+01:00  INFO 5507 --- [ool-3-thread-30] tourGuide.service.RewardsService         : getDistance called
2023-01-22T16:10:35.632+01:00  INFO 5507 --- [ool-3-thread-43] tourGuide.service.RewardsService         : nearAttraction called with Roger Dean Stadium
2023-01-22T16:10:35.632+01:00  INFO 5507 --- [ool-3-thread-19] tourGuide.service.RewardsService         : nearAttraction called with Disneyland
2023-01-22T16:10:35.638+01:00  INFO 5507 --- [ool-3-thread-30] tourGuide.service.RewardsService         : nearAttraction called with Mojave National Preserve
2023-01-22T16:10:35.638+01:00  INFO 5507 --- [ool-3-thread-19] tourGuide.service.RewardsService         : getDistance called
2023-01-22T16:10:35.632+01:00  INFO 5507 --- [pool-3-thread-2] tourGuide.service.RewardsService         : nearAttraction called with Texas Memorial Stadium
2023-01-22T16:10:35.632+01:00  INFO 5507 --- [ool-3-thread-56] tourGuide.service.RewardsService         : nearAttraction called with Jackson Hole
2023-01-22T16:10:35.638+01:00  INFO 5507 --- [pool-3-thread-2] tourGuide.service.RewardsService         : getDistance called
2023-01-22T16:10:35.638+01:00  INFO 5507 --- [ool-3-thread-56] tourGuide.service.RewardsService         : getDistance called
2023-01-22T16:10:35.638+01:00  INFO 5507 --- [pool-3-thread-2] tourGuide.service.RewardsService         : nearAttraction called with Buffalo National River
2023-01-22T16:10:35.632+01:00  INFO 5507 --- [ool-3-thread-57] tourGuide.service.RewardsService         : nearAttraction called with Bryant-Denny Stadium
2023-01-22T16:10:35.632+01:00  INFO 5507 --- [ool-3-thread-21] tourGuide.service.RewardsService         : nearAttraction called with Tiger Stadium
2023-01-22T16:10:35.638+01:00  INFO 5507 --- [ool-3-thread-57] tourGuide.service.RewardsService         : getDistance called
2023-01-22T16:10:35.632+01:00  INFO 5507 --- [ool-3-thread-23] tourGuide.service.RewardsService         : nearAttraction called with Neyland Stadium
2023-01-22T16:10:35.638+01:00  INFO 5507 --- [ool-3-thread-57] tourGuide.service.RewardsService         : nearAttraction called with Kartchner Caverns State Park
2023-01-22T16:10:35.638+01:00  INFO 5507 --- [ool-3-thread-23] tourGuide.service.RewardsService         : getDistance called
2023-01-22T16:10:35.638+01:00  INFO 5507 --- [ool-3-thread-57] tourGuide.service.RewardsService         : getDistance called
2023-01-22T16:10:35.632+01:00  INFO 5507 --- [ool-3-thread-22] tourGuide.service.RewardsService         : getDistance called
2023-01-22T16:10:35.638+01:00  INFO 5507 --- [ool-3-thread-57] tourGuide.service.RewardsService         : nearAttraction called with Flowers Bakery of London
2023-01-22T16:10:35.632+01:00  INFO 5507 --- [ool-3-thread-58] tourGuide.service.RewardsService         : nearAttraction called with Buffalo National River
2023-01-22T16:10:35.632+01:00  INFO 5507 --- [pool-3-thread-7] tourGuide.service.RewardsService         : nearAttraction called with Kyle Field
2023-01-22T16:10:35.633+01:00  INFO 5507 --- [pool-3-thread-6] tourGuide.service.RewardsService         : getDistance called
2023-01-22T16:10:35.633+01:00  INFO 5507 --- [ool-3-thread-10] tourGuide.service.RewardsService         : nearAttraction called with Kartchner Caverns State Park
2023-01-22T16:10:35.639+01:00  INFO 5507 --- [pool-3-thread-6] tourGuide.service.RewardsService         : nearAttraction called with Flatiron Building
2023-01-22T16:10:35.639+01:00  INFO 5507 --- [ool-3-thread-10] tourGuide.service.RewardsService         : getDistance called
2023-01-22T16:10:35.639+01:00  INFO 5507 --- [pool-3-thread-6] tourGuide.service.RewardsService         : getDistance called
2023-01-22T16:10:35.633+01:00  INFO 5507 --- [ool-3-thread-60] tourGuide.service.RewardsService         : nearAttraction called with Zoo Tampa at Lowry Park
2023-01-22T16:10:35.639+01:00  INFO 5507 --- [pool-3-thread-6] tourGuide.service.RewardsService         : nearAttraction called with Union Station
2023-01-22T16:10:35.639+01:00  INFO 5507 --- [ool-3-thread-60] tourGuide.service.RewardsService         : getDistance called
2023-01-22T16:10:35.633+01:00  INFO 5507 --- [ool-3-thread-61] tourGuide.service.RewardsService         : nearAttraction called with Franklin Park Zoo
2023-01-22T16:10:35.633+01:00  INFO 5507 --- [ool-3-thread-24] tourGuide.service.RewardsService         : getDistance called
2023-01-22T16:10:35.633+01:00  INFO 5507 --- [ool-3-thread-45] tourGuide.service.RewardsService         : nearAttraction called with Flowers Bakery of London
2023-01-22T16:10:35.633+01:00  INFO 5507 --- [ool-3-thread-17] tourGuide.service.RewardsService         : getDistance called
2023-01-22T16:10:35.639+01:00  INFO 5507 --- [ool-3-thread-45] tourGuide.service.RewardsService         : getDistance called
2023-01-22T16:10:35.633+01:00  INFO 5507 --- [ool-3-thread-46] tourGuide.service.RewardsService         : nearAttraction called with El Paso Zoo
2023-01-22T16:10:35.633+01:00  INFO 5507 --- [ool-3-thread-29] tourGuide.service.RewardsService         : nearAttraction called with McKinley Tower
2023-01-22T16:10:35.639+01:00  INFO 5507 --- [ool-3-thread-46] tourGuide.service.RewardsService         : getDistance called
2023-01-22T16:10:35.633+01:00  INFO 5507 --- [ool-3-thread-33] tourGuide.service.RewardsService         : nearAttraction called with Kansas City Zoo
2023-01-22T16:10:35.639+01:00  INFO 5507 --- [ool-3-thread-46] tourGuide.service.RewardsService         : nearAttraction called with Neyland Stadium
2023-01-22T16:10:35.639+01:00  INFO 5507 --- [ool-3-thread-33] tourGuide.service.RewardsService         : getDistance called
2023-01-22T16:10:35.639+01:00  INFO 5507 --- [ool-3-thread-46] tourGuide.service.RewardsService         : getDistance called
2023-01-22T16:10:35.633+01:00  INFO 5507 --- [ool-3-thread-37] tourGuide.service.RewardsService         : nearAttraction called with Bronx Zoo
2023-01-22T16:10:35.633+01:00  INFO 5507 --- [ool-3-thread-36] tourGuide.service.RewardsService         : nearAttraction called with Fallingwater
2023-01-22T16:10:35.640+01:00  INFO 5507 --- [ool-3-thread-37] tourGuide.service.RewardsService         : getDistance called
2023-01-22T16:10:35.640+01:00  INFO 5507 --- [ool-3-thread-36] tourGuide.service.RewardsService         : getDistance called
2023-01-22T16:10:35.634+01:00  INFO 5507 --- [ool-3-thread-18] tourGuide.service.RewardsService         : getDistance called
2023-01-22T16:10:35.640+01:00  INFO 5507 --- [ool-3-thread-37] tourGuide.service.RewardsService         : nearAttraction called with Zoo Tampa at Lowry Park
2023-01-22T16:10:35.634+01:00  INFO 5507 --- [ool-3-thread-39] tourGuide.service.RewardsService         : nearAttraction called with Union Station
2023-01-22T16:10:35.634+01:00  INFO 5507 --- [ool-3-thread-41] tourGuide.service.RewardsService         : getDistance called
2023-01-22T16:10:35.634+01:00  INFO 5507 --- [ool-3-thread-40] tourGuide.service.RewardsService         : getDistance called
2023-01-22T16:10:35.634+01:00  INFO 5507 --- [ool-3-thread-25] tourGuide.service.RewardsService         : nearAttraction called with Bryant-Denny Stadium
2023-01-22T16:10:35.640+01:00  INFO 5507 --- [ool-3-thread-40] tourGuide.service.RewardsService         : nearAttraction called with Bronx Zoo
2023-01-22T16:10:35.634+01:00  INFO 5507 --- [ool-3-thread-38] tourGuide.service.RewardsService         : getDistance called
2023-01-22T16:10:35.634+01:00  INFO 5507 --- [ool-3-thread-26] tourGuide.service.RewardsService         : nearAttraction called with Neyland Stadium
2023-01-22T16:10:35.634+01:00  INFO 5507 --- [ool-3-thread-65] tourGuide.service.RewardsService         : getDistance called
2023-01-22T16:10:35.634+01:00  INFO 5507 --- [pool-3-thread-3] tourGuide.service.RewardsService         : nearAttraction called with San Diego Zoo
2023-01-22T16:10:35.640+01:00  INFO 5507 --- [ool-3-thread-65] tourGuide.service.RewardsService         : nearAttraction called with Hot Springs National Park
2023-01-22T16:10:35.634+01:00  INFO 5507 --- [ool-3-thread-44] tourGuide.service.RewardsService         : getDistance called
2023-01-22T16:10:35.634+01:00  INFO 5507 --- [ool-3-thread-66] tourGuide.service.RewardsService         : getDistance called
2023-01-22T16:10:35.634+01:00  INFO 5507 --- [ool-3-thread-20] tourGuide.service.RewardsService         : getDistance called
2023-01-22T16:10:35.635+01:00  INFO 5507 --- [ool-3-thread-69] tourGuide.service.RewardsService         : nearAttraction called with Franklin Park Zoo
2023-01-22T16:10:35.635+01:00  INFO 5507 --- [ool-3-thread-14] tourGuide.service.RewardsService         : nearAttraction called with El Paso Zoo
2023-01-22T16:10:35.635+01:00  INFO 5507 --- [ool-3-thread-42] tourGuide.service.RewardsService         : nearAttraction called with Bronx Zoo
2023-01-22T16:10:35.635+01:00  INFO 5507 --- [ool-3-thread-70] tourGuide.service.RewardsService         : getDistance called
2023-01-22T16:10:35.635+01:00  INFO 5507 --- [pool-3-thread-4] tourGuide.service.RewardsService         : nearAttraction called with Cinderella Castle
2023-01-22T16:10:35.635+01:00  INFO 5507 --- [ool-3-thread-47] tourGuide.service.RewardsService         : nearAttraction called with Jackson Hole
2023-01-22T16:10:35.641+01:00  INFO 5507 --- [pool-3-thread-4] tourGuide.service.RewardsService         : getDistance called
2023-01-22T16:10:35.635+01:00  INFO 5507 --- [ool-3-thread-11] tourGuide.service.RewardsService         : nearAttraction called with Joshua Tree National Park
2023-01-22T16:10:35.635+01:00  INFO 5507 --- [ool-3-thread-13] tourGuide.service.RewardsService         : getDistance called
2023-01-22T16:10:35.635+01:00  INFO 5507 --- [ool-3-thread-49] tourGuide.service.RewardsService         : nearAttraction called with Buffalo National River
2023-01-22T16:10:35.635+01:00  INFO 5507 --- [ool-3-thread-27] tourGuide.service.RewardsService         : nearAttraction called with Hot Springs National Park
2023-01-22T16:10:35.635+01:00  INFO 5507 --- [ool-3-thread-28] tourGuide.service.RewardsService         : nearAttraction called with Kartchner Caverns State Park
2023-01-22T16:10:35.641+01:00  INFO 5507 --- [ool-3-thread-27] tourGuide.service.RewardsService         : getDistance called
2023-01-22T16:10:35.641+01:00  INFO 5507 --- [ool-3-thread-28] tourGuide.service.RewardsService         : getDistance called
2023-01-22T16:10:35.636+01:00  INFO 5507 --- [ool-3-thread-48] tourGuide.service.RewardsService         : nearAttraction called with Flowers Bakery of London
2023-01-22T16:10:35.636+01:00  INFO 5507 --- [ool-3-thread-54] tourGuide.service.RewardsService         : getDistance called
2023-01-22T16:10:35.636+01:00  INFO 5507 --- [ool-3-thread-50] tourGuide.service.RewardsService         : getDistance called
2023-01-22T16:10:35.636+01:00  INFO 5507 --- [ool-3-thread-15] tourGuide.service.RewardsService         : getDistance called
2023-01-22T16:10:35.636+01:00  INFO 5507 --- [pool-3-thread-8] tourGuide.service.RewardsService         : nearAttraction called with Fallingwater
2023-01-22T16:10:35.636+01:00  INFO 5507 --- [ool-3-thread-32] tourGuide.service.RewardsService         : getDistance called
2023-01-22T16:10:35.642+01:00  INFO 5507 --- [pool-3-thread-8] tourGuide.service.RewardsService         : getDistance called
2023-01-22T16:10:35.636+01:00  INFO 5507 --- [ool-3-thread-55] tourGuide.service.RewardsService         : nearAttraction called with Union Station
2023-01-22T16:10:35.642+01:00  INFO 5507 --- [ool-3-thread-32] tourGuide.service.RewardsService         : nearAttraction called with Neyland Stadium
2023-01-22T16:10:35.636+01:00  INFO 5507 --- [pool-3-thread-9] tourGuide.service.RewardsService         : getDistance called
2023-01-22T16:10:35.636+01:00  INFO 5507 --- [ool-3-thread-34] tourGuide.service.RewardsService         : getDistance called
2023-01-22T16:10:35.642+01:00  INFO 5507 --- [pool-3-thread-9] tourGuide.service.RewardsService         : nearAttraction called with San Diego Zoo
2023-01-22T16:10:35.636+01:00  INFO 5507 --- [ool-3-thread-51] tourGuide.service.RewardsService         : getDistance called
2023-01-22T16:10:35.642+01:00  INFO 5507 --- [pool-3-thread-9] tourGuide.service.RewardsService         : getDistance called
2023-01-22T16:10:35.636+01:00  INFO 5507 --- [ool-3-thread-35] tourGuide.service.RewardsService         : getDistance called
2023-01-22T16:10:35.642+01:00  INFO 5507 --- [ool-3-thread-51] tourGuide.service.RewardsService         : nearAttraction called with Franklin Park Zoo
2023-01-22T16:10:35.636+01:00  INFO 5507 --- [ool-3-thread-31] tourGuide.service.RewardsService         : nearAttraction called with Tiger Stadium
2023-01-22T16:10:35.637+01:00  INFO 5507 --- [ool-3-thread-12] tourGuide.service.RewardsService         : getDistance called
2023-01-22T16:10:35.642+01:00  INFO 5507 --- [ool-3-thread-31] tourGuide.service.RewardsService         : getDistance called
2023-01-22T16:10:35.637+01:00  INFO 5507 --- [pool-3-thread-5] tourGuide.service.RewardsService         : nearAttraction called with Neyland Stadium
2023-01-22T16:10:35.642+01:00  INFO 5507 --- [ool-3-thread-31] tourGuide.service.RewardsService         : nearAttraction called with Cinderella Castle
2023-01-22T16:10:35.637+01:00  INFO 5507 --- [ool-3-thread-59] tourGuide.service.RewardsService         : nearAttraction called with Kyle Field
2023-01-22T16:10:35.637+01:00  INFO 5507 --- [ool-3-thread-63] tourGuide.service.RewardsService         : getDistance called
2023-01-22T16:10:35.637+01:00  INFO 5507 --- [ool-3-thread-52] tourGuide.service.RewardsService         : getDistance called
2023-01-22T16:10:35.637+01:00  INFO 5507 --- [ool-3-thread-62] tourGuide.service.RewardsService         : nearAttraction called with San Diego Zoo
2023-01-22T16:10:35.643+01:00  INFO 5507 --- [ool-3-thread-52] tourGuide.service.RewardsService         : nearAttraction called with Jackson Hole
2023-01-22T16:10:35.637+01:00  INFO 5507 --- [ool-3-thread-64] tourGuide.service.RewardsService         : getDistance called
2023-01-22T16:10:35.643+01:00  INFO 5507 --- [ool-3-thread-52] tourGuide.service.RewardsService         : getDistance called
2023-01-22T16:10:35.637+01:00  INFO 5507 --- [ool-3-thread-67] tourGuide.service.RewardsService         : nearAttraction called with Franklin Park Zoo
2023-01-22T16:10:35.643+01:00  INFO 5507 --- [ool-3-thread-52] tourGuide.service.RewardsService         : nearAttraction called with Joshua Tree National Park
2023-01-22T16:10:35.637+01:00  INFO 5507 --- [pool-3-thread-1] tourGuide.service.RewardsService         : nearAttraction called with El Paso Zoo
2023-01-22T16:10:35.643+01:00  INFO 5507 --- [ool-3-thread-52] tourGuide.service.RewardsService         : getDistance called
2023-01-22T16:10:35.637+01:00  INFO 5507 --- [ool-3-thread-16] tourGuide.service.RewardsService         : getDistance called
2023-01-22T16:10:35.637+01:00  INFO 5507 --- [ool-3-thread-53] tourGuide.service.RewardsService         : nearAttraction called with Cinderella Castle
2023-01-22T16:10:35.643+01:00  INFO 5507 --- [ool-3-thread-16] tourGuide.service.RewardsService         : nearAttraction called with Hot Springs National Park
2023-01-22T16:10:35.637+01:00  INFO 5507 --- [ool-3-thread-68] tourGuide.service.RewardsService         : nearAttraction called with Jackson Hole
2023-01-22T16:10:35.643+01:00  INFO 5507 --- [ool-3-thread-16] tourGuide.service.RewardsService         : getDistance called
2023-01-22T16:10:35.638+01:00  INFO 5507 --- [ool-3-thread-43] tourGuide.service.RewardsService         : getDistance called
2023-01-22T16:10:35.638+01:00  INFO 5507 --- [ool-3-thread-30] tourGuide.service.RewardsService         : getDistance called
2023-01-22T16:10:35.643+01:00  INFO 5507 --- [ool-3-thread-43] tourGuide.service.RewardsService         : nearAttraction called with Legend Valley
2023-01-22T16:10:35.638+01:00  INFO 5507 --- [ool-3-thread-19] tourGuide.service.RewardsService         : nearAttraction called with Joshua Tree National Park
2023-01-22T16:10:35.643+01:00  INFO 5507 --- [ool-3-thread-43] tourGuide.service.RewardsService         : getDistance called
2023-01-22T16:10:35.643+01:00  INFO 5507 --- [ool-3-thread-19] tourGuide.service.RewardsService         : getDistance called
2023-01-22T16:10:35.643+01:00  INFO 5507 --- [ool-3-thread-43] tourGuide.service.RewardsService         : nearAttraction called with McKinley Tower
2023-01-22T16:10:35.638+01:00  INFO 5507 --- [ool-3-thread-56] tourGuide.service.RewardsService         : nearAttraction called with Hot Springs National Park
2023-01-22T16:10:35.638+01:00  INFO 5507 --- [pool-3-thread-2] tourGuide.service.RewardsService         : getDistance called
2023-01-22T16:10:35.644+01:00  INFO 5507 --- [ool-3-thread-43] tourGuide.service.RewardsService         : getDistance called
2023-01-22T16:10:35.638+01:00  INFO 5507 --- [ool-3-thread-21] tourGuide.service.RewardsService         : getDistance called
2023-01-22T16:10:35.638+01:00  INFO 5507 --- [ool-3-thread-23] tourGuide.service.RewardsService         : nearAttraction called with Legend Valley
2023-01-22T16:10:35.638+01:00  INFO 5507 --- [ool-3-thread-22] tourGuide.service.RewardsService         : nearAttraction called with McKinley Tower
2023-01-22T16:10:35.644+01:00  INFO 5507 --- [ool-3-thread-23] tourGuide.service.RewardsService         : getDistance called
2023-01-22T16:10:35.644+01:00  INFO 5507 --- [ool-3-thread-22] tourGuide.service.RewardsService         : getDistance called
2023-01-22T16:10:35.638+01:00  INFO 5507 --- [ool-3-thread-57] tourGuide.service.RewardsService         : getDistance called
2023-01-22T16:10:35.638+01:00  INFO 5507 --- [ool-3-thread-58] tourGuide.service.RewardsService         : getDistance called
2023-01-22T16:10:35.644+01:00  INFO 5507 --- [ool-3-thread-57] tourGuide.service.RewardsService         : nearAttraction called with Tiger Stadium
2023-01-22T16:10:35.639+01:00  INFO 5507 --- [pool-3-thread-7] tourGuide.service.RewardsService         : getDistance called
2023-01-22T16:10:35.644+01:00  INFO 5507 --- [ool-3-thread-57] tourGuide.service.RewardsService         : getDistance called
2023-01-22T16:10:35.639+01:00  INFO 5507 --- [ool-3-thread-10] tourGuide.service.RewardsService         : nearAttraction called with Fallingwater
2023-01-22T16:10:35.639+01:00  INFO 5507 --- [pool-3-thread-6] tourGuide.service.RewardsService         : getDistance called
2023-01-22T16:10:35.644+01:00  INFO 5507 --- [ool-3-thread-10] tourGuide.service.RewardsService         : getDistance called
2023-01-22T16:10:35.639+01:00  INFO 5507 --- [ool-3-thread-60] tourGuide.service.RewardsService         : nearAttraction called with Roger Dean Stadium
2023-01-22T16:10:35.639+01:00  INFO 5507 --- [ool-3-thread-61] tourGuide.service.RewardsService         : getDistance called
2023-01-22T16:10:35.639+01:00  INFO 5507 --- [ool-3-thread-24] tourGuide.service.RewardsService         : nearAttraction called with Texas Memorial Stadium
2023-01-22T16:10:35.639+01:00  INFO 5507 --- [ool-3-thread-17] tourGuide.service.RewardsService         : nearAttraction called with Bryant-Denny Stadium
2023-01-22T16:10:35.639+01:00  INFO 5507 --- [ool-3-thread-45] tourGuide.service.RewardsService         : nearAttraction called with Tiger Stadium
2023-01-22T16:10:35.639+01:00  INFO 5507 --- [ool-3-thread-29] tourGuide.service.RewardsService         : getDistance called
2023-01-22T16:10:35.645+01:00  INFO 5507 --- [ool-3-thread-17] tourGuide.service.RewardsService         : getDistance called
2023-01-22T16:10:35.640+01:00  INFO 5507 --- [ool-3-thread-33] tourGuide.service.RewardsService         : nearAttraction called with Kyle Field
2023-01-22T16:10:35.640+01:00  INFO 5507 --- [ool-3-thread-46] tourGuide.service.RewardsService         : nearAttraction called with San Diego Zoo
2023-01-22T16:10:35.645+01:00  INFO 5507 --- [ool-3-thread-33] tourGuide.service.RewardsService         : getDistance called
2023-01-22T16:10:35.640+01:00  INFO 5507 --- [ool-3-thread-36] tourGuide.service.RewardsService         : nearAttraction called with Franklin Park Zoo
2023-01-22T16:10:35.640+01:00  INFO 5507 --- [ool-3-thread-18] tourGuide.service.RewardsService         : nearAttraction called with El Paso Zoo
2023-01-22T16:10:35.645+01:00  INFO 5507 --- [ool-3-thread-36] tourGuide.service.RewardsService         : getDistance called
2023-01-22T16:10:35.640+01:00  INFO 5507 --- [ool-3-thread-37] tourGuide.service.RewardsService         : getDistance called
2023-01-22T16:10:35.640+01:00  INFO 5507 --- [ool-3-thread-39] tourGuide.service.RewardsService         : getDistance called
2023-01-22T16:10:35.640+01:00  INFO 5507 --- [ool-3-thread-41] tourGuide.service.RewardsService         : nearAttraction called with Kansas City Zoo
2023-01-22T16:10:35.640+01:00  INFO 5507 --- [ool-3-thread-25] tourGuide.service.RewardsService         : getDistance called
2023-01-22T16:10:35.645+01:00  INFO 5507 --- [ool-3-thread-39] tourGuide.service.RewardsService         : nearAttraction called with Buffalo National River
2023-01-22T16:10:35.640+01:00  INFO 5507 --- [ool-3-thread-40] tourGuide.service.RewardsService         : getDistance called
2023-01-22T16:10:35.645+01:00  INFO 5507 --- [ool-3-thread-39] tourGuide.service.RewardsService         : getDistance called
2023-01-22T16:10:35.640+01:00  INFO 5507 --- [ool-3-thread-26] tourGuide.service.RewardsService         : getDistance called
2023-01-22T16:10:35.640+01:00  INFO 5507 --- [ool-3-thread-38] tourGuide.service.RewardsService         : nearAttraction called with Cinderella Castle
2023-01-22T16:10:35.645+01:00  INFO 5507 --- [ool-3-thread-39] tourGuide.service.RewardsService         : nearAttraction called with Kartchner Caverns State Park
2023-01-22T16:10:35.640+01:00  INFO 5507 --- [pool-3-thread-3] tourGuide.service.RewardsService         : getDistance called
2023-01-22T16:10:35.640+01:00  INFO 5507 --- [ool-3-thread-65] tourGuide.service.RewardsService         : getDistance called
2023-01-22T16:10:35.641+01:00  INFO 5507 --- [ool-3-thread-44] tourGuide.service.RewardsService         : nearAttraction called with Kartchner Caverns State Park
2023-01-22T16:10:35.641+01:00  INFO 5507 --- [ool-3-thread-66] tourGuide.service.RewardsService         : nearAttraction called with Legend Valley
2023-01-22T16:10:35.646+01:00  INFO 5507 --- [ool-3-thread-44] tourGuide.service.RewardsService         : getDistance called
2023-01-22T16:10:35.641+01:00  INFO 5507 --- [ool-3-thread-20] tourGuide.service.RewardsService         : nearAttraction called with Flowers Bakery of London
2023-01-22T16:10:35.641+01:00  INFO 5507 --- [ool-3-thread-69] tourGuide.service.RewardsService         : getDistance called
2023-01-22T16:10:35.646+01:00  INFO 5507 --- [ool-3-thread-20] tourGuide.service.RewardsService         : getDistance called
2023-01-22T16:10:35.641+01:00  INFO 5507 --- [ool-3-thread-14] tourGuide.service.RewardsService         : getDistance called
2023-01-22T16:10:35.646+01:00  INFO 5507 --- [ool-3-thread-20] tourGuide.service.RewardsService         : nearAttraction called with Roger Dean Stadium
2023-01-22T16:10:35.641+01:00  INFO 5507 --- [ool-3-thread-42] tourGuide.service.RewardsService         : getDistance called
2023-01-22T16:10:35.641+01:00  INFO 5507 --- [ool-3-thread-70] tourGuide.service.RewardsService         : nearAttraction called with McKinley Tower
2023-01-22T16:10:35.641+01:00  INFO 5507 --- [ool-3-thread-47] tourGuide.service.RewardsService         : getDistance called
2023-01-22T16:10:35.646+01:00  INFO 5507 --- [ool-3-thread-42] tourGuide.service.RewardsService         : nearAttraction called with Bryant-Denny Stadium
2023-01-22T16:10:35.641+01:00  INFO 5507 --- [pool-3-thread-4] tourGuide.service.RewardsService         : nearAttraction called with Flatiron Building
2023-01-22T16:10:35.646+01:00  INFO 5507 --- [ool-3-thread-42] tourGuide.service.RewardsService         : getDistance called
2023-01-22T16:10:35.646+01:00  INFO 5507 --- [ool-3-thread-47] tourGuide.service.RewardsService         : nearAttraction called with Tiger Stadium
2023-01-22T16:10:35.646+01:00  INFO 5507 --- [pool-3-thread-4] tourGuide.service.RewardsService         : getDistance called
2023-01-22T16:10:35.646+01:00  INFO 5507 --- [ool-3-thread-47] tourGuide.service.RewardsService         : getDistance called
2023-01-22T16:10:35.641+01:00  INFO 5507 --- [ool-3-thread-11] tourGuide.service.RewardsService         : getDistance called
2023-01-22T16:10:35.641+01:00  INFO 5507 --- [ool-3-thread-13] tourGuide.service.RewardsService         : nearAttraction called with Fallingwater
2023-01-22T16:10:35.641+01:00  INFO 5507 --- [ool-3-thread-49] tourGuide.service.RewardsService         : getDistance called
2023-01-22T16:10:35.647+01:00  INFO 5507 --- [ool-3-thread-13] tourGuide.service.RewardsService         : getDistance called
2023-01-22T16:10:35.641+01:00  INFO 5507 --- [ool-3-thread-27] tourGuide.service.RewardsService         : nearAttraction called with Union Station
2023-01-22T16:10:35.647+01:00  INFO 5507 --- [ool-3-thread-13] tourGuide.service.RewardsService         : nearAttraction called with El Paso Zoo
2023-01-22T16:10:35.647+01:00  INFO 5507 --- [ool-3-thread-27] tourGuide.service.RewardsService         : getDistance called
2023-01-22T16:10:35.647+01:00  INFO 5507 --- [ool-3-thread-13] tourGuide.service.RewardsService         : getDistance called
2023-01-22T16:10:35.641+01:00  INFO 5507 --- [ool-3-thread-28] tourGuide.service.RewardsService         : nearAttraction called with Roger Dean Stadium
2023-01-22T16:10:35.647+01:00  INFO 5507 --- [ool-3-thread-13] tourGuide.service.RewardsService         : nearAttraction called with Bronx Zoo
2023-01-22T16:10:35.641+01:00  INFO 5507 --- [ool-3-thread-48] tourGuide.service.RewardsService         : getDistance called
2023-01-22T16:10:35.647+01:00  INFO 5507 --- [ool-3-thread-13] tourGuide.service.RewardsService         : getDistance called
2023-01-22T16:10:35.642+01:00  INFO 5507 --- [ool-3-thread-54] tourGuide.service.RewardsService         : nearAttraction called with Texas Memorial Stadium
2023-01-22T16:10:35.647+01:00  INFO 5507 --- [ool-3-thread-13] tourGuide.service.RewardsService         : nearAttraction called with Disneyland
2023-01-22T16:10:35.647+01:00  INFO 5507 --- [ool-3-thread-54] tourGuide.service.RewardsService         : getDistance called
2023-01-22T16:10:35.642+01:00  INFO 5507 --- [ool-3-thread-50] tourGuide.service.RewardsService         : nearAttraction called with Bryant-Denny Stadium
2023-01-22T16:10:35.642+01:00  INFO 5507 --- [ool-3-thread-15] tourGuide.service.RewardsService         : nearAttraction called with Tiger Stadium
2023-01-22T16:10:35.647+01:00  INFO 5507 --- [ool-3-thread-50] tourGuide.service.RewardsService         : getDistance called
2023-01-22T16:10:35.642+01:00  INFO 5507 --- [ool-3-thread-55] tourGuide.service.RewardsService         : getDistance called
2023-01-22T16:10:35.647+01:00  INFO 5507 --- [ool-3-thread-50] tourGuide.service.RewardsService         : nearAttraction called with Mojave National Preserve
2023-01-22T16:10:35.642+01:00  INFO 5507 --- [pool-3-thread-8] tourGuide.service.RewardsService         : nearAttraction called with Kyle Field
2023-01-22T16:10:35.642+01:00  INFO 5507 --- [ool-3-thread-32] tourGuide.service.RewardsService         : getDistance called
2023-01-22T16:10:35.648+01:00  INFO 5507 --- [pool-3-thread-8] tourGuide.service.RewardsService         : getDistance called
2023-01-22T16:10:35.642+01:00  INFO 5507 --- [ool-3-thread-34] tourGuide.service.RewardsService         : nearAttraction called with Zoo Tampa at Lowry Park
2023-01-22T16:10:35.648+01:00  INFO 5507 --- [ool-3-thread-32] tourGuide.service.RewardsService         : nearAttraction called with Buffalo National River
2023-01-22T16:10:35.648+01:00  INFO 5507 --- [ool-3-thread-34] tourGuide.service.RewardsService         : getDistance called
2023-01-22T16:10:35.648+01:00  INFO 5507 --- [ool-3-thread-32] tourGuide.service.RewardsService         : getDistance called
2023-01-22T16:10:35.642+01:00  INFO 5507 --- [pool-3-thread-9] tourGuide.service.RewardsService         : nearAttraction called with El Paso Zoo
2023-01-22T16:10:35.642+01:00  INFO 5507 --- [ool-3-thread-35] tourGuide.service.RewardsService         : nearAttraction called with Kansas City Zoo
2023-01-22T16:10:35.642+01:00  INFO 5507 --- [ool-3-thread-51] tourGuide.service.RewardsService         : getDistance called
2023-01-22T16:10:35.648+01:00  INFO 5507 --- [ool-3-thread-35] tourGuide.service.RewardsService         : getDistance called
2023-01-22T16:10:35.642+01:00  INFO 5507 --- [ool-3-thread-12] tourGuide.service.RewardsService         : nearAttraction called with Bronx Zoo
2023-01-22T16:10:35.648+01:00  INFO 5507 --- [ool-3-thread-35] tourGuide.service.RewardsService         : nearAttraction called with McKinley Tower
2023-01-22T16:10:35.648+01:00  INFO 5507 --- [ool-3-thread-12] tourGuide.service.RewardsService         : getDistance called
2023-01-22T16:10:35.648+01:00  INFO 5507 --- [ool-3-thread-35] tourGuide.service.RewardsService         : getDistance called
2023-01-22T16:10:35.648+01:00  INFO 5507 --- [ool-3-thread-12] tourGuide.service.RewardsService         : nearAttraction called with Flatiron Building
2023-01-22T16:10:35.642+01:00  INFO 5507 --- [pool-3-thread-5] tourGuide.service.RewardsService         : getDistance called
2023-01-22T16:10:35.648+01:00  INFO 5507 --- [ool-3-thread-12] tourGuide.service.RewardsService         : getDistance called
2023-01-22T16:10:35.642+01:00  INFO 5507 --- [ool-3-thread-31] tourGuide.service.RewardsService         : getDistance called
2023-01-22T16:10:35.648+01:00  INFO 5507 --- [ool-3-thread-12] tourGuide.service.RewardsService         : nearAttraction called with Roger Dean Stadium
2023-01-22T16:10:35.643+01:00  INFO 5507 --- [ool-3-thread-59] tourGuide.service.RewardsService         : getDistance called
2023-01-22T16:10:35.643+01:00  INFO 5507 --- [ool-3-thread-63] tourGuide.service.RewardsService         : nearAttraction called with Disneyland
2023-01-22T16:10:35.643+01:00  INFO 5507 --- [ool-3-thread-62] tourGuide.service.RewardsService         : getDistance called
2023-01-22T16:10:35.643+01:00  INFO 5507 --- [ool-3-thread-64] tourGuide.service.RewardsService         : nearAttraction called with Mojave National Preserve
2023-01-22T16:10:35.649+01:00  INFO 5507 --- [ool-3-thread-62] tourGuide.service.RewardsService         : nearAttraction called with Tiger Stadium
2023-01-22T16:10:35.649+01:00  INFO 5507 --- [ool-3-thread-64] tourGuide.service.RewardsService         : getDistance called
2023-01-22T16:10:35.649+01:00  INFO 5507 --- [ool-3-thread-62] tourGuide.service.RewardsService         : getDistance called
2023-01-22T16:10:35.643+01:00  INFO 5507 --- [ool-3-thread-67] tourGuide.service.RewardsService         : getDistance called
2023-01-22T16:10:35.649+01:00  INFO 5507 --- [ool-3-thread-62] tourGuide.service.RewardsService         : nearAttraction called with Kyle Field
2023-01-22T16:10:35.643+01:00  INFO 5507 --- [pool-3-thread-1] tourGuide.service.RewardsService         : getDistance called
2023-01-22T16:10:35.649+01:00  INFO 5507 --- [ool-3-thread-62] tourGuide.service.RewardsService         : getDistance called
2023-01-22T16:10:35.643+01:00  INFO 5507 --- [ool-3-thread-52] tourGuide.service.RewardsService         : nearAttraction called with Buffalo National River
2023-01-22T16:10:35.643+01:00  INFO 5507 --- [ool-3-thread-53] tourGuide.service.RewardsService         : getDistance called
2023-01-22T16:10:35.643+01:00  INFO 5507 --- [ool-3-thread-68] tourGuide.service.RewardsService         : getDistance called
2023-01-22T16:10:35.643+01:00  INFO 5507 --- [ool-3-thread-16] tourGuide.service.RewardsService         : nearAttraction called with Kartchner Caverns State Park
2023-01-22T16:10:35.643+01:00  INFO 5507 --- [ool-3-thread-30] tourGuide.service.RewardsService         : nearAttraction called with Flowers Bakery of London
2023-01-22T16:10:35.649+01:00  INFO 5507 --- [ool-3-thread-16] tourGuide.service.RewardsService         : getDistance called
2023-01-22T16:10:35.649+01:00  INFO 5507 --- [ool-3-thread-30] tourGuide.service.RewardsService         : getDistance called
2023-01-22T16:10:35.644+01:00  INFO 5507 --- [ool-3-thread-19] tourGuide.service.RewardsService         : nearAttraction called with Flatiron Building
2023-01-22T16:10:35.649+01:00  INFO 5507 --- [ool-3-thread-30] tourGuide.service.RewardsService         : nearAttraction called with Cinderella Castle
2023-01-22T16:10:35.644+01:00  INFO 5507 --- [ool-3-thread-56] tourGuide.service.RewardsService         : getDistance called
2023-01-22T16:10:35.649+01:00  INFO 5507 --- [ool-3-thread-30] tourGuide.service.RewardsService         : getDistance called
2023-01-22T16:10:35.644+01:00  INFO 5507 --- [pool-3-thread-2] tourGuide.service.RewardsService         : nearAttraction called with Fallingwater
2023-01-22T16:10:35.649+01:00  INFO 5507 --- [ool-3-thread-56] tourGuide.service.RewardsService         : nearAttraction called with Jackson Hole
2023-01-22T16:10:35.644+01:00  INFO 5507 --- [ool-3-thread-43] tourGuide.service.RewardsService         : nearAttraction called with Union Station
2023-01-22T16:10:35.644+01:00  INFO 5507 --- [ool-3-thread-21] tourGuide.service.RewardsService         : nearAttraction called with Roger Dean Stadium
2023-01-22T16:10:35.650+01:00  INFO 5507 --- [ool-3-thread-43] tourGuide.service.RewardsService         : getDistance called
2023-01-22T16:10:35.644+01:00  INFO 5507 --- [ool-3-thread-23] tourGuide.service.RewardsService         : nearAttraction called with Texas Memorial Stadium
2023-01-22T16:10:35.644+01:00  INFO 5507 --- [ool-3-thread-22] tourGuide.service.RewardsService         : nearAttraction called with Bryant-Denny Stadium
2023-01-22T16:10:35.650+01:00  INFO 5507 --- [ool-3-thread-23] tourGuide.service.RewardsService         : getDistance called
2023-01-22T16:10:35.644+01:00  INFO 5507 --- [ool-3-thread-58] tourGuide.service.RewardsService         : nearAttraction called with Neyland Stadium
2023-01-22T16:10:35.644+01:00  INFO 5507 --- [pool-3-thread-7] tourGuide.service.RewardsService         : nearAttraction called with Kyle Field
2023-01-22T16:10:35.644+01:00  INFO 5507 --- [ool-3-thread-57] tourGuide.service.RewardsService         : nearAttraction called with San Diego Zoo
2023-01-22T16:10:35.650+01:00  INFO 5507 --- [pool-3-thread-7] tourGuide.service.RewardsService         : getDistance called
2023-01-22T16:10:35.644+01:00  INFO 5507 --- [pool-3-thread-6] tourGuide.service.RewardsService         : nearAttraction called with Zoo Tampa at Lowry Park
2023-01-22T16:10:35.644+01:00  INFO 5507 --- [ool-3-thread-10] tourGuide.service.RewardsService         : nearAttraction called with Franklin Park Zoo
2023-01-22T16:10:35.650+01:00  INFO 5507 --- [pool-3-thread-6] tourGuide.service.RewardsService         : getDistance called
2023-01-22T16:10:35.650+01:00  INFO 5507 --- [ool-3-thread-10] tourGuide.service.RewardsService         : getDistance called
2023-01-22T16:10:35.644+01:00  INFO 5507 --- [ool-3-thread-60] tourGuide.service.RewardsService         : getDistance called
2023-01-22T16:10:35.650+01:00  INFO 5507 --- [ool-3-thread-10] tourGuide.service.RewardsService         : nearAttraction called with Legend Valley
2023-01-22T16:10:35.644+01:00  INFO 5507 --- [ool-3-thread-24] tourGuide.service.RewardsService         : getDistance called
2023-01-22T16:10:35.650+01:00  INFO 5507 --- [ool-3-thread-60] tourGuide.service.RewardsService         : nearAttraction called with Flowers Bakery of London
2023-01-22T16:10:35.644+01:00  INFO 5507 --- [ool-3-thread-61] tourGuide.service.RewardsService         : nearAttraction called with El Paso Zoo
2023-01-22T16:10:35.650+01:00  INFO 5507 --- [ool-3-thread-60] tourGuide.service.RewardsService         : getDistance called
2023-01-22T16:10:35.645+01:00  INFO 5507 --- [ool-3-thread-45] tourGuide.service.RewardsService         : getDistance called
2023-01-22T16:10:35.645+01:00  INFO 5507 --- [ool-3-thread-29] tourGuide.service.RewardsService         : nearAttraction called with Kansas City Zoo
2023-01-22T16:10:35.651+01:00  INFO 5507 --- [ool-3-thread-60] tourGuide.service.RewardsService         : nearAttraction called with Flatiron Building
2023-01-22T16:10:35.651+01:00  INFO 5507 --- [ool-3-thread-29] tourGuide.service.RewardsService         : getDistance called
2023-01-22T16:10:35.645+01:00  INFO 5507 --- [ool-3-thread-17] tourGuide.service.RewardsService         : nearAttraction called with Bronx Zoo
2023-01-22T16:10:35.645+01:00  INFO 5507 --- [ool-3-thread-46] tourGuide.service.RewardsService         : getDistance called
2023-01-22T16:10:35.651+01:00  INFO 5507 --- [ool-3-thread-17] tourGuide.service.RewardsService         : getDistance called
2023-01-22T16:10:35.645+01:00  INFO 5507 --- [ool-3-thread-33] tourGuide.service.RewardsService         : nearAttraction called with Cinderella Castle
2023-01-22T16:10:35.651+01:00  INFO 5507 --- [ool-3-thread-46] tourGuide.service.RewardsService         : nearAttraction called with Roger Dean Stadium
2023-01-22T16:10:35.651+01:00  INFO 5507 --- [ool-3-thread-33] tourGuide.service.RewardsService         : getDistance called
2023-01-22T16:10:35.651+01:00  INFO 5507 --- [ool-3-thread-46] tourGuide.service.RewardsService         : getDistance called
2023-01-22T16:10:35.645+01:00  INFO 5507 --- [ool-3-thread-18] tourGuide.service.RewardsService         : getDistance called
2023-01-22T16:10:35.645+01:00  INFO 5507 --- [ool-3-thread-36] tourGuide.service.RewardsService         : nearAttraction called with Mojave National Preserve
2023-01-22T16:10:35.645+01:00  INFO 5507 --- [ool-3-thread-37] tourGuide.service.RewardsService         : nearAttraction called with Joshua Tree National Park
2023-01-22T16:10:35.645+01:00  INFO 5507 --- [ool-3-thread-41] tourGuide.service.RewardsService         : getDistance called
2023-01-22T16:10:35.651+01:00  INFO 5507 --- [ool-3-thread-37] tourGuide.service.RewardsService         : getDistance called
2023-01-22T16:10:35.645+01:00  INFO 5507 --- [ool-3-thread-25] tourGuide.service.RewardsService         : nearAttraction called with Hot Springs National Park
2023-01-22T16:10:35.645+01:00  INFO 5507 --- [ool-3-thread-40] tourGuide.service.RewardsService         : nearAttraction called with Legend Valley
2023-01-22T16:10:35.645+01:00  INFO 5507 --- [ool-3-thread-26] tourGuide.service.RewardsService         : nearAttraction called with Flowers Bakery of London
2023-01-22T16:10:35.651+01:00  INFO 5507 --- [ool-3-thread-40] tourGuide.service.RewardsService         : getDistance called
2023-01-22T16:10:35.646+01:00  INFO 5507 --- [ool-3-thread-39] tourGuide.service.RewardsService         : getDistance called
2023-01-22T16:10:35.646+01:00  INFO 5507 --- [ool-3-thread-38] tourGuide.service.RewardsService         : getDistance called
2023-01-22T16:10:35.646+01:00  INFO 5507 --- [pool-3-thread-3] tourGuide.service.RewardsService         : nearAttraction called with McKinley Tower
2023-01-22T16:10:35.646+01:00  INFO 5507 --- [ool-3-thread-65] tourGuide.service.RewardsService         : nearAttraction called with Flatiron Building
2023-01-22T16:10:35.646+01:00  INFO 5507 --- [ool-3-thread-66] tourGuide.service.RewardsService         : getDistance called
2023-01-22T16:10:35.652+01:00  INFO 5507 --- [ool-3-thread-65] tourGuide.service.RewardsService         : getDistance called
2023-01-22T16:10:35.646+01:00  INFO 5507 --- [ool-3-thread-44] tourGuide.service.RewardsService         : nearAttraction called with Fallingwater
2023-01-22T16:10:35.646+01:00  INFO 5507 --- [ool-3-thread-69] tourGuide.service.RewardsService         : nearAttraction called with Union Station
2023-01-22T16:10:35.646+01:00  INFO 5507 --- [ool-3-thread-14] tourGuide.service.RewardsService         : nearAttraction called with Texas Memorial Stadium
2023-01-22T16:10:35.652+01:00  INFO 5507 --- [ool-3-thread-69] tourGuide.service.RewardsService         : getDistance called
2023-01-22T16:10:35.652+01:00  INFO 5507 --- [ool-3-thread-14] tourGuide.service.RewardsService         : getDistance called
2023-01-22T16:10:35.646+01:00  INFO 5507 --- [ool-3-thread-20] tourGuide.service.RewardsService         : getDistance called
2023-01-22T16:10:35.646+01:00  INFO 5507 --- [ool-3-thread-70] tourGuide.service.RewardsService         : getDistance called
2023-01-22T16:10:35.646+01:00  INFO 5507 --- [ool-3-thread-42] tourGuide.service.RewardsService         : nearAttraction called with Neyland Stadium
2023-01-22T16:10:35.646+01:00  INFO 5507 --- [pool-3-thread-4] tourGuide.service.RewardsService         : nearAttraction called with Kyle Field
2023-01-22T16:10:35.652+01:00  INFO 5507 --- [ool-3-thread-42] tourGuide.service.RewardsService         : getDistance called
2023-01-22T16:10:35.646+01:00  INFO 5507 --- [ool-3-thread-47] tourGuide.service.RewardsService         : nearAttraction called with San Diego Zoo
2023-01-22T16:10:35.652+01:00  INFO 5507 --- [ool-3-thread-42] tourGuide.service.RewardsService         : nearAttraction called with Buffalo National River
2023-01-22T16:10:35.652+01:00  INFO 5507 --- [ool-3-thread-47] tourGuide.service.RewardsService         : getDistance called
2023-01-22T16:10:35.647+01:00  INFO 5507 --- [ool-3-thread-11] tourGuide.service.RewardsService         : nearAttraction called with Zoo Tampa at Lowry Park
2023-01-22T16:10:35.652+01:00  INFO 5507 --- [ool-3-thread-47] tourGuide.service.RewardsService         : nearAttraction called with Hot Springs National Park
2023-01-22T16:10:35.652+01:00  INFO 5507 --- [ool-3-thread-11] tourGuide.service.RewardsService         : getDistance called
2023-01-22T16:10:35.647+01:00  INFO 5507 --- [ool-3-thread-49] tourGuide.service.RewardsService         : nearAttraction called with Franklin Park Zoo
2023-01-22T16:10:35.647+01:00  INFO 5507 --- [ool-3-thread-27] tourGuide.service.RewardsService         : nearAttraction called with Kansas City Zoo
2023-01-22T16:10:35.653+01:00  INFO 5507 --- [ool-3-thread-11] tourGuide.service.RewardsService         : nearAttraction called with Kartchner Caverns State Park
2023-01-22T16:10:35.647+01:00  INFO 5507 --- [ool-3-thread-28] tourGuide.service.RewardsService         : getDistance called
2023-01-22T16:10:35.647+01:00  INFO 5507 --- [ool-3-thread-48] tourGuide.service.RewardsService         : nearAttraction called with Cinderella Castle
2023-01-22T16:10:35.653+01:00  INFO 5507 --- [ool-3-thread-28] tourGuide.service.RewardsService         : nearAttraction called with Legend Valley
2023-01-22T16:10:35.647+01:00  INFO 5507 --- [ool-3-thread-13] tourGuide.service.RewardsService         : getDistance called
2023-01-22T16:10:35.647+01:00  INFO 5507 --- [ool-3-thread-54] tourGuide.service.RewardsService         : nearAttraction called with Jackson Hole
2023-01-22T16:10:35.647+01:00  INFO 5507 --- [ool-3-thread-15] tourGuide.service.RewardsService         : getDistance called
2023-01-22T16:10:35.653+01:00  INFO 5507 --- [ool-3-thread-54] tourGuide.service.RewardsService         : getDistance called
2023-01-22T16:10:35.647+01:00  INFO 5507 --- [ool-3-thread-55] tourGuide.service.RewardsService         : nearAttraction called with Joshua Tree National Park
2023-01-22T16:10:35.653+01:00  INFO 5507 --- [ool-3-thread-15] tourGuide.service.RewardsService         : nearAttraction called with McKinley Tower
2023-01-22T16:10:35.647+01:00  INFO 5507 --- [ool-3-thread-50] tourGuide.service.RewardsService         : getDistance called
2023-01-22T16:10:35.648+01:00  INFO 5507 --- [pool-3-thread-8] tourGuide.service.RewardsService         : nearAttraction called with Hot Springs National Park
2023-01-22T16:10:35.648+01:00  INFO 5507 --- [ool-3-thread-34] tourGuide.service.RewardsService         : nearAttraction called with Kartchner Caverns State Park
2023-01-22T16:10:35.648+01:00  INFO 5507 --- [ool-3-thread-32] tourGuide.service.RewardsService         : nearAttraction called with Legend Valley
2023-01-22T16:10:35.653+01:00  INFO 5507 --- [ool-3-thread-34] tourGuide.service.RewardsService         : getDistance called
2023-01-22T16:10:35.648+01:00  INFO 5507 --- [pool-3-thread-9] tourGuide.service.RewardsService         : getDistance called
2023-01-22T16:10:35.648+01:00  INFO 5507 --- [ool-3-thread-51] tourGuide.service.RewardsService         : nearAttraction called with Flowers Bakery of London
2023-01-22T16:10:35.648+01:00  INFO 5507 --- [ool-3-thread-35] tourGuide.service.RewardsService         : nearAttraction called with Fallingwater
2023-01-22T16:10:35.648+01:00  INFO 5507 --- [pool-3-thread-5] tourGuide.service.RewardsService         : nearAttraction called with Union Station
2023-01-22T16:10:35.648+01:00  INFO 5507 --- [ool-3-thread-31] tourGuide.service.RewardsService         : nearAttraction called with Texas Memorial Stadium
2023-01-22T16:10:35.648+01:00  INFO 5507 --- [ool-3-thread-12] tourGuide.service.RewardsService         : getDistance called
2023-01-22T16:10:35.654+01:00  INFO 5507 --- [ool-3-thread-31] tourGuide.service.RewardsService         : getDistance called
2023-01-22T16:10:35.648+01:00  INFO 5507 --- [ool-3-thread-59] tourGuide.service.RewardsService         : nearAttraction called with Bryant-Denny Stadium
2023-01-22T16:10:35.649+01:00  INFO 5507 --- [ool-3-thread-63] tourGuide.service.RewardsService         : getDistance called
2023-01-22T16:10:35.649+01:00  INFO 5507 --- [ool-3-thread-64] tourGuide.service.RewardsService         : nearAttraction called with Neyland Stadium
2023-01-22T16:10:35.649+01:00  INFO 5507 --- [ool-3-thread-67] tourGuide.service.RewardsService         : nearAttraction called with San Diego Zoo
2023-01-22T16:10:35.654+01:00  INFO 5507 --- [ool-3-thread-64] tourGuide.service.RewardsService         : getDistance called
2023-01-22T16:10:35.649+01:00  INFO 5507 --- [pool-3-thread-1] tourGuide.service.RewardsService         : nearAttraction called with Zoo Tampa at Lowry Park
2023-01-22T16:10:35.649+01:00  INFO 5507 --- [ool-3-thread-62] tourGuide.service.RewardsService         : nearAttraction called with Franklin Park Zoo
2023-01-22T16:10:35.654+01:00  INFO 5507 --- [pool-3-thread-1] tourGuide.service.RewardsService         : getDistance called
2023-01-22T16:10:35.654+01:00  INFO 5507 --- [ool-3-thread-62] tourGuide.service.RewardsService         : getDistance called
2023-01-22T16:10:35.649+01:00  INFO 5507 --- [ool-3-thread-52] tourGuide.service.RewardsService         : getDistance called
2023-01-22T16:10:35.654+01:00  INFO 5507 --- [ool-3-thread-62] tourGuide.service.RewardsService         : nearAttraction called with San Diego Zoo
2023-01-22T16:10:35.654+01:00  INFO 5507 --- [ool-3-thread-52] tourGuide.service.RewardsService         : nearAttraction called with Zoo Tampa at Lowry Park
2023-01-22T16:10:35.654+01:00  INFO 5507 --- [ool-3-thread-62] tourGuide.service.RewardsService         : getDistance called
2023-01-22T16:10:35.649+01:00  INFO 5507 --- [ool-3-thread-53] tourGuide.service.RewardsService         : nearAttraction called with El Paso Zoo
2023-01-22T16:10:35.649+01:00  INFO 5507 --- [ool-3-thread-68] tourGuide.service.RewardsService         : nearAttraction called with Kansas City Zoo
2023-01-22T16:10:35.649+01:00  INFO 5507 --- [ool-3-thread-16] tourGuide.service.RewardsService         : nearAttraction called with Bronx Zoo
2023-01-22T16:10:35.654+01:00  INFO 5507 --- [ool-3-thread-68] tourGuide.service.RewardsService         : getDistance called
2023-01-22T16:10:35.649+01:00  INFO 5507 --- [ool-3-thread-19] tourGuide.service.RewardsService         : getDistance called
2023-01-22T16:10:35.650+01:00  INFO 5507 --- [ool-3-thread-30] tourGuide.service.RewardsService         : nearAttraction called with Mojave National Preserve
2023-01-22T16:10:35.650+01:00  INFO 5507 --- [ool-3-thread-56] tourGuide.service.RewardsService         : getDistance called
2023-01-22T16:10:35.655+01:00  INFO 5507 --- [ool-3-thread-19] tourGuide.service.RewardsService         : nearAttraction called with Kansas City Zoo
2023-01-22T16:10:35.650+01:00  INFO 5507 --- [pool-3-thread-2] tourGuide.service.RewardsService         : getDistance called
2023-01-22T16:10:35.655+01:00  INFO 5507 --- [ool-3-thread-19] tourGuide.service.RewardsService         : getDistance called
2023-01-22T16:10:35.650+01:00  INFO 5507 --- [ool-3-thread-21] tourGuide.service.RewardsService         : getDistance called
2023-01-22T16:10:35.655+01:00  INFO 5507 --- [ool-3-thread-19] tourGuide.service.RewardsService         : nearAttraction called with Jackson Hole
2023-01-22T16:10:35.650+01:00  INFO 5507 --- [ool-3-thread-43] tourGuide.service.RewardsService         : nearAttraction called with Joshua Tree National Park
2023-01-22T16:10:35.655+01:00  INFO 5507 --- [ool-3-thread-19] tourGuide.service.RewardsService         : getDistance called
2023-01-22T16:10:35.650+01:00  INFO 5507 --- [ool-3-thread-22] tourGuide.service.RewardsService         : getDistance called
2023-01-22T16:10:35.650+01:00  INFO 5507 --- [ool-3-thread-23] tourGuide.service.RewardsService         : nearAttraction called with Buffalo National River
2023-01-22T16:10:35.655+01:00  INFO 5507 --- [ool-3-thread-22] tourGuide.service.RewardsService         : nearAttraction called with Buffalo National River
2023-01-22T16:10:35.655+01:00  INFO 5507 --- [ool-3-thread-23] tourGuide.service.RewardsService         : getDistance called
2023-01-22T16:10:35.650+01:00  INFO 5507 --- [ool-3-thread-58] tourGuide.service.RewardsService         : getDistance called
2023-01-22T16:10:35.655+01:00  INFO 5507 --- [ool-3-thread-22] tourGuide.service.RewardsService         : getDistance called
2023-01-22T16:10:35.655+01:00  INFO 5507 --- [ool-3-thread-23] tourGuide.service.RewardsService         : nearAttraction called with Hot Springs National Park
2023-01-22T16:10:35.655+01:00  INFO 5507 --- [ool-3-thread-58] tourGuide.service.RewardsService         : nearAttraction called with Kartchner Caverns State Park
2023-01-22T16:10:35.655+01:00  INFO 5507 --- [ool-3-thread-23] tourGuide.service.RewardsService         : getDistance called
2023-01-22T16:10:35.655+01:00  INFO 5507 --- [ool-3-thread-58] tourGuide.service.RewardsService         : getDistance called
2023-01-22T16:10:35.650+01:00  INFO 5507 --- [ool-3-thread-57] tourGuide.service.RewardsService         : getDistance called
2023-01-22T16:10:35.650+01:00  INFO 5507 --- [pool-3-thread-7] tourGuide.service.RewardsService         : nearAttraction called with Hot Springs National Park
2023-01-22T16:10:35.650+01:00  INFO 5507 --- [pool-3-thread-6] tourGuide.service.RewardsService         : nearAttraction called with Kartchner Caverns State Park
2023-01-22T16:10:35.650+01:00  INFO 5507 --- [ool-3-thread-10] tourGuide.service.RewardsService         : getDistance called
2023-01-22T16:10:35.650+01:00  INFO 5507 --- [ool-3-thread-24] tourGuide.service.RewardsService         : nearAttraction called with McKinley Tower
2023-01-22T16:10:35.650+01:00  INFO 5507 --- [ool-3-thread-61] tourGuide.service.RewardsService         : getDistance called
2023-01-22T16:10:35.651+01:00  INFO 5507 --- [ool-3-thread-45] tourGuide.service.RewardsService         : nearAttraction called with Fallingwater
2023-01-22T16:10:35.651+01:00  INFO 5507 --- [ool-3-thread-60] tourGuide.service.RewardsService         : getDistance called
2023-01-22T16:10:35.656+01:00  INFO 5507 --- [ool-3-thread-45] tourGuide.service.RewardsService         : getDistance called
2023-01-22T16:10:35.651+01:00  INFO 5507 --- [ool-3-thread-29] tourGuide.service.RewardsService         : nearAttraction called with Union Station
2023-01-22T16:10:35.656+01:00  INFO 5507 --- [ool-3-thread-60] tourGuide.service.RewardsService         : nearAttraction called with Roger Dean Stadium
2023-01-22T16:10:35.656+01:00  INFO 5507 --- [ool-3-thread-45] tourGuide.service.RewardsService         : nearAttraction called with Texas Memorial Stadium
2023-01-22T16:10:35.651+01:00  INFO 5507 --- [ool-3-thread-17] tourGuide.service.RewardsService         : nearAttraction called with Texas Memorial Stadium
2023-01-22T16:10:35.651+01:00  INFO 5507 --- [ool-3-thread-33] tourGuide.service.RewardsService         : nearAttraction called with Bryant-Denny Stadium
2023-01-22T16:10:35.656+01:00  INFO 5507 --- [ool-3-thread-17] tourGuide.service.RewardsService         : getDistance called
2023-01-22T16:10:35.651+01:00  INFO 5507 --- [ool-3-thread-46] tourGuide.service.RewardsService         : nearAttraction called with Tiger Stadium
2023-01-22T16:10:35.651+01:00  INFO 5507 --- [ool-3-thread-18] tourGuide.service.RewardsService         : nearAttraction called with Neyland Stadium
2023-01-22T16:10:35.656+01:00  INFO 5507 --- [ool-3-thread-46] tourGuide.service.RewardsService         : getDistance called
2023-01-22T16:10:35.651+01:00  INFO 5507 --- [ool-3-thread-36] tourGuide.service.RewardsService         : getDistance called
2023-01-22T16:10:35.651+01:00  INFO 5507 --- [ool-3-thread-41] tourGuide.service.RewardsService         : nearAttraction called with Kyle Field
2023-01-22T16:10:35.656+01:00  INFO 5507 --- [ool-3-thread-36] tourGuide.service.RewardsService         : nearAttraction called with Neyland Stadium
2023-01-22T16:10:35.651+01:00  INFO 5507 --- [ool-3-thread-37] tourGuide.service.RewardsService         : nearAttraction called with San Diego Zoo
2023-01-22T16:10:35.656+01:00  INFO 5507 --- [ool-3-thread-36] tourGuide.service.RewardsService         : getDistance called
2023-01-22T16:10:35.656+01:00  INFO 5507 --- [ool-3-thread-37] tourGuide.service.RewardsService         : getDistance called
2023-01-22T16:10:35.651+01:00  INFO 5507 --- [ool-3-thread-25] tourGuide.service.RewardsService         : getDistance called
2023-01-22T16:10:35.651+01:00  INFO 5507 --- [ool-3-thread-26] tourGuide.service.RewardsService         : getDistance called
2023-01-22T16:10:35.657+01:00  INFO 5507 --- [ool-3-thread-37] tourGuide.service.RewardsService         : nearAttraction called with San Diego Zoo
2023-01-22T16:10:35.651+01:00  INFO 5507 --- [ool-3-thread-40] tourGuide.service.RewardsService         : nearAttraction called with Zoo Tampa at Lowry Park
2023-01-22T16:10:35.657+01:00  INFO 5507 --- [ool-3-thread-37] tourGuide.service.RewardsService         : getDistance called
2023-01-22T16:10:35.657+01:00  INFO 5507 --- [ool-3-thread-40] tourGuide.service.RewardsService         : getDistance called
2023-01-22T16:10:35.657+01:00  INFO 5507 --- [ool-3-thread-37] tourGuide.service.RewardsService         : nearAttraction called with El Paso Zoo
2023-01-22T16:10:35.652+01:00  INFO 5507 --- [ool-3-thread-39] tourGuide.service.RewardsService         : nearAttraction called with Franklin Park Zoo
2023-01-22T16:10:35.657+01:00  INFO 5507 --- [ool-3-thread-37] tourGuide.service.RewardsService         : getDistance called
2023-01-22T16:10:35.652+01:00  INFO 5507 --- [ool-3-thread-38] tourGuide.service.RewardsService         : nearAttraction called with El Paso Zoo
2023-01-22T16:10:35.657+01:00  INFO 5507 --- [ool-3-thread-37] tourGuide.service.RewardsService         : nearAttraction called with Bronx Zoo
2023-01-22T16:10:35.652+01:00  INFO 5507 --- [pool-3-thread-3] tourGuide.service.RewardsService         : getDistance called
2023-01-22T16:10:35.652+01:00  INFO 5507 --- [ool-3-thread-66] tourGuide.service.RewardsService         : nearAttraction called with Kansas City Zoo
2023-01-22T16:10:35.652+01:00  INFO 5507 --- [ool-3-thread-65] tourGuide.service.RewardsService         : nearAttraction called with Bronx Zoo
2023-01-22T16:10:35.657+01:00  INFO 5507 --- [ool-3-thread-66] tourGuide.service.RewardsService         : getDistance called
2023-01-22T16:10:35.657+01:00  INFO 5507 --- [ool-3-thread-65] tourGuide.service.RewardsService         : getDistance called
2023-01-22T16:10:35.652+01:00  INFO 5507 --- [ool-3-thread-44] tourGuide.service.RewardsService         : getDistance called
2023-01-22T16:10:35.652+01:00  INFO 5507 --- [ool-3-thread-69] tourGuide.service.RewardsService         : nearAttraction called with Cinderella Castle
2023-01-22T16:10:35.652+01:00  INFO 5507 --- [ool-3-thread-14] tourGuide.service.RewardsService         : nearAttraction called with Jackson Hole
2023-01-22T16:10:35.657+01:00  INFO 5507 --- [ool-3-thread-69] tourGuide.service.RewardsService         : getDistance called
2023-01-22T16:10:35.652+01:00  INFO 5507 --- [ool-3-thread-20] tourGuide.service.RewardsService         : nearAttraction called with Mojave National Preserve
2023-01-22T16:10:35.657+01:00  INFO 5507 --- [ool-3-thread-69] tourGuide.service.RewardsService         : nearAttraction called with Joshua Tree National Park
2023-01-22T16:10:35.652+01:00  INFO 5507 --- [ool-3-thread-70] tourGuide.service.RewardsService         : nearAttraction called with Joshua Tree National Park
2023-01-22T16:10:35.652+01:00  INFO 5507 --- [pool-3-thread-4] tourGuide.service.RewardsService         : getDistance called
2023-01-22T16:10:35.652+01:00  INFO 5507 --- [ool-3-thread-42] tourGuide.service.RewardsService         : getDistance called
2023-01-22T16:10:35.658+01:00  INFO 5507 --- [pool-3-thread-4] tourGuide.service.RewardsService         : nearAttraction called with Buffalo National River
2023-01-22T16:10:35.652+01:00  INFO 5507 --- [ool-3-thread-47] tourGuide.service.RewardsService         : getDistance called
2023-01-22T16:10:35.658+01:00  INFO 5507 --- [pool-3-thread-4] tourGuide.service.RewardsService         : getDistance called
2023-01-22T16:10:35.653+01:00  INFO 5507 --- [ool-3-thread-49] tourGuide.service.RewardsService         : getDistance called
2023-01-22T16:10:35.658+01:00  INFO 5507 --- [pool-3-thread-4] tourGuide.service.RewardsService         : nearAttraction called with Legend Valley
2023-01-22T16:10:35.653+01:00  INFO 5507 --- [ool-3-thread-27] tourGuide.service.RewardsService         : getDistance called
2023-01-22T16:10:35.653+01:00  INFO 5507 --- [ool-3-thread-11] tourGuide.service.RewardsService         : getDistance called
2023-01-22T16:10:35.658+01:00  INFO 5507 --- [ool-3-thread-27] tourGuide.service.RewardsService         : nearAttraction called with McKinley Tower
2023-01-22T16:10:35.653+01:00  INFO 5507 --- [ool-3-thread-48] tourGuide.service.RewardsService         : getDistance called
2023-01-22T16:10:35.653+01:00  INFO 5507 --- [ool-3-thread-28] tourGuide.service.RewardsService         : getDistance called
2023-01-22T16:10:35.653+01:00  INFO 5507 --- [ool-3-thread-13] tourGuide.service.RewardsService         : nearAttraction called with Flowers Bakery of London
2023-01-22T16:10:35.653+01:00  INFO 5507 --- [ool-3-thread-54] tourGuide.service.RewardsService         : nearAttraction called with Flatiron Building
2023-01-22T16:10:35.658+01:00  INFO 5507 --- [ool-3-thread-13] tourGuide.service.RewardsService         : getDistance called
2023-01-22T16:10:35.653+01:00  INFO 5507 --- [ool-3-thread-55] tourGuide.service.RewardsService         : getDistance called
2023-01-22T16:10:35.653+01:00  INFO 5507 --- [ool-3-thread-15] tourGuide.service.RewardsService         : getDistance called
2023-01-22T16:10:35.653+01:00  INFO 5507 --- [ool-3-thread-50] tourGuide.service.RewardsService         : nearAttraction called with Fallingwater
2023-01-22T16:10:35.653+01:00  INFO 5507 --- [pool-3-thread-8] tourGuide.service.RewardsService         : getDistance called
2023-01-22T16:10:35.653+01:00  INFO 5507 --- [ool-3-thread-32] tourGuide.service.RewardsService         : getDistance called
2023-01-22T16:10:35.653+01:00  INFO 5507 --- [ool-3-thread-34] tourGuide.service.RewardsService         : nearAttraction called with Union Station
2023-01-22T16:10:35.653+01:00  INFO 5507 --- [pool-3-thread-9] tourGuide.service.RewardsService         : nearAttraction called with Roger Dean Stadium
2023-01-22T16:10:35.653+01:00  INFO 5507 --- [ool-3-thread-51] tourGuide.service.RewardsService         : getDistance called
2023-01-22T16:10:35.653+01:00  INFO 5507 --- [ool-3-thread-35] tourGuide.service.RewardsService         : getDistance called
2023-01-22T16:10:35.654+01:00  INFO 5507 --- [pool-3-thread-5] tourGuide.service.RewardsService         : getDistance called
2023-01-22T16:10:35.654+01:00  INFO 5507 --- [ool-3-thread-12] tourGuide.service.RewardsService         : nearAttraction called with Texas Memorial Stadium
2023-01-22T16:10:35.654+01:00  INFO 5507 --- [ool-3-thread-31] tourGuide.service.RewardsService         : nearAttraction called with Bryant-Denny Stadium
2023-01-22T16:10:35.654+01:00  INFO 5507 --- [ool-3-thread-59] tourGuide.service.RewardsService         : getDistance called
2023-01-22T16:10:35.654+01:00  INFO 5507 --- [ool-3-thread-63] tourGuide.service.RewardsService         : nearAttraction called with Tiger Stadium
2023-01-22T16:10:35.654+01:00  INFO 5507 --- [ool-3-thread-67] tourGuide.service.RewardsService         : getDistance called
2023-01-22T16:10:35.654+01:00  INFO 5507 --- [ool-3-thread-64] tourGuide.service.RewardsService         : nearAttraction called with Neyland Stadium
2023-01-22T16:10:35.654+01:00  INFO 5507 --- [pool-3-thread-1] tourGuide.service.RewardsService         : nearAttraction called with Kyle Field
2023-01-22T16:10:35.654+01:00  INFO 5507 --- [ool-3-thread-52] tourGuide.service.RewardsService         : getDistance called
2023-01-22T16:10:35.654+01:00  INFO 5507 --- [ool-3-thread-62] tourGuide.service.RewardsService         : nearAttraction called with Franklin Park Zoo
2023-01-22T16:10:35.659+01:00  INFO 5507 --- [ool-3-thread-52] tourGuide.service.RewardsService         : nearAttraction called with Kansas City Zoo
2023-01-22T16:10:35.654+01:00  INFO 5507 --- [ool-3-thread-53] tourGuide.service.RewardsService         : getDistance called
2023-01-22T16:10:35.659+01:00  INFO 5507 --- [ool-3-thread-52] tourGuide.service.RewardsService         : getDistance called
2023-01-22T16:10:35.654+01:00  INFO 5507 --- [ool-3-thread-16] tourGuide.service.RewardsService         : getDistance called
2023-01-22T16:10:35.654+01:00  INFO 5507 --- [ool-3-thread-68] tourGuide.service.RewardsService         : nearAttraction called with El Paso Zoo
2023-01-22T16:10:35.660+01:00  INFO 5507 --- [ool-3-thread-52] tourGuide.service.RewardsService         : nearAttraction called with Cinderella Castle
2023-01-22T16:10:35.660+01:00  INFO 5507 --- [ool-3-thread-68] tourGuide.service.RewardsService         : getDistance called
2023-01-22T16:10:35.655+01:00  INFO 5507 --- [ool-3-thread-30] tourGuide.service.RewardsService         : getDistance called
2023-01-22T16:10:35.655+01:00  INFO 5507 --- [ool-3-thread-56] tourGuide.service.RewardsService         : nearAttraction called with Bronx Zoo
2023-01-22T16:10:35.655+01:00  INFO 5507 --- [pool-3-thread-2] tourGuide.service.RewardsService         : nearAttraction called with Cinderella Castle
2023-01-22T16:10:35.655+01:00  INFO 5507 --- [ool-3-thread-21] tourGuide.service.RewardsService         : nearAttraction called with Mojave National Preserve
2023-01-22T16:10:35.660+01:00  INFO 5507 --- [pool-3-thread-2] tourGuide.service.RewardsService         : getDistance called
2023-01-22T16:10:35.660+01:00  INFO 5507 --- [ool-3-thread-21] tourGuide.service.RewardsService         : getDistance called
2023-01-22T16:10:35.655+01:00  INFO 5507 --- [ool-3-thread-43] tourGuide.service.RewardsService         : getDistance called
2023-01-22T16:10:35.660+01:00  INFO 5507 --- [ool-3-thread-21] tourGuide.service.RewardsService         : nearAttraction called with Buffalo National River
2023-01-22T16:10:35.655+01:00  INFO 5507 --- [ool-3-thread-19] tourGuide.service.RewardsService         : nearAttraction called with Joshua Tree National Park
2023-01-22T16:10:35.660+01:00  INFO 5507 --- [ool-3-thread-43] tourGuide.service.RewardsService         : nearAttraction called with Hot Springs National Park
2023-01-22T16:10:35.655+01:00  INFO 5507 --- [ool-3-thread-22] tourGuide.service.RewardsService         : nearAttraction called with Legend Valley
2023-01-22T16:10:35.660+01:00  INFO 5507 --- [ool-3-thread-43] tourGuide.service.RewardsService         : getDistance called
2023-01-22T16:10:35.655+01:00  INFO 5507 --- [ool-3-thread-23] tourGuide.service.RewardsService         : nearAttraction called with Flowers Bakery of London
2023-01-22T16:10:35.660+01:00  INFO 5507 --- [ool-3-thread-43] tourGuide.service.RewardsService         : nearAttraction called with Kartchner Caverns State Park
2023-01-22T16:10:35.660+01:00  INFO 5507 --- [ool-3-thread-23] tourGuide.service.RewardsService         : getDistance called
2023-01-22T16:10:35.660+01:00  INFO 5507 --- [ool-3-thread-43] tourGuide.service.RewardsService         : getDistance called
2023-01-22T16:10:35.655+01:00  INFO 5507 --- [ool-3-thread-58] tourGuide.service.RewardsService         : nearAttraction called with McKinley Tower
2023-01-22T16:10:35.660+01:00  INFO 5507 --- [ool-3-thread-23] tourGuide.service.RewardsService         : nearAttraction called with Legend Valley
2023-01-22T16:10:35.655+01:00  INFO 5507 --- [ool-3-thread-57] tourGuide.service.RewardsService         : nearAttraction called with Flatiron Building
2023-01-22T16:10:35.655+01:00  INFO 5507 --- [pool-3-thread-7] tourGuide.service.RewardsService         : getDistance called
2023-01-22T16:10:35.656+01:00  INFO 5507 --- [pool-3-thread-6] tourGuide.service.RewardsService         : getDistance called
2023-01-22T16:10:35.656+01:00  INFO 5507 --- [ool-3-thread-10] tourGuide.service.RewardsService         : nearAttraction called with Fallingwater
2023-01-22T16:10:35.661+01:00  INFO 5507 --- [pool-3-thread-6] tourGuide.service.RewardsService         : nearAttraction called with Flatiron Building
2023-01-22T16:10:35.661+01:00  INFO 5507 --- [ool-3-thread-10] tourGuide.service.RewardsService         : getDistance called
2023-01-22T16:10:35.656+01:00  INFO 5507 --- [ool-3-thread-24] tourGuide.service.RewardsService         : getDistance called
2023-01-22T16:10:35.656+01:00  INFO 5507 --- [ool-3-thread-61] tourGuide.service.RewardsService         : nearAttraction called with Union Station
2023-01-22T16:10:35.656+01:00  INFO 5507 --- [ool-3-thread-29] tourGuide.service.RewardsService         : getDistance called
2023-01-22T16:10:35.661+01:00  INFO 5507 --- [ool-3-thread-61] tourGuide.service.RewardsService         : getDistance called
2023-01-22T16:10:35.656+01:00  INFO 5507 --- [ool-3-thread-60] tourGuide.service.RewardsService         : getDistance called
2023-01-22T16:10:35.661+01:00  INFO 5507 --- [ool-3-thread-29] tourGuide.service.RewardsService         : nearAttraction called with Roger Dean Stadium
2023-01-22T16:10:35.656+01:00  INFO 5507 --- [ool-3-thread-45] tourGuide.service.RewardsService         : getDistance called
2023-01-22T16:10:35.656+01:00  INFO 5507 --- [ool-3-thread-33] tourGuide.service.RewardsService         : getDistance called
2023-01-22T16:10:35.656+01:00  INFO 5507 --- [ool-3-thread-17] tourGuide.service.RewardsService         : nearAttraction called with Bryant-Denny Stadium
2023-01-22T16:10:35.661+01:00  INFO 5507 --- [ool-3-thread-33] tourGuide.service.RewardsService         : nearAttraction called with Neyland Stadium
2023-01-22T16:10:35.661+01:00  INFO 5507 --- [ool-3-thread-17] tourGuide.service.RewardsService         : getDistance called
2023-01-22T16:10:35.656+01:00  INFO 5507 --- [ool-3-thread-18] tourGuide.service.RewardsService         : getDistance called
2023-01-22T16:10:35.661+01:00  INFO 5507 --- [ool-3-thread-17] tourGuide.service.RewardsService         : nearAttraction called with Kyle Field
2023-01-22T16:10:35.656+01:00  INFO 5507 --- [ool-3-thread-46] tourGuide.service.RewardsService         : nearAttraction called with Tiger Stadium
2023-01-22T16:10:35.661+01:00  INFO 5507 --- [ool-3-thread-17] tourGuide.service.RewardsService         : getDistance called
2023-01-22T16:10:35.656+01:00  INFO 5507 --- [ool-3-thread-41] tourGuide.service.RewardsService         : getDistance called
2023-01-22T16:10:35.656+01:00  INFO 5507 --- [ool-3-thread-36] tourGuide.service.RewardsService         : nearAttraction called with Kyle Field
2023-01-22T16:10:35.662+01:00  INFO 5507 --- [ool-3-thread-41] tourGuide.service.RewardsService         : nearAttraction called with Franklin Park Zoo
2023-01-22T16:10:35.657+01:00  INFO 5507 --- [ool-3-thread-25] tourGuide.service.RewardsService         : nearAttraction called with Zoo Tampa at Lowry Park
2023-01-22T16:10:35.662+01:00  INFO 5507 --- [ool-3-thread-41] tourGuide.service.RewardsService         : getDistance called
2023-01-22T16:10:35.657+01:00  INFO 5507 --- [ool-3-thread-26] tourGuide.service.RewardsService         : nearAttraction called with Franklin Park Zoo
2023-01-22T16:10:35.657+01:00  INFO 5507 --- [ool-3-thread-40] tourGuide.service.RewardsService         : nearAttraction called with Kansas City Zoo
2023-01-22T16:10:35.657+01:00  INFO 5507 --- [ool-3-thread-39] tourGuide.service.RewardsService         : getDistance called
2023-01-22T16:10:35.657+01:00  INFO 5507 --- [ool-3-thread-37] tourGuide.service.RewardsService         : getDistance called
2023-01-22T16:10:35.657+01:00  INFO 5507 --- [ool-3-thread-38] tourGuide.service.RewardsService         : getDistance called
2023-01-22T16:10:35.657+01:00  INFO 5507 --- [pool-3-thread-3] tourGuide.service.RewardsService         : nearAttraction called with Cinderella Castle
2023-01-22T16:10:35.657+01:00  INFO 5507 --- [ool-3-thread-66] tourGuide.service.RewardsService         : nearAttraction called with Disneyland
2023-01-22T16:10:35.662+01:00  INFO 5507 --- [pool-3-thread-3] tourGuide.service.RewardsService         : getDistance called
2023-01-22T16:10:35.657+01:00  INFO 5507 --- [ool-3-thread-65] tourGuide.service.RewardsService         : nearAttraction called with Jackson Hole
2023-01-22T16:10:35.662+01:00  INFO 5507 --- [pool-3-thread-3] tourGuide.service.RewardsService         : nearAttraction called with Buffalo National River
2023-01-22T16:10:35.657+01:00  INFO 5507 --- [ool-3-thread-44] tourGuide.service.RewardsService         : nearAttraction called with Mojave National Preserve
2023-01-22T16:10:35.662+01:00  INFO 5507 --- [pool-3-thread-3] tourGuide.service.RewardsService         : getDistance called
2023-01-22T16:10:35.657+01:00  INFO 5507 --- [ool-3-thread-14] tourGuide.service.RewardsService         : getDistance called
2023-01-22T16:10:35.657+01:00  INFO 5507 --- [ool-3-thread-20] tourGuide.service.RewardsService         : getDistance called
2023-01-22T16:10:35.658+01:00  INFO 5507 --- [ool-3-thread-69] tourGuide.service.RewardsService         : getDistance called
2023-01-22T16:10:35.658+01:00  INFO 5507 --- [ool-3-thread-70] tourGuide.service.RewardsService         : getDistance called
2023-01-22T16:10:35.658+01:00  INFO 5507 --- [ool-3-thread-42] tourGuide.service.RewardsService         : nearAttraction called with Hot Springs National Park
2023-01-22T16:10:35.658+01:00  INFO 5507 --- [ool-3-thread-47] tourGuide.service.RewardsService         : nearAttraction called with Kartchner Caverns State Park
2023-01-22T16:10:35.663+01:00  INFO 5507 --- [ool-3-thread-70] tourGuide.service.RewardsService         : nearAttraction called with McKinley Tower
2023-01-22T16:10:35.658+01:00  INFO 5507 --- [ool-3-thread-49] tourGuide.service.RewardsService         : nearAttraction called with Flowers Bakery of London
2023-01-22T16:10:35.663+01:00  INFO 5507 --- [ool-3-thread-70] tourGuide.service.RewardsService         : getDistance called
2023-01-22T16:10:35.658+01:00  INFO 5507 --- [pool-3-thread-4] tourGuide.service.RewardsService         : getDistance called
2023-01-22T16:10:35.658+01:00  INFO 5507 --- [ool-3-thread-11] tourGuide.service.RewardsService         : nearAttraction called with Flatiron Building
2023-01-22T16:10:35.663+01:00  INFO 5507 --- [ool-3-thread-70] tourGuide.service.RewardsService         : nearAttraction called with Flatiron Building
2023-01-22T16:10:35.658+01:00  INFO 5507 --- [ool-3-thread-27] tourGuide.service.RewardsService         : getDistance called
2023-01-22T16:10:35.663+01:00  INFO 5507 --- [ool-3-thread-70] tourGuide.service.RewardsService         : getDistance called
2023-01-22T16:10:35.658+01:00  INFO 5507 --- [ool-3-thread-48] tourGuide.service.RewardsService         : nearAttraction called with Fallingwater
2023-01-22T16:10:35.658+01:00  INFO 5507 --- [ool-3-thread-28] tourGuide.service.RewardsService         : nearAttraction called with Union Station
2023-01-22T16:10:35.663+01:00  INFO 5507 --- [ool-3-thread-48] tourGuide.service.RewardsService         : getDistance called
2023-01-22T16:10:35.658+01:00  INFO 5507 --- [ool-3-thread-54] tourGuide.service.RewardsService         : getDistance called
2023-01-22T16:10:35.658+01:00  INFO 5507 --- [ool-3-thread-13] tourGuide.service.RewardsService         : nearAttraction called with Roger Dean Stadium
2023-01-22T16:10:35.658+01:00  INFO 5507 --- [ool-3-thread-55] tourGuide.service.RewardsService         : nearAttraction called with Texas Memorial Stadium
2023-01-22T16:10:35.658+01:00  INFO 5507 --- [ool-3-thread-15] tourGuide.service.RewardsService         : nearAttraction called with Bryant-Denny Stadium
2023-01-22T16:10:35.663+01:00  INFO 5507 --- [ool-3-thread-55] tourGuide.service.RewardsService         : getDistance called
2023-01-22T16:10:35.658+01:00  INFO 5507 --- [ool-3-thread-50] tourGuide.service.RewardsService         : getDistance called
2023-01-22T16:10:35.659+01:00  INFO 5507 --- [pool-3-thread-8] tourGuide.service.RewardsService         : nearAttraction called with Tiger Stadium
2023-01-22T16:10:35.663+01:00  INFO 5507 --- [ool-3-thread-50] tourGuide.service.RewardsService         : nearAttraction called with Neyland Stadium
2023-01-22T16:10:35.663+01:00  INFO 5507 --- [pool-3-thread-8] tourGuide.service.RewardsService         : getDistance called
2023-01-22T16:10:35.659+01:00  INFO 5507 --- [ool-3-thread-32] tourGuide.service.RewardsService         : nearAttraction called with Neyland Stadium
2023-01-22T16:10:35.659+01:00  INFO 5507 --- [ool-3-thread-34] tourGuide.service.RewardsService         : getDistance called
2023-01-22T16:10:35.664+01:00  INFO 5507 --- [ool-3-thread-32] tourGuide.service.RewardsService         : getDistance called
2023-01-22T16:10:35.659+01:00  INFO 5507 --- [pool-3-thread-9] tourGuide.service.RewardsService         : getDistance called
2023-01-22T16:10:35.664+01:00  INFO 5507 --- [ool-3-thread-32] tourGuide.service.RewardsService         : nearAttraction called with Zoo Tampa at Lowry Park
2023-01-22T16:10:35.659+01:00  INFO 5507 --- [ool-3-thread-51] tourGuide.service.RewardsService         : nearAttraction called with Kyle Field
2023-01-22T16:10:35.664+01:00  INFO 5507 --- [ool-3-thread-32] tourGuide.service.RewardsService         : getDistance called
2023-01-22T16:10:35.664+01:00  INFO 5507 --- [ool-3-thread-51] tourGuide.service.RewardsService         : getDistance called
2023-01-22T16:10:35.659+01:00  INFO 5507 --- [ool-3-thread-35] tourGuide.service.RewardsService         : nearAttraction called with San Diego Zoo
2023-01-22T16:10:35.659+01:00  INFO 5507 --- [pool-3-thread-5] tourGuide.service.RewardsService         : nearAttraction called with Zoo Tampa at Lowry Park
2023-01-22T16:10:35.664+01:00  INFO 5507 --- [ool-3-thread-35] tourGuide.service.RewardsService         : getDistance called
2023-01-22T16:10:35.664+01:00  INFO 5507 --- [pool-3-thread-5] tourGuide.service.RewardsService         : getDistance called
2023-01-22T16:10:35.659+01:00  INFO 5507 --- [ool-3-thread-12] tourGuide.service.RewardsService         : getDistance called
2023-01-22T16:10:35.664+01:00  INFO 5507 --- [pool-3-thread-5] tourGuide.service.RewardsService         : nearAttraction called with Cinderella Castle
2023-01-22T16:10:35.659+01:00  INFO 5507 --- [ool-3-thread-31] tourGuide.service.RewardsService         : getDistance called
2023-01-22T16:10:35.664+01:00  INFO 5507 --- [pool-3-thread-5] tourGuide.service.RewardsService         : getDistance called
2023-01-22T16:10:35.659+01:00  INFO 5507 --- [ool-3-thread-59] tourGuide.service.RewardsService         : nearAttraction called with Franklin Park Zoo
2023-01-22T16:10:35.659+01:00  INFO 5507 --- [ool-3-thread-63] tourGuide.service.RewardsService         : getDistance called
2023-01-22T16:10:35.664+01:00  INFO 5507 --- [ool-3-thread-59] tourGuide.service.RewardsService         : getDistance called
2023-01-22T16:10:35.659+01:00  INFO 5507 --- [ool-3-thread-67] tourGuide.service.RewardsService         : nearAttraction called with El Paso Zoo
2023-01-22T16:10:35.659+01:00  INFO 5507 --- [ool-3-thread-64] tourGuide.service.RewardsService         : getDistance called
2023-01-22T16:10:35.659+01:00  INFO 5507 --- [pool-3-thread-1] tourGuide.service.RewardsService         : getDistance called
2023-01-22T16:10:35.665+01:00  INFO 5507 --- [ool-3-thread-67] tourGuide.service.RewardsService         : getDistance called
2023-01-22T16:10:35.659+01:00  INFO 5507 --- [ool-3-thread-62] tourGuide.service.RewardsService         : getDistance called
2023-01-22T16:10:35.660+01:00  INFO 5507 --- [ool-3-thread-53] tourGuide.service.RewardsService         : nearAttraction called with Bronx Zoo
2023-01-22T16:10:35.665+01:00  INFO 5507 --- [ool-3-thread-62] tourGuide.service.RewardsService         : nearAttraction called with Flowers Bakery of London
2023-01-22T16:10:35.660+01:00  INFO 5507 --- [ool-3-thread-16] tourGuide.service.RewardsService         : nearAttraction called with Disneyland
2023-01-22T16:10:35.665+01:00  INFO 5507 --- [ool-3-thread-62] tourGuide.service.RewardsService         : getDistance called
2023-01-22T16:10:35.660+01:00  INFO 5507 --- [ool-3-thread-52] tourGuide.service.RewardsService         : getDistance called
2023-01-22T16:10:35.665+01:00  INFO 5507 --- [ool-3-thread-62] tourGuide.service.RewardsService         : nearAttraction called with McKinley Tower
2023-01-22T16:10:35.660+01:00  INFO 5507 --- [ool-3-thread-68] tourGuide.service.RewardsService         : nearAttraction called with Jackson Hole
2023-01-22T16:10:35.665+01:00  INFO 5507 --- [ool-3-thread-62] tourGuide.service.RewardsService         : getDistance called
2023-01-22T16:10:35.660+01:00  INFO 5507 --- [ool-3-thread-30] tourGuide.service.RewardsService         : nearAttraction called with Mojave National Preserve
2023-01-22T16:10:35.665+01:00  INFO 5507 --- [ool-3-thread-62] tourGuide.service.RewardsService         : nearAttraction called with Fallingwater
2023-01-22T16:10:35.665+01:00  INFO 5507 --- [ool-3-thread-30] tourGuide.service.RewardsService         : getDistance called
2023-01-22T16:10:35.665+01:00  INFO 5507 --- [ool-3-thread-62] tourGuide.service.RewardsService         : getDistance called
2023-01-22T16:10:35.660+01:00  INFO 5507 --- [ool-3-thread-56] tourGuide.service.RewardsService         : getDistance called
2023-01-22T16:10:35.660+01:00  INFO 5507 --- [pool-3-thread-2] tourGuide.service.RewardsService         : nearAttraction called with Joshua Tree National Park
2023-01-22T16:10:35.660+01:00  INFO 5507 --- [ool-3-thread-21] tourGuide.service.RewardsService         : getDistance called
2023-01-22T16:10:35.660+01:00  INFO 5507 --- [ool-3-thread-19] tourGuide.service.RewardsService         : getDistance called
2023-01-22T16:10:35.665+01:00  INFO 5507 --- [ool-3-thread-21] tourGuide.service.RewardsService         : nearAttraction called with Bryant-Denny Stadium
2023-01-22T16:10:35.660+01:00  INFO 5507 --- [ool-3-thread-22] tourGuide.service.RewardsService         : getDistance called
2023-01-22T16:10:35.660+01:00  INFO 5507 --- [ool-3-thread-43] tourGuide.service.RewardsService         : nearAttraction called with Flowers Bakery of London
2023-01-22T16:10:35.660+01:00  INFO 5507 --- [ool-3-thread-58] tourGuide.service.RewardsService         : getDistance called
2023-01-22T16:10:35.666+01:00  INFO 5507 --- [ool-3-thread-43] tourGuide.service.RewardsService         : getDistance called
2023-01-22T16:10:35.661+01:00  INFO 5507 --- [ool-3-thread-23] tourGuide.service.RewardsService         : getDistance called
2023-01-22T16:10:35.666+01:00  INFO 5507 --- [ool-3-thread-58] tourGuide.service.RewardsService         : nearAttraction called with Kyle Field
2023-01-22T16:10:35.661+01:00  INFO 5507 --- [ool-3-thread-57] tourGuide.service.RewardsService         : getDistance called
2023-01-22T16:10:35.661+01:00  INFO 5507 --- [pool-3-thread-7] tourGuide.service.RewardsService         : nearAttraction called with McKinley Tower
2023-01-22T16:10:35.661+01:00  INFO 5507 --- [pool-3-thread-6] tourGuide.service.RewardsService         : getDistance called
2023-01-22T16:10:35.661+01:00  INFO 5507 --- [ool-3-thread-10] tourGuide.service.RewardsService         : nearAttraction called with Fallingwater
2023-01-22T16:10:35.661+01:00  INFO 5507 --- [ool-3-thread-24] tourGuide.service.RewardsService         : nearAttraction called with Union Station
2023-01-22T16:10:35.666+01:00  INFO 5507 --- [ool-3-thread-10] tourGuide.service.RewardsService         : getDistance called
2023-01-22T16:10:35.661+01:00  INFO 5507 --- [ool-3-thread-61] tourGuide.service.RewardsService         : nearAttraction called with Texas Memorial Stadium
2023-01-22T16:10:35.661+01:00  INFO 5507 --- [ool-3-thread-60] tourGuide.service.RewardsService         : nearAttraction called with Bryant-Denny Stadium
2023-01-22T16:10:35.666+01:00  INFO 5507 --- [ool-3-thread-61] tourGuide.service.RewardsService         : getDistance called
2023-01-22T16:10:35.661+01:00  INFO 5507 --- [ool-3-thread-29] tourGuide.service.RewardsService         : getDistance called
2023-01-22T16:10:35.666+01:00  INFO 5507 --- [ool-3-thread-61] tourGuide.service.RewardsService         : nearAttraction called with Bronx Zoo
2023-01-22T16:10:35.661+01:00  INFO 5507 --- [ool-3-thread-45] tourGuide.service.RewardsService         : nearAttraction called with Tiger Stadium
2023-01-22T16:10:35.661+01:00  INFO 5507 --- [ool-3-thread-33] tourGuide.service.RewardsService         : getDistance called
2023-01-22T16:10:35.666+01:00  INFO 5507 --- [ool-3-thread-45] tourGuide.service.RewardsService         : getDistance called
2023-01-22T16:10:35.661+01:00  INFO 5507 --- [ool-3-thread-18] tourGuide.service.RewardsService         : nearAttraction called with San Diego Zoo
2023-01-22T16:10:35.661+01:00  INFO 5507 --- [ool-3-thread-46] tourGuide.service.RewardsService         : getDistance called
2023-01-22T16:10:35.662+01:00  INFO 5507 --- [ool-3-thread-17] tourGuide.service.RewardsService         : nearAttraction called with Zoo Tampa at Lowry Park
2023-01-22T16:10:35.667+01:00  INFO 5507 --- [ool-3-thread-46] tourGuide.service.RewardsService         : nearAttraction called with Mojave National Preserve
2023-01-22T16:10:35.667+01:00  INFO 5507 --- [ool-3-thread-17] tourGuide.service.RewardsService         : getDistance called
2023-01-22T16:10:35.662+01:00  INFO 5507 --- [ool-3-thread-36] tourGuide.service.RewardsService         : getDistance called
2023-01-22T16:10:35.662+01:00  INFO 5507 --- [ool-3-thread-25] tourGuide.service.RewardsService         : getDistance called
2023-01-22T16:10:35.662+01:00  INFO 5507 --- [ool-3-thread-41] tourGuide.service.RewardsService         : nearAttraction called with El Paso Zoo
2023-01-22T16:10:35.667+01:00  INFO 5507 --- [ool-3-thread-25] tourGuide.service.RewardsService         : nearAttraction called with Hot Springs National Park
2023-01-22T16:10:35.662+01:00  INFO 5507 --- [ool-3-thread-26] tourGuide.service.RewardsService         : getDistance called
2023-01-22T16:10:35.667+01:00  INFO 5507 --- [ool-3-thread-25] tourGuide.service.RewardsService         : getDistance called
2023-01-22T16:10:35.662+01:00  INFO 5507 --- [ool-3-thread-40] tourGuide.service.RewardsService         : getDistance called
2023-01-22T16:10:35.667+01:00  INFO 5507 --- [ool-3-thread-26] tourGuide.service.RewardsService         : nearAttraction called with Kartchner Caverns State Park
2023-01-22T16:10:35.662+01:00  INFO 5507 --- [ool-3-thread-39] tourGuide.service.RewardsService         : nearAttraction called with Kansas City Zoo
2023-01-22T16:10:35.662+01:00  INFO 5507 --- [ool-3-thread-37] tourGuide.service.RewardsService         : nearAttraction called with Bronx Zoo
2023-01-22T16:10:35.667+01:00  INFO 5507 --- [ool-3-thread-39] tourGuide.service.RewardsService         : getDistance called
2023-01-22T16:10:35.662+01:00  INFO 5507 --- [ool-3-thread-38] tourGuide.service.RewardsService         : nearAttraction called with Cinderella Castle
2023-01-22T16:10:35.662+01:00  INFO 5507 --- [ool-3-thread-66] tourGuide.service.RewardsService         : getDistance called
2023-01-22T16:10:35.667+01:00  INFO 5507 --- [ool-3-thread-38] tourGuide.service.RewardsService         : getDistance called
2023-01-22T16:10:35.662+01:00  INFO 5507 --- [ool-3-thread-65] tourGuide.service.RewardsService         : getDistance called
2023-01-22T16:10:35.662+01:00  INFO 5507 --- [ool-3-thread-44] tourGuide.service.RewardsService         : getDistance called
2023-01-22T16:10:35.667+01:00  INFO 5507 --- [ool-3-thread-65] tourGuide.service.RewardsService         : nearAttraction called with Union Station
2023-01-22T16:10:35.662+01:00  INFO 5507 --- [pool-3-thread-3] tourGuide.service.RewardsService         : nearAttraction called with Hot Springs National Park
2023-01-22T16:10:35.668+01:00  INFO 5507 --- [ool-3-thread-44] tourGuide.service.RewardsService         : nearAttraction called with Roger Dean Stadium
2023-01-22T16:10:35.662+01:00  INFO 5507 --- [ool-3-thread-14] tourGuide.service.RewardsService         : nearAttraction called with Kartchner Caverns State Park
2023-01-22T16:10:35.668+01:00  INFO 5507 --- [ool-3-thread-44] tourGuide.service.RewardsService         : getDistance called
2023-01-22T16:10:35.668+01:00  INFO 5507 --- [ool-3-thread-14] tourGuide.service.RewardsService         : getDistance called
2023-01-22T16:10:35.662+01:00  INFO 5507 --- [ool-3-thread-20] tourGuide.service.RewardsService         : nearAttraction called with Legend Valley
2023-01-22T16:10:35.662+01:00  INFO 5507 --- [ool-3-thread-69] tourGuide.service.RewardsService         : nearAttraction called with Flowers Bakery of London
2023-01-22T16:10:35.668+01:00  INFO 5507 --- [ool-3-thread-20] tourGuide.service.RewardsService         : getDistance called
2023-01-22T16:10:35.663+01:00  INFO 5507 --- [ool-3-thread-42] tourGuide.service.RewardsService         : getDistance called
2023-01-22T16:10:35.663+01:00  INFO 5507 --- [ool-3-thread-47] tourGuide.service.RewardsService         : getDistance called
2023-01-22T16:10:35.663+01:00  INFO 5507 --- [ool-3-thread-49] tourGuide.service.RewardsService         : getDistance called
2023-01-22T16:10:35.663+01:00  INFO 5507 --- [pool-3-thread-4] tourGuide.service.RewardsService         : nearAttraction called with Fallingwater
2023-01-22T16:10:35.663+01:00  INFO 5507 --- [ool-3-thread-11] tourGuide.service.RewardsService         : getDistance called
2023-01-22T16:10:35.668+01:00  INFO 5507 --- [pool-3-thread-4] tourGuide.service.RewardsService         : getDistance called
2023-01-22T16:10:35.663+01:00  INFO 5507 --- [ool-3-thread-27] tourGuide.service.RewardsService         : nearAttraction called with Union Station
2023-01-22T16:10:35.668+01:00  INFO 5507 --- [ool-3-thread-11] tourGuide.service.RewardsService         : nearAttraction called with Zoo Tampa at Lowry Park
2023-01-22T16:10:35.663+01:00  INFO 5507 --- [ool-3-thread-70] tourGuide.service.RewardsService         : nearAttraction called with Roger Dean Stadium
2023-01-22T16:10:35.668+01:00  INFO 5507 --- [ool-3-thread-11] tourGuide.service.RewardsService         : getDistance called
2023-01-22T16:10:35.663+01:00  INFO 5507 --- [ool-3-thread-28] tourGuide.service.RewardsService         : getDistance called
2023-01-22T16:10:35.663+01:00  INFO 5507 --- [ool-3-thread-48] tourGuide.service.RewardsService         : nearAttraction called with Texas Memorial Stadium
2023-01-22T16:10:35.663+01:00  INFO 5507 --- [ool-3-thread-54] tourGuide.service.RewardsService         : nearAttraction called with Bryant-Denny Stadium
2023-01-22T16:10:35.663+01:00  INFO 5507 --- [ool-3-thread-13] tourGuide.service.RewardsService         : getDistance called
2023-01-22T16:10:35.669+01:00  INFO 5507 --- [ool-3-thread-54] tourGuide.service.RewardsService         : getDistance called
2023-01-22T16:10:35.663+01:00  INFO 5507 --- [ool-3-thread-15] tourGuide.service.RewardsService         : getDistance called
2023-01-22T16:10:35.663+01:00  INFO 5507 --- [ool-3-thread-55] tourGuide.service.RewardsService         : nearAttraction called with Tiger Stadium
2023-01-22T16:10:35.664+01:00  INFO 5507 --- [ool-3-thread-50] tourGuide.service.RewardsService         : getDistance called
2023-01-22T16:10:35.669+01:00  INFO 5507 --- [ool-3-thread-55] tourGuide.service.RewardsService         : getDistance called
2023-01-22T16:10:35.664+01:00  INFO 5507 --- [pool-3-thread-8] tourGuide.service.RewardsService         : nearAttraction called with Kyle Field
2023-01-22T16:10:35.664+01:00  INFO 5507 --- [ool-3-thread-34] tourGuide.service.RewardsService         : nearAttraction called with San Diego Zoo
2023-01-22T16:10:35.664+01:00  INFO 5507 --- [pool-3-thread-9] tourGuide.service.RewardsService         : nearAttraction called with Franklin Park Zoo
2023-01-22T16:10:35.669+01:00  INFO 5507 --- [ool-3-thread-34] tourGuide.service.RewardsService         : getDistance called
2023-01-22T16:10:35.669+01:00  INFO 5507 --- [pool-3-thread-9] tourGuide.service.RewardsService         : getDistance called
2023-01-22T16:10:35.664+01:00  INFO 5507 --- [ool-3-thread-32] tourGuide.service.RewardsService         : nearAttraction called with El Paso Zoo
2023-01-22T16:10:35.664+01:00  INFO 5507 --- [ool-3-thread-51] tourGuide.service.RewardsService         : nearAttraction called with Kansas City Zoo
2023-01-22T16:10:35.664+01:00  INFO 5507 --- [ool-3-thread-35] tourGuide.service.RewardsService         : nearAttraction called with Bronx Zoo
2023-01-22T16:10:35.664+01:00  INFO 5507 --- [ool-3-thread-12] tourGuide.service.RewardsService         : nearAttraction called with Disneyland
2023-01-22T16:10:35.669+01:00  INFO 5507 --- [ool-3-thread-35] tourGuide.service.RewardsService         : getDistance called
2023-01-22T16:10:35.664+01:00  INFO 5507 --- [ool-3-thread-31] tourGuide.service.RewardsService         : nearAttraction called with Jackson Hole
2023-01-22T16:10:35.664+01:00  INFO 5507 --- [pool-3-thread-5] tourGuide.service.RewardsService         : nearAttraction called with Mojave National Preserve
2023-01-22T16:10:35.664+01:00  INFO 5507 --- [ool-3-thread-63] tourGuide.service.RewardsService         : nearAttraction called with Joshua Tree National Park
2023-01-22T16:10:35.669+01:00  INFO 5507 --- [pool-3-thread-5] tourGuide.service.RewardsService         : getDistance called
2023-01-22T16:10:35.669+01:00  INFO 5507 --- [ool-3-thread-63] tourGuide.service.RewardsService         : getDistance called
2023-01-22T16:10:35.665+01:00  INFO 5507 --- [ool-3-thread-59] tourGuide.service.RewardsService         : nearAttraction called with Buffalo National River
2023-01-22T16:10:35.670+01:00  INFO 5507 --- [pool-3-thread-5] tourGuide.service.RewardsService         : nearAttraction called with Legend Valley
2023-01-22T16:10:35.670+01:00  INFO 5507 --- [ool-3-thread-59] tourGuide.service.RewardsService         : getDistance called
2023-01-22T16:10:35.665+01:00  INFO 5507 --- [ool-3-thread-64] tourGuide.service.RewardsService         : nearAttraction called with Hot Springs National Park
2023-01-22T16:10:35.665+01:00  INFO 5507 --- [pool-3-thread-1] tourGuide.service.RewardsService         : nearAttraction called with Kartchner Caverns State Park
2023-01-22T16:10:35.670+01:00  INFO 5507 --- [ool-3-thread-64] tourGuide.service.RewardsService         : getDistance called
2023-01-22T16:10:35.670+01:00  INFO 5507 --- [pool-3-thread-1] tourGuide.service.RewardsService         : getDistance called
2023-01-22T16:10:35.665+01:00  INFO 5507 --- [ool-3-thread-67] tourGuide.service.RewardsService         : nearAttraction called with Legend Valley
2023-01-22T16:10:35.670+01:00  INFO 5507 --- [pool-3-thread-1] tourGuide.service.RewardsService         : nearAttraction called with Fallingwater
2023-01-22T16:10:35.665+01:00  INFO 5507 --- [ool-3-thread-53] tourGuide.service.RewardsService         : getDistance called
2023-01-22T16:10:35.665+01:00  INFO 5507 --- [ool-3-thread-16] tourGuide.service.RewardsService         : getDistance called
2023-01-22T16:10:35.665+01:00  INFO 5507 --- [ool-3-thread-52] tourGuide.service.RewardsService         : nearAttraction called with Flatiron Building
2023-01-22T16:10:35.665+01:00  INFO 5507 --- [ool-3-thread-68] tourGuide.service.RewardsService         : getDistance called
2023-01-22T16:10:35.670+01:00  INFO 5507 --- [ool-3-thread-52] tourGuide.service.RewardsService         : getDistance called
2023-01-22T16:10:35.665+01:00  INFO 5507 --- [ool-3-thread-30] tourGuide.service.RewardsService         : nearAttraction called with Union Station
2023-01-22T16:10:35.665+01:00  INFO 5507 --- [ool-3-thread-62] tourGuide.service.RewardsService         : nearAttraction called with Roger Dean Stadium
2023-01-22T16:10:35.670+01:00  INFO 5507 --- [ool-3-thread-30] tourGuide.service.RewardsService         : getDistance called
2023-01-22T16:10:35.670+01:00  INFO 5507 --- [ool-3-thread-62] tourGuide.service.RewardsService         : getDistance called
2023-01-22T16:10:35.665+01:00  INFO 5507 --- [ool-3-thread-56] tourGuide.service.RewardsService         : nearAttraction called with Texas Memorial Stadium
2023-01-22T16:10:35.665+01:00  INFO 5507 --- [pool-3-thread-2] tourGuide.service.RewardsService         : getDistance called
2023-01-22T16:10:35.665+01:00  INFO 5507 --- [ool-3-thread-19] tourGuide.service.RewardsService         : nearAttraction called with Tiger Stadium
2023-01-22T16:10:35.665+01:00  INFO 5507 --- [ool-3-thread-21] tourGuide.service.RewardsService         : getDistance called
2023-01-22T16:10:35.666+01:00  INFO 5507 --- [ool-3-thread-22] tourGuide.service.RewardsService         : nearAttraction called with Neyland Stadium
2023-01-22T16:10:35.671+01:00  INFO 5507 --- [ool-3-thread-21] tourGuide.service.RewardsService         : nearAttraction called with San Diego Zoo
2023-01-22T16:10:35.671+01:00  INFO 5507 --- [ool-3-thread-22] tourGuide.service.RewardsService         : getDistance called
2023-01-22T16:10:35.666+01:00  INFO 5507 --- [ool-3-thread-43] tourGuide.service.RewardsService         : nearAttraction called with San Diego Zoo
2023-01-22T16:10:35.666+01:00  INFO 5507 --- [ool-3-thread-23] tourGuide.service.RewardsService         : nearAttraction called with Zoo Tampa at Lowry Park
2023-01-22T16:10:35.666+01:00  INFO 5507 --- [ool-3-thread-58] tourGuide.service.RewardsService         : getDistance called
2023-01-22T16:10:35.666+01:00  INFO 5507 --- [ool-3-thread-57] tourGuide.service.RewardsService         : nearAttraction called with Franklin Park Zoo
2023-01-22T16:10:35.666+01:00  INFO 5507 --- [pool-3-thread-7] tourGuide.service.RewardsService         : getDistance called
2023-01-22T16:10:35.671+01:00  INFO 5507 --- [ool-3-thread-57] tourGuide.service.RewardsService         : getDistance called
2023-01-22T16:10:35.671+01:00  INFO 5507 --- [pool-3-thread-7] tourGuide.service.RewardsService         : nearAttraction called with El Paso Zoo
2023-01-22T16:10:35.666+01:00  INFO 5507 --- [pool-3-thread-6] tourGuide.service.RewardsService         : nearAttraction called with El Paso Zoo
2023-01-22T16:10:35.666+01:00  INFO 5507 --- [ool-3-thread-24] tourGuide.service.RewardsService         : getDistance called
2023-01-22T16:10:35.671+01:00  INFO 5507 --- [pool-3-thread-6] tourGuide.service.RewardsService         : getDistance called
2023-01-22T16:10:35.671+01:00  INFO 5507 --- [ool-3-thread-24] tourGuide.service.RewardsService         : nearAttraction called with Bronx Zoo
2023-01-22T16:10:35.666+01:00  INFO 5507 --- [ool-3-thread-10] tourGuide.service.RewardsService         : nearAttraction called with Kansas City Zoo
2023-01-22T16:10:35.666+01:00  INFO 5507 --- [ool-3-thread-60] tourGuide.service.RewardsService         : getDistance called
2023-01-22T16:10:35.666+01:00  INFO 5507 --- [ool-3-thread-29] tourGuide.service.RewardsService         : nearAttraction called with Cinderella Castle
2023-01-22T16:10:35.666+01:00  INFO 5507 --- [ool-3-thread-61] tourGuide.service.RewardsService         : getDistance called
2023-01-22T16:10:35.672+01:00  INFO 5507 --- [ool-3-thread-29] tourGuide.service.RewardsService         : getDistance called
2023-01-22T16:10:35.666+01:00  INFO 5507 --- [ool-3-thread-33] tourGuide.service.RewardsService         : nearAttraction called with Disneyland
2023-01-22T16:10:35.666+01:00  INFO 5507 --- [ool-3-thread-45] tourGuide.service.RewardsService         : nearAttraction called with Jackson Hole
2023-01-22T16:10:35.672+01:00  INFO 5507 --- [ool-3-thread-33] tourGuide.service.RewardsService         : getDistance called
2023-01-22T16:10:35.667+01:00  INFO 5507 --- [ool-3-thread-18] tourGuide.service.RewardsService         : getDistance called
2023-01-22T16:10:35.667+01:00  INFO 5507 --- [ool-3-thread-46] tourGuide.service.RewardsService         : getDistance called
2023-01-22T16:10:35.667+01:00  INFO 5507 --- [ool-3-thread-17] tourGuide.service.RewardsService         : nearAttraction called with Joshua Tree National Park
2023-01-22T16:10:35.672+01:00  INFO 5507 --- [ool-3-thread-46] tourGuide.service.RewardsService         : nearAttraction called with Legend Valley
2023-01-22T16:10:35.667+01:00  INFO 5507 --- [ool-3-thread-36] tourGuide.service.RewardsService         : nearAttraction called with Buffalo National River
2023-01-22T16:10:35.672+01:00  INFO 5507 --- [ool-3-thread-46] tourGuide.service.RewardsService         : getDistance called
2023-01-22T16:10:35.667+01:00  INFO 5507 --- [ool-3-thread-41] tourGuide.service.RewardsService         : getDistance called
2023-01-22T16:10:35.667+01:00  INFO 5507 --- [ool-3-thread-25] tourGuide.service.RewardsService         : nearAttraction called with Legend Valley
2023-01-22T16:10:35.672+01:00  INFO 5507 --- [ool-3-thread-41] tourGuide.service.RewardsService         : nearAttraction called with McKinley Tower
2023-01-22T16:10:35.667+01:00  INFO 5507 --- [ool-3-thread-40] tourGuide.service.RewardsService         : nearAttraction called with Flowers Bakery of London
2023-01-22T16:10:35.667+01:00  INFO 5507 --- [ool-3-thread-26] tourGuide.service.RewardsService         : getDistance called
2023-01-22T16:10:35.672+01:00  INFO 5507 --- [ool-3-thread-40] tourGuide.service.RewardsService         : getDistance called
2023-01-22T16:10:35.667+01:00  INFO 5507 --- [ool-3-thread-37] tourGuide.service.RewardsService         : getDistance called
2023-01-22T16:10:35.667+01:00  INFO 5507 --- [ool-3-thread-39] tourGuide.service.RewardsService         : nearAttraction called with McKinley Tower
2023-01-22T16:10:35.667+01:00  INFO 5507 --- [ool-3-thread-66] tourGuide.service.RewardsService         : nearAttraction called with Flatiron Building
2023-01-22T16:10:35.667+01:00  INFO 5507 --- [ool-3-thread-38] tourGuide.service.RewardsService         : nearAttraction called with Fallingwater
2023-01-22T16:10:35.668+01:00  INFO 5507 --- [ool-3-thread-65] tourGuide.service.RewardsService         : getDistance called
2023-01-22T16:10:35.673+01:00  INFO 5507 --- [ool-3-thread-38] tourGuide.service.RewardsService         : getDistance called
2023-01-22T16:10:35.668+01:00  INFO 5507 --- [pool-3-thread-3] tourGuide.service.RewardsService         : getDistance called
2023-01-22T16:10:35.668+01:00  INFO 5507 --- [ool-3-thread-44] tourGuide.service.RewardsService         : nearAttraction called with Texas Memorial Stadium
2023-01-22T16:10:35.668+01:00  INFO 5507 --- [ool-3-thread-14] tourGuide.service.RewardsService         : nearAttraction called with Bryant-Denny Stadium
2023-01-22T16:10:35.673+01:00  INFO 5507 --- [ool-3-thread-44] tourGuide.service.RewardsService         : getDistance called
2023-01-22T16:10:35.668+01:00  INFO 5507 --- [ool-3-thread-69] tourGuide.service.RewardsService         : getDistance called
2023-01-22T16:10:35.668+01:00  INFO 5507 --- [ool-3-thread-20] tourGuide.service.RewardsService         : nearAttraction called with Tiger Stadium
2023-01-22T16:10:35.668+01:00  INFO 5507 --- [ool-3-thread-42] tourGuide.service.RewardsService         : nearAttraction called with Neyland Stadium
2023-01-22T16:10:35.673+01:00  INFO 5507 --- [ool-3-thread-20] tourGuide.service.RewardsService         : getDistance called
2023-01-22T16:10:35.673+01:00  INFO 5507 --- [ool-3-thread-42] tourGuide.service.RewardsService         : getDistance called
2023-01-22T16:10:35.668+01:00  INFO 5507 --- [ool-3-thread-47] tourGuide.service.RewardsService         : nearAttraction called with Kyle Field
2023-01-22T16:10:35.668+01:00  INFO 5507 --- [ool-3-thread-49] tourGuide.service.RewardsService         : nearAttraction called with San Diego Zoo
2023-01-22T16:10:35.673+01:00  INFO 5507 --- [ool-3-thread-47] tourGuide.service.RewardsService         : getDistance called
2023-01-22T16:10:35.668+01:00  INFO 5507 --- [pool-3-thread-4] tourGuide.service.RewardsService         : nearAttraction called with Franklin Park Zoo
2023-01-22T16:10:35.668+01:00  INFO 5507 --- [ool-3-thread-27] tourGuide.service.RewardsService         : getDistance called
2023-01-22T16:10:35.673+01:00  INFO 5507 --- [pool-3-thread-4] tourGuide.service.RewardsService         : getDistance called
2023-01-22T16:10:35.668+01:00  INFO 5507 --- [ool-3-thread-70] tourGuide.service.RewardsService         : getDistance called
2023-01-22T16:10:35.668+01:00  INFO 5507 --- [ool-3-thread-11] tourGuide.service.RewardsService         : nearAttraction called with El Paso Zoo
2023-01-22T16:10:35.674+01:00  INFO 5507 --- [pool-3-thread-4] tourGuide.service.RewardsService         : nearAttraction called with El Paso Zoo
2023-01-22T16:10:35.674+01:00  INFO 5507 --- [ool-3-thread-70] tourGuide.service.RewardsService         : nearAttraction called with Kansas City Zoo
2023-01-22T16:10:35.674+01:00  INFO 5507 --- [pool-3-thread-4] tourGuide.service.RewardsService         : getDistance called
2023-01-22T16:10:35.674+01:00  INFO 5507 --- [ool-3-thread-70] tourGuide.service.RewardsService         : getDistance called
2023-01-22T16:10:35.668+01:00  INFO 5507 --- [ool-3-thread-28] tourGuide.service.RewardsService         : nearAttraction called with Kansas City Zoo
2023-01-22T16:10:35.669+01:00  INFO 5507 --- [ool-3-thread-48] tourGuide.service.RewardsService         : getDistance called
2023-01-22T16:10:35.669+01:00  INFO 5507 --- [ool-3-thread-13] tourGuide.service.RewardsService         : nearAttraction called with Bronx Zoo
2023-01-22T16:10:35.669+01:00  INFO 5507 --- [ool-3-thread-54] tourGuide.service.RewardsService         : nearAttraction called with Cinderella Castle
2023-01-22T16:10:35.674+01:00  INFO 5507 --- [ool-3-thread-13] tourGuide.service.RewardsService         : getDistance called
2023-01-22T16:10:35.669+01:00  INFO 5507 --- [ool-3-thread-15] tourGuide.service.RewardsService         : nearAttraction called with Jackson Hole
2023-01-22T16:10:35.669+01:00  INFO 5507 --- [ool-3-thread-50] tourGuide.service.RewardsService         : nearAttraction called with Mojave National Preserve
2023-01-22T16:10:35.669+01:00  INFO 5507 --- [ool-3-thread-55] tourGuide.service.RewardsService         : nearAttraction called with Joshua Tree National Park
2023-01-22T16:10:35.674+01:00  INFO 5507 --- [ool-3-thread-50] tourGuide.service.RewardsService         : getDistance called
2023-01-22T16:10:35.669+01:00  INFO 5507 --- [pool-3-thread-8] tourGuide.service.RewardsService         : getDistance called
2023-01-22T16:10:35.669+01:00  INFO 5507 --- [ool-3-thread-34] tourGuide.service.RewardsService         : nearAttraction called with Buffalo National River
2023-01-22T16:10:35.669+01:00  INFO 5507 --- [pool-3-thread-9] tourGuide.service.RewardsService         : nearAttraction called with Hot Springs National Park
2023-01-22T16:10:35.669+01:00  INFO 5507 --- [ool-3-thread-32] tourGuide.service.RewardsService         : getDistance called
2023-01-22T16:10:35.674+01:00  INFO 5507 --- [pool-3-thread-9] tourGuide.service.RewardsService         : getDistance called
2023-01-22T16:10:35.669+01:00  INFO 5507 --- [ool-3-thread-51] tourGuide.service.RewardsService         : getDistance called
2023-01-22T16:10:35.674+01:00  INFO 5507 --- [ool-3-thread-32] tourGuide.service.RewardsService         : nearAttraction called with Hot Springs National Park
2023-01-22T16:10:35.669+01:00  INFO 5507 --- [ool-3-thread-12] tourGuide.service.RewardsService         : getDistance called
2023-01-22T16:10:35.669+01:00  INFO 5507 --- [ool-3-thread-35] tourGuide.service.RewardsService         : nearAttraction called with Kartchner Caverns State Park
2023-01-22T16:10:35.675+01:00  INFO 5507 --- [ool-3-thread-12] tourGuide.service.RewardsService         : nearAttraction called with Flowers Bakery of London
2023-01-22T16:10:35.675+01:00  INFO 5507 --- [ool-3-thread-35] tourGuide.service.RewardsService         : getDistance called
2023-01-22T16:10:35.675+01:00  INFO 5507 --- [ool-3-thread-12] tourGuide.service.RewardsService         : getDistance called
2023-01-22T16:10:35.669+01:00  INFO 5507 --- [ool-3-thread-31] tourGuide.service.RewardsService         : getDistance called
2023-01-22T16:10:35.675+01:00  INFO 5507 --- [ool-3-thread-35] tourGuide.service.RewardsService         : nearAttraction called with McKinley Tower
2023-01-22T16:10:35.670+01:00  INFO 5507 --- [ool-3-thread-63] tourGuide.service.RewardsService         : nearAttraction called with Flowers Bakery of London
2023-01-22T16:10:35.675+01:00  INFO 5507 --- [ool-3-thread-31] tourGuide.service.RewardsService         : nearAttraction called with Fallingwater
2023-01-22T16:10:35.670+01:00  INFO 5507 --- [pool-3-thread-5] tourGuide.service.RewardsService         : getDistance called
2023-01-22T16:10:35.670+01:00  INFO 5507 --- [ool-3-thread-59] tourGuide.service.RewardsService         : nearAttraction called with McKinley Tower
2023-01-22T16:10:35.675+01:00  INFO 5507 --- [pool-3-thread-5] tourGuide.service.RewardsService         : nearAttraction called with Union Station
2023-01-22T16:10:35.675+01:00  INFO 5507 --- [ool-3-thread-59] tourGuide.service.RewardsService         : getDistance called
2023-01-22T16:10:35.675+01:00  INFO 5507 --- [pool-3-thread-5] tourGuide.service.RewardsService         : getDistance called
2023-01-22T16:10:35.670+01:00  INFO 5507 --- [ool-3-thread-64] tourGuide.service.RewardsService         : nearAttraction called with Flatiron Building
2023-01-22T16:10:35.670+01:00  INFO 5507 --- [ool-3-thread-67] tourGuide.service.RewardsService         : getDistance called
2023-01-22T16:10:35.675+01:00  INFO 5507 --- [ool-3-thread-64] tourGuide.service.RewardsService         : getDistance called
2023-01-22T16:10:35.670+01:00  INFO 5507 --- [pool-3-thread-1] tourGuide.service.RewardsService         : getDistance called
2023-01-22T16:10:35.670+01:00  INFO 5507 --- [ool-3-thread-53] tourGuide.service.RewardsService         : nearAttraction called with Union Station
2023-01-22T16:10:35.670+01:00  INFO 5507 --- [ool-3-thread-16] tourGuide.service.RewardsService         : nearAttraction called with Roger Dean Stadium
2023-01-22T16:10:35.675+01:00  INFO 5507 --- [ool-3-thread-53] tourGuide.service.RewardsService         : getDistance called
2023-01-22T16:10:35.670+01:00  INFO 5507 --- [ool-3-thread-68] tourGuide.service.RewardsService         : nearAttraction called with Texas Memorial Stadium
2023-01-22T16:10:35.676+01:00  INFO 5507 --- [ool-3-thread-16] tourGuide.service.RewardsService         : getDistance called
2023-01-22T16:10:35.670+01:00  INFO 5507 --- [ool-3-thread-52] tourGuide.service.RewardsService         : nearAttraction called with Bryant-Denny Stadium
2023-01-22T16:10:35.670+01:00  INFO 5507 --- [ool-3-thread-30] tourGuide.service.RewardsService         : nearAttraction called with Tiger Stadium
2023-01-22T16:10:35.671+01:00  INFO 5507 --- [ool-3-thread-56] tourGuide.service.RewardsService         : getDistance called
2023-01-22T16:10:35.671+01:00  INFO 5507 --- [ool-3-thread-62] tourGuide.service.RewardsService         : nearAttraction called with Neyland Stadium
2023-01-22T16:10:35.671+01:00  INFO 5507 --- [pool-3-thread-2] tourGuide.service.RewardsService         : nearAttraction called with Kyle Field
2023-01-22T16:10:35.676+01:00  INFO 5507 --- [ool-3-thread-62] tourGuide.service.RewardsService         : getDistance called
2023-01-22T16:10:35.671+01:00  INFO 5507 --- [ool-3-thread-19] tourGuide.service.RewardsService         : getDistance called
2023-01-22T16:10:35.676+01:00  INFO 5507 --- [ool-3-thread-62] tourGuide.service.RewardsService         : nearAttraction called with Franklin Park Zoo
2023-01-22T16:10:35.671+01:00  INFO 5507 --- [ool-3-thread-21] tourGuide.service.RewardsService         : getDistance called
2023-01-22T16:10:35.671+01:00  INFO 5507 --- [ool-3-thread-22] tourGuide.service.RewardsService         : nearAttraction called with Zoo Tampa at Lowry Park
2023-01-22T16:10:35.671+01:00  INFO 5507 --- [ool-3-thread-43] tourGuide.service.RewardsService         : getDistance called
2023-01-22T16:10:35.676+01:00  INFO 5507 --- [ool-3-thread-22] tourGuide.service.RewardsService         : getDistance called
2023-01-22T16:10:35.671+01:00  INFO 5507 --- [ool-3-thread-23] tourGuide.service.RewardsService         : getDistance called
2023-01-22T16:10:35.671+01:00  INFO 5507 --- [ool-3-thread-58] tourGuide.service.RewardsService         : nearAttraction called with Franklin Park Zoo
2023-01-22T16:10:35.676+01:00  INFO 5507 --- [ool-3-thread-23] tourGuide.service.RewardsService         : nearAttraction called with Jackson Hole
2023-01-22T16:10:35.676+01:00  INFO 5507 --- [ool-3-thread-58] tourGuide.service.RewardsService         : getDistance called
2023-01-22T16:10:35.676+01:00  INFO 5507 --- [ool-3-thread-23] tourGuide.service.RewardsService         : getDistance called
2023-01-22T16:10:35.671+01:00  INFO 5507 --- [ool-3-thread-57] tourGuide.service.RewardsService         : nearAttraction called with Kansas City Zoo
2023-01-22T16:10:35.671+01:00  INFO 5507 --- [pool-3-thread-7] tourGuide.service.RewardsService         : getDistance called
2023-01-22T16:10:35.677+01:00  INFO 5507 --- [ool-3-thread-57] tourGuide.service.RewardsService         : getDistance called
2023-01-22T16:10:35.671+01:00  INFO 5507 --- [pool-3-thread-6] tourGuide.service.RewardsService         : nearAttraction called with Cinderella Castle
2023-01-22T16:10:35.671+01:00  INFO 5507 --- [ool-3-thread-24] tourGuide.service.RewardsService         : getDistance called
2023-01-22T16:10:35.672+01:00  INFO 5507 --- [ool-3-thread-10] tourGuide.service.RewardsService         : getDistance called
2023-01-22T16:10:35.677+01:00  INFO 5507 --- [ool-3-thread-24] tourGuide.service.RewardsService         : nearAttraction called with Kartchner Caverns State Park
2023-01-22T16:10:35.672+01:00  INFO 5507 --- [ool-3-thread-60] tourGuide.service.RewardsService         : nearAttraction called with Mojave National Preserve
2023-01-22T16:10:35.672+01:00  INFO 5507 --- [ool-3-thread-61] tourGuide.service.RewardsService         : nearAttraction called with Joshua Tree National Park
2023-01-22T16:10:35.677+01:00  INFO 5507 --- [ool-3-thread-60] tourGuide.service.RewardsService         : getDistance called
2023-01-22T16:10:35.677+01:00  INFO 5507 --- [ool-3-thread-61] tourGuide.service.RewardsService         : getDistance called
2023-01-22T16:10:35.672+01:00  INFO 5507 --- [ool-3-thread-29] tourGuide.service.RewardsService         : nearAttraction called with Buffalo National River
2023-01-22T16:10:35.672+01:00  INFO 5507 --- [ool-3-thread-45] tourGuide.service.RewardsService         : getDistance called
2023-01-22T16:10:35.677+01:00  INFO 5507 --- [ool-3-thread-29] tourGuide.service.RewardsService         : getDistance called
2023-01-22T16:10:35.672+01:00  INFO 5507 --- [ool-3-thread-33] tourGuide.service.RewardsService         : nearAttraction called with Hot Springs National Park
2023-01-22T16:10:35.672+01:00  INFO 5507 --- [ool-3-thread-18] tourGuide.service.RewardsService         : nearAttraction called with Kartchner Caverns State Park
2023-01-22T16:10:35.677+01:00  INFO 5507 --- [ool-3-thread-33] tourGuide.service.RewardsService         : getDistance called
2023-01-22T16:10:35.677+01:00  INFO 5507 --- [ool-3-thread-18] tourGuide.service.RewardsService         : getDistance called
2023-01-22T16:10:35.672+01:00  INFO 5507 --- [ool-3-thread-17] tourGuide.service.RewardsService         : getDistance called
2023-01-22T16:10:35.672+01:00  INFO 5507 --- [ool-3-thread-36] tourGuide.service.RewardsService         : getDistance called
2023-01-22T16:10:35.677+01:00  INFO 5507 --- [ool-3-thread-17] tourGuide.service.RewardsService         : nearAttraction called with Texas Memorial Stadium
2023-01-22T16:10:35.672+01:00  INFO 5507 --- [ool-3-thread-46] tourGuide.service.RewardsService         : nearAttraction called with Flowers Bakery of London
2023-01-22T16:10:35.678+01:00  INFO 5507 --- [ool-3-thread-36] tourGuide.service.RewardsService         : nearAttraction called with Bryant-Denny Stadium
2023-01-22T16:10:35.678+01:00  INFO 5507 --- [ool-3-thread-46] tourGuide.service.RewardsService         : getDistance called
2023-01-22T16:10:35.678+01:00  INFO 5507 --- [ool-3-thread-36] tourGuide.service.RewardsService         : getDistance called
2023-01-22T16:10:35.678+01:00  INFO 5507 --- [ool-3-thread-46] tourGuide.service.RewardsService         : nearAttraction called with Tiger Stadium
2023-01-22T16:10:35.672+01:00  INFO 5507 --- [ool-3-thread-25] tourGuide.service.RewardsService         : getDistance called
2023-01-22T16:10:35.678+01:00  INFO 5507 --- [ool-3-thread-46] tourGuide.service.RewardsService         : getDistance called
2023-01-22T16:10:35.672+01:00  INFO 5507 --- [ool-3-thread-41] tourGuide.service.RewardsService         : getDistance called
2023-01-22T16:10:35.672+01:00  INFO 5507 --- [ool-3-thread-26] tourGuide.service.RewardsService         : nearAttraction called with Flatiron Building
2023-01-22T16:10:35.672+01:00  INFO 5507 --- [ool-3-thread-40] tourGuide.service.RewardsService         : nearAttraction called with Fallingwater
2023-01-22T16:10:35.678+01:00  INFO 5507 --- [ool-3-thread-26] tourGuide.service.RewardsService         : getDistance called
2023-01-22T16:10:35.673+01:00  INFO 5507 --- [ool-3-thread-37] tourGuide.service.RewardsService         : nearAttraction called with Union Station
2023-01-22T16:10:35.673+01:00  INFO 5507 --- [ool-3-thread-66] tourGuide.service.RewardsService         : getDistance called
2023-01-22T16:10:35.673+01:00  INFO 5507 --- [ool-3-thread-39] tourGuide.service.RewardsService         : getDistance called
2023-01-22T16:10:35.673+01:00  INFO 5507 --- [ool-3-thread-65] tourGuide.service.RewardsService         : nearAttraction called with Roger Dean Stadium
2023-01-22T16:10:35.673+01:00  INFO 5507 --- [ool-3-thread-38] tourGuide.service.RewardsService         : nearAttraction called with Texas Memorial Stadium
2023-01-22T16:10:35.673+01:00  INFO 5507 --- [pool-3-thread-3] tourGuide.service.RewardsService         : nearAttraction called with Bryant-Denny Stadium
2023-01-22T16:10:35.678+01:00  INFO 5507 --- [ool-3-thread-38] tourGuide.service.RewardsService         : getDistance called
2023-01-22T16:10:35.678+01:00  INFO 5507 --- [pool-3-thread-3] tourGuide.service.RewardsService         : getDistance called
2023-01-22T16:10:35.673+01:00  INFO 5507 --- [ool-3-thread-14] tourGuide.service.RewardsService         : getDistance called
2023-01-22T16:10:35.673+01:00  INFO 5507 --- [ool-3-thread-44] tourGuide.service.RewardsService         : nearAttraction called with Tiger Stadium
2023-01-22T16:10:35.673+01:00  INFO 5507 --- [ool-3-thread-69] tourGuide.service.RewardsService         : nearAttraction called with Neyland Stadium
2023-01-22T16:10:35.673+01:00  INFO 5507 --- [ool-3-thread-20] tourGuide.service.RewardsService         : nearAttraction called with Kyle Field
2023-01-22T16:10:35.673+01:00  INFO 5507 --- [ool-3-thread-42] tourGuide.service.RewardsService         : nearAttraction called with San Diego Zoo
2023-01-22T16:10:35.673+01:00  INFO 5507 --- [ool-3-thread-49] tourGuide.service.RewardsService         : getDistance called
2023-01-22T16:10:35.673+01:00  INFO 5507 --- [ool-3-thread-47] tourGuide.service.RewardsService         : nearAttraction called with Zoo Tampa at Lowry Park
2023-01-22T16:10:35.673+01:00  INFO 5507 --- [ool-3-thread-27] tourGuide.service.RewardsService         : nearAttraction called with Franklin Park Zoo
2023-01-22T16:10:35.679+01:00  INFO 5507 --- [ool-3-thread-47] tourGuide.service.RewardsService         : getDistance called
2023-01-22T16:10:35.679+01:00  INFO 5507 --- [ool-3-thread-27] tourGuide.service.RewardsService         : getDistance called
2023-01-22T16:10:35.674+01:00  INFO 5507 --- [ool-3-thread-11] tourGuide.service.RewardsService         : getDistance called
2023-01-22T16:10:35.674+01:00  INFO 5507 --- [pool-3-thread-4] tourGuide.service.RewardsService         : nearAttraction called with Bronx Zoo
2023-01-22T16:10:35.674+01:00  INFO 5507 --- [ool-3-thread-70] tourGuide.service.RewardsService         : nearAttraction called with Cinderella Castle
2023-01-22T16:10:35.679+01:00  INFO 5507 --- [pool-3-thread-4] tourGuide.service.RewardsService         : getDistance called
2023-01-22T16:10:35.674+01:00  INFO 5507 --- [ool-3-thread-28] tourGuide.service.RewardsService         : getDistance called
2023-01-22T16:10:35.674+01:00  INFO 5507 --- [ool-3-thread-48] tourGuide.service.RewardsService         : nearAttraction called with Jackson Hole
2023-01-22T16:10:35.674+01:00  INFO 5507 --- [ool-3-thread-54] tourGuide.service.RewardsService         : getDistance called
2023-01-22T16:10:35.674+01:00  INFO 5507 --- [ool-3-thread-13] tourGuide.service.RewardsService         : nearAttraction called with Mojave National Preserve
2023-01-22T16:10:35.674+01:00  INFO 5507 --- [ool-3-thread-15] tourGuide.service.RewardsService         : getDistance called
2023-01-22T16:10:35.674+01:00  INFO 5507 --- [ool-3-thread-55] tourGuide.service.RewardsService         : getDistance called
2023-01-22T16:10:35.679+01:00  INFO 5507 --- [ool-3-thread-15] tourGuide.service.RewardsService         : nearAttraction called with McKinley Tower
2023-01-22T16:10:35.674+01:00  INFO 5507 --- [ool-3-thread-50] tourGuide.service.RewardsService         : nearAttraction called with Joshua Tree National Park
2023-01-22T16:10:35.674+01:00  INFO 5507 --- [pool-3-thread-8] tourGuide.service.RewardsService         : nearAttraction called with Buffalo National River
2023-01-22T16:10:35.674+01:00  INFO 5507 --- [ool-3-thread-34] tourGuide.service.RewardsService         : getDistance called
2023-01-22T16:10:35.680+01:00  INFO 5507 --- [pool-3-thread-8] tourGuide.service.RewardsService         : getDistance called
2023-01-22T16:10:35.674+01:00  INFO 5507 --- [pool-3-thread-9] tourGuide.service.RewardsService         : nearAttraction called with Kartchner Caverns State Park
2023-01-22T16:10:35.680+01:00  INFO 5507 --- [ool-3-thread-34] tourGuide.service.RewardsService         : nearAttraction called with Fallingwater
2023-01-22T16:10:35.675+01:00  INFO 5507 --- [ool-3-thread-51] tourGuide.service.RewardsService         : nearAttraction called with Legend Valley
2023-01-22T16:10:35.680+01:00  INFO 5507 --- [ool-3-thread-34] tourGuide.service.RewardsService         : getDistance called
2023-01-22T16:10:35.675+01:00  INFO 5507 --- [ool-3-thread-32] tourGuide.service.RewardsService         : getDistance called
2023-01-22T16:10:35.675+01:00  INFO 5507 --- [ool-3-thread-12] tourGuide.service.RewardsService         : nearAttraction called with Flatiron Building
2023-01-22T16:10:35.675+01:00  INFO 5507 --- [ool-3-thread-35] tourGuide.service.RewardsService         : getDistance called
2023-01-22T16:10:35.675+01:00  INFO 5507 --- [ool-3-thread-63] tourGuide.service.RewardsService         : getDistance called
2023-01-22T16:10:35.675+01:00  INFO 5507 --- [ool-3-thread-31] tourGuide.service.RewardsService         : getDistance called
2023-01-22T16:10:35.675+01:00  INFO 5507 --- [ool-3-thread-59] tourGuide.service.RewardsService         : nearAttraction called with Roger Dean Stadium
2023-01-22T16:10:35.675+01:00  INFO 5507 --- [pool-3-thread-5] tourGuide.service.RewardsService         : nearAttraction called with Texas Memorial Stadium
2023-01-22T16:10:35.675+01:00  INFO 5507 --- [ool-3-thread-67] tourGuide.service.RewardsService         : nearAttraction called with Bryant-Denny Stadium
2023-01-22T16:10:35.680+01:00  INFO 5507 --- [pool-3-thread-5] tourGuide.service.RewardsService         : getDistance called
2023-01-22T16:10:35.675+01:00  INFO 5507 --- [ool-3-thread-64] tourGuide.service.RewardsService         : nearAttraction called with Tiger Stadium
2023-01-22T16:10:35.680+01:00  INFO 5507 --- [pool-3-thread-5] tourGuide.service.RewardsService         : nearAttraction called with Kyle Field
2023-01-22T16:10:35.680+01:00  INFO 5507 --- [ool-3-thread-64] tourGuide.service.RewardsService         : getDistance called
2023-01-22T16:10:35.680+01:00  INFO 5507 --- [pool-3-thread-5] tourGuide.service.RewardsService         : getDistance called
2023-01-22T16:10:35.675+01:00  INFO 5507 --- [pool-3-thread-1] tourGuide.service.RewardsService         : nearAttraction called with Neyland Stadium
2023-01-22T16:10:35.676+01:00  INFO 5507 --- [ool-3-thread-53] tourGuide.service.RewardsService         : nearAttraction called with Kyle Field
2023-01-22T16:10:35.676+01:00  INFO 5507 --- [ool-3-thread-68] tourGuide.service.RewardsService         : getDistance called
2023-01-22T16:10:35.681+01:00  INFO 5507 --- [ool-3-thread-53] tourGuide.service.RewardsService         : getDistance called
2023-01-22T16:10:35.676+01:00  INFO 5507 --- [ool-3-thread-16] tourGuide.service.RewardsService         : nearAttraction called with San Diego Zoo
2023-01-22T16:10:35.676+01:00  INFO 5507 --- [ool-3-thread-52] tourGuide.service.RewardsService         : getDistance called
2023-01-22T16:10:35.681+01:00  INFO 5507 --- [ool-3-thread-16] tourGuide.service.RewardsService         : getDistance called
2023-01-22T16:10:35.676+01:00  INFO 5507 --- [ool-3-thread-30] tourGuide.service.RewardsService         : getDistance called
2023-01-22T16:10:35.681+01:00  INFO 5507 --- [ool-3-thread-52] tourGuide.service.RewardsService         : nearAttraction called with Kansas City Zoo
2023-01-22T16:10:35.681+01:00  INFO 5507 --- [ool-3-thread-16] tourGuide.service.RewardsService         : nearAttraction called with Bronx Zoo
2023-01-22T16:10:35.676+01:00  INFO 5507 --- [ool-3-thread-56] tourGuide.service.RewardsService         : nearAttraction called with Zoo Tampa at Lowry Park
2023-01-22T16:10:35.681+01:00  INFO 5507 --- [ool-3-thread-16] tourGuide.service.RewardsService         : getDistance called
2023-01-22T16:10:35.676+01:00  INFO 5507 --- [pool-3-thread-2] tourGuide.service.RewardsService         : getDistance called
2023-01-22T16:10:35.676+01:00  INFO 5507 --- [ool-3-thread-19] tourGuide.service.RewardsService         : nearAttraction called with El Paso Zoo
2023-01-22T16:10:35.676+01:00  INFO 5507 --- [ool-3-thread-62] tourGuide.service.RewardsService         : getDistance called
2023-01-22T16:10:35.681+01:00  INFO 5507 --- [ool-3-thread-19] tourGuide.service.RewardsService         : getDistance called
2023-01-22T16:10:35.676+01:00  INFO 5507 --- [ool-3-thread-21] tourGuide.service.RewardsService         : nearAttraction called with Kansas City Zoo
2023-01-22T16:10:35.676+01:00  INFO 5507 --- [ool-3-thread-43] tourGuide.service.RewardsService         : nearAttraction called with Bronx Zoo
2023-01-22T16:10:35.681+01:00  INFO 5507 --- [ool-3-thread-21] tourGuide.service.RewardsService         : getDistance called
2023-01-22T16:10:35.681+01:00  INFO 5507 --- [ool-3-thread-43] tourGuide.service.RewardsService         : getDistance called
2023-01-22T16:10:35.676+01:00  INFO 5507 --- [ool-3-thread-22] tourGuide.service.RewardsService         : nearAttraction called with Cinderella Castle
2023-01-22T16:10:35.681+01:00  INFO 5507 --- [ool-3-thread-21] tourGuide.service.RewardsService         : nearAttraction called with Hot Springs National Park
2023-01-22T16:10:35.681+01:00  INFO 5507 --- [ool-3-thread-22] tourGuide.service.RewardsService         : getDistance called
2023-01-22T16:10:35.676+01:00  INFO 5507 --- [ool-3-thread-58] tourGuide.service.RewardsService         : nearAttraction called with Mojave National Preserve
2023-01-22T16:10:35.677+01:00  INFO 5507 --- [ool-3-thread-23] tourGuide.service.RewardsService         : nearAttraction called with Joshua Tree National Park
2023-01-22T16:10:35.682+01:00  INFO 5507 --- [ool-3-thread-22] tourGuide.service.RewardsService         : nearAttraction called with Legend Valley
2023-01-22T16:10:35.677+01:00  INFO 5507 --- [pool-3-thread-7] tourGuide.service.RewardsService         : nearAttraction called with Buffalo National River
2023-01-22T16:10:35.677+01:00  INFO 5507 --- [ool-3-thread-57] tourGuide.service.RewardsService         : nearAttraction called with Hot Springs National Park
2023-01-22T16:10:35.677+01:00  INFO 5507 --- [pool-3-thread-6] tourGuide.service.RewardsService         : getDistance called
2023-01-22T16:10:35.677+01:00  INFO 5507 --- [ool-3-thread-10] tourGuide.service.RewardsService         : nearAttraction called with Legend Valley
2023-01-22T16:10:35.677+01:00  INFO 5507 --- [ool-3-thread-24] tourGuide.service.RewardsService         : getDistance called
2023-01-22T16:10:35.682+01:00  INFO 5507 --- [ool-3-thread-10] tourGuide.service.RewardsService         : getDistance called
2023-01-22T16:10:35.677+01:00  INFO 5507 --- [ool-3-thread-60] tourGuide.service.RewardsService         : nearAttraction called with Flowers Bakery of London
2023-01-22T16:10:35.677+01:00  INFO 5507 --- [ool-3-thread-61] tourGuide.service.RewardsService         : nearAttraction called with McKinley Tower
2023-01-22T16:10:35.682+01:00  INFO 5507 --- [ool-3-thread-60] tourGuide.service.RewardsService         : getDistance called
2023-01-22T16:10:35.677+01:00  INFO 5507 --- [ool-3-thread-45] tourGuide.service.RewardsService         : nearAttraction called with Flatiron Building
2023-01-22T16:10:35.682+01:00  INFO 5507 --- [ool-3-thread-60] tourGuide.service.RewardsService         : nearAttraction called with Fallingwater
2023-01-22T16:10:35.677+01:00  INFO 5507 --- [ool-3-thread-29] tourGuide.service.RewardsService         : nearAttraction called with Fallingwater
2023-01-22T16:10:35.677+01:00  INFO 5507 --- [ool-3-thread-33] tourGuide.service.RewardsService         : nearAttraction called with Union Station
2023-01-22T16:10:35.682+01:00  INFO 5507 --- [ool-3-thread-29] tourGuide.service.RewardsService         : getDistance called
2023-01-22T16:10:35.677+01:00  INFO 5507 --- [ool-3-thread-18] tourGuide.service.RewardsService         : nearAttraction called with Roger Dean Stadium
2023-01-22T16:10:35.682+01:00  INFO 5507 --- [ool-3-thread-29] tourGuide.service.RewardsService         : nearAttraction called with Union Station
2023-01-22T16:10:35.678+01:00  INFO 5507 --- [ool-3-thread-17] tourGuide.service.RewardsService         : getDistance called
2023-01-22T16:10:35.678+01:00  INFO 5507 --- [ool-3-thread-36] tourGuide.service.RewardsService         : nearAttraction called with Neyland Stadium
2023-01-22T16:10:35.683+01:00  INFO 5507 --- [ool-3-thread-17] tourGuide.service.RewardsService         : nearAttraction called with Roger Dean Stadium
2023-01-22T16:10:35.683+01:00  INFO 5507 --- [ool-3-thread-36] tourGuide.service.RewardsService         : getDistance called
2023-01-22T16:10:35.678+01:00  INFO 5507 --- [ool-3-thread-25] tourGuide.service.RewardsService         : nearAttraction called with Kyle Field
2023-01-22T16:10:35.678+01:00  INFO 5507 --- [ool-3-thread-46] tourGuide.service.RewardsService         : nearAttraction called with San Diego Zoo
2023-01-22T16:10:35.678+01:00  INFO 5507 --- [ool-3-thread-41] tourGuide.service.RewardsService         : nearAttraction called with Zoo Tampa at Lowry Park
2023-01-22T16:10:35.678+01:00  INFO 5507 --- [ool-3-thread-40] tourGuide.service.RewardsService         : getDistance called
2023-01-22T16:10:35.683+01:00  INFO 5507 --- [ool-3-thread-41] tourGuide.service.RewardsService         : getDistance called
2023-01-22T16:10:35.678+01:00  INFO 5507 --- [ool-3-thread-26] tourGuide.service.RewardsService         : nearAttraction called with Franklin Park Zoo
2023-01-22T16:10:35.683+01:00  INFO 5507 --- [ool-3-thread-41] tourGuide.service.RewardsService         : nearAttraction called with Tiger Stadium
2023-01-22T16:10:35.678+01:00  INFO 5507 --- [ool-3-thread-37] tourGuide.service.RewardsService         : getDistance called
2023-01-22T16:10:35.683+01:00  INFO 5507 --- [ool-3-thread-41] tourGuide.service.RewardsService         : getDistance called
2023-01-22T16:10:35.678+01:00  INFO 5507 --- [ool-3-thread-66] tourGuide.service.RewardsService         : nearAttraction called with El Paso Zoo
2023-01-22T16:10:35.678+01:00  INFO 5507 --- [ool-3-thread-39] tourGuide.service.RewardsService         : nearAttraction called with Kansas City Zoo
2023-01-22T16:10:35.683+01:00  INFO 5507 --- [ool-3-thread-66] tourGuide.service.RewardsService         : getDistance called
2023-01-22T16:10:35.678+01:00  INFO 5507 --- [ool-3-thread-65] tourGuide.service.RewardsService         : getDistance called
2023-01-22T16:10:35.678+01:00  INFO 5507 --- [ool-3-thread-38] tourGuide.service.RewardsService         : nearAttraction called with Bronx Zoo
2023-01-22T16:10:35.678+01:00  INFO 5507 --- [pool-3-thread-3] tourGuide.service.RewardsService         : nearAttraction called with Cinderella Castle
2023-01-22T16:10:35.678+01:00  INFO 5507 --- [ool-3-thread-14] tourGuide.service.RewardsService         : nearAttraction called with Jackson Hole
2023-01-22T16:10:35.679+01:00  INFO 5507 --- [ool-3-thread-44] tourGuide.service.RewardsService         : getDistance called
2023-01-22T16:10:35.679+01:00  INFO 5507 --- [ool-3-thread-69] tourGuide.service.RewardsService         : getDistance called
2023-01-22T16:10:35.684+01:00  INFO 5507 --- [ool-3-thread-44] tourGuide.service.RewardsService         : nearAttraction called with Franklin Park Zoo
2023-01-22T16:10:35.679+01:00  INFO 5507 --- [ool-3-thread-20] tourGuide.service.RewardsService         : getDistance called
2023-01-22T16:10:35.679+01:00  INFO 5507 --- [ool-3-thread-42] tourGuide.service.RewardsService         : getDistance called
2023-01-22T16:10:35.679+01:00  INFO 5507 --- [ool-3-thread-49] tourGuide.service.RewardsService         : nearAttraction called with Mojave National Preserve
2023-01-22T16:10:35.684+01:00  INFO 5507 --- [ool-3-thread-42] tourGuide.service.RewardsService         : nearAttraction called with Bronx Zoo
2023-01-22T16:10:35.679+01:00  INFO 5507 --- [ool-3-thread-47] tourGuide.service.RewardsService         : nearAttraction called with Joshua Tree National Park
2023-01-22T16:10:35.679+01:00  INFO 5507 --- [ool-3-thread-27] tourGuide.service.RewardsService         : nearAttraction called with Buffalo National River
2023-01-22T16:10:35.684+01:00  INFO 5507 --- [ool-3-thread-47] tourGuide.service.RewardsService         : getDistance called
2023-01-22T16:10:35.679+01:00  INFO 5507 --- [ool-3-thread-11] tourGuide.service.RewardsService         : nearAttraction called with Hot Springs National Park
2023-01-22T16:10:35.679+01:00  INFO 5507 --- [ool-3-thread-70] tourGuide.service.RewardsService         : getDistance called
2023-01-22T16:10:35.679+01:00  INFO 5507 --- [pool-3-thread-4] tourGuide.service.RewardsService         : nearAttraction called with Kartchner Caverns State Park
2023-01-22T16:10:35.679+01:00  INFO 5507 --- [ool-3-thread-28] tourGuide.service.RewardsService         : nearAttraction called with Legend Valley
2023-01-22T16:10:35.679+01:00  INFO 5507 --- [ool-3-thread-48] tourGuide.service.RewardsService         : getDistance called
2023-01-22T16:10:35.684+01:00  INFO 5507 --- [ool-3-thread-28] tourGuide.service.RewardsService         : getDistance called
2023-01-22T16:10:35.679+01:00  INFO 5507 --- [ool-3-thread-54] tourGuide.service.RewardsService         : nearAttraction called with Flowers Bakery of London
2023-01-22T16:10:35.679+01:00  INFO 5507 --- [ool-3-thread-13] tourGuide.service.RewardsService         : getDistance called
2023-01-22T16:10:35.684+01:00  INFO 5507 --- [ool-3-thread-54] tourGuide.service.RewardsService         : getDistance called
2023-01-22T16:10:35.679+01:00  INFO 5507 --- [ool-3-thread-55] tourGuide.service.RewardsService         : nearAttraction called with Flatiron Building
2023-01-22T16:10:35.684+01:00  INFO 5507 --- [ool-3-thread-13] tourGuide.service.RewardsService         : nearAttraction called with Legend Valley
2023-01-22T16:10:35.680+01:00  INFO 5507 --- [ool-3-thread-15] tourGuide.service.RewardsService         : getDistance called
2023-01-22T16:10:35.680+01:00  INFO 5507 --- [ool-3-thread-50] tourGuide.service.RewardsService         : getDistance called
2023-01-22T16:10:35.680+01:00  INFO 5507 --- [pool-3-thread-8] tourGuide.service.RewardsService         : nearAttraction called with Union Station
2023-01-22T16:10:35.685+01:00  INFO 5507 --- [ool-3-thread-50] tourGuide.service.RewardsService         : nearAttraction called with Flatiron Building
2023-01-22T16:10:35.685+01:00  INFO 5507 --- [pool-3-thread-8] tourGuide.service.RewardsService         : getDistance called
2023-01-22T16:10:35.685+01:00  INFO 5507 --- [ool-3-thread-50] tourGuide.service.RewardsService         : getDistance called
2023-01-22T16:10:35.680+01:00  INFO 5507 --- [pool-3-thread-9] tourGuide.service.RewardsService         : getDistance called
2023-01-22T16:10:35.685+01:00  INFO 5507 --- [pool-3-thread-8] tourGuide.service.RewardsService         : nearAttraction called with Fallingwater
2023-01-22T16:10:35.680+01:00  INFO 5507 --- [ool-3-thread-51] tourGuide.service.RewardsService         : getDistance called
2023-01-22T16:10:35.685+01:00  INFO 5507 --- [pool-3-thread-8] tourGuide.service.RewardsService         : getDistance called
2023-01-22T16:10:35.680+01:00  INFO 5507 --- [ool-3-thread-34] tourGuide.service.RewardsService         : nearAttraction called with Roger Dean Stadium
2023-01-22T16:10:35.685+01:00  INFO 5507 --- [ool-3-thread-51] tourGuide.service.RewardsService         : nearAttraction called with Texas Memorial Stadium
2023-01-22T16:10:35.680+01:00  INFO 5507 --- [ool-3-thread-32] tourGuide.service.RewardsService         : nearAttraction called with Texas Memorial Stadium
2023-01-22T16:10:35.685+01:00  INFO 5507 --- [ool-3-thread-51] tourGuide.service.RewardsService         : getDistance called
2023-01-22T16:10:35.680+01:00  INFO 5507 --- [ool-3-thread-12] tourGuide.service.RewardsService         : getDistance called
2023-01-22T16:10:35.680+01:00  INFO 5507 --- [ool-3-thread-35] tourGuide.service.RewardsService         : nearAttraction called with Bryant-Denny Stadium
2023-01-22T16:10:35.680+01:00  INFO 5507 --- [ool-3-thread-63] tourGuide.service.RewardsService         : nearAttraction called with Tiger Stadium
2023-01-22T16:10:35.680+01:00  INFO 5507 --- [ool-3-thread-31] tourGuide.service.RewardsService         : nearAttraction called with Neyland Stadium
2023-01-22T16:10:35.685+01:00  INFO 5507 --- [ool-3-thread-63] tourGuide.service.RewardsService         : getDistance called
2023-01-22T16:10:35.680+01:00  INFO 5507 --- [ool-3-thread-59] tourGuide.service.RewardsService         : getDistance called
2023-01-22T16:10:35.680+01:00  INFO 5507 --- [ool-3-thread-67] tourGuide.service.RewardsService         : getDistance called
2023-01-22T16:10:35.685+01:00  INFO 5507 --- [ool-3-thread-59] tourGuide.service.RewardsService         : nearAttraction called with San Diego Zoo
2023-01-22T16:10:35.680+01:00  INFO 5507 --- [ool-3-thread-64] tourGuide.service.RewardsService         : nearAttraction called with San Diego Zoo
2023-01-22T16:10:35.681+01:00  INFO 5507 --- [pool-3-thread-5] tourGuide.service.RewardsService         : nearAttraction called with Zoo Tampa at Lowry Park
2023-01-22T16:10:35.686+01:00  INFO 5507 --- [ool-3-thread-64] tourGuide.service.RewardsService         : getDistance called
2023-01-22T16:10:35.681+01:00  INFO 5507 --- [pool-3-thread-1] tourGuide.service.RewardsService         : getDistance called
2023-01-22T16:10:35.686+01:00  INFO 5507 --- [ool-3-thread-64] tourGuide.service.RewardsService         : nearAttraction called with Franklin Park Zoo
2023-01-22T16:10:35.681+01:00  INFO 5507 --- [ool-3-thread-68] tourGuide.service.RewardsService         : nearAttraction called with Franklin Park Zoo
2023-01-22T16:10:35.681+01:00  INFO 5507 --- [ool-3-thread-53] tourGuide.service.RewardsService         : nearAttraction called with El Paso Zoo
2023-01-22T16:10:35.686+01:00  INFO 5507 --- [ool-3-thread-68] tourGuide.service.RewardsService         : getDistance called
2023-01-22T16:10:35.681+01:00  INFO 5507 --- [ool-3-thread-30] tourGuide.service.RewardsService         : nearAttraction called with Cinderella Castle
2023-01-22T16:10:35.681+01:00  INFO 5507 --- [ool-3-thread-52] tourGuide.service.RewardsService         : getDistance called
2023-01-22T16:10:35.686+01:00  INFO 5507 --- [ool-3-thread-30] tourGuide.service.RewardsService         : getDistance called
2023-01-22T16:10:35.681+01:00  INFO 5507 --- [ool-3-thread-56] tourGuide.service.RewardsService         : getDistance called
2023-01-22T16:10:35.686+01:00  INFO 5507 --- [ool-3-thread-30] tourGuide.service.RewardsService         : nearAttraction called with Cinderella Castle
2023-01-22T16:10:35.681+01:00  INFO 5507 --- [ool-3-thread-16] tourGuide.service.RewardsService         : nearAttraction called with Jackson Hole
2023-01-22T16:10:35.686+01:00  INFO 5507 --- [ool-3-thread-56] tourGuide.service.RewardsService         : nearAttraction called with Mojave National Preserve
2023-01-22T16:10:35.681+01:00  INFO 5507 --- [pool-3-thread-2] tourGuide.service.RewardsService         : nearAttraction called with Mojave National Preserve
2023-01-22T16:10:35.686+01:00  INFO 5507 --- [ool-3-thread-56] tourGuide.service.RewardsService         : getDistance called
2023-01-22T16:10:35.681+01:00  INFO 5507 --- [ool-3-thread-62] tourGuide.service.RewardsService         : nearAttraction called with Joshua Tree National Park
2023-01-22T16:10:35.681+01:00  INFO 5507 --- [ool-3-thread-19] tourGuide.service.RewardsService         : nearAttraction called with Buffalo National River
2023-01-22T16:10:35.686+01:00  INFO 5507 --- [ool-3-thread-62] tourGuide.service.RewardsService         : getDistance called
2023-01-22T16:10:35.686+01:00  INFO 5507 --- [ool-3-thread-19] tourGuide.service.RewardsService         : getDistance called
2023-01-22T16:10:35.681+01:00  INFO 5507 --- [ool-3-thread-43] tourGuide.service.RewardsService         : nearAttraction called with Kartchner Caverns State Park
2023-01-22T16:10:35.682+01:00  INFO 5507 --- [ool-3-thread-21] tourGuide.service.RewardsService         : getDistance called
2023-01-22T16:10:35.687+01:00  INFO 5507 --- [ool-3-thread-19] tourGuide.service.RewardsService         : nearAttraction called with Hot Springs National Park
2023-01-22T16:10:35.682+01:00  INFO 5507 --- [ool-3-thread-58] tourGuide.service.RewardsService         : getDistance called
2023-01-22T16:10:35.687+01:00  INFO 5507 --- [ool-3-thread-19] tourGuide.service.RewardsService         : getDistance called
2023-01-22T16:10:35.682+01:00  INFO 5507 --- [ool-3-thread-23] tourGuide.service.RewardsService         : getDistance called
2023-01-22T16:10:35.682+01:00  INFO 5507 --- [ool-3-thread-22] tourGuide.service.RewardsService         : getDistance called
2023-01-22T16:10:35.682+01:00  INFO 5507 --- [pool-3-thread-7] tourGuide.service.RewardsService         : getDistance called
2023-01-22T16:10:35.682+01:00  INFO 5507 --- [ool-3-thread-57] tourGuide.service.RewardsService         : getDistance called
2023-01-22T16:10:35.682+01:00  INFO 5507 --- [pool-3-thread-6] tourGuide.service.RewardsService         : nearAttraction called with Flowers Bakery of London
2023-01-22T16:10:35.682+01:00  INFO 5507 --- [ool-3-thread-24] tourGuide.service.RewardsService         : nearAttraction called with McKinley Tower
2023-01-22T16:10:35.682+01:00  INFO 5507 --- [ool-3-thread-10] tourGuide.service.RewardsService         : nearAttraction called with Flatiron Building
2023-01-22T16:10:35.682+01:00  INFO 5507 --- [ool-3-thread-61] tourGuide.service.RewardsService         : getDistance called
2023-01-22T16:10:35.682+01:00  INFO 5507 --- [ool-3-thread-45] tourGuide.service.RewardsService         : getDistance called
2023-01-22T16:10:35.682+01:00  INFO 5507 --- [ool-3-thread-60] tourGuide.service.RewardsService         : getDistance called
2023-01-22T16:10:35.682+01:00  INFO 5507 --- [ool-3-thread-33] tourGuide.service.RewardsService         : getDistance called
2023-01-22T16:10:35.682+01:00  INFO 5507 --- [ool-3-thread-18] tourGuide.service.RewardsService         : getDistance called
2023-01-22T16:10:35.687+01:00  INFO 5507 --- [ool-3-thread-60] tourGuide.service.RewardsService         : nearAttraction called with Bryant-Denny Stadium
2023-01-22T16:10:35.683+01:00  INFO 5507 --- [ool-3-thread-29] tourGuide.service.RewardsService         : getDistance called
2023-01-22T16:10:35.687+01:00  INFO 5507 --- [ool-3-thread-60] tourGuide.service.RewardsService         : getDistance called
2023-01-22T16:10:35.683+01:00  INFO 5507 --- [ool-3-thread-17] tourGuide.service.RewardsService         : getDistance called
2023-01-22T16:10:35.683+01:00  INFO 5507 --- [ool-3-thread-36] tourGuide.service.RewardsService         : nearAttraction called with Texas Memorial Stadium
2023-01-22T16:10:35.688+01:00  INFO 5507 --- [ool-3-thread-60] tourGuide.service.RewardsService         : nearAttraction called with San Diego Zoo
2023-01-22T16:10:35.683+01:00  INFO 5507 --- [ool-3-thread-25] tourGuide.service.RewardsService         : getDistance called
2023-01-22T16:10:35.688+01:00  INFO 5507 --- [ool-3-thread-60] tourGuide.service.RewardsService         : getDistance called
2023-01-22T16:10:35.683+01:00  INFO 5507 --- [ool-3-thread-46] tourGuide.service.RewardsService         : getDistance called
2023-01-22T16:10:35.688+01:00  INFO 5507 --- [ool-3-thread-25] tourGuide.service.RewardsService         : nearAttraction called with Franklin Park Zoo
2023-01-22T16:10:35.683+01:00  INFO 5507 --- [ool-3-thread-40] tourGuide.service.RewardsService         : nearAttraction called with Bryant-Denny Stadium
2023-01-22T16:10:35.688+01:00  INFO 5507 --- [ool-3-thread-46] tourGuide.service.RewardsService         : nearAttraction called with Kansas City Zoo
2023-01-22T16:10:35.683+01:00  INFO 5507 --- [ool-3-thread-26] tourGuide.service.RewardsService         : getDistance called
2023-01-22T16:10:35.683+01:00  INFO 5507 --- [ool-3-thread-37] tourGuide.service.RewardsService         : nearAttraction called with Neyland Stadium
2023-01-22T16:10:35.688+01:00  INFO 5507 --- [ool-3-thread-26] tourGuide.service.RewardsService         : nearAttraction called with Bronx Zoo
2023-01-22T16:10:35.688+01:00  INFO 5507 --- [ool-3-thread-37] tourGuide.service.RewardsService         : getDistance called
2023-01-22T16:10:35.688+01:00  INFO 5507 --- [ool-3-thread-26] tourGuide.service.RewardsService         : getDistance called
2023-01-22T16:10:35.683+01:00  INFO 5507 --- [ool-3-thread-41] tourGuide.service.RewardsService         : nearAttraction called with Kyle Field
2023-01-22T16:10:35.683+01:00  INFO 5507 --- [ool-3-thread-39] tourGuide.service.RewardsService         : getDistance called
2023-01-22T16:10:35.688+01:00  INFO 5507 --- [ool-3-thread-41] tourGuide.service.RewardsService         : getDistance called
2023-01-22T16:10:35.683+01:00  INFO 5507 --- [ool-3-thread-66] tourGuide.service.RewardsService         : nearAttraction called with San Diego Zoo
2023-01-22T16:10:35.683+01:00  INFO 5507 --- [ool-3-thread-65] tourGuide.service.RewardsService         : nearAttraction called with Zoo Tampa at Lowry Park
2023-01-22T16:10:35.688+01:00  INFO 5507 --- [ool-3-thread-66] tourGuide.service.RewardsService         : getDistance called
2023-01-22T16:10:35.683+01:00  INFO 5507 --- [ool-3-thread-38] tourGuide.service.RewardsService         : getDistance called
2023-01-22T16:10:35.683+01:00  INFO 5507 --- [pool-3-thread-3] tourGuide.service.RewardsService         : getDistance called
2023-01-22T16:10:35.684+01:00  INFO 5507 --- [ool-3-thread-14] tourGuide.service.RewardsService         : getDistance called
2023-01-22T16:10:35.689+01:00  INFO 5507 --- [ool-3-thread-38] tourGuide.service.RewardsService         : nearAttraction called with Hot Springs National Park
2023-01-22T16:10:35.684+01:00  INFO 5507 --- [ool-3-thread-69] tourGuide.service.RewardsService         : nearAttraction called with El Paso Zoo
2023-01-22T16:10:35.689+01:00  INFO 5507 --- [ool-3-thread-38] tourGuide.service.RewardsService         : getDistance called
2023-01-22T16:10:35.689+01:00  INFO 5507 --- [ool-3-thread-69] tourGuide.service.RewardsService         : getDistance called
2023-01-22T16:10:35.684+01:00  INFO 5507 --- [ool-3-thread-44] tourGuide.service.RewardsService         : getDistance called
2023-01-22T16:10:35.689+01:00  INFO 5507 --- [ool-3-thread-69] tourGuide.service.RewardsService         : nearAttraction called with McKinley Tower
2023-01-22T16:10:35.684+01:00  INFO 5507 --- [ool-3-thread-20] tourGuide.service.RewardsService         : nearAttraction called with Kansas City Zoo
2023-01-22T16:10:35.684+01:00  INFO 5507 --- [ool-3-thread-49] tourGuide.service.RewardsService         : getDistance called
2023-01-22T16:10:35.689+01:00  INFO 5507 --- [ool-3-thread-20] tourGuide.service.RewardsService         : getDistance called
2023-01-22T16:10:35.684+01:00  INFO 5507 --- [ool-3-thread-42] tourGuide.service.RewardsService         : getDistance called
2023-01-22T16:10:35.689+01:00  INFO 5507 --- [ool-3-thread-20] tourGuide.service.RewardsService         : nearAttraction called with Union Station
2023-01-22T16:10:35.684+01:00  INFO 5507 --- [ool-3-thread-27] tourGuide.service.RewardsService         : getDistance called
2023-01-22T16:10:35.689+01:00  INFO 5507 --- [ool-3-thread-20] tourGuide.service.RewardsService         : getDistance called
2023-01-22T16:10:35.684+01:00  INFO 5507 --- [ool-3-thread-47] tourGuide.service.RewardsService         : nearAttraction called with Cinderella Castle
2023-01-22T16:10:35.689+01:00  INFO 5507 --- [ool-3-thread-27] tourGuide.service.RewardsService         : nearAttraction called with Texas Memorial Stadium
2023-01-22T16:10:35.684+01:00  INFO 5507 --- [ool-3-thread-11] tourGuide.service.RewardsService         : getDistance called
2023-01-22T16:10:35.689+01:00  INFO 5507 --- [ool-3-thread-27] tourGuide.service.RewardsService         : getDistance called
2023-01-22T16:10:35.684+01:00  INFO 5507 --- [ool-3-thread-70] tourGuide.service.RewardsService         : nearAttraction called with Buffalo National River
2023-01-22T16:10:35.689+01:00  INFO 5507 --- [ool-3-thread-11] tourGuide.service.RewardsService         : nearAttraction called with Tiger Stadium
2023-01-22T16:10:35.689+01:00  INFO 5507 --- [ool-3-thread-27] tourGuide.service.RewardsService         : nearAttraction called with Neyland Stadium
2023-01-22T16:10:35.684+01:00  INFO 5507 --- [pool-3-thread-4] tourGuide.service.RewardsService         : getDistance called
2023-01-22T16:10:35.684+01:00  INFO 5507 --- [ool-3-thread-48] tourGuide.service.RewardsService         : nearAttraction called with Hot Springs National Park
2023-01-22T16:10:35.684+01:00  INFO 5507 --- [ool-3-thread-28] tourGuide.service.RewardsService         : nearAttraction called with Kartchner Caverns State Park
2023-01-22T16:10:35.690+01:00  INFO 5507 --- [ool-3-thread-48] tourGuide.service.RewardsService         : getDistance called
2023-01-22T16:10:35.690+01:00  INFO 5507 --- [ool-3-thread-28] tourGuide.service.RewardsService         : getDistance called
2023-01-22T16:10:35.684+01:00  INFO 5507 --- [ool-3-thread-54] tourGuide.service.RewardsService         : nearAttraction called with Flowers Bakery of London
2023-01-22T16:10:35.690+01:00  INFO 5507 --- [ool-3-thread-28] tourGuide.service.RewardsService         : nearAttraction called with Zoo Tampa at Lowry Park
2023-01-22T16:10:35.690+01:00  INFO 5507 --- [ool-3-thread-54] tourGuide.service.RewardsService         : getDistance called
2023-01-22T16:10:35.685+01:00  INFO 5507 --- [ool-3-thread-13] tourGuide.service.RewardsService         : getDistance called
2023-01-22T16:10:35.690+01:00  INFO 5507 --- [ool-3-thread-54] tourGuide.service.RewardsService         : nearAttraction called with Franklin Park Zoo
2023-01-22T16:10:35.685+01:00  INFO 5507 --- [ool-3-thread-55] tourGuide.service.RewardsService         : getDistance called
2023-01-22T16:10:35.685+01:00  INFO 5507 --- [ool-3-thread-15] tourGuide.service.RewardsService         : nearAttraction called with McKinley Tower
2023-01-22T16:10:35.685+01:00  INFO 5507 --- [ool-3-thread-50] tourGuide.service.RewardsService         : nearAttraction called with Union Station
2023-01-22T16:10:35.685+01:00  INFO 5507 --- [pool-3-thread-9] tourGuide.service.RewardsService         : nearAttraction called with Roger Dean Stadium
2023-01-22T16:10:35.690+01:00  INFO 5507 --- [ool-3-thread-50] tourGuide.service.RewardsService         : getDistance called
2023-01-22T16:10:35.690+01:00  INFO 5507 --- [pool-3-thread-9] tourGuide.service.RewardsService         : getDistance called
2023-01-22T16:10:35.685+01:00  INFO 5507 --- [pool-3-thread-8] tourGuide.service.RewardsService         : nearAttraction called with Bryant-Denny Stadium
2023-01-22T16:10:35.685+01:00  INFO 5507 --- [ool-3-thread-34] tourGuide.service.RewardsService         : getDistance called
2023-01-22T16:10:35.690+01:00  INFO 5507 --- [pool-3-thread-8] tourGuide.service.RewardsService         : getDistance called
2023-01-22T16:10:35.685+01:00  INFO 5507 --- [ool-3-thread-32] tourGuide.service.RewardsService         : getDistance called
2023-01-22T16:10:35.685+01:00  INFO 5507 --- [ool-3-thread-51] tourGuide.service.RewardsService         : nearAttraction called with Tiger Stadium
2023-01-22T16:10:35.685+01:00  INFO 5507 --- [ool-3-thread-12] tourGuide.service.RewardsService         : nearAttraction called with Neyland Stadium
2023-01-22T16:10:35.685+01:00  INFO 5507 --- [ool-3-thread-35] tourGuide.service.RewardsService         : getDistance called
2023-01-22T16:10:35.685+01:00  INFO 5507 --- [ool-3-thread-31] tourGuide.service.RewardsService         : getDistance called
2023-01-22T16:10:35.685+01:00  INFO 5507 --- [ool-3-thread-63] tourGuide.service.RewardsService         : nearAttraction called with Kyle Field
2023-01-22T16:10:35.686+01:00  INFO 5507 --- [ool-3-thread-67] tourGuide.service.RewardsService         : nearAttraction called with Zoo Tampa at Lowry Park
2023-01-22T16:10:35.686+01:00  INFO 5507 --- [ool-3-thread-59] tourGuide.service.RewardsService         : getDistance called
2023-01-22T16:10:35.686+01:00  INFO 5507 --- [pool-3-thread-5] tourGuide.service.RewardsService         : getDistance called
2023-01-22T16:10:35.686+01:00  INFO 5507 --- [pool-3-thread-1] tourGuide.service.RewardsService         : nearAttraction called with El Paso Zoo
2023-01-22T16:10:35.686+01:00  INFO 5507 --- [ool-3-thread-64] tourGuide.service.RewardsService         : getDistance called
2023-01-22T16:10:35.691+01:00  INFO 5507 --- [pool-3-thread-1] tourGuide.service.RewardsService         : getDistance called
2023-01-22T16:10:35.686+01:00  INFO 5507 --- [ool-3-thread-53] tourGuide.service.RewardsService         : getDistance called
2023-01-22T16:10:35.691+01:00  INFO 5507 --- [ool-3-thread-64] tourGuide.service.RewardsService         : nearAttraction called with Flatiron Building
2023-01-22T16:10:35.686+01:00  INFO 5507 --- [ool-3-thread-68] tourGuide.service.RewardsService         : nearAttraction called with Kansas City Zoo
2023-01-22T16:10:35.691+01:00  INFO 5507 --- [ool-3-thread-53] tourGuide.service.RewardsService         : nearAttraction called with Union Station
2023-01-22T16:10:35.686+01:00  INFO 5507 --- [ool-3-thread-52] tourGuide.service.RewardsService         : nearAttraction called with Bronx Zoo
2023-01-22T16:10:35.691+01:00  INFO 5507 --- [ool-3-thread-53] tourGuide.service.RewardsService         : getDistance called
2023-01-22T16:10:35.686+01:00  INFO 5507 --- [ool-3-thread-30] tourGuide.service.RewardsService         : getDistance called
2023-01-22T16:10:35.686+01:00  INFO 5507 --- [ool-3-thread-16] tourGuide.service.RewardsService         : getDistance called
2023-01-22T16:10:35.686+01:00  INFO 5507 --- [pool-3-thread-2] tourGuide.service.RewardsService         : getDistance called
2023-01-22T16:10:35.686+01:00  INFO 5507 --- [ool-3-thread-56] tourGuide.service.RewardsService         : nearAttraction called with Joshua Tree National Park
2023-01-22T16:10:35.686+01:00  INFO 5507 --- [ool-3-thread-62] tourGuide.service.RewardsService         : nearAttraction called with Buffalo National River
2023-01-22T16:10:35.687+01:00  INFO 5507 --- [ool-3-thread-43] tourGuide.service.RewardsService         : getDistance called
2023-01-22T16:10:35.687+01:00  INFO 5507 --- [ool-3-thread-21] tourGuide.service.RewardsService         : nearAttraction called with Kartchner Caverns State Park
2023-01-22T16:10:35.692+01:00  INFO 5507 --- [ool-3-thread-43] tourGuide.service.RewardsService         : nearAttraction called with Neyland Stadium
2023-01-22T16:10:35.687+01:00  INFO 5507 --- [ool-3-thread-58] tourGuide.service.RewardsService         : nearAttraction called with Legend Valley
2023-01-22T16:10:35.687+01:00  INFO 5507 --- [ool-3-thread-19] tourGuide.service.RewardsService         : nearAttraction called with Flowers Bakery of London
2023-01-22T16:10:35.692+01:00  INFO 5507 --- [ool-3-thread-58] tourGuide.service.RewardsService         : getDistance called
2023-01-22T16:10:35.692+01:00  INFO 5507 --- [ool-3-thread-19] tourGuide.service.RewardsService         : getDistance called
2023-01-22T16:10:35.687+01:00  INFO 5507 --- [ool-3-thread-23] tourGuide.service.RewardsService         : nearAttraction called with McKinley Tower
2023-01-22T16:10:35.692+01:00  INFO 5507 --- [ool-3-thread-19] tourGuide.service.RewardsService         : nearAttraction called with San Diego Zoo
2023-01-22T16:10:35.687+01:00  INFO 5507 --- [ool-3-thread-22] tourGuide.service.RewardsService         : nearAttraction called with Flatiron Building
2023-01-22T16:10:35.687+01:00  INFO 5507 --- [pool-3-thread-7] tourGuide.service.RewardsService         : nearAttraction called with Fallingwater
2023-01-22T16:10:35.687+01:00  INFO 5507 --- [ool-3-thread-57] tourGuide.service.RewardsService         : nearAttraction called with Union Station
2023-01-22T16:10:35.692+01:00  INFO 5507 --- [pool-3-thread-7] tourGuide.service.RewardsService         : getDistance called
2023-01-22T16:10:35.692+01:00  INFO 5507 --- [ool-3-thread-57] tourGuide.service.RewardsService         : getDistance called
2023-01-22T16:10:35.687+01:00  INFO 5507 --- [pool-3-thread-6] tourGuide.service.RewardsService         : getDistance called
2023-01-22T16:10:35.692+01:00  INFO 5507 --- [ool-3-thread-57] tourGuide.service.RewardsService         : nearAttraction called with Franklin Park Zoo
2023-01-22T16:10:35.687+01:00  INFO 5507 --- [ool-3-thread-24] tourGuide.service.RewardsService         : getDistance called
2023-01-22T16:10:35.692+01:00  INFO 5507 --- [ool-3-thread-57] tourGuide.service.RewardsService         : getDistance called
2023-01-22T16:10:35.687+01:00  INFO 5507 --- [ool-3-thread-10] tourGuide.service.RewardsService         : getDistance called
2023-01-22T16:10:35.687+01:00  INFO 5507 --- [ool-3-thread-61] tourGuide.service.RewardsService         : nearAttraction called with Roger Dean Stadium
2023-01-22T16:10:35.687+01:00  INFO 5507 --- [ool-3-thread-45] tourGuide.service.RewardsService         : nearAttraction called with Texas Memorial Stadium
2023-01-22T16:10:35.687+01:00  INFO 5507 --- [ool-3-thread-33] tourGuide.service.RewardsService         : nearAttraction called with Tiger Stadium
2023-01-22T16:10:35.687+01:00  INFO 5507 --- [ool-3-thread-18] tourGuide.service.RewardsService         : nearAttraction called with Neyland Stadium
2023-01-22T16:10:35.693+01:00  INFO 5507 --- [ool-3-thread-33] tourGuide.service.RewardsService         : getDistance called
2023-01-22T16:10:35.688+01:00  INFO 5507 --- [ool-3-thread-29] tourGuide.service.RewardsService         : nearAttraction called with Kyle Field
2023-01-22T16:10:35.688+01:00  INFO 5507 --- [ool-3-thread-17] tourGuide.service.RewardsService         : nearAttraction called with Zoo Tampa at Lowry Park
2023-01-22T16:10:35.688+01:00  INFO 5507 --- [ool-3-thread-36] tourGuide.service.RewardsService         : getDistance called
2023-01-22T16:10:35.693+01:00  INFO 5507 --- [ool-3-thread-17] tourGuide.service.RewardsService         : getDistance called
2023-01-22T16:10:35.688+01:00  INFO 5507 --- [ool-3-thread-60] tourGuide.service.RewardsService         : nearAttraction called with El Paso Zoo
2023-01-22T16:10:35.688+01:00  INFO 5507 --- [ool-3-thread-25] tourGuide.service.RewardsService         : getDistance called
2023-01-22T16:10:35.688+01:00  INFO 5507 --- [ool-3-thread-40] tourGuide.service.RewardsService         : getDistance called
2023-01-22T16:10:35.688+01:00  INFO 5507 --- [ool-3-thread-46] tourGuide.service.RewardsService         : getDistance called
2023-01-22T16:10:35.688+01:00  INFO 5507 --- [ool-3-thread-37] tourGuide.service.RewardsService         : nearAttraction called with Cinderella Castle
2023-01-22T16:10:35.688+01:00  INFO 5507 --- [ool-3-thread-26] tourGuide.service.RewardsService         : nearAttraction called with Jackson Hole
2023-01-22T16:10:35.688+01:00  INFO 5507 --- [ool-3-thread-39] tourGuide.service.RewardsService         : nearAttraction called with Mojave National Preserve
2023-01-22T16:10:35.693+01:00  INFO 5507 --- [ool-3-thread-26] tourGuide.service.RewardsService         : getDistance called
2023-01-22T16:10:35.688+01:00  INFO 5507 --- [ool-3-thread-41] tourGuide.service.RewardsService         : nearAttraction called with Joshua Tree National Park
2023-01-22T16:10:35.688+01:00  INFO 5507 --- [ool-3-thread-65] tourGuide.service.RewardsService         : getDistance called
2023-01-22T16:10:35.688+01:00  INFO 5507 --- [ool-3-thread-66] tourGuide.service.RewardsService         : nearAttraction called with Buffalo National River
2023-01-22T16:10:35.689+01:00  INFO 5507 --- [pool-3-thread-3] tourGuide.service.RewardsService         : nearAttraction called with Kartchner Caverns State Park
2023-01-22T16:10:35.694+01:00  INFO 5507 --- [ool-3-thread-65] tourGuide.service.RewardsService         : nearAttraction called with McKinley Tower
2023-01-22T16:10:35.694+01:00  INFO 5507 --- [pool-3-thread-3] tourGuide.service.RewardsService         : getDistance called
2023-01-22T16:10:35.694+01:00  INFO 5507 --- [ool-3-thread-66] tourGuide.service.RewardsService         : getDistance called
2023-01-22T16:10:35.689+01:00  INFO 5507 --- [ool-3-thread-14] tourGuide.service.RewardsService         : nearAttraction called with Legend Valley
2023-01-22T16:10:35.689+01:00  INFO 5507 --- [ool-3-thread-38] tourGuide.service.RewardsService         : nearAttraction called with Flowers Bakery of London
2023-01-22T16:10:35.694+01:00  INFO 5507 --- [ool-3-thread-14] tourGuide.service.RewardsService         : getDistance called
2023-01-22T16:10:35.689+01:00  INFO 5507 --- [ool-3-thread-44] tourGuide.service.RewardsService         : nearAttraction called with Flatiron Building
2023-01-22T16:10:35.689+01:00  INFO 5507 --- [ool-3-thread-69] tourGuide.service.RewardsService         : getDistance called
2023-01-22T16:10:35.694+01:00  INFO 5507 --- [ool-3-thread-44] tourGuide.service.RewardsService         : getDistance called
2023-01-22T16:10:35.689+01:00  INFO 5507 --- [ool-3-thread-49] tourGuide.service.RewardsService         : nearAttraction called with Fallingwater
2023-01-22T16:10:35.694+01:00  INFO 5507 --- [ool-3-thread-44] tourGuide.service.RewardsService         : nearAttraction called with Texas Memorial Stadium
2023-01-22T16:10:35.689+01:00  INFO 5507 --- [ool-3-thread-42] tourGuide.service.RewardsService         : nearAttraction called with Roger Dean Stadium
2023-01-22T16:10:35.694+01:00  INFO 5507 --- [ool-3-thread-44] tourGuide.service.RewardsService         : getDistance called
2023-01-22T16:10:35.694+01:00  INFO 5507 --- [ool-3-thread-42] tourGuide.service.RewardsService         : getDistance called
2023-01-22T16:10:35.689+01:00  INFO 5507 --- [ool-3-thread-20] tourGuide.service.RewardsService         : nearAttraction called with Bryant-Denny Stadium
2023-01-22T16:10:35.694+01:00  INFO 5507 --- [ool-3-thread-42] tourGuide.service.RewardsService         : nearAttraction called with Tiger Stadium
2023-01-22T16:10:35.689+01:00  INFO 5507 --- [ool-3-thread-47] tourGuide.service.RewardsService         : getDistance called
2023-01-22T16:10:35.689+01:00  INFO 5507 --- [ool-3-thread-70] tourGuide.service.RewardsService         : getDistance called
2023-01-22T16:10:35.689+01:00  INFO 5507 --- [ool-3-thread-11] tourGuide.service.RewardsService         : getDistance called
2023-01-22T16:10:35.689+01:00  INFO 5507 --- [ool-3-thread-27] tourGuide.service.RewardsService         : getDistance called
2023-01-22T16:10:35.690+01:00  INFO 5507 --- [pool-3-thread-4] tourGuide.service.RewardsService         : nearAttraction called with Kyle Field
2023-01-22T16:10:35.690+01:00  INFO 5507 --- [ool-3-thread-48] tourGuide.service.RewardsService         : nearAttraction called with San Diego Zoo
2023-01-22T16:10:35.695+01:00  INFO 5507 --- [pool-3-thread-4] tourGuide.service.RewardsService         : getDistance called
2023-01-22T16:10:35.690+01:00  INFO 5507 --- [ool-3-thread-28] tourGuide.service.RewardsService         : getDistance called
2023-01-22T16:10:35.690+01:00  INFO 5507 --- [ool-3-thread-54] tourGuide.service.RewardsService         : getDistance called
2023-01-22T16:10:35.695+01:00  INFO 5507 --- [ool-3-thread-28] tourGuide.service.RewardsService         : nearAttraction called with El Paso Zoo
2023-01-22T16:10:35.690+01:00  INFO 5507 --- [ool-3-thread-13] tourGuide.service.RewardsService         : nearAttraction called with El Paso Zoo
2023-01-22T16:10:35.695+01:00  INFO 5507 --- [ool-3-thread-28] tourGuide.service.RewardsService         : getDistance called
2023-01-22T16:10:35.690+01:00  INFO 5507 --- [ool-3-thread-55] tourGuide.service.RewardsService         : nearAttraction called with Kansas City Zoo
2023-01-22T16:10:35.695+01:00  INFO 5507 --- [ool-3-thread-28] tourGuide.service.RewardsService         : nearAttraction called with Bronx Zoo
2023-01-22T16:10:35.695+01:00  INFO 5507 --- [ool-3-thread-55] tourGuide.service.RewardsService         : getDistance called
2023-01-22T16:10:35.695+01:00  INFO 5507 --- [ool-3-thread-28] tourGuide.service.RewardsService         : getDistance called
2023-01-22T16:10:35.690+01:00  INFO 5507 --- [ool-3-thread-15] tourGuide.service.RewardsService         : getDistance called
2023-01-22T16:10:35.695+01:00  INFO 5507 --- [ool-3-thread-28] tourGuide.service.RewardsService         : nearAttraction called with Jackson Hole
2023-01-22T16:10:35.690+01:00  INFO 5507 --- [ool-3-thread-50] tourGuide.service.RewardsService         : nearAttraction called with Bronx Zoo
2023-01-22T16:10:35.695+01:00  INFO 5507 --- [ool-3-thread-15] tourGuide.service.RewardsService         : nearAttraction called with Mojave National Preserve
2023-01-22T16:10:35.690+01:00  INFO 5507 --- [pool-3-thread-9] tourGuide.service.RewardsService         : nearAttraction called with Cinderella Castle
2023-01-22T16:10:35.690+01:00  INFO 5507 --- [ool-3-thread-34] tourGuide.service.RewardsService         : nearAttraction called with Joshua Tree National Park
2023-01-22T16:10:35.695+01:00  INFO 5507 --- [pool-3-thread-9] tourGuide.service.RewardsService         : getDistance called
2023-01-22T16:10:35.695+01:00  INFO 5507 --- [ool-3-thread-34] tourGuide.service.RewardsService         : getDistance called
2023-01-22T16:10:35.690+01:00  INFO 5507 --- [pool-3-thread-8] tourGuide.service.RewardsService         : nearAttraction called with Buffalo National River
2023-01-22T16:10:35.696+01:00  INFO 5507 --- [pool-3-thread-9] tourGuide.service.RewardsService         : nearAttraction called with Joshua Tree National Park
2023-01-22T16:10:35.696+01:00  INFO 5507 --- [ool-3-thread-34] tourGuide.service.RewardsService         : nearAttraction called with Buffalo National River
2023-01-22T16:10:35.696+01:00  INFO 5507 --- [pool-3-thread-9] tourGuide.service.RewardsService         : getDistance called
2023-01-22T16:10:35.690+01:00  INFO 5507 --- [ool-3-thread-32] tourGuide.service.RewardsService         : nearAttraction called with Hot Springs National Park
2023-01-22T16:10:35.690+01:00  INFO 5507 --- [ool-3-thread-51] tourGuide.service.RewardsService         : getDistance called
2023-01-22T16:10:35.696+01:00  INFO 5507 --- [ool-3-thread-32] tourGuide.service.RewardsService         : getDistance called
2023-01-22T16:10:35.691+01:00  INFO 5507 --- [ool-3-thread-12] tourGuide.service.RewardsService         : getDistance called
2023-01-22T16:10:35.691+01:00  INFO 5507 --- [ool-3-thread-35] tourGuide.service.RewardsService         : nearAttraction called with Kartchner Caverns State Park
2023-01-22T16:10:35.696+01:00  INFO 5507 --- [ool-3-thread-12] tourGuide.service.RewardsService         : nearAttraction called with Flowers Bakery of London
2023-01-22T16:10:35.696+01:00  INFO 5507 --- [ool-3-thread-35] tourGuide.service.RewardsService         : getDistance called
2023-01-22T16:10:35.696+01:00  INFO 5507 --- [ool-3-thread-12] tourGuide.service.RewardsService         : getDistance called
2023-01-22T16:10:35.691+01:00  INFO 5507 --- [ool-3-thread-31] tourGuide.service.RewardsService         : nearAttraction called with Legend Valley
2023-01-22T16:10:35.691+01:00  INFO 5507 --- [ool-3-thread-63] tourGuide.service.RewardsService         : getDistance called
2023-01-22T16:10:35.696+01:00  INFO 5507 --- [ool-3-thread-31] tourGuide.service.RewardsService         : getDistance called
2023-01-22T16:10:35.691+01:00  INFO 5507 --- [ool-3-thread-67] tourGuide.service.RewardsService         : getDistance called
2023-01-22T16:10:35.696+01:00  INFO 5507 --- [ool-3-thread-31] tourGuide.service.RewardsService         : nearAttraction called with Union Station
2023-01-22T16:10:35.691+01:00  INFO 5507 --- [ool-3-thread-59] tourGuide.service.RewardsService         : nearAttraction called with Flowers Bakery of London
2023-01-22T16:10:35.696+01:00  INFO 5507 --- [ool-3-thread-31] tourGuide.service.RewardsService         : getDistance called
2023-01-22T16:10:35.691+01:00  INFO 5507 --- [pool-3-thread-5] tourGuide.service.RewardsService         : nearAttraction called with McKinley Tower
2023-01-22T16:10:35.691+01:00  INFO 5507 --- [pool-3-thread-1] tourGuide.service.RewardsService         : nearAttraction called with Fallingwater
2023-01-22T16:10:35.696+01:00  INFO 5507 --- [pool-3-thread-5] tourGuide.service.RewardsService         : getDistance called
2023-01-22T16:10:35.691+01:00  INFO 5507 --- [ool-3-thread-64] tourGuide.service.RewardsService         : getDistance called
2023-01-22T16:10:35.697+01:00  INFO 5507 --- [pool-3-thread-5] tourGuide.service.RewardsService         : nearAttraction called with Bryant-Denny Stadium
2023-01-22T16:10:35.691+01:00  INFO 5507 --- [ool-3-thread-68] tourGuide.service.RewardsService         : getDistance called
2023-01-22T16:10:35.697+01:00  INFO 5507 --- [pool-3-thread-5] tourGuide.service.RewardsService         : getDistance called
2023-01-22T16:10:35.691+01:00  INFO 5507 --- [ool-3-thread-52] tourGuide.service.RewardsService         : getDistance called
2023-01-22T16:10:35.691+01:00  INFO 5507 --- [ool-3-thread-53] tourGuide.service.RewardsService         : nearAttraction called with Roger Dean Stadium
2023-01-22T16:10:35.691+01:00  INFO 5507 --- [ool-3-thread-30] tourGuide.service.RewardsService         : nearAttraction called with Texas Memorial Stadium
2023-01-22T16:10:35.697+01:00  INFO 5507 --- [ool-3-thread-52] tourGuide.service.RewardsService         : nearAttraction called with San Diego Zoo
2023-01-22T16:10:35.697+01:00  INFO 5507 --- [ool-3-thread-30] tourGuide.service.RewardsService         : getDistance called
2023-01-22T16:10:35.697+01:00  INFO 5507 --- [ool-3-thread-52] tourGuide.service.RewardsService         : getDistance called
2023-01-22T16:10:35.691+01:00  INFO 5507 --- [ool-3-thread-16] tourGuide.service.RewardsService         : nearAttraction called with Bryant-Denny Stadium
2023-01-22T16:10:35.691+01:00  INFO 5507 --- [pool-3-thread-2] tourGuide.service.RewardsService         : nearAttraction called with Tiger Stadium
2023-01-22T16:10:35.697+01:00  INFO 5507 --- [ool-3-thread-16] tourGuide.service.RewardsService         : getDistance called
2023-01-22T16:10:35.691+01:00  INFO 5507 --- [ool-3-thread-56] tourGuide.service.RewardsService         : getDistance called
2023-01-22T16:10:35.692+01:00  INFO 5507 --- [ool-3-thread-62] tourGuide.service.RewardsService         : getDistance called
2023-01-22T16:10:35.697+01:00  INFO 5507 --- [ool-3-thread-56] tourGuide.service.RewardsService         : nearAttraction called with Kansas City Zoo
2023-01-22T16:10:35.692+01:00  INFO 5507 --- [ool-3-thread-21] tourGuide.service.RewardsService         : getDistance called
2023-01-22T16:10:35.692+01:00  INFO 5507 --- [ool-3-thread-43] tourGuide.service.RewardsService         : getDistance called
2023-01-22T16:10:35.692+01:00  INFO 5507 --- [ool-3-thread-58] tourGuide.service.RewardsService         : nearAttraction called with Kyle Field
2023-01-22T16:10:35.697+01:00  INFO 5507 --- [ool-3-thread-43] tourGuide.service.RewardsService         : nearAttraction called with Legend Valley
2023-01-22T16:10:35.697+01:00  INFO 5507 --- [ool-3-thread-58] tourGuide.service.RewardsService         : getDistance called
2023-01-22T16:10:35.692+01:00  INFO 5507 --- [ool-3-thread-23] tourGuide.service.RewardsService         : getDistance called
2023-01-22T16:10:35.698+01:00  INFO 5507 --- [ool-3-thread-43] tourGuide.service.RewardsService         : getDistance called
2023-01-22T16:10:35.692+01:00  INFO 5507 --- [ool-3-thread-19] tourGuide.service.RewardsService         : getDistance called
2023-01-22T16:10:35.692+01:00  INFO 5507 --- [ool-3-thread-22] tourGuide.service.RewardsService         : getDistance called
2023-01-22T16:10:35.692+01:00  INFO 5507 --- [pool-3-thread-7] tourGuide.service.RewardsService         : nearAttraction called with Zoo Tampa at Lowry Park
2023-01-22T16:10:35.692+01:00  INFO 5507 --- [pool-3-thread-6] tourGuide.service.RewardsService         : nearAttraction called with El Paso Zoo
2023-01-22T16:10:35.692+01:00  INFO 5507 --- [ool-3-thread-24] tourGuide.service.RewardsService         : nearAttraction called with Kansas City Zoo
2023-01-22T16:10:35.698+01:00  INFO 5507 --- [pool-3-thread-6] tourGuide.service.RewardsService         : getDistance called
2023-01-22T16:10:35.692+01:00  INFO 5507 --- [ool-3-thread-57] tourGuide.service.RewardsService         : nearAttraction called with Bronx Zoo
2023-01-22T16:10:35.698+01:00  INFO 5507 --- [pool-3-thread-6] tourGuide.service.RewardsService         : nearAttraction called with Roger Dean Stadium
2023-01-22T16:10:35.693+01:00  INFO 5507 --- [ool-3-thread-10] tourGuide.service.RewardsService         : nearAttraction called with Cinderella Castle
2023-01-22T16:10:35.698+01:00  INFO 5507 --- [pool-3-thread-6] tourGuide.service.RewardsService         : getDistance called
2023-01-22T16:10:35.693+01:00  INFO 5507 --- [ool-3-thread-61] tourGuide.service.RewardsService         : getDistance called
2023-01-22T16:10:35.698+01:00  INFO 5507 --- [pool-3-thread-6] tourGuide.service.RewardsService         : nearAttraction called with Texas Memorial Stadium
2023-01-22T16:10:35.693+01:00  INFO 5507 --- [ool-3-thread-45] tourGuide.service.RewardsService         : getDistance called
2023-01-22T16:10:35.698+01:00  INFO 5507 --- [pool-3-thread-6] tourGuide.service.RewardsService         : getDistance called
2023-01-22T16:10:35.693+01:00  INFO 5507 --- [ool-3-thread-18] tourGuide.service.RewardsService         : getDistance called
2023-01-22T16:10:35.698+01:00  INFO 5507 --- [pool-3-thread-6] tourGuide.service.RewardsService         : nearAttraction called with Neyland Stadium
2023-01-22T16:10:35.693+01:00  INFO 5507 --- [ool-3-thread-33] tourGuide.service.RewardsService         : nearAttraction called with Mojave National Preserve
2023-01-22T16:10:35.693+01:00  INFO 5507 --- [ool-3-thread-29] tourGuide.service.RewardsService         : getDistance called
2023-01-22T16:10:35.693+01:00  INFO 5507 --- [ool-3-thread-36] tourGuide.service.RewardsService         : nearAttraction called with Joshua Tree National Park
2023-01-22T16:10:35.693+01:00  INFO 5507 --- [ool-3-thread-17] tourGuide.service.RewardsService         : nearAttraction called with Buffalo National River
2023-01-22T16:10:35.699+01:00  INFO 5507 --- [ool-3-thread-36] tourGuide.service.RewardsService         : getDistance called
2023-01-22T16:10:35.693+01:00  INFO 5507 --- [ool-3-thread-60] tourGuide.service.RewardsService         : getDistance called
2023-01-22T16:10:35.693+01:00  INFO 5507 --- [ool-3-thread-25] tourGuide.service.RewardsService         : nearAttraction called with Hot Springs National Park
2023-01-22T16:10:35.693+01:00  INFO 5507 --- [ool-3-thread-40] tourGuide.service.RewardsService         : nearAttraction called with Kartchner Caverns State Park
2023-01-22T16:10:35.699+01:00  INFO 5507 --- [ool-3-thread-25] tourGuide.service.RewardsService         : getDistance called
2023-01-22T16:10:35.693+01:00  INFO 5507 --- [ool-3-thread-46] tourGuide.service.RewardsService         : nearAttraction called with Legend Valley
2023-01-22T16:10:35.693+01:00  INFO 5507 --- [ool-3-thread-37] tourGuide.service.RewardsService         : getDistance called
2023-01-22T16:10:35.699+01:00  INFO 5507 --- [ool-3-thread-46] tourGuide.service.RewardsService         : getDistance called
2023-01-22T16:10:35.693+01:00  INFO 5507 --- [ool-3-thread-39] tourGuide.service.RewardsService         : getDistance called
2023-01-22T16:10:35.699+01:00  INFO 5507 --- [ool-3-thread-37] tourGuide.service.RewardsService         : nearAttraction called with Kansas City Zoo
2023-01-22T16:10:35.693+01:00  INFO 5507 --- [ool-3-thread-26] tourGuide.service.RewardsService         : nearAttraction called with Flowers Bakery of London
2023-01-22T16:10:35.699+01:00  INFO 5507 --- [ool-3-thread-37] tourGuide.service.RewardsService         : getDistance called
2023-01-22T16:10:35.693+01:00  INFO 5507 --- [ool-3-thread-41] tourGuide.service.RewardsService         : getDistance called
2023-01-22T16:10:35.694+01:00  INFO 5507 --- [ool-3-thread-65] tourGuide.service.RewardsService         : getDistance called
2023-01-22T16:10:35.694+01:00  INFO 5507 --- [pool-3-thread-3] tourGuide.service.RewardsService         : nearAttraction called with Flatiron Building
2023-01-22T16:10:35.699+01:00  INFO 5507 --- [ool-3-thread-65] tourGuide.service.RewardsService         : nearAttraction called with Union Station
2023-01-22T16:10:35.699+01:00  INFO 5507 --- [pool-3-thread-3] tourGuide.service.RewardsService         : getDistance called
2023-01-22T16:10:35.699+01:00  INFO 5507 --- [ool-3-thread-65] tourGuide.service.RewardsService         : getDistance called
2023-01-22T16:10:35.694+01:00  INFO 5507 --- [ool-3-thread-66] tourGuide.service.RewardsService         : nearAttraction called with Fallingwater
2023-01-22T16:10:35.694+01:00  INFO 5507 --- [ool-3-thread-38] tourGuide.service.RewardsService         : getDistance called
2023-01-22T16:10:35.700+01:00  INFO 5507 --- [ool-3-thread-65] tourGuide.service.RewardsService         : nearAttraction called with Texas Memorial Stadium
2023-01-22T16:10:35.694+01:00  INFO 5507 --- [ool-3-thread-14] tourGuide.service.RewardsService         : nearAttraction called with Union Station
2023-01-22T16:10:35.694+01:00  INFO 5507 --- [ool-3-thread-69] tourGuide.service.RewardsService         : nearAttraction called with Roger Dean Stadium
2023-01-22T16:10:35.700+01:00  INFO 5507 --- [ool-3-thread-14] tourGuide.service.RewardsService         : getDistance called
2023-01-22T16:10:35.694+01:00  INFO 5507 --- [ool-3-thread-49] tourGuide.service.RewardsService         : getDistance called
2023-01-22T16:10:35.694+01:00  INFO 5507 --- [ool-3-thread-44] tourGuide.service.RewardsService         : nearAttraction called with Bryant-Denny Stadium
2023-01-22T16:10:35.694+01:00  INFO 5507 --- [ool-3-thread-20] tourGuide.service.RewardsService         : getDistance called
2023-01-22T16:10:35.700+01:00  INFO 5507 --- [ool-3-thread-44] tourGuide.service.RewardsService         : getDistance called
2023-01-22T16:10:35.694+01:00  INFO 5507 --- [ool-3-thread-42] tourGuide.service.RewardsService         : getDistance called
2023-01-22T16:10:35.700+01:00  INFO 5507 --- [ool-3-thread-44] tourGuide.service.RewardsService         : nearAttraction called with San Diego Zoo
2023-01-22T16:10:35.694+01:00  INFO 5507 --- [ool-3-thread-47] tourGuide.service.RewardsService         : nearAttraction called with Neyland Stadium
2023-01-22T16:10:35.700+01:00  INFO 5507 --- [ool-3-thread-44] tourGuide.service.RewardsService         : getDistance called
2023-01-22T16:10:35.695+01:00  INFO 5507 --- [ool-3-thread-70] tourGuide.service.RewardsService         : nearAttraction called with Kyle Field
2023-01-22T16:10:35.695+01:00  INFO 5507 --- [ool-3-thread-11] tourGuide.service.RewardsService         : nearAttraction called with San Diego Zoo
2023-01-22T16:10:35.700+01:00  INFO 5507 --- [ool-3-thread-70] tourGuide.service.RewardsService         : getDistance called
2023-01-22T16:10:35.695+01:00  INFO 5507 --- [ool-3-thread-27] tourGuide.service.RewardsService         : nearAttraction called with Zoo Tampa at Lowry Park
2023-01-22T16:10:35.700+01:00  INFO 5507 --- [ool-3-thread-70] tourGuide.service.RewardsService         : nearAttraction called with El Paso Zoo
2023-01-22T16:10:35.700+01:00  INFO 5507 --- [ool-3-thread-27] tourGuide.service.RewardsService         : getDistance called
2023-01-22T16:10:35.700+01:00  INFO 5507 --- [ool-3-thread-70] tourGuide.service.RewardsService         : getDistance called
2023-01-22T16:10:35.695+01:00  INFO 5507 --- [ool-3-thread-48] tourGuide.service.RewardsService         : getDistance called
2023-01-22T16:10:35.700+01:00  INFO 5507 --- [ool-3-thread-70] tourGuide.service.RewardsService         : nearAttraction called with Bronx Zoo
2023-01-22T16:10:35.695+01:00  INFO 5507 --- [pool-3-thread-4] tourGuide.service.RewardsService         : nearAttraction called with Franklin Park Zoo
2023-01-22T16:10:35.695+01:00  INFO 5507 --- [ool-3-thread-54] tourGuide.service.RewardsService         : nearAttraction called with Kansas City Zoo
2023-01-22T16:10:35.695+01:00  INFO 5507 --- [ool-3-thread-13] tourGuide.service.RewardsService         : getDistance called
2023-01-22T16:10:35.695+01:00  INFO 5507 --- [ool-3-thread-55] tourGuide.service.RewardsService         : nearAttraction called with Cinderella Castle
2023-01-22T16:10:35.701+01:00  INFO 5507 --- [ool-3-thread-13] tourGuide.service.RewardsService         : nearAttraction called with Hot Springs National Park
2023-01-22T16:10:35.695+01:00  INFO 5507 --- [ool-3-thread-28] tourGuide.service.RewardsService         : getDistance called
2023-01-22T16:10:35.695+01:00  INFO 5507 --- [ool-3-thread-50] tourGuide.service.RewardsService         : getDistance called
2023-01-22T16:10:35.695+01:00  INFO 5507 --- [ool-3-thread-15] tourGuide.service.RewardsService         : getDistance called
2023-01-22T16:10:35.696+01:00  INFO 5507 --- [pool-3-thread-8] tourGuide.service.RewardsService         : getDistance called
2023-01-22T16:10:35.696+01:00  INFO 5507 --- [ool-3-thread-34] tourGuide.service.RewardsService         : getDistance called
2023-01-22T16:10:35.696+01:00  INFO 5507 --- [pool-3-thread-9] tourGuide.service.RewardsService         : nearAttraction called with Hot Springs National Park
2023-01-22T16:10:35.701+01:00  INFO 5507 --- [ool-3-thread-34] tourGuide.service.RewardsService         : nearAttraction called with Flatiron Building
2023-01-22T16:10:35.696+01:00  INFO 5507 --- [ool-3-thread-51] tourGuide.service.RewardsService         : nearAttraction called with Kartchner Caverns State Park
2023-01-22T16:10:35.701+01:00  INFO 5507 --- [ool-3-thread-34] tourGuide.service.RewardsService         : getDistance called
2023-01-22T16:10:35.696+01:00  INFO 5507 --- [ool-3-thread-32] tourGuide.service.RewardsService         : nearAttraction called with Legend Valley
2023-01-22T16:10:35.696+01:00  INFO 5507 --- [ool-3-thread-35] tourGuide.service.RewardsService         : nearAttraction called with McKinley Tower
2023-01-22T16:10:35.696+01:00  INFO 5507 --- [ool-3-thread-12] tourGuide.service.RewardsService         : nearAttraction called with Flatiron Building
2023-01-22T16:10:35.701+01:00  INFO 5507 --- [ool-3-thread-35] tourGuide.service.RewardsService         : getDistance called
2023-01-22T16:10:35.696+01:00  INFO 5507 --- [ool-3-thread-63] tourGuide.service.RewardsService         : nearAttraction called with Fallingwater
2023-01-22T16:10:35.696+01:00  INFO 5507 --- [ool-3-thread-67] tourGuide.service.RewardsService         : nearAttraction called with Roger Dean Stadium
2023-01-22T16:10:35.696+01:00  INFO 5507 --- [ool-3-thread-59] tourGuide.service.RewardsService         : getDistance called
2023-01-22T16:10:35.702+01:00  INFO 5507 --- [ool-3-thread-67] tourGuide.service.RewardsService         : getDistance called
2023-01-22T16:10:35.696+01:00  INFO 5507 --- [ool-3-thread-31] tourGuide.service.RewardsService         : nearAttraction called with Texas Memorial Stadium
2023-01-22T16:10:35.697+01:00  INFO 5507 --- [pool-3-thread-1] tourGuide.service.RewardsService         : getDistance called
2023-01-22T16:10:35.702+01:00  INFO 5507 --- [ool-3-thread-31] tourGuide.service.RewardsService         : getDistance called
2023-01-22T16:10:35.697+01:00  INFO 5507 --- [ool-3-thread-64] tourGuide.service.RewardsService         : nearAttraction called with Tiger Stadium
2023-01-22T16:10:35.697+01:00  INFO 5507 --- [ool-3-thread-68] tourGuide.service.RewardsService         : nearAttraction called with Neyland Stadium
2023-01-22T16:10:35.702+01:00  INFO 5507 --- [ool-3-thread-64] tourGuide.service.RewardsService         : getDistance called
2023-01-22T16:10:35.697+01:00  INFO 5507 --- [pool-3-thread-5] tourGuide.service.RewardsService         : nearAttraction called with Kyle Field
2023-01-22T16:10:35.697+01:00  INFO 5507 --- [ool-3-thread-53] tourGuide.service.RewardsService         : getDistance called
2023-01-22T16:10:35.697+01:00  INFO 5507 --- [ool-3-thread-30] tourGuide.service.RewardsService         : nearAttraction called with Zoo Tampa at Lowry Park
2023-01-22T16:10:35.702+01:00  INFO 5507 --- [ool-3-thread-53] tourGuide.service.RewardsService         : nearAttraction called with Kyle Field
2023-01-22T16:10:35.697+01:00  INFO 5507 --- [ool-3-thread-52] tourGuide.service.RewardsService         : nearAttraction called with Franklin Park Zoo
2023-01-22T16:10:35.697+01:00  INFO 5507 --- [pool-3-thread-2] tourGuide.service.RewardsService         : getDistance called
2023-01-22T16:10:35.702+01:00  INFO 5507 --- [ool-3-thread-52] tourGuide.service.RewardsService         : getDistance called
2023-01-22T16:10:35.697+01:00  INFO 5507 --- [ool-3-thread-16] tourGuide.service.RewardsService         : nearAttraction called with El Paso Zoo
2023-01-22T16:10:35.697+01:00  INFO 5507 --- [ool-3-thread-62] tourGuide.service.RewardsService         : nearAttraction called with Bronx Zoo
2023-01-22T16:10:35.702+01:00  INFO 5507 --- [ool-3-thread-16] tourGuide.service.RewardsService         : getDistance called
2023-01-22T16:10:35.697+01:00  INFO 5507 --- [ool-3-thread-56] tourGuide.service.RewardsService         : getDistance called
2023-01-22T16:10:35.697+01:00  INFO 5507 --- [ool-3-thread-21] tourGuide.service.RewardsService         : nearAttraction called with Cinderella Castle
2023-01-22T16:10:35.698+01:00  INFO 5507 --- [ool-3-thread-58] tourGuide.service.RewardsService         : nearAttraction called with Flowers Bakery of London
2023-01-22T16:10:35.703+01:00  INFO 5507 --- [ool-3-thread-56] tourGuide.service.RewardsService         : nearAttraction called with El Paso Zoo
2023-01-22T16:10:35.698+01:00  INFO 5507 --- [ool-3-thread-23] tourGuide.service.RewardsService         : nearAttraction called with McKinley Tower
2023-01-22T16:10:35.703+01:00  INFO 5507 --- [ool-3-thread-56] tourGuide.service.RewardsService         : getDistance called
2023-01-22T16:10:35.698+01:00  INFO 5507 --- [ool-3-thread-43] tourGuide.service.RewardsService         : nearAttraction called with Flatiron Building
2023-01-22T16:10:35.698+01:00  INFO 5507 --- [ool-3-thread-19] tourGuide.service.RewardsService         : nearAttraction called with Fallingwater
2023-01-22T16:10:35.698+01:00  INFO 5507 --- [ool-3-thread-22] tourGuide.service.RewardsService         : nearAttraction called with Union Station
2023-01-22T16:10:35.703+01:00  INFO 5507 --- [ool-3-thread-19] tourGuide.service.RewardsService         : getDistance called
2023-01-22T16:10:35.698+01:00  INFO 5507 --- [pool-3-thread-7] tourGuide.service.RewardsService         : getDistance called
2023-01-22T16:10:35.698+01:00  INFO 5507 --- [ool-3-thread-24] tourGuide.service.RewardsService         : getDistance called
2023-01-22T16:10:35.703+01:00  INFO 5507 --- [pool-3-thread-7] tourGuide.service.RewardsService         : nearAttraction called with Cinderella Castle
2023-01-22T16:10:35.698+01:00  INFO 5507 --- [ool-3-thread-57] tourGuide.service.RewardsService         : getDistance called
2023-01-22T16:10:35.698+01:00  INFO 5507 --- [ool-3-thread-10] tourGuide.service.RewardsService         : getDistance called
2023-01-22T16:10:35.698+01:00  INFO 5507 --- [ool-3-thread-61] tourGuide.service.RewardsService         : nearAttraction called with Bryant-Denny Stadium
2023-01-22T16:10:35.698+01:00  INFO 5507 --- [ool-3-thread-45] tourGuide.service.RewardsService         : nearAttraction called with Tiger Stadium
2023-01-22T16:10:35.703+01:00  INFO 5507 --- [ool-3-thread-61] tourGuide.service.RewardsService         : getDistance called
2023-01-22T16:10:35.698+01:00  INFO 5507 --- [ool-3-thread-18] tourGuide.service.RewardsService         : nearAttraction called with Kyle Field
2023-01-22T16:10:35.698+01:00  INFO 5507 --- [pool-3-thread-6] tourGuide.service.RewardsService         : getDistance called
2023-01-22T16:10:35.703+01:00  INFO 5507 --- [ool-3-thread-18] tourGuide.service.RewardsService         : getDistance called
2023-01-22T16:10:35.698+01:00  INFO 5507 --- [ool-3-thread-33] tourGuide.service.RewardsService         : getDistance called
2023-01-22T16:10:35.699+01:00  INFO 5507 --- [ool-3-thread-29] tourGuide.service.RewardsService         : nearAttraction called with San Diego Zoo
2023-01-22T16:10:35.703+01:00  INFO 5507 --- [ool-3-thread-18] tourGuide.service.RewardsService         : nearAttraction called with Kartchner Caverns State Park
2023-01-22T16:10:35.699+01:00  INFO 5507 --- [ool-3-thread-17] tourGuide.service.RewardsService         : getDistance called
2023-01-22T16:10:35.699+01:00  INFO 5507 --- [ool-3-thread-36] tourGuide.service.RewardsService         : nearAttraction called with Zoo Tampa at Lowry Park
2023-01-22T16:10:35.704+01:00  INFO 5507 --- [ool-3-thread-17] tourGuide.service.RewardsService         : nearAttraction called with Flowers Bakery of London
2023-01-22T16:10:35.704+01:00  INFO 5507 --- [ool-3-thread-36] tourGuide.service.RewardsService         : getDistance called
2023-01-22T16:10:35.699+01:00  INFO 5507 --- [ool-3-thread-60] tourGuide.service.RewardsService         : nearAttraction called with Franklin Park Zoo
2023-01-22T16:10:35.699+01:00  INFO 5507 --- [ool-3-thread-40] tourGuide.service.RewardsService         : getDistance called
2023-01-22T16:10:35.699+01:00  INFO 5507 --- [ool-3-thread-25] tourGuide.service.RewardsService         : nearAttraction called with El Paso Zoo
2023-01-22T16:10:35.704+01:00  INFO 5507 --- [ool-3-thread-40] tourGuide.service.RewardsService         : nearAttraction called with Flatiron Building
2023-01-22T16:10:35.704+01:00  INFO 5507 --- [ool-3-thread-25] tourGuide.service.RewardsService         : getDistance called
2023-01-22T16:10:35.699+01:00  INFO 5507 --- [ool-3-thread-46] tourGuide.service.RewardsService         : nearAttraction called with Bronx Zoo
2023-01-22T16:10:35.699+01:00  INFO 5507 --- [ool-3-thread-39] tourGuide.service.RewardsService         : nearAttraction called with Cinderella Castle
2023-01-22T16:10:35.704+01:00  INFO 5507 --- [ool-3-thread-46] tourGuide.service.RewardsService         : getDistance called
2023-01-22T16:10:35.699+01:00  INFO 5507 --- [ool-3-thread-26] tourGuide.service.RewardsService         : getDistance called
2023-01-22T16:10:35.699+01:00  INFO 5507 --- [ool-3-thread-37] tourGuide.service.RewardsService         : nearAttraction called with Flatiron Building
2023-01-22T16:10:35.699+01:00  INFO 5507 --- [ool-3-thread-41] tourGuide.service.RewardsService         : nearAttraction called with Fallingwater
2023-01-22T16:10:35.704+01:00  INFO 5507 --- [ool-3-thread-37] tourGuide.service.RewardsService         : getDistance called
2023-01-22T16:10:35.699+01:00  INFO 5507 --- [pool-3-thread-3] tourGuide.service.RewardsService         : nearAttraction called with Roger Dean Stadium
2023-01-22T16:10:35.700+01:00  INFO 5507 --- [ool-3-thread-66] tourGuide.service.RewardsService         : getDistance called
2023-01-22T16:10:35.704+01:00  INFO 5507 --- [pool-3-thread-3] tourGuide.service.RewardsService         : getDistance called
2023-01-22T16:10:35.700+01:00  INFO 5507 --- [ool-3-thread-38] tourGuide.service.RewardsService         : nearAttraction called with Bryant-Denny Stadium
2023-01-22T16:10:35.704+01:00  INFO 5507 --- [ool-3-thread-66] tourGuide.service.RewardsService         : nearAttraction called with Bryant-Denny Stadium
2023-01-22T16:10:35.700+01:00  INFO 5507 --- [ool-3-thread-65] tourGuide.service.RewardsService         : getDistance called
2023-01-22T16:10:35.704+01:00  INFO 5507 --- [ool-3-thread-66] tourGuide.service.RewardsService         : getDistance called
2023-01-22T16:10:35.700+01:00  INFO 5507 --- [ool-3-thread-69] tourGuide.service.RewardsService         : getDistance called
2023-01-22T16:10:35.704+01:00  INFO 5507 --- [ool-3-thread-65] tourGuide.service.RewardsService         : nearAttraction called with Neyland Stadium
2023-01-22T16:10:35.700+01:00  INFO 5507 --- [ool-3-thread-14] tourGuide.service.RewardsService         : nearAttraction called with Tiger Stadium
2023-01-22T16:10:35.700+01:00  INFO 5507 --- [ool-3-thread-49] tourGuide.service.RewardsService         : nearAttraction called with Neyland Stadium
2023-01-22T16:10:35.700+01:00  INFO 5507 --- [ool-3-thread-20] tourGuide.service.RewardsService         : nearAttraction called with Kyle Field
2023-01-22T16:10:35.705+01:00  INFO 5507 --- [ool-3-thread-49] tourGuide.service.RewardsService         : getDistance called
2023-01-22T16:10:35.705+01:00  INFO 5507 --- [ool-3-thread-20] tourGuide.service.RewardsService         : getDistance called
2023-01-22T16:10:35.700+01:00  INFO 5507 --- [ool-3-thread-42] tourGuide.service.RewardsService         : nearAttraction called with Zoo Tampa at Lowry Park
2023-01-22T16:10:35.700+01:00  INFO 5507 --- [ool-3-thread-47] tourGuide.service.RewardsService         : getDistance called
2023-01-22T16:10:35.705+01:00  INFO 5507 --- [ool-3-thread-42] tourGuide.service.RewardsService         : getDistance called
2023-01-22T16:10:35.700+01:00  INFO 5507 --- [ool-3-thread-44] tourGuide.service.RewardsService         : nearAttraction called with Franklin Park Zoo
2023-01-22T16:10:35.705+01:00  INFO 5507 --- [ool-3-thread-47] tourGuide.service.RewardsService         : nearAttraction called with El Paso Zoo
2023-01-22T16:10:35.700+01:00  INFO 5507 --- [ool-3-thread-11] tourGuide.service.RewardsService         : getDistance called
2023-01-22T16:10:35.705+01:00  INFO 5507 --- [ool-3-thread-47] tourGuide.service.RewardsService         : getDistance called
2023-01-22T16:10:35.700+01:00  INFO 5507 --- [ool-3-thread-27] tourGuide.service.RewardsService         : nearAttraction called with Kansas City Zoo
2023-01-22T16:10:35.705+01:00  INFO 5507 --- [ool-3-thread-11] tourGuide.service.RewardsService         : nearAttraction called with Bronx Zoo
2023-01-22T16:10:35.705+01:00  INFO 5507 --- [ool-3-thread-47] tourGuide.service.RewardsService         : nearAttraction called with Cinderella Castle
2023-01-22T16:10:35.701+01:00  INFO 5507 --- [ool-3-thread-48] tourGuide.service.RewardsService         : nearAttraction called with Cinderella Castle
2023-01-22T16:10:35.705+01:00  INFO 5507 --- [ool-3-thread-47] tourGuide.service.RewardsService         : getDistance called
2023-01-22T16:10:35.705+01:00  INFO 5507 --- [ool-3-thread-48] tourGuide.service.RewardsService         : getDistance called
2023-01-22T16:10:35.701+01:00  INFO 5507 --- [ool-3-thread-70] tourGuide.service.RewardsService         : getDistance called
2023-01-22T16:10:35.705+01:00  INFO 5507 --- [ool-3-thread-47] tourGuide.service.RewardsService         : nearAttraction called with Jackson Hole
2023-01-22T16:10:35.701+01:00  INFO 5507 --- [pool-3-thread-4] tourGuide.service.RewardsService         : getDistance called
2023-01-22T16:10:35.705+01:00  INFO 5507 --- [ool-3-thread-70] tourGuide.service.RewardsService         : nearAttraction called with Joshua Tree National Park
2023-01-22T16:10:35.705+01:00  INFO 5507 --- [ool-3-thread-47] tourGuide.service.RewardsService         : getDistance called
2023-01-22T16:10:35.705+01:00  INFO 5507 --- [pool-3-thread-4] tourGuide.service.RewardsService         : nearAttraction called with Buffalo National River
2023-01-22T16:10:35.701+01:00  INFO 5507 --- [ool-3-thread-54] tourGuide.service.RewardsService         : getDistance called
2023-01-22T16:10:35.705+01:00  INFO 5507 --- [pool-3-thread-4] tourGuide.service.RewardsService         : getDistance called
2023-01-22T16:10:35.701+01:00  INFO 5507 --- [ool-3-thread-55] tourGuide.service.RewardsService         : getDistance called
2023-01-22T16:10:35.701+01:00  INFO 5507 --- [ool-3-thread-13] tourGuide.service.RewardsService         : getDistance called
2023-01-22T16:10:35.706+01:00  INFO 5507 --- [pool-3-thread-4] tourGuide.service.RewardsService         : nearAttraction called with Legend Valley
2023-01-22T16:10:35.706+01:00  INFO 5507 --- [ool-3-thread-55] tourGuide.service.RewardsService         : nearAttraction called with Flowers Bakery of London
2023-01-22T16:10:35.706+01:00  INFO 5507 --- [ool-3-thread-13] tourGuide.service.RewardsService         : nearAttraction called with McKinley Tower
2023-01-22T16:10:35.701+01:00  INFO 5507 --- [ool-3-thread-28] tourGuide.service.RewardsService         : nearAttraction called with Kartchner Caverns State Park
2023-01-22T16:10:35.706+01:00  INFO 5507 --- [ool-3-thread-13] tourGuide.service.RewardsService         : getDistance called
2023-01-22T16:10:35.701+01:00  INFO 5507 --- [ool-3-thread-50] tourGuide.service.RewardsService         : nearAttraction called with Legend Valley
2023-01-22T16:10:35.701+01:00  INFO 5507 --- [ool-3-thread-15] tourGuide.service.RewardsService         : nearAttraction called with Flowers Bakery of London
2023-01-22T16:10:35.701+01:00  INFO 5507 --- [pool-3-thread-8] tourGuide.service.RewardsService         : nearAttraction called with McKinley Tower
2023-01-22T16:10:35.706+01:00  INFO 5507 --- [ool-3-thread-15] tourGuide.service.RewardsService         : getDistance called
2023-01-22T16:10:35.701+01:00  INFO 5507 --- [pool-3-thread-9] tourGuide.service.RewardsService         : getDistance called
2023-01-22T16:10:35.701+01:00  INFO 5507 --- [ool-3-thread-51] tourGuide.service.RewardsService         : getDistance called
2023-01-22T16:10:35.701+01:00  INFO 5507 --- [ool-3-thread-34] tourGuide.service.RewardsService         : nearAttraction called with Fallingwater
2023-01-22T16:10:35.701+01:00  INFO 5507 --- [ool-3-thread-32] tourGuide.service.RewardsService         : getDistance called
2023-01-22T16:10:35.706+01:00  INFO 5507 --- [ool-3-thread-34] tourGuide.service.RewardsService         : getDistance called
2023-01-22T16:10:35.701+01:00  INFO 5507 --- [ool-3-thread-12] tourGuide.service.RewardsService         : getDistance called
2023-01-22T16:10:35.706+01:00  INFO 5507 --- [ool-3-thread-34] tourGuide.service.RewardsService         : nearAttraction called with Bryant-Denny Stadium
2023-01-22T16:10:35.701+01:00  INFO 5507 --- [ool-3-thread-35] tourGuide.service.RewardsService         : nearAttraction called with Union Station
2023-01-22T16:10:35.702+01:00  INFO 5507 --- [ool-3-thread-63] tourGuide.service.RewardsService         : getDistance called
2023-01-22T16:10:35.706+01:00  INFO 5507 --- [ool-3-thread-35] tourGuide.service.RewardsService         : getDistance called
2023-01-22T16:10:35.702+01:00  INFO 5507 --- [ool-3-thread-59] tourGuide.service.RewardsService         : nearAttraction called with Roger Dean Stadium
2023-01-22T16:10:35.702+01:00  INFO 5507 --- [ool-3-thread-67] tourGuide.service.RewardsService         : nearAttraction called with Texas Memorial Stadium
2023-01-22T16:10:35.702+01:00  INFO 5507 --- [pool-3-thread-1] tourGuide.service.RewardsService         : nearAttraction called with Bryant-Denny Stadium
2023-01-22T16:10:35.707+01:00  INFO 5507 --- [ool-3-thread-67] tourGuide.service.RewardsService         : getDistance called
2023-01-22T16:10:35.702+01:00  INFO 5507 --- [ool-3-thread-31] tourGuide.service.RewardsService         : nearAttraction called with Tiger Stadium
2023-01-22T16:10:35.702+01:00  INFO 5507 --- [ool-3-thread-68] tourGuide.service.RewardsService         : getDistance called
2023-01-22T16:10:35.707+01:00  INFO 5507 --- [ool-3-thread-31] tourGuide.service.RewardsService         : getDistance called
2023-01-22T16:10:35.702+01:00  INFO 5507 --- [ool-3-thread-64] tourGuide.service.RewardsService         : nearAttraction called with Neyland Stadium
2023-01-22T16:10:35.707+01:00  INFO 5507 --- [ool-3-thread-68] tourGuide.service.RewardsService         : nearAttraction called with Zoo Tampa at Lowry Park
2023-01-22T16:10:35.702+01:00  INFO 5507 --- [pool-3-thread-5] tourGuide.service.RewardsService         : getDistance called
2023-01-22T16:10:35.702+01:00  INFO 5507 --- [ool-3-thread-30] tourGuide.service.RewardsService         : getDistance called
2023-01-22T16:10:35.702+01:00  INFO 5507 --- [ool-3-thread-53] tourGuide.service.RewardsService         : getDistance called
2023-01-22T16:10:35.702+01:00  INFO 5507 --- [pool-3-thread-2] tourGuide.service.RewardsService         : nearAttraction called with San Diego Zoo
2023-01-22T16:10:35.707+01:00  INFO 5507 --- [ool-3-thread-53] tourGuide.service.RewardsService         : nearAttraction called with Bronx Zoo
2023-01-22T16:10:35.702+01:00  INFO 5507 --- [ool-3-thread-52] tourGuide.service.RewardsService         : nearAttraction called with Zoo Tampa at Lowry Park
2023-01-22T16:10:35.707+01:00  INFO 5507 --- [ool-3-thread-53] tourGuide.service.RewardsService         : getDistance called
2023-01-22T16:10:35.702+01:00  INFO 5507 --- [ool-3-thread-62] tourGuide.service.RewardsService         : getDistance called
2023-01-22T16:10:35.702+01:00  INFO 5507 --- [ool-3-thread-16] tourGuide.service.RewardsService         : nearAttraction called with Franklin Park Zoo
2023-01-22T16:10:35.703+01:00  INFO 5507 --- [ool-3-thread-21] tourGuide.service.RewardsService         : getDistance called
2023-01-22T16:10:35.707+01:00  INFO 5507 --- [ool-3-thread-16] tourGuide.service.RewardsService         : getDistance called
2023-01-22T16:10:35.703+01:00  INFO 5507 --- [ool-3-thread-58] tourGuide.service.RewardsService         : getDistance called
2023-01-22T16:10:35.707+01:00  INFO 5507 --- [ool-3-thread-21] tourGuide.service.RewardsService         : nearAttraction called with Hot Springs National Park
2023-01-22T16:10:35.703+01:00  INFO 5507 --- [ool-3-thread-23] tourGuide.service.RewardsService         : getDistance called
2023-01-22T16:10:35.707+01:00  INFO 5507 --- [ool-3-thread-21] tourGuide.service.RewardsService         : getDistance called
2023-01-22T16:10:35.703+01:00  INFO 5507 --- [ool-3-thread-56] tourGuide.service.RewardsService         : nearAttraction called with Kansas City Zoo
2023-01-22T16:10:35.707+01:00  INFO 5507 --- [ool-3-thread-23] tourGuide.service.RewardsService         : nearAttraction called with Flowers Bakery of London
2023-01-22T16:10:35.707+01:00  INFO 5507 --- [ool-3-thread-56] tourGuide.service.RewardsService         : getDistance called
2023-01-22T16:10:35.703+01:00  INFO 5507 --- [ool-3-thread-43] tourGuide.service.RewardsService         : getDistance called
2023-01-22T16:10:35.703+01:00  INFO 5507 --- [ool-3-thread-22] tourGuide.service.RewardsService         : getDistance called
2023-01-22T16:10:35.703+01:00  INFO 5507 --- [ool-3-thread-19] tourGuide.service.RewardsService         : nearAttraction called with Bronx Zoo
2023-01-22T16:10:35.703+01:00  INFO 5507 --- [ool-3-thread-24] tourGuide.service.RewardsService         : nearAttraction called with Jackson Hole
2023-01-22T16:10:35.703+01:00  INFO 5507 --- [pool-3-thread-7] tourGuide.service.RewardsService         : getDistance called
2023-01-22T16:10:35.703+01:00  INFO 5507 --- [ool-3-thread-57] tourGuide.service.RewardsService         : nearAttraction called with Mojave National Preserve
2023-01-22T16:10:35.703+01:00  INFO 5507 --- [ool-3-thread-10] tourGuide.service.RewardsService         : nearAttraction called with Joshua Tree National Park
2023-01-22T16:10:35.703+01:00  INFO 5507 --- [ool-3-thread-45] tourGuide.service.RewardsService         : getDistance called
2023-01-22T16:10:35.708+01:00  INFO 5507 --- [ool-3-thread-10] tourGuide.service.RewardsService         : getDistance called
2023-01-22T16:10:35.703+01:00  INFO 5507 --- [ool-3-thread-61] tourGuide.service.RewardsService         : nearAttraction called with Buffalo National River
2023-01-22T16:10:35.703+01:00  INFO 5507 --- [pool-3-thread-6] tourGuide.service.RewardsService         : nearAttraction called with Hot Springs National Park
2023-01-22T16:10:35.708+01:00  INFO 5507 --- [ool-3-thread-61] tourGuide.service.RewardsService         : getDistance called
2023-01-22T16:10:35.703+01:00  INFO 5507 --- [ool-3-thread-33] tourGuide.service.RewardsService         : nearAttraction called with Legend Valley
2023-01-22T16:10:35.703+01:00  INFO 5507 --- [ool-3-thread-29] tourGuide.service.RewardsService         : getDistance called
2023-01-22T16:10:35.708+01:00  INFO 5507 --- [ool-3-thread-33] tourGuide.service.RewardsService         : getDistance called
2023-01-22T16:10:35.704+01:00  INFO 5507 --- [ool-3-thread-18] tourGuide.service.RewardsService         : getDistance called
2023-01-22T16:10:35.708+01:00  INFO 5507 --- [ool-3-thread-29] tourGuide.service.RewardsService         : nearAttraction called with Texas Memorial Stadium
2023-01-22T16:10:35.704+01:00  INFO 5507 --- [ool-3-thread-17] tourGuide.service.RewardsService         : getDistance called
2023-01-22T16:10:35.708+01:00  INFO 5507 --- [ool-3-thread-29] tourGuide.service.RewardsService         : getDistance called
2023-01-22T16:10:35.704+01:00  INFO 5507 --- [ool-3-thread-36] tourGuide.service.RewardsService         : nearAttraction called with McKinley Tower
2023-01-22T16:10:35.708+01:00  INFO 5507 --- [ool-3-thread-17] tourGuide.service.RewardsService         : nearAttraction called with Buffalo National River
2023-01-22T16:10:35.704+01:00  INFO 5507 --- [ool-3-thread-60] tourGuide.service.RewardsService         : getDistance called
2023-01-22T16:10:35.708+01:00  INFO 5507 --- [ool-3-thread-17] tourGuide.service.RewardsService         : getDistance called
2023-01-22T16:10:35.704+01:00  INFO 5507 --- [ool-3-thread-40] tourGuide.service.RewardsService         : getDistance called
2023-01-22T16:10:35.704+01:00  INFO 5507 --- [ool-3-thread-25] tourGuide.service.RewardsService         : nearAttraction called with Fallingwater
2023-01-22T16:10:35.709+01:00  INFO 5507 --- [ool-3-thread-17] tourGuide.service.RewardsService         : nearAttraction called with Neyland Stadium
2023-01-22T16:10:35.709+01:00  INFO 5507 --- [ool-3-thread-25] tourGuide.service.RewardsService         : getDistance called
2023-01-22T16:10:35.704+01:00  INFO 5507 --- [ool-3-thread-39] tourGuide.service.RewardsService         : getDistance called
2023-01-22T16:10:35.704+01:00  INFO 5507 --- [ool-3-thread-46] tourGuide.service.RewardsService         : nearAttraction called with Union Station
2023-01-22T16:10:35.704+01:00  INFO 5507 --- [ool-3-thread-26] tourGuide.service.RewardsService         : nearAttraction called with Roger Dean Stadium
2023-01-22T16:10:35.709+01:00  INFO 5507 --- [ool-3-thread-46] tourGuide.service.RewardsService         : getDistance called
2023-01-22T16:10:35.704+01:00  INFO 5507 --- [ool-3-thread-41] tourGuide.service.RewardsService         : getDistance called
2023-01-22T16:10:35.704+01:00  INFO 5507 --- [ool-3-thread-37] tourGuide.service.RewardsService         : nearAttraction called with Texas Memorial Stadium
2023-01-22T16:10:35.704+01:00  INFO 5507 --- [pool-3-thread-3] tourGuide.service.RewardsService         : nearAttraction called with Tiger Stadium
2023-01-22T16:10:35.709+01:00  INFO 5507 --- [ool-3-thread-37] tourGuide.service.RewardsService         : getDistance called
2023-01-22T16:10:35.704+01:00  INFO 5507 --- [ool-3-thread-38] tourGuide.service.RewardsService         : getDistance called
2023-01-22T16:10:35.704+01:00  INFO 5507 --- [ool-3-thread-66] tourGuide.service.RewardsService         : nearAttraction called with Kyle Field
2023-01-22T16:10:35.705+01:00  INFO 5507 --- [ool-3-thread-69] tourGuide.service.RewardsService         : nearAttraction called with San Diego Zoo
2023-01-22T16:10:35.709+01:00  INFO 5507 --- [ool-3-thread-66] tourGuide.service.RewardsService         : getDistance called
2023-01-22T16:10:35.705+01:00  INFO 5507 --- [ool-3-thread-65] tourGuide.service.RewardsService         : getDistance called
2023-01-22T16:10:35.705+01:00  INFO 5507 --- [ool-3-thread-14] tourGuide.service.RewardsService         : getDistance called
2023-01-22T16:10:35.705+01:00  INFO 5507 --- [ool-3-thread-49] tourGuide.service.RewardsService         : nearAttraction called with Zoo Tampa at Lowry Park
2023-01-22T16:10:35.705+01:00  INFO 5507 --- [ool-3-thread-20] tourGuide.service.RewardsService         : nearAttraction called with Franklin Park Zoo
2023-01-22T16:10:35.709+01:00  INFO 5507 --- [ool-3-thread-49] tourGuide.service.RewardsService         : getDistance called
2023-01-22T16:10:35.705+01:00  INFO 5507 --- [ool-3-thread-42] tourGuide.service.RewardsService         : nearAttraction called with Kansas City Zoo
2023-01-22T16:10:35.705+01:00  INFO 5507 --- [ool-3-thread-44] tourGuide.service.RewardsService         : getDistance called
2023-01-22T16:10:35.705+01:00  INFO 5507 --- [ool-3-thread-27] tourGuide.service.RewardsService         : getDistance called
2023-01-22T16:10:35.705+01:00  INFO 5507 --- [ool-3-thread-11] tourGuide.service.RewardsService         : getDistance called
2023-01-22T16:10:35.705+01:00  INFO 5507 --- [ool-3-thread-48] tourGuide.service.RewardsService         : nearAttraction called with Mojave National Preserve
2023-01-22T16:10:35.710+01:00  INFO 5507 --- [ool-3-thread-27] tourGuide.service.RewardsService         : nearAttraction called with Union Station
2023-01-22T16:10:35.710+01:00  INFO 5507 --- [ool-3-thread-48] tourGuide.service.RewardsService         : getDistance called
2023-01-22T16:10:35.705+01:00  INFO 5507 --- [ool-3-thread-70] tourGuide.service.RewardsService         : getDistance called
2023-01-22T16:10:35.705+01:00  INFO 5507 --- [ool-3-thread-47] tourGuide.service.RewardsService         : nearAttraction called with Hot Springs National Park
2023-01-22T16:10:35.706+01:00  INFO 5507 --- [ool-3-thread-54] tourGuide.service.RewardsService         : nearAttraction called with Kartchner Caverns State Park
2023-01-22T16:10:35.706+01:00  INFO 5507 --- [pool-3-thread-4] tourGuide.service.RewardsService         : getDistance called
2023-01-22T16:10:35.706+01:00  INFO 5507 --- [ool-3-thread-55] tourGuide.service.RewardsService         : getDistance called
2023-01-22T16:10:35.706+01:00  INFO 5507 --- [ool-3-thread-28] tourGuide.service.RewardsService         : getDistance called
2023-01-22T16:10:35.706+01:00  INFO 5507 --- [ool-3-thread-13] tourGuide.service.RewardsService         : nearAttraction called with Flatiron Building
2023-01-22T16:10:35.706+01:00  INFO 5507 --- [ool-3-thread-50] tourGuide.service.RewardsService         : getDistance called
2023-01-22T16:10:35.710+01:00  INFO 5507 --- [ool-3-thread-13] tourGuide.service.RewardsService         : getDistance called
2023-01-22T16:10:35.706+01:00  INFO 5507 --- [pool-3-thread-8] tourGuide.service.RewardsService         : getDistance called
2023-01-22T16:10:35.710+01:00  INFO 5507 --- [ool-3-thread-50] tourGuide.service.RewardsService         : nearAttraction called with Neyland Stadium
2023-01-22T16:10:35.706+01:00  INFO 5507 --- [ool-3-thread-15] tourGuide.service.RewardsService         : nearAttraction called with Fallingwater
2023-01-22T16:10:35.710+01:00  INFO 5507 --- [pool-3-thread-8] tourGuide.service.RewardsService         : nearAttraction called with San Diego Zoo
2023-01-22T16:10:35.706+01:00  INFO 5507 --- [pool-3-thread-9] tourGuide.service.RewardsService         : nearAttraction called with Union Station
2023-01-22T16:10:35.706+01:00  INFO 5507 --- [ool-3-thread-51] tourGuide.service.RewardsService         : nearAttraction called with Roger Dean Stadium
2023-01-22T16:10:35.706+01:00  INFO 5507 --- [ool-3-thread-32] tourGuide.service.RewardsService         : nearAttraction called with Texas Memorial Stadium
2023-01-22T16:10:35.710+01:00  INFO 5507 --- [ool-3-thread-51] tourGuide.service.RewardsService         : getDistance called
2023-01-22T16:10:35.706+01:00  INFO 5507 --- [ool-3-thread-12] tourGuide.service.RewardsService         : nearAttraction called with Tiger Stadium
2023-01-22T16:10:35.710+01:00  INFO 5507 --- [ool-3-thread-51] tourGuide.service.RewardsService         : nearAttraction called with Zoo Tampa at Lowry Park
2023-01-22T16:10:35.706+01:00  INFO 5507 --- [ool-3-thread-34] tourGuide.service.RewardsService         : getDistance called
2023-01-22T16:10:35.706+01:00  INFO 5507 --- [ool-3-thread-63] tourGuide.service.RewardsService         : nearAttraction called with Neyland Stadium
2023-01-22T16:10:35.706+01:00  INFO 5507 --- [ool-3-thread-35] tourGuide.service.RewardsService         : nearAttraction called with Kyle Field
2023-01-22T16:10:35.707+01:00  INFO 5507 --- [ool-3-thread-59] tourGuide.service.RewardsService         : getDistance called
2023-01-22T16:10:35.707+01:00  INFO 5507 --- [pool-3-thread-1] tourGuide.service.RewardsService         : getDistance called
2023-01-22T16:10:35.707+01:00  INFO 5507 --- [ool-3-thread-67] tourGuide.service.RewardsService         : nearAttraction called with San Diego Zoo
2023-01-22T16:10:35.707+01:00  INFO 5507 --- [ool-3-thread-31] tourGuide.service.RewardsService         : nearAttraction called with Franklin Park Zoo
2023-01-22T16:10:35.707+01:00  INFO 5507 --- [ool-3-thread-64] tourGuide.service.RewardsService         : getDistance called
2023-01-22T16:10:35.711+01:00  INFO 5507 --- [ool-3-thread-31] tourGuide.service.RewardsService         : getDistance called
2023-01-22T16:10:35.707+01:00  INFO 5507 --- [ool-3-thread-68] tourGuide.service.RewardsService         : getDistance called
2023-01-22T16:10:35.711+01:00  INFO 5507 --- [ool-3-thread-64] tourGuide.service.RewardsService         : nearAttraction called with Bronx Zoo
2023-01-22T16:10:35.707+01:00  INFO 5507 --- [pool-3-thread-5] tourGuide.service.RewardsService         : nearAttraction called with El Paso Zoo
2023-01-22T16:10:35.711+01:00  INFO 5507 --- [ool-3-thread-64] tourGuide.service.RewardsService         : getDistance called
2023-01-22T16:10:35.707+01:00  INFO 5507 --- [ool-3-thread-30] tourGuide.service.RewardsService         : nearAttraction called with Kansas City Zoo
2023-01-22T16:10:35.707+01:00  INFO 5507 --- [pool-3-thread-2] tourGuide.service.RewardsService         : getDistance called
2023-01-22T16:10:35.711+01:00  INFO 5507 --- [ool-3-thread-30] tourGuide.service.RewardsService         : getDistance called
2023-01-22T16:10:35.707+01:00  INFO 5507 --- [ool-3-thread-52] tourGuide.service.RewardsService         : getDistance called
2023-01-22T16:10:35.707+01:00  INFO 5507 --- [ool-3-thread-53] tourGuide.service.RewardsService         : nearAttraction called with Cinderella Castle
2023-01-22T16:10:35.707+01:00  INFO 5507 --- [ool-3-thread-62] tourGuide.service.RewardsService         : nearAttraction called with Buffalo National River
2023-01-22T16:10:35.711+01:00  INFO 5507 --- [ool-3-thread-53] tourGuide.service.RewardsService         : getDistance called
2023-01-22T16:10:35.707+01:00  INFO 5507 --- [ool-3-thread-16] tourGuide.service.RewardsService         : nearAttraction called with Kartchner Caverns State Park
2023-01-22T16:10:35.707+01:00  INFO 5507 --- [ool-3-thread-58] tourGuide.service.RewardsService         : nearAttraction called with Legend Valley
2023-01-22T16:10:35.707+01:00  INFO 5507 --- [ool-3-thread-21] tourGuide.service.RewardsService         : nearAttraction called with McKinley Tower
2023-01-22T16:10:35.711+01:00  INFO 5507 --- [ool-3-thread-58] tourGuide.service.RewardsService         : getDistance called
2023-01-22T16:10:35.708+01:00  INFO 5507 --- [ool-3-thread-23] tourGuide.service.RewardsService         : getDistance called
2023-01-22T16:10:35.708+01:00  INFO 5507 --- [ool-3-thread-56] tourGuide.service.RewardsService         : nearAttraction called with Flatiron Building
2023-01-22T16:10:35.708+01:00  INFO 5507 --- [ool-3-thread-43] tourGuide.service.RewardsService         : nearAttraction called with Fallingwater
2023-01-22T16:10:35.708+01:00  INFO 5507 --- [ool-3-thread-22] tourGuide.service.RewardsService         : nearAttraction called with Disneyland
2023-01-22T16:10:35.712+01:00  INFO 5507 --- [ool-3-thread-43] tourGuide.service.RewardsService         : getDistance called
2023-01-22T16:10:35.708+01:00  INFO 5507 --- [ool-3-thread-19] tourGuide.service.RewardsService         : getDistance called
2023-01-22T16:10:35.712+01:00  INFO 5507 --- [ool-3-thread-43] tourGuide.service.RewardsService         : nearAttraction called with Flowers Bakery of London
2023-01-22T16:10:35.708+01:00  INFO 5507 --- [ool-3-thread-24] tourGuide.service.RewardsService         : getDistance called
2023-01-22T16:10:35.708+01:00  INFO 5507 --- [pool-3-thread-7] tourGuide.service.RewardsService         : nearAttraction called with Union Station
2023-01-22T16:10:35.708+01:00  INFO 5507 --- [ool-3-thread-57] tourGuide.service.RewardsService         : getDistance called
2023-01-22T16:10:35.712+01:00  INFO 5507 --- [pool-3-thread-7] tourGuide.service.RewardsService         : getDistance called
2023-01-22T16:10:35.708+01:00  INFO 5507 --- [ool-3-thread-45] tourGuide.service.RewardsService         : nearAttraction called with Jackson Hole
2023-01-22T16:10:35.712+01:00  INFO 5507 --- [pool-3-thread-7] tourGuide.service.RewardsService         : nearAttraction called with Union Station
2023-01-22T16:10:35.708+01:00  INFO 5507 --- [ool-3-thread-10] tourGuide.service.RewardsService         : nearAttraction called with Roger Dean Stadium
2023-01-22T16:10:35.708+01:00  INFO 5507 --- [pool-3-thread-6] tourGuide.service.RewardsService         : getDistance called
2023-01-22T16:10:35.712+01:00  INFO 5507 --- [ool-3-thread-10] tourGuide.service.RewardsService         : getDistance called
2023-01-22T16:10:35.708+01:00  INFO 5507 --- [ool-3-thread-61] tourGuide.service.RewardsService         : nearAttraction called with Mojave National Preserve
2023-01-22T16:10:35.712+01:00  INFO 5507 --- [ool-3-thread-10] tourGuide.service.RewardsService         : nearAttraction called with Texas Memorial Stadium
2023-01-22T16:10:35.708+01:00  INFO 5507 --- [ool-3-thread-33] tourGuide.service.RewardsService         : nearAttraction called with Joshua Tree National Park
2023-01-22T16:10:35.712+01:00  INFO 5507 --- [ool-3-thread-10] tourGuide.service.RewardsService         : getDistance called
2023-01-22T16:10:35.712+01:00  INFO 5507 --- [ool-3-thread-33] tourGuide.service.RewardsService         : getDistance called
2023-01-22T16:10:35.708+01:00  INFO 5507 --- [ool-3-thread-18] tourGuide.service.RewardsService         : nearAttraction called with Bryant-Denny Stadium
2023-01-22T16:10:35.708+01:00  INFO 5507 --- [ool-3-thread-29] tourGuide.service.RewardsService         : nearAttraction called with Tiger Stadium
2023-01-22T16:10:35.712+01:00  INFO 5507 --- [ool-3-thread-18] tourGuide.service.RewardsService         : getDistance called
2023-01-22T16:10:35.708+01:00  INFO 5507 --- [ool-3-thread-36] tourGuide.service.RewardsService         : getDistance called
2023-01-22T16:10:35.709+01:00  INFO 5507 --- [ool-3-thread-60] tourGuide.service.RewardsService         : nearAttraction called with Hot Springs National Park
2023-01-22T16:10:35.709+01:00  INFO 5507 --- [ool-3-thread-40] tourGuide.service.RewardsService         : nearAttraction called with Kartchner Caverns State Park
2023-01-22T16:10:35.709+01:00  INFO 5507 --- [ool-3-thread-17] tourGuide.service.RewardsService         : getDistance called
2023-01-22T16:10:35.713+01:00  INFO 5507 --- [ool-3-thread-40] tourGuide.service.RewardsService         : getDistance called
2023-01-22T16:10:35.709+01:00  INFO 5507 --- [ool-3-thread-25] tourGuide.service.RewardsService         : nearAttraction called with Kyle Field
2023-01-22T16:10:35.713+01:00  INFO 5507 --- [ool-3-thread-40] tourGuide.service.RewardsService         : nearAttraction called with Zoo Tampa at Lowry Park
2023-01-22T16:10:35.713+01:00  INFO 5507 --- [ool-3-thread-25] tourGuide.service.RewardsService         : getDistance called
2023-01-22T16:10:35.709+01:00  INFO 5507 --- [ool-3-thread-39] tourGuide.service.RewardsService         : nearAttraction called with Legend Valley
2023-01-22T16:10:35.709+01:00  INFO 5507 --- [ool-3-thread-26] tourGuide.service.RewardsService         : getDistance called
2023-01-22T16:10:35.713+01:00  INFO 5507 --- [ool-3-thread-39] tourGuide.service.RewardsService         : getDistance called
2023-01-22T16:10:35.709+01:00  INFO 5507 --- [ool-3-thread-46] tourGuide.service.RewardsService         : nearAttraction called with San Diego Zoo
2023-01-22T16:10:35.713+01:00  INFO 5507 --- [ool-3-thread-39] tourGuide.service.RewardsService         : nearAttraction called with El Paso Zoo
2023-01-22T16:10:35.709+01:00  INFO 5507 --- [ool-3-thread-41] tourGuide.service.RewardsService         : nearAttraction called with Flowers Bakery of London
2023-01-22T16:10:35.709+01:00  INFO 5507 --- [pool-3-thread-3] tourGuide.service.RewardsService         : getDistance called
2023-01-22T16:10:35.709+01:00  INFO 5507 --- [ool-3-thread-37] tourGuide.service.RewardsService         : nearAttraction called with Zoo Tampa at Lowry Park
2023-01-22T16:10:35.709+01:00  INFO 5507 --- [ool-3-thread-38] tourGuide.service.RewardsService         : nearAttraction called with McKinley Tower
2023-01-22T16:10:35.709+01:00  INFO 5507 --- [ool-3-thread-69] tourGuide.service.RewardsService         : getDistance called
2023-01-22T16:10:35.713+01:00  INFO 5507 --- [ool-3-thread-38] tourGuide.service.RewardsService         : getDistance called
2023-01-22T16:10:35.709+01:00  INFO 5507 --- [ool-3-thread-66] tourGuide.service.RewardsService         : nearAttraction called with Franklin Park Zoo
2023-01-22T16:10:35.709+01:00  INFO 5507 --- [ool-3-thread-65] tourGuide.service.RewardsService         : nearAttraction called with Flatiron Building
2023-01-22T16:10:35.713+01:00  INFO 5507 --- [ool-3-thread-66] tourGuide.service.RewardsService         : getDistance called
2023-01-22T16:10:35.709+01:00  INFO 5507 --- [ool-3-thread-14] tourGuide.service.RewardsService         : nearAttraction called with El Paso Zoo
2023-01-22T16:10:35.709+01:00  INFO 5507 --- [ool-3-thread-20] tourGuide.service.RewardsService         : getDistance called
2023-01-22T16:10:35.713+01:00  INFO 5507 --- [ool-3-thread-14] tourGuide.service.RewardsService         : getDistance called
2023-01-22T16:10:35.709+01:00  INFO 5507 --- [ool-3-thread-49] tourGuide.service.RewardsService         : nearAttraction called with Fallingwater
2023-01-22T16:10:35.709+01:00  INFO 5507 --- [ool-3-thread-42] tourGuide.service.RewardsService         : getDistance called
2023-01-22T16:10:35.714+01:00  INFO 5507 --- [ool-3-thread-49] tourGuide.service.RewardsService         : getDistance called
2023-01-22T16:10:35.709+01:00  INFO 5507 --- [ool-3-thread-44] tourGuide.service.RewardsService         : nearAttraction called with Kansas City Zoo
2023-01-22T16:10:35.714+01:00  INFO 5507 --- [ool-3-thread-42] tourGuide.service.RewardsService         : nearAttraction called with Hot Springs National Park
2023-01-22T16:10:35.714+01:00  INFO 5507 --- [ool-3-thread-44] tourGuide.service.RewardsService         : getDistance called
2023-01-22T16:10:35.710+01:00  INFO 5507 --- [ool-3-thread-11] tourGuide.service.RewardsService         : nearAttraction called with Bronx Zoo
2023-01-22T16:10:35.710+01:00  INFO 5507 --- [ool-3-thread-27] tourGuide.service.RewardsService         : getDistance called
2023-01-22T16:10:35.714+01:00  INFO 5507 --- [ool-3-thread-11] tourGuide.service.RewardsService         : getDistance called
2023-01-22T16:10:35.710+01:00  INFO 5507 --- [ool-3-thread-48] tourGuide.service.RewardsService         : nearAttraction called with Roger Dean Stadium
2023-01-22T16:10:35.710+01:00  INFO 5507 --- [ool-3-thread-70] tourGuide.service.RewardsService         : nearAttraction called with Cinderella Castle
2023-01-22T16:10:35.710+01:00  INFO 5507 --- [ool-3-thread-47] tourGuide.service.RewardsService         : getDistance called
2023-01-22T16:10:35.714+01:00  INFO 5507 --- [ool-3-thread-70] tourGuide.service.RewardsService         : getDistance called
2023-01-22T16:10:35.710+01:00  INFO 5507 --- [ool-3-thread-54] tourGuide.service.RewardsService         : getDistance called
2023-01-22T16:10:35.710+01:00  INFO 5507 --- [pool-3-thread-4] tourGuide.service.RewardsService         : nearAttraction called with Texas Memorial Stadium
2023-01-22T16:10:35.710+01:00  INFO 5507 --- [ool-3-thread-55] tourGuide.service.RewardsService         : nearAttraction called with Bryant-Denny Stadium
2023-01-22T16:10:35.714+01:00  INFO 5507 --- [pool-3-thread-4] tourGuide.service.RewardsService         : getDistance called
2023-01-22T16:10:35.710+01:00  INFO 5507 --- [ool-3-thread-28] tourGuide.service.RewardsService         : nearAttraction called with Tiger Stadium
2023-01-22T16:10:35.710+01:00  INFO 5507 --- [ool-3-thread-13] tourGuide.service.RewardsService         : nearAttraction called with Kyle Field
2023-01-22T16:10:35.710+01:00  INFO 5507 --- [ool-3-thread-50] tourGuide.service.RewardsService         : getDistance called
2023-01-22T16:10:35.714+01:00  INFO 5507 --- [ool-3-thread-13] tourGuide.service.RewardsService         : getDistance called
2023-01-22T16:10:35.710+01:00  INFO 5507 --- [ool-3-thread-15] tourGuide.service.RewardsService         : getDistance called
2023-01-22T16:10:35.710+01:00  INFO 5507 --- [pool-3-thread-8] tourGuide.service.RewardsService         : getDistance called
2023-01-22T16:10:35.710+01:00  INFO 5507 --- [pool-3-thread-9] tourGuide.service.RewardsService         : getDistance called
2023-01-22T16:10:35.710+01:00  INFO 5507 --- [ool-3-thread-32] tourGuide.service.RewardsService         : getDistance called
2023-01-22T16:10:35.715+01:00  INFO 5507 --- [pool-3-thread-8] tourGuide.service.RewardsService         : nearAttraction called with Neyland Stadium
2023-01-22T16:10:35.710+01:00  INFO 5507 --- [ool-3-thread-12] tourGuide.service.RewardsService         : getDistance called
2023-01-22T16:10:35.710+01:00  INFO 5507 --- [ool-3-thread-51] tourGuide.service.RewardsService         : getDistance called
2023-01-22T16:10:35.711+01:00  INFO 5507 --- [ool-3-thread-34] tourGuide.service.RewardsService         : nearAttraction called with Franklin Park Zoo
2023-01-22T16:10:35.715+01:00  INFO 5507 --- [ool-3-thread-51] tourGuide.service.RewardsService         : nearAttraction called with Franklin Park Zoo
2023-01-22T16:10:35.711+01:00  INFO 5507 --- [ool-3-thread-63] tourGuide.service.RewardsService         : getDistance called
2023-01-22T16:10:35.715+01:00  INFO 5507 --- [ool-3-thread-51] tourGuide.service.RewardsService         : getDistance called
2023-01-22T16:10:35.711+01:00  INFO 5507 --- [ool-3-thread-35] tourGuide.service.RewardsService         : getDistance called
2023-01-22T16:10:35.715+01:00  INFO 5507 --- [ool-3-thread-51] tourGuide.service.RewardsService         : nearAttraction called with Kansas City Zoo
2023-01-22T16:10:35.711+01:00  INFO 5507 --- [ool-3-thread-59] tourGuide.service.RewardsService         : nearAttraction called with El Paso Zoo
2023-01-22T16:10:35.711+01:00  INFO 5507 --- [pool-3-thread-1] tourGuide.service.RewardsService         : nearAttraction called with Kansas City Zoo
2023-01-22T16:10:35.715+01:00  INFO 5507 --- [ool-3-thread-59] tourGuide.service.RewardsService         : getDistance called
2023-01-22T16:10:35.711+01:00  INFO 5507 --- [ool-3-thread-67] tourGuide.service.RewardsService         : getDistance called
2023-01-22T16:10:35.711+01:00  INFO 5507 --- [ool-3-thread-31] tourGuide.service.RewardsService         : nearAttraction called with Cinderella Castle
2023-01-22T16:10:35.715+01:00  INFO 5507 --- [ool-3-thread-59] tourGuide.service.RewardsService         : nearAttraction called with Cinderella Castle
2023-01-22T16:10:35.711+01:00  INFO 5507 --- [ool-3-thread-68] tourGuide.service.RewardsService         : nearAttraction called with Disneyland
2023-01-22T16:10:35.715+01:00  INFO 5507 --- [ool-3-thread-59] tourGuide.service.RewardsService         : getDistance called
2023-01-22T16:10:35.715+01:00  INFO 5507 --- [ool-3-thread-68] tourGuide.service.RewardsService         : getDistance called
2023-01-22T16:10:35.711+01:00  INFO 5507 --- [pool-3-thread-5] tourGuide.service.RewardsService         : getDistance called
2023-01-22T16:10:35.711+01:00  INFO 5507 --- [ool-3-thread-64] tourGuide.service.RewardsService         : nearAttraction called with Jackson Hole
2023-01-22T16:10:35.711+01:00  INFO 5507 --- [pool-3-thread-2] tourGuide.service.RewardsService         : nearAttraction called with Mojave National Preserve
2023-01-22T16:10:35.715+01:00  INFO 5507 --- [ool-3-thread-64] tourGuide.service.RewardsService         : getDistance called
2023-01-22T16:10:35.711+01:00  INFO 5507 --- [ool-3-thread-30] tourGuide.service.RewardsService         : nearAttraction called with Joshua Tree National Park
2023-01-22T16:10:35.711+01:00  INFO 5507 --- [ool-3-thread-52] tourGuide.service.RewardsService         : nearAttraction called with Buffalo National River
2023-01-22T16:10:35.715+01:00  INFO 5507 --- [ool-3-thread-30] tourGuide.service.RewardsService         : getDistance called
2023-01-22T16:10:35.711+01:00  INFO 5507 --- [ool-3-thread-62] tourGuide.service.RewardsService         : getDistance called
2023-01-22T16:10:35.711+01:00  INFO 5507 --- [ool-3-thread-53] tourGuide.service.RewardsService         : nearAttraction called with Hot Springs National Park
2023-01-22T16:10:35.711+01:00  INFO 5507 --- [ool-3-thread-16] tourGuide.service.RewardsService         : getDistance called
2023-01-22T16:10:35.716+01:00  INFO 5507 --- [ool-3-thread-53] tourGuide.service.RewardsService         : getDistance called
2023-01-22T16:10:35.711+01:00  INFO 5507 --- [ool-3-thread-21] tourGuide.service.RewardsService         : getDistance called
2023-01-22T16:10:35.716+01:00  INFO 5507 --- [ool-3-thread-16] tourGuide.service.RewardsService         : nearAttraction called with Flowers Bakery of London
2023-01-22T16:10:35.712+01:00  INFO 5507 --- [ool-3-thread-58] tourGuide.service.RewardsService         : nearAttraction called with Kartchner Caverns State Park
2023-01-22T16:10:35.716+01:00  INFO 5507 --- [ool-3-thread-21] tourGuide.service.RewardsService         : nearAttraction called with Flatiron Building
2023-01-22T16:10:35.712+01:00  INFO 5507 --- [ool-3-thread-23] tourGuide.service.RewardsService         : nearAttraction called with Legend Valley
2023-01-22T16:10:35.716+01:00  INFO 5507 --- [ool-3-thread-21] tourGuide.service.RewardsService         : getDistance called
2023-01-22T16:10:35.712+01:00  INFO 5507 --- [ool-3-thread-56] tourGuide.service.RewardsService         : getDistance called
2023-01-22T16:10:35.712+01:00  INFO 5507 --- [ool-3-thread-22] tourGuide.service.RewardsService         : getDistance called
2023-01-22T16:10:35.712+01:00  INFO 5507 --- [ool-3-thread-43] tourGuide.service.RewardsService         : getDistance called
2023-01-22T16:10:35.716+01:00  INFO 5507 --- [ool-3-thread-22] tourGuide.service.RewardsService         : nearAttraction called with Roger Dean Stadium
2023-01-22T16:10:35.712+01:00  INFO 5507 --- [ool-3-thread-19] tourGuide.service.RewardsService         : nearAttraction called with McKinley Tower
2023-01-22T16:10:35.716+01:00  INFO 5507 --- [ool-3-thread-22] tourGuide.service.RewardsService         : getDistance called
2023-01-22T16:10:35.712+01:00  INFO 5507 --- [ool-3-thread-24] tourGuide.service.RewardsService         : nearAttraction called with Flatiron Building
2023-01-22T16:10:35.712+01:00  INFO 5507 --- [ool-3-thread-57] tourGuide.service.RewardsService         : nearAttraction called with Fallingwater
2023-01-22T16:10:35.716+01:00  INFO 5507 --- [ool-3-thread-24] tourGuide.service.RewardsService         : getDistance called
2023-01-22T16:10:35.712+01:00  INFO 5507 --- [ool-3-thread-45] tourGuide.service.RewardsService         : getDistance called
2023-01-22T16:10:35.712+01:00  INFO 5507 --- [pool-3-thread-7] tourGuide.service.RewardsService         : getDistance called
2023-01-22T16:10:35.712+01:00  INFO 5507 --- [pool-3-thread-6] tourGuide.service.RewardsService         : nearAttraction called with Roger Dean Stadium
2023-01-22T16:10:35.712+01:00  INFO 5507 --- [ool-3-thread-61] tourGuide.service.RewardsService         : getDistance called
2023-01-22T16:10:35.712+01:00  INFO 5507 --- [ool-3-thread-10] tourGuide.service.RewardsService         : nearAttraction called with Bryant-Denny Stadium
2023-01-22T16:10:35.712+01:00  INFO 5507 --- [ool-3-thread-33] tourGuide.service.RewardsService         : nearAttraction called with Tiger Stadium
2023-01-22T16:10:35.712+01:00  INFO 5507 --- [ool-3-thread-29] tourGuide.service.RewardsService         : getDistance called
2023-01-22T16:10:35.713+01:00  INFO 5507 --- [ool-3-thread-18] tourGuide.service.RewardsService         : nearAttraction called with Neyland Stadium
2023-01-22T16:10:35.713+01:00  INFO 5507 --- [ool-3-thread-36] tourGuide.service.RewardsService         : nearAttraction called with Kyle Field
2023-01-22T16:10:35.713+01:00  INFO 5507 --- [ool-3-thread-60] tourGuide.service.RewardsService         : getDistance called
2023-01-22T16:10:35.713+01:00  INFO 5507 --- [ool-3-thread-17] tourGuide.service.RewardsService         : nearAttraction called with San Diego Zoo
2023-01-22T16:10:35.713+01:00  INFO 5507 --- [ool-3-thread-40] tourGuide.service.RewardsService         : getDistance called
2023-01-22T16:10:35.717+01:00  INFO 5507 --- [ool-3-thread-17] tourGuide.service.RewardsService         : getDistance called
2023-01-22T16:10:35.713+01:00  INFO 5507 --- [ool-3-thread-25] tourGuide.service.RewardsService         : nearAttraction called with Franklin Park Zoo
2023-01-22T16:10:35.713+01:00  INFO 5507 --- [ool-3-thread-26] tourGuide.service.RewardsService         : nearAttraction called with Kansas City Zoo
2023-01-22T16:10:35.717+01:00  INFO 5507 --- [ool-3-thread-25] tourGuide.service.RewardsService         : getDistance called
2023-01-22T16:10:35.713+01:00  INFO 5507 --- [ool-3-thread-46] tourGuide.service.RewardsService         : getDistance called
2023-01-22T16:10:35.713+01:00  INFO 5507 --- [ool-3-thread-39] tourGuide.service.RewardsService         : getDistance called
2023-01-22T16:10:35.713+01:00  INFO 5507 --- [ool-3-thread-41] tourGuide.service.RewardsService         : getDistance called
2023-01-22T16:10:35.713+01:00  INFO 5507 --- [pool-3-thread-3] tourGuide.service.RewardsService         : nearAttraction called with Bronx Zoo
2023-01-22T16:10:35.713+01:00  INFO 5507 --- [ool-3-thread-37] tourGuide.service.RewardsService         : getDistance called
2023-01-22T16:10:35.713+01:00  INFO 5507 --- [ool-3-thread-69] tourGuide.service.RewardsService         : nearAttraction called with Cinderella Castle
2023-01-22T16:10:35.713+01:00  INFO 5507 --- [ool-3-thread-38] tourGuide.service.RewardsService         : nearAttraction called with Jackson Hole
2023-01-22T16:10:35.713+01:00  INFO 5507 --- [ool-3-thread-65] tourGuide.service.RewardsService         : getDistance called
2023-01-22T16:10:35.717+01:00  INFO 5507 --- [ool-3-thread-38] tourGuide.service.RewardsService         : getDistance called
2023-01-22T16:10:35.713+01:00  INFO 5507 --- [ool-3-thread-66] tourGuide.service.RewardsService         : nearAttraction called with Mojave National Preserve
2023-01-22T16:10:35.714+01:00  INFO 5507 --- [ool-3-thread-20] tourGuide.service.RewardsService         : nearAttraction called with Joshua Tree National Park
2023-01-22T16:10:35.717+01:00  INFO 5507 --- [ool-3-thread-66] tourGuide.service.RewardsService         : getDistance called
2023-01-22T16:10:35.714+01:00  INFO 5507 --- [ool-3-thread-14] tourGuide.service.RewardsService         : nearAttraction called with Buffalo National River
2023-01-22T16:10:35.714+01:00  INFO 5507 --- [ool-3-thread-49] tourGuide.service.RewardsService         : nearAttraction called with Kartchner Caverns State Park
2023-01-22T16:10:35.718+01:00  INFO 5507 --- [ool-3-thread-14] tourGuide.service.RewardsService         : getDistance called
2023-01-22T16:10:35.714+01:00  INFO 5507 --- [ool-3-thread-42] tourGuide.service.RewardsService         : getDistance called
2023-01-22T16:10:35.714+01:00  INFO 5507 --- [ool-3-thread-44] tourGuide.service.RewardsService         : nearAttraction called with Legend Valley
2023-01-22T16:10:35.714+01:00  INFO 5507 --- [ool-3-thread-27] tourGuide.service.RewardsService         : nearAttraction called with Flowers Bakery of London
2023-01-22T16:10:35.718+01:00  INFO 5507 --- [ool-3-thread-44] tourGuide.service.RewardsService         : getDistance called
2023-01-22T16:10:35.714+01:00  INFO 5507 --- [ool-3-thread-11] tourGuide.service.RewardsService         : nearAttraction called with McKinley Tower
2023-01-22T16:10:35.714+01:00  INFO 5507 --- [ool-3-thread-48] tourGuide.service.RewardsService         : getDistance called
2023-01-22T16:10:35.718+01:00  INFO 5507 --- [ool-3-thread-11] tourGuide.service.RewardsService         : getDistance called
2023-01-22T16:10:35.714+01:00  INFO 5507 --- [ool-3-thread-47] tourGuide.service.RewardsService         : nearAttraction called with Flatiron Building
2023-01-22T16:10:35.718+01:00  INFO 5507 --- [ool-3-thread-48] tourGuide.service.RewardsService         : nearAttraction called with Buffalo National River
2023-01-22T16:10:35.718+01:00  INFO 5507 --- [ool-3-thread-47] tourGuide.service.RewardsService         : getDistance called
2023-01-22T16:10:35.714+01:00  INFO 5507 --- [ool-3-thread-70] tourGuide.service.RewardsService         : nearAttraction called with Fallingwater
2023-01-22T16:10:35.714+01:00  INFO 5507 --- [ool-3-thread-54] tourGuide.service.RewardsService         : nearAttraction called with Union Station
2023-01-22T16:10:35.718+01:00  INFO 5507 --- [ool-3-thread-70] tourGuide.service.RewardsService         : getDistance called
2023-01-22T16:10:35.714+01:00  INFO 5507 --- [ool-3-thread-55] tourGuide.service.RewardsService         : getDistance called
2023-01-22T16:10:35.714+01:00  INFO 5507 --- [pool-3-thread-4] tourGuide.service.RewardsService         : nearAttraction called with Roger Dean Stadium
2023-01-22T16:10:35.718+01:00  INFO 5507 --- [ool-3-thread-55] tourGuide.service.RewardsService         : nearAttraction called with Kartchner Caverns State Park
2023-01-22T16:10:35.718+01:00  INFO 5507 --- [pool-3-thread-4] tourGuide.service.RewardsService         : getDistance called
2023-01-22T16:10:35.718+01:00  INFO 5507 --- [ool-3-thread-55] tourGuide.service.RewardsService         : getDistance called
2023-01-22T16:10:35.714+01:00  INFO 5507 --- [ool-3-thread-28] tourGuide.service.RewardsService         : getDistance called
2023-01-22T16:10:35.718+01:00  INFO 5507 --- [ool-3-thread-55] tourGuide.service.RewardsService         : nearAttraction called with Legend Valley
2023-01-22T16:10:35.714+01:00  INFO 5507 --- [ool-3-thread-50] tourGuide.service.RewardsService         : nearAttraction called with Texas Memorial Stadium
2023-01-22T16:10:35.718+01:00  INFO 5507 --- [ool-3-thread-28] tourGuide.service.RewardsService         : nearAttraction called with Flowers Bakery of London
2023-01-22T16:10:35.714+01:00  INFO 5507 --- [ool-3-thread-13] tourGuide.service.RewardsService         : nearAttraction called with Bryant-Denny Stadium
2023-01-22T16:10:35.718+01:00  INFO 5507 --- [ool-3-thread-28] tourGuide.service.RewardsService         : getDistance called
2023-01-22T16:10:35.718+01:00  INFO 5507 --- [ool-3-thread-13] tourGuide.service.RewardsService         : getDistance called
2023-01-22T16:10:35.714+01:00  INFO 5507 --- [ool-3-thread-15] tourGuide.service.RewardsService         : nearAttraction called with Tiger Stadium
2023-01-22T16:10:35.715+01:00  INFO 5507 --- [pool-3-thread-9] tourGuide.service.RewardsService         : nearAttraction called with Kyle Field
2023-01-22T16:10:35.715+01:00  INFO 5507 --- [ool-3-thread-32] tourGuide.service.RewardsService         : nearAttraction called with San Diego Zoo
2023-01-22T16:10:35.715+01:00  INFO 5507 --- [pool-3-thread-8] tourGuide.service.RewardsService         : getDistance called
2023-01-22T16:10:35.719+01:00  INFO 5507 --- [ool-3-thread-32] tourGuide.service.RewardsService         : getDistance called
2023-01-22T16:10:35.715+01:00  INFO 5507 --- [ool-3-thread-12] tourGuide.service.RewardsService         : nearAttraction called with Zoo Tampa at Lowry Park
2023-01-22T16:10:35.719+01:00  INFO 5507 --- [pool-3-thread-8] tourGuide.service.RewardsService         : nearAttraction called with McKinley Tower
2023-01-22T16:10:35.719+01:00  INFO 5507 --- [ool-3-thread-32] tourGuide.service.RewardsService         : nearAttraction called with Flatiron Building
2023-01-22T16:10:35.719+01:00  INFO 5507 --- [pool-3-thread-8] tourGuide.service.RewardsService         : getDistance called
2023-01-22T16:10:35.719+01:00  INFO 5507 --- [ool-3-thread-32] tourGuide.service.RewardsService         : getDistance called
2023-01-22T16:10:35.715+01:00  INFO 5507 --- [ool-3-thread-34] tourGuide.service.RewardsService         : getDistance called
2023-01-22T16:10:35.719+01:00  INFO 5507 --- [ool-3-thread-32] tourGuide.service.RewardsService         : nearAttraction called with Fallingwater
2023-01-22T16:10:35.715+01:00  INFO 5507 --- [ool-3-thread-63] tourGuide.service.RewardsService         : nearAttraction called with El Paso Zoo
2023-01-22T16:10:35.715+01:00  INFO 5507 --- [ool-3-thread-35] tourGuide.service.RewardsService         : nearAttraction called with Bronx Zoo
2023-01-22T16:10:35.715+01:00  INFO 5507 --- [ool-3-thread-51] tourGuide.service.RewardsService         : getDistance called
2023-01-22T16:10:35.719+01:00  INFO 5507 --- [ool-3-thread-35] tourGuide.service.RewardsService         : getDistance called
2023-01-22T16:10:35.715+01:00  INFO 5507 --- [pool-3-thread-1] tourGuide.service.RewardsService         : getDistance called
2023-01-22T16:10:35.715+01:00  INFO 5507 --- [ool-3-thread-67] tourGuide.service.RewardsService         : nearAttraction called with Jackson Hole
2023-01-22T16:10:35.715+01:00  INFO 5507 --- [ool-3-thread-31] tourGuide.service.RewardsService         : getDistance called
2023-01-22T16:10:35.719+01:00  INFO 5507 --- [ool-3-thread-67] tourGuide.service.RewardsService         : getDistance called
2023-01-22T16:10:35.715+01:00  INFO 5507 --- [ool-3-thread-59] tourGuide.service.RewardsService         : nearAttraction called with Mojave National Preserve
2023-01-22T16:10:35.715+01:00  INFO 5507 --- [ool-3-thread-68] tourGuide.service.RewardsService         : nearAttraction called with Joshua Tree National Park
2023-01-22T16:10:35.715+01:00  INFO 5507 --- [pool-3-thread-5] tourGuide.service.RewardsService         : nearAttraction called with Buffalo National River
2023-01-22T16:10:35.715+01:00  INFO 5507 --- [pool-3-thread-2] tourGuide.service.RewardsService         : getDistance called
2023-01-22T16:10:35.715+01:00  INFO 5507 --- [ool-3-thread-64] tourGuide.service.RewardsService         : nearAttraction called with Hot Springs National Park
2023-01-22T16:10:35.716+01:00  INFO 5507 --- [ool-3-thread-52] tourGuide.service.RewardsService         : getDistance called
2023-01-22T16:10:35.720+01:00  INFO 5507 --- [pool-3-thread-2] tourGuide.service.RewardsService         : nearAttraction called with Texas Memorial Stadium
2023-01-22T16:10:35.716+01:00  INFO 5507 --- [ool-3-thread-30] tourGuide.service.RewardsService         : nearAttraction called with Kartchner Caverns State Park
2023-01-22T16:10:35.720+01:00  INFO 5507 --- [pool-3-thread-2] tourGuide.service.RewardsService         : getDistance called
2023-01-22T16:10:35.716+01:00  INFO 5507 --- [ool-3-thread-62] tourGuide.service.RewardsService         : nearAttraction called with Legend Valley
2023-01-22T16:10:35.716+01:00  INFO 5507 --- [ool-3-thread-53] tourGuide.service.RewardsService         : nearAttraction called with McKinley Tower
2023-01-22T16:10:35.716+01:00  INFO 5507 --- [ool-3-thread-16] tourGuide.service.RewardsService         : getDistance called
2023-01-22T16:10:35.716+01:00  INFO 5507 --- [ool-3-thread-58] tourGuide.service.RewardsService         : getDistance called
2023-01-22T16:10:35.720+01:00  INFO 5507 --- [ool-3-thread-16] tourGuide.service.RewardsService         : nearAttraction called with Tiger Stadium
2023-01-22T16:10:35.716+01:00  INFO 5507 --- [ool-3-thread-23] tourGuide.service.RewardsService         : getDistance called
2023-01-22T16:10:35.716+01:00  INFO 5507 --- [ool-3-thread-21] tourGuide.service.RewardsService         : nearAttraction called with Fallingwater
2023-01-22T16:10:35.716+01:00  INFO 5507 --- [ool-3-thread-56] tourGuide.service.RewardsService         : nearAttraction called with Union Station
2023-01-22T16:10:35.720+01:00  INFO 5507 --- [ool-3-thread-21] tourGuide.service.RewardsService         : getDistance called
2023-01-22T16:10:35.716+01:00  INFO 5507 --- [ool-3-thread-43] tourGuide.service.RewardsService         : nearAttraction called with Texas Memorial Stadium
2023-01-22T16:10:35.716+01:00  INFO 5507 --- [ool-3-thread-19] tourGuide.service.RewardsService         : getDistance called
2023-01-22T16:10:35.720+01:00  INFO 5507 --- [ool-3-thread-43] tourGuide.service.RewardsService         : getDistance called
2023-01-22T16:10:35.716+01:00  INFO 5507 --- [ool-3-thread-22] tourGuide.service.RewardsService         : nearAttraction called with Bryant-Denny Stadium
2023-01-22T16:10:35.720+01:00  INFO 5507 --- [ool-3-thread-19] tourGuide.service.RewardsService         : nearAttraction called with Kyle Field
2023-01-22T16:10:35.716+01:00  INFO 5507 --- [ool-3-thread-57] tourGuide.service.RewardsService         : getDistance called
2023-01-22T16:10:35.716+01:00  INFO 5507 --- [ool-3-thread-24] tourGuide.service.RewardsService         : nearAttraction called with Tiger Stadium
2023-01-22T16:10:35.716+01:00  INFO 5507 --- [ool-3-thread-45] tourGuide.service.RewardsService         : nearAttraction called with Neyland Stadium
2023-01-22T16:10:35.716+01:00  INFO 5507 --- [pool-3-thread-7] tourGuide.service.RewardsService         : nearAttraction called with Kyle Field
2023-01-22T16:10:35.720+01:00  INFO 5507 --- [ool-3-thread-45] tourGuide.service.RewardsService         : getDistance called
2023-01-22T16:10:35.716+01:00  INFO 5507 --- [pool-3-thread-6] tourGuide.service.RewardsService         : getDistance called
2023-01-22T16:10:35.716+01:00  INFO 5507 --- [ool-3-thread-61] tourGuide.service.RewardsService         : nearAttraction called with San Diego Zoo
2023-01-22T16:10:35.717+01:00  INFO 5507 --- [ool-3-thread-10] tourGuide.service.RewardsService         : getDistance called
2023-01-22T16:10:35.721+01:00  INFO 5507 --- [pool-3-thread-6] tourGuide.service.RewardsService         : nearAttraction called with Zoo Tampa at Lowry Park
2023-01-22T16:10:35.717+01:00  INFO 5507 --- [ool-3-thread-33] tourGuide.service.RewardsService         : getDistance called
2023-01-22T16:10:35.717+01:00  INFO 5507 --- [ool-3-thread-29] tourGuide.service.RewardsService         : nearAttraction called with Zoo Tampa at Lowry Park
2023-01-22T16:10:35.717+01:00  INFO 5507 --- [ool-3-thread-18] tourGuide.service.RewardsService         : getDistance called
2023-01-22T16:10:35.721+01:00  INFO 5507 --- [ool-3-thread-29] tourGuide.service.RewardsService         : getDistance called
2023-01-22T16:10:35.717+01:00  INFO 5507 --- [ool-3-thread-36] tourGuide.service.RewardsService         : getDistance called
2023-01-22T16:10:35.721+01:00  INFO 5507 --- [ool-3-thread-18] tourGuide.service.RewardsService         : nearAttraction called with Franklin Park Zoo
2023-01-22T16:10:35.717+01:00  INFO 5507 --- [ool-3-thread-60] tourGuide.service.RewardsService         : nearAttraction called with Franklin Park Zoo
2023-01-22T16:10:35.721+01:00  INFO 5507 --- [ool-3-thread-36] tourGuide.service.RewardsService         : nearAttraction called with El Paso Zoo
2023-01-22T16:10:35.717+01:00  INFO 5507 --- [ool-3-thread-40] tourGuide.service.RewardsService         : nearAttraction called with El Paso Zoo
2023-01-22T16:10:35.717+01:00  INFO 5507 --- [ool-3-thread-17] tourGuide.service.RewardsService         : nearAttraction called with Kansas City Zoo
2023-01-22T16:10:35.721+01:00  INFO 5507 --- [ool-3-thread-40] tourGuide.service.RewardsService         : getDistance called
2023-01-22T16:10:35.717+01:00  INFO 5507 --- [ool-3-thread-26] tourGuide.service.RewardsService         : getDistance called
2023-01-22T16:10:35.717+01:00  INFO 5507 --- [ool-3-thread-25] tourGuide.service.RewardsService         : nearAttraction called with Bronx Zoo
2023-01-22T16:10:35.721+01:00  INFO 5507 --- [ool-3-thread-40] tourGuide.service.RewardsService         : nearAttraction called with Kansas City Zoo
2023-01-22T16:10:35.717+01:00  INFO 5507 --- [ool-3-thread-46] tourGuide.service.RewardsService         : nearAttraction called with Cinderella Castle
2023-01-22T16:10:35.721+01:00  INFO 5507 --- [ool-3-thread-40] tourGuide.service.RewardsService         : getDistance called
2023-01-22T16:10:35.717+01:00  INFO 5507 --- [ool-3-thread-39] tourGuide.service.RewardsService         : nearAttraction called with Disneyland
2023-01-22T16:10:35.721+01:00  INFO 5507 --- [ool-3-thread-40] tourGuide.service.RewardsService         : nearAttraction called with Bronx Zoo
2023-01-22T16:10:35.721+01:00  INFO 5507 --- [ool-3-thread-39] tourGuide.service.RewardsService         : getDistance called
2023-01-22T16:10:35.721+01:00  INFO 5507 --- [ool-3-thread-40] tourGuide.service.RewardsService         : getDistance called
2023-01-22T16:10:35.717+01:00  INFO 5507 --- [ool-3-thread-41] tourGuide.service.RewardsService         : nearAttraction called with Disneyland
2023-01-22T16:10:35.717+01:00  INFO 5507 --- [pool-3-thread-3] tourGuide.service.RewardsService         : getDistance called
2023-01-22T16:10:35.721+01:00  INFO 5507 --- [ool-3-thread-41] tourGuide.service.RewardsService         : getDistance called
2023-01-22T16:10:35.717+01:00  INFO 5507 --- [ool-3-thread-37] tourGuide.service.RewardsService         : nearAttraction called with Jackson Hole
2023-01-22T16:10:35.717+01:00  INFO 5507 --- [ool-3-thread-69] tourGuide.service.RewardsService         : getDistance called
2023-01-22T16:10:35.717+01:00  INFO 5507 --- [ool-3-thread-65] tourGuide.service.RewardsService         : nearAttraction called with Jackson Hole
2023-01-22T16:10:35.722+01:00  INFO 5507 --- [ool-3-thread-37] tourGuide.service.RewardsService         : getDistance called
2023-01-22T16:10:35.722+01:00  INFO 5507 --- [ool-3-thread-69] tourGuide.service.RewardsService         : nearAttraction called with Disneyland
2023-01-22T16:10:35.717+01:00  INFO 5507 --- [ool-3-thread-38] tourGuide.service.RewardsService         : nearAttraction called with Mojave National Preserve
2023-01-22T16:10:35.722+01:00  INFO 5507 --- [ool-3-thread-69] tourGuide.service.RewardsService         : getDistance called
2023-01-22T16:10:35.722+01:00  INFO 5507 --- [ool-3-thread-38] tourGuide.service.RewardsService         : getDistance called
2023-01-22T16:10:35.717+01:00  INFO 5507 --- [ool-3-thread-20] tourGuide.service.RewardsService         : getDistance called
2023-01-22T16:10:35.722+01:00  INFO 5507 --- [ool-3-thread-38] tourGuide.service.RewardsService         : nearAttraction called with Joshua Tree National Park
2023-01-22T16:10:35.718+01:00  INFO 5507 --- [ool-3-thread-66] tourGuide.service.RewardsService         : nearAttraction called with Mojave National Preserve
2023-01-22T16:10:35.718+01:00  INFO 5507 --- [ool-3-thread-49] tourGuide.service.RewardsService         : getDistance called
2023-01-22T16:10:35.722+01:00  INFO 5507 --- [ool-3-thread-66] tourGuide.service.RewardsService         : getDistance called
2023-01-22T16:10:35.718+01:00  INFO 5507 --- [ool-3-thread-14] tourGuide.service.RewardsService         : nearAttraction called with Joshua Tree National Park
2023-01-22T16:10:35.718+01:00  INFO 5507 --- [ool-3-thread-42] tourGuide.service.RewardsService         : nearAttraction called with Joshua Tree National Park
2023-01-22T16:10:35.718+01:00  INFO 5507 --- [ool-3-thread-27] tourGuide.service.RewardsService         : getDistance called
2023-01-22T16:10:35.718+01:00  INFO 5507 --- [ool-3-thread-44] tourGuide.service.RewardsService         : nearAttraction called with Buffalo National River
2023-01-22T16:10:35.718+01:00  INFO 5507 --- [ool-3-thread-11] tourGuide.service.RewardsService         : nearAttraction called with Hot Springs National Park
2023-01-22T16:10:35.718+01:00  INFO 5507 --- [ool-3-thread-48] tourGuide.service.RewardsService         : getDistance called
2023-01-22T16:10:35.718+01:00  INFO 5507 --- [ool-3-thread-47] tourGuide.service.RewardsService         : nearAttraction called with Hot Springs National Park
2023-01-22T16:10:35.722+01:00  INFO 5507 --- [ool-3-thread-48] tourGuide.service.RewardsService         : nearAttraction called with Flowers Bakery of London
2023-01-22T16:10:35.722+01:00  INFO 5507 --- [ool-3-thread-47] tourGuide.service.RewardsService         : getDistance called
2023-01-22T16:10:35.718+01:00  INFO 5507 --- [ool-3-thread-54] tourGuide.service.RewardsService         : getDistance called
2023-01-22T16:10:35.718+01:00  INFO 5507 --- [ool-3-thread-70] tourGuide.service.RewardsService         : nearAttraction called with Kartchner Caverns State Park
2023-01-22T16:10:35.722+01:00  INFO 5507 --- [ool-3-thread-54] tourGuide.service.RewardsService         : nearAttraction called with Flatiron Building
2023-01-22T16:10:35.722+01:00  INFO 5507 --- [ool-3-thread-70] tourGuide.service.RewardsService         : getDistance called
2023-01-22T16:10:35.722+01:00  INFO 5507 --- [ool-3-thread-54] tourGuide.service.RewardsService         : getDistance called
2023-01-22T16:10:35.718+01:00  INFO 5507 --- [pool-3-thread-4] tourGuide.service.RewardsService         : nearAttraction called with Legend Valley
2023-01-22T16:10:35.723+01:00  INFO 5507 --- [ool-3-thread-54] tourGuide.service.RewardsService         : nearAttraction called with Fallingwater
2023-01-22T16:10:35.718+01:00  INFO 5507 --- [ool-3-thread-55] tourGuide.service.RewardsService         : getDistance called
2023-01-22T16:10:35.718+01:00  INFO 5507 --- [ool-3-thread-50] tourGuide.service.RewardsService         : getDistance called
2023-01-22T16:10:35.719+01:00  INFO 5507 --- [ool-3-thread-15] tourGuide.service.RewardsService         : getDistance called
2023-01-22T16:10:35.719+01:00  INFO 5507 --- [ool-3-thread-28] tourGuide.service.RewardsService         : nearAttraction called with Flowers Bakery of London
2023-01-22T16:10:35.719+01:00  INFO 5507 --- [ool-3-thread-13] tourGuide.service.RewardsService         : nearAttraction called with McKinley Tower
2023-01-22T16:10:35.723+01:00  INFO 5507 --- [ool-3-thread-28] tourGuide.service.RewardsService         : getDistance called
2023-01-22T16:10:35.719+01:00  INFO 5507 --- [pool-3-thread-9] tourGuide.service.RewardsService         : getDistance called
2023-01-22T16:10:35.719+01:00  INFO 5507 --- [ool-3-thread-12] tourGuide.service.RewardsService         : getDistance called
2023-01-22T16:10:35.719+01:00  INFO 5507 --- [pool-3-thread-8] tourGuide.service.RewardsService         : nearAttraction called with Flatiron Building
2023-01-22T16:10:35.723+01:00  INFO 5507 --- [ool-3-thread-12] tourGuide.service.RewardsService         : nearAttraction called with Texas Memorial Stadium
2023-01-22T16:10:35.723+01:00  INFO 5507 --- [pool-3-thread-8] tourGuide.service.RewardsService         : getDistance called
2023-01-22T16:10:35.723+01:00  INFO 5507 --- [ool-3-thread-12] tourGuide.service.RewardsService         : getDistance called
2023-01-22T16:10:35.719+01:00  INFO 5507 --- [ool-3-thread-34] tourGuide.service.RewardsService         : nearAttraction called with Fallingwater
2023-01-22T16:10:35.719+01:00  INFO 5507 --- [ool-3-thread-32] tourGuide.service.RewardsService         : getDistance called
2023-01-22T16:10:35.719+01:00  INFO 5507 --- [ool-3-thread-63] tourGuide.service.RewardsService         : getDistance called
2023-01-22T16:10:35.723+01:00  INFO 5507 --- [ool-3-thread-32] tourGuide.service.RewardsService         : nearAttraction called with Kartchner Caverns State Park
2023-01-22T16:10:35.719+01:00  INFO 5507 --- [ool-3-thread-51] tourGuide.service.RewardsService         : nearAttraction called with Union Station
2023-01-22T16:10:35.719+01:00  INFO 5507 --- [ool-3-thread-35] tourGuide.service.RewardsService         : nearAttraction called with Union Station
2023-01-22T16:10:35.719+01:00  INFO 5507 --- [pool-3-thread-1] tourGuide.service.RewardsService         : nearAttraction called with Roger Dean Stadium
2023-01-22T16:10:35.719+01:00  INFO 5507 --- [ool-3-thread-31] tourGuide.service.RewardsService         : nearAttraction called with Roger Dean Stadium
2023-01-22T16:10:35.719+01:00  INFO 5507 --- [ool-3-thread-67] tourGuide.service.RewardsService         : nearAttraction called with Texas Memorial Stadium
2023-01-22T16:10:35.719+01:00  INFO 5507 --- [ool-3-thread-59] tourGuide.service.RewardsService         : getDistance called
2023-01-22T16:10:35.719+01:00  INFO 5507 --- [ool-3-thread-68] tourGuide.service.RewardsService         : getDistance called
2023-01-22T16:10:35.719+01:00  INFO 5507 --- [pool-3-thread-5] tourGuide.service.RewardsService         : getDistance called
2023-01-22T16:10:35.720+01:00  INFO 5507 --- [ool-3-thread-64] tourGuide.service.RewardsService         : getDistance called
2023-01-22T16:10:35.724+01:00  INFO 5507 --- [pool-3-thread-5] tourGuide.service.RewardsService         : nearAttraction called with Kyle Field
2023-01-22T16:10:35.720+01:00  INFO 5507 --- [ool-3-thread-52] tourGuide.service.RewardsService         : nearAttraction called with Bryant-Denny Stadium
2023-01-22T16:10:35.720+01:00  INFO 5507 --- [ool-3-thread-30] tourGuide.service.RewardsService         : getDistance called
2023-01-22T16:10:35.724+01:00  INFO 5507 --- [ool-3-thread-52] tourGuide.service.RewardsService         : getDistance called
2023-01-22T16:10:35.720+01:00  INFO 5507 --- [pool-3-thread-2] tourGuide.service.RewardsService         : nearAttraction called with Bryant-Denny Stadium
2023-01-22T16:10:35.724+01:00  INFO 5507 --- [ool-3-thread-30] tourGuide.service.RewardsService         : nearAttraction called with Zoo Tampa at Lowry Park
2023-01-22T16:10:35.720+01:00  INFO 5507 --- [ool-3-thread-62] tourGuide.service.RewardsService         : getDistance called
2023-01-22T16:10:35.720+01:00  INFO 5507 --- [ool-3-thread-53] tourGuide.service.RewardsService         : getDistance called
2023-01-22T16:10:35.720+01:00  INFO 5507 --- [ool-3-thread-58] tourGuide.service.RewardsService         : nearAttraction called with Tiger Stadium
2023-01-22T16:10:35.724+01:00  INFO 5507 --- [ool-3-thread-53] tourGuide.service.RewardsService         : nearAttraction called with Kansas City Zoo
2023-01-22T16:10:35.720+01:00  INFO 5507 --- [ool-3-thread-16] tourGuide.service.RewardsService         : getDistance called
2023-01-22T16:10:35.720+01:00  INFO 5507 --- [ool-3-thread-23] tourGuide.service.RewardsService         : nearAttraction called with Neyland Stadium
2023-01-22T16:10:35.720+01:00  INFO 5507 --- [ool-3-thread-56] tourGuide.service.RewardsService         : getDistance called
2023-01-22T16:10:35.720+01:00  INFO 5507 --- [ool-3-thread-21] tourGuide.service.RewardsService         : nearAttraction called with Neyland Stadium
2023-01-22T16:10:35.720+01:00  INFO 5507 --- [ool-3-thread-43] tourGuide.service.RewardsService         : nearAttraction called with Kyle Field
2023-01-22T16:10:35.720+01:00  INFO 5507 --- [ool-3-thread-22] tourGuide.service.RewardsService         : getDistance called
2023-01-22T16:10:35.724+01:00  INFO 5507 --- [ool-3-thread-43] tourGuide.service.RewardsService         : getDistance called
2023-01-22T16:10:35.720+01:00  INFO 5507 --- [ool-3-thread-19] tourGuide.service.RewardsService         : getDistance called
2023-01-22T16:10:35.720+01:00  INFO 5507 --- [ool-3-thread-57] tourGuide.service.RewardsService         : nearAttraction called with San Diego Zoo
2023-01-22T16:10:35.720+01:00  INFO 5507 --- [ool-3-thread-24] tourGuide.service.RewardsService         : getDistance called
2023-01-22T16:10:35.720+01:00  INFO 5507 --- [pool-3-thread-7] tourGuide.service.RewardsService         : getDistance called
2023-01-22T16:10:35.720+01:00  INFO 5507 --- [ool-3-thread-45] tourGuide.service.RewardsService         : nearAttraction called with San Diego Zoo
2023-01-22T16:10:35.725+01:00  INFO 5507 --- [ool-3-thread-24] tourGuide.service.RewardsService         : nearAttraction called with Joshua Tree National Park
2023-01-22T16:10:35.725+01:00  INFO 5507 --- [ool-3-thread-45] tourGuide.service.RewardsService         : getDistance called
2023-01-22T16:10:35.725+01:00  INFO 5507 --- [ool-3-thread-24] tourGuide.service.RewardsService         : getDistance called
2023-01-22T16:10:35.721+01:00  INFO 5507 --- [ool-3-thread-61] tourGuide.service.RewardsService         : getDistance called
2023-01-22T16:10:35.725+01:00  INFO 5507 --- [ool-3-thread-24] tourGuide.service.RewardsService         : nearAttraction called with Kartchner Caverns State Park
2023-01-22T16:10:35.721+01:00  INFO 5507 --- [ool-3-thread-10] tourGuide.service.RewardsService         : nearAttraction called with Zoo Tampa at Lowry Park
2023-01-22T16:10:35.721+01:00  INFO 5507 --- [pool-3-thread-6] tourGuide.service.RewardsService         : getDistance called
2023-01-22T16:10:35.725+01:00  INFO 5507 --- [ool-3-thread-10] tourGuide.service.RewardsService         : getDistance called
2023-01-22T16:10:35.721+01:00  INFO 5507 --- [ool-3-thread-33] tourGuide.service.RewardsService         : nearAttraction called with Franklin Park Zoo
2023-01-22T16:10:35.725+01:00  INFO 5507 --- [pool-3-thread-6] tourGuide.service.RewardsService         : nearAttraction called with Flowers Bakery of London
2023-01-22T16:10:35.725+01:00  INFO 5507 --- [ool-3-thread-33] tourGuide.service.RewardsService         : getDistance called
2023-01-22T16:10:35.725+01:00  INFO 5507 --- [pool-3-thread-6] tourGuide.service.RewardsService         : getDistance called
2023-01-22T16:10:35.721+01:00  INFO 5507 --- [ool-3-thread-29] tourGuide.service.RewardsService         : nearAttraction called with El Paso Zoo
2023-01-22T16:10:35.721+01:00  INFO 5507 --- [ool-3-thread-60] tourGuide.service.RewardsService         : getDistance called
2023-01-22T16:10:35.721+01:00  INFO 5507 --- [ool-3-thread-18] tourGuide.service.RewardsService         : getDistance called
2023-01-22T16:10:35.721+01:00  INFO 5507 --- [ool-3-thread-36] tourGuide.service.RewardsService         : getDistance called
2023-01-22T16:10:35.721+01:00  INFO 5507 --- [ool-3-thread-17] tourGuide.service.RewardsService         : getDistance called
2023-01-22T16:10:35.725+01:00  INFO 5507 --- [ool-3-thread-36] tourGuide.service.RewardsService         : nearAttraction called with Flatiron Building
2023-01-22T16:10:35.721+01:00  INFO 5507 --- [ool-3-thread-26] tourGuide.service.RewardsService         : nearAttraction called with Kansas City Zoo
2023-01-22T16:10:35.721+01:00  INFO 5507 --- [ool-3-thread-25] tourGuide.service.RewardsService         : getDistance called
2023-01-22T16:10:35.721+01:00  INFO 5507 --- [ool-3-thread-46] tourGuide.service.RewardsService         : getDistance called
2023-01-22T16:10:35.721+01:00  INFO 5507 --- [ool-3-thread-39] tourGuide.service.RewardsService         : nearAttraction called with Bronx Zoo
2023-01-22T16:10:35.721+01:00  INFO 5507 --- [ool-3-thread-40] tourGuide.service.RewardsService         : nearAttraction called with Cinderella Castle
2023-01-22T16:10:35.721+01:00  INFO 5507 --- [pool-3-thread-3] tourGuide.service.RewardsService         : nearAttraction called with Cinderella Castle
2023-01-22T16:10:35.721+01:00  INFO 5507 --- [ool-3-thread-41] tourGuide.service.RewardsService         : nearAttraction called with Disneyland
2023-01-22T16:10:35.722+01:00  INFO 5507 --- [ool-3-thread-65] tourGuide.service.RewardsService         : getDistance called
2023-01-22T16:10:35.726+01:00  INFO 5507 --- [ool-3-thread-41] tourGuide.service.RewardsService         : getDistance called
2023-01-22T16:10:35.722+01:00  INFO 5507 --- [ool-3-thread-37] tourGuide.service.RewardsService         : nearAttraction called with Jackson Hole
2023-01-22T16:10:35.722+01:00  INFO 5507 --- [ool-3-thread-69] tourGuide.service.RewardsService         : nearAttraction called with Mojave National Preserve
2023-01-22T16:10:35.722+01:00  INFO 5507 --- [ool-3-thread-20] tourGuide.service.RewardsService         : nearAttraction called with Buffalo National River
2023-01-22T16:10:35.726+01:00  INFO 5507 --- [ool-3-thread-69] tourGuide.service.RewardsService         : getDistance called
2023-01-22T16:10:35.726+01:00  INFO 5507 --- [ool-3-thread-20] tourGuide.service.RewardsService         : getDistance called
2023-01-22T16:10:35.722+01:00  INFO 5507 --- [ool-3-thread-38] tourGuide.service.RewardsService         : getDistance called
2023-01-22T16:10:35.722+01:00  INFO 5507 --- [ool-3-thread-49] tourGuide.service.RewardsService         : nearAttraction called with Hot Springs National Park
2023-01-22T16:10:35.726+01:00  INFO 5507 --- [ool-3-thread-38] tourGuide.service.RewardsService         : nearAttraction called with Texas Memorial Stadium
2023-01-22T16:10:35.722+01:00  INFO 5507 --- [ool-3-thread-66] tourGuide.service.RewardsService         : nearAttraction called with Kartchner Caverns State Park
2023-01-22T16:10:35.722+01:00  INFO 5507 --- [ool-3-thread-14] tourGuide.service.RewardsService         : getDistance called
2023-01-22T16:10:35.722+01:00  INFO 5507 --- [ool-3-thread-42] tourGuide.service.RewardsService         : getDistance called
2023-01-22T16:10:35.722+01:00  INFO 5507 --- [ool-3-thread-27] tourGuide.service.RewardsService         : nearAttraction called with Legend Valley
2023-01-22T16:10:35.722+01:00  INFO 5507 --- [ool-3-thread-44] tourGuide.service.RewardsService         : getDistance called
2023-01-22T16:10:35.726+01:00  INFO 5507 --- [ool-3-thread-27] tourGuide.service.RewardsService         : getDistance called
2023-01-22T16:10:35.722+01:00  INFO 5507 --- [ool-3-thread-11] tourGuide.service.RewardsService         : getDistance called
2023-01-22T16:10:35.722+01:00  INFO 5507 --- [ool-3-thread-48] tourGuide.service.RewardsService         : getDistance called
2023-01-22T16:10:35.722+01:00  INFO 5507 --- [ool-3-thread-47] tourGuide.service.RewardsService         : nearAttraction called with McKinley Tower
2023-01-22T16:10:35.723+01:00  INFO 5507 --- [ool-3-thread-70] tourGuide.service.RewardsService         : nearAttraction called with Jackson Hole
2023-01-22T16:10:35.726+01:00  INFO 5507 --- [ool-3-thread-47] tourGuide.service.RewardsService         : getDistance called
2023-01-22T16:10:35.723+01:00  INFO 5507 --- [pool-3-thread-4] tourGuide.service.RewardsService         : getDistance called
2023-01-22T16:10:35.723+01:00  INFO 5507 --- [ool-3-thread-54] tourGuide.service.RewardsService         : getDistance called
2023-01-22T16:10:35.723+01:00  INFO 5507 --- [ool-3-thread-55] tourGuide.service.RewardsService         : nearAttraction called with Mojave National Preserve
2023-01-22T16:10:35.723+01:00  INFO 5507 --- [ool-3-thread-50] tourGuide.service.RewardsService         : nearAttraction called with Union Station
2023-01-22T16:10:35.727+01:00  INFO 5507 --- [ool-3-thread-54] tourGuide.service.RewardsService         : nearAttraction called with Zoo Tampa at Lowry Park
2023-01-22T16:10:35.723+01:00  INFO 5507 --- [ool-3-thread-15] tourGuide.service.RewardsService         : nearAttraction called with Joshua Tree National Park
2023-01-22T16:10:35.727+01:00  INFO 5507 --- [ool-3-thread-54] tourGuide.service.RewardsService         : getDistance called
2023-01-22T16:10:35.727+01:00  INFO 5507 --- [ool-3-thread-15] tourGuide.service.RewardsService         : getDistance called
2023-01-22T16:10:35.723+01:00  INFO 5507 --- [ool-3-thread-13] tourGuide.service.RewardsService         : getDistance called
2023-01-22T16:10:35.727+01:00  INFO 5507 --- [ool-3-thread-15] tourGuide.service.RewardsService         : nearAttraction called with Franklin Park Zoo
2023-01-22T16:10:35.723+01:00  INFO 5507 --- [ool-3-thread-28] tourGuide.service.RewardsService         : nearAttraction called with Roger Dean Stadium
2023-01-22T16:10:35.723+01:00  INFO 5507 --- [pool-3-thread-9] tourGuide.service.RewardsService         : nearAttraction called with Buffalo National River
2023-01-22T16:10:35.723+01:00  INFO 5507 --- [pool-3-thread-8] tourGuide.service.RewardsService         : nearAttraction called with Hot Springs National Park
2023-01-22T16:10:35.723+01:00  INFO 5507 --- [ool-3-thread-12] tourGuide.service.RewardsService         : nearAttraction called with Bryant-Denny Stadium
2023-01-22T16:10:35.723+01:00  INFO 5507 --- [ool-3-thread-34] tourGuide.service.RewardsService         : getDistance called
2023-01-22T16:10:35.723+01:00  INFO 5507 --- [ool-3-thread-63] tourGuide.service.RewardsService         : nearAttraction called with Tiger Stadium
2023-01-22T16:10:35.727+01:00  INFO 5507 --- [ool-3-thread-34] tourGuide.service.RewardsService         : nearAttraction called with El Paso Zoo
2023-01-22T16:10:35.727+01:00  INFO 5507 --- [ool-3-thread-63] tourGuide.service.RewardsService         : getDistance called
2023-01-22T16:10:35.727+01:00  INFO 5507 --- [ool-3-thread-34] tourGuide.service.RewardsService         : getDistance called
2023-01-22T16:10:35.723+01:00  INFO 5507 --- [ool-3-thread-32] tourGuide.service.RewardsService         : getDistance called
2023-01-22T16:10:35.727+01:00  INFO 5507 --- [ool-3-thread-34] tourGuide.service.RewardsService         : nearAttraction called with Kansas City Zoo
2023-01-22T16:10:35.723+01:00  INFO 5507 --- [ool-3-thread-51] tourGuide.service.RewardsService         : getDistance called
2023-01-22T16:10:35.723+01:00  INFO 5507 --- [ool-3-thread-35] tourGuide.service.RewardsService         : getDistance called
2023-01-22T16:10:35.723+01:00  INFO 5507 --- [pool-3-thread-1] tourGuide.service.RewardsService         : getDistance called
2023-01-22T16:10:35.724+01:00  INFO 5507 --- [ool-3-thread-31] tourGuide.service.RewardsService         : getDistance called
2023-01-22T16:10:35.727+01:00  INFO 5507 --- [pool-3-thread-1] tourGuide.service.RewardsService         : nearAttraction called with Cinderella Castle
2023-01-22T16:10:35.724+01:00  INFO 5507 --- [ool-3-thread-67] tourGuide.service.RewardsService         : getDistance called
2023-01-22T16:10:35.724+01:00  INFO 5507 --- [ool-3-thread-59] tourGuide.service.RewardsService         : nearAttraction called with Legend Valley
2023-01-22T16:10:35.728+01:00  INFO 5507 --- [ool-3-thread-67] tourGuide.service.RewardsService         : nearAttraction called with Cinderella Castle
2023-01-22T16:10:35.728+01:00  INFO 5507 --- [ool-3-thread-59] tourGuide.service.RewardsService         : getDistance called
2023-01-22T16:10:35.724+01:00  INFO 5507 --- [ool-3-thread-68] tourGuide.service.RewardsService         : nearAttraction called with Neyland Stadium
2023-01-22T16:10:35.728+01:00  INFO 5507 --- [ool-3-thread-59] tourGuide.service.RewardsService         : nearAttraction called with Disneyland
2023-01-22T16:10:35.728+01:00  INFO 5507 --- [ool-3-thread-68] tourGuide.service.RewardsService         : getDistance called
2023-01-22T16:10:35.724+01:00  INFO 5507 --- [ool-3-thread-64] tourGuide.service.RewardsService         : nearAttraction called with San Diego Zoo
2023-01-22T16:10:35.728+01:00  INFO 5507 --- [ool-3-thread-68] tourGuide.service.RewardsService         : nearAttraction called with Jackson Hole
2023-01-22T16:10:35.728+01:00  INFO 5507 --- [ool-3-thread-64] tourGuide.service.RewardsService         : getDistance called
2023-01-22T16:10:35.728+01:00  INFO 5507 --- [ool-3-thread-68] tourGuide.service.RewardsService         : getDistance called
2023-01-22T16:10:35.724+01:00  INFO 5507 --- [pool-3-thread-5] tourGuide.service.RewardsService         : getDistance called
2023-01-22T16:10:35.724+01:00  INFO 5507 --- [ool-3-thread-52] tourGuide.service.RewardsService         : nearAttraction called with Franklin Park Zoo
2023-01-22T16:10:35.724+01:00  INFO 5507 --- [pool-3-thread-2] tourGuide.service.RewardsService         : getDistance called
2023-01-22T16:10:35.724+01:00  INFO 5507 --- [ool-3-thread-30] tourGuide.service.RewardsService         : getDistance called
2023-01-22T16:10:35.728+01:00  INFO 5507 --- [pool-3-thread-2] tourGuide.service.RewardsService         : nearAttraction called with Hot Springs National Park
2023-01-22T16:10:35.724+01:00  INFO 5507 --- [ool-3-thread-62] tourGuide.service.RewardsService         : nearAttraction called with El Paso Zoo
2023-01-22T16:10:35.724+01:00  INFO 5507 --- [ool-3-thread-58] tourGuide.service.RewardsService         : getDistance called
2023-01-22T16:10:35.724+01:00  INFO 5507 --- [ool-3-thread-53] tourGuide.service.RewardsService         : getDistance called
2023-01-22T16:10:35.724+01:00  INFO 5507 --- [ool-3-thread-16] tourGuide.service.RewardsService         : nearAttraction called with Bronx Zoo
2023-01-22T16:10:35.728+01:00  INFO 5507 --- [ool-3-thread-53] tourGuide.service.RewardsService         : nearAttraction called with Flowers Bakery of London
2023-01-22T16:10:35.728+01:00  INFO 5507 --- [ool-3-thread-16] tourGuide.service.RewardsService         : getDistance called
2023-01-22T16:10:35.724+01:00  INFO 5507 --- [ool-3-thread-23] tourGuide.service.RewardsService         : getDistance called
2023-01-22T16:10:35.728+01:00  INFO 5507 --- [ool-3-thread-16] tourGuide.service.RewardsService         : nearAttraction called with McKinley Tower
2023-01-22T16:10:35.724+01:00  INFO 5507 --- [ool-3-thread-56] tourGuide.service.RewardsService         : nearAttraction called with Cinderella Castle
2023-01-22T16:10:35.724+01:00  INFO 5507 --- [ool-3-thread-21] tourGuide.service.RewardsService         : getDistance called
2023-01-22T16:10:35.724+01:00  INFO 5507 --- [ool-3-thread-22] tourGuide.service.RewardsService         : nearAttraction called with Disneyland
2023-01-22T16:10:35.729+01:00  INFO 5507 --- [ool-3-thread-21] tourGuide.service.RewardsService         : nearAttraction called with Fallingwater
2023-01-22T16:10:35.729+01:00  INFO 5507 --- [ool-3-thread-22] tourGuide.service.RewardsService         : getDistance called
2023-01-22T16:10:35.724+01:00  INFO 5507 --- [ool-3-thread-43] tourGuide.service.RewardsService         : nearAttraction called with Jackson Hole
2023-01-22T16:10:35.724+01:00  INFO 5507 --- [ool-3-thread-19] tourGuide.service.RewardsService         : nearAttraction called with Mojave National Preserve
2023-01-22T16:10:35.724+01:00  INFO 5507 --- [ool-3-thread-57] tourGuide.service.RewardsService         : getDistance called
2023-01-22T16:10:35.729+01:00  INFO 5507 --- [ool-3-thread-19] tourGuide.service.RewardsService         : getDistance called
2023-01-22T16:10:35.725+01:00  INFO 5507 --- [pool-3-thread-7] tourGuide.service.RewardsService         : nearAttraction called with Buffalo National River
2023-01-22T16:10:35.725+01:00  INFO 5507 --- [ool-3-thread-45] tourGuide.service.RewardsService         : nearAttraction called with Hot Springs National Park
2023-01-22T16:10:35.725+01:00  INFO 5507 --- [ool-3-thread-61] tourGuide.service.RewardsService         : nearAttraction called with Legend Valley
2023-01-22T16:10:35.725+01:00  INFO 5507 --- [ool-3-thread-24] tourGuide.service.RewardsService         : getDistance called
2023-01-22T16:10:35.725+01:00  INFO 5507 --- [ool-3-thread-10] tourGuide.service.RewardsService         : nearAttraction called with McKinley Tower
2023-01-22T16:10:35.729+01:00  INFO 5507 --- [ool-3-thread-24] tourGuide.service.RewardsService         : nearAttraction called with Bryant-Denny Stadium
2023-01-22T16:10:35.729+01:00  INFO 5507 --- [ool-3-thread-10] tourGuide.service.RewardsService         : getDistance called
2023-01-22T16:10:35.729+01:00  INFO 5507 --- [ool-3-thread-24] tourGuide.service.RewardsService         : getDistance called
2023-01-22T16:10:35.725+01:00  INFO 5507 --- [ool-3-thread-33] tourGuide.service.RewardsService         : nearAttraction called with Flowers Bakery of London
2023-01-22T16:10:35.729+01:00  INFO 5507 --- [ool-3-thread-24] tourGuide.service.RewardsService         : nearAttraction called with Neyland Stadium
2023-01-22T16:10:35.729+01:00  INFO 5507 --- [ool-3-thread-33] tourGuide.service.RewardsService         : getDistance called
2023-01-22T16:10:35.725+01:00  INFO 5507 --- [pool-3-thread-6] tourGuide.service.RewardsService         : nearAttraction called with Flatiron Building
2023-01-22T16:10:35.725+01:00  INFO 5507 --- [ool-3-thread-29] tourGuide.service.RewardsService         : getDistance called
2023-01-22T16:10:35.725+01:00  INFO 5507 --- [ool-3-thread-60] tourGuide.service.RewardsService         : nearAttraction called with McKinley Tower
2023-01-22T16:10:35.725+01:00  INFO 5507 --- [ool-3-thread-18] tourGuide.service.RewardsService         : nearAttraction called with Fallingwater
2023-01-22T16:10:35.729+01:00  INFO 5507 --- [ool-3-thread-60] tourGuide.service.RewardsService         : getDistance called
2023-01-22T16:10:35.729+01:00  INFO 5507 --- [ool-3-thread-18] tourGuide.service.RewardsService         : getDistance called
2023-01-22T16:10:35.725+01:00  INFO 5507 --- [ool-3-thread-17] tourGuide.service.RewardsService         : nearAttraction called with Union Station
2023-01-22T16:10:35.725+01:00  INFO 5507 --- [ool-3-thread-36] tourGuide.service.RewardsService         : getDistance called
2023-01-22T16:10:35.730+01:00  INFO 5507 --- [ool-3-thread-17] tourGuide.service.RewardsService         : getDistance called
2023-01-22T16:10:35.725+01:00  INFO 5507 --- [ool-3-thread-26] tourGuide.service.RewardsService         : getDistance called
2023-01-22T16:10:35.725+01:00  INFO 5507 --- [ool-3-thread-25] tourGuide.service.RewardsService         : nearAttraction called with Fallingwater
2023-01-22T16:10:35.730+01:00  INFO 5507 --- [ool-3-thread-26] tourGuide.service.RewardsService         : nearAttraction called with Bronx Zoo
2023-01-22T16:10:35.730+01:00  INFO 5507 --- [ool-3-thread-25] tourGuide.service.RewardsService         : getDistance called
2023-01-22T16:10:35.730+01:00  INFO 5507 --- [ool-3-thread-26] tourGuide.service.RewardsService         : getDistance called
2023-01-22T16:10:35.725+01:00  INFO 5507 --- [ool-3-thread-46] tourGuide.service.RewardsService         : nearAttraction called with Roger Dean Stadium
2023-01-22T16:10:35.730+01:00  INFO 5507 --- [ool-3-thread-26] tourGuide.service.RewardsService         : nearAttraction called with Disneyland
2023-01-22T16:10:35.730+01:00  INFO 5507 --- [ool-3-thread-46] tourGuide.service.RewardsService         : getDistance called
2023-01-22T16:10:35.730+01:00  INFO 5507 --- [ool-3-thread-26] tourGuide.service.RewardsService         : getDistance called
2023-01-22T16:10:35.725+01:00  INFO 5507 --- [ool-3-thread-39] tourGuide.service.RewardsService         : getDistance called
2023-01-22T16:10:35.730+01:00  INFO 5507 --- [ool-3-thread-26] tourGuide.service.RewardsService         : nearAttraction called with Mojave National Preserve
2023-01-22T16:10:35.726+01:00  INFO 5507 --- [ool-3-thread-40] tourGuide.service.RewardsService         : getDistance called
2023-01-22T16:10:35.730+01:00  INFO 5507 --- [ool-3-thread-39] tourGuide.service.RewardsService         : nearAttraction called with Joshua Tree National Park
2023-01-22T16:10:35.726+01:00  INFO 5507 --- [pool-3-thread-3] tourGuide.service.RewardsService         : getDistance called
2023-01-22T16:10:35.726+01:00  INFO 5507 --- [ool-3-thread-65] tourGuide.service.RewardsService         : nearAttraction called with Union Station
2023-01-22T16:10:35.726+01:00  INFO 5507 --- [ool-3-thread-41] tourGuide.service.RewardsService         : nearAttraction called with Texas Memorial Stadium
2023-01-22T16:10:35.730+01:00  INFO 5507 --- [pool-3-thread-3] tourGuide.service.RewardsService         : nearAttraction called with Hot Springs National Park
2023-01-22T16:10:35.730+01:00  INFO 5507 --- [ool-3-thread-41] tourGuide.service.RewardsService         : getDistance called
2023-01-22T16:10:35.730+01:00  INFO 5507 --- [pool-3-thread-3] tourGuide.service.RewardsService         : getDistance called
2023-01-22T16:10:35.726+01:00  INFO 5507 --- [ool-3-thread-37] tourGuide.service.RewardsService         : getDistance called
2023-01-22T16:10:35.730+01:00  INFO 5507 --- [pool-3-thread-3] tourGuide.service.RewardsService         : nearAttraction called with Legend Valley
2023-01-22T16:10:35.726+01:00  INFO 5507 --- [ool-3-thread-69] tourGuide.service.RewardsService         : nearAttraction called with Roger Dean Stadium
2023-01-22T16:10:35.730+01:00  INFO 5507 --- [pool-3-thread-3] tourGuide.service.RewardsService         : getDistance called
2023-01-22T16:10:35.726+01:00  INFO 5507 --- [ool-3-thread-20] tourGuide.service.RewardsService         : nearAttraction called with Bryant-Denny Stadium
2023-01-22T16:10:35.730+01:00  INFO 5507 --- [pool-3-thread-3] tourGuide.service.RewardsService         : nearAttraction called with McKinley Tower
2023-01-22T16:10:35.730+01:00  INFO 5507 --- [ool-3-thread-20] tourGuide.service.RewardsService         : getDistance called
2023-01-22T16:10:35.726+01:00  INFO 5507 --- [ool-3-thread-49] tourGuide.service.RewardsService         : getDistance called
2023-01-22T16:10:35.726+01:00  INFO 5507 --- [ool-3-thread-38] tourGuide.service.RewardsService         : getDistance called
2023-01-22T16:10:35.731+01:00  INFO 5507 --- [ool-3-thread-49] tourGuide.service.RewardsService         : nearAttraction called with Fallingwater
2023-01-22T16:10:35.726+01:00  INFO 5507 --- [ool-3-thread-66] tourGuide.service.RewardsService         : getDistance called
2023-01-22T16:10:35.726+01:00  INFO 5507 --- [ool-3-thread-14] tourGuide.service.RewardsService         : nearAttraction called with Tiger Stadium
2023-01-22T16:10:35.726+01:00  INFO 5507 --- [ool-3-thread-42] tourGuide.service.RewardsService         : nearAttraction called with Bryant-Denny Stadium
2023-01-22T16:10:35.726+01:00  INFO 5507 --- [ool-3-thread-44] tourGuide.service.RewardsService         : nearAttraction called with Neyland Stadium
2023-01-22T16:10:35.726+01:00  INFO 5507 --- [ool-3-thread-27] tourGuide.service.RewardsService         : nearAttraction called with Tiger Stadium
2023-01-22T16:10:35.726+01:00  INFO 5507 --- [ool-3-thread-11] tourGuide.service.RewardsService         : nearAttraction called with Kyle Field
2023-01-22T16:10:35.726+01:00  INFO 5507 --- [ool-3-thread-48] tourGuide.service.RewardsService         : nearAttraction called with Neyland Stadium
2023-01-22T16:10:35.731+01:00  INFO 5507 --- [ool-3-thread-11] tourGuide.service.RewardsService         : getDistance called
2023-01-22T16:10:35.731+01:00  INFO 5507 --- [ool-3-thread-48] tourGuide.service.RewardsService         : getDistance called
2023-01-22T16:10:35.726+01:00  INFO 5507 --- [ool-3-thread-70] tourGuide.service.RewardsService         : getDistance called
2023-01-22T16:10:35.731+01:00  INFO 5507 --- [ool-3-thread-48] tourGuide.service.RewardsService         : nearAttraction called with Bryant-Denny Stadium
2023-01-22T16:10:35.726+01:00  INFO 5507 --- [ool-3-thread-47] tourGuide.service.RewardsService         : nearAttraction called with San Diego Zoo
2023-01-22T16:10:35.731+01:00  INFO 5507 --- [ool-3-thread-48] tourGuide.service.RewardsService         : getDistance called
2023-01-22T16:10:35.726+01:00  INFO 5507 --- [pool-3-thread-4] tourGuide.service.RewardsService         : nearAttraction called with Kyle Field
2023-01-22T16:10:35.731+01:00  INFO 5507 --- [ool-3-thread-48] tourGuide.service.RewardsService         : nearAttraction called with Neyland Stadium
2023-01-22T16:10:35.727+01:00  INFO 5507 --- [ool-3-thread-55] tourGuide.service.RewardsService         : getDistance called
2023-01-22T16:10:35.727+01:00  INFO 5507 --- [ool-3-thread-50] tourGuide.service.RewardsService         : getDistance called
2023-01-22T16:10:35.727+01:00  INFO 5507 --- [ool-3-thread-54] tourGuide.service.RewardsService         : nearAttraction called with San Diego Zoo
2023-01-22T16:10:35.731+01:00  INFO 5507 --- [ool-3-thread-50] tourGuide.service.RewardsService         : nearAttraction called with San Diego Zoo
2023-01-22T16:10:35.727+01:00  INFO 5507 --- [ool-3-thread-13] tourGuide.service.RewardsService         : nearAttraction called with Zoo Tampa at Lowry Park
2023-01-22T16:10:35.727+01:00  INFO 5507 --- [ool-3-thread-15] tourGuide.service.RewardsService         : getDistance called
2023-01-22T16:10:35.731+01:00  INFO 5507 --- [ool-3-thread-13] tourGuide.service.RewardsService         : getDistance called
2023-01-22T16:10:35.727+01:00  INFO 5507 --- [ool-3-thread-28] tourGuide.service.RewardsService         : getDistance called
2023-01-22T16:10:35.731+01:00  INFO 5507 --- [ool-3-thread-13] tourGuide.service.RewardsService         : nearAttraction called with Franklin Park Zoo
2023-01-22T16:10:35.727+01:00  INFO 5507 --- [pool-3-thread-9] tourGuide.service.RewardsService         : getDistance called
2023-01-22T16:10:35.727+01:00  INFO 5507 --- [pool-3-thread-8] tourGuide.service.RewardsService         : getDistance called
2023-01-22T16:10:35.727+01:00  INFO 5507 --- [ool-3-thread-12] tourGuide.service.RewardsService         : getDistance called
2023-01-22T16:10:35.727+01:00  INFO 5507 --- [ool-3-thread-63] tourGuide.service.RewardsService         : nearAttraction called with Franklin Park Zoo
2023-01-22T16:10:35.727+01:00  INFO 5507 --- [ool-3-thread-32] tourGuide.service.RewardsService         : nearAttraction called with El Paso Zoo
2023-01-22T16:10:35.727+01:00  INFO 5507 --- [ool-3-thread-34] tourGuide.service.RewardsService         : getDistance called
2023-01-22T16:10:35.727+01:00  INFO 5507 --- [ool-3-thread-51] tourGuide.service.RewardsService         : nearAttraction called with Bronx Zoo
2023-01-22T16:10:35.732+01:00  INFO 5507 --- [ool-3-thread-34] tourGuide.service.RewardsService         : nearAttraction called with Disneyland
2023-01-22T16:10:35.727+01:00  INFO 5507 --- [ool-3-thread-35] tourGuide.service.RewardsService         : nearAttraction called with Kansas City Zoo
2023-01-22T16:10:35.727+01:00  INFO 5507 --- [ool-3-thread-31] tourGuide.service.RewardsService         : nearAttraction called with Bronx Zoo
2023-01-22T16:10:35.732+01:00  INFO 5507 --- [ool-3-thread-35] tourGuide.service.RewardsService         : getDistance called
2023-01-22T16:10:35.732+01:00  INFO 5507 --- [ool-3-thread-31] tourGuide.service.RewardsService         : getDistance called
2023-01-22T16:10:35.728+01:00  INFO 5507 --- [pool-3-thread-1] tourGuide.service.RewardsService         : getDistance called
2023-01-22T16:10:35.728+01:00  INFO 5507 --- [ool-3-thread-67] tourGuide.service.RewardsService         : getDistance called
2023-01-22T16:10:35.732+01:00  INFO 5507 --- [pool-3-thread-1] tourGuide.service.RewardsService         : nearAttraction called with Joshua Tree National Park
2023-01-22T16:10:35.728+01:00  INFO 5507 --- [ool-3-thread-59] tourGuide.service.RewardsService         : getDistance called
2023-01-22T16:10:35.732+01:00  INFO 5507 --- [ool-3-thread-67] tourGuide.service.RewardsService         : nearAttraction called with Buffalo National River
2023-01-22T16:10:35.728+01:00  INFO 5507 --- [ool-3-thread-64] tourGuide.service.RewardsService         : nearAttraction called with Mojave National Preserve
2023-01-22T16:10:35.728+01:00  INFO 5507 --- [ool-3-thread-68] tourGuide.service.RewardsService         : nearAttraction called with Joshua Tree National Park
2023-01-22T16:10:35.728+01:00  INFO 5507 --- [pool-3-thread-5] tourGuide.service.RewardsService         : nearAttraction called with Buffalo National River
2023-01-22T16:10:35.728+01:00  INFO 5507 --- [ool-3-thread-52] tourGuide.service.RewardsService         : getDistance called
2023-01-22T16:10:35.728+01:00  INFO 5507 --- [ool-3-thread-30] tourGuide.service.RewardsService         : nearAttraction called with Kartchner Caverns State Park
2023-01-22T16:10:35.732+01:00  INFO 5507 --- [ool-3-thread-52] tourGuide.service.RewardsService         : nearAttraction called with Kartchner Caverns State Park
2023-01-22T16:10:35.728+01:00  INFO 5507 --- [pool-3-thread-2] tourGuide.service.RewardsService         : getDistance called
2023-01-22T16:10:35.728+01:00  INFO 5507 --- [ool-3-thread-62] tourGuide.service.RewardsService         : getDistance called
2023-01-22T16:10:35.733+01:00  INFO 5507 --- [pool-3-thread-2] tourGuide.service.RewardsService         : nearAttraction called with Legend Valley
2023-01-22T16:10:35.728+01:00  INFO 5507 --- [ool-3-thread-58] tourGuide.service.RewardsService         : nearAttraction called with Legend Valley
2023-01-22T16:10:35.728+01:00  INFO 5507 --- [ool-3-thread-53] tourGuide.service.RewardsService         : getDistance called
2023-01-22T16:10:35.733+01:00  INFO 5507 --- [ool-3-thread-58] tourGuide.service.RewardsService         : getDistance called
2023-01-22T16:10:35.728+01:00  INFO 5507 --- [ool-3-thread-16] tourGuide.service.RewardsService         : getDistance called
2023-01-22T16:10:35.733+01:00  INFO 5507 --- [ool-3-thread-58] tourGuide.service.RewardsService         : nearAttraction called with Flatiron Building
2023-01-22T16:10:35.728+01:00  INFO 5507 --- [ool-3-thread-23] tourGuide.service.RewardsService         : nearAttraction called with Flatiron Building
2023-01-22T16:10:35.729+01:00  INFO 5507 --- [ool-3-thread-56] tourGuide.service.RewardsService         : getDistance called
2023-01-22T16:10:35.729+01:00  INFO 5507 --- [ool-3-thread-21] tourGuide.service.RewardsService         : getDistance called
2023-01-22T16:10:35.733+01:00  INFO 5507 --- [ool-3-thread-56] tourGuide.service.RewardsService         : nearAttraction called with Union Station
2023-01-22T16:10:35.729+01:00  INFO 5507 --- [ool-3-thread-22] tourGuide.service.RewardsService         : nearAttraction called with Union Station
2023-01-22T16:10:35.729+01:00  INFO 5507 --- [ool-3-thread-43] tourGuide.service.RewardsService         : getDistance called
2023-01-22T16:10:35.729+01:00  INFO 5507 --- [ool-3-thread-57] tourGuide.service.RewardsService         : nearAttraction called with Roger Dean Stadium
2023-01-22T16:10:35.733+01:00  INFO 5507 --- [ool-3-thread-43] tourGuide.service.RewardsService         : nearAttraction called with Texas Memorial Stadium
2023-01-22T16:10:35.733+01:00  INFO 5507 --- [ool-3-thread-57] tourGuide.service.RewardsService         : getDistance called
2023-01-22T16:10:35.729+01:00  INFO 5507 --- [ool-3-thread-19] tourGuide.service.RewardsService         : nearAttraction called with Texas Memorial Stadium
2023-01-22T16:10:35.733+01:00  INFO 5507 --- [ool-3-thread-57] tourGuide.service.RewardsService         : nearAttraction called with Bryant-Denny Stadium
2023-01-22T16:10:35.729+01:00  INFO 5507 --- [pool-3-thread-7] tourGuide.service.RewardsService         : getDistance called
2023-01-22T16:10:35.733+01:00  INFO 5507 --- [ool-3-thread-19] tourGuide.service.RewardsService         : getDistance called
2023-01-22T16:10:35.729+01:00  INFO 5507 --- [ool-3-thread-45] tourGuide.service.RewardsService         : getDistance called
2023-01-22T16:10:35.729+01:00  INFO 5507 --- [ool-3-thread-61] tourGuide.service.RewardsService         : getDistance called
2023-01-22T16:10:35.729+01:00  INFO 5507 --- [ool-3-thread-10] tourGuide.service.RewardsService         : nearAttraction called with Tiger Stadium
2023-01-22T16:10:35.733+01:00  INFO 5507 --- [ool-3-thread-61] tourGuide.service.RewardsService         : nearAttraction called with San Diego Zoo
2023-01-22T16:10:35.733+01:00  INFO 5507 --- [ool-3-thread-10] tourGuide.service.RewardsService         : getDistance called
2023-01-22T16:10:35.729+01:00  INFO 5507 --- [ool-3-thread-24] tourGuide.service.RewardsService         : getDistance called
2023-01-22T16:10:35.734+01:00  INFO 5507 --- [ool-3-thread-61] tourGuide.service.RewardsService         : getDistance called
2023-01-22T16:10:35.729+01:00  INFO 5507 --- [ool-3-thread-33] tourGuide.service.RewardsService         : nearAttraction called with Kyle Field
2023-01-22T16:10:35.729+01:00  INFO 5507 --- [pool-3-thread-6] tourGuide.service.RewardsService         : getDistance called
2023-01-22T16:10:35.734+01:00  INFO 5507 --- [ool-3-thread-61] tourGuide.service.RewardsService         : nearAttraction called with El Paso Zoo
2023-01-22T16:10:35.734+01:00  INFO 5507 --- [pool-3-thread-6] tourGuide.service.RewardsService         : nearAttraction called with Kansas City Zoo
2023-01-22T16:10:35.734+01:00  INFO 5507 --- [ool-3-thread-61] tourGuide.service.RewardsService         : getDistance called
2023-01-22T16:10:35.729+01:00  INFO 5507 --- [ool-3-thread-29] tourGuide.service.RewardsService         : nearAttraction called with San Diego Zoo
2023-01-22T16:10:35.734+01:00  INFO 5507 --- [ool-3-thread-61] tourGuide.service.RewardsService         : nearAttraction called with Bronx Zoo
2023-01-22T16:10:35.730+01:00  INFO 5507 --- [ool-3-thread-60] tourGuide.service.RewardsService         : nearAttraction called with Zoo Tampa at Lowry Park
2023-01-22T16:10:35.730+01:00  INFO 5507 --- [ool-3-thread-18] tourGuide.service.RewardsService         : nearAttraction called with Franklin Park Zoo
2023-01-22T16:10:35.730+01:00  INFO 5507 --- [ool-3-thread-36] tourGuide.service.RewardsService         : nearAttraction called with El Paso Zoo
2023-01-22T16:10:35.730+01:00  INFO 5507 --- [ool-3-thread-17] tourGuide.service.RewardsService         : nearAttraction called with Kansas City Zoo
2023-01-22T16:10:35.730+01:00  INFO 5507 --- [ool-3-thread-25] tourGuide.service.RewardsService         : nearAttraction called with Cinderella Castle
2023-01-22T16:10:35.734+01:00  INFO 5507 --- [ool-3-thread-17] tourGuide.service.RewardsService         : getDistance called
2023-01-22T16:10:35.730+01:00  INFO 5507 --- [ool-3-thread-46] tourGuide.service.RewardsService         : nearAttraction called with Jackson Hole
2023-01-22T16:10:35.730+01:00  INFO 5507 --- [ool-3-thread-26] tourGuide.service.RewardsService         : getDistance called
2023-01-22T16:10:35.730+01:00  INFO 5507 --- [ool-3-thread-39] tourGuide.service.RewardsService         : getDistance called
2023-01-22T16:10:35.730+01:00  INFO 5507 --- [ool-3-thread-40] tourGuide.service.RewardsService         : nearAttraction called with Buffalo National River
2023-01-22T16:10:35.734+01:00  INFO 5507 --- [ool-3-thread-39] tourGuide.service.RewardsService         : nearAttraction called with Jackson Hole
2023-01-22T16:10:35.734+01:00  INFO 5507 --- [ool-3-thread-40] tourGuide.service.RewardsService         : getDistance called
2023-01-22T16:10:35.730+01:00  INFO 5507 --- [ool-3-thread-65] tourGuide.service.RewardsService         : getDistance called
2023-01-22T16:10:35.734+01:00  INFO 5507 --- [ool-3-thread-40] tourGuide.service.RewardsService         : nearAttraction called with Mojave National Preserve
2023-01-22T16:10:35.730+01:00  INFO 5507 --- [ool-3-thread-41] tourGuide.service.RewardsService         : nearAttraction called with Kartchner Caverns State Park
2023-01-22T16:10:35.734+01:00  INFO 5507 --- [ool-3-thread-65] tourGuide.service.RewardsService         : nearAttraction called with Joshua Tree National Park
2023-01-22T16:10:35.730+01:00  INFO 5507 --- [ool-3-thread-37] tourGuide.service.RewardsService         : nearAttraction called with Flowers Bakery of London
2023-01-22T16:10:35.730+01:00  INFO 5507 --- [ool-3-thread-69] tourGuide.service.RewardsService         : getDistance called
2023-01-22T16:10:35.731+01:00  INFO 5507 --- [pool-3-thread-3] tourGuide.service.RewardsService         : getDistance called
2023-01-22T16:10:35.731+01:00  INFO 5507 --- [ool-3-thread-20] tourGuide.service.RewardsService         : nearAttraction called with Flatiron Building
2023-01-22T16:10:35.735+01:00  INFO 5507 --- [ool-3-thread-69] tourGuide.service.RewardsService         : nearAttraction called with Buffalo National River
2023-01-22T16:10:35.731+01:00  INFO 5507 --- [ool-3-thread-38] tourGuide.service.RewardsService         : nearAttraction called with Union Station
2023-01-22T16:10:35.731+01:00  INFO 5507 --- [ool-3-thread-49] tourGuide.service.RewardsService         : getDistance called
2023-01-22T16:10:35.731+01:00  INFO 5507 --- [ool-3-thread-66] tourGuide.service.RewardsService         : nearAttraction called with Roger Dean Stadium
2023-01-22T16:10:35.735+01:00  INFO 5507 --- [ool-3-thread-49] tourGuide.service.RewardsService         : nearAttraction called with Kartchner Caverns State Park
2023-01-22T16:10:35.735+01:00  INFO 5507 --- [ool-3-thread-66] tourGuide.service.RewardsService         : getDistance called
2023-01-22T16:10:35.731+01:00  INFO 5507 --- [ool-3-thread-14] tourGuide.service.RewardsService         : getDistance called
2023-01-22T16:10:35.735+01:00  INFO 5507 --- [ool-3-thread-66] tourGuide.service.RewardsService         : nearAttraction called with Legend Valley
2023-01-22T16:10:35.731+01:00  INFO 5507 --- [ool-3-thread-42] tourGuide.service.RewardsService         : getDistance called
2023-01-22T16:10:35.731+01:00  INFO 5507 --- [ool-3-thread-44] tourGuide.service.RewardsService         : getDistance called
2023-01-22T16:10:35.735+01:00  INFO 5507 --- [ool-3-thread-42] tourGuide.service.RewardsService         : nearAttraction called with McKinley Tower
2023-01-22T16:10:35.731+01:00  INFO 5507 --- [ool-3-thread-27] tourGuide.service.RewardsService         : getDistance called
2023-01-22T16:10:35.731+01:00  INFO 5507 --- [ool-3-thread-11] tourGuide.service.RewardsService         : nearAttraction called with Texas Memorial Stadium
2023-01-22T16:10:35.735+01:00  INFO 5507 --- [ool-3-thread-27] tourGuide.service.RewardsService         : nearAttraction called with Fallingwater
2023-01-22T16:10:35.731+01:00  INFO 5507 --- [ool-3-thread-70] tourGuide.service.RewardsService         : nearAttraction called with Tiger Stadium
2023-01-22T16:10:35.731+01:00  INFO 5507 --- [ool-3-thread-47] tourGuide.service.RewardsService         : getDistance called
2023-01-22T16:10:35.731+01:00  INFO 5507 --- [pool-3-thread-4] tourGuide.service.RewardsService         : getDistance called
2023-01-22T16:10:35.735+01:00  INFO 5507 --- [ool-3-thread-47] tourGuide.service.RewardsService         : nearAttraction called with Union Station
2023-01-22T16:10:35.731+01:00  INFO 5507 --- [ool-3-thread-48] tourGuide.service.RewardsService         : getDistance called
2023-01-22T16:10:35.731+01:00  INFO 5507 --- [ool-3-thread-55] tourGuide.service.RewardsService         : nearAttraction called with Kyle Field
2023-01-22T16:10:35.731+01:00  INFO 5507 --- [ool-3-thread-54] tourGuide.service.RewardsService         : getDistance called
2023-01-22T16:10:35.731+01:00  INFO 5507 --- [ool-3-thread-50] tourGuide.service.RewardsService         : getDistance called
2023-01-22T16:10:35.731+01:00  INFO 5507 --- [ool-3-thread-15] tourGuide.service.RewardsService         : nearAttraction called with Zoo Tampa at Lowry Park
2023-01-22T16:10:35.736+01:00  INFO 5507 --- [ool-3-thread-50] tourGuide.service.RewardsService         : nearAttraction called with Tiger Stadium
2023-01-22T16:10:35.732+01:00  INFO 5507 --- [ool-3-thread-28] tourGuide.service.RewardsService         : nearAttraction called with El Paso Zoo
2023-01-22T16:10:35.732+01:00  INFO 5507 --- [ool-3-thread-13] tourGuide.service.RewardsService         : getDistance called
2023-01-22T16:10:35.732+01:00  INFO 5507 --- [pool-3-thread-9] tourGuide.service.RewardsService         : nearAttraction called with Kansas City Zoo
2023-01-22T16:10:35.732+01:00  INFO 5507 --- [pool-3-thread-8] tourGuide.service.RewardsService         : nearAttraction called with Bronx Zoo
2023-01-22T16:10:35.736+01:00  INFO 5507 --- [ool-3-thread-13] tourGuide.service.RewardsService         : nearAttraction called with Neyland Stadium
2023-01-22T16:10:35.732+01:00  INFO 5507 --- [ool-3-thread-12] tourGuide.service.RewardsService         : nearAttraction called with Cinderella Castle
2023-01-22T16:10:35.732+01:00  INFO 5507 --- [ool-3-thread-63] tourGuide.service.RewardsService         : getDistance called
2023-01-22T16:10:35.732+01:00  INFO 5507 --- [ool-3-thread-32] tourGuide.service.RewardsService         : getDistance called
2023-01-22T16:10:35.736+01:00  INFO 5507 --- [ool-3-thread-63] tourGuide.service.RewardsService         : nearAttraction called with Kyle Field
2023-01-22T16:10:35.732+01:00  INFO 5507 --- [ool-3-thread-51] tourGuide.service.RewardsService         : getDistance called
2023-01-22T16:10:35.732+01:00  INFO 5507 --- [ool-3-thread-34] tourGuide.service.RewardsService         : getDistance called
2023-01-22T16:10:35.732+01:00  INFO 5507 --- [ool-3-thread-35] tourGuide.service.RewardsService         : nearAttraction called with Jackson Hole
2023-01-22T16:10:35.737+01:00  INFO 5507 --- [ool-3-thread-34] tourGuide.service.RewardsService         : nearAttraction called with Franklin Park Zoo
2023-01-22T16:10:35.732+01:00  INFO 5507 --- [ool-3-thread-31] tourGuide.service.RewardsService         : nearAttraction called with Mojave National Preserve
2023-01-22T16:10:35.732+01:00  INFO 5507 --- [pool-3-thread-1] tourGuide.service.RewardsService         : getDistance called
2023-01-22T16:10:35.737+01:00  INFO 5507 --- [ool-3-thread-31] tourGuide.service.RewardsService         : getDistance called
2023-01-22T16:10:35.737+01:00  INFO 5507 --- [pool-3-thread-1] tourGuide.service.RewardsService         : nearAttraction called with El Paso Zoo
2023-01-22T16:10:35.732+01:00  INFO 5507 --- [ool-3-thread-59] tourGuide.service.RewardsService         : nearAttraction called with Hot Springs National Park
2023-01-22T16:10:35.732+01:00  INFO 5507 --- [ool-3-thread-67] tourGuide.service.RewardsService         : getDistance called
2023-01-22T16:10:35.732+01:00  INFO 5507 --- [ool-3-thread-64] tourGuide.service.RewardsService         : getDistance called
2023-01-22T16:10:35.737+01:00  INFO 5507 --- [ool-3-thread-67] tourGuide.service.RewardsService         : nearAttraction called with Bronx Zoo
2023-01-22T16:10:35.732+01:00  INFO 5507 --- [ool-3-thread-68] tourGuide.service.RewardsService         : getDistance called
2023-01-22T16:10:35.737+01:00  INFO 5507 --- [ool-3-thread-67] tourGuide.service.RewardsService         : getDistance called
2023-01-22T16:10:35.732+01:00  INFO 5507 --- [pool-3-thread-5] tourGuide.service.RewardsService         : getDistance called
2023-01-22T16:10:35.737+01:00  INFO 5507 --- [ool-3-thread-67] tourGuide.service.RewardsService         : nearAttraction called with Jackson Hole
2023-01-22T16:10:35.732+01:00  INFO 5507 --- [ool-3-thread-30] tourGuide.service.RewardsService         : getDistance called
2023-01-22T16:10:35.733+01:00  INFO 5507 --- [ool-3-thread-52] tourGuide.service.RewardsService         : getDistance called
2023-01-22T16:10:35.737+01:00  INFO 5507 --- [ool-3-thread-30] tourGuide.service.RewardsService         : nearAttraction called with Joshua Tree National Park
2023-01-22T16:10:35.737+01:00  INFO 5507 --- [ool-3-thread-52] tourGuide.service.RewardsService         : nearAttraction called with Buffalo National River
2023-01-22T16:10:35.733+01:00  INFO 5507 --- [ool-3-thread-62] tourGuide.service.RewardsService         : nearAttraction called with Flowers Bakery of London
2023-01-22T16:10:35.733+01:00  INFO 5507 --- [pool-3-thread-2] tourGuide.service.RewardsService         : getDistance called
2023-01-22T16:10:35.733+01:00  INFO 5507 --- [ool-3-thread-53] tourGuide.service.RewardsService         : nearAttraction called with McKinley Tower
2023-01-22T16:10:35.737+01:00  INFO 5507 --- [pool-3-thread-2] tourGuide.service.RewardsService         : nearAttraction called with Hot Springs National Park
2023-01-22T16:10:35.737+01:00  INFO 5507 --- [ool-3-thread-53] tourGuide.service.RewardsService         : getDistance called
2023-01-22T16:10:35.733+01:00  INFO 5507 --- [ool-3-thread-16] tourGuide.service.RewardsService         : nearAttraction called with Fallingwater
2023-01-22T16:10:35.733+01:00  INFO 5507 --- [ool-3-thread-58] tourGuide.service.RewardsService         : getDistance called
2023-01-22T16:10:35.733+01:00  INFO 5507 --- [ool-3-thread-23] tourGuide.service.RewardsService         : getDistance called
2023-01-22T16:10:35.733+01:00  INFO 5507 --- [ool-3-thread-21] tourGuide.service.RewardsService         : nearAttraction called with Roger Dean Stadium
2023-01-22T16:10:35.738+01:00  INFO 5507 --- [ool-3-thread-23] tourGuide.service.RewardsService         : nearAttraction called with Flowers Bakery of London
2023-01-22T16:10:35.738+01:00  INFO 5507 --- [ool-3-thread-21] tourGuide.service.RewardsService         : getDistance called
2023-01-22T16:10:35.738+01:00  INFO 5507 --- [ool-3-thread-23] tourGuide.service.RewardsService         : getDistance called
2023-01-22T16:10:35.738+01:00  INFO 5507 --- [ool-3-thread-21] tourGuide.service.RewardsService         : nearAttraction called with McKinley Tower
2023-01-22T16:10:35.733+01:00  INFO 5507 --- [ool-3-thread-56] tourGuide.service.RewardsService         : getDistance called
2023-01-22T16:10:35.733+01:00  INFO 5507 --- [ool-3-thread-22] tourGuide.service.RewardsService         : getDistance called
2023-01-22T16:10:35.738+01:00  INFO 5507 --- [ool-3-thread-56] tourGuide.service.RewardsService         : nearAttraction called with Fallingwater
2023-01-22T16:10:35.738+01:00  INFO 5507 --- [ool-3-thread-22] tourGuide.service.RewardsService         : nearAttraction called with Union Station
2023-01-22T16:10:35.733+01:00  INFO 5507 --- [ool-3-thread-43] tourGuide.service.RewardsService         : getDistance called
2023-01-22T16:10:35.733+01:00  INFO 5507 --- [ool-3-thread-57] tourGuide.service.RewardsService         : getDistance called
2023-01-22T16:10:35.738+01:00  INFO 5507 --- [ool-3-thread-43] tourGuide.service.RewardsService         : nearAttraction called with Roger Dean Stadium
2023-01-22T16:10:35.733+01:00  INFO 5507 --- [pool-3-thread-7] tourGuide.service.RewardsService         : nearAttraction called with Tiger Stadium
2023-01-22T16:10:35.733+01:00  INFO 5507 --- [ool-3-thread-19] tourGuide.service.RewardsService         : nearAttraction called with Neyland Stadium
2023-01-22T16:10:35.733+01:00  INFO 5507 --- [ool-3-thread-45] tourGuide.service.RewardsService         : nearAttraction called with Kyle Field
2023-01-22T16:10:35.734+01:00  INFO 5507 --- [ool-3-thread-10] tourGuide.service.RewardsService         : nearAttraction called with Zoo Tampa at Lowry Park
2023-01-22T16:10:35.734+01:00  INFO 5507 --- [ool-3-thread-24] tourGuide.service.RewardsService         : nearAttraction called with Franklin Park Zoo
2023-01-22T16:10:35.734+01:00  INFO 5507 --- [ool-3-thread-33] tourGuide.service.RewardsService         : getDistance called
2023-01-22T16:10:35.734+01:00  INFO 5507 --- [pool-3-thread-6] tourGuide.service.RewardsService         : getDistance called
2023-01-22T16:10:35.738+01:00  INFO 5507 --- [ool-3-thread-33] tourGuide.service.RewardsService         : nearAttraction called with Bryant-Denny Stadium
2023-01-22T16:10:35.738+01:00  INFO 5507 --- [ool-3-thread-33] tourGuide.service.RewardsService         : getDistance called
2023-01-22T16:10:35.734+01:00  INFO 5507 --- [ool-3-thread-29] tourGuide.service.RewardsService         : getDistance called
2023-01-22T16:10:35.734+01:00  INFO 5507 --- [ool-3-thread-61] tourGuide.service.RewardsService         : getDistance called
2023-01-22T16:10:35.734+01:00  INFO 5507 --- [ool-3-thread-60] tourGuide.service.RewardsService         : getDistance called
2023-01-22T16:10:35.738+01:00  INFO 5507 --- [ool-3-thread-61] tourGuide.service.RewardsService         : nearAttraction called with San Diego Zoo
2023-01-22T16:10:35.734+01:00  INFO 5507 --- [ool-3-thread-18] tourGuide.service.RewardsService         : getDistance called
2023-01-22T16:10:35.734+01:00  INFO 5507 --- [ool-3-thread-36] tourGuide.service.RewardsService         : getDistance called
2023-01-22T16:10:35.739+01:00  INFO 5507 --- [ool-3-thread-18] tourGuide.service.RewardsService         : nearAttraction called with Franklin Park Zoo
2023-01-22T16:10:35.734+01:00  INFO 5507 --- [ool-3-thread-25] tourGuide.service.RewardsService         : getDistance called
2023-01-22T16:10:35.734+01:00  INFO 5507 --- [ool-3-thread-17] tourGuide.service.RewardsService         : nearAttraction called with Cinderella Castle
2023-01-22T16:10:35.739+01:00  INFO 5507 --- [ool-3-thread-25] tourGuide.service.RewardsService         : nearAttraction called with Kansas City Zoo
2023-01-22T16:10:35.734+01:00  INFO 5507 --- [ool-3-thread-46] tourGuide.service.RewardsService         : getDistance called
2023-01-22T16:10:35.734+01:00  INFO 5507 --- [ool-3-thread-26] tourGuide.service.RewardsService         : nearAttraction called with Disneyland
2023-01-22T16:10:35.739+01:00  INFO 5507 --- [ool-3-thread-46] tourGuide.service.RewardsService         : nearAttraction called with Bronx Zoo
2023-01-22T16:10:35.739+01:00  INFO 5507 --- [ool-3-thread-26] tourGuide.service.RewardsService         : getDistance called
2023-01-22T16:10:35.734+01:00  INFO 5507 --- [ool-3-thread-39] tourGuide.service.RewardsService         : getDistance called
2023-01-22T16:10:35.739+01:00  INFO 5507 --- [ool-3-thread-26] tourGuide.service.RewardsService         : nearAttraction called with Cinderella Castle
2023-01-22T16:10:35.734+01:00  INFO 5507 --- [ool-3-thread-40] tourGuide.service.RewardsService         : getDistance called
2023-01-22T16:10:35.734+01:00  INFO 5507 --- [ool-3-thread-41] tourGuide.service.RewardsService         : getDistance called
2023-01-22T16:10:35.739+01:00  INFO 5507 --- [ool-3-thread-40] tourGuide.service.RewardsService         : nearAttraction called with Jackson Hole
2023-01-22T16:10:35.734+01:00  INFO 5507 --- [ool-3-thread-65] tourGuide.service.RewardsService         : getDistance called
2023-01-22T16:10:35.734+01:00  INFO 5507 --- [ool-3-thread-37] tourGuide.service.RewardsService         : getDistance called
2023-01-22T16:10:35.735+01:00  INFO 5507 --- [pool-3-thread-3] tourGuide.service.RewardsService         : nearAttraction called with Hot Springs National Park
2023-01-22T16:10:35.739+01:00  INFO 5507 --- [ool-3-thread-37] tourGuide.service.RewardsService         : nearAttraction called with Buffalo National River
2023-01-22T16:10:35.739+01:00  INFO 5507 --- [pool-3-thread-3] tourGuide.service.RewardsService         : getDistance called
2023-01-22T16:10:35.735+01:00  INFO 5507 --- [ool-3-thread-20] tourGuide.service.RewardsService         : getDistance called
2023-01-22T16:10:35.739+01:00  INFO 5507 --- [pool-3-thread-3] tourGuide.service.RewardsService         : nearAttraction called with Hot Springs National Park
2023-01-22T16:10:35.735+01:00  INFO 5507 --- [ool-3-thread-69] tourGuide.service.RewardsService         : getDistance called
2023-01-22T16:10:35.735+01:00  INFO 5507 --- [ool-3-thread-38] tourGuide.service.RewardsService         : getDistance called
2023-01-22T16:10:35.735+01:00  INFO 5507 --- [ool-3-thread-49] tourGuide.service.RewardsService         : getDistance called
2023-01-22T16:10:35.735+01:00  INFO 5507 --- [ool-3-thread-66] tourGuide.service.RewardsService         : getDistance called
2023-01-22T16:10:35.739+01:00  INFO 5507 --- [ool-3-thread-49] tourGuide.service.RewardsService         : nearAttraction called with McKinley Tower
2023-01-22T16:10:35.735+01:00  INFO 5507 --- [ool-3-thread-14] tourGuide.service.RewardsService         : nearAttraction called with Flowers Bakery of London
2023-01-22T16:10:35.735+01:00  INFO 5507 --- [ool-3-thread-44] tourGuide.service.RewardsService         : nearAttraction called with Flatiron Building
2023-01-22T16:10:35.740+01:00  INFO 5507 --- [ool-3-thread-14] tourGuide.service.RewardsService         : getDistance called
2023-01-22T16:10:35.735+01:00  INFO 5507 --- [ool-3-thread-42] tourGuide.service.RewardsService         : getDistance called
2023-01-22T16:10:35.740+01:00  INFO 5507 --- [ool-3-thread-14] tourGuide.service.RewardsService         : nearAttraction called with Fallingwater
2023-01-22T16:10:35.735+01:00  INFO 5507 --- [ool-3-thread-11] tourGuide.service.RewardsService         : getDistance called
2023-01-22T16:10:35.735+01:00  INFO 5507 --- [ool-3-thread-27] tourGuide.service.RewardsService         : getDistance called
2023-01-22T16:10:35.735+01:00  INFO 5507 --- [ool-3-thread-70] tourGuide.service.RewardsService         : getDistance called
2023-01-22T16:10:35.740+01:00  INFO 5507 --- [ool-3-thread-27] tourGuide.service.RewardsService         : nearAttraction called with Texas Memorial Stadium
2023-01-22T16:10:35.735+01:00  INFO 5507 --- [pool-3-thread-4] tourGuide.service.RewardsService         : nearAttraction called with Roger Dean Stadium
2023-01-22T16:10:35.735+01:00  INFO 5507 --- [ool-3-thread-47] tourGuide.service.RewardsService         : getDistance called
2023-01-22T16:10:35.735+01:00  INFO 5507 --- [ool-3-thread-48] tourGuide.service.RewardsService         : nearAttraction called with Texas Memorial Stadium
2023-01-22T16:10:35.740+01:00  INFO 5507 --- [ool-3-thread-47] tourGuide.service.RewardsService         : nearAttraction called with Tiger Stadium
2023-01-22T16:10:35.735+01:00  INFO 5507 --- [ool-3-thread-55] tourGuide.service.RewardsService         : getDistance called
2023-01-22T16:10:35.736+01:00  INFO 5507 --- [ool-3-thread-54] tourGuide.service.RewardsService         : nearAttraction called with Bryant-Denny Stadium
2023-01-22T16:10:35.740+01:00  INFO 5507 --- [ool-3-thread-54] tourGuide.service.RewardsService         : getDistance called
2023-01-22T16:10:35.736+01:00  INFO 5507 --- [ool-3-thread-15] tourGuide.service.RewardsService         : getDistance called
2023-01-22T16:10:35.740+01:00  INFO 5507 --- [ool-3-thread-54] tourGuide.service.RewardsService         : nearAttraction called with Kyle Field
2023-01-22T16:10:35.736+01:00  INFO 5507 --- [ool-3-thread-50] tourGuide.service.RewardsService         : getDistance called
2023-01-22T16:10:35.736+01:00  INFO 5507 --- [ool-3-thread-28] tourGuide.service.RewardsService         : getDistance called
2023-01-22T16:10:35.740+01:00  INFO 5507 --- [ool-3-thread-50] tourGuide.service.RewardsService         : nearAttraction called with Zoo Tampa at Lowry Park
2023-01-22T16:10:35.736+01:00  INFO 5507 --- [pool-3-thread-9] tourGuide.service.RewardsService         : getDistance called
2023-01-22T16:10:35.736+01:00  INFO 5507 --- [pool-3-thread-8] tourGuide.service.RewardsService         : getDistance called
2023-01-22T16:10:35.736+01:00  INFO 5507 --- [ool-3-thread-13] tourGuide.service.RewardsService         : getDistance called
2023-01-22T16:10:35.740+01:00  INFO 5507 --- [pool-3-thread-8] tourGuide.service.RewardsService         : nearAttraction called with Kansas City Zoo
2023-01-22T16:10:35.736+01:00  INFO 5507 --- [ool-3-thread-12] tourGuide.service.RewardsService         : getDistance called
2023-01-22T16:10:35.736+01:00  INFO 5507 --- [ool-3-thread-63] tourGuide.service.RewardsService         : getDistance called
2023-01-22T16:10:35.740+01:00  INFO 5507 --- [ool-3-thread-12] tourGuide.service.RewardsService         : nearAttraction called with Cinderella Castle
2023-01-22T16:10:35.737+01:00  INFO 5507 --- [ool-3-thread-32] tourGuide.service.RewardsService         : nearAttraction called with San Diego Zoo
2023-01-22T16:10:35.741+01:00  INFO 5507 --- [ool-3-thread-63] tourGuide.service.RewardsService         : nearAttraction called with Disneyland
2023-01-22T16:10:35.741+01:00  INFO 5507 --- [ool-3-thread-12] tourGuide.service.RewardsService         : getDistance called
2023-01-22T16:10:35.737+01:00  INFO 5507 --- [ool-3-thread-51] tourGuide.service.RewardsService         : nearAttraction called with Zoo Tampa at Lowry Park
2023-01-22T16:10:35.741+01:00  INFO 5507 --- [ool-3-thread-12] tourGuide.service.RewardsService         : nearAttraction called with Jackson Hole
2023-01-22T16:10:35.737+01:00  INFO 5507 --- [ool-3-thread-35] tourGuide.service.RewardsService         : getDistance called
2023-01-22T16:10:35.737+01:00  INFO 5507 --- [ool-3-thread-34] tourGuide.service.RewardsService         : getDistance called
2023-01-22T16:10:35.741+01:00  INFO 5507 --- [ool-3-thread-35] tourGuide.service.RewardsService         : nearAttraction called with Mojave National Preserve
2023-01-22T16:10:35.737+01:00  INFO 5507 --- [ool-3-thread-31] tourGuide.service.RewardsService         : nearAttraction called with Kansas City Zoo
2023-01-22T16:10:35.737+01:00  INFO 5507 --- [pool-3-thread-1] tourGuide.service.RewardsService         : getDistance called
2023-01-22T16:10:35.737+01:00  INFO 5507 --- [ool-3-thread-59] tourGuide.service.RewardsService         : getDistance called
2023-01-22T16:10:35.737+01:00  INFO 5507 --- [ool-3-thread-64] tourGuide.service.RewardsService         : nearAttraction called with Cinderella Castle
2023-01-22T16:10:35.741+01:00  INFO 5507 --- [ool-3-thread-59] tourGuide.service.RewardsService         : nearAttraction called with Hot Springs National Park
2023-01-22T16:10:35.741+01:00  INFO 5507 --- [ool-3-thread-64] tourGuide.service.RewardsService         : getDistance called
2023-01-22T16:10:35.737+01:00  INFO 5507 --- [ool-3-thread-68] tourGuide.service.RewardsService         : nearAttraction called with Disneyland
2023-01-22T16:10:35.741+01:00  INFO 5507 --- [ool-3-thread-64] tourGuide.service.RewardsService         : nearAttraction called with Kartchner Caverns State Park
2023-01-22T16:10:35.737+01:00  INFO 5507 --- [pool-3-thread-5] tourGuide.service.RewardsService         : nearAttraction called with Mojave National Preserve
2023-01-22T16:10:35.737+01:00  INFO 5507 --- [ool-3-thread-67] tourGuide.service.RewardsService         : getDistance called
2023-01-22T16:10:35.737+01:00  INFO 5507 --- [ool-3-thread-30] tourGuide.service.RewardsService         : getDistance called
2023-01-22T16:10:35.741+01:00  INFO 5507 --- [ool-3-thread-67] tourGuide.service.RewardsService         : nearAttraction called with Legend Valley
2023-01-22T16:10:35.737+01:00  INFO 5507 --- [ool-3-thread-52] tourGuide.service.RewardsService         : getDistance called
2023-01-22T16:10:35.737+01:00  INFO 5507 --- [ool-3-thread-62] tourGuide.service.RewardsService         : getDistance called
2023-01-22T16:10:35.741+01:00  INFO 5507 --- [ool-3-thread-52] tourGuide.service.RewardsService         : nearAttraction called with McKinley Tower
2023-01-22T16:10:35.741+01:00  INFO 5507 --- [ool-3-thread-62] tourGuide.service.RewardsService         : nearAttraction called with Flatiron Building
2023-01-22T16:10:35.737+01:00  INFO 5507 --- [pool-3-thread-2] tourGuide.service.RewardsService         : getDistance called
2023-01-22T16:10:35.737+01:00  INFO 5507 --- [ool-3-thread-53] tourGuide.service.RewardsService         : nearAttraction called with Kartchner Caverns State Park
2023-01-22T16:10:35.741+01:00  INFO 5507 --- [pool-3-thread-2] tourGuide.service.RewardsService         : nearAttraction called with Fallingwater
2023-01-22T16:10:35.737+01:00  INFO 5507 --- [ool-3-thread-16] tourGuide.service.RewardsService         : getDistance called
2023-01-22T16:10:35.742+01:00  INFO 5507 --- [ool-3-thread-53] tourGuide.service.RewardsService         : getDistance called
2023-01-22T16:10:35.738+01:00  INFO 5507 --- [ool-3-thread-58] tourGuide.service.RewardsService         : nearAttraction called with Legend Valley
2023-01-22T16:10:35.742+01:00  INFO 5507 --- [ool-3-thread-53] tourGuide.service.RewardsService         : nearAttraction called with Roger Dean Stadium
2023-01-22T16:10:35.742+01:00  INFO 5507 --- [ool-3-thread-58] tourGuide.service.RewardsService         : getDistance called
2023-01-22T16:10:35.742+01:00  INFO 5507 --- [ool-3-thread-53] tourGuide.service.RewardsService         : getDistance called
2023-01-22T16:10:35.738+01:00  INFO 5507 --- [ool-3-thread-23] tourGuide.service.RewardsService         : nearAttraction called with Flatiron Building
2023-01-22T16:10:35.738+01:00  INFO 5507 --- [ool-3-thread-21] tourGuide.service.RewardsService         : getDistance called
2023-01-22T16:10:35.738+01:00  INFO 5507 --- [ool-3-thread-56] tourGuide.service.RewardsService         : getDistance called
2023-01-22T16:10:35.742+01:00  INFO 5507 --- [ool-3-thread-21] tourGuide.service.RewardsService         : nearAttraction called with Tiger Stadium
2023-01-22T16:10:35.738+01:00  INFO 5507 --- [ool-3-thread-22] tourGuide.service.RewardsService         : getDistance called
2023-01-22T16:10:35.738+01:00  INFO 5507 --- [ool-3-thread-57] tourGuide.service.RewardsService         : nearAttraction called with Texas Memorial Stadium
2023-01-22T16:10:35.742+01:00  INFO 5507 --- [ool-3-thread-22] tourGuide.service.RewardsService         : nearAttraction called with Kyle Field
2023-01-22T16:10:35.738+01:00  INFO 5507 --- [ool-3-thread-43] tourGuide.service.RewardsService         : getDistance called
2023-01-22T16:10:35.738+01:00  INFO 5507 --- [pool-3-thread-7] tourGuide.service.RewardsService         : getDistance called
2023-01-22T16:10:35.742+01:00  INFO 5507 --- [ool-3-thread-43] tourGuide.service.RewardsService         : nearAttraction called with San Diego Zoo
2023-01-22T16:10:35.738+01:00  INFO 5507 --- [ool-3-thread-19] tourGuide.service.RewardsService         : getDistance called
2023-01-22T16:10:35.738+01:00  INFO 5507 --- [ool-3-thread-45] tourGuide.service.RewardsService         : getDistance called
2023-01-22T16:10:35.742+01:00  INFO 5507 --- [ool-3-thread-19] tourGuide.service.RewardsService         : nearAttraction called with Franklin Park Zoo
2023-01-22T16:10:35.742+01:00  INFO 5507 --- [ool-3-thread-45] tourGuide.service.RewardsService         : nearAttraction called with El Paso Zoo
2023-01-22T16:10:35.738+01:00  INFO 5507 --- [ool-3-thread-10] tourGuide.service.RewardsService         : getDistance called
2023-01-22T16:10:35.738+01:00  INFO 5507 --- [ool-3-thread-24] tourGuide.service.RewardsService         : getDistance called
2023-01-22T16:10:35.742+01:00  INFO 5507 --- [ool-3-thread-10] tourGuide.service.RewardsService         : nearAttraction called with Kansas City Zoo
2023-01-22T16:10:35.738+01:00  INFO 5507 --- [pool-3-thread-6] tourGuide.service.RewardsService         : nearAttraction called with Tiger Stadium
2023-01-22T16:10:35.738+01:00  INFO 5507 --- [ool-3-thread-33] tourGuide.service.RewardsService         : nearAttraction called with Neyland Stadium
2023-01-22T16:10:35.738+01:00  INFO 5507 --- [ool-3-thread-29] tourGuide.service.RewardsService         : nearAttraction called with Kyle Field
2023-01-22T16:10:35.739+01:00  INFO 5507 --- [ool-3-thread-61] tourGuide.service.RewardsService         : getDistance called
2023-01-22T16:10:35.739+01:00  INFO 5507 --- [ool-3-thread-60] tourGuide.service.RewardsService         : nearAttraction called with Zoo Tampa at Lowry Park
2023-01-22T16:10:35.739+01:00  INFO 5507 --- [ool-3-thread-36] tourGuide.service.RewardsService         : nearAttraction called with El Paso Zoo
2023-01-22T16:10:35.739+01:00  INFO 5507 --- [ool-3-thread-18] tourGuide.service.RewardsService         : getDistance called
2023-01-22T16:10:35.739+01:00  INFO 5507 --- [ool-3-thread-17] tourGuide.service.RewardsService         : getDistance called
2023-01-22T16:10:35.743+01:00  INFO 5507 --- [ool-3-thread-18] tourGuide.service.RewardsService         : nearAttraction called with Disneyland
2023-01-22T16:10:35.739+01:00  INFO 5507 --- [ool-3-thread-25] tourGuide.service.RewardsService         : getDistance called
2023-01-22T16:10:35.743+01:00  INFO 5507 --- [ool-3-thread-17] tourGuide.service.RewardsService         : nearAttraction called with Jackson Hole
2023-01-22T16:10:35.739+01:00  INFO 5507 --- [ool-3-thread-46] tourGuide.service.RewardsService         : getDistance called
2023-01-22T16:10:35.743+01:00  INFO 5507 --- [ool-3-thread-17] tourGuide.service.RewardsService         : getDistance called
2023-01-22T16:10:35.739+01:00  INFO 5507 --- [ool-3-thread-39] tourGuide.service.RewardsService         : nearAttraction called with Disneyland
2023-01-22T16:10:35.743+01:00  INFO 5507 --- [ool-3-thread-17] tourGuide.service.RewardsService         : nearAttraction called with Buffalo National River
2023-01-22T16:10:35.739+01:00  INFO 5507 --- [ool-3-thread-26] tourGuide.service.RewardsService         : getDistance called
2023-01-22T16:10:35.739+01:00  INFO 5507 --- [ool-3-thread-41] tourGuide.service.RewardsService         : nearAttraction called with Mojave National Preserve
2023-01-22T16:10:35.743+01:00  INFO 5507 --- [ool-3-thread-26] tourGuide.service.RewardsService         : nearAttraction called with Hot Springs National Park
2023-01-22T16:10:35.739+01:00  INFO 5507 --- [ool-3-thread-40] tourGuide.service.RewardsService         : getDistance called
2023-01-22T16:10:35.739+01:00  INFO 5507 --- [ool-3-thread-65] tourGuide.service.RewardsService         : nearAttraction called with Joshua Tree National Park
2023-01-22T16:10:35.739+01:00  INFO 5507 --- [ool-3-thread-37] tourGuide.service.RewardsService         : getDistance called
2023-01-22T16:10:35.739+01:00  INFO 5507 --- [pool-3-thread-3] tourGuide.service.RewardsService         : getDistance called
2023-01-22T16:10:35.743+01:00  INFO 5507 --- [ool-3-thread-37] tourGuide.service.RewardsService         : nearAttraction called with Legend Valley
2023-01-22T16:10:35.739+01:00  INFO 5507 --- [ool-3-thread-20] tourGuide.service.RewardsService         : nearAttraction called with Kartchner Caverns State Park
2023-01-22T16:10:35.743+01:00  INFO 5507 --- [pool-3-thread-3] tourGuide.service.RewardsService         : nearAttraction called with Flowers Bakery of London
2023-01-22T16:10:35.743+01:00  INFO 5507 --- [ool-3-thread-20] tourGuide.service.RewardsService         : getDistance called
2023-01-22T16:10:35.743+01:00  INFO 5507 --- [pool-3-thread-3] tourGuide.service.RewardsService         : getDistance called
2023-01-22T16:10:35.743+01:00  INFO 5507 --- [ool-3-thread-20] tourGuide.service.RewardsService         : nearAttraction called with McKinley Tower
2023-01-22T16:10:35.743+01:00  INFO 5507 --- [pool-3-thread-3] tourGuide.service.RewardsService         : nearAttraction called with Flatiron Building
2023-01-22T16:10:35.739+01:00  INFO 5507 --- [ool-3-thread-69] tourGuide.service.RewardsService         : nearAttraction called with Legend Valley
2023-01-22T16:10:35.739+01:00  INFO 5507 --- [ool-3-thread-38] tourGuide.service.RewardsService         : nearAttraction called with Flowers Bakery of London
2023-01-22T16:10:35.739+01:00  INFO 5507 --- [ool-3-thread-66] tourGuide.service.RewardsService         : nearAttraction called with Flatiron Building
2023-01-22T16:10:35.739+01:00  INFO 5507 --- [ool-3-thread-49] tourGuide.service.RewardsService         : getDistance called
2023-01-22T16:10:35.740+01:00  INFO 5507 --- [ool-3-thread-44] tourGuide.service.RewardsService         : getDistance called
2023-01-22T16:10:35.740+01:00  INFO 5507 --- [ool-3-thread-42] tourGuide.service.RewardsService         : nearAttraction called with Union Station
2023-01-22T16:10:35.744+01:00  INFO 5507 --- [ool-3-thread-44] tourGuide.service.RewardsService         : nearAttraction called with Union Station
2023-01-22T16:10:35.744+01:00  INFO 5507 --- [ool-3-thread-42] tourGuide.service.RewardsService         : getDistance called
2023-01-22T16:10:35.740+01:00  INFO 5507 --- [ool-3-thread-14] tourGuide.service.RewardsService         : getDistance called
2023-01-22T16:10:35.744+01:00  INFO 5507 --- [ool-3-thread-42] tourGuide.service.RewardsService         : nearAttraction called with Roger Dean Stadium
2023-01-22T16:10:35.740+01:00  INFO 5507 --- [ool-3-thread-11] tourGuide.service.RewardsService         : nearAttraction called with Roger Dean Stadium
2023-01-22T16:10:35.740+01:00  INFO 5507 --- [ool-3-thread-70] tourGuide.service.RewardsService         : nearAttraction called with Bryant-Denny Stadium
2023-01-22T16:10:35.740+01:00  INFO 5507 --- [ool-3-thread-27] tourGuide.service.RewardsService         : getDistance called
2023-01-22T16:10:35.740+01:00  INFO 5507 --- [pool-3-thread-4] tourGuide.service.RewardsService         : getDistance called
2023-01-22T16:10:35.744+01:00  INFO 5507 --- [ool-3-thread-27] tourGuide.service.RewardsService         : nearAttraction called with Bryant-Denny Stadium
2023-01-22T16:10:35.740+01:00  INFO 5507 --- [ool-3-thread-48] tourGuide.service.RewardsService         : getDistance called
2023-01-22T16:10:35.744+01:00  INFO 5507 --- [pool-3-thread-4] tourGuide.service.RewardsService         : nearAttraction called with Tiger Stadium
2023-01-22T16:10:35.740+01:00  INFO 5507 --- [ool-3-thread-47] tourGuide.service.RewardsService         : getDistance called
2023-01-22T16:10:35.740+01:00  INFO 5507 --- [ool-3-thread-55] tourGuide.service.RewardsService         : nearAttraction called with Neyland Stadium
2023-01-22T16:10:35.744+01:00  INFO 5507 --- [ool-3-thread-47] tourGuide.service.RewardsService         : nearAttraction called with Kyle Field
2023-01-22T16:10:35.740+01:00  INFO 5507 --- [ool-3-thread-54] tourGuide.service.RewardsService         : getDistance called
2023-01-22T16:10:35.740+01:00  INFO 5507 --- [ool-3-thread-15] tourGuide.service.RewardsService         : nearAttraction called with San Diego Zoo
2023-01-22T16:10:35.740+01:00  INFO 5507 --- [ool-3-thread-28] tourGuide.service.RewardsService         : nearAttraction called with Franklin Park Zoo
2023-01-22T16:10:35.740+01:00  INFO 5507 --- [ool-3-thread-50] tourGuide.service.RewardsService         : getDistance called
2023-01-22T16:10:35.740+01:00  INFO 5507 --- [pool-3-thread-9] tourGuide.service.RewardsService         : nearAttraction called with El Paso Zoo
2023-01-22T16:10:35.744+01:00  INFO 5507 --- [ool-3-thread-50] tourGuide.service.RewardsService         : nearAttraction called with Zoo Tampa at Lowry Park
2023-01-22T16:10:35.744+01:00  INFO 5507 --- [pool-3-thread-9] tourGuide.service.RewardsService         : getDistance called
2023-01-22T16:10:35.740+01:00  INFO 5507 --- [pool-3-thread-8] tourGuide.service.RewardsService         : getDistance called
2023-01-22T16:10:35.740+01:00  INFO 5507 --- [ool-3-thread-13] tourGuide.service.RewardsService         : nearAttraction called with Bronx Zoo
2023-01-22T16:10:35.745+01:00  INFO 5507 --- [pool-3-thread-9] tourGuide.service.RewardsService         : nearAttraction called with Franklin Park Zoo
2023-01-22T16:10:35.741+01:00  INFO 5507 --- [ool-3-thread-32] tourGuide.service.RewardsService         : getDistance called
2023-01-22T16:10:35.741+01:00  INFO 5507 --- [ool-3-thread-63] tourGuide.service.RewardsService         : getDistance called
2023-01-22T16:10:35.741+01:00  INFO 5507 --- [ool-3-thread-51] tourGuide.service.RewardsService         : getDistance called
2023-01-22T16:10:35.745+01:00  INFO 5507 --- [ool-3-thread-63] tourGuide.service.RewardsService         : nearAttraction called with Bronx Zoo
2023-01-22T16:10:35.741+01:00  INFO 5507 --- [ool-3-thread-12] tourGuide.service.RewardsService         : getDistance called
2023-01-22T16:10:35.741+01:00  INFO 5507 --- [ool-3-thread-34] tourGuide.service.RewardsService         : nearAttraction called with Joshua Tree National Park
2023-01-22T16:10:35.745+01:00  INFO 5507 --- [ool-3-thread-12] tourGuide.service.RewardsService         : nearAttraction called with Disneyland
2023-01-22T16:10:35.741+01:00  INFO 5507 --- [ool-3-thread-35] tourGuide.service.RewardsService         : getDistance called
2023-01-22T16:10:35.741+01:00  INFO 5507 --- [ool-3-thread-31] tourGuide.service.RewardsService         : getDistance called
2023-01-22T16:10:35.745+01:00  INFO 5507 --- [ool-3-thread-35] tourGuide.service.RewardsService         : nearAttraction called with Jackson Hole
2023-01-22T16:10:35.741+01:00  INFO 5507 --- [pool-3-thread-1] tourGuide.service.RewardsService         : nearAttraction called with Buffalo National River
2023-01-22T16:10:35.741+01:00  INFO 5507 --- [ool-3-thread-59] tourGuide.service.RewardsService         : getDistance called
2023-01-22T16:10:35.741+01:00  INFO 5507 --- [ool-3-thread-68] tourGuide.service.RewardsService         : getDistance called
2023-01-22T16:10:35.745+01:00  INFO 5507 --- [ool-3-thread-59] tourGuide.service.RewardsService         : nearAttraction called with Joshua Tree National Park
2023-01-22T16:10:35.741+01:00  INFO 5507 --- [ool-3-thread-64] tourGuide.service.RewardsService         : getDistance called
2023-01-22T16:10:35.741+01:00  INFO 5507 --- [pool-3-thread-5] tourGuide.service.RewardsService         : getDistance called
2023-01-22T16:10:35.745+01:00  INFO 5507 --- [ool-3-thread-64] tourGuide.service.RewardsService         : nearAttraction called with Hot Springs National Park
2023-01-22T16:10:35.741+01:00  INFO 5507 --- [ool-3-thread-30] tourGuide.service.RewardsService         : nearAttraction called with Flowers Bakery of London
2023-01-22T16:10:35.741+01:00  INFO 5507 --- [ool-3-thread-67] tourGuide.service.RewardsService         : getDistance called
2023-01-22T16:10:35.741+01:00  INFO 5507 --- [ool-3-thread-52] tourGuide.service.RewardsService         : getDistance called
2023-01-22T16:10:35.745+01:00  INFO 5507 --- [ool-3-thread-67] tourGuide.service.RewardsService         : nearAttraction called with Legend Valley
2023-01-22T16:10:35.741+01:00  INFO 5507 --- [ool-3-thread-62] tourGuide.service.RewardsService         : getDistance called
2023-01-22T16:10:35.742+01:00  INFO 5507 --- [pool-3-thread-2] tourGuide.service.RewardsService         : getDistance called
2023-01-22T16:10:35.745+01:00  INFO 5507 --- [ool-3-thread-62] tourGuide.service.RewardsService         : nearAttraction called with McKinley Tower
2023-01-22T16:10:35.742+01:00  INFO 5507 --- [ool-3-thread-16] tourGuide.service.RewardsService         : nearAttraction called with Union Station
2023-01-22T16:10:35.746+01:00  INFO 5507 --- [pool-3-thread-2] tourGuide.service.RewardsService         : nearAttraction called with Flatiron Building
2023-01-22T16:10:35.742+01:00  INFO 5507 --- [ool-3-thread-58] tourGuide.service.RewardsService         : nearAttraction called with Texas Memorial Stadium
2023-01-22T16:10:35.742+01:00  INFO 5507 --- [ool-3-thread-53] tourGuide.service.RewardsService         : nearAttraction called with Bryant-Denny Stadium
2023-01-22T16:10:35.742+01:00  INFO 5507 --- [ool-3-thread-23] tourGuide.service.RewardsService         : getDistance called
2023-01-22T16:10:35.742+01:00  INFO 5507 --- [ool-3-thread-56] tourGuide.service.RewardsService         : nearAttraction called with Neyland Stadium
2023-01-22T16:10:35.742+01:00  INFO 5507 --- [ool-3-thread-21] tourGuide.service.RewardsService         : getDistance called
2023-01-22T16:10:35.742+01:00  INFO 5507 --- [ool-3-thread-57] tourGuide.service.RewardsService         : getDistance called
2023-01-22T16:10:35.746+01:00  INFO 5507 --- [ool-3-thread-21] tourGuide.service.RewardsService         : nearAttraction called with Union Station
2023-01-22T16:10:35.742+01:00  INFO 5507 --- [ool-3-thread-22] tourGuide.service.RewardsService         : getDistance called
2023-01-22T16:10:35.742+01:00  INFO 5507 --- [pool-3-thread-7] tourGuide.service.RewardsService         : nearAttraction called with Zoo Tampa at Lowry Park
2023-01-22T16:10:35.742+01:00  INFO 5507 --- [ool-3-thread-43] tourGuide.service.RewardsService         : getDistance called
2023-01-22T16:10:35.746+01:00  INFO 5507 --- [pool-3-thread-7] tourGuide.service.RewardsService         : getDistance called
2023-01-22T16:10:35.742+01:00  INFO 5507 --- [ool-3-thread-19] tourGuide.service.RewardsService         : getDistance called
2023-01-22T16:10:35.746+01:00  INFO 5507 --- [pool-3-thread-7] tourGuide.service.RewardsService         : nearAttraction called with Tiger Stadium
2023-01-22T16:10:35.742+01:00  INFO 5507 --- [ool-3-thread-45] tourGuide.service.RewardsService         : getDistance called
2023-01-22T16:10:35.742+01:00  INFO 5507 --- [ool-3-thread-24] tourGuide.service.RewardsService         : nearAttraction called with Bronx Zoo
2023-01-22T16:10:35.746+01:00  INFO 5507 --- [ool-3-thread-45] tourGuide.service.RewardsService         : nearAttraction called with Kyle Field
2023-01-22T16:10:35.742+01:00  INFO 5507 --- [ool-3-thread-10] tourGuide.service.RewardsService         : getDistance called
2023-01-22T16:10:35.742+01:00  INFO 5507 --- [pool-3-thread-6] tourGuide.service.RewardsService         : getDistance called
2023-01-22T16:10:35.746+01:00  INFO 5507 --- [ool-3-thread-10] tourGuide.service.RewardsService         : nearAttraction called with San Diego Zoo
2023-01-22T16:10:35.743+01:00  INFO 5507 --- [ool-3-thread-29] tourGuide.service.RewardsService         : getDistance called
2023-01-22T16:10:35.743+01:00  INFO 5507 --- [ool-3-thread-33] tourGuide.service.RewardsService         : getDistance called
2023-01-22T16:10:35.746+01:00  INFO 5507 --- [ool-3-thread-29] tourGuide.service.RewardsService         : nearAttraction called with Franklin Park Zoo
2023-01-22T16:10:35.743+01:00  INFO 5507 --- [ool-3-thread-61] tourGuide.service.RewardsService         : nearAttraction called with Cinderella Castle
2023-01-22T16:10:35.743+01:00  INFO 5507 --- [ool-3-thread-60] tourGuide.service.RewardsService         : getDistance called
2023-01-22T16:10:35.743+01:00  INFO 5507 --- [ool-3-thread-36] tourGuide.service.RewardsService         : getDistance called
2023-01-22T16:10:35.746+01:00  INFO 5507 --- [ool-3-thread-60] tourGuide.service.RewardsService         : nearAttraction called with Kansas City Zoo
2023-01-22T16:10:35.743+01:00  INFO 5507 --- [ool-3-thread-18] tourGuide.service.RewardsService         : getDistance called
2023-01-22T16:10:35.743+01:00  INFO 5507 --- [ool-3-thread-25] tourGuide.service.RewardsService         : nearAttraction called with Mojave National Preserve
2023-01-22T16:10:35.743+01:00  INFO 5507 --- [ool-3-thread-46] tourGuide.service.RewardsService         : nearAttraction called with Joshua Tree National Park
2023-01-22T16:10:35.743+01:00  INFO 5507 --- [ool-3-thread-39] tourGuide.service.RewardsService         : getDistance called
2023-01-22T16:10:35.743+01:00  INFO 5507 --- [ool-3-thread-17] tourGuide.service.RewardsService         : getDistance called
2023-01-22T16:10:35.747+01:00  INFO 5507 --- [ool-3-thread-39] tourGuide.service.RewardsService         : nearAttraction called with Disneyland
2023-01-22T16:10:35.747+01:00  INFO 5507 --- [ool-3-thread-17] tourGuide.service.RewardsService         : nearAttraction called with Jackson Hole
2023-01-22T16:10:35.743+01:00  INFO 5507 --- [ool-3-thread-41] tourGuide.service.RewardsService         : getDistance called
2023-01-22T16:10:35.743+01:00  INFO 5507 --- [ool-3-thread-26] tourGuide.service.RewardsService         : getDistance called
2023-01-22T16:10:35.747+01:00  INFO 5507 --- [ool-3-thread-41] tourGuide.service.RewardsService         : nearAttraction called with Mojave National Preserve
2023-01-22T16:10:35.747+01:00  INFO 5507 --- [ool-3-thread-26] tourGuide.service.RewardsService         : nearAttraction called with Joshua Tree National Park
2023-01-22T16:10:35.747+01:00  INFO 5507 --- [ool-3-thread-41] tourGuide.service.RewardsService         : getDistance called
2023-01-22T16:10:35.743+01:00  INFO 5507 --- [ool-3-thread-40] tourGuide.service.RewardsService         : nearAttraction called with Kartchner Caverns State Park
2023-01-22T16:10:35.747+01:00  INFO 5507 --- [ool-3-thread-41] tourGuide.service.RewardsService         : nearAttraction called with Buffalo National River
2023-01-22T16:10:35.743+01:00  INFO 5507 --- [ool-3-thread-65] tourGuide.service.RewardsService         : getDistance called
2023-01-22T16:10:35.743+01:00  INFO 5507 --- [ool-3-thread-37] tourGuide.service.RewardsService         : getDistance called
2023-01-22T16:10:35.747+01:00  INFO 5507 --- [ool-3-thread-65] tourGuide.service.RewardsService         : nearAttraction called with Hot Springs National Park
2023-01-22T16:10:35.743+01:00  INFO 5507 --- [ool-3-thread-20] tourGuide.service.RewardsService         : getDistance called
2023-01-22T16:10:35.743+01:00  INFO 5507 --- [pool-3-thread-3] tourGuide.service.RewardsService         : getDistance called
2023-01-22T16:10:35.744+01:00  INFO 5507 --- [ool-3-thread-69] tourGuide.service.RewardsService         : getDistance called
2023-01-22T16:10:35.747+01:00  INFO 5507 --- [pool-3-thread-3] tourGuide.service.RewardsService         : nearAttraction called with Flowers Bakery of London
2023-01-22T16:10:35.744+01:00  INFO 5507 --- [ool-3-thread-38] tourGuide.service.RewardsService         : getDistance called
2023-01-22T16:10:35.744+01:00  INFO 5507 --- [ool-3-thread-66] tourGuide.service.RewardsService         : getDistance called
2023-01-22T16:10:35.747+01:00  INFO 5507 --- [ool-3-thread-38] tourGuide.service.RewardsService         : nearAttraction called with Flatiron Building
2023-01-22T16:10:35.747+01:00  INFO 5507 --- [ool-3-thread-66] tourGuide.service.RewardsService         : nearAttraction called with Fallingwater
2023-01-22T16:10:35.744+01:00  INFO 5507 --- [ool-3-thread-49] tourGuide.service.RewardsService         : nearAttraction called with Fallingwater
2023-01-22T16:10:35.744+01:00  INFO 5507 --- [ool-3-thread-44] tourGuide.service.RewardsService         : getDistance called
2023-01-22T16:10:35.744+01:00  INFO 5507 --- [ool-3-thread-14] tourGuide.service.RewardsService         : nearAttraction called with Texas Memorial Stadium
2023-01-22T16:10:35.747+01:00  INFO 5507 --- [ool-3-thread-44] tourGuide.service.RewardsService         : nearAttraction called with Union Station
2023-01-22T16:10:35.744+01:00  INFO 5507 --- [ool-3-thread-42] tourGuide.service.RewardsService         : getDistance called
2023-01-22T16:10:35.744+01:00  INFO 5507 --- [ool-3-thread-11] tourGuide.service.RewardsService         : getDistance called
2023-01-22T16:10:35.748+01:00  INFO 5507 --- [ool-3-thread-42] tourGuide.service.RewardsService         : nearAttraction called with Roger Dean Stadium
2023-01-22T16:10:35.744+01:00  INFO 5507 --- [ool-3-thread-70] tourGuide.service.RewardsService         : getDistance called
2023-01-22T16:10:35.744+01:00  INFO 5507 --- [ool-3-thread-27] tourGuide.service.RewardsService         : getDistance called
2023-01-22T16:10:35.748+01:00  INFO 5507 --- [ool-3-thread-70] tourGuide.service.RewardsService         : nearAttraction called with Bryant-Denny Stadium
2023-01-22T16:10:35.748+01:00  INFO 5507 --- [ool-3-thread-27] tourGuide.service.RewardsService         : nearAttraction called with Tiger Stadium
2023-01-22T16:10:35.748+01:00  INFO 5507 --- [ool-3-thread-70] tourGuide.service.RewardsService         : getDistance called
2023-01-22T16:10:35.744+01:00  INFO 5507 --- [pool-3-thread-4] tourGuide.service.RewardsService         : getDistance called
2023-01-22T16:10:35.748+01:00  INFO 5507 --- [ool-3-thread-70] tourGuide.service.RewardsService         : nearAttraction called with Neyland Stadium
2023-01-22T16:10:35.744+01:00  INFO 5507 --- [ool-3-thread-48] tourGuide.service.RewardsService         : nearAttraction called with Neyland Stadium
2023-01-22T16:10:35.744+01:00  INFO 5507 --- [ool-3-thread-55] tourGuide.service.RewardsService         : getDistance called
2023-01-22T16:10:35.744+01:00  INFO 5507 --- [ool-3-thread-47] tourGuide.service.RewardsService         : getDistance called
2023-01-22T16:10:35.744+01:00  INFO 5507 --- [ool-3-thread-54] tourGuide.service.RewardsService         : nearAttraction called with San Diego Zoo
2023-01-22T16:10:35.748+01:00  INFO 5507 --- [ool-3-thread-47] tourGuide.service.RewardsService         : nearAttraction called with Zoo Tampa at Lowry Park
2023-01-22T16:10:35.744+01:00  INFO 5507 --- [ool-3-thread-15] tourGuide.service.RewardsService         : getDistance called
2023-01-22T16:10:35.744+01:00  INFO 5507 --- [ool-3-thread-28] tourGuide.service.RewardsService         : getDistance called
2023-01-22T16:10:35.748+01:00  INFO 5507 --- [ool-3-thread-15] tourGuide.service.RewardsService         : nearAttraction called with Franklin Park Zoo
2023-01-22T16:10:35.744+01:00  INFO 5507 --- [ool-3-thread-50] tourGuide.service.RewardsService         : getDistance called
2023-01-22T16:10:35.745+01:00  INFO 5507 --- [pool-3-thread-8] tourGuide.service.RewardsService         : nearAttraction called with El Paso Zoo
2023-01-22T16:10:35.748+01:00  INFO 5507 --- [ool-3-thread-50] tourGuide.service.RewardsService         : nearAttraction called with Kansas City Zoo
2023-01-22T16:10:35.745+01:00  INFO 5507 --- [ool-3-thread-13] tourGuide.service.RewardsService         : getDistance called
2023-01-22T16:10:35.745+01:00  INFO 5507 --- [pool-3-thread-9] tourGuide.service.RewardsService         : getDistance called
2023-01-22T16:10:35.745+01:00  INFO 5507 --- [ool-3-thread-32] tourGuide.service.RewardsService         : nearAttraction called with Kansas City Zoo
2023-01-22T16:10:35.748+01:00  INFO 5507 --- [pool-3-thread-9] tourGuide.service.RewardsService         : nearAttraction called with Cinderella Castle
2023-01-22T16:10:35.748+01:00  INFO 5507 --- [ool-3-thread-32] tourGuide.service.RewardsService         : getDistance called
2023-01-22T16:10:35.748+01:00  INFO 5507 --- [pool-3-thread-9] tourGuide.service.RewardsService         : getDistance called
2023-01-22T16:10:35.745+01:00  INFO 5507 --- [ool-3-thread-63] tourGuide.service.RewardsService         : getDistance called
2023-01-22T16:10:35.745+01:00  INFO 5507 --- [ool-3-thread-51] tourGuide.service.RewardsService         : nearAttraction called with Cinderella Castle
2023-01-22T16:10:35.749+01:00  INFO 5507 --- [pool-3-thread-9] tourGuide.service.RewardsService         : nearAttraction called with Jackson Hole
2023-01-22T16:10:35.749+01:00  INFO 5507 --- [ool-3-thread-51] tourGuide.service.RewardsService         : getDistance called
2023-01-22T16:10:35.745+01:00  INFO 5507 --- [ool-3-thread-34] tourGuide.service.RewardsService         : getDistance called
2023-01-22T16:10:35.749+01:00  INFO 5507 --- [ool-3-thread-51] tourGuide.service.RewardsService         : nearAttraction called with Joshua Tree National Park
2023-01-22T16:10:35.749+01:00  INFO 5507 --- [ool-3-thread-34] tourGuide.service.RewardsService         : nearAttraction called with Buffalo National River
2023-01-22T16:10:35.745+01:00  INFO 5507 --- [ool-3-thread-12] tourGuide.service.RewardsService         : getDistance called
2023-01-22T16:10:35.745+01:00  INFO 5507 --- [ool-3-thread-35] tourGuide.service.RewardsService         : getDistance called
2023-01-22T16:10:35.749+01:00  INFO 5507 --- [ool-3-thread-12] tourGuide.service.RewardsService         : nearAttraction called with Hot Springs National Park
2023-01-22T16:10:35.749+01:00  INFO 5507 --- [ool-3-thread-35] tourGuide.service.RewardsService         : nearAttraction called with Kartchner Caverns State Park
2023-01-22T16:10:35.745+01:00  INFO 5507 --- [ool-3-thread-31] tourGuide.service.RewardsService         : nearAttraction called with Mojave National Preserve
2023-01-22T16:10:35.745+01:00  INFO 5507 --- [pool-3-thread-1] tourGuide.service.RewardsService         : getDistance called
2023-01-22T16:10:35.745+01:00  INFO 5507 --- [ool-3-thread-68] tourGuide.service.RewardsService         : nearAttraction called with Buffalo National River
2023-01-22T16:10:35.749+01:00  INFO 5507 --- [pool-3-thread-1] tourGuide.service.RewardsService         : nearAttraction called with Legend Valley
2023-01-22T16:10:35.745+01:00  INFO 5507 --- [ool-3-thread-59] tourGuide.service.RewardsService         : getDistance called
2023-01-22T16:10:35.745+01:00  INFO 5507 --- [pool-3-thread-5] tourGuide.service.RewardsService         : nearAttraction called with Kartchner Caverns State Park
2023-01-22T16:10:35.745+01:00  INFO 5507 --- [ool-3-thread-64] tourGuide.service.RewardsService         : getDistance called
2023-01-22T16:10:35.745+01:00  INFO 5507 --- [ool-3-thread-30] tourGuide.service.RewardsService         : getDistance called
2023-01-22T16:10:35.749+01:00  INFO 5507 --- [ool-3-thread-64] tourGuide.service.RewardsService         : nearAttraction called with McKinley Tower
2023-01-22T16:10:35.745+01:00  INFO 5507 --- [ool-3-thread-52] tourGuide.service.RewardsService         : nearAttraction called with Flowers Bakery of London
2023-01-22T16:10:35.745+01:00  INFO 5507 --- [ool-3-thread-67] tourGuide.service.RewardsService         : getDistance called
2023-01-22T16:10:35.746+01:00  INFO 5507 --- [ool-3-thread-62] tourGuide.service.RewardsService         : getDistance called
2023-01-22T16:10:35.749+01:00  INFO 5507 --- [ool-3-thread-67] tourGuide.service.RewardsService         : nearAttraction called with Fallingwater
2023-01-22T16:10:35.746+01:00  INFO 5507 --- [ool-3-thread-16] tourGuide.service.RewardsService         : getDistance called
2023-01-22T16:10:35.746+01:00  INFO 5507 --- [pool-3-thread-2] tourGuide.service.RewardsService         : getDistance called
2023-01-22T16:10:35.749+01:00  INFO 5507 --- [ool-3-thread-16] tourGuide.service.RewardsService         : nearAttraction called with Roger Dean Stadium
2023-01-22T16:10:35.749+01:00  INFO 5507 --- [pool-3-thread-2] tourGuide.service.RewardsService         : nearAttraction called with Texas Memorial Stadium
2023-01-22T16:10:35.746+01:00  INFO 5507 --- [ool-3-thread-58] tourGuide.service.RewardsService         : getDistance called
2023-01-22T16:10:35.746+01:00  INFO 5507 --- [ool-3-thread-53] tourGuide.service.RewardsService         : getDistance called
2023-01-22T16:10:35.750+01:00  INFO 5507 --- [ool-3-thread-58] tourGuide.service.RewardsService         : nearAttraction called with Bryant-Denny Stadium
2023-01-22T16:10:35.746+01:00  INFO 5507 --- [ool-3-thread-23] tourGuide.service.RewardsService         : nearAttraction called with Fallingwater
2023-01-22T16:10:35.746+01:00  INFO 5507 --- [ool-3-thread-56] tourGuide.service.RewardsService         : getDistance called
2023-01-22T16:10:35.746+01:00  INFO 5507 --- [ool-3-thread-57] tourGuide.service.RewardsService         : nearAttraction called with Roger Dean Stadium
2023-01-22T16:10:35.750+01:00  INFO 5507 --- [ool-3-thread-56] tourGuide.service.RewardsService         : nearAttraction called with Neyland Stadium
2023-01-22T16:10:35.746+01:00  INFO 5507 --- [ool-3-thread-21] tourGuide.service.RewardsService         : getDistance called
2023-01-22T16:10:35.746+01:00  INFO 5507 --- [ool-3-thread-22] tourGuide.service.RewardsService         : nearAttraction called with Texas Memorial Stadium
2023-01-22T16:10:35.750+01:00  INFO 5507 --- [ool-3-thread-21] tourGuide.service.RewardsService         : nearAttraction called with Kyle Field
2023-01-22T16:10:35.746+01:00  INFO 5507 --- [ool-3-thread-43] tourGuide.service.RewardsService         : nearAttraction called with Bryant-Denny Stadium
2023-01-22T16:10:35.746+01:00  INFO 5507 --- [ool-3-thread-19] tourGuide.service.RewardsService         : nearAttraction called with Neyland Stadium
2023-01-22T16:10:35.746+01:00  INFO 5507 --- [pool-3-thread-7] tourGuide.service.RewardsService         : getDistance called
2023-01-22T16:10:35.746+01:00  INFO 5507 --- [ool-3-thread-24] tourGuide.service.RewardsService         : getDistance called
2023-01-22T16:10:35.746+01:00  INFO 5507 --- [ool-3-thread-45] tourGuide.service.RewardsService         : getDistance called
2023-01-22T16:10:35.750+01:00  INFO 5507 --- [ool-3-thread-24] tourGuide.service.RewardsService         : nearAttraction called with Zoo Tampa at Lowry Park
2023-01-22T16:10:35.746+01:00  INFO 5507 --- [pool-3-thread-6] tourGuide.service.RewardsService         : nearAttraction called with Zoo Tampa at Lowry Park
2023-01-22T16:10:35.746+01:00  INFO 5507 --- [ool-3-thread-10] tourGuide.service.RewardsService         : getDistance called
2023-01-22T16:10:35.746+01:00  INFO 5507 --- [ool-3-thread-29] tourGuide.service.RewardsService         : getDistance called
2023-01-22T16:10:35.750+01:00  INFO 5507 --- [ool-3-thread-10] tourGuide.service.RewardsService         : nearAttraction called with El Paso Zoo
2023-01-22T16:10:35.746+01:00  INFO 5507 --- [ool-3-thread-33] tourGuide.service.RewardsService         : nearAttraction called with El Paso Zoo
2023-01-22T16:10:35.746+01:00  INFO 5507 --- [ool-3-thread-61] tourGuide.service.RewardsService         : getDistance called
2023-01-22T16:10:35.746+01:00  INFO 5507 --- [ool-3-thread-60] tourGuide.service.RewardsService         : getDistance called
2023-01-22T16:10:35.747+01:00  INFO 5507 --- [ool-3-thread-36] tourGuide.service.RewardsService         : nearAttraction called with Bronx Zoo
2023-01-22T16:10:35.750+01:00  INFO 5507 --- [ool-3-thread-60] tourGuide.service.RewardsService         : nearAttraction called with Cinderella Castle
2023-01-22T16:10:35.747+01:00  INFO 5507 --- [ool-3-thread-18] tourGuide.service.RewardsService         : nearAttraction called with Cinderella Castle
2023-01-22T16:10:35.747+01:00  INFO 5507 --- [ool-3-thread-25] tourGuide.service.RewardsService         : getDistance called
2023-01-22T16:10:35.747+01:00  INFO 5507 --- [ool-3-thread-46] tourGuide.service.RewardsService         : getDistance called
2023-01-22T16:10:35.747+01:00  INFO 5507 --- [ool-3-thread-39] tourGuide.service.RewardsService         : getDistance called
2023-01-22T16:10:35.751+01:00  INFO 5507 --- [ool-3-thread-46] tourGuide.service.RewardsService         : nearAttraction called with Jackson Hole
2023-01-22T16:10:35.747+01:00  INFO 5507 --- [ool-3-thread-17] tourGuide.service.RewardsService         : getDistance called
2023-01-22T16:10:35.747+01:00  INFO 5507 --- [ool-3-thread-26] tourGuide.service.RewardsService         : getDistance called
2023-01-22T16:10:35.747+01:00  INFO 5507 --- [ool-3-thread-40] tourGuide.service.RewardsService         : getDistance called
2023-01-22T16:10:35.751+01:00  INFO 5507 --- [ool-3-thread-26] tourGuide.service.RewardsService         : nearAttraction called with Buffalo National River
2023-01-22T16:10:35.747+01:00  INFO 5507 --- [ool-3-thread-41] tourGuide.service.RewardsService         : getDistance called
2023-01-22T16:10:35.747+01:00  INFO 5507 --- [ool-3-thread-37] tourGuide.service.RewardsService         : nearAttraction called with Kartchner Caverns State Park
2023-01-22T16:10:35.751+01:00  INFO 5507 --- [ool-3-thread-41] tourGuide.service.RewardsService         : nearAttraction called with Kartchner Caverns State Park
2023-01-22T16:10:35.747+01:00  INFO 5507 --- [ool-3-thread-65] tourGuide.service.RewardsService         : getDistance called
2023-01-22T16:10:35.747+01:00  INFO 5507 --- [ool-3-thread-20] tourGuide.service.RewardsService         : nearAttraction called with Legend Valley
2023-01-22T16:10:35.751+01:00  INFO 5507 --- [ool-3-thread-65] tourGuide.service.RewardsService         : nearAttraction called with Legend Valley
2023-01-22T16:10:35.751+01:00  INFO 5507 --- [ool-3-thread-20] tourGuide.service.RewardsService         : getDistance called
2023-01-22T16:10:35.747+01:00  INFO 5507 --- [pool-3-thread-3] tourGuide.service.RewardsService         : getDistance called
2023-01-22T16:10:35.751+01:00  INFO 5507 --- [ool-3-thread-20] tourGuide.service.RewardsService         : nearAttraction called with Flowers Bakery of London
2023-01-22T16:10:35.747+01:00  INFO 5507 --- [ool-3-thread-69] tourGuide.service.RewardsService         : nearAttraction called with McKinley Tower
2023-01-22T16:10:35.747+01:00  INFO 5507 --- [ool-3-thread-38] tourGuide.service.RewardsService         : getDistance called
2023-01-22T16:10:35.747+01:00  INFO 5507 --- [ool-3-thread-66] tourGuide.service.RewardsService         : getDistance called
2023-01-22T16:10:35.751+01:00  INFO 5507 --- [ool-3-thread-38] tourGuide.service.RewardsService         : nearAttraction called with Flatiron Building
2023-01-22T16:10:35.747+01:00  INFO 5507 --- [ool-3-thread-49] tourGuide.service.RewardsService         : getDistance called
2023-01-22T16:10:35.747+01:00  INFO 5507 --- [ool-3-thread-14] tourGuide.service.RewardsService         : getDistance called
2023-01-22T16:10:35.748+01:00  INFO 5507 --- [ool-3-thread-44] tourGuide.service.RewardsService         : getDistance called
2023-01-22T16:10:35.751+01:00  INFO 5507 --- [ool-3-thread-14] tourGuide.service.RewardsService         : nearAttraction called with Roger Dean Stadium
2023-01-22T16:10:35.748+01:00  INFO 5507 --- [ool-3-thread-11] tourGuide.service.RewardsService         : nearAttraction called with Texas Memorial Stadium
2023-01-22T16:10:35.751+01:00  INFO 5507 --- [ool-3-thread-44] tourGuide.service.RewardsService         : nearAttraction called with Texas Memorial Stadium
2023-01-22T16:10:35.751+01:00  INFO 5507 --- [ool-3-thread-11] tourGuide.service.RewardsService         : getDistance called
2023-01-22T16:10:35.751+01:00  INFO 5507 --- [ool-3-thread-44] tourGuide.service.RewardsService         : getDistance called
2023-01-22T16:10:35.751+01:00  INFO 5507 --- [ool-3-thread-11] tourGuide.service.RewardsService         : nearAttraction called with Bryant-Denny Stadium
2023-01-22T16:10:35.748+01:00  INFO 5507 --- [ool-3-thread-42] tourGuide.service.RewardsService         : getDistance called
2023-01-22T16:10:35.748+01:00  INFO 5507 --- [ool-3-thread-27] tourGuide.service.RewardsService         : getDistance called
2023-01-22T16:10:35.752+01:00  INFO 5507 --- [ool-3-thread-42] tourGuide.service.RewardsService         : nearAttraction called with Neyland Stadium
2023-01-22T16:10:35.748+01:00  INFO 5507 --- [pool-3-thread-4] tourGuide.service.RewardsService         : nearAttraction called with Kyle Field
2023-01-22T16:10:35.748+01:00  INFO 5507 --- [ool-3-thread-70] tourGuide.service.RewardsService         : getDistance called
2023-01-22T16:10:35.748+01:00  INFO 5507 --- [ool-3-thread-48] tourGuide.service.RewardsService         : getDistance called
2023-01-22T16:10:35.752+01:00  INFO 5507 --- [ool-3-thread-70] tourGuide.service.RewardsService         : nearAttraction called with San Diego Zoo
2023-01-22T16:10:35.748+01:00  INFO 5507 --- [ool-3-thread-55] tourGuide.service.RewardsService         : nearAttraction called with San Diego Zoo
2023-01-22T16:10:35.748+01:00  INFO 5507 --- [ool-3-thread-54] tourGuide.service.RewardsService         : getDistance called
2023-01-22T16:10:35.748+01:00  INFO 5507 --- [ool-3-thread-47] tourGuide.service.RewardsService         : getDistance called
2023-01-22T16:10:35.752+01:00  INFO 5507 --- [ool-3-thread-54] tourGuide.service.RewardsService         : nearAttraction called with Franklin Park Zoo
2023-01-22T16:10:35.748+01:00  INFO 5507 --- [ool-3-thread-28] tourGuide.service.RewardsService         : nearAttraction called with El Paso Zoo
2023-01-22T16:10:35.748+01:00  INFO 5507 --- [ool-3-thread-15] tourGuide.service.RewardsService         : getDistance called
2023-01-22T16:10:35.748+01:00  INFO 5507 --- [pool-3-thread-8] tourGuide.service.RewardsService         : getDistance called
2023-01-22T16:10:35.748+01:00  INFO 5507 --- [ool-3-thread-50] tourGuide.service.RewardsService         : getDistance called
2023-01-22T16:10:35.748+01:00  INFO 5507 --- [ool-3-thread-13] tourGuide.service.RewardsService         : nearAttraction called with Bronx Zoo
2023-01-22T16:10:35.752+01:00  INFO 5507 --- [ool-3-thread-50] tourGuide.service.RewardsService         : nearAttraction called with Cinderella Castle
2023-01-22T16:10:35.748+01:00  INFO 5507 --- [ool-3-thread-32] tourGuide.service.RewardsService         : nearAttraction called with Disneyland
2023-01-22T16:10:35.749+01:00  INFO 5507 --- [ool-3-thread-63] tourGuide.service.RewardsService         : nearAttraction called with Mojave National Preserve
2023-01-22T16:10:35.749+01:00  INFO 5507 --- [pool-3-thread-9] tourGuide.service.RewardsService         : getDistance called
2023-01-22T16:10:35.749+01:00  INFO 5507 --- [ool-3-thread-51] tourGuide.service.RewardsService         : getDistance called
2023-01-22T16:10:35.752+01:00  INFO 5507 --- [pool-3-thread-9] tourGuide.service.RewardsService         : nearAttraction called with Disneyland
2023-01-22T16:10:35.749+01:00  INFO 5507 --- [ool-3-thread-34] tourGuide.service.RewardsService         : getDistance called
2023-01-22T16:10:35.749+01:00  INFO 5507 --- [ool-3-thread-12] tourGuide.service.RewardsService         : getDistance called
2023-01-22T16:10:35.752+01:00  INFO 5507 --- [ool-3-thread-34] tourGuide.service.RewardsService         : nearAttraction called with Mojave National Preserve
2023-01-22T16:10:35.752+01:00  INFO 5507 --- [ool-3-thread-12] tourGuide.service.RewardsService         : nearAttraction called with Joshua Tree National Park
2023-01-22T16:10:35.749+01:00  INFO 5507 --- [ool-3-thread-35] tourGuide.service.RewardsService         : getDistance called
2023-01-22T16:10:35.749+01:00  INFO 5507 --- [ool-3-thread-31] tourGuide.service.RewardsService         : getDistance called
2023-01-22T16:10:35.749+01:00  INFO 5507 --- [ool-3-thread-68] tourGuide.service.RewardsService         : getDistance called
2023-01-22T16:10:35.749+01:00  INFO 5507 --- [pool-3-thread-1] tourGuide.service.RewardsService         : getDistance called
2023-01-22T16:10:35.753+01:00  INFO 5507 --- [ool-3-thread-68] tourGuide.service.RewardsService         : nearAttraction called with Kartchner Caverns State Park
2023-01-22T16:10:35.753+01:00  INFO 5507 --- [pool-3-thread-1] tourGuide.service.RewardsService         : nearAttraction called with Legend Valley
2023-01-22T16:10:35.749+01:00  INFO 5507 --- [ool-3-thread-59] tourGuide.service.RewardsService         : nearAttraction called with Flowers Bakery of London
2023-01-22T16:10:35.749+01:00  INFO 5507 --- [pool-3-thread-5] tourGuide.service.RewardsService         : getDistance called
2023-01-22T16:10:35.749+01:00  INFO 5507 --- [ool-3-thread-30] tourGuide.service.RewardsService         : nearAttraction called with Flatiron Building
2023-01-22T16:10:35.749+01:00  INFO 5507 --- [ool-3-thread-64] tourGuide.service.RewardsService         : getDistance called
2023-01-22T16:10:35.749+01:00  INFO 5507 --- [ool-3-thread-52] tourGuide.service.RewardsService         : getDistance called
2023-01-22T16:10:35.753+01:00  INFO 5507 --- [ool-3-thread-64] tourGuide.service.RewardsService         : nearAttraction called with McKinley Tower
2023-01-22T16:10:35.749+01:00  INFO 5507 --- [ool-3-thread-67] tourGuide.service.RewardsService         : getDistance called
2023-01-22T16:10:35.749+01:00  INFO 5507 --- [ool-3-thread-62] tourGuide.service.RewardsService         : nearAttraction called with Union Station
2023-01-22T16:10:35.753+01:00  INFO 5507 --- [ool-3-thread-67] tourGuide.service.RewardsService         : nearAttraction called with Fallingwater
2023-01-22T16:10:35.753+01:00  INFO 5507 --- [ool-3-thread-62] tourGuide.service.RewardsService         : getDistance called
2023-01-22T16:10:35.753+01:00  INFO 5507 --- [ool-3-thread-67] tourGuide.service.RewardsService         : getDistance called
2023-01-22T16:10:35.749+01:00  INFO 5507 --- [ool-3-thread-16] tourGuide.service.RewardsService         : getDistance called
2023-01-22T16:10:35.750+01:00  INFO 5507 --- [pool-3-thread-2] tourGuide.service.RewardsService         : getDistance called
2023-01-22T16:10:35.753+01:00  INFO 5507 --- [ool-3-thread-16] tourGuide.service.RewardsService         : nearAttraction called with Texas Memorial Stadium
2023-01-22T16:10:35.750+01:00  INFO 5507 --- [ool-3-thread-58] tourGuide.service.RewardsService         : getDistance called
2023-01-22T16:10:35.750+01:00  INFO 5507 --- [ool-3-thread-53] tourGuide.service.RewardsService         : nearAttraction called with Tiger Stadium
2023-01-22T16:10:35.753+01:00  INFO 5507 --- [ool-3-thread-58] tourGuide.service.RewardsService         : nearAttraction called with Tiger Stadium
2023-01-22T16:10:35.750+01:00  INFO 5507 --- [ool-3-thread-23] tourGuide.service.RewardsService         : getDistance called
2023-01-22T16:10:35.750+01:00  INFO 5507 --- [ool-3-thread-57] tourGuide.service.RewardsService         : getDistance called
2023-01-22T16:10:35.753+01:00  INFO 5507 --- [ool-3-thread-23] tourGuide.service.RewardsService         : nearAttraction called with Neyland Stadium
2023-01-22T16:10:35.750+01:00  INFO 5507 --- [ool-3-thread-56] tourGuide.service.RewardsService         : getDistance called
2023-01-22T16:10:35.750+01:00  INFO 5507 --- [ool-3-thread-22] tourGuide.service.RewardsService         : getDistance called
2023-01-22T16:10:35.750+01:00  INFO 5507 --- [ool-3-thread-21] tourGuide.service.RewardsService         : getDistance called
2023-01-22T16:10:35.750+01:00  INFO 5507 --- [ool-3-thread-43] tourGuide.service.RewardsService         : getDistance called
2023-01-22T16:10:35.750+01:00  INFO 5507 --- [ool-3-thread-19] tourGuide.service.RewardsService         : getDistance called
2023-01-22T16:10:35.754+01:00  INFO 5507 --- [ool-3-thread-43] tourGuide.service.RewardsService         : nearAttraction called with El Paso Zoo
2023-01-22T16:10:35.750+01:00  INFO 5507 --- [pool-3-thread-7] tourGuide.service.RewardsService         : nearAttraction called with San Diego Zoo
2023-01-22T16:10:35.754+01:00  INFO 5507 --- [ool-3-thread-19] tourGuide.service.RewardsService         : nearAttraction called with Kansas City Zoo
2023-01-22T16:10:35.754+01:00  INFO 5507 --- [pool-3-thread-7] tourGuide.service.RewardsService         : getDistance called
2023-01-22T16:10:35.754+01:00  INFO 5507 --- [ool-3-thread-19] tourGuide.service.RewardsService         : getDistance called
2023-01-22T16:10:35.750+01:00  INFO 5507 --- [ool-3-thread-45] tourGuide.service.RewardsService         : nearAttraction called with Franklin Park Zoo
2023-01-22T16:10:35.750+01:00  INFO 5507 --- [ool-3-thread-24] tourGuide.service.RewardsService         : getDistance called
2023-01-22T16:10:35.750+01:00  INFO 5507 --- [pool-3-thread-6] tourGuide.service.RewardsService         : getDistance called
2023-01-22T16:10:35.750+01:00  INFO 5507 --- [ool-3-thread-29] tourGuide.service.RewardsService         : nearAttraction called with Kansas City Zoo
2023-01-22T16:10:35.754+01:00  INFO 5507 --- [pool-3-thread-6] tourGuide.service.RewardsService         : nearAttraction called with Jackson Hole
2023-01-22T16:10:35.754+01:00  INFO 5507 --- [ool-3-thread-29] tourGuide.service.RewardsService         : getDistance called
2023-01-22T16:10:35.750+01:00  INFO 5507 --- [ool-3-thread-10] tourGuide.service.RewardsService         : getDistance called
2023-01-22T16:10:35.754+01:00  INFO 5507 --- [ool-3-thread-29] tourGuide.service.RewardsService         : nearAttraction called with Mojave National Preserve
2023-01-22T16:10:35.750+01:00  INFO 5507 --- [ool-3-thread-33] tourGuide.service.RewardsService         : getDistance called
2023-01-22T16:10:35.750+01:00  INFO 5507 --- [ool-3-thread-61] tourGuide.service.RewardsService         : nearAttraction called with Bronx Zoo
2023-01-22T16:10:35.754+01:00  INFO 5507 --- [ool-3-thread-33] tourGuide.service.RewardsService         : nearAttraction called with Buffalo National River
2023-01-22T16:10:35.754+01:00  INFO 5507 --- [ool-3-thread-61] tourGuide.service.RewardsService         : getDistance called
2023-01-22T16:10:35.750+01:00  INFO 5507 --- [ool-3-thread-36] tourGuide.service.RewardsService         : getDistance called
2023-01-22T16:10:35.754+01:00  INFO 5507 --- [ool-3-thread-61] tourGuide.service.RewardsService         : nearAttraction called with Hot Springs National Park
2023-01-22T16:10:35.750+01:00  INFO 5507 --- [ool-3-thread-60] tourGuide.service.RewardsService         : getDistance called
2023-01-22T16:10:35.750+01:00  INFO 5507 --- [ool-3-thread-18] tourGuide.service.RewardsService         : getDistance called
2023-01-22T16:10:35.754+01:00  INFO 5507 --- [ool-3-thread-60] tourGuide.service.RewardsService         : nearAttraction called with Legend Valley
2023-01-22T16:10:35.751+01:00  INFO 5507 --- [ool-3-thread-25] tourGuide.service.RewardsService         : nearAttraction called with Disneyland
2023-01-22T16:10:35.751+01:00  INFO 5507 --- [ool-3-thread-46] tourGuide.service.RewardsService         : getDistance called
2023-01-22T16:10:35.751+01:00  INFO 5507 --- [ool-3-thread-39] tourGuide.service.RewardsService         : nearAttraction called with Mojave National Preserve
2023-01-22T16:10:35.754+01:00  INFO 5507 --- [ool-3-thread-46] tourGuide.service.RewardsService         : nearAttraction called with McKinley Tower
2023-01-22T16:10:35.751+01:00  INFO 5507 --- [ool-3-thread-17] tourGuide.service.RewardsService         : nearAttraction called with Joshua Tree National Park
2023-01-22T16:10:35.751+01:00  INFO 5507 --- [ool-3-thread-40] tourGuide.service.RewardsService         : nearAttraction called with Hot Springs National Park
2023-01-22T16:10:35.751+01:00  INFO 5507 --- [ool-3-thread-26] tourGuide.service.RewardsService         : getDistance called
2023-01-22T16:10:35.751+01:00  INFO 5507 --- [ool-3-thread-37] tourGuide.service.RewardsService         : getDistance called
2023-01-22T16:10:35.755+01:00  INFO 5507 --- [ool-3-thread-26] tourGuide.service.RewardsService         : nearAttraction called with Flatiron Building
2023-01-22T16:10:35.751+01:00  INFO 5507 --- [ool-3-thread-41] tourGuide.service.RewardsService         : getDistance called
2023-01-22T16:10:35.751+01:00  INFO 5507 --- [ool-3-thread-65] tourGuide.service.RewardsService         : getDistance called
2023-01-22T16:10:35.755+01:00  INFO 5507 --- [ool-3-thread-41] tourGuide.service.RewardsService         : nearAttraction called with Union Station
2023-01-22T16:10:35.751+01:00  INFO 5507 --- [pool-3-thread-3] tourGuide.service.RewardsService         : nearAttraction called with McKinley Tower
2023-01-22T16:10:35.751+01:00  INFO 5507 --- [ool-3-thread-20] tourGuide.service.RewardsService         : getDistance called
2023-01-22T16:10:35.751+01:00  INFO 5507 --- [ool-3-thread-69] tourGuide.service.RewardsService         : getDistance called
2023-01-22T16:10:35.755+01:00  INFO 5507 --- [ool-3-thread-20] tourGuide.service.RewardsService         : nearAttraction called with Texas Memorial Stadium
2023-01-22T16:10:35.755+01:00  INFO 5507 --- [ool-3-thread-69] tourGuide.service.RewardsService         : nearAttraction called with Bryant-Denny Stadium
2023-01-22T16:10:35.755+01:00  INFO 5507 --- [ool-3-thread-69] tourGuide.service.RewardsService         : getDistance called
2023-01-22T16:10:35.751+01:00  INFO 5507 --- [ool-3-thread-38] tourGuide.service.RewardsService         : getDistance called
2023-01-22T16:10:35.755+01:00  INFO 5507 --- [ool-3-thread-69] tourGuide.service.RewardsService         : nearAttraction called with Tiger Stadium
2023-01-22T16:10:35.751+01:00  INFO 5507 --- [ool-3-thread-66] tourGuide.service.RewardsService         : nearAttraction called with Fallingwater
2023-01-22T16:10:35.751+01:00  INFO 5507 --- [ool-3-thread-49] tourGuide.service.RewardsService         : nearAttraction called with Union Station
2023-01-22T16:10:35.751+01:00  INFO 5507 --- [ool-3-thread-14] tourGuide.service.RewardsService         : getDistance called
2023-01-22T16:10:35.752+01:00  INFO 5507 --- [ool-3-thread-11] tourGuide.service.RewardsService         : getDistance called
2023-01-22T16:10:35.755+01:00  INFO 5507 --- [ool-3-thread-14] tourGuide.service.RewardsService         : nearAttraction called with Kyle Field
2023-01-22T16:10:35.752+01:00  INFO 5507 --- [ool-3-thread-44] tourGuide.service.RewardsService         : nearAttraction called with Tiger Stadium
2023-01-22T16:10:35.752+01:00  INFO 5507 --- [ool-3-thread-27] tourGuide.service.RewardsService         : nearAttraction called with Kyle Field
2023-01-22T16:10:35.752+01:00  INFO 5507 --- [ool-3-thread-42] tourGuide.service.RewardsService         : getDistance called
2023-01-22T16:10:35.752+01:00  INFO 5507 --- [pool-3-thread-4] tourGuide.service.RewardsService         : getDistance called
2023-01-22T16:10:35.752+01:00  INFO 5507 --- [ool-3-thread-48] tourGuide.service.RewardsService         : nearAttraction called with Zoo Tampa at Lowry Park
2023-01-22T16:10:35.755+01:00  INFO 5507 --- [pool-3-thread-4] tourGuide.service.RewardsService         : nearAttraction called with Franklin Park Zoo
2023-01-22T16:10:35.752+01:00  INFO 5507 --- [ool-3-thread-70] tourGuide.service.RewardsService         : getDistance called
2023-01-22T16:10:35.752+01:00  INFO 5507 --- [ool-3-thread-55] tourGuide.service.RewardsService         : getDistance called
2023-01-22T16:10:35.755+01:00  INFO 5507 --- [ool-3-thread-70] tourGuide.service.RewardsService         : nearAttraction called with El Paso Zoo
2023-01-22T16:10:35.752+01:00  INFO 5507 --- [ool-3-thread-47] tourGuide.service.RewardsService         : nearAttraction called with El Paso Zoo
2023-01-22T16:10:35.752+01:00  INFO 5507 --- [ool-3-thread-54] tourGuide.service.RewardsService         : getDistance called
2023-01-22T16:10:35.752+01:00  INFO 5507 --- [ool-3-thread-28] tourGuide.service.RewardsService         : getDistance called
2023-01-22T16:10:35.756+01:00  INFO 5507 --- [ool-3-thread-54] tourGuide.service.RewardsService         : nearAttraction called with Bronx Zoo
2023-01-22T16:10:35.752+01:00  INFO 5507 --- [ool-3-thread-15] tourGuide.service.RewardsService         : nearAttraction called with Kansas City Zoo
2023-01-22T16:10:35.752+01:00  INFO 5507 --- [pool-3-thread-8] tourGuide.service.RewardsService         : nearAttraction called with Bronx Zoo
2023-01-22T16:10:35.752+01:00  INFO 5507 --- [ool-3-thread-13] tourGuide.service.RewardsService         : getDistance called
2023-01-22T16:10:35.752+01:00  INFO 5507 --- [ool-3-thread-50] tourGuide.service.RewardsService         : getDistance called
2023-01-22T16:10:35.752+01:00  INFO 5507 --- [ool-3-thread-32] tourGuide.service.RewardsService         : getDistance called
2023-01-22T16:10:35.756+01:00  INFO 5507 --- [ool-3-thread-50] tourGuide.service.RewardsService         : nearAttraction called with Jackson Hole
2023-01-22T16:10:35.756+01:00  INFO 5507 --- [ool-3-thread-32] tourGuide.service.RewardsService         : nearAttraction called with Mojave National Preserve
2023-01-22T16:10:35.752+01:00  INFO 5507 --- [ool-3-thread-63] tourGuide.service.RewardsService         : getDistance called
2023-01-22T16:10:35.752+01:00  INFO 5507 --- [ool-3-thread-51] tourGuide.service.RewardsService         : nearAttraction called with Jackson Hole
2023-01-22T16:10:35.756+01:00  INFO 5507 --- [ool-3-thread-63] tourGuide.service.RewardsService         : nearAttraction called with Joshua Tree National Park
2023-01-22T16:10:35.752+01:00  INFO 5507 --- [pool-3-thread-9] tourGuide.service.RewardsService         : getDistance called
2023-01-22T16:10:35.752+01:00  INFO 5507 --- [ool-3-thread-34] tourGuide.service.RewardsService         : getDistance called
2023-01-22T16:10:35.756+01:00  INFO 5507 --- [pool-3-thread-9] tourGuide.service.RewardsService         : nearAttraction called with Buffalo National River
2023-01-22T16:10:35.752+01:00  INFO 5507 --- [ool-3-thread-12] tourGuide.service.RewardsService         : getDistance called
2023-01-22T16:10:35.753+01:00  INFO 5507 --- [ool-3-thread-35] tourGuide.service.RewardsService         : nearAttraction called with Buffalo National River
2023-01-22T16:10:35.753+01:00  INFO 5507 --- [ool-3-thread-31] tourGuide.service.RewardsService         : nearAttraction called with Hot Springs National Park
2023-01-22T16:10:35.753+01:00  INFO 5507 --- [ool-3-thread-68] tourGuide.service.RewardsService         : getDistance called
2023-01-22T16:10:35.753+01:00  INFO 5507 --- [pool-3-thread-1] tourGuide.service.RewardsService         : getDistance called
2023-01-22T16:10:35.757+01:00  INFO 5507 --- [ool-3-thread-68] tourGuide.service.RewardsService         : nearAttraction called with Legend Valley
2023-01-22T16:10:35.753+01:00  INFO 5507 --- [ool-3-thread-59] tourGuide.service.RewardsService         : getDistance called
2023-01-22T16:10:35.753+01:00  INFO 5507 --- [pool-3-thread-5] tourGuide.service.RewardsService         : nearAttraction called with Flowers Bakery of London
2023-01-22T16:10:35.753+01:00  INFO 5507 --- [ool-3-thread-30] tourGuide.service.RewardsService         : getDistance called
2023-01-22T16:10:35.753+01:00  INFO 5507 --- [ool-3-thread-64] tourGuide.service.RewardsService         : getDistance called
2023-01-22T16:10:35.757+01:00  INFO 5507 --- [ool-3-thread-30] tourGuide.service.RewardsService         : nearAttraction called with Flatiron Building
2023-01-22T16:10:35.757+01:00  INFO 5507 --- [ool-3-thread-64] tourGuide.service.RewardsService         : nearAttraction called with Fallingwater
2023-01-22T16:10:35.753+01:00  INFO 5507 --- [ool-3-thread-52] tourGuide.service.RewardsService         : nearAttraction called with Flatiron Building
2023-01-22T16:10:35.753+01:00  INFO 5507 --- [ool-3-thread-62] tourGuide.service.RewardsService         : nearAttraction called with Union Station
2023-01-22T16:10:35.753+01:00  INFO 5507 --- [ool-3-thread-67] tourGuide.service.RewardsService         : nearAttraction called with Roger Dean Stadium
2023-01-22T16:10:35.753+01:00  INFO 5507 --- [pool-3-thread-2] tourGuide.service.RewardsService         : nearAttraction called with Bryant-Denny Stadium
2023-01-22T16:10:35.753+01:00  INFO 5507 --- [ool-3-thread-16] tourGuide.service.RewardsService         : getDistance called
2023-01-22T16:10:35.753+01:00  INFO 5507 --- [ool-3-thread-53] tourGuide.service.RewardsService         : getDistance called
2023-01-22T16:10:35.757+01:00  INFO 5507 --- [ool-3-thread-16] tourGuide.service.RewardsService         : nearAttraction called with Union Station
2023-01-22T16:10:35.757+01:00  INFO 5507 --- [ool-3-thread-53] tourGuide.service.RewardsService         : nearAttraction called with Roger Dean Stadium
2023-01-22T16:10:35.753+01:00  INFO 5507 --- [ool-3-thread-58] tourGuide.service.RewardsService         : getDistance called
2023-01-22T16:10:35.753+01:00  INFO 5507 --- [ool-3-thread-57] tourGuide.service.RewardsService         : nearAttraction called with Kyle Field
2023-01-22T16:10:35.757+01:00  INFO 5507 --- [ool-3-thread-58] tourGuide.service.RewardsService         : nearAttraction called with Texas Memorial Stadium
2023-01-22T16:10:35.753+01:00  INFO 5507 --- [ool-3-thread-23] tourGuide.service.RewardsService         : getDistance called
2023-01-22T16:10:35.753+01:00  INFO 5507 --- [ool-3-thread-56] tourGuide.service.RewardsService         : nearAttraction called with San Diego Zoo
2023-01-22T16:10:35.757+01:00  INFO 5507 --- [ool-3-thread-23] tourGuide.service.RewardsService         : nearAttraction called with Bryant-Denny Stadium
2023-01-22T16:10:35.754+01:00  INFO 5507 --- [ool-3-thread-22] tourGuide.service.RewardsService         : nearAttraction called with Zoo Tampa at Lowry Park
2023-01-22T16:10:35.754+01:00  INFO 5507 --- [ool-3-thread-21] tourGuide.service.RewardsService         : nearAttraction called with Franklin Park Zoo
2023-01-22T16:10:35.754+01:00  INFO 5507 --- [ool-3-thread-43] tourGuide.service.RewardsService         : getDistance called
2023-01-22T16:10:35.754+01:00  INFO 5507 --- [pool-3-thread-7] tourGuide.service.RewardsService         : nearAttraction called with Bronx Zoo
2023-01-22T16:10:35.758+01:00  INFO 5507 --- [ool-3-thread-21] tourGuide.service.RewardsService         : getDistance called
2023-01-22T16:10:35.758+01:00  INFO 5507 --- [pool-3-thread-7] tourGuide.service.RewardsService         : getDistance called
2023-01-22T16:10:35.754+01:00  INFO 5507 --- [ool-3-thread-19] tourGuide.service.RewardsService         : nearAttraction called with Cinderella Castle
2023-01-22T16:10:35.758+01:00  INFO 5507 --- [pool-3-thread-7] tourGuide.service.RewardsService         : nearAttraction called with Kyle Field
2023-01-22T16:10:35.754+01:00  INFO 5507 --- [ool-3-thread-45] tourGuide.service.RewardsService         : getDistance called
2023-01-22T16:10:35.754+01:00  INFO 5507 --- [ool-3-thread-24] tourGuide.service.RewardsService         : nearAttraction called with Disneyland
2023-01-22T16:10:35.754+01:00  INFO 5507 --- [pool-3-thread-6] tourGuide.service.RewardsService         : getDistance called
2023-01-22T16:10:35.754+01:00  INFO 5507 --- [ool-3-thread-10] tourGuide.service.RewardsService         : nearAttraction called with Joshua Tree National Park
2023-01-22T16:10:35.758+01:00  INFO 5507 --- [pool-3-thread-6] tourGuide.service.RewardsService         : nearAttraction called with Zoo Tampa at Lowry Park
2023-01-22T16:10:35.758+01:00  INFO 5507 --- [ool-3-thread-10] tourGuide.service.RewardsService         : getDistance called
2023-01-22T16:10:35.758+01:00  INFO 5507 --- [pool-3-thread-6] tourGuide.service.RewardsService         : getDistance called
2023-01-22T16:10:35.754+01:00  INFO 5507 --- [ool-3-thread-29] tourGuide.service.RewardsService         : getDistance called
2023-01-22T16:10:35.758+01:00  INFO 5507 --- [pool-3-thread-6] tourGuide.service.RewardsService         : nearAttraction called with El Paso Zoo
2023-01-22T16:10:35.754+01:00  INFO 5507 --- [ool-3-thread-33] tourGuide.service.RewardsService         : getDistance called
2023-01-22T16:10:35.754+01:00  INFO 5507 --- [ool-3-thread-36] tourGuide.service.RewardsService         : nearAttraction called with Kartchner Caverns State Park
2023-01-22T16:10:35.758+01:00  INFO 5507 --- [ool-3-thread-33] tourGuide.service.RewardsService         : nearAttraction called with Bronx Zoo
2023-01-22T16:10:35.754+01:00  INFO 5507 --- [ool-3-thread-61] tourGuide.service.RewardsService         : getDistance called
2023-01-22T16:10:35.754+01:00  INFO 5507 --- [ool-3-thread-60] tourGuide.service.RewardsService         : getDistance called
2023-01-22T16:10:35.758+01:00  INFO 5507 --- [ool-3-thread-61] tourGuide.service.RewardsService         : nearAttraction called with Cinderella Castle
2023-01-22T16:10:35.754+01:00  INFO 5507 --- [ool-3-thread-18] tourGuide.service.RewardsService         : nearAttraction called with Flowers Bakery of London
2023-01-22T16:10:35.754+01:00  INFO 5507 --- [ool-3-thread-25] tourGuide.service.RewardsService         : getDistance called
2023-01-22T16:10:35.754+01:00  INFO 5507 --- [ool-3-thread-39] tourGuide.service.RewardsService         : getDistance called
2023-01-22T16:10:35.758+01:00  INFO 5507 --- [ool-3-thread-25] tourGuide.service.RewardsService         : nearAttraction called with Jackson Hole
2023-01-22T16:10:35.758+01:00  INFO 5507 --- [ool-3-thread-39] tourGuide.service.RewardsService         : nearAttraction called with Mojave National Preserve
2023-01-22T16:10:35.754+01:00  INFO 5507 --- [ool-3-thread-46] tourGuide.service.RewardsService         : getDistance called
2023-01-22T16:10:35.754+01:00  INFO 5507 --- [ool-3-thread-17] tourGuide.service.RewardsService         : getDistance called
2023-01-22T16:10:35.758+01:00  INFO 5507 --- [ool-3-thread-46] tourGuide.service.RewardsService         : nearAttraction called with Joshua Tree National Park
2023-01-22T16:10:35.755+01:00  INFO 5507 --- [ool-3-thread-40] tourGuide.service.RewardsService         : getDistance called
2023-01-22T16:10:35.755+01:00  INFO 5507 --- [ool-3-thread-37] tourGuide.service.RewardsService         : nearAttraction called with Fallingwater
2023-01-22T16:10:35.755+01:00  INFO 5507 --- [ool-3-thread-26] tourGuide.service.RewardsService         : getDistance called
2023-01-22T16:10:35.759+01:00  INFO 5507 --- [ool-3-thread-37] tourGuide.service.RewardsService         : getDistance called
2023-01-22T16:10:35.755+01:00  INFO 5507 --- [ool-3-thread-41] tourGuide.service.RewardsService         : getDistance called
2023-01-22T16:10:35.759+01:00  INFO 5507 --- [ool-3-thread-37] tourGuide.service.RewardsService         : nearAttraction called with Legend Valley
2023-01-22T16:10:35.755+01:00  INFO 5507 --- [ool-3-thread-65] tourGuide.service.RewardsService         : nearAttraction called with Roger Dean Stadium
2023-01-22T16:10:35.755+01:00  INFO 5507 --- [pool-3-thread-3] tourGuide.service.RewardsService         : getDistance called
2023-01-22T16:10:35.755+01:00  INFO 5507 --- [ool-3-thread-20] tourGuide.service.RewardsService         : getDistance called
2023-01-22T16:10:35.759+01:00  INFO 5507 --- [pool-3-thread-3] tourGuide.service.RewardsService         : nearAttraction called with McKinley Tower
2023-01-22T16:10:35.755+01:00  INFO 5507 --- [ool-3-thread-69] tourGuide.service.RewardsService         : getDistance called
2023-01-22T16:10:35.755+01:00  INFO 5507 --- [ool-3-thread-38] tourGuide.service.RewardsService         : nearAttraction called with Neyland Stadium
2023-01-22T16:10:35.759+01:00  INFO 5507 --- [ool-3-thread-69] tourGuide.service.RewardsService         : nearAttraction called with Fallingwater
2023-01-22T16:10:35.755+01:00  INFO 5507 --- [ool-3-thread-66] tourGuide.service.RewardsService         : getDistance called
2023-01-22T16:10:35.755+01:00  INFO 5507 --- [ool-3-thread-49] tourGuide.service.RewardsService         : getDistance called
2023-01-22T16:10:35.759+01:00  INFO 5507 --- [ool-3-thread-66] tourGuide.service.RewardsService         : nearAttraction called with Union Station
2023-01-22T16:10:35.755+01:00  INFO 5507 --- [ool-3-thread-11] tourGuide.service.RewardsService         : nearAttraction called with San Diego Zoo
2023-01-22T16:10:35.755+01:00  INFO 5507 --- [ool-3-thread-14] tourGuide.service.RewardsService         : getDistance called
2023-01-22T16:10:35.755+01:00  INFO 5507 --- [ool-3-thread-44] tourGuide.service.RewardsService         : getDistance called
2023-01-22T16:10:35.759+01:00  INFO 5507 --- [ool-3-thread-14] tourGuide.service.RewardsService         : nearAttraction called with Texas Memorial Stadium
2023-01-22T16:10:35.755+01:00  INFO 5507 --- [ool-3-thread-27] tourGuide.service.RewardsService         : getDistance called
2023-01-22T16:10:35.755+01:00  INFO 5507 --- [ool-3-thread-42] tourGuide.service.RewardsService         : nearAttraction called with Zoo Tampa at Lowry Park
2023-01-22T16:10:35.755+01:00  INFO 5507 --- [ool-3-thread-48] tourGuide.service.RewardsService         : getDistance called
2023-01-22T16:10:35.755+01:00  INFO 5507 --- [pool-3-thread-4] tourGuide.service.RewardsService         : getDistance called
2023-01-22T16:10:35.756+01:00  INFO 5507 --- [ool-3-thread-70] tourGuide.service.RewardsService         : getDistance called
2023-01-22T16:10:35.759+01:00  INFO 5507 --- [pool-3-thread-4] tourGuide.service.RewardsService         : nearAttraction called with Kyle Field
2023-01-22T16:10:35.756+01:00  INFO 5507 --- [ool-3-thread-55] tourGuide.service.RewardsService         : nearAttraction called with Kansas City Zoo
2023-01-22T16:10:35.756+01:00  INFO 5507 --- [ool-3-thread-47] tourGuide.service.RewardsService         : getDistance called
2023-01-22T16:10:35.756+01:00  INFO 5507 --- [ool-3-thread-54] tourGuide.service.RewardsService         : getDistance called
2023-01-22T16:10:35.756+01:00  INFO 5507 --- [ool-3-thread-28] tourGuide.service.RewardsService         : nearAttraction called with Cinderella Castle
2023-01-22T16:10:35.760+01:00  INFO 5507 --- [ool-3-thread-47] tourGuide.service.RewardsService         : nearAttraction called with Zoo Tampa at Lowry Park
2023-01-22T16:10:35.756+01:00  INFO 5507 --- [ool-3-thread-15] tourGuide.service.RewardsService         : getDistance called
2023-01-22T16:10:35.756+01:00  INFO 5507 --- [pool-3-thread-8] tourGuide.service.RewardsService         : getDistance called
2023-01-22T16:10:35.760+01:00  INFO 5507 --- [ool-3-thread-15] tourGuide.service.RewardsService         : nearAttraction called with El Paso Zoo
2023-01-22T16:10:35.760+01:00  INFO 5507 --- [ool-3-thread-15] tourGuide.service.RewardsService         : getDistance called
2023-01-22T16:10:35.756+01:00  INFO 5507 --- [ool-3-thread-13] tourGuide.service.RewardsService         : nearAttraction called with Disneyland
2023-01-22T16:10:35.760+01:00  INFO 5507 --- [ool-3-thread-15] tourGuide.service.RewardsService         : nearAttraction called with Bronx Zoo
2023-01-22T16:10:35.760+01:00  INFO 5507 --- [ool-3-thread-13] tourGuide.service.RewardsService         : getDistance called
2023-01-22T16:10:35.756+01:00  INFO 5507 --- [ool-3-thread-50] tourGuide.service.RewardsService         : getDistance called
2023-01-22T16:10:35.760+01:00  INFO 5507 --- [ool-3-thread-13] tourGuide.service.RewardsService         : nearAttraction called with Cinderella Castle
2023-01-22T16:10:35.756+01:00  INFO 5507 --- [ool-3-thread-32] tourGuide.service.RewardsService         : getDistance called
2023-01-22T16:10:35.756+01:00  INFO 5507 --- [ool-3-thread-51] tourGuide.service.RewardsService         : getDistance called
2023-01-22T16:10:35.756+01:00  INFO 5507 --- [ool-3-thread-63] tourGuide.service.RewardsService         : getDistance called
2023-01-22T16:10:35.756+01:00  INFO 5507 --- [ool-3-thread-34] tourGuide.service.RewardsService         : nearAttraction called with Hot Springs National Park
2023-01-22T16:10:35.760+01:00  INFO 5507 --- [ool-3-thread-63] tourGuide.service.RewardsService         : nearAttraction called with Joshua Tree National Park
2023-01-22T16:10:35.760+01:00  INFO 5507 --- [ool-3-thread-34] tourGuide.service.RewardsService         : getDistance called
2023-01-22T16:10:35.760+01:00  INFO 5507 --- [ool-3-thread-63] tourGuide.service.RewardsService         : getDistance called
2023-01-22T16:10:35.756+01:00  INFO 5507 --- [pool-3-thread-9] tourGuide.service.RewardsService         : getDistance called
2023-01-22T16:10:35.760+01:00  INFO 5507 --- [ool-3-thread-63] tourGuide.service.RewardsService         : nearAttraction called with Hot Springs National Park
2023-01-22T16:10:35.756+01:00  INFO 5507 --- [ool-3-thread-12] tourGuide.service.RewardsService         : nearAttraction called with Kartchner Caverns State Park
2023-01-22T16:10:35.760+01:00  INFO 5507 --- [ool-3-thread-63] tourGuide.service.RewardsService         : getDistance called
2023-01-22T16:10:35.757+01:00  INFO 5507 --- [ool-3-thread-35] tourGuide.service.RewardsService         : getDistance called
2023-01-22T16:10:35.760+01:00  INFO 5507 --- [ool-3-thread-63] tourGuide.service.RewardsService         : nearAttraction called with Legend Valley
2023-01-22T16:10:35.757+01:00  INFO 5507 --- [ool-3-thread-31] tourGuide.service.RewardsService         : getDistance called
2023-01-22T16:10:35.757+01:00  INFO 5507 --- [pool-3-thread-1] tourGuide.service.RewardsService         : nearAttraction called with Flowers Bakery of London
2023-01-22T16:10:35.757+01:00  INFO 5507 --- [ool-3-thread-68] tourGuide.service.RewardsService         : getDistance called
2023-01-22T16:10:35.757+01:00  INFO 5507 --- [ool-3-thread-59] tourGuide.service.RewardsService         : nearAttraction called with McKinley Tower
2023-01-22T16:10:35.760+01:00  INFO 5507 --- [ool-3-thread-68] tourGuide.service.RewardsService         : nearAttraction called with Flatiron Building
2023-01-22T16:10:35.757+01:00  INFO 5507 --- [pool-3-thread-5] tourGuide.service.RewardsService         : getDistance called
2023-01-22T16:10:35.757+01:00  INFO 5507 --- [ool-3-thread-30] tourGuide.service.RewardsService         : getDistance called
2023-01-22T16:10:35.757+01:00  INFO 5507 --- [ool-3-thread-64] tourGuide.service.RewardsService         : getDistance called
2023-01-22T16:10:35.761+01:00  INFO 5507 --- [pool-3-thread-5] tourGuide.service.RewardsService         : nearAttraction called with Fallingwater
2023-01-22T16:10:35.757+01:00  INFO 5507 --- [ool-3-thread-52] tourGuide.service.RewardsService         : getDistance called
2023-01-22T16:10:35.757+01:00  INFO 5507 --- [ool-3-thread-62] tourGuide.service.RewardsService         : getDistance called
2023-01-22T16:10:35.761+01:00  INFO 5507 --- [ool-3-thread-52] tourGuide.service.RewardsService         : nearAttraction called with Texas Memorial Stadium
2023-01-22T16:10:35.757+01:00  INFO 5507 --- [ool-3-thread-67] tourGuide.service.RewardsService         : getDistance called
2023-01-22T16:10:35.757+01:00  INFO 5507 --- [pool-3-thread-2] tourGuide.service.RewardsService         : getDistance called
2023-01-22T16:10:35.761+01:00  INFO 5507 --- [ool-3-thread-67] tourGuide.service.RewardsService         : nearAttraction called with Tiger Stadium
2023-01-22T16:10:35.757+01:00  INFO 5507 --- [ool-3-thread-16] tourGuide.service.RewardsService         : getDistance called
2023-01-22T16:10:35.757+01:00  INFO 5507 --- [ool-3-thread-53] tourGuide.service.RewardsService         : getDistance called
2023-01-22T16:10:35.761+01:00  INFO 5507 --- [ool-3-thread-16] tourGuide.service.RewardsService         : nearAttraction called with Kyle Field
2023-01-22T16:10:35.761+01:00  INFO 5507 --- [ool-3-thread-53] tourGuide.service.RewardsService         : nearAttraction called with San Diego Zoo
2023-01-22T16:10:35.757+01:00  INFO 5507 --- [ool-3-thread-57] tourGuide.service.RewardsService         : getDistance called
2023-01-22T16:10:35.757+01:00  INFO 5507 --- [ool-3-thread-58] tourGuide.service.RewardsService         : getDistance called
2023-01-22T16:10:35.761+01:00  INFO 5507 --- [ool-3-thread-57] tourGuide.service.RewardsService         : nearAttraction called with Zoo Tampa at Lowry Park
2023-01-22T16:10:35.757+01:00  INFO 5507 --- [ool-3-thread-56] tourGuide.service.RewardsService         : getDistance called
2023-01-22T16:10:35.757+01:00  INFO 5507 --- [ool-3-thread-23] tourGuide.service.RewardsService         : getDistance called
2023-01-22T16:10:35.761+01:00  INFO 5507 --- [ool-3-thread-56] tourGuide.service.RewardsService         : nearAttraction called with El Paso Zoo
2023-01-22T16:10:35.757+01:00  INFO 5507 --- [ool-3-thread-22] tourGuide.service.RewardsService         : getDistance called
2023-01-22T16:10:35.758+01:00  INFO 5507 --- [ool-3-thread-43] tourGuide.service.RewardsService         : nearAttraction called with Tiger Stadium
2023-01-22T16:10:35.758+01:00  INFO 5507 --- [ool-3-thread-21] tourGuide.service.RewardsService         : nearAttraction called with Neyland Stadium
2023-01-22T16:10:35.758+01:00  INFO 5507 --- [ool-3-thread-19] tourGuide.service.RewardsService         : getDistance called
2023-01-22T16:10:35.758+01:00  INFO 5507 --- [pool-3-thread-7] tourGuide.service.RewardsService         : getDistance called
2023-01-22T16:10:35.761+01:00  INFO 5507 --- [ool-3-thread-19] tourGuide.service.RewardsService         : nearAttraction called with Cinderella Castle
2023-01-22T16:10:35.761+01:00  INFO 5507 --- [pool-3-thread-7] tourGuide.service.RewardsService         : nearAttraction called with Disneyland
2023-01-22T16:10:35.758+01:00  INFO 5507 --- [ool-3-thread-45] tourGuide.service.RewardsService         : nearAttraction called with San Diego Zoo
2023-01-22T16:10:35.758+01:00  INFO 5507 --- [ool-3-thread-24] tourGuide.service.RewardsService         : getDistance called
2023-01-22T16:10:35.758+01:00  INFO 5507 --- [ool-3-thread-10] tourGuide.service.RewardsService         : nearAttraction called with Franklin Park Zoo
2023-01-22T16:10:35.758+01:00  INFO 5507 --- [pool-3-thread-6] tourGuide.service.RewardsService         : getDistance called
2023-01-22T16:10:35.762+01:00  INFO 5507 --- [ool-3-thread-24] tourGuide.service.RewardsService         : nearAttraction called with Jackson Hole
2023-01-22T16:10:35.762+01:00  INFO 5507 --- [pool-3-thread-6] tourGuide.service.RewardsService         : nearAttraction called with Mojave National Preserve
2023-01-22T16:10:35.758+01:00  INFO 5507 --- [ool-3-thread-29] tourGuide.service.RewardsService         : nearAttraction called with Kansas City Zoo
2023-01-22T16:10:35.758+01:00  INFO 5507 --- [ool-3-thread-36] tourGuide.service.RewardsService         : getDistance called
2023-01-22T16:10:35.758+01:00  INFO 5507 --- [ool-3-thread-33] tourGuide.service.RewardsService         : getDistance called
2023-01-22T16:10:35.762+01:00  INFO 5507 --- [ool-3-thread-36] tourGuide.service.RewardsService         : nearAttraction called with Joshua Tree National Park
2023-01-22T16:10:35.758+01:00  INFO 5507 --- [ool-3-thread-60] tourGuide.service.RewardsService         : nearAttraction called with Disneyland
2023-01-22T16:10:35.758+01:00  INFO 5507 --- [ool-3-thread-61] tourGuide.service.RewardsService         : getDistance called
2023-01-22T16:10:35.758+01:00  INFO 5507 --- [ool-3-thread-18] tourGuide.service.RewardsService         : getDistance called
2023-01-22T16:10:35.762+01:00  INFO 5507 --- [ool-3-thread-61] tourGuide.service.RewardsService         : nearAttraction called with Hot Springs National Park
2023-01-22T16:10:35.758+01:00  INFO 5507 --- [ool-3-thread-25] tourGuide.service.RewardsService         : getDistance called
2023-01-22T16:10:35.758+01:00  INFO 5507 --- [ool-3-thread-39] tourGuide.service.RewardsService         : getDistance called
2023-01-22T16:10:35.762+01:00  INFO 5507 --- [ool-3-thread-25] tourGuide.service.RewardsService         : nearAttraction called with Legend Valley
2023-01-22T16:10:35.762+01:00  INFO 5507 --- [ool-3-thread-39] tourGuide.service.RewardsService         : nearAttraction called with Flowers Bakery of London
2023-01-22T16:10:35.758+01:00  INFO 5507 --- [ool-3-thread-17] tourGuide.service.RewardsService         : nearAttraction called with Buffalo National River
2023-01-22T16:10:35.758+01:00  INFO 5507 --- [ool-3-thread-46] tourGuide.service.RewardsService         : getDistance called
2023-01-22T16:10:35.759+01:00  INFO 5507 --- [ool-3-thread-40] tourGuide.service.RewardsService         : nearAttraction called with Hot Springs National Park
2023-01-22T16:10:35.762+01:00  INFO 5507 --- [ool-3-thread-46] tourGuide.service.RewardsService         : nearAttraction called with McKinley Tower
2023-01-22T16:10:35.759+01:00  INFO 5507 --- [ool-3-thread-26] tourGuide.service.RewardsService         : nearAttraction called with Kartchner Caverns State Park
2023-01-22T16:10:35.759+01:00  INFO 5507 --- [ool-3-thread-41] tourGuide.service.RewardsService         : nearAttraction called with Flowers Bakery of London
2023-01-22T16:10:35.759+01:00  INFO 5507 --- [ool-3-thread-37] tourGuide.service.RewardsService         : getDistance called
2023-01-22T16:10:35.759+01:00  INFO 5507 --- [ool-3-thread-65] tourGuide.service.RewardsService         : getDistance called
2023-01-22T16:10:35.762+01:00  INFO 5507 --- [ool-3-thread-37] tourGuide.service.RewardsService         : nearAttraction called with Flatiron Building
2023-01-22T16:10:35.759+01:00  INFO 5507 --- [ool-3-thread-20] tourGuide.service.RewardsService         : nearAttraction called with Flatiron Building
2023-01-22T16:10:35.759+01:00  INFO 5507 --- [pool-3-thread-3] tourGuide.service.RewardsService         : getDistance called
2023-01-22T16:10:35.759+01:00  INFO 5507 --- [ool-3-thread-38] tourGuide.service.RewardsService         : getDistance called
2023-01-22T16:10:35.762+01:00  INFO 5507 --- [pool-3-thread-3] tourGuide.service.RewardsService         : nearAttraction called with Union Station
2023-01-22T16:10:35.759+01:00  INFO 5507 --- [ool-3-thread-69] tourGuide.service.RewardsService         : getDistance called
2023-01-22T16:10:35.763+01:00  INFO 5507 --- [pool-3-thread-3] tourGuide.service.RewardsService         : getDistance called
2023-01-22T16:10:35.759+01:00  INFO 5507 --- [ool-3-thread-49] tourGuide.service.RewardsService         : nearAttraction called with Roger Dean Stadium
2023-01-22T16:10:35.763+01:00  INFO 5507 --- [pool-3-thread-3] tourGuide.service.RewardsService         : nearAttraction called with Bryant-Denny Stadium
2023-01-22T16:10:35.763+01:00  INFO 5507 --- [ool-3-thread-49] tourGuide.service.RewardsService         : getDistance called
2023-01-22T16:10:35.759+01:00  INFO 5507 --- [ool-3-thread-66] tourGuide.service.RewardsService         : getDistance called
2023-01-22T16:10:35.763+01:00  INFO 5507 --- [ool-3-thread-49] tourGuide.service.RewardsService         : nearAttraction called with Tiger Stadium
2023-01-22T16:10:35.759+01:00  INFO 5507 --- [ool-3-thread-11] tourGuide.service.RewardsService         : getDistance called
2023-01-22T16:10:35.759+01:00  INFO 5507 --- [ool-3-thread-44] tourGuide.service.RewardsService         : nearAttraction called with Bryant-Denny Stadium
2023-01-22T16:10:35.759+01:00  INFO 5507 --- [ool-3-thread-14] tourGuide.service.RewardsService         : getDistance called
2023-01-22T16:10:35.759+01:00  INFO 5507 --- [ool-3-thread-27] tourGuide.service.RewardsService         : nearAttraction called with Tiger Stadium
2023-01-22T16:10:35.763+01:00  INFO 5507 --- [ool-3-thread-14] tourGuide.service.RewardsService         : nearAttraction called with San Diego Zoo
2023-01-22T16:10:35.759+01:00  INFO 5507 --- [ool-3-thread-42] tourGuide.service.RewardsService         : getDistance called
2023-01-22T16:10:35.759+01:00  INFO 5507 --- [ool-3-thread-48] tourGuide.service.RewardsService         : nearAttraction called with Neyland Stadium
2023-01-22T16:10:35.763+01:00  INFO 5507 --- [ool-3-thread-42] tourGuide.service.RewardsService         : nearAttraction called with Zoo Tampa at Lowry Park
2023-01-22T16:10:35.763+01:00  INFO 5507 --- [ool-3-thread-48] tourGuide.service.RewardsService         : getDistance called
2023-01-22T16:10:35.759+01:00  INFO 5507 --- [ool-3-thread-70] tourGuide.service.RewardsService         : nearAttraction called with San Diego Zoo
2023-01-22T16:10:35.763+01:00  INFO 5507 --- [ool-3-thread-48] tourGuide.service.RewardsService         : nearAttraction called with Franklin Park Zoo
2023-01-22T16:10:35.759+01:00  INFO 5507 --- [pool-3-thread-4] tourGuide.service.RewardsService         : getDistance called
2023-01-22T16:10:35.759+01:00  INFO 5507 --- [ool-3-thread-55] tourGuide.service.RewardsService         : getDistance called
2023-01-22T16:10:35.763+01:00  INFO 5507 --- [pool-3-thread-4] tourGuide.service.RewardsService         : nearAttraction called with El Paso Zoo
2023-01-22T16:10:35.760+01:00  INFO 5507 --- [ool-3-thread-54] tourGuide.service.RewardsService         : nearAttraction called with Franklin Park Zoo
2023-01-22T16:10:35.763+01:00  INFO 5507 --- [ool-3-thread-55] tourGuide.service.RewardsService         : nearAttraction called with Kansas City Zoo
2023-01-22T16:10:35.760+01:00  INFO 5507 --- [ool-3-thread-28] tourGuide.service.RewardsService         : getDistance called
2023-01-22T16:10:35.760+01:00  INFO 5507 --- [ool-3-thread-47] tourGuide.service.RewardsService         : getDistance called
2023-01-22T16:10:35.763+01:00  INFO 5507 --- [ool-3-thread-28] tourGuide.service.RewardsService         : nearAttraction called with Bronx Zoo
2023-01-22T16:10:35.760+01:00  INFO 5507 --- [pool-3-thread-8] tourGuide.service.RewardsService         : nearAttraction called with Kansas City Zoo
2023-01-22T16:10:35.760+01:00  INFO 5507 --- [ool-3-thread-15] tourGuide.service.RewardsService         : getDistance called
2023-01-22T16:10:35.760+01:00  INFO 5507 --- [ool-3-thread-13] tourGuide.service.RewardsService         : getDistance called
2023-01-22T16:10:35.760+01:00  INFO 5507 --- [ool-3-thread-50] tourGuide.service.RewardsService         : nearAttraction called with Disneyland
2023-01-22T16:10:35.764+01:00  INFO 5507 --- [ool-3-thread-13] tourGuide.service.RewardsService         : nearAttraction called with Jackson Hole
2023-01-22T16:10:35.764+01:00  INFO 5507 --- [ool-3-thread-50] tourGuide.service.RewardsService         : getDistance called
2023-01-22T16:10:35.760+01:00  INFO 5507 --- [ool-3-thread-32] tourGuide.service.RewardsService         : nearAttraction called with Jackson Hole
2023-01-22T16:10:35.764+01:00  INFO 5507 --- [ool-3-thread-50] tourGuide.service.RewardsService         : nearAttraction called with Mojave National Preserve
2023-01-22T16:10:35.760+01:00  INFO 5507 --- [ool-3-thread-51] tourGuide.service.RewardsService         : nearAttraction called with Mojave National Preserve
2023-01-22T16:10:35.760+01:00  INFO 5507 --- [ool-3-thread-34] tourGuide.service.RewardsService         : nearAttraction called with Buffalo National River
2023-01-22T16:10:35.760+01:00  INFO 5507 --- [pool-3-thread-9] tourGuide.service.RewardsService         : nearAttraction called with Kartchner Caverns State Park
2023-01-22T16:10:35.760+01:00  INFO 5507 --- [ool-3-thread-12] tourGuide.service.RewardsService         : getDistance called
2023-01-22T16:10:35.760+01:00  INFO 5507 --- [ool-3-thread-35] tourGuide.service.RewardsService         : nearAttraction called with Flowers Bakery of London
2023-01-22T16:10:35.760+01:00  INFO 5507 --- [ool-3-thread-63] tourGuide.service.RewardsService         : getDistance called
2023-01-22T16:10:35.760+01:00  INFO 5507 --- [ool-3-thread-31] tourGuide.service.RewardsService         : nearAttraction called with McKinley Tower
2023-01-22T16:10:35.764+01:00  INFO 5507 --- [ool-3-thread-63] tourGuide.service.RewardsService         : nearAttraction called with Buffalo National River
2023-01-22T16:10:35.760+01:00  INFO 5507 --- [pool-3-thread-1] tourGuide.service.RewardsService         : getDistance called
2023-01-22T16:10:35.760+01:00  INFO 5507 --- [ool-3-thread-59] tourGuide.service.RewardsService         : getDistance called
2023-01-22T16:10:35.764+01:00  INFO 5507 --- [pool-3-thread-1] tourGuide.service.RewardsService         : nearAttraction called with Hot Springs National Park
2023-01-22T16:10:35.764+01:00  INFO 5507 --- [ool-3-thread-59] tourGuide.service.RewardsService         : nearAttraction called with Kartchner Caverns State Park
2023-01-22T16:10:35.760+01:00  INFO 5507 --- [ool-3-thread-68] tourGuide.service.RewardsService         : getDistance called
2023-01-22T16:10:35.761+01:00  INFO 5507 --- [ool-3-thread-30] tourGuide.service.RewardsService         : nearAttraction called with Union Station
2023-01-22T16:10:35.764+01:00  INFO 5507 --- [ool-3-thread-68] tourGuide.service.RewardsService         : nearAttraction called with Legend Valley
2023-01-22T16:10:35.764+01:00  INFO 5507 --- [ool-3-thread-30] tourGuide.service.RewardsService         : getDistance called
2023-01-22T16:10:35.761+01:00  INFO 5507 --- [ool-3-thread-64] tourGuide.service.RewardsService         : nearAttraction called with Roger Dean Stadium
2023-01-22T16:10:35.764+01:00  INFO 5507 --- [ool-3-thread-30] tourGuide.service.RewardsService         : nearAttraction called with Flowers Bakery of London
2023-01-22T16:10:35.761+01:00  INFO 5507 --- [pool-3-thread-5] tourGuide.service.RewardsService         : getDistance called
2023-01-22T16:10:35.761+01:00  INFO 5507 --- [ool-3-thread-62] tourGuide.service.RewardsService         : nearAttraction called with Bryant-Denny Stadium
2023-01-22T16:10:35.761+01:00  INFO 5507 --- [ool-3-thread-52] tourGuide.service.RewardsService         : getDistance called
2023-01-22T16:10:35.761+01:00  INFO 5507 --- [pool-3-thread-2] tourGuide.service.RewardsService         : nearAttraction called with Neyland Stadium
2023-01-22T16:10:35.764+01:00  INFO 5507 --- [ool-3-thread-52] tourGuide.service.RewardsService         : nearAttraction called with Flatiron Building
2023-01-22T16:10:35.761+01:00  INFO 5507 --- [ool-3-thread-67] tourGuide.service.RewardsService         : getDistance called
2023-01-22T16:10:35.761+01:00  INFO 5507 --- [ool-3-thread-16] tourGuide.service.RewardsService         : getDistance called
2023-01-22T16:10:35.765+01:00  INFO 5507 --- [ool-3-thread-52] tourGuide.service.RewardsService         : getDistance called
2023-01-22T16:10:35.765+01:00  INFO 5507 --- [ool-3-thread-67] tourGuide.service.RewardsService         : nearAttraction called with Fallingwater
2023-01-22T16:10:35.761+01:00  INFO 5507 --- [ool-3-thread-53] tourGuide.service.RewardsService         : getDistance called
2023-01-22T16:10:35.761+01:00  INFO 5507 --- [ool-3-thread-58] tourGuide.service.RewardsService         : nearAttraction called with Franklin Park Zoo
2023-01-22T16:10:35.761+01:00  INFO 5507 --- [ool-3-thread-57] tourGuide.service.RewardsService         : getDistance called
2023-01-22T16:10:35.761+01:00  INFO 5507 --- [ool-3-thread-23] tourGuide.service.RewardsService         : nearAttraction called with Kansas City Zoo
2023-01-22T16:10:35.761+01:00  INFO 5507 --- [ool-3-thread-56] tourGuide.service.RewardsService         : getDistance called
2023-01-22T16:10:35.761+01:00  INFO 5507 --- [ool-3-thread-22] tourGuide.service.RewardsService         : nearAttraction called with Bronx Zoo
2023-01-22T16:10:35.765+01:00  INFO 5507 --- [ool-3-thread-56] tourGuide.service.RewardsService         : nearAttraction called with Tiger Stadium
2023-01-22T16:10:35.761+01:00  INFO 5507 --- [ool-3-thread-43] tourGuide.service.RewardsService         : getDistance called
2023-01-22T16:10:35.761+01:00  INFO 5507 --- [ool-3-thread-21] tourGuide.service.RewardsService         : getDistance called
2023-01-22T16:10:35.765+01:00  INFO 5507 --- [ool-3-thread-43] tourGuide.service.RewardsService         : nearAttraction called with Neyland Stadium
2023-01-22T16:10:35.761+01:00  INFO 5507 --- [ool-3-thread-19] tourGuide.service.RewardsService         : getDistance called
2023-01-22T16:10:35.761+01:00  INFO 5507 --- [pool-3-thread-7] tourGuide.service.RewardsService         : getDistance called
2023-01-22T16:10:35.765+01:00  INFO 5507 --- [ool-3-thread-19] tourGuide.service.RewardsService         : nearAttraction called with San Diego Zoo
2023-01-22T16:10:35.761+01:00  INFO 5507 --- [ool-3-thread-45] tourGuide.service.RewardsService         : getDistance called
2023-01-22T16:10:35.762+01:00  INFO 5507 --- [ool-3-thread-10] tourGuide.service.RewardsService         : getDistance called
2023-01-22T16:10:35.762+01:00  INFO 5507 --- [ool-3-thread-24] tourGuide.service.RewardsService         : getDistance called
2023-01-22T16:10:35.765+01:00  INFO 5507 --- [ool-3-thread-10] tourGuide.service.RewardsService         : nearAttraction called with El Paso Zoo
2023-01-22T16:10:35.762+01:00  INFO 5507 --- [pool-3-thread-6] tourGuide.service.RewardsService         : getDistance called
2023-01-22T16:10:35.762+01:00  INFO 5507 --- [ool-3-thread-29] tourGuide.service.RewardsService         : getDistance called
2023-01-22T16:10:35.765+01:00  INFO 5507 --- [pool-3-thread-6] tourGuide.service.RewardsService         : nearAttraction called with Bronx Zoo
2023-01-22T16:10:35.762+01:00  INFO 5507 --- [ool-3-thread-33] tourGuide.service.RewardsService         : nearAttraction called with Buffalo National River
2023-01-22T16:10:35.762+01:00  INFO 5507 --- [ool-3-thread-36] tourGuide.service.RewardsService         : getDistance called
2023-01-22T16:10:35.762+01:00  INFO 5507 --- [ool-3-thread-60] tourGuide.service.RewardsService         : getDistance called
2023-01-22T16:10:35.766+01:00  INFO 5507 --- [ool-3-thread-36] tourGuide.service.RewardsService         : nearAttraction called with Disneyland
2023-01-22T16:10:35.762+01:00  INFO 5507 --- [ool-3-thread-61] tourGuide.service.RewardsService         : getDistance called
2023-01-22T16:10:35.762+01:00  INFO 5507 --- [ool-3-thread-18] tourGuide.service.RewardsService         : nearAttraction called with Kartchner Caverns State Park
2023-01-22T16:10:35.766+01:00  INFO 5507 --- [ool-3-thread-61] tourGuide.service.RewardsService         : nearAttraction called with Mojave National Preserve
2023-01-22T16:10:35.766+01:00  INFO 5507 --- [ool-3-thread-18] tourGuide.service.RewardsService         : getDistance called
2023-01-22T16:10:35.762+01:00  INFO 5507 --- [ool-3-thread-25] tourGuide.service.RewardsService         : getDistance called
2023-01-22T16:10:35.766+01:00  INFO 5507 --- [ool-3-thread-18] tourGuide.service.RewardsService         : nearAttraction called with Joshua Tree National Park
2023-01-22T16:10:35.766+01:00  INFO 5507 --- [ool-3-thread-25] tourGuide.service.RewardsService         : nearAttraction called with Buffalo National River
2023-01-22T16:10:35.766+01:00  INFO 5507 --- [ool-3-thread-18] tourGuide.service.RewardsService         : getDistance called
2023-01-22T16:10:35.762+01:00  INFO 5507 --- [ool-3-thread-39] tourGuide.service.RewardsService         : getDistance called
2023-01-22T16:10:35.762+01:00  INFO 5507 --- [ool-3-thread-17] tourGuide.service.RewardsService         : getDistance called
2023-01-22T16:10:35.766+01:00  INFO 5507 --- [ool-3-thread-39] tourGuide.service.RewardsService         : nearAttraction called with Kartchner Caverns State Park
2023-01-22T16:10:35.762+01:00  INFO 5507 --- [ool-3-thread-40] tourGuide.service.RewardsService         : getDistance called
2023-01-22T16:10:35.762+01:00  INFO 5507 --- [ool-3-thread-46] tourGuide.service.RewardsService         : getDistance called
2023-01-22T16:10:35.766+01:00  INFO 5507 --- [ool-3-thread-40] tourGuide.service.RewardsService         : nearAttraction called with Flowers Bakery of London
2023-01-22T16:10:35.762+01:00  INFO 5507 --- [ool-3-thread-26] tourGuide.service.RewardsService         : getDistance called
2023-01-22T16:10:35.762+01:00  INFO 5507 --- [ool-3-thread-41] tourGuide.service.RewardsService         : getDistance called
2023-01-22T16:10:35.766+01:00  INFO 5507 --- [ool-3-thread-26] tourGuide.service.RewardsService         : nearAttraction called with Flatiron Building
2023-01-22T16:10:35.766+01:00  INFO 5507 --- [ool-3-thread-41] tourGuide.service.RewardsService         : nearAttraction called with Fallingwater
2023-01-22T16:10:35.762+01:00  INFO 5507 --- [ool-3-thread-65] tourGuide.service.RewardsService         : nearAttraction called with Fallingwater
2023-01-22T16:10:35.762+01:00  INFO 5507 --- [ool-3-thread-37] tourGuide.service.RewardsService         : getDistance called
2023-01-22T16:10:35.762+01:00  INFO 5507 --- [ool-3-thread-20] tourGuide.service.RewardsService         : getDistance called
2023-01-22T16:10:35.763+01:00  INFO 5507 --- [ool-3-thread-38] tourGuide.service.RewardsService         : nearAttraction called with Roger Dean Stadium
2023-01-22T16:10:35.763+01:00  INFO 5507 --- [ool-3-thread-69] tourGuide.service.RewardsService         : nearAttraction called with Texas Memorial Stadium
2023-01-22T16:10:35.763+01:00  INFO 5507 --- [pool-3-thread-3] tourGuide.service.RewardsService         : getDistance called
2023-01-22T16:10:35.763+01:00  INFO 5507 --- [ool-3-thread-66] tourGuide.service.RewardsService         : nearAttraction called with Neyland Stadium
2023-01-22T16:10:35.763+01:00  INFO 5507 --- [ool-3-thread-49] tourGuide.service.RewardsService         : getDistance called
2023-01-22T16:10:35.767+01:00  INFO 5507 --- [pool-3-thread-3] tourGuide.service.RewardsService         : nearAttraction called with Texas Memorial Stadium
2023-01-22T16:10:35.763+01:00  INFO 5507 --- [ool-3-thread-11] tourGuide.service.RewardsService         : nearAttraction called with Kyle Field
2023-01-22T16:10:35.763+01:00  INFO 5507 --- [ool-3-thread-44] tourGuide.service.RewardsService         : getDistance called
2023-01-22T16:10:35.763+01:00  INFO 5507 --- [ool-3-thread-27] tourGuide.service.RewardsService         : getDistance called
2023-01-22T16:10:35.767+01:00  INFO 5507 --- [ool-3-thread-44] tourGuide.service.RewardsService         : nearAttraction called with Tiger Stadium
2023-01-22T16:10:35.763+01:00  INFO 5507 --- [ool-3-thread-14] tourGuide.service.RewardsService         : getDistance called
2023-01-22T16:10:35.763+01:00  INFO 5507 --- [ool-3-thread-42] tourGuide.service.RewardsService         : getDistance called
2023-01-22T16:10:35.763+01:00  INFO 5507 --- [ool-3-thread-70] tourGuide.service.RewardsService         : getDistance called
2023-01-22T16:10:35.767+01:00  INFO 5507 --- [ool-3-thread-42] tourGuide.service.RewardsService         : nearAttraction called with San Diego Zoo
2023-01-22T16:10:35.767+01:00  INFO 5507 --- [ool-3-thread-70] tourGuide.service.RewardsService         : nearAttraction called with Zoo Tampa at Lowry Park
2023-01-22T16:10:35.763+01:00  INFO 5507 --- [ool-3-thread-48] tourGuide.service.RewardsService         : getDistance called
2023-01-22T16:10:35.763+01:00  INFO 5507 --- [pool-3-thread-4] tourGuide.service.RewardsService         : getDistance called
2023-01-22T16:10:35.767+01:00  INFO 5507 --- [ool-3-thread-48] tourGuide.service.RewardsService         : nearAttraction called with Franklin Park Zoo
2023-01-22T16:10:35.763+01:00  INFO 5507 --- [ool-3-thread-54] tourGuide.service.RewardsService         : getDistance called
2023-01-22T16:10:35.763+01:00  INFO 5507 --- [ool-3-thread-55] tourGuide.service.RewardsService         : getDistance called
2023-01-22T16:10:35.767+01:00  INFO 5507 --- [ool-3-thread-54] tourGuide.service.RewardsService         : nearAttraction called with Kansas City Zoo
2023-01-22T16:10:35.763+01:00  INFO 5507 --- [ool-3-thread-47] tourGuide.service.RewardsService         : nearAttraction called with Cinderella Castle
2023-01-22T16:10:35.763+01:00  INFO 5507 --- [ool-3-thread-28] tourGuide.service.RewardsService         : getDistance called
2023-01-22T16:10:35.763+01:00  INFO 5507 --- [pool-3-thread-8] tourGuide.service.RewardsService         : getDistance called
2023-01-22T16:10:35.767+01:00  INFO 5507 --- [ool-3-thread-28] tourGuide.service.RewardsService         : nearAttraction called with Cinderella Castle
2023-01-22T16:10:35.764+01:00  INFO 5507 --- [ool-3-thread-15] tourGuide.service.RewardsService         : nearAttraction called with Disneyland
2023-01-22T16:10:35.764+01:00  INFO 5507 --- [ool-3-thread-13] tourGuide.service.RewardsService         : getDistance called
2023-01-22T16:10:35.764+01:00  INFO 5507 --- [ool-3-thread-32] tourGuide.service.RewardsService         : getDistance called
2023-01-22T16:10:35.767+01:00  INFO 5507 --- [ool-3-thread-13] tourGuide.service.RewardsService         : nearAttraction called with Jackson Hole
2023-01-22T16:10:35.764+01:00  INFO 5507 --- [ool-3-thread-50] tourGuide.service.RewardsService         : getDistance called
2023-01-22T16:10:35.764+01:00  INFO 5507 --- [ool-3-thread-51] tourGuide.service.RewardsService         : getDistance called
2023-01-22T16:10:35.764+01:00  INFO 5507 --- [ool-3-thread-34] tourGuide.service.RewardsService         : getDistance called
2023-01-22T16:10:35.764+01:00  INFO 5507 --- [pool-3-thread-9] tourGuide.service.RewardsService         : getDistance called
2023-01-22T16:10:35.768+01:00  INFO 5507 --- [ool-3-thread-34] tourGuide.service.RewardsService         : nearAttraction called with Hot Springs National Park
2023-01-22T16:10:35.764+01:00  INFO 5507 --- [ool-3-thread-12] tourGuide.service.RewardsService         : nearAttraction called with Joshua Tree National Park
2023-01-22T16:10:35.768+01:00  INFO 5507 --- [ool-3-thread-34] tourGuide.service.RewardsService         : getDistance called
2023-01-22T16:10:35.768+01:00  INFO 5507 --- [ool-3-thread-12] tourGuide.service.RewardsService         : getDistance called
2023-01-22T16:10:35.764+01:00  INFO 5507 --- [ool-3-thread-35] tourGuide.service.RewardsService         : getDistance called
2023-01-22T16:10:35.768+01:00  INFO 5507 --- [ool-3-thread-12] tourGuide.service.RewardsService         : nearAttraction called with Flowers Bakery of London
2023-01-22T16:10:35.764+01:00  INFO 5507 --- [ool-3-thread-31] tourGuide.service.RewardsService         : getDistance called
2023-01-22T16:10:35.764+01:00  INFO 5507 --- [ool-3-thread-63] tourGuide.service.RewardsService         : getDistance called
2023-01-22T16:10:35.768+01:00  INFO 5507 --- [ool-3-thread-31] tourGuide.service.RewardsService         : nearAttraction called with Flatiron Building
2023-01-22T16:10:35.764+01:00  INFO 5507 --- [pool-3-thread-1] tourGuide.service.RewardsService         : getDistance called
2023-01-22T16:10:35.764+01:00  INFO 5507 --- [ool-3-thread-59] tourGuide.service.RewardsService         : getDistance called
2023-01-22T16:10:35.768+01:00  INFO 5507 --- [pool-3-thread-1] tourGuide.service.RewardsService         : nearAttraction called with Union Station
2023-01-22T16:10:35.768+01:00  INFO 5507 --- [ool-3-thread-59] tourGuide.service.RewardsService         : nearAttraction called with Roger Dean Stadium
2023-01-22T16:10:35.768+01:00  INFO 5507 --- [pool-3-thread-1] tourGuide.service.RewardsService         : getDistance called
2023-01-22T16:10:35.768+01:00  INFO 5507 --- [ool-3-thread-59] tourGuide.service.RewardsService         : getDistance called
2023-01-22T16:10:35.764+01:00  INFO 5507 --- [ool-3-thread-68] tourGuide.service.RewardsService         : getDistance called
2023-01-22T16:10:35.764+01:00  INFO 5507 --- [ool-3-thread-64] tourGuide.service.RewardsService         : getDistance called
2023-01-22T16:10:35.768+01:00  INFO 5507 --- [ool-3-thread-68] tourGuide.service.RewardsService         : nearAttraction called with Tiger Stadium
2023-01-22T16:10:35.764+01:00  INFO 5507 --- [ool-3-thread-30] tourGuide.service.RewardsService         : getDistance called
2023-01-22T16:10:35.764+01:00  INFO 5507 --- [pool-3-thread-5] tourGuide.service.RewardsService         : nearAttraction called with McKinley Tower
2023-01-22T16:10:35.768+01:00  INFO 5507 --- [ool-3-thread-30] tourGuide.service.RewardsService         : nearAttraction called with Kyle Field
2023-01-22T16:10:35.764+01:00  INFO 5507 --- [ool-3-thread-62] tourGuide.service.RewardsService         : getDistance called
2023-01-22T16:10:35.764+01:00  INFO 5507 --- [pool-3-thread-2] tourGuide.service.RewardsService         : getDistance called
2023-01-22T16:10:35.768+01:00  INFO 5507 --- [ool-3-thread-62] tourGuide.service.RewardsService         : nearAttraction called with San Diego Zoo
2023-01-22T16:10:35.765+01:00  INFO 5507 --- [ool-3-thread-16] tourGuide.service.RewardsService         : nearAttraction called with Union Station
2023-01-22T16:10:35.765+01:00  INFO 5507 --- [ool-3-thread-52] tourGuide.service.RewardsService         : nearAttraction called with Roger Dean Stadium
2023-01-22T16:10:35.765+01:00  INFO 5507 --- [ool-3-thread-67] tourGuide.service.RewardsService         : getDistance called
2023-01-22T16:10:35.769+01:00  INFO 5507 --- [ool-3-thread-16] tourGuide.service.RewardsService         : getDistance called
2023-01-22T16:10:35.765+01:00  INFO 5507 --- [ool-3-thread-53] tourGuide.service.RewardsService         : nearAttraction called with Texas Memorial Stadium
2023-01-22T16:10:35.769+01:00  INFO 5507 --- [ool-3-thread-16] tourGuide.service.RewardsService         : nearAttraction called with El Paso Zoo
2023-01-22T16:10:35.765+01:00  INFO 5507 --- [ool-3-thread-58] tourGuide.service.RewardsService         : getDistance called
2023-01-22T16:10:35.765+01:00  INFO 5507 --- [ool-3-thread-57] tourGuide.service.RewardsService         : nearAttraction called with Bryant-Denny Stadium
2023-01-22T16:10:35.769+01:00  INFO 5507 --- [ool-3-thread-58] tourGuide.service.RewardsService         : nearAttraction called with Kansas City Zoo
2023-01-22T16:10:35.765+01:00  INFO 5507 --- [ool-3-thread-23] tourGuide.service.RewardsService         : getDistance called
2023-01-22T16:10:35.765+01:00  INFO 5507 --- [ool-3-thread-22] tourGuide.service.RewardsService         : getDistance called
2023-01-22T16:10:35.769+01:00  INFO 5507 --- [ool-3-thread-23] tourGuide.service.RewardsService         : nearAttraction called with Bronx Zoo
2023-01-22T16:10:35.765+01:00  INFO 5507 --- [ool-3-thread-56] tourGuide.service.RewardsService         : getDistance called
2023-01-22T16:10:35.765+01:00  INFO 5507 --- [ool-3-thread-21] tourGuide.service.RewardsService         : nearAttraction called with Kyle Field
2023-01-22T16:10:35.765+01:00  INFO 5507 --- [ool-3-thread-43] tourGuide.service.RewardsService         : getDistance called
2023-01-22T16:10:35.765+01:00  INFO 5507 --- [ool-3-thread-19] tourGuide.service.RewardsService         : getDistance called
2023-01-22T16:10:35.769+01:00  INFO 5507 --- [ool-3-thread-43] tourGuide.service.RewardsService         : nearAttraction called with Jackson Hole
2023-01-22T16:10:35.769+01:00  INFO 5507 --- [ool-3-thread-19] tourGuide.service.RewardsService         : nearAttraction called with Mojave National Preserve
2023-01-22T16:10:35.765+01:00  INFO 5507 --- [pool-3-thread-7] tourGuide.service.RewardsService         : nearAttraction called with Zoo Tampa at Lowry Park
2023-01-22T16:10:35.765+01:00  INFO 5507 --- [ool-3-thread-45] tourGuide.service.RewardsService         : nearAttraction called with Franklin Park Zoo
2023-01-22T16:10:35.765+01:00  INFO 5507 --- [ool-3-thread-24] tourGuide.service.RewardsService         : nearAttraction called with Kansas City Zoo
2023-01-22T16:10:35.765+01:00  INFO 5507 --- [ool-3-thread-10] tourGuide.service.RewardsService         : getDistance called
2023-01-22T16:10:35.765+01:00  INFO 5507 --- [ool-3-thread-29] tourGuide.service.RewardsService         : nearAttraction called with Cinderella Castle
2023-01-22T16:10:35.769+01:00  INFO 5507 --- [ool-3-thread-10] tourGuide.service.RewardsService         : nearAttraction called with Joshua Tree National Park
2023-01-22T16:10:35.765+01:00  INFO 5507 --- [pool-3-thread-6] tourGuide.service.RewardsService         : getDistance called
2023-01-22T16:10:35.766+01:00  INFO 5507 --- [ool-3-thread-33] tourGuide.service.RewardsService         : getDistance called
2023-01-22T16:10:35.769+01:00  INFO 5507 --- [pool-3-thread-6] tourGuide.service.RewardsService         : nearAttraction called with Buffalo National River
2023-01-22T16:10:35.766+01:00  INFO 5507 --- [ool-3-thread-36] tourGuide.service.RewardsService         : getDistance called
2023-01-22T16:10:35.766+01:00  INFO 5507 --- [ool-3-thread-60] tourGuide.service.RewardsService         : nearAttraction called with Jackson Hole
2023-01-22T16:10:35.766+01:00  INFO 5507 --- [ool-3-thread-61] tourGuide.service.RewardsService         : getDistance called
2023-01-22T16:10:35.766+01:00  INFO 5507 --- [ool-3-thread-25] tourGuide.service.RewardsService         : getDistance called
2023-01-22T16:10:35.766+01:00  INFO 5507 --- [ool-3-thread-18] tourGuide.service.RewardsService         : nearAttraction called with Hot Springs National Park
2023-01-22T16:10:35.766+01:00  INFO 5507 --- [ool-3-thread-17] tourGuide.service.RewardsService         : nearAttraction called with Legend Valley
2023-01-22T16:10:35.766+01:00  INFO 5507 --- [ool-3-thread-39] tourGuide.service.RewardsService         : getDistance called
2023-01-22T16:10:35.766+01:00  INFO 5507 --- [ool-3-thread-46] tourGuide.service.RewardsService         : nearAttraction called with McKinley Tower
2023-01-22T16:10:35.770+01:00  INFO 5507 --- [ool-3-thread-39] tourGuide.service.RewardsService         : nearAttraction called with McKinley Tower
2023-01-22T16:10:35.770+01:00  INFO 5507 --- [ool-3-thread-46] tourGuide.service.RewardsService         : getDistance called
2023-01-22T16:10:35.766+01:00  INFO 5507 --- [ool-3-thread-40] tourGuide.service.RewardsService         : getDistance called
2023-01-22T16:10:35.770+01:00  INFO 5507 --- [ool-3-thread-46] tourGuide.service.RewardsService         : nearAttraction called with Flatiron Building
2023-01-22T16:10:35.766+01:00  INFO 5507 --- [ool-3-thread-26] tourGuide.service.RewardsService         : getDistance called
2023-01-22T16:10:35.766+01:00  INFO 5507 --- [ool-3-thread-41] tourGuide.service.RewardsService         : getDistance called
2023-01-22T16:10:35.770+01:00  INFO 5507 --- [ool-3-thread-26] tourGuide.service.RewardsService         : nearAttraction called with Union Station
2023-01-22T16:10:35.766+01:00  INFO 5507 --- [ool-3-thread-65] tourGuide.service.RewardsService         : getDistance called
2023-01-22T16:10:35.770+01:00  INFO 5507 --- [ool-3-thread-26] tourGuide.service.RewardsService         : getDistance called
2023-01-22T16:10:35.766+01:00  INFO 5507 --- [ool-3-thread-37] tourGuide.service.RewardsService         : nearAttraction called with Union Station
2023-01-22T16:10:35.770+01:00  INFO 5507 --- [ool-3-thread-26] tourGuide.service.RewardsService         : nearAttraction called with Bryant-Denny Stadium
2023-01-22T16:10:35.770+01:00  INFO 5507 --- [ool-3-thread-37] tourGuide.service.RewardsService         : getDistance called
2023-01-22T16:10:35.770+01:00  INFO 5507 --- [ool-3-thread-26] tourGuide.service.RewardsService         : getDistance called
2023-01-22T16:10:35.766+01:00  INFO 5507 --- [ool-3-thread-20] tourGuide.service.RewardsService         : nearAttraction called with Roger Dean Stadium
2023-01-22T16:10:35.770+01:00  INFO 5507 --- [ool-3-thread-26] tourGuide.service.RewardsService         : nearAttraction called with Neyland Stadium
2023-01-22T16:10:35.770+01:00  INFO 5507 --- [ool-3-thread-20] tourGuide.service.RewardsService         : getDistance called
2023-01-22T16:10:35.770+01:00  INFO 5507 --- [ool-3-thread-26] tourGuide.service.RewardsService         : getDistance called
2023-01-22T16:10:35.766+01:00  INFO 5507 --- [ool-3-thread-38] tourGuide.service.RewardsService         : getDistance called
2023-01-22T16:10:35.770+01:00  INFO 5507 --- [ool-3-thread-26] tourGuide.service.RewardsService         : nearAttraction called with San Diego Zoo
2023-01-22T16:10:35.770+01:00  INFO 5507 --- [ool-3-thread-38] tourGuide.service.RewardsService         : nearAttraction called with Zoo Tampa at Lowry Park
2023-01-22T16:10:35.770+01:00  INFO 5507 --- [ool-3-thread-26] tourGuide.service.RewardsService         : getDistance called
2023-01-22T16:10:35.766+01:00  INFO 5507 --- [ool-3-thread-69] tourGuide.service.RewardsService         : getDistance called
2023-01-22T16:10:35.770+01:00  INFO 5507 --- [ool-3-thread-69] tourGuide.service.RewardsService         : nearAttraction called with El Paso Zoo
2023-01-22T16:10:35.767+01:00  INFO 5507 --- [ool-3-thread-66] tourGuide.service.RewardsService         : getDistance called
2023-01-22T16:10:35.767+01:00  INFO 5507 --- [pool-3-thread-3] tourGuide.service.RewardsService         : getDistance called
2023-01-22T16:10:35.767+01:00  INFO 5507 --- [ool-3-thread-49] tourGuide.service.RewardsService         : nearAttraction called with Bryant-Denny Stadium
2023-01-22T16:10:35.771+01:00  INFO 5507 --- [ool-3-thread-66] tourGuide.service.RewardsService         : nearAttraction called with Kansas City Zoo
2023-01-22T16:10:35.767+01:00  INFO 5507 --- [ool-3-thread-11] tourGuide.service.RewardsService         : getDistance called
2023-01-22T16:10:35.767+01:00  INFO 5507 --- [ool-3-thread-27] tourGuide.service.RewardsService         : nearAttraction called with Neyland Stadium
2023-01-22T16:10:35.771+01:00  INFO 5507 --- [ool-3-thread-11] tourGuide.service.RewardsService         : nearAttraction called with Cinderella Castle
2023-01-22T16:10:35.767+01:00  INFO 5507 --- [ool-3-thread-44] tourGuide.service.RewardsService         : getDistance called
2023-01-22T16:10:35.767+01:00  INFO 5507 --- [ool-3-thread-14] tourGuide.service.RewardsService         : nearAttraction called with Kyle Field
2023-01-22T16:10:35.767+01:00  INFO 5507 --- [ool-3-thread-42] tourGuide.service.RewardsService         : getDistance called
2023-01-22T16:10:35.767+01:00  INFO 5507 --- [ool-3-thread-70] tourGuide.service.RewardsService         : getDistance called
2023-01-22T16:10:35.771+01:00  INFO 5507 --- [ool-3-thread-42] tourGuide.service.RewardsService         : nearAttraction called with Jackson Hole
2023-01-22T16:10:35.771+01:00  INFO 5507 --- [ool-3-thread-70] tourGuide.service.RewardsService         : nearAttraction called with Mojave National Preserve
2023-01-22T16:10:35.767+01:00  INFO 5507 --- [pool-3-thread-4] tourGuide.service.RewardsService         : nearAttraction called with El Paso Zoo
2023-01-22T16:10:35.767+01:00  INFO 5507 --- [ool-3-thread-48] tourGuide.service.RewardsService         : getDistance called
2023-01-22T16:10:35.767+01:00  INFO 5507 --- [ool-3-thread-55] tourGuide.service.RewardsService         : nearAttraction called with Bronx Zoo
2023-01-22T16:10:35.771+01:00  INFO 5507 --- [ool-3-thread-48] tourGuide.service.RewardsService         : nearAttraction called with Joshua Tree National Park
2023-01-22T16:10:35.771+01:00  INFO 5507 --- [ool-3-thread-55] tourGuide.service.RewardsService         : getDistance called
2023-01-22T16:10:35.771+01:00  INFO 5507 --- [ool-3-thread-48] tourGuide.service.RewardsService         : getDistance called
2023-01-22T16:10:35.767+01:00  INFO 5507 --- [ool-3-thread-54] tourGuide.service.RewardsService         : getDistance called
2023-01-22T16:10:35.771+01:00  INFO 5507 --- [ool-3-thread-48] tourGuide.service.RewardsService         : nearAttraction called with Hot Springs National Park
2023-01-22T16:10:35.767+01:00  INFO 5507 --- [ool-3-thread-47] tourGuide.service.RewardsService         : getDistance called
2023-01-22T16:10:35.767+01:00  INFO 5507 --- [ool-3-thread-28] tourGuide.service.RewardsService         : getDistance called
2023-01-22T16:10:35.767+01:00  INFO 5507 --- [pool-3-thread-8] tourGuide.service.RewardsService         : nearAttraction called with Disneyland
2023-01-22T16:10:35.771+01:00  INFO 5507 --- [ool-3-thread-28] tourGuide.service.RewardsService         : nearAttraction called with Flowers Bakery of London
2023-01-22T16:10:35.771+01:00  INFO 5507 --- [pool-3-thread-8] tourGuide.service.RewardsService         : getDistance called
2023-01-22T16:10:35.767+01:00  INFO 5507 --- [ool-3-thread-15] tourGuide.service.RewardsService         : getDistance called
2023-01-22T16:10:35.771+01:00  INFO 5507 --- [pool-3-thread-8] tourGuide.service.RewardsService         : nearAttraction called with McKinley Tower
2023-01-22T16:10:35.767+01:00  INFO 5507 --- [ool-3-thread-32] tourGuide.service.RewardsService         : nearAttraction called with Mojave National Preserve
2023-01-22T16:10:35.767+01:00  INFO 5507 --- [ool-3-thread-13] tourGuide.service.RewardsService         : getDistance called
2023-01-22T16:10:35.768+01:00  INFO 5507 --- [ool-3-thread-50] tourGuide.service.RewardsService         : nearAttraction called with Joshua Tree National Park
2023-01-22T16:10:35.772+01:00  INFO 5507 --- [ool-3-thread-32] tourGuide.service.RewardsService         : getDistance called
2023-01-22T16:10:35.772+01:00  INFO 5507 --- [ool-3-thread-50] tourGuide.service.RewardsService         : getDistance called
2023-01-22T16:10:35.768+01:00  INFO 5507 --- [ool-3-thread-51] tourGuide.service.RewardsService         : nearAttraction called with Buffalo National River
2023-01-22T16:10:35.772+01:00  INFO 5507 --- [ool-3-thread-50] tourGuide.service.RewardsService         : nearAttraction called with Roger Dean Stadium
2023-01-22T16:10:35.772+01:00  INFO 5507 --- [ool-3-thread-51] tourGuide.service.RewardsService         : getDistance called
2023-01-22T16:10:35.772+01:00  INFO 5507 --- [ool-3-thread-50] tourGuide.service.RewardsService         : getDistance called
2023-01-22T16:10:35.768+01:00  INFO 5507 --- [pool-3-thread-9] tourGuide.service.RewardsService         : nearAttraction called with Kartchner Caverns State Park
2023-01-22T16:10:35.768+01:00  INFO 5507 --- [ool-3-thread-34] tourGuide.service.RewardsService         : nearAttraction called with Legend Valley
2023-01-22T16:10:35.768+01:00  INFO 5507 --- [ool-3-thread-12] tourGuide.service.RewardsService         : getDistance called
2023-01-22T16:10:35.768+01:00  INFO 5507 --- [ool-3-thread-35] tourGuide.service.RewardsService         : nearAttraction called with McKinley Tower
2023-01-22T16:10:35.772+01:00  INFO 5507 --- [ool-3-thread-12] tourGuide.service.RewardsService         : nearAttraction called with Tiger Stadium
2023-01-22T16:10:35.768+01:00  INFO 5507 --- [ool-3-thread-63] tourGuide.service.RewardsService         : nearAttraction called with Fallingwater
2023-01-22T16:10:35.768+01:00  INFO 5507 --- [ool-3-thread-31] tourGuide.service.RewardsService         : getDistance called
2023-01-22T16:10:35.768+01:00  INFO 5507 --- [pool-3-thread-1] tourGuide.service.RewardsService         : nearAttraction called with Texas Memorial Stadium
2023-01-22T16:10:35.768+01:00  INFO 5507 --- [ool-3-thread-59] tourGuide.service.RewardsService         : nearAttraction called with Bryant-Denny Stadium
2023-01-22T16:10:35.768+01:00  INFO 5507 --- [ool-3-thread-64] tourGuide.service.RewardsService         : nearAttraction called with Neyland Stadium
2023-01-22T16:10:35.768+01:00  INFO 5507 --- [ool-3-thread-68] tourGuide.service.RewardsService         : getDistance called
2023-01-22T16:10:35.768+01:00  INFO 5507 --- [pool-3-thread-5] tourGuide.service.RewardsService         : getDistance called
2023-01-22T16:10:35.772+01:00  INFO 5507 --- [ool-3-thread-68] tourGuide.service.RewardsService         : nearAttraction called with Kyle Field
2023-01-22T16:10:35.768+01:00  INFO 5507 --- [ool-3-thread-30] tourGuide.service.RewardsService         : getDistance called
2023-01-22T16:10:35.768+01:00  INFO 5507 --- [ool-3-thread-62] tourGuide.service.RewardsService         : getDistance called
2023-01-22T16:10:35.772+01:00  INFO 5507 --- [ool-3-thread-30] tourGuide.service.RewardsService         : nearAttraction called with Zoo Tampa at Lowry Park
2023-01-22T16:10:35.772+01:00  INFO 5507 --- [ool-3-thread-30] tourGuide.service.RewardsService         : getDistance called
2023-01-22T16:10:35.768+01:00  INFO 5507 --- [pool-3-thread-2] tourGuide.service.RewardsService         : nearAttraction called with Zoo Tampa at Lowry Park
2023-01-22T16:10:35.772+01:00  INFO 5507 --- [ool-3-thread-30] tourGuide.service.RewardsService         : nearAttraction called with El Paso Zoo
2023-01-22T16:10:35.769+01:00  INFO 5507 --- [ool-3-thread-52] tourGuide.service.RewardsService         : getDistance called
2023-01-22T16:10:35.769+01:00  INFO 5507 --- [ool-3-thread-67] tourGuide.service.RewardsService         : nearAttraction called with Franklin Park Zoo
2023-01-22T16:10:35.769+01:00  INFO 5507 --- [ool-3-thread-53] tourGuide.service.RewardsService         : getDistance called
2023-01-22T16:10:35.769+01:00  INFO 5507 --- [ool-3-thread-16] tourGuide.service.RewardsService         : getDistance called
2023-01-22T16:10:35.769+01:00  INFO 5507 --- [ool-3-thread-57] tourGuide.service.RewardsService         : getDistance called
2023-01-22T16:10:35.773+01:00  INFO 5507 --- [ool-3-thread-16] tourGuide.service.RewardsService         : nearAttraction called with Cinderella Castle
2023-01-22T16:10:35.769+01:00  INFO 5507 --- [ool-3-thread-58] tourGuide.service.RewardsService         : getDistance called
2023-01-22T16:10:35.769+01:00  INFO 5507 --- [ool-3-thread-23] tourGuide.service.RewardsService         : getDistance called
2023-01-22T16:10:35.773+01:00  INFO 5507 --- [ool-3-thread-58] tourGuide.service.RewardsService         : nearAttraction called with Jackson Hole
2023-01-22T16:10:35.773+01:00  INFO 5507 --- [ool-3-thread-23] tourGuide.service.RewardsService         : nearAttraction called with Mojave National Preserve
2023-01-22T16:10:35.769+01:00  INFO 5507 --- [ool-3-thread-22] tourGuide.service.RewardsService         : nearAttraction called with Cinderella Castle
2023-01-22T16:10:35.769+01:00  INFO 5507 --- [ool-3-thread-56] tourGuide.service.RewardsService         : nearAttraction called with Disneyland
2023-01-22T16:10:35.769+01:00  INFO 5507 --- [ool-3-thread-21] tourGuide.service.RewardsService         : getDistance called
2023-01-22T16:10:35.769+01:00  INFO 5507 --- [ool-3-thread-43] tourGuide.service.RewardsService         : getDistance called
2023-01-22T16:10:35.773+01:00  INFO 5507 --- [ool-3-thread-21] tourGuide.service.RewardsService         : nearAttraction called with Joshua Tree National Park
2023-01-22T16:10:35.769+01:00  INFO 5507 --- [ool-3-thread-19] tourGuide.service.RewardsService         : getDistance called
2023-01-22T16:10:35.769+01:00  INFO 5507 --- [pool-3-thread-7] tourGuide.service.RewardsService         : getDistance called
2023-01-22T16:10:35.773+01:00  INFO 5507 --- [ool-3-thread-19] tourGuide.service.RewardsService         : nearAttraction called with Hot Springs National Park
2023-01-22T16:10:35.769+01:00  INFO 5507 --- [ool-3-thread-45] tourGuide.service.RewardsService         : getDistance called
2023-01-22T16:10:35.769+01:00  INFO 5507 --- [ool-3-thread-24] tourGuide.service.RewardsService         : getDistance called
2023-01-22T16:10:35.773+01:00  INFO 5507 --- [ool-3-thread-45] tourGuide.service.RewardsService         : nearAttraction called with Legend Valley
2023-01-22T16:10:35.773+01:00  INFO 5507 --- [ool-3-thread-24] tourGuide.service.RewardsService         : nearAttraction called with Flowers Bakery of London
2023-01-22T16:10:35.769+01:00  INFO 5507 --- [ool-3-thread-29] tourGuide.service.RewardsService         : getDistance called
2023-01-22T16:10:35.769+01:00  INFO 5507 --- [ool-3-thread-10] tourGuide.service.RewardsService         : getDistance called
2023-01-22T16:10:35.769+01:00  INFO 5507 --- [ool-3-thread-33] tourGuide.service.RewardsService         : nearAttraction called with Hot Springs National Park
2023-01-22T16:10:35.769+01:00  INFO 5507 --- [pool-3-thread-6] tourGuide.service.RewardsService         : getDistance called
2023-01-22T16:10:35.769+01:00  INFO 5507 --- [ool-3-thread-36] tourGuide.service.RewardsService         : nearAttraction called with Kartchner Caverns State Park
2023-01-22T16:10:35.773+01:00  INFO 5507 --- [pool-3-thread-6] tourGuide.service.RewardsService         : nearAttraction called with Fallingwater
2023-01-22T16:10:35.773+01:00  INFO 5507 --- [ool-3-thread-36] tourGuide.service.RewardsService         : getDistance called
2023-01-22T16:10:35.769+01:00  INFO 5507 --- [ool-3-thread-60] tourGuide.service.RewardsService         : getDistance called
2023-01-22T16:10:35.770+01:00  INFO 5507 --- [ool-3-thread-61] tourGuide.service.RewardsService         : nearAttraction called with Legend Valley
2023-01-22T16:10:35.774+01:00  INFO 5507 --- [ool-3-thread-36] tourGuide.service.RewardsService         : nearAttraction called with Union Station
2023-01-22T16:10:35.770+01:00  INFO 5507 --- [ool-3-thread-18] tourGuide.service.RewardsService         : getDistance called
2023-01-22T16:10:35.770+01:00  INFO 5507 --- [ool-3-thread-25] tourGuide.service.RewardsService         : nearAttraction called with Flowers Bakery of London
2023-01-22T16:10:35.774+01:00  INFO 5507 --- [ool-3-thread-18] tourGuide.service.RewardsService         : nearAttraction called with Texas Memorial Stadium
2023-01-22T16:10:35.770+01:00  INFO 5507 --- [ool-3-thread-17] tourGuide.service.RewardsService         : getDistance called
2023-01-22T16:10:35.770+01:00  INFO 5507 --- [ool-3-thread-39] tourGuide.service.RewardsService         : getDistance called
2023-01-22T16:10:35.774+01:00  INFO 5507 --- [ool-3-thread-17] tourGuide.service.RewardsService         : nearAttraction called with Bryant-Denny Stadium
2023-01-22T16:10:35.770+01:00  INFO 5507 --- [ool-3-thread-40] tourGuide.service.RewardsService         : nearAttraction called with Fallingwater
2023-01-22T16:10:35.770+01:00  INFO 5507 --- [ool-3-thread-46] tourGuide.service.RewardsService         : getDistance called
2023-01-22T16:10:35.770+01:00  INFO 5507 --- [ool-3-thread-41] tourGuide.service.RewardsService         : nearAttraction called with Roger Dean Stadium
2023-01-22T16:10:35.770+01:00  INFO 5507 --- [ool-3-thread-65] tourGuide.service.RewardsService         : nearAttraction called with Texas Memorial Stadium
2023-01-22T16:10:35.770+01:00  INFO 5507 --- [ool-3-thread-37] tourGuide.service.RewardsService         : nearAttraction called with Tiger Stadium
2023-01-22T16:10:35.770+01:00  INFO 5507 --- [ool-3-thread-20] tourGuide.service.RewardsService         : nearAttraction called with Kyle Field
2023-01-22T16:10:35.770+01:00  INFO 5507 --- [ool-3-thread-38] tourGuide.service.RewardsService         : getDistance called
2023-01-22T16:10:35.770+01:00  INFO 5507 --- [ool-3-thread-26] tourGuide.service.RewardsService         : nearAttraction called with Franklin Park Zoo
2023-01-22T16:10:35.770+01:00  INFO 5507 --- [ool-3-thread-69] tourGuide.service.RewardsService         : getDistance called
2023-01-22T16:10:35.771+01:00  INFO 5507 --- [pool-3-thread-3] tourGuide.service.RewardsService         : nearAttraction called with Bronx Zoo
2023-01-22T16:10:35.774+01:00  INFO 5507 --- [ool-3-thread-69] tourGuide.service.RewardsService         : nearAttraction called with San Diego Zoo
2023-01-22T16:10:35.771+01:00  INFO 5507 --- [ool-3-thread-49] tourGuide.service.RewardsService         : getDistance called
2023-01-22T16:10:35.771+01:00  INFO 5507 --- [ool-3-thread-66] tourGuide.service.RewardsService         : getDistance called
2023-01-22T16:10:35.771+01:00  INFO 5507 --- [ool-3-thread-27] tourGuide.service.RewardsService         : getDistance called
2023-01-22T16:10:35.774+01:00  INFO 5507 --- [ool-3-thread-66] tourGuide.service.RewardsService         : nearAttraction called with Franklin Park Zoo
2023-01-22T16:10:35.771+01:00  INFO 5507 --- [ool-3-thread-11] tourGuide.service.RewardsService         : getDistance called
2023-01-22T16:10:35.771+01:00  INFO 5507 --- [ool-3-thread-44] tourGuide.service.RewardsService         : nearAttraction called with Disneyland
2023-01-22T16:10:35.771+01:00  INFO 5507 --- [ool-3-thread-14] tourGuide.service.RewardsService         : getDistance called
2023-01-22T16:10:35.771+01:00  INFO 5507 --- [ool-3-thread-42] tourGuide.service.RewardsService         : getDistance called
2023-01-22T16:10:35.771+01:00  INFO 5507 --- [ool-3-thread-70] tourGuide.service.RewardsService         : getDistance called
2023-01-22T16:10:35.771+01:00  INFO 5507 --- [pool-3-thread-4] tourGuide.service.RewardsService         : getDistance called
2023-01-22T16:10:35.771+01:00  INFO 5507 --- [ool-3-thread-55] tourGuide.service.RewardsService         : nearAttraction called with Buffalo National River
2023-01-22T16:10:35.771+01:00  INFO 5507 --- [ool-3-thread-54] tourGuide.service.RewardsService         : nearAttraction called with Kartchner Caverns State Park
2023-01-22T16:10:35.771+01:00  INFO 5507 --- [ool-3-thread-48] tourGuide.service.RewardsService         : getDistance called
2023-01-22T16:10:35.771+01:00  INFO 5507 --- [ool-3-thread-47] tourGuide.service.RewardsService         : nearAttraction called with Legend Valley
2023-01-22T16:10:35.775+01:00  INFO 5507 --- [ool-3-thread-48] tourGuide.service.RewardsService         : nearAttraction called with Mojave National Preserve
2023-01-22T16:10:35.771+01:00  INFO 5507 --- [ool-3-thread-28] tourGuide.service.RewardsService         : getDistance called
2023-01-22T16:10:35.771+01:00  INFO 5507 --- [ool-3-thread-15] tourGuide.service.RewardsService         : nearAttraction called with Flatiron Building
2023-01-22T16:10:35.771+01:00  INFO 5507 --- [pool-3-thread-8] tourGuide.service.RewardsService         : getDistance called
2023-01-22T16:10:35.772+01:00  INFO 5507 --- [ool-3-thread-13] tourGuide.service.RewardsService         : nearAttraction called with Fallingwater
2023-01-22T16:10:35.772+01:00  INFO 5507 --- [ool-3-thread-32] tourGuide.service.RewardsService         : nearAttraction called with Union Station
2023-01-22T16:10:35.772+01:00  INFO 5507 --- [ool-3-thread-51] tourGuide.service.RewardsService         : nearAttraction called with Texas Memorial Stadium
2023-01-22T16:10:35.772+01:00  INFO 5507 --- [ool-3-thread-50] tourGuide.service.RewardsService         : nearAttraction called with Bryant-Denny Stadium
2023-01-22T16:10:35.772+01:00  INFO 5507 --- [pool-3-thread-9] tourGuide.service.RewardsService         : getDistance called
2023-01-22T16:10:35.772+01:00  INFO 5507 --- [ool-3-thread-34] tourGuide.service.RewardsService         : getDistance called
2023-01-22T16:10:35.772+01:00  INFO 5507 --- [ool-3-thread-35] tourGuide.service.RewardsService         : getDistance called
2023-01-22T16:10:35.775+01:00  INFO 5507 --- [ool-3-thread-34] tourGuide.service.RewardsService         : nearAttraction called with Kartchner Caverns State Park
2023-01-22T16:10:35.772+01:00  INFO 5507 --- [ool-3-thread-12] tourGuide.service.RewardsService         : getDistance called
2023-01-22T16:10:35.772+01:00  INFO 5507 --- [ool-3-thread-63] tourGuide.service.RewardsService         : getDistance called
2023-01-22T16:10:35.772+01:00  INFO 5507 --- [ool-3-thread-31] tourGuide.service.RewardsService         : nearAttraction called with Neyland Stadium
2023-01-22T16:10:35.772+01:00  INFO 5507 --- [pool-3-thread-1] tourGuide.service.RewardsService         : getDistance called
2023-01-22T16:10:35.772+01:00  INFO 5507 --- [ool-3-thread-59] tourGuide.service.RewardsService         : getDistance called
2023-01-22T16:10:35.772+01:00  INFO 5507 --- [ool-3-thread-64] tourGuide.service.RewardsService         : getDistance called
2023-01-22T16:10:35.776+01:00  INFO 5507 --- [pool-3-thread-1] tourGuide.service.RewardsService         : nearAttraction called with Flatiron Building
2023-01-22T16:10:35.772+01:00  INFO 5507 --- [pool-3-thread-5] tourGuide.service.RewardsService         : nearAttraction called with San Diego Zoo
2023-01-22T16:10:35.772+01:00  INFO 5507 --- [ool-3-thread-68] tourGuide.service.RewardsService         : getDistance called
2023-01-22T16:10:35.772+01:00  INFO 5507 --- [ool-3-thread-62] tourGuide.service.RewardsService         : nearAttraction called with Franklin Park Zoo
2023-01-22T16:10:35.776+01:00  INFO 5507 --- [ool-3-thread-68] tourGuide.service.RewardsService         : nearAttraction called with Roger Dean Stadium
2023-01-22T16:10:35.776+01:00  INFO 5507 --- [ool-3-thread-62] tourGuide.service.RewardsService         : getDistance called
2023-01-22T16:10:35.772+01:00  INFO 5507 --- [pool-3-thread-2] tourGuide.service.RewardsService         : getDistance called
2023-01-22T16:10:35.776+01:00  INFO 5507 --- [ool-3-thread-62] tourGuide.service.RewardsService         : nearAttraction called with Texas Memorial Stadium
2023-01-22T16:10:35.773+01:00  INFO 5507 --- [ool-3-thread-52] tourGuide.service.RewardsService         : nearAttraction called with Kansas City Zoo
2023-01-22T16:10:35.773+01:00  INFO 5507 --- [ool-3-thread-30] tourGuide.service.RewardsService         : getDistance called
2023-01-22T16:10:35.773+01:00  INFO 5507 --- [ool-3-thread-67] tourGuide.service.RewardsService         : getDistance called
2023-01-22T16:10:35.776+01:00  INFO 5507 --- [ool-3-thread-30] tourGuide.service.RewardsService         : nearAttraction called with Tiger Stadium
2023-01-22T16:10:35.773+01:00  INFO 5507 --- [ool-3-thread-53] tourGuide.service.RewardsService         : nearAttraction called with Bronx Zoo
2023-01-22T16:10:35.773+01:00  INFO 5507 --- [ool-3-thread-16] tourGuide.service.RewardsService         : getDistance called
2023-01-22T16:10:35.773+01:00  INFO 5507 --- [ool-3-thread-57] tourGuide.service.RewardsService         : nearAttraction called with Disneyland
2023-01-22T16:10:35.776+01:00  INFO 5507 --- [ool-3-thread-16] tourGuide.service.RewardsService         : nearAttraction called with Kyle Field
2023-01-22T16:10:35.776+01:00  INFO 5507 --- [ool-3-thread-57] tourGuide.service.RewardsService         : getDistance called
2023-01-22T16:10:35.773+01:00  INFO 5507 --- [ool-3-thread-58] tourGuide.service.RewardsService         : getDistance called
2023-01-22T16:10:35.776+01:00  INFO 5507 --- [ool-3-thread-57] tourGuide.service.RewardsService         : nearAttraction called with San Diego Zoo
2023-01-22T16:10:35.773+01:00  INFO 5507 --- [ool-3-thread-23] tourGuide.service.RewardsService         : getDistance called
2023-01-22T16:10:35.773+01:00  INFO 5507 --- [ool-3-thread-22] tourGuide.service.RewardsService         : getDistance called
2023-01-22T16:10:35.776+01:00  INFO 5507 --- [ool-3-thread-23] tourGuide.service.RewardsService         : nearAttraction called with Franklin Park Zoo
2023-01-22T16:10:35.773+01:00  INFO 5507 --- [ool-3-thread-56] tourGuide.service.RewardsService         : getDistance called
2023-01-22T16:10:35.773+01:00  INFO 5507 --- [ool-3-thread-21] tourGuide.service.RewardsService         : getDistance called
2023-01-22T16:10:35.776+01:00  INFO 5507 --- [ool-3-thread-56] tourGuide.service.RewardsService         : nearAttraction called with Kansas City Zoo
2023-01-22T16:10:35.776+01:00  INFO 5507 --- [ool-3-thread-21] tourGuide.service.RewardsService         : nearAttraction called with Bronx Zoo
2023-01-22T16:10:35.773+01:00  INFO 5507 --- [ool-3-thread-43] tourGuide.service.RewardsService         : nearAttraction called with Buffalo National River
2023-01-22T16:10:35.777+01:00  INFO 5507 --- [ool-3-thread-56] tourGuide.service.RewardsService         : getDistance called
2023-01-22T16:10:35.777+01:00  INFO 5507 --- [ool-3-thread-43] tourGuide.service.RewardsService         : getDistance called
2023-01-22T16:10:35.773+01:00  INFO 5507 --- [pool-3-thread-7] tourGuide.service.RewardsService         : nearAttraction called with Kartchner Caverns State Park
2023-01-22T16:10:35.777+01:00  INFO 5507 --- [ool-3-thread-43] tourGuide.service.RewardsService         : nearAttraction called with Disneyland
2023-01-22T16:10:35.773+01:00  INFO 5507 --- [ool-3-thread-19] tourGuide.service.RewardsService         : getDistance called
2023-01-22T16:10:35.773+01:00  INFO 5507 --- [ool-3-thread-45] tourGuide.service.RewardsService         : getDistance called
2023-01-22T16:10:35.773+01:00  INFO 5507 --- [ool-3-thread-24] tourGuide.service.RewardsService         : getDistance called
2023-01-22T16:10:35.773+01:00  INFO 5507 --- [ool-3-thread-29] tourGuide.service.RewardsService         : nearAttraction called with McKinley Tower
2023-01-22T16:10:35.777+01:00  INFO 5507 --- [ool-3-thread-24] tourGuide.service.RewardsService         : nearAttraction called with Joshua Tree National Park
2023-01-22T16:10:35.773+01:00  INFO 5507 --- [ool-3-thread-10] tourGuide.service.RewardsService         : nearAttraction called with Flatiron Building
2023-01-22T16:10:35.773+01:00  INFO 5507 --- [ool-3-thread-33] tourGuide.service.RewardsService         : getDistance called
2023-01-22T16:10:35.773+01:00  INFO 5507 --- [pool-3-thread-6] tourGuide.service.RewardsService         : getDistance called
2023-01-22T16:10:35.774+01:00  INFO 5507 --- [ool-3-thread-60] tourGuide.service.RewardsService         : nearAttraction called with Roger Dean Stadium
2023-01-22T16:10:35.774+01:00  INFO 5507 --- [ool-3-thread-61] tourGuide.service.RewardsService         : getDistance called
2023-01-22T16:10:35.774+01:00  INFO 5507 --- [ool-3-thread-36] tourGuide.service.RewardsService         : getDistance called
2023-01-22T16:10:35.777+01:00  INFO 5507 --- [ool-3-thread-61] tourGuide.service.RewardsService         : nearAttraction called with Kartchner Caverns State Park
2023-01-22T16:10:35.777+01:00  INFO 5507 --- [ool-3-thread-36] tourGuide.service.RewardsService         : nearAttraction called with Legend Valley
2023-01-22T16:10:35.774+01:00  INFO 5507 --- [ool-3-thread-25] tourGuide.service.RewardsService         : getDistance called
2023-01-22T16:10:35.774+01:00  INFO 5507 --- [ool-3-thread-18] tourGuide.service.RewardsService         : getDistance called
2023-01-22T16:10:35.777+01:00  INFO 5507 --- [ool-3-thread-25] tourGuide.service.RewardsService         : nearAttraction called with Flowers Bakery of London
2023-01-22T16:10:35.777+01:00  INFO 5507 --- [ool-3-thread-18] tourGuide.service.RewardsService         : nearAttraction called with McKinley Tower
2023-01-22T16:10:35.774+01:00  INFO 5507 --- [ool-3-thread-39] tourGuide.service.RewardsService         : nearAttraction called with Tiger Stadium
2023-01-22T16:10:35.774+01:00  INFO 5507 --- [ool-3-thread-17] tourGuide.service.RewardsService         : getDistance called
2023-01-22T16:10:35.774+01:00  INFO 5507 --- [ool-3-thread-40] tourGuide.service.RewardsService         : getDistance called
2023-01-22T16:10:35.777+01:00  INFO 5507 --- [ool-3-thread-17] tourGuide.service.RewardsService         : nearAttraction called with Flatiron Building
2023-01-22T16:10:35.777+01:00  INFO 5507 --- [ool-3-thread-40] tourGuide.service.RewardsService         : nearAttraction called with Fallingwater
2023-01-22T16:10:35.774+01:00  INFO 5507 --- [ool-3-thread-46] tourGuide.service.RewardsService         : nearAttraction called with Neyland Stadium
2023-01-22T16:10:35.774+01:00  INFO 5507 --- [ool-3-thread-41] tourGuide.service.RewardsService         : getDistance called
2023-01-22T16:10:35.774+01:00  INFO 5507 --- [ool-3-thread-65] tourGuide.service.RewardsService         : getDistance called
2023-01-22T16:10:35.778+01:00  INFO 5507 --- [ool-3-thread-41] tourGuide.service.RewardsService         : nearAttraction called with Union Station
2023-01-22T16:10:35.774+01:00  INFO 5507 --- [ool-3-thread-37] tourGuide.service.RewardsService         : getDistance called
2023-01-22T16:10:35.774+01:00  INFO 5507 --- [ool-3-thread-20] tourGuide.service.RewardsService         : getDistance called
2023-01-22T16:10:35.778+01:00  INFO 5507 --- [ool-3-thread-37] tourGuide.service.RewardsService         : nearAttraction called with Texas Memorial Stadium
2023-01-22T16:10:35.774+01:00  INFO 5507 --- [ool-3-thread-38] tourGuide.service.RewardsService         : nearAttraction called with Kyle Field
2023-01-22T16:10:35.774+01:00  INFO 5507 --- [ool-3-thread-26] tourGuide.service.RewardsService         : getDistance called
2023-01-22T16:10:35.774+01:00  INFO 5507 --- [pool-3-thread-3] tourGuide.service.RewardsService         : getDistance called
2023-01-22T16:10:35.774+01:00  INFO 5507 --- [ool-3-thread-69] tourGuide.service.RewardsService         : getDistance called
2023-01-22T16:10:35.774+01:00  INFO 5507 --- [ool-3-thread-49] tourGuide.service.RewardsService         : nearAttraction called with Zoo Tampa at Lowry Park
2023-01-22T16:10:35.774+01:00  INFO 5507 --- [ool-3-thread-27] tourGuide.service.RewardsService         : nearAttraction called with El Paso Zoo
2023-01-22T16:10:35.774+01:00  INFO 5507 --- [ool-3-thread-66] tourGuide.service.RewardsService         : getDistance called
2023-01-22T16:10:35.774+01:00  INFO 5507 --- [ool-3-thread-11] tourGuide.service.RewardsService         : nearAttraction called with Kansas City Zoo
2023-01-22T16:10:35.778+01:00  INFO 5507 --- [ool-3-thread-66] tourGuide.service.RewardsService         : nearAttraction called with San Diego Zoo
2023-01-22T16:10:35.778+01:00  INFO 5507 --- [ool-3-thread-11] tourGuide.service.RewardsService         : getDistance called
2023-01-22T16:10:35.775+01:00  INFO 5507 --- [ool-3-thread-44] tourGuide.service.RewardsService         : getDistance called
2023-01-22T16:10:35.778+01:00  INFO 5507 --- [ool-3-thread-11] tourGuide.service.RewardsService         : nearAttraction called with Zoo Tampa at Lowry Park
2023-01-22T16:10:35.775+01:00  INFO 5507 --- [ool-3-thread-14] tourGuide.service.RewardsService         : nearAttraction called with Bronx Zoo
2023-01-22T16:10:35.775+01:00  INFO 5507 --- [ool-3-thread-42] tourGuide.service.RewardsService         : nearAttraction called with Cinderella Castle
2023-01-22T16:10:35.775+01:00  INFO 5507 --- [ool-3-thread-70] tourGuide.service.RewardsService         : nearAttraction called with Disneyland
2023-01-22T16:10:35.778+01:00  INFO 5507 --- [ool-3-thread-42] tourGuide.service.RewardsService         : getDistance called
2023-01-22T16:10:35.775+01:00  INFO 5507 --- [pool-3-thread-4] tourGuide.service.RewardsService         : nearAttraction called with Jackson Hole
2023-01-22T16:10:35.775+01:00  INFO 5507 --- [ool-3-thread-55] tourGuide.service.RewardsService         : getDistance called
2023-01-22T16:10:35.775+01:00  INFO 5507 --- [ool-3-thread-54] tourGuide.service.RewardsService         : getDistance called
2023-01-22T16:10:35.775+01:00  INFO 5507 --- [ool-3-thread-47] tourGuide.service.RewardsService         : getDistance called
2023-01-22T16:10:35.775+01:00  INFO 5507 --- [ool-3-thread-48] tourGuide.service.RewardsService         : getDistance called
2023-01-22T16:10:35.779+01:00  INFO 5507 --- [ool-3-thread-47] tourGuide.service.RewardsService         : nearAttraction called with Cinderella Castle
2023-01-22T16:10:35.775+01:00  INFO 5507 --- [ool-3-thread-28] tourGuide.service.RewardsService         : nearAttraction called with Joshua Tree National Park
2023-01-22T16:10:35.775+01:00  INFO 5507 --- [ool-3-thread-15] tourGuide.service.RewardsService         : getDistance called
2023-01-22T16:10:35.775+01:00  INFO 5507 --- [pool-3-thread-8] tourGuide.service.RewardsService         : nearAttraction called with Buffalo National River
2023-01-22T16:10:35.775+01:00  INFO 5507 --- [ool-3-thread-13] tourGuide.service.RewardsService         : getDistance called
2023-01-22T16:10:35.775+01:00  INFO 5507 --- [ool-3-thread-32] tourGuide.service.RewardsService         : getDistance called
2023-01-22T16:10:35.779+01:00  INFO 5507 --- [pool-3-thread-8] tourGuide.service.RewardsService         : getDistance called
2023-01-22T16:10:35.775+01:00  INFO 5507 --- [ool-3-thread-51] tourGuide.service.RewardsService         : getDistance called
2023-01-22T16:10:35.779+01:00  INFO 5507 --- [pool-3-thread-8] tourGuide.service.RewardsService         : nearAttraction called with Buffalo National River
2023-01-22T16:10:35.779+01:00  INFO 5507 --- [pool-3-thread-8] tourGuide.service.RewardsService         : getDistance called
2023-01-22T16:10:35.775+01:00  INFO 5507 --- [ool-3-thread-50] tourGuide.service.RewardsService         : getDistance called
2023-01-22T16:10:35.775+01:00  INFO 5507 --- [pool-3-thread-9] tourGuide.service.RewardsService         : nearAttraction called with Hot Springs National Park
2023-01-22T16:10:35.779+01:00  INFO 5507 --- [ool-3-thread-50] tourGuide.service.RewardsService         : nearAttraction called with Legend Valley
2023-01-22T16:10:35.775+01:00  INFO 5507 --- [ool-3-thread-35] tourGuide.service.RewardsService         : nearAttraction called with Legend Valley
2023-01-22T16:10:35.775+01:00  INFO 5507 --- [ool-3-thread-34] tourGuide.service.RewardsService         : getDistance called
2023-01-22T16:10:35.775+01:00  INFO 5507 --- [ool-3-thread-12] tourGuide.service.RewardsService         : nearAttraction called with Flowers Bakery of London
2023-01-22T16:10:35.779+01:00  INFO 5507 --- [ool-3-thread-34] tourGuide.service.RewardsService         : nearAttraction called with Flowers Bakery of London
2023-01-22T16:10:35.775+01:00  INFO 5507 --- [ool-3-thread-63] tourGuide.service.RewardsService         : nearAttraction called with McKinley Tower
2023-01-22T16:10:35.775+01:00  INFO 5507 --- [ool-3-thread-31] tourGuide.service.RewardsService         : getDistance called
2023-01-22T16:10:35.776+01:00  INFO 5507 --- [ool-3-thread-59] tourGuide.service.RewardsService         : nearAttraction called with Fallingwater
2023-01-22T16:10:35.779+01:00  INFO 5507 --- [ool-3-thread-31] tourGuide.service.RewardsService         : nearAttraction called with McKinley Tower
2023-01-22T16:10:35.776+01:00  INFO 5507 --- [pool-3-thread-1] tourGuide.service.RewardsService         : getDistance called
2023-01-22T16:10:35.776+01:00  INFO 5507 --- [ool-3-thread-64] tourGuide.service.RewardsService         : nearAttraction called with Union Station
2023-01-22T16:10:35.779+01:00  INFO 5507 --- [pool-3-thread-1] tourGuide.service.RewardsService         : nearAttraction called with Flatiron Building
2023-01-22T16:10:35.779+01:00  INFO 5507 --- [ool-3-thread-64] tourGuide.service.RewardsService         : getDistance called
2023-01-22T16:10:35.779+01:00  INFO 5507 --- [pool-3-thread-1] tourGuide.service.RewardsService         : getDistance called
2023-01-22T16:10:35.776+01:00  INFO 5507 --- [pool-3-thread-5] tourGuide.service.RewardsService         : getDistance called
2023-01-22T16:10:35.776+01:00  INFO 5507 --- [ool-3-thread-68] tourGuide.service.RewardsService         : getDistance called
2023-01-22T16:10:35.780+01:00  INFO 5507 --- [pool-3-thread-1] tourGuide.service.RewardsService         : nearAttraction called with Union Station
2023-01-22T16:10:35.776+01:00  INFO 5507 --- [pool-3-thread-2] tourGuide.service.RewardsService         : nearAttraction called with Bryant-Denny Stadium
2023-01-22T16:10:35.780+01:00  INFO 5507 --- [pool-3-thread-1] tourGuide.service.RewardsService         : getDistance called
2023-01-22T16:10:35.780+01:00  INFO 5507 --- [pool-3-thread-2] tourGuide.service.RewardsService         : getDistance called
2023-01-22T16:10:35.776+01:00  INFO 5507 --- [ool-3-thread-62] tourGuide.service.RewardsService         : getDistance called
2023-01-22T16:10:35.780+01:00  INFO 5507 --- [pool-3-thread-2] tourGuide.service.RewardsService         : nearAttraction called with Tiger Stadium
2023-01-22T16:10:35.776+01:00  INFO 5507 --- [ool-3-thread-52] tourGuide.service.RewardsService         : getDistance called
2023-01-22T16:10:35.776+01:00  INFO 5507 --- [ool-3-thread-67] tourGuide.service.RewardsService         : nearAttraction called with Neyland Stadium
2023-01-22T16:10:35.776+01:00  INFO 5507 --- [ool-3-thread-30] tourGuide.service.RewardsService         : getDistance called
2023-01-22T16:10:35.776+01:00  INFO 5507 --- [ool-3-thread-53] tourGuide.service.RewardsService         : getDistance called
2023-01-22T16:10:35.776+01:00  INFO 5507 --- [ool-3-thread-16] tourGuide.service.RewardsService         : getDistance called
2023-01-22T16:10:35.776+01:00  INFO 5507 --- [ool-3-thread-58] tourGuide.service.RewardsService         : nearAttraction called with Zoo Tampa at Lowry Park
2023-01-22T16:10:35.780+01:00  INFO 5507 --- [ool-3-thread-16] tourGuide.service.RewardsService         : nearAttraction called with Franklin Park Zoo
2023-01-22T16:10:35.776+01:00  INFO 5507 --- [ool-3-thread-57] tourGuide.service.RewardsService         : getDistance called
2023-01-22T16:10:35.776+01:00  INFO 5507 --- [ool-3-thread-23] tourGuide.service.RewardsService         : getDistance called
2023-01-22T16:10:35.780+01:00  INFO 5507 --- [ool-3-thread-57] tourGuide.service.RewardsService         : nearAttraction called with El Paso Zoo
2023-01-22T16:10:35.776+01:00  INFO 5507 --- [ool-3-thread-22] tourGuide.service.RewardsService         : nearAttraction called with El Paso Zoo
2023-01-22T16:10:35.777+01:00  INFO 5507 --- [ool-3-thread-21] tourGuide.service.RewardsService         : getDistance called
2023-01-22T16:10:35.777+01:00  INFO 5507 --- [ool-3-thread-56] tourGuide.service.RewardsService         : nearAttraction called with Cinderella Castle
2023-01-22T16:10:35.780+01:00  INFO 5507 --- [ool-3-thread-21] tourGuide.service.RewardsService         : nearAttraction called with Bronx Zoo
2023-01-22T16:10:35.777+01:00  INFO 5507 --- [pool-3-thread-7] tourGuide.service.RewardsService         : getDistance called
2023-01-22T16:10:35.777+01:00  INFO 5507 --- [ool-3-thread-43] tourGuide.service.RewardsService         : getDistance called
2023-01-22T16:10:35.777+01:00  INFO 5507 --- [ool-3-thread-19] tourGuide.service.RewardsService         : nearAttraction called with Jackson Hole
2023-01-22T16:10:35.780+01:00  INFO 5507 --- [ool-3-thread-43] tourGuide.service.RewardsService         : nearAttraction called with Disneyland
2023-01-22T16:10:35.780+01:00  INFO 5507 --- [ool-3-thread-19] tourGuide.service.RewardsService         : getDistance called
2023-01-22T16:10:35.777+01:00  INFO 5507 --- [ool-3-thread-45] tourGuide.service.RewardsService         : nearAttraction called with Mojave National Preserve
2023-01-22T16:10:35.780+01:00  INFO 5507 --- [ool-3-thread-19] tourGuide.service.RewardsService         : nearAttraction called with Jackson Hole
2023-01-22T16:10:35.777+01:00  INFO 5507 --- [ool-3-thread-29] tourGuide.service.RewardsService         : getDistance called
2023-01-22T16:10:35.777+01:00  INFO 5507 --- [ool-3-thread-24] tourGuide.service.RewardsService         : getDistance called
2023-01-22T16:10:35.777+01:00  INFO 5507 --- [ool-3-thread-10] tourGuide.service.RewardsService         : getDistance called
2023-01-22T16:10:35.777+01:00  INFO 5507 --- [ool-3-thread-33] tourGuide.service.RewardsService         : nearAttraction called with Buffalo National River
2023-01-22T16:10:35.781+01:00  INFO 5507 --- [ool-3-thread-10] tourGuide.service.RewardsService         : nearAttraction called with Buffalo National River
2023-01-22T16:10:35.777+01:00  INFO 5507 --- [pool-3-thread-6] tourGuide.service.RewardsService         : nearAttraction called with Hot Springs National Park
2023-01-22T16:10:35.777+01:00  INFO 5507 --- [ool-3-thread-60] tourGuide.service.RewardsService         : getDistance called
2023-01-22T16:10:35.777+01:00  INFO 5507 --- [ool-3-thread-61] tourGuide.service.RewardsService         : getDistance called
2023-01-22T16:10:35.777+01:00  INFO 5507 --- [ool-3-thread-36] tourGuide.service.RewardsService         : getDistance called
2023-01-22T16:10:35.777+01:00  INFO 5507 --- [ool-3-thread-25] tourGuide.service.RewardsService         : getDistance called
2023-01-22T16:10:35.781+01:00  INFO 5507 --- [ool-3-thread-36] tourGuide.service.RewardsService         : nearAttraction called with Legend Valley
2023-01-22T16:10:35.777+01:00  INFO 5507 --- [ool-3-thread-18] tourGuide.service.RewardsService         : getDistance called
2023-01-22T16:10:35.777+01:00  INFO 5507 --- [ool-3-thread-39] tourGuide.service.RewardsService         : getDistance called
2023-01-22T16:10:35.777+01:00  INFO 5507 --- [ool-3-thread-17] tourGuide.service.RewardsService         : getDistance called
2023-01-22T16:10:35.781+01:00  INFO 5507 --- [ool-3-thread-39] tourGuide.service.RewardsService         : nearAttraction called with Flatiron Building
2023-01-22T16:10:35.778+01:00  INFO 5507 --- [ool-3-thread-40] tourGuide.service.RewardsService         : getDistance called
2023-01-22T16:10:35.778+01:00  INFO 5507 --- [ool-3-thread-46] tourGuide.service.RewardsService         : getDistance called
2023-01-22T16:10:35.778+01:00  INFO 5507 --- [ool-3-thread-41] tourGuide.service.RewardsService         : getDistance called
2023-01-22T16:10:35.778+01:00  INFO 5507 --- [ool-3-thread-65] tourGuide.service.RewardsService         : nearAttraction called with Roger Dean Stadium
2023-01-22T16:10:35.778+01:00  INFO 5507 --- [ool-3-thread-37] tourGuide.service.RewardsService         : getDistance called
2023-01-22T16:10:35.778+01:00  INFO 5507 --- [ool-3-thread-20] tourGuide.service.RewardsService         : nearAttraction called with Bryant-Denny Stadium
2023-01-22T16:10:35.781+01:00  INFO 5507 --- [ool-3-thread-37] tourGuide.service.RewardsService         : nearAttraction called with Bryant-Denny Stadium
2023-01-22T16:10:35.778+01:00  INFO 5507 --- [ool-3-thread-38] tourGuide.service.RewardsService         : getDistance called
2023-01-22T16:10:35.778+01:00  INFO 5507 --- [ool-3-thread-26] tourGuide.service.RewardsService         : nearAttraction called with Tiger Stadium
2023-01-22T16:10:35.781+01:00  INFO 5507 --- [ool-3-thread-38] tourGuide.service.RewardsService         : nearAttraction called with Tiger Stadium
2023-01-22T16:10:35.778+01:00  INFO 5507 --- [pool-3-thread-3] tourGuide.service.RewardsService         : nearAttraction called with Neyland Stadium
2023-01-22T16:10:35.778+01:00  INFO 5507 --- [ool-3-thread-69] tourGuide.service.RewardsService         : nearAttraction called with Kyle Field
2023-01-22T16:10:35.778+01:00  INFO 5507 --- [ool-3-thread-49] tourGuide.service.RewardsService         : getDistance called
2023-01-22T16:10:35.778+01:00  INFO 5507 --- [ool-3-thread-27] tourGuide.service.RewardsService         : getDistance called
2023-01-22T16:10:35.778+01:00  INFO 5507 --- [ool-3-thread-66] tourGuide.service.RewardsService         : getDistance called
2023-01-22T16:10:35.782+01:00  INFO 5507 --- [ool-3-thread-49] tourGuide.service.RewardsService         : nearAttraction called with Neyland Stadium
2023-01-22T16:10:35.782+01:00  INFO 5507 --- [ool-3-thread-27] tourGuide.service.RewardsService         : nearAttraction called with Kyle Field
2023-01-22T16:10:35.782+01:00  INFO 5507 --- [ool-3-thread-49] tourGuide.service.RewardsService         : getDistance called
2023-01-22T16:10:35.778+01:00  INFO 5507 --- [ool-3-thread-44] tourGuide.service.RewardsService         : nearAttraction called with Franklin Park Zoo
2023-01-22T16:10:35.778+01:00  INFO 5507 --- [ool-3-thread-11] tourGuide.service.RewardsService         : getDistance called
2023-01-22T16:10:35.778+01:00  INFO 5507 --- [ool-3-thread-14] tourGuide.service.RewardsService         : getDistance called
2023-01-22T16:10:35.782+01:00  INFO 5507 --- [ool-3-thread-11] tourGuide.service.RewardsService         : nearAttraction called with Franklin Park Zoo
2023-01-22T16:10:35.782+01:00  INFO 5507 --- [ool-3-thread-11] tourGuide.service.RewardsService         : getDistance called
2023-01-22T16:10:35.778+01:00  INFO 5507 --- [ool-3-thread-70] tourGuide.service.RewardsService         : getDistance called
2023-01-22T16:10:35.782+01:00  INFO 5507 --- [ool-3-thread-11] tourGuide.service.RewardsService         : nearAttraction called with Kansas City Zoo
2023-01-22T16:10:35.778+01:00  INFO 5507 --- [ool-3-thread-42] tourGuide.service.RewardsService         : nearAttraction called with El Paso Zoo
2023-01-22T16:10:35.778+01:00  INFO 5507 --- [pool-3-thread-4] tourGuide.service.RewardsService         : getDistance called
2023-01-22T16:10:35.779+01:00  INFO 5507 --- [ool-3-thread-54] tourGuide.service.RewardsService         : nearAttraction called with Bronx Zoo
2023-01-22T16:10:35.782+01:00  INFO 5507 --- [pool-3-thread-4] tourGuide.service.RewardsService         : nearAttraction called with Cinderella Castle
2023-01-22T16:10:35.782+01:00  INFO 5507 --- [ool-3-thread-54] tourGuide.service.RewardsService         : getDistance called
2023-01-22T16:10:35.782+01:00  INFO 5507 --- [pool-3-thread-4] tourGuide.service.RewardsService         : getDistance called
2023-01-22T16:10:35.779+01:00  INFO 5507 --- [ool-3-thread-55] tourGuide.service.RewardsService         : nearAttraction called with Kansas City Zoo
2023-01-22T16:10:35.782+01:00  INFO 5507 --- [pool-3-thread-4] tourGuide.service.RewardsService         : nearAttraction called with Jackson Hole
2023-01-22T16:10:35.782+01:00  INFO 5507 --- [ool-3-thread-55] tourGuide.service.RewardsService         : getDistance called
2023-01-22T16:10:35.782+01:00  INFO 5507 --- [pool-3-thread-4] tourGuide.service.RewardsService         : getDistance called
2023-01-22T16:10:35.779+01:00  INFO 5507 --- [ool-3-thread-48] tourGuide.service.RewardsService         : nearAttraction called with Disneyland
2023-01-22T16:10:35.782+01:00  INFO 5507 --- [pool-3-thread-4] tourGuide.service.RewardsService         : nearAttraction called with Joshua Tree National Park
2023-01-22T16:10:35.782+01:00  INFO 5507 --- [ool-3-thread-48] tourGuide.service.RewardsService         : getDistance called
2023-01-22T16:10:35.782+01:00  INFO 5507 --- [pool-3-thread-4] tourGuide.service.RewardsService         : getDistance called
2023-01-22T16:10:35.779+01:00  INFO 5507 --- [ool-3-thread-47] tourGuide.service.RewardsService         : getDistance called
2023-01-22T16:10:35.782+01:00  INFO 5507 --- [pool-3-thread-4] tourGuide.service.RewardsService         : nearAttraction called with Hot Springs National Park
2023-01-22T16:10:35.779+01:00  INFO 5507 --- [ool-3-thread-28] tourGuide.service.RewardsService         : getDistance called
2023-01-22T16:10:35.779+01:00  INFO 5507 --- [ool-3-thread-15] tourGuide.service.RewardsService         : nearAttraction called with Jackson Hole
2023-01-22T16:10:35.783+01:00  INFO 5507 --- [ool-3-thread-28] tourGuide.service.RewardsService         : nearAttraction called with Legend Valley
2023-01-22T16:10:35.783+01:00  INFO 5507 --- [ool-3-thread-15] tourGuide.service.RewardsService         : getDistance called
2023-01-22T16:10:35.779+01:00  INFO 5507 --- [ool-3-thread-13] tourGuide.service.RewardsService         : nearAttraction called with Mojave National Preserve
2023-01-22T16:10:35.783+01:00  INFO 5507 --- [ool-3-thread-15] tourGuide.service.RewardsService         : nearAttraction called with Flowers Bakery of London
2023-01-22T16:10:35.779+01:00  INFO 5507 --- [ool-3-thread-32] tourGuide.service.RewardsService         : nearAttraction called with Joshua Tree National Park
2023-01-22T16:10:35.779+01:00  INFO 5507 --- [ool-3-thread-51] tourGuide.service.RewardsService         : nearAttraction called with Hot Springs National Park
2023-01-22T16:10:35.779+01:00  INFO 5507 --- [pool-3-thread-8] tourGuide.service.RewardsService         : nearAttraction called with Kartchner Caverns State Park
2023-01-22T16:10:35.779+01:00  INFO 5507 --- [pool-3-thread-9] tourGuide.service.RewardsService         : getDistance called
2023-01-22T16:10:35.779+01:00  INFO 5507 --- [ool-3-thread-50] tourGuide.service.RewardsService         : getDistance called
2023-01-22T16:10:35.779+01:00  INFO 5507 --- [ool-3-thread-35] tourGuide.service.RewardsService         : getDistance called
2023-01-22T16:10:35.783+01:00  INFO 5507 --- [ool-3-thread-50] tourGuide.service.RewardsService         : nearAttraction called with Flatiron Building
2023-01-22T16:10:35.779+01:00  INFO 5507 --- [ool-3-thread-12] tourGuide.service.RewardsService         : getDistance called
2023-01-22T16:10:35.779+01:00  INFO 5507 --- [ool-3-thread-34] tourGuide.service.RewardsService         : getDistance called
2023-01-22T16:10:35.783+01:00  INFO 5507 --- [ool-3-thread-12] tourGuide.service.RewardsService         : nearAttraction called with Union Station
2023-01-22T16:10:35.783+01:00  INFO 5507 --- [ool-3-thread-34] tourGuide.service.RewardsService         : nearAttraction called with Roger Dean Stadium
2023-01-22T16:10:35.779+01:00  INFO 5507 --- [ool-3-thread-63] tourGuide.service.RewardsService         : getDistance called
2023-01-22T16:10:35.779+01:00  INFO 5507 --- [ool-3-thread-59] tourGuide.service.RewardsService         : getDistance called
2023-01-22T16:10:35.783+01:00  INFO 5507 --- [ool-3-thread-63] tourGuide.service.RewardsService         : nearAttraction called with Texas Memorial Stadium
2023-01-22T16:10:35.779+01:00  INFO 5507 --- [ool-3-thread-31] tourGuide.service.RewardsService         : getDistance called
2023-01-22T16:10:35.780+01:00  INFO 5507 --- [ool-3-thread-64] tourGuide.service.RewardsService         : nearAttraction called with Fallingwater
2023-01-22T16:10:35.783+01:00  INFO 5507 --- [ool-3-thread-31] tourGuide.service.RewardsService         : nearAttraction called with Tiger Stadium
2023-01-22T16:10:35.780+01:00  INFO 5507 --- [pool-3-thread-5] tourGuide.service.RewardsService         : nearAttraction called with Roger Dean Stadium
2023-01-22T16:10:35.780+01:00  INFO 5507 --- [ool-3-thread-68] tourGuide.service.RewardsService         : nearAttraction called with Texas Memorial Stadium
2023-01-22T16:10:35.780+01:00  INFO 5507 --- [pool-3-thread-1] tourGuide.service.RewardsService         : nearAttraction called with Bryant-Denny Stadium
2023-01-22T16:10:35.780+01:00  INFO 5507 --- [ool-3-thread-62] tourGuide.service.RewardsService         : nearAttraction called with Neyland Stadium
2023-01-22T16:10:35.780+01:00  INFO 5507 --- [pool-3-thread-2] tourGuide.service.RewardsService         : getDistance called
2023-01-22T16:10:35.780+01:00  INFO 5507 --- [ool-3-thread-52] tourGuide.service.RewardsService         : nearAttraction called with Kyle Field
2023-01-22T16:10:35.784+01:00  INFO 5507 --- [pool-3-thread-2] tourGuide.service.RewardsService         : nearAttraction called with Neyland Stadium
2023-01-22T16:10:35.780+01:00  INFO 5507 --- [ool-3-thread-67] tourGuide.service.RewardsService         : getDistance called
2023-01-22T16:10:35.780+01:00  INFO 5507 --- [ool-3-thread-30] tourGuide.service.RewardsService         : nearAttraction called with San Diego Zoo
2023-01-22T16:10:35.784+01:00  INFO 5507 --- [ool-3-thread-67] tourGuide.service.RewardsService         : nearAttraction called with Kyle Field
2023-01-22T16:10:35.780+01:00  INFO 5507 --- [ool-3-thread-53] tourGuide.service.RewardsService         : nearAttraction called with Zoo Tampa at Lowry Park
2023-01-22T16:10:35.780+01:00  INFO 5507 --- [ool-3-thread-58] tourGuide.service.RewardsService         : getDistance called
2023-01-22T16:10:35.780+01:00  INFO 5507 --- [ool-3-thread-16] tourGuide.service.RewardsService         : getDistance called
2023-01-22T16:10:35.784+01:00  INFO 5507 --- [ool-3-thread-58] tourGuide.service.RewardsService         : nearAttraction called with San Diego Zoo
2023-01-22T16:10:35.780+01:00  INFO 5507 --- [ool-3-thread-23] tourGuide.service.RewardsService         : nearAttraction called with Kansas City Zoo
2023-01-22T16:10:35.780+01:00  INFO 5507 --- [ool-3-thread-57] tourGuide.service.RewardsService         : getDistance called
2023-01-22T16:10:35.780+01:00  INFO 5507 --- [ool-3-thread-22] tourGuide.service.RewardsService         : getDistance called
2023-01-22T16:10:35.784+01:00  INFO 5507 --- [ool-3-thread-57] tourGuide.service.RewardsService         : nearAttraction called with Franklin Park Zoo
2023-01-22T16:10:35.780+01:00  INFO 5507 --- [ool-3-thread-56] tourGuide.service.RewardsService         : getDistance called
2023-01-22T16:10:35.780+01:00  INFO 5507 --- [ool-3-thread-21] tourGuide.service.RewardsService         : getDistance called
2023-01-22T16:10:35.780+01:00  INFO 5507 --- [pool-3-thread-7] tourGuide.service.RewardsService         : nearAttraction called with Cinderella Castle
2023-01-22T16:10:35.784+01:00  INFO 5507 --- [ool-3-thread-21] tourGuide.service.RewardsService         : nearAttraction called with Bronx Zoo
2023-01-22T16:10:35.780+01:00  INFO 5507 --- [ool-3-thread-43] tourGuide.service.RewardsService         : getDistance called
2023-01-22T16:10:35.781+01:00  INFO 5507 --- [ool-3-thread-45] tourGuide.service.RewardsService         : getDistance called
2023-01-22T16:10:35.784+01:00  INFO 5507 --- [ool-3-thread-43] tourGuide.service.RewardsService         : nearAttraction called with Cinderella Castle
2023-01-22T16:10:35.781+01:00  INFO 5507 --- [ool-3-thread-19] tourGuide.service.RewardsService         : getDistance called
2023-01-22T16:10:35.781+01:00  INFO 5507 --- [ool-3-thread-29] tourGuide.service.RewardsService         : nearAttraction called with Mojave National Preserve
2023-01-22T16:10:35.781+01:00  INFO 5507 --- [ool-3-thread-24] tourGuide.service.RewardsService         : nearAttraction called with Joshua Tree National Park
2023-01-22T16:10:35.781+01:00  INFO 5507 --- [ool-3-thread-33] tourGuide.service.RewardsService         : getDistance called
2023-01-22T16:10:35.781+01:00  INFO 5507 --- [ool-3-thread-10] tourGuide.service.RewardsService         : getDistance called
2023-01-22T16:10:35.781+01:00  INFO 5507 --- [pool-3-thread-6] tourGuide.service.RewardsService         : getDistance called
2023-01-22T16:10:35.781+01:00  INFO 5507 --- [ool-3-thread-60] tourGuide.service.RewardsService         : nearAttraction called with Hot Springs National Park
2023-01-22T16:10:35.781+01:00  INFO 5507 --- [ool-3-thread-61] tourGuide.service.RewardsService         : nearAttraction called with Kartchner Caverns State Park
2023-01-22T16:10:35.781+01:00  INFO 5507 --- [ool-3-thread-36] tourGuide.service.RewardsService         : getDistance called
2023-01-22T16:10:35.781+01:00  INFO 5507 --- [ool-3-thread-25] tourGuide.service.RewardsService         : nearAttraction called with Flowers Bakery of London
2023-01-22T16:10:35.785+01:00  INFO 5507 --- [ool-3-thread-36] tourGuide.service.RewardsService         : nearAttraction called with Hot Springs National Park
2023-01-22T16:10:35.781+01:00  INFO 5507 --- [ool-3-thread-18] tourGuide.service.RewardsService         : nearAttraction called with McKinley Tower
2023-01-22T16:10:35.781+01:00  INFO 5507 --- [ool-3-thread-17] tourGuide.service.RewardsService         : nearAttraction called with Fallingwater
2023-01-22T16:10:35.781+01:00  INFO 5507 --- [ool-3-thread-39] tourGuide.service.RewardsService         : getDistance called
2023-01-22T16:10:35.781+01:00  INFO 5507 --- [ool-3-thread-40] tourGuide.service.RewardsService         : nearAttraction called with Union Station
2023-01-22T16:10:35.785+01:00  INFO 5507 --- [ool-3-thread-39] tourGuide.service.RewardsService         : nearAttraction called with Kartchner Caverns State Park
2023-01-22T16:10:35.781+01:00  INFO 5507 --- [ool-3-thread-46] tourGuide.service.RewardsService         : nearAttraction called with Roger Dean Stadium
2023-01-22T16:10:35.781+01:00  INFO 5507 --- [ool-3-thread-41] tourGuide.service.RewardsService         : nearAttraction called with Texas Memorial Stadium
2023-01-22T16:10:35.781+01:00  INFO 5507 --- [ool-3-thread-65] tourGuide.service.RewardsService         : getDistance called
2023-01-22T16:10:35.781+01:00  INFO 5507 --- [ool-3-thread-20] tourGuide.service.RewardsService         : getDistance called
2023-01-22T16:10:35.785+01:00  INFO 5507 --- [ool-3-thread-65] tourGuide.service.RewardsService         : nearAttraction called with Legend Valley
2023-01-22T16:10:35.781+01:00  INFO 5507 --- [ool-3-thread-37] tourGuide.service.RewardsService         : getDistance called
2023-01-22T16:10:35.782+01:00  INFO 5507 --- [ool-3-thread-26] tourGuide.service.RewardsService         : getDistance called
2023-01-22T16:10:35.785+01:00  INFO 5507 --- [ool-3-thread-37] tourGuide.service.RewardsService         : nearAttraction called with McKinley Tower
2023-01-22T16:10:35.782+01:00  INFO 5507 --- [ool-3-thread-38] tourGuide.service.RewardsService         : getDistance called
2023-01-22T16:10:35.782+01:00  INFO 5507 --- [pool-3-thread-3] tourGuide.service.RewardsService         : getDistance called
2023-01-22T16:10:35.785+01:00  INFO 5507 --- [ool-3-thread-38] tourGuide.service.RewardsService         : nearAttraction called with Fallingwater
2023-01-22T16:10:35.782+01:00  INFO 5507 --- [ool-3-thread-69] tourGuide.service.RewardsService         : getDistance called
2023-01-22T16:10:35.782+01:00  INFO 5507 --- [ool-3-thread-66] tourGuide.service.RewardsService         : nearAttraction called with San Diego Zoo
2023-01-22T16:10:35.785+01:00  INFO 5507 --- [ool-3-thread-69] tourGuide.service.RewardsService         : nearAttraction called with Roger Dean Stadium
2023-01-22T16:10:35.782+01:00  INFO 5507 --- [ool-3-thread-27] tourGuide.service.RewardsService         : getDistance called
2023-01-22T16:10:35.782+01:00  INFO 5507 --- [ool-3-thread-49] tourGuide.service.RewardsService         : nearAttraction called with Zoo Tampa at Lowry Park
2023-01-22T16:10:35.785+01:00  INFO 5507 --- [ool-3-thread-27] tourGuide.service.RewardsService         : nearAttraction called with Texas Memorial Stadium
2023-01-22T16:10:35.785+01:00  INFO 5507 --- [ool-3-thread-49] tourGuide.service.RewardsService         : getDistance called
2023-01-22T16:10:35.782+01:00  INFO 5507 --- [ool-3-thread-44] tourGuide.service.RewardsService         : getDistance called
2023-01-22T16:10:35.782+01:00  INFO 5507 --- [ool-3-thread-14] tourGuide.service.RewardsService         : nearAttraction called with El Paso Zoo
2023-01-22T16:10:35.786+01:00  INFO 5507 --- [ool-3-thread-49] tourGuide.service.RewardsService         : nearAttraction called with Bryant-Denny Stadium
2023-01-22T16:10:35.782+01:00  INFO 5507 --- [ool-3-thread-11] tourGuide.service.RewardsService         : getDistance called
2023-01-22T16:10:35.786+01:00  INFO 5507 --- [ool-3-thread-49] tourGuide.service.RewardsService         : getDistance called
2023-01-22T16:10:35.782+01:00  INFO 5507 --- [ool-3-thread-70] tourGuide.service.RewardsService         : nearAttraction called with Bronx Zoo
2023-01-22T16:10:35.786+01:00  INFO 5507 --- [ool-3-thread-11] tourGuide.service.RewardsService         : nearAttraction called with Neyland Stadium
2023-01-22T16:10:35.782+01:00  INFO 5507 --- [ool-3-thread-42] tourGuide.service.RewardsService         : getDistance called
2023-01-22T16:10:35.782+01:00  INFO 5507 --- [ool-3-thread-54] tourGuide.service.RewardsService         : nearAttraction called with Disneyland
2023-01-22T16:10:35.782+01:00  INFO 5507 --- [ool-3-thread-55] tourGuide.service.RewardsService         : nearAttraction called with Mojave National Preserve
2023-01-22T16:10:35.782+01:00  INFO 5507 --- [ool-3-thread-48] tourGuide.service.RewardsService         : nearAttraction called with Buffalo National River
2023-01-22T16:10:35.783+01:00  INFO 5507 --- [pool-3-thread-4] tourGuide.service.RewardsService         : getDistance called
2023-01-22T16:10:35.783+01:00  INFO 5507 --- [ool-3-thread-47] tourGuide.service.RewardsService         : nearAttraction called with Kartchner Caverns State Park
2023-01-22T16:10:35.786+01:00  INFO 5507 --- [pool-3-thread-4] tourGuide.service.RewardsService         : nearAttraction called with Zoo Tampa at Lowry Park
2023-01-22T16:10:35.783+01:00  INFO 5507 --- [ool-3-thread-28] tourGuide.service.RewardsService         : getDistance called
2023-01-22T16:10:35.783+01:00  INFO 5507 --- [ool-3-thread-13] tourGuide.service.RewardsService         : getDistance called
2023-01-22T16:10:35.783+01:00  INFO 5507 --- [ool-3-thread-15] tourGuide.service.RewardsService         : getDistance called
2023-01-22T16:10:35.783+01:00  INFO 5507 --- [ool-3-thread-32] tourGuide.service.RewardsService         : getDistance called
2023-01-22T16:10:35.786+01:00  INFO 5507 --- [ool-3-thread-15] tourGuide.service.RewardsService         : nearAttraction called with Kansas City Zoo
2023-01-22T16:10:35.786+01:00  INFO 5507 --- [ool-3-thread-32] tourGuide.service.RewardsService         : nearAttraction called with Bronx Zoo
2023-01-22T16:10:35.783+01:00  INFO 5507 --- [ool-3-thread-51] tourGuide.service.RewardsService         : getDistance called
2023-01-22T16:10:35.783+01:00  INFO 5507 --- [pool-3-thread-8] tourGuide.service.RewardsService         : getDistance called
2023-01-22T16:10:35.783+01:00  INFO 5507 --- [pool-3-thread-9] tourGuide.service.RewardsService         : nearAttraction called with McKinley Tower
2023-01-22T16:10:35.783+01:00  INFO 5507 --- [ool-3-thread-35] tourGuide.service.RewardsService         : nearAttraction called with Fallingwater
2023-01-22T16:10:35.783+01:00  INFO 5507 --- [ool-3-thread-50] tourGuide.service.RewardsService         : getDistance called
2023-01-22T16:10:35.783+01:00  INFO 5507 --- [ool-3-thread-12] tourGuide.service.RewardsService         : getDistance called
2023-01-22T16:10:35.786+01:00  INFO 5507 --- [ool-3-thread-50] tourGuide.service.RewardsService         : nearAttraction called with Jackson Hole
2023-01-22T16:10:35.783+01:00  INFO 5507 --- [ool-3-thread-34] tourGuide.service.RewardsService         : getDistance called
2023-01-22T16:10:35.783+01:00  INFO 5507 --- [ool-3-thread-59] tourGuide.service.RewardsService         : nearAttraction called with Bryant-Denny Stadium
2023-01-22T16:10:35.787+01:00  INFO 5507 --- [ool-3-thread-34] tourGuide.service.RewardsService         : nearAttraction called with Joshua Tree National Park
2023-01-22T16:10:35.787+01:00  INFO 5507 --- [ool-3-thread-34] tourGuide.service.RewardsService         : getDistance called
2023-01-22T16:10:35.783+01:00  INFO 5507 --- [ool-3-thread-63] tourGuide.service.RewardsService         : getDistance called
2023-01-22T16:10:35.787+01:00  INFO 5507 --- [ool-3-thread-34] tourGuide.service.RewardsService         : nearAttraction called with Buffalo National River
2023-01-22T16:10:35.783+01:00  INFO 5507 --- [ool-3-thread-64] tourGuide.service.RewardsService         : getDistance called
2023-01-22T16:10:35.783+01:00  INFO 5507 --- [ool-3-thread-31] tourGuide.service.RewardsService         : getDistance called
2023-01-22T16:10:35.787+01:00  INFO 5507 --- [ool-3-thread-64] tourGuide.service.RewardsService         : nearAttraction called with Kartchner Caverns State Park
2023-01-22T16:10:35.783+01:00  INFO 5507 --- [pool-3-thread-5] tourGuide.service.RewardsService         : getDistance called
2023-01-22T16:10:35.783+01:00  INFO 5507 --- [ool-3-thread-68] tourGuide.service.RewardsService         : getDistance called
2023-01-22T16:10:35.787+01:00  INFO 5507 --- [pool-3-thread-5] tourGuide.service.RewardsService         : nearAttraction called with Flowers Bakery of London
2023-01-22T16:10:35.783+01:00  INFO 5507 --- [pool-3-thread-1] tourGuide.service.RewardsService         : getDistance called
2023-01-22T16:10:35.787+01:00  INFO 5507 --- [ool-3-thread-68] tourGuide.service.RewardsService         : nearAttraction called with McKinley Tower
2023-01-22T16:10:35.784+01:00  INFO 5507 --- [ool-3-thread-62] tourGuide.service.RewardsService         : getDistance called
2023-01-22T16:10:35.784+01:00  INFO 5507 --- [ool-3-thread-52] tourGuide.service.RewardsService         : getDistance called
2023-01-22T16:10:35.784+01:00  INFO 5507 --- [pool-3-thread-2] tourGuide.service.RewardsService         : getDistance called
2023-01-22T16:10:35.787+01:00  INFO 5507 --- [ool-3-thread-52] tourGuide.service.RewardsService         : nearAttraction called with Union Station
2023-01-22T16:10:35.784+01:00  INFO 5507 --- [ool-3-thread-30] tourGuide.service.RewardsService         : getDistance called
2023-01-22T16:10:35.784+01:00  INFO 5507 --- [ool-3-thread-67] tourGuide.service.RewardsService         : getDistance called
2023-01-22T16:10:35.784+01:00  INFO 5507 --- [ool-3-thread-53] tourGuide.service.RewardsService         : getDistance called
2023-01-22T16:10:35.787+01:00  INFO 5507 --- [ool-3-thread-67] tourGuide.service.RewardsService         : nearAttraction called with Bryant-Denny Stadium
2023-01-22T16:10:35.784+01:00  INFO 5507 --- [ool-3-thread-58] tourGuide.service.RewardsService         : getDistance called
2023-01-22T16:10:35.787+01:00  INFO 5507 --- [ool-3-thread-67] tourGuide.service.RewardsService         : getDistance called
2023-01-22T16:10:35.784+01:00  INFO 5507 --- [ool-3-thread-16] tourGuide.service.RewardsService         : nearAttraction called with Zoo Tampa at Lowry Park
2023-01-22T16:10:35.787+01:00  INFO 5507 --- [ool-3-thread-67] tourGuide.service.RewardsService         : nearAttraction called with Kyle Field
2023-01-22T16:10:35.787+01:00  INFO 5507 --- [ool-3-thread-16] tourGuide.service.RewardsService         : getDistance called
2023-01-22T16:10:35.784+01:00  INFO 5507 --- [ool-3-thread-23] tourGuide.service.RewardsService         : getDistance called
2023-01-22T16:10:35.784+01:00  INFO 5507 --- [ool-3-thread-22] tourGuide.service.RewardsService         : nearAttraction called with El Paso Zoo
2023-01-22T16:10:35.788+01:00  INFO 5507 --- [ool-3-thread-16] tourGuide.service.RewardsService         : nearAttraction called with San Diego Zoo
2023-01-22T16:10:35.788+01:00  INFO 5507 --- [ool-3-thread-23] tourGuide.service.RewardsService         : nearAttraction called with Zoo Tampa at Lowry Park
2023-01-22T16:10:35.788+01:00  INFO 5507 --- [ool-3-thread-16] tourGuide.service.RewardsService         : getDistance called
2023-01-22T16:10:35.784+01:00  INFO 5507 --- [ool-3-thread-57] tourGuide.service.RewardsService         : getDistance called
2023-01-22T16:10:35.784+01:00  INFO 5507 --- [ool-3-thread-56] tourGuide.service.RewardsService         : nearAttraction called with Kansas City Zoo
2023-01-22T16:10:35.788+01:00  INFO 5507 --- [ool-3-thread-57] tourGuide.service.RewardsService         : nearAttraction called with El Paso Zoo
2023-01-22T16:10:35.788+01:00  INFO 5507 --- [ool-3-thread-56] tourGuide.service.RewardsService         : getDistance called
2023-01-22T16:10:35.788+01:00  INFO 5507 --- [ool-3-thread-57] tourGuide.service.RewardsService         : getDistance called
2023-01-22T16:10:35.784+01:00  INFO 5507 --- [pool-3-thread-7] tourGuide.service.RewardsService         : getDistance called
2023-01-22T16:10:35.788+01:00  INFO 5507 --- [ool-3-thread-57] tourGuide.service.RewardsService         : nearAttraction called with Bronx Zoo
2023-01-22T16:10:35.788+01:00  INFO 5507 --- [ool-3-thread-57] tourGuide.service.RewardsService         : getDistance called
2023-01-22T16:10:35.788+01:00  INFO 5507 --- [pool-3-thread-7] tourGuide.service.RewardsService         : nearAttraction called with Cinderella Castle
2023-01-22T16:10:35.788+01:00  INFO 5507 --- [ool-3-thread-57] tourGuide.service.RewardsService         : nearAttraction called with Disneyland
2023-01-22T16:10:35.788+01:00  INFO 5507 --- [pool-3-thread-7] tourGuide.service.RewardsService         : getDistance called
2023-01-22T16:10:35.784+01:00  INFO 5507 --- [ool-3-thread-21] tourGuide.service.RewardsService         : getDistance called
2023-01-22T16:10:35.788+01:00  INFO 5507 --- [pool-3-thread-7] tourGuide.service.RewardsService         : nearAttraction called with Jackson Hole
2023-01-22T16:10:35.784+01:00  INFO 5507 --- [ool-3-thread-45] tourGuide.service.RewardsService         : nearAttraction called with Disneyland
2023-01-22T16:10:35.784+01:00  INFO 5507 --- [ool-3-thread-43] tourGuide.service.RewardsService         : getDistance called
2023-01-22T16:10:35.784+01:00  INFO 5507 --- [ool-3-thread-19] tourGuide.service.RewardsService         : nearAttraction called with Jackson Hole
2023-01-22T16:10:35.788+01:00  INFO 5507 --- [ool-3-thread-43] tourGuide.service.RewardsService         : nearAttraction called with Joshua Tree National Park
2023-01-22T16:10:35.784+01:00  INFO 5507 --- [ool-3-thread-29] tourGuide.service.RewardsService         : getDistance called
2023-01-22T16:10:35.784+01:00  INFO 5507 --- [ool-3-thread-24] tourGuide.service.RewardsService         : getDistance called
2023-01-22T16:10:35.788+01:00  INFO 5507 --- [ool-3-thread-29] tourGuide.service.RewardsService         : nearAttraction called with Buffalo National River
2023-01-22T16:10:35.784+01:00  INFO 5507 --- [ool-3-thread-33] tourGuide.service.RewardsService         : nearAttraction called with Mojave National Preserve
2023-01-22T16:10:35.784+01:00  INFO 5507 --- [ool-3-thread-10] tourGuide.service.RewardsService         : nearAttraction called with Joshua Tree National Park
2023-01-22T16:10:35.785+01:00  INFO 5507 --- [pool-3-thread-6] tourGuide.service.RewardsService         : nearAttraction called with Buffalo National River
2023-01-22T16:10:35.785+01:00  INFO 5507 --- [ool-3-thread-60] tourGuide.service.RewardsService         : getDistance called
2023-01-22T16:10:35.785+01:00  INFO 5507 --- [ool-3-thread-61] tourGuide.service.RewardsService         : getDistance called
2023-01-22T16:10:35.788+01:00  INFO 5507 --- [ool-3-thread-60] tourGuide.service.RewardsService         : nearAttraction called with Kartchner Caverns State Park
2023-01-22T16:10:35.785+01:00  INFO 5507 --- [ool-3-thread-25] tourGuide.service.RewardsService         : getDistance called
2023-01-22T16:10:35.785+01:00  INFO 5507 --- [ool-3-thread-36] tourGuide.service.RewardsService         : getDistance called
2023-01-22T16:10:35.785+01:00  INFO 5507 --- [ool-3-thread-18] tourGuide.service.RewardsService         : getDistance called
2023-01-22T16:10:35.785+01:00  INFO 5507 --- [ool-3-thread-17] tourGuide.service.RewardsService         : getDistance called
2023-01-22T16:10:35.789+01:00  INFO 5507 --- [ool-3-thread-18] tourGuide.service.RewardsService         : nearAttraction called with Flatiron Building
2023-01-22T16:10:35.785+01:00  INFO 5507 --- [ool-3-thread-40] tourGuide.service.RewardsService         : getDistance called
2023-01-22T16:10:35.785+01:00  INFO 5507 --- [ool-3-thread-39] tourGuide.service.RewardsService         : getDistance called
2023-01-22T16:10:35.789+01:00  INFO 5507 --- [ool-3-thread-40] tourGuide.service.RewardsService         : nearAttraction called with Union Station
2023-01-22T16:10:35.785+01:00  INFO 5507 --- [ool-3-thread-46] tourGuide.service.RewardsService         : getDistance called
2023-01-22T16:10:35.785+01:00  INFO 5507 --- [ool-3-thread-41] tourGuide.service.RewardsService         : getDistance called
2023-01-22T16:10:35.789+01:00  INFO 5507 --- [ool-3-thread-46] tourGuide.service.RewardsService         : nearAttraction called with Texas Memorial Stadium
2023-01-22T16:10:35.789+01:00  INFO 5507 --- [ool-3-thread-41] tourGuide.service.RewardsService         : nearAttraction called with Bryant-Denny Stadium
2023-01-22T16:10:35.789+01:00  INFO 5507 --- [ool-3-thread-46] tourGuide.service.RewardsService         : getDistance called
2023-01-22T16:10:35.789+01:00  INFO 5507 --- [ool-3-thread-41] tourGuide.service.RewardsService         : getDistance called
2023-01-22T16:10:35.789+01:00  INFO 5507 --- [ool-3-thread-46] tourGuide.service.RewardsService         : nearAttraction called with Tiger Stadium
2023-01-22T16:10:35.785+01:00  INFO 5507 --- [ool-3-thread-20] tourGuide.service.RewardsService         : nearAttraction called with Flowers Bakery of London
2023-01-22T16:10:35.785+01:00  INFO 5507 --- [ool-3-thread-65] tourGuide.service.RewardsService         : getDistance called
2023-01-22T16:10:35.785+01:00  INFO 5507 --- [ool-3-thread-26] tourGuide.service.RewardsService         : nearAttraction called with Flatiron Building
2023-01-22T16:10:35.789+01:00  INFO 5507 --- [ool-3-thread-65] tourGuide.service.RewardsService         : nearAttraction called with Kyle Field
2023-01-22T16:10:35.785+01:00  INFO 5507 --- [ool-3-thread-37] tourGuide.service.RewardsService         : getDistance called
2023-01-22T16:10:35.785+01:00  INFO 5507 --- [pool-3-thread-3] tourGuide.service.RewardsService         : nearAttraction called with Union Station
2023-01-22T16:10:35.789+01:00  INFO 5507 --- [ool-3-thread-37] tourGuide.service.RewardsService         : nearAttraction called with San Diego Zoo
2023-01-22T16:10:35.785+01:00  INFO 5507 --- [ool-3-thread-38] tourGuide.service.RewardsService         : getDistance called
2023-01-22T16:10:35.785+01:00  INFO 5507 --- [ool-3-thread-66] tourGuide.service.RewardsService         : getDistance called
2023-01-22T16:10:35.789+01:00  INFO 5507 --- [ool-3-thread-38] tourGuide.service.RewardsService         : nearAttraction called with Zoo Tampa at Lowry Park
2023-01-22T16:10:35.789+01:00  INFO 5507 --- [ool-3-thread-66] tourGuide.service.RewardsService         : nearAttraction called with Franklin Park Zoo
2023-01-22T16:10:35.785+01:00  INFO 5507 --- [ool-3-thread-69] tourGuide.service.RewardsService         : getDistance called
2023-01-22T16:10:35.785+01:00  INFO 5507 --- [ool-3-thread-27] tourGuide.service.RewardsService         : getDistance called
2023-01-22T16:10:35.789+01:00  INFO 5507 --- [ool-3-thread-69] tourGuide.service.RewardsService         : nearAttraction called with El Paso Zoo
2023-01-22T16:10:35.786+01:00  INFO 5507 --- [ool-3-thread-44] tourGuide.service.RewardsService         : nearAttraction called with Tiger Stadium
2023-01-22T16:10:35.790+01:00  INFO 5507 --- [ool-3-thread-69] tourGuide.service.RewardsService         : getDistance called
2023-01-22T16:10:35.786+01:00  INFO 5507 --- [ool-3-thread-14] tourGuide.service.RewardsService         : getDistance called
2023-01-22T16:10:35.790+01:00  INFO 5507 --- [ool-3-thread-69] tourGuide.service.RewardsService         : nearAttraction called with Bronx Zoo
2023-01-22T16:10:35.786+01:00  INFO 5507 --- [ool-3-thread-49] tourGuide.service.RewardsService         : nearAttraction called with Kyle Field
2023-01-22T16:10:35.790+01:00  INFO 5507 --- [ool-3-thread-14] tourGuide.service.RewardsService         : nearAttraction called with Cinderella Castle
2023-01-22T16:10:35.786+01:00  INFO 5507 --- [ool-3-thread-70] tourGuide.service.RewardsService         : getDistance called
2023-01-22T16:10:35.786+01:00  INFO 5507 --- [ool-3-thread-11] tourGuide.service.RewardsService         : getDistance called
2023-01-22T16:10:35.790+01:00  INFO 5507 --- [ool-3-thread-70] tourGuide.service.RewardsService         : nearAttraction called with Disneyland
2023-01-22T16:10:35.786+01:00  INFO 5507 --- [ool-3-thread-54] tourGuide.service.RewardsService         : getDistance called
2023-01-22T16:10:35.786+01:00  INFO 5507 --- [ool-3-thread-42] tourGuide.service.RewardsService         : nearAttraction called with San Diego Zoo
2023-01-22T16:10:35.790+01:00  INFO 5507 --- [ool-3-thread-54] tourGuide.service.RewardsService         : nearAttraction called with Mojave National Preserve
2023-01-22T16:10:35.786+01:00  INFO 5507 --- [ool-3-thread-55] tourGuide.service.RewardsService         : getDistance called
2023-01-22T16:10:35.786+01:00  INFO 5507 --- [ool-3-thread-48] tourGuide.service.RewardsService         : getDistance called
2023-01-22T16:10:35.790+01:00  INFO 5507 --- [ool-3-thread-55] tourGuide.service.RewardsService         : nearAttraction called with Joshua Tree National Park
2023-01-22T16:10:35.786+01:00  INFO 5507 --- [ool-3-thread-47] tourGuide.service.RewardsService         : getDistance called
2023-01-22T16:10:35.786+01:00  INFO 5507 --- [pool-3-thread-4] tourGuide.service.RewardsService         : getDistance called
2023-01-22T16:10:35.786+01:00  INFO 5507 --- [ool-3-thread-28] tourGuide.service.RewardsService         : nearAttraction called with Franklin Park Zoo
2023-01-22T16:10:35.790+01:00  INFO 5507 --- [pool-3-thread-4] tourGuide.service.RewardsService         : nearAttraction called with Kartchner Caverns State Park
2023-01-22T16:10:35.790+01:00  INFO 5507 --- [ool-3-thread-28] tourGuide.service.RewardsService         : getDistance called
2023-01-22T16:10:35.790+01:00  INFO 5507 --- [pool-3-thread-4] tourGuide.service.RewardsService         : getDistance called
2023-01-22T16:10:35.786+01:00  INFO 5507 --- [ool-3-thread-13] tourGuide.service.RewardsService         : nearAttraction called with El Paso Zoo
2023-01-22T16:10:35.790+01:00  INFO 5507 --- [pool-3-thread-4] tourGuide.service.RewardsService         : nearAttraction called with Flowers Bakery of London
2023-01-22T16:10:35.786+01:00  INFO 5507 --- [ool-3-thread-15] tourGuide.service.RewardsService         : getDistance called
2023-01-22T16:10:35.786+01:00  INFO 5507 --- [ool-3-thread-32] tourGuide.service.RewardsService         : getDistance called
2023-01-22T16:10:35.786+01:00  INFO 5507 --- [ool-3-thread-51] tourGuide.service.RewardsService         : nearAttraction called with Cinderella Castle
2023-01-22T16:10:35.790+01:00  INFO 5507 --- [ool-3-thread-32] tourGuide.service.RewardsService         : nearAttraction called with Flatiron Building
2023-01-22T16:10:35.790+01:00  INFO 5507 --- [ool-3-thread-51] tourGuide.service.RewardsService         : getDistance called
2023-01-22T16:10:35.790+01:00  INFO 5507 --- [ool-3-thread-32] tourGuide.service.RewardsService         : getDistance called
2023-01-22T16:10:35.786+01:00  INFO 5507 --- [pool-3-thread-8] tourGuide.service.RewardsService         : nearAttraction called with Disneyland
2023-01-22T16:10:35.786+01:00  INFO 5507 --- [pool-3-thread-9] tourGuide.service.RewardsService         : getDistance called
2023-01-22T16:10:35.791+01:00  INFO 5507 --- [ool-3-thread-32] tourGuide.service.RewardsService         : nearAttraction called with Union Station
2023-01-22T16:10:35.786+01:00  INFO 5507 --- [ool-3-thread-35] tourGuide.service.RewardsService         : getDistance called
2023-01-22T16:10:35.787+01:00  INFO 5507 --- [ool-3-thread-50] tourGuide.service.RewardsService         : getDistance called
2023-01-22T16:10:35.787+01:00  INFO 5507 --- [ool-3-thread-12] tourGuide.service.RewardsService         : nearAttraction called with Mojave National Preserve
2023-01-22T16:10:35.787+01:00  INFO 5507 --- [ool-3-thread-59] tourGuide.service.RewardsService         : getDistance called
2023-01-22T16:10:35.787+01:00  INFO 5507 --- [ool-3-thread-63] tourGuide.service.RewardsService         : nearAttraction called with Hot Springs National Park
2023-01-22T16:10:35.791+01:00  INFO 5507 --- [ool-3-thread-59] tourGuide.service.RewardsService         : nearAttraction called with Tiger Stadium
2023-01-22T16:10:35.787+01:00  INFO 5507 --- [ool-3-thread-34] tourGuide.service.RewardsService         : getDistance called
2023-01-22T16:10:35.787+01:00  INFO 5507 --- [ool-3-thread-31] tourGuide.service.RewardsService         : nearAttraction called with Legend Valley
2023-01-22T16:10:35.787+01:00  INFO 5507 --- [ool-3-thread-64] tourGuide.service.RewardsService         : getDistance called
2023-01-22T16:10:35.787+01:00  INFO 5507 --- [pool-3-thread-5] tourGuide.service.RewardsService         : getDistance called
2023-01-22T16:10:35.787+01:00  INFO 5507 --- [pool-3-thread-1] tourGuide.service.RewardsService         : nearAttraction called with Flatiron Building
2023-01-22T16:10:35.791+01:00  INFO 5507 --- [ool-3-thread-64] tourGuide.service.RewardsService         : nearAttraction called with Kyle Field
2023-01-22T16:10:35.791+01:00  INFO 5507 --- [pool-3-thread-1] tourGuide.service.RewardsService         : getDistance called
2023-01-22T16:10:35.787+01:00  INFO 5507 --- [ool-3-thread-68] tourGuide.service.RewardsService         : getDistance called
2023-01-22T16:10:35.791+01:00  INFO 5507 --- [pool-3-thread-1] tourGuide.service.RewardsService         : nearAttraction called with Zoo Tampa at Lowry Park
2023-01-22T16:10:35.787+01:00  INFO 5507 --- [ool-3-thread-62] tourGuide.service.RewardsService         : nearAttraction called with Fallingwater
2023-01-22T16:10:35.787+01:00  INFO 5507 --- [ool-3-thread-52] tourGuide.service.RewardsService         : getDistance called
2023-01-22T16:10:35.787+01:00  INFO 5507 --- [pool-3-thread-2] tourGuide.service.RewardsService         : nearAttraction called with Roger Dean Stadium
2023-01-22T16:10:35.787+01:00  INFO 5507 --- [ool-3-thread-30] tourGuide.service.RewardsService         : nearAttraction called with Texas Memorial Stadium
2023-01-22T16:10:35.787+01:00  INFO 5507 --- [ool-3-thread-53] tourGuide.service.RewardsService         : nearAttraction called with Tiger Stadium
2023-01-22T16:10:35.791+01:00  INFO 5507 --- [ool-3-thread-30] tourGuide.service.RewardsService         : getDistance called
2023-01-22T16:10:35.787+01:00  INFO 5507 --- [ool-3-thread-58] tourGuide.service.RewardsService         : nearAttraction called with Neyland Stadium
2023-01-22T16:10:35.791+01:00  INFO 5507 --- [ool-3-thread-30] tourGuide.service.RewardsService         : nearAttraction called with Kansas City Zoo
2023-01-22T16:10:35.791+01:00  INFO 5507 --- [ool-3-thread-30] tourGuide.service.RewardsService         : getDistance called
2023-01-22T16:10:35.787+01:00  INFO 5507 --- [ool-3-thread-67] tourGuide.service.RewardsService         : getDistance called
2023-01-22T16:10:35.788+01:00  INFO 5507 --- [ool-3-thread-22] tourGuide.service.RewardsService         : getDistance called
2023-01-22T16:10:35.788+01:00  INFO 5507 --- [ool-3-thread-23] tourGuide.service.RewardsService         : getDistance called
2023-01-22T16:10:35.788+01:00  INFO 5507 --- [ool-3-thread-16] tourGuide.service.RewardsService         : nearAttraction called with Franklin Park Zoo
2023-01-22T16:10:35.792+01:00  INFO 5507 --- [ool-3-thread-23] tourGuide.service.RewardsService         : nearAttraction called with Jackson Hole
2023-01-22T16:10:35.792+01:00  INFO 5507 --- [ool-3-thread-16] tourGuide.service.RewardsService         : getDistance called
2023-01-22T16:10:35.792+01:00  INFO 5507 --- [ool-3-thread-23] tourGuide.service.RewardsService         : getDistance called
2023-01-22T16:10:35.788+01:00  INFO 5507 --- [ool-3-thread-56] tourGuide.service.RewardsService         : nearAttraction called with Kansas City Zoo
2023-01-22T16:10:35.792+01:00  INFO 5507 --- [ool-3-thread-23] tourGuide.service.RewardsService         : nearAttraction called with Joshua Tree National Park
2023-01-22T16:10:35.792+01:00  INFO 5507 --- [ool-3-thread-56] tourGuide.service.RewardsService         : getDistance called
2023-01-22T16:10:35.792+01:00  INFO 5507 --- [ool-3-thread-23] tourGuide.service.RewardsService         : getDistance called
2023-01-22T16:10:35.788+01:00  INFO 5507 --- [ool-3-thread-57] tourGuide.service.RewardsService         : getDistance called
2023-01-22T16:10:35.792+01:00  INFO 5507 --- [ool-3-thread-23] tourGuide.service.RewardsService         : nearAttraction called with Hot Springs National Park
2023-01-22T16:10:35.788+01:00  INFO 5507 --- [ool-3-thread-21] tourGuide.service.RewardsService         : nearAttraction called with Mojave National Preserve
2023-01-22T16:10:35.792+01:00  INFO 5507 --- [ool-3-thread-57] tourGuide.service.RewardsService         : nearAttraction called with Kartchner Caverns State Park
2023-01-22T16:10:35.788+01:00  INFO 5507 --- [pool-3-thread-7] tourGuide.service.RewardsService         : getDistance called
2023-01-22T16:10:35.788+01:00  INFO 5507 --- [ool-3-thread-45] tourGuide.service.RewardsService         : getDistance called
2023-01-22T16:10:35.788+01:00  INFO 5507 --- [ool-3-thread-19] tourGuide.service.RewardsService         : getDistance called
2023-01-22T16:10:35.792+01:00  INFO 5507 --- [ool-3-thread-45] tourGuide.service.RewardsService         : nearAttraction called with Flowers Bakery of London
2023-01-22T16:10:35.788+01:00  INFO 5507 --- [ool-3-thread-43] tourGuide.service.RewardsService         : getDistance called
2023-01-22T16:10:35.788+01:00  INFO 5507 --- [ool-3-thread-24] tourGuide.service.RewardsService         : nearAttraction called with Hot Springs National Park
2023-01-22T16:10:35.788+01:00  INFO 5507 --- [ool-3-thread-29] tourGuide.service.RewardsService         : getDistance called
2023-01-22T16:10:35.788+01:00  INFO 5507 --- [ool-3-thread-33] tourGuide.service.RewardsService         : getDistance called
2023-01-22T16:10:35.792+01:00  INFO 5507 --- [ool-3-thread-29] tourGuide.service.RewardsService         : nearAttraction called with Fallingwater
2023-01-22T16:10:35.788+01:00  INFO 5507 --- [ool-3-thread-10] tourGuide.service.RewardsService         : getDistance called
2023-01-22T16:10:35.788+01:00  INFO 5507 --- [pool-3-thread-6] tourGuide.service.RewardsService         : getDistance called
2023-01-22T16:10:35.792+01:00  INFO 5507 --- [ool-3-thread-10] tourGuide.service.RewardsService         : nearAttraction called with Roger Dean Stadium
2023-01-22T16:10:35.788+01:00  INFO 5507 --- [ool-3-thread-60] tourGuide.service.RewardsService         : getDistance called
2023-01-22T16:10:35.788+01:00  INFO 5507 --- [ool-3-thread-61] tourGuide.service.RewardsService         : nearAttraction called with Legend Valley
2023-01-22T16:10:35.789+01:00  INFO 5507 --- [ool-3-thread-25] tourGuide.service.RewardsService         : nearAttraction called with Flowers Bakery of London
2023-01-22T16:10:35.789+01:00  INFO 5507 --- [ool-3-thread-36] tourGuide.service.RewardsService         : nearAttraction called with McKinley Tower
2023-01-22T16:10:35.789+01:00  INFO 5507 --- [ool-3-thread-18] tourGuide.service.RewardsService         : getDistance called
2023-01-22T16:10:35.789+01:00  INFO 5507 --- [ool-3-thread-17] tourGuide.service.RewardsService         : nearAttraction called with Fallingwater
2023-01-22T16:10:35.793+01:00  INFO 5507 --- [ool-3-thread-18] tourGuide.service.RewardsService         : nearAttraction called with Tiger Stadium
2023-01-22T16:10:35.789+01:00  INFO 5507 --- [ool-3-thread-39] tourGuide.service.RewardsService         : nearAttraction called with Roger Dean Stadium
2023-01-22T16:10:35.789+01:00  INFO 5507 --- [ool-3-thread-40] tourGuide.service.RewardsService         : getDistance called
2023-01-22T16:10:35.789+01:00  INFO 5507 --- [ool-3-thread-41] tourGuide.service.RewardsService         : nearAttraction called with Neyland Stadium
2023-01-22T16:10:35.793+01:00  INFO 5507 --- [ool-3-thread-40] tourGuide.service.RewardsService         : nearAttraction called with Neyland Stadium
2023-01-22T16:10:35.789+01:00  INFO 5507 --- [ool-3-thread-46] tourGuide.service.RewardsService         : getDistance called
2023-01-22T16:10:35.789+01:00  INFO 5507 --- [ool-3-thread-20] tourGuide.service.RewardsService         : getDistance called
2023-01-22T16:10:35.793+01:00  INFO 5507 --- [ool-3-thread-46] tourGuide.service.RewardsService         : nearAttraction called with Kyle Field
2023-01-22T16:10:35.793+01:00  INFO 5507 --- [ool-3-thread-20] tourGuide.service.RewardsService         : nearAttraction called with San Diego Zoo
2023-01-22T16:10:35.793+01:00  INFO 5507 --- [ool-3-thread-46] tourGuide.service.RewardsService         : getDistance called
2023-01-22T16:10:35.789+01:00  INFO 5507 --- [ool-3-thread-26] tourGuide.service.RewardsService         : getDistance called
2023-01-22T16:10:35.793+01:00  INFO 5507 --- [ool-3-thread-46] tourGuide.service.RewardsService         : nearAttraction called with Zoo Tampa at Lowry Park
2023-01-22T16:10:35.793+01:00  INFO 5507 --- [ool-3-thread-26] tourGuide.service.RewardsService         : nearAttraction called with Franklin Park Zoo
2023-01-22T16:10:35.789+01:00  INFO 5507 --- [ool-3-thread-65] tourGuide.service.RewardsService         : getDistance called
2023-01-22T16:10:35.789+01:00  INFO 5507 --- [pool-3-thread-3] tourGuide.service.RewardsService         : getDistance called
2023-01-22T16:10:35.789+01:00  INFO 5507 --- [ool-3-thread-37] tourGuide.service.RewardsService         : getDistance called
2023-01-22T16:10:35.789+01:00  INFO 5507 --- [ool-3-thread-38] tourGuide.service.RewardsService         : getDistance called
2023-01-22T16:10:35.793+01:00  INFO 5507 --- [ool-3-thread-37] tourGuide.service.RewardsService         : nearAttraction called with Bronx Zoo
2023-01-22T16:10:35.789+01:00  INFO 5507 --- [ool-3-thread-66] tourGuide.service.RewardsService         : getDistance called
2023-01-22T16:10:35.790+01:00  INFO 5507 --- [ool-3-thread-27] tourGuide.service.RewardsService         : nearAttraction called with Kansas City Zoo
2023-01-22T16:10:35.790+01:00  INFO 5507 --- [ool-3-thread-44] tourGuide.service.RewardsService         : getDistance called
2023-01-22T16:10:35.790+01:00  INFO 5507 --- [ool-3-thread-69] tourGuide.service.RewardsService         : getDistance called
2023-01-22T16:10:35.790+01:00  INFO 5507 --- [ool-3-thread-49] tourGuide.service.RewardsService         : getDistance called
2023-01-22T16:10:35.794+01:00  INFO 5507 --- [ool-3-thread-44] tourGuide.service.RewardsService         : nearAttraction called with Jackson Hole
2023-01-22T16:10:35.790+01:00  INFO 5507 --- [ool-3-thread-14] tourGuide.service.RewardsService         : getDistance called
2023-01-22T16:10:35.790+01:00  INFO 5507 --- [ool-3-thread-11] tourGuide.service.RewardsService         : nearAttraction called with Jackson Hole
2023-01-22T16:10:35.794+01:00  INFO 5507 --- [ool-3-thread-14] tourGuide.service.RewardsService         : nearAttraction called with Buffalo National River
2023-01-22T16:10:35.790+01:00  INFO 5507 --- [ool-3-thread-70] tourGuide.service.RewardsService         : getDistance called
2023-01-22T16:10:35.790+01:00  INFO 5507 --- [ool-3-thread-42] tourGuide.service.RewardsService         : getDistance called
2023-01-22T16:10:35.794+01:00  INFO 5507 --- [ool-3-thread-70] tourGuide.service.RewardsService         : nearAttraction called with Hot Springs National Park
2023-01-22T16:10:35.790+01:00  INFO 5507 --- [ool-3-thread-54] tourGuide.service.RewardsService         : getDistance called
2023-01-22T16:10:35.794+01:00  INFO 5507 --- [ool-3-thread-70] tourGuide.service.RewardsService         : getDistance called
2023-01-22T16:10:35.790+01:00  INFO 5507 --- [ool-3-thread-55] tourGuide.service.RewardsService         : getDistance called
2023-01-22T16:10:35.794+01:00  INFO 5507 --- [ool-3-thread-70] tourGuide.service.RewardsService         : nearAttraction called with Flowers Bakery of London
2023-01-22T16:10:35.790+01:00  INFO 5507 --- [ool-3-thread-48] tourGuide.service.RewardsService         : nearAttraction called with Buffalo National River
2023-01-22T16:10:35.790+01:00  INFO 5507 --- [ool-3-thread-47] tourGuide.service.RewardsService         : nearAttraction called with Hot Springs National Park
2023-01-22T16:10:35.794+01:00  INFO 5507 --- [ool-3-thread-48] tourGuide.service.RewardsService         : getDistance called
2023-01-22T16:10:35.790+01:00  INFO 5507 --- [ool-3-thread-28] tourGuide.service.RewardsService         : nearAttraction called with Legend Valley
2023-01-22T16:10:35.794+01:00  INFO 5507 --- [ool-3-thread-48] tourGuide.service.RewardsService         : nearAttraction called with Flatiron Building
2023-01-22T16:10:35.790+01:00  INFO 5507 --- [ool-3-thread-13] tourGuide.service.RewardsService         : getDistance called
2023-01-22T16:10:35.790+01:00  INFO 5507 --- [pool-3-thread-4] tourGuide.service.RewardsService         : getDistance called
2023-01-22T16:10:35.790+01:00  INFO 5507 --- [ool-3-thread-51] tourGuide.service.RewardsService         : nearAttraction called with Fallingwater
2023-01-22T16:10:35.794+01:00  INFO 5507 --- [pool-3-thread-4] tourGuide.service.RewardsService         : nearAttraction called with Union Station
2023-01-22T16:10:35.794+01:00  INFO 5507 --- [ool-3-thread-51] tourGuide.service.RewardsService         : getDistance called
2023-01-22T16:10:35.790+01:00  INFO 5507 --- [ool-3-thread-15] tourGuide.service.RewardsService         : nearAttraction called with McKinley Tower
2023-01-22T16:10:35.794+01:00  INFO 5507 --- [ool-3-thread-51] tourGuide.service.RewardsService         : nearAttraction called with Roger Dean Stadium
2023-01-22T16:10:35.791+01:00  INFO 5507 --- [pool-3-thread-8] tourGuide.service.RewardsService         : getDistance called
2023-01-22T16:10:35.791+01:00  INFO 5507 --- [pool-3-thread-9] tourGuide.service.RewardsService         : nearAttraction called with Roger Dean Stadium
2023-01-22T16:10:35.791+01:00  INFO 5507 --- [ool-3-thread-32] tourGuide.service.RewardsService         : getDistance called
2023-01-22T16:10:35.795+01:00  INFO 5507 --- [pool-3-thread-9] tourGuide.service.RewardsService         : getDistance called
2023-01-22T16:10:35.791+01:00  INFO 5507 --- [ool-3-thread-35] tourGuide.service.RewardsService         : nearAttraction called with Texas Memorial Stadium
2023-01-22T16:10:35.795+01:00  INFO 5507 --- [pool-3-thread-9] tourGuide.service.RewardsService         : nearAttraction called with Tiger Stadium
2023-01-22T16:10:35.795+01:00  INFO 5507 --- [ool-3-thread-35] tourGuide.service.RewardsService         : getDistance called
2023-01-22T16:10:35.791+01:00  INFO 5507 --- [ool-3-thread-50] tourGuide.service.RewardsService         : nearAttraction called with Bryant-Denny Stadium
2023-01-22T16:10:35.795+01:00  INFO 5507 --- [ool-3-thread-35] tourGuide.service.RewardsService         : nearAttraction called with Neyland Stadium
2023-01-22T16:10:35.795+01:00  INFO 5507 --- [ool-3-thread-50] tourGuide.service.RewardsService         : getDistance called
2023-01-22T16:10:35.791+01:00  INFO 5507 --- [ool-3-thread-12] tourGuide.service.RewardsService         : getDistance called
2023-01-22T16:10:35.795+01:00  INFO 5507 --- [ool-3-thread-50] tourGuide.service.RewardsService         : nearAttraction called with Kyle Field
2023-01-22T16:10:35.791+01:00  INFO 5507 --- [ool-3-thread-63] tourGuide.service.RewardsService         : getDistance called
2023-01-22T16:10:35.791+01:00  INFO 5507 --- [ool-3-thread-59] tourGuide.service.RewardsService         : getDistance called
2023-01-22T16:10:35.795+01:00  INFO 5507 --- [ool-3-thread-63] tourGuide.service.RewardsService         : nearAttraction called with Zoo Tampa at Lowry Park
2023-01-22T16:10:35.791+01:00  INFO 5507 --- [ool-3-thread-34] tourGuide.service.RewardsService         : nearAttraction called with Neyland Stadium
2023-01-22T16:10:35.791+01:00  INFO 5507 --- [ool-3-thread-31] tourGuide.service.RewardsService         : getDistance called
2023-01-22T16:10:35.791+01:00  INFO 5507 --- [pool-3-thread-5] tourGuide.service.RewardsService         : nearAttraction called with San Diego Zoo
2023-01-22T16:10:35.791+01:00  INFO 5507 --- [ool-3-thread-64] tourGuide.service.RewardsService         : getDistance called
2023-01-22T16:10:35.791+01:00  INFO 5507 --- [ool-3-thread-68] tourGuide.service.RewardsService         : nearAttraction called with Franklin Park Zoo
2023-01-22T16:10:35.791+01:00  INFO 5507 --- [pool-3-thread-1] tourGuide.service.RewardsService         : getDistance called
2023-01-22T16:10:35.791+01:00  INFO 5507 --- [ool-3-thread-62] tourGuide.service.RewardsService         : getDistance called
2023-01-22T16:10:35.795+01:00  INFO 5507 --- [pool-3-thread-1] tourGuide.service.RewardsService         : nearAttraction called with Bronx Zoo
2023-01-22T16:10:35.791+01:00  INFO 5507 --- [ool-3-thread-52] tourGuide.service.RewardsService         : nearAttraction called with El Paso Zoo
2023-01-22T16:10:35.791+01:00  INFO 5507 --- [pool-3-thread-2] tourGuide.service.RewardsService         : getDistance called
2023-01-22T16:10:35.791+01:00  INFO 5507 --- [ool-3-thread-53] tourGuide.service.RewardsService         : getDistance called
2023-01-22T16:10:35.795+01:00  INFO 5507 --- [pool-3-thread-2] tourGuide.service.RewardsService         : nearAttraction called with Disneyland
2023-01-22T16:10:35.791+01:00  INFO 5507 --- [ool-3-thread-58] tourGuide.service.RewardsService         : getDistance called
2023-01-22T16:10:35.792+01:00  INFO 5507 --- [ool-3-thread-30] tourGuide.service.RewardsService         : nearAttraction called with Bronx Zoo
2023-01-22T16:10:35.792+01:00  INFO 5507 --- [ool-3-thread-67] tourGuide.service.RewardsService         : nearAttraction called with Cinderella Castle
2023-01-22T16:10:35.792+01:00  INFO 5507 --- [ool-3-thread-22] tourGuide.service.RewardsService         : nearAttraction called with Disneyland
2023-01-22T16:10:35.792+01:00  INFO 5507 --- [ool-3-thread-16] tourGuide.service.RewardsService         : nearAttraction called with Mojave National Preserve
2023-01-22T16:10:35.792+01:00  INFO 5507 --- [ool-3-thread-56] tourGuide.service.RewardsService         : nearAttraction called with Buffalo National River
2023-01-22T16:10:35.792+01:00  INFO 5507 --- [ool-3-thread-23] tourGuide.service.RewardsService         : getDistance called
2023-01-22T16:10:35.792+01:00  INFO 5507 --- [ool-3-thread-21] tourGuide.service.RewardsService         : getDistance called
2023-01-22T16:10:35.796+01:00  INFO 5507 --- [ool-3-thread-23] tourGuide.service.RewardsService         : nearAttraction called with Joshua Tree National Park
2023-01-22T16:10:35.792+01:00  INFO 5507 --- [ool-3-thread-57] tourGuide.service.RewardsService         : getDistance called
2023-01-22T16:10:35.796+01:00  INFO 5507 --- [ool-3-thread-21] tourGuide.service.RewardsService         : nearAttraction called with Buffalo National River
2023-01-22T16:10:35.792+01:00  INFO 5507 --- [pool-3-thread-7] tourGuide.service.RewardsService         : nearAttraction called with Legend Valley
2023-01-22T16:10:35.792+01:00  INFO 5507 --- [ool-3-thread-45] tourGuide.service.RewardsService         : getDistance called
2023-01-22T16:10:35.792+01:00  INFO 5507 --- [ool-3-thread-19] tourGuide.service.RewardsService         : nearAttraction called with McKinley Tower
2023-01-22T16:10:35.796+01:00  INFO 5507 --- [ool-3-thread-45] tourGuide.service.RewardsService         : nearAttraction called with Kartchner Caverns State Park
2023-01-22T16:10:35.792+01:00  INFO 5507 --- [ool-3-thread-43] tourGuide.service.RewardsService         : nearAttraction called with Flatiron Building
2023-01-22T16:10:35.796+01:00  INFO 5507 --- [ool-3-thread-43] tourGuide.service.RewardsService         : getDistance called
2023-01-22T16:10:35.792+01:00  INFO 5507 --- [ool-3-thread-24] tourGuide.service.RewardsService         : getDistance called
2023-01-22T16:10:35.792+01:00  INFO 5507 --- [ool-3-thread-33] tourGuide.service.RewardsService         : nearAttraction called with Union Station
2023-01-22T16:10:35.796+01:00  INFO 5507 --- [ool-3-thread-24] tourGuide.service.RewardsService         : nearAttraction called with Flowers Bakery of London
2023-01-22T16:10:35.796+01:00  INFO 5507 --- [ool-3-thread-33] tourGuide.service.RewardsService         : getDistance called
2023-01-22T16:10:35.792+01:00  INFO 5507 --- [ool-3-thread-29] tourGuide.service.RewardsService         : getDistance called
2023-01-22T16:10:35.792+01:00  INFO 5507 --- [pool-3-thread-6] tourGuide.service.RewardsService         : nearAttraction called with Texas Memorial Stadium
2023-01-22T16:10:35.796+01:00  INFO 5507 --- [ool-3-thread-29] tourGuide.service.RewardsService         : nearAttraction called with Flatiron Building
2023-01-22T16:10:35.796+01:00  INFO 5507 --- [pool-3-thread-6] tourGuide.service.RewardsService         : getDistance called
2023-01-22T16:10:35.792+01:00  INFO 5507 --- [ool-3-thread-10] tourGuide.service.RewardsService         : getDistance called
2023-01-22T16:10:35.793+01:00  INFO 5507 --- [ool-3-thread-61] tourGuide.service.RewardsService         : getDistance called
2023-01-22T16:10:35.796+01:00  INFO 5507 --- [ool-3-thread-10] tourGuide.service.RewardsService         : nearAttraction called with Union Station
2023-01-22T16:10:35.793+01:00  INFO 5507 --- [ool-3-thread-60] tourGuide.service.RewardsService         : nearAttraction called with Bryant-Denny Stadium
2023-01-22T16:10:35.793+01:00  INFO 5507 --- [ool-3-thread-25] tourGuide.service.RewardsService         : getDistance called
2023-01-22T16:10:35.793+01:00  INFO 5507 --- [ool-3-thread-36] tourGuide.service.RewardsService         : getDistance called
2023-01-22T16:10:35.793+01:00  INFO 5507 --- [ool-3-thread-17] tourGuide.service.RewardsService         : getDistance called
2023-01-22T16:10:35.797+01:00  INFO 5507 --- [ool-3-thread-36] tourGuide.service.RewardsService         : nearAttraction called with Bryant-Denny Stadium
2023-01-22T16:10:35.793+01:00  INFO 5507 --- [ool-3-thread-18] tourGuide.service.RewardsService         : getDistance called
2023-01-22T16:10:35.797+01:00  INFO 5507 --- [ool-3-thread-17] tourGuide.service.RewardsService         : nearAttraction called with Tiger Stadium
2023-01-22T16:10:35.793+01:00  INFO 5507 --- [ool-3-thread-39] tourGuide.service.RewardsService         : getDistance called
2023-01-22T16:10:35.793+01:00  INFO 5507 --- [ool-3-thread-41] tourGuide.service.RewardsService         : getDistance called
2023-01-22T16:10:35.797+01:00  INFO 5507 --- [ool-3-thread-39] tourGuide.service.RewardsService         : nearAttraction called with Kyle Field
2023-01-22T16:10:35.793+01:00  INFO 5507 --- [ool-3-thread-40] tourGuide.service.RewardsService         : getDistance called
2023-01-22T16:10:35.797+01:00  INFO 5507 --- [ool-3-thread-41] tourGuide.service.RewardsService         : nearAttraction called with San Diego Zoo
2023-01-22T16:10:35.793+01:00  INFO 5507 --- [ool-3-thread-20] tourGuide.service.RewardsService         : getDistance called
2023-01-22T16:10:35.797+01:00  INFO 5507 --- [ool-3-thread-40] tourGuide.service.RewardsService         : nearAttraction called with Zoo Tampa at Lowry Park
2023-01-22T16:10:35.793+01:00  INFO 5507 --- [ool-3-thread-46] tourGuide.service.RewardsService         : getDistance called
2023-01-22T16:10:35.797+01:00  INFO 5507 --- [ool-3-thread-20] tourGuide.service.RewardsService         : nearAttraction called with Franklin Park Zoo
2023-01-22T16:10:35.793+01:00  INFO 5507 --- [ool-3-thread-26] tourGuide.service.RewardsService         : getDistance called
2023-01-22T16:10:35.797+01:00  INFO 5507 --- [ool-3-thread-46] tourGuide.service.RewardsService         : nearAttraction called with El Paso Zoo
2023-01-22T16:10:35.793+01:00  INFO 5507 --- [ool-3-thread-65] tourGuide.service.RewardsService         : nearAttraction called with El Paso Zoo
2023-01-22T16:10:35.793+01:00  INFO 5507 --- [pool-3-thread-3] tourGuide.service.RewardsService         : nearAttraction called with Kansas City Zoo
2023-01-22T16:10:35.793+01:00  INFO 5507 --- [ool-3-thread-37] tourGuide.service.RewardsService         : getDistance called
2023-01-22T16:10:35.793+01:00  INFO 5507 --- [ool-3-thread-38] tourGuide.service.RewardsService         : nearAttraction called with Cinderella Castle
2023-01-22T16:10:35.793+01:00  INFO 5507 --- [ool-3-thread-66] tourGuide.service.RewardsService         : nearAttraction called with Disneyland
2023-01-22T16:10:35.793+01:00  INFO 5507 --- [ool-3-thread-27] tourGuide.service.RewardsService         : getDistance called
2023-01-22T16:10:35.794+01:00  INFO 5507 --- [ool-3-thread-69] tourGuide.service.RewardsService         : nearAttraction called with Mojave National Preserve
2023-01-22T16:10:35.794+01:00  INFO 5507 --- [ool-3-thread-49] tourGuide.service.RewardsService         : nearAttraction called with Joshua Tree National Park
2023-01-22T16:10:35.794+01:00  INFO 5507 --- [ool-3-thread-44] tourGuide.service.RewardsService         : getDistance called
2023-01-22T16:10:35.797+01:00  INFO 5507 --- [ool-3-thread-49] tourGuide.service.RewardsService         : getDistance called
2023-01-22T16:10:35.794+01:00  INFO 5507 --- [ool-3-thread-11] tourGuide.service.RewardsService         : getDistance called
2023-01-22T16:10:35.797+01:00  INFO 5507 --- [ool-3-thread-49] tourGuide.service.RewardsService         : nearAttraction called with Jackson Hole
2023-01-22T16:10:35.794+01:00  INFO 5507 --- [ool-3-thread-14] tourGuide.service.RewardsService         : getDistance called
2023-01-22T16:10:35.794+01:00  INFO 5507 --- [ool-3-thread-42] tourGuide.service.RewardsService         : nearAttraction called with Kartchner Caverns State Park
2023-01-22T16:10:35.798+01:00  INFO 5507 --- [ool-3-thread-14] tourGuide.service.RewardsService         : nearAttraction called with Joshua Tree National Park
2023-01-22T16:10:35.794+01:00  INFO 5507 --- [ool-3-thread-54] tourGuide.service.RewardsService         : nearAttraction called with Legend Valley
2023-01-22T16:10:35.794+01:00  INFO 5507 --- [ool-3-thread-55] tourGuide.service.RewardsService         : nearAttraction called with McKinley Tower
2023-01-22T16:10:35.794+01:00  INFO 5507 --- [ool-3-thread-70] tourGuide.service.RewardsService         : getDistance called
2023-01-22T16:10:35.794+01:00  INFO 5507 --- [ool-3-thread-47] tourGuide.service.RewardsService         : getDistance called
2023-01-22T16:10:35.794+01:00  INFO 5507 --- [ool-3-thread-28] tourGuide.service.RewardsService         : getDistance called
2023-01-22T16:10:35.798+01:00  INFO 5507 --- [ool-3-thread-47] tourGuide.service.RewardsService         : nearAttraction called with Hot Springs National Park
2023-01-22T16:10:35.794+01:00  INFO 5507 --- [ool-3-thread-48] tourGuide.service.RewardsService         : getDistance called
2023-01-22T16:10:35.794+01:00  INFO 5507 --- [ool-3-thread-13] tourGuide.service.RewardsService         : nearAttraction called with Fallingwater
2023-01-22T16:10:35.798+01:00  INFO 5507 --- [ool-3-thread-48] tourGuide.service.RewardsService         : nearAttraction called with Legend Valley
2023-01-22T16:10:35.794+01:00  INFO 5507 --- [pool-3-thread-4] tourGuide.service.RewardsService         : getDistance called
2023-01-22T16:10:35.794+01:00  INFO 5507 --- [ool-3-thread-15] tourGuide.service.RewardsService         : getDistance called
2023-01-22T16:10:35.798+01:00  INFO 5507 --- [pool-3-thread-4] tourGuide.service.RewardsService         : nearAttraction called with Flowers Bakery of London
2023-01-22T16:10:35.794+01:00  INFO 5507 --- [ool-3-thread-51] tourGuide.service.RewardsService         : getDistance called
2023-01-22T16:10:35.795+01:00  INFO 5507 --- [pool-3-thread-8] tourGuide.service.RewardsService         : nearAttraction called with Texas Memorial Stadium
2023-01-22T16:10:35.795+01:00  INFO 5507 --- [ool-3-thread-32] tourGuide.service.RewardsService         : nearAttraction called with Bryant-Denny Stadium
2023-01-22T16:10:35.795+01:00  INFO 5507 --- [pool-3-thread-9] tourGuide.service.RewardsService         : getDistance called
2023-01-22T16:10:35.795+01:00  INFO 5507 --- [ool-3-thread-35] tourGuide.service.RewardsService         : getDistance called
2023-01-22T16:10:35.795+01:00  INFO 5507 --- [ool-3-thread-12] tourGuide.service.RewardsService         : nearAttraction called with San Diego Zoo
2023-01-22T16:10:35.798+01:00  INFO 5507 --- [ool-3-thread-35] tourGuide.service.RewardsService         : nearAttraction called with Union Station
2023-01-22T16:10:35.798+01:00  INFO 5507 --- [ool-3-thread-12] tourGuide.service.RewardsService         : getDistance called
2023-01-22T16:10:35.795+01:00  INFO 5507 --- [ool-3-thread-50] tourGuide.service.RewardsService         : getDistance called
2023-01-22T16:10:35.798+01:00  INFO 5507 --- [ool-3-thread-12] tourGuide.service.RewardsService         : nearAttraction called with Roger Dean Stadium
2023-01-22T16:10:35.795+01:00  INFO 5507 --- [ool-3-thread-63] tourGuide.service.RewardsService         : getDistance called
2023-01-22T16:10:35.798+01:00  INFO 5507 --- [ool-3-thread-12] tourGuide.service.RewardsService         : getDistance called
2023-01-22T16:10:35.795+01:00  INFO 5507 --- [ool-3-thread-59] tourGuide.service.RewardsService         : nearAttraction called with Franklin Park Zoo
2023-01-22T16:10:35.795+01:00  INFO 5507 --- [ool-3-thread-34] tourGuide.service.RewardsService         : getDistance called
2023-01-22T16:10:35.799+01:00  INFO 5507 --- [ool-3-thread-59] tourGuide.service.RewardsService         : getDistance called
2023-01-22T16:10:35.795+01:00  INFO 5507 --- [pool-3-thread-5] tourGuide.service.RewardsService         : getDistance called
2023-01-22T16:10:35.799+01:00  INFO 5507 --- [ool-3-thread-59] tourGuide.service.RewardsService         : nearAttraction called with Kyle Field
2023-01-22T16:10:35.799+01:00  INFO 5507 --- [pool-3-thread-5] tourGuide.service.RewardsService         : nearAttraction called with San Diego Zoo
2023-01-22T16:10:35.795+01:00  INFO 5507 --- [ool-3-thread-31] tourGuide.service.RewardsService         : nearAttraction called with El Paso Zoo
2023-01-22T16:10:35.795+01:00  INFO 5507 --- [ool-3-thread-64] tourGuide.service.RewardsService         : nearAttraction called with Kansas City Zoo
2023-01-22T16:10:35.795+01:00  INFO 5507 --- [ool-3-thread-68] tourGuide.service.RewardsService         : getDistance called
2023-01-22T16:10:35.795+01:00  INFO 5507 --- [ool-3-thread-62] tourGuide.service.RewardsService         : nearAttraction called with Cinderella Castle
2023-01-22T16:10:35.799+01:00  INFO 5507 --- [ool-3-thread-68] tourGuide.service.RewardsService         : nearAttraction called with Zoo Tampa at Lowry Park
2023-01-22T16:10:35.795+01:00  INFO 5507 --- [pool-3-thread-1] tourGuide.service.RewardsService         : getDistance called
2023-01-22T16:10:35.795+01:00  INFO 5507 --- [ool-3-thread-52] tourGuide.service.RewardsService         : getDistance called
2023-01-22T16:10:35.799+01:00  INFO 5507 --- [pool-3-thread-1] tourGuide.service.RewardsService         : nearAttraction called with Franklin Park Zoo
2023-01-22T16:10:35.796+01:00  INFO 5507 --- [ool-3-thread-53] tourGuide.service.RewardsService         : nearAttraction called with Jackson Hole
2023-01-22T16:10:35.799+01:00  INFO 5507 --- [ool-3-thread-52] tourGuide.service.RewardsService         : nearAttraction called with El Paso Zoo
2023-01-22T16:10:35.796+01:00  INFO 5507 --- [pool-3-thread-2] tourGuide.service.RewardsService         : getDistance called
2023-01-22T16:10:35.796+01:00  INFO 5507 --- [ool-3-thread-58] tourGuide.service.RewardsService         : nearAttraction called with Mojave National Preserve
2023-01-22T16:10:35.799+01:00  INFO 5507 --- [pool-3-thread-2] tourGuide.service.RewardsService         : nearAttraction called with Kansas City Zoo
2023-01-22T16:10:35.799+01:00  INFO 5507 --- [ool-3-thread-58] tourGuide.service.RewardsService         : getDistance called
2023-01-22T16:10:35.799+01:00  INFO 5507 --- [pool-3-thread-2] tourGuide.service.RewardsService         : getDistance called
2023-01-22T16:10:35.796+01:00  INFO 5507 --- [ool-3-thread-30] tourGuide.service.RewardsService         : getDistance called
2023-01-22T16:10:35.796+01:00  INFO 5507 --- [ool-3-thread-67] tourGuide.service.RewardsService         : getDistance called
2023-01-22T16:10:35.799+01:00  INFO 5507 --- [ool-3-thread-30] tourGuide.service.RewardsService         : nearAttraction called with Disneyland
2023-01-22T16:10:35.796+01:00  INFO 5507 --- [ool-3-thread-22] tourGuide.service.RewardsService         : getDistance called
2023-01-22T16:10:35.796+01:00  INFO 5507 --- [ool-3-thread-16] tourGuide.service.RewardsService         : getDistance called
2023-01-22T16:10:35.796+01:00  INFO 5507 --- [ool-3-thread-56] tourGuide.service.RewardsService         : getDistance called
2023-01-22T16:10:35.796+01:00  INFO 5507 --- [ool-3-thread-23] tourGuide.service.RewardsService         : getDistance called
2023-01-22T16:10:35.796+01:00  INFO 5507 --- [ool-3-thread-21] tourGuide.service.RewardsService         : getDistance called
2023-01-22T16:10:35.800+01:00  INFO 5507 --- [ool-3-thread-56] tourGuide.service.RewardsService         : nearAttraction called with Buffalo National River
2023-01-22T16:10:35.796+01:00  INFO 5507 --- [ool-3-thread-57] tourGuide.service.RewardsService         : nearAttraction called with Hot Springs National Park
2023-01-22T16:10:35.796+01:00  INFO 5507 --- [pool-3-thread-7] tourGuide.service.RewardsService         : getDistance called
2023-01-22T16:10:35.796+01:00  INFO 5507 --- [ool-3-thread-19] tourGuide.service.RewardsService         : getDistance called
2023-01-22T16:10:35.796+01:00  INFO 5507 --- [ool-3-thread-45] tourGuide.service.RewardsService         : getDistance called
2023-01-22T16:10:35.796+01:00  INFO 5507 --- [ool-3-thread-43] tourGuide.service.RewardsService         : nearAttraction called with Legend Valley
2023-01-22T16:10:35.796+01:00  INFO 5507 --- [ool-3-thread-24] tourGuide.service.RewardsService         : getDistance called
2023-01-22T16:10:35.796+01:00  INFO 5507 --- [ool-3-thread-33] tourGuide.service.RewardsService         : nearAttraction called with McKinley Tower
2023-01-22T16:10:35.800+01:00  INFO 5507 --- [ool-3-thread-24] tourGuide.service.RewardsService         : nearAttraction called with Flatiron Building
2023-01-22T16:10:35.800+01:00  INFO 5507 --- [ool-3-thread-33] tourGuide.service.RewardsService         : getDistance called
2023-01-22T16:10:35.800+01:00  INFO 5507 --- [ool-3-thread-24] tourGuide.service.RewardsService         : getDistance called
2023-01-22T16:10:35.796+01:00  INFO 5507 --- [ool-3-thread-29] tourGuide.service.RewardsService         : getDistance called
2023-01-22T16:10:35.800+01:00  INFO 5507 --- [ool-3-thread-24] tourGuide.service.RewardsService         : nearAttraction called with Union Station
2023-01-22T16:10:35.796+01:00  INFO 5507 --- [pool-3-thread-6] tourGuide.service.RewardsService         : nearAttraction called with Fallingwater
2023-01-22T16:10:35.797+01:00  INFO 5507 --- [ool-3-thread-10] tourGuide.service.RewardsService         : getDistance called
2023-01-22T16:10:35.800+01:00  INFO 5507 --- [pool-3-thread-6] tourGuide.service.RewardsService         : getDistance called
2023-01-22T16:10:35.797+01:00  INFO 5507 --- [ool-3-thread-61] tourGuide.service.RewardsService         : nearAttraction called with Roger Dean Stadium
2023-01-22T16:10:35.797+01:00  INFO 5507 --- [ool-3-thread-60] tourGuide.service.RewardsService         : getDistance called
2023-01-22T16:10:35.797+01:00  INFO 5507 --- [ool-3-thread-25] tourGuide.service.RewardsService         : nearAttraction called with Texas Memorial Stadium
2023-01-22T16:10:35.797+01:00  INFO 5507 --- [ool-3-thread-36] tourGuide.service.RewardsService         : getDistance called
2023-01-22T16:10:35.800+01:00  INFO 5507 --- [ool-3-thread-25] tourGuide.service.RewardsService         : getDistance called
2023-01-22T16:10:35.797+01:00  INFO 5507 --- [ool-3-thread-18] tourGuide.service.RewardsService         : nearAttraction called with Neyland Stadium
2023-01-22T16:10:35.800+01:00  INFO 5507 --- [ool-3-thread-25] tourGuide.service.RewardsService         : nearAttraction called with Kyle Field
2023-01-22T16:10:35.800+01:00  INFO 5507 --- [ool-3-thread-18] tourGuide.service.RewardsService         : getDistance called
2023-01-22T16:10:35.797+01:00  INFO 5507 --- [ool-3-thread-17] tourGuide.service.RewardsService         : getDistance called
2023-01-22T16:10:35.800+01:00  INFO 5507 --- [ool-3-thread-18] tourGuide.service.RewardsService         : nearAttraction called with San Diego Zoo
2023-01-22T16:10:35.797+01:00  INFO 5507 --- [ool-3-thread-39] tourGuide.service.RewardsService         : getDistance called
2023-01-22T16:10:35.797+01:00  INFO 5507 --- [ool-3-thread-41] tourGuide.service.RewardsService         : getDistance called
2023-01-22T16:10:35.801+01:00  INFO 5507 --- [ool-3-thread-39] tourGuide.service.RewardsService         : nearAttraction called with Franklin Park Zoo
2023-01-22T16:10:35.797+01:00  INFO 5507 --- [ool-3-thread-40] tourGuide.service.RewardsService         : getDistance called
2023-01-22T16:10:35.797+01:00  INFO 5507 --- [ool-3-thread-20] tourGuide.service.RewardsService         : getDistance called
2023-01-22T16:10:35.801+01:00  INFO 5507 --- [ool-3-thread-40] tourGuide.service.RewardsService         : nearAttraction called with Kansas City Zoo
2023-01-22T16:10:35.797+01:00  INFO 5507 --- [ool-3-thread-46] tourGuide.service.RewardsService         : getDistance called
2023-01-22T16:10:35.797+01:00  INFO 5507 --- [ool-3-thread-65] tourGuide.service.RewardsService         : getDistance called
2023-01-22T16:10:35.801+01:00  INFO 5507 --- [ool-3-thread-46] tourGuide.service.RewardsService         : nearAttraction called with Cinderella Castle
2023-01-22T16:10:35.797+01:00  INFO 5507 --- [ool-3-thread-26] tourGuide.service.RewardsService         : nearAttraction called with Kansas City Zoo
2023-01-22T16:10:35.797+01:00  INFO 5507 --- [pool-3-thread-3] tourGuide.service.RewardsService         : getDistance called
2023-01-22T16:10:35.797+01:00  INFO 5507 --- [ool-3-thread-37] tourGuide.service.RewardsService         : nearAttraction called with Bronx Zoo
2023-01-22T16:10:35.797+01:00  INFO 5507 --- [ool-3-thread-38] tourGuide.service.RewardsService         : getDistance called
2023-01-22T16:10:35.797+01:00  INFO 5507 --- [ool-3-thread-66] tourGuide.service.RewardsService         : getDistance called
2023-01-22T16:10:35.797+01:00  INFO 5507 --- [ool-3-thread-27] tourGuide.service.RewardsService         : nearAttraction called with Cinderella Castle
2023-01-22T16:10:35.801+01:00  INFO 5507 --- [ool-3-thread-66] tourGuide.service.RewardsService         : nearAttraction called with Joshua Tree National Park
2023-01-22T16:10:35.801+01:00  INFO 5507 --- [ool-3-thread-27] tourGuide.service.RewardsService         : getDistance called
2023-01-22T16:10:35.801+01:00  INFO 5507 --- [ool-3-thread-66] tourGuide.service.RewardsService         : getDistance called
2023-01-22T16:10:35.801+01:00  INFO 5507 --- [ool-3-thread-27] tourGuide.service.RewardsService         : nearAttraction called with Buffalo National River
2023-01-22T16:10:35.797+01:00  INFO 5507 --- [ool-3-thread-69] tourGuide.service.RewardsService         : getDistance called
2023-01-22T16:10:35.797+01:00  INFO 5507 --- [ool-3-thread-44] tourGuide.service.RewardsService         : nearAttraction called with Disneyland
2023-01-22T16:10:35.797+01:00  INFO 5507 --- [ool-3-thread-11] tourGuide.service.RewardsService         : nearAttraction called with Mojave National Preserve
2023-01-22T16:10:35.798+01:00  INFO 5507 --- [ool-3-thread-49] tourGuide.service.RewardsService         : getDistance called
2023-01-22T16:10:35.798+01:00  INFO 5507 --- [ool-3-thread-42] tourGuide.service.RewardsService         : getDistance called
2023-01-22T16:10:35.798+01:00  INFO 5507 --- [ool-3-thread-14] tourGuide.service.RewardsService         : getDistance called
2023-01-22T16:10:35.801+01:00  INFO 5507 --- [ool-3-thread-42] tourGuide.service.RewardsService         : nearAttraction called with Flowers Bakery of London
2023-01-22T16:10:35.798+01:00  INFO 5507 --- [ool-3-thread-54] tourGuide.service.RewardsService         : getDistance called
2023-01-22T16:10:35.802+01:00  INFO 5507 --- [ool-3-thread-42] tourGuide.service.RewardsService         : getDistance called
2023-01-22T16:10:35.798+01:00  INFO 5507 --- [ool-3-thread-55] tourGuide.service.RewardsService         : getDistance called
2023-01-22T16:10:35.798+01:00  INFO 5507 --- [ool-3-thread-70] tourGuide.service.RewardsService         : nearAttraction called with Buffalo National River
2023-01-22T16:10:35.798+01:00  INFO 5507 --- [ool-3-thread-28] tourGuide.service.RewardsService         : nearAttraction called with Kartchner Caverns State Park
2023-01-22T16:10:35.798+01:00  INFO 5507 --- [ool-3-thread-47] tourGuide.service.RewardsService         : getDistance called
2023-01-22T16:10:35.798+01:00  INFO 5507 --- [ool-3-thread-13] tourGuide.service.RewardsService         : getDistance called
2023-01-22T16:10:35.802+01:00  INFO 5507 --- [ool-3-thread-47] tourGuide.service.RewardsService         : nearAttraction called with Roger Dean Stadium
2023-01-22T16:10:35.798+01:00  INFO 5507 --- [ool-3-thread-48] tourGuide.service.RewardsService         : getDistance called
2023-01-22T16:10:35.798+01:00  INFO 5507 --- [pool-3-thread-4] tourGuide.service.RewardsService         : getDistance called
2023-01-22T16:10:35.802+01:00  INFO 5507 --- [ool-3-thread-48] tourGuide.service.RewardsService         : nearAttraction called with Bryant-Denny Stadium
2023-01-22T16:10:35.798+01:00  INFO 5507 --- [ool-3-thread-15] tourGuide.service.RewardsService         : nearAttraction called with McKinley Tower
2023-01-22T16:10:35.798+01:00  INFO 5507 --- [ool-3-thread-51] tourGuide.service.RewardsService         : nearAttraction called with Flatiron Building
2023-01-22T16:10:35.798+01:00  INFO 5507 --- [pool-3-thread-8] tourGuide.service.RewardsService         : getDistance called
2023-01-22T16:10:35.798+01:00  INFO 5507 --- [ool-3-thread-32] tourGuide.service.RewardsService         : getDistance called
2023-01-22T16:10:35.802+01:00  INFO 5507 --- [pool-3-thread-8] tourGuide.service.RewardsService         : nearAttraction called with Neyland Stadium
2023-01-22T16:10:35.798+01:00  INFO 5507 --- [pool-3-thread-9] tourGuide.service.RewardsService         : nearAttraction called with Fallingwater
2023-01-22T16:10:35.802+01:00  INFO 5507 --- [ool-3-thread-32] tourGuide.service.RewardsService         : nearAttraction called with Kyle Field
2023-01-22T16:10:35.802+01:00  INFO 5507 --- [pool-3-thread-9] tourGuide.service.RewardsService         : getDistance called
2023-01-22T16:10:35.802+01:00  INFO 5507 --- [ool-3-thread-32] tourGuide.service.RewardsService         : getDistance called
2023-01-22T16:10:35.798+01:00  INFO 5507 --- [ool-3-thread-35] tourGuide.service.RewardsService         : getDistance called
2023-01-22T16:10:35.802+01:00  INFO 5507 --- [ool-3-thread-32] tourGuide.service.RewardsService         : nearAttraction called with Zoo Tampa at Lowry Park
2023-01-22T16:10:35.802+01:00  INFO 5507 --- [ool-3-thread-35] tourGuide.service.RewardsService         : nearAttraction called with Franklin Park Zoo
2023-01-22T16:10:35.802+01:00  INFO 5507 --- [ool-3-thread-32] tourGuide.service.RewardsService         : getDistance called
2023-01-22T16:10:35.802+01:00  INFO 5507 --- [ool-3-thread-35] tourGuide.service.RewardsService         : getDistance called
2023-01-22T16:10:35.798+01:00  INFO 5507 --- [ool-3-thread-50] tourGuide.service.RewardsService         : nearAttraction called with Texas Memorial Stadium
2023-01-22T16:10:35.799+01:00  INFO 5507 --- [ool-3-thread-63] tourGuide.service.RewardsService         : nearAttraction called with Bryant-Denny Stadium
2023-01-22T16:10:35.799+01:00  INFO 5507 --- [ool-3-thread-12] tourGuide.service.RewardsService         : nearAttraction called with Tiger Stadium
2023-01-22T16:10:35.799+01:00  INFO 5507 --- [ool-3-thread-34] tourGuide.service.RewardsService         : nearAttraction called with Neyland Stadium
2023-01-22T16:10:35.799+01:00  INFO 5507 --- [ool-3-thread-59] tourGuide.service.RewardsService         : getDistance called
2023-01-22T16:10:35.803+01:00  INFO 5507 --- [ool-3-thread-34] tourGuide.service.RewardsService         : getDistance called
2023-01-22T16:10:35.799+01:00  INFO 5507 --- [pool-3-thread-5] tourGuide.service.RewardsService         : getDistance called
2023-01-22T16:10:35.803+01:00  INFO 5507 --- [ool-3-thread-34] tourGuide.service.RewardsService         : nearAttraction called with Cinderella Castle
2023-01-22T16:10:35.799+01:00  INFO 5507 --- [ool-3-thread-31] tourGuide.service.RewardsService         : getDistance called
2023-01-22T16:10:35.799+01:00  INFO 5507 --- [ool-3-thread-64] tourGuide.service.RewardsService         : getDistance called
2023-01-22T16:10:35.803+01:00  INFO 5507 --- [ool-3-thread-31] tourGuide.service.RewardsService         : nearAttraction called with Jackson Hole
2023-01-22T16:10:35.803+01:00  INFO 5507 --- [ool-3-thread-64] tourGuide.service.RewardsService         : nearAttraction called with Mojave National Preserve
2023-01-22T16:10:35.799+01:00  INFO 5507 --- [ool-3-thread-62] tourGuide.service.RewardsService         : getDistance called
2023-01-22T16:10:35.799+01:00  INFO 5507 --- [ool-3-thread-68] tourGuide.service.RewardsService         : getDistance called
2023-01-22T16:10:35.799+01:00  INFO 5507 --- [pool-3-thread-1] tourGuide.service.RewardsService         : getDistance called
2023-01-22T16:10:35.803+01:00  INFO 5507 --- [ool-3-thread-68] tourGuide.service.RewardsService         : nearAttraction called with Buffalo National River
2023-01-22T16:10:35.803+01:00  INFO 5507 --- [pool-3-thread-1] tourGuide.service.RewardsService         : nearAttraction called with Hot Springs National Park
2023-01-22T16:10:35.799+01:00  INFO 5507 --- [ool-3-thread-53] tourGuide.service.RewardsService         : getDistance called
2023-01-22T16:10:35.799+01:00  INFO 5507 --- [ool-3-thread-52] tourGuide.service.RewardsService         : getDistance called
2023-01-22T16:10:35.803+01:00  INFO 5507 --- [ool-3-thread-53] tourGuide.service.RewardsService         : nearAttraction called with Kartchner Caverns State Park
2023-01-22T16:10:35.799+01:00  INFO 5507 --- [ool-3-thread-58] tourGuide.service.RewardsService         : nearAttraction called with Bronx Zoo
2023-01-22T16:10:35.799+01:00  INFO 5507 --- [pool-3-thread-2] tourGuide.service.RewardsService         : nearAttraction called with Cinderella Castle
2023-01-22T16:10:35.799+01:00  INFO 5507 --- [ool-3-thread-67] tourGuide.service.RewardsService         : nearAttraction called with Jackson Hole
2023-01-22T16:10:35.799+01:00  INFO 5507 --- [ool-3-thread-30] tourGuide.service.RewardsService         : getDistance called
2023-01-22T16:10:35.799+01:00  INFO 5507 --- [ool-3-thread-22] tourGuide.service.RewardsService         : nearAttraction called with Mojave National Preserve
2023-01-22T16:10:35.800+01:00  INFO 5507 --- [ool-3-thread-16] tourGuide.service.RewardsService         : nearAttraction called with Joshua Tree National Park
2023-01-22T16:10:35.800+01:00  INFO 5507 --- [ool-3-thread-23] tourGuide.service.RewardsService         : nearAttraction called with Hot Springs National Park
2023-01-22T16:10:35.800+01:00  INFO 5507 --- [ool-3-thread-56] tourGuide.service.RewardsService         : getDistance called
2023-01-22T16:10:35.800+01:00  INFO 5507 --- [ool-3-thread-21] tourGuide.service.RewardsService         : nearAttraction called with Kartchner Caverns State Park
2023-01-22T16:10:35.800+01:00  INFO 5507 --- [ool-3-thread-57] tourGuide.service.RewardsService         : getDistance called
2023-01-22T16:10:35.800+01:00  INFO 5507 --- [pool-3-thread-7] tourGuide.service.RewardsService         : nearAttraction called with Legend Valley
2023-01-22T16:10:35.800+01:00  INFO 5507 --- [ool-3-thread-19] tourGuide.service.RewardsService         : nearAttraction called with Flowers Bakery of London
2023-01-22T16:10:35.800+01:00  INFO 5507 --- [ool-3-thread-45] tourGuide.service.RewardsService         : nearAttraction called with McKinley Tower
2023-01-22T16:10:35.800+01:00  INFO 5507 --- [ool-3-thread-43] tourGuide.service.RewardsService         : getDistance called
2023-01-22T16:10:35.800+01:00  INFO 5507 --- [ool-3-thread-33] tourGuide.service.RewardsService         : nearAttraction called with Fallingwater
2023-01-22T16:10:35.800+01:00  INFO 5507 --- [ool-3-thread-24] tourGuide.service.RewardsService         : getDistance called
2023-01-22T16:10:35.800+01:00  INFO 5507 --- [ool-3-thread-29] tourGuide.service.RewardsService         : nearAttraction called with Roger Dean Stadium
2023-01-22T16:10:35.804+01:00  INFO 5507 --- [ool-3-thread-24] tourGuide.service.RewardsService         : nearAttraction called with Union Station
2023-01-22T16:10:35.800+01:00  INFO 5507 --- [ool-3-thread-10] tourGuide.service.RewardsService         : nearAttraction called with Texas Memorial Stadium
2023-01-22T16:10:35.800+01:00  INFO 5507 --- [pool-3-thread-6] tourGuide.service.RewardsService         : nearAttraction called with Bryant-Denny Stadium
2023-01-22T16:10:35.800+01:00  INFO 5507 --- [ool-3-thread-61] tourGuide.service.RewardsService         : getDistance called
2023-01-22T16:10:35.800+01:00  INFO 5507 --- [ool-3-thread-60] tourGuide.service.RewardsService         : nearAttraction called with Tiger Stadium
2023-01-22T16:10:35.800+01:00  INFO 5507 --- [ool-3-thread-36] tourGuide.service.RewardsService         : nearAttraction called with Neyland Stadium
2023-01-22T16:10:35.800+01:00  INFO 5507 --- [ool-3-thread-25] tourGuide.service.RewardsService         : getDistance called
2023-01-22T16:10:35.801+01:00  INFO 5507 --- [ool-3-thread-18] tourGuide.service.RewardsService         : getDistance called
2023-01-22T16:10:35.804+01:00  INFO 5507 --- [ool-3-thread-25] tourGuide.service.RewardsService         : nearAttraction called with Texas Memorial Stadium
2023-01-22T16:10:35.804+01:00  INFO 5507 --- [ool-3-thread-18] tourGuide.service.RewardsService         : nearAttraction called with Bryant-Denny Stadium
2023-01-22T16:10:35.801+01:00  INFO 5507 --- [ool-3-thread-17] tourGuide.service.RewardsService         : nearAttraction called with Zoo Tampa at Lowry Park
2023-01-22T16:10:35.801+01:00  INFO 5507 --- [ool-3-thread-41] tourGuide.service.RewardsService         : nearAttraction called with El Paso Zoo
2023-01-22T16:10:35.801+01:00  INFO 5507 --- [ool-3-thread-39] tourGuide.service.RewardsService         : getDistance called
2023-01-22T16:10:35.804+01:00  INFO 5507 --- [ool-3-thread-41] tourGuide.service.RewardsService         : getDistance called
2023-01-22T16:10:35.801+01:00  INFO 5507 --- [ool-3-thread-20] tourGuide.service.RewardsService         : nearAttraction called with Bronx Zoo
2023-01-22T16:10:35.801+01:00  INFO 5507 --- [ool-3-thread-40] tourGuide.service.RewardsService         : getDistance called
2023-01-22T16:10:35.804+01:00  INFO 5507 --- [ool-3-thread-20] tourGuide.service.RewardsService         : getDistance called
2023-01-22T16:10:35.801+01:00  INFO 5507 --- [ool-3-thread-65] tourGuide.service.RewardsService         : nearAttraction called with Disneyland
2023-01-22T16:10:35.804+01:00  INFO 5507 --- [ool-3-thread-20] tourGuide.service.RewardsService         : nearAttraction called with San Diego Zoo
2023-01-22T16:10:35.804+01:00  INFO 5507 --- [ool-3-thread-65] tourGuide.service.RewardsService         : getDistance called
2023-01-22T16:10:35.801+01:00  INFO 5507 --- [ool-3-thread-46] tourGuide.service.RewardsService         : getDistance called
2023-01-22T16:10:35.805+01:00  INFO 5507 --- [ool-3-thread-65] tourGuide.service.RewardsService         : nearAttraction called with Zoo Tampa at Lowry Park
2023-01-22T16:10:35.801+01:00  INFO 5507 --- [ool-3-thread-26] tourGuide.service.RewardsService         : getDistance called
2023-01-22T16:10:35.801+01:00  INFO 5507 --- [pool-3-thread-3] tourGuide.service.RewardsService         : nearAttraction called with Jackson Hole
2023-01-22T16:10:35.805+01:00  INFO 5507 --- [ool-3-thread-26] tourGuide.service.RewardsService         : nearAttraction called with El Paso Zoo
2023-01-22T16:10:35.805+01:00  INFO 5507 --- [pool-3-thread-3] tourGuide.service.RewardsService         : getDistance called
2023-01-22T16:10:35.805+01:00  INFO 5507 --- [ool-3-thread-26] tourGuide.service.RewardsService         : getDistance called
2023-01-22T16:10:35.801+01:00  INFO 5507 --- [ool-3-thread-37] tourGuide.service.RewardsService         : getDistance called
2023-01-22T16:10:35.805+01:00  INFO 5507 --- [ool-3-thread-26] tourGuide.service.RewardsService         : nearAttraction called with Bronx Zoo
2023-01-22T16:10:35.801+01:00  INFO 5507 --- [ool-3-thread-38] tourGuide.service.RewardsService         : nearAttraction called with Mojave National Preserve
2023-01-22T16:10:35.801+01:00  INFO 5507 --- [ool-3-thread-66] tourGuide.service.RewardsService         : nearAttraction called with Hot Springs National Park
2023-01-22T16:10:35.801+01:00  INFO 5507 --- [ool-3-thread-27] tourGuide.service.RewardsService         : getDistance called
2023-01-22T16:10:35.801+01:00  INFO 5507 --- [ool-3-thread-69] tourGuide.service.RewardsService         : nearAttraction called with Kartchner Caverns State Park
2023-01-22T16:10:35.805+01:00  INFO 5507 --- [ool-3-thread-27] tourGuide.service.RewardsService         : nearAttraction called with Disneyland
2023-01-22T16:10:35.805+01:00  INFO 5507 --- [ool-3-thread-69] tourGuide.service.RewardsService         : getDistance called
2023-01-22T16:10:35.801+01:00  INFO 5507 --- [ool-3-thread-44] tourGuide.service.RewardsService         : getDistance called
2023-01-22T16:10:35.805+01:00  INFO 5507 --- [ool-3-thread-69] tourGuide.service.RewardsService         : nearAttraction called with Jackson Hole
2023-01-22T16:10:35.801+01:00  INFO 5507 --- [ool-3-thread-11] tourGuide.service.RewardsService         : getDistance called
2023-01-22T16:10:35.801+01:00  INFO 5507 --- [ool-3-thread-49] tourGuide.service.RewardsService         : nearAttraction called with Legend Valley
2023-01-22T16:10:35.802+01:00  INFO 5507 --- [ool-3-thread-14] tourGuide.service.RewardsService         : nearAttraction called with McKinley Tower
2023-01-22T16:10:35.802+01:00  INFO 5507 --- [ool-3-thread-54] tourGuide.service.RewardsService         : nearAttraction called with Flatiron Building
2023-01-22T16:10:35.802+01:00  INFO 5507 --- [ool-3-thread-42] tourGuide.service.RewardsService         : nearAttraction called with Fallingwater
2023-01-22T16:10:35.805+01:00  INFO 5507 --- [ool-3-thread-54] tourGuide.service.RewardsService         : getDistance called
2023-01-22T16:10:35.805+01:00  INFO 5507 --- [ool-3-thread-42] tourGuide.service.RewardsService         : getDistance called
2023-01-22T16:10:35.802+01:00  INFO 5507 --- [ool-3-thread-55] tourGuide.service.RewardsService         : nearAttraction called with Union Station
2023-01-22T16:10:35.805+01:00  INFO 5507 --- [ool-3-thread-42] tourGuide.service.RewardsService         : nearAttraction called with Hot Springs National Park
2023-01-22T16:10:35.805+01:00  INFO 5507 --- [ool-3-thread-55] tourGuide.service.RewardsService         : getDistance called
2023-01-22T16:10:35.802+01:00  INFO 5507 --- [ool-3-thread-70] tourGuide.service.RewardsService         : getDistance called
2023-01-22T16:10:35.802+01:00  INFO 5507 --- [ool-3-thread-28] tourGuide.service.RewardsService         : getDistance called
2023-01-22T16:10:35.802+01:00  INFO 5507 --- [ool-3-thread-13] tourGuide.service.RewardsService         : nearAttraction called with Texas Memorial Stadium
2023-01-22T16:10:35.806+01:00  INFO 5507 --- [ool-3-thread-70] tourGuide.service.RewardsService         : nearAttraction called with Legend Valley
2023-01-22T16:10:35.806+01:00  INFO 5507 --- [ool-3-thread-28] tourGuide.service.RewardsService         : nearAttraction called with Flowers Bakery of London
2023-01-22T16:10:35.806+01:00  INFO 5507 --- [ool-3-thread-70] tourGuide.service.RewardsService         : getDistance called
2023-01-22T16:10:35.806+01:00  INFO 5507 --- [ool-3-thread-28] tourGuide.service.RewardsService         : getDistance called
2023-01-22T16:10:35.802+01:00  INFO 5507 --- [ool-3-thread-47] tourGuide.service.RewardsService         : getDistance called
2023-01-22T16:10:35.806+01:00  INFO 5507 --- [ool-3-thread-28] tourGuide.service.RewardsService         : nearAttraction called with Flatiron Building
2023-01-22T16:10:35.802+01:00  INFO 5507 --- [pool-3-thread-4] tourGuide.service.RewardsService         : nearAttraction called with Tiger Stadium
2023-01-22T16:10:35.806+01:00  INFO 5507 --- [ool-3-thread-28] tourGuide.service.RewardsService         : getDistance called
2023-01-22T16:10:35.806+01:00  INFO 5507 --- [pool-3-thread-4] tourGuide.service.RewardsService         : getDistance called
2023-01-22T16:10:35.802+01:00  INFO 5507 --- [ool-3-thread-48] tourGuide.service.RewardsService         : getDistance called
2023-01-22T16:10:35.806+01:00  INFO 5507 --- [pool-3-thread-4] tourGuide.service.RewardsService         : nearAttraction called with Roger Dean Stadium
2023-01-22T16:10:35.802+01:00  INFO 5507 --- [ool-3-thread-15] tourGuide.service.RewardsService         : getDistance called
2023-01-22T16:10:35.802+01:00  INFO 5507 --- [ool-3-thread-51] tourGuide.service.RewardsService         : getDistance called
2023-01-22T16:10:35.806+01:00  INFO 5507 --- [ool-3-thread-15] tourGuide.service.RewardsService         : nearAttraction called with Bryant-Denny Stadium
2023-01-22T16:10:35.806+01:00  INFO 5507 --- [ool-3-thread-51] tourGuide.service.RewardsService         : nearAttraction called with Tiger Stadium
2023-01-22T16:10:35.802+01:00  INFO 5507 --- [pool-3-thread-8] tourGuide.service.RewardsService         : getDistance called
2023-01-22T16:10:35.806+01:00  INFO 5507 --- [ool-3-thread-51] tourGuide.service.RewardsService         : getDistance called
2023-01-22T16:10:35.802+01:00  INFO 5507 --- [pool-3-thread-9] tourGuide.service.RewardsService         : nearAttraction called with San Diego Zoo
2023-01-22T16:10:35.806+01:00  INFO 5507 --- [ool-3-thread-51] tourGuide.service.RewardsService         : nearAttraction called with Neyland Stadium
2023-01-22T16:10:35.806+01:00  INFO 5507 --- [pool-3-thread-9] tourGuide.service.RewardsService         : getDistance called
2023-01-22T16:10:35.806+01:00  INFO 5507 --- [ool-3-thread-51] tourGuide.service.RewardsService         : getDistance called
2023-01-22T16:10:35.802+01:00  INFO 5507 --- [ool-3-thread-32] tourGuide.service.RewardsService         : nearAttraction called with El Paso Zoo
2023-01-22T16:10:35.802+01:00  INFO 5507 --- [ool-3-thread-35] tourGuide.service.RewardsService         : nearAttraction called with Kansas City Zoo
2023-01-22T16:10:35.802+01:00  INFO 5507 --- [ool-3-thread-50] tourGuide.service.RewardsService         : getDistance called
2023-01-22T16:10:35.803+01:00  INFO 5507 --- [ool-3-thread-63] tourGuide.service.RewardsService         : getDistance called
2023-01-22T16:10:35.803+01:00  INFO 5507 --- [ool-3-thread-12] tourGuide.service.RewardsService         : getDistance called
2023-01-22T16:10:35.806+01:00  INFO 5507 --- [ool-3-thread-63] tourGuide.service.RewardsService         : nearAttraction called with El Paso Zoo
2023-01-22T16:10:35.803+01:00  INFO 5507 --- [ool-3-thread-59] tourGuide.service.RewardsService         : nearAttraction called with Bronx Zoo
2023-01-22T16:10:35.803+01:00  INFO 5507 --- [pool-3-thread-5] tourGuide.service.RewardsService         : nearAttraction called with Disneyland
2023-01-22T16:10:35.803+01:00  INFO 5507 --- [ool-3-thread-34] tourGuide.service.RewardsService         : getDistance called
2023-01-22T16:10:35.803+01:00  INFO 5507 --- [ool-3-thread-31] tourGuide.service.RewardsService         : getDistance called
2023-01-22T16:10:35.803+01:00  INFO 5507 --- [ool-3-thread-64] tourGuide.service.RewardsService         : getDistance called
2023-01-22T16:10:35.803+01:00  INFO 5507 --- [ool-3-thread-62] tourGuide.service.RewardsService         : nearAttraction called with Joshua Tree National Park
2023-01-22T16:10:35.807+01:00  INFO 5507 --- [ool-3-thread-31] tourGuide.service.RewardsService         : nearAttraction called with Cinderella Castle
2023-01-22T16:10:35.807+01:00  INFO 5507 --- [ool-3-thread-62] tourGuide.service.RewardsService         : getDistance called
2023-01-22T16:10:35.807+01:00  INFO 5507 --- [ool-3-thread-31] tourGuide.service.RewardsService         : getDistance called
2023-01-22T16:10:35.803+01:00  INFO 5507 --- [ool-3-thread-68] tourGuide.service.RewardsService         : getDistance called
2023-01-22T16:10:35.807+01:00  INFO 5507 --- [ool-3-thread-31] tourGuide.service.RewardsService         : nearAttraction called with Mojave National Preserve
2023-01-22T16:10:35.803+01:00  INFO 5507 --- [pool-3-thread-1] tourGuide.service.RewardsService         : getDistance called
2023-01-22T16:10:35.803+01:00  INFO 5507 --- [ool-3-thread-52] tourGuide.service.RewardsService         : nearAttraction called with Legend Valley
2023-01-22T16:10:35.803+01:00  INFO 5507 --- [ool-3-thread-53] tourGuide.service.RewardsService         : getDistance called
2023-01-22T16:10:35.803+01:00  INFO 5507 --- [ool-3-thread-58] tourGuide.service.RewardsService         : getDistance called
2023-01-22T16:10:35.803+01:00  INFO 5507 --- [pool-3-thread-2] tourGuide.service.RewardsService         : getDistance called
2023-01-22T16:10:35.807+01:00  INFO 5507 --- [ool-3-thread-58] tourGuide.service.RewardsService         : nearAttraction called with Kartchner Caverns State Park
2023-01-22T16:10:35.803+01:00  INFO 5507 --- [ool-3-thread-67] tourGuide.service.RewardsService         : getDistance called
2023-01-22T16:10:35.807+01:00  INFO 5507 --- [pool-3-thread-2] tourGuide.service.RewardsService         : nearAttraction called with Legend Valley
2023-01-22T16:10:35.803+01:00  INFO 5507 --- [ool-3-thread-30] tourGuide.service.RewardsService         : nearAttraction called with Flowers Bakery of London
2023-01-22T16:10:35.803+01:00  INFO 5507 --- [ool-3-thread-22] tourGuide.service.RewardsService         : getDistance called
2023-01-22T16:10:35.803+01:00  INFO 5507 --- [ool-3-thread-16] tourGuide.service.RewardsService         : getDistance called
2023-01-22T16:10:35.803+01:00  INFO 5507 --- [ool-3-thread-23] tourGuide.service.RewardsService         : getDistance called
2023-01-22T16:10:35.807+01:00  INFO 5507 --- [ool-3-thread-16] tourGuide.service.RewardsService         : nearAttraction called with Flatiron Building
2023-01-22T16:10:35.803+01:00  INFO 5507 --- [ool-3-thread-56] tourGuide.service.RewardsService         : nearAttraction called with McKinley Tower
2023-01-22T16:10:35.803+01:00  INFO 5507 --- [ool-3-thread-21] tourGuide.service.RewardsService         : getDistance called
2023-01-22T16:10:35.807+01:00  INFO 5507 --- [ool-3-thread-56] tourGuide.service.RewardsService         : getDistance called
2023-01-22T16:10:35.804+01:00  INFO 5507 --- [pool-3-thread-7] tourGuide.service.RewardsService         : getDistance called
2023-01-22T16:10:35.807+01:00  INFO 5507 --- [ool-3-thread-21] tourGuide.service.RewardsService         : nearAttraction called with Union Station
2023-01-22T16:10:35.804+01:00  INFO 5507 --- [ool-3-thread-57] tourGuide.service.RewardsService         : nearAttraction called with Flatiron Building
2023-01-22T16:10:35.804+01:00  INFO 5507 --- [ool-3-thread-19] tourGuide.service.RewardsService         : getDistance called
2023-01-22T16:10:35.804+01:00  INFO 5507 --- [ool-3-thread-45] tourGuide.service.RewardsService         : getDistance called
2023-01-22T16:10:35.804+01:00  INFO 5507 --- [ool-3-thread-43] tourGuide.service.RewardsService         : nearAttraction called with Fallingwater
2023-01-22T16:10:35.807+01:00  INFO 5507 --- [ool-3-thread-45] tourGuide.service.RewardsService         : nearAttraction called with Tiger Stadium
2023-01-22T16:10:35.804+01:00  INFO 5507 --- [ool-3-thread-33] tourGuide.service.RewardsService         : getDistance called
2023-01-22T16:10:35.804+01:00  INFO 5507 --- [ool-3-thread-29] tourGuide.service.RewardsService         : getDistance called
2023-01-22T16:10:35.804+01:00  INFO 5507 --- [ool-3-thread-24] tourGuide.service.RewardsService         : getDistance called
2023-01-22T16:10:35.807+01:00  INFO 5507 --- [ool-3-thread-29] tourGuide.service.RewardsService         : nearAttraction called with Kyle Field
2023-01-22T16:10:35.804+01:00  INFO 5507 --- [ool-3-thread-10] tourGuide.service.RewardsService         : getDistance called
2023-01-22T16:10:35.804+01:00  INFO 5507 --- [pool-3-thread-6] tourGuide.service.RewardsService         : getDistance called
2023-01-22T16:10:35.808+01:00  INFO 5507 --- [ool-3-thread-29] tourGuide.service.RewardsService         : getDistance called
2023-01-22T16:10:35.804+01:00  INFO 5507 --- [ool-3-thread-61] tourGuide.service.RewardsService         : nearAttraction called with Roger Dean Stadium
2023-01-22T16:10:35.808+01:00  INFO 5507 --- [ool-3-thread-29] tourGuide.service.RewardsService         : nearAttraction called with El Paso Zoo
2023-01-22T16:10:35.808+01:00  INFO 5507 --- [ool-3-thread-61] tourGuide.service.RewardsService         : getDistance called
2023-01-22T16:10:35.808+01:00  INFO 5507 --- [ool-3-thread-29] tourGuide.service.RewardsService         : getDistance called
2023-01-22T16:10:35.804+01:00  INFO 5507 --- [ool-3-thread-60] tourGuide.service.RewardsService         : getDistance called
2023-01-22T16:10:35.808+01:00  INFO 5507 --- [ool-3-thread-29] tourGuide.service.RewardsService         : nearAttraction called with Bronx Zoo
2023-01-22T16:10:35.804+01:00  INFO 5507 --- [ool-3-thread-36] tourGuide.service.RewardsService         : getDistance called
2023-01-22T16:10:35.808+01:00  INFO 5507 --- [ool-3-thread-60] tourGuide.service.RewardsService         : nearAttraction called with Cinderella Castle
2023-01-22T16:10:35.804+01:00  INFO 5507 --- [ool-3-thread-25] tourGuide.service.RewardsService         : getDistance called
2023-01-22T16:10:35.804+01:00  INFO 5507 --- [ool-3-thread-18] tourGuide.service.RewardsService         : getDistance called
2023-01-22T16:10:35.808+01:00  INFO 5507 --- [ool-3-thread-25] tourGuide.service.RewardsService         : nearAttraction called with Disneyland
2023-01-22T16:10:35.808+01:00  INFO 5507 --- [ool-3-thread-18] tourGuide.service.RewardsService         : nearAttraction called with Jackson Hole
2023-01-22T16:10:35.808+01:00  INFO 5507 --- [ool-3-thread-25] tourGuide.service.RewardsService         : getDistance called
2023-01-22T16:10:35.808+01:00  INFO 5507 --- [ool-3-thread-18] tourGuide.service.RewardsService         : getDistance called
2023-01-22T16:10:35.804+01:00  INFO 5507 --- [ool-3-thread-17] tourGuide.service.RewardsService         : getDistance called
2023-01-22T16:10:35.808+01:00  INFO 5507 --- [ool-3-thread-18] tourGuide.service.RewardsService         : nearAttraction called with Mojave National Preserve
2023-01-22T16:10:35.804+01:00  INFO 5507 --- [ool-3-thread-39] tourGuide.service.RewardsService         : nearAttraction called with Tiger Stadium
2023-01-22T16:10:35.804+01:00  INFO 5507 --- [ool-3-thread-41] tourGuide.service.RewardsService         : nearAttraction called with Neyland Stadium
2023-01-22T16:10:35.804+01:00  INFO 5507 --- [ool-3-thread-40] tourGuide.service.RewardsService         : nearAttraction called with Kyle Field
2023-01-22T16:10:35.805+01:00  INFO 5507 --- [ool-3-thread-20] tourGuide.service.RewardsService         : getDistance called
2023-01-22T16:10:35.805+01:00  INFO 5507 --- [ool-3-thread-46] tourGuide.service.RewardsService         : nearAttraction called with Franklin Park Zoo
2023-01-22T16:10:35.805+01:00  INFO 5507 --- [ool-3-thread-65] tourGuide.service.RewardsService         : getDistance called
2023-01-22T16:10:35.805+01:00  INFO 5507 --- [pool-3-thread-3] tourGuide.service.RewardsService         : nearAttraction called with Kansas City Zoo
2023-01-22T16:10:35.805+01:00  INFO 5507 --- [ool-3-thread-26] tourGuide.service.RewardsService         : getDistance called
2023-01-22T16:10:35.805+01:00  INFO 5507 --- [ool-3-thread-37] tourGuide.service.RewardsService         : nearAttraction called with Cinderella Castle
2023-01-22T16:10:35.808+01:00  INFO 5507 --- [ool-3-thread-26] tourGuide.service.RewardsService         : nearAttraction called with Buffalo National River
2023-01-22T16:10:35.805+01:00  INFO 5507 --- [ool-3-thread-38] tourGuide.service.RewardsService         : getDistance called
2023-01-22T16:10:35.805+01:00  INFO 5507 --- [ool-3-thread-66] tourGuide.service.RewardsService         : getDistance called
2023-01-22T16:10:35.809+01:00  INFO 5507 --- [ool-3-thread-38] tourGuide.service.RewardsService         : nearAttraction called with Buffalo National River
2023-01-22T16:10:35.805+01:00  INFO 5507 --- [ool-3-thread-27] tourGuide.service.RewardsService         : getDistance called
2023-01-22T16:10:35.805+01:00  INFO 5507 --- [ool-3-thread-44] tourGuide.service.RewardsService         : nearAttraction called with Mojave National Preserve
2023-01-22T16:10:35.805+01:00  INFO 5507 --- [ool-3-thread-69] tourGuide.service.RewardsService         : getDistance called
2023-01-22T16:10:35.805+01:00  INFO 5507 --- [ool-3-thread-11] tourGuide.service.RewardsService         : nearAttraction called with Joshua Tree National Park
2023-01-22T16:10:35.809+01:00  INFO 5507 --- [ool-3-thread-69] tourGuide.service.RewardsService         : nearAttraction called with Kartchner Caverns State Park
2023-01-22T16:10:35.805+01:00  INFO 5507 --- [ool-3-thread-49] tourGuide.service.RewardsService         : getDistance called
2023-01-22T16:10:35.805+01:00  INFO 5507 --- [ool-3-thread-14] tourGuide.service.RewardsService         : getDistance called
2023-01-22T16:10:35.809+01:00  INFO 5507 --- [ool-3-thread-49] tourGuide.service.RewardsService         : nearAttraction called with Kartchner Caverns State Park
2023-01-22T16:10:35.805+01:00  INFO 5507 --- [ool-3-thread-54] tourGuide.service.RewardsService         : nearAttraction called with Buffalo National River
2023-01-22T16:10:35.805+01:00  INFO 5507 --- [ool-3-thread-55] tourGuide.service.RewardsService         : nearAttraction called with Kartchner Caverns State Park
2023-01-22T16:10:35.805+01:00  INFO 5507 --- [ool-3-thread-42] tourGuide.service.RewardsService         : getDistance called
2023-01-22T16:10:35.806+01:00  INFO 5507 --- [ool-3-thread-13] tourGuide.service.RewardsService         : getDistance called
2023-01-22T16:10:35.806+01:00  INFO 5507 --- [ool-3-thread-70] tourGuide.service.RewardsService         : nearAttraction called with McKinley Tower
2023-01-22T16:10:35.809+01:00  INFO 5507 --- [ool-3-thread-13] tourGuide.service.RewardsService         : nearAttraction called with Flowers Bakery of London
2023-01-22T16:10:35.809+01:00  INFO 5507 --- [ool-3-thread-70] tourGuide.service.RewardsService         : getDistance called
2023-01-22T16:10:35.806+01:00  INFO 5507 --- [ool-3-thread-47] tourGuide.service.RewardsService         : nearAttraction called with Fallingwater
2023-01-22T16:10:35.806+01:00  INFO 5507 --- [ool-3-thread-28] tourGuide.service.RewardsService         : nearAttraction called with Union Station
2023-01-22T16:10:35.806+01:00  INFO 5507 --- [ool-3-thread-48] tourGuide.service.RewardsService         : nearAttraction called with Texas Memorial Stadium
2023-01-22T16:10:35.806+01:00  INFO 5507 --- [pool-3-thread-4] tourGuide.service.RewardsService         : getDistance called
2023-01-22T16:10:35.806+01:00  INFO 5507 --- [ool-3-thread-15] tourGuide.service.RewardsService         : getDistance called
2023-01-22T16:10:35.809+01:00  INFO 5507 --- [pool-3-thread-4] tourGuide.service.RewardsService         : nearAttraction called with McKinley Tower
2023-01-22T16:10:35.806+01:00  INFO 5507 --- [pool-3-thread-8] tourGuide.service.RewardsService         : nearAttraction called with Kyle Field
2023-01-22T16:10:35.806+01:00  INFO 5507 --- [pool-3-thread-9] tourGuide.service.RewardsService         : nearAttraction called with San Diego Zoo
2023-01-22T16:10:35.806+01:00  INFO 5507 --- [ool-3-thread-51] tourGuide.service.RewardsService         : nearAttraction called with Zoo Tampa at Lowry Park
2023-01-22T16:10:35.806+01:00  INFO 5507 --- [ool-3-thread-32] tourGuide.service.RewardsService         : getDistance called
2023-01-22T16:10:35.806+01:00  INFO 5507 --- [ool-3-thread-35] tourGuide.service.RewardsService         : getDistance called
2023-01-22T16:10:35.806+01:00  INFO 5507 --- [ool-3-thread-50] tourGuide.service.RewardsService         : nearAttraction called with Franklin Park Zoo
2023-01-22T16:10:35.810+01:00  INFO 5507 --- [ool-3-thread-32] tourGuide.service.RewardsService         : nearAttraction called with Flatiron Building
2023-01-22T16:10:35.810+01:00  INFO 5507 --- [ool-3-thread-35] tourGuide.service.RewardsService         : nearAttraction called with Flatiron Building
2023-01-22T16:10:35.806+01:00  INFO 5507 --- [ool-3-thread-63] tourGuide.service.RewardsService         : getDistance called
2023-01-22T16:10:35.806+01:00  INFO 5507 --- [ool-3-thread-12] tourGuide.service.RewardsService         : nearAttraction called with Kansas City Zoo
2023-01-22T16:10:35.806+01:00  INFO 5507 --- [ool-3-thread-59] tourGuide.service.RewardsService         : getDistance called
2023-01-22T16:10:35.806+01:00  INFO 5507 --- [pool-3-thread-5] tourGuide.service.RewardsService         : getDistance called
2023-01-22T16:10:35.806+01:00  INFO 5507 --- [ool-3-thread-34] tourGuide.service.RewardsService         : nearAttraction called with Bronx Zoo
2023-01-22T16:10:35.807+01:00  INFO 5507 --- [ool-3-thread-64] tourGuide.service.RewardsService         : nearAttraction called with Disneyland
2023-01-22T16:10:35.807+01:00  INFO 5507 --- [ool-3-thread-62] tourGuide.service.RewardsService         : nearAttraction called with Jackson Hole
2023-01-22T16:10:35.807+01:00  INFO 5507 --- [ool-3-thread-31] tourGuide.service.RewardsService         : getDistance called
2023-01-22T16:10:35.807+01:00  INFO 5507 --- [ool-3-thread-68] tourGuide.service.RewardsService         : nearAttraction called with Joshua Tree National Park
2023-01-22T16:10:35.807+01:00  INFO 5507 --- [pool-3-thread-1] tourGuide.service.RewardsService         : nearAttraction called with Buffalo National River
2023-01-22T16:10:35.807+01:00  INFO 5507 --- [ool-3-thread-52] tourGuide.service.RewardsService         : getDistance called
2023-01-22T16:10:35.807+01:00  INFO 5507 --- [ool-3-thread-53] tourGuide.service.RewardsService         : nearAttraction called with Hot Springs National Park
2023-01-22T16:10:35.807+01:00  INFO 5507 --- [ool-3-thread-58] tourGuide.service.RewardsService         : getDistance called
2023-01-22T16:10:35.807+01:00  INFO 5507 --- [ool-3-thread-67] tourGuide.service.RewardsService         : nearAttraction called with Flowers Bakery of London
2023-01-22T16:10:35.807+01:00  INFO 5507 --- [pool-3-thread-2] tourGuide.service.RewardsService         : getDistance called
2023-01-22T16:10:35.807+01:00  INFO 5507 --- [ool-3-thread-30] tourGuide.service.RewardsService         : getDistance called
2023-01-22T16:10:35.810+01:00  INFO 5507 --- [pool-3-thread-2] tourGuide.service.RewardsService         : nearAttraction called with Texas Memorial Stadium
2023-01-22T16:10:35.807+01:00  INFO 5507 --- [ool-3-thread-22] tourGuide.service.RewardsService         : nearAttraction called with McKinley Tower
2023-01-22T16:10:35.810+01:00  INFO 5507 --- [pool-3-thread-2] tourGuide.service.RewardsService         : getDistance called
2023-01-22T16:10:35.807+01:00  INFO 5507 --- [ool-3-thread-16] tourGuide.service.RewardsService         : getDistance called
2023-01-22T16:10:35.810+01:00  INFO 5507 --- [pool-3-thread-2] tourGuide.service.RewardsService         : nearAttraction called with Bryant-Denny Stadium
2023-01-22T16:10:35.807+01:00  INFO 5507 --- [ool-3-thread-23] tourGuide.service.RewardsService         : nearAttraction called with Fallingwater
2023-01-22T16:10:35.807+01:00  INFO 5507 --- [ool-3-thread-56] tourGuide.service.RewardsService         : nearAttraction called with Roger Dean Stadium
2023-01-22T16:10:35.807+01:00  INFO 5507 --- [pool-3-thread-7] tourGuide.service.RewardsService         : nearAttraction called with Texas Memorial Stadium
2023-01-22T16:10:35.807+01:00  INFO 5507 --- [ool-3-thread-21] tourGuide.service.RewardsService         : getDistance called
2023-01-22T16:10:35.807+01:00  INFO 5507 --- [ool-3-thread-57] tourGuide.service.RewardsService         : getDistance called
2023-01-22T16:10:35.811+01:00  INFO 5507 --- [ool-3-thread-21] tourGuide.service.RewardsService         : nearAttraction called with Tiger Stadium
2023-01-22T16:10:35.807+01:00  INFO 5507 --- [ool-3-thread-19] tourGuide.service.RewardsService         : nearAttraction called with Bryant-Denny Stadium
2023-01-22T16:10:35.807+01:00  INFO 5507 --- [ool-3-thread-43] tourGuide.service.RewardsService         : getDistance called
2023-01-22T16:10:35.807+01:00  INFO 5507 --- [ool-3-thread-45] tourGuide.service.RewardsService         : getDistance called
2023-01-22T16:10:35.811+01:00  INFO 5507 --- [ool-3-thread-43] tourGuide.service.RewardsService         : nearAttraction called with Kyle Field
2023-01-22T16:10:35.807+01:00  INFO 5507 --- [ool-3-thread-33] tourGuide.service.RewardsService         : nearAttraction called with Neyland Stadium
2023-01-22T16:10:35.808+01:00  INFO 5507 --- [ool-3-thread-24] tourGuide.service.RewardsService         : nearAttraction called with San Diego Zoo
2023-01-22T16:10:35.808+01:00  INFO 5507 --- [ool-3-thread-10] tourGuide.service.RewardsService         : nearAttraction called with Zoo Tampa at Lowry Park
2023-01-22T16:10:35.808+01:00  INFO 5507 --- [pool-3-thread-6] tourGuide.service.RewardsService         : nearAttraction called with Franklin Park Zoo
2023-01-22T16:10:35.808+01:00  INFO 5507 --- [ool-3-thread-61] tourGuide.service.RewardsService         : nearAttraction called with Kansas City Zoo
2023-01-22T16:10:35.811+01:00  INFO 5507 --- [pool-3-thread-6] tourGuide.service.RewardsService         : getDistance called
2023-01-22T16:10:35.808+01:00  INFO 5507 --- [ool-3-thread-29] tourGuide.service.RewardsService         : getDistance called
2023-01-22T16:10:35.808+01:00  INFO 5507 --- [ool-3-thread-36] tourGuide.service.RewardsService         : nearAttraction called with Disneyland
2023-01-22T16:10:35.808+01:00  INFO 5507 --- [ool-3-thread-60] tourGuide.service.RewardsService         : getDistance called
2023-01-22T16:10:35.808+01:00  INFO 5507 --- [ool-3-thread-25] tourGuide.service.RewardsService         : nearAttraction called with Jackson Hole
2023-01-22T16:10:35.811+01:00  INFO 5507 --- [ool-3-thread-60] tourGuide.service.RewardsService         : nearAttraction called with Tiger Stadium
2023-01-22T16:10:35.811+01:00  INFO 5507 --- [ool-3-thread-25] tourGuide.service.RewardsService         : getDistance called
2023-01-22T16:10:35.808+01:00  INFO 5507 --- [ool-3-thread-18] tourGuide.service.RewardsService         : getDistance called
2023-01-22T16:10:35.811+01:00  INFO 5507 --- [ool-3-thread-25] tourGuide.service.RewardsService         : nearAttraction called with El Paso Zoo
2023-01-22T16:10:35.808+01:00  INFO 5507 --- [ool-3-thread-17] tourGuide.service.RewardsService         : nearAttraction called with Mojave National Preserve
2023-01-22T16:10:35.811+01:00  INFO 5507 --- [ool-3-thread-25] tourGuide.service.RewardsService         : getDistance called
2023-01-22T16:10:35.811+01:00  INFO 5507 --- [ool-3-thread-17] tourGuide.service.RewardsService         : getDistance called
2023-01-22T16:10:35.808+01:00  INFO 5507 --- [ool-3-thread-39] tourGuide.service.RewardsService         : getDistance called
2023-01-22T16:10:35.808+01:00  INFO 5507 --- [ool-3-thread-41] tourGuide.service.RewardsService         : getDistance called
2023-01-22T16:10:35.812+01:00  INFO 5507 --- [ool-3-thread-17] tourGuide.service.RewardsService         : nearAttraction called with Bronx Zoo
2023-01-22T16:10:35.808+01:00  INFO 5507 --- [ool-3-thread-40] tourGuide.service.RewardsService         : getDistance called
2023-01-22T16:10:35.808+01:00  INFO 5507 --- [ool-3-thread-20] tourGuide.service.RewardsService         : nearAttraction called with Joshua Tree National Park
2023-01-22T16:10:35.812+01:00  INFO 5507 --- [ool-3-thread-40] tourGuide.service.RewardsService         : nearAttraction called with San Diego Zoo
2023-01-22T16:10:35.808+01:00  INFO 5507 --- [ool-3-thread-46] tourGuide.service.RewardsService         : getDistance called
2023-01-22T16:10:35.808+01:00  INFO 5507 --- [ool-3-thread-65] tourGuide.service.RewardsService         : nearAttraction called with Joshua Tree National Park
2023-01-22T16:10:35.808+01:00  INFO 5507 --- [pool-3-thread-3] tourGuide.service.RewardsService         : getDistance called
2023-01-22T16:10:35.808+01:00  INFO 5507 --- [ool-3-thread-37] tourGuide.service.RewardsService         : getDistance called
2023-01-22T16:10:35.809+01:00  INFO 5507 --- [ool-3-thread-26] tourGuide.service.RewardsService         : getDistance called
2023-01-22T16:10:35.809+01:00  INFO 5507 --- [ool-3-thread-38] tourGuide.service.RewardsService         : getDistance called
2023-01-22T16:10:35.812+01:00  INFO 5507 --- [ool-3-thread-26] tourGuide.service.RewardsService         : nearAttraction called with Kansas City Zoo
2023-01-22T16:10:35.809+01:00  INFO 5507 --- [ool-3-thread-66] tourGuide.service.RewardsService         : nearAttraction called with Hot Springs National Park
2023-01-22T16:10:35.809+01:00  INFO 5507 --- [ool-3-thread-27] tourGuide.service.RewardsService         : nearAttraction called with Hot Springs National Park
2023-01-22T16:10:35.809+01:00  INFO 5507 --- [ool-3-thread-44] tourGuide.service.RewardsService         : getDistance called
2023-01-22T16:10:35.812+01:00  INFO 5507 --- [ool-3-thread-27] tourGuide.service.RewardsService         : getDistance called
2023-01-22T16:10:35.809+01:00  INFO 5507 --- [ool-3-thread-11] tourGuide.service.RewardsService         : getDistance called
2023-01-22T16:10:35.812+01:00  INFO 5507 --- [ool-3-thread-44] tourGuide.service.RewardsService         : nearAttraction called with Cinderella Castle
2023-01-22T16:10:35.809+01:00  INFO 5507 --- [ool-3-thread-69] tourGuide.service.RewardsService         : getDistance called
2023-01-22T16:10:35.812+01:00  INFO 5507 --- [ool-3-thread-11] tourGuide.service.RewardsService         : nearAttraction called with Jackson Hole
2023-01-22T16:10:35.809+01:00  INFO 5507 --- [ool-3-thread-14] tourGuide.service.RewardsService         : nearAttraction called with Legend Valley
2023-01-22T16:10:35.809+01:00  INFO 5507 --- [ool-3-thread-49] tourGuide.service.RewardsService         : getDistance called
2023-01-22T16:10:35.809+01:00  INFO 5507 --- [ool-3-thread-54] tourGuide.service.RewardsService         : getDistance called
2023-01-22T16:10:35.812+01:00  INFO 5507 --- [ool-3-thread-49] tourGuide.service.RewardsService         : nearAttraction called with Joshua Tree National Park
2023-01-22T16:10:35.809+01:00  INFO 5507 --- [ool-3-thread-55] tourGuide.service.RewardsService         : getDistance called
2023-01-22T16:10:35.809+01:00  INFO 5507 --- [ool-3-thread-42] tourGuide.service.RewardsService         : nearAttraction called with Legend Valley
2023-01-22T16:10:35.809+01:00  INFO 5507 --- [ool-3-thread-13] tourGuide.service.RewardsService         : getDistance called
2023-01-22T16:10:35.809+01:00  INFO 5507 --- [ool-3-thread-70] tourGuide.service.RewardsService         : nearAttraction called with Flowers Bakery of London
2023-01-22T16:10:35.809+01:00  INFO 5507 --- [ool-3-thread-47] tourGuide.service.RewardsService         : getDistance called
2023-01-22T16:10:35.809+01:00  INFO 5507 --- [ool-3-thread-28] tourGuide.service.RewardsService         : getDistance called
2023-01-22T16:10:35.813+01:00  INFO 5507 --- [ool-3-thread-47] tourGuide.service.RewardsService         : nearAttraction called with Legend Valley
2023-01-22T16:10:35.809+01:00  INFO 5507 --- [ool-3-thread-48] tourGuide.service.RewardsService         : getDistance called
2023-01-22T16:10:35.809+01:00  INFO 5507 --- [ool-3-thread-15] tourGuide.service.RewardsService         : nearAttraction called with McKinley Tower
2023-01-22T16:10:35.813+01:00  INFO 5507 --- [ool-3-thread-48] tourGuide.service.RewardsService         : nearAttraction called with McKinley Tower
2023-01-22T16:10:35.809+01:00  INFO 5507 --- [pool-3-thread-4] tourGuide.service.RewardsService         : getDistance called
2023-01-22T16:10:35.809+01:00  INFO 5507 --- [pool-3-thread-8] tourGuide.service.RewardsService         : getDistance called
2023-01-22T16:10:35.813+01:00  INFO 5507 --- [pool-3-thread-4] tourGuide.service.RewardsService         : nearAttraction called with Flatiron Building
2023-01-22T16:10:35.809+01:00  INFO 5507 --- [pool-3-thread-9] tourGuide.service.RewardsService         : getDistance called
2023-01-22T16:10:35.809+01:00  INFO 5507 --- [ool-3-thread-51] tourGuide.service.RewardsService         : getDistance called
2023-01-22T16:10:35.810+01:00  INFO 5507 --- [ool-3-thread-50] tourGuide.service.RewardsService         : getDistance called
2023-01-22T16:10:35.813+01:00  INFO 5507 --- [ool-3-thread-51] tourGuide.service.RewardsService         : nearAttraction called with Roger Dean Stadium
2023-01-22T16:10:35.810+01:00  INFO 5507 --- [ool-3-thread-32] tourGuide.service.RewardsService         : getDistance called
2023-01-22T16:10:35.813+01:00  INFO 5507 --- [ool-3-thread-50] tourGuide.service.RewardsService         : nearAttraction called with Texas Memorial Stadium
2023-01-22T16:10:35.810+01:00  INFO 5507 --- [ool-3-thread-35] tourGuide.service.RewardsService         : getDistance called
2023-01-22T16:10:35.810+01:00  INFO 5507 --- [ool-3-thread-63] tourGuide.service.RewardsService         : nearAttraction called with Fallingwater
2023-01-22T16:10:35.810+01:00  INFO 5507 --- [ool-3-thread-12] tourGuide.service.RewardsService         : getDistance called
2023-01-22T16:10:35.810+01:00  INFO 5507 --- [ool-3-thread-59] tourGuide.service.RewardsService         : nearAttraction called with Fallingwater
2023-01-22T16:10:35.813+01:00  INFO 5507 --- [ool-3-thread-12] tourGuide.service.RewardsService         : nearAttraction called with Neyland Stadium
2023-01-22T16:10:35.813+01:00  INFO 5507 --- [ool-3-thread-59] tourGuide.service.RewardsService         : getDistance called
2023-01-22T16:10:35.810+01:00  INFO 5507 --- [pool-3-thread-5] tourGuide.service.RewardsService         : nearAttraction called with Union Station
2023-01-22T16:10:35.810+01:00  INFO 5507 --- [ool-3-thread-34] tourGuide.service.RewardsService         : getDistance called
2023-01-22T16:10:35.810+01:00  INFO 5507 --- [ool-3-thread-64] tourGuide.service.RewardsService         : getDistance called
2023-01-22T16:10:35.810+01:00  INFO 5507 --- [ool-3-thread-62] tourGuide.service.RewardsService         : getDistance called
2023-01-22T16:10:35.810+01:00  INFO 5507 --- [ool-3-thread-31] tourGuide.service.RewardsService         : nearAttraction called with Union Station
2023-01-22T16:10:35.810+01:00  INFO 5507 --- [ool-3-thread-68] tourGuide.service.RewardsService         : getDistance called
2023-01-22T16:10:35.810+01:00  INFO 5507 --- [pool-3-thread-1] tourGuide.service.RewardsService         : getDistance called
2023-01-22T16:10:35.810+01:00  INFO 5507 --- [ool-3-thread-52] tourGuide.service.RewardsService         : nearAttraction called with Roger Dean Stadium
2023-01-22T16:10:35.814+01:00  INFO 5507 --- [pool-3-thread-1] tourGuide.service.RewardsService         : nearAttraction called with Kansas City Zoo
2023-01-22T16:10:35.810+01:00  INFO 5507 --- [ool-3-thread-53] tourGuide.service.RewardsService         : getDistance called
2023-01-22T16:10:35.810+01:00  INFO 5507 --- [ool-3-thread-58] tourGuide.service.RewardsService         : nearAttraction called with Roger Dean Stadium
2023-01-22T16:10:35.810+01:00  INFO 5507 --- [ool-3-thread-67] tourGuide.service.RewardsService         : getDistance called
2023-01-22T16:10:35.810+01:00  INFO 5507 --- [ool-3-thread-30] tourGuide.service.RewardsService         : nearAttraction called with Texas Memorial Stadium
2023-01-22T16:10:35.810+01:00  INFO 5507 --- [ool-3-thread-22] tourGuide.service.RewardsService         : getDistance called
2023-01-22T16:10:35.810+01:00  INFO 5507 --- [pool-3-thread-2] tourGuide.service.RewardsService         : getDistance called
2023-01-22T16:10:35.810+01:00  INFO 5507 --- [ool-3-thread-16] tourGuide.service.RewardsService         : nearAttraction called with Bryant-Denny Stadium
2023-01-22T16:10:35.814+01:00  INFO 5507 --- [pool-3-thread-2] tourGuide.service.RewardsService         : nearAttraction called with Jackson Hole
2023-01-22T16:10:35.810+01:00  INFO 5507 --- [ool-3-thread-23] tourGuide.service.RewardsService         : getDistance called
2023-01-22T16:10:35.810+01:00  INFO 5507 --- [ool-3-thread-56] tourGuide.service.RewardsService         : getDistance called
2023-01-22T16:10:35.811+01:00  INFO 5507 --- [pool-3-thread-7] tourGuide.service.RewardsService         : getDistance called
2023-01-22T16:10:35.814+01:00  INFO 5507 --- [ool-3-thread-23] tourGuide.service.RewardsService         : nearAttraction called with Mojave National Preserve
2023-01-22T16:10:35.811+01:00  INFO 5507 --- [ool-3-thread-57] tourGuide.service.RewardsService         : nearAttraction called with Neyland Stadium
2023-01-22T16:10:35.811+01:00  INFO 5507 --- [ool-3-thread-21] tourGuide.service.RewardsService         : getDistance called
2023-01-22T16:10:35.811+01:00  INFO 5507 --- [ool-3-thread-19] tourGuide.service.RewardsService         : getDistance called
2023-01-22T16:10:35.811+01:00  INFO 5507 --- [ool-3-thread-45] tourGuide.service.RewardsService         : nearAttraction called with San Diego Zoo
2023-01-22T16:10:35.811+01:00  INFO 5507 --- [ool-3-thread-43] tourGuide.service.RewardsService         : getDistance called
2023-01-22T16:10:35.811+01:00  INFO 5507 --- [ool-3-thread-33] tourGuide.service.RewardsService         : getDistance called
2023-01-22T16:10:35.814+01:00  INFO 5507 --- [ool-3-thread-43] tourGuide.service.RewardsService         : nearAttraction called with Legend Valley
2023-01-22T16:10:35.811+01:00  INFO 5507 --- [ool-3-thread-24] tourGuide.service.RewardsService         : getDistance called
2023-01-22T16:10:35.811+01:00  INFO 5507 --- [ool-3-thread-10] tourGuide.service.RewardsService         : getDistance called
2023-01-22T16:10:35.811+01:00  INFO 5507 --- [ool-3-thread-61] tourGuide.service.RewardsService         : getDistance called
2023-01-22T16:10:35.811+01:00  INFO 5507 --- [pool-3-thread-6] tourGuide.service.RewardsService         : nearAttraction called with Zoo Tampa at Lowry Park
2023-01-22T16:10:35.811+01:00  INFO 5507 --- [ool-3-thread-36] tourGuide.service.RewardsService         : getDistance called
2023-01-22T16:10:35.811+01:00  INFO 5507 --- [ool-3-thread-29] tourGuide.service.RewardsService         : nearAttraction called with Franklin Park Zoo
2023-01-22T16:10:35.815+01:00  INFO 5507 --- [ool-3-thread-36] tourGuide.service.RewardsService         : nearAttraction called with Union Station
2023-01-22T16:10:35.815+01:00  INFO 5507 --- [ool-3-thread-29] tourGuide.service.RewardsService         : getDistance called
2023-01-22T16:10:35.815+01:00  INFO 5507 --- [ool-3-thread-36] tourGuide.service.RewardsService         : getDistance called
2023-01-22T16:10:35.811+01:00  INFO 5507 --- [ool-3-thread-60] tourGuide.service.RewardsService         : getDistance called
2023-01-22T16:10:35.815+01:00  INFO 5507 --- [ool-3-thread-36] tourGuide.service.RewardsService         : nearAttraction called with Texas Memorial Stadium
2023-01-22T16:10:35.811+01:00  INFO 5507 --- [ool-3-thread-18] tourGuide.service.RewardsService         : nearAttraction called with Kansas City Zoo
2023-01-22T16:10:35.811+01:00  INFO 5507 --- [ool-3-thread-25] tourGuide.service.RewardsService         : nearAttraction called with Neyland Stadium
2023-01-22T16:10:35.812+01:00  INFO 5507 --- [ool-3-thread-39] tourGuide.service.RewardsService         : nearAttraction called with Kyle Field
2023-01-22T16:10:35.812+01:00  INFO 5507 --- [ool-3-thread-41] tourGuide.service.RewardsService         : nearAttraction called with Cinderella Castle
2023-01-22T16:10:35.812+01:00  INFO 5507 --- [ool-3-thread-17] tourGuide.service.RewardsService         : getDistance called
2023-01-22T16:10:35.812+01:00  INFO 5507 --- [ool-3-thread-20] tourGuide.service.RewardsService         : getDistance called
2023-01-22T16:10:35.815+01:00  INFO 5507 --- [ool-3-thread-17] tourGuide.service.RewardsService         : nearAttraction called with Tiger Stadium
2023-01-22T16:10:35.812+01:00  INFO 5507 --- [ool-3-thread-40] tourGuide.service.RewardsService         : getDistance called
2023-01-22T16:10:35.812+01:00  INFO 5507 --- [ool-3-thread-46] tourGuide.service.RewardsService         : nearAttraction called with Zoo Tampa at Lowry Park
2023-01-22T16:10:35.815+01:00  INFO 5507 --- [ool-3-thread-40] tourGuide.service.RewardsService         : nearAttraction called with Kyle Field
2023-01-22T16:10:35.815+01:00  INFO 5507 --- [ool-3-thread-46] tourGuide.service.RewardsService         : getDistance called
2023-01-22T16:10:35.815+01:00  INFO 5507 --- [ool-3-thread-40] tourGuide.service.RewardsService         : getDistance called
2023-01-22T16:10:35.812+01:00  INFO 5507 --- [ool-3-thread-65] tourGuide.service.RewardsService         : getDistance called
2023-01-22T16:10:35.812+01:00  INFO 5507 --- [pool-3-thread-3] tourGuide.service.RewardsService         : nearAttraction called with Franklin Park Zoo
2023-01-22T16:10:35.812+01:00  INFO 5507 --- [ool-3-thread-37] tourGuide.service.RewardsService         : nearAttraction called with El Paso Zoo
2023-01-22T16:10:35.812+01:00  INFO 5507 --- [ool-3-thread-38] tourGuide.service.RewardsService         : nearAttraction called with Bronx Zoo
2023-01-22T16:10:35.812+01:00  INFO 5507 --- [ool-3-thread-26] tourGuide.service.RewardsService         : getDistance called
2023-01-22T16:10:35.812+01:00  INFO 5507 --- [ool-3-thread-66] tourGuide.service.RewardsService         : getDistance called
2023-01-22T16:10:35.815+01:00  INFO 5507 --- [ool-3-thread-26] tourGuide.service.RewardsService         : nearAttraction called with El Paso Zoo
2023-01-22T16:10:35.812+01:00  INFO 5507 --- [ool-3-thread-27] tourGuide.service.RewardsService         : nearAttraction called with Disneyland
2023-01-22T16:10:35.812+01:00  INFO 5507 --- [ool-3-thread-44] tourGuide.service.RewardsService         : getDistance called
2023-01-22T16:10:35.812+01:00  INFO 5507 --- [ool-3-thread-11] tourGuide.service.RewardsService         : getDistance called
2023-01-22T16:10:35.815+01:00  INFO 5507 --- [ool-3-thread-44] tourGuide.service.RewardsService         : nearAttraction called with Bronx Zoo
2023-01-22T16:10:35.812+01:00  INFO 5507 --- [ool-3-thread-69] tourGuide.service.RewardsService         : nearAttraction called with Mojave National Preserve
2023-01-22T16:10:35.812+01:00  INFO 5507 --- [ool-3-thread-14] tourGuide.service.RewardsService         : getDistance called
2023-01-22T16:10:35.812+01:00  INFO 5507 --- [ool-3-thread-54] tourGuide.service.RewardsService         : nearAttraction called with Buffalo National River
2023-01-22T16:10:35.812+01:00  INFO 5507 --- [ool-3-thread-49] tourGuide.service.RewardsService         : getDistance called
2023-01-22T16:10:35.812+01:00  INFO 5507 --- [ool-3-thread-55] tourGuide.service.RewardsService         : nearAttraction called with Hot Springs National Park
2023-01-22T16:10:35.816+01:00  INFO 5507 --- [ool-3-thread-49] tourGuide.service.RewardsService         : nearAttraction called with Jackson Hole
2023-01-22T16:10:35.812+01:00  INFO 5507 --- [ool-3-thread-42] tourGuide.service.RewardsService         : getDistance called
2023-01-22T16:10:35.813+01:00  INFO 5507 --- [ool-3-thread-13] tourGuide.service.RewardsService         : nearAttraction called with Kartchner Caverns State Park
2023-01-22T16:10:35.813+01:00  INFO 5507 --- [ool-3-thread-70] tourGuide.service.RewardsService         : getDistance called
2023-01-22T16:10:35.813+01:00  INFO 5507 --- [ool-3-thread-28] tourGuide.service.RewardsService         : nearAttraction called with Flowers Bakery of London
2023-01-22T16:10:35.813+01:00  INFO 5507 --- [ool-3-thread-47] tourGuide.service.RewardsService         : getDistance called
2023-01-22T16:10:35.813+01:00  INFO 5507 --- [ool-3-thread-15] tourGuide.service.RewardsService         : getDistance called
2023-01-22T16:10:35.816+01:00  INFO 5507 --- [ool-3-thread-47] tourGuide.service.RewardsService         : nearAttraction called with Buffalo National River
2023-01-22T16:10:35.813+01:00  INFO 5507 --- [ool-3-thread-48] tourGuide.service.RewardsService         : getDistance called
2023-01-22T16:10:35.816+01:00  INFO 5507 --- [ool-3-thread-15] tourGuide.service.RewardsService         : nearAttraction called with Hot Springs National Park
2023-01-22T16:10:35.813+01:00  INFO 5507 --- [pool-3-thread-4] tourGuide.service.RewardsService         : getDistance called
2023-01-22T16:10:35.813+01:00  INFO 5507 --- [pool-3-thread-8] tourGuide.service.RewardsService         : nearAttraction called with Fallingwater
2023-01-22T16:10:35.813+01:00  INFO 5507 --- [pool-3-thread-9] tourGuide.service.RewardsService         : nearAttraction called with Union Station
2023-01-22T16:10:35.816+01:00  INFO 5507 --- [pool-3-thread-8] tourGuide.service.RewardsService         : getDistance called
2023-01-22T16:10:35.816+01:00  INFO 5507 --- [pool-3-thread-9] tourGuide.service.RewardsService         : getDistance called
2023-01-22T16:10:35.813+01:00  INFO 5507 --- [ool-3-thread-51] tourGuide.service.RewardsService         : getDistance called
2023-01-22T16:10:35.816+01:00  INFO 5507 --- [pool-3-thread-9] tourGuide.service.RewardsService         : nearAttraction called with McKinley Tower
2023-01-22T16:10:35.813+01:00  INFO 5507 --- [ool-3-thread-50] tourGuide.service.RewardsService         : getDistance called
2023-01-22T16:10:35.813+01:00  INFO 5507 --- [ool-3-thread-32] tourGuide.service.RewardsService         : nearAttraction called with Bryant-Denny Stadium
2023-01-22T16:10:35.813+01:00  INFO 5507 --- [ool-3-thread-63] tourGuide.service.RewardsService         : getDistance called
2023-01-22T16:10:35.816+01:00  INFO 5507 --- [ool-3-thread-32] tourGuide.service.RewardsService         : getDistance called
2023-01-22T16:10:35.813+01:00  INFO 5507 --- [ool-3-thread-35] tourGuide.service.RewardsService         : nearAttraction called with Tiger Stadium
2023-01-22T16:10:35.816+01:00  INFO 5507 --- [ool-3-thread-63] tourGuide.service.RewardsService         : nearAttraction called with Union Station
2023-01-22T16:10:35.816+01:00  INFO 5507 --- [ool-3-thread-32] tourGuide.service.RewardsService         : nearAttraction called with Roger Dean Stadium
2023-01-22T16:10:35.813+01:00  INFO 5507 --- [ool-3-thread-12] tourGuide.service.RewardsService         : getDistance called
2023-01-22T16:10:35.813+01:00  INFO 5507 --- [ool-3-thread-59] tourGuide.service.RewardsService         : nearAttraction called with Kyle Field
2023-01-22T16:10:35.816+01:00  INFO 5507 --- [ool-3-thread-12] tourGuide.service.RewardsService         : nearAttraction called with Texas Memorial Stadium
2023-01-22T16:10:35.816+01:00  INFO 5507 --- [ool-3-thread-59] tourGuide.service.RewardsService         : getDistance called
2023-01-22T16:10:35.813+01:00  INFO 5507 --- [pool-3-thread-5] tourGuide.service.RewardsService         : getDistance called
2023-01-22T16:10:35.813+01:00  INFO 5507 --- [ool-3-thread-34] tourGuide.service.RewardsService         : nearAttraction called with San Diego Zoo
2023-01-22T16:10:35.814+01:00  INFO 5507 --- [ool-3-thread-64] tourGuide.service.RewardsService         : nearAttraction called with Zoo Tampa at Lowry Park
2023-01-22T16:10:35.814+01:00  INFO 5507 --- [ool-3-thread-62] tourGuide.service.RewardsService         : nearAttraction called with Franklin Park Zoo
2023-01-22T16:10:35.814+01:00  INFO 5507 --- [ool-3-thread-31] tourGuide.service.RewardsService         : getDistance called
2023-01-22T16:10:35.814+01:00  INFO 5507 --- [ool-3-thread-68] tourGuide.service.RewardsService         : nearAttraction called with El Paso Zoo
2023-01-22T16:10:35.814+01:00  INFO 5507 --- [ool-3-thread-52] tourGuide.service.RewardsService         : getDistance called
2023-01-22T16:10:35.814+01:00  INFO 5507 --- [pool-3-thread-1] tourGuide.service.RewardsService         : getDistance called
2023-01-22T16:10:35.814+01:00  INFO 5507 --- [ool-3-thread-53] tourGuide.service.RewardsService         : nearAttraction called with Bronx Zoo
2023-01-22T16:10:35.814+01:00  INFO 5507 --- [ool-3-thread-58] tourGuide.service.RewardsService         : getDistance called
2023-01-22T16:10:35.814+01:00  INFO 5507 --- [ool-3-thread-67] tourGuide.service.RewardsService         : nearAttraction called with Cinderella Castle
2023-01-22T16:10:35.814+01:00  INFO 5507 --- [ool-3-thread-30] tourGuide.service.RewardsService         : getDistance called
2023-01-22T16:10:35.814+01:00  INFO 5507 --- [ool-3-thread-22] tourGuide.service.RewardsService         : nearAttraction called with Disneyland
2023-01-22T16:10:35.814+01:00  INFO 5507 --- [ool-3-thread-16] tourGuide.service.RewardsService         : getDistance called
2023-01-22T16:10:35.814+01:00  INFO 5507 --- [pool-3-thread-2] tourGuide.service.RewardsService         : getDistance called
2023-01-22T16:10:35.814+01:00  INFO 5507 --- [ool-3-thread-56] tourGuide.service.RewardsService         : nearAttraction called with Joshua Tree National Park
2023-01-22T16:10:35.814+01:00  INFO 5507 --- [pool-3-thread-7] tourGuide.service.RewardsService         : nearAttraction called with Buffalo National River
2023-01-22T16:10:35.814+01:00  INFO 5507 --- [ool-3-thread-23] tourGuide.service.RewardsService         : getDistance called
2023-01-22T16:10:35.817+01:00  INFO 5507 --- [pool-3-thread-7] tourGuide.service.RewardsService         : getDistance called
2023-01-22T16:10:35.814+01:00  INFO 5507 --- [ool-3-thread-57] tourGuide.service.RewardsService         : getDistance called
2023-01-22T16:10:35.817+01:00  INFO 5507 --- [ool-3-thread-23] tourGuide.service.RewardsService         : nearAttraction called with Bronx Zoo
2023-01-22T16:10:35.817+01:00  INFO 5507 --- [pool-3-thread-7] tourGuide.service.RewardsService         : nearAttraction called with Cinderella Castle
2023-01-22T16:10:35.817+01:00  INFO 5507 --- [ool-3-thread-23] tourGuide.service.RewardsService         : getDistance called
2023-01-22T16:10:35.817+01:00  INFO 5507 --- [ool-3-thread-57] tourGuide.service.RewardsService         : nearAttraction called with Disneyland
2023-01-22T16:10:35.817+01:00  INFO 5507 --- [pool-3-thread-7] tourGuide.service.RewardsService         : getDistance called
2023-01-22T16:10:35.814+01:00  INFO 5507 --- [ool-3-thread-21] tourGuide.service.RewardsService         : nearAttraction called with Hot Springs National Park
2023-01-22T16:10:35.817+01:00  INFO 5507 --- [ool-3-thread-57] tourGuide.service.RewardsService         : getDistance called
2023-01-22T16:10:35.817+01:00  INFO 5507 --- [ool-3-thread-21] tourGuide.service.RewardsService         : getDistance called
2023-01-22T16:10:35.814+01:00  INFO 5507 --- [ool-3-thread-19] tourGuide.service.RewardsService         : nearAttraction called with Kartchner Caverns State Park
2023-01-22T16:10:35.817+01:00  INFO 5507 --- [ool-3-thread-57] tourGuide.service.RewardsService         : nearAttraction called with Joshua Tree National Park
2023-01-22T16:10:35.817+01:00  INFO 5507 --- [ool-3-thread-19] tourGuide.service.RewardsService         : getDistance called
2023-01-22T16:10:35.814+01:00  INFO 5507 --- [ool-3-thread-45] tourGuide.service.RewardsService         : getDistance called
2023-01-22T16:10:35.817+01:00  INFO 5507 --- [ool-3-thread-19] tourGuide.service.RewardsService         : nearAttraction called with Hot Springs National Park
2023-01-22T16:10:35.814+01:00  INFO 5507 --- [ool-3-thread-33] tourGuide.service.RewardsService         : nearAttraction called with Flowers Bakery of London
2023-01-22T16:10:35.814+01:00  INFO 5507 --- [ool-3-thread-43] tourGuide.service.RewardsService         : getDistance called
2023-01-22T16:10:35.818+01:00  INFO 5507 --- [ool-3-thread-19] tourGuide.service.RewardsService         : getDistance called
2023-01-22T16:10:35.818+01:00  INFO 5507 --- [ool-3-thread-33] tourGuide.service.RewardsService         : getDistance called
2023-01-22T16:10:35.814+01:00  INFO 5507 --- [ool-3-thread-24] tourGuide.service.RewardsService         : nearAttraction called with McKinley Tower
2023-01-22T16:10:35.818+01:00  INFO 5507 --- [ool-3-thread-33] tourGuide.service.RewardsService         : nearAttraction called with McKinley Tower
2023-01-22T16:10:35.814+01:00  INFO 5507 --- [ool-3-thread-10] tourGuide.service.RewardsService         : nearAttraction called with Flatiron Building
2023-01-22T16:10:35.815+01:00  INFO 5507 --- [pool-3-thread-6] tourGuide.service.RewardsService         : getDistance called
2023-01-22T16:10:35.815+01:00  INFO 5507 --- [ool-3-thread-61] tourGuide.service.RewardsService         : nearAttraction called with Fallingwater
2023-01-22T16:10:35.818+01:00  INFO 5507 --- [pool-3-thread-6] tourGuide.service.RewardsService         : nearAttraction called with Flatiron Building
2023-01-22T16:10:35.818+01:00  INFO 5507 --- [ool-3-thread-61] tourGuide.service.RewardsService         : getDistance called
2023-01-22T16:10:35.818+01:00  INFO 5507 --- [pool-3-thread-6] tourGuide.service.RewardsService         : getDistance called
2023-01-22T16:10:35.815+01:00  INFO 5507 --- [ool-3-thread-29] tourGuide.service.RewardsService         : nearAttraction called with Roger Dean Stadium
2023-01-22T16:10:35.818+01:00  INFO 5507 --- [pool-3-thread-6] tourGuide.service.RewardsService         : nearAttraction called with Union Station
2023-01-22T16:10:35.818+01:00  INFO 5507 --- [ool-3-thread-29] tourGuide.service.RewardsService         : getDistance called
2023-01-22T16:10:35.815+01:00  INFO 5507 --- [ool-3-thread-60] tourGuide.service.RewardsService         : nearAttraction called with Bryant-Denny Stadium
2023-01-22T16:10:35.815+01:00  INFO 5507 --- [ool-3-thread-36] tourGuide.service.RewardsService         : getDistance called
2023-01-22T16:10:35.818+01:00  INFO 5507 --- [ool-3-thread-60] tourGuide.service.RewardsService         : getDistance called
2023-01-22T16:10:35.815+01:00  INFO 5507 --- [ool-3-thread-18] tourGuide.service.RewardsService         : getDistance called
2023-01-22T16:10:35.818+01:00  INFO 5507 --- [ool-3-thread-60] tourGuide.service.RewardsService         : nearAttraction called with Bryant-Denny Stadium
2023-01-22T16:10:35.815+01:00  INFO 5507 --- [ool-3-thread-25] tourGuide.service.RewardsService         : getDistance called
2023-01-22T16:10:35.818+01:00  INFO 5507 --- [ool-3-thread-60] tourGuide.service.RewardsService         : getDistance called
2023-01-22T16:10:35.815+01:00  INFO 5507 --- [ool-3-thread-39] tourGuide.service.RewardsService         : getDistance called
2023-01-22T16:10:35.818+01:00  INFO 5507 --- [ool-3-thread-60] tourGuide.service.RewardsService         : nearAttraction called with Kyle Field
2023-01-22T16:10:35.818+01:00  INFO 5507 --- [ool-3-thread-25] tourGuide.service.RewardsService         : nearAttraction called with Neyland Stadium
2023-01-22T16:10:35.815+01:00  INFO 5507 --- [ool-3-thread-41] tourGuide.service.RewardsService         : getDistance called
2023-01-22T16:10:35.815+01:00  INFO 5507 --- [ool-3-thread-20] tourGuide.service.RewardsService         : nearAttraction called with Neyland Stadium
2023-01-22T16:10:35.815+01:00  INFO 5507 --- [ool-3-thread-17] tourGuide.service.RewardsService         : getDistance called
2023-01-22T16:10:35.818+01:00  INFO 5507 --- [ool-3-thread-41] tourGuide.service.RewardsService         : nearAttraction called with Zoo Tampa at Lowry Park
2023-01-22T16:10:35.815+01:00  INFO 5507 --- [ool-3-thread-46] tourGuide.service.RewardsService         : nearAttraction called with San Diego Zoo
2023-01-22T16:10:35.818+01:00  INFO 5507 --- [ool-3-thread-17] tourGuide.service.RewardsService         : nearAttraction called with Franklin Park Zoo
2023-01-22T16:10:35.818+01:00  INFO 5507 --- [ool-3-thread-46] tourGuide.service.RewardsService         : getDistance called
2023-01-22T16:10:35.818+01:00  INFO 5507 --- [ool-3-thread-17] tourGuide.service.RewardsService         : getDistance called
2023-01-22T16:10:35.815+01:00  INFO 5507 --- [ool-3-thread-40] tourGuide.service.RewardsService         : nearAttraction called with Zoo Tampa at Lowry Park
2023-01-22T16:10:35.818+01:00  INFO 5507 --- [ool-3-thread-17] tourGuide.service.RewardsService         : nearAttraction called with Kansas City Zoo
2023-01-22T16:10:35.818+01:00  INFO 5507 --- [ool-3-thread-40] tourGuide.service.RewardsService         : getDistance called
2023-01-22T16:10:35.815+01:00  INFO 5507 --- [ool-3-thread-65] tourGuide.service.RewardsService         : nearAttraction called with Franklin Park Zoo
2023-01-22T16:10:35.818+01:00  INFO 5507 --- [ool-3-thread-40] tourGuide.service.RewardsService         : nearAttraction called with Bronx Zoo
2023-01-22T16:10:35.815+01:00  INFO 5507 --- [pool-3-thread-3] tourGuide.service.RewardsService         : getDistance called
2023-01-22T16:10:35.815+01:00  INFO 5507 --- [ool-3-thread-37] tourGuide.service.RewardsService         : getDistance called
2023-01-22T16:10:35.815+01:00  INFO 5507 --- [ool-3-thread-38] tourGuide.service.RewardsService         : getDistance called
2023-01-22T16:10:35.819+01:00  INFO 5507 --- [pool-3-thread-3] tourGuide.service.RewardsService         : nearAttraction called with Cinderella Castle
2023-01-22T16:10:35.815+01:00  INFO 5507 --- [ool-3-thread-66] tourGuide.service.RewardsService         : nearAttraction called with Kansas City Zoo
2023-01-22T16:10:35.819+01:00  INFO 5507 --- [ool-3-thread-38] tourGuide.service.RewardsService         : nearAttraction called with Jackson Hole
2023-01-22T16:10:35.819+01:00  INFO 5507 --- [ool-3-thread-66] tourGuide.service.RewardsService         : getDistance called
2023-01-22T16:10:35.815+01:00  INFO 5507 --- [ool-3-thread-26] tourGuide.service.RewardsService         : getDistance called
2023-01-22T16:10:35.815+01:00  INFO 5507 --- [ool-3-thread-27] tourGuide.service.RewardsService         : getDistance called
2023-01-22T16:10:35.816+01:00  INFO 5507 --- [ool-3-thread-44] tourGuide.service.RewardsService         : getDistance called
2023-01-22T16:10:35.819+01:00  INFO 5507 --- [ool-3-thread-27] tourGuide.service.RewardsService         : nearAttraction called with Buffalo National River
2023-01-22T16:10:35.816+01:00  INFO 5507 --- [ool-3-thread-11] tourGuide.service.RewardsService         : nearAttraction called with Cinderella Castle
2023-01-22T16:10:35.819+01:00  INFO 5507 --- [ool-3-thread-44] tourGuide.service.RewardsService         : nearAttraction called with Hot Springs National Park
2023-01-22T16:10:35.816+01:00  INFO 5507 --- [ool-3-thread-69] tourGuide.service.RewardsService         : getDistance called
2023-01-22T16:10:35.816+01:00  INFO 5507 --- [ool-3-thread-14] tourGuide.service.RewardsService         : nearAttraction called with Disneyland
2023-01-22T16:10:35.816+01:00  INFO 5507 --- [ool-3-thread-54] tourGuide.service.RewardsService         : getDistance called
2023-01-22T16:10:35.816+01:00  INFO 5507 --- [ool-3-thread-55] tourGuide.service.RewardsService         : getDistance called
2023-01-22T16:10:35.816+01:00  INFO 5507 --- [ool-3-thread-49] tourGuide.service.RewardsService         : getDistance called
2023-01-22T16:10:35.816+01:00  INFO 5507 --- [ool-3-thread-42] tourGuide.service.RewardsService         : nearAttraction called with Mojave National Preserve
2023-01-22T16:10:35.816+01:00  INFO 5507 --- [ool-3-thread-13] tourGuide.service.RewardsService         : getDistance called
2023-01-22T16:10:35.819+01:00  INFO 5507 --- [ool-3-thread-42] tourGuide.service.RewardsService         : getDistance called
2023-01-22T16:10:35.816+01:00  INFO 5507 --- [ool-3-thread-70] tourGuide.service.RewardsService         : nearAttraction called with Joshua Tree National Park
2023-01-22T16:10:35.819+01:00  INFO 5507 --- [ool-3-thread-13] tourGuide.service.RewardsService         : nearAttraction called with Flatiron Building
2023-01-22T16:10:35.819+01:00  INFO 5507 --- [ool-3-thread-42] tourGuide.service.RewardsService         : nearAttraction called with Fallingwater
2023-01-22T16:10:35.816+01:00  INFO 5507 --- [ool-3-thread-28] tourGuide.service.RewardsService         : getDistance called
2023-01-22T16:10:35.816+01:00  INFO 5507 --- [ool-3-thread-47] tourGuide.service.RewardsService         : getDistance called
2023-01-22T16:10:35.816+01:00  INFO 5507 --- [ool-3-thread-48] tourGuide.service.RewardsService         : nearAttraction called with Kartchner Caverns State Park
2023-01-22T16:10:35.819+01:00  INFO 5507 --- [ool-3-thread-47] tourGuide.service.RewardsService         : nearAttraction called with Roger Dean Stadium
2023-01-22T16:10:35.816+01:00  INFO 5507 --- [ool-3-thread-15] tourGuide.service.RewardsService         : getDistance called
2023-01-22T16:10:35.816+01:00  INFO 5507 --- [pool-3-thread-4] tourGuide.service.RewardsService         : nearAttraction called with Legend Valley
2023-01-22T16:10:35.816+01:00  INFO 5507 --- [pool-3-thread-8] tourGuide.service.RewardsService         : nearAttraction called with Flowers Bakery of London
2023-01-22T16:10:35.819+01:00  INFO 5507 --- [pool-3-thread-4] tourGuide.service.RewardsService         : getDistance called
2023-01-22T16:10:35.819+01:00  INFO 5507 --- [pool-3-thread-8] tourGuide.service.RewardsService         : getDistance called
2023-01-22T16:10:35.816+01:00  INFO 5507 --- [pool-3-thread-9] tourGuide.service.RewardsService         : getDistance called
2023-01-22T16:10:35.816+01:00  INFO 5507 --- [ool-3-thread-51] tourGuide.service.RewardsService         : nearAttraction called with Flatiron Building
2023-01-22T16:10:35.819+01:00  INFO 5507 --- [pool-3-thread-9] tourGuide.service.RewardsService         : nearAttraction called with Neyland Stadium
2023-01-22T16:10:35.816+01:00  INFO 5507 --- [ool-3-thread-50] tourGuide.service.RewardsService         : nearAttraction called with Fallingwater
2023-01-22T16:10:35.816+01:00  INFO 5507 --- [ool-3-thread-35] tourGuide.service.RewardsService         : getDistance called
2023-01-22T16:10:35.816+01:00  INFO 5507 --- [ool-3-thread-63] tourGuide.service.RewardsService         : getDistance called
2023-01-22T16:10:35.820+01:00  INFO 5507 --- [ool-3-thread-35] tourGuide.service.RewardsService         : nearAttraction called with Kyle Field
2023-01-22T16:10:35.816+01:00  INFO 5507 --- [ool-3-thread-32] tourGuide.service.RewardsService         : getDistance called
2023-01-22T16:10:35.820+01:00  INFO 5507 --- [ool-3-thread-63] tourGuide.service.RewardsService         : nearAttraction called with San Diego Zoo
2023-01-22T16:10:35.816+01:00  INFO 5507 --- [ool-3-thread-12] tourGuide.service.RewardsService         : getDistance called
2023-01-22T16:10:35.817+01:00  INFO 5507 --- [pool-3-thread-5] tourGuide.service.RewardsService         : nearAttraction called with Tiger Stadium
2023-01-22T16:10:35.817+01:00  INFO 5507 --- [ool-3-thread-59] tourGuide.service.RewardsService         : nearAttraction called with Bryant-Denny Stadium
2023-01-22T16:10:35.820+01:00  INFO 5507 --- [ool-3-thread-12] tourGuide.service.RewardsService         : nearAttraction called with Franklin Park Zoo
2023-01-22T16:10:35.817+01:00  INFO 5507 --- [ool-3-thread-34] tourGuide.service.RewardsService         : getDistance called
2023-01-22T16:10:35.817+01:00  INFO 5507 --- [ool-3-thread-64] tourGuide.service.RewardsService         : getDistance called
2023-01-22T16:10:35.817+01:00  INFO 5507 --- [ool-3-thread-62] tourGuide.service.RewardsService         : getDistance called
2023-01-22T16:10:35.820+01:00  INFO 5507 --- [ool-3-thread-64] tourGuide.service.RewardsService         : nearAttraction called with Kansas City Zoo
2023-01-22T16:10:35.817+01:00  INFO 5507 --- [ool-3-thread-31] tourGuide.service.RewardsService         : nearAttraction called with Neyland Stadium
2023-01-22T16:10:35.817+01:00  INFO 5507 --- [ool-3-thread-68] tourGuide.service.RewardsService         : getDistance called
2023-01-22T16:10:35.817+01:00  INFO 5507 --- [ool-3-thread-52] tourGuide.service.RewardsService         : nearAttraction called with Kyle Field
2023-01-22T16:10:35.817+01:00  INFO 5507 --- [pool-3-thread-1] tourGuide.service.RewardsService         : nearAttraction called with San Diego Zoo
2023-01-22T16:10:35.820+01:00  INFO 5507 --- [ool-3-thread-68] tourGuide.service.RewardsService         : nearAttraction called with Cinderella Castle
2023-01-22T16:10:35.820+01:00  INFO 5507 --- [pool-3-thread-1] tourGuide.service.RewardsService         : getDistance called
2023-01-22T16:10:35.820+01:00  INFO 5507 --- [ool-3-thread-68] tourGuide.service.RewardsService         : getDistance called
2023-01-22T16:10:35.817+01:00  INFO 5507 --- [ool-3-thread-53] tourGuide.service.RewardsService         : getDistance called
2023-01-22T16:10:35.817+01:00  INFO 5507 --- [ool-3-thread-58] tourGuide.service.RewardsService         : nearAttraction called with Zoo Tampa at Lowry Park
2023-01-22T16:10:35.817+01:00  INFO 5507 --- [ool-3-thread-67] tourGuide.service.RewardsService         : getDistance called
2023-01-22T16:10:35.817+01:00  INFO 5507 --- [ool-3-thread-30] tourGuide.service.RewardsService         : nearAttraction called with Franklin Park Zoo
2023-01-22T16:10:35.817+01:00  INFO 5507 --- [ool-3-thread-22] tourGuide.service.RewardsService         : getDistance called
2023-01-22T16:10:35.817+01:00  INFO 5507 --- [ool-3-thread-16] tourGuide.service.RewardsService         : nearAttraction called with El Paso Zoo
2023-01-22T16:10:35.817+01:00  INFO 5507 --- [pool-3-thread-2] tourGuide.service.RewardsService         : nearAttraction called with Kansas City Zoo
2023-01-22T16:10:35.820+01:00  INFO 5507 --- [ool-3-thread-16] tourGuide.service.RewardsService         : getDistance called
2023-01-22T16:10:35.817+01:00  INFO 5507 --- [ool-3-thread-56] tourGuide.service.RewardsService         : getDistance called
2023-01-22T16:10:35.817+01:00  INFO 5507 --- [ool-3-thread-23] tourGuide.service.RewardsService         : nearAttraction called with Jackson Hole
2023-01-22T16:10:35.817+01:00  INFO 5507 --- [pool-3-thread-7] tourGuide.service.RewardsService         : nearAttraction called with Mojave National Preserve
2023-01-22T16:10:35.820+01:00  INFO 5507 --- [ool-3-thread-23] tourGuide.service.RewardsService         : getDistance called
2023-01-22T16:10:35.820+01:00  INFO 5507 --- [pool-3-thread-7] tourGuide.service.RewardsService         : getDistance called
2023-01-22T16:10:35.817+01:00  INFO 5507 --- [ool-3-thread-21] tourGuide.service.RewardsService         : nearAttraction called with Buffalo National River
2023-01-22T16:10:35.817+01:00  INFO 5507 --- [ool-3-thread-57] tourGuide.service.RewardsService         : getDistance called
2023-01-22T16:10:35.820+01:00  INFO 5507 --- [ool-3-thread-21] tourGuide.service.RewardsService         : getDistance called
2023-01-22T16:10:35.818+01:00  INFO 5507 --- [ool-3-thread-45] tourGuide.service.RewardsService         : nearAttraction called with Kartchner Caverns State Park
2023-01-22T16:10:35.818+01:00  INFO 5507 --- [ool-3-thread-43] tourGuide.service.RewardsService         : nearAttraction called with Legend Valley
2023-01-22T16:10:35.818+01:00  INFO 5507 --- [ool-3-thread-19] tourGuide.service.RewardsService         : nearAttraction called with Flowers Bakery of London
2023-01-22T16:10:35.818+01:00  INFO 5507 --- [ool-3-thread-24] tourGuide.service.RewardsService         : getDistance called
2023-01-22T16:10:35.821+01:00  INFO 5507 --- [ool-3-thread-19] tourGuide.service.RewardsService         : getDistance called
2023-01-22T16:10:35.818+01:00  INFO 5507 --- [ool-3-thread-33] tourGuide.service.RewardsService         : getDistance called
2023-01-22T16:10:35.818+01:00  INFO 5507 --- [ool-3-thread-10] tourGuide.service.RewardsService         : getDistance called
2023-01-22T16:10:35.818+01:00  INFO 5507 --- [ool-3-thread-61] tourGuide.service.RewardsService         : nearAttraction called with Fallingwater
2023-01-22T16:10:35.818+01:00  INFO 5507 --- [pool-3-thread-6] tourGuide.service.RewardsService         : getDistance called
2023-01-22T16:10:35.818+01:00  INFO 5507 --- [ool-3-thread-29] tourGuide.service.RewardsService         : nearAttraction called with Roger Dean Stadium
2023-01-22T16:10:35.818+01:00  INFO 5507 --- [ool-3-thread-36] tourGuide.service.RewardsService         : nearAttraction called with Texas Memorial Stadium
2023-01-22T16:10:35.818+01:00  INFO 5507 --- [ool-3-thread-18] tourGuide.service.RewardsService         : nearAttraction called with Tiger Stadium
2023-01-22T16:10:35.821+01:00  INFO 5507 --- [ool-3-thread-36] tourGuide.service.RewardsService         : getDistance called
2023-01-22T16:10:35.818+01:00  INFO 5507 --- [ool-3-thread-60] tourGuide.service.RewardsService         : getDistance called
2023-01-22T16:10:35.818+01:00  INFO 5507 --- [ool-3-thread-39] tourGuide.service.RewardsService         : nearAttraction called with San Diego Zoo
2023-01-22T16:10:35.818+01:00  INFO 5507 --- [ool-3-thread-25] tourGuide.service.RewardsService         : getDistance called
2023-01-22T16:10:35.821+01:00  INFO 5507 --- [ool-3-thread-39] tourGuide.service.RewardsService         : getDistance called
2023-01-22T16:10:35.818+01:00  INFO 5507 --- [ool-3-thread-20] tourGuide.service.RewardsService         : getDistance called
2023-01-22T16:10:35.818+01:00  INFO 5507 --- [ool-3-thread-41] tourGuide.service.RewardsService         : getDistance called
2023-01-22T16:10:35.818+01:00  INFO 5507 --- [ool-3-thread-46] tourGuide.service.RewardsService         : nearAttraction called with El Paso Zoo
2023-01-22T16:10:35.818+01:00  INFO 5507 --- [ool-3-thread-17] tourGuide.service.RewardsService         : getDistance called
2023-01-22T16:10:35.821+01:00  INFO 5507 --- [ool-3-thread-46] tourGuide.service.RewardsService         : getDistance called
2023-01-22T16:10:35.818+01:00  INFO 5507 --- [ool-3-thread-65] tourGuide.service.RewardsService         : getDistance called
2023-01-22T16:10:35.818+01:00  INFO 5507 --- [ool-3-thread-40] tourGuide.service.RewardsService         : getDistance called
2023-01-22T16:10:35.819+01:00  INFO 5507 --- [ool-3-thread-37] tourGuide.service.RewardsService         : nearAttraction called with Disneyland
2023-01-22T16:10:35.819+01:00  INFO 5507 --- [pool-3-thread-3] tourGuide.service.RewardsService         : getDistance called
2023-01-22T16:10:35.821+01:00  INFO 5507 --- [ool-3-thread-37] tourGuide.service.RewardsService         : getDistance called
2023-01-22T16:10:35.819+01:00  INFO 5507 --- [ool-3-thread-38] tourGuide.service.RewardsService         : getDistance called
2023-01-22T16:10:35.819+01:00  INFO 5507 --- [ool-3-thread-66] tourGuide.service.RewardsService         : nearAttraction called with Mojave National Preserve
2023-01-22T16:10:35.819+01:00  INFO 5507 --- [ool-3-thread-26] tourGuide.service.RewardsService         : nearAttraction called with Joshua Tree National Park
2023-01-22T16:10:35.821+01:00  INFO 5507 --- [ool-3-thread-66] tourGuide.service.RewardsService         : getDistance called
2023-01-22T16:10:35.821+01:00  INFO 5507 --- [ool-3-thread-26] tourGuide.service.RewardsService         : getDistance called
2023-01-22T16:10:35.819+01:00  INFO 5507 --- [ool-3-thread-27] tourGuide.service.RewardsService         : getDistance called
2023-01-22T16:10:35.819+01:00  INFO 5507 --- [ool-3-thread-11] tourGuide.service.RewardsService         : getDistance called
2023-01-22T16:10:35.819+01:00  INFO 5507 --- [ool-3-thread-44] tourGuide.service.RewardsService         : getDistance called
2023-01-22T16:10:35.819+01:00  INFO 5507 --- [ool-3-thread-69] tourGuide.service.RewardsService         : nearAttraction called with Kartchner Caverns State Park
2023-01-22T16:10:35.819+01:00  INFO 5507 --- [ool-3-thread-14] tourGuide.service.RewardsService         : getDistance called
2023-01-22T16:10:35.819+01:00  INFO 5507 --- [ool-3-thread-54] tourGuide.service.RewardsService         : nearAttraction called with Legend Valley
2023-01-22T16:10:35.819+01:00  INFO 5507 --- [ool-3-thread-55] tourGuide.service.RewardsService         : nearAttraction called with Flowers Bakery of London
2023-01-22T16:10:35.819+01:00  INFO 5507 --- [ool-3-thread-49] tourGuide.service.RewardsService         : nearAttraction called with McKinley Tower
2023-01-22T16:10:35.819+01:00  INFO 5507 --- [ool-3-thread-70] tourGuide.service.RewardsService         : getDistance called
2023-01-22T16:10:35.822+01:00  INFO 5507 --- [ool-3-thread-49] tourGuide.service.RewardsService         : getDistance called
2023-01-22T16:10:35.819+01:00  INFO 5507 --- [ool-3-thread-13] tourGuide.service.RewardsService         : getDistance called
2023-01-22T16:10:35.819+01:00  INFO 5507 --- [ool-3-thread-42] tourGuide.service.RewardsService         : getDistance called
2023-01-22T16:10:35.819+01:00  INFO 5507 --- [ool-3-thread-28] tourGuide.service.RewardsService         : nearAttraction called with Union Station
2023-01-22T16:10:35.819+01:00  INFO 5507 --- [ool-3-thread-48] tourGuide.service.RewardsService         : getDistance called
2023-01-22T16:10:35.822+01:00  INFO 5507 --- [ool-3-thread-28] tourGuide.service.RewardsService         : getDistance called
2023-01-22T16:10:35.819+01:00  INFO 5507 --- [ool-3-thread-47] tourGuide.service.RewardsService         : getDistance called
2023-01-22T16:10:35.819+01:00  INFO 5507 --- [ool-3-thread-15] tourGuide.service.RewardsService         : nearAttraction called with Texas Memorial Stadium
2023-01-22T16:10:35.819+01:00  INFO 5507 --- [pool-3-thread-4] tourGuide.service.RewardsService         : nearAttraction called with Bryant-Denny Stadium
2023-01-22T16:10:35.819+01:00  INFO 5507 --- [pool-3-thread-8] tourGuide.service.RewardsService         : nearAttraction called with Tiger Stadium
2023-01-22T16:10:35.822+01:00  INFO 5507 --- [pool-3-thread-4] tourGuide.service.RewardsService         : getDistance called
2023-01-22T16:10:35.819+01:00  INFO 5507 --- [ool-3-thread-51] tourGuide.service.RewardsService         : getDistance called
2023-01-22T16:10:35.819+01:00  INFO 5507 --- [pool-3-thread-9] tourGuide.service.RewardsService         : getDistance called
2023-01-22T16:10:35.820+01:00  INFO 5507 --- [ool-3-thread-50] tourGuide.service.RewardsService         : getDistance called
2023-01-22T16:10:35.820+01:00  INFO 5507 --- [ool-3-thread-35] tourGuide.service.RewardsService         : getDistance called
2023-01-22T16:10:35.820+01:00  INFO 5507 --- [ool-3-thread-32] tourGuide.service.RewardsService         : nearAttraction called with Zoo Tampa at Lowry Park
2023-01-22T16:10:35.820+01:00  INFO 5507 --- [ool-3-thread-63] tourGuide.service.RewardsService         : getDistance called
2023-01-22T16:10:35.822+01:00  INFO 5507 --- [ool-3-thread-32] tourGuide.service.RewardsService         : getDistance called
2023-01-22T16:10:35.820+01:00  INFO 5507 --- [pool-3-thread-5] tourGuide.service.RewardsService         : getDistance called
2023-01-22T16:10:35.820+01:00  INFO 5507 --- [ool-3-thread-59] tourGuide.service.RewardsService         : getDistance called
2023-01-22T16:10:35.820+01:00  INFO 5507 --- [ool-3-thread-12] tourGuide.service.RewardsService         : getDistance called
2023-01-22T16:10:35.820+01:00  INFO 5507 --- [ool-3-thread-34] tourGuide.service.RewardsService         : nearAttraction called with El Paso Zoo
2023-01-22T16:10:35.820+01:00  INFO 5507 --- [ool-3-thread-62] tourGuide.service.RewardsService         : nearAttraction called with Bronx Zoo
2023-01-22T16:10:35.822+01:00  INFO 5507 --- [ool-3-thread-34] tourGuide.service.RewardsService         : getDistance called
2023-01-22T16:10:35.820+01:00  INFO 5507 --- [ool-3-thread-64] tourGuide.service.RewardsService         : getDistance called
2023-01-22T16:10:35.822+01:00  INFO 5507 --- [ool-3-thread-62] tourGuide.service.RewardsService         : getDistance called
2023-01-22T16:10:35.820+01:00  INFO 5507 --- [ool-3-thread-31] tourGuide.service.RewardsService         : getDistance called
2023-01-22T16:10:35.820+01:00  INFO 5507 --- [ool-3-thread-52] tourGuide.service.RewardsService         : getDistance called
2023-01-22T16:10:35.820+01:00  INFO 5507 --- [ool-3-thread-58] tourGuide.service.RewardsService         : getDistance called
2023-01-22T16:10:35.820+01:00  INFO 5507 --- [ool-3-thread-30] tourGuide.service.RewardsService         : getDistance called
2023-01-22T16:10:35.820+01:00  INFO 5507 --- [pool-3-thread-2] tourGuide.service.RewardsService         : getDistance called
2023-01-22T16:10:35.821+01:00  INFO 5507 --- [ool-3-thread-45] tourGuide.service.RewardsService         : getDistance called
2023-01-22T16:10:35.821+01:00  INFO 5507 --- [ool-3-thread-43] tourGuide.service.RewardsService         : getDistance called
2023-01-22T16:10:35.821+01:00  INFO 5507 --- [ool-3-thread-61] tourGuide.service.RewardsService         : getDistance called
2023-01-22T16:10:35.821+01:00  INFO 5507 --- [ool-3-thread-29] tourGuide.service.RewardsService         : getDistance called
2023-01-22T16:10:35.821+01:00  INFO 5507 --- [ool-3-thread-18] tourGuide.service.RewardsService         : getDistance called
2023-01-22T16:10:35.822+01:00  INFO 5507 --- [ool-3-thread-69] tourGuide.service.RewardsService         : getDistance called
2023-01-22T16:10:35.822+01:00  INFO 5507 --- [ool-3-thread-54] tourGuide.service.RewardsService         : getDistance called
2023-01-22T16:10:35.822+01:00  INFO 5507 --- [ool-3-thread-55] tourGuide.service.RewardsService         : getDistance called
2023-01-22T16:10:35.822+01:00  INFO 5507 --- [ool-3-thread-15] tourGuide.service.RewardsService         : getDistance called
2023-01-22T16:10:35.822+01:00  INFO 5507 --- [pool-3-thread-8] tourGuide.service.RewardsService         : getDistance called
100 users tracked correctly
highVolumeTrackLocation: Time Elapsed: 0 seconds.
2023-01-22T16:10:35.864+01:00 DEBUG 5507 --- [    Test worker] tourGuide.repository.UserRepository      : Created 100 internal test users without history.
2023-01-22T16:10:35.876+01:00  INFO 5507 --- [    Test worker] tourGuide.service.UserService            : List of all users returned by getAllUsers
2023-01-22T16:10:35.878+01:00  INFO 5507 --- [ool-3-thread-68] tourGuide.service.RewardsService         : nearAttraction called with Jackson Hole
2023-01-22T16:10:35.878+01:00  INFO 5507 --- [ool-3-thread-56] tourGuide.service.RewardsService         : nearAttraction called with Kartchner Caverns State Park
2023-01-22T16:10:35.878+01:00  INFO 5507 --- [ool-3-thread-16] tourGuide.service.RewardsService         : nearAttraction called with Hot Springs National Park
2023-01-22T16:10:35.878+01:00  INFO 5507 --- [ool-3-thread-57] tourGuide.service.RewardsService         : nearAttraction called with McKinley Tower
2023-01-22T16:10:35.878+01:00  INFO 5507 --- [ool-3-thread-16] tourGuide.service.RewardsService         : getDistance called
2023-01-22T16:10:35.878+01:00  INFO 5507 --- [ool-3-thread-57] tourGuide.service.RewardsService         : getDistance called
2023-01-22T16:10:35.878+01:00  INFO 5507 --- [ool-3-thread-22] tourGuide.service.RewardsService         : nearAttraction called with Buffalo National River
2023-01-22T16:10:35.878+01:00  INFO 5507 --- [ool-3-thread-19] tourGuide.service.RewardsService         : nearAttraction called with Union Station
2023-01-22T16:10:35.878+01:00  INFO 5507 --- [ool-3-thread-33] tourGuide.service.RewardsService         : nearAttraction called with Roger Dean Stadium
2023-01-22T16:10:35.878+01:00  INFO 5507 --- [ool-3-thread-19] tourGuide.service.RewardsService         : getDistance called
2023-01-22T16:10:35.878+01:00  INFO 5507 --- [ool-3-thread-53] tourGuide.service.RewardsService         : nearAttraction called with Mojave National Preserve
2023-01-22T16:10:35.878+01:00  INFO 5507 --- [ool-3-thread-67] tourGuide.service.RewardsService         : nearAttraction called with Joshua Tree National Park
2023-01-22T16:10:35.878+01:00  INFO 5507 --- [ool-3-thread-57] tourGuide.service.RewardsService         : nearAttraction called with Bryant-Denny Stadium
2023-01-22T16:10:35.878+01:00  INFO 5507 --- [ool-3-thread-10] tourGuide.service.RewardsService         : nearAttraction called with Texas Memorial Stadium
2023-01-22T16:10:35.878+01:00  INFO 5507 --- [pool-3-thread-1] tourGuide.service.RewardsService         : nearAttraction called with Disneyland
2023-01-22T16:10:35.878+01:00  INFO 5507 --- [ool-3-thread-36] tourGuide.service.RewardsService         : nearAttraction called with San Diego Zoo
2023-01-22T16:10:35.878+01:00  INFO 5507 --- [pool-3-thread-1] tourGuide.service.RewardsService         : getDistance called
2023-01-22T16:10:35.878+01:00  INFO 5507 --- [ool-3-thread-25] tourGuide.service.RewardsService         : nearAttraction called with Franklin Park Zoo
2023-01-22T16:10:35.878+01:00  INFO 5507 --- [ool-3-thread-39] tourGuide.service.RewardsService         : nearAttraction called with El Paso Zoo
2023-01-22T16:10:35.878+01:00  INFO 5507 --- [ool-3-thread-20] tourGuide.service.RewardsService         : nearAttraction called with Kansas City Zoo
2023-01-22T16:10:35.878+01:00  INFO 5507 --- [ool-3-thread-39] tourGuide.service.RewardsService         : getDistance called
2023-01-22T16:10:35.878+01:00  INFO 5507 --- [ool-3-thread-20] tourGuide.service.RewardsService         : getDistance called
2023-01-22T16:10:35.878+01:00  INFO 5507 --- [ool-3-thread-23] tourGuide.service.RewardsService         : nearAttraction called with Legend Valley
2023-01-22T16:10:35.878+01:00  INFO 5507 --- [ool-3-thread-39] tourGuide.service.RewardsService         : nearAttraction called with Mojave National Preserve
2023-01-22T16:10:35.878+01:00  INFO 5507 --- [pool-3-thread-7] tourGuide.service.RewardsService         : nearAttraction called with Flowers Bakery of London
2023-01-22T16:10:35.878+01:00  INFO 5507 --- [pool-3-thread-3] tourGuide.service.RewardsService         : nearAttraction called with Hot Springs National Park
2023-01-22T16:10:35.878+01:00  INFO 5507 --- [pool-3-thread-7] tourGuide.service.RewardsService         : getDistance called
2023-01-22T16:10:35.878+01:00  INFO 5507 --- [ool-3-thread-56] tourGuide.service.RewardsService         : getDistance called
2023-01-22T16:10:35.878+01:00  INFO 5507 --- [ool-3-thread-68] tourGuide.service.RewardsService         : getDistance called
2023-01-22T16:10:35.878+01:00  INFO 5507 --- [pool-3-thread-1] tourGuide.service.RewardsService         : getRewardPoints called with Disneyland and internalUser78
2023-01-22T16:10:35.878+01:00  INFO 5507 --- [ool-3-thread-21] tourGuide.service.RewardsService         : nearAttraction called with Flatiron Building
2023-01-22T16:10:35.878+01:00  INFO 5507 --- [ool-3-thread-68] tourGuide.service.RewardsService         : nearAttraction called with Fallingwater
2023-01-22T16:10:35.878+01:00  INFO 5507 --- [ool-3-thread-24] tourGuide.service.RewardsService         : nearAttraction called with Fallingwater
2023-01-22T16:10:35.878+01:00  INFO 5507 --- [ool-3-thread-22] tourGuide.service.RewardsService         : getDistance called
2023-01-22T16:10:35.879+01:00  INFO 5507 --- [ool-3-thread-27] tourGuide.service.RewardsService         : nearAttraction called with Roger Dean Stadium
2023-01-22T16:10:35.878+01:00  INFO 5507 --- [ool-3-thread-33] tourGuide.service.RewardsService         : getDistance called
2023-01-22T16:10:35.879+01:00  INFO 5507 --- [ool-3-thread-27] tourGuide.service.RewardsService         : getDistance called
2023-01-22T16:10:35.879+01:00  INFO 5507 --- [ool-3-thread-44] tourGuide.service.RewardsService         : nearAttraction called with Bryant-Denny Stadium
2023-01-22T16:10:35.879+01:00  INFO 5507 --- [ool-3-thread-22] tourGuide.service.RewardsService         : nearAttraction called with Neyland Stadium
2023-01-22T16:10:35.879+01:00  INFO 5507 --- [ool-3-thread-33] tourGuide.service.RewardsService         : nearAttraction called with Kyle Field
2023-01-22T16:10:35.879+01:00  INFO 5507 --- [ool-3-thread-49] tourGuide.service.RewardsService         : nearAttraction called with Zoo Tampa at Lowry Park
2023-01-22T16:10:35.879+01:00  INFO 5507 --- [ool-3-thread-33] tourGuide.service.RewardsService         : getDistance called
2023-01-22T16:10:35.879+01:00  INFO 5507 --- [ool-3-thread-49] tourGuide.service.RewardsService         : getDistance called
2023-01-22T16:10:35.878+01:00  INFO 5507 --- [ool-3-thread-53] tourGuide.service.RewardsService         : getDistance called
2023-01-22T16:10:35.878+01:00  INFO 5507 --- [pool-3-thread-6] tourGuide.service.RewardsService         : nearAttraction called with Tiger Stadium
2023-01-22T16:10:35.879+01:00  INFO 5507 --- [ool-3-thread-28] tourGuide.service.RewardsService         : nearAttraction called with Cinderella Castle
2023-01-22T16:10:35.879+01:00  INFO 5507 --- [ool-3-thread-48] tourGuide.service.RewardsService         : nearAttraction called with Kansas City Zoo
2023-01-22T16:10:35.878+01:00  INFO 5507 --- [ool-3-thread-67] tourGuide.service.RewardsService         : getDistance called
2023-01-22T16:10:35.879+01:00  INFO 5507 --- [pool-3-thread-4] tourGuide.service.RewardsService         : nearAttraction called with Mojave National Preserve
2023-01-22T16:10:35.879+01:00  INFO 5507 --- [ool-3-thread-67] tourGuide.service.RewardsService         : nearAttraction called with Buffalo National River
2023-01-22T16:10:35.879+01:00  INFO 5507 --- [pool-3-thread-4] tourGuide.service.RewardsService         : getDistance called
2023-01-22T16:10:35.879+01:00  INFO 5507 --- [ool-3-thread-51] tourGuide.service.RewardsService         : nearAttraction called with Joshua Tree National Park
2023-01-22T16:10:35.879+01:00  INFO 5507 --- [ool-3-thread-67] tourGuide.service.RewardsService         : getDistance called
2023-01-22T16:10:35.878+01:00  INFO 5507 --- [ool-3-thread-57] tourGuide.service.RewardsService         : getDistance called
2023-01-22T16:10:35.878+01:00  INFO 5507 --- [ool-3-thread-16] tourGuide.service.RewardsService         : nearAttraction called with Neyland Stadium
2023-01-22T16:10:35.878+01:00  INFO 5507 --- [ool-3-thread-19] tourGuide.service.RewardsService         : nearAttraction called with Kyle Field
2023-01-22T16:10:35.879+01:00  INFO 5507 --- [ool-3-thread-16] tourGuide.service.RewardsService         : getDistance called
2023-01-22T16:10:35.878+01:00  INFO 5507 --- [ool-3-thread-10] tourGuide.service.RewardsService         : getDistance called
2023-01-22T16:10:35.878+01:00  INFO 5507 --- [ool-3-thread-60] tourGuide.service.RewardsService         : nearAttraction called with Zoo Tampa at Lowry Park
2023-01-22T16:10:35.879+01:00  INFO 5507 --- [pool-3-thread-5] tourGuide.service.RewardsService         : nearAttraction called with Roger Dean Stadium
2023-01-22T16:10:35.879+01:00  INFO 5507 --- [ool-3-thread-60] tourGuide.service.RewardsService         : getDistance called
2023-01-22T16:10:35.879+01:00  INFO 5507 --- [ool-3-thread-67] tourGuide.service.RewardsService         : nearAttraction called with Flowers Bakery of London
2023-01-22T16:10:35.879+01:00  INFO 5507 --- [ool-3-thread-60] tourGuide.service.RewardsService         : nearAttraction called with Kyle Field
2023-01-22T16:10:35.879+01:00  INFO 5507 --- [ool-3-thread-67] tourGuide.service.RewardsService         : getDistance called
2023-01-22T16:10:35.879+01:00  INFO 5507 --- [ool-3-thread-60] tourGuide.service.RewardsService         : getDistance called
2023-01-22T16:10:35.878+01:00  INFO 5507 --- [ool-3-thread-36] tourGuide.service.RewardsService         : getDistance called
2023-01-22T16:10:35.879+01:00  INFO 5507 --- [ool-3-thread-67] tourGuide.service.RewardsService         : nearAttraction called with Franklin Park Zoo
2023-01-22T16:10:35.879+01:00  INFO 5507 --- [ool-3-thread-62] tourGuide.service.RewardsService         : nearAttraction called with El Paso Zoo
2023-01-22T16:10:35.879+01:00  INFO 5507 --- [ool-3-thread-31] tourGuide.service.RewardsService         : nearAttraction called with Bronx Zoo
2023-01-22T16:10:35.879+01:00  INFO 5507 --- [ool-3-thread-36] tourGuide.service.RewardsService         : nearAttraction called with Disneyland
2023-01-22T16:10:35.879+01:00  INFO 5507 --- [ool-3-thread-31] tourGuide.service.RewardsService         : getDistance called
2023-01-22T16:10:35.879+01:00  INFO 5507 --- [ool-3-thread-58] tourGuide.service.RewardsService         : nearAttraction called with Jackson Hole
2023-01-22T16:10:35.879+01:00  INFO 5507 --- [pool-3-thread-2] tourGuide.service.RewardsService         : nearAttraction called with Joshua Tree National Park
2023-01-22T16:10:35.878+01:00  INFO 5507 --- [ool-3-thread-25] tourGuide.service.RewardsService         : getDistance called
2023-01-22T16:10:35.879+01:00  INFO 5507 --- [ool-3-thread-31] tourGuide.service.RewardsService         : nearAttraction called with Buffalo National River
2023-01-22T16:10:35.878+01:00  INFO 5507 --- [ool-3-thread-41] tourGuide.service.RewardsService         : nearAttraction called with Bronx Zoo
2023-01-22T16:10:35.879+01:00  INFO 5507 --- [pool-3-thread-4] tourGuide.service.RewardsService         : nearAttraction called with Hot Springs National Park
2023-01-22T16:10:35.879+01:00  INFO 5507 --- [ool-3-thread-41] tourGuide.service.RewardsService         : getDistance called
2023-01-22T16:10:35.879+01:00  INFO 5507 --- [pool-3-thread-4] tourGuide.service.RewardsService         : getDistance called
2023-01-22T16:10:35.878+01:00  INFO 5507 --- [ool-3-thread-17] tourGuide.service.RewardsService         : nearAttraction called with Cinderella Castle
2023-01-22T16:10:35.879+01:00  INFO 5507 --- [ool-3-thread-41] tourGuide.service.RewardsService         : nearAttraction called with McKinley Tower
2023-01-22T16:10:35.878+01:00  INFO 5507 --- [ool-3-thread-65] tourGuide.service.RewardsService         : nearAttraction called with Jackson Hole
2023-01-22T16:10:35.879+01:00  INFO 5507 --- [ool-3-thread-29] tourGuide.service.RewardsService         : nearAttraction called with Union Station
2023-01-22T16:10:35.879+01:00  INFO 5507 --- [pool-3-thread-4] tourGuide.service.RewardsService         : nearAttraction called with Flatiron Building
2023-01-22T16:10:35.879+01:00  INFO 5507 --- [pool-3-thread-8] tourGuide.service.RewardsService         : nearAttraction called with Kyle Field
2023-01-22T16:10:35.878+01:00  INFO 5507 --- [ool-3-thread-46] tourGuide.service.RewardsService         : nearAttraction called with Disneyland
2023-01-22T16:10:35.880+01:00  INFO 5507 --- [ool-3-thread-25] tourGuide.service.RewardsService         : nearAttraction called with San Diego Zoo
2023-01-22T16:10:35.880+01:00  INFO 5507 --- [pool-3-thread-8] tourGuide.service.RewardsService         : getDistance called
2023-01-22T16:10:35.880+01:00  INFO 5507 --- [pool-3-thread-4] tourGuide.service.RewardsService         : getDistance called
2023-01-22T16:10:35.880+01:00  INFO 5507 --- [pool-3-thread-8] tourGuide.service.RewardsService         : nearAttraction called with Zoo Tampa at Lowry Park
2023-01-22T16:10:35.878+01:00  INFO 5507 --- [ool-3-thread-23] tourGuide.service.RewardsService         : getDistance called
2023-01-22T16:10:35.878+01:00  INFO 5507 --- [ool-3-thread-40] tourGuide.service.RewardsService         : nearAttraction called with Buffalo National River
2023-01-22T16:10:35.880+01:00  INFO 5507 --- [ool-3-thread-23] tourGuide.service.RewardsService         : nearAttraction called with El Paso Zoo
2023-01-22T16:10:35.878+01:00  INFO 5507 --- [ool-3-thread-20] tourGuide.service.RewardsService         : nearAttraction called with Joshua Tree National Park
2023-01-22T16:10:35.878+01:00  INFO 5507 --- [ool-3-thread-39] tourGuide.service.RewardsService         : getDistance called
2023-01-22T16:10:35.878+01:00  INFO 5507 --- [ool-3-thread-37] tourGuide.service.RewardsService         : nearAttraction called with Kartchner Caverns State Park
2023-01-22T16:10:35.880+01:00  INFO 5507 --- [ool-3-thread-39] tourGuide.service.RewardsService         : nearAttraction called with Kansas City Zoo
2023-01-22T16:10:35.880+01:00  INFO 5507 --- [ool-3-thread-37] tourGuide.service.RewardsService         : getDistance called
2023-01-22T16:10:35.880+01:00  INFO 5507 --- [ool-3-thread-39] tourGuide.service.RewardsService         : getDistance called
2023-01-22T16:10:35.878+01:00  INFO 5507 --- [ool-3-thread-38] tourGuide.service.RewardsService         : nearAttraction called with Legend Valley
2023-01-22T16:10:35.880+01:00  INFO 5507 --- [ool-3-thread-39] tourGuide.service.RewardsService         : nearAttraction called with Cinderella Castle
2023-01-22T16:10:35.880+01:00  INFO 5507 --- [ool-3-thread-38] tourGuide.service.RewardsService         : getDistance called
2023-01-22T16:10:35.880+01:00  INFO 5507 --- [ool-3-thread-39] tourGuide.service.RewardsService         : getDistance called
2023-01-22T16:10:35.878+01:00  INFO 5507 --- [ool-3-thread-66] tourGuide.service.RewardsService         : nearAttraction called with Flowers Bakery of London
2023-01-22T16:10:35.880+01:00  INFO 5507 --- [ool-3-thread-38] tourGuide.service.RewardsService         : nearAttraction called with Disneyland
2023-01-22T16:10:35.878+01:00  INFO 5507 --- [pool-3-thread-3] tourGuide.service.RewardsService         : getDistance called
2023-01-22T16:10:35.878+01:00  INFO 5507 --- [pool-3-thread-7] tourGuide.service.RewardsService         : nearAttraction called with McKinley Tower
2023-01-22T16:10:35.878+01:00  INFO 5507 --- [ool-3-thread-56] tourGuide.service.RewardsService         : nearAttraction called with Flatiron Building
2023-01-22T16:10:35.879+01:00  INFO 5507 --- [ool-3-thread-21] tourGuide.service.RewardsService         : getDistance called
2023-01-22T16:10:35.880+01:00  INFO 5507 --- [ool-3-thread-56] tourGuide.service.RewardsService         : getDistance called
2023-01-22T16:10:35.879+01:00  INFO 5507 --- [ool-3-thread-68] tourGuide.service.RewardsService         : getDistance called
2023-01-22T16:10:35.880+01:00  INFO 5507 --- [ool-3-thread-21] tourGuide.service.RewardsService         : nearAttraction called with Joshua Tree National Park
2023-01-22T16:10:35.880+01:00  INFO 5507 --- [ool-3-thread-56] tourGuide.service.RewardsService         : nearAttraction called with Buffalo National River
2023-01-22T16:10:35.880+01:00  INFO 5507 --- [ool-3-thread-21] tourGuide.service.RewardsService         : getDistance called
2023-01-22T16:10:35.880+01:00  INFO 5507 --- [ool-3-thread-56] tourGuide.service.RewardsService         : getDistance called
2023-01-22T16:10:35.879+01:00  INFO 5507 --- [ool-3-thread-26] tourGuide.service.RewardsService         : nearAttraction called with Union Station
2023-01-22T16:10:35.879+01:00  INFO 5507 --- [ool-3-thread-24] tourGuide.service.RewardsService         : getDistance called
2023-01-22T16:10:35.879+01:00  INFO 5507 --- [ool-3-thread-11] tourGuide.service.RewardsService         : nearAttraction called with Texas Memorial Stadium
2023-01-22T16:10:35.880+01:00  INFO 5507 --- [ool-3-thread-24] tourGuide.service.RewardsService         : nearAttraction called with Flowers Bakery of London
2023-01-22T16:10:35.879+01:00  INFO 5507 --- [ool-3-thread-14] tourGuide.service.RewardsService         : nearAttraction called with Tiger Stadium
2023-01-22T16:10:35.880+01:00  INFO 5507 --- [ool-3-thread-24] tourGuide.service.RewardsService         : getDistance called
2023-01-22T16:10:35.879+01:00  INFO 5507 --- [ool-3-thread-44] tourGuide.service.RewardsService         : getDistance called
2023-01-22T16:10:35.879+01:00  INFO 5507 --- [ool-3-thread-22] tourGuide.service.RewardsService         : getDistance called
2023-01-22T16:10:35.880+01:00  INFO 5507 --- [ool-3-thread-44] tourGuide.service.RewardsService         : nearAttraction called with Flatiron Building
2023-01-22T16:10:35.879+01:00  INFO 5507 --- [ool-3-thread-70] tourGuide.service.RewardsService         : nearAttraction called with San Diego Zoo
2023-01-22T16:10:35.879+01:00  INFO 5507 --- [ool-3-thread-13] tourGuide.service.RewardsService         : nearAttraction called with Franklin Park Zoo
2023-01-22T16:10:35.880+01:00  INFO 5507 --- [ool-3-thread-70] tourGuide.service.RewardsService         : getDistance called
2023-01-22T16:10:35.880+01:00  INFO 5507 --- [ool-3-thread-13] tourGuide.service.RewardsService         : getDistance called
2023-01-22T16:10:35.879+01:00  INFO 5507 --- [ool-3-thread-42] tourGuide.service.RewardsService         : nearAttraction called with El Paso Zoo
2023-01-22T16:10:35.879+01:00  INFO 5507 --- [ool-3-thread-49] tourGuide.service.RewardsService         : nearAttraction called with Bronx Zoo
2023-01-22T16:10:35.880+01:00  INFO 5507 --- [ool-3-thread-42] tourGuide.service.RewardsService         : getDistance called
2023-01-22T16:10:35.880+01:00  INFO 5507 --- [ool-3-thread-49] tourGuide.service.RewardsService         : getDistance called
2023-01-22T16:10:35.879+01:00  INFO 5507 --- [ool-3-thread-53] tourGuide.service.RewardsService         : nearAttraction called with Disneyland
2023-01-22T16:10:35.880+01:00  INFO 5507 --- [ool-3-thread-42] tourGuide.service.RewardsService         : nearAttraction called with Roger Dean Stadium
2023-01-22T16:10:35.879+01:00  INFO 5507 --- [pool-3-thread-6] tourGuide.service.RewardsService         : getDistance called
2023-01-22T16:10:35.879+01:00  INFO 5507 --- [ool-3-thread-47] tourGuide.service.RewardsService         : nearAttraction called with Jackson Hole
2023-01-22T16:10:35.879+01:00  INFO 5507 --- [ool-3-thread-28] tourGuide.service.RewardsService         : getDistance called
2023-01-22T16:10:35.881+01:00  INFO 5507 --- [ool-3-thread-13] tourGuide.service.RewardsService         : nearAttraction called with Tiger Stadium
2023-01-22T16:10:35.881+01:00  INFO 5507 --- [ool-3-thread-47] tourGuide.service.RewardsService         : getDistance called
2023-01-22T16:10:35.879+01:00  INFO 5507 --- [ool-3-thread-48] tourGuide.service.RewardsService         : getDistance called
2023-01-22T16:10:35.879+01:00  INFO 5507 --- [pool-3-thread-9] tourGuide.service.RewardsService         : nearAttraction called with Hot Springs National Park
2023-01-22T16:10:35.881+01:00  INFO 5507 --- [ool-3-thread-48] tourGuide.service.RewardsService         : nearAttraction called with San Diego Zoo
2023-01-22T16:10:35.881+01:00  INFO 5507 --- [pool-3-thread-9] tourGuide.service.RewardsService         : getDistance called
2023-01-22T16:10:35.879+01:00  INFO 5507 --- [ool-3-thread-27] tourGuide.service.RewardsService         : nearAttraction called with Kartchner Caverns State Park
2023-01-22T16:10:35.881+01:00  INFO 5507 --- [pool-3-thread-9] tourGuide.service.RewardsService         : nearAttraction called with Zoo Tampa at Lowry Park
2023-01-22T16:10:35.881+01:00  INFO 5507 --- [ool-3-thread-27] tourGuide.service.RewardsService         : getDistance called
2023-01-22T16:10:35.881+01:00  INFO 5507 --- [pool-3-thread-9] tourGuide.service.RewardsService         : getDistance called
2023-01-22T16:10:35.881+01:00  INFO 5507 --- [ool-3-thread-27] tourGuide.service.RewardsService         : nearAttraction called with Franklin Park Zoo
2023-01-22T16:10:35.881+01:00  INFO 5507 --- [pool-3-thread-9] tourGuide.service.RewardsService         : nearAttraction called with El Paso Zoo
2023-01-22T16:10:35.881+01:00  INFO 5507 --- [ool-3-thread-27] tourGuide.service.RewardsService         : getDistance called
2023-01-22T16:10:35.879+01:00  INFO 5507 --- [ool-3-thread-51] tourGuide.service.RewardsService         : getDistance called
2023-01-22T16:10:35.879+01:00  INFO 5507 --- [ool-3-thread-50] tourGuide.service.RewardsService         : nearAttraction called with Legend Valley
2023-01-22T16:10:35.881+01:00  INFO 5507 --- [ool-3-thread-27] tourGuide.service.RewardsService         : nearAttraction called with Kansas City Zoo
2023-01-22T16:10:35.879+01:00  INFO 5507 --- [ool-3-thread-35] tourGuide.service.RewardsService         : nearAttraction called with McKinley Tower
2023-01-22T16:10:35.881+01:00  INFO 5507 --- [ool-3-thread-27] tourGuide.service.RewardsService         : getDistance called
2023-01-22T16:10:35.879+01:00  INFO 5507 --- [ool-3-thread-63] tourGuide.service.RewardsService         : nearAttraction called with Flatiron Building
2023-01-22T16:10:35.879+01:00  INFO 5507 --- [ool-3-thread-19] tourGuide.service.RewardsService         : getDistance called
2023-01-22T16:10:35.879+01:00  INFO 5507 --- [ool-3-thread-16] tourGuide.service.RewardsService         : nearAttraction called with Union Station
2023-01-22T16:10:35.879+01:00  INFO 5507 --- [ool-3-thread-59] tourGuide.service.RewardsService         : nearAttraction called with Bryant-Denny Stadium
2023-01-22T16:10:35.879+01:00  INFO 5507 --- [pool-3-thread-5] tourGuide.service.RewardsService         : getDistance called
2023-01-22T16:10:35.881+01:00  INFO 5507 --- [ool-3-thread-59] tourGuide.service.RewardsService         : getDistance called
2023-01-22T16:10:35.879+01:00  INFO 5507 --- [ool-3-thread-33] tourGuide.service.RewardsService         : nearAttraction called with Tiger Stadium
2023-01-22T16:10:35.881+01:00  INFO 5507 --- [ool-3-thread-59] tourGuide.service.RewardsService         : nearAttraction called with Jackson Hole
2023-01-22T16:10:35.881+01:00  INFO 5507 --- [pool-3-thread-5] tourGuide.service.RewardsService         : nearAttraction called with Mojave National Preserve
2023-01-22T16:10:35.881+01:00  INFO 5507 --- [ool-3-thread-59] tourGuide.service.RewardsService         : getDistance called
2023-01-22T16:10:35.879+01:00  INFO 5507 --- [ool-3-thread-12] tourGuide.service.RewardsService         : nearAttraction called with Neyland Stadium
2023-01-22T16:10:35.881+01:00  INFO 5507 --- [ool-3-thread-59] tourGuide.service.RewardsService         : nearAttraction called with Joshua Tree National Park
2023-01-22T16:10:35.881+01:00  INFO 5507 --- [ool-3-thread-12] tourGuide.service.RewardsService         : getDistance called
2023-01-22T16:10:35.881+01:00  INFO 5507 --- [ool-3-thread-59] tourGuide.service.RewardsService         : getDistance called
2023-01-22T16:10:35.879+01:00  INFO 5507 --- [ool-3-thread-34] tourGuide.service.RewardsService         : nearAttraction called with San Diego Zoo
2023-01-22T16:10:35.881+01:00  INFO 5507 --- [ool-3-thread-12] tourGuide.service.RewardsService         : nearAttraction called with Buffalo National River
2023-01-22T16:10:35.881+01:00  INFO 5507 --- [ool-3-thread-34] tourGuide.service.RewardsService         : getDistance called
2023-01-22T16:10:35.879+01:00  INFO 5507 --- [ool-3-thread-64] tourGuide.service.RewardsService         : nearAttraction called with Zoo Tampa at Lowry Park
2023-01-22T16:10:35.879+01:00  INFO 5507 --- [ool-3-thread-60] tourGuide.service.RewardsService         : nearAttraction called with Kansas City Zoo
2023-01-22T16:10:35.881+01:00  INFO 5507 --- [ool-3-thread-34] tourGuide.service.RewardsService         : nearAttraction called with Kartchner Caverns State Park
2023-01-22T16:10:35.879+01:00  INFO 5507 --- [ool-3-thread-67] tourGuide.service.RewardsService         : getDistance called
2023-01-22T16:10:35.879+01:00  INFO 5507 --- [ool-3-thread-52] tourGuide.service.RewardsService         : nearAttraction called with Cinderella Castle
2023-01-22T16:10:35.879+01:00  INFO 5507 --- [ool-3-thread-62] tourGuide.service.RewardsService         : getDistance called
2023-01-22T16:10:35.879+01:00  INFO 5507 --- [ool-3-thread-36] tourGuide.service.RewardsService         : getDistance called
2023-01-22T16:10:35.879+01:00  INFO 5507 --- [ool-3-thread-30] tourGuide.service.RewardsService         : nearAttraction called with Mojave National Preserve
2023-01-22T16:10:35.881+01:00  INFO 5507 --- [ool-3-thread-36] tourGuide.service.RewardsService         : getRewardPoints called with Disneyland and internalUser74
2023-01-22T16:10:35.879+01:00  INFO 5507 --- [ool-3-thread-10] tourGuide.service.RewardsService         : nearAttraction called with Texas Memorial Stadium
2023-01-22T16:10:35.879+01:00  INFO 5507 --- [ool-3-thread-32] tourGuide.service.RewardsService         : nearAttraction called with Fallingwater
2023-01-22T16:10:35.881+01:00  INFO 5507 --- [ool-3-thread-32] tourGuide.service.RewardsService         : getDistance called
2023-01-22T16:10:35.879+01:00  INFO 5507 --- [ool-3-thread-58] tourGuide.service.RewardsService         : getDistance called
2023-01-22T16:10:35.879+01:00  INFO 5507 --- [pool-3-thread-2] tourGuide.service.RewardsService         : getDistance called
2023-01-22T16:10:35.879+01:00  INFO 5507 --- [ool-3-thread-31] tourGuide.service.RewardsService         : getDistance called
2023-01-22T16:10:35.879+01:00  INFO 5507 --- [ool-3-thread-45] tourGuide.service.RewardsService         : nearAttraction called with Kartchner Caverns State Park
2023-01-22T16:10:35.879+01:00  INFO 5507 --- [ool-3-thread-57] tourGuide.service.RewardsService         : nearAttraction called with Flowers Bakery of London
2023-01-22T16:10:35.879+01:00  INFO 5507 --- [ool-3-thread-17] tourGuide.service.RewardsService         : getDistance called
2023-01-22T16:10:35.882+01:00  INFO 5507 --- [ool-3-thread-57] tourGuide.service.RewardsService         : getDistance called
2023-01-22T16:10:35.882+01:00  INFO 5507 --- [ool-3-thread-17] tourGuide.service.RewardsService         : nearAttraction called with Roger Dean Stadium
2023-01-22T16:10:35.879+01:00  INFO 5507 --- [ool-3-thread-41] tourGuide.service.RewardsService         : getDistance called
2023-01-22T16:10:35.879+01:00  INFO 5507 --- [ool-3-thread-61] tourGuide.service.RewardsService         : nearAttraction called with Fallingwater
2023-01-22T16:10:35.882+01:00  INFO 5507 --- [ool-3-thread-41] tourGuide.service.RewardsService         : nearAttraction called with Bryant-Denny Stadium
2023-01-22T16:10:35.882+01:00  INFO 5507 --- [ool-3-thread-41] tourGuide.service.RewardsService         : getDistance called
2023-01-22T16:10:35.879+01:00  INFO 5507 --- [ool-3-thread-18] tourGuide.service.RewardsService         : nearAttraction called with Roger Dean Stadium
2023-01-22T16:10:35.882+01:00  INFO 5507 --- [ool-3-thread-41] tourGuide.service.RewardsService         : nearAttraction called with Tiger Stadium
2023-01-22T16:10:35.882+01:00  INFO 5507 --- [ool-3-thread-18] tourGuide.service.RewardsService         : getDistance called
2023-01-22T16:10:35.882+01:00  INFO 5507 --- [ool-3-thread-41] tourGuide.service.RewardsService         : getDistance called
2023-01-22T16:10:35.879+01:00  INFO 5507 --- [ool-3-thread-65] tourGuide.service.RewardsService         : getDistance called
2023-01-22T16:10:35.882+01:00  INFO 5507 --- [ool-3-thread-18] tourGuide.service.RewardsService         : nearAttraction called with Neyland Stadium
2023-01-22T16:10:35.879+01:00  INFO 5507 --- [ool-3-thread-54] tourGuide.service.RewardsService         : nearAttraction called with Texas Memorial Stadium
2023-01-22T16:10:35.882+01:00  INFO 5507 --- [ool-3-thread-65] tourGuide.service.RewardsService         : nearAttraction called with San Diego Zoo
2023-01-22T16:10:35.879+01:00  INFO 5507 --- [ool-3-thread-29] tourGuide.service.RewardsService         : getDistance called
2023-01-22T16:10:35.882+01:00  INFO 5507 --- [ool-3-thread-65] tourGuide.service.RewardsService         : getDistance called
2023-01-22T16:10:35.879+01:00  INFO 5507 --- [ool-3-thread-69] tourGuide.service.RewardsService         : nearAttraction called with Bryant-Denny Stadium
2023-01-22T16:10:35.882+01:00  INFO 5507 --- [ool-3-thread-65] tourGuide.service.RewardsService         : nearAttraction called with Zoo Tampa at Lowry Park
2023-01-22T16:10:35.882+01:00  INFO 5507 --- [ool-3-thread-29] tourGuide.service.RewardsService         : nearAttraction called with Franklin Park Zoo
2023-01-22T16:10:35.882+01:00  INFO 5507 --- [ool-3-thread-69] tourGuide.service.RewardsService         : getDistance called
2023-01-22T16:10:35.879+01:00  INFO 5507 --- [ool-3-thread-55] tourGuide.service.RewardsService         : nearAttraction called with Tiger Stadium
2023-01-22T16:10:35.882+01:00  INFO 5507 --- [ool-3-thread-69] tourGuide.service.RewardsService         : nearAttraction called with El Paso Zoo
2023-01-22T16:10:35.882+01:00  INFO 5507 --- [ool-3-thread-55] tourGuide.service.RewardsService         : getDistance called
2023-01-22T16:10:35.879+01:00  INFO 5507 --- [ool-3-thread-15] tourGuide.service.RewardsService         : nearAttraction called with Neyland Stadium
2023-01-22T16:10:35.879+01:00  INFO 5507 --- [ool-3-thread-43] tourGuide.service.RewardsService         : nearAttraction called with Legend Valley
2023-01-22T16:10:35.882+01:00  INFO 5507 --- [ool-3-thread-15] tourGuide.service.RewardsService         : getDistance called
2023-01-22T16:10:35.880+01:00  INFO 5507 --- [ool-3-thread-46] tourGuide.service.RewardsService         : getDistance called
2023-01-22T16:10:35.882+01:00  INFO 5507 --- [ool-3-thread-43] tourGuide.service.RewardsService         : getDistance called
2023-01-22T16:10:35.880+01:00  INFO 5507 --- [ool-3-thread-25] tourGuide.service.RewardsService         : getDistance called
2023-01-22T16:10:35.880+01:00  INFO 5507 --- [pool-3-thread-8] tourGuide.service.RewardsService         : getDistance called
2023-01-22T16:10:35.880+01:00  INFO 5507 --- [ool-3-thread-40] tourGuide.service.RewardsService         : getDistance called
2023-01-22T16:10:35.882+01:00  INFO 5507 --- [pool-3-thread-8] tourGuide.service.RewardsService         : nearAttraction called with Disneyland
2023-01-22T16:10:35.882+01:00  INFO 5507 --- [ool-3-thread-40] tourGuide.service.RewardsService         : nearAttraction called with Mojave National Preserve
2023-01-22T16:10:35.880+01:00  INFO 5507 --- [pool-3-thread-4] tourGuide.service.RewardsService         : nearAttraction called with Franklin Park Zoo
2023-01-22T16:10:35.880+01:00  INFO 5507 --- [ool-3-thread-23] tourGuide.service.RewardsService         : getDistance called
2023-01-22T16:10:35.880+01:00  INFO 5507 --- [ool-3-thread-20] tourGuide.service.RewardsService         : getDistance called
2023-01-22T16:10:35.882+01:00  INFO 5507 --- [ool-3-thread-23] tourGuide.service.RewardsService         : nearAttraction called with Joshua Tree National Park
2023-01-22T16:10:35.880+01:00  INFO 5507 --- [ool-3-thread-37] tourGuide.service.RewardsService         : nearAttraction called with Bronx Zoo
2023-01-22T16:10:35.880+01:00  INFO 5507 --- [ool-3-thread-39] tourGuide.service.RewardsService         : nearAttraction called with Jackson Hole
2023-01-22T16:10:35.880+01:00  INFO 5507 --- [ool-3-thread-38] tourGuide.service.RewardsService         : getDistance called
2023-01-22T16:10:35.880+01:00  INFO 5507 --- [ool-3-thread-66] tourGuide.service.RewardsService         : getDistance called
2023-01-22T16:10:35.882+01:00  INFO 5507 --- [ool-3-thread-38] tourGuide.service.RewardsService         : getRewardPoints called with Disneyland and internalUser73
2023-01-22T16:10:35.880+01:00  INFO 5507 --- [pool-3-thread-7] tourGuide.service.RewardsService         : getDistance called
2023-01-22T16:10:35.880+01:00  INFO 5507 --- [pool-3-thread-3] tourGuide.service.RewardsService         : nearAttraction called with Mojave National Preserve
2023-01-22T16:10:35.882+01:00  INFO 5507 --- [pool-3-thread-7] tourGuide.service.RewardsService         : nearAttraction called with Kartchner Caverns State Park
2023-01-22T16:10:35.882+01:00  INFO 5507 --- [pool-3-thread-3] tourGuide.service.RewardsService         : getDistance called
2023-01-22T16:10:35.880+01:00  INFO 5507 --- [ool-3-thread-68] tourGuide.service.RewardsService         : nearAttraction called with Hot Springs National Park
2023-01-22T16:10:35.883+01:00  INFO 5507 --- [pool-3-thread-7] tourGuide.service.RewardsService         : getDistance called
2023-01-22T16:10:35.883+01:00  INFO 5507 --- [ool-3-thread-68] tourGuide.service.RewardsService         : getDistance called
2023-01-22T16:10:35.880+01:00  INFO 5507 --- [ool-3-thread-21] tourGuide.service.RewardsService         : nearAttraction called with Kartchner Caverns State Park
2023-01-22T16:10:35.883+01:00  INFO 5507 --- [pool-3-thread-7] tourGuide.service.RewardsService         : nearAttraction called with Flowers Bakery of London
2023-01-22T16:10:35.880+01:00  INFO 5507 --- [ool-3-thread-56] tourGuide.service.RewardsService         : nearAttraction called with Legend Valley
2023-01-22T16:10:35.883+01:00  INFO 5507 --- [ool-3-thread-21] tourGuide.service.RewardsService         : getDistance called
2023-01-22T16:10:35.880+01:00  INFO 5507 --- [ool-3-thread-26] tourGuide.service.RewardsService         : getDistance called
2023-01-22T16:10:35.883+01:00  INFO 5507 --- [ool-3-thread-21] tourGuide.service.RewardsService         : nearAttraction called with Flatiron Building
2023-01-22T16:10:35.880+01:00  INFO 5507 --- [ool-3-thread-11] tourGuide.service.RewardsService         : getDistance called
2023-01-22T16:10:35.880+01:00  INFO 5507 --- [ool-3-thread-14] tourGuide.service.RewardsService         : getDistance called
2023-01-22T16:10:35.883+01:00  INFO 5507 --- [ool-3-thread-26] tourGuide.service.RewardsService         : nearAttraction called with Fallingwater
2023-01-22T16:10:35.880+01:00  INFO 5507 --- [ool-3-thread-24] tourGuide.service.RewardsService         : nearAttraction called with McKinley Tower
2023-01-22T16:10:35.880+01:00  INFO 5507 --- [ool-3-thread-44] tourGuide.service.RewardsService         : getDistance called
2023-01-22T16:10:35.880+01:00  INFO 5507 --- [ool-3-thread-22] tourGuide.service.RewardsService         : nearAttraction called with Fallingwater
2023-01-22T16:10:35.883+01:00  INFO 5507 --- [ool-3-thread-44] tourGuide.service.RewardsService         : nearAttraction called with Texas Memorial Stadium
2023-01-22T16:10:35.883+01:00  INFO 5507 --- [ool-3-thread-22] tourGuide.service.RewardsService         : getDistance called
2023-01-22T16:10:35.883+01:00  INFO 5507 --- [ool-3-thread-44] tourGuide.service.RewardsService         : getDistance called
2023-01-22T16:10:35.880+01:00  INFO 5507 --- [ool-3-thread-70] tourGuide.service.RewardsService         : nearAttraction called with Union Station
2023-01-22T16:10:35.883+01:00  INFO 5507 --- [ool-3-thread-22] tourGuide.service.RewardsService         : nearAttraction called with Bryant-Denny Stadium
2023-01-22T16:10:35.880+01:00  INFO 5507 --- [ool-3-thread-49] tourGuide.service.RewardsService         : nearAttraction called with Texas Memorial Stadium
2023-01-22T16:10:35.883+01:00  INFO 5507 --- [ool-3-thread-70] tourGuide.service.RewardsService         : getDistance called
2023-01-22T16:10:35.883+01:00  INFO 5507 --- [ool-3-thread-22] tourGuide.service.RewardsService         : getDistance called
2023-01-22T16:10:35.883+01:00  INFO 5507 --- [ool-3-thread-49] tourGuide.service.RewardsService         : getDistance called
2023-01-22T16:10:35.880+01:00  INFO 5507 --- [ool-3-thread-42] tourGuide.service.RewardsService         : getDistance called
2023-01-22T16:10:35.883+01:00  INFO 5507 --- [ool-3-thread-49] tourGuide.service.RewardsService         : nearAttraction called with San Diego Zoo
2023-01-22T16:10:35.880+01:00  INFO 5507 --- [ool-3-thread-53] tourGuide.service.RewardsService         : getDistance called
2023-01-22T16:10:35.881+01:00  INFO 5507 --- [pool-3-thread-6] tourGuide.service.RewardsService         : nearAttraction called with Bryant-Denny Stadium
2023-01-22T16:10:35.883+01:00  INFO 5507 --- [ool-3-thread-53] tourGuide.service.RewardsService         : getRewardPoints called with Disneyland and internalUser79
2023-01-22T16:10:35.883+01:00  INFO 5507 --- [pool-3-thread-6] tourGuide.service.RewardsService         : getDistance called
2023-01-22T16:10:35.881+01:00  INFO 5507 --- [ool-3-thread-13] tourGuide.service.RewardsService         : getDistance called
2023-01-22T16:10:35.881+01:00  INFO 5507 --- [ool-3-thread-28] tourGuide.service.RewardsService         : nearAttraction called with Neyland Stadium
2023-01-22T16:10:35.881+01:00  INFO 5507 --- [ool-3-thread-47] tourGuide.service.RewardsService         : nearAttraction called with Kyle Field
2023-01-22T16:10:35.883+01:00  INFO 5507 --- [ool-3-thread-28] tourGuide.service.RewardsService         : getDistance called
2023-01-22T16:10:35.883+01:00  INFO 5507 --- [ool-3-thread-13] tourGuide.service.RewardsService         : nearAttraction called with El Paso Zoo
2023-01-22T16:10:35.881+01:00  INFO 5507 --- [ool-3-thread-48] tourGuide.service.RewardsService         : getDistance called
2023-01-22T16:10:35.881+01:00  INFO 5507 --- [pool-3-thread-9] tourGuide.service.RewardsService         : getDistance called
2023-01-22T16:10:35.881+01:00  INFO 5507 --- [ool-3-thread-51] tourGuide.service.RewardsService         : nearAttraction called with Bronx Zoo
2023-01-22T16:10:35.881+01:00  INFO 5507 --- [ool-3-thread-50] tourGuide.service.RewardsService         : getDistance called
2023-01-22T16:10:35.883+01:00  INFO 5507 --- [ool-3-thread-48] tourGuide.service.RewardsService         : nearAttraction called with Bronx Zoo
2023-01-22T16:10:35.881+01:00  INFO 5507 --- [ool-3-thread-35] tourGuide.service.RewardsService         : getDistance called
2023-01-22T16:10:35.881+01:00  INFO 5507 --- [ool-3-thread-27] tourGuide.service.RewardsService         : nearAttraction called with Cinderella Castle
2023-01-22T16:10:35.884+01:00  INFO 5507 --- [ool-3-thread-48] tourGuide.service.RewardsService         : getDistance called
2023-01-22T16:10:35.884+01:00  INFO 5507 --- [ool-3-thread-27] tourGuide.service.RewardsService         : getDistance called
2023-01-22T16:10:35.881+01:00  INFO 5507 --- [ool-3-thread-63] tourGuide.service.RewardsService         : getDistance called
2023-01-22T16:10:35.881+01:00  INFO 5507 --- [ool-3-thread-16] tourGuide.service.RewardsService         : getDistance called
2023-01-22T16:10:35.884+01:00  INFO 5507 --- [ool-3-thread-63] tourGuide.service.RewardsService         : nearAttraction called with Buffalo National River
2023-01-22T16:10:35.881+01:00  INFO 5507 --- [ool-3-thread-19] tourGuide.service.RewardsService         : nearAttraction called with Disneyland
2023-01-22T16:10:35.881+01:00  INFO 5507 --- [ool-3-thread-33] tourGuide.service.RewardsService         : getDistance called
2023-01-22T16:10:35.881+01:00  INFO 5507 --- [pool-3-thread-5] tourGuide.service.RewardsService         : getDistance called
2023-01-22T16:10:35.881+01:00  INFO 5507 --- [ool-3-thread-59] tourGuide.service.RewardsService         : nearAttraction called with Hot Springs National Park
2023-01-22T16:10:35.884+01:00  INFO 5507 --- [pool-3-thread-5] tourGuide.service.RewardsService         : nearAttraction called with Legend Valley
2023-01-22T16:10:35.881+01:00  INFO 5507 --- [ool-3-thread-12] tourGuide.service.RewardsService         : getDistance called
2023-01-22T16:10:35.881+01:00  INFO 5507 --- [ool-3-thread-64] tourGuide.service.RewardsService         : getDistance called
2023-01-22T16:10:35.881+01:00  INFO 5507 --- [ool-3-thread-60] tourGuide.service.RewardsService         : getDistance called
2023-01-22T16:10:35.881+01:00  INFO 5507 --- [ool-3-thread-34] tourGuide.service.RewardsService         : getDistance called
2023-01-22T16:10:35.881+01:00  INFO 5507 --- [ool-3-thread-67] tourGuide.service.RewardsService         : nearAttraction called with Legend Valley
2023-01-22T16:10:35.884+01:00  INFO 5507 --- [ool-3-thread-34] tourGuide.service.RewardsService         : nearAttraction called with Fallingwater
2023-01-22T16:10:35.884+01:00  INFO 5507 --- [ool-3-thread-67] tourGuide.service.RewardsService         : getDistance called
2023-01-22T16:10:35.884+01:00  INFO 5507 --- [ool-3-thread-34] tourGuide.service.RewardsService         : getDistance called
2023-01-22T16:10:35.881+01:00  INFO 5507 --- [ool-3-thread-52] tourGuide.service.RewardsService         : getDistance called
2023-01-22T16:10:35.884+01:00  INFO 5507 --- [ool-3-thread-34] tourGuide.service.RewardsService         : nearAttraction called with Roger Dean Stadium
2023-01-22T16:10:35.881+01:00  INFO 5507 --- [ool-3-thread-62] tourGuide.service.RewardsService         : nearAttraction called with Flowers Bakery of London
2023-01-22T16:10:35.881+01:00  INFO 5507 --- [ool-3-thread-30] tourGuide.service.RewardsService         : getDistance called
2023-01-22T16:10:35.884+01:00  INFO 5507 --- [ool-3-thread-62] tourGuide.service.RewardsService         : getDistance called
2023-01-22T16:10:35.884+01:00  INFO 5507 --- [ool-3-thread-30] tourGuide.service.RewardsService         : nearAttraction called with Bryant-Denny Stadium
2023-01-22T16:10:35.881+01:00  INFO 5507 --- [ool-3-thread-10] tourGuide.service.RewardsService         : getDistance called
2023-01-22T16:10:35.882+01:00  INFO 5507 --- [ool-3-thread-58] tourGuide.service.RewardsService         : nearAttraction called with Flatiron Building
2023-01-22T16:10:35.884+01:00  INFO 5507 --- [ool-3-thread-10] tourGuide.service.RewardsService         : nearAttraction called with Neyland Stadium
2023-01-22T16:10:35.884+01:00  INFO 5507 --- [ool-3-thread-10] tourGuide.service.RewardsService         : getDistance called
2023-01-22T16:10:35.884+01:00  INFO 5507 --- [ool-3-thread-10] tourGuide.service.RewardsService         : nearAttraction called with Kyle Field
2023-01-22T16:10:35.884+01:00  INFO 5507 --- [ool-3-thread-10] tourGuide.service.RewardsService         : getDistance called
2023-01-22T16:10:35.882+01:00  INFO 5507 --- [ool-3-thread-32] tourGuide.service.RewardsService         : nearAttraction called with McKinley Tower
2023-01-22T16:10:35.884+01:00  INFO 5507 --- [ool-3-thread-10] tourGuide.service.RewardsService         : nearAttraction called with San Diego Zoo
2023-01-22T16:10:35.884+01:00  INFO 5507 --- [ool-3-thread-32] tourGuide.service.RewardsService         : getDistance called
2023-01-22T16:10:35.882+01:00  INFO 5507 --- [pool-3-thread-2] tourGuide.service.RewardsService         : nearAttraction called with Fallingwater
2023-01-22T16:10:35.882+01:00  INFO 5507 --- [ool-3-thread-31] tourGuide.service.RewardsService         : nearAttraction called with Union Station
2023-01-22T16:10:35.884+01:00  INFO 5507 --- [pool-3-thread-2] tourGuide.service.RewardsService         : getDistance called
2023-01-22T16:10:35.884+01:00  INFO 5507 --- [ool-3-thread-31] tourGuide.service.RewardsService         : getDistance called
2023-01-22T16:10:35.882+01:00  INFO 5507 --- [ool-3-thread-45] tourGuide.service.RewardsService         : getDistance called
2023-01-22T16:10:35.884+01:00  INFO 5507 --- [pool-3-thread-2] tourGuide.service.RewardsService         : nearAttraction called with Franklin Park Zoo
2023-01-22T16:10:35.882+01:00  INFO 5507 --- [ool-3-thread-57] tourGuide.service.RewardsService         : nearAttraction called with Texas Memorial Stadium
2023-01-22T16:10:35.884+01:00  INFO 5507 --- [ool-3-thread-45] tourGuide.service.RewardsService         : nearAttraction called with Kansas City Zoo
2023-01-22T16:10:35.882+01:00  INFO 5507 --- [ool-3-thread-17] tourGuide.service.RewardsService         : getDistance called
2023-01-22T16:10:35.884+01:00  INFO 5507 --- [ool-3-thread-45] tourGuide.service.RewardsService         : getDistance called
2023-01-22T16:10:35.882+01:00  INFO 5507 --- [ool-3-thread-61] tourGuide.service.RewardsService         : getDistance called
2023-01-22T16:10:35.884+01:00  INFO 5507 --- [ool-3-thread-45] tourGuide.service.RewardsService         : nearAttraction called with Cinderella Castle
2023-01-22T16:10:35.884+01:00  INFO 5507 --- [ool-3-thread-61] tourGuide.service.RewardsService         : nearAttraction called with Disneyland
2023-01-22T16:10:35.882+01:00  INFO 5507 --- [ool-3-thread-41] tourGuide.service.RewardsService         : nearAttraction called with Kyle Field
2023-01-22T16:10:35.885+01:00  INFO 5507 --- [ool-3-thread-45] tourGuide.service.RewardsService         : getDistance called
2023-01-22T16:10:35.882+01:00  INFO 5507 --- [ool-3-thread-18] tourGuide.service.RewardsService         : getDistance called
2023-01-22T16:10:35.885+01:00  INFO 5507 --- [ool-3-thread-45] tourGuide.service.RewardsService         : nearAttraction called with Jackson Hole
2023-01-22T16:10:35.885+01:00  INFO 5507 --- [ool-3-thread-18] tourGuide.service.RewardsService         : nearAttraction called with Mojave National Preserve
2023-01-22T16:10:35.882+01:00  INFO 5507 --- [ool-3-thread-54] tourGuide.service.RewardsService         : getDistance called
2023-01-22T16:10:35.882+01:00  INFO 5507 --- [ool-3-thread-65] tourGuide.service.RewardsService         : getDistance called
2023-01-22T16:10:35.882+01:00  INFO 5507 --- [ool-3-thread-29] tourGuide.service.RewardsService         : getDistance called
2023-01-22T16:10:35.885+01:00  INFO 5507 --- [ool-3-thread-65] tourGuide.service.RewardsService         : nearAttraction called with Buffalo National River
2023-01-22T16:10:35.882+01:00  INFO 5507 --- [ool-3-thread-69] tourGuide.service.RewardsService         : getDistance called
2023-01-22T16:10:35.882+01:00  INFO 5507 --- [ool-3-thread-55] tourGuide.service.RewardsService         : nearAttraction called with Kansas City Zoo
2023-01-22T16:10:35.882+01:00  INFO 5507 --- [ool-3-thread-15] tourGuide.service.RewardsService         : nearAttraction called with Bronx Zoo
2023-01-22T16:10:35.885+01:00  INFO 5507 --- [ool-3-thread-55] tourGuide.service.RewardsService         : getDistance called
2023-01-22T16:10:35.882+01:00  INFO 5507 --- [ool-3-thread-46] tourGuide.service.RewardsService         : getRewardPoints called with Disneyland and internalUser77
2023-01-22T16:10:35.885+01:00  INFO 5507 --- [ool-3-thread-55] tourGuide.service.RewardsService         : nearAttraction called with Legend Valley
2023-01-22T16:10:35.882+01:00  INFO 5507 --- [ool-3-thread-25] tourGuide.service.RewardsService         : nearAttraction called with Cinderella Castle
2023-01-22T16:10:35.882+01:00  INFO 5507 --- [ool-3-thread-43] tourGuide.service.RewardsService         : nearAttraction called with Jackson Hole
2023-01-22T16:10:35.882+01:00  INFO 5507 --- [pool-3-thread-8] tourGuide.service.RewardsService         : getDistance called
2023-01-22T16:10:35.882+01:00  INFO 5507 --- [ool-3-thread-40] tourGuide.service.RewardsService         : getDistance called
2023-01-22T16:10:35.885+01:00  INFO 5507 --- [pool-3-thread-8] tourGuide.service.RewardsService         : getRewardPoints called with Disneyland and internalUser75
2023-01-22T16:10:35.882+01:00  INFO 5507 --- [pool-3-thread-4] tourGuide.service.RewardsService         : getDistance called
2023-01-22T16:10:35.882+01:00  INFO 5507 --- [ool-3-thread-20] tourGuide.service.RewardsService         : nearAttraction called with Buffalo National River
2023-01-22T16:10:35.882+01:00  INFO 5507 --- [ool-3-thread-23] tourGuide.service.RewardsService         : getDistance called
2023-01-22T16:10:35.885+01:00  INFO 5507 --- [ool-3-thread-20] tourGuide.service.RewardsService         : getDistance called
2023-01-22T16:10:35.882+01:00  INFO 5507 --- [ool-3-thread-37] tourGuide.service.RewardsService         : getDistance called
2023-01-22T16:10:35.885+01:00  INFO 5507 --- [pool-3-thread-4] tourGuide.service.RewardsService         : nearAttraction called with McKinley Tower
2023-01-22T16:10:35.885+01:00  INFO 5507 --- [ool-3-thread-20] tourGuide.service.RewardsService         : nearAttraction called with Flatiron Building
2023-01-22T16:10:35.885+01:00  INFO 5507 --- [pool-3-thread-4] tourGuide.service.RewardsService         : getDistance called
2023-01-22T16:10:35.885+01:00  INFO 5507 --- [ool-3-thread-37] tourGuide.service.RewardsService         : nearAttraction called with Union Station
2023-01-22T16:10:35.882+01:00  INFO 5507 --- [ool-3-thread-39] tourGuide.service.RewardsService         : getDistance called
2023-01-22T16:10:35.885+01:00  INFO 5507 --- [pool-3-thread-4] tourGuide.service.RewardsService         : nearAttraction called with Roger Dean Stadium
2023-01-22T16:10:35.882+01:00  INFO 5507 --- [ool-3-thread-66] tourGuide.service.RewardsService         : nearAttraction called with Hot Springs National Park
2023-01-22T16:10:35.885+01:00  INFO 5507 --- [pool-3-thread-4] tourGuide.service.RewardsService         : getDistance called
2023-01-22T16:10:35.885+01:00  INFO 5507 --- [ool-3-thread-39] tourGuide.service.RewardsService         : nearAttraction called with Texas Memorial Stadium
2023-01-22T16:10:35.885+01:00  INFO 5507 --- [pool-3-thread-4] tourGuide.service.RewardsService         : nearAttraction called with Bryant-Denny Stadium
2023-01-22T16:10:35.885+01:00  INFO 5507 --- [ool-3-thread-39] tourGuide.service.RewardsService         : getDistance called
2023-01-22T16:10:35.885+01:00  INFO 5507 --- [pool-3-thread-4] tourGuide.service.RewardsService         : getDistance called
2023-01-22T16:10:35.883+01:00  INFO 5507 --- [pool-3-thread-3] tourGuide.service.RewardsService         : nearAttraction called with Legend Valley
2023-01-22T16:10:35.883+01:00  INFO 5507 --- [ool-3-thread-68] tourGuide.service.RewardsService         : nearAttraction called with McKinley Tower
2023-01-22T16:10:35.885+01:00  INFO 5507 --- [pool-3-thread-3] tourGuide.service.RewardsService         : getDistance called
2023-01-22T16:10:35.883+01:00  INFO 5507 --- [pool-3-thread-7] tourGuide.service.RewardsService         : getDistance called
2023-01-22T16:10:35.885+01:00  INFO 5507 --- [pool-3-thread-3] tourGuide.service.RewardsService         : nearAttraction called with Kyle Field
2023-01-22T16:10:35.883+01:00  INFO 5507 --- [ool-3-thread-56] tourGuide.service.RewardsService         : getDistance called
2023-01-22T16:10:35.883+01:00  INFO 5507 --- [ool-3-thread-21] tourGuide.service.RewardsService         : getDistance called
2023-01-22T16:10:35.885+01:00  INFO 5507 --- [ool-3-thread-56] tourGuide.service.RewardsService         : nearAttraction called with Zoo Tampa at Lowry Park
2023-01-22T16:10:35.885+01:00  INFO 5507 --- [ool-3-thread-21] tourGuide.service.RewardsService         : nearAttraction called with Franklin Park Zoo
2023-01-22T16:10:35.885+01:00  INFO 5507 --- [ool-3-thread-56] tourGuide.service.RewardsService         : getDistance called
2023-01-22T16:10:35.885+01:00  INFO 5507 --- [ool-3-thread-21] tourGuide.service.RewardsService         : getDistance called
2023-01-22T16:10:35.883+01:00  INFO 5507 --- [ool-3-thread-11] tourGuide.service.RewardsService         : nearAttraction called with Union Station
2023-01-22T16:10:35.883+01:00  INFO 5507 --- [ool-3-thread-14] tourGuide.service.RewardsService         : nearAttraction called with Roger Dean Stadium
2023-01-22T16:10:35.886+01:00  INFO 5507 --- [ool-3-thread-56] tourGuide.service.RewardsService         : nearAttraction called with El Paso Zoo
2023-01-22T16:10:35.886+01:00  INFO 5507 --- [ool-3-thread-21] tourGuide.service.RewardsService         : nearAttraction called with Kansas City Zoo
2023-01-22T16:10:35.886+01:00  INFO 5507 --- [ool-3-thread-11] tourGuide.service.RewardsService         : getDistance called
2023-01-22T16:10:35.883+01:00  INFO 5507 --- [ool-3-thread-26] tourGuide.service.RewardsService         : getDistance called
2023-01-22T16:10:35.883+01:00  INFO 5507 --- [ool-3-thread-24] tourGuide.service.RewardsService         : getDistance called
2023-01-22T16:10:35.886+01:00  INFO 5507 --- [ool-3-thread-26] tourGuide.service.RewardsService         : nearAttraction called with Cinderella Castle
2023-01-22T16:10:35.883+01:00  INFO 5507 --- [ool-3-thread-44] tourGuide.service.RewardsService         : nearAttraction called with Tiger Stadium
2023-01-22T16:10:35.883+01:00  INFO 5507 --- [ool-3-thread-22] tourGuide.service.RewardsService         : nearAttraction called with Neyland Stadium
2023-01-22T16:10:35.886+01:00  INFO 5507 --- [ool-3-thread-22] tourGuide.service.RewardsService         : getDistance called
2023-01-22T16:10:35.883+01:00  INFO 5507 --- [ool-3-thread-70] tourGuide.service.RewardsService         : nearAttraction called with Kyle Field
2023-01-22T16:10:35.886+01:00  INFO 5507 --- [ool-3-thread-22] tourGuide.service.RewardsService         : nearAttraction called with Jackson Hole
2023-01-22T16:10:35.886+01:00  INFO 5507 --- [ool-3-thread-70] tourGuide.service.RewardsService         : getDistance called
2023-01-22T16:10:35.886+01:00  INFO 5507 --- [ool-3-thread-22] tourGuide.service.RewardsService         : getDistance called
2023-01-22T16:10:35.883+01:00  INFO 5507 --- [ool-3-thread-42] tourGuide.service.RewardsService         : nearAttraction called with Zoo Tampa at Lowry Park
2023-01-22T16:10:35.886+01:00  INFO 5507 --- [ool-3-thread-22] tourGuide.service.RewardsService         : nearAttraction called with Joshua Tree National Park
2023-01-22T16:10:35.886+01:00  INFO 5507 --- [ool-3-thread-42] tourGuide.service.RewardsService         : getDistance called
2023-01-22T16:10:35.886+01:00  INFO 5507 --- [ool-3-thread-70] tourGuide.service.RewardsService         : nearAttraction called with Mojave National Preserve
2023-01-22T16:10:35.883+01:00  INFO 5507 --- [ool-3-thread-49] tourGuide.service.RewardsService         : getDistance called
2023-01-22T16:10:35.883+01:00  INFO 5507 --- [pool-3-thread-6] tourGuide.service.RewardsService         : nearAttraction called with Franklin Park Zoo
2023-01-22T16:10:35.883+01:00  INFO 5507 --- [ool-3-thread-28] tourGuide.service.RewardsService         : nearAttraction called with Kansas City Zoo
2023-01-22T16:10:35.886+01:00  INFO 5507 --- [pool-3-thread-6] tourGuide.service.RewardsService         : getDistance called
2023-01-22T16:10:35.886+01:00  INFO 5507 --- [ool-3-thread-28] tourGuide.service.RewardsService         : getDistance called
2023-01-22T16:10:35.886+01:00  INFO 5507 --- [pool-3-thread-6] tourGuide.service.RewardsService         : nearAttraction called with Kartchner Caverns State Park
2023-01-22T16:10:35.886+01:00  INFO 5507 --- [ool-3-thread-28] tourGuide.service.RewardsService         : nearAttraction called with Legend Valley
2023-01-22T16:10:35.883+01:00  INFO 5507 --- [ool-3-thread-47] tourGuide.service.RewardsService         : getDistance called
2023-01-22T16:10:35.883+01:00  INFO 5507 --- [ool-3-thread-13] tourGuide.service.RewardsService         : getDistance called
2023-01-22T16:10:35.883+01:00  INFO 5507 --- [pool-3-thread-9] tourGuide.service.RewardsService         : nearAttraction called with Cinderella Castle
2023-01-22T16:10:35.883+01:00  INFO 5507 --- [ool-3-thread-51] tourGuide.service.RewardsService         : getDistance called
2023-01-22T16:10:35.884+01:00  INFO 5507 --- [ool-3-thread-50] tourGuide.service.RewardsService         : nearAttraction called with Disneyland
2023-01-22T16:10:35.884+01:00  INFO 5507 --- [ool-3-thread-35] tourGuide.service.RewardsService         : nearAttraction called with Jackson Hole
2023-01-22T16:10:35.886+01:00  INFO 5507 --- [ool-3-thread-50] tourGuide.service.RewardsService         : getDistance called
2023-01-22T16:10:35.886+01:00  INFO 5507 --- [ool-3-thread-35] tourGuide.service.RewardsService         : getDistance called
2023-01-22T16:10:35.886+01:00  INFO 5507 --- [ool-3-thread-50] tourGuide.service.RewardsService         : getRewardPoints called with Disneyland and internalUser70
2023-01-22T16:10:35.884+01:00  INFO 5507 --- [ool-3-thread-48] tourGuide.service.RewardsService         : nearAttraction called with Mojave National Preserve
2023-01-22T16:10:35.884+01:00  INFO 5507 --- [ool-3-thread-27] tourGuide.service.RewardsService         : nearAttraction called with Joshua Tree National Park
2023-01-22T16:10:35.884+01:00  INFO 5507 --- [ool-3-thread-16] tourGuide.service.RewardsService         : nearAttraction called with Hot Springs National Park
2023-01-22T16:10:35.886+01:00  INFO 5507 --- [ool-3-thread-27] tourGuide.service.RewardsService         : getDistance called
2023-01-22T16:10:35.886+01:00  INFO 5507 --- [ool-3-thread-16] tourGuide.service.RewardsService         : getDistance called
2023-01-22T16:10:35.884+01:00  INFO 5507 --- [ool-3-thread-63] tourGuide.service.RewardsService         : getDistance called
2023-01-22T16:10:35.886+01:00  INFO 5507 --- [ool-3-thread-27] tourGuide.service.RewardsService         : nearAttraction called with Union Station
2023-01-22T16:10:35.886+01:00  INFO 5507 --- [ool-3-thread-16] tourGuide.service.RewardsService         : nearAttraction called with Roger Dean Stadium
2023-01-22T16:10:35.886+01:00  INFO 5507 --- [ool-3-thread-63] tourGuide.service.RewardsService         : nearAttraction called with Texas Memorial Stadium
2023-01-22T16:10:35.884+01:00  INFO 5507 --- [ool-3-thread-19] tourGuide.service.RewardsService         : getDistance called
2023-01-22T16:10:35.886+01:00  INFO 5507 --- [ool-3-thread-63] tourGuide.service.RewardsService         : getDistance called
2023-01-22T16:10:35.884+01:00  INFO 5507 --- [ool-3-thread-33] tourGuide.service.RewardsService         : nearAttraction called with Kartchner Caverns State Park
2023-01-22T16:10:35.886+01:00  INFO 5507 --- [ool-3-thread-19] tourGuide.service.RewardsService         : getRewardPoints called with Disneyland and internalUser76
2023-01-22T16:10:35.884+01:00  INFO 5507 --- [pool-3-thread-5] tourGuide.service.RewardsService         : getDistance called
2023-01-22T16:10:35.884+01:00  INFO 5507 --- [ool-3-thread-59] tourGuide.service.RewardsService         : getDistance called
2023-01-22T16:10:35.884+01:00  INFO 5507 --- [ool-3-thread-12] tourGuide.service.RewardsService         : nearAttraction called with Flowers Bakery of London
2023-01-22T16:10:35.884+01:00  INFO 5507 --- [ool-3-thread-64] tourGuide.service.RewardsService         : nearAttraction called with McKinley Tower
2023-01-22T16:10:35.887+01:00  INFO 5507 --- [pool-3-thread-5] tourGuide.service.RewardsService         : nearAttraction called with Tiger Stadium
2023-01-22T16:10:35.887+01:00  INFO 5507 --- [ool-3-thread-64] tourGuide.service.RewardsService         : getDistance called
2023-01-22T16:10:35.884+01:00  INFO 5507 --- [ool-3-thread-60] tourGuide.service.RewardsService         : nearAttraction called with Flatiron Building
2023-01-22T16:10:35.884+01:00  INFO 5507 --- [ool-3-thread-67] tourGuide.service.RewardsService         : nearAttraction called with Union Station
2023-01-22T16:10:35.887+01:00  INFO 5507 --- [ool-3-thread-60] tourGuide.service.RewardsService         : getDistance called
2023-01-22T16:10:35.884+01:00  INFO 5507 --- [ool-3-thread-34] tourGuide.service.RewardsService         : getDistance called
2023-01-22T16:10:35.884+01:00  INFO 5507 --- [ool-3-thread-52] tourGuide.service.RewardsService         : nearAttraction called with Texas Memorial Stadium
2023-01-22T16:10:35.884+01:00  INFO 5507 --- [ool-3-thread-62] tourGuide.service.RewardsService         : nearAttraction called with Tiger Stadium
2023-01-22T16:10:35.884+01:00  INFO 5507 --- [ool-3-thread-30] tourGuide.service.RewardsService         : getDistance called
2023-01-22T16:10:35.887+01:00  INFO 5507 --- [ool-3-thread-62] tourGuide.service.RewardsService         : getDistance called
2023-01-22T16:10:35.884+01:00  INFO 5507 --- [ool-3-thread-58] tourGuide.service.RewardsService         : getDistance called
2023-01-22T16:10:35.887+01:00  INFO 5507 --- [ool-3-thread-30] tourGuide.service.RewardsService         : nearAttraction called with Franklin Park Zoo
2023-01-22T16:10:35.887+01:00  INFO 5507 --- [ool-3-thread-30] tourGuide.service.RewardsService         : getDistance called
2023-01-22T16:10:35.887+01:00  INFO 5507 --- [ool-3-thread-58] tourGuide.service.RewardsService         : nearAttraction called with Kansas City Zoo
2023-01-22T16:10:35.887+01:00  INFO 5507 --- [ool-3-thread-58] tourGuide.service.RewardsService         : getDistance called
2023-01-22T16:10:35.887+01:00  INFO 5507 --- [ool-3-thread-58] tourGuide.service.RewardsService         : nearAttraction called with Cinderella Castle
2023-01-22T16:10:35.884+01:00  INFO 5507 --- [ool-3-thread-10] tourGuide.service.RewardsService         : getDistance called
2023-01-22T16:10:35.884+01:00  INFO 5507 --- [ool-3-thread-32] tourGuide.service.RewardsService         : nearAttraction called with Zoo Tampa at Lowry Park
2023-01-22T16:10:35.887+01:00  INFO 5507 --- [ool-3-thread-10] tourGuide.service.RewardsService         : nearAttraction called with Disneyland
2023-01-22T16:10:35.887+01:00  INFO 5507 --- [ool-3-thread-32] tourGuide.service.RewardsService         : getDistance called
2023-01-22T16:10:35.887+01:00  INFO 5507 --- [ool-3-thread-10] tourGuide.service.RewardsService         : getDistance called
2023-01-22T16:10:35.884+01:00  INFO 5507 --- [ool-3-thread-31] tourGuide.service.RewardsService         : nearAttraction called with El Paso Zoo
2023-01-22T16:10:35.887+01:00  INFO 5507 --- [ool-3-thread-10] tourGuide.service.RewardsService         : getRewardPoints called with Disneyland and internalUser90
2023-01-22T16:10:35.884+01:00  INFO 5507 --- [pool-3-thread-2] tourGuide.service.RewardsService         : getDistance called
2023-01-22T16:10:35.884+01:00  INFO 5507 --- [ool-3-thread-57] tourGuide.service.RewardsService         : getDistance called
2023-01-22T16:10:35.884+01:00  INFO 5507 --- [ool-3-thread-17] tourGuide.service.RewardsService         : nearAttraction called with Bronx Zoo
2023-01-22T16:10:35.885+01:00  INFO 5507 --- [ool-3-thread-61] tourGuide.service.RewardsService         : getDistance called
2023-01-22T16:10:35.887+01:00  INFO 5507 --- [ool-3-thread-17] tourGuide.service.RewardsService         : getDistance called
2023-01-22T16:10:35.885+01:00  INFO 5507 --- [ool-3-thread-41] tourGuide.service.RewardsService         : getDistance called
2023-01-22T16:10:35.887+01:00  INFO 5507 --- [ool-3-thread-61] tourGuide.service.RewardsService         : getRewardPoints called with Disneyland and internalUser72
2023-01-22T16:10:35.885+01:00  INFO 5507 --- [ool-3-thread-45] tourGuide.service.RewardsService         : getDistance called
2023-01-22T16:10:35.885+01:00  INFO 5507 --- [ool-3-thread-18] tourGuide.service.RewardsService         : getDistance called
2023-01-22T16:10:35.885+01:00  INFO 5507 --- [ool-3-thread-54] tourGuide.service.RewardsService         : nearAttraction called with Joshua Tree National Park
2023-01-22T16:10:35.887+01:00  INFO 5507 --- [ool-3-thread-18] tourGuide.service.RewardsService         : nearAttraction called with Legend Valley
2023-01-22T16:10:35.887+01:00  INFO 5507 --- [ool-3-thread-54] tourGuide.service.RewardsService         : getDistance called
2023-01-22T16:10:35.887+01:00  INFO 5507 --- [ool-3-thread-18] tourGuide.service.RewardsService         : getDistance called
2023-01-22T16:10:35.885+01:00  INFO 5507 --- [ool-3-thread-29] tourGuide.service.RewardsService         : nearAttraction called with Hot Springs National Park
2023-01-22T16:10:35.887+01:00  INFO 5507 --- [ool-3-thread-18] tourGuide.service.RewardsService         : nearAttraction called with McKinley Tower
2023-01-22T16:10:35.885+01:00  INFO 5507 --- [ool-3-thread-65] tourGuide.service.RewardsService         : getDistance called
2023-01-22T16:10:35.887+01:00  INFO 5507 --- [ool-3-thread-18] tourGuide.service.RewardsService         : getDistance called
2023-01-22T16:10:35.885+01:00  INFO 5507 --- [ool-3-thread-69] tourGuide.service.RewardsService         : nearAttraction called with Kartchner Caverns State Park
2023-01-22T16:10:35.887+01:00  INFO 5507 --- [ool-3-thread-18] tourGuide.service.RewardsService         : nearAttraction called with Fallingwater
2023-01-22T16:10:35.887+01:00  INFO 5507 --- [ool-3-thread-69] tourGuide.service.RewardsService         : getDistance called
2023-01-22T16:10:35.887+01:00  INFO 5507 --- [ool-3-thread-18] tourGuide.service.RewardsService         : getDistance called
2023-01-22T16:10:35.885+01:00  INFO 5507 --- [ool-3-thread-15] tourGuide.service.RewardsService         : getDistance called
2023-01-22T16:10:35.887+01:00  INFO 5507 --- [ool-3-thread-69] tourGuide.service.RewardsService         : nearAttraction called with Union Station
2023-01-22T16:10:35.885+01:00  INFO 5507 --- [ool-3-thread-55] tourGuide.service.RewardsService         : getDistance called
2023-01-22T16:10:35.887+01:00  INFO 5507 --- [ool-3-thread-15] tourGuide.service.RewardsService         : nearAttraction called with Texas Memorial Stadium
2023-01-22T16:10:35.885+01:00  INFO 5507 --- [ool-3-thread-25] tourGuide.service.RewardsService         : getDistance called
2023-01-22T16:10:35.887+01:00  INFO 5507 --- [ool-3-thread-15] tourGuide.service.RewardsService         : getDistance called
2023-01-22T16:10:35.887+01:00  INFO 5507 --- [ool-3-thread-55] tourGuide.service.RewardsService         : nearAttraction called with Bryant-Denny Stadium
2023-01-22T16:10:35.885+01:00  INFO 5507 --- [ool-3-thread-43] tourGuide.service.RewardsService         : getDistance called
2023-01-22T16:10:35.885+01:00  INFO 5507 --- [ool-3-thread-40] tourGuide.service.RewardsService         : nearAttraction called with Flowers Bakery of London
2023-01-22T16:10:35.885+01:00  INFO 5507 --- [ool-3-thread-23] tourGuide.service.RewardsService         : nearAttraction called with Fallingwater
2023-01-22T16:10:35.885+01:00  INFO 5507 --- [ool-3-thread-20] tourGuide.service.RewardsService         : getDistance called
2023-01-22T16:10:35.888+01:00  INFO 5507 --- [ool-3-thread-23] tourGuide.service.RewardsService         : getDistance called
2023-01-22T16:10:35.885+01:00  INFO 5507 --- [ool-3-thread-37] tourGuide.service.RewardsService         : getDistance called
2023-01-22T16:10:35.888+01:00  INFO 5507 --- [ool-3-thread-20] tourGuide.service.RewardsService         : nearAttraction called with San Diego Zoo
2023-01-22T16:10:35.888+01:00  INFO 5507 --- [ool-3-thread-23] tourGuide.service.RewardsService         : nearAttraction called with Zoo Tampa at Lowry Park
2023-01-22T16:10:35.885+01:00  INFO 5507 --- [ool-3-thread-66] tourGuide.service.RewardsService         : getDistance called
2023-01-22T16:10:35.885+01:00  INFO 5507 --- [ool-3-thread-39] tourGuide.service.RewardsService         : nearAttraction called with Tiger Stadium
2023-01-22T16:10:35.885+01:00  INFO 5507 --- [pool-3-thread-4] tourGuide.service.RewardsService         : nearAttraction called with Neyland Stadium
2023-01-22T16:10:35.885+01:00  INFO 5507 --- [ool-3-thread-68] tourGuide.service.RewardsService         : getDistance called
2023-01-22T16:10:35.885+01:00  INFO 5507 --- [pool-3-thread-3] tourGuide.service.RewardsService         : getDistance called
2023-01-22T16:10:35.885+01:00  INFO 5507 --- [pool-3-thread-7] tourGuide.service.RewardsService         : nearAttraction called with San Diego Zoo
2023-01-22T16:10:35.888+01:00  INFO 5507 --- [pool-3-thread-3] tourGuide.service.RewardsService         : nearAttraction called with Bronx Zoo
2023-01-22T16:10:35.888+01:00  INFO 5507 --- [pool-3-thread-7] tourGuide.service.RewardsService         : getDistance called
2023-01-22T16:10:35.886+01:00  INFO 5507 --- [ool-3-thread-14] tourGuide.service.RewardsService         : getDistance called
2023-01-22T16:10:35.888+01:00  INFO 5507 --- [pool-3-thread-7] tourGuide.service.RewardsService         : nearAttraction called with Cinderella Castle
2023-01-22T16:10:35.886+01:00  INFO 5507 --- [ool-3-thread-56] tourGuide.service.RewardsService         : getDistance called
2023-01-22T16:10:35.886+01:00  INFO 5507 --- [ool-3-thread-21] tourGuide.service.RewardsService         : getDistance called
2023-01-22T16:10:35.886+01:00  INFO 5507 --- [ool-3-thread-11] tourGuide.service.RewardsService         : nearAttraction called with Bronx Zoo
2023-01-22T16:10:35.888+01:00  INFO 5507 --- [ool-3-thread-21] tourGuide.service.RewardsService         : nearAttraction called with Mojave National Preserve
2023-01-22T16:10:35.888+01:00  INFO 5507 --- [ool-3-thread-11] tourGuide.service.RewardsService         : getDistance called
2023-01-22T16:10:35.888+01:00  INFO 5507 --- [ool-3-thread-21] tourGuide.service.RewardsService         : getDistance called
2023-01-22T16:10:35.886+01:00  INFO 5507 --- [ool-3-thread-24] tourGuide.service.RewardsService         : nearAttraction called with Disneyland
2023-01-22T16:10:35.886+01:00  INFO 5507 --- [ool-3-thread-26] tourGuide.service.RewardsService         : getDistance called
2023-01-22T16:10:35.888+01:00  INFO 5507 --- [ool-3-thread-24] tourGuide.service.RewardsService         : getDistance called
2023-01-22T16:10:35.886+01:00  INFO 5507 --- [ool-3-thread-44] tourGuide.service.RewardsService         : getDistance called
2023-01-22T16:10:35.888+01:00  INFO 5507 --- [ool-3-thread-24] tourGuide.service.RewardsService         : getRewardPoints called with Disneyland and internalUser71
2023-01-22T16:10:35.888+01:00  INFO 5507 --- [ool-3-thread-44] tourGuide.service.RewardsService         : nearAttraction called with Kartchner Caverns State Park
2023-01-22T16:10:35.886+01:00  INFO 5507 --- [ool-3-thread-22] tourGuide.service.RewardsService         : getDistance called
2023-01-22T16:10:35.886+01:00  INFO 5507 --- [ool-3-thread-42] tourGuide.service.RewardsService         : nearAttraction called with Buffalo National River
2023-01-22T16:10:35.886+01:00  INFO 5507 --- [ool-3-thread-70] tourGuide.service.RewardsService         : getDistance called
2023-01-22T16:10:35.886+01:00  INFO 5507 --- [ool-3-thread-49] tourGuide.service.RewardsService         : nearAttraction called with Hot Springs National Park
2023-01-22T16:10:35.888+01:00  INFO 5507 --- [ool-3-thread-70] tourGuide.service.RewardsService         : nearAttraction called with Flowers Bakery of London
2023-01-22T16:10:35.888+01:00  INFO 5507 --- [ool-3-thread-49] tourGuide.service.RewardsService         : getDistance called
2023-01-22T16:10:35.888+01:00  INFO 5507 --- [ool-3-thread-70] tourGuide.service.RewardsService         : getDistance called
2023-01-22T16:10:35.886+01:00  INFO 5507 --- [pool-3-thread-6] tourGuide.service.RewardsService         : getDistance called
2023-01-22T16:10:35.888+01:00  INFO 5507 --- [ool-3-thread-49] tourGuide.service.RewardsService         : nearAttraction called with McKinley Tower
2023-01-22T16:10:35.886+01:00  INFO 5507 --- [ool-3-thread-28] tourGuide.service.RewardsService         : getDistance called
2023-01-22T16:10:35.888+01:00  INFO 5507 --- [ool-3-thread-49] tourGuide.service.RewardsService         : getDistance called
2023-01-22T16:10:35.886+01:00  INFO 5507 --- [ool-3-thread-47] tourGuide.service.RewardsService         : nearAttraction called with Flowers Bakery of London
2023-01-22T16:10:35.888+01:00  INFO 5507 --- [ool-3-thread-28] tourGuide.service.RewardsService         : nearAttraction called with Union Station
2023-01-22T16:10:35.888+01:00  INFO 5507 --- [ool-3-thread-49] tourGuide.service.RewardsService         : nearAttraction called with Roger Dean Stadium
2023-01-22T16:10:35.888+01:00  INFO 5507 --- [ool-3-thread-47] tourGuide.service.RewardsService         : getDistance called
2023-01-22T16:10:35.888+01:00  INFO 5507 --- [ool-3-thread-49] tourGuide.service.RewardsService         : getDistance called
2023-01-22T16:10:35.886+01:00  INFO 5507 --- [ool-3-thread-13] tourGuide.service.RewardsService         : nearAttraction called with McKinley Tower
2023-01-22T16:10:35.888+01:00  INFO 5507 --- [ool-3-thread-49] tourGuide.service.RewardsService         : nearAttraction called with Bryant-Denny Stadium
2023-01-22T16:10:35.888+01:00  INFO 5507 --- [ool-3-thread-13] tourGuide.service.RewardsService         : getDistance called
2023-01-22T16:10:35.886+01:00  INFO 5507 --- [pool-3-thread-9] tourGuide.service.RewardsService         : getDistance called
2023-01-22T16:10:35.888+01:00  INFO 5507 --- [ool-3-thread-13] tourGuide.service.RewardsService         : nearAttraction called with Tiger Stadium
2023-01-22T16:10:35.886+01:00  INFO 5507 --- [ool-3-thread-51] tourGuide.service.RewardsService         : nearAttraction called with Flatiron Building
2023-01-22T16:10:35.886+01:00  INFO 5507 --- [ool-3-thread-35] tourGuide.service.RewardsService         : nearAttraction called with Fallingwater
2023-01-22T16:10:35.889+01:00  INFO 5507 --- [ool-3-thread-13] tourGuide.service.RewardsService         : getDistance called
2023-01-22T16:10:35.889+01:00  INFO 5507 --- [ool-3-thread-35] tourGuide.service.RewardsService         : getDistance called
2023-01-22T16:10:35.889+01:00  INFO 5507 --- [ool-3-thread-13] tourGuide.service.RewardsService         : nearAttraction called with Kyle Field
2023-01-22T16:10:35.889+01:00  INFO 5507 --- [ool-3-thread-13] tourGuide.service.RewardsService         : getDistance called
2023-01-22T16:10:35.889+01:00  INFO 5507 --- [ool-3-thread-35] tourGuide.service.RewardsService         : nearAttraction called with San Diego Zoo
2023-01-22T16:10:35.889+01:00  INFO 5507 --- [ool-3-thread-35] tourGuide.service.RewardsService         : getDistance called
2023-01-22T16:10:35.889+01:00  INFO 5507 --- [ool-3-thread-35] tourGuide.service.RewardsService         : nearAttraction called with Franklin Park Zoo
2023-01-22T16:10:35.889+01:00  INFO 5507 --- [ool-3-thread-35] tourGuide.service.RewardsService         : getDistance called
2023-01-22T16:10:35.889+01:00  INFO 5507 --- [ool-3-thread-35] tourGuide.service.RewardsService         : nearAttraction called with El Paso Zoo
2023-01-22T16:10:35.889+01:00  INFO 5507 --- [ool-3-thread-35] tourGuide.service.RewardsService         : getDistance called
2023-01-22T16:10:35.886+01:00  INFO 5507 --- [ool-3-thread-48] tourGuide.service.RewardsService         : getDistance called
2023-01-22T16:10:35.889+01:00  INFO 5507 --- [ool-3-thread-35] tourGuide.service.RewardsService         : nearAttraction called with Kansas City Zoo
2023-01-22T16:10:35.886+01:00  INFO 5507 --- [ool-3-thread-27] tourGuide.service.RewardsService         : getDistance called
2023-01-22T16:10:35.886+01:00  INFO 5507 --- [ool-3-thread-16] tourGuide.service.RewardsService         : getDistance called
2023-01-22T16:10:35.889+01:00  INFO 5507 --- [ool-3-thread-27] tourGuide.service.RewardsService         : nearAttraction called with Cinderella Castle
2023-01-22T16:10:35.886+01:00  INFO 5507 --- [ool-3-thread-63] tourGuide.service.RewardsService         : nearAttraction called with Bryant-Denny Stadium
2023-01-22T16:10:35.886+01:00  INFO 5507 --- [ool-3-thread-33] tourGuide.service.RewardsService         : getDistance called
2023-01-22T16:10:35.887+01:00  INFO 5507 --- [ool-3-thread-59] tourGuide.service.RewardsService         : nearAttraction called with Neyland Stadium
2023-01-22T16:10:35.887+01:00  INFO 5507 --- [ool-3-thread-12] tourGuide.service.RewardsService         : getDistance called
2023-01-22T16:10:35.887+01:00  INFO 5507 --- [pool-3-thread-5] tourGuide.service.RewardsService         : getDistance called
2023-01-22T16:10:35.887+01:00  INFO 5507 --- [ool-3-thread-64] tourGuide.service.RewardsService         : nearAttraction called with Kyle Field
2023-01-22T16:10:35.889+01:00  INFO 5507 --- [pool-3-thread-5] tourGuide.service.RewardsService         : nearAttraction called with Joshua Tree National Park
2023-01-22T16:10:35.889+01:00  INFO 5507 --- [ool-3-thread-64] tourGuide.service.RewardsService         : getDistance called
2023-01-22T16:10:35.889+01:00  INFO 5507 --- [pool-3-thread-5] tourGuide.service.RewardsService         : getDistance called
2023-01-22T16:10:35.887+01:00  INFO 5507 --- [ool-3-thread-67] tourGuide.service.RewardsService         : getDistance called
2023-01-22T16:10:35.889+01:00  INFO 5507 --- [pool-3-thread-5] tourGuide.service.RewardsService         : nearAttraction called with Hot Springs National Park
2023-01-22T16:10:35.887+01:00  INFO 5507 --- [ool-3-thread-60] tourGuide.service.RewardsService         : nearAttraction called with San Diego Zoo
2023-01-22T16:10:35.887+01:00  INFO 5507 --- [ool-3-thread-34] tourGuide.service.RewardsService         : nearAttraction called with Zoo Tampa at Lowry Park
2023-01-22T16:10:35.889+01:00  INFO 5507 --- [ool-3-thread-60] tourGuide.service.RewardsService         : getDistance called
2023-01-22T16:10:35.887+01:00  INFO 5507 --- [ool-3-thread-52] tourGuide.service.RewardsService         : getDistance called
2023-01-22T16:10:35.887+01:00  INFO 5507 --- [ool-3-thread-62] tourGuide.service.RewardsService         : nearAttraction called with El Paso Zoo
2023-01-22T16:10:35.887+01:00  INFO 5507 --- [ool-3-thread-30] tourGuide.service.RewardsService         : nearAttraction called with Bronx Zoo
2023-01-22T16:10:35.887+01:00  INFO 5507 --- [ool-3-thread-58] tourGuide.service.RewardsService         : getDistance called
2023-01-22T16:10:35.887+01:00  INFO 5507 --- [ool-3-thread-32] tourGuide.service.RewardsService         : nearAttraction called with Jackson Hole
2023-01-22T16:10:35.887+01:00  INFO 5507 --- [ool-3-thread-31] tourGuide.service.RewardsService         : getDistance called
2023-01-22T16:10:35.887+01:00  INFO 5507 --- [pool-3-thread-2] tourGuide.service.RewardsService         : nearAttraction called with Mojave National Preserve
2023-01-22T16:10:35.887+01:00  INFO 5507 --- [ool-3-thread-57] tourGuide.service.RewardsService         : nearAttraction called with Joshua Tree National Park
2023-01-22T16:10:35.887+01:00  INFO 5507 --- [ool-3-thread-17] tourGuide.service.RewardsService         : nearAttraction called with Buffalo National River
2023-01-22T16:10:35.887+01:00  INFO 5507 --- [ool-3-thread-41] tourGuide.service.RewardsService         : nearAttraction called with Hot Springs National Park
2023-01-22T16:10:35.887+01:00  INFO 5507 --- [ool-3-thread-45] tourGuide.service.RewardsService         : nearAttraction called with Kartchner Caverns State Park
2023-01-22T16:10:35.890+01:00  INFO 5507 --- [ool-3-thread-41] tourGuide.service.RewardsService         : getDistance called
2023-01-22T16:10:35.890+01:00  INFO 5507 --- [ool-3-thread-45] tourGuide.service.RewardsService         : getDistance called
2023-01-22T16:10:35.887+01:00  INFO 5507 --- [ool-3-thread-54] tourGuide.service.RewardsService         : nearAttraction called with Flowers Bakery of London
2023-01-22T16:10:35.887+01:00  INFO 5507 --- [ool-3-thread-29] tourGuide.service.RewardsService         : getDistance called
2023-01-22T16:10:35.890+01:00  INFO 5507 --- [ool-3-thread-54] tourGuide.service.RewardsService         : getDistance called
2023-01-22T16:10:35.887+01:00  INFO 5507 --- [ool-3-thread-65] tourGuide.service.RewardsService         : nearAttraction called with Flatiron Building
2023-01-22T16:10:35.890+01:00  INFO 5507 --- [ool-3-thread-29] tourGuide.service.RewardsService         : nearAttraction called with Roger Dean Stadium
2023-01-22T16:10:35.890+01:00  INFO 5507 --- [ool-3-thread-65] tourGuide.service.RewardsService         : getDistance called
2023-01-22T16:10:35.887+01:00  INFO 5507 --- [ool-3-thread-18] tourGuide.service.RewardsService         : nearAttraction called with Roger Dean Stadium
2023-01-22T16:10:35.887+01:00  INFO 5507 --- [ool-3-thread-69] tourGuide.service.RewardsService         : getDistance called
2023-01-22T16:10:35.888+01:00  INFO 5507 --- [ool-3-thread-25] tourGuide.service.RewardsService         : nearAttraction called with Tiger Stadium
2023-01-22T16:10:35.888+01:00  INFO 5507 --- [ool-3-thread-15] tourGuide.service.RewardsService         : nearAttraction called with Neyland Stadium
2023-01-22T16:10:35.888+01:00  INFO 5507 --- [ool-3-thread-55] tourGuide.service.RewardsService         : getDistance called
2023-01-22T16:10:35.890+01:00  INFO 5507 --- [ool-3-thread-55] tourGuide.service.RewardsService         : nearAttraction called with Neyland Stadium
2023-01-22T16:10:35.888+01:00  INFO 5507 --- [ool-3-thread-43] tourGuide.service.RewardsService         : nearAttraction called with Kyle Field
2023-01-22T16:10:35.888+01:00  INFO 5507 --- [ool-3-thread-40] tourGuide.service.RewardsService         : getDistance called
2023-01-22T16:10:35.888+01:00  INFO 5507 --- [ool-3-thread-37] tourGuide.service.RewardsService         : nearAttraction called with Franklin Park Zoo
2023-01-22T16:10:35.888+01:00  INFO 5507 --- [ool-3-thread-20] tourGuide.service.RewardsService         : getDistance called
2023-01-22T16:10:35.888+01:00  INFO 5507 --- [ool-3-thread-23] tourGuide.service.RewardsService         : getDistance called
2023-01-22T16:10:35.890+01:00  INFO 5507 --- [ool-3-thread-20] tourGuide.service.RewardsService         : nearAttraction called with San Diego Zoo
2023-01-22T16:10:35.890+01:00  INFO 5507 --- [ool-3-thread-23] tourGuide.service.RewardsService         : nearAttraction called with Zoo Tampa at Lowry Park
2023-01-22T16:10:35.890+01:00  INFO 5507 --- [ool-3-thread-20] tourGuide.service.RewardsService         : getDistance called
2023-01-22T16:10:35.890+01:00  INFO 5507 --- [ool-3-thread-23] tourGuide.service.RewardsService         : getDistance called
2023-01-22T16:10:35.888+01:00  INFO 5507 --- [ool-3-thread-66] tourGuide.service.RewardsService         : nearAttraction called with El Paso Zoo
2023-01-22T16:10:35.888+01:00  INFO 5507 --- [ool-3-thread-39] tourGuide.service.RewardsService         : getDistance called
2023-01-22T16:10:35.888+01:00  INFO 5507 --- [pool-3-thread-4] tourGuide.service.RewardsService         : getDistance called
2023-01-22T16:10:35.888+01:00  INFO 5507 --- [ool-3-thread-68] tourGuide.service.RewardsService         : nearAttraction called with Kansas City Zoo
2023-01-22T16:10:35.888+01:00  INFO 5507 --- [pool-3-thread-3] tourGuide.service.RewardsService         : getDistance called
2023-01-22T16:10:35.888+01:00  INFO 5507 --- [ool-3-thread-14] tourGuide.service.RewardsService         : nearAttraction called with Disneyland
2023-01-22T16:10:35.890+01:00  INFO 5507 --- [pool-3-thread-3] tourGuide.service.RewardsService         : nearAttraction called with Cinderella Castle
2023-01-22T16:10:35.890+01:00  INFO 5507 --- [ool-3-thread-14] tourGuide.service.RewardsService         : getDistance called
2023-01-22T16:10:35.890+01:00  INFO 5507 --- [pool-3-thread-3] tourGuide.service.RewardsService         : getDistance called
2023-01-22T16:10:35.888+01:00  INFO 5507 --- [pool-3-thread-7] tourGuide.service.RewardsService         : getDistance called
2023-01-22T16:10:35.890+01:00  INFO 5507 --- [pool-3-thread-3] tourGuide.service.RewardsService         : nearAttraction called with Disneyland
2023-01-22T16:10:35.888+01:00  INFO 5507 --- [ool-3-thread-56] tourGuide.service.RewardsService         : nearAttraction called with Jackson Hole
2023-01-22T16:10:35.888+01:00  INFO 5507 --- [ool-3-thread-11] tourGuide.service.RewardsService         : nearAttraction called with Joshua Tree National Park
2023-01-22T16:10:35.890+01:00  INFO 5507 --- [ool-3-thread-56] tourGuide.service.RewardsService         : getDistance called
2023-01-22T16:10:35.888+01:00  INFO 5507 --- [ool-3-thread-21] tourGuide.service.RewardsService         : nearAttraction called with Buffalo National River
2023-01-22T16:10:35.891+01:00  INFO 5507 --- [ool-3-thread-11] tourGuide.service.RewardsService         : getDistance called
2023-01-22T16:10:35.891+01:00  INFO 5507 --- [ool-3-thread-56] tourGuide.service.RewardsService         : nearAttraction called with Mojave National Preserve
2023-01-22T16:10:35.888+01:00  INFO 5507 --- [ool-3-thread-26] tourGuide.service.RewardsService         : nearAttraction called with Hot Springs National Park
2023-01-22T16:10:35.888+01:00  INFO 5507 --- [ool-3-thread-44] tourGuide.service.RewardsService         : getDistance called
2023-01-22T16:10:35.888+01:00  INFO 5507 --- [ool-3-thread-42] tourGuide.service.RewardsService         : getDistance called
2023-01-22T16:10:35.891+01:00  INFO 5507 --- [ool-3-thread-44] tourGuide.service.RewardsService         : nearAttraction called with Buffalo National River
2023-01-22T16:10:35.888+01:00  INFO 5507 --- [ool-3-thread-22] tourGuide.service.RewardsService         : nearAttraction called with Legend Valley
2023-01-22T16:10:35.891+01:00  INFO 5507 --- [ool-3-thread-42] tourGuide.service.RewardsService         : nearAttraction called with Hot Springs National Park
2023-01-22T16:10:35.891+01:00  INFO 5507 --- [ool-3-thread-22] tourGuide.service.RewardsService         : getDistance called
2023-01-22T16:10:35.888+01:00  INFO 5507 --- [pool-3-thread-6] tourGuide.service.RewardsService         : nearAttraction called with Fallingwater
2023-01-22T16:10:35.891+01:00  INFO 5507 --- [pool-3-thread-6] tourGuide.service.RewardsService         : getDistance called
2023-01-22T16:10:35.888+01:00  INFO 5507 --- [ool-3-thread-70] tourGuide.service.RewardsService         : nearAttraction called with Flatiron Building
2023-01-22T16:10:35.888+01:00  INFO 5507 --- [ool-3-thread-28] tourGuide.service.RewardsService         : getDistance called
2023-01-22T16:10:35.891+01:00  INFO 5507 --- [ool-3-thread-70] tourGuide.service.RewardsService         : getDistance called
2023-01-22T16:10:35.888+01:00  INFO 5507 --- [ool-3-thread-47] tourGuide.service.RewardsService         : nearAttraction called with Texas Memorial Stadium
2023-01-22T16:10:35.891+01:00  INFO 5507 --- [ool-3-thread-28] tourGuide.service.RewardsService         : nearAttraction called with Flowers Bakery of London
2023-01-22T16:10:35.891+01:00  INFO 5507 --- [ool-3-thread-70] tourGuide.service.RewardsService         : nearAttraction called with McKinley Tower
2023-01-22T16:10:35.888+01:00  INFO 5507 --- [ool-3-thread-49] tourGuide.service.RewardsService         : getDistance called
2023-01-22T16:10:35.889+01:00  INFO 5507 --- [pool-3-thread-9] tourGuide.service.RewardsService         : nearAttraction called with Neyland Stadium
2023-01-22T16:10:35.889+01:00  INFO 5507 --- [ool-3-thread-51] tourGuide.service.RewardsService         : getDistance called
2023-01-22T16:10:35.891+01:00  INFO 5507 --- [ool-3-thread-49] tourGuide.service.RewardsService         : nearAttraction called with Flatiron Building
2023-01-22T16:10:35.891+01:00  INFO 5507 --- [ool-3-thread-51] tourGuide.service.RewardsService         : nearAttraction called with Fallingwater
2023-01-22T16:10:35.891+01:00  INFO 5507 --- [ool-3-thread-51] tourGuide.service.RewardsService         : getDistance called
2023-01-22T16:10:35.889+01:00  INFO 5507 --- [ool-3-thread-13] tourGuide.service.RewardsService         : nearAttraction called with Zoo Tampa at Lowry Park
2023-01-22T16:10:35.889+01:00  INFO 5507 --- [ool-3-thread-35] tourGuide.service.RewardsService         : getDistance called
2023-01-22T16:10:35.891+01:00  INFO 5507 --- [ool-3-thread-13] tourGuide.service.RewardsService         : getDistance called
2023-01-22T16:10:35.889+01:00  INFO 5507 --- [ool-3-thread-48] tourGuide.service.RewardsService         : nearAttraction called with Bronx Zoo
2023-01-22T16:10:35.891+01:00  INFO 5507 --- [ool-3-thread-13] tourGuide.service.RewardsService         : nearAttraction called with Texas Memorial Stadium
2023-01-22T16:10:35.889+01:00  INFO 5507 --- [ool-3-thread-16] tourGuide.service.RewardsService         : nearAttraction called with Disneyland
2023-01-22T16:10:35.891+01:00  INFO 5507 --- [ool-3-thread-13] tourGuide.service.RewardsService         : getDistance called
2023-01-22T16:10:35.889+01:00  INFO 5507 --- [ool-3-thread-27] tourGuide.service.RewardsService         : getDistance called
2023-01-22T16:10:35.891+01:00  INFO 5507 --- [ool-3-thread-16] tourGuide.service.RewardsService         : getDistance called
2023-01-22T16:10:35.889+01:00  INFO 5507 --- [ool-3-thread-63] tourGuide.service.RewardsService         : getDistance called
2023-01-22T16:10:35.891+01:00  INFO 5507 --- [ool-3-thread-16] tourGuide.service.RewardsService         : getRewardPoints called with Disneyland and internalUser88
2023-01-22T16:10:35.891+01:00  INFO 5507 --- [ool-3-thread-63] tourGuide.service.RewardsService         : nearAttraction called with Neyland Stadium
2023-01-22T16:10:35.889+01:00  INFO 5507 --- [ool-3-thread-33] tourGuide.service.RewardsService         : nearAttraction called with Jackson Hole
2023-01-22T16:10:35.889+01:00  INFO 5507 --- [ool-3-thread-59] tourGuide.service.RewardsService         : getDistance called
2023-01-22T16:10:35.889+01:00  INFO 5507 --- [ool-3-thread-12] tourGuide.service.RewardsService         : nearAttraction called with Mojave National Preserve
2023-01-22T16:10:35.889+01:00  INFO 5507 --- [ool-3-thread-64] tourGuide.service.RewardsService         : nearAttraction called with Buffalo National River
2023-01-22T16:10:35.889+01:00  INFO 5507 --- [ool-3-thread-67] tourGuide.service.RewardsService         : nearAttraction called with Kartchner Caverns State Park
2023-01-22T16:10:35.891+01:00  INFO 5507 --- [ool-3-thread-64] tourGuide.service.RewardsService         : getDistance called
2023-01-22T16:10:35.891+01:00  INFO 5507 --- [ool-3-thread-67] tourGuide.service.RewardsService         : getDistance called
2023-01-22T16:10:35.891+01:00  INFO 5507 --- [ool-3-thread-64] tourGuide.service.RewardsService         : nearAttraction called with San Diego Zoo
2023-01-22T16:10:35.889+01:00  INFO 5507 --- [pool-3-thread-5] tourGuide.service.RewardsService         : getDistance called
2023-01-22T16:10:35.889+01:00  INFO 5507 --- [ool-3-thread-34] tourGuide.service.RewardsService         : getDistance called
2023-01-22T16:10:35.889+01:00  INFO 5507 --- [ool-3-thread-60] tourGuide.service.RewardsService         : nearAttraction called with Legend Valley
2023-01-22T16:10:35.891+01:00  INFO 5507 --- [ool-3-thread-34] tourGuide.service.RewardsService         : nearAttraction called with El Paso Zoo
2023-01-22T16:10:35.889+01:00  INFO 5507 --- [ool-3-thread-62] tourGuide.service.RewardsService         : getDistance called
2023-01-22T16:10:35.892+01:00  INFO 5507 --- [ool-3-thread-60] tourGuide.service.RewardsService         : getDistance called
2023-01-22T16:10:35.892+01:00  INFO 5507 --- [ool-3-thread-34] tourGuide.service.RewardsService         : getDistance called
2023-01-22T16:10:35.892+01:00  INFO 5507 --- [ool-3-thread-62] tourGuide.service.RewardsService         : nearAttraction called with Kansas City Zoo
2023-01-22T16:10:35.892+01:00  INFO 5507 --- [ool-3-thread-60] tourGuide.service.RewardsService         : nearAttraction called with Bronx Zoo
2023-01-22T16:10:35.892+01:00  INFO 5507 --- [ool-3-thread-62] tourGuide.service.RewardsService         : getDistance called
2023-01-22T16:10:35.892+01:00  INFO 5507 --- [ool-3-thread-60] tourGuide.service.RewardsService         : getDistance called
2023-01-22T16:10:35.889+01:00  INFO 5507 --- [ool-3-thread-52] tourGuide.service.RewardsService         : nearAttraction called with Flowers Bakery of London
2023-01-22T16:10:35.892+01:00  INFO 5507 --- [ool-3-thread-60] tourGuide.service.RewardsService         : nearAttraction called with Jackson Hole
2023-01-22T16:10:35.889+01:00  INFO 5507 --- [ool-3-thread-30] tourGuide.service.RewardsService         : getDistance called
2023-01-22T16:10:35.889+01:00  INFO 5507 --- [ool-3-thread-58] tourGuide.service.RewardsService         : nearAttraction called with McKinley Tower
2023-01-22T16:10:35.892+01:00  INFO 5507 --- [ool-3-thread-30] tourGuide.service.RewardsService         : nearAttraction called with Mojave National Preserve
2023-01-22T16:10:35.889+01:00  INFO 5507 --- [ool-3-thread-32] tourGuide.service.RewardsService         : getDistance called
2023-01-22T16:10:35.889+01:00  INFO 5507 --- [ool-3-thread-31] tourGuide.service.RewardsService         : nearAttraction called with Flatiron Building
2023-01-22T16:10:35.892+01:00  INFO 5507 --- [ool-3-thread-32] tourGuide.service.RewardsService         : nearAttraction called with Joshua Tree National Park
2023-01-22T16:10:35.892+01:00  INFO 5507 --- [ool-3-thread-31] tourGuide.service.RewardsService         : getDistance called
2023-01-22T16:10:35.892+01:00  INFO 5507 --- [ool-3-thread-32] tourGuide.service.RewardsService         : getDistance called
2023-01-22T16:10:35.889+01:00  INFO 5507 --- [pool-3-thread-2] tourGuide.service.RewardsService         : getDistance called
2023-01-22T16:10:35.892+01:00  INFO 5507 --- [ool-3-thread-32] tourGuide.service.RewardsService         : nearAttraction called with Hot Springs National Park
2023-01-22T16:10:35.889+01:00  INFO 5507 --- [ool-3-thread-57] tourGuide.service.RewardsService         : getDistance called
2023-01-22T16:10:35.892+01:00  INFO 5507 --- [ool-3-thread-32] tourGuide.service.RewardsService         : getDistance called
2023-01-22T16:10:35.892+01:00  INFO 5507 --- [ool-3-thread-57] tourGuide.service.RewardsService         : nearAttraction called with Legend Valley
2023-01-22T16:10:35.892+01:00  INFO 5507 --- [ool-3-thread-32] tourGuide.service.RewardsService         : nearAttraction called with Flowers Bakery of London
2023-01-22T16:10:35.892+01:00  INFO 5507 --- [ool-3-thread-57] tourGuide.service.RewardsService         : getDistance called
2023-01-22T16:10:35.890+01:00  INFO 5507 --- [ool-3-thread-17] tourGuide.service.RewardsService         : getDistance called
2023-01-22T16:10:35.890+01:00  INFO 5507 --- [ool-3-thread-41] tourGuide.service.RewardsService         : nearAttraction called with Fallingwater
2023-01-22T16:10:35.892+01:00  INFO 5507 --- [ool-3-thread-41] tourGuide.service.RewardsService         : getDistance called
2023-01-22T16:10:35.890+01:00  INFO 5507 --- [ool-3-thread-45] tourGuide.service.RewardsService         : nearAttraction called with Union Station
2023-01-22T16:10:35.892+01:00  INFO 5507 --- [ool-3-thread-57] tourGuide.service.RewardsService         : nearAttraction called with McKinley Tower
2023-01-22T16:10:35.892+01:00  INFO 5507 --- [ool-3-thread-45] tourGuide.service.RewardsService         : getDistance called
2023-01-22T16:10:35.890+01:00  INFO 5507 --- [ool-3-thread-54] tourGuide.service.RewardsService         : nearAttraction called with Texas Memorial Stadium
2023-01-22T16:10:35.892+01:00  INFO 5507 --- [ool-3-thread-57] tourGuide.service.RewardsService         : getDistance called
2023-01-22T16:10:35.892+01:00  INFO 5507 --- [ool-3-thread-54] tourGuide.service.RewardsService         : getDistance called
2023-01-22T16:10:35.890+01:00  INFO 5507 --- [ool-3-thread-29] tourGuide.service.RewardsService         : getDistance called
2023-01-22T16:10:35.892+01:00  INFO 5507 --- [ool-3-thread-54] tourGuide.service.RewardsService         : nearAttraction called with Texas Memorial Stadium
2023-01-22T16:10:35.890+01:00  INFO 5507 --- [ool-3-thread-65] tourGuide.service.RewardsService         : nearAttraction called with Bryant-Denny Stadium
2023-01-22T16:10:35.890+01:00  INFO 5507 --- [ool-3-thread-18] tourGuide.service.RewardsService         : getDistance called
2023-01-22T16:10:35.890+01:00  INFO 5507 --- [ool-3-thread-69] tourGuide.service.RewardsService         : nearAttraction called with Tiger Stadium
2023-01-22T16:10:35.890+01:00  INFO 5507 --- [ool-3-thread-25] tourGuide.service.RewardsService         : getDistance called
2023-01-22T16:10:35.892+01:00  INFO 5507 --- [ool-3-thread-69] tourGuide.service.RewardsService         : getDistance called
2023-01-22T16:10:35.890+01:00  INFO 5507 --- [ool-3-thread-15] tourGuide.service.RewardsService         : getDistance called
2023-01-22T16:10:35.892+01:00  INFO 5507 --- [ool-3-thread-25] tourGuide.service.RewardsService         : nearAttraction called with Neyland Stadium
2023-01-22T16:10:35.890+01:00  INFO 5507 --- [ool-3-thread-55] tourGuide.service.RewardsService         : getDistance called
2023-01-22T16:10:35.892+01:00  INFO 5507 --- [ool-3-thread-15] tourGuide.service.RewardsService         : nearAttraction called with San Diego Zoo
2023-01-22T16:10:35.890+01:00  INFO 5507 --- [ool-3-thread-43] tourGuide.service.RewardsService         : getDistance called
2023-01-22T16:10:35.890+01:00  INFO 5507 --- [ool-3-thread-40] tourGuide.service.RewardsService         : nearAttraction called with Kyle Field
2023-01-22T16:10:35.890+01:00  INFO 5507 --- [ool-3-thread-37] tourGuide.service.RewardsService         : getDistance called
2023-01-22T16:10:35.890+01:00  INFO 5507 --- [ool-3-thread-20] tourGuide.service.RewardsService         : nearAttraction called with Franklin Park Zoo
2023-01-22T16:10:35.893+01:00  INFO 5507 --- [ool-3-thread-40] tourGuide.service.RewardsService         : getDistance called
2023-01-22T16:10:35.890+01:00  INFO 5507 --- [ool-3-thread-23] tourGuide.service.RewardsService         : nearAttraction called with El Paso Zoo
2023-01-22T16:10:35.890+01:00  INFO 5507 --- [ool-3-thread-66] tourGuide.service.RewardsService         : getDistance called
2023-01-22T16:10:35.893+01:00  INFO 5507 --- [ool-3-thread-43] tourGuide.service.RewardsService         : nearAttraction called with Franklin Park Zoo
2023-01-22T16:10:35.890+01:00  INFO 5507 --- [ool-3-thread-39] tourGuide.service.RewardsService         : nearAttraction called with Kansas City Zoo
2023-01-22T16:10:35.893+01:00  INFO 5507 --- [ool-3-thread-43] tourGuide.service.RewardsService         : getDistance called
2023-01-22T16:10:35.890+01:00  INFO 5507 --- [ool-3-thread-68] tourGuide.service.RewardsService         : getDistance called
2023-01-22T16:10:35.893+01:00  INFO 5507 --- [ool-3-thread-43] tourGuide.service.RewardsService         : nearAttraction called with Cinderella Castle
2023-01-22T16:10:35.893+01:00  INFO 5507 --- [ool-3-thread-68] tourGuide.service.RewardsService         : nearAttraction called with Disneyland
2023-01-22T16:10:35.893+01:00  INFO 5507 --- [ool-3-thread-43] tourGuide.service.RewardsService         : getDistance called
2023-01-22T16:10:35.893+01:00  INFO 5507 --- [ool-3-thread-68] tourGuide.service.RewardsService         : getDistance called
2023-01-22T16:10:35.893+01:00  INFO 5507 --- [ool-3-thread-43] tourGuide.service.RewardsService         : nearAttraction called with Jackson Hole
2023-01-22T16:10:35.890+01:00  INFO 5507 --- [pool-3-thread-4] tourGuide.service.RewardsService         : nearAttraction called with Bronx Zoo
2023-01-22T16:10:35.893+01:00  INFO 5507 --- [ool-3-thread-43] tourGuide.service.RewardsService         : getDistance called
2023-01-22T16:10:35.890+01:00  INFO 5507 --- [ool-3-thread-14] tourGuide.service.RewardsService         : getRewardPoints called with Disneyland and internalUser89
2023-01-22T16:10:35.890+01:00  INFO 5507 --- [pool-3-thread-3] tourGuide.service.RewardsService         : getDistance called
2023-01-22T16:10:35.890+01:00  INFO 5507 --- [pool-3-thread-7] tourGuide.service.RewardsService         : nearAttraction called with Jackson Hole
2023-01-22T16:10:35.893+01:00  INFO 5507 --- [pool-3-thread-3] tourGuide.service.RewardsService         : getRewardPoints called with Disneyland and internalUser85
2023-01-22T16:10:35.891+01:00  INFO 5507 --- [ool-3-thread-21] tourGuide.service.RewardsService         : getDistance called
2023-01-22T16:10:35.891+01:00  INFO 5507 --- [ool-3-thread-11] tourGuide.service.RewardsService         : nearAttraction called with Joshua Tree National Park
2023-01-22T16:10:35.893+01:00  INFO 5507 --- [ool-3-thread-21] tourGuide.service.RewardsService         : nearAttraction called with Joshua Tree National Park
2023-01-22T16:10:35.893+01:00  INFO 5507 --- [ool-3-thread-11] tourGuide.service.RewardsService         : getDistance called
2023-01-22T16:10:35.893+01:00  INFO 5507 --- [ool-3-thread-21] tourGuide.service.RewardsService         : getDistance called
2023-01-22T16:10:35.891+01:00  INFO 5507 --- [ool-3-thread-56] tourGuide.service.RewardsService         : getDistance called
2023-01-22T16:10:35.893+01:00  INFO 5507 --- [ool-3-thread-21] tourGuide.service.RewardsService         : nearAttraction called with Hot Springs National Park
2023-01-22T16:10:35.893+01:00  INFO 5507 --- [ool-3-thread-21] tourGuide.service.RewardsService         : getDistance called
2023-01-22T16:10:35.891+01:00  INFO 5507 --- [ool-3-thread-26] tourGuide.service.RewardsService         : getDistance called
2023-01-22T16:10:35.891+01:00  INFO 5507 --- [ool-3-thread-44] tourGuide.service.RewardsService         : getDistance called
2023-01-22T16:10:35.891+01:00  INFO 5507 --- [ool-3-thread-42] tourGuide.service.RewardsService         : getDistance called
2023-01-22T16:10:35.891+01:00  INFO 5507 --- [ool-3-thread-22] tourGuide.service.RewardsService         : nearAttraction called with Kartchner Caverns State Park
2023-01-22T16:10:35.891+01:00  INFO 5507 --- [pool-3-thread-6] tourGuide.service.RewardsService         : nearAttraction called with Legend Valley
2023-01-22T16:10:35.893+01:00  INFO 5507 --- [ool-3-thread-22] tourGuide.service.RewardsService         : getDistance called
2023-01-22T16:10:35.893+01:00  INFO 5507 --- [pool-3-thread-6] tourGuide.service.RewardsService         : getDistance called
2023-01-22T16:10:35.893+01:00  INFO 5507 --- [ool-3-thread-22] tourGuide.service.RewardsService         : nearAttraction called with Fallingwater
2023-01-22T16:10:35.893+01:00  INFO 5507 --- [pool-3-thread-6] tourGuide.service.RewardsService         : nearAttraction called with Union Station
2023-01-22T16:10:35.891+01:00  INFO 5507 --- [ool-3-thread-47] tourGuide.service.RewardsService         : getDistance called
2023-01-22T16:10:35.891+01:00  INFO 5507 --- [ool-3-thread-70] tourGuide.service.RewardsService         : getDistance called
2023-01-22T16:10:35.893+01:00  INFO 5507 --- [ool-3-thread-47] tourGuide.service.RewardsService         : nearAttraction called with Roger Dean Stadium
2023-01-22T16:10:35.891+01:00  INFO 5507 --- [ool-3-thread-28] tourGuide.service.RewardsService         : getDistance called
2023-01-22T16:10:35.893+01:00  INFO 5507 --- [ool-3-thread-70] tourGuide.service.RewardsService         : nearAttraction called with Texas Memorial Stadium
2023-01-22T16:10:35.893+01:00  INFO 5507 --- [ool-3-thread-47] tourGuide.service.RewardsService         : getDistance called
2023-01-22T16:10:35.891+01:00  INFO 5507 --- [pool-3-thread-9] tourGuide.service.RewardsService         : getDistance called
2023-01-22T16:10:35.891+01:00  INFO 5507 --- [ool-3-thread-49] tourGuide.service.RewardsService         : getDistance called
2023-01-22T16:10:35.891+01:00  INFO 5507 --- [ool-3-thread-51] tourGuide.service.RewardsService         : nearAttraction called with Union Station
2023-01-22T16:10:35.893+01:00  INFO 5507 --- [ool-3-thread-49] tourGuide.service.RewardsService         : nearAttraction called with Kyle Field
2023-01-22T16:10:35.891+01:00  INFO 5507 --- [ool-3-thread-35] tourGuide.service.RewardsService         : nearAttraction called with Roger Dean Stadium
2023-01-22T16:10:35.894+01:00  INFO 5507 --- [ool-3-thread-51] tourGuide.service.RewardsService         : getDistance called
2023-01-22T16:10:35.894+01:00  INFO 5507 --- [ool-3-thread-35] tourGuide.service.RewardsService         : getDistance called
2023-01-22T16:10:35.891+01:00  INFO 5507 --- [ool-3-thread-48] tourGuide.service.RewardsService         : getDistance called
2023-01-22T16:10:35.894+01:00  INFO 5507 --- [ool-3-thread-35] tourGuide.service.RewardsService         : nearAttraction called with Zoo Tampa at Lowry Park
2023-01-22T16:10:35.894+01:00  INFO 5507 --- [ool-3-thread-35] tourGuide.service.RewardsService         : getDistance called
2023-01-22T16:10:35.894+01:00  INFO 5507 --- [ool-3-thread-48] tourGuide.service.RewardsService         : nearAttraction called with Franklin Park Zoo
2023-01-22T16:10:35.894+01:00  INFO 5507 --- [ool-3-thread-35] tourGuide.service.RewardsService         : nearAttraction called with El Paso Zoo
2023-01-22T16:10:35.894+01:00  INFO 5507 --- [ool-3-thread-48] tourGuide.service.RewardsService         : getDistance called
2023-01-22T16:10:35.891+01:00  INFO 5507 --- [ool-3-thread-13] tourGuide.service.RewardsService         : nearAttraction called with Bryant-Denny Stadium
2023-01-22T16:10:35.894+01:00  INFO 5507 --- [ool-3-thread-48] tourGuide.service.RewardsService         : nearAttraction called with Kansas City Zoo
2023-01-22T16:10:35.894+01:00  INFO 5507 --- [ool-3-thread-13] tourGuide.service.RewardsService         : getDistance called
2023-01-22T16:10:35.894+01:00  INFO 5507 --- [ool-3-thread-48] tourGuide.service.RewardsService         : getDistance called
2023-01-22T16:10:35.891+01:00  INFO 5507 --- [ool-3-thread-27] tourGuide.service.RewardsService         : nearAttraction called with Tiger Stadium
2023-01-22T16:10:35.894+01:00  INFO 5507 --- [ool-3-thread-13] tourGuide.service.RewardsService         : nearAttraction called with Bronx Zoo
2023-01-22T16:10:35.894+01:00  INFO 5507 --- [ool-3-thread-27] tourGuide.service.RewardsService         : getDistance called
2023-01-22T16:10:35.894+01:00  INFO 5507 --- [ool-3-thread-13] tourGuide.service.RewardsService         : getDistance called
2023-01-22T16:10:35.891+01:00  INFO 5507 --- [ool-3-thread-63] tourGuide.service.RewardsService         : getDistance called
2023-01-22T16:10:35.894+01:00  INFO 5507 --- [ool-3-thread-27] tourGuide.service.RewardsService         : nearAttraction called with Disneyland
2023-01-22T16:10:35.891+01:00  INFO 5507 --- [ool-3-thread-33] tourGuide.service.RewardsService         : getDistance called
2023-01-22T16:10:35.891+01:00  INFO 5507 --- [ool-3-thread-12] tourGuide.service.RewardsService         : getDistance called
2023-01-22T16:10:35.891+01:00  INFO 5507 --- [ool-3-thread-59] tourGuide.service.RewardsService         : nearAttraction called with Kyle Field
2023-01-22T16:10:35.894+01:00  INFO 5507 --- [ool-3-thread-12] tourGuide.service.RewardsService         : nearAttraction called with Buffalo National River
2023-01-22T16:10:35.894+01:00  INFO 5507 --- [ool-3-thread-59] tourGuide.service.RewardsService         : getDistance called
2023-01-22T16:10:35.894+01:00  INFO 5507 --- [ool-3-thread-12] tourGuide.service.RewardsService         : getDistance called
2023-01-22T16:10:35.891+01:00  INFO 5507 --- [ool-3-thread-64] tourGuide.service.RewardsService         : getDistance called
2023-01-22T16:10:35.894+01:00  INFO 5507 --- [ool-3-thread-12] tourGuide.service.RewardsService         : nearAttraction called with Kartchner Caverns State Park
2023-01-22T16:10:35.891+01:00  INFO 5507 --- [ool-3-thread-67] tourGuide.service.RewardsService         : nearAttraction called with Zoo Tampa at Lowry Park
2023-01-22T16:10:35.894+01:00  INFO 5507 --- [ool-3-thread-64] tourGuide.service.RewardsService         : nearAttraction called with Legend Valley
2023-01-22T16:10:35.894+01:00  INFO 5507 --- [ool-3-thread-67] tourGuide.service.RewardsService         : getDistance called
2023-01-22T16:10:35.894+01:00  INFO 5507 --- [ool-3-thread-64] tourGuide.service.RewardsService         : getDistance called
2023-01-22T16:10:35.891+01:00  INFO 5507 --- [pool-3-thread-5] tourGuide.service.RewardsService         : nearAttraction called with Franklin Park Zoo
2023-01-22T16:10:35.894+01:00  INFO 5507 --- [ool-3-thread-64] tourGuide.service.RewardsService         : nearAttraction called with McKinley Tower
2023-01-22T16:10:35.894+01:00  INFO 5507 --- [pool-3-thread-5] tourGuide.service.RewardsService         : getDistance called
2023-01-22T16:10:35.892+01:00  INFO 5507 --- [ool-3-thread-34] tourGuide.service.RewardsService         : nearAttraction called with Cinderella Castle
2023-01-22T16:10:35.892+01:00  INFO 5507 --- [ool-3-thread-62] tourGuide.service.RewardsService         : nearAttraction called with Disneyland
2023-01-22T16:10:35.892+01:00  INFO 5507 --- [ool-3-thread-52] tourGuide.service.RewardsService         : getDistance called
2023-01-22T16:10:35.894+01:00  INFO 5507 --- [ool-3-thread-62] tourGuide.service.RewardsService         : getDistance called
2023-01-22T16:10:35.892+01:00  INFO 5507 --- [ool-3-thread-60] tourGuide.service.RewardsService         : getDistance called
2023-01-22T16:10:35.892+01:00  INFO 5507 --- [ool-3-thread-58] tourGuide.service.RewardsService         : getDistance called
2023-01-22T16:10:35.894+01:00  INFO 5507 --- [ool-3-thread-52] tourGuide.service.RewardsService         : nearAttraction called with Fallingwater
2023-01-22T16:10:35.892+01:00  INFO 5507 --- [ool-3-thread-30] tourGuide.service.RewardsService         : getDistance called
2023-01-22T16:10:35.894+01:00  INFO 5507 --- [ool-3-thread-52] tourGuide.service.RewardsService         : getDistance called
2023-01-22T16:10:35.892+01:00  INFO 5507 --- [ool-3-thread-31] tourGuide.service.RewardsService         : nearAttraction called with Buffalo National River
2023-01-22T16:10:35.892+01:00  INFO 5507 --- [pool-3-thread-2] tourGuide.service.RewardsService         : nearAttraction called with Kartchner Caverns State Park
2023-01-22T16:10:35.894+01:00  INFO 5507 --- [ool-3-thread-30] tourGuide.service.RewardsService         : nearAttraction called with Texas Memorial Stadium
2023-01-22T16:10:35.894+01:00  INFO 5507 --- [pool-3-thread-2] tourGuide.service.RewardsService         : getDistance called
2023-01-22T16:10:35.894+01:00  INFO 5507 --- [ool-3-thread-30] tourGuide.service.RewardsService         : getDistance called
2023-01-22T16:10:35.894+01:00  INFO 5507 --- [pool-3-thread-2] tourGuide.service.RewardsService         : nearAttraction called with Tiger Stadium
2023-01-22T16:10:35.892+01:00  INFO 5507 --- [ool-3-thread-32] tourGuide.service.RewardsService         : getDistance called
2023-01-22T16:10:35.892+01:00  INFO 5507 --- [ool-3-thread-41] tourGuide.service.RewardsService         : nearAttraction called with Fallingwater
2023-01-22T16:10:35.892+01:00  INFO 5507 --- [ool-3-thread-17] tourGuide.service.RewardsService         : nearAttraction called with Flatiron Building
2023-01-22T16:10:35.894+01:00  INFO 5507 --- [ool-3-thread-41] tourGuide.service.RewardsService         : getDistance called
2023-01-22T16:10:35.892+01:00  INFO 5507 --- [ool-3-thread-45] tourGuide.service.RewardsService         : nearAttraction called with Union Station
2023-01-22T16:10:35.892+01:00  INFO 5507 --- [ool-3-thread-57] tourGuide.service.RewardsService         : nearAttraction called with Roger Dean Stadium
2023-01-22T16:10:35.895+01:00  INFO 5507 --- [ool-3-thread-17] tourGuide.service.RewardsService         : getDistance called
2023-01-22T16:10:35.892+01:00  INFO 5507 --- [ool-3-thread-29] tourGuide.service.RewardsService         : nearAttraction called with Bryant-Denny Stadium
2023-01-22T16:10:35.895+01:00  INFO 5507 --- [ool-3-thread-17] tourGuide.service.RewardsService         : nearAttraction called with Zoo Tampa at Lowry Park
2023-01-22T16:10:35.895+01:00  INFO 5507 --- [ool-3-thread-29] tourGuide.service.RewardsService         : getDistance called
2023-01-22T16:10:35.895+01:00  INFO 5507 --- [ool-3-thread-17] tourGuide.service.RewardsService         : getDistance called
2023-01-22T16:10:35.892+01:00  INFO 5507 --- [ool-3-thread-54] tourGuide.service.RewardsService         : getDistance called
2023-01-22T16:10:35.892+01:00  INFO 5507 --- [ool-3-thread-65] tourGuide.service.RewardsService         : getDistance called
2023-01-22T16:10:35.895+01:00  INFO 5507 --- [ool-3-thread-54] tourGuide.service.RewardsService         : nearAttraction called with Kansas City Zoo
2023-01-22T16:10:35.892+01:00  INFO 5507 --- [ool-3-thread-18] tourGuide.service.RewardsService         : nearAttraction called with Tiger Stadium
2023-01-22T16:10:35.895+01:00  INFO 5507 --- [ool-3-thread-65] tourGuide.service.RewardsService         : nearAttraction called with Bronx Zoo
2023-01-22T16:10:35.892+01:00  INFO 5507 --- [ool-3-thread-69] tourGuide.service.RewardsService         : nearAttraction called with Kyle Field
2023-01-22T16:10:35.895+01:00  INFO 5507 --- [ool-3-thread-65] tourGuide.service.RewardsService         : getDistance called
2023-01-22T16:10:35.895+01:00  INFO 5507 --- [ool-3-thread-69] tourGuide.service.RewardsService         : getDistance called
2023-01-22T16:10:35.892+01:00  INFO 5507 --- [ool-3-thread-25] tourGuide.service.RewardsService         : getDistance called
2023-01-22T16:10:35.895+01:00  INFO 5507 --- [ool-3-thread-65] tourGuide.service.RewardsService         : nearAttraction called with Cinderella Castle
2023-01-22T16:10:35.892+01:00  INFO 5507 --- [ool-3-thread-15] tourGuide.service.RewardsService         : getDistance called
2023-01-22T16:10:35.892+01:00  INFO 5507 --- [ool-3-thread-55] tourGuide.service.RewardsService         : nearAttraction called with Zoo Tampa at Lowry Park
2023-01-22T16:10:35.893+01:00  INFO 5507 --- [ool-3-thread-37] tourGuide.service.RewardsService         : nearAttraction called with El Paso Zoo
2023-01-22T16:10:35.895+01:00  INFO 5507 --- [ool-3-thread-55] tourGuide.service.RewardsService         : getDistance called
2023-01-22T16:10:35.893+01:00  INFO 5507 --- [ool-3-thread-20] tourGuide.service.RewardsService         : getDistance called
2023-01-22T16:10:35.893+01:00  INFO 5507 --- [ool-3-thread-40] tourGuide.service.RewardsService         : nearAttraction called with Kansas City Zoo
2023-01-22T16:10:35.895+01:00  INFO 5507 --- [ool-3-thread-20] tourGuide.service.RewardsService         : nearAttraction called with Buffalo National River
2023-01-22T16:10:35.895+01:00  INFO 5507 --- [ool-3-thread-40] tourGuide.service.RewardsService         : getDistance called
2023-01-22T16:10:35.895+01:00  INFO 5507 --- [ool-3-thread-20] tourGuide.service.RewardsService         : getDistance called
2023-01-22T16:10:35.893+01:00  INFO 5507 --- [ool-3-thread-23] tourGuide.service.RewardsService         : getDistance called
2023-01-22T16:10:35.895+01:00  INFO 5507 --- [ool-3-thread-20] tourGuide.service.RewardsService         : nearAttraction called with Kartchner Caverns State Park
2023-01-22T16:10:35.893+01:00  INFO 5507 --- [ool-3-thread-66] tourGuide.service.RewardsService         : nearAttraction called with Bronx Zoo
2023-01-22T16:10:35.895+01:00  INFO 5507 --- [ool-3-thread-20] tourGuide.service.RewardsService         : getDistance called
2023-01-22T16:10:35.893+01:00  INFO 5507 --- [ool-3-thread-39] tourGuide.service.RewardsService         : getDistance called
2023-01-22T16:10:35.895+01:00  INFO 5507 --- [ool-3-thread-66] tourGuide.service.RewardsService         : getDistance called
2023-01-22T16:10:35.893+01:00  INFO 5507 --- [ool-3-thread-68] tourGuide.service.RewardsService         : getRewardPoints called with Disneyland and internalUser87
2023-01-22T16:10:35.895+01:00  INFO 5507 --- [ool-3-thread-39] tourGuide.service.RewardsService         : nearAttraction called with McKinley Tower
2023-01-22T16:10:35.895+01:00  INFO 5507 --- [ool-3-thread-66] tourGuide.service.RewardsService         : nearAttraction called with Flatiron Building
2023-01-22T16:10:35.895+01:00  INFO 5507 --- [ool-3-thread-39] tourGuide.service.RewardsService         : getDistance called
2023-01-22T16:10:35.893+01:00  INFO 5507 --- [pool-3-thread-4] tourGuide.service.RewardsService         : getDistance called
2023-01-22T16:10:35.893+01:00  INFO 5507 --- [ool-3-thread-43] tourGuide.service.RewardsService         : nearAttraction called with Mojave National Preserve
2023-01-22T16:10:35.893+01:00  INFO 5507 --- [pool-3-thread-7] tourGuide.service.RewardsService         : getDistance called
2023-01-22T16:10:35.893+01:00  INFO 5507 --- [ool-3-thread-11] tourGuide.service.RewardsService         : nearAttraction called with Buffalo National River
2023-01-22T16:10:35.895+01:00  INFO 5507 --- [pool-3-thread-7] tourGuide.service.RewardsService         : nearAttraction called with Roger Dean Stadium
2023-01-22T16:10:35.895+01:00  INFO 5507 --- [ool-3-thread-11] tourGuide.service.RewardsService         : getDistance called
2023-01-22T16:10:35.895+01:00  INFO 5507 --- [pool-3-thread-7] tourGuide.service.RewardsService         : getDistance called
2023-01-22T16:10:35.893+01:00  INFO 5507 --- [ool-3-thread-56] tourGuide.service.RewardsService         : nearAttraction called with Kartchner Caverns State Park
2023-01-22T16:10:35.895+01:00  INFO 5507 --- [ool-3-thread-11] tourGuide.service.RewardsService         : nearAttraction called with Texas Memorial Stadium
2023-01-22T16:10:35.895+01:00  INFO 5507 --- [ool-3-thread-56] tourGuide.service.RewardsService         : getDistance called
2023-01-22T16:10:35.895+01:00  INFO 5507 --- [ool-3-thread-11] tourGuide.service.RewardsService         : getDistance called
2023-01-22T16:10:35.893+01:00  INFO 5507 --- [ool-3-thread-21] tourGuide.service.RewardsService         : nearAttraction called with Legend Valley
2023-01-22T16:10:35.895+01:00  INFO 5507 --- [ool-3-thread-11] tourGuide.service.RewardsService         : nearAttraction called with Neyland Stadium
2023-01-22T16:10:35.895+01:00  INFO 5507 --- [ool-3-thread-21] tourGuide.service.RewardsService         : getDistance called
2023-01-22T16:10:35.893+01:00  INFO 5507 --- [ool-3-thread-26] tourGuide.service.RewardsService         : nearAttraction called with Flowers Bakery of London
2023-01-22T16:10:35.895+01:00  INFO 5507 --- [ool-3-thread-21] tourGuide.service.RewardsService         : nearAttraction called with Kyle Field
2023-01-22T16:10:35.893+01:00  INFO 5507 --- [ool-3-thread-44] tourGuide.service.RewardsService         : nearAttraction called with McKinley Tower
2023-01-22T16:10:35.893+01:00  INFO 5507 --- [ool-3-thread-42] tourGuide.service.RewardsService         : nearAttraction called with Flatiron Building
2023-01-22T16:10:35.893+01:00  INFO 5507 --- [pool-3-thread-6] tourGuide.service.RewardsService         : getDistance called
2023-01-22T16:10:35.896+01:00  INFO 5507 --- [ool-3-thread-42] tourGuide.service.RewardsService         : getDistance called
2023-01-22T16:10:35.893+01:00  INFO 5507 --- [ool-3-thread-22] tourGuide.service.RewardsService         : getDistance called
2023-01-22T16:10:35.896+01:00  INFO 5507 --- [pool-3-thread-6] tourGuide.service.RewardsService         : nearAttraction called with San Diego Zoo
2023-01-22T16:10:35.893+01:00  INFO 5507 --- [ool-3-thread-28] tourGuide.service.RewardsService         : nearAttraction called with Bryant-Denny Stadium
2023-01-22T16:10:35.893+01:00  INFO 5507 --- [ool-3-thread-70] tourGuide.service.RewardsService         : getDistance called
2023-01-22T16:10:35.896+01:00  INFO 5507 --- [ool-3-thread-28] tourGuide.service.RewardsService         : getDistance called
2023-01-22T16:10:35.893+01:00  INFO 5507 --- [ool-3-thread-47] tourGuide.service.RewardsService         : nearAttraction called with Tiger Stadium
2023-01-22T16:10:35.896+01:00  INFO 5507 --- [ool-3-thread-70] tourGuide.service.RewardsService         : nearAttraction called with El Paso Zoo
2023-01-22T16:10:35.896+01:00  INFO 5507 --- [ool-3-thread-47] tourGuide.service.RewardsService         : getDistance called
2023-01-22T16:10:35.893+01:00  INFO 5507 --- [pool-3-thread-9] tourGuide.service.RewardsService         : nearAttraction called with Neyland Stadium
2023-01-22T16:10:35.896+01:00  INFO 5507 --- [ool-3-thread-47] tourGuide.service.RewardsService         : nearAttraction called with Bronx Zoo
2023-01-22T16:10:35.896+01:00  INFO 5507 --- [pool-3-thread-9] tourGuide.service.RewardsService         : getDistance called
2023-01-22T16:10:35.894+01:00  INFO 5507 --- [ool-3-thread-49] tourGuide.service.RewardsService         : getDistance called
2023-01-22T16:10:35.894+01:00  INFO 5507 --- [ool-3-thread-51] tourGuide.service.RewardsService         : nearAttraction called with San Diego Zoo
2023-01-22T16:10:35.896+01:00  INFO 5507 --- [ool-3-thread-49] tourGuide.service.RewardsService         : nearAttraction called with Disneyland
2023-01-22T16:10:35.894+01:00  INFO 5507 --- [ool-3-thread-35] tourGuide.service.RewardsService         : getDistance called
2023-01-22T16:10:35.896+01:00  INFO 5507 --- [ool-3-thread-49] tourGuide.service.RewardsService         : getDistance called
2023-01-22T16:10:35.896+01:00  INFO 5507 --- [ool-3-thread-35] tourGuide.service.RewardsService         : nearAttraction called with Jackson Hole
2023-01-22T16:10:35.896+01:00  INFO 5507 --- [ool-3-thread-35] tourGuide.service.RewardsService         : getDistance called
2023-01-22T16:10:35.896+01:00  INFO 5507 --- [ool-3-thread-35] tourGuide.service.RewardsService         : nearAttraction called with Mojave National Preserve
2023-01-22T16:10:35.896+01:00  INFO 5507 --- [ool-3-thread-35] tourGuide.service.RewardsService         : getDistance called
2023-01-22T16:10:35.894+01:00  INFO 5507 --- [ool-3-thread-48] tourGuide.service.RewardsService         : nearAttraction called with Cinderella Castle
2023-01-22T16:10:35.896+01:00  INFO 5507 --- [ool-3-thread-35] tourGuide.service.RewardsService         : nearAttraction called with Joshua Tree National Park
2023-01-22T16:10:35.894+01:00  INFO 5507 --- [ool-3-thread-13] tourGuide.service.RewardsService         : nearAttraction called with Jackson Hole
2023-01-22T16:10:35.894+01:00  INFO 5507 --- [ool-3-thread-27] tourGuide.service.RewardsService         : getDistance called
2023-01-22T16:10:35.896+01:00  INFO 5507 --- [ool-3-thread-13] tourGuide.service.RewardsService         : getDistance called
2023-01-22T16:10:35.894+01:00  INFO 5507 --- [ool-3-thread-63] tourGuide.service.RewardsService         : nearAttraction called with Mojave National Preserve
2023-01-22T16:10:35.896+01:00  INFO 5507 --- [ool-3-thread-27] tourGuide.service.RewardsService         : getRewardPoints called with Disneyland and internalUser86
2023-01-22T16:10:35.894+01:00  INFO 5507 --- [ool-3-thread-33] tourGuide.service.RewardsService         : nearAttraction called with Joshua Tree National Park
2023-01-22T16:10:35.894+01:00  INFO 5507 --- [ool-3-thread-59] tourGuide.service.RewardsService         : nearAttraction called with Hot Springs National Park
2023-01-22T16:10:35.896+01:00  INFO 5507 --- [ool-3-thread-33] tourGuide.service.RewardsService         : getDistance called
2023-01-22T16:10:35.896+01:00  INFO 5507 --- [ool-3-thread-59] tourGuide.service.RewardsService         : getDistance called
2023-01-22T16:10:35.894+01:00  INFO 5507 --- [ool-3-thread-12] tourGuide.service.RewardsService         : getDistance called
2023-01-22T16:10:35.896+01:00  INFO 5507 --- [ool-3-thread-33] tourGuide.service.RewardsService         : nearAttraction called with Hot Springs National Park
2023-01-22T16:10:35.896+01:00  INFO 5507 --- [ool-3-thread-12] tourGuide.service.RewardsService         : nearAttraction called with Legend Valley
2023-01-22T16:10:35.894+01:00  INFO 5507 --- [ool-3-thread-67] tourGuide.service.RewardsService         : nearAttraction called with Flowers Bakery of London
2023-01-22T16:10:35.894+01:00  INFO 5507 --- [ool-3-thread-64] tourGuide.service.RewardsService         : getDistance called
2023-01-22T16:10:35.894+01:00  INFO 5507 --- [pool-3-thread-5] tourGuide.service.RewardsService         : nearAttraction called with Flatiron Building
2023-01-22T16:10:35.894+01:00  INFO 5507 --- [ool-3-thread-34] tourGuide.service.RewardsService         : getDistance called
2023-01-22T16:10:35.894+01:00  INFO 5507 --- [ool-3-thread-62] tourGuide.service.RewardsService         : getRewardPoints called with Disneyland and internalUser84
2023-01-22T16:10:35.894+01:00  INFO 5507 --- [ool-3-thread-60] tourGuide.service.RewardsService         : nearAttraction called with Union Station
2023-01-22T16:10:35.894+01:00  INFO 5507 --- [ool-3-thread-58] tourGuide.service.RewardsService         : nearAttraction called with Roger Dean Stadium
2023-01-22T16:10:35.894+01:00  INFO 5507 --- [ool-3-thread-31] tourGuide.service.RewardsService         : getDistance called
2023-01-22T16:10:35.894+01:00  INFO 5507 --- [ool-3-thread-52] tourGuide.service.RewardsService         : nearAttraction called with Bryant-Denny Stadium
2023-01-22T16:10:35.894+01:00  INFO 5507 --- [ool-3-thread-30] tourGuide.service.RewardsService         : nearAttraction called with Neyland Stadium
2023-01-22T16:10:35.894+01:00  INFO 5507 --- [pool-3-thread-2] tourGuide.service.RewardsService         : getDistance called
2023-01-22T16:10:35.897+01:00  INFO 5507 --- [ool-3-thread-52] tourGuide.service.RewardsService         : getDistance called
2023-01-22T16:10:35.894+01:00  INFO 5507 --- [ool-3-thread-32] tourGuide.service.RewardsService         : nearAttraction called with Kyle Field
2023-01-22T16:10:35.897+01:00  INFO 5507 --- [pool-3-thread-2] tourGuide.service.RewardsService         : nearAttraction called with Fallingwater
2023-01-22T16:10:35.897+01:00  INFO 5507 --- [ool-3-thread-32] tourGuide.service.RewardsService         : getDistance called
2023-01-22T16:10:35.895+01:00  INFO 5507 --- [ool-3-thread-41] tourGuide.service.RewardsService         : nearAttraction called with San Diego Zoo
2023-01-22T16:10:35.897+01:00  INFO 5507 --- [ool-3-thread-32] tourGuide.service.RewardsService         : nearAttraction called with Roger Dean Stadium
2023-01-22T16:10:35.897+01:00  INFO 5507 --- [ool-3-thread-41] tourGuide.service.RewardsService         : getDistance called
2023-01-22T16:10:35.895+01:00  INFO 5507 --- [ool-3-thread-57] tourGuide.service.RewardsService         : getDistance called
2023-01-22T16:10:35.895+01:00  INFO 5507 --- [ool-3-thread-45] tourGuide.service.RewardsService         : getDistance called
2023-01-22T16:10:35.895+01:00  INFO 5507 --- [ool-3-thread-29] tourGuide.service.RewardsService         : nearAttraction called with Franklin Park Zoo
2023-01-22T16:10:35.895+01:00  INFO 5507 --- [ool-3-thread-17] tourGuide.service.RewardsService         : nearAttraction called with El Paso Zoo
2023-01-22T16:10:35.895+01:00  INFO 5507 --- [ool-3-thread-54] tourGuide.service.RewardsService         : getDistance called
2023-01-22T16:10:35.895+01:00  INFO 5507 --- [ool-3-thread-18] tourGuide.service.RewardsService         : getDistance called
2023-01-22T16:10:35.895+01:00  INFO 5507 --- [ool-3-thread-69] tourGuide.service.RewardsService         : nearAttraction called with Disneyland
2023-01-22T16:10:35.895+01:00  INFO 5507 --- [ool-3-thread-25] tourGuide.service.RewardsService         : nearAttraction called with Jackson Hole
2023-01-22T16:10:35.897+01:00  INFO 5507 --- [ool-3-thread-18] tourGuide.service.RewardsService         : nearAttraction called with Kyle Field
2023-01-22T16:10:35.897+01:00  INFO 5507 --- [ool-3-thread-25] tourGuide.service.RewardsService         : getDistance called
2023-01-22T16:10:35.895+01:00  INFO 5507 --- [ool-3-thread-65] tourGuide.service.RewardsService         : getDistance called
2023-01-22T16:10:35.895+01:00  INFO 5507 --- [ool-3-thread-15] tourGuide.service.RewardsService         : nearAttraction called with Mojave National Preserve
2023-01-22T16:10:35.895+01:00  INFO 5507 --- [ool-3-thread-37] tourGuide.service.RewardsService         : getDistance called
2023-01-22T16:10:35.895+01:00  INFO 5507 --- [ool-3-thread-55] tourGuide.service.RewardsService         : nearAttraction called with Joshua Tree National Park
2023-01-22T16:10:35.897+01:00  INFO 5507 --- [ool-3-thread-37] tourGuide.service.RewardsService         : nearAttraction called with Franklin Park Zoo
2023-01-22T16:10:35.897+01:00  INFO 5507 --- [ool-3-thread-55] tourGuide.service.RewardsService         : getDistance called
2023-01-22T16:10:35.897+01:00  INFO 5507 --- [ool-3-thread-37] tourGuide.service.RewardsService         : getDistance called
2023-01-22T16:10:35.895+01:00  INFO 5507 --- [ool-3-thread-40] tourGuide.service.RewardsService         : nearAttraction called with Hot Springs National Park
2023-01-22T16:10:35.895+01:00  INFO 5507 --- [ool-3-thread-23] tourGuide.service.RewardsService         : nearAttraction called with Legend Valley
2023-01-22T16:10:35.895+01:00  INFO 5507 --- [ool-3-thread-20] tourGuide.service.RewardsService         : nearAttraction called with Flowers Bakery of London
2023-01-22T16:10:35.895+01:00  INFO 5507 --- [ool-3-thread-66] tourGuide.service.RewardsService         : getDistance called
2023-01-22T16:10:35.895+01:00  INFO 5507 --- [ool-3-thread-39] tourGuide.service.RewardsService         : nearAttraction called with Fallingwater
2023-01-22T16:10:35.897+01:00  INFO 5507 --- [ool-3-thread-66] tourGuide.service.RewardsService         : nearAttraction called with Bronx Zoo
2023-01-22T16:10:35.897+01:00  INFO 5507 --- [ool-3-thread-39] tourGuide.service.RewardsService         : getDistance called
2023-01-22T16:10:35.895+01:00  INFO 5507 --- [pool-3-thread-4] tourGuide.service.RewardsService         : nearAttraction called with Union Station
2023-01-22T16:10:35.897+01:00  INFO 5507 --- [ool-3-thread-39] tourGuide.service.RewardsService         : nearAttraction called with Cinderella Castle
2023-01-22T16:10:35.897+01:00  INFO 5507 --- [pool-3-thread-4] tourGuide.service.RewardsService         : getDistance called
2023-01-22T16:10:35.897+01:00  INFO 5507 --- [ool-3-thread-39] tourGuide.service.RewardsService         : getDistance called
2023-01-22T16:10:35.897+01:00  INFO 5507 --- [pool-3-thread-4] tourGuide.service.RewardsService         : nearAttraction called with Disneyland
2023-01-22T16:10:35.895+01:00  INFO 5507 --- [ool-3-thread-43] tourGuide.service.RewardsService         : getDistance called
2023-01-22T16:10:35.895+01:00  INFO 5507 --- [pool-3-thread-7] tourGuide.service.RewardsService         : nearAttraction called with Bryant-Denny Stadium
2023-01-22T16:10:35.897+01:00  INFO 5507 --- [ool-3-thread-43] tourGuide.service.RewardsService         : nearAttraction called with Mojave National Preserve
2023-01-22T16:10:35.897+01:00  INFO 5507 --- [pool-3-thread-7] tourGuide.service.RewardsService         : getDistance called
2023-01-22T16:10:35.895+01:00  INFO 5507 --- [ool-3-thread-56] tourGuide.service.RewardsService         : nearAttraction called with Tiger Stadium
2023-01-22T16:10:35.895+01:00  INFO 5507 --- [ool-3-thread-11] tourGuide.service.RewardsService         : getDistance called
2023-01-22T16:10:35.897+01:00  INFO 5507 --- [ool-3-thread-56] tourGuide.service.RewardsService         : getDistance called
2023-01-22T16:10:35.895+01:00  INFO 5507 --- [ool-3-thread-26] tourGuide.service.RewardsService         : getDistance called
2023-01-22T16:10:35.896+01:00  INFO 5507 --- [ool-3-thread-21] tourGuide.service.RewardsService         : getDistance called
2023-01-22T16:10:35.898+01:00  INFO 5507 --- [ool-3-thread-11] tourGuide.service.RewardsService         : nearAttraction called with Buffalo National River
2023-01-22T16:10:35.896+01:00  INFO 5507 --- [ool-3-thread-44] tourGuide.service.RewardsService         : getDistance called
2023-01-22T16:10:35.896+01:00  INFO 5507 --- [ool-3-thread-42] tourGuide.service.RewardsService         : nearAttraction called with Zoo Tampa at Lowry Park
2023-01-22T16:10:35.896+01:00  INFO 5507 --- [ool-3-thread-22] tourGuide.service.RewardsService         : nearAttraction called with Franklin Park Zoo
2023-01-22T16:10:35.898+01:00  INFO 5507 --- [ool-3-thread-42] tourGuide.service.RewardsService         : getDistance called
2023-01-22T16:10:35.898+01:00  INFO 5507 --- [ool-3-thread-22] tourGuide.service.RewardsService         : getDistance called
2023-01-22T16:10:35.896+01:00  INFO 5507 --- [pool-3-thread-6] tourGuide.service.RewardsService         : getDistance called
2023-01-22T16:10:35.896+01:00  INFO 5507 --- [ool-3-thread-28] tourGuide.service.RewardsService         : nearAttraction called with Kansas City Zoo
2023-01-22T16:10:35.898+01:00  INFO 5507 --- [pool-3-thread-6] tourGuide.service.RewardsService         : nearAttraction called with Fallingwater
2023-01-22T16:10:35.896+01:00  INFO 5507 --- [ool-3-thread-70] tourGuide.service.RewardsService         : getDistance called
2023-01-22T16:10:35.898+01:00  INFO 5507 --- [pool-3-thread-6] tourGuide.service.RewardsService         : getDistance called
2023-01-22T16:10:35.896+01:00  INFO 5507 --- [ool-3-thread-47] tourGuide.service.RewardsService         : getDistance called
2023-01-22T16:10:35.898+01:00  INFO 5507 --- [pool-3-thread-6] tourGuide.service.RewardsService         : nearAttraction called with Roger Dean Stadium
2023-01-22T16:10:35.896+01:00  INFO 5507 --- [pool-3-thread-9] tourGuide.service.RewardsService         : nearAttraction called with Cinderella Castle
2023-01-22T16:10:35.896+01:00  INFO 5507 --- [ool-3-thread-51] tourGuide.service.RewardsService         : getDistance called
2023-01-22T16:10:35.896+01:00  INFO 5507 --- [ool-3-thread-49] tourGuide.service.RewardsService         : getRewardPoints called with Disneyland and internalUser80
2023-01-22T16:10:35.896+01:00  INFO 5507 --- [ool-3-thread-48] tourGuide.service.RewardsService         : getDistance called
2023-01-22T16:10:35.896+01:00  INFO 5507 --- [ool-3-thread-35] tourGuide.service.RewardsService         : getDistance called
2023-01-22T16:10:35.896+01:00  INFO 5507 --- [ool-3-thread-63] tourGuide.service.RewardsService         : getDistance called
2023-01-22T16:10:35.896+01:00  INFO 5507 --- [ool-3-thread-13] tourGuide.service.RewardsService         : nearAttraction called with Buffalo National River
2023-01-22T16:10:35.898+01:00  INFO 5507 --- [ool-3-thread-63] tourGuide.service.RewardsService         : nearAttraction called with Kyle Field
2023-01-22T16:10:35.898+01:00  INFO 5507 --- [ool-3-thread-13] tourGuide.service.RewardsService         : getDistance called
2023-01-22T16:10:35.896+01:00  INFO 5507 --- [ool-3-thread-59] tourGuide.service.RewardsService         : nearAttraction called with Kartchner Caverns State Park
2023-01-22T16:10:35.896+01:00  INFO 5507 --- [ool-3-thread-33] tourGuide.service.RewardsService         : getDistance called
2023-01-22T16:10:35.896+01:00  INFO 5507 --- [ool-3-thread-12] tourGuide.service.RewardsService         : getDistance called
2023-01-22T16:10:35.896+01:00  INFO 5507 --- [ool-3-thread-67] tourGuide.service.RewardsService         : getDistance called
2023-01-22T16:10:35.896+01:00  INFO 5507 --- [ool-3-thread-64] tourGuide.service.RewardsService         : nearAttraction called with Flowers Bakery of London
2023-01-22T16:10:35.896+01:00  INFO 5507 --- [pool-3-thread-5] tourGuide.service.RewardsService         : getDistance called
2023-01-22T16:10:35.898+01:00  INFO 5507 --- [ool-3-thread-64] tourGuide.service.RewardsService         : getDistance called
2023-01-22T16:10:35.896+01:00  INFO 5507 --- [ool-3-thread-34] tourGuide.service.RewardsService         : nearAttraction called with McKinley Tower
2023-01-22T16:10:35.898+01:00  INFO 5507 --- [pool-3-thread-5] tourGuide.service.RewardsService         : nearAttraction called with Kansas City Zoo
2023-01-22T16:10:35.898+01:00  INFO 5507 --- [ool-3-thread-34] tourGuide.service.RewardsService         : getDistance called
2023-01-22T16:10:35.896+01:00  INFO 5507 --- [ool-3-thread-60] tourGuide.service.RewardsService         : getDistance called
2023-01-22T16:10:35.898+01:00  INFO 5507 --- [ool-3-thread-34] tourGuide.service.RewardsService         : nearAttraction called with Cinderella Castle
2023-01-22T16:10:35.896+01:00  INFO 5507 --- [ool-3-thread-58] tourGuide.service.RewardsService         : getDistance called
2023-01-22T16:10:35.898+01:00  INFO 5507 --- [ool-3-thread-60] tourGuide.service.RewardsService         : nearAttraction called with Disneyland
2023-01-22T16:10:35.897+01:00  INFO 5507 --- [ool-3-thread-31] tourGuide.service.RewardsService         : nearAttraction called with Flatiron Building
2023-01-22T16:10:35.898+01:00  INFO 5507 --- [ool-3-thread-58] tourGuide.service.RewardsService         : nearAttraction called with Jackson Hole
2023-01-22T16:10:35.897+01:00  INFO 5507 --- [ool-3-thread-30] tourGuide.service.RewardsService         : getDistance called
2023-01-22T16:10:35.897+01:00  INFO 5507 --- [ool-3-thread-52] tourGuide.service.RewardsService         : nearAttraction called with Union Station
2023-01-22T16:10:35.898+01:00  INFO 5507 --- [ool-3-thread-30] tourGuide.service.RewardsService         : nearAttraction called with Mojave National Preserve
2023-01-22T16:10:35.898+01:00  INFO 5507 --- [ool-3-thread-52] tourGuide.service.RewardsService         : getDistance called
2023-01-22T16:10:35.897+01:00  INFO 5507 --- [pool-3-thread-2] tourGuide.service.RewardsService         : getDistance called
2023-01-22T16:10:35.898+01:00  INFO 5507 --- [ool-3-thread-52] tourGuide.service.RewardsService         : nearAttraction called with Joshua Tree National Park
2023-01-22T16:10:35.898+01:00  INFO 5507 --- [pool-3-thread-2] tourGuide.service.RewardsService         : nearAttraction called with Buffalo National River
2023-01-22T16:10:35.898+01:00  INFO 5507 --- [ool-3-thread-52] tourGuide.service.RewardsService         : getDistance called
2023-01-22T16:10:35.897+01:00  INFO 5507 --- [ool-3-thread-32] tourGuide.service.RewardsService         : getDistance called
2023-01-22T16:10:35.897+01:00  INFO 5507 --- [ool-3-thread-41] tourGuide.service.RewardsService         : nearAttraction called with Texas Memorial Stadium
2023-01-22T16:10:35.897+01:00  INFO 5507 --- [ool-3-thread-57] tourGuide.service.RewardsService         : nearAttraction called with Bryant-Denny Stadium
2023-01-22T16:10:35.899+01:00  INFO 5507 --- [ool-3-thread-52] tourGuide.service.RewardsService         : nearAttraction called with Hot Springs National Park
2023-01-22T16:10:35.899+01:00  INFO 5507 --- [ool-3-thread-57] tourGuide.service.RewardsService         : getDistance called
2023-01-22T16:10:35.899+01:00  INFO 5507 --- [ool-3-thread-52] tourGuide.service.RewardsService         : getDistance called
2023-01-22T16:10:35.897+01:00  INFO 5507 --- [ool-3-thread-45] tourGuide.service.RewardsService         : nearAttraction called with Tiger Stadium
2023-01-22T16:10:35.899+01:00  INFO 5507 --- [ool-3-thread-57] tourGuide.service.RewardsService         : nearAttraction called with Legend Valley
2023-01-22T16:10:35.899+01:00  INFO 5507 --- [ool-3-thread-45] tourGuide.service.RewardsService         : getDistance called
2023-01-22T16:10:35.897+01:00  INFO 5507 --- [ool-3-thread-29] tourGuide.service.RewardsService         : getDistance called
2023-01-22T16:10:35.899+01:00  INFO 5507 --- [ool-3-thread-45] tourGuide.service.RewardsService         : nearAttraction called with McKinley Tower
2023-01-22T16:10:35.897+01:00  INFO 5507 --- [ool-3-thread-17] tourGuide.service.RewardsService         : getDistance called
2023-01-22T16:10:35.897+01:00  INFO 5507 --- [ool-3-thread-54] tourGuide.service.RewardsService         : nearAttraction called with Neyland Stadium
2023-01-22T16:10:35.897+01:00  INFO 5507 --- [ool-3-thread-69] tourGuide.service.RewardsService         : getDistance called
2023-01-22T16:10:35.897+01:00  INFO 5507 --- [ool-3-thread-18] tourGuide.service.RewardsService         : getDistance called
2023-01-22T16:10:35.897+01:00  INFO 5507 --- [ool-3-thread-25] tourGuide.service.RewardsService         : nearAttraction called with San Diego Zoo
2023-01-22T16:10:35.899+01:00  INFO 5507 --- [ool-3-thread-18] tourGuide.service.RewardsService         : nearAttraction called with Union Station
2023-01-22T16:10:35.897+01:00  INFO 5507 --- [ool-3-thread-65] tourGuide.service.RewardsService         : nearAttraction called with Zoo Tampa at Lowry Park
2023-01-22T16:10:35.897+01:00  INFO 5507 --- [ool-3-thread-15] tourGuide.service.RewardsService         : getDistance called
2023-01-22T16:10:35.899+01:00  INFO 5507 --- [ool-3-thread-65] tourGuide.service.RewardsService         : getDistance called
2023-01-22T16:10:35.897+01:00  INFO 5507 --- [ool-3-thread-55] tourGuide.service.RewardsService         : nearAttraction called with El Paso Zoo
2023-01-22T16:10:35.899+01:00  INFO 5507 --- [ool-3-thread-15] tourGuide.service.RewardsService         : nearAttraction called with Roger Dean Stadium
2023-01-22T16:10:35.899+01:00  INFO 5507 --- [ool-3-thread-55] tourGuide.service.RewardsService         : getDistance called
2023-01-22T16:10:35.899+01:00  INFO 5507 --- [ool-3-thread-15] tourGuide.service.RewardsService         : getDistance called
2023-01-22T16:10:35.897+01:00  INFO 5507 --- [ool-3-thread-40] tourGuide.service.RewardsService         : getDistance called
2023-01-22T16:10:35.899+01:00  INFO 5507 --- [ool-3-thread-15] tourGuide.service.RewardsService         : nearAttraction called with Tiger Stadium
2023-01-22T16:10:35.897+01:00  INFO 5507 --- [ool-3-thread-37] tourGuide.service.RewardsService         : nearAttraction called with Kansas City Zoo
2023-01-22T16:10:35.899+01:00  INFO 5507 --- [ool-3-thread-40] tourGuide.service.RewardsService         : nearAttraction called with Neyland Stadium
2023-01-22T16:10:35.897+01:00  INFO 5507 --- [ool-3-thread-23] tourGuide.service.RewardsService         : getDistance called
2023-01-22T16:10:35.899+01:00  INFO 5507 --- [ool-3-thread-37] tourGuide.service.RewardsService         : getDistance called
2023-01-22T16:10:35.897+01:00  INFO 5507 --- [ool-3-thread-20] tourGuide.service.RewardsService         : getDistance called
2023-01-22T16:10:35.899+01:00  INFO 5507 --- [ool-3-thread-23] tourGuide.service.RewardsService         : nearAttraction called with Kyle Field
2023-01-22T16:10:35.897+01:00  INFO 5507 --- [ool-3-thread-66] tourGuide.service.RewardsService         : getDistance called
2023-01-22T16:10:35.897+01:00  INFO 5507 --- [ool-3-thread-39] tourGuide.service.RewardsService         : nearAttraction called with Jackson Hole
2023-01-22T16:10:35.897+01:00  INFO 5507 --- [pool-3-thread-4] tourGuide.service.RewardsService         : getDistance called
2023-01-22T16:10:35.899+01:00  INFO 5507 --- [ool-3-thread-39] tourGuide.service.RewardsService         : getDistance called
2023-01-22T16:10:35.897+01:00  INFO 5507 --- [ool-3-thread-43] tourGuide.service.RewardsService         : getDistance called
2023-01-22T16:10:35.899+01:00  INFO 5507 --- [ool-3-thread-39] tourGuide.service.RewardsService         : nearAttraction called with El Paso Zoo
2023-01-22T16:10:35.897+01:00  INFO 5507 --- [pool-3-thread-7] tourGuide.service.RewardsService         : nearAttraction called with Joshua Tree National Park
2023-01-22T16:10:35.899+01:00  INFO 5507 --- [ool-3-thread-43] tourGuide.service.RewardsService         : nearAttraction called with Kansas City Zoo
2023-01-22T16:10:35.899+01:00  INFO 5507 --- [pool-3-thread-7] tourGuide.service.RewardsService         : getDistance called
2023-01-22T16:10:35.898+01:00  INFO 5507 --- [ool-3-thread-56] tourGuide.service.RewardsService         : nearAttraction called with Hot Springs National Park
2023-01-22T16:10:35.899+01:00  INFO 5507 --- [pool-3-thread-7] tourGuide.service.RewardsService         : nearAttraction called with Bronx Zoo
2023-01-22T16:10:35.899+01:00  INFO 5507 --- [pool-3-thread-7] tourGuide.service.RewardsService         : getDistance called
2023-01-22T16:10:35.898+01:00  INFO 5507 --- [ool-3-thread-26] tourGuide.service.RewardsService         : nearAttraction called with Kartchner Caverns State Park
2023-01-22T16:10:35.900+01:00  INFO 5507 --- [pool-3-thread-7] tourGuide.service.RewardsService         : nearAttraction called with Cinderella Castle
2023-01-22T16:10:35.898+01:00  INFO 5507 --- [ool-3-thread-11] tourGuide.service.RewardsService         : getDistance called
2023-01-22T16:10:35.900+01:00  INFO 5507 --- [pool-3-thread-7] tourGuide.service.RewardsService         : getDistance called
2023-01-22T16:10:35.898+01:00  INFO 5507 --- [ool-3-thread-21] tourGuide.service.RewardsService         : nearAttraction called with Legend Valley
2023-01-22T16:10:35.900+01:00  INFO 5507 --- [ool-3-thread-11] tourGuide.service.RewardsService         : nearAttraction called with Disneyland
2023-01-22T16:10:35.898+01:00  INFO 5507 --- [ool-3-thread-44] tourGuide.service.RewardsService         : nearAttraction called with Flowers Bakery of London
2023-01-22T16:10:35.900+01:00  INFO 5507 --- [ool-3-thread-11] tourGuide.service.RewardsService         : getDistance called
2023-01-22T16:10:35.898+01:00  INFO 5507 --- [ool-3-thread-42] tourGuide.service.RewardsService         : nearAttraction called with McKinley Tower
2023-01-22T16:10:35.900+01:00  INFO 5507 --- [ool-3-thread-44] tourGuide.service.RewardsService         : getDistance called
2023-01-22T16:10:35.898+01:00  INFO 5507 --- [ool-3-thread-22] tourGuide.service.RewardsService         : nearAttraction called with Flatiron Building
2023-01-22T16:10:35.900+01:00  INFO 5507 --- [ool-3-thread-44] tourGuide.service.RewardsService         : nearAttraction called with Mojave National Preserve
2023-01-22T16:10:35.900+01:00  INFO 5507 --- [ool-3-thread-22] tourGuide.service.RewardsService         : getDistance called
2023-01-22T16:10:35.900+01:00  INFO 5507 --- [ool-3-thread-44] tourGuide.service.RewardsService         : getDistance called
2023-01-22T16:10:35.898+01:00  INFO 5507 --- [ool-3-thread-28] tourGuide.service.RewardsService         : getDistance called
2023-01-22T16:10:35.900+01:00  INFO 5507 --- [ool-3-thread-44] tourGuide.service.RewardsService         : nearAttraction called with Buffalo National River
2023-01-22T16:10:35.900+01:00  INFO 5507 --- [ool-3-thread-44] tourGuide.service.RewardsService         : getDistance called
2023-01-22T16:10:35.898+01:00  INFO 5507 --- [ool-3-thread-70] tourGuide.service.RewardsService         : nearAttraction called with Union Station
2023-01-22T16:10:35.900+01:00  INFO 5507 --- [ool-3-thread-44] tourGuide.service.RewardsService         : nearAttraction called with Kartchner Caverns State Park
2023-01-22T16:10:35.900+01:00  INFO 5507 --- [ool-3-thread-70] tourGuide.service.RewardsService         : getDistance called
2023-01-22T16:10:35.898+01:00  INFO 5507 --- [ool-3-thread-47] tourGuide.service.RewardsService         : nearAttraction called with Texas Memorial Stadium
2023-01-22T16:10:35.898+01:00  INFO 5507 --- [pool-3-thread-6] tourGuide.service.RewardsService         : getDistance called
2023-01-22T16:10:35.900+01:00  INFO 5507 --- [ool-3-thread-47] tourGuide.service.RewardsService         : getDistance called
2023-01-22T16:10:35.898+01:00  INFO 5507 --- [pool-3-thread-9] tourGuide.service.RewardsService         : getDistance called
2023-01-22T16:10:35.900+01:00  INFO 5507 --- [pool-3-thread-6] tourGuide.service.RewardsService         : nearAttraction called with Flowers Bakery of London
2023-01-22T16:10:35.898+01:00  INFO 5507 --- [ool-3-thread-51] tourGuide.service.RewardsService         : nearAttraction called with Bryant-Denny Stadium
2023-01-22T16:10:35.898+01:00  INFO 5507 --- [ool-3-thread-35] tourGuide.service.RewardsService         : nearAttraction called with Neyland Stadium
2023-01-22T16:10:35.900+01:00  INFO 5507 --- [ool-3-thread-51] tourGuide.service.RewardsService         : getDistance called
2023-01-22T16:10:35.900+01:00  INFO 5507 --- [ool-3-thread-35] tourGuide.service.RewardsService         : getDistance called
2023-01-22T16:10:35.900+01:00  INFO 5507 --- [ool-3-thread-51] tourGuide.service.RewardsService         : nearAttraction called with Fallingwater
2023-01-22T16:10:35.900+01:00  INFO 5507 --- [ool-3-thread-35] tourGuide.service.RewardsService         : nearAttraction called with Union Station
2023-01-22T16:10:35.900+01:00  INFO 5507 --- [ool-3-thread-51] tourGuide.service.RewardsService         : getDistance called
2023-01-22T16:10:35.900+01:00  INFO 5507 --- [ool-3-thread-35] tourGuide.service.RewardsService         : getDistance called
2023-01-22T16:10:35.900+01:00  INFO 5507 --- [ool-3-thread-51] tourGuide.service.RewardsService         : nearAttraction called with Roger Dean Stadium
2023-01-22T16:10:35.900+01:00  INFO 5507 --- [ool-3-thread-35] tourGuide.service.RewardsService         : nearAttraction called with Texas Memorial Stadium
2023-01-22T16:10:35.898+01:00  INFO 5507 --- [ool-3-thread-48] tourGuide.service.RewardsService         : nearAttraction called with Tiger Stadium
2023-01-22T16:10:35.898+01:00  INFO 5507 --- [ool-3-thread-63] tourGuide.service.RewardsService         : getDistance called
2023-01-22T16:10:35.900+01:00  INFO 5507 --- [ool-3-thread-48] tourGuide.service.RewardsService         : getDistance called
2023-01-22T16:10:35.898+01:00  INFO 5507 --- [ool-3-thread-13] tourGuide.service.RewardsService         : nearAttraction called with San Diego Zoo
2023-01-22T16:10:35.898+01:00  INFO 5507 --- [ool-3-thread-59] tourGuide.service.RewardsService         : getDistance called
2023-01-22T16:10:35.900+01:00  INFO 5507 --- [ool-3-thread-48] tourGuide.service.RewardsService         : nearAttraction called with Tiger Stadium
2023-01-22T16:10:35.898+01:00  INFO 5507 --- [ool-3-thread-33] tourGuide.service.RewardsService         : nearAttraction called with Zoo Tampa at Lowry Park
2023-01-22T16:10:35.898+01:00  INFO 5507 --- [ool-3-thread-12] tourGuide.service.RewardsService         : nearAttraction called with Franklin Park Zoo
2023-01-22T16:10:35.900+01:00  INFO 5507 --- [ool-3-thread-33] tourGuide.service.RewardsService         : getDistance called
2023-01-22T16:10:35.898+01:00  INFO 5507 --- [ool-3-thread-67] tourGuide.service.RewardsService         : nearAttraction called with El Paso Zoo
2023-01-22T16:10:35.900+01:00  INFO 5507 --- [ool-3-thread-12] tourGuide.service.RewardsService         : getDistance called
2023-01-22T16:10:35.898+01:00  INFO 5507 --- [ool-3-thread-64] tourGuide.service.RewardsService         : nearAttraction called with Bronx Zoo
2023-01-22T16:10:35.900+01:00  INFO 5507 --- [ool-3-thread-12] tourGuide.service.RewardsService         : nearAttraction called with San Diego Zoo
2023-01-22T16:10:35.898+01:00  INFO 5507 --- [pool-3-thread-5] tourGuide.service.RewardsService         : getDistance called
2023-01-22T16:10:35.900+01:00  INFO 5507 --- [ool-3-thread-12] tourGuide.service.RewardsService         : getDistance called
2023-01-22T16:10:35.898+01:00  INFO 5507 --- [ool-3-thread-34] tourGuide.service.RewardsService         : getDistance called
2023-01-22T16:10:35.900+01:00  INFO 5507 --- [ool-3-thread-12] tourGuide.service.RewardsService         : nearAttraction called with Zoo Tampa at Lowry Park
2023-01-22T16:10:35.898+01:00  INFO 5507 --- [ool-3-thread-60] tourGuide.service.RewardsService         : getDistance called
2023-01-22T16:10:35.900+01:00  INFO 5507 --- [pool-3-thread-5] tourGuide.service.RewardsService         : nearAttraction called with Franklin Park Zoo
2023-01-22T16:10:35.898+01:00  INFO 5507 --- [ool-3-thread-31] tourGuide.service.RewardsService         : getDistance called
2023-01-22T16:10:35.901+01:00  INFO 5507 --- [ool-3-thread-12] tourGuide.service.RewardsService         : getDistance called
2023-01-22T16:10:35.898+01:00  INFO 5507 --- [ool-3-thread-58] tourGuide.service.RewardsService         : getDistance called
2023-01-22T16:10:35.898+01:00  INFO 5507 --- [ool-3-thread-30] tourGuide.service.RewardsService         : getDistance called
2023-01-22T16:10:35.898+01:00  INFO 5507 --- [pool-3-thread-2] tourGuide.service.RewardsService         : getDistance called
2023-01-22T16:10:35.901+01:00  INFO 5507 --- [ool-3-thread-30] tourGuide.service.RewardsService         : nearAttraction called with Disneyland
2023-01-22T16:10:35.899+01:00  INFO 5507 --- [ool-3-thread-41] tourGuide.service.RewardsService         : getDistance called
2023-01-22T16:10:35.901+01:00  INFO 5507 --- [pool-3-thread-2] tourGuide.service.RewardsService         : nearAttraction called with Jackson Hole
2023-01-22T16:10:35.901+01:00  INFO 5507 --- [pool-3-thread-2] tourGuide.service.RewardsService         : getDistance called
2023-01-22T16:10:35.901+01:00  INFO 5507 --- [ool-3-thread-41] tourGuide.service.RewardsService         : nearAttraction called with Mojave National Preserve
2023-01-22T16:10:35.901+01:00  INFO 5507 --- [pool-3-thread-2] tourGuide.service.RewardsService         : nearAttraction called with Joshua Tree National Park
2023-01-22T16:10:35.899+01:00  INFO 5507 --- [ool-3-thread-32] tourGuide.service.RewardsService         : nearAttraction called with Kartchner Caverns State Park
2023-01-22T16:10:35.899+01:00  INFO 5507 --- [ool-3-thread-52] tourGuide.service.RewardsService         : nearAttraction called with Flowers Bakery of London
2023-01-22T16:10:35.901+01:00  INFO 5507 --- [ool-3-thread-52] tourGuide.service.RewardsService         : getDistance called
2023-01-22T16:10:35.899+01:00  INFO 5507 --- [ool-3-thread-57] tourGuide.service.RewardsService         : getDistance called
2023-01-22T16:10:35.901+01:00  INFO 5507 --- [ool-3-thread-52] tourGuide.service.RewardsService         : nearAttraction called with Buffalo National River
2023-01-22T16:10:35.899+01:00  INFO 5507 --- [ool-3-thread-45] tourGuide.service.RewardsService         : getDistance called
2023-01-22T16:10:35.901+01:00  INFO 5507 --- [ool-3-thread-52] tourGuide.service.RewardsService         : getDistance called
2023-01-22T16:10:35.899+01:00  INFO 5507 --- [ool-3-thread-29] tourGuide.service.RewardsService         : nearAttraction called with Flatiron Building
2023-01-22T16:10:35.901+01:00  INFO 5507 --- [ool-3-thread-52] tourGuide.service.RewardsService         : nearAttraction called with Kartchner Caverns State Park
2023-01-22T16:10:35.899+01:00  INFO 5507 --- [ool-3-thread-17] tourGuide.service.RewardsService         : nearAttraction called with Fallingwater
2023-01-22T16:10:35.899+01:00  INFO 5507 --- [ool-3-thread-54] tourGuide.service.RewardsService         : getDistance called
2023-01-22T16:10:35.901+01:00  INFO 5507 --- [ool-3-thread-17] tourGuide.service.RewardsService         : getDistance called
2023-01-22T16:10:35.899+01:00  INFO 5507 --- [ool-3-thread-69] tourGuide.service.RewardsService         : getRewardPoints called with Disneyland and internalUser81
2023-01-22T16:10:35.901+01:00  INFO 5507 --- [ool-3-thread-54] tourGuide.service.RewardsService         : nearAttraction called with Flowers Bakery of London
2023-01-22T16:10:35.899+01:00  INFO 5507 --- [ool-3-thread-25] tourGuide.service.RewardsService         : getDistance called
2023-01-22T16:10:35.899+01:00  INFO 5507 --- [ool-3-thread-18] tourGuide.service.RewardsService         : getDistance called
2023-01-22T16:10:35.899+01:00  INFO 5507 --- [ool-3-thread-65] tourGuide.service.RewardsService         : nearAttraction called with Texas Memorial Stadium
2023-01-22T16:10:35.901+01:00  INFO 5507 --- [ool-3-thread-18] tourGuide.service.RewardsService         : nearAttraction called with Fallingwater
2023-01-22T16:10:35.901+01:00  INFO 5507 --- [ool-3-thread-65] tourGuide.service.RewardsService         : getDistance called
2023-01-22T16:10:35.901+01:00  INFO 5507 --- [ool-3-thread-18] tourGuide.service.RewardsService         : getDistance called
2023-01-22T16:10:35.899+01:00  INFO 5507 --- [ool-3-thread-55] tourGuide.service.RewardsService         : nearAttraction called with Bryant-Denny Stadium
2023-01-22T16:10:35.901+01:00  INFO 5507 --- [ool-3-thread-65] tourGuide.service.RewardsService         : nearAttraction called with Roger Dean Stadium
2023-01-22T16:10:35.901+01:00  INFO 5507 --- [ool-3-thread-55] tourGuide.service.RewardsService         : getDistance called
2023-01-22T16:10:35.901+01:00  INFO 5507 --- [ool-3-thread-65] tourGuide.service.RewardsService         : getDistance called
2023-01-22T16:10:35.899+01:00  INFO 5507 --- [ool-3-thread-15] tourGuide.service.RewardsService         : getDistance called
2023-01-22T16:10:35.899+01:00  INFO 5507 --- [ool-3-thread-40] tourGuide.service.RewardsService         : getDistance called
2023-01-22T16:10:35.899+01:00  INFO 5507 --- [ool-3-thread-37] tourGuide.service.RewardsService         : nearAttraction called with San Diego Zoo
2023-01-22T16:10:35.901+01:00  INFO 5507 --- [ool-3-thread-40] tourGuide.service.RewardsService         : nearAttraction called with Neyland Stadium
2023-01-22T16:10:35.901+01:00  INFO 5507 --- [ool-3-thread-37] tourGuide.service.RewardsService         : getDistance called
2023-01-22T16:10:35.899+01:00  INFO 5507 --- [ool-3-thread-20] tourGuide.service.RewardsService         : nearAttraction called with Zoo Tampa at Lowry Park
2023-01-22T16:10:35.899+01:00  INFO 5507 --- [ool-3-thread-23] tourGuide.service.RewardsService         : getDistance called
2023-01-22T16:10:35.901+01:00  INFO 5507 --- [ool-3-thread-20] tourGuide.service.RewardsService         : getDistance called
2023-01-22T16:10:35.899+01:00  INFO 5507 --- [ool-3-thread-66] tourGuide.service.RewardsService         : nearAttraction called with Franklin Park Zoo
2023-01-22T16:10:35.901+01:00  INFO 5507 --- [ool-3-thread-20] tourGuide.service.RewardsService         : nearAttraction called with Zoo Tampa at Lowry Park
2023-01-22T16:10:35.901+01:00  INFO 5507 --- [ool-3-thread-66] tourGuide.service.RewardsService         : getDistance called
2023-01-22T16:10:35.899+01:00  INFO 5507 --- [pool-3-thread-4] tourGuide.service.RewardsService         : getRewardPoints called with Disneyland and internalUser83
2023-01-22T16:10:35.899+01:00  INFO 5507 --- [ool-3-thread-39] tourGuide.service.RewardsService         : getDistance called
2023-01-22T16:10:35.899+01:00  INFO 5507 --- [ool-3-thread-43] tourGuide.service.RewardsService         : getDistance called
2023-01-22T16:10:35.899+01:00  INFO 5507 --- [ool-3-thread-56] tourGuide.service.RewardsService         : getDistance called
2023-01-22T16:10:35.902+01:00  INFO 5507 --- [ool-3-thread-39] tourGuide.service.RewardsService         : nearAttraction called with El Paso Zoo
2023-01-22T16:10:35.902+01:00  INFO 5507 --- [ool-3-thread-43] tourGuide.service.RewardsService         : nearAttraction called with Kansas City Zoo
2023-01-22T16:10:35.902+01:00  INFO 5507 --- [ool-3-thread-39] tourGuide.service.RewardsService         : getDistance called
2023-01-22T16:10:35.900+01:00  INFO 5507 --- [ool-3-thread-26] tourGuide.service.RewardsService         : getDistance called
2023-01-22T16:10:35.902+01:00  INFO 5507 --- [ool-3-thread-39] tourGuide.service.RewardsService         : nearAttraction called with Cinderella Castle
2023-01-22T16:10:35.900+01:00  INFO 5507 --- [pool-3-thread-7] tourGuide.service.RewardsService         : nearAttraction called with Jackson Hole
2023-01-22T16:10:35.900+01:00  INFO 5507 --- [ool-3-thread-21] tourGuide.service.RewardsService         : getDistance called
2023-01-22T16:10:35.902+01:00  INFO 5507 --- [pool-3-thread-7] tourGuide.service.RewardsService         : getDistance called
2023-01-22T16:10:35.900+01:00  INFO 5507 --- [ool-3-thread-11] tourGuide.service.RewardsService         : getRewardPoints called with Disneyland and internalUser9
2023-01-22T16:10:35.902+01:00  INFO 5507 --- [ool-3-thread-21] tourGuide.service.RewardsService         : nearAttraction called with Jackson Hole
2023-01-22T16:10:35.900+01:00  INFO 5507 --- [ool-3-thread-42] tourGuide.service.RewardsService         : getDistance called
2023-01-22T16:10:35.900+01:00  INFO 5507 --- [ool-3-thread-27] tourGuide.service.RewardsService         : Rewards of internalUser86 calculated by calculateRewards
2023-01-22T16:10:35.902+01:00  INFO 5507 --- [ool-3-thread-42] tourGuide.service.RewardsService         : nearAttraction called with Joshua Tree National Park
2023-01-22T16:10:35.900+01:00  INFO 5507 --- [ool-3-thread-22] tourGuide.service.RewardsService         : nearAttraction called with Joshua Tree National Park
2023-01-22T16:10:35.902+01:00  INFO 5507 --- [ool-3-thread-27] tourGuide.service.RewardsService         : nearAttraction called with Buffalo National River
2023-01-22T16:10:35.900+01:00  INFO 5507 --- [ool-3-thread-28] tourGuide.service.RewardsService         : nearAttraction called with Hot Springs National Park
2023-01-22T16:10:35.902+01:00  INFO 5507 --- [ool-3-thread-27] tourGuide.service.RewardsService         : getDistance called
2023-01-22T16:10:35.900+01:00  INFO 5507 --- [ool-3-thread-44] tourGuide.service.RewardsService         : getDistance called
2023-01-22T16:10:35.902+01:00  INFO 5507 --- [ool-3-thread-27] tourGuide.service.RewardsService         : nearAttraction called with Hot Springs National Park
2023-01-22T16:10:35.900+01:00  INFO 5507 --- [ool-3-thread-70] tourGuide.service.RewardsService         : nearAttraction called with Legend Valley
2023-01-22T16:10:35.900+01:00  INFO 5507 --- [pool-3-thread-6] tourGuide.service.RewardsService         : getDistance called
2023-01-22T16:10:35.900+01:00  INFO 5507 --- [pool-3-thread-9] tourGuide.service.RewardsService         : nearAttraction called with Flatiron Building
2023-01-22T16:10:35.900+01:00  INFO 5507 --- [ool-3-thread-47] tourGuide.service.RewardsService         : nearAttraction called with McKinley Tower
2023-01-22T16:10:35.900+01:00  INFO 5507 --- [ool-3-thread-51] tourGuide.service.RewardsService         : getDistance called
2023-01-22T16:10:35.902+01:00  INFO 5507 --- [ool-3-thread-47] tourGuide.service.RewardsService         : getDistance called
2023-01-22T16:10:35.900+01:00  INFO 5507 --- [ool-3-thread-35] tourGuide.service.RewardsService         : getDistance called
2023-01-22T16:10:35.900+01:00  INFO 5507 --- [ool-3-thread-63] tourGuide.service.RewardsService         : nearAttraction called with Bryant-Denny Stadium
2023-01-22T16:10:35.900+01:00  INFO 5507 --- [ool-3-thread-59] tourGuide.service.RewardsService         : nearAttraction called with Neyland Stadium
2023-01-22T16:10:35.900+01:00  INFO 5507 --- [ool-3-thread-48] tourGuide.service.RewardsService         : getDistance called
2023-01-22T16:10:35.902+01:00  INFO 5507 --- [ool-3-thread-59] tourGuide.service.RewardsService         : getDistance called
2023-01-22T16:10:35.902+01:00  INFO 5507 --- [ool-3-thread-47] tourGuide.service.RewardsService         : nearAttraction called with McKinley Tower
2023-01-22T16:10:35.900+01:00  INFO 5507 --- [ool-3-thread-13] tourGuide.service.RewardsService         : getDistance called
2023-01-22T16:10:35.900+01:00  INFO 5507 --- [ool-3-thread-33] tourGuide.service.RewardsService         : nearAttraction called with Kyle Field
2023-01-22T16:10:35.900+01:00  INFO 5507 --- [ool-3-thread-67] tourGuide.service.RewardsService         : getDistance called
2023-01-22T16:10:35.900+01:00  INFO 5507 --- [ool-3-thread-64] tourGuide.service.RewardsService         : getDistance called
2023-01-22T16:10:35.902+01:00  INFO 5507 --- [ool-3-thread-47] tourGuide.service.RewardsService         : getDistance called
2023-01-22T16:10:35.902+01:00  INFO 5507 --- [ool-3-thread-67] tourGuide.service.RewardsService         : nearAttraction called with Texas Memorial Stadium
2023-01-22T16:10:35.901+01:00  INFO 5507 --- [ool-3-thread-34] tourGuide.service.RewardsService         : nearAttraction called with El Paso Zoo
2023-01-22T16:10:35.902+01:00  INFO 5507 --- [ool-3-thread-67] tourGuide.service.RewardsService         : getDistance called
2023-01-22T16:10:35.901+01:00  INFO 5507 --- [pool-3-thread-5] tourGuide.service.RewardsService         : getDistance called
2023-01-22T16:10:35.902+01:00  INFO 5507 --- [ool-3-thread-67] tourGuide.service.RewardsService         : nearAttraction called with Neyland Stadium
2023-01-22T16:10:35.901+01:00  INFO 5507 --- [ool-3-thread-60] tourGuide.service.RewardsService         : getRewardPoints called with Disneyland and internalUser82
2023-01-22T16:10:35.902+01:00  INFO 5507 --- [ool-3-thread-34] tourGuide.service.RewardsService         : getDistance called
2023-01-22T16:10:35.901+01:00  INFO 5507 --- [ool-3-thread-31] tourGuide.service.RewardsService         : nearAttraction called with Kansas City Zoo
2023-01-22T16:10:35.901+01:00  INFO 5507 --- [ool-3-thread-12] tourGuide.service.RewardsService         : nearAttraction called with Bronx Zoo
2023-01-22T16:10:35.901+01:00  INFO 5507 --- [ool-3-thread-58] tourGuide.service.RewardsService         : nearAttraction called with Cinderella Castle
2023-01-22T16:10:35.903+01:00  INFO 5507 --- [ool-3-thread-67] tourGuide.service.RewardsService         : getDistance called
2023-01-22T16:10:35.901+01:00  INFO 5507 --- [ool-3-thread-30] tourGuide.service.RewardsService         : getDistance called
2023-01-22T16:10:35.903+01:00  INFO 5507 --- [ool-3-thread-67] tourGuide.service.RewardsService         : nearAttraction called with Zoo Tampa at Lowry Park
2023-01-22T16:10:35.901+01:00  INFO 5507 --- [ool-3-thread-41] tourGuide.service.RewardsService         : getDistance called
2023-01-22T16:10:35.901+01:00  INFO 5507 --- [pool-3-thread-2] tourGuide.service.RewardsService         : getDistance called
2023-01-22T16:10:35.903+01:00  INFO 5507 --- [ool-3-thread-41] tourGuide.service.RewardsService         : nearAttraction called with Franklin Park Zoo
2023-01-22T16:10:35.903+01:00  INFO 5507 --- [ool-3-thread-41] tourGuide.service.RewardsService         : getDistance called
2023-01-22T16:10:35.901+01:00  INFO 5507 --- [ool-3-thread-32] tourGuide.service.RewardsService         : getDistance called
2023-01-22T16:10:35.901+01:00  INFO 5507 --- [ool-3-thread-57] tourGuide.service.RewardsService         : nearAttraction called with Hot Springs National Park
2023-01-22T16:10:35.901+01:00  INFO 5507 --- [ool-3-thread-45] tourGuide.service.RewardsService         : nearAttraction called with Legend Valley
2023-01-22T16:10:35.903+01:00  INFO 5507 --- [ool-3-thread-57] tourGuide.service.RewardsService         : getDistance called
2023-01-22T16:10:35.901+01:00  INFO 5507 --- [ool-3-thread-29] tourGuide.service.RewardsService         : getDistance called
2023-01-22T16:10:35.901+01:00  INFO 5507 --- [ool-3-thread-52] tourGuide.service.RewardsService         : getDistance called
2023-01-22T16:10:35.903+01:00  INFO 5507 --- [ool-3-thread-29] tourGuide.service.RewardsService         : nearAttraction called with Disneyland
2023-01-22T16:10:35.901+01:00  INFO 5507 --- [ool-3-thread-17] tourGuide.service.RewardsService         : nearAttraction called with McKinley Tower
2023-01-22T16:10:35.901+01:00  INFO 5507 --- [ool-3-thread-54] tourGuide.service.RewardsService         : getDistance called
2023-01-22T16:10:35.903+01:00  INFO 5507 --- [ool-3-thread-17] tourGuide.service.RewardsService         : getDistance called
2023-01-22T16:10:35.901+01:00  INFO 5507 --- [ool-3-thread-25] tourGuide.service.RewardsService         : nearAttraction called with Flatiron Building
2023-01-22T16:10:35.903+01:00  INFO 5507 --- [ool-3-thread-17] tourGuide.service.RewardsService         : nearAttraction called with Mojave National Preserve
2023-01-22T16:10:35.903+01:00  INFO 5507 --- [ool-3-thread-25] tourGuide.service.RewardsService         : getDistance called
2023-01-22T16:10:35.903+01:00  INFO 5507 --- [ool-3-thread-17] tourGuide.service.RewardsService         : getDistance called
2023-01-22T16:10:35.901+01:00  INFO 5507 --- [ool-3-thread-18] tourGuide.service.RewardsService         : nearAttraction called with Union Station
2023-01-22T16:10:35.903+01:00  INFO 5507 --- [ool-3-thread-17] tourGuide.service.RewardsService         : nearAttraction called with Hot Springs National Park
2023-01-22T16:10:35.903+01:00  INFO 5507 --- [ool-3-thread-18] tourGuide.service.RewardsService         : getDistance called
2023-01-22T16:10:35.903+01:00  INFO 5507 --- [ool-3-thread-17] tourGuide.service.RewardsService         : getDistance called
2023-01-22T16:10:35.901+01:00  INFO 5507 --- [ool-3-thread-55] tourGuide.service.RewardsService         : nearAttraction called with Texas Memorial Stadium
2023-01-22T16:10:35.901+01:00  INFO 5507 --- [ool-3-thread-65] tourGuide.service.RewardsService         : nearAttraction called with Bryant-Denny Stadium
2023-01-22T16:10:35.901+01:00  INFO 5507 --- [ool-3-thread-15] tourGuide.service.RewardsService         : nearAttraction called with Tiger Stadium
2023-01-22T16:10:35.901+01:00  INFO 5507 --- [ool-3-thread-40] tourGuide.service.RewardsService         : getDistance called
2023-01-22T16:10:35.901+01:00  INFO 5507 --- [ool-3-thread-37] tourGuide.service.RewardsService         : nearAttraction called with Kyle Field
2023-01-22T16:10:35.901+01:00  INFO 5507 --- [ool-3-thread-23] tourGuide.service.RewardsService         : nearAttraction called with San Diego Zoo
2023-01-22T16:10:35.903+01:00  INFO 5507 --- [ool-3-thread-37] tourGuide.service.RewardsService         : getDistance called
2023-01-22T16:10:35.902+01:00  INFO 5507 --- [ool-3-thread-20] tourGuide.service.RewardsService         : getDistance called
2023-01-22T16:10:35.903+01:00  INFO 5507 --- [ool-3-thread-37] tourGuide.service.RewardsService         : nearAttraction called with McKinley Tower
2023-01-22T16:10:35.902+01:00  INFO 5507 --- [ool-3-thread-66] tourGuide.service.RewardsService         : nearAttraction called with Franklin Park Zoo
2023-01-22T16:10:35.902+01:00  INFO 5507 --- [ool-3-thread-56] tourGuide.service.RewardsService         : nearAttraction called with Bronx Zoo
2023-01-22T16:10:35.903+01:00  INFO 5507 --- [ool-3-thread-66] tourGuide.service.RewardsService         : getDistance called
2023-01-22T16:10:35.903+01:00  INFO 5507 --- [ool-3-thread-56] tourGuide.service.RewardsService         : getDistance called
2023-01-22T16:10:35.902+01:00  INFO 5507 --- [ool-3-thread-43] tourGuide.service.RewardsService         : getDistance called
2023-01-22T16:10:35.903+01:00  INFO 5507 --- [ool-3-thread-56] tourGuide.service.RewardsService         : nearAttraction called with Union Station
2023-01-22T16:10:35.902+01:00  INFO 5507 --- [ool-3-thread-26] tourGuide.service.RewardsService         : nearAttraction called with Disneyland
2023-01-22T16:10:35.902+01:00  INFO 5507 --- [ool-3-thread-39] tourGuide.service.RewardsService         : getDistance called
2023-01-22T16:10:35.902+01:00  INFO 5507 --- [pool-3-thread-7] tourGuide.service.RewardsService         : nearAttraction called with Mojave National Preserve
2023-01-22T16:10:35.904+01:00  INFO 5507 --- [ool-3-thread-26] tourGuide.service.RewardsService         : getDistance called
2023-01-22T16:10:35.902+01:00  INFO 5507 --- [ool-3-thread-21] tourGuide.service.RewardsService         : getDistance called
2023-01-22T16:10:35.904+01:00  INFO 5507 --- [ool-3-thread-39] tourGuide.service.RewardsService         : nearAttraction called with Texas Memorial Stadium
2023-01-22T16:10:35.902+01:00  INFO 5507 --- [ool-3-thread-42] tourGuide.service.RewardsService         : getDistance called
2023-01-22T16:10:35.902+01:00  INFO 5507 --- [ool-3-thread-22] tourGuide.service.RewardsService         : getDistance called
2023-01-22T16:10:35.902+01:00  INFO 5507 --- [ool-3-thread-28] tourGuide.service.RewardsService         : getDistance called
2023-01-22T16:10:35.902+01:00  INFO 5507 --- [ool-3-thread-27] tourGuide.service.RewardsService         : getDistance called
2023-01-22T16:10:35.904+01:00  INFO 5507 --- [ool-3-thread-22] tourGuide.service.RewardsService         : nearAttraction called with Tiger Stadium
2023-01-22T16:10:35.904+01:00  INFO 5507 --- [ool-3-thread-42] tourGuide.service.RewardsService         : nearAttraction called with Kyle Field
2023-01-22T16:10:35.904+01:00  INFO 5507 --- [ool-3-thread-27] tourGuide.service.RewardsService         : nearAttraction called with San Diego Zoo
2023-01-22T16:10:35.902+01:00  INFO 5507 --- [ool-3-thread-44] tourGuide.service.RewardsService         : nearAttraction called with Kartchner Caverns State Park
2023-01-22T16:10:35.904+01:00  INFO 5507 --- [ool-3-thread-27] tourGuide.service.RewardsService         : getDistance called
2023-01-22T16:10:35.904+01:00  INFO 5507 --- [ool-3-thread-44] tourGuide.service.RewardsService         : getDistance called
2023-01-22T16:10:35.904+01:00  INFO 5507 --- [ool-3-thread-27] tourGuide.service.RewardsService         : nearAttraction called with Zoo Tampa at Lowry Park
2023-01-22T16:10:35.904+01:00  INFO 5507 --- [ool-3-thread-44] tourGuide.service.RewardsService         : nearAttraction called with Franklin Park Zoo
2023-01-22T16:10:35.904+01:00  INFO 5507 --- [ool-3-thread-27] tourGuide.service.RewardsService         : getDistance called
2023-01-22T16:10:35.904+01:00  INFO 5507 --- [ool-3-thread-44] tourGuide.service.RewardsService         : getDistance called
2023-01-22T16:10:35.904+01:00  INFO 5507 --- [ool-3-thread-27] tourGuide.service.RewardsService         : nearAttraction called with El Paso Zoo
2023-01-22T16:10:35.904+01:00  INFO 5507 --- [ool-3-thread-44] tourGuide.service.RewardsService         : nearAttraction called with Kansas City Zoo
2023-01-22T16:10:35.904+01:00  INFO 5507 --- [ool-3-thread-27] tourGuide.service.RewardsService         : getDistance called
2023-01-22T16:10:35.904+01:00  INFO 5507 --- [ool-3-thread-44] tourGuide.service.RewardsService         : getDistance called
2023-01-22T16:10:35.902+01:00  INFO 5507 --- [ool-3-thread-70] tourGuide.service.RewardsService         : getDistance called
2023-01-22T16:10:35.902+01:00  INFO 5507 --- [pool-3-thread-9] tourGuide.service.RewardsService         : getDistance called
2023-01-22T16:10:35.904+01:00  INFO 5507 --- [ool-3-thread-70] tourGuide.service.RewardsService         : nearAttraction called with Disneyland
2023-01-22T16:10:35.902+01:00  INFO 5507 --- [pool-3-thread-6] tourGuide.service.RewardsService         : nearAttraction called with Legend Valley
2023-01-22T16:10:35.904+01:00  INFO 5507 --- [ool-3-thread-70] tourGuide.service.RewardsService         : getDistance called
2023-01-22T16:10:35.904+01:00  INFO 5507 --- [pool-3-thread-6] tourGuide.service.RewardsService         : getDistance called
2023-01-22T16:10:35.902+01:00  INFO 5507 --- [ool-3-thread-63] tourGuide.service.RewardsService         : getDistance called
2023-01-22T16:10:35.904+01:00  INFO 5507 --- [pool-3-thread-6] tourGuide.service.RewardsService         : nearAttraction called with Mojave National Preserve
2023-01-22T16:10:35.902+01:00  INFO 5507 --- [ool-3-thread-35] tourGuide.service.RewardsService         : nearAttraction called with Flatiron Building
2023-01-22T16:10:35.902+01:00  INFO 5507 --- [ool-3-thread-51] tourGuide.service.RewardsService         : nearAttraction called with Flowers Bakery of London
2023-01-22T16:10:35.902+01:00  INFO 5507 --- [ool-3-thread-48] tourGuide.service.RewardsService         : nearAttraction called with Fallingwater
2023-01-22T16:10:35.902+01:00  INFO 5507 --- [ool-3-thread-59] tourGuide.service.RewardsService         : nearAttraction called with Union Station
2023-01-22T16:10:35.905+01:00  INFO 5507 --- [ool-3-thread-59] tourGuide.service.RewardsService         : getDistance called
2023-01-22T16:10:35.905+01:00  INFO 5507 --- [ool-3-thread-59] tourGuide.service.RewardsService         : nearAttraction called with Buffalo National River
2023-01-22T16:10:35.905+01:00  INFO 5507 --- [ool-3-thread-59] tourGuide.service.RewardsService         : getDistance called
2023-01-22T16:10:35.902+01:00  INFO 5507 --- [ool-3-thread-13] tourGuide.service.RewardsService         : nearAttraction called with Roger Dean Stadium
2023-01-22T16:10:35.902+01:00  INFO 5507 --- [ool-3-thread-33] tourGuide.service.RewardsService         : getDistance called
2023-01-22T16:10:35.905+01:00  INFO 5507 --- [ool-3-thread-13] tourGuide.service.RewardsService         : getDistance called
2023-01-22T16:10:35.902+01:00  INFO 5507 --- [ool-3-thread-64] tourGuide.service.RewardsService         : nearAttraction called with Bryant-Denny Stadium
2023-01-22T16:10:35.905+01:00  INFO 5507 --- [ool-3-thread-13] tourGuide.service.RewardsService         : nearAttraction called with Legend Valley
2023-01-22T16:10:35.905+01:00  INFO 5507 --- [ool-3-thread-64] tourGuide.service.RewardsService         : getDistance called
2023-01-22T16:10:35.902+01:00  INFO 5507 --- [ool-3-thread-47] tourGuide.service.RewardsService         : nearAttraction called with Tiger Stadium
2023-01-22T16:10:35.905+01:00  INFO 5507 --- [ool-3-thread-64] tourGuide.service.RewardsService         : nearAttraction called with Flowers Bakery of London
2023-01-22T16:10:35.905+01:00  INFO 5507 --- [ool-3-thread-47] tourGuide.service.RewardsService         : getDistance called
2023-01-22T16:10:35.902+01:00  INFO 5507 --- [pool-3-thread-5] tourGuide.service.RewardsService         : nearAttraction called with Kyle Field
2023-01-22T16:10:35.903+01:00  INFO 5507 --- [ool-3-thread-31] tourGuide.service.RewardsService         : getDistance called
2023-01-22T16:10:35.903+01:00  INFO 5507 --- [ool-3-thread-34] tourGuide.service.RewardsService         : nearAttraction called with San Diego Zoo
2023-01-22T16:10:35.905+01:00  INFO 5507 --- [ool-3-thread-31] tourGuide.service.RewardsService         : nearAttraction called with Flatiron Building
2023-01-22T16:10:35.905+01:00  INFO 5507 --- [ool-3-thread-34] tourGuide.service.RewardsService         : getDistance called
2023-01-22T16:10:35.905+01:00  INFO 5507 --- [ool-3-thread-31] tourGuide.service.RewardsService         : getDistance called
2023-01-22T16:10:35.903+01:00  INFO 5507 --- [ool-3-thread-58] tourGuide.service.RewardsService         : getDistance called
2023-01-22T16:10:35.905+01:00  INFO 5507 --- [ool-3-thread-31] tourGuide.service.RewardsService         : nearAttraction called with Union Station
2023-01-22T16:10:35.903+01:00  INFO 5507 --- [ool-3-thread-12] tourGuide.service.RewardsService         : getDistance called
2023-01-22T16:10:35.903+01:00  INFO 5507 --- [ool-3-thread-67] tourGuide.service.RewardsService         : getDistance called
2023-01-22T16:10:35.905+01:00  INFO 5507 --- [ool-3-thread-12] tourGuide.service.RewardsService         : nearAttraction called with Texas Memorial Stadium
2023-01-22T16:10:35.903+01:00  INFO 5507 --- [ool-3-thread-30] tourGuide.service.RewardsService         : getRewardPoints called with Disneyland and internalUser8
2023-01-22T16:10:35.903+01:00  INFO 5507 --- [pool-3-thread-2] tourGuide.service.RewardsService         : nearAttraction called with El Paso Zoo
2023-01-22T16:10:35.903+01:00  INFO 5507 --- [ool-3-thread-41] tourGuide.service.RewardsService         : nearAttraction called with Kansas City Zoo
2023-01-22T16:10:35.903+01:00  INFO 5507 --- [ool-3-thread-32] tourGuide.service.RewardsService         : nearAttraction called with Bronx Zoo
2023-01-22T16:10:35.903+01:00  INFO 5507 --- [ool-3-thread-45] tourGuide.service.RewardsService         : getDistance called
2023-01-22T16:10:35.903+01:00  INFO 5507 --- [ool-3-thread-57] tourGuide.service.RewardsService         : nearAttraction called with Cinderella Castle
2023-01-22T16:10:35.903+01:00  INFO 5507 --- [ool-3-thread-29] tourGuide.service.RewardsService         : getDistance called
2023-01-22T16:10:35.903+01:00  INFO 5507 --- [ool-3-thread-52] tourGuide.service.RewardsService         : nearAttraction called with Jackson Hole
2023-01-22T16:10:35.905+01:00  INFO 5507 --- [ool-3-thread-29] tourGuide.service.RewardsService         : getRewardPoints called with Disneyland and internalUser16
2023-01-22T16:10:35.905+01:00  INFO 5507 --- [ool-3-thread-52] tourGuide.service.RewardsService         : getDistance called
2023-01-22T16:10:35.903+01:00  INFO 5507 --- [ool-3-thread-54] tourGuide.service.RewardsService         : nearAttraction called with Joshua Tree National Park
2023-01-22T16:10:35.903+01:00  INFO 5507 --- [ool-3-thread-25] tourGuide.service.RewardsService         : nearAttraction called with Buffalo National River
2023-01-22T16:10:35.906+01:00  INFO 5507 --- [ool-3-thread-52] tourGuide.service.RewardsService         : nearAttraction called with Neyland Stadium
2023-01-22T16:10:35.906+01:00  INFO 5507 --- [ool-3-thread-54] tourGuide.service.RewardsService         : getDistance called
2023-01-22T16:10:35.906+01:00  INFO 5507 --- [ool-3-thread-52] tourGuide.service.RewardsService         : getDistance called
2023-01-22T16:10:35.903+01:00  INFO 5507 --- [ool-3-thread-18] tourGuide.service.RewardsService         : nearAttraction called with Kartchner Caverns State Park
2023-01-22T16:10:35.903+01:00  INFO 5507 --- [ool-3-thread-17] tourGuide.service.RewardsService         : nearAttraction called with Legend Valley
2023-01-22T16:10:35.903+01:00  INFO 5507 --- [ool-3-thread-55] tourGuide.service.RewardsService         : getDistance called
2023-01-22T16:10:35.906+01:00  INFO 5507 --- [ool-3-thread-52] tourGuide.service.RewardsService         : nearAttraction called with San Diego Zoo
2023-01-22T16:10:35.903+01:00  INFO 5507 --- [ool-3-thread-65] tourGuide.service.RewardsService         : getDistance called
2023-01-22T16:10:35.906+01:00  INFO 5507 --- [ool-3-thread-55] tourGuide.service.RewardsService         : nearAttraction called with Zoo Tampa at Lowry Park
2023-01-22T16:10:35.906+01:00  INFO 5507 --- [ool-3-thread-52] tourGuide.service.RewardsService         : getDistance called
2023-01-22T16:10:35.906+01:00  INFO 5507 --- [ool-3-thread-65] tourGuide.service.RewardsService         : nearAttraction called with Franklin Park Zoo
2023-01-22T16:10:35.903+01:00  INFO 5507 --- [ool-3-thread-15] tourGuide.service.RewardsService         : getDistance called
2023-01-22T16:10:35.906+01:00  INFO 5507 --- [ool-3-thread-65] tourGuide.service.RewardsService         : getDistance called
2023-01-22T16:10:35.903+01:00  INFO 5507 --- [ool-3-thread-40] tourGuide.service.RewardsService         : nearAttraction called with Flowers Bakery of London
2023-01-22T16:10:35.906+01:00  INFO 5507 --- [ool-3-thread-15] tourGuide.service.RewardsService         : nearAttraction called with Kansas City Zoo
2023-01-22T16:10:35.906+01:00  INFO 5507 --- [ool-3-thread-40] tourGuide.service.RewardsService         : getDistance called
2023-01-22T16:10:35.903+01:00  INFO 5507 --- [ool-3-thread-23] tourGuide.service.RewardsService         : getDistance called
2023-01-22T16:10:35.906+01:00  INFO 5507 --- [ool-3-thread-40] tourGuide.service.RewardsService         : nearAttraction called with Cinderella Castle
2023-01-22T16:10:35.903+01:00  INFO 5507 --- [ool-3-thread-20] tourGuide.service.RewardsService         : nearAttraction called with Flatiron Building
2023-01-22T16:10:35.906+01:00  INFO 5507 --- [ool-3-thread-40] tourGuide.service.RewardsService         : getDistance called
2023-01-22T16:10:35.906+01:00  INFO 5507 --- [ool-3-thread-20] tourGuide.service.RewardsService         : getDistance called
2023-01-22T16:10:35.903+01:00  INFO 5507 --- [ool-3-thread-37] tourGuide.service.RewardsService         : getDistance called
2023-01-22T16:10:35.906+01:00  INFO 5507 --- [ool-3-thread-40] tourGuide.service.RewardsService         : nearAttraction called with Jackson Hole
2023-01-22T16:10:35.903+01:00  INFO 5507 --- [ool-3-thread-66] tourGuide.service.RewardsService         : nearAttraction called with Fallingwater
2023-01-22T16:10:35.903+01:00  INFO 5507 --- [ool-3-thread-56] tourGuide.service.RewardsService         : getDistance called
2023-01-22T16:10:35.903+01:00  INFO 5507 --- [ool-3-thread-43] tourGuide.service.RewardsService         : nearAttraction called with Roger Dean Stadium
2023-01-22T16:10:35.904+01:00  INFO 5507 --- [pool-3-thread-7] tourGuide.service.RewardsService         : getDistance called
2023-01-22T16:10:35.904+01:00  INFO 5507 --- [ool-3-thread-26] tourGuide.service.RewardsService         : getRewardPoints called with Disneyland and internalUser19
2023-01-22T16:10:35.904+01:00  INFO 5507 --- [ool-3-thread-21] tourGuide.service.RewardsService         : nearAttraction called with Bryant-Denny Stadium
2023-01-22T16:10:35.904+01:00  INFO 5507 --- [ool-3-thread-39] tourGuide.service.RewardsService         : getDistance called
2023-01-22T16:10:35.904+01:00  INFO 5507 --- [ool-3-thread-28] tourGuide.service.RewardsService         : nearAttraction called with Neyland Stadium
2023-01-22T16:10:35.904+01:00  INFO 5507 --- [ool-3-thread-22] tourGuide.service.RewardsService         : getDistance called
2023-01-22T16:10:35.904+01:00  INFO 5507 --- [ool-3-thread-42] tourGuide.service.RewardsService         : getDistance called
2023-01-22T16:10:35.910+01:00  INFO 5507 --- [ool-3-thread-39] tourGuide.service.RewardsService         : nearAttraction called with Kartchner Caverns State Park
2023-01-22T16:10:35.904+01:00  INFO 5507 --- [ool-3-thread-44] tourGuide.service.RewardsService         : nearAttraction called with Bronx Zoo
2023-01-22T16:10:35.910+01:00  INFO 5507 --- [ool-3-thread-42] tourGuide.service.RewardsService         : nearAttraction called with Flowers Bakery of London
2023-01-22T16:10:35.910+01:00  INFO 5507 --- [ool-3-thread-44] tourGuide.service.RewardsService         : getDistance called
2023-01-22T16:10:35.904+01:00  INFO 5507 --- [ool-3-thread-27] tourGuide.service.RewardsService         : nearAttraction called with Cinderella Castle
2023-01-22T16:10:35.910+01:00  INFO 5507 --- [ool-3-thread-44] tourGuide.service.RewardsService         : nearAttraction called with McKinley Tower
2023-01-22T16:10:35.910+01:00  INFO 5507 --- [ool-3-thread-27] tourGuide.service.RewardsService         : getDistance called
2023-01-22T16:10:35.910+01:00  INFO 5507 --- [ool-3-thread-44] tourGuide.service.RewardsService         : getDistance called
2023-01-22T16:10:35.904+01:00  INFO 5507 --- [pool-3-thread-9] tourGuide.service.RewardsService         : nearAttraction called with Jackson Hole
2023-01-22T16:10:35.910+01:00  INFO 5507 --- [ool-3-thread-27] tourGuide.service.RewardsService         : nearAttraction called with Flatiron Building
2023-01-22T16:10:35.910+01:00  INFO 5507 --- [pool-3-thread-9] tourGuide.service.RewardsService         : getDistance called
2023-01-22T16:10:35.910+01:00  INFO 5507 --- [ool-3-thread-27] tourGuide.service.RewardsService         : getDistance called
2023-01-22T16:10:35.904+01:00  INFO 5507 --- [ool-3-thread-70] tourGuide.service.RewardsService         : getRewardPoints called with Disneyland and internalUser15
2023-01-22T16:10:35.911+01:00  INFO 5507 --- [pool-3-thread-9] tourGuide.service.RewardsService         : nearAttraction called with Union Station
2023-01-22T16:10:35.904+01:00  INFO 5507 --- [ool-3-thread-63] tourGuide.service.RewardsService         : nearAttraction called with Joshua Tree National Park
2023-01-22T16:10:35.904+01:00  INFO 5507 --- [pool-3-thread-6] tourGuide.service.RewardsService         : getDistance called
2023-01-22T16:10:35.905+01:00  INFO 5507 --- [ool-3-thread-35] tourGuide.service.RewardsService         : getDistance called
2023-01-22T16:10:35.911+01:00  INFO 5507 --- [pool-3-thread-6] tourGuide.service.RewardsService         : nearAttraction called with Texas Memorial Stadium
2023-01-22T16:10:35.905+01:00  INFO 5507 --- [ool-3-thread-51] tourGuide.service.RewardsService         : getDistance called
2023-01-22T16:10:35.905+01:00  INFO 5507 --- [ool-3-thread-48] tourGuide.service.RewardsService         : getDistance called
2023-01-22T16:10:35.905+01:00  INFO 5507 --- [ool-3-thread-59] tourGuide.service.RewardsService         : nearAttraction called with Hot Springs National Park
2023-01-22T16:10:35.905+01:00  INFO 5507 --- [ool-3-thread-33] tourGuide.service.RewardsService         : nearAttraction called with Kartchner Caverns State Park
2023-01-22T16:10:35.911+01:00  INFO 5507 --- [ool-3-thread-48] tourGuide.service.RewardsService         : nearAttraction called with Neyland Stadium
2023-01-22T16:10:35.905+01:00  INFO 5507 --- [ool-3-thread-13] tourGuide.service.RewardsService         : getDistance called
2023-01-22T16:10:35.905+01:00  INFO 5507 --- [ool-3-thread-64] tourGuide.service.RewardsService         : getDistance called
2023-01-22T16:10:35.911+01:00  INFO 5507 --- [ool-3-thread-64] tourGuide.service.RewardsService         : nearAttraction called with San Diego Zoo
2023-01-22T16:10:35.911+01:00  INFO 5507 --- [ool-3-thread-64] tourGuide.service.RewardsService         : getDistance called
2023-01-22T16:10:35.905+01:00  INFO 5507 --- [ool-3-thread-47] tourGuide.service.RewardsService         : nearAttraction called with McKinley Tower
2023-01-22T16:10:35.905+01:00  INFO 5507 --- [pool-3-thread-5] tourGuide.service.RewardsService         : getDistance called
2023-01-22T16:10:35.905+01:00  INFO 5507 --- [ool-3-thread-34] tourGuide.service.RewardsService         : nearAttraction called with Fallingwater
2023-01-22T16:10:35.905+01:00  INFO 5507 --- [ool-3-thread-31] tourGuide.service.RewardsService         : getDistance called
2023-01-22T16:10:35.905+01:00  INFO 5507 --- [ool-3-thread-58] tourGuide.service.RewardsService         : nearAttraction called with Roger Dean Stadium
2023-01-22T16:10:35.911+01:00  INFO 5507 --- [ool-3-thread-31] tourGuide.service.RewardsService         : nearAttraction called with El Paso Zoo
2023-01-22T16:10:35.905+01:00  INFO 5507 --- [ool-3-thread-67] tourGuide.service.RewardsService         : nearAttraction called with Bryant-Denny Stadium
2023-01-22T16:10:35.905+01:00  INFO 5507 --- [ool-3-thread-12] tourGuide.service.RewardsService         : getDistance called
2023-01-22T16:10:35.911+01:00  INFO 5507 --- [ool-3-thread-67] tourGuide.service.RewardsService         : getDistance called
2023-01-22T16:10:35.905+01:00  INFO 5507 --- [pool-3-thread-2] tourGuide.service.RewardsService         : getDistance called
2023-01-22T16:10:35.911+01:00  INFO 5507 --- [ool-3-thread-12] tourGuide.service.RewardsService         : nearAttraction called with Kansas City Zoo
2023-01-22T16:10:35.911+01:00  INFO 5507 --- [pool-3-thread-2] tourGuide.service.RewardsService         : nearAttraction called with Cinderella Castle
2023-01-22T16:10:35.905+01:00  INFO 5507 --- [ool-3-thread-41] tourGuide.service.RewardsService         : getDistance called
2023-01-22T16:10:35.905+01:00  INFO 5507 --- [ool-3-thread-32] tourGuide.service.RewardsService         : getDistance called
2023-01-22T16:10:35.911+01:00  INFO 5507 --- [ool-3-thread-41] tourGuide.service.RewardsService         : nearAttraction called with Disneyland
2023-01-22T16:10:35.911+01:00  INFO 5507 --- [ool-3-thread-41] tourGuide.service.RewardsService         : getDistance called
2023-01-22T16:10:35.905+01:00  INFO 5507 --- [ool-3-thread-45] tourGuide.service.RewardsService         : nearAttraction called with Tiger Stadium
2023-01-22T16:10:35.911+01:00  INFO 5507 --- [ool-3-thread-41] tourGuide.service.RewardsService         : getRewardPoints called with Disneyland and internalUser17
2023-01-22T16:10:35.905+01:00  INFO 5507 --- [ool-3-thread-57] tourGuide.service.RewardsService         : getDistance called
2023-01-22T16:10:35.906+01:00  INFO 5507 --- [ool-3-thread-25] tourGuide.service.RewardsService         : getDistance called
2023-01-22T16:10:35.906+01:00  INFO 5507 --- [ool-3-thread-18] tourGuide.service.RewardsService         : getDistance called
2023-01-22T16:10:35.906+01:00  INFO 5507 --- [ool-3-thread-17] tourGuide.service.RewardsService         : getDistance called
2023-01-22T16:10:35.912+01:00  INFO 5507 --- [ool-3-thread-25] tourGuide.service.RewardsService         : nearAttraction called with Joshua Tree National Park
2023-01-22T16:10:35.906+01:00  INFO 5507 --- [ool-3-thread-54] tourGuide.service.RewardsService         : nearAttraction called with Kyle Field
2023-01-22T16:10:35.906+01:00  INFO 5507 --- [ool-3-thread-55] tourGuide.service.RewardsService         : getDistance called
2023-01-22T16:10:35.912+01:00  INFO 5507 --- [ool-3-thread-54] tourGuide.service.RewardsService         : getDistance called
2023-01-22T16:10:35.906+01:00  INFO 5507 --- [ool-3-thread-52] tourGuide.service.RewardsService         : nearAttraction called with El Paso Zoo
2023-01-22T16:10:35.912+01:00  INFO 5507 --- [ool-3-thread-54] tourGuide.service.RewardsService         : nearAttraction called with Legend Valley
2023-01-22T16:10:35.912+01:00  INFO 5507 --- [ool-3-thread-52] tourGuide.service.RewardsService         : getDistance called
2023-01-22T16:10:35.912+01:00  INFO 5507 --- [ool-3-thread-54] tourGuide.service.RewardsService         : getDistance called
2023-01-22T16:10:35.906+01:00  INFO 5507 --- [ool-3-thread-65] tourGuide.service.RewardsService         : nearAttraction called with Bronx Zoo
2023-01-22T16:10:35.912+01:00  INFO 5507 --- [ool-3-thread-65] tourGuide.service.RewardsService         : getDistance called
2023-01-22T16:10:35.906+01:00  INFO 5507 --- [ool-3-thread-15] tourGuide.service.RewardsService         : getDistance called
2023-01-22T16:10:35.912+01:00  INFO 5507 --- [ool-3-thread-65] tourGuide.service.RewardsService         : nearAttraction called with Flatiron Building
2023-01-22T16:10:35.906+01:00  INFO 5507 --- [ool-3-thread-23] tourGuide.service.RewardsService         : nearAttraction called with Disneyland
2023-01-22T16:10:35.906+01:00  INFO 5507 --- [ool-3-thread-20] tourGuide.service.RewardsService         : nearAttraction called with Mojave National Preserve
2023-01-22T16:10:35.912+01:00  INFO 5507 --- [ool-3-thread-23] tourGuide.service.RewardsService         : getDistance called
2023-01-22T16:10:35.906+01:00  INFO 5507 --- [ool-3-thread-37] tourGuide.service.RewardsService         : nearAttraction called with Joshua Tree National Park
2023-01-22T16:10:35.912+01:00  INFO 5507 --- [ool-3-thread-23] tourGuide.service.RewardsService         : getRewardPoints called with Disneyland and internalUser18
2023-01-22T16:10:35.906+01:00  INFO 5507 --- [ool-3-thread-40] tourGuide.service.RewardsService         : getDistance called
2023-01-22T16:10:35.906+01:00  INFO 5507 --- [ool-3-thread-66] tourGuide.service.RewardsService         : getDistance called
2023-01-22T16:10:35.906+01:00  INFO 5507 --- [ool-3-thread-56] tourGuide.service.RewardsService         : nearAttraction called with Buffalo National River
2023-01-22T16:10:35.912+01:00  INFO 5507 --- [ool-3-thread-66] tourGuide.service.RewardsService         : nearAttraction called with Roger Dean Stadium
2023-01-22T16:10:35.906+01:00  INFO 5507 --- [ool-3-thread-43] tourGuide.service.RewardsService         : getDistance called
2023-01-22T16:10:35.906+01:00  INFO 5507 --- [pool-3-thread-7] tourGuide.service.RewardsService         : nearAttraction called with Hot Springs National Park
2023-01-22T16:10:35.912+01:00  INFO 5507 --- [ool-3-thread-43] tourGuide.service.RewardsService         : nearAttraction called with Texas Memorial Stadium
2023-01-22T16:10:35.910+01:00  INFO 5507 --- [ool-3-thread-22] tourGuide.service.RewardsService         : nearAttraction called with Legend Valley
2023-01-22T16:10:35.910+01:00  INFO 5507 --- [ool-3-thread-28] tourGuide.service.RewardsService         : getDistance called
2023-01-22T16:10:35.912+01:00  INFO 5507 --- [ool-3-thread-22] tourGuide.service.RewardsService         : getDistance called
2023-01-22T16:10:35.910+01:00  INFO 5507 --- [ool-3-thread-21] tourGuide.service.RewardsService         : getDistance called
2023-01-22T16:10:35.912+01:00  INFO 5507 --- [ool-3-thread-22] tourGuide.service.RewardsService         : nearAttraction called with Bryant-Denny Stadium
2023-01-22T16:10:35.910+01:00  INFO 5507 --- [ool-3-thread-39] tourGuide.service.RewardsService         : getDistance called
2023-01-22T16:10:35.912+01:00  INFO 5507 --- [ool-3-thread-28] tourGuide.service.RewardsService         : nearAttraction called with Tiger Stadium
2023-01-22T16:10:35.910+01:00  INFO 5507 --- [ool-3-thread-42] tourGuide.service.RewardsService         : getDistance called
2023-01-22T16:10:35.912+01:00  INFO 5507 --- [ool-3-thread-39] tourGuide.service.RewardsService         : nearAttraction called with Kyle Field
2023-01-22T16:10:35.912+01:00  INFO 5507 --- [ool-3-thread-28] tourGuide.service.RewardsService         : getDistance called
2023-01-22T16:10:35.912+01:00  INFO 5507 --- [ool-3-thread-39] tourGuide.service.RewardsService         : getDistance called
2023-01-22T16:10:35.912+01:00  INFO 5507 --- [ool-3-thread-28] tourGuide.service.RewardsService         : nearAttraction called with Zoo Tampa at Lowry Park
2023-01-22T16:10:35.912+01:00  INFO 5507 --- [ool-3-thread-39] tourGuide.service.RewardsService         : nearAttraction called with Franklin Park Zoo
2023-01-22T16:10:35.912+01:00  INFO 5507 --- [ool-3-thread-28] tourGuide.service.RewardsService         : getDistance called
2023-01-22T16:10:35.910+01:00  INFO 5507 --- [ool-3-thread-44] tourGuide.service.RewardsService         : nearAttraction called with Fallingwater
2023-01-22T16:10:35.912+01:00  INFO 5507 --- [ool-3-thread-28] tourGuide.service.RewardsService         : nearAttraction called with El Paso Zoo
2023-01-22T16:10:35.911+01:00  INFO 5507 --- [ool-3-thread-27] tourGuide.service.RewardsService         : nearAttraction called with Roger Dean Stadium
2023-01-22T16:10:35.911+01:00  INFO 5507 --- [pool-3-thread-9] tourGuide.service.RewardsService         : getDistance called
2023-01-22T16:10:35.911+01:00  INFO 5507 --- [ool-3-thread-63] tourGuide.service.RewardsService         : getDistance called
2023-01-22T16:10:35.911+01:00  INFO 5507 --- [ool-3-thread-35] tourGuide.service.RewardsService         : nearAttraction called with Bryant-Denny Stadium
2023-01-22T16:10:35.911+01:00  INFO 5507 --- [pool-3-thread-6] tourGuide.service.RewardsService         : getDistance called
2023-01-22T16:10:35.913+01:00  INFO 5507 --- [ool-3-thread-63] tourGuide.service.RewardsService         : nearAttraction called with Bronx Zoo
2023-01-22T16:10:35.911+01:00  INFO 5507 --- [ool-3-thread-51] tourGuide.service.RewardsService         : nearAttraction called with Tiger Stadium
2023-01-22T16:10:35.913+01:00  INFO 5507 --- [pool-3-thread-6] tourGuide.service.RewardsService         : nearAttraction called with Cinderella Castle
2023-01-22T16:10:35.911+01:00  INFO 5507 --- [ool-3-thread-59] tourGuide.service.RewardsService         : getDistance called
2023-01-22T16:10:35.911+01:00  INFO 5507 --- [ool-3-thread-33] tourGuide.service.RewardsService         : getDistance called
2023-01-22T16:10:35.914+01:00  INFO 5507 --- [pool-3-thread-6] tourGuide.service.RewardsService         : getDistance called
2023-01-22T16:10:35.914+01:00  INFO 5507 --- [ool-3-thread-33] tourGuide.service.RewardsService         : nearAttraction called with Jackson Hole
2023-01-22T16:10:35.914+01:00  INFO 5507 --- [pool-3-thread-6] tourGuide.service.RewardsService         : nearAttraction called with Mojave National Preserve
2023-01-22T16:10:35.911+01:00  INFO 5507 --- [ool-3-thread-48] tourGuide.service.RewardsService         : getDistance called
2023-01-22T16:10:35.911+01:00  INFO 5507 --- [ool-3-thread-13] tourGuide.service.RewardsService         : nearAttraction called with Kyle Field
2023-01-22T16:10:35.914+01:00  INFO 5507 --- [ool-3-thread-48] tourGuide.service.RewardsService         : nearAttraction called with Joshua Tree National Park
2023-01-22T16:10:35.911+01:00  INFO 5507 --- [ool-3-thread-64] tourGuide.service.RewardsService         : nearAttraction called with Zoo Tampa at Lowry Park
2023-01-22T16:10:35.914+01:00  INFO 5507 --- [ool-3-thread-64] tourGuide.service.RewardsService         : getDistance called
2023-01-22T16:10:35.911+01:00  INFO 5507 --- [ool-3-thread-47] tourGuide.service.RewardsService         : getDistance called
2023-01-22T16:10:35.914+01:00  INFO 5507 --- [ool-3-thread-64] tourGuide.service.RewardsService         : nearAttraction called with Buffalo National River
2023-01-22T16:10:35.911+01:00  INFO 5507 --- [pool-3-thread-5] tourGuide.service.RewardsService         : nearAttraction called with Franklin Park Zoo
2023-01-22T16:10:35.911+01:00  INFO 5507 --- [ool-3-thread-34] tourGuide.service.RewardsService         : getDistance called
2023-01-22T16:10:35.911+01:00  INFO 5507 --- [ool-3-thread-58] tourGuide.service.RewardsService         : getDistance called
2023-01-22T16:10:35.914+01:00  INFO 5507 --- [ool-3-thread-34] tourGuide.service.RewardsService         : nearAttraction called with Kartchner Caverns State Park
2023-01-22T16:10:35.914+01:00  INFO 5507 --- [ool-3-thread-58] tourGuide.service.RewardsService         : nearAttraction called with Legend Valley
2023-01-22T16:10:35.911+01:00  INFO 5507 --- [ool-3-thread-31] tourGuide.service.RewardsService         : getDistance called
2023-01-22T16:10:35.911+01:00  INFO 5507 --- [ool-3-thread-67] tourGuide.service.RewardsService         : nearAttraction called with Bronx Zoo
2023-01-22T16:10:35.911+01:00  INFO 5507 --- [ool-3-thread-12] tourGuide.service.RewardsService         : getDistance called
2023-01-22T16:10:35.915+01:00  INFO 5507 --- [ool-3-thread-31] tourGuide.service.RewardsService         : nearAttraction called with Flowers Bakery of London
2023-01-22T16:10:35.911+01:00  INFO 5507 --- [pool-3-thread-2] tourGuide.service.RewardsService         : getDistance called
2023-01-22T16:10:35.915+01:00  INFO 5507 --- [ool-3-thread-67] tourGuide.service.RewardsService         : getDistance called
2023-01-22T16:10:35.911+01:00  INFO 5507 --- [ool-3-thread-32] tourGuide.service.RewardsService         : nearAttraction called with Jackson Hole
2023-01-22T16:10:35.911+01:00  INFO 5507 --- [ool-3-thread-45] tourGuide.service.RewardsService         : getDistance called
2023-01-22T16:10:35.912+01:00  INFO 5507 --- [ool-3-thread-57] tourGuide.service.RewardsService         : nearAttraction called with Mojave National Preserve
2023-01-22T16:10:35.912+01:00  INFO 5507 --- [ool-3-thread-18] tourGuide.service.RewardsService         : nearAttraction called with Buffalo National River
2023-01-22T16:10:35.912+01:00  INFO 5507 --- [ool-3-thread-17] tourGuide.service.RewardsService         : nearAttraction called with Hot Springs National Park
2023-01-22T16:10:35.912+01:00  INFO 5507 --- [ool-3-thread-25] tourGuide.service.RewardsService         : getDistance called
2023-01-22T16:10:35.912+01:00  INFO 5507 --- [ool-3-thread-55] tourGuide.service.RewardsService         : nearAttraction called with Kartchner Caverns State Park
2023-01-22T16:10:35.915+01:00  INFO 5507 --- [ool-3-thread-25] tourGuide.service.RewardsService         : nearAttraction called with Roger Dean Stadium
2023-01-22T16:10:35.915+01:00  INFO 5507 --- [ool-3-thread-55] tourGuide.service.RewardsService         : getDistance called
2023-01-22T16:10:35.915+01:00  INFO 5507 --- [ool-3-thread-25] tourGuide.service.RewardsService         : getDistance called
2023-01-22T16:10:35.912+01:00  INFO 5507 --- [ool-3-thread-52] tourGuide.service.RewardsService         : nearAttraction called with Flowers Bakery of London
2023-01-22T16:10:35.915+01:00  INFO 5507 --- [ool-3-thread-55] tourGuide.service.RewardsService         : nearAttraction called with Texas Memorial Stadium
2023-01-22T16:10:35.912+01:00  INFO 5507 --- [ool-3-thread-54] tourGuide.service.RewardsService         : nearAttraction called with McKinley Tower
2023-01-22T16:10:35.912+01:00  INFO 5507 --- [ool-3-thread-15] tourGuide.service.RewardsService         : nearAttraction called with Fallingwater
2023-01-22T16:10:35.915+01:00  INFO 5507 --- [ool-3-thread-54] tourGuide.service.RewardsService         : getDistance called
2023-01-22T16:10:35.912+01:00  INFO 5507 --- [ool-3-thread-65] tourGuide.service.RewardsService         : getDistance called
2023-01-22T16:10:35.915+01:00  INFO 5507 --- [ool-3-thread-54] tourGuide.service.RewardsService         : nearAttraction called with Tiger Stadium
2023-01-22T16:10:35.912+01:00  INFO 5507 --- [ool-3-thread-20] tourGuide.service.RewardsService         : getDistance called
2023-01-22T16:10:35.912+01:00  INFO 5507 --- [ool-3-thread-37] tourGuide.service.RewardsService         : getDistance called
2023-01-22T16:10:35.915+01:00  INFO 5507 --- [ool-3-thread-20] tourGuide.service.RewardsService         : nearAttraction called with Kyle Field
2023-01-22T16:10:35.912+01:00  INFO 5507 --- [ool-3-thread-40] tourGuide.service.RewardsService         : nearAttraction called with Union Station
2023-01-22T16:10:35.912+01:00  INFO 5507 --- [ool-3-thread-56] tourGuide.service.RewardsService         : getDistance called
2023-01-22T16:10:35.915+01:00  INFO 5507 --- [ool-3-thread-40] tourGuide.service.RewardsService         : getDistance called
2023-01-22T16:10:35.912+01:00  INFO 5507 --- [ool-3-thread-66] tourGuide.service.RewardsService         : getDistance called
2023-01-22T16:10:35.915+01:00  INFO 5507 --- [ool-3-thread-56] tourGuide.service.RewardsService         : nearAttraction called with Zoo Tampa at Lowry Park
2023-01-22T16:10:35.912+01:00  INFO 5507 --- [pool-3-thread-7] tourGuide.service.RewardsService         : getDistance called
2023-01-22T16:10:35.912+01:00  INFO 5507 --- [ool-3-thread-43] tourGuide.service.RewardsService         : getDistance called
2023-01-22T16:10:35.912+01:00  INFO 5507 --- [ool-3-thread-22] tourGuide.service.RewardsService         : getDistance called
2023-01-22T16:10:35.915+01:00  INFO 5507 --- [ool-3-thread-43] tourGuide.service.RewardsService         : nearAttraction called with Bronx Zoo
2023-01-22T16:10:35.912+01:00  INFO 5507 --- [ool-3-thread-21] tourGuide.service.RewardsService         : nearAttraction called with Neyland Stadium
2023-01-22T16:10:35.912+01:00  INFO 5507 --- [ool-3-thread-42] tourGuide.service.RewardsService         : nearAttraction called with San Diego Zoo
2023-01-22T16:10:35.915+01:00  INFO 5507 --- [ool-3-thread-42] tourGuide.service.RewardsService         : getDistance called
2023-01-22T16:10:35.912+01:00  INFO 5507 --- [ool-3-thread-39] tourGuide.service.RewardsService         : getDistance called
2023-01-22T16:10:35.915+01:00  INFO 5507 --- [ool-3-thread-42] tourGuide.service.RewardsService         : nearAttraction called with Disneyland
2023-01-22T16:10:35.912+01:00  INFO 5507 --- [ool-3-thread-44] tourGuide.service.RewardsService         : getDistance called
2023-01-22T16:10:35.915+01:00  INFO 5507 --- [ool-3-thread-42] tourGuide.service.RewardsService         : getDistance called
2023-01-22T16:10:35.912+01:00  INFO 5507 --- [ool-3-thread-28] tourGuide.service.RewardsService         : getDistance called
2023-01-22T16:10:35.915+01:00  INFO 5507 --- [ool-3-thread-44] tourGuide.service.RewardsService         : nearAttraction called with Mojave National Preserve
2023-01-22T16:10:35.915+01:00  INFO 5507 --- [ool-3-thread-42] tourGuide.service.RewardsService         : getRewardPoints called with Disneyland and internalUser11
2023-01-22T16:10:35.915+01:00  INFO 5507 --- [ool-3-thread-28] tourGuide.service.RewardsService         : nearAttraction called with Joshua Tree National Park
2023-01-22T16:10:35.912+01:00  INFO 5507 --- [ool-3-thread-27] tourGuide.service.RewardsService         : getDistance called
2023-01-22T16:10:35.913+01:00  INFO 5507 --- [pool-3-thread-9] tourGuide.service.RewardsService         : nearAttraction called with Kansas City Zoo
2023-01-22T16:10:35.915+01:00  INFO 5507 --- [ool-3-thread-27] tourGuide.service.RewardsService         : nearAttraction called with Buffalo National River
2023-01-22T16:10:35.913+01:00  INFO 5507 --- [ool-3-thread-35] tourGuide.service.RewardsService         : getDistance called
2023-01-22T16:10:35.913+01:00  INFO 5507 --- [ool-3-thread-63] tourGuide.service.RewardsService         : getDistance called
2023-01-22T16:10:35.913+01:00  INFO 5507 --- [ool-3-thread-51] tourGuide.service.RewardsService         : getDistance called
2023-01-22T16:10:35.914+01:00  INFO 5507 --- [ool-3-thread-59] tourGuide.service.RewardsService         : nearAttraction called with Disneyland
2023-01-22T16:10:35.916+01:00  INFO 5507 --- [ool-3-thread-51] tourGuide.service.RewardsService         : nearAttraction called with Legend Valley
2023-01-22T16:10:35.916+01:00  INFO 5507 --- [ool-3-thread-59] tourGuide.service.RewardsService         : getDistance called
2023-01-22T16:10:35.914+01:00  INFO 5507 --- [ool-3-thread-33] tourGuide.service.RewardsService         : getDistance called
2023-01-22T16:10:35.914+01:00  INFO 5507 --- [pool-3-thread-6] tourGuide.service.RewardsService         : getDistance called
2023-01-22T16:10:35.916+01:00  INFO 5507 --- [ool-3-thread-33] tourGuide.service.RewardsService         : nearAttraction called with Flowers Bakery of London
2023-01-22T16:10:35.916+01:00  INFO 5507 --- [ool-3-thread-33] tourGuide.service.RewardsService         : getDistance called
2023-01-22T16:10:35.916+01:00  INFO 5507 --- [ool-3-thread-33] tourGuide.service.RewardsService         : nearAttraction called with Flatiron Building
2023-01-22T16:10:35.916+01:00  INFO 5507 --- [ool-3-thread-33] tourGuide.service.RewardsService         : getDistance called
2023-01-22T16:10:35.914+01:00  INFO 5507 --- [ool-3-thread-13] tourGuide.service.RewardsService         : getDistance called
2023-01-22T16:10:35.916+01:00  INFO 5507 --- [ool-3-thread-13] tourGuide.service.RewardsService         : nearAttraction called with Union Station
2023-01-22T16:10:35.914+01:00  INFO 5507 --- [ool-3-thread-48] tourGuide.service.RewardsService         : getDistance called
2023-01-22T16:10:35.914+01:00  INFO 5507 --- [ool-3-thread-47] tourGuide.service.RewardsService         : nearAttraction called with Hot Springs National Park
2023-01-22T16:10:35.914+01:00  INFO 5507 --- [ool-3-thread-64] tourGuide.service.RewardsService         : getDistance called
2023-01-22T16:10:35.914+01:00  INFO 5507 --- [pool-3-thread-5] tourGuide.service.RewardsService         : getDistance called
2023-01-22T16:10:35.914+01:00  INFO 5507 --- [ool-3-thread-34] tourGuide.service.RewardsService         : getDistance called
2023-01-22T16:10:35.916+01:00  INFO 5507 --- [pool-3-thread-5] tourGuide.service.RewardsService         : nearAttraction called with Bryant-Denny Stadium
2023-01-22T16:10:35.914+01:00  INFO 5507 --- [ool-3-thread-58] tourGuide.service.RewardsService         : getDistance called
2023-01-22T16:10:35.916+01:00  INFO 5507 --- [ool-3-thread-34] tourGuide.service.RewardsService         : nearAttraction called with Tiger Stadium
2023-01-22T16:10:35.915+01:00  INFO 5507 --- [ool-3-thread-12] tourGuide.service.RewardsService         : nearAttraction called with McKinley Tower
2023-01-22T16:10:35.916+01:00  INFO 5507 --- [ool-3-thread-34] tourGuide.service.RewardsService         : getDistance called
2023-01-22T16:10:35.915+01:00  INFO 5507 --- [ool-3-thread-31] tourGuide.service.RewardsService         : getDistance called
2023-01-22T16:10:35.916+01:00  INFO 5507 --- [ool-3-thread-34] tourGuide.service.RewardsService         : nearAttraction called with Kyle Field
2023-01-22T16:10:35.915+01:00  INFO 5507 --- [ool-3-thread-67] tourGuide.service.RewardsService         : nearAttraction called with Flatiron Building
2023-01-22T16:10:35.915+01:00  INFO 5507 --- [pool-3-thread-2] tourGuide.service.RewardsService         : nearAttraction called with Fallingwater
2023-01-22T16:10:35.915+01:00  INFO 5507 --- [ool-3-thread-32] tourGuide.service.RewardsService         : getDistance called
2023-01-22T16:10:35.916+01:00  INFO 5507 --- [pool-3-thread-2] tourGuide.service.RewardsService         : getDistance called
2023-01-22T16:10:35.915+01:00  INFO 5507 --- [ool-3-thread-45] tourGuide.service.RewardsService         : nearAttraction called with Union Station
2023-01-22T16:10:35.916+01:00  INFO 5507 --- [ool-3-thread-32] tourGuide.service.RewardsService         : nearAttraction called with Zoo Tampa at Lowry Park
2023-01-22T16:10:35.915+01:00  INFO 5507 --- [ool-3-thread-57] tourGuide.service.RewardsService         : getDistance called
2023-01-22T16:10:35.915+01:00  INFO 5507 --- [ool-3-thread-18] tourGuide.service.RewardsService         : getDistance called
2023-01-22T16:10:35.916+01:00  INFO 5507 --- [ool-3-thread-57] tourGuide.service.RewardsService         : nearAttraction called with El Paso Zoo
2023-01-22T16:10:35.915+01:00  INFO 5507 --- [ool-3-thread-17] tourGuide.service.RewardsService         : getDistance called
2023-01-22T16:10:35.915+01:00  INFO 5507 --- [ool-3-thread-25] tourGuide.service.RewardsService         : nearAttraction called with Bryant-Denny Stadium
2023-01-22T16:10:35.916+01:00  INFO 5507 --- [ool-3-thread-17] tourGuide.service.RewardsService         : nearAttraction called with Bronx Zoo
2023-01-22T16:10:35.916+01:00  INFO 5507 --- [ool-3-thread-25] tourGuide.service.RewardsService         : getDistance called
2023-01-22T16:10:35.916+01:00  INFO 5507 --- [ool-3-thread-17] tourGuide.service.RewardsService         : getDistance called
2023-01-22T16:10:35.915+01:00  INFO 5507 --- [ool-3-thread-55] tourGuide.service.RewardsService         : getDistance called
2023-01-22T16:10:35.916+01:00  INFO 5507 --- [ool-3-thread-17] tourGuide.service.RewardsService         : nearAttraction called with Disneyland
2023-01-22T16:10:35.915+01:00  INFO 5507 --- [ool-3-thread-52] tourGuide.service.RewardsService         : getDistance called
2023-01-22T16:10:35.916+01:00  INFO 5507 --- [ool-3-thread-55] tourGuide.service.RewardsService         : nearAttraction called with Jackson Hole
2023-01-22T16:10:35.915+01:00  INFO 5507 --- [ool-3-thread-15] tourGuide.service.RewardsService         : getDistance called
2023-01-22T16:10:35.915+01:00  INFO 5507 --- [ool-3-thread-65] tourGuide.service.RewardsService         : nearAttraction called with Neyland Stadium
2023-01-22T16:10:35.916+01:00  INFO 5507 --- [ool-3-thread-15] tourGuide.service.RewardsService         : nearAttraction called with Joshua Tree National Park
2023-01-22T16:10:35.916+01:00  INFO 5507 --- [ool-3-thread-65] tourGuide.service.RewardsService         : getDistance called
2023-01-22T16:10:35.916+01:00  INFO 5507 --- [ool-3-thread-15] tourGuide.service.RewardsService         : getDistance called
2023-01-22T16:10:35.916+01:00  INFO 5507 --- [ool-3-thread-65] tourGuide.service.RewardsService         : nearAttraction called with Buffalo National River
2023-01-22T16:10:35.915+01:00  INFO 5507 --- [ool-3-thread-54] tourGuide.service.RewardsService         : getDistance called
2023-01-22T16:10:35.915+01:00  INFO 5507 --- [ool-3-thread-37] tourGuide.service.RewardsService         : nearAttraction called with San Diego Zoo
2023-01-22T16:10:35.917+01:00  INFO 5507 --- [ool-3-thread-54] tourGuide.service.RewardsService         : nearAttraction called with Kartchner Caverns State Park
2023-01-22T16:10:35.915+01:00  INFO 5507 --- [ool-3-thread-20] tourGuide.service.RewardsService         : getDistance called
2023-01-22T16:10:35.917+01:00  INFO 5507 --- [ool-3-thread-37] tourGuide.service.RewardsService         : getDistance called
2023-01-22T16:10:35.915+01:00  INFO 5507 --- [ool-3-thread-40] tourGuide.service.RewardsService         : nearAttraction called with Franklin Park Zoo
2023-01-22T16:10:35.917+01:00  INFO 5507 --- [ool-3-thread-20] tourGuide.service.RewardsService         : nearAttraction called with Legend Valley
2023-01-22T16:10:35.915+01:00  INFO 5507 --- [ool-3-thread-66] tourGuide.service.RewardsService         : nearAttraction called with El Paso Zoo
2023-01-22T16:10:35.915+01:00  INFO 5507 --- [ool-3-thread-56] tourGuide.service.RewardsService         : getDistance called
2023-01-22T16:10:35.915+01:00  INFO 5507 --- [pool-3-thread-7] tourGuide.service.RewardsService         : nearAttraction called with Kansas City Zoo
2023-01-22T16:10:35.917+01:00  INFO 5507 --- [ool-3-thread-56] tourGuide.service.RewardsService         : nearAttraction called with McKinley Tower
2023-01-22T16:10:35.915+01:00  INFO 5507 --- [ool-3-thread-22] tourGuide.service.RewardsService         : nearAttraction called with Cinderella Castle
2023-01-22T16:10:35.917+01:00  INFO 5507 --- [ool-3-thread-22] tourGuide.service.RewardsService         : getDistance called
2023-01-22T16:10:35.915+01:00  INFO 5507 --- [ool-3-thread-43] tourGuide.service.RewardsService         : getDistance called
2023-01-22T16:10:35.915+01:00  INFO 5507 --- [ool-3-thread-21] tourGuide.service.RewardsService         : getDistance called
2023-01-22T16:10:35.917+01:00  INFO 5507 --- [ool-3-thread-43] tourGuide.service.RewardsService         : nearAttraction called with Fallingwater
2023-01-22T16:10:35.915+01:00  INFO 5507 --- [ool-3-thread-39] tourGuide.service.RewardsService         : nearAttraction called with Jackson Hole
2023-01-22T16:10:35.915+01:00  INFO 5507 --- [ool-3-thread-44] tourGuide.service.RewardsService         : getDistance called
2023-01-22T16:10:35.915+01:00  INFO 5507 --- [ool-3-thread-28] tourGuide.service.RewardsService         : getDistance called
2023-01-22T16:10:35.917+01:00  INFO 5507 --- [ool-3-thread-44] tourGuide.service.RewardsService         : nearAttraction called with Roger Dean Stadium
2023-01-22T16:10:35.915+01:00  INFO 5507 --- [pool-3-thread-9] tourGuide.service.RewardsService         : getDistance called
2023-01-22T16:10:35.915+01:00  INFO 5507 --- [ool-3-thread-27] tourGuide.service.RewardsService         : getDistance called
2023-01-22T16:10:35.916+01:00  INFO 5507 --- [ool-3-thread-35] tourGuide.service.RewardsService         : nearAttraction called with Hot Springs National Park
2023-01-22T16:10:35.917+01:00  INFO 5507 --- [ool-3-thread-27] tourGuide.service.RewardsService         : nearAttraction called with Tiger Stadium
2023-01-22T16:10:35.916+01:00  INFO 5507 --- [ool-3-thread-51] tourGuide.service.RewardsService         : getDistance called
2023-01-22T16:10:35.916+01:00  INFO 5507 --- [ool-3-thread-63] tourGuide.service.RewardsService         : nearAttraction called with Kartchner Caverns State Park
2023-01-22T16:10:35.917+01:00  INFO 5507 --- [ool-3-thread-51] tourGuide.service.RewardsService         : nearAttraction called with Neyland Stadium
2023-01-22T16:10:35.917+01:00  INFO 5507 --- [ool-3-thread-63] tourGuide.service.RewardsService         : getDistance called
2023-01-22T16:10:35.916+01:00  INFO 5507 --- [ool-3-thread-59] tourGuide.service.RewardsService         : getRewardPoints called with Disneyland and internalUser12
2023-01-22T16:10:35.917+01:00  INFO 5507 --- [ool-3-thread-63] tourGuide.service.RewardsService         : nearAttraction called with Kyle Field
2023-01-22T16:10:35.916+01:00  INFO 5507 --- [pool-3-thread-6] tourGuide.service.RewardsService         : nearAttraction called with McKinley Tower
2023-01-22T16:10:35.916+01:00  INFO 5507 --- [ool-3-thread-33] tourGuide.service.RewardsService         : nearAttraction called with Fallingwater
2023-01-22T16:10:35.916+01:00  INFO 5507 --- [ool-3-thread-13] tourGuide.service.RewardsService         : getDistance called
2023-01-22T16:10:35.916+01:00  INFO 5507 --- [ool-3-thread-48] tourGuide.service.RewardsService         : nearAttraction called with Roger Dean Stadium
2023-01-22T16:10:35.917+01:00  INFO 5507 --- [ool-3-thread-13] tourGuide.service.RewardsService         : nearAttraction called with San Diego Zoo
2023-01-22T16:10:35.917+01:00  INFO 5507 --- [ool-3-thread-13] tourGuide.service.RewardsService         : getDistance called
2023-01-22T16:10:35.917+01:00  INFO 5507 --- [ool-3-thread-13] tourGuide.service.RewardsService         : nearAttraction called with Zoo Tampa at Lowry Park
2023-01-22T16:10:35.916+01:00  INFO 5507 --- [ool-3-thread-47] tourGuide.service.RewardsService         : getDistance called
2023-01-22T16:10:35.916+01:00  INFO 5507 --- [ool-3-thread-64] tourGuide.service.RewardsService         : nearAttraction called with Texas Memorial Stadium
2023-01-22T16:10:35.917+01:00  INFO 5507 --- [ool-3-thread-47] tourGuide.service.RewardsService         : nearAttraction called with Franklin Park Zoo
2023-01-22T16:10:35.917+01:00  INFO 5507 --- [ool-3-thread-64] tourGuide.service.RewardsService         : getDistance called
2023-01-22T16:10:35.916+01:00  INFO 5507 --- [pool-3-thread-5] tourGuide.service.RewardsService         : getDistance called
2023-01-22T16:10:35.917+01:00  INFO 5507 --- [ool-3-thread-47] tourGuide.service.RewardsService         : getDistance called
2023-01-22T16:10:35.916+01:00  INFO 5507 --- [ool-3-thread-58] tourGuide.service.RewardsService         : nearAttraction called with Neyland Stadium
2023-01-22T16:10:35.916+01:00  INFO 5507 --- [ool-3-thread-12] tourGuide.service.RewardsService         : getDistance called
2023-01-22T16:10:35.916+01:00  INFO 5507 --- [ool-3-thread-34] tourGuide.service.RewardsService         : getDistance called
2023-01-22T16:10:35.916+01:00  INFO 5507 --- [ool-3-thread-31] tourGuide.service.RewardsService         : nearAttraction called with San Diego Zoo
2023-01-22T16:10:35.918+01:00  INFO 5507 --- [ool-3-thread-34] tourGuide.service.RewardsService         : nearAttraction called with Disneyland
2023-01-22T16:10:35.916+01:00  INFO 5507 --- [ool-3-thread-67] tourGuide.service.RewardsService         : getDistance called
2023-01-22T16:10:35.916+01:00  INFO 5507 --- [pool-3-thread-2] tourGuide.service.RewardsService         : nearAttraction called with Franklin Park Zoo
2023-01-22T16:10:35.916+01:00  INFO 5507 --- [ool-3-thread-45] tourGuide.service.RewardsService         : getDistance called
2023-01-22T16:10:35.916+01:00  INFO 5507 --- [ool-3-thread-32] tourGuide.service.RewardsService         : getDistance called
2023-01-22T16:10:35.916+01:00  INFO 5507 --- [ool-3-thread-18] tourGuide.service.RewardsService         : nearAttraction called with Kansas City Zoo
2023-01-22T16:10:35.918+01:00  INFO 5507 --- [ool-3-thread-32] tourGuide.service.RewardsService         : nearAttraction called with Joshua Tree National Park
2023-01-22T16:10:35.918+01:00  INFO 5507 --- [ool-3-thread-18] tourGuide.service.RewardsService         : getDistance called
2023-01-22T16:10:35.918+01:00  INFO 5507 --- [ool-3-thread-32] tourGuide.service.RewardsService         : getDistance called
2023-01-22T16:10:35.916+01:00  INFO 5507 --- [ool-3-thread-57] tourGuide.service.RewardsService         : getDistance called
2023-01-22T16:10:35.916+01:00  INFO 5507 --- [ool-3-thread-25] tourGuide.service.RewardsService         : nearAttraction called with Cinderella Castle
2023-01-22T16:10:35.916+01:00  INFO 5507 --- [ool-3-thread-17] tourGuide.service.RewardsService         : getDistance called
2023-01-22T16:10:35.916+01:00  INFO 5507 --- [ool-3-thread-55] tourGuide.service.RewardsService         : getDistance called
2023-01-22T16:10:35.916+01:00  INFO 5507 --- [ool-3-thread-52] tourGuide.service.RewardsService         : nearAttraction called with Mojave National Preserve
2023-01-22T16:10:35.918+01:00  INFO 5507 --- [ool-3-thread-55] tourGuide.service.RewardsService         : nearAttraction called with Legend Valley
2023-01-22T16:10:35.917+01:00  INFO 5507 --- [ool-3-thread-15] tourGuide.service.RewardsService         : nearAttraction called with Hot Springs National Park
2023-01-22T16:10:35.917+01:00  INFO 5507 --- [ool-3-thread-65] tourGuide.service.RewardsService         : getDistance called
2023-01-22T16:10:35.918+01:00  INFO 5507 --- [ool-3-thread-15] tourGuide.service.RewardsService         : getDistance called
2023-01-22T16:10:35.917+01:00  INFO 5507 --- [ool-3-thread-54] tourGuide.service.RewardsService         : getDistance called
2023-01-22T16:10:35.918+01:00  INFO 5507 --- [ool-3-thread-15] tourGuide.service.RewardsService         : nearAttraction called with McKinley Tower
2023-01-22T16:10:35.917+01:00  INFO 5507 --- [ool-3-thread-37] tourGuide.service.RewardsService         : nearAttraction called with Flowers Bakery of London
2023-01-22T16:10:35.917+01:00  INFO 5507 --- [ool-3-thread-40] tourGuide.service.RewardsService         : getDistance called
2023-01-22T16:10:35.917+01:00  INFO 5507 --- [ool-3-thread-20] tourGuide.service.RewardsService         : getDistance called
2023-01-22T16:10:35.918+01:00  INFO 5507 --- [ool-3-thread-40] tourGuide.service.RewardsService         : nearAttraction called with Fallingwater
2023-01-22T16:10:35.917+01:00  INFO 5507 --- [ool-3-thread-66] tourGuide.service.RewardsService         : getDistance called
2023-01-22T16:10:35.917+01:00  INFO 5507 --- [pool-3-thread-7] tourGuide.service.RewardsService         : getDistance called
2023-01-22T16:10:35.918+01:00  INFO 5507 --- [ool-3-thread-66] tourGuide.service.RewardsService         : nearAttraction called with Roger Dean Stadium
2023-01-22T16:10:35.917+01:00  INFO 5507 --- [ool-3-thread-56] tourGuide.service.RewardsService         : getDistance called
2023-01-22T16:10:35.917+01:00  INFO 5507 --- [ool-3-thread-22] tourGuide.service.RewardsService         : nearAttraction called with Flatiron Building
2023-01-22T16:10:35.918+01:00  INFO 5507 --- [ool-3-thread-56] tourGuide.service.RewardsService         : nearAttraction called with Bryant-Denny Stadium
2023-01-22T16:10:35.917+01:00  INFO 5507 --- [ool-3-thread-21] tourGuide.service.RewardsService         : nearAttraction called with Union Station
2023-01-22T16:10:35.917+01:00  INFO 5507 --- [ool-3-thread-43] tourGuide.service.RewardsService         : getDistance called
2023-01-22T16:10:35.917+01:00  INFO 5507 --- [ool-3-thread-39] tourGuide.service.RewardsService         : getDistance called
2023-01-22T16:10:35.917+01:00  INFO 5507 --- [ool-3-thread-28] tourGuide.service.RewardsService         : nearAttraction called with Texas Memorial Stadium
2023-01-22T16:10:35.918+01:00  INFO 5507 --- [ool-3-thread-39] tourGuide.service.RewardsService         : nearAttraction called with Neyland Stadium
2023-01-22T16:10:35.918+01:00  INFO 5507 --- [ool-3-thread-28] tourGuide.service.RewardsService         : getDistance called
2023-01-22T16:10:35.918+01:00  INFO 5507 --- [ool-3-thread-39] tourGuide.service.RewardsService         : getDistance called
2023-01-22T16:10:35.917+01:00  INFO 5507 --- [ool-3-thread-44] tourGuide.service.RewardsService         : getDistance called
2023-01-22T16:10:35.917+01:00  INFO 5507 --- [pool-3-thread-9] tourGuide.service.RewardsService         : nearAttraction called with Bryant-Denny Stadium
2023-01-22T16:10:35.919+01:00  INFO 5507 --- [ool-3-thread-39] tourGuide.service.RewardsService         : nearAttraction called with San Diego Zoo
2023-01-22T16:10:35.917+01:00  INFO 5507 --- [ool-3-thread-35] tourGuide.service.RewardsService         : getDistance called
2023-01-22T16:10:35.917+01:00  INFO 5507 --- [ool-3-thread-27] tourGuide.service.RewardsService         : getDistance called
2023-01-22T16:10:35.917+01:00  INFO 5507 --- [ool-3-thread-51] tourGuide.service.RewardsService         : getDistance called
2023-01-22T16:10:35.919+01:00  INFO 5507 --- [ool-3-thread-27] tourGuide.service.RewardsService         : nearAttraction called with El Paso Zoo
2023-01-22T16:10:35.917+01:00  INFO 5507 --- [ool-3-thread-63] tourGuide.service.RewardsService         : getDistance called
2023-01-22T16:10:35.917+01:00  INFO 5507 --- [pool-3-thread-6] tourGuide.service.RewardsService         : getDistance called
2023-01-22T16:10:35.919+01:00  INFO 5507 --- [ool-3-thread-63] tourGuide.service.RewardsService         : nearAttraction called with Bronx Zoo
2023-01-22T16:10:35.917+01:00  INFO 5507 --- [ool-3-thread-33] tourGuide.service.RewardsService         : getDistance called
2023-01-22T16:10:35.917+01:00  INFO 5507 --- [ool-3-thread-48] tourGuide.service.RewardsService         : getDistance called
2023-01-22T16:10:35.919+01:00  INFO 5507 --- [ool-3-thread-33] tourGuide.service.RewardsService         : nearAttraction called with Disneyland
2023-01-22T16:10:35.919+01:00  INFO 5507 --- [ool-3-thread-48] tourGuide.service.RewardsService         : nearAttraction called with Jackson Hole
2023-01-22T16:10:35.917+01:00  INFO 5507 --- [ool-3-thread-13] tourGuide.service.RewardsService         : getDistance called
2023-01-22T16:10:35.918+01:00  INFO 5507 --- [pool-3-thread-5] tourGuide.service.RewardsService         : nearAttraction called with Kansas City Zoo
2023-01-22T16:10:35.919+01:00  INFO 5507 --- [ool-3-thread-13] tourGuide.service.RewardsService         : nearAttraction called with Mojave National Preserve
2023-01-22T16:10:35.918+01:00  INFO 5507 --- [ool-3-thread-64] tourGuide.service.RewardsService         : nearAttraction called with El Paso Zoo
2023-01-22T16:10:35.919+01:00  INFO 5507 --- [ool-3-thread-13] tourGuide.service.RewardsService         : getDistance called
2023-01-22T16:10:35.919+01:00  INFO 5507 --- [ool-3-thread-64] tourGuide.service.RewardsService         : getDistance called
2023-01-22T16:10:35.919+01:00  INFO 5507 --- [ool-3-thread-13] tourGuide.service.RewardsService         : nearAttraction called with Joshua Tree National Park
2023-01-22T16:10:35.919+01:00  INFO 5507 --- [ool-3-thread-13] tourGuide.service.RewardsService         : getDistance called
2023-01-22T16:10:35.919+01:00  INFO 5507 --- [ool-3-thread-64] tourGuide.service.RewardsService         : nearAttraction called with Buffalo National River
2023-01-22T16:10:35.919+01:00  INFO 5507 --- [ool-3-thread-13] tourGuide.service.RewardsService         : nearAttraction called with Hot Springs National Park
2023-01-22T16:10:35.918+01:00  INFO 5507 --- [ool-3-thread-47] tourGuide.service.RewardsService         : nearAttraction called with Bronx Zoo
2023-01-22T16:10:35.918+01:00  INFO 5507 --- [ool-3-thread-58] tourGuide.service.RewardsService         : getDistance called
2023-01-22T16:10:35.918+01:00  INFO 5507 --- [ool-3-thread-12] tourGuide.service.RewardsService         : nearAttraction called with Cinderella Castle
2023-01-22T16:10:35.919+01:00  INFO 5507 --- [ool-3-thread-58] tourGuide.service.RewardsService         : nearAttraction called with Kartchner Caverns State Park
2023-01-22T16:10:35.918+01:00  INFO 5507 --- [ool-3-thread-31] tourGuide.service.RewardsService         : getDistance called
2023-01-22T16:10:35.918+01:00  INFO 5507 --- [ool-3-thread-34] tourGuide.service.RewardsService         : getDistance called
2023-01-22T16:10:35.918+01:00  INFO 5507 --- [ool-3-thread-67] tourGuide.service.RewardsService         : nearAttraction called with Jackson Hole
2023-01-22T16:10:35.918+01:00  INFO 5507 --- [pool-3-thread-2] tourGuide.service.RewardsService         : getDistance called
2023-01-22T16:10:35.918+01:00  INFO 5507 --- [ool-3-thread-45] tourGuide.service.RewardsService         : nearAttraction called with Mojave National Preserve
2023-01-22T16:10:35.919+01:00  INFO 5507 --- [pool-3-thread-2] tourGuide.service.RewardsService         : nearAttraction called with Flowers Bakery of London
2023-01-22T16:10:35.919+01:00  INFO 5507 --- [ool-3-thread-45] tourGuide.service.RewardsService         : getDistance called
2023-01-22T16:10:35.918+01:00  INFO 5507 --- [ool-3-thread-32] tourGuide.service.RewardsService         : nearAttraction called with Buffalo National River
2023-01-22T16:10:35.919+01:00  INFO 5507 --- [ool-3-thread-45] tourGuide.service.RewardsService         : nearAttraction called with McKinley Tower
2023-01-22T16:10:35.919+01:00  INFO 5507 --- [ool-3-thread-32] tourGuide.service.RewardsService         : getDistance called
2023-01-22T16:10:35.919+01:00  INFO 5507 --- [ool-3-thread-45] tourGuide.service.RewardsService         : getDistance called
2023-01-22T16:10:35.918+01:00  INFO 5507 --- [ool-3-thread-18] tourGuide.service.RewardsService         : nearAttraction called with Hot Springs National Park
2023-01-22T16:10:35.919+01:00  INFO 5507 --- [ool-3-thread-32] tourGuide.service.RewardsService         : nearAttraction called with Flatiron Building
2023-01-22T16:10:35.919+01:00  INFO 5507 --- [ool-3-thread-18] tourGuide.service.RewardsService         : getDistance called
2023-01-22T16:10:35.918+01:00  INFO 5507 --- [ool-3-thread-57] tourGuide.service.RewardsService         : nearAttraction called with Kartchner Caverns State Park
2023-01-22T16:10:35.918+01:00  INFO 5507 --- [ool-3-thread-25] tourGuide.service.RewardsService         : getDistance called
2023-01-22T16:10:35.918+01:00  INFO 5507 --- [ool-3-thread-17] tourGuide.service.RewardsService         : getRewardPoints called with Disneyland and internalUser99
2023-01-22T16:10:35.919+01:00  INFO 5507 --- [ool-3-thread-25] tourGuide.service.RewardsService         : nearAttraction called with Roger Dean Stadium
2023-01-22T16:10:35.918+01:00  INFO 5507 --- [ool-3-thread-52] tourGuide.service.RewardsService         : getDistance called
2023-01-22T16:10:35.918+01:00  INFO 5507 --- [ool-3-thread-55] tourGuide.service.RewardsService         : getDistance called
2023-01-22T16:10:35.918+01:00  INFO 5507 --- [ool-3-thread-65] tourGuide.service.RewardsService         : nearAttraction called with Flowers Bakery of London
2023-01-22T16:10:35.918+01:00  INFO 5507 --- [ool-3-thread-54] tourGuide.service.RewardsService         : nearAttraction called with Flatiron Building
2023-01-22T16:10:35.920+01:00  INFO 5507 --- [ool-3-thread-52] tourGuide.service.RewardsService         : nearAttraction called with Texas Memorial Stadium
2023-01-22T16:10:35.920+01:00  INFO 5507 --- [ool-3-thread-65] tourGuide.service.RewardsService         : getDistance called
2023-01-22T16:10:35.920+01:00  INFO 5507 --- [ool-3-thread-52] tourGuide.service.RewardsService         : getDistance called
2023-01-22T16:10:35.920+01:00  INFO 5507 --- [ool-3-thread-55] tourGuide.service.RewardsService         : nearAttraction called with Bryant-Denny Stadium
2023-01-22T16:10:35.920+01:00  INFO 5507 --- [ool-3-thread-52] tourGuide.service.RewardsService         : nearAttraction called with Neyland Stadium
2023-01-22T16:10:35.920+01:00  INFO 5507 --- [ool-3-thread-55] tourGuide.service.RewardsService         : getDistance called
2023-01-22T16:10:35.918+01:00  INFO 5507 --- [ool-3-thread-15] tourGuide.service.RewardsService         : getDistance called
2023-01-22T16:10:35.920+01:00  INFO 5507 --- [ool-3-thread-55] tourGuide.service.RewardsService         : nearAttraction called with Kyle Field
2023-01-22T16:10:35.918+01:00  INFO 5507 --- [ool-3-thread-37] tourGuide.service.RewardsService         : getDistance called
2023-01-22T16:10:35.918+01:00  INFO 5507 --- [ool-3-thread-20] tourGuide.service.RewardsService         : nearAttraction called with Union Station
2023-01-22T16:10:35.920+01:00  INFO 5507 --- [ool-3-thread-37] tourGuide.service.RewardsService         : nearAttraction called with Zoo Tampa at Lowry Park
2023-01-22T16:10:35.920+01:00  INFO 5507 --- [ool-3-thread-20] tourGuide.service.RewardsService         : getDistance called
2023-01-22T16:10:35.918+01:00  INFO 5507 --- [ool-3-thread-40] tourGuide.service.RewardsService         : getDistance called
2023-01-22T16:10:35.918+01:00  INFO 5507 --- [pool-3-thread-7] tourGuide.service.RewardsService         : nearAttraction called with Texas Memorial Stadium
2023-01-22T16:10:35.920+01:00  INFO 5507 --- [ool-3-thread-40] tourGuide.service.RewardsService         : nearAttraction called with El Paso Zoo
2023-01-22T16:10:35.918+01:00  INFO 5507 --- [ool-3-thread-66] tourGuide.service.RewardsService         : getDistance called
2023-01-22T16:10:35.918+01:00  INFO 5507 --- [ool-3-thread-22] tourGuide.service.RewardsService         : getDistance called
2023-01-22T16:10:35.920+01:00  INFO 5507 --- [ool-3-thread-66] tourGuide.service.RewardsService         : nearAttraction called with Kansas City Zoo
2023-01-22T16:10:35.918+01:00  INFO 5507 --- [ool-3-thread-56] tourGuide.service.RewardsService         : getDistance called
2023-01-22T16:10:35.918+01:00  INFO 5507 --- [ool-3-thread-21] tourGuide.service.RewardsService         : getDistance called
2023-01-22T16:10:35.920+01:00  INFO 5507 --- [ool-3-thread-56] tourGuide.service.RewardsService         : nearAttraction called with Cinderella Castle
2023-01-22T16:10:35.920+01:00  INFO 5507 --- [ool-3-thread-21] tourGuide.service.RewardsService         : nearAttraction called with Disneyland
2023-01-22T16:10:35.920+01:00  INFO 5507 --- [ool-3-thread-56] tourGuide.service.RewardsService         : getDistance called
2023-01-22T16:10:35.920+01:00  INFO 5507 --- [ool-3-thread-21] tourGuide.service.RewardsService         : getDistance called
2023-01-22T16:10:35.920+01:00  INFO 5507 --- [ool-3-thread-56] tourGuide.service.RewardsService         : nearAttraction called with Jackson Hole
2023-01-22T16:10:35.920+01:00  INFO 5507 --- [ool-3-thread-56] tourGuide.service.RewardsService         : getDistance called
2023-01-22T16:10:35.918+01:00  INFO 5507 --- [ool-3-thread-43] tourGuide.service.RewardsService         : nearAttraction called with Tiger Stadium
2023-01-22T16:10:35.919+01:00  INFO 5507 --- [ool-3-thread-28] tourGuide.service.RewardsService         : nearAttraction called with Kyle Field
2023-01-22T16:10:35.919+01:00  INFO 5507 --- [ool-3-thread-44] tourGuide.service.RewardsService         : nearAttraction called with Zoo Tampa at Lowry Park
2023-01-22T16:10:35.919+01:00  INFO 5507 --- [pool-3-thread-9] tourGuide.service.RewardsService         : getDistance called
2023-01-22T16:10:35.919+01:00  INFO 5507 --- [ool-3-thread-39] tourGuide.service.RewardsService         : getDistance called
2023-01-22T16:10:35.920+01:00  INFO 5507 --- [pool-3-thread-9] tourGuide.service.RewardsService         : nearAttraction called with Joshua Tree National Park
2023-01-22T16:10:35.919+01:00  INFO 5507 --- [ool-3-thread-35] tourGuide.service.RewardsService         : nearAttraction called with Franklin Park Zoo
2023-01-22T16:10:35.919+01:00  INFO 5507 --- [ool-3-thread-51] tourGuide.service.RewardsService         : nearAttraction called with Kansas City Zoo
2023-01-22T16:10:35.919+01:00  INFO 5507 --- [ool-3-thread-27] tourGuide.service.RewardsService         : getDistance called
2023-01-22T16:10:35.919+01:00  INFO 5507 --- [pool-3-thread-6] tourGuide.service.RewardsService         : nearAttraction called with Cinderella Castle
2023-01-22T16:10:35.920+01:00  INFO 5507 --- [ool-3-thread-27] tourGuide.service.RewardsService         : nearAttraction called with Hot Springs National Park
2023-01-22T16:10:35.920+01:00  INFO 5507 --- [pool-3-thread-6] tourGuide.service.RewardsService         : getDistance called
2023-01-22T16:10:35.920+01:00  INFO 5507 --- [ool-3-thread-27] tourGuide.service.RewardsService         : getDistance called
2023-01-22T16:10:35.920+01:00  INFO 5507 --- [pool-3-thread-6] tourGuide.service.RewardsService         : nearAttraction called with Kartchner Caverns State Park
2023-01-22T16:10:35.919+01:00  INFO 5507 --- [ool-3-thread-63] tourGuide.service.RewardsService         : getDistance called
2023-01-22T16:10:35.919+01:00  INFO 5507 --- [ool-3-thread-33] tourGuide.service.RewardsService         : getDistance called
2023-01-22T16:10:35.919+01:00  INFO 5507 --- [ool-3-thread-48] tourGuide.service.RewardsService         : getDistance called
2023-01-22T16:10:35.919+01:00  INFO 5507 --- [pool-3-thread-5] tourGuide.service.RewardsService         : getDistance called
2023-01-22T16:10:35.919+01:00  INFO 5507 --- [ool-3-thread-64] tourGuide.service.RewardsService         : getDistance called
2023-01-22T16:10:35.921+01:00  INFO 5507 --- [ool-3-thread-63] tourGuide.service.RewardsService         : nearAttraction called with Flowers Bakery of London
2023-01-22T16:10:35.919+01:00  INFO 5507 --- [ool-3-thread-13] tourGuide.service.RewardsService         : getDistance called
2023-01-22T16:10:35.921+01:00  INFO 5507 --- [ool-3-thread-63] tourGuide.service.RewardsService         : getDistance called
2023-01-22T16:10:35.919+01:00  INFO 5507 --- [ool-3-thread-47] tourGuide.service.RewardsService         : getDistance called
2023-01-22T16:10:35.921+01:00  INFO 5507 --- [ool-3-thread-13] tourGuide.service.RewardsService         : nearAttraction called with Union Station
2023-01-22T16:10:35.919+01:00  INFO 5507 --- [ool-3-thread-12] tourGuide.service.RewardsService         : getDistance called
2023-01-22T16:10:35.919+01:00  INFO 5507 --- [ool-3-thread-58] tourGuide.service.RewardsService         : getDistance called
2023-01-22T16:10:35.919+01:00  INFO 5507 --- [ool-3-thread-31] tourGuide.service.RewardsService         : nearAttraction called with Legend Valley
2023-01-22T16:10:35.921+01:00  INFO 5507 --- [ool-3-thread-58] tourGuide.service.RewardsService         : nearAttraction called with Tiger Stadium
2023-01-22T16:10:35.921+01:00  INFO 5507 --- [ool-3-thread-31] tourGuide.service.RewardsService         : getDistance called
2023-01-22T16:10:35.919+01:00  INFO 5507 --- [ool-3-thread-34] tourGuide.service.RewardsService         : getRewardPoints called with Disneyland and internalUser14
2023-01-22T16:10:35.921+01:00  INFO 5507 --- [ool-3-thread-31] tourGuide.service.RewardsService         : nearAttraction called with Neyland Stadium
2023-01-22T16:10:35.919+01:00  INFO 5507 --- [ool-3-thread-67] tourGuide.service.RewardsService         : getDistance called
2023-01-22T16:10:35.919+01:00  INFO 5507 --- [pool-3-thread-2] tourGuide.service.RewardsService         : getDistance called
2023-01-22T16:10:35.919+01:00  INFO 5507 --- [ool-3-thread-45] tourGuide.service.RewardsService         : nearAttraction called with Fallingwater
2023-01-22T16:10:35.921+01:00  INFO 5507 --- [pool-3-thread-2] tourGuide.service.RewardsService         : nearAttraction called with San Diego Zoo
2023-01-22T16:10:35.921+01:00  INFO 5507 --- [ool-3-thread-45] tourGuide.service.RewardsService         : getDistance called
2023-01-22T16:10:35.921+01:00  INFO 5507 --- [pool-3-thread-2] tourGuide.service.RewardsService         : getDistance called
2023-01-22T16:10:35.921+01:00  INFO 5507 --- [ool-3-thread-45] tourGuide.service.RewardsService         : nearAttraction called with Zoo Tampa at Lowry Park
2023-01-22T16:10:35.921+01:00  INFO 5507 --- [pool-3-thread-2] tourGuide.service.RewardsService         : nearAttraction called with Franklin Park Zoo
2023-01-22T16:10:35.919+01:00  INFO 5507 --- [ool-3-thread-32] tourGuide.service.RewardsService         : getDistance called
2023-01-22T16:10:35.919+01:00  INFO 5507 --- [ool-3-thread-18] tourGuide.service.RewardsService         : nearAttraction called with Union Station
2023-01-22T16:10:35.919+01:00  INFO 5507 --- [ool-3-thread-57] tourGuide.service.RewardsService         : getDistance called
2023-01-22T16:10:35.919+01:00  INFO 5507 --- [ool-3-thread-25] tourGuide.service.RewardsService         : getDistance called
2023-01-22T16:10:35.921+01:00  INFO 5507 --- [ool-3-thread-57] tourGuide.service.RewardsService         : nearAttraction called with Kansas City Zoo
2023-01-22T16:10:35.920+01:00  INFO 5507 --- [ool-3-thread-54] tourGuide.service.RewardsService         : getDistance called
2023-01-22T16:10:35.921+01:00  INFO 5507 --- [ool-3-thread-57] tourGuide.service.RewardsService         : getDistance called
2023-01-22T16:10:35.921+01:00  INFO 5507 --- [ool-3-thread-25] tourGuide.service.RewardsService         : nearAttraction called with Bronx Zoo
2023-01-22T16:10:35.921+01:00  INFO 5507 --- [ool-3-thread-57] tourGuide.service.RewardsService         : nearAttraction called with Disneyland
2023-01-22T16:10:35.921+01:00  INFO 5507 --- [ool-3-thread-54] tourGuide.service.RewardsService         : nearAttraction called with Cinderella Castle
2023-01-22T16:10:35.920+01:00  INFO 5507 --- [ool-3-thread-65] tourGuide.service.RewardsService         : nearAttraction called with Tiger Stadium
2023-01-22T16:10:35.920+01:00  INFO 5507 --- [ool-3-thread-52] tourGuide.service.RewardsService         : getDistance called
2023-01-22T16:10:35.921+01:00  INFO 5507 --- [ool-3-thread-65] tourGuide.service.RewardsService         : getDistance called
2023-01-22T16:10:35.920+01:00  INFO 5507 --- [ool-3-thread-15] tourGuide.service.RewardsService         : nearAttraction called with San Diego Zoo
2023-01-22T16:10:35.921+01:00  INFO 5507 --- [ool-3-thread-65] tourGuide.service.RewardsService         : nearAttraction called with Mojave National Preserve
2023-01-22T16:10:35.921+01:00  INFO 5507 --- [ool-3-thread-15] tourGuide.service.RewardsService         : getDistance called
2023-01-22T16:10:35.921+01:00  INFO 5507 --- [ool-3-thread-65] tourGuide.service.RewardsService         : getDistance called
2023-01-22T16:10:35.920+01:00  INFO 5507 --- [ool-3-thread-55] tourGuide.service.RewardsService         : getDistance called
2023-01-22T16:10:35.921+01:00  INFO 5507 --- [ool-3-thread-65] tourGuide.service.RewardsService         : nearAttraction called with Buffalo National River
2023-01-22T16:10:35.920+01:00  INFO 5507 --- [ool-3-thread-37] tourGuide.service.RewardsService         : getDistance called
2023-01-22T16:10:35.920+01:00  INFO 5507 --- [ool-3-thread-20] tourGuide.service.RewardsService         : nearAttraction called with Franklin Park Zoo
2023-01-22T16:10:35.921+01:00  INFO 5507 --- [ool-3-thread-37] tourGuide.service.RewardsService         : nearAttraction called with Kartchner Caverns State Park
2023-01-22T16:10:35.921+01:00  INFO 5507 --- [ool-3-thread-20] tourGuide.service.RewardsService         : getDistance called
2023-01-22T16:10:35.921+01:00  INFO 5507 --- [ool-3-thread-37] tourGuide.service.RewardsService         : getDistance called
2023-01-22T16:10:35.921+01:00  INFO 5507 --- [ool-3-thread-20] tourGuide.service.RewardsService         : nearAttraction called with Legend Valley
2023-01-22T16:10:35.921+01:00  INFO 5507 --- [ool-3-thread-37] tourGuide.service.RewardsService         : nearAttraction called with Flowers Bakery of London
2023-01-22T16:10:35.920+01:00  INFO 5507 --- [pool-3-thread-7] tourGuide.service.RewardsService         : getDistance called
2023-01-22T16:10:35.920+01:00  INFO 5507 --- [ool-3-thread-40] tourGuide.service.RewardsService         : getDistance called
2023-01-22T16:10:35.921+01:00  INFO 5507 --- [pool-3-thread-7] tourGuide.service.RewardsService         : nearAttraction called with McKinley Tower
2023-01-22T16:10:35.920+01:00  INFO 5507 --- [ool-3-thread-22] tourGuide.service.RewardsService         : nearAttraction called with Bronx Zoo
2023-01-22T16:10:35.920+01:00  INFO 5507 --- [ool-3-thread-66] tourGuide.service.RewardsService         : getDistance called
2023-01-22T16:10:35.922+01:00  INFO 5507 --- [ool-3-thread-22] tourGuide.service.RewardsService         : getDistance called
2023-01-22T16:10:35.920+01:00  INFO 5507 --- [ool-3-thread-21] tourGuide.service.RewardsService         : getRewardPoints called with Disneyland and internalUser3
2023-01-22T16:10:35.922+01:00  INFO 5507 --- [ool-3-thread-40] tourGuide.service.RewardsService         : nearAttraction called with Flatiron Building
2023-01-22T16:10:35.922+01:00  INFO 5507 --- [ool-3-thread-22] tourGuide.service.RewardsService         : nearAttraction called with Union Station
2023-01-22T16:10:35.922+01:00  INFO 5507 --- [ool-3-thread-40] tourGuide.service.RewardsService         : getDistance called
2023-01-22T16:10:35.920+01:00  INFO 5507 --- [ool-3-thread-56] tourGuide.service.RewardsService         : nearAttraction called with Mojave National Preserve
2023-01-22T16:10:35.922+01:00  INFO 5507 --- [ool-3-thread-40] tourGuide.service.RewardsService         : nearAttraction called with Roger Dean Stadium
2023-01-22T16:10:35.922+01:00  INFO 5507 --- [ool-3-thread-56] tourGuide.service.RewardsService         : getDistance called
2023-01-22T16:10:35.922+01:00  INFO 5507 --- [ool-3-thread-40] tourGuide.service.RewardsService         : getDistance called
2023-01-22T16:10:35.922+01:00  INFO 5507 --- [ool-3-thread-56] tourGuide.service.RewardsService         : nearAttraction called with Texas Memorial Stadium
2023-01-22T16:10:35.922+01:00  INFO 5507 --- [ool-3-thread-40] tourGuide.service.RewardsService         : nearAttraction called with Bryant-Denny Stadium
2023-01-22T16:10:35.922+01:00  INFO 5507 --- [ool-3-thread-56] tourGuide.service.RewardsService         : getDistance called
2023-01-22T16:10:35.922+01:00  INFO 5507 --- [ool-3-thread-40] tourGuide.service.RewardsService         : getDistance called
2023-01-22T16:10:35.922+01:00  INFO 5507 --- [ool-3-thread-56] tourGuide.service.RewardsService         : nearAttraction called with Tiger Stadium
2023-01-22T16:10:35.922+01:00  INFO 5507 --- [ool-3-thread-40] tourGuide.service.RewardsService         : nearAttraction called with Neyland Stadium
2023-01-22T16:10:35.922+01:00  INFO 5507 --- [ool-3-thread-56] tourGuide.service.RewardsService         : getDistance called
2023-01-22T16:10:35.922+01:00  INFO 5507 --- [ool-3-thread-40] tourGuide.service.RewardsService         : getDistance called
2023-01-22T16:10:35.922+01:00  INFO 5507 --- [ool-3-thread-56] tourGuide.service.RewardsService         : nearAttraction called with Kyle Field
2023-01-22T16:10:35.922+01:00  INFO 5507 --- [ool-3-thread-40] tourGuide.service.RewardsService         : nearAttraction called with San Diego Zoo
2023-01-22T16:10:35.922+01:00  INFO 5507 --- [ool-3-thread-40] tourGuide.service.RewardsService         : getDistance called
2023-01-22T16:10:35.920+01:00  INFO 5507 --- [ool-3-thread-43] tourGuide.service.RewardsService         : getDistance called
2023-01-22T16:10:35.922+01:00  INFO 5507 --- [ool-3-thread-40] tourGuide.service.RewardsService         : nearAttraction called with Zoo Tampa at Lowry Park
2023-01-22T16:10:35.920+01:00  INFO 5507 --- [ool-3-thread-28] tourGuide.service.RewardsService         : getDistance called
2023-01-22T16:10:35.920+01:00  INFO 5507 --- [ool-3-thread-44] tourGuide.service.RewardsService         : getDistance called
2023-01-22T16:10:35.920+01:00  INFO 5507 --- [ool-3-thread-39] tourGuide.service.RewardsService         : nearAttraction called with Buffalo National River
2023-01-22T16:10:35.922+01:00  INFO 5507 --- [ool-3-thread-44] tourGuide.service.RewardsService         : nearAttraction called with Kansas City Zoo
2023-01-22T16:10:35.922+01:00  INFO 5507 --- [ool-3-thread-39] tourGuide.service.RewardsService         : getDistance called
2023-01-22T16:10:35.922+01:00  INFO 5507 --- [ool-3-thread-44] tourGuide.service.RewardsService         : getDistance called
2023-01-22T16:10:35.920+01:00  INFO 5507 --- [pool-3-thread-9] tourGuide.service.RewardsService         : getDistance called
2023-01-22T16:10:35.922+01:00  INFO 5507 --- [ool-3-thread-44] tourGuide.service.RewardsService         : nearAttraction called with Cinderella Castle
2023-01-22T16:10:35.920+01:00  INFO 5507 --- [ool-3-thread-35] tourGuide.service.RewardsService         : getDistance called
2023-01-22T16:10:35.920+01:00  INFO 5507 --- [ool-3-thread-51] tourGuide.service.RewardsService         : getDistance called
2023-01-22T16:10:35.920+01:00  INFO 5507 --- [ool-3-thread-27] tourGuide.service.RewardsService         : nearAttraction called with Legend Valley
2023-01-22T16:10:35.920+01:00  INFO 5507 --- [pool-3-thread-6] tourGuide.service.RewardsService         : getDistance called
2023-01-22T16:10:35.921+01:00  INFO 5507 --- [ool-3-thread-33] tourGuide.service.RewardsService         : getRewardPoints called with Disneyland and internalUser13
2023-01-22T16:10:35.922+01:00  INFO 5507 --- [pool-3-thread-6] tourGuide.service.RewardsService         : nearAttraction called with Joshua Tree National Park
2023-01-22T16:10:35.921+01:00  INFO 5507 --- [pool-3-thread-5] tourGuide.service.RewardsService         : nearAttraction called with McKinley Tower
2023-01-22T16:10:35.922+01:00  INFO 5507 --- [pool-3-thread-5] tourGuide.service.RewardsService         : getDistance called
2023-01-22T16:10:35.921+01:00  INFO 5507 --- [ool-3-thread-48] tourGuide.service.RewardsService         : nearAttraction called with Flatiron Building
2023-01-22T16:10:35.921+01:00  INFO 5507 --- [ool-3-thread-64] tourGuide.service.RewardsService         : nearAttraction called with Fallingwater
2023-01-22T16:10:35.922+01:00  INFO 5507 --- [ool-3-thread-48] tourGuide.service.RewardsService         : getDistance called
2023-01-22T16:10:35.921+01:00  INFO 5507 --- [ool-3-thread-63] tourGuide.service.RewardsService         : nearAttraction called with Roger Dean Stadium
2023-01-22T16:10:35.922+01:00  INFO 5507 --- [ool-3-thread-48] tourGuide.service.RewardsService         : nearAttraction called with Hot Springs National Park
2023-01-22T16:10:35.922+01:00  INFO 5507 --- [ool-3-thread-63] tourGuide.service.RewardsService         : getDistance called
2023-01-22T16:10:35.922+01:00  INFO 5507 --- [ool-3-thread-48] tourGuide.service.RewardsService         : getDistance called
2023-01-22T16:10:35.921+01:00  INFO 5507 --- [ool-3-thread-47] tourGuide.service.RewardsService         : nearAttraction called with Texas Memorial Stadium
2023-01-22T16:10:35.922+01:00  INFO 5507 --- [ool-3-thread-48] tourGuide.service.RewardsService         : nearAttraction called with Legend Valley
2023-01-22T16:10:35.922+01:00  INFO 5507 --- [ool-3-thread-47] tourGuide.service.RewardsService         : getDistance called
2023-01-22T16:10:35.922+01:00  INFO 5507 --- [ool-3-thread-48] tourGuide.service.RewardsService         : getDistance called
2023-01-22T16:10:35.921+01:00  INFO 5507 --- [ool-3-thread-13] tourGuide.service.RewardsService         : getDistance called
2023-01-22T16:10:35.922+01:00  INFO 5507 --- [ool-3-thread-48] tourGuide.service.RewardsService         : nearAttraction called with McKinley Tower
2023-01-22T16:10:35.921+01:00  INFO 5507 --- [ool-3-thread-12] tourGuide.service.RewardsService         : nearAttraction called with Bryant-Denny Stadium
2023-01-22T16:10:35.922+01:00  INFO 5507 --- [ool-3-thread-48] tourGuide.service.RewardsService         : getDistance called
2023-01-22T16:10:35.921+01:00  INFO 5507 --- [ool-3-thread-58] tourGuide.service.RewardsService         : getDistance called
2023-01-22T16:10:35.921+01:00  INFO 5507 --- [ool-3-thread-31] tourGuide.service.RewardsService         : getDistance called
2023-01-22T16:10:35.923+01:00  INFO 5507 --- [ool-3-thread-12] tourGuide.service.RewardsService         : getDistance called
2023-01-22T16:10:35.921+01:00  INFO 5507 --- [ool-3-thread-67] tourGuide.service.RewardsService         : nearAttraction called with Kyle Field
2023-01-22T16:10:35.923+01:00  INFO 5507 --- [ool-3-thread-31] tourGuide.service.RewardsService         : nearAttraction called with Roger Dean Stadium
2023-01-22T16:10:35.923+01:00  INFO 5507 --- [ool-3-thread-48] tourGuide.service.RewardsService         : nearAttraction called with Fallingwater
2023-01-22T16:10:35.923+01:00  INFO 5507 --- [ool-3-thread-31] tourGuide.service.RewardsService         : getDistance called
2023-01-22T16:10:35.921+01:00  INFO 5507 --- [ool-3-thread-45] tourGuide.service.RewardsService         : getDistance called
2023-01-22T16:10:35.923+01:00  INFO 5507 --- [ool-3-thread-31] tourGuide.service.RewardsService         : nearAttraction called with Bryant-Denny Stadium
2023-01-22T16:10:35.921+01:00  INFO 5507 --- [pool-3-thread-2] tourGuide.service.RewardsService         : getDistance called
2023-01-22T16:10:35.921+01:00  INFO 5507 --- [ool-3-thread-32] tourGuide.service.RewardsService         : nearAttraction called with El Paso Zoo
2023-01-22T16:10:35.923+01:00  INFO 5507 --- [pool-3-thread-2] tourGuide.service.RewardsService         : nearAttraction called with Neyland Stadium
2023-01-22T16:10:35.921+01:00  INFO 5507 --- [ool-3-thread-18] tourGuide.service.RewardsService         : getDistance called
2023-01-22T16:10:35.921+01:00  INFO 5507 --- [ool-3-thread-25] tourGuide.service.RewardsService         : getDistance called
2023-01-22T16:10:35.923+01:00  INFO 5507 --- [ool-3-thread-18] tourGuide.service.RewardsService         : nearAttraction called with Kyle Field
2023-01-22T16:10:35.921+01:00  INFO 5507 --- [ool-3-thread-57] tourGuide.service.RewardsService         : getDistance called
2023-01-22T16:10:35.921+01:00  INFO 5507 --- [ool-3-thread-54] tourGuide.service.RewardsService         : getDistance called
2023-01-22T16:10:35.923+01:00  INFO 5507 --- [ool-3-thread-57] tourGuide.service.RewardsService         : getRewardPoints called with Disneyland and internalUser96
2023-01-22T16:10:35.923+01:00  INFO 5507 --- [ool-3-thread-54] tourGuide.service.RewardsService         : nearAttraction called with Zoo Tampa at Lowry Park
2023-01-22T16:10:35.923+01:00  INFO 5507 --- [ool-3-thread-54] tourGuide.service.RewardsService         : getDistance called
2023-01-22T16:10:35.921+01:00  INFO 5507 --- [ool-3-thread-52] tourGuide.service.RewardsService         : nearAttraction called with Jackson Hole
2023-01-22T16:10:35.923+01:00  INFO 5507 --- [ool-3-thread-54] tourGuide.service.RewardsService         : nearAttraction called with Franklin Park Zoo
2023-01-22T16:10:35.921+01:00  INFO 5507 --- [ool-3-thread-15] tourGuide.service.RewardsService         : nearAttraction called with Joshua Tree National Park
2023-01-22T16:10:35.923+01:00  INFO 5507 --- [ool-3-thread-52] tourGuide.service.RewardsService         : getDistance called
2023-01-22T16:10:35.921+01:00  INFO 5507 --- [ool-3-thread-55] tourGuide.service.RewardsService         : nearAttraction called with Hot Springs National Park
2023-01-22T16:10:35.921+01:00  INFO 5507 --- [ool-3-thread-65] tourGuide.service.RewardsService         : getDistance called
2023-01-22T16:10:35.921+01:00  INFO 5507 --- [ool-3-thread-20] tourGuide.service.RewardsService         : getDistance called
2023-01-22T16:10:35.923+01:00  INFO 5507 --- [ool-3-thread-65] tourGuide.service.RewardsService         : nearAttraction called with Kansas City Zoo
2023-01-22T16:10:35.921+01:00  INFO 5507 --- [ool-3-thread-37] tourGuide.service.RewardsService         : getDistance called
2023-01-22T16:10:35.922+01:00  INFO 5507 --- [pool-3-thread-7] tourGuide.service.RewardsService         : getDistance called
2023-01-22T16:10:35.922+01:00  INFO 5507 --- [ool-3-thread-66] tourGuide.service.RewardsService         : nearAttraction called with Fallingwater
2023-01-22T16:10:35.922+01:00  INFO 5507 --- [ool-3-thread-22] tourGuide.service.RewardsService         : getDistance called
2023-01-22T16:10:35.922+01:00  INFO 5507 --- [ool-3-thread-56] tourGuide.service.RewardsService         : getDistance called
2023-01-22T16:10:35.922+01:00  INFO 5507 --- [ool-3-thread-40] tourGuide.service.RewardsService         : getDistance called
2023-01-22T16:10:35.923+01:00  INFO 5507 --- [ool-3-thread-40] tourGuide.service.RewardsService         : nearAttraction called with Joshua Tree National Park
2023-01-22T16:10:35.922+01:00  INFO 5507 --- [ool-3-thread-43] tourGuide.service.RewardsService         : nearAttraction called with Franklin Park Zoo
2023-01-22T16:10:35.922+01:00  INFO 5507 --- [ool-3-thread-28] tourGuide.service.RewardsService         : nearAttraction called with El Paso Zoo
2023-01-22T16:10:35.922+01:00  INFO 5507 --- [ool-3-thread-39] tourGuide.service.RewardsService         : nearAttraction called with Bronx Zoo
2023-01-22T16:10:35.923+01:00  INFO 5507 --- [ool-3-thread-28] tourGuide.service.RewardsService         : getDistance called
2023-01-22T16:10:35.923+01:00  INFO 5507 --- [ool-3-thread-39] tourGuide.service.RewardsService         : getDistance called
2023-01-22T16:10:35.923+01:00  INFO 5507 --- [ool-3-thread-28] tourGuide.service.RewardsService         : nearAttraction called with Buffalo National River
2023-01-22T16:10:35.922+01:00  INFO 5507 --- [ool-3-thread-44] tourGuide.service.RewardsService         : getDistance called
2023-01-22T16:10:35.922+01:00  INFO 5507 --- [pool-3-thread-9] tourGuide.service.RewardsService         : nearAttraction called with Disneyland
2023-01-22T16:10:35.923+01:00  INFO 5507 --- [ool-3-thread-44] tourGuide.service.RewardsService         : nearAttraction called with Kartchner Caverns State Park
2023-01-22T16:10:35.923+01:00  INFO 5507 --- [pool-3-thread-9] tourGuide.service.RewardsService         : getDistance called
2023-01-22T16:10:35.922+01:00  INFO 5507 --- [ool-3-thread-51] tourGuide.service.RewardsService         : nearAttraction called with Mojave National Preserve
2023-01-22T16:10:35.923+01:00  INFO 5507 --- [pool-3-thread-9] tourGuide.service.RewardsService         : getRewardPoints called with Disneyland and internalUser2
2023-01-22T16:10:35.922+01:00  INFO 5507 --- [ool-3-thread-35] tourGuide.service.RewardsService         : nearAttraction called with Jackson Hole
2023-01-22T16:10:35.922+01:00  INFO 5507 --- [ool-3-thread-27] tourGuide.service.RewardsService         : getDistance called
2023-01-22T16:10:35.924+01:00  INFO 5507 --- [ool-3-thread-35] tourGuide.service.RewardsService         : getDistance called
2023-01-22T16:10:35.922+01:00  INFO 5507 --- [pool-3-thread-6] tourGuide.service.RewardsService         : getDistance called
2023-01-22T16:10:35.924+01:00  INFO 5507 --- [ool-3-thread-27] tourGuide.service.RewardsService         : nearAttraction called with Legend Valley
2023-01-22T16:10:35.922+01:00  INFO 5507 --- [pool-3-thread-5] tourGuide.service.RewardsService         : nearAttraction called with Buffalo National River
2023-01-22T16:10:35.924+01:00  INFO 5507 --- [ool-3-thread-27] tourGuide.service.RewardsService         : getDistance called
2023-01-22T16:10:35.922+01:00  INFO 5507 --- [ool-3-thread-64] tourGuide.service.RewardsService         : getDistance called
2023-01-22T16:10:35.924+01:00  INFO 5507 --- [ool-3-thread-27] tourGuide.service.RewardsService         : nearAttraction called with Flatiron Building
2023-01-22T16:10:35.922+01:00  INFO 5507 --- [ool-3-thread-63] tourGuide.service.RewardsService         : nearAttraction called with Kartchner Caverns State Park
2023-01-22T16:10:35.922+01:00  INFO 5507 --- [ool-3-thread-47] tourGuide.service.RewardsService         : nearAttraction called with Flowers Bakery of London
2023-01-22T16:10:35.922+01:00  INFO 5507 --- [ool-3-thread-13] tourGuide.service.RewardsService         : nearAttraction called with Flatiron Building
2023-01-22T16:10:35.924+01:00  INFO 5507 --- [ool-3-thread-47] tourGuide.service.RewardsService         : getDistance called
2023-01-22T16:10:35.923+01:00  INFO 5507 --- [ool-3-thread-58] tourGuide.service.RewardsService         : nearAttraction called with Union Station
2023-01-22T16:10:35.923+01:00  INFO 5507 --- [ool-3-thread-12] tourGuide.service.RewardsService         : nearAttraction called with Texas Memorial Stadium
2023-01-22T16:10:35.924+01:00  INFO 5507 --- [ool-3-thread-58] tourGuide.service.RewardsService         : getDistance called
2023-01-22T16:10:35.923+01:00  INFO 5507 --- [ool-3-thread-67] tourGuide.service.RewardsService         : getDistance called
2023-01-22T16:10:35.924+01:00  INFO 5507 --- [ool-3-thread-12] tourGuide.service.RewardsService         : getDistance called
2023-01-22T16:10:35.924+01:00  INFO 5507 --- [ool-3-thread-58] tourGuide.service.RewardsService         : nearAttraction called with Roger Dean Stadium
2023-01-22T16:10:35.924+01:00  INFO 5507 --- [ool-3-thread-67] tourGuide.service.RewardsService         : nearAttraction called with Texas Memorial Stadium
2023-01-22T16:10:35.923+01:00  INFO 5507 --- [ool-3-thread-48] tourGuide.service.RewardsService         : getDistance called
2023-01-22T16:10:35.923+01:00  INFO 5507 --- [ool-3-thread-45] tourGuide.service.RewardsService         : nearAttraction called with Tiger Stadium
2023-01-22T16:10:35.923+01:00  INFO 5507 --- [ool-3-thread-31] tourGuide.service.RewardsService         : getDistance called
2023-01-22T16:10:35.923+01:00  INFO 5507 --- [ool-3-thread-32] tourGuide.service.RewardsService         : getDistance called
2023-01-22T16:10:35.923+01:00  INFO 5507 --- [pool-3-thread-2] tourGuide.service.RewardsService         : getDistance called
2023-01-22T16:10:35.923+01:00  INFO 5507 --- [ool-3-thread-25] tourGuide.service.RewardsService         : nearAttraction called with San Diego Zoo
2023-01-22T16:10:35.924+01:00  INFO 5507 --- [pool-3-thread-2] tourGuide.service.RewardsService         : nearAttraction called with San Diego Zoo
2023-01-22T16:10:35.924+01:00  INFO 5507 --- [ool-3-thread-25] tourGuide.service.RewardsService         : getDistance called
2023-01-22T16:10:35.923+01:00  INFO 5507 --- [ool-3-thread-18] tourGuide.service.RewardsService         : getDistance called
2023-01-22T16:10:35.923+01:00  INFO 5507 --- [ool-3-thread-54] tourGuide.service.RewardsService         : getDistance called
2023-01-22T16:10:35.924+01:00  INFO 5507 --- [ool-3-thread-18] tourGuide.service.RewardsService         : nearAttraction called with Franklin Park Zoo
2023-01-22T16:10:35.923+01:00  INFO 5507 --- [ool-3-thread-15] tourGuide.service.RewardsService         : getDistance called
2023-01-22T16:10:35.923+01:00  INFO 5507 --- [ool-3-thread-52] tourGuide.service.RewardsService         : nearAttraction called with El Paso Zoo
2023-01-22T16:10:35.923+01:00  INFO 5507 --- [ool-3-thread-55] tourGuide.service.RewardsService         : getDistance called
2023-01-22T16:10:35.923+01:00  INFO 5507 --- [ool-3-thread-20] tourGuide.service.RewardsService         : nearAttraction called with Bronx Zoo
2023-01-22T16:10:35.923+01:00  INFO 5507 --- [ool-3-thread-65] tourGuide.service.RewardsService         : getDistance called
2023-01-22T16:10:35.923+01:00  INFO 5507 --- [ool-3-thread-37] tourGuide.service.RewardsService         : nearAttraction called with Cinderella Castle
2023-01-22T16:10:35.923+01:00  INFO 5507 --- [pool-3-thread-7] tourGuide.service.RewardsService         : nearAttraction called with Disneyland
2023-01-22T16:10:35.923+01:00  INFO 5507 --- [ool-3-thread-66] tourGuide.service.RewardsService         : getDistance called
2023-01-22T16:10:35.924+01:00  INFO 5507 --- [pool-3-thread-7] tourGuide.service.RewardsService         : getDistance called
2023-01-22T16:10:35.923+01:00  INFO 5507 --- [ool-3-thread-22] tourGuide.service.RewardsService         : nearAttraction called with Jackson Hole
2023-01-22T16:10:35.924+01:00  INFO 5507 --- [pool-3-thread-7] tourGuide.service.RewardsService         : getRewardPoints called with Disneyland and internalUser95
2023-01-22T16:10:35.923+01:00  INFO 5507 --- [ool-3-thread-56] tourGuide.service.RewardsService         : nearAttraction called with Mojave National Preserve
2023-01-22T16:10:35.923+01:00  INFO 5507 --- [ool-3-thread-40] tourGuide.service.RewardsService         : getDistance called
2023-01-22T16:10:35.923+01:00  INFO 5507 --- [ool-3-thread-43] tourGuide.service.RewardsService         : getDistance called
2023-01-22T16:10:35.924+01:00  INFO 5507 --- [ool-3-thread-40] tourGuide.service.RewardsService         : nearAttraction called with Jackson Hole
2023-01-22T16:10:35.923+01:00  INFO 5507 --- [ool-3-thread-39] tourGuide.service.RewardsService         : nearAttraction called with Hot Springs National Park
2023-01-22T16:10:35.923+01:00  INFO 5507 --- [ool-3-thread-28] tourGuide.service.RewardsService         : getDistance called
2023-01-22T16:10:35.923+01:00  INFO 5507 --- [ool-3-thread-44] tourGuide.service.RewardsService         : getDistance called
2023-01-22T16:10:35.924+01:00  INFO 5507 --- [ool-3-thread-28] tourGuide.service.RewardsService         : nearAttraction called with Joshua Tree National Park
2023-01-22T16:10:35.924+01:00  INFO 5507 --- [ool-3-thread-44] tourGuide.service.RewardsService         : nearAttraction called with Buffalo National River
2023-01-22T16:10:35.924+01:00  INFO 5507 --- [ool-3-thread-28] tourGuide.service.RewardsService         : getDistance called
2023-01-22T16:10:35.924+01:00  INFO 5507 --- [ool-3-thread-44] tourGuide.service.RewardsService         : getDistance called
2023-01-22T16:10:35.924+01:00  INFO 5507 --- [ool-3-thread-51] tourGuide.service.RewardsService         : getDistance called
2023-01-22T16:10:35.924+01:00  INFO 5507 --- [ool-3-thread-28] tourGuide.service.RewardsService         : nearAttraction called with Hot Springs National Park
2023-01-22T16:10:35.924+01:00  INFO 5507 --- [ool-3-thread-35] tourGuide.service.RewardsService         : nearAttraction called with Flowers Bakery of London
2023-01-22T16:10:35.924+01:00  INFO 5507 --- [ool-3-thread-28] tourGuide.service.RewardsService         : getDistance called
2023-01-22T16:10:35.924+01:00  INFO 5507 --- [pool-3-thread-6] tourGuide.service.RewardsService         : nearAttraction called with McKinley Tower
2023-01-22T16:10:35.924+01:00  INFO 5507 --- [pool-3-thread-5] tourGuide.service.RewardsService         : getDistance called
2023-01-22T16:10:35.924+01:00  INFO 5507 --- [ool-3-thread-64] tourGuide.service.RewardsService         : nearAttraction called with Fallingwater
2023-01-22T16:10:35.925+01:00  INFO 5507 --- [ool-3-thread-28] tourGuide.service.RewardsService         : nearAttraction called with Flowers Bakery of London
2023-01-22T16:10:35.924+01:00  INFO 5507 --- [ool-3-thread-27] tourGuide.service.RewardsService         : getDistance called
2023-01-22T16:10:35.925+01:00  INFO 5507 --- [pool-3-thread-5] tourGuide.service.RewardsService         : nearAttraction called with McKinley Tower
2023-01-22T16:10:35.925+01:00  INFO 5507 --- [ool-3-thread-27] tourGuide.service.RewardsService         : nearAttraction called with Flatiron Building
2023-01-22T16:10:35.925+01:00  INFO 5507 --- [pool-3-thread-5] tourGuide.service.RewardsService         : getDistance called
2023-01-22T16:10:35.925+01:00  INFO 5507 --- [ool-3-thread-27] tourGuide.service.RewardsService         : getDistance called
2023-01-22T16:10:35.925+01:00  INFO 5507 --- [pool-3-thread-5] tourGuide.service.RewardsService         : nearAttraction called with Fallingwater
2023-01-22T16:10:35.925+01:00  INFO 5507 --- [ool-3-thread-27] tourGuide.service.RewardsService         : nearAttraction called with Union Station
2023-01-22T16:10:35.924+01:00  INFO 5507 --- [ool-3-thread-63] tourGuide.service.RewardsService         : getDistance called
2023-01-22T16:10:35.924+01:00  INFO 5507 --- [ool-3-thread-13] tourGuide.service.RewardsService         : getDistance called
2023-01-22T16:10:35.924+01:00  INFO 5507 --- [ool-3-thread-47] tourGuide.service.RewardsService         : nearAttraction called with Union Station
2023-01-22T16:10:35.925+01:00  INFO 5507 --- [ool-3-thread-13] tourGuide.service.RewardsService         : nearAttraction called with Texas Memorial Stadium
2023-01-22T16:10:35.924+01:00  INFO 5507 --- [ool-3-thread-12] tourGuide.service.RewardsService         : nearAttraction called with Bryant-Denny Stadium
2023-01-22T16:10:35.924+01:00  INFO 5507 --- [ool-3-thread-58] tourGuide.service.RewardsService         : getDistance called
2023-01-22T16:10:35.924+01:00  INFO 5507 --- [ool-3-thread-67] tourGuide.service.RewardsService         : getDistance called
2023-01-22T16:10:35.925+01:00  INFO 5507 --- [ool-3-thread-58] tourGuide.service.RewardsService         : nearAttraction called with Bryant-Denny Stadium
2023-01-22T16:10:35.924+01:00  INFO 5507 --- [ool-3-thread-48] tourGuide.service.RewardsService         : nearAttraction called with Tiger Stadium
2023-01-22T16:10:35.924+01:00  INFO 5507 --- [ool-3-thread-45] tourGuide.service.RewardsService         : getDistance called
2023-01-22T16:10:35.924+01:00  INFO 5507 --- [ool-3-thread-31] tourGuide.service.RewardsService         : nearAttraction called with Neyland Stadium
2023-01-22T16:10:35.924+01:00  INFO 5507 --- [ool-3-thread-32] tourGuide.service.RewardsService         : nearAttraction called with Kyle Field
2023-01-22T16:10:35.924+01:00  INFO 5507 --- [pool-3-thread-2] tourGuide.service.RewardsService         : getDistance called
2023-01-22T16:10:35.925+01:00  INFO 5507 --- [ool-3-thread-32] tourGuide.service.RewardsService         : getDistance called
2023-01-22T16:10:35.924+01:00  INFO 5507 --- [ool-3-thread-25] tourGuide.service.RewardsService         : nearAttraction called with Zoo Tampa at Lowry Park
2023-01-22T16:10:35.925+01:00  INFO 5507 --- [pool-3-thread-2] tourGuide.service.RewardsService         : nearAttraction called with Kyle Field
2023-01-22T16:10:35.925+01:00  INFO 5507 --- [ool-3-thread-25] tourGuide.service.RewardsService         : getDistance called
2023-01-22T16:10:35.925+01:00  INFO 5507 --- [pool-3-thread-2] tourGuide.service.RewardsService         : getDistance called
2023-01-22T16:10:35.924+01:00  INFO 5507 --- [ool-3-thread-54] tourGuide.service.RewardsService         : nearAttraction called with El Paso Zoo
2023-01-22T16:10:35.925+01:00  INFO 5507 --- [pool-3-thread-2] tourGuide.service.RewardsService         : nearAttraction called with Franklin Park Zoo
2023-01-22T16:10:35.924+01:00  INFO 5507 --- [ool-3-thread-18] tourGuide.service.RewardsService         : getDistance called
2023-01-22T16:10:35.924+01:00  INFO 5507 --- [ool-3-thread-15] tourGuide.service.RewardsService         : nearAttraction called with Kansas City Zoo
2023-01-22T16:10:35.924+01:00  INFO 5507 --- [ool-3-thread-52] tourGuide.service.RewardsService         : getDistance called
2023-01-22T16:10:35.924+01:00  INFO 5507 --- [ool-3-thread-55] tourGuide.service.RewardsService         : nearAttraction called with Bronx Zoo
2023-01-22T16:10:35.925+01:00  INFO 5507 --- [ool-3-thread-52] tourGuide.service.RewardsService         : nearAttraction called with Kansas City Zoo
2023-01-22T16:10:35.925+01:00  INFO 5507 --- [ool-3-thread-55] tourGuide.service.RewardsService         : getDistance called
2023-01-22T16:10:35.925+01:00  INFO 5507 --- [ool-3-thread-52] tourGuide.service.RewardsService         : getDistance called
2023-01-22T16:10:35.924+01:00  INFO 5507 --- [ool-3-thread-20] tourGuide.service.RewardsService         : getDistance called
2023-01-22T16:10:35.925+01:00  INFO 5507 --- [ool-3-thread-52] tourGuide.service.RewardsService         : nearAttraction called with Cinderella Castle
2023-01-22T16:10:35.924+01:00  INFO 5507 --- [ool-3-thread-65] tourGuide.service.RewardsService         : nearAttraction called with Cinderella Castle
2023-01-22T16:10:35.924+01:00  INFO 5507 --- [ool-3-thread-37] tourGuide.service.RewardsService         : getDistance called
2023-01-22T16:10:35.925+01:00  INFO 5507 --- [ool-3-thread-65] tourGuide.service.RewardsService         : getDistance called
2023-01-22T16:10:35.924+01:00  INFO 5507 --- [ool-3-thread-66] tourGuide.service.RewardsService         : nearAttraction called with Disneyland
2023-01-22T16:10:35.925+01:00  INFO 5507 --- [ool-3-thread-37] tourGuide.service.RewardsService         : nearAttraction called with Jackson Hole
2023-01-22T16:10:35.925+01:00  INFO 5507 --- [ool-3-thread-66] tourGuide.service.RewardsService         : getDistance called
2023-01-22T16:10:35.925+01:00  INFO 5507 --- [ool-3-thread-37] tourGuide.service.RewardsService         : getDistance called
2023-01-22T16:10:35.924+01:00  INFO 5507 --- [ool-3-thread-22] tourGuide.service.RewardsService         : getDistance called
2023-01-22T16:10:35.924+01:00  INFO 5507 --- [ool-3-thread-56] tourGuide.service.RewardsService         : getDistance called
2023-01-22T16:10:35.926+01:00  INFO 5507 --- [ool-3-thread-22] tourGuide.service.RewardsService         : nearAttraction called with Buffalo National River
2023-01-22T16:10:35.926+01:00  INFO 5507 --- [ool-3-thread-56] tourGuide.service.RewardsService         : nearAttraction called with Hot Springs National Park
2023-01-22T16:10:35.924+01:00  INFO 5507 --- [ool-3-thread-43] tourGuide.service.RewardsService         : nearAttraction called with Mojave National Preserve
2023-01-22T16:10:35.924+01:00  INFO 5507 --- [ool-3-thread-40] tourGuide.service.RewardsService         : getDistance called
2023-01-22T16:10:35.926+01:00  INFO 5507 --- [ool-3-thread-43] tourGuide.service.RewardsService         : getDistance called
2023-01-22T16:10:35.924+01:00  INFO 5507 --- [ool-3-thread-39] tourGuide.service.RewardsService         : getDistance called
2023-01-22T16:10:35.926+01:00  INFO 5507 --- [ool-3-thread-40] tourGuide.service.RewardsService         : nearAttraction called with Kartchner Caverns State Park
2023-01-22T16:10:35.924+01:00  INFO 5507 --- [ool-3-thread-44] tourGuide.service.RewardsService         : nearAttraction called with Kartchner Caverns State Park
2023-01-22T16:10:35.924+01:00  INFO 5507 --- [ool-3-thread-51] tourGuide.service.RewardsService         : nearAttraction called with Legend Valley
2023-01-22T16:10:35.926+01:00  INFO 5507 --- [ool-3-thread-44] tourGuide.service.RewardsService         : getDistance called
2023-01-22T16:10:35.926+01:00  INFO 5507 --- [ool-3-thread-51] tourGuide.service.RewardsService         : getDistance called
2023-01-22T16:10:35.925+01:00  INFO 5507 --- [ool-3-thread-35] tourGuide.service.RewardsService         : getDistance called
2023-01-22T16:10:35.926+01:00  INFO 5507 --- [ool-3-thread-51] tourGuide.service.RewardsService         : nearAttraction called with Flatiron Building
2023-01-22T16:10:35.925+01:00  INFO 5507 --- [ool-3-thread-64] tourGuide.service.RewardsService         : getDistance called
2023-01-22T16:10:35.925+01:00  INFO 5507 --- [pool-3-thread-6] tourGuide.service.RewardsService         : getDistance called
2023-01-22T16:10:35.926+01:00  INFO 5507 --- [ool-3-thread-64] tourGuide.service.RewardsService         : nearAttraction called with Union Station
2023-01-22T16:10:35.925+01:00  INFO 5507 --- [ool-3-thread-28] tourGuide.service.RewardsService         : getDistance called
2023-01-22T16:10:35.925+01:00  INFO 5507 --- [pool-3-thread-5] tourGuide.service.RewardsService         : getDistance called
2023-01-22T16:10:35.926+01:00  INFO 5507 --- [ool-3-thread-28] tourGuide.service.RewardsService         : nearAttraction called with Texas Memorial Stadium
2023-01-22T16:10:35.925+01:00  INFO 5507 --- [ool-3-thread-27] tourGuide.service.RewardsService         : getDistance called
2023-01-22T16:10:35.925+01:00  INFO 5507 --- [ool-3-thread-63] tourGuide.service.RewardsService         : nearAttraction called with Roger Dean Stadium
2023-01-22T16:10:35.926+01:00  INFO 5507 --- [ool-3-thread-27] tourGuide.service.RewardsService         : nearAttraction called with Tiger Stadium
2023-01-22T16:10:35.926+01:00  INFO 5507 --- [ool-3-thread-27] tourGuide.service.RewardsService         : getDistance called
2023-01-22T16:10:35.925+01:00  INFO 5507 --- [ool-3-thread-47] tourGuide.service.RewardsService         : getDistance called
2023-01-22T16:10:35.925+01:00  INFO 5507 --- [ool-3-thread-13] tourGuide.service.RewardsService         : getDistance called
2023-01-22T16:10:35.926+01:00  INFO 5507 --- [ool-3-thread-47] tourGuide.service.RewardsService         : nearAttraction called with Kyle Field
2023-01-22T16:10:35.925+01:00  INFO 5507 --- [ool-3-thread-12] tourGuide.service.RewardsService         : getDistance called
2023-01-22T16:10:35.925+01:00  INFO 5507 --- [ool-3-thread-58] tourGuide.service.RewardsService         : getDistance called
2023-01-22T16:10:35.925+01:00  INFO 5507 --- [ool-3-thread-67] tourGuide.service.RewardsService         : nearAttraction called with Tiger Stadium
2023-01-22T16:10:35.926+01:00  INFO 5507 --- [ool-3-thread-58] tourGuide.service.RewardsService         : nearAttraction called with Franklin Park Zoo
2023-01-22T16:10:35.926+01:00  INFO 5507 --- [ool-3-thread-67] tourGuide.service.RewardsService         : getDistance called
2023-01-22T16:10:35.926+01:00  INFO 5507 --- [ool-3-thread-58] tourGuide.service.RewardsService         : getDistance called
2023-01-22T16:10:35.925+01:00  INFO 5507 --- [ool-3-thread-48] tourGuide.service.RewardsService         : getDistance called
2023-01-22T16:10:35.925+01:00  INFO 5507 --- [ool-3-thread-45] tourGuide.service.RewardsService         : nearAttraction called with Neyland Stadium
2023-01-22T16:10:35.926+01:00  INFO 5507 --- [ool-3-thread-48] tourGuide.service.RewardsService         : nearAttraction called with Bronx Zoo
2023-01-22T16:10:35.926+01:00  INFO 5507 --- [ool-3-thread-45] tourGuide.service.RewardsService         : getDistance called
2023-01-22T16:10:35.926+01:00  INFO 5507 --- [ool-3-thread-48] tourGuide.service.RewardsService         : getDistance called
2023-01-22T16:10:35.925+01:00  INFO 5507 --- [ool-3-thread-31] tourGuide.service.RewardsService         : getDistance called
2023-01-22T16:10:35.926+01:00  INFO 5507 --- [ool-3-thread-48] tourGuide.service.RewardsService         : nearAttraction called with Disneyland
2023-01-22T16:10:35.926+01:00  INFO 5507 --- [ool-3-thread-31] tourGuide.service.RewardsService         : nearAttraction called with Jackson Hole
2023-01-22T16:10:35.926+01:00  INFO 5507 --- [ool-3-thread-48] tourGuide.service.RewardsService         : getDistance called
2023-01-22T16:10:35.926+01:00  INFO 5507 --- [ool-3-thread-31] tourGuide.service.RewardsService         : getDistance called
2023-01-22T16:10:35.926+01:00  INFO 5507 --- [ool-3-thread-48] tourGuide.service.RewardsService         : getRewardPoints called with Disneyland and internalUser98
2023-01-22T16:10:35.925+01:00  INFO 5507 --- [ool-3-thread-32] tourGuide.service.RewardsService         : nearAttraction called with San Diego Zoo
2023-01-22T16:10:35.925+01:00  INFO 5507 --- [ool-3-thread-25] tourGuide.service.RewardsService         : nearAttraction called with Zoo Tampa at Lowry Park
2023-01-22T16:10:35.925+01:00  INFO 5507 --- [ool-3-thread-54] tourGuide.service.RewardsService         : getDistance called
2023-01-22T16:10:35.925+01:00  INFO 5507 --- [pool-3-thread-2] tourGuide.service.RewardsService         : getDistance called
2023-01-22T16:10:35.925+01:00  INFO 5507 --- [ool-3-thread-18] tourGuide.service.RewardsService         : nearAttraction called with El Paso Zoo
2023-01-22T16:10:35.925+01:00  INFO 5507 --- [ool-3-thread-15] tourGuide.service.RewardsService         : getDistance called
2023-01-22T16:10:35.927+01:00  INFO 5507 --- [ool-3-thread-54] tourGuide.service.RewardsService         : nearAttraction called with Joshua Tree National Park
2023-01-22T16:10:35.925+01:00  INFO 5507 --- [ool-3-thread-55] tourGuide.service.RewardsService         : nearAttraction called with Bronx Zoo
2023-01-22T16:10:35.925+01:00  INFO 5507 --- [ool-3-thread-52] tourGuide.service.RewardsService         : getDistance called
2023-01-22T16:10:35.927+01:00  INFO 5507 --- [ool-3-thread-55] tourGuide.service.RewardsService         : getDistance called
2023-01-22T16:10:35.927+01:00  INFO 5507 --- [ool-3-thread-52] tourGuide.service.RewardsService         : nearAttraction called with Kartchner Caverns State Park
2023-01-22T16:10:35.925+01:00  INFO 5507 --- [ool-3-thread-20] tourGuide.service.RewardsService         : nearAttraction called with Disneyland
2023-01-22T16:10:35.925+01:00  INFO 5507 --- [ool-3-thread-65] tourGuide.service.RewardsService         : nearAttraction called with Mojave National Preserve
2023-01-22T16:10:35.926+01:00  INFO 5507 --- [ool-3-thread-66] tourGuide.service.RewardsService         : getRewardPoints called with Disneyland and internalUser1
2023-01-22T16:10:35.926+01:00  INFO 5507 --- [ool-3-thread-22] tourGuide.service.RewardsService         : getDistance called
2023-01-22T16:10:35.926+01:00  INFO 5507 --- [ool-3-thread-37] tourGuide.service.RewardsService         : nearAttraction called with Joshua Tree National Park
2023-01-22T16:10:35.926+01:00  INFO 5507 --- [ool-3-thread-56] tourGuide.service.RewardsService         : getDistance called
2023-01-22T16:10:35.927+01:00  INFO 5507 --- [ool-3-thread-37] tourGuide.service.RewardsService         : getDistance called
2023-01-22T16:10:35.926+01:00  INFO 5507 --- [ool-3-thread-39] tourGuide.service.RewardsService         : nearAttraction called with Flowers Bakery of London
2023-01-22T16:10:35.927+01:00  INFO 5507 --- [ool-3-thread-56] tourGuide.service.RewardsService         : nearAttraction called with McKinley Tower
2023-01-22T16:10:35.927+01:00  INFO 5507 --- [ool-3-thread-39] tourGuide.service.RewardsService         : getDistance called
2023-01-22T16:10:35.927+01:00  INFO 5507 --- [ool-3-thread-39] tourGuide.service.RewardsService         : nearAttraction called with Fallingwater
2023-01-22T16:10:35.927+01:00  INFO 5507 --- [ool-3-thread-39] tourGuide.service.RewardsService         : getDistance called
2023-01-22T16:10:35.927+01:00  INFO 5507 --- [ool-3-thread-39] tourGuide.service.RewardsService         : nearAttraction called with Union Station
2023-01-22T16:10:35.927+01:00  INFO 5507 --- [ool-3-thread-39] tourGuide.service.RewardsService         : getDistance called
2023-01-22T16:10:35.926+01:00  INFO 5507 --- [ool-3-thread-43] tourGuide.service.RewardsService         : nearAttraction called with Legend Valley
2023-01-22T16:10:35.926+01:00  INFO 5507 --- [ool-3-thread-40] tourGuide.service.RewardsService         : getDistance called
2023-01-22T16:10:35.926+01:00  INFO 5507 --- [ool-3-thread-44] tourGuide.service.RewardsService         : nearAttraction called with McKinley Tower
2023-01-22T16:10:35.926+01:00  INFO 5507 --- [ool-3-thread-35] tourGuide.service.RewardsService         : nearAttraction called with Fallingwater
2023-01-22T16:10:35.926+01:00  INFO 5507 --- [ool-3-thread-51] tourGuide.service.RewardsService         : getDistance called
2023-01-22T16:10:35.927+01:00  INFO 5507 --- [ool-3-thread-35] tourGuide.service.RewardsService         : getDistance called
2023-01-22T16:10:35.926+01:00  INFO 5507 --- [pool-3-thread-6] tourGuide.service.RewardsService         : nearAttraction called with Roger Dean Stadium
2023-01-22T16:10:35.927+01:00  INFO 5507 --- [ool-3-thread-51] tourGuide.service.RewardsService         : nearAttraction called with Bryant-Denny Stadium
2023-01-22T16:10:35.927+01:00  INFO 5507 --- [ool-3-thread-35] tourGuide.service.RewardsService         : nearAttraction called with Tiger Stadium
2023-01-22T16:10:35.926+01:00  INFO 5507 --- [ool-3-thread-64] tourGuide.service.RewardsService         : getDistance called
2023-01-22T16:10:35.926+01:00  INFO 5507 --- [pool-3-thread-5] tourGuide.service.RewardsService         : nearAttraction called with Bryant-Denny Stadium
2023-01-22T16:10:35.927+01:00  INFO 5507 --- [ool-3-thread-64] tourGuide.service.RewardsService         : nearAttraction called with Neyland Stadium
2023-01-22T16:10:35.927+01:00  INFO 5507 --- [pool-3-thread-5] tourGuide.service.RewardsService         : getDistance called
2023-01-22T16:10:35.927+01:00  INFO 5507 --- [ool-3-thread-64] tourGuide.service.RewardsService         : getDistance called
2023-01-22T16:10:35.926+01:00  INFO 5507 --- [ool-3-thread-28] tourGuide.service.RewardsService         : getDistance called
2023-01-22T16:10:35.927+01:00  INFO 5507 --- [ool-3-thread-64] tourGuide.service.RewardsService         : nearAttraction called with San Diego Zoo
2023-01-22T16:10:35.926+01:00  INFO 5507 --- [ool-3-thread-63] tourGuide.service.RewardsService         : getDistance called
2023-01-22T16:10:35.926+01:00  INFO 5507 --- [ool-3-thread-27] tourGuide.service.RewardsService         : nearAttraction called with Neyland Stadium
2023-01-22T16:10:35.927+01:00  INFO 5507 --- [ool-3-thread-63] tourGuide.service.RewardsService         : nearAttraction called with Franklin Park Zoo
2023-01-22T16:10:35.926+01:00  INFO 5507 --- [ool-3-thread-13] tourGuide.service.RewardsService         : nearAttraction called with San Diego Zoo
2023-01-22T16:10:35.926+01:00  INFO 5507 --- [ool-3-thread-47] tourGuide.service.RewardsService         : getDistance called
2023-01-22T16:10:35.926+01:00  INFO 5507 --- [ool-3-thread-12] tourGuide.service.RewardsService         : nearAttraction called with Zoo Tampa at Lowry Park
2023-01-22T16:10:35.927+01:00  INFO 5507 --- [ool-3-thread-47] tourGuide.service.RewardsService         : nearAttraction called with El Paso Zoo
2023-01-22T16:10:35.927+01:00  INFO 5507 --- [ool-3-thread-12] tourGuide.service.RewardsService         : getDistance called
2023-01-22T16:10:35.927+01:00  INFO 5507 --- [ool-3-thread-47] tourGuide.service.RewardsService         : getDistance called
2023-01-22T16:10:35.926+01:00  INFO 5507 --- [ool-3-thread-67] tourGuide.service.RewardsService         : nearAttraction called with El Paso Zoo
2023-01-22T16:10:35.927+01:00  INFO 5507 --- [ool-3-thread-47] tourGuide.service.RewardsService         : nearAttraction called with Bronx Zoo
2023-01-22T16:10:35.927+01:00  INFO 5507 --- [ool-3-thread-67] tourGuide.service.RewardsService         : getDistance called
2023-01-22T16:10:35.927+01:00  INFO 5507 --- [ool-3-thread-47] tourGuide.service.RewardsService         : getDistance called
2023-01-22T16:10:35.926+01:00  INFO 5507 --- [ool-3-thread-58] tourGuide.service.RewardsService         : nearAttraction called with Kansas City Zoo
2023-01-22T16:10:35.926+01:00  INFO 5507 --- [ool-3-thread-45] tourGuide.service.RewardsService         : nearAttraction called with Cinderella Castle
2023-01-22T16:10:35.926+01:00  INFO 5507 --- [ool-3-thread-31] tourGuide.service.RewardsService         : nearAttraction called with Mojave National Preserve
2023-01-22T16:10:35.928+01:00  INFO 5507 --- [ool-3-thread-45] tourGuide.service.RewardsService         : getDistance called
2023-01-22T16:10:35.926+01:00  INFO 5507 --- [ool-3-thread-32] tourGuide.service.RewardsService         : getDistance called
2023-01-22T16:10:35.928+01:00  INFO 5507 --- [ool-3-thread-45] tourGuide.service.RewardsService         : nearAttraction called with Jackson Hole
2023-01-22T16:10:35.928+01:00  INFO 5507 --- [ool-3-thread-45] tourGuide.service.RewardsService         : getDistance called
2023-01-22T16:10:35.926+01:00  INFO 5507 --- [ool-3-thread-25] tourGuide.service.RewardsService         : getDistance called
2023-01-22T16:10:35.928+01:00  INFO 5507 --- [ool-3-thread-45] tourGuide.service.RewardsService         : nearAttraction called with Joshua Tree National Park
2023-01-22T16:10:35.927+01:00  INFO 5507 --- [ool-3-thread-18] tourGuide.service.RewardsService         : getDistance called
2023-01-22T16:10:35.928+01:00  INFO 5507 --- [ool-3-thread-25] tourGuide.service.RewardsService         : nearAttraction called with Buffalo National River
2023-01-22T16:10:35.928+01:00  INFO 5507 --- [ool-3-thread-25] tourGuide.service.RewardsService         : getDistance called
2023-01-22T16:10:35.928+01:00  INFO 5507 --- [ool-3-thread-18] tourGuide.service.RewardsService         : nearAttraction called with Hot Springs National Park
2023-01-22T16:10:35.928+01:00  INFO 5507 --- [ool-3-thread-25] tourGuide.service.RewardsService         : nearAttraction called with Kartchner Caverns State Park
2023-01-22T16:10:35.927+01:00  INFO 5507 --- [pool-3-thread-2] tourGuide.service.RewardsService         : nearAttraction called with Buffalo National River
2023-01-22T16:10:35.927+01:00  INFO 5507 --- [ool-3-thread-54] tourGuide.service.RewardsService         : getDistance called
2023-01-22T16:10:35.928+01:00  INFO 5507 --- [pool-3-thread-2] tourGuide.service.RewardsService         : getDistance called
2023-01-22T16:10:35.927+01:00  INFO 5507 --- [ool-3-thread-15] tourGuide.service.RewardsService         : nearAttraction called with Hot Springs National Park
2023-01-22T16:10:35.927+01:00  INFO 5507 --- [ool-3-thread-55] tourGuide.service.RewardsService         : nearAttraction called with Legend Valley
2023-01-22T16:10:35.927+01:00  INFO 5507 --- [ool-3-thread-52] tourGuide.service.RewardsService         : getDistance called
2023-01-22T16:10:35.927+01:00  INFO 5507 --- [ool-3-thread-20] tourGuide.service.RewardsService         : getDistance called
2023-01-22T16:10:35.928+01:00  INFO 5507 --- [ool-3-thread-52] tourGuide.service.RewardsService         : nearAttraction called with McKinley Tower
2023-01-22T16:10:35.927+01:00  INFO 5507 --- [ool-3-thread-65] tourGuide.service.RewardsService         : getDistance called
2023-01-22T16:10:35.928+01:00  INFO 5507 --- [ool-3-thread-20] tourGuide.service.RewardsService         : getRewardPoints called with Disneyland and internalUser10
2023-01-22T16:10:35.927+01:00  INFO 5507 --- [ool-3-thread-22] tourGuide.service.RewardsService         : nearAttraction called with Flowers Bakery of London
2023-01-22T16:10:35.928+01:00  INFO 5507 --- [ool-3-thread-65] tourGuide.service.RewardsService         : nearAttraction called with Flatiron Building
2023-01-22T16:10:35.927+01:00  INFO 5507 --- [ool-3-thread-37] tourGuide.service.RewardsService         : nearAttraction called with Flatiron Building
2023-01-22T16:10:35.927+01:00  INFO 5507 --- [ool-3-thread-56] tourGuide.service.RewardsService         : getDistance called
2023-01-22T16:10:35.927+01:00  INFO 5507 --- [ool-3-thread-39] tourGuide.service.RewardsService         : nearAttraction called with Roger Dean Stadium
2023-01-22T16:10:35.928+01:00  INFO 5507 --- [ool-3-thread-56] tourGuide.service.RewardsService         : nearAttraction called with Fallingwater
2023-01-22T16:10:35.928+01:00  INFO 5507 --- [ool-3-thread-39] tourGuide.service.RewardsService         : getDistance called
2023-01-22T16:10:35.927+01:00  INFO 5507 --- [ool-3-thread-43] tourGuide.service.RewardsService         : getDistance called
2023-01-22T16:10:35.928+01:00  INFO 5507 --- [ool-3-thread-39] tourGuide.service.RewardsService         : nearAttraction called with Union Station
2023-01-22T16:10:35.927+01:00  INFO 5507 --- [ool-3-thread-44] tourGuide.service.RewardsService         : getDistance called
2023-01-22T16:10:35.927+01:00  INFO 5507 --- [ool-3-thread-40] tourGuide.service.RewardsService         : nearAttraction called with Texas Memorial Stadium
2023-01-22T16:10:35.927+01:00  INFO 5507 --- [pool-3-thread-6] tourGuide.service.RewardsService         : getDistance called
2023-01-22T16:10:35.927+01:00  INFO 5507 --- [ool-3-thread-51] tourGuide.service.RewardsService         : getDistance called
2023-01-22T16:10:35.928+01:00  INFO 5507 --- [pool-3-thread-6] tourGuide.service.RewardsService         : nearAttraction called with Bryant-Denny Stadium
2023-01-22T16:10:35.927+01:00  INFO 5507 --- [ool-3-thread-35] tourGuide.service.RewardsService         : getDistance called
2023-01-22T16:10:35.927+01:00  INFO 5507 --- [pool-3-thread-5] tourGuide.service.RewardsService         : nearAttraction called with Kyle Field
2023-01-22T16:10:35.927+01:00  INFO 5507 --- [ool-3-thread-28] tourGuide.service.RewardsService         : nearAttraction called with Zoo Tampa at Lowry Park
2023-01-22T16:10:35.927+01:00  INFO 5507 --- [ool-3-thread-64] tourGuide.service.RewardsService         : getDistance called
2023-01-22T16:10:35.928+01:00  INFO 5507 --- [ool-3-thread-28] tourGuide.service.RewardsService         : getDistance called
2023-01-22T16:10:35.927+01:00  INFO 5507 --- [ool-3-thread-27] tourGuide.service.RewardsService         : getDistance called
2023-01-22T16:10:35.928+01:00  INFO 5507 --- [ool-3-thread-64] tourGuide.service.RewardsService         : nearAttraction called with Kyle Field
2023-01-22T16:10:35.927+01:00  INFO 5507 --- [ool-3-thread-63] tourGuide.service.RewardsService         : getDistance called
2023-01-22T16:10:35.928+01:00  INFO 5507 --- [ool-3-thread-27] tourGuide.service.RewardsService         : nearAttraction called with Zoo Tampa at Lowry Park
2023-01-22T16:10:35.928+01:00  INFO 5507 --- [ool-3-thread-63] tourGuide.service.RewardsService         : nearAttraction called with Franklin Park Zoo
2023-01-22T16:10:35.928+01:00  INFO 5507 --- [ool-3-thread-63] tourGuide.service.RewardsService         : getDistance called
2023-01-22T16:10:35.927+01:00  INFO 5507 --- [ool-3-thread-13] tourGuide.service.RewardsService         : getDistance called
2023-01-22T16:10:35.927+01:00  INFO 5507 --- [ool-3-thread-12] tourGuide.service.RewardsService         : nearAttraction called with Kansas City Zoo
2023-01-22T16:10:35.928+01:00  INFO 5507 --- [ool-3-thread-13] tourGuide.service.RewardsService         : nearAttraction called with Kansas City Zoo
2023-01-22T16:10:35.928+01:00  INFO 5507 --- [ool-3-thread-12] tourGuide.service.RewardsService         : getDistance called
2023-01-22T16:10:35.928+01:00  INFO 5507 --- [ool-3-thread-13] tourGuide.service.RewardsService         : getDistance called
2023-01-22T16:10:35.927+01:00  INFO 5507 --- [ool-3-thread-67] tourGuide.service.RewardsService         : nearAttraction called with Cinderella Castle
2023-01-22T16:10:35.928+01:00  INFO 5507 --- [ool-3-thread-13] tourGuide.service.RewardsService         : nearAttraction called with Cinderella Castle
2023-01-22T16:10:35.927+01:00  INFO 5507 --- [ool-3-thread-47] tourGuide.service.RewardsService         : nearAttraction called with Disneyland
2023-01-22T16:10:35.928+01:00  INFO 5507 --- [ool-3-thread-58] tourGuide.service.RewardsService         : getDistance called
2023-01-22T16:10:35.929+01:00  INFO 5507 --- [ool-3-thread-67] tourGuide.service.RewardsService         : getDistance called
2023-01-22T16:10:35.929+01:00  INFO 5507 --- [ool-3-thread-47] tourGuide.service.RewardsService         : getDistance called
2023-01-22T16:10:35.929+01:00  INFO 5507 --- [ool-3-thread-67] tourGuide.service.RewardsService         : nearAttraction called with Jackson Hole
2023-01-22T16:10:35.928+01:00  INFO 5507 --- [ool-3-thread-31] tourGuide.service.RewardsService         : getDistance called
2023-01-22T16:10:35.928+01:00  INFO 5507 --- [ool-3-thread-32] tourGuide.service.RewardsService         : nearAttraction called with Mojave National Preserve
2023-01-22T16:10:35.928+01:00  INFO 5507 --- [ool-3-thread-45] tourGuide.service.RewardsService         : getDistance called
2023-01-22T16:10:35.928+01:00  INFO 5507 --- [ool-3-thread-18] tourGuide.service.RewardsService         : getDistance called
2023-01-22T16:10:35.929+01:00  INFO 5507 --- [ool-3-thread-45] tourGuide.service.RewardsService         : nearAttraction called with Joshua Tree National Park
2023-01-22T16:10:35.928+01:00  INFO 5507 --- [ool-3-thread-25] tourGuide.service.RewardsService         : getDistance called
2023-01-22T16:10:35.928+01:00  INFO 5507 --- [ool-3-thread-54] tourGuide.service.RewardsService         : nearAttraction called with Legend Valley
2023-01-22T16:10:35.928+01:00  INFO 5507 --- [pool-3-thread-2] tourGuide.service.RewardsService         : nearAttraction called with Flowers Bakery of London
2023-01-22T16:10:35.928+01:00  INFO 5507 --- [ool-3-thread-15] tourGuide.service.RewardsService         : getDistance called
2023-01-22T16:10:35.929+01:00  INFO 5507 --- [pool-3-thread-2] tourGuide.service.RewardsService         : getDistance called
2023-01-22T16:10:35.928+01:00  INFO 5507 --- [ool-3-thread-55] tourGuide.service.RewardsService         : getDistance called
2023-01-22T16:10:35.929+01:00  INFO 5507 --- [pool-3-thread-2] tourGuide.service.RewardsService         : nearAttraction called with Legend Valley
2023-01-22T16:10:35.929+01:00  INFO 5507 --- [ool-3-thread-55] tourGuide.service.RewardsService         : nearAttraction called with Flowers Bakery of London
2023-01-22T16:10:35.929+01:00  INFO 5507 --- [pool-3-thread-2] tourGuide.service.RewardsService         : getDistance called
2023-01-22T16:10:35.928+01:00  INFO 5507 --- [ool-3-thread-52] tourGuide.service.RewardsService         : getDistance called
2023-01-22T16:10:35.929+01:00  INFO 5507 --- [pool-3-thread-2] tourGuide.service.RewardsService         : nearAttraction called with McKinley Tower
2023-01-22T16:10:35.928+01:00  INFO 5507 --- [ool-3-thread-22] tourGuide.service.RewardsService         : getDistance called
2023-01-22T16:10:35.928+01:00  INFO 5507 --- [ool-3-thread-65] tourGuide.service.RewardsService         : getDistance called
2023-01-22T16:10:35.929+01:00  INFO 5507 --- [ool-3-thread-22] tourGuide.service.RewardsService         : nearAttraction called with Fallingwater
2023-01-22T16:10:35.928+01:00  INFO 5507 --- [ool-3-thread-37] tourGuide.service.RewardsService         : getDistance called
2023-01-22T16:10:35.929+01:00  INFO 5507 --- [ool-3-thread-65] tourGuide.service.RewardsService         : nearAttraction called with Union Station
2023-01-22T16:10:35.928+01:00  INFO 5507 --- [ool-3-thread-56] tourGuide.service.RewardsService         : getDistance called
2023-01-22T16:10:35.929+01:00  INFO 5507 --- [ool-3-thread-37] tourGuide.service.RewardsService         : nearAttraction called with Roger Dean Stadium
2023-01-22T16:10:35.929+01:00  INFO 5507 --- [ool-3-thread-56] tourGuide.service.RewardsService         : nearAttraction called with Texas Memorial Stadium
2023-01-22T16:10:35.929+01:00  INFO 5507 --- [ool-3-thread-37] tourGuide.service.RewardsService         : getDistance called
2023-01-22T16:10:35.929+01:00  INFO 5507 --- [ool-3-thread-56] tourGuide.service.RewardsService         : getDistance called
2023-01-22T16:10:35.928+01:00  INFO 5507 --- [ool-3-thread-43] tourGuide.service.RewardsService         : nearAttraction called with Roger Dean Stadium
2023-01-22T16:10:35.929+01:00  INFO 5507 --- [ool-3-thread-56] tourGuide.service.RewardsService         : nearAttraction called with Tiger Stadium
2023-01-22T16:10:35.929+01:00  INFO 5507 --- [ool-3-thread-43] tourGuide.service.RewardsService         : getDistance called
2023-01-22T16:10:35.928+01:00  INFO 5507 --- [ool-3-thread-39] tourGuide.service.RewardsService         : getDistance called
2023-01-22T16:10:35.929+01:00  INFO 5507 --- [ool-3-thread-43] tourGuide.service.RewardsService         : nearAttraction called with Neyland Stadium
2023-01-22T16:10:35.929+01:00  INFO 5507 --- [ool-3-thread-39] tourGuide.service.RewardsService         : nearAttraction called with Kyle Field
2023-01-22T16:10:35.929+01:00  INFO 5507 --- [ool-3-thread-43] tourGuide.service.RewardsService         : getDistance called
2023-01-22T16:10:35.928+01:00  INFO 5507 --- [ool-3-thread-44] tourGuide.service.RewardsService         : nearAttraction called with Texas Memorial Stadium
2023-01-22T16:10:35.929+01:00  INFO 5507 --- [ool-3-thread-43] tourGuide.service.RewardsService         : nearAttraction called with San Diego Zoo
2023-01-22T16:10:35.928+01:00  INFO 5507 --- [ool-3-thread-40] tourGuide.service.RewardsService         : getDistance called
2023-01-22T16:10:35.928+01:00  INFO 5507 --- [pool-3-thread-6] tourGuide.service.RewardsService         : getDistance called
2023-01-22T16:10:35.929+01:00  INFO 5507 --- [ool-3-thread-40] tourGuide.service.RewardsService         : nearAttraction called with Zoo Tampa at Lowry Park
2023-01-22T16:10:35.929+01:00  INFO 5507 --- [pool-3-thread-6] tourGuide.service.RewardsService         : nearAttraction called with Franklin Park Zoo
2023-01-22T16:10:35.928+01:00  INFO 5507 --- [ool-3-thread-51] tourGuide.service.RewardsService         : nearAttraction called with Tiger Stadium
2023-01-22T16:10:35.928+01:00  INFO 5507 --- [ool-3-thread-35] tourGuide.service.RewardsService         : nearAttraction called with Neyland Stadium
2023-01-22T16:10:35.929+01:00  INFO 5507 --- [ool-3-thread-51] tourGuide.service.RewardsService         : getDistance called
2023-01-22T16:10:35.929+01:00  INFO 5507 --- [ool-3-thread-35] tourGuide.service.RewardsService         : getDistance called
2023-01-22T16:10:35.928+01:00  INFO 5507 --- [pool-3-thread-5] tourGuide.service.RewardsService         : getDistance called
2023-01-22T16:10:35.929+01:00  INFO 5507 --- [ool-3-thread-51] tourGuide.service.RewardsService         : nearAttraction called with El Paso Zoo
2023-01-22T16:10:35.928+01:00  INFO 5507 --- [ool-3-thread-28] tourGuide.service.RewardsService         : nearAttraction called with San Diego Zoo
2023-01-22T16:10:35.928+01:00  INFO 5507 --- [ool-3-thread-64] tourGuide.service.RewardsService         : getDistance called
2023-01-22T16:10:35.930+01:00  INFO 5507 --- [ool-3-thread-28] tourGuide.service.RewardsService         : getDistance called
2023-01-22T16:10:35.928+01:00  INFO 5507 --- [ool-3-thread-27] tourGuide.service.RewardsService         : getDistance called
2023-01-22T16:10:35.930+01:00  INFO 5507 --- [ool-3-thread-28] tourGuide.service.RewardsService         : nearAttraction called with Disneyland
2023-01-22T16:10:35.928+01:00  INFO 5507 --- [ool-3-thread-63] tourGuide.service.RewardsService         : nearAttraction called with El Paso Zoo
2023-01-22T16:10:35.928+01:00  INFO 5507 --- [ool-3-thread-12] tourGuide.service.RewardsService         : nearAttraction called with Bronx Zoo
2023-01-22T16:10:35.930+01:00  INFO 5507 --- [ool-3-thread-63] tourGuide.service.RewardsService         : getDistance called
2023-01-22T16:10:35.930+01:00  INFO 5507 --- [ool-3-thread-12] tourGuide.service.RewardsService         : getDistance called
2023-01-22T16:10:35.930+01:00  INFO 5507 --- [ool-3-thread-63] tourGuide.service.RewardsService         : nearAttraction called with Mojave National Preserve
2023-01-22T16:10:35.930+01:00  INFO 5507 --- [ool-3-thread-12] tourGuide.service.RewardsService         : nearAttraction called with Joshua Tree National Park
2023-01-22T16:10:35.930+01:00  INFO 5507 --- [ool-3-thread-63] tourGuide.service.RewardsService         : getDistance called
2023-01-22T16:10:35.930+01:00  INFO 5507 --- [ool-3-thread-12] tourGuide.service.RewardsService         : getDistance called
2023-01-22T16:10:35.929+01:00  INFO 5507 --- [ool-3-thread-13] tourGuide.service.RewardsService         : getDistance called
2023-01-22T16:10:35.929+01:00  INFO 5507 --- [ool-3-thread-58] tourGuide.service.RewardsService         : nearAttraction called with Disneyland
2023-01-22T16:10:35.930+01:00  INFO 5507 --- [ool-3-thread-13] tourGuide.service.RewardsService         : nearAttraction called with Kartchner Caverns State Park
2023-01-22T16:10:35.929+01:00  INFO 5507 --- [ool-3-thread-47] tourGuide.service.RewardsService         : getRewardPoints called with Disneyland and internalUser0
2023-01-22T16:10:35.930+01:00  INFO 5507 --- [ool-3-thread-13] tourGuide.service.RewardsService         : getDistance called
2023-01-22T16:10:35.929+01:00  INFO 5507 --- [ool-3-thread-67] tourGuide.service.RewardsService         : getDistance called
2023-01-22T16:10:35.930+01:00  INFO 5507 --- [ool-3-thread-13] tourGuide.service.RewardsService         : nearAttraction called with Legend Valley
2023-01-22T16:10:35.929+01:00  INFO 5507 --- [ool-3-thread-31] tourGuide.service.RewardsService         : nearAttraction called with Mojave National Preserve
2023-01-22T16:10:35.929+01:00  INFO 5507 --- [ool-3-thread-32] tourGuide.service.RewardsService         : getDistance called
2023-01-22T16:10:35.930+01:00  INFO 5507 --- [ool-3-thread-31] tourGuide.service.RewardsService         : getDistance called
2023-01-22T16:10:35.929+01:00  INFO 5507 --- [ool-3-thread-18] tourGuide.service.RewardsService         : nearAttraction called with Buffalo National River
2023-01-22T16:10:35.930+01:00  INFO 5507 --- [ool-3-thread-31] tourGuide.service.RewardsService         : nearAttraction called with Flatiron Building
2023-01-22T16:10:35.930+01:00  INFO 5507 --- [ool-3-thread-18] tourGuide.service.RewardsService         : getDistance called
2023-01-22T16:10:35.930+01:00  INFO 5507 --- [ool-3-thread-31] tourGuide.service.RewardsService         : getDistance called
2023-01-22T16:10:35.930+01:00  INFO 5507 --- [ool-3-thread-18] tourGuide.service.RewardsService         : nearAttraction called with Fallingwater
2023-01-22T16:10:35.930+01:00  INFO 5507 --- [ool-3-thread-31] tourGuide.service.RewardsService         : nearAttraction called with Union Station
2023-01-22T16:10:35.929+01:00  INFO 5507 --- [ool-3-thread-45] tourGuide.service.RewardsService         : getDistance called
2023-01-22T16:10:35.929+01:00  INFO 5507 --- [ool-3-thread-25] tourGuide.service.RewardsService         : nearAttraction called with Hot Springs National Park
2023-01-22T16:10:35.930+01:00  INFO 5507 --- [ool-3-thread-45] tourGuide.service.RewardsService         : nearAttraction called with Roger Dean Stadium
2023-01-22T16:10:35.930+01:00  INFO 5507 --- [ool-3-thread-25] tourGuide.service.RewardsService         : getDistance called
2023-01-22T16:10:35.930+01:00  INFO 5507 --- [ool-3-thread-45] tourGuide.service.RewardsService         : getDistance called
2023-01-22T16:10:35.929+01:00  INFO 5507 --- [ool-3-thread-54] tourGuide.service.RewardsService         : getDistance called
2023-01-22T16:10:35.930+01:00  INFO 5507 --- [ool-3-thread-25] tourGuide.service.RewardsService         : nearAttraction called with Texas Memorial Stadium
2023-01-22T16:10:35.929+01:00  INFO 5507 --- [ool-3-thread-15] tourGuide.service.RewardsService         : nearAttraction called with Kartchner Caverns State Park
2023-01-22T16:10:35.929+01:00  INFO 5507 --- [ool-3-thread-55] tourGuide.service.RewardsService         : getDistance called
2023-01-22T16:10:35.930+01:00  INFO 5507 --- [ool-3-thread-15] tourGuide.service.RewardsService         : getDistance called
2023-01-22T16:10:35.929+01:00  INFO 5507 --- [ool-3-thread-52] tourGuide.service.RewardsService         : nearAttraction called with Flatiron Building
2023-01-22T16:10:35.930+01:00  INFO 5507 --- [ool-3-thread-15] tourGuide.service.RewardsService         : nearAttraction called with Kyle Field
2023-01-22T16:10:35.929+01:00  INFO 5507 --- [pool-3-thread-2] tourGuide.service.RewardsService         : getDistance called
2023-01-22T16:10:35.930+01:00  INFO 5507 --- [ool-3-thread-15] tourGuide.service.RewardsService         : getDistance called
2023-01-22T16:10:35.930+01:00  INFO 5507 --- [pool-3-thread-2] tourGuide.service.RewardsService         : nearAttraction called with San Diego Zoo
2023-01-22T16:10:35.929+01:00  INFO 5507 --- [ool-3-thread-22] tourGuide.service.RewardsService         : getDistance called
2023-01-22T16:10:35.929+01:00  INFO 5507 --- [ool-3-thread-65] tourGuide.service.RewardsService         : getDistance called
2023-01-22T16:10:35.930+01:00  INFO 5507 --- [ool-3-thread-22] tourGuide.service.RewardsService         : nearAttraction called with Franklin Park Zoo
2023-01-22T16:10:35.930+01:00  INFO 5507 --- [ool-3-thread-65] tourGuide.service.RewardsService         : nearAttraction called with El Paso Zoo
2023-01-22T16:10:35.929+01:00  INFO 5507 --- [ool-3-thread-37] tourGuide.service.RewardsService         : nearAttraction called with Bryant-Denny Stadium
2023-01-22T16:10:35.929+01:00  INFO 5507 --- [ool-3-thread-56] tourGuide.service.RewardsService         : getDistance called
2023-01-22T16:10:35.929+01:00  INFO 5507 --- [ool-3-thread-39] tourGuide.service.RewardsService         : getDistance called
2023-01-22T16:10:35.929+01:00  INFO 5507 --- [ool-3-thread-44] tourGuide.service.RewardsService         : getDistance called
2023-01-22T16:10:35.930+01:00  INFO 5507 --- [ool-3-thread-39] tourGuide.service.RewardsService         : nearAttraction called with Bronx Zoo
2023-01-22T16:10:35.930+01:00  INFO 5507 --- [ool-3-thread-39] tourGuide.service.RewardsService         : getDistance called
2023-01-22T16:10:35.929+01:00  INFO 5507 --- [ool-3-thread-43] tourGuide.service.RewardsService         : getDistance called
2023-01-22T16:10:35.931+01:00  INFO 5507 --- [ool-3-thread-39] tourGuide.service.RewardsService         : nearAttraction called with Disneyland
2023-01-22T16:10:35.931+01:00  INFO 5507 --- [ool-3-thread-43] tourGuide.service.RewardsService         : nearAttraction called with Jackson Hole
2023-01-22T16:10:35.929+01:00  INFO 5507 --- [ool-3-thread-40] tourGuide.service.RewardsService         : getDistance called
2023-01-22T16:10:35.929+01:00  INFO 5507 --- [pool-3-thread-6] tourGuide.service.RewardsService         : getDistance called
2023-01-22T16:10:35.929+01:00  INFO 5507 --- [ool-3-thread-35] tourGuide.service.RewardsService         : nearAttraction called with Kansas City Zoo
2023-01-22T16:10:35.929+01:00  INFO 5507 --- [pool-3-thread-5] tourGuide.service.RewardsService         : nearAttraction called with Bronx Zoo
2023-01-22T16:10:35.929+01:00  INFO 5507 --- [ool-3-thread-51] tourGuide.service.RewardsService         : getDistance called
2023-01-22T16:10:35.931+01:00  INFO 5507 --- [pool-3-thread-5] tourGuide.service.RewardsService         : getDistance called
2023-01-22T16:10:35.930+01:00  INFO 5507 --- [ool-3-thread-64] tourGuide.service.RewardsService         : nearAttraction called with Cinderella Castle
2023-01-22T16:10:35.931+01:00  INFO 5507 --- [ool-3-thread-51] tourGuide.service.RewardsService         : nearAttraction called with Buffalo National River
2023-01-22T16:10:35.931+01:00  INFO 5507 --- [ool-3-thread-64] tourGuide.service.RewardsService         : getDistance called
2023-01-22T16:10:35.931+01:00  INFO 5507 --- [ool-3-thread-51] tourGuide.service.RewardsService         : getDistance called
2023-01-22T16:10:35.930+01:00  INFO 5507 --- [ool-3-thread-27] tourGuide.service.RewardsService         : nearAttraction called with Jackson Hole
2023-01-22T16:10:35.931+01:00  INFO 5507 --- [ool-3-thread-51] tourGuide.service.RewardsService         : nearAttraction called with Legend Valley
2023-01-22T16:10:35.930+01:00  INFO 5507 --- [ool-3-thread-28] tourGuide.service.RewardsService         : getDistance called
2023-01-22T16:10:35.931+01:00  INFO 5507 --- [ool-3-thread-27] tourGuide.service.RewardsService         : getDistance called
2023-01-22T16:10:35.930+01:00  INFO 5507 --- [ool-3-thread-63] tourGuide.service.RewardsService         : nearAttraction called with Buffalo National River
2023-01-22T16:10:35.930+01:00  INFO 5507 --- [ool-3-thread-12] tourGuide.service.RewardsService         : nearAttraction called with Hot Springs National Park
2023-01-22T16:10:35.931+01:00  INFO 5507 --- [ool-3-thread-63] tourGuide.service.RewardsService         : getDistance called
2023-01-22T16:10:35.931+01:00  INFO 5507 --- [ool-3-thread-12] tourGuide.service.RewardsService         : getDistance called
2023-01-22T16:10:35.930+01:00  INFO 5507 --- [ool-3-thread-58] tourGuide.service.RewardsService         : getDistance called
2023-01-22T16:10:35.930+01:00  INFO 5507 --- [ool-3-thread-67] tourGuide.service.RewardsService         : nearAttraction called with Flowers Bakery of London
2023-01-22T16:10:35.931+01:00  INFO 5507 --- [ool-3-thread-58] tourGuide.service.RewardsService         : getRewardPoints called with Disneyland and internalUser97
2023-01-22T16:10:35.931+01:00  INFO 5507 --- [ool-3-thread-67] tourGuide.service.RewardsService         : getDistance called
2023-01-22T16:10:35.930+01:00  INFO 5507 --- [ool-3-thread-13] tourGuide.service.RewardsService         : getDistance called
2023-01-22T16:10:35.931+01:00  INFO 5507 --- [ool-3-thread-67] tourGuide.service.RewardsService         : nearAttraction called with Fallingwater
2023-01-22T16:10:35.930+01:00  INFO 5507 --- [ool-3-thread-32] tourGuide.service.RewardsService         : nearAttraction called with McKinley Tower
2023-01-22T16:10:35.931+01:00  INFO 5507 --- [ool-3-thread-13] tourGuide.service.RewardsService         : nearAttraction called with Union Station
2023-01-22T16:10:35.931+01:00  INFO 5507 --- [ool-3-thread-32] tourGuide.service.RewardsService         : getDistance called
2023-01-22T16:10:35.930+01:00  INFO 5507 --- [ool-3-thread-18] tourGuide.service.RewardsService         : getDistance called
2023-01-22T16:10:35.930+01:00  INFO 5507 --- [ool-3-thread-31] tourGuide.service.RewardsService         : getDistance called
2023-01-22T16:10:35.930+01:00  INFO 5507 --- [ool-3-thread-45] tourGuide.service.RewardsService         : nearAttraction called with Bryant-Denny Stadium
2023-01-22T16:10:35.931+01:00  INFO 5507 --- [ool-3-thread-31] tourGuide.service.RewardsService         : nearAttraction called with Bryant-Denny Stadium
2023-01-22T16:10:35.931+01:00  INFO 5507 --- [ool-3-thread-45] tourGuide.service.RewardsService         : getDistance called
2023-01-22T16:10:35.930+01:00  INFO 5507 --- [ool-3-thread-54] tourGuide.service.RewardsService         : nearAttraction called with Tiger Stadium
2023-01-22T16:10:35.931+01:00  INFO 5507 --- [ool-3-thread-45] tourGuide.service.RewardsService         : nearAttraction called with Tiger Stadium
2023-01-22T16:10:35.931+01:00  INFO 5507 --- [ool-3-thread-54] tourGuide.service.RewardsService         : getDistance called
2023-01-22T16:10:35.930+01:00  INFO 5507 --- [ool-3-thread-25] tourGuide.service.RewardsService         : getDistance called
2023-01-22T16:10:35.931+01:00  INFO 5507 --- [ool-3-thread-54] tourGuide.service.RewardsService         : nearAttraction called with Neyland Stadium
2023-01-22T16:10:35.931+01:00  INFO 5507 --- [ool-3-thread-25] tourGuide.service.RewardsService         : nearAttraction called with Kyle Field
2023-01-22T16:10:35.930+01:00  INFO 5507 --- [ool-3-thread-55] tourGuide.service.RewardsService         : nearAttraction called with Neyland Stadium
2023-01-22T16:10:35.930+01:00  INFO 5507 --- [ool-3-thread-52] tourGuide.service.RewardsService         : getDistance called
2023-01-22T16:10:35.930+01:00  INFO 5507 --- [ool-3-thread-15] tourGuide.service.RewardsService         : nearAttraction called with Zoo Tampa at Lowry Park
2023-01-22T16:10:35.931+01:00  INFO 5507 --- [ool-3-thread-52] tourGuide.service.RewardsService         : nearAttraction called with San Diego Zoo
2023-01-22T16:10:35.930+01:00  INFO 5507 --- [pool-3-thread-2] tourGuide.service.RewardsService         : getDistance called
2023-01-22T16:10:35.930+01:00  INFO 5507 --- [ool-3-thread-22] tourGuide.service.RewardsService         : getDistance called
2023-01-22T16:10:35.930+01:00  INFO 5507 --- [ool-3-thread-65] tourGuide.service.RewardsService         : getDistance called
2023-01-22T16:10:35.930+01:00  INFO 5507 --- [ool-3-thread-37] tourGuide.service.RewardsService         : getDistance called
2023-01-22T16:10:35.931+01:00  INFO 5507 --- [ool-3-thread-65] tourGuide.service.RewardsService         : nearAttraction called with El Paso Zoo
2023-01-22T16:10:35.930+01:00  INFO 5507 --- [ool-3-thread-56] tourGuide.service.RewardsService         : nearAttraction called with Kansas City Zoo
2023-01-22T16:10:35.930+01:00  INFO 5507 --- [ool-3-thread-44] tourGuide.service.RewardsService         : nearAttraction called with Cinderella Castle
2023-01-22T16:10:35.932+01:00  INFO 5507 --- [ool-3-thread-65] tourGuide.service.RewardsService         : getDistance called
2023-01-22T16:10:35.932+01:00  INFO 5507 --- [ool-3-thread-37] tourGuide.service.RewardsService         : nearAttraction called with Kansas City Zoo
2023-01-22T16:10:35.932+01:00  INFO 5507 --- [ool-3-thread-44] tourGuide.service.RewardsService         : getDistance called
2023-01-22T16:10:35.932+01:00  INFO 5507 --- [ool-3-thread-65] tourGuide.service.RewardsService         : nearAttraction called with Bronx Zoo
2023-01-22T16:10:35.932+01:00  INFO 5507 --- [ool-3-thread-37] tourGuide.service.RewardsService         : getDistance called
2023-01-22T16:10:35.932+01:00  INFO 5507 --- [ool-3-thread-65] tourGuide.service.RewardsService         : getDistance called
2023-01-22T16:10:35.931+01:00  INFO 5507 --- [ool-3-thread-39] tourGuide.service.RewardsService         : getDistance called
2023-01-22T16:10:35.932+01:00  INFO 5507 --- [ool-3-thread-65] tourGuide.service.RewardsService         : nearAttraction called with Jackson Hole
2023-01-22T16:10:35.931+01:00  INFO 5507 --- [ool-3-thread-43] tourGuide.service.RewardsService         : getDistance called
2023-01-22T16:10:35.931+01:00  INFO 5507 --- [ool-3-thread-40] tourGuide.service.RewardsService         : nearAttraction called with Mojave National Preserve
2023-01-22T16:10:35.931+01:00  INFO 5507 --- [pool-3-thread-6] tourGuide.service.RewardsService         : nearAttraction called with Joshua Tree National Park
2023-01-22T16:10:35.931+01:00  INFO 5507 --- [ool-3-thread-35] tourGuide.service.RewardsService         : getDistance called
2023-01-22T16:10:35.932+01:00  INFO 5507 --- [pool-3-thread-6] tourGuide.service.RewardsService         : getDistance called
2023-01-22T16:10:35.931+01:00  INFO 5507 --- [pool-3-thread-5] tourGuide.service.RewardsService         : nearAttraction called with Hot Springs National Park
2023-01-22T16:10:35.931+01:00  INFO 5507 --- [ool-3-thread-64] tourGuide.service.RewardsService         : nearAttraction called with Kartchner Caverns State Park
2023-01-22T16:10:35.932+01:00  INFO 5507 --- [pool-3-thread-5] tourGuide.service.RewardsService         : getDistance called
2023-01-22T16:10:35.931+01:00  INFO 5507 --- [ool-3-thread-51] tourGuide.service.RewardsService         : getDistance called
2023-01-22T16:10:35.931+01:00  INFO 5507 --- [ool-3-thread-28] tourGuide.service.RewardsService         : getRewardPoints called with Disneyland and internalUser7
2023-01-22T16:10:35.931+01:00  INFO 5507 --- [ool-3-thread-27] tourGuide.service.RewardsService         : nearAttraction called with Flowers Bakery of London
2023-01-22T16:10:35.931+01:00  INFO 5507 --- [ool-3-thread-63] tourGuide.service.RewardsService         : nearAttraction called with McKinley Tower
2023-01-22T16:10:35.932+01:00  INFO 5507 --- [ool-3-thread-27] tourGuide.service.RewardsService         : getDistance called
2023-01-22T16:10:35.931+01:00  INFO 5507 --- [ool-3-thread-12] tourGuide.service.RewardsService         : nearAttraction called with Flatiron Building
2023-01-22T16:10:35.932+01:00  INFO 5507 --- [ool-3-thread-27] tourGuide.service.RewardsService         : nearAttraction called with Legend Valley
2023-01-22T16:10:35.932+01:00  INFO 5507 --- [ool-3-thread-12] tourGuide.service.RewardsService         : getDistance called
2023-01-22T16:10:35.931+01:00  INFO 5507 --- [ool-3-thread-67] tourGuide.service.RewardsService         : getDistance called
2023-01-22T16:10:35.932+01:00  INFO 5507 --- [ool-3-thread-12] tourGuide.service.RewardsService         : nearAttraction called with Flowers Bakery of London
2023-01-22T16:10:35.932+01:00  INFO 5507 --- [ool-3-thread-67] tourGuide.service.RewardsService         : nearAttraction called with McKinley Tower
2023-01-22T16:10:35.932+01:00  INFO 5507 --- [ool-3-thread-12] tourGuide.service.RewardsService         : getDistance called
2023-01-22T16:10:35.932+01:00  INFO 5507 --- [ool-3-thread-67] tourGuide.service.RewardsService         : getDistance called
2023-01-22T16:10:35.931+01:00  INFO 5507 --- [ool-3-thread-13] tourGuide.service.RewardsService         : getDistance called
2023-01-22T16:10:35.932+01:00  INFO 5507 --- [ool-3-thread-67] tourGuide.service.RewardsService         : nearAttraction called with Fallingwater
2023-01-22T16:10:35.932+01:00  INFO 5507 --- [ool-3-thread-67] tourGuide.service.RewardsService         : getDistance called
2023-01-22T16:10:35.932+01:00  INFO 5507 --- [ool-3-thread-13] tourGuide.service.RewardsService         : nearAttraction called with Union Station
2023-01-22T16:10:35.932+01:00  INFO 5507 --- [ool-3-thread-13] tourGuide.service.RewardsService         : getDistance called
2023-01-22T16:10:35.932+01:00  INFO 5507 --- [ool-3-thread-13] tourGuide.service.RewardsService         : nearAttraction called with Texas Memorial Stadium
2023-01-22T16:10:35.931+01:00  INFO 5507 --- [ool-3-thread-32] tourGuide.service.RewardsService         : nearAttraction called with Roger Dean Stadium
2023-01-22T16:10:35.931+01:00  INFO 5507 --- [ool-3-thread-18] tourGuide.service.RewardsService         : nearAttraction called with Texas Memorial Stadium
2023-01-22T16:10:35.931+01:00  INFO 5507 --- [ool-3-thread-31] tourGuide.service.RewardsService         : getDistance called
2023-01-22T16:10:35.932+01:00  INFO 5507 --- [ool-3-thread-18] tourGuide.service.RewardsService         : getDistance called
2023-01-22T16:10:35.931+01:00  INFO 5507 --- [ool-3-thread-45] tourGuide.service.RewardsService         : getDistance called
2023-01-22T16:10:35.931+01:00  INFO 5507 --- [ool-3-thread-54] tourGuide.service.RewardsService         : getDistance called
2023-01-22T16:10:35.932+01:00  INFO 5507 --- [ool-3-thread-45] tourGuide.service.RewardsService         : nearAttraction called with Neyland Stadium
2023-01-22T16:10:35.931+01:00  INFO 5507 --- [ool-3-thread-25] tourGuide.service.RewardsService         : getDistance called
2023-01-22T16:10:35.931+01:00  INFO 5507 --- [ool-3-thread-55] tourGuide.service.RewardsService         : getDistance called
2023-01-22T16:10:35.931+01:00  INFO 5507 --- [ool-3-thread-15] tourGuide.service.RewardsService         : getDistance called
2023-01-22T16:10:35.932+01:00  INFO 5507 --- [ool-3-thread-55] tourGuide.service.RewardsService         : nearAttraction called with Zoo Tampa at Lowry Park
2023-01-22T16:10:35.931+01:00  INFO 5507 --- [ool-3-thread-52] tourGuide.service.RewardsService         : getDistance called
2023-01-22T16:10:35.931+01:00  INFO 5507 --- [pool-3-thread-2] tourGuide.service.RewardsService         : nearAttraction called with Zoo Tampa at Lowry Park
2023-01-22T16:10:35.932+01:00  INFO 5507 --- [ool-3-thread-52] tourGuide.service.RewardsService         : nearAttraction called with El Paso Zoo
2023-01-22T16:10:35.932+01:00  INFO 5507 --- [pool-3-thread-2] tourGuide.service.RewardsService         : getDistance called
2023-01-22T16:10:35.931+01:00  INFO 5507 --- [ool-3-thread-22] tourGuide.service.RewardsService         : nearAttraction called with Franklin Park Zoo
2023-01-22T16:10:35.932+01:00  INFO 5507 --- [pool-3-thread-2] tourGuide.service.RewardsService         : nearAttraction called with Kansas City Zoo
2023-01-22T16:10:35.932+01:00  INFO 5507 --- [ool-3-thread-56] tourGuide.service.RewardsService         : getDistance called
2023-01-22T16:10:35.932+01:00  INFO 5507 --- [ool-3-thread-44] tourGuide.service.RewardsService         : nearAttraction called with Cinderella Castle
2023-01-22T16:10:35.932+01:00  INFO 5507 --- [ool-3-thread-37] tourGuide.service.RewardsService         : nearAttraction called with Disneyland
2023-01-22T16:10:35.933+01:00  INFO 5507 --- [ool-3-thread-44] tourGuide.service.RewardsService         : getDistance called
2023-01-22T16:10:35.932+01:00  INFO 5507 --- [ool-3-thread-39] tourGuide.service.RewardsService         : getRewardPoints called with Disneyland and internalUser92
2023-01-22T16:10:35.932+01:00  INFO 5507 --- [ool-3-thread-65] tourGuide.service.RewardsService         : getDistance called
2023-01-22T16:10:35.932+01:00  INFO 5507 --- [ool-3-thread-43] tourGuide.service.RewardsService         : nearAttraction called with Mojave National Preserve
2023-01-22T16:10:35.933+01:00  INFO 5507 --- [ool-3-thread-65] tourGuide.service.RewardsService         : nearAttraction called with Disneyland
2023-01-22T16:10:35.932+01:00  INFO 5507 --- [ool-3-thread-40] tourGuide.service.RewardsService         : getDistance called
2023-01-22T16:10:35.933+01:00  INFO 5507 --- [ool-3-thread-43] tourGuide.service.RewardsService         : getDistance called
2023-01-22T16:10:35.932+01:00  INFO 5507 --- [ool-3-thread-35] tourGuide.service.RewardsService         : nearAttraction called with Joshua Tree National Park
2023-01-22T16:10:35.933+01:00  INFO 5507 --- [ool-3-thread-40] tourGuide.service.RewardsService         : nearAttraction called with Jackson Hole
2023-01-22T16:10:35.932+01:00  INFO 5507 --- [pool-3-thread-6] tourGuide.service.RewardsService         : nearAttraction called with Buffalo National River
2023-01-22T16:10:35.933+01:00  INFO 5507 --- [ool-3-thread-40] tourGuide.service.RewardsService         : getDistance called
2023-01-22T16:10:35.932+01:00  INFO 5507 --- [ool-3-thread-64] tourGuide.service.RewardsService         : getDistance called
2023-01-22T16:10:35.932+01:00  INFO 5507 --- [pool-3-thread-5] tourGuide.service.RewardsService         : nearAttraction called with Hot Springs National Park
2023-01-22T16:10:35.932+01:00  INFO 5507 --- [ool-3-thread-51] tourGuide.service.RewardsService         : nearAttraction called with Kartchner Caverns State Park
2023-01-22T16:10:35.932+01:00  INFO 5507 --- [ool-3-thread-63] tourGuide.service.RewardsService         : getDistance called
2023-01-22T16:10:35.933+01:00  INFO 5507 --- [ool-3-thread-51] tourGuide.service.RewardsService         : getDistance called
2023-01-22T16:10:35.932+01:00  INFO 5507 --- [ool-3-thread-27] tourGuide.service.RewardsService         : getDistance called
2023-01-22T16:10:35.933+01:00  INFO 5507 --- [ool-3-thread-51] tourGuide.service.RewardsService         : nearAttraction called with Kartchner Caverns State Park
2023-01-22T16:10:35.932+01:00  INFO 5507 --- [ool-3-thread-12] tourGuide.service.RewardsService         : nearAttraction called with Flatiron Building
2023-01-22T16:10:35.933+01:00  INFO 5507 --- [ool-3-thread-27] tourGuide.service.RewardsService         : nearAttraction called with Legend Valley
2023-01-22T16:10:35.933+01:00  INFO 5507 --- [ool-3-thread-12] tourGuide.service.RewardsService         : getDistance called
2023-01-22T16:10:35.932+01:00  INFO 5507 --- [ool-3-thread-67] tourGuide.service.RewardsService         : nearAttraction called with Roger Dean Stadium
2023-01-22T16:10:35.933+01:00  INFO 5507 --- [ool-3-thread-12] tourGuide.service.RewardsService         : nearAttraction called with Flowers Bakery of London
2023-01-22T16:10:35.933+01:00  INFO 5507 --- [ool-3-thread-67] tourGuide.service.RewardsService         : getDistance called
2023-01-22T16:10:35.933+01:00  INFO 5507 --- [ool-3-thread-12] tourGuide.service.RewardsService         : getDistance called
2023-01-22T16:10:35.933+01:00  INFO 5507 --- [ool-3-thread-67] tourGuide.service.RewardsService         : nearAttraction called with McKinley Tower
2023-01-22T16:10:35.933+01:00  INFO 5507 --- [ool-3-thread-12] tourGuide.service.RewardsService         : nearAttraction called with Flatiron Building
2023-01-22T16:10:35.932+01:00  INFO 5507 --- [ool-3-thread-13] tourGuide.service.RewardsService         : getDistance called
2023-01-22T16:10:35.932+01:00  INFO 5507 --- [ool-3-thread-32] tourGuide.service.RewardsService         : getDistance called
2023-01-22T16:10:35.933+01:00  INFO 5507 --- [ool-3-thread-13] tourGuide.service.RewardsService         : nearAttraction called with Fallingwater
2023-01-22T16:10:35.932+01:00  INFO 5507 --- [ool-3-thread-31] tourGuide.service.RewardsService         : nearAttraction called with Bryant-Denny Stadium
2023-01-22T16:10:35.933+01:00  INFO 5507 --- [ool-3-thread-32] tourGuide.service.RewardsService         : nearAttraction called with Union Station
2023-01-22T16:10:35.933+01:00  INFO 5507 --- [ool-3-thread-31] tourGuide.service.RewardsService         : getDistance called
2023-01-22T16:10:35.933+01:00  INFO 5507 --- [ool-3-thread-32] tourGuide.service.RewardsService         : getDistance called
2023-01-22T16:10:35.932+01:00  INFO 5507 --- [ool-3-thread-18] tourGuide.service.RewardsService         : nearAttraction called with Tiger Stadium
2023-01-22T16:10:35.933+01:00  INFO 5507 --- [ool-3-thread-32] tourGuide.service.RewardsService         : nearAttraction called with Texas Memorial Stadium
2023-01-22T16:10:35.933+01:00  INFO 5507 --- [ool-3-thread-18] tourGuide.service.RewardsService         : getDistance called
2023-01-22T16:10:35.933+01:00  INFO 5507 --- [ool-3-thread-32] tourGuide.service.RewardsService         : getDistance called
2023-01-22T16:10:35.932+01:00  INFO 5507 --- [ool-3-thread-45] tourGuide.service.RewardsService         : getDistance called
2023-01-22T16:10:35.933+01:00  INFO 5507 --- [ool-3-thread-18] tourGuide.service.RewardsService         : nearAttraction called with Bryant-Denny Stadium
2023-01-22T16:10:35.932+01:00  INFO 5507 --- [ool-3-thread-54] tourGuide.service.RewardsService         : nearAttraction called with Kyle Field
2023-01-22T16:10:35.932+01:00  INFO 5507 --- [ool-3-thread-25] tourGuide.service.RewardsService         : nearAttraction called with San Diego Zoo
2023-01-22T16:10:35.933+01:00  INFO 5507 --- [ool-3-thread-54] tourGuide.service.RewardsService         : getDistance called
2023-01-22T16:10:35.932+01:00  INFO 5507 --- [ool-3-thread-15] tourGuide.service.RewardsService         : nearAttraction called with Franklin Park Zoo
2023-01-22T16:10:35.933+01:00  INFO 5507 --- [ool-3-thread-54] tourGuide.service.RewardsService         : nearAttraction called with Kyle Field
2023-01-22T16:10:35.933+01:00  INFO 5507 --- [ool-3-thread-15] tourGuide.service.RewardsService         : getDistance called
2023-01-22T16:10:35.933+01:00  INFO 5507 --- [ool-3-thread-54] tourGuide.service.RewardsService         : getDistance called
2023-01-22T16:10:35.933+01:00  INFO 5507 --- [ool-3-thread-15] tourGuide.service.RewardsService         : nearAttraction called with San Diego Zoo
2023-01-22T16:10:35.932+01:00  INFO 5507 --- [ool-3-thread-55] tourGuide.service.RewardsService         : getDistance called
2023-01-22T16:10:35.932+01:00  INFO 5507 --- [ool-3-thread-52] tourGuide.service.RewardsService         : getDistance called
2023-01-22T16:10:35.933+01:00  INFO 5507 --- [ool-3-thread-55] tourGuide.service.RewardsService         : nearAttraction called with Franklin Park Zoo
2023-01-22T16:10:35.933+01:00  INFO 5507 --- [ool-3-thread-52] tourGuide.service.RewardsService         : nearAttraction called with El Paso Zoo
2023-01-22T16:10:35.933+01:00  INFO 5507 --- [ool-3-thread-55] tourGuide.service.RewardsService         : getDistance called
2023-01-22T16:10:35.933+01:00  INFO 5507 --- [ool-3-thread-52] tourGuide.service.RewardsService         : getDistance called
2023-01-22T16:10:35.933+01:00  INFO 5507 --- [ool-3-thread-55] tourGuide.service.RewardsService         : nearAttraction called with Kansas City Zoo
2023-01-22T16:10:35.933+01:00  INFO 5507 --- [ool-3-thread-52] tourGuide.service.RewardsService         : nearAttraction called with Bronx Zoo
2023-01-22T16:10:35.933+01:00  INFO 5507 --- [ool-3-thread-55] tourGuide.service.RewardsService         : getDistance called
2023-01-22T16:10:35.932+01:00  INFO 5507 --- [ool-3-thread-22] tourGuide.service.RewardsService         : getDistance called
2023-01-22T16:10:35.933+01:00  INFO 5507 --- [pool-3-thread-2] tourGuide.service.RewardsService         : getDistance called
2023-01-22T16:10:35.934+01:00  INFO 5507 --- [ool-3-thread-22] tourGuide.service.RewardsService         : nearAttraction called with Disneyland
2023-01-22T16:10:35.933+01:00  INFO 5507 --- [ool-3-thread-56] tourGuide.service.RewardsService         : nearAttraction called with Bronx Zoo
2023-01-22T16:10:35.933+01:00  INFO 5507 --- [ool-3-thread-37] tourGuide.service.RewardsService         : getDistance called
2023-01-22T16:10:35.933+01:00  INFO 5507 --- [ool-3-thread-44] tourGuide.service.RewardsService         : nearAttraction called with Cinderella Castle
2023-01-22T16:10:35.934+01:00  INFO 5507 --- [ool-3-thread-37] tourGuide.service.RewardsService         : getRewardPoints called with Disneyland and internalUser6
2023-01-22T16:10:35.933+01:00  INFO 5507 --- [ool-3-thread-65] tourGuide.service.RewardsService         : getDistance called
2023-01-22T16:10:35.933+01:00  INFO 5507 --- [ool-3-thread-35] tourGuide.service.RewardsService         : getDistance called
2023-01-22T16:10:35.934+01:00  INFO 5507 --- [ool-3-thread-65] tourGuide.service.RewardsService         : getRewardPoints called with Disneyland and internalUser91
2023-01-22T16:10:35.934+01:00  INFO 5507 --- [ool-3-thread-35] tourGuide.service.RewardsService         : nearAttraction called with Mojave National Preserve
2023-01-22T16:10:35.933+01:00  INFO 5507 --- [ool-3-thread-43] tourGuide.service.RewardsService         : nearAttraction called with Mojave National Preserve
2023-01-22T16:10:35.933+01:00  INFO 5507 --- [pool-3-thread-6] tourGuide.service.RewardsService         : getDistance called
2023-01-22T16:10:35.934+01:00  INFO 5507 --- [ool-3-thread-43] tourGuide.service.RewardsService         : getDistance called
2023-01-22T16:10:35.933+01:00  INFO 5507 --- [ool-3-thread-40] tourGuide.service.RewardsService         : nearAttraction called with Joshua Tree National Park
2023-01-22T16:10:35.934+01:00  INFO 5507 --- [ool-3-thread-43] tourGuide.service.RewardsService         : nearAttraction called with Buffalo National River
2023-01-22T16:10:35.934+01:00  INFO 5507 --- [ool-3-thread-40] tourGuide.service.RewardsService         : getDistance called
2023-01-22T16:10:35.933+01:00  INFO 5507 --- [ool-3-thread-64] tourGuide.service.RewardsService         : nearAttraction called with Buffalo National River
2023-01-22T16:10:35.934+01:00  INFO 5507 --- [ool-3-thread-40] tourGuide.service.RewardsService         : nearAttraction called with Hot Springs National Park
2023-01-22T16:10:35.934+01:00  INFO 5507 --- [ool-3-thread-64] tourGuide.service.RewardsService         : getDistance called
2023-01-22T16:10:35.933+01:00  INFO 5507 --- [pool-3-thread-5] tourGuide.service.RewardsService         : getDistance called
2023-01-22T16:10:35.934+01:00  INFO 5507 --- [ool-3-thread-64] tourGuide.service.RewardsService         : nearAttraction called with Kartchner Caverns State Park
2023-01-22T16:10:35.934+01:00  INFO 5507 --- [pool-3-thread-5] tourGuide.service.RewardsService         : nearAttraction called with Legend Valley
2023-01-22T16:10:35.934+01:00  INFO 5507 --- [ool-3-thread-64] tourGuide.service.RewardsService         : getDistance called
2023-01-22T16:10:35.933+01:00  INFO 5507 --- [ool-3-thread-63] tourGuide.service.RewardsService         : nearAttraction called with Hot Springs National Park
2023-01-22T16:10:35.934+01:00  INFO 5507 --- [ool-3-thread-64] tourGuide.service.RewardsService         : nearAttraction called with Flowers Bakery of London
2023-01-22T16:10:35.933+01:00  INFO 5507 --- [ool-3-thread-51] tourGuide.service.RewardsService         : getDistance called
2023-01-22T16:10:35.934+01:00  INFO 5507 --- [ool-3-thread-63] tourGuide.service.RewardsService         : getDistance called
2023-01-22T16:10:35.933+01:00  INFO 5507 --- [ool-3-thread-27] tourGuide.service.RewardsService         : getDistance called
2023-01-22T16:10:35.934+01:00  INFO 5507 --- [ool-3-thread-51] tourGuide.service.RewardsService         : nearAttraction called with McKinley Tower
2023-01-22T16:10:35.933+01:00  INFO 5507 --- [ool-3-thread-67] tourGuide.service.RewardsService         : getDistance called
2023-01-22T16:10:35.934+01:00  INFO 5507 --- [ool-3-thread-27] tourGuide.service.RewardsService         : nearAttraction called with Fallingwater
2023-01-22T16:10:35.933+01:00  INFO 5507 --- [ool-3-thread-12] tourGuide.service.RewardsService         : getDistance called
2023-01-22T16:10:35.934+01:00  INFO 5507 --- [ool-3-thread-67] tourGuide.service.RewardsService         : nearAttraction called with Union Station
2023-01-22T16:10:35.934+01:00  INFO 5507 --- [ool-3-thread-12] tourGuide.service.RewardsService         : nearAttraction called with Roger Dean Stadium
2023-01-22T16:10:35.933+01:00  INFO 5507 --- [ool-3-thread-13] tourGuide.service.RewardsService         : getDistance called
2023-01-22T16:10:35.933+01:00  INFO 5507 --- [ool-3-thread-31] tourGuide.service.RewardsService         : nearAttraction called with Roger Dean Stadium
2023-01-22T16:10:35.934+01:00  INFO 5507 --- [ool-3-thread-13] tourGuide.service.RewardsService         : nearAttraction called with Texas Memorial Stadium
2023-01-22T16:10:35.933+01:00  INFO 5507 --- [ool-3-thread-32] tourGuide.service.RewardsService         : nearAttraction called with Tiger Stadium
2023-01-22T16:10:35.933+01:00  INFO 5507 --- [ool-3-thread-45] tourGuide.service.RewardsService         : nearAttraction called with Neyland Stadium
2023-01-22T16:10:35.934+01:00  INFO 5507 --- [ool-3-thread-32] tourGuide.service.RewardsService         : getDistance called
2023-01-22T16:10:35.933+01:00  INFO 5507 --- [ool-3-thread-18] tourGuide.service.RewardsService         : getDistance called
2023-01-22T16:10:35.933+01:00  INFO 5507 --- [ool-3-thread-25] tourGuide.service.RewardsService         : getDistance called
2023-01-22T16:10:35.933+01:00  INFO 5507 --- [ool-3-thread-54] tourGuide.service.RewardsService         : nearAttraction called with Zoo Tampa at Lowry Park
2023-01-22T16:10:35.934+01:00  INFO 5507 --- [ool-3-thread-25] tourGuide.service.RewardsService         : nearAttraction called with Neyland Stadium
2023-01-22T16:10:35.934+01:00  INFO 5507 --- [ool-3-thread-54] tourGuide.service.RewardsService         : getDistance called
2023-01-22T16:10:35.934+01:00  INFO 5507 --- [ool-3-thread-25] tourGuide.service.RewardsService         : getDistance called
2023-01-22T16:10:35.933+01:00  INFO 5507 --- [ool-3-thread-15] tourGuide.service.RewardsService         : getDistance called
2023-01-22T16:10:35.934+01:00  INFO 5507 --- [ool-3-thread-25] tourGuide.service.RewardsService         : nearAttraction called with San Diego Zoo
2023-01-22T16:10:35.933+01:00  INFO 5507 --- [ool-3-thread-52] tourGuide.service.RewardsService         : getDistance called
2023-01-22T16:10:35.934+01:00  INFO 5507 --- [ool-3-thread-55] tourGuide.service.RewardsService         : nearAttraction called with Cinderella Castle
2023-01-22T16:10:35.934+01:00  INFO 5507 --- [ool-3-thread-19] tourGuide.service.RewardsService         : Rewards of internalUser76 calculated by calculateRewards
2023-01-22T16:10:35.934+01:00  INFO 5507 --- [ool-3-thread-22] tourGuide.service.RewardsService         : getDistance called
2023-01-22T16:10:35.934+01:00  INFO 5507 --- [pool-3-thread-2] tourGuide.service.RewardsService         : nearAttraction called with Jackson Hole
2023-01-22T16:10:35.934+01:00  INFO 5507 --- [ool-3-thread-56] tourGuide.service.RewardsService         : getDistance called
2023-01-22T16:10:35.934+01:00  INFO 5507 --- [ool-3-thread-44] tourGuide.service.RewardsService         : getDistance called
2023-01-22T16:10:35.935+01:00  INFO 5507 --- [ool-3-thread-56] tourGuide.service.RewardsService         : nearAttraction called with Kansas City Zoo
2023-01-22T16:10:35.934+01:00  INFO 5507 --- [ool-3-thread-35] tourGuide.service.RewardsService         : getDistance called
2023-01-22T16:10:35.935+01:00  INFO 5507 --- [ool-3-thread-44] tourGuide.service.RewardsService         : nearAttraction called with Bronx Zoo
2023-01-22T16:10:35.934+01:00  INFO 5507 --- [pool-3-thread-6] tourGuide.service.RewardsService         : nearAttraction called with Joshua Tree National Park
2023-01-22T16:10:35.935+01:00  INFO 5507 --- [ool-3-thread-44] tourGuide.service.RewardsService         : getDistance called
2023-01-22T16:10:35.935+01:00  INFO 5507 --- [pool-3-thread-6] tourGuide.service.RewardsService         : getDistance called
2023-01-22T16:10:35.935+01:00  INFO 5507 --- [ool-3-thread-44] tourGuide.service.RewardsService         : nearAttraction called with Disneyland
2023-01-22T16:10:35.935+01:00  INFO 5507 --- [pool-3-thread-6] tourGuide.service.RewardsService         : nearAttraction called with Jackson Hole
2023-01-22T16:10:35.934+01:00  INFO 5507 --- [ool-3-thread-43] tourGuide.service.RewardsService         : getDistance called
2023-01-22T16:10:35.934+01:00  INFO 5507 --- [ool-3-thread-40] tourGuide.service.RewardsService         : getDistance called
2023-01-22T16:10:35.934+01:00  INFO 5507 --- [pool-3-thread-5] tourGuide.service.RewardsService         : getDistance called
2023-01-22T16:10:35.934+01:00  INFO 5507 --- [ool-3-thread-64] tourGuide.service.RewardsService         : getDistance called
2023-01-22T16:10:35.934+01:00  INFO 5507 --- [ool-3-thread-63] tourGuide.service.RewardsService         : nearAttraction called with Flatiron Building
2023-01-22T16:10:35.939+01:00  INFO 5507 --- [ool-3-thread-43] tourGuide.service.RewardsService         : nearAttraction called with Mojave National Preserve
2023-01-22T16:10:35.939+01:00  INFO 5507 --- [ool-3-thread-63] tourGuide.service.RewardsService         : getDistance called
2023-01-22T16:10:35.939+01:00  INFO 5507 --- [ool-3-thread-43] tourGuide.service.RewardsService         : getDistance called
2023-01-22T16:10:35.934+01:00  INFO 5507 --- [ool-3-thread-51] tourGuide.service.RewardsService         : getDistance called
2023-01-22T16:10:35.939+01:00  INFO 5507 --- [ool-3-thread-43] tourGuide.service.RewardsService         : nearAttraction called with Legend Valley
2023-01-22T16:10:35.939+01:00  INFO 5507 --- [ool-3-thread-51] tourGuide.service.RewardsService         : nearAttraction called with Flowers Bakery of London
2023-01-22T16:10:35.939+01:00  INFO 5507 --- [ool-3-thread-43] tourGuide.service.RewardsService         : getDistance called
2023-01-22T16:10:35.939+01:00  INFO 5507 --- [ool-3-thread-51] tourGuide.service.RewardsService         : getDistance called
2023-01-22T16:10:35.934+01:00  INFO 5507 --- [ool-3-thread-27] tourGuide.service.RewardsService         : getDistance called
2023-01-22T16:10:35.939+01:00  INFO 5507 --- [ool-3-thread-51] tourGuide.service.RewardsService         : nearAttraction called with Flatiron Building
2023-01-22T16:10:35.934+01:00  INFO 5507 --- [ool-3-thread-67] tourGuide.service.RewardsService         : getDistance called
2023-01-22T16:10:35.939+01:00  INFO 5507 --- [ool-3-thread-27] tourGuide.service.RewardsService         : nearAttraction called with Fallingwater
2023-01-22T16:10:35.934+01:00  INFO 5507 --- [ool-3-thread-12] tourGuide.service.RewardsService         : getDistance called
2023-01-22T16:10:35.939+01:00  INFO 5507 --- [ool-3-thread-67] tourGuide.service.RewardsService         : nearAttraction called with Union Station
2023-01-22T16:10:35.934+01:00  INFO 5507 --- [ool-3-thread-31] tourGuide.service.RewardsService         : getDistance called
2023-01-22T16:10:35.934+01:00  INFO 5507 --- [ool-3-thread-13] tourGuide.service.RewardsService         : getDistance called
2023-01-22T16:10:35.934+01:00  INFO 5507 --- [ool-3-thread-45] tourGuide.service.RewardsService         : getDistance called
2023-01-22T16:10:35.934+01:00  INFO 5507 --- [ool-3-thread-32] tourGuide.service.RewardsService         : nearAttraction called with Bryant-Denny Stadium
2023-01-22T16:10:35.934+01:00  INFO 5507 --- [ool-3-thread-18] tourGuide.service.RewardsService         : nearAttraction called with Tiger Stadium
2023-01-22T16:10:35.934+01:00  INFO 5507 --- [ool-3-thread-54] tourGuide.service.RewardsService         : nearAttraction called with Kyle Field
2023-01-22T16:10:35.934+01:00  INFO 5507 --- [ool-3-thread-15] tourGuide.service.RewardsService         : nearAttraction called with Zoo Tampa at Lowry Park
2023-01-22T16:10:35.934+01:00  INFO 5507 --- [ool-3-thread-25] tourGuide.service.RewardsService         : getDistance called
2023-01-22T16:10:35.934+01:00  INFO 5507 --- [ool-3-thread-52] tourGuide.service.RewardsService         : nearAttraction called with Franklin Park Zoo
2023-01-22T16:10:35.949+01:00  INFO 5507 --- [ool-3-thread-25] tourGuide.service.RewardsService         : nearAttraction called with Neyland Stadium
2023-01-22T16:10:35.949+01:00  INFO 5507 --- [ool-3-thread-52] tourGuide.service.RewardsService         : getDistance called
2023-01-22T16:10:35.934+01:00  INFO 5507 --- [ool-3-thread-55] tourGuide.service.RewardsService         : getDistance called
2023-01-22T16:10:35.949+01:00  INFO 5507 --- [ool-3-thread-52] tourGuide.service.RewardsService         : nearAttraction called with Kyle Field
2023-01-22T16:10:35.934+01:00  INFO 5507 --- [ool-3-thread-19] tourGuide.service.RewardsService         : nearAttraction called with El Paso Zoo
2023-01-22T16:10:35.935+01:00  INFO 5507 --- [ool-3-thread-22] tourGuide.service.RewardsService         : getRewardPoints called with Disneyland and internalUser5
2023-01-22T16:10:35.935+01:00  INFO 5507 --- [pool-3-thread-2] tourGuide.service.RewardsService         : getDistance called
2023-01-22T16:10:35.935+01:00  INFO 5507 --- [ool-3-thread-56] tourGuide.service.RewardsService         : getDistance called
2023-01-22T16:10:35.935+01:00  INFO 5507 --- [ool-3-thread-35] tourGuide.service.RewardsService         : nearAttraction called with Cinderella Castle
2023-01-22T16:10:35.935+01:00  INFO 5507 --- [ool-3-thread-44] tourGuide.service.RewardsService         : getDistance called
2023-01-22T16:10:35.939+01:00  INFO 5507 --- [ool-3-thread-64] tourGuide.service.RewardsService         : nearAttraction called with Hot Springs National Park
2023-01-22T16:10:35.939+01:00  INFO 5507 --- [pool-3-thread-5] tourGuide.service.RewardsService         : nearAttraction called with Buffalo National River
2023-01-22T16:10:35.939+01:00  INFO 5507 --- [ool-3-thread-40] tourGuide.service.RewardsService         : nearAttraction called with Joshua Tree National Park
2023-01-22T16:10:35.939+01:00  INFO 5507 --- [ool-3-thread-63] tourGuide.service.RewardsService         : nearAttraction called with Kartchner Caverns State Park
2023-01-22T16:10:35.939+01:00  INFO 5507 --- [ool-3-thread-43] tourGuide.service.RewardsService         : nearAttraction called with McKinley Tower
2023-01-22T16:10:35.950+01:00  INFO 5507 --- [ool-3-thread-63] tourGuide.service.RewardsService         : getDistance called
2023-01-22T16:10:35.939+01:00  INFO 5507 --- [ool-3-thread-51] tourGuide.service.RewardsService         : getDistance called
2023-01-22T16:10:35.939+01:00  INFO 5507 --- [ool-3-thread-27] tourGuide.service.RewardsService         : getDistance called
2023-01-22T16:10:35.939+01:00  INFO 5507 --- [ool-3-thread-12] tourGuide.service.RewardsService         : nearAttraction called with Roger Dean Stadium
2023-01-22T16:10:35.950+01:00  INFO 5507 --- [ool-3-thread-27] tourGuide.service.RewardsService         : nearAttraction called with Bronx Zoo
2023-01-22T16:10:35.950+01:00  INFO 5507 --- [ool-3-thread-12] tourGuide.service.RewardsService         : getDistance called
2023-01-22T16:10:35.950+01:00  INFO 5507 --- [ool-3-thread-27] tourGuide.service.RewardsService         : getDistance called
2023-01-22T16:10:35.939+01:00  INFO 5507 --- [ool-3-thread-67] tourGuide.service.RewardsService         : getDistance called
2023-01-22T16:10:35.935+01:00  INFO 5507 --- [pool-3-thread-6] tourGuide.service.RewardsService         : getDistance called
2023-01-22T16:10:35.950+01:00  INFO 5507 --- [ool-3-thread-67] tourGuide.service.RewardsService         : nearAttraction called with Jackson Hole
2023-01-22T16:10:35.949+01:00  INFO 5507 --- [ool-3-thread-31] tourGuide.service.RewardsService         : nearAttraction called with Texas Memorial Stadium
2023-01-22T16:10:35.949+01:00  INFO 5507 --- [ool-3-thread-13] tourGuide.service.RewardsService         : nearAttraction called with Bryant-Denny Stadium
2023-01-22T16:10:35.949+01:00  INFO 5507 --- [ool-3-thread-32] tourGuide.service.RewardsService         : getDistance called
2023-01-22T16:10:35.949+01:00  INFO 5507 --- [ool-3-thread-45] tourGuide.service.RewardsService         : nearAttraction called with Tiger Stadium
2023-01-22T16:10:35.950+01:00  INFO 5507 --- [ool-3-thread-32] tourGuide.service.RewardsService         : nearAttraction called with Joshua Tree National Park
2023-01-22T16:10:35.950+01:00  INFO 5507 --- [ool-3-thread-45] tourGuide.service.RewardsService         : getDistance called
2023-01-22T16:10:35.950+01:00  INFO 5507 --- [ool-3-thread-32] tourGuide.service.RewardsService         : getDistance called
2023-01-22T16:10:35.949+01:00  INFO 5507 --- [ool-3-thread-18] tourGuide.service.RewardsService         : getDistance called
2023-01-22T16:10:35.950+01:00  INFO 5507 --- [ool-3-thread-45] tourGuide.service.RewardsService         : nearAttraction called with Buffalo National River
2023-01-22T16:10:35.949+01:00  INFO 5507 --- [ool-3-thread-54] tourGuide.service.RewardsService         : getDistance called
2023-01-22T16:10:35.950+01:00  INFO 5507 --- [ool-3-thread-18] tourGuide.service.RewardsService         : nearAttraction called with Kartchner Caverns State Park
2023-01-22T16:10:35.949+01:00  INFO 5507 --- [ool-3-thread-15] tourGuide.service.RewardsService         : getDistance called
2023-01-22T16:10:35.950+01:00  INFO 5507 --- [ool-3-thread-54] tourGuide.service.RewardsService         : nearAttraction called with Legend Valley
2023-01-22T16:10:35.949+01:00  INFO 5507 --- [ool-3-thread-25] tourGuide.service.RewardsService         : getDistance called
2023-01-22T16:10:35.949+01:00  INFO 5507 --- [ool-3-thread-52] tourGuide.service.RewardsService         : getDistance called
2023-01-22T16:10:35.950+01:00  INFO 5507 --- [ool-3-thread-25] tourGuide.service.RewardsService         : nearAttraction called with McKinley Tower
2023-01-22T16:10:35.950+01:00  INFO 5507 --- [ool-3-thread-52] tourGuide.service.RewardsService         : nearAttraction called with Flatiron Building
2023-01-22T16:10:35.949+01:00  INFO 5507 --- [ool-3-thread-55] tourGuide.service.RewardsService         : nearAttraction called with San Diego Zoo
2023-01-22T16:10:35.949+01:00  INFO 5507 --- [ool-3-thread-19] tourGuide.service.RewardsService         : getDistance called
2023-01-22T16:10:35.949+01:00  INFO 5507 --- [pool-3-thread-2] tourGuide.service.RewardsService         : nearAttraction called with Zoo Tampa at Lowry Park
2023-01-22T16:10:35.950+01:00  INFO 5507 --- [ool-3-thread-19] tourGuide.service.RewardsService         : nearAttraction called with Fallingwater
2023-01-22T16:10:35.949+01:00  INFO 5507 --- [ool-3-thread-56] tourGuide.service.RewardsService         : nearAttraction called with Franklin Park Zoo
2023-01-22T16:10:35.949+01:00  INFO 5507 --- [ool-3-thread-35] tourGuide.service.RewardsService         : getDistance called
2023-01-22T16:10:35.949+01:00  INFO 5507 --- [ool-3-thread-44] tourGuide.service.RewardsService         : getRewardPoints called with Disneyland and internalUser94
2023-01-22T16:10:35.949+01:00  INFO 5507 --- [ool-3-thread-64] tourGuide.service.RewardsService         : getDistance called
2023-01-22T16:10:35.950+01:00  INFO 5507 --- [pool-3-thread-5] tourGuide.service.RewardsService         : getDistance called
2023-01-22T16:10:35.950+01:00  INFO 5507 --- [ool-3-thread-64] tourGuide.service.RewardsService         : nearAttraction called with Roger Dean Stadium
2023-01-22T16:10:35.950+01:00  INFO 5507 --- [pool-3-thread-5] tourGuide.service.RewardsService         : nearAttraction called with Texas Memorial Stadium
2023-01-22T16:10:35.950+01:00  INFO 5507 --- [ool-3-thread-40] tourGuide.service.RewardsService         : getDistance called
2023-01-22T16:10:35.950+01:00  INFO 5507 --- [ool-3-thread-43] tourGuide.service.RewardsService         : getDistance called
2023-01-22T16:10:35.950+01:00  INFO 5507 --- [ool-3-thread-40] tourGuide.service.RewardsService         : nearAttraction called with Bryant-Denny Stadium
2023-01-22T16:10:35.950+01:00  INFO 5507 --- [ool-3-thread-63] tourGuide.service.RewardsService         : nearAttraction called with El Paso Zoo
2023-01-22T16:10:35.950+01:00  INFO 5507 --- [ool-3-thread-43] tourGuide.service.RewardsService         : nearAttraction called with Tiger Stadium
2023-01-22T16:10:35.950+01:00  INFO 5507 --- [ool-3-thread-51] tourGuide.service.RewardsService         : nearAttraction called with Kansas City Zoo
2023-01-22T16:10:35.950+01:00  INFO 5507 --- [ool-3-thread-12] tourGuide.service.RewardsService         : nearAttraction called with Cinderella Castle
2023-01-22T16:10:35.950+01:00  INFO 5507 --- [ool-3-thread-27] tourGuide.service.RewardsService         : nearAttraction called with Disneyland
2023-01-22T16:10:35.951+01:00  INFO 5507 --- [ool-3-thread-12] tourGuide.service.RewardsService         : getDistance called
2023-01-22T16:10:35.950+01:00  INFO 5507 --- [pool-3-thread-6] tourGuide.service.RewardsService         : nearAttraction called with Mojave National Preserve
2023-01-22T16:10:35.951+01:00  INFO 5507 --- [ool-3-thread-12] tourGuide.service.RewardsService         : nearAttraction called with Neyland Stadium
2023-01-22T16:10:35.950+01:00  INFO 5507 --- [ool-3-thread-67] tourGuide.service.RewardsService         : getDistance called
2023-01-22T16:10:35.950+01:00  INFO 5507 --- [ool-3-thread-31] tourGuide.service.RewardsService         : getDistance called
2023-01-22T16:10:35.951+01:00  INFO 5507 --- [ool-3-thread-67] tourGuide.service.RewardsService         : nearAttraction called with Kyle Field
2023-01-22T16:10:35.950+01:00  INFO 5507 --- [ool-3-thread-13] tourGuide.service.RewardsService         : getDistance called
2023-01-22T16:10:35.951+01:00  INFO 5507 --- [ool-3-thread-67] tourGuide.service.RewardsService         : getDistance called
2023-01-22T16:10:35.950+01:00  INFO 5507 --- [ool-3-thread-32] tourGuide.service.RewardsService         : nearAttraction called with Hot Springs National Park
2023-01-22T16:10:35.951+01:00  INFO 5507 --- [ool-3-thread-13] tourGuide.service.RewardsService         : nearAttraction called with Zoo Tampa at Lowry Park
2023-01-22T16:10:35.951+01:00  INFO 5507 --- [ool-3-thread-32] tourGuide.service.RewardsService         : getDistance called
2023-01-22T16:10:35.950+01:00  INFO 5507 --- [ool-3-thread-45] tourGuide.service.RewardsService         : getDistance called
2023-01-22T16:10:35.951+01:00  INFO 5507 --- [ool-3-thread-32] tourGuide.service.RewardsService         : nearAttraction called with El Paso Zoo
2023-01-22T16:10:35.950+01:00  INFO 5507 --- [ool-3-thread-18] tourGuide.service.RewardsService         : getDistance called
2023-01-22T16:10:35.950+01:00  INFO 5507 --- [ool-3-thread-15] tourGuide.service.RewardsService         : nearAttraction called with Flowers Bakery of London
2023-01-22T16:10:35.951+01:00  INFO 5507 --- [ool-3-thread-18] tourGuide.service.RewardsService         : nearAttraction called with Bronx Zoo
2023-01-22T16:10:35.950+01:00  INFO 5507 --- [ool-3-thread-54] tourGuide.service.RewardsService         : getDistance called
2023-01-22T16:10:35.950+01:00  INFO 5507 --- [ool-3-thread-25] tourGuide.service.RewardsService         : getDistance called
2023-01-22T16:10:35.951+01:00  INFO 5507 --- [ool-3-thread-54] tourGuide.service.RewardsService         : nearAttraction called with Cinderella Castle
2023-01-22T16:10:35.951+01:00  INFO 5507 --- [ool-3-thread-25] tourGuide.service.RewardsService         : nearAttraction called with Disneyland
2023-01-22T16:10:35.950+01:00  INFO 5507 --- [ool-3-thread-52] tourGuide.service.RewardsService         : getDistance called
2023-01-22T16:10:35.950+01:00  INFO 5507 --- [ool-3-thread-55] tourGuide.service.RewardsService         : getDistance called
2023-01-22T16:10:35.951+01:00  INFO 5507 --- [ool-3-thread-52] tourGuide.service.RewardsService         : nearAttraction called with Jackson Hole
2023-01-22T16:10:35.951+01:00  INFO 5507 --- [ool-3-thread-55] tourGuide.service.RewardsService         : nearAttraction called with Mojave National Preserve
2023-01-22T16:10:35.951+01:00  INFO 5507 --- [ool-3-thread-52] tourGuide.service.RewardsService         : getDistance called
2023-01-22T16:10:35.951+01:00  INFO 5507 --- [ool-3-thread-55] tourGuide.service.RewardsService         : getDistance called
2023-01-22T16:10:35.950+01:00  INFO 5507 --- [pool-3-thread-2] tourGuide.service.RewardsService         : getDistance called
2023-01-22T16:10:35.951+01:00  INFO 5507 --- [ool-3-thread-55] tourGuide.service.RewardsService         : nearAttraction called with Buffalo National River
2023-01-22T16:10:35.950+01:00  INFO 5507 --- [ool-3-thread-19] tourGuide.service.RewardsService         : getDistance called
2023-01-22T16:10:35.950+01:00  INFO 5507 --- [ool-3-thread-56] tourGuide.service.RewardsService         : getDistance called
2023-01-22T16:10:35.951+01:00  INFO 5507 --- [ool-3-thread-19] tourGuide.service.RewardsService         : nearAttraction called with Kartchner Caverns State Park
2023-01-22T16:10:35.950+01:00  INFO 5507 --- [ool-3-thread-35] tourGuide.service.RewardsService         : nearAttraction called with Union Station
2023-01-22T16:10:35.951+01:00  INFO 5507 --- [ool-3-thread-19] tourGuide.service.RewardsService         : getDistance called
2023-01-22T16:10:35.950+01:00  INFO 5507 --- [ool-3-thread-64] tourGuide.service.RewardsService         : getDistance called
2023-01-22T16:10:35.951+01:00  INFO 5507 --- [ool-3-thread-19] tourGuide.service.RewardsService         : nearAttraction called with Flowers Bakery of London
2023-01-22T16:10:35.950+01:00  INFO 5507 --- [pool-3-thread-5] tourGuide.service.RewardsService         : getDistance called
2023-01-22T16:10:35.950+01:00  INFO 5507 --- [ool-3-thread-40] tourGuide.service.RewardsService         : getDistance called
2023-01-22T16:10:35.950+01:00  INFO 5507 --- [ool-3-thread-63] tourGuide.service.RewardsService         : getDistance called
2023-01-22T16:10:35.951+01:00  INFO 5507 --- [ool-3-thread-43] tourGuide.service.RewardsService         : getDistance called
2023-01-22T16:10:35.951+01:00  INFO 5507 --- [ool-3-thread-63] tourGuide.service.RewardsService         : nearAttraction called with Union Station
2023-01-22T16:10:35.951+01:00  INFO 5507 --- [ool-3-thread-43] tourGuide.service.RewardsService         : nearAttraction called with Roger Dean Stadium
2023-01-22T16:10:35.951+01:00  INFO 5507 --- [ool-3-thread-51] tourGuide.service.RewardsService         : getDistance called
2023-01-22T16:10:35.951+01:00  INFO 5507 --- [ool-3-thread-43] tourGuide.service.RewardsService         : getDistance called
2023-01-22T16:10:35.951+01:00  INFO 5507 --- [ool-3-thread-27] tourGuide.service.RewardsService         : getDistance called
2023-01-22T16:10:35.951+01:00  INFO 5507 --- [ool-3-thread-51] tourGuide.service.RewardsService         : nearAttraction called with Texas Memorial Stadium
2023-01-22T16:10:35.951+01:00  INFO 5507 --- [pool-3-thread-6] tourGuide.service.RewardsService         : getDistance called
2023-01-22T16:10:35.951+01:00  INFO 5507 --- [ool-3-thread-27] tourGuide.service.RewardsService         : getRewardPoints called with Disneyland and internalUser4
2023-01-22T16:10:35.951+01:00  INFO 5507 --- [ool-3-thread-12] tourGuide.service.RewardsService         : getDistance called
2023-01-22T16:10:35.951+01:00  INFO 5507 --- [pool-3-thread-6] tourGuide.service.RewardsService         : nearAttraction called with Tiger Stadium
2023-01-22T16:10:35.951+01:00  INFO 5507 --- [ool-3-thread-31] tourGuide.service.RewardsService         : nearAttraction called with San Diego Zoo
2023-01-22T16:10:35.952+01:00  INFO 5507 --- [ool-3-thread-12] tourGuide.service.RewardsService         : nearAttraction called with Neyland Stadium
2023-01-22T16:10:35.951+01:00  INFO 5507 --- [ool-3-thread-67] tourGuide.service.RewardsService         : nearAttraction called with Franklin Park Zoo
2023-01-22T16:10:35.952+01:00  INFO 5507 --- [ool-3-thread-12] tourGuide.service.RewardsService         : getDistance called
2023-01-22T16:10:35.952+01:00  INFO 5507 --- [ool-3-thread-67] tourGuide.service.RewardsService         : getDistance called
2023-01-22T16:10:35.951+01:00  INFO 5507 --- [ool-3-thread-13] tourGuide.service.RewardsService         : getDistance called
2023-01-22T16:10:35.951+01:00  INFO 5507 --- [ool-3-thread-45] tourGuide.service.RewardsService         : nearAttraction called with Kansas City Zoo
2023-01-22T16:10:35.952+01:00  INFO 5507 --- [ool-3-thread-13] tourGuide.service.RewardsService         : nearAttraction called with Zoo Tampa at Lowry Park
2023-01-22T16:10:35.952+01:00  INFO 5507 --- [ool-3-thread-45] tourGuide.service.RewardsService         : getDistance called
2023-01-22T16:10:35.951+01:00  INFO 5507 --- [ool-3-thread-32] tourGuide.service.RewardsService         : getDistance called
2023-01-22T16:10:35.952+01:00  INFO 5507 --- [ool-3-thread-45] tourGuide.service.RewardsService         : nearAttraction called with Franklin Park Zoo
2023-01-22T16:10:35.952+01:00  INFO 5507 --- [ool-3-thread-32] tourGuide.service.RewardsService         : nearAttraction called with El Paso Zoo
2023-01-22T16:10:35.952+01:00  INFO 5507 --- [ool-3-thread-45] tourGuide.service.RewardsService         : getDistance called
2023-01-22T16:10:35.951+01:00  INFO 5507 --- [ool-3-thread-15] tourGuide.service.RewardsService         : getDistance called
2023-01-22T16:10:35.952+01:00  INFO 5507 --- [ool-3-thread-45] tourGuide.service.RewardsService         : nearAttraction called with Kansas City Zoo
2023-01-22T16:10:35.951+01:00  INFO 5507 --- [ool-3-thread-18] tourGuide.service.RewardsService         : getDistance called
2023-01-22T16:10:35.952+01:00  INFO 5507 --- [ool-3-thread-15] tourGuide.service.RewardsService         : nearAttraction called with Bronx Zoo
2023-01-22T16:10:35.951+01:00  INFO 5507 --- [ool-3-thread-54] tourGuide.service.RewardsService         : getDistance called
2023-01-22T16:10:35.952+01:00  INFO 5507 --- [ool-3-thread-18] tourGuide.service.RewardsService         : nearAttraction called with Cinderella Castle
2023-01-22T16:10:35.951+01:00  INFO 5507 --- [ool-3-thread-25] tourGuide.service.RewardsService         : getDistance called
2023-01-22T16:10:35.952+01:00  INFO 5507 --- [ool-3-thread-54] tourGuide.service.RewardsService         : nearAttraction called with Disneyland
2023-01-22T16:10:35.951+01:00  INFO 5507 --- [ool-3-thread-52] tourGuide.service.RewardsService         : nearAttraction called with Joshua Tree National Park
2023-01-22T16:10:35.952+01:00  INFO 5507 --- [ool-3-thread-54] tourGuide.service.RewardsService         : getDistance called
2023-01-22T16:10:35.951+01:00  INFO 5507 --- [pool-3-thread-2] tourGuide.service.RewardsService         : nearAttraction called with Hot Springs National Park
2023-01-22T16:10:35.952+01:00  INFO 5507 --- [ool-3-thread-54] tourGuide.service.RewardsService         : getRewardPoints called with Disneyland and internalUser27
2023-01-22T16:10:35.952+01:00  INFO 5507 --- [pool-3-thread-2] tourGuide.service.RewardsService         : getDistance called
2023-01-22T16:10:35.951+01:00  INFO 5507 --- [ool-3-thread-55] tourGuide.service.RewardsService         : getDistance called
2023-01-22T16:10:35.951+01:00  INFO 5507 --- [ool-3-thread-56] tourGuide.service.RewardsService         : nearAttraction called with Legend Valley
2023-01-22T16:10:35.952+01:00  INFO 5507 --- [ool-3-thread-55] tourGuide.service.RewardsService         : nearAttraction called with Mojave National Preserve
2023-01-22T16:10:35.952+01:00  INFO 5507 --- [ool-3-thread-56] tourGuide.service.RewardsService         : getDistance called
2023-01-22T16:10:35.952+01:00  INFO 5507 --- [ool-3-thread-55] tourGuide.service.RewardsService         : getDistance called
2023-01-22T16:10:35.951+01:00  INFO 5507 --- [ool-3-thread-35] tourGuide.service.RewardsService         : getDistance called
2023-01-22T16:10:35.952+01:00  INFO 5507 --- [ool-3-thread-55] tourGuide.service.RewardsService         : nearAttraction called with Buffalo National River
2023-01-22T16:10:35.951+01:00  INFO 5507 --- [ool-3-thread-64] tourGuide.service.RewardsService         : nearAttraction called with McKinley Tower
2023-01-22T16:10:35.951+01:00  INFO 5507 --- [ool-3-thread-19] tourGuide.service.RewardsService         : getDistance called
2023-01-22T16:10:35.952+01:00  INFO 5507 --- [ool-3-thread-64] tourGuide.service.RewardsService         : getDistance called
2023-01-22T16:10:35.951+01:00  INFO 5507 --- [pool-3-thread-5] tourGuide.service.RewardsService         : nearAttraction called with Flatiron Building
2023-01-22T16:10:35.951+01:00  INFO 5507 --- [ool-3-thread-40] tourGuide.service.RewardsService         : nearAttraction called with Fallingwater
2023-01-22T16:10:35.951+01:00  INFO 5507 --- [ool-3-thread-63] tourGuide.service.RewardsService         : getDistance called
2023-01-22T16:10:35.951+01:00  INFO 5507 --- [ool-3-thread-43] tourGuide.service.RewardsService         : nearAttraction called with Bryant-Denny Stadium
2023-01-22T16:10:35.951+01:00  INFO 5507 --- [ool-3-thread-51] tourGuide.service.RewardsService         : getDistance called
2023-01-22T16:10:35.952+01:00  INFO 5507 --- [pool-3-thread-6] tourGuide.service.RewardsService         : getDistance called
2023-01-22T16:10:35.952+01:00  INFO 5507 --- [ool-3-thread-31] tourGuide.service.RewardsService         : getDistance called
2023-01-22T16:10:35.952+01:00  INFO 5507 --- [pool-3-thread-6] tourGuide.service.RewardsService         : nearAttraction called with Flatiron Building
2023-01-22T16:10:35.952+01:00  INFO 5507 --- [pool-3-thread-6] tourGuide.service.RewardsService         : getDistance called
2023-01-22T16:10:35.952+01:00  INFO 5507 --- [ool-3-thread-67] tourGuide.service.RewardsService         : nearAttraction called with San Diego Zoo
2023-01-22T16:10:35.952+01:00  INFO 5507 --- [ool-3-thread-12] tourGuide.service.RewardsService         : nearAttraction called with Kyle Field
2023-01-22T16:10:35.952+01:00  INFO 5507 --- [ool-3-thread-13] tourGuide.service.RewardsService         : getDistance called
2023-01-22T16:10:35.952+01:00  INFO 5507 --- [ool-3-thread-12] tourGuide.service.RewardsService         : getDistance called
2023-01-22T16:10:35.952+01:00  INFO 5507 --- [ool-3-thread-32] tourGuide.service.RewardsService         : getDistance called
2023-01-22T16:10:35.952+01:00  INFO 5507 --- [ool-3-thread-12] tourGuide.service.RewardsService         : nearAttraction called with Texas Memorial Stadium
2023-01-22T16:10:35.952+01:00  INFO 5507 --- [ool-3-thread-45] tourGuide.service.RewardsService         : getDistance called
2023-01-22T16:10:35.952+01:00  INFO 5507 --- [ool-3-thread-15] tourGuide.service.RewardsService         : getDistance called
2023-01-22T16:10:35.952+01:00  INFO 5507 --- [ool-3-thread-45] tourGuide.service.RewardsService         : nearAttraction called with Tiger Stadium
2023-01-22T16:10:35.952+01:00  INFO 5507 --- [ool-3-thread-18] tourGuide.service.RewardsService         : getDistance called
2023-01-22T16:10:35.952+01:00  INFO 5507 --- [ool-3-thread-25] tourGuide.service.RewardsService         : getRewardPoints called with Disneyland and internalUser93
2023-01-22T16:10:35.953+01:00  INFO 5507 --- [ool-3-thread-18] tourGuide.service.RewardsService         : nearAttraction called with Kyle Field
2023-01-22T16:10:35.952+01:00  INFO 5507 --- [ool-3-thread-52] tourGuide.service.RewardsService         : getDistance called
2023-01-22T16:10:35.953+01:00  INFO 5507 --- [ool-3-thread-18] tourGuide.service.RewardsService         : getDistance called
2023-01-22T16:10:35.952+01:00  INFO 5507 --- [pool-3-thread-2] tourGuide.service.RewardsService         : nearAttraction called with Jackson Hole
2023-01-22T16:10:35.953+01:00  INFO 5507 --- [ool-3-thread-18] tourGuide.service.RewardsService         : nearAttraction called with Zoo Tampa at Lowry Park
2023-01-22T16:10:35.953+01:00  INFO 5507 --- [pool-3-thread-2] tourGuide.service.RewardsService         : getDistance called
2023-01-22T16:10:35.953+01:00  INFO 5507 --- [ool-3-thread-18] tourGuide.service.RewardsService         : getDistance called
2023-01-22T16:10:35.952+01:00  INFO 5507 --- [ool-3-thread-56] tourGuide.service.RewardsService         : nearAttraction called with Joshua Tree National Park
2023-01-22T16:10:35.953+01:00  INFO 5507 --- [pool-3-thread-2] tourGuide.service.RewardsService         : nearAttraction called with Franklin Park Zoo
2023-01-22T16:10:35.953+01:00  INFO 5507 --- [ool-3-thread-56] tourGuide.service.RewardsService         : getDistance called
2023-01-22T16:10:35.953+01:00  INFO 5507 --- [pool-3-thread-2] tourGuide.service.RewardsService         : getDistance called
2023-01-22T16:10:35.952+01:00  INFO 5507 --- [ool-3-thread-55] tourGuide.service.RewardsService         : getDistance called
2023-01-22T16:10:35.952+01:00  INFO 5507 --- [ool-3-thread-35] tourGuide.service.RewardsService         : nearAttraction called with Hot Springs National Park
2023-01-22T16:10:35.953+01:00  INFO 5507 --- [ool-3-thread-55] tourGuide.service.RewardsService         : nearAttraction called with Cinderella Castle
2023-01-22T16:10:35.953+01:00  INFO 5507 --- [ool-3-thread-35] tourGuide.service.RewardsService         : getDistance called
2023-01-22T16:10:35.952+01:00  INFO 5507 --- [ool-3-thread-19] tourGuide.service.RewardsService         : nearAttraction called with Kartchner Caverns State Park
2023-01-22T16:10:35.952+01:00  INFO 5507 --- [ool-3-thread-64] tourGuide.service.RewardsService         : nearAttraction called with Legend Valley
2023-01-22T16:10:35.953+01:00  INFO 5507 --- [ool-3-thread-19] tourGuide.service.RewardsService         : getDistance called
2023-01-22T16:10:35.952+01:00  INFO 5507 --- [pool-3-thread-5] tourGuide.service.RewardsService         : getDistance called
2023-01-22T16:10:35.952+01:00  INFO 5507 --- [ool-3-thread-40] tourGuide.service.RewardsService         : getDistance called
2023-01-22T16:10:35.953+01:00  INFO 5507 --- [pool-3-thread-5] tourGuide.service.RewardsService         : nearAttraction called with Mojave National Preserve
2023-01-22T16:10:35.952+01:00  INFO 5507 --- [ool-3-thread-63] tourGuide.service.RewardsService         : nearAttraction called with Flowers Bakery of London
2023-01-22T16:10:35.952+01:00  INFO 5507 --- [ool-3-thread-43] tourGuide.service.RewardsService         : getDistance called
2023-01-22T16:10:35.952+01:00  INFO 5507 --- [ool-3-thread-51] tourGuide.service.RewardsService         : nearAttraction called with McKinley Tower
2023-01-22T16:10:35.953+01:00  INFO 5507 --- [ool-3-thread-43] tourGuide.service.RewardsService         : nearAttraction called with Buffalo National River
2023-01-22T16:10:35.953+01:00  INFO 5507 --- [ool-3-thread-51] tourGuide.service.RewardsService         : getDistance called
2023-01-22T16:10:35.953+01:00  INFO 5507 --- [ool-3-thread-43] tourGuide.service.RewardsService         : getDistance called
2023-01-22T16:10:35.952+01:00  INFO 5507 --- [ool-3-thread-31] tourGuide.service.RewardsService         : nearAttraction called with Fallingwater
2023-01-22T16:10:35.953+01:00  INFO 5507 --- [ool-3-thread-51] tourGuide.service.RewardsService         : nearAttraction called with Hot Springs National Park
2023-01-22T16:10:35.953+01:00  INFO 5507 --- [ool-3-thread-31] tourGuide.service.RewardsService         : getDistance called
2023-01-22T16:10:35.953+01:00  INFO 5507 --- [ool-3-thread-51] tourGuide.service.RewardsService         : getDistance called
2023-01-22T16:10:35.952+01:00  INFO 5507 --- [pool-3-thread-6] tourGuide.service.RewardsService         : nearAttraction called with Union Station
2023-01-22T16:10:35.952+01:00  INFO 5507 --- [ool-3-thread-67] tourGuide.service.RewardsService         : getDistance called
2023-01-22T16:10:35.953+01:00  INFO 5507 --- [pool-3-thread-6] tourGuide.service.RewardsService         : getDistance called
2023-01-22T16:10:35.952+01:00  INFO 5507 --- [ool-3-thread-13] tourGuide.service.RewardsService         : nearAttraction called with Roger Dean Stadium
2023-01-22T16:10:35.953+01:00  INFO 5507 --- [ool-3-thread-67] tourGuide.service.RewardsService         : nearAttraction called with McKinley Tower
2023-01-22T16:10:35.953+01:00  INFO 5507 --- [ool-3-thread-13] tourGuide.service.RewardsService         : getDistance called
2023-01-22T16:10:35.953+01:00  INFO 5507 --- [ool-3-thread-67] tourGuide.service.RewardsService         : getDistance called
2023-01-22T16:10:35.952+01:00  INFO 5507 --- [ool-3-thread-32] tourGuide.service.RewardsService         : nearAttraction called with Bryant-Denny Stadium
2023-01-22T16:10:35.953+01:00  INFO 5507 --- [ool-3-thread-67] tourGuide.service.RewardsService         : nearAttraction called with Union Station
2023-01-22T16:10:35.953+01:00  INFO 5507 --- [ool-3-thread-32] tourGuide.service.RewardsService         : getDistance called
2023-01-22T16:10:35.953+01:00  INFO 5507 --- [ool-3-thread-67] tourGuide.service.RewardsService         : getDistance called
2023-01-22T16:10:35.953+01:00  INFO 5507 --- [ool-3-thread-32] tourGuide.service.RewardsService         : nearAttraction called with Roger Dean Stadium
2023-01-22T16:10:35.952+01:00  INFO 5507 --- [ool-3-thread-12] tourGuide.service.RewardsService         : getDistance called
2023-01-22T16:10:35.952+01:00  INFO 5507 --- [ool-3-thread-15] tourGuide.service.RewardsService         : nearAttraction called with Neyland Stadium
2023-01-22T16:10:35.953+01:00  INFO 5507 --- [ool-3-thread-45] tourGuide.service.RewardsService         : getDistance called
2023-01-22T16:10:35.953+01:00  INFO 5507 --- [ool-3-thread-52] tourGuide.service.RewardsService         : nearAttraction called with San Diego Zoo
2023-01-22T16:10:35.953+01:00  INFO 5507 --- [ool-3-thread-45] tourGuide.service.RewardsService         : nearAttraction called with Tiger Stadium
2023-01-22T16:10:35.953+01:00  INFO 5507 --- [ool-3-thread-52] tourGuide.service.RewardsService         : getDistance called
2023-01-22T16:10:35.953+01:00  INFO 5507 --- [ool-3-thread-45] tourGuide.service.RewardsService         : getDistance called
2023-01-22T16:10:35.953+01:00  INFO 5507 --- [ool-3-thread-18] tourGuide.service.RewardsService         : nearAttraction called with El Paso Zoo
2023-01-22T16:10:35.953+01:00  INFO 5507 --- [ool-3-thread-45] tourGuide.service.RewardsService         : nearAttraction called with Kyle Field
2023-01-22T16:10:35.953+01:00  INFO 5507 --- [ool-3-thread-18] tourGuide.service.RewardsService         : getDistance called
2023-01-22T16:10:35.953+01:00  INFO 5507 --- [ool-3-thread-56] tourGuide.service.RewardsService         : nearAttraction called with Kansas City Zoo
2023-01-22T16:10:35.953+01:00  INFO 5507 --- [ool-3-thread-18] tourGuide.service.RewardsService         : nearAttraction called with San Diego Zoo
2023-01-22T16:10:35.953+01:00  INFO 5507 --- [pool-3-thread-2] tourGuide.service.RewardsService         : nearAttraction called with Bronx Zoo
2023-01-22T16:10:35.953+01:00  INFO 5507 --- [ool-3-thread-55] tourGuide.service.RewardsService         : getDistance called
2023-01-22T16:10:35.953+01:00  INFO 5507 --- [ool-3-thread-35] tourGuide.service.RewardsService         : nearAttraction called with Disneyland
2023-01-22T16:10:35.954+01:00  INFO 5507 --- [pool-3-thread-2] tourGuide.service.RewardsService         : getDistance called
2023-01-22T16:10:35.953+01:00  INFO 5507 --- [ool-3-thread-64] tourGuide.service.RewardsService         : getDistance called
2023-01-22T16:10:35.954+01:00  INFO 5507 --- [pool-3-thread-2] tourGuide.service.RewardsService         : nearAttraction called with Franklin Park Zoo
2023-01-22T16:10:35.953+01:00  INFO 5507 --- [ool-3-thread-19] tourGuide.service.RewardsService         : nearAttraction called with Jackson Hole
2023-01-22T16:10:35.953+01:00  INFO 5507 --- [ool-3-thread-40] tourGuide.service.RewardsService         : nearAttraction called with Joshua Tree National Park
2023-01-22T16:10:35.953+01:00  INFO 5507 --- [pool-3-thread-5] tourGuide.service.RewardsService         : getDistance called
2023-01-22T16:10:35.953+01:00  INFO 5507 --- [ool-3-thread-63] tourGuide.service.RewardsService         : getDistance called
2023-01-22T16:10:35.954+01:00  INFO 5507 --- [pool-3-thread-5] tourGuide.service.RewardsService         : nearAttraction called with Kansas City Zoo
2023-01-22T16:10:35.953+01:00  INFO 5507 --- [ool-3-thread-43] tourGuide.service.RewardsService         : nearAttraction called with Kartchner Caverns State Park
2023-01-22T16:10:35.953+01:00  INFO 5507 --- [ool-3-thread-31] tourGuide.service.RewardsService         : nearAttraction called with Legend Valley
2023-01-22T16:10:35.953+01:00  INFO 5507 --- [ool-3-thread-51] tourGuide.service.RewardsService         : nearAttraction called with Flowers Bakery of London
2023-01-22T16:10:35.953+01:00  INFO 5507 --- [pool-3-thread-6] tourGuide.service.RewardsService         : nearAttraction called with Flatiron Building
2023-01-22T16:10:35.954+01:00  INFO 5507 --- [ool-3-thread-51] tourGuide.service.RewardsService         : getDistance called
2023-01-22T16:10:35.953+01:00  INFO 5507 --- [ool-3-thread-13] tourGuide.service.RewardsService         : nearAttraction called with Fallingwater
2023-01-22T16:10:35.953+01:00  INFO 5507 --- [ool-3-thread-67] tourGuide.service.RewardsService         : nearAttraction called with Texas Memorial Stadium
2023-01-22T16:10:35.954+01:00  INFO 5507 --- [ool-3-thread-13] tourGuide.service.RewardsService         : getDistance called
2023-01-22T16:10:35.953+01:00  INFO 5507 --- [ool-3-thread-32] tourGuide.service.RewardsService         : getDistance called
2023-01-22T16:10:35.953+01:00  INFO 5507 --- [ool-3-thread-12] tourGuide.service.RewardsService         : nearAttraction called with Bryant-Denny Stadium
2023-01-22T16:10:35.954+01:00  INFO 5507 --- [ool-3-thread-32] tourGuide.service.RewardsService         : nearAttraction called with Jackson Hole
2023-01-22T16:10:35.953+01:00  INFO 5507 --- [ool-3-thread-15] tourGuide.service.RewardsService         : getDistance called
2023-01-22T16:10:35.953+01:00  INFO 5507 --- [ool-3-thread-52] tourGuide.service.RewardsService         : nearAttraction called with Neyland Stadium
2023-01-22T16:10:35.954+01:00  INFO 5507 --- [ool-3-thread-15] tourGuide.service.RewardsService         : nearAttraction called with Mojave National Preserve
2023-01-22T16:10:35.953+01:00  INFO 5507 --- [ool-3-thread-45] tourGuide.service.RewardsService         : getDistance called
2023-01-22T16:10:35.953+01:00  INFO 5507 --- [ool-3-thread-56] tourGuide.service.RewardsService         : getDistance called
2023-01-22T16:10:35.954+01:00  INFO 5507 --- [ool-3-thread-45] tourGuide.service.RewardsService         : nearAttraction called with Joshua Tree National Park
2023-01-22T16:10:35.954+01:00  INFO 5507 --- [ool-3-thread-56] tourGuide.service.RewardsService         : nearAttraction called with Buffalo National River
2023-01-22T16:10:35.954+01:00  INFO 5507 --- [ool-3-thread-45] tourGuide.service.RewardsService         : getDistance called
2023-01-22T16:10:35.954+01:00  INFO 5507 --- [ool-3-thread-56] tourGuide.service.RewardsService         : getDistance called
2023-01-22T16:10:35.953+01:00  INFO 5507 --- [ool-3-thread-18] tourGuide.service.RewardsService         : getDistance called
2023-01-22T16:10:35.954+01:00  INFO 5507 --- [ool-3-thread-56] tourGuide.service.RewardsService         : nearAttraction called with Kartchner Caverns State Park
2023-01-22T16:10:35.954+01:00  INFO 5507 --- [ool-3-thread-18] tourGuide.service.RewardsService         : nearAttraction called with Legend Valley
2023-01-22T16:10:35.954+01:00  INFO 5507 --- [ool-3-thread-55] tourGuide.service.RewardsService         : nearAttraction called with Zoo Tampa at Lowry Park
2023-01-22T16:10:35.954+01:00  INFO 5507 --- [ool-3-thread-35] tourGuide.service.RewardsService         : getDistance called
2023-01-22T16:10:35.954+01:00  INFO 5507 --- [ool-3-thread-55] tourGuide.service.RewardsService         : getDistance called
2023-01-22T16:10:35.954+01:00  INFO 5507 --- [pool-3-thread-2] tourGuide.service.RewardsService         : getDistance called
2023-01-22T16:10:35.954+01:00  INFO 5507 --- [ool-3-thread-55] tourGuide.service.RewardsService         : nearAttraction called with Flowers Bakery of London
2023-01-22T16:10:35.954+01:00  INFO 5507 --- [ool-3-thread-64] tourGuide.service.RewardsService         : nearAttraction called with El Paso Zoo
2023-01-22T16:10:35.954+01:00  INFO 5507 --- [ool-3-thread-19] tourGuide.service.RewardsService         : getDistance called
2023-01-22T16:10:35.954+01:00  INFO 5507 --- [ool-3-thread-40] tourGuide.service.RewardsService         : getDistance called
2023-01-22T16:10:35.954+01:00  INFO 5507 --- [ool-3-thread-19] tourGuide.service.RewardsService         : nearAttraction called with Flatiron Building
2023-01-22T16:10:35.954+01:00  INFO 5507 --- [ool-3-thread-63] tourGuide.service.RewardsService         : nearAttraction called with Bronx Zoo
2023-01-22T16:10:35.954+01:00  INFO 5507 --- [pool-3-thread-5] tourGuide.service.RewardsService         : getDistance called
2023-01-22T16:10:35.954+01:00  INFO 5507 --- [ool-3-thread-43] tourGuide.service.RewardsService         : getDistance called
2023-01-22T16:10:35.954+01:00  INFO 5507 --- [ool-3-thread-31] tourGuide.service.RewardsService         : getDistance called
2023-01-22T16:10:35.954+01:00  INFO 5507 --- [ool-3-thread-43] tourGuide.service.RewardsService         : nearAttraction called with Roger Dean Stadium
2023-01-22T16:10:35.954+01:00  INFO 5507 --- [pool-3-thread-6] tourGuide.service.RewardsService         : getDistance called
2023-01-22T16:10:35.954+01:00  INFO 5507 --- [ool-3-thread-51] tourGuide.service.RewardsService         : nearAttraction called with Cinderella Castle
2023-01-22T16:10:35.954+01:00  INFO 5507 --- [pool-3-thread-6] tourGuide.service.RewardsService         : nearAttraction called with Bryant-Denny Stadium
2023-01-22T16:10:35.954+01:00  INFO 5507 --- [ool-3-thread-51] tourGuide.service.RewardsService         : getDistance called
2023-01-22T16:10:35.954+01:00  INFO 5507 --- [pool-3-thread-6] tourGuide.service.RewardsService         : getDistance called
2023-01-22T16:10:35.954+01:00  INFO 5507 --- [ool-3-thread-67] tourGuide.service.RewardsService         : getDistance called
2023-01-22T16:10:35.954+01:00  INFO 5507 --- [ool-3-thread-51] tourGuide.service.RewardsService         : nearAttraction called with Tiger Stadium
2023-01-22T16:10:35.954+01:00  INFO 5507 --- [ool-3-thread-13] tourGuide.service.RewardsService         : nearAttraction called with Disneyland
2023-01-22T16:10:35.954+01:00  INFO 5507 --- [ool-3-thread-12] tourGuide.service.RewardsService         : getDistance called
2023-01-22T16:10:35.954+01:00  INFO 5507 --- [ool-3-thread-32] tourGuide.service.RewardsService         : getDistance called
2023-01-22T16:10:35.954+01:00  INFO 5507 --- [ool-3-thread-52] tourGuide.service.RewardsService         : getDistance called
2023-01-22T16:10:35.955+01:00  INFO 5507 --- [ool-3-thread-32] tourGuide.service.RewardsService         : nearAttraction called with Zoo Tampa at Lowry Park
2023-01-22T16:10:35.954+01:00  INFO 5507 --- [ool-3-thread-15] tourGuide.service.RewardsService         : getDistance called
2023-01-22T16:10:35.955+01:00  INFO 5507 --- [ool-3-thread-32] tourGuide.service.RewardsService         : getDistance called
2023-01-22T16:10:35.954+01:00  INFO 5507 --- [ool-3-thread-45] tourGuide.service.RewardsService         : nearAttraction called with Hot Springs National Park
2023-01-22T16:10:35.955+01:00  INFO 5507 --- [ool-3-thread-15] tourGuide.service.RewardsService         : nearAttraction called with El Paso Zoo
2023-01-22T16:10:35.955+01:00  INFO 5507 --- [ool-3-thread-32] tourGuide.service.RewardsService         : nearAttraction called with Kansas City Zoo
2023-01-22T16:10:35.955+01:00  INFO 5507 --- [ool-3-thread-45] tourGuide.service.RewardsService         : getDistance called
2023-01-22T16:10:35.955+01:00  INFO 5507 --- [ool-3-thread-32] tourGuide.service.RewardsService         : getDistance called
2023-01-22T16:10:35.955+01:00  INFO 5507 --- [ool-3-thread-45] tourGuide.service.RewardsService         : nearAttraction called with Bronx Zoo
2023-01-22T16:10:35.954+01:00  INFO 5507 --- [ool-3-thread-56] tourGuide.service.RewardsService         : getDistance called
2023-01-22T16:10:35.954+01:00  INFO 5507 --- [ool-3-thread-18] tourGuide.service.RewardsService         : getDistance called
2023-01-22T16:10:35.955+01:00  INFO 5507 --- [ool-3-thread-56] tourGuide.service.RewardsService         : nearAttraction called with Disneyland
2023-01-22T16:10:35.954+01:00  INFO 5507 --- [ool-3-thread-35] tourGuide.service.RewardsService         : getRewardPoints called with Disneyland and internalUser26
2023-01-22T16:10:35.954+01:00  INFO 5507 --- [pool-3-thread-2] tourGuide.service.RewardsService         : nearAttraction called with McKinley Tower
2023-01-22T16:10:35.954+01:00  INFO 5507 --- [ool-3-thread-55] tourGuide.service.RewardsService         : getDistance called
2023-01-22T16:10:35.954+01:00  INFO 5507 --- [ool-3-thread-64] tourGuide.service.RewardsService         : getDistance called
2023-01-22T16:10:35.955+01:00  INFO 5507 --- [ool-3-thread-55] tourGuide.service.RewardsService         : nearAttraction called with Mojave National Preserve
2023-01-22T16:10:35.954+01:00  INFO 5507 --- [ool-3-thread-40] tourGuide.service.RewardsService         : nearAttraction called with Fallingwater
2023-01-22T16:10:35.954+01:00  INFO 5507 --- [ool-3-thread-19] tourGuide.service.RewardsService         : getDistance called
2023-01-22T16:10:35.955+01:00  INFO 5507 --- [ool-3-thread-40] tourGuide.service.RewardsService         : getDistance called
2023-01-22T16:10:35.954+01:00  INFO 5507 --- [ool-3-thread-63] tourGuide.service.RewardsService         : getDistance called
2023-01-22T16:10:35.955+01:00  INFO 5507 --- [ool-3-thread-19] tourGuide.service.RewardsService         : nearAttraction called with Buffalo National River
2023-01-22T16:10:35.955+01:00  INFO 5507 --- [ool-3-thread-40] tourGuide.service.RewardsService         : nearAttraction called with Hot Springs National Park
2023-01-22T16:10:35.955+01:00  INFO 5507 --- [ool-3-thread-63] tourGuide.service.RewardsService         : nearAttraction called with Kartchner Caverns State Park
2023-01-22T16:10:35.955+01:00  INFO 5507 --- [ool-3-thread-40] tourGuide.service.RewardsService         : getDistance called
2023-01-22T16:10:35.954+01:00  INFO 5507 --- [pool-3-thread-5] tourGuide.service.RewardsService         : nearAttraction called with Union Station
2023-01-22T16:10:35.954+01:00  INFO 5507 --- [ool-3-thread-43] tourGuide.service.RewardsService         : getDistance called
2023-01-22T16:10:35.954+01:00  INFO 5507 --- [ool-3-thread-31] tourGuide.service.RewardsService         : nearAttraction called with Texas Memorial Stadium
2023-01-22T16:10:35.955+01:00  INFO 5507 --- [ool-3-thread-43] tourGuide.service.RewardsService         : nearAttraction called with Flowers Bakery of London
2023-01-22T16:10:35.955+01:00  INFO 5507 --- [pool-3-thread-6] tourGuide.service.RewardsService         : nearAttraction called with Neyland Stadium
2023-01-22T16:10:35.955+01:00  INFO 5507 --- [ool-3-thread-67] tourGuide.service.RewardsService         : nearAttraction called with Kyle Field
2023-01-22T16:10:35.955+01:00  INFO 5507 --- [ool-3-thread-51] tourGuide.service.RewardsService         : getDistance called
2023-01-22T16:10:35.955+01:00  INFO 5507 --- [ool-3-thread-13] tourGuide.service.RewardsService         : getDistance called
2023-01-22T16:10:35.955+01:00  INFO 5507 --- [ool-3-thread-51] tourGuide.service.RewardsService         : nearAttraction called with McKinley Tower
2023-01-22T16:10:35.955+01:00  INFO 5507 --- [ool-3-thread-13] tourGuide.service.RewardsService         : getRewardPoints called with Disneyland and internalUser29
2023-01-22T16:10:35.955+01:00  INFO 5507 --- [ool-3-thread-51] tourGuide.service.RewardsService         : getDistance called
2023-01-22T16:10:35.955+01:00  INFO 5507 --- [ool-3-thread-12] tourGuide.service.RewardsService         : nearAttraction called with San Diego Zoo
2023-01-22T16:10:35.955+01:00  INFO 5507 --- [ool-3-thread-52] tourGuide.service.RewardsService         : nearAttraction called with Franklin Park Zoo
2023-01-22T16:10:35.955+01:00  INFO 5507 --- [ool-3-thread-36] tourGuide.service.RewardsService         : Rewards of internalUser74 calculated by calculateRewards
2023-01-22T16:10:35.955+01:00  INFO 5507 --- [ool-3-thread-52] tourGuide.service.RewardsService         : getDistance called
2023-01-22T16:10:35.955+01:00  INFO 5507 --- [ool-3-thread-36] tourGuide.service.RewardsService         : nearAttraction called with Fallingwater
2023-01-22T16:10:35.955+01:00  INFO 5507 --- [ool-3-thread-15] tourGuide.service.RewardsService         : getDistance called
2023-01-22T16:10:35.955+01:00  INFO 5507 --- [ool-3-thread-52] tourGuide.service.RewardsService         : nearAttraction called with Union Station
2023-01-22T16:10:35.955+01:00  INFO 5507 --- [ool-3-thread-32] tourGuide.service.RewardsService         : nearAttraction called with Cinderella Castle
2023-01-22T16:10:35.955+01:00  INFO 5507 --- [ool-3-thread-52] tourGuide.service.RewardsService         : getDistance called
2023-01-22T16:10:35.955+01:00  INFO 5507 --- [ool-3-thread-45] tourGuide.service.RewardsService         : getDistance called
2023-01-22T16:10:35.955+01:00  INFO 5507 --- [ool-3-thread-52] tourGuide.service.RewardsService         : nearAttraction called with Texas Memorial Stadium
2023-01-22T16:10:35.955+01:00  INFO 5507 --- [ool-3-thread-18] tourGuide.service.RewardsService         : nearAttraction called with Jackson Hole
2023-01-22T16:10:35.955+01:00  INFO 5507 --- [ool-3-thread-45] tourGuide.service.RewardsService         : nearAttraction called with Bryant-Denny Stadium
2023-01-22T16:10:35.955+01:00  INFO 5507 --- [ool-3-thread-56] tourGuide.service.RewardsService         : getDistance called
2023-01-22T16:10:35.956+01:00  INFO 5507 --- [ool-3-thread-18] tourGuide.service.RewardsService         : getDistance called
2023-01-22T16:10:35.956+01:00  INFO 5507 --- [ool-3-thread-45] tourGuide.service.RewardsService         : getDistance called
2023-01-22T16:10:35.956+01:00  INFO 5507 --- [ool-3-thread-18] tourGuide.service.RewardsService         : nearAttraction called with Tiger Stadium
2023-01-22T16:10:35.955+01:00  INFO 5507 --- [pool-3-thread-2] tourGuide.service.RewardsService         : getDistance called
2023-01-22T16:10:35.955+01:00  INFO 5507 --- [ool-3-thread-64] tourGuide.service.RewardsService         : nearAttraction called with Joshua Tree National Park
2023-01-22T16:10:35.955+01:00  INFO 5507 --- [ool-3-thread-55] tourGuide.service.RewardsService         : getDistance called
2023-01-22T16:10:35.956+01:00  INFO 5507 --- [ool-3-thread-64] tourGuide.service.RewardsService         : getDistance called
2023-01-22T16:10:35.955+01:00  INFO 5507 --- [ool-3-thread-19] tourGuide.service.RewardsService         : getDistance called
2023-01-22T16:10:35.956+01:00  INFO 5507 --- [ool-3-thread-64] tourGuide.service.RewardsService         : nearAttraction called with Zoo Tampa at Lowry Park
2023-01-22T16:10:35.955+01:00  INFO 5507 --- [ool-3-thread-63] tourGuide.service.RewardsService         : getDistance called
2023-01-22T16:10:35.955+01:00  INFO 5507 --- [ool-3-thread-40] tourGuide.service.RewardsService         : nearAttraction called with Legend Valley
2023-01-22T16:10:35.956+01:00  INFO 5507 --- [ool-3-thread-63] tourGuide.service.RewardsService         : nearAttraction called with El Paso Zoo
2023-01-22T16:10:35.956+01:00  INFO 5507 --- [ool-3-thread-40] tourGuide.service.RewardsService         : getDistance called
2023-01-22T16:10:35.956+01:00  INFO 5507 --- [ool-3-thread-63] tourGuide.service.RewardsService         : getDistance called
2023-01-22T16:10:35.955+01:00  INFO 5507 --- [pool-3-thread-5] tourGuide.service.RewardsService         : getDistance called
2023-01-22T16:10:35.956+01:00  INFO 5507 --- [ool-3-thread-63] tourGuide.service.RewardsService         : nearAttraction called with Bronx Zoo
2023-01-22T16:10:35.955+01:00  INFO 5507 --- [ool-3-thread-31] tourGuide.service.RewardsService         : getDistance called
2023-01-22T16:10:35.956+01:00  INFO 5507 --- [pool-3-thread-5] tourGuide.service.RewardsService         : nearAttraction called with Cinderella Castle
2023-01-22T16:10:35.955+01:00  INFO 5507 --- [ool-3-thread-43] tourGuide.service.RewardsService         : getDistance called
2023-01-22T16:10:35.955+01:00  INFO 5507 --- [pool-3-thread-6] tourGuide.service.RewardsService         : getDistance called
2023-01-22T16:10:35.955+01:00  INFO 5507 --- [ool-3-thread-67] tourGuide.service.RewardsService         : getDistance called
2023-01-22T16:10:35.955+01:00  INFO 5507 --- [ool-3-thread-51] tourGuide.service.RewardsService         : nearAttraction called with Flatiron Building
2023-01-22T16:10:35.956+01:00  INFO 5507 --- [ool-3-thread-67] tourGuide.service.RewardsService         : nearAttraction called with Joshua Tree National Park
2023-01-22T16:10:35.955+01:00  INFO 5507 --- [ool-3-thread-12] tourGuide.service.RewardsService         : getDistance called
2023-01-22T16:10:35.955+01:00  INFO 5507 --- [ool-3-thread-36] tourGuide.service.RewardsService         : getDistance called
2023-01-22T16:10:35.955+01:00  INFO 5507 --- [ool-3-thread-15] tourGuide.service.RewardsService         : nearAttraction called with Roger Dean Stadium
2023-01-22T16:10:35.956+01:00  INFO 5507 --- [ool-3-thread-36] tourGuide.service.RewardsService         : nearAttraction called with Hot Springs National Park
2023-01-22T16:10:35.955+01:00  INFO 5507 --- [ool-3-thread-32] tourGuide.service.RewardsService         : getDistance called
2023-01-22T16:10:35.955+01:00  INFO 5507 --- [ool-3-thread-52] tourGuide.service.RewardsService         : getDistance called
2023-01-22T16:10:35.956+01:00  INFO 5507 --- [ool-3-thread-56] tourGuide.service.RewardsService         : getRewardPoints called with Disneyland and internalUser28
2023-01-22T16:10:35.956+01:00  INFO 5507 --- [ool-3-thread-52] tourGuide.service.RewardsService         : nearAttraction called with Legend Valley
2023-01-22T16:10:35.956+01:00  INFO 5507 --- [ool-3-thread-45] tourGuide.service.RewardsService         : nearAttraction called with Neyland Stadium
2023-01-22T16:10:35.956+01:00  INFO 5507 --- [ool-3-thread-18] tourGuide.service.RewardsService         : getDistance called
2023-01-22T16:10:35.956+01:00  INFO 5507 --- [pool-3-thread-2] tourGuide.service.RewardsService         : nearAttraction called with Kyle Field
2023-01-22T16:10:35.956+01:00  INFO 5507 --- [ool-3-thread-18] tourGuide.service.RewardsService         : nearAttraction called with Flowers Bakery of London
2023-01-22T16:10:35.956+01:00  INFO 5507 --- [ool-3-thread-55] tourGuide.service.RewardsService         : nearAttraction called with San Diego Zoo
2023-01-22T16:10:35.956+01:00  INFO 5507 --- [ool-3-thread-18] tourGuide.service.RewardsService         : getDistance called
2023-01-22T16:10:35.956+01:00  INFO 5507 --- [ool-3-thread-19] tourGuide.service.RewardsService         : nearAttraction called with Franklin Park Zoo
2023-01-22T16:10:35.956+01:00  INFO 5507 --- [ool-3-thread-55] tourGuide.service.RewardsService         : getDistance called
2023-01-22T16:10:35.956+01:00  INFO 5507 --- [ool-3-thread-64] tourGuide.service.RewardsService         : getDistance called
2023-01-22T16:10:35.956+01:00  INFO 5507 --- [ool-3-thread-55] tourGuide.service.RewardsService         : nearAttraction called with Flatiron Building
2023-01-22T16:10:35.956+01:00  INFO 5507 --- [ool-3-thread-40] tourGuide.service.RewardsService         : nearAttraction called with Kansas City Zoo
2023-01-22T16:10:35.956+01:00  INFO 5507 --- [ool-3-thread-63] tourGuide.service.RewardsService         : getDistance called
2023-01-22T16:10:35.956+01:00  INFO 5507 --- [ool-3-thread-31] tourGuide.service.RewardsService         : nearAttraction called with Disneyland
2023-01-22T16:10:35.956+01:00  INFO 5507 --- [ool-3-thread-63] tourGuide.service.RewardsService         : nearAttraction called with Union Station
2023-01-22T16:10:35.956+01:00  INFO 5507 --- [ool-3-thread-31] tourGuide.service.RewardsService         : getDistance called
2023-01-22T16:10:35.956+01:00  INFO 5507 --- [ool-3-thread-63] tourGuide.service.RewardsService         : getDistance called
2023-01-22T16:10:35.956+01:00  INFO 5507 --- [pool-3-thread-5] tourGuide.service.RewardsService         : getDistance called
2023-01-22T16:10:35.956+01:00  INFO 5507 --- [ool-3-thread-63] tourGuide.service.RewardsService         : nearAttraction called with Roger Dean Stadium
2023-01-22T16:10:35.956+01:00  INFO 5507 --- [pool-3-thread-5] tourGuide.service.RewardsService         : nearAttraction called with Texas Memorial Stadium
2023-01-22T16:10:35.956+01:00  INFO 5507 --- [ool-3-thread-43] tourGuide.service.RewardsService         : nearAttraction called with Jackson Hole
2023-01-22T16:10:35.956+01:00  INFO 5507 --- [pool-3-thread-6] tourGuide.service.RewardsService         : nearAttraction called with Mojave National Preserve
2023-01-22T16:10:35.956+01:00  INFO 5507 --- [ool-3-thread-43] tourGuide.service.RewardsService         : getDistance called
2023-01-22T16:10:35.956+01:00  INFO 5507 --- [ool-3-thread-51] tourGuide.service.RewardsService         : getDistance called
2023-01-22T16:10:35.956+01:00  INFO 5507 --- [ool-3-thread-67] tourGuide.service.RewardsService         : getDistance called
2023-01-22T16:10:35.956+01:00  INFO 5507 --- [ool-3-thread-12] tourGuide.service.RewardsService         : nearAttraction called with Buffalo National River
2023-01-22T16:10:35.956+01:00  INFO 5507 --- [ool-3-thread-15] tourGuide.service.RewardsService         : getDistance called
2023-01-22T16:10:35.956+01:00  INFO 5507 --- [ool-3-thread-36] tourGuide.service.RewardsService         : getDistance called
2023-01-22T16:10:35.957+01:00  INFO 5507 --- [ool-3-thread-15] tourGuide.service.RewardsService         : nearAttraction called with Kyle Field
2023-01-22T16:10:35.956+01:00  INFO 5507 --- [ool-3-thread-32] tourGuide.service.RewardsService         : nearAttraction called with Kartchner Caverns State Park
2023-01-22T16:10:35.957+01:00  INFO 5507 --- [ool-3-thread-15] tourGuide.service.RewardsService         : getDistance called
2023-01-22T16:10:35.956+01:00  INFO 5507 --- [ool-3-thread-52] tourGuide.service.RewardsService         : getDistance called
2023-01-22T16:10:35.957+01:00  INFO 5507 --- [ool-3-thread-15] tourGuide.service.RewardsService         : nearAttraction called with Zoo Tampa at Lowry Park
2023-01-22T16:10:35.956+01:00  INFO 5507 --- [ool-3-thread-45] tourGuide.service.RewardsService         : getDistance called
2023-01-22T16:10:35.956+01:00  INFO 5507 --- [pool-3-thread-2] tourGuide.service.RewardsService         : getDistance called
2023-01-22T16:10:35.957+01:00  INFO 5507 --- [ool-3-thread-45] tourGuide.service.RewardsService         : nearAttraction called with El Paso Zoo
2023-01-22T16:10:35.956+01:00  INFO 5507 --- [ool-3-thread-18] tourGuide.service.RewardsService         : nearAttraction called with McKinley Tower
2023-01-22T16:10:35.957+01:00  INFO 5507 --- [pool-3-thread-2] tourGuide.service.RewardsService         : nearAttraction called with Kansas City Zoo
2023-01-22T16:10:35.956+01:00  INFO 5507 --- [ool-3-thread-19] tourGuide.service.RewardsService         : getDistance called
2023-01-22T16:10:35.957+01:00  INFO 5507 --- [pool-3-thread-2] tourGuide.service.RewardsService         : getDistance called
2023-01-22T16:10:35.956+01:00  INFO 5507 --- [ool-3-thread-64] tourGuide.service.RewardsService         : nearAttraction called with Fallingwater
2023-01-22T16:10:35.957+01:00  INFO 5507 --- [pool-3-thread-2] tourGuide.service.RewardsService         : nearAttraction called with Cinderella Castle
2023-01-22T16:10:35.957+01:00  INFO 5507 --- [ool-3-thread-64] tourGuide.service.RewardsService         : getDistance called
2023-01-22T16:10:35.957+01:00  INFO 5507 --- [pool-3-thread-2] tourGuide.service.RewardsService         : getDistance called
2023-01-22T16:10:35.956+01:00  INFO 5507 --- [ool-3-thread-55] tourGuide.service.RewardsService         : getDistance called
2023-01-22T16:10:35.957+01:00  INFO 5507 --- [pool-3-thread-2] tourGuide.service.RewardsService         : nearAttraction called with Jackson Hole
2023-01-22T16:10:35.956+01:00  INFO 5507 --- [ool-3-thread-40] tourGuide.service.RewardsService         : getDistance called
2023-01-22T16:10:35.956+01:00  INFO 5507 --- [ool-3-thread-31] tourGuide.service.RewardsService         : getRewardPoints called with Disneyland and internalUser23
2023-01-22T16:10:35.956+01:00  INFO 5507 --- [ool-3-thread-63] tourGuide.service.RewardsService         : getDistance called
2023-01-22T16:10:35.956+01:00  INFO 5507 --- [pool-3-thread-5] tourGuide.service.RewardsService         : getDistance called
2023-01-22T16:10:35.957+01:00  INFO 5507 --- [ool-3-thread-63] tourGuide.service.RewardsService         : nearAttraction called with Buffalo National River
2023-01-22T16:10:35.957+01:00  INFO 5507 --- [pool-3-thread-6] tourGuide.service.RewardsService         : getDistance called
2023-01-22T16:10:35.957+01:00  INFO 5507 --- [ool-3-thread-63] tourGuide.service.RewardsService         : getDistance called
2023-01-22T16:10:35.957+01:00  INFO 5507 --- [ool-3-thread-43] tourGuide.service.RewardsService         : nearAttraction called with Bryant-Denny Stadium
2023-01-22T16:10:35.957+01:00  INFO 5507 --- [ool-3-thread-63] tourGuide.service.RewardsService         : nearAttraction called with Kartchner Caverns State Park
2023-01-22T16:10:35.957+01:00  INFO 5507 --- [pool-3-thread-6] tourGuide.service.RewardsService         : nearAttraction called with Legend Valley
2023-01-22T16:10:35.957+01:00  INFO 5507 --- [ool-3-thread-51] tourGuide.service.RewardsService         : nearAttraction called with Tiger Stadium
2023-01-22T16:10:35.957+01:00  INFO 5507 --- [ool-3-thread-67] tourGuide.service.RewardsService         : nearAttraction called with Neyland Stadium
2023-01-22T16:10:35.957+01:00  INFO 5507 --- [ool-3-thread-51] tourGuide.service.RewardsService         : getDistance called
2023-01-22T16:10:35.957+01:00  INFO 5507 --- [ool-3-thread-67] tourGuide.service.RewardsService         : getDistance called
2023-01-22T16:10:35.957+01:00  INFO 5507 --- [ool-3-thread-12] tourGuide.service.RewardsService         : getDistance called
2023-01-22T16:10:35.957+01:00  INFO 5507 --- [ool-3-thread-36] tourGuide.service.RewardsService         : nearAttraction called with San Diego Zoo
2023-01-22T16:10:35.957+01:00  INFO 5507 --- [ool-3-thread-12] tourGuide.service.RewardsService         : nearAttraction called with Flatiron Building
2023-01-22T16:10:35.957+01:00  INFO 5507 --- [ool-3-thread-36] tourGuide.service.RewardsService         : getDistance called
2023-01-22T16:10:35.957+01:00  INFO 5507 --- [ool-3-thread-12] tourGuide.service.RewardsService         : getDistance called
2023-01-22T16:10:35.957+01:00  INFO 5507 --- [ool-3-thread-32] tourGuide.service.RewardsService         : getDistance called
2023-01-22T16:10:35.957+01:00  INFO 5507 --- [ool-3-thread-36] tourGuide.service.RewardsService         : nearAttraction called with Fallingwater
2023-01-22T16:10:35.957+01:00  INFO 5507 --- [ool-3-thread-52] tourGuide.service.RewardsService         : nearAttraction called with Franklin Park Zoo
2023-01-22T16:10:35.957+01:00  INFO 5507 --- [ool-3-thread-15] tourGuide.service.RewardsService         : getDistance called
2023-01-22T16:10:35.957+01:00  INFO 5507 --- [ool-3-thread-45] tourGuide.service.RewardsService         : getDistance called
2023-01-22T16:10:35.957+01:00  INFO 5507 --- [ool-3-thread-15] tourGuide.service.RewardsService         : nearAttraction called with Texas Memorial Stadium
2023-01-22T16:10:35.957+01:00  INFO 5507 --- [ool-3-thread-18] tourGuide.service.RewardsService         : getDistance called
2023-01-22T16:10:35.957+01:00  INFO 5507 --- [ool-3-thread-19] tourGuide.service.RewardsService         : nearAttraction called with Bronx Zoo
2023-01-22T16:10:35.957+01:00  INFO 5507 --- [ool-3-thread-18] tourGuide.service.RewardsService         : nearAttraction called with Tiger Stadium
2023-01-22T16:10:35.957+01:00  INFO 5507 --- [ool-3-thread-19] tourGuide.service.RewardsService         : getDistance called
2023-01-22T16:10:35.957+01:00  INFO 5507 --- [ool-3-thread-18] tourGuide.service.RewardsService         : getDistance called
2023-01-22T16:10:35.957+01:00  INFO 5507 --- [ool-3-thread-64] tourGuide.service.RewardsService         : nearAttraction called with Disneyland
2023-01-22T16:10:35.957+01:00  INFO 5507 --- [ool-3-thread-18] tourGuide.service.RewardsService         : nearAttraction called with Kyle Field
2023-01-22T16:10:35.957+01:00  INFO 5507 --- [ool-3-thread-64] tourGuide.service.RewardsService         : getDistance called
2023-01-22T16:10:35.957+01:00  INFO 5507 --- [ool-3-thread-18] tourGuide.service.RewardsService         : getDistance called
2023-01-22T16:10:35.957+01:00  INFO 5507 --- [ool-3-thread-55] tourGuide.service.RewardsService         : nearAttraction called with Mojave National Preserve
2023-01-22T16:10:35.958+01:00  INFO 5507 --- [ool-3-thread-64] tourGuide.service.RewardsService         : getRewardPoints called with Disneyland and internalUser22
2023-01-22T16:10:35.958+01:00  INFO 5507 --- [ool-3-thread-55] tourGuide.service.RewardsService         : getDistance called
2023-01-22T16:10:35.957+01:00  INFO 5507 --- [pool-3-thread-2] tourGuide.service.RewardsService         : getDistance called
2023-01-22T16:10:35.958+01:00  INFO 5507 --- [ool-3-thread-55] tourGuide.service.RewardsService         : nearAttraction called with Zoo Tampa at Lowry Park
2023-01-22T16:10:35.957+01:00  INFO 5507 --- [ool-3-thread-40] tourGuide.service.RewardsService         : nearAttraction called with Joshua Tree National Park
2023-01-22T16:10:35.957+01:00  INFO 5507 --- [pool-3-thread-5] tourGuide.service.RewardsService         : nearAttraction called with Hot Springs National Park
2023-01-22T16:10:35.958+01:00  INFO 5507 --- [ool-3-thread-40] tourGuide.service.RewardsService         : getDistance called
2023-01-22T16:10:35.958+01:00  INFO 5507 --- [pool-3-thread-5] tourGuide.service.RewardsService         : getDistance called
2023-01-22T16:10:35.957+01:00  INFO 5507 --- [ool-3-thread-43] tourGuide.service.RewardsService         : getDistance called
2023-01-22T16:10:35.958+01:00  INFO 5507 --- [pool-3-thread-5] tourGuide.service.RewardsService         : nearAttraction called with Kansas City Zoo
2023-01-22T16:10:35.957+01:00  INFO 5507 --- [ool-3-thread-63] tourGuide.service.RewardsService         : getDistance called
2023-01-22T16:10:35.958+01:00  INFO 5507 --- [ool-3-thread-43] tourGuide.service.RewardsService         : nearAttraction called with Bronx Zoo
2023-01-22T16:10:35.957+01:00  INFO 5507 --- [pool-3-thread-6] tourGuide.service.RewardsService         : getDistance called
2023-01-22T16:10:35.958+01:00  INFO 5507 --- [ool-3-thread-43] tourGuide.service.RewardsService         : getDistance called
2023-01-22T16:10:35.957+01:00  INFO 5507 --- [ool-3-thread-51] tourGuide.service.RewardsService         : nearAttraction called with Flowers Bakery of London
2023-01-22T16:10:35.958+01:00  INFO 5507 --- [ool-3-thread-43] tourGuide.service.RewardsService         : nearAttraction called with Jackson Hole
2023-01-22T16:10:35.958+01:00  INFO 5507 --- [ool-3-thread-51] tourGuide.service.RewardsService         : getDistance called
2023-01-22T16:10:35.958+01:00  INFO 5507 --- [ool-3-thread-43] tourGuide.service.RewardsService         : getDistance called
2023-01-22T16:10:35.957+01:00  INFO 5507 --- [ool-3-thread-67] tourGuide.service.RewardsService         : nearAttraction called with McKinley Tower
2023-01-22T16:10:35.958+01:00  INFO 5507 --- [ool-3-thread-51] tourGuide.service.RewardsService         : nearAttraction called with Mojave National Preserve
2023-01-22T16:10:35.958+01:00  INFO 5507 --- [ool-3-thread-67] tourGuide.service.RewardsService         : getDistance called
2023-01-22T16:10:35.958+01:00  INFO 5507 --- [ool-3-thread-51] tourGuide.service.RewardsService         : getDistance called
2023-01-22T16:10:35.957+01:00  INFO 5507 --- [ool-3-thread-12] tourGuide.service.RewardsService         : nearAttraction called with Union Station
2023-01-22T16:10:35.958+01:00  INFO 5507 --- [ool-3-thread-51] tourGuide.service.RewardsService         : nearAttraction called with Hot Springs National Park
2023-01-22T16:10:35.958+01:00  INFO 5507 --- [ool-3-thread-12] tourGuide.service.RewardsService         : getDistance called
2023-01-22T16:10:35.958+01:00  INFO 5507 --- [ool-3-thread-51] tourGuide.service.RewardsService         : getDistance called
2023-01-22T16:10:35.958+01:00  INFO 5507 --- [ool-3-thread-12] tourGuide.service.RewardsService         : nearAttraction called with Kartchner Caverns State Park
2023-01-22T16:10:35.957+01:00  INFO 5507 --- [ool-3-thread-36] tourGuide.service.RewardsService         : getDistance called
2023-01-22T16:10:35.957+01:00  INFO 5507 --- [ool-3-thread-32] tourGuide.service.RewardsService         : nearAttraction called with Roger Dean Stadium
2023-01-22T16:10:35.957+01:00  INFO 5507 --- [ool-3-thread-52] tourGuide.service.RewardsService         : getDistance called
2023-01-22T16:10:35.957+01:00  INFO 5507 --- [ool-3-thread-45] tourGuide.service.RewardsService         : nearAttraction called with Bryant-Denny Stadium
2023-01-22T16:10:35.957+01:00  INFO 5507 --- [ool-3-thread-15] tourGuide.service.RewardsService         : getDistance called
2023-01-22T16:10:35.957+01:00  INFO 5507 --- [ool-3-thread-19] tourGuide.service.RewardsService         : nearAttraction called with Neyland Stadium
2023-01-22T16:10:35.958+01:00  INFO 5507 --- [ool-3-thread-18] tourGuide.service.RewardsService         : nearAttraction called with San Diego Zoo
2023-01-22T16:10:35.958+01:00  INFO 5507 --- [pool-3-thread-2] tourGuide.service.RewardsService         : nearAttraction called with Franklin Park Zoo
2023-01-22T16:10:35.958+01:00  INFO 5507 --- [ool-3-thread-55] tourGuide.service.RewardsService         : getDistance called
2023-01-22T16:10:35.958+01:00  INFO 5507 --- [ool-3-thread-40] tourGuide.service.RewardsService         : nearAttraction called with El Paso Zoo
2023-01-22T16:10:35.958+01:00  INFO 5507 --- [pool-3-thread-5] tourGuide.service.RewardsService         : getDistance called
2023-01-22T16:10:35.958+01:00  INFO 5507 --- [ool-3-thread-63] tourGuide.service.RewardsService         : nearAttraction called with Cinderella Castle
2023-01-22T16:10:35.958+01:00  INFO 5507 --- [pool-3-thread-5] tourGuide.service.RewardsService         : nearAttraction called with Union Station
2023-01-22T16:10:35.958+01:00  INFO 5507 --- [ool-3-thread-63] tourGuide.service.RewardsService         : getDistance called
2023-01-22T16:10:35.958+01:00  INFO 5507 --- [pool-3-thread-5] tourGuide.service.RewardsService         : getDistance called
2023-01-22T16:10:35.958+01:00  INFO 5507 --- [pool-3-thread-6] tourGuide.service.RewardsService         : nearAttraction called with Disneyland
2023-01-22T16:10:35.958+01:00  INFO 5507 --- [pool-3-thread-5] tourGuide.service.RewardsService         : nearAttraction called with Texas Memorial Stadium
2023-01-22T16:10:35.958+01:00  INFO 5507 --- [pool-3-thread-6] tourGuide.service.RewardsService         : getDistance called
2023-01-22T16:10:35.958+01:00  INFO 5507 --- [pool-3-thread-5] tourGuide.service.RewardsService         : getDistance called
2023-01-22T16:10:35.958+01:00  INFO 5507 --- [ool-3-thread-43] tourGuide.service.RewardsService         : nearAttraction called with Joshua Tree National Park
2023-01-22T16:10:35.958+01:00  INFO 5507 --- [pool-3-thread-6] tourGuide.service.RewardsService         : getRewardPoints called with Disneyland and internalUser25
2023-01-22T16:10:35.958+01:00  INFO 5507 --- [ool-3-thread-43] tourGuide.service.RewardsService         : getDistance called
2023-01-22T16:10:35.958+01:00  INFO 5507 --- [ool-3-thread-67] tourGuide.service.RewardsService         : nearAttraction called with Buffalo National River
2023-01-22T16:10:35.958+01:00  INFO 5507 --- [ool-3-thread-43] tourGuide.service.RewardsService         : nearAttraction called with Tiger Stadium
2023-01-22T16:10:35.958+01:00  INFO 5507 --- [ool-3-thread-67] tourGuide.service.RewardsService         : getDistance called
2023-01-22T16:10:35.958+01:00  INFO 5507 --- [ool-3-thread-43] tourGuide.service.RewardsService         : getDistance called
2023-01-22T16:10:35.958+01:00  INFO 5507 --- [ool-3-thread-12] tourGuide.service.RewardsService         : getDistance called
2023-01-22T16:10:35.958+01:00  INFO 5507 --- [ool-3-thread-67] tourGuide.service.RewardsService         : nearAttraction called with Neyland Stadium
2023-01-22T16:10:35.958+01:00  INFO 5507 --- [ool-3-thread-51] tourGuide.service.RewardsService         : nearAttraction called with Flowers Bakery of London
2023-01-22T16:10:35.958+01:00  INFO 5507 --- [ool-3-thread-36] tourGuide.service.RewardsService         : nearAttraction called with Legend Valley
2023-01-22T16:10:35.958+01:00  INFO 5507 --- [ool-3-thread-32] tourGuide.service.RewardsService         : getDistance called
2023-01-22T16:10:35.958+01:00  INFO 5507 --- [ool-3-thread-52] tourGuide.service.RewardsService         : nearAttraction called with McKinley Tower
2023-01-22T16:10:35.958+01:00  INFO 5507 --- [ool-3-thread-32] tourGuide.service.RewardsService         : nearAttraction called with Zoo Tampa at Lowry Park
2023-01-22T16:10:35.958+01:00  INFO 5507 --- [ool-3-thread-52] tourGuide.service.RewardsService         : getDistance called
2023-01-22T16:10:35.958+01:00  INFO 5507 --- [ool-3-thread-45] tourGuide.service.RewardsService         : getDistance called
2023-01-22T16:10:35.959+01:00  INFO 5507 --- [ool-3-thread-32] tourGuide.service.RewardsService         : getDistance called
2023-01-22T16:10:35.958+01:00  INFO 5507 --- [ool-3-thread-15] tourGuide.service.RewardsService         : nearAttraction called with Flatiron Building
2023-01-22T16:10:35.959+01:00  INFO 5507 --- [ool-3-thread-32] tourGuide.service.RewardsService         : nearAttraction called with Kansas City Zoo
2023-01-22T16:10:35.958+01:00  INFO 5507 --- [ool-3-thread-19] tourGuide.service.RewardsService         : getDistance called
2023-01-22T16:10:35.959+01:00  INFO 5507 --- [ool-3-thread-32] tourGuide.service.RewardsService         : getDistance called
2023-01-22T16:10:35.958+01:00  INFO 5507 --- [ool-3-thread-18] tourGuide.service.RewardsService         : getDistance called
2023-01-22T16:10:35.959+01:00  INFO 5507 --- [ool-3-thread-19] tourGuide.service.RewardsService         : nearAttraction called with Bronx Zoo
2023-01-22T16:10:35.958+01:00  INFO 5507 --- [pool-3-thread-2] tourGuide.service.RewardsService         : getDistance called
2023-01-22T16:10:35.958+01:00  INFO 5507 --- [ool-3-thread-55] tourGuide.service.RewardsService         : nearAttraction called with Fallingwater
2023-01-22T16:10:35.958+01:00  INFO 5507 --- [ool-3-thread-40] tourGuide.service.RewardsService         : getDistance called
2023-01-22T16:10:35.958+01:00  INFO 5507 --- [ool-3-thread-63] tourGuide.service.RewardsService         : nearAttraction called with Roger Dean Stadium
2023-01-22T16:10:35.958+01:00  INFO 5507 --- [pool-3-thread-5] tourGuide.service.RewardsService         : nearAttraction called with Bryant-Denny Stadium
2023-01-22T16:10:35.958+01:00  INFO 5507 --- [ool-3-thread-43] tourGuide.service.RewardsService         : nearAttraction called with Kyle Field
2023-01-22T16:10:35.958+01:00  INFO 5507 --- [ool-3-thread-12] tourGuide.service.RewardsService         : nearAttraction called with San Diego Zoo
2023-01-22T16:10:35.959+01:00  INFO 5507 --- [ool-3-thread-43] tourGuide.service.RewardsService         : getDistance called
2023-01-22T16:10:35.958+01:00  INFO 5507 --- [ool-3-thread-67] tourGuide.service.RewardsService         : getDistance called
2023-01-22T16:10:35.959+01:00  INFO 5507 --- [ool-3-thread-43] tourGuide.service.RewardsService         : nearAttraction called with Joshua Tree National Park
2023-01-22T16:10:35.958+01:00  INFO 5507 --- [ool-3-thread-51] tourGuide.service.RewardsService         : getDistance called
2023-01-22T16:10:35.958+01:00  INFO 5507 --- [ool-3-thread-36] tourGuide.service.RewardsService         : getDistance called
2023-01-22T16:10:35.959+01:00  INFO 5507 --- [ool-3-thread-51] tourGuide.service.RewardsService         : nearAttraction called with Hot Springs National Park
2023-01-22T16:10:35.959+01:00  INFO 5507 --- [ool-3-thread-52] tourGuide.service.RewardsService         : nearAttraction called with Franklin Park Zoo
2023-01-22T16:10:35.959+01:00  INFO 5507 --- [ool-3-thread-45] tourGuide.service.RewardsService         : nearAttraction called with El Paso Zoo
2023-01-22T16:10:35.959+01:00  INFO 5507 --- [ool-3-thread-52] tourGuide.service.RewardsService         : getDistance called
2023-01-22T16:10:35.959+01:00  INFO 5507 --- [ool-3-thread-45] tourGuide.service.RewardsService         : getDistance called
2023-01-22T16:10:35.959+01:00  INFO 5507 --- [ool-3-thread-15] tourGuide.service.RewardsService         : getDistance called
2023-01-22T16:10:35.959+01:00  INFO 5507 --- [ool-3-thread-52] tourGuide.service.RewardsService         : nearAttraction called with Legend Valley
2023-01-22T16:10:35.959+01:00  INFO 5507 --- [ool-3-thread-32] tourGuide.service.RewardsService         : nearAttraction called with Cinderella Castle
2023-01-22T16:10:35.959+01:00  INFO 5507 --- [ool-3-thread-19] tourGuide.service.RewardsService         : getDistance called
2023-01-22T16:10:35.959+01:00  INFO 5507 --- [ool-3-thread-18] tourGuide.service.RewardsService         : nearAttraction called with Disneyland
2023-01-22T16:10:35.959+01:00  INFO 5507 --- [ool-3-thread-19] tourGuide.service.RewardsService         : nearAttraction called with Flatiron Building
2023-01-22T16:10:35.959+01:00  INFO 5507 --- [pool-3-thread-2] tourGuide.service.RewardsService         : nearAttraction called with Jackson Hole
2023-01-22T16:10:35.959+01:00  INFO 5507 --- [ool-3-thread-55] tourGuide.service.RewardsService         : getDistance called
2023-01-22T16:10:35.959+01:00  INFO 5507 --- [ool-3-thread-63] tourGuide.service.RewardsService         : getDistance called
2023-01-22T16:10:35.959+01:00  INFO 5507 --- [ool-3-thread-40] tourGuide.service.RewardsService         : nearAttraction called with Mojave National Preserve
2023-01-22T16:10:35.959+01:00  INFO 5507 --- [ool-3-thread-63] tourGuide.service.RewardsService         : nearAttraction called with Union Station
2023-01-22T16:10:35.959+01:00  INFO 5507 --- [pool-3-thread-5] tourGuide.service.RewardsService         : getDistance called
2023-01-22T16:10:35.959+01:00  INFO 5507 --- [ool-3-thread-63] tourGuide.service.RewardsService         : getDistance called
2023-01-22T16:10:35.959+01:00  INFO 5507 --- [ool-3-thread-12] tourGuide.service.RewardsService         : getDistance called
2023-01-22T16:10:35.959+01:00  INFO 5507 --- [pool-3-thread-5] tourGuide.service.RewardsService         : nearAttraction called with Roger Dean Stadium
2023-01-22T16:10:35.959+01:00  INFO 5507 --- [ool-3-thread-67] tourGuide.service.RewardsService         : nearAttraction called with Buffalo National River
2023-01-22T16:10:35.959+01:00  INFO 5507 --- [ool-3-thread-12] tourGuide.service.RewardsService         : nearAttraction called with Bryant-Denny Stadium
2023-01-22T16:10:35.959+01:00  INFO 5507 --- [ool-3-thread-67] tourGuide.service.RewardsService         : getDistance called
2023-01-22T16:10:35.959+01:00  INFO 5507 --- [ool-3-thread-12] tourGuide.service.RewardsService         : getDistance called
2023-01-22T16:10:35.959+01:00  INFO 5507 --- [ool-3-thread-43] tourGuide.service.RewardsService         : getDistance called
2023-01-22T16:10:35.959+01:00  INFO 5507 --- [ool-3-thread-67] tourGuide.service.RewardsService         : nearAttraction called with Tiger Stadium
2023-01-22T16:10:35.959+01:00  INFO 5507 --- [ool-3-thread-36] tourGuide.service.RewardsService         : nearAttraction called with Kartchner Caverns State Park
2023-01-22T16:10:35.959+01:00  INFO 5507 --- [ool-3-thread-67] tourGuide.service.RewardsService         : getDistance called
2023-01-22T16:10:35.959+01:00  INFO 5507 --- [ool-3-thread-51] tourGuide.service.RewardsService         : getDistance called
2023-01-22T16:10:35.959+01:00  INFO 5507 --- [ool-3-thread-45] tourGuide.service.RewardsService         : nearAttraction called with Flowers Bakery of London
2023-01-22T16:10:35.959+01:00  INFO 5507 --- [ool-3-thread-15] tourGuide.service.RewardsService         : nearAttraction called with McKinley Tower
2023-01-22T16:10:35.959+01:00  INFO 5507 --- [ool-3-thread-52] tourGuide.service.RewardsService         : getDistance called
2023-01-22T16:10:35.959+01:00  INFO 5507 --- [ool-3-thread-15] tourGuide.service.RewardsService         : getDistance called
2023-01-22T16:10:35.959+01:00  INFO 5507 --- [ool-3-thread-32] tourGuide.service.RewardsService         : getDistance called
2023-01-22T16:10:35.959+01:00  INFO 5507 --- [ool-3-thread-18] tourGuide.service.RewardsService         : getDistance called
2023-01-22T16:10:35.959+01:00  INFO 5507 --- [ool-3-thread-19] tourGuide.service.RewardsService         : getDistance called
2023-01-22T16:10:35.959+01:00  INFO 5507 --- [pool-3-thread-2] tourGuide.service.RewardsService         : getDistance called
2023-01-22T16:10:35.959+01:00  INFO 5507 --- [ool-3-thread-55] tourGuide.service.RewardsService         : nearAttraction called with Fallingwater
2023-01-22T16:10:35.959+01:00  INFO 5507 --- [pool-3-thread-2] tourGuide.service.RewardsService         : nearAttraction called with Cinderella Castle
2023-01-22T16:10:35.959+01:00  INFO 5507 --- [ool-3-thread-40] tourGuide.service.RewardsService         : getDistance called
2023-01-22T16:10:35.959+01:00  INFO 5507 --- [pool-3-thread-2] tourGuide.service.RewardsService         : getDistance called
2023-01-22T16:10:35.959+01:00  INFO 5507 --- [ool-3-thread-63] tourGuide.service.RewardsService         : nearAttraction called with Texas Memorial Stadium
2023-01-22T16:10:35.959+01:00  INFO 5507 --- [pool-3-thread-5] tourGuide.service.RewardsService         : getDistance called
2023-01-22T16:10:35.959+01:00  INFO 5507 --- [ool-3-thread-12] tourGuide.service.RewardsService         : nearAttraction called with Neyland Stadium
2023-01-22T16:10:35.959+01:00  INFO 5507 --- [ool-3-thread-43] tourGuide.service.RewardsService         : nearAttraction called with Kyle Field
2023-01-22T16:10:35.959+01:00  INFO 5507 --- [ool-3-thread-36] tourGuide.service.RewardsService         : getDistance called
2023-01-22T16:10:35.959+01:00  INFO 5507 --- [ool-3-thread-67] tourGuide.service.RewardsService         : nearAttraction called with San Diego Zoo
2023-01-22T16:10:35.960+01:00  INFO 5507 --- [ool-3-thread-36] tourGuide.service.RewardsService         : nearAttraction called with Joshua Tree National Park
2023-01-22T16:10:35.960+01:00  INFO 5507 --- [ool-3-thread-67] tourGuide.service.RewardsService         : getDistance called
2023-01-22T16:10:35.959+01:00  INFO 5507 --- [ool-3-thread-51] tourGuide.service.RewardsService         : nearAttraction called with Zoo Tampa at Lowry Park
2023-01-22T16:10:35.960+01:00  INFO 5507 --- [ool-3-thread-67] tourGuide.service.RewardsService         : nearAttraction called with Buffalo National River
2023-01-22T16:10:35.959+01:00  INFO 5507 --- [ool-3-thread-45] tourGuide.service.RewardsService         : getDistance called
2023-01-22T16:10:35.959+01:00  INFO 5507 --- [ool-3-thread-52] tourGuide.service.RewardsService         : nearAttraction called with Franklin Park Zoo
2023-01-22T16:10:35.960+01:00  INFO 5507 --- [ool-3-thread-45] tourGuide.service.RewardsService         : nearAttraction called with Hot Springs National Park
2023-01-22T16:10:35.960+01:00  INFO 5507 --- [ool-3-thread-52] tourGuide.service.RewardsService         : getDistance called
2023-01-22T16:10:35.960+01:00  INFO 5507 --- [ool-3-thread-45] tourGuide.service.RewardsService         : getDistance called
2023-01-22T16:10:35.959+01:00  INFO 5507 --- [ool-3-thread-15] tourGuide.service.RewardsService         : nearAttraction called with El Paso Zoo
2023-01-22T16:10:35.960+01:00  INFO 5507 --- [ool-3-thread-45] tourGuide.service.RewardsService         : nearAttraction called with Legend Valley
2023-01-22T16:10:35.960+01:00  INFO 5507 --- [ool-3-thread-15] tourGuide.service.RewardsService         : getDistance called
2023-01-22T16:10:35.959+01:00  INFO 5507 --- [ool-3-thread-32] tourGuide.service.RewardsService         : nearAttraction called with Kansas City Zoo
2023-01-22T16:10:35.960+01:00  INFO 5507 --- [ool-3-thread-15] tourGuide.service.RewardsService         : nearAttraction called with Flowers Bakery of London
2023-01-22T16:10:35.960+01:00  INFO 5507 --- [ool-3-thread-32] tourGuide.service.RewardsService         : getDistance called
2023-01-22T16:10:35.959+01:00  INFO 5507 --- [ool-3-thread-18] tourGuide.service.RewardsService         : getRewardPoints called with Disneyland and internalUser24
2023-01-22T16:10:35.960+01:00  INFO 5507 --- [ool-3-thread-32] tourGuide.service.RewardsService         : nearAttraction called with McKinley Tower
2023-01-22T16:10:35.960+01:00  INFO 5507 --- [ool-3-thread-32] tourGuide.service.RewardsService         : getDistance called
2023-01-22T16:10:35.959+01:00  INFO 5507 --- [ool-3-thread-19] tourGuide.service.RewardsService         : nearAttraction called with Bronx Zoo
2023-01-22T16:10:35.959+01:00  INFO 5507 --- [ool-3-thread-55] tourGuide.service.RewardsService         : getDistance called
2023-01-22T16:10:35.960+01:00  INFO 5507 --- [ool-3-thread-19] tourGuide.service.RewardsService         : getDistance called
2023-01-22T16:10:35.960+01:00  INFO 5507 --- [ool-3-thread-63] tourGuide.service.RewardsService         : getDistance called
2023-01-22T16:10:35.960+01:00  INFO 5507 --- [ool-3-thread-55] tourGuide.service.RewardsService         : nearAttraction called with Fallingwater
2023-01-22T16:10:35.960+01:00  INFO 5507 --- [ool-3-thread-55] tourGuide.service.RewardsService         : getDistance called
2023-01-22T16:10:35.960+01:00  INFO 5507 --- [ool-3-thread-40] tourGuide.service.RewardsService         : nearAttraction called with Disneyland
2023-01-22T16:10:35.960+01:00  INFO 5507 --- [ool-3-thread-55] tourGuide.service.RewardsService         : nearAttraction called with Texas Memorial Stadium
2023-01-22T16:10:35.960+01:00  INFO 5507 --- [ool-3-thread-40] tourGuide.service.RewardsService         : getDistance called
2023-01-22T16:10:35.960+01:00  INFO 5507 --- [ool-3-thread-55] tourGuide.service.RewardsService         : getDistance called
2023-01-22T16:10:35.960+01:00  INFO 5507 --- [pool-3-thread-2] tourGuide.service.RewardsService         : nearAttraction called with Jackson Hole
2023-01-22T16:10:35.960+01:00  INFO 5507 --- [ool-3-thread-55] tourGuide.service.RewardsService         : nearAttraction called with Bryant-Denny Stadium
2023-01-22T16:10:35.960+01:00  INFO 5507 --- [pool-3-thread-2] tourGuide.service.RewardsService         : getDistance called
2023-01-22T16:10:35.960+01:00  INFO 5507 --- [ool-3-thread-55] tourGuide.service.RewardsService         : getDistance called
2023-01-22T16:10:35.960+01:00  INFO 5507 --- [pool-3-thread-5] tourGuide.service.RewardsService         : nearAttraction called with Mojave National Preserve
2023-01-22T16:10:35.960+01:00  INFO 5507 --- [ool-3-thread-55] tourGuide.service.RewardsService         : nearAttraction called with Neyland Stadium
2023-01-22T16:10:35.960+01:00  INFO 5507 --- [pool-3-thread-5] tourGuide.service.RewardsService         : getDistance called
2023-01-22T16:10:35.960+01:00  INFO 5507 --- [ool-3-thread-55] tourGuide.service.RewardsService         : getDistance called
2023-01-22T16:10:35.960+01:00  INFO 5507 --- [ool-3-thread-12] tourGuide.service.RewardsService         : getDistance called
2023-01-22T16:10:35.960+01:00  INFO 5507 --- [ool-3-thread-55] tourGuide.service.RewardsService         : nearAttraction called with San Diego Zoo
2023-01-22T16:10:35.960+01:00  INFO 5507 --- [ool-3-thread-12] tourGuide.service.RewardsService         : nearAttraction called with Zoo Tampa at Lowry Park
2023-01-22T16:10:35.960+01:00  INFO 5507 --- [ool-3-thread-43] tourGuide.service.RewardsService         : getDistance called
2023-01-22T16:10:35.960+01:00  INFO 5507 --- [ool-3-thread-36] tourGuide.service.RewardsService         : getDistance called
2023-01-22T16:10:35.960+01:00  INFO 5507 --- [ool-3-thread-51] tourGuide.service.RewardsService         : getDistance called
2023-01-22T16:10:35.960+01:00  INFO 5507 --- [ool-3-thread-36] tourGuide.service.RewardsService         : nearAttraction called with El Paso Zoo
2023-01-22T16:10:35.960+01:00  INFO 5507 --- [ool-3-thread-67] tourGuide.service.RewardsService         : getDistance called
2023-01-22T16:10:35.960+01:00  INFO 5507 --- [ool-3-thread-51] tourGuide.service.RewardsService         : nearAttraction called with Kansas City Zoo
2023-01-22T16:10:35.960+01:00  INFO 5507 --- [ool-3-thread-52] tourGuide.service.RewardsService         : nearAttraction called with Kartchner Caverns State Park
2023-01-22T16:10:35.960+01:00  INFO 5507 --- [ool-3-thread-67] tourGuide.service.RewardsService         : nearAttraction called with Bronx Zoo
2023-01-22T16:10:35.960+01:00  INFO 5507 --- [ool-3-thread-52] tourGuide.service.RewardsService         : getDistance called
2023-01-22T16:10:35.960+01:00  INFO 5507 --- [ool-3-thread-67] tourGuide.service.RewardsService         : getDistance called
2023-01-22T16:10:35.960+01:00  INFO 5507 --- [ool-3-thread-45] tourGuide.service.RewardsService         : getDistance called
2023-01-22T16:10:35.960+01:00  INFO 5507 --- [ool-3-thread-52] tourGuide.service.RewardsService         : nearAttraction called with Cinderella Castle
2023-01-22T16:10:35.960+01:00  INFO 5507 --- [ool-3-thread-15] tourGuide.service.RewardsService         : getDistance called
2023-01-22T16:10:35.960+01:00  INFO 5507 --- [ool-3-thread-45] tourGuide.service.RewardsService         : nearAttraction called with Jackson Hole
2023-01-22T16:10:35.960+01:00  INFO 5507 --- [ool-3-thread-32] tourGuide.service.RewardsService         : nearAttraction called with Flatiron Building
2023-01-22T16:10:35.960+01:00  INFO 5507 --- [ool-3-thread-15] tourGuide.service.RewardsService         : nearAttraction called with Mojave National Preserve
2023-01-22T16:10:35.960+01:00  INFO 5507 --- [ool-3-thread-32] tourGuide.service.RewardsService         : getDistance called
2023-01-22T16:10:35.960+01:00  INFO 5507 --- [ool-3-thread-15] tourGuide.service.RewardsService         : getDistance called
2023-01-22T16:10:35.960+01:00  INFO 5507 --- [ool-3-thread-19] tourGuide.service.RewardsService         : nearAttraction called with Union Station
2023-01-22T16:10:35.960+01:00  INFO 5507 --- [ool-3-thread-15] tourGuide.service.RewardsService         : nearAttraction called with Buffalo National River
2023-01-22T16:10:35.960+01:00  INFO 5507 --- [ool-3-thread-19] tourGuide.service.RewardsService         : getDistance called
2023-01-22T16:10:35.960+01:00  INFO 5507 --- [ool-3-thread-63] tourGuide.service.RewardsService         : nearAttraction called with Roger Dean Stadium
2023-01-22T16:10:35.960+01:00  INFO 5507 --- [ool-3-thread-40] tourGuide.service.RewardsService         : getRewardPoints called with Disneyland and internalUser21
2023-01-22T16:10:35.961+01:00  INFO 5507 --- [ool-3-thread-19] tourGuide.service.RewardsService         : nearAttraction called with Hot Springs National Park
2023-01-22T16:10:35.960+01:00  INFO 5507 --- [pool-3-thread-2] tourGuide.service.RewardsService         : nearAttraction called with Tiger Stadium
2023-01-22T16:10:35.961+01:00  INFO 5507 --- [ool-3-thread-19] tourGuide.service.RewardsService         : getDistance called
2023-01-22T16:10:35.961+01:00  INFO 5507 --- [pool-3-thread-2] tourGuide.service.RewardsService         : getDistance called
2023-01-22T16:10:35.960+01:00  INFO 5507 --- [pool-3-thread-5] tourGuide.service.RewardsService         : nearAttraction called with Kyle Field
2023-01-22T16:10:35.961+01:00  INFO 5507 --- [pool-3-thread-2] tourGuide.service.RewardsService         : nearAttraction called with Legend Valley
2023-01-22T16:10:35.961+01:00  INFO 5507 --- [pool-3-thread-5] tourGuide.service.RewardsService         : getDistance called
2023-01-22T16:10:35.961+01:00  INFO 5507 --- [pool-3-thread-2] tourGuide.service.RewardsService         : getDistance called
2023-01-22T16:10:35.960+01:00  INFO 5507 --- [ool-3-thread-55] tourGuide.service.RewardsService         : getDistance called
2023-01-22T16:10:35.961+01:00  INFO 5507 --- [pool-3-thread-2] tourGuide.service.RewardsService         : nearAttraction called with McKinley Tower
2023-01-22T16:10:35.960+01:00  INFO 5507 --- [ool-3-thread-12] tourGuide.service.RewardsService         : getDistance called
2023-01-22T16:10:35.960+01:00  INFO 5507 --- [ool-3-thread-43] tourGuide.service.RewardsService         : nearAttraction called with Franklin Park Zoo
2023-01-22T16:10:35.961+01:00  INFO 5507 --- [ool-3-thread-12] tourGuide.service.RewardsService         : nearAttraction called with Fallingwater
2023-01-22T16:10:35.961+01:00  INFO 5507 --- [ool-3-thread-43] tourGuide.service.RewardsService         : getDistance called
2023-01-22T16:10:35.961+01:00  INFO 5507 --- [ool-3-thread-12] tourGuide.service.RewardsService         : getDistance called
2023-01-22T16:10:35.960+01:00  INFO 5507 --- [ool-3-thread-36] tourGuide.service.RewardsService         : getDistance called
2023-01-22T16:10:35.961+01:00  INFO 5507 --- [ool-3-thread-43] tourGuide.service.RewardsService         : nearAttraction called with Union Station
2023-01-22T16:10:35.960+01:00  INFO 5507 --- [ool-3-thread-51] tourGuide.service.RewardsService         : getDistance called
2023-01-22T16:10:35.961+01:00  INFO 5507 --- [ool-3-thread-43] tourGuide.service.RewardsService         : getDistance called
2023-01-22T16:10:35.960+01:00  INFO 5507 --- [ool-3-thread-67] tourGuide.service.RewardsService         : nearAttraction called with Disneyland
2023-01-22T16:10:35.961+01:00  INFO 5507 --- [ool-3-thread-43] tourGuide.service.RewardsService         : nearAttraction called with Tiger Stadium
2023-01-22T16:10:35.961+01:00  INFO 5507 --- [ool-3-thread-51] tourGuide.service.RewardsService         : nearAttraction called with Bryant-Denny Stadium
2023-01-22T16:10:35.961+01:00  INFO 5507 --- [ool-3-thread-43] tourGuide.service.RewardsService         : getDistance called
2023-01-22T16:10:35.960+01:00  INFO 5507 --- [ool-3-thread-52] tourGuide.service.RewardsService         : getDistance called
2023-01-22T16:10:35.960+01:00  INFO 5507 --- [ool-3-thread-45] tourGuide.service.RewardsService         : getDistance called
2023-01-22T16:10:35.961+01:00  INFO 5507 --- [ool-3-thread-52] tourGuide.service.RewardsService         : nearAttraction called with Kyle Field
2023-01-22T16:10:35.960+01:00  INFO 5507 --- [ool-3-thread-32] tourGuide.service.RewardsService         : nearAttraction called with Joshua Tree National Park
2023-01-22T16:10:35.960+01:00  INFO 5507 --- [ool-3-thread-15] tourGuide.service.RewardsService         : getDistance called
2023-01-22T16:10:35.961+01:00  INFO 5507 --- [ool-3-thread-32] tourGuide.service.RewardsService         : getDistance called
2023-01-22T16:10:35.961+01:00  INFO 5507 --- [ool-3-thread-15] tourGuide.service.RewardsService         : nearAttraction called with Zoo Tampa at Lowry Park
2023-01-22T16:10:35.961+01:00  INFO 5507 --- [ool-3-thread-63] tourGuide.service.RewardsService         : getDistance called
2023-01-22T16:10:35.961+01:00  INFO 5507 --- [ool-3-thread-19] tourGuide.service.RewardsService         : nearAttraction called with Kartchner Caverns State Park
2023-01-22T16:10:35.961+01:00  INFO 5507 --- [pool-3-thread-5] tourGuide.service.RewardsService         : nearAttraction called with Flowers Bakery of London
2023-01-22T16:10:35.961+01:00  INFO 5507 --- [ool-3-thread-55] tourGuide.service.RewardsService         : nearAttraction called with Flatiron Building
2023-01-22T16:10:35.961+01:00  INFO 5507 --- [pool-3-thread-2] tourGuide.service.RewardsService         : getDistance called
2023-01-22T16:10:35.961+01:00  INFO 5507 --- [ool-3-thread-12] tourGuide.service.RewardsService         : nearAttraction called with Roger Dean Stadium
2023-01-22T16:10:35.961+01:00  INFO 5507 --- [pool-3-thread-2] tourGuide.service.RewardsService         : nearAttraction called with Kansas City Zoo
2023-01-22T16:10:35.961+01:00  INFO 5507 --- [ool-3-thread-36] tourGuide.service.RewardsService         : nearAttraction called with Texas Memorial Stadium
2023-01-22T16:10:35.961+01:00  INFO 5507 --- [ool-3-thread-67] tourGuide.service.RewardsService         : getDistance called
2023-01-22T16:10:35.961+01:00  INFO 5507 --- [ool-3-thread-51] tourGuide.service.RewardsService         : getDistance called
2023-01-22T16:10:35.961+01:00  INFO 5507 --- [ool-3-thread-67] tourGuide.service.RewardsService         : getRewardPoints called with Disneyland and internalUser20
2023-01-22T16:10:35.961+01:00  INFO 5507 --- [ool-3-thread-43] tourGuide.service.RewardsService         : nearAttraction called with Neyland Stadium
2023-01-22T16:10:35.961+01:00  INFO 5507 --- [ool-3-thread-45] tourGuide.service.RewardsService         : nearAttraction called with San Diego Zoo
2023-01-22T16:10:35.961+01:00  INFO 5507 --- [ool-3-thread-43] tourGuide.service.RewardsService         : getDistance called
2023-01-22T16:10:35.961+01:00  INFO 5507 --- [ool-3-thread-52] tourGuide.service.RewardsService         : getDistance called
2023-01-22T16:10:35.961+01:00  INFO 5507 --- [ool-3-thread-32] tourGuide.service.RewardsService         : nearAttraction called with Franklin Park Zoo
2023-01-22T16:10:35.961+01:00  INFO 5507 --- [ool-3-thread-52] tourGuide.service.RewardsService         : nearAttraction called with Disneyland
2023-01-22T16:10:35.961+01:00  INFO 5507 --- [ool-3-thread-15] tourGuide.service.RewardsService         : getDistance called
2023-01-22T16:10:35.961+01:00  INFO 5507 --- [ool-3-thread-63] tourGuide.service.RewardsService         : nearAttraction called with El Paso Zoo
2023-01-22T16:10:35.961+01:00  INFO 5507 --- [ool-3-thread-15] tourGuide.service.RewardsService         : nearAttraction called with Jackson Hole
2023-01-22T16:10:35.961+01:00  INFO 5507 --- [ool-3-thread-19] tourGuide.service.RewardsService         : getDistance called
2023-01-22T16:10:35.961+01:00  INFO 5507 --- [pool-3-thread-5] tourGuide.service.RewardsService         : getDistance called
2023-01-22T16:10:35.961+01:00  INFO 5507 --- [ool-3-thread-55] tourGuide.service.RewardsService         : getDistance called
2023-01-22T16:10:35.961+01:00  INFO 5507 --- [pool-3-thread-5] tourGuide.service.RewardsService         : nearAttraction called with Joshua Tree National Park
2023-01-22T16:10:35.961+01:00  INFO 5507 --- [ool-3-thread-12] tourGuide.service.RewardsService         : getDistance called
2023-01-22T16:10:35.961+01:00  INFO 5507 --- [pool-3-thread-2] tourGuide.service.RewardsService         : getDistance called
2023-01-22T16:10:35.961+01:00  INFO 5507 --- [ool-3-thread-12] tourGuide.service.RewardsService         : nearAttraction called with Hot Springs National Park
2023-01-22T16:10:35.961+01:00  INFO 5507 --- [ool-3-thread-36] tourGuide.service.RewardsService         : getDistance called
2023-01-22T16:10:35.961+01:00  INFO 5507 --- [ool-3-thread-51] tourGuide.service.RewardsService         : nearAttraction called with Bronx Zoo
2023-01-22T16:10:35.961+01:00  INFO 5507 --- [ool-3-thread-45] tourGuide.service.RewardsService         : getDistance called
2023-01-22T16:10:35.962+01:00  INFO 5507 --- [ool-3-thread-36] tourGuide.service.RewardsService         : nearAttraction called with Legend Valley
2023-01-22T16:10:35.961+01:00  INFO 5507 --- [ool-3-thread-43] tourGuide.service.RewardsService         : nearAttraction called with Cinderella Castle
2023-01-22T16:10:35.961+01:00  INFO 5507 --- [ool-3-thread-32] tourGuide.service.RewardsService         : getDistance called
2023-01-22T16:10:35.961+01:00  INFO 5507 --- [ool-3-thread-52] tourGuide.service.RewardsService         : getDistance called
2023-01-22T16:10:35.962+01:00  INFO 5507 --- [ool-3-thread-32] tourGuide.service.RewardsService         : nearAttraction called with McKinley Tower
2023-01-22T16:10:35.962+01:00  INFO 5507 --- [ool-3-thread-52] tourGuide.service.RewardsService         : getRewardPoints called with Disneyland and internalUser38
2023-01-22T16:10:35.962+01:00  INFO 5507 --- [ool-3-thread-32] tourGuide.service.RewardsService         : getDistance called
2023-01-22T16:10:35.961+01:00  INFO 5507 --- [ool-3-thread-63] tourGuide.service.RewardsService         : getDistance called
2023-01-22T16:10:35.961+01:00  INFO 5507 --- [ool-3-thread-15] tourGuide.service.RewardsService         : getDistance called
2023-01-22T16:10:35.961+01:00  INFO 5507 --- [ool-3-thread-19] tourGuide.service.RewardsService         : nearAttraction called with Mojave National Preserve
2023-01-22T16:10:35.962+01:00  INFO 5507 --- [ool-3-thread-15] tourGuide.service.RewardsService         : nearAttraction called with Union Station
2023-01-22T16:10:35.962+01:00  INFO 5507 --- [ool-3-thread-19] tourGuide.service.RewardsService         : getDistance called
2023-01-22T16:10:35.961+01:00  INFO 5507 --- [pool-3-thread-5] tourGuide.service.RewardsService         : getDistance called
2023-01-22T16:10:35.961+01:00  INFO 5507 --- [ool-3-thread-55] tourGuide.service.RewardsService         : nearAttraction called with Buffalo National River
2023-01-22T16:10:35.962+01:00  INFO 5507 --- [pool-3-thread-5] tourGuide.service.RewardsService         : nearAttraction called with Texas Memorial Stadium
2023-01-22T16:10:35.961+01:00  INFO 5507 --- [pool-3-thread-2] tourGuide.service.RewardsService         : nearAttraction called with Kartchner Caverns State Park
2023-01-22T16:10:35.961+01:00  INFO 5507 --- [ool-3-thread-12] tourGuide.service.RewardsService         : getDistance called
2023-01-22T16:10:35.962+01:00  INFO 5507 --- [ool-3-thread-51] tourGuide.service.RewardsService         : getDistance called
2023-01-22T16:10:35.962+01:00  INFO 5507 --- [ool-3-thread-45] tourGuide.service.RewardsService         : nearAttraction called with Flowers Bakery of London
2023-01-22T16:10:35.962+01:00  INFO 5507 --- [ool-3-thread-51] tourGuide.service.RewardsService         : nearAttraction called with Tiger Stadium
2023-01-22T16:10:35.962+01:00  INFO 5507 --- [ool-3-thread-36] tourGuide.service.RewardsService         : getDistance called
2023-01-22T16:10:35.962+01:00  INFO 5507 --- [ool-3-thread-43] tourGuide.service.RewardsService         : getDistance called
2023-01-22T16:10:35.962+01:00  INFO 5507 --- [pool-3-thread-3] tourGuide.service.RewardsService         : Rewards of internalUser85 calculated by calculateRewards
2023-01-22T16:10:35.962+01:00  INFO 5507 --- [ool-3-thread-32] tourGuide.service.RewardsService         : nearAttraction called with Flatiron Building
2023-01-22T16:10:35.962+01:00  INFO 5507 --- [pool-3-thread-3] tourGuide.service.RewardsService         : nearAttraction called with San Diego Zoo
2023-01-22T16:10:35.962+01:00  INFO 5507 --- [ool-3-thread-63] tourGuide.service.RewardsService         : nearAttraction called with Fallingwater
2023-01-22T16:10:35.962+01:00  INFO 5507 --- [ool-3-thread-15] tourGuide.service.RewardsService         : getDistance called
2023-01-22T16:10:35.962+01:00  INFO 5507 --- [ool-3-thread-19] tourGuide.service.RewardsService         : nearAttraction called with Roger Dean Stadium
2023-01-22T16:10:35.962+01:00  INFO 5507 --- [ool-3-thread-15] tourGuide.service.RewardsService         : nearAttraction called with Zoo Tampa at Lowry Park
2023-01-22T16:10:35.962+01:00  INFO 5507 --- [ool-3-thread-19] tourGuide.service.RewardsService         : getDistance called
2023-01-22T16:10:35.962+01:00  INFO 5507 --- [ool-3-thread-15] tourGuide.service.RewardsService         : getDistance called
2023-01-22T16:10:35.962+01:00  INFO 5507 --- [ool-3-thread-55] tourGuide.service.RewardsService         : getDistance called
2023-01-22T16:10:35.962+01:00  INFO 5507 --- [pool-3-thread-5] tourGuide.service.RewardsService         : getDistance called
2023-01-22T16:10:35.962+01:00  INFO 5507 --- [pool-3-thread-2] tourGuide.service.RewardsService         : getDistance called
2023-01-22T16:10:35.962+01:00  INFO 5507 --- [pool-3-thread-5] tourGuide.service.RewardsService         : nearAttraction called with Bronx Zoo
2023-01-22T16:10:35.962+01:00  INFO 5507 --- [ool-3-thread-12] tourGuide.service.RewardsService         : nearAttraction called with Bryant-Denny Stadium
2023-01-22T16:10:35.962+01:00  INFO 5507 --- [ool-3-thread-45] tourGuide.service.RewardsService         : getDistance called
2023-01-22T16:10:35.962+01:00  INFO 5507 --- [ool-3-thread-12] tourGuide.service.RewardsService         : getDistance called
2023-01-22T16:10:35.962+01:00  INFO 5507 --- [ool-3-thread-51] tourGuide.service.RewardsService         : getDistance called
2023-01-22T16:10:35.962+01:00  INFO 5507 --- [ool-3-thread-12] tourGuide.service.RewardsService         : nearAttraction called with Jackson Hole
2023-01-22T16:10:35.962+01:00  INFO 5507 --- [ool-3-thread-36] tourGuide.service.RewardsService         : nearAttraction called with Neyland Stadium
2023-01-22T16:10:35.962+01:00  INFO 5507 --- [ool-3-thread-43] tourGuide.service.RewardsService         : nearAttraction called with Kyle Field
2023-01-22T16:10:35.962+01:00  INFO 5507 --- [ool-3-thread-36] tourGuide.service.RewardsService         : getDistance called
2023-01-22T16:10:35.962+01:00  INFO 5507 --- [ool-3-thread-43] tourGuide.service.RewardsService         : getDistance called
2023-01-22T16:10:35.962+01:00  INFO 5507 --- [ool-3-thread-32] tourGuide.service.RewardsService         : getDistance called
2023-01-22T16:10:35.962+01:00  INFO 5507 --- [ool-3-thread-43] tourGuide.service.RewardsService         : nearAttraction called with Buffalo National River
2023-01-22T16:10:35.962+01:00  INFO 5507 --- [pool-3-thread-3] tourGuide.service.RewardsService         : getDistance called
2023-01-22T16:10:35.962+01:00  INFO 5507 --- [ool-3-thread-63] tourGuide.service.RewardsService         : getDistance called
2023-01-22T16:10:35.962+01:00  INFO 5507 --- [pool-3-thread-3] tourGuide.service.RewardsService         : nearAttraction called with Kartchner Caverns State Park
2023-01-22T16:10:35.962+01:00  INFO 5507 --- [ool-3-thread-19] tourGuide.service.RewardsService         : nearAttraction called with Franklin Park Zoo
2023-01-22T16:10:35.962+01:00  INFO 5507 --- [ool-3-thread-15] tourGuide.service.RewardsService         : nearAttraction called with El Paso Zoo
2023-01-22T16:10:35.962+01:00  INFO 5507 --- [ool-3-thread-55] tourGuide.service.RewardsService         : nearAttraction called with Kansas City Zoo
2023-01-22T16:10:35.963+01:00  INFO 5507 --- [ool-3-thread-19] tourGuide.service.RewardsService         : getDistance called
2023-01-22T16:10:35.962+01:00  INFO 5507 --- [pool-3-thread-2] tourGuide.service.RewardsService         : nearAttraction called with Cinderella Castle
2023-01-22T16:10:35.963+01:00  INFO 5507 --- [ool-3-thread-19] tourGuide.service.RewardsService         : nearAttraction called with Flowers Bakery of London
2023-01-22T16:10:35.963+01:00  INFO 5507 --- [pool-3-thread-2] tourGuide.service.RewardsService         : getDistance called
2023-01-22T16:10:35.962+01:00  INFO 5507 --- [pool-3-thread-5] tourGuide.service.RewardsService         : getDistance called
2023-01-22T16:10:35.962+01:00  INFO 5507 --- [ool-3-thread-45] tourGuide.service.RewardsService         : nearAttraction called with Disneyland
2023-01-22T16:10:35.962+01:00  INFO 5507 --- [ool-3-thread-51] tourGuide.service.RewardsService         : nearAttraction called with Mojave National Preserve
2023-01-22T16:10:35.963+01:00  INFO 5507 --- [ool-3-thread-45] tourGuide.service.RewardsService         : getDistance called
2023-01-22T16:10:35.962+01:00  INFO 5507 --- [ool-3-thread-12] tourGuide.service.RewardsService         : getDistance called
2023-01-22T16:10:35.963+01:00  INFO 5507 --- [ool-3-thread-45] tourGuide.service.RewardsService         : getRewardPoints called with Disneyland and internalUser37
2023-01-22T16:10:35.962+01:00  INFO 5507 --- [ool-3-thread-36] tourGuide.service.RewardsService         : nearAttraction called with Joshua Tree National Park
2023-01-22T16:10:35.962+01:00  INFO 5507 --- [ool-3-thread-32] tourGuide.service.RewardsService         : nearAttraction called with Hot Springs National Park
2023-01-22T16:10:35.963+01:00  INFO 5507 --- [ool-3-thread-36] tourGuide.service.RewardsService         : getDistance called
2023-01-22T16:10:35.962+01:00  INFO 5507 --- [ool-3-thread-43] tourGuide.service.RewardsService         : getDistance called
2023-01-22T16:10:35.962+01:00  INFO 5507 --- [ool-3-thread-63] tourGuide.service.RewardsService         : nearAttraction called with Legend Valley
2023-01-22T16:10:35.962+01:00  INFO 5507 --- [pool-3-thread-3] tourGuide.service.RewardsService         : getDistance called
2023-01-22T16:10:35.963+01:00  INFO 5507 --- [ool-3-thread-15] tourGuide.service.RewardsService         : getDistance called
2023-01-22T16:10:35.963+01:00  INFO 5507 --- [ool-3-thread-55] tourGuide.service.RewardsService         : getDistance called
2023-01-22T16:10:35.963+01:00  INFO 5507 --- [ool-3-thread-15] tourGuide.service.RewardsService         : nearAttraction called with Bryant-Denny Stadium
2023-01-22T16:10:35.963+01:00  INFO 5507 --- [ool-3-thread-19] tourGuide.service.RewardsService         : getDistance called
2023-01-22T16:10:35.963+01:00  INFO 5507 --- [pool-3-thread-2] tourGuide.service.RewardsService         : nearAttraction called with McKinley Tower
2023-01-22T16:10:35.963+01:00  INFO 5507 --- [pool-3-thread-5] tourGuide.service.RewardsService         : nearAttraction called with Flatiron Building
2023-01-22T16:10:35.963+01:00  INFO 5507 --- [ool-3-thread-51] tourGuide.service.RewardsService         : getDistance called
2023-01-22T16:10:35.963+01:00  INFO 5507 --- [pool-3-thread-5] tourGuide.service.RewardsService         : getDistance called
2023-01-22T16:10:35.963+01:00  INFO 5507 --- [ool-3-thread-12] tourGuide.service.RewardsService         : nearAttraction called with Fallingwater
2023-01-22T16:10:35.963+01:00  INFO 5507 --- [pool-3-thread-5] tourGuide.service.RewardsService         : nearAttraction called with San Diego Zoo
2023-01-22T16:10:35.963+01:00  INFO 5507 --- [ool-3-thread-12] tourGuide.service.RewardsService         : getDistance called
2023-01-22T16:10:35.963+01:00  INFO 5507 --- [pool-3-thread-5] tourGuide.service.RewardsService         : getDistance called
2023-01-22T16:10:35.963+01:00  INFO 5507 --- [ool-3-thread-32] tourGuide.service.RewardsService         : getDistance called
2023-01-22T16:10:35.963+01:00  INFO 5507 --- [pool-3-thread-5] tourGuide.service.RewardsService         : nearAttraction called with Franklin Park Zoo
2023-01-22T16:10:35.963+01:00  INFO 5507 --- [ool-3-thread-36] tourGuide.service.RewardsService         : nearAttraction called with Union Station
2023-01-22T16:10:35.963+01:00  INFO 5507 --- [ool-3-thread-43] tourGuide.service.RewardsService         : nearAttraction called with Roger Dean Stadium
2023-01-22T16:10:35.963+01:00  INFO 5507 --- [ool-3-thread-36] tourGuide.service.RewardsService         : getDistance called
2023-01-22T16:10:35.963+01:00  INFO 5507 --- [ool-3-thread-43] tourGuide.service.RewardsService         : getDistance called
2023-01-22T16:10:35.963+01:00  INFO 5507 --- [ool-3-thread-63] tourGuide.service.RewardsService         : getDistance called
2023-01-22T16:10:35.963+01:00  INFO 5507 --- [ool-3-thread-36] tourGuide.service.RewardsService         : nearAttraction called with Kansas City Zoo
2023-01-22T16:10:35.963+01:00  INFO 5507 --- [pool-3-thread-3] tourGuide.service.RewardsService         : nearAttraction called with Texas Memorial Stadium
2023-01-22T16:10:35.963+01:00  INFO 5507 --- [ool-3-thread-36] tourGuide.service.RewardsService         : getDistance called
2023-01-22T16:10:35.963+01:00  INFO 5507 --- [pool-3-thread-3] tourGuide.service.RewardsService         : getDistance called
2023-01-22T16:10:35.963+01:00  INFO 5507 --- [ool-3-thread-55] tourGuide.service.RewardsService         : nearAttraction called with Tiger Stadium
2023-01-22T16:10:35.963+01:00  INFO 5507 --- [pool-3-thread-3] tourGuide.service.RewardsService         : nearAttraction called with Jackson Hole
2023-01-22T16:10:35.963+01:00  INFO 5507 --- [ool-3-thread-55] tourGuide.service.RewardsService         : getDistance called
2023-01-22T16:10:35.963+01:00  INFO 5507 --- [ool-3-thread-15] tourGuide.service.RewardsService         : getDistance called
2023-01-22T16:10:35.963+01:00  INFO 5507 --- [ool-3-thread-55] tourGuide.service.RewardsService         : nearAttraction called with Mojave National Preserve
2023-01-22T16:10:35.963+01:00  INFO 5507 --- [ool-3-thread-19] tourGuide.service.RewardsService         : nearAttraction called with Neyland Stadium
2023-01-22T16:10:35.963+01:00  INFO 5507 --- [pool-3-thread-2] tourGuide.service.RewardsService         : getDistance called
2023-01-22T16:10:35.963+01:00  INFO 5507 --- [ool-3-thread-19] tourGuide.service.RewardsService         : getDistance called
2023-01-22T16:10:35.963+01:00  INFO 5507 --- [ool-3-thread-51] tourGuide.service.RewardsService         : nearAttraction called with Kyle Field
2023-01-22T16:10:35.963+01:00  INFO 5507 --- [ool-3-thread-12] tourGuide.service.RewardsService         : nearAttraction called with Zoo Tampa at Lowry Park
2023-01-22T16:10:35.963+01:00  INFO 5507 --- [ool-3-thread-32] tourGuide.service.RewardsService         : nearAttraction called with El Paso Zoo
2023-01-22T16:10:35.963+01:00  INFO 5507 --- [pool-3-thread-5] tourGuide.service.RewardsService         : getDistance called
2023-01-22T16:10:35.963+01:00  INFO 5507 --- [ool-3-thread-43] tourGuide.service.RewardsService         : nearAttraction called with Bronx Zoo
2023-01-22T16:10:35.963+01:00  INFO 5507 --- [pool-3-thread-5] tourGuide.service.RewardsService         : nearAttraction called with Kartchner Caverns State Park
2023-01-22T16:10:35.963+01:00  INFO 5507 --- [ool-3-thread-43] tourGuide.service.RewardsService         : getDistance called
2023-01-22T16:10:35.963+01:00  INFO 5507 --- [ool-3-thread-63] tourGuide.service.RewardsService         : nearAttraction called with Cinderella Castle
2023-01-22T16:10:35.963+01:00  INFO 5507 --- [ool-3-thread-43] tourGuide.service.RewardsService         : nearAttraction called with Legend Valley
2023-01-22T16:10:35.963+01:00  INFO 5507 --- [ool-3-thread-63] tourGuide.service.RewardsService         : getDistance called
2023-01-22T16:10:35.963+01:00  INFO 5507 --- [ool-3-thread-43] tourGuide.service.RewardsService         : getDistance called
2023-01-22T16:10:35.963+01:00  INFO 5507 --- [ool-3-thread-36] tourGuide.service.RewardsService         : nearAttraction called with Disneyland
2023-01-22T16:10:35.963+01:00  INFO 5507 --- [ool-3-thread-63] tourGuide.service.RewardsService         : nearAttraction called with Flowers Bakery of London
2023-01-22T16:10:35.963+01:00  INFO 5507 --- [ool-3-thread-36] tourGuide.service.RewardsService         : getDistance called
2023-01-22T16:10:35.963+01:00  INFO 5507 --- [pool-3-thread-3] tourGuide.service.RewardsService         : getDistance called
2023-01-22T16:10:35.963+01:00  INFO 5507 --- [ool-3-thread-15] tourGuide.service.RewardsService         : nearAttraction called with Joshua Tree National Park
2023-01-22T16:10:35.963+01:00  INFO 5507 --- [ool-3-thread-55] tourGuide.service.RewardsService         : getDistance called
2023-01-22T16:10:35.963+01:00  INFO 5507 --- [pool-3-thread-2] tourGuide.service.RewardsService         : nearAttraction called with Buffalo National River
2023-01-22T16:10:35.964+01:00  INFO 5507 --- [ool-3-thread-15] tourGuide.service.RewardsService         : getDistance called
2023-01-22T16:10:35.963+01:00  INFO 5507 --- [ool-3-thread-19] tourGuide.service.RewardsService         : nearAttraction called with Hot Springs National Park
2023-01-22T16:10:35.963+01:00  INFO 5507 --- [ool-3-thread-51] tourGuide.service.RewardsService         : getDistance called
2023-01-22T16:10:35.964+01:00  INFO 5507 --- [ool-3-thread-19] tourGuide.service.RewardsService         : getDistance called
2023-01-22T16:10:35.963+01:00  INFO 5507 --- [ool-3-thread-12] tourGuide.service.RewardsService         : getDistance called
2023-01-22T16:10:35.964+01:00  INFO 5507 --- [ool-3-thread-51] tourGuide.service.RewardsService         : nearAttraction called with Roger Dean Stadium
2023-01-22T16:10:35.964+01:00  INFO 5507 --- [ool-3-thread-12] tourGuide.service.RewardsService         : nearAttraction called with Bryant-Denny Stadium
2023-01-22T16:10:35.963+01:00  INFO 5507 --- [ool-3-thread-32] tourGuide.service.RewardsService         : getDistance called
2023-01-22T16:10:35.963+01:00  INFO 5507 --- [pool-3-thread-5] tourGuide.service.RewardsService         : getDistance called
2023-01-22T16:10:35.964+01:00  INFO 5507 --- [ool-3-thread-32] tourGuide.service.RewardsService         : nearAttraction called with Tiger Stadium
2023-01-22T16:10:35.964+01:00  INFO 5507 --- [pool-3-thread-5] tourGuide.service.RewardsService         : nearAttraction called with Neyland Stadium
2023-01-22T16:10:35.964+01:00  INFO 5507 --- [ool-3-thread-32] tourGuide.service.RewardsService         : getDistance called
2023-01-22T16:10:35.964+01:00  INFO 5507 --- [pool-3-thread-5] tourGuide.service.RewardsService         : getDistance called
2023-01-22T16:10:35.963+01:00  INFO 5507 --- [ool-3-thread-43] tourGuide.service.RewardsService         : nearAttraction called with McKinley Tower
2023-01-22T16:10:35.964+01:00  INFO 5507 --- [pool-3-thread-5] tourGuide.service.RewardsService         : nearAttraction called with San Diego Zoo
2023-01-22T16:10:35.963+01:00  INFO 5507 --- [ool-3-thread-63] tourGuide.service.RewardsService         : getDistance called
2023-01-22T16:10:35.963+01:00  INFO 5507 --- [ool-3-thread-36] tourGuide.service.RewardsService         : getRewardPoints called with Disneyland and internalUser39
2023-01-22T16:10:35.964+01:00  INFO 5507 --- [ool-3-thread-63] tourGuide.service.RewardsService         : nearAttraction called with Zoo Tampa at Lowry Park
2023-01-22T16:10:35.963+01:00  INFO 5507 --- [pool-3-thread-3] tourGuide.service.RewardsService         : nearAttraction called with Flatiron Building
2023-01-22T16:10:35.964+01:00  INFO 5507 --- [ool-3-thread-55] tourGuide.service.RewardsService         : nearAttraction called with Fallingwater
2023-01-22T16:10:35.964+01:00  INFO 5507 --- [pool-3-thread-3] tourGuide.service.RewardsService         : getDistance called
2023-01-22T16:10:35.964+01:00  INFO 5507 --- [ool-3-thread-55] tourGuide.service.RewardsService         : getDistance called
2023-01-22T16:10:35.964+01:00  INFO 5507 --- [pool-3-thread-3] tourGuide.service.RewardsService         : nearAttraction called with Franklin Park Zoo
2023-01-22T16:10:35.964+01:00  INFO 5507 --- [ool-3-thread-55] tourGuide.service.RewardsService         : nearAttraction called with El Paso Zoo
2023-01-22T16:10:35.964+01:00  INFO 5507 --- [pool-3-thread-3] tourGuide.service.RewardsService         : getDistance called
2023-01-22T16:10:35.964+01:00  INFO 5507 --- [ool-3-thread-55] tourGuide.service.RewardsService         : getDistance called
2023-01-22T16:10:35.964+01:00  INFO 5507 --- [pool-3-thread-2] tourGuide.service.RewardsService         : getDistance called
2023-01-22T16:10:35.964+01:00  INFO 5507 --- [ool-3-thread-55] tourGuide.service.RewardsService         : nearAttraction called with Bronx Zoo
2023-01-22T16:10:35.964+01:00  INFO 5507 --- [ool-3-thread-15] tourGuide.service.RewardsService         : nearAttraction called with Union Station
2023-01-22T16:10:35.964+01:00  INFO 5507 --- [pool-3-thread-2] tourGuide.service.RewardsService         : nearAttraction called with Cinderella Castle
2023-01-22T16:10:35.964+01:00  INFO 5507 --- [ool-3-thread-15] tourGuide.service.RewardsService         : getDistance called
2023-01-22T16:10:35.964+01:00  INFO 5507 --- [pool-3-thread-2] tourGuide.service.RewardsService         : getDistance called
2023-01-22T16:10:35.964+01:00  INFO 5507 --- [ool-3-thread-19] tourGuide.service.RewardsService         : nearAttraction called with Texas Memorial Stadium
2023-01-22T16:10:35.964+01:00  INFO 5507 --- [pool-3-thread-2] tourGuide.service.RewardsService         : nearAttraction called with Jackson Hole
2023-01-22T16:10:35.964+01:00  INFO 5507 --- [ool-3-thread-19] tourGuide.service.RewardsService         : getDistance called
2023-01-22T16:10:35.964+01:00  INFO 5507 --- [ool-3-thread-51] tourGuide.service.RewardsService         : getDistance called
2023-01-22T16:10:35.964+01:00  INFO 5507 --- [ool-3-thread-19] tourGuide.service.RewardsService         : nearAttraction called with Mojave National Preserve
2023-01-22T16:10:35.964+01:00  INFO 5507 --- [ool-3-thread-12] tourGuide.service.RewardsService         : getDistance called
2023-01-22T16:10:35.964+01:00  INFO 5507 --- [ool-3-thread-32] tourGuide.service.RewardsService         : nearAttraction called with Kyle Field
2023-01-22T16:10:35.964+01:00  INFO 5507 --- [ool-3-thread-43] tourGuide.service.RewardsService         : getDistance called
2023-01-22T16:10:35.964+01:00  INFO 5507 --- [pool-3-thread-5] tourGuide.service.RewardsService         : getDistance called
2023-01-22T16:10:35.964+01:00  INFO 5507 --- [ool-3-thread-43] tourGuide.service.RewardsService         : nearAttraction called with Hot Springs National Park
2023-01-22T16:10:35.964+01:00  INFO 5507 --- [pool-3-thread-5] tourGuide.service.RewardsService         : nearAttraction called with Kartchner Caverns State Park
2023-01-22T16:10:35.964+01:00  INFO 5507 --- [ool-3-thread-63] tourGuide.service.RewardsService         : getDistance called
2023-01-22T16:10:35.964+01:00  INFO 5507 --- [pool-3-thread-5] tourGuide.service.RewardsService         : getDistance called
2023-01-22T16:10:35.964+01:00  INFO 5507 --- [ool-3-thread-63] tourGuide.service.RewardsService         : nearAttraction called with Legend Valley
2023-01-22T16:10:35.964+01:00  INFO 5507 --- [pool-3-thread-3] tourGuide.service.RewardsService         : nearAttraction called with Kansas City Zoo
2023-01-22T16:10:35.964+01:00  INFO 5507 --- [ool-3-thread-55] tourGuide.service.RewardsService         : getDistance called
2023-01-22T16:10:35.964+01:00  INFO 5507 --- [ool-3-thread-15] tourGuide.service.RewardsService         : nearAttraction called with Disneyland
2023-01-22T16:10:35.964+01:00  INFO 5507 --- [pool-3-thread-2] tourGuide.service.RewardsService         : getDistance called
2023-01-22T16:10:35.964+01:00  INFO 5507 --- [ool-3-thread-51] tourGuide.service.RewardsService         : nearAttraction called with Joshua Tree National Park
2023-01-22T16:10:35.964+01:00  INFO 5507 --- [pool-3-thread-2] tourGuide.service.RewardsService         : nearAttraction called with Flatiron Building
2023-01-22T16:10:35.964+01:00  INFO 5507 --- [ool-3-thread-19] tourGuide.service.RewardsService         : getDistance called
2023-01-22T16:10:35.964+01:00  INFO 5507 --- [ool-3-thread-12] tourGuide.service.RewardsService         : nearAttraction called with Buffalo National River
2023-01-22T16:10:35.964+01:00  INFO 5507 --- [ool-3-thread-32] tourGuide.service.RewardsService         : getDistance called
2023-01-22T16:10:35.965+01:00  INFO 5507 --- [ool-3-thread-19] tourGuide.service.RewardsService         : nearAttraction called with Fallingwater
2023-01-22T16:10:35.964+01:00  INFO 5507 --- [ool-3-thread-43] tourGuide.service.RewardsService         : getDistance called
2023-01-22T16:10:35.964+01:00  INFO 5507 --- [pool-3-thread-5] tourGuide.service.RewardsService         : nearAttraction called with Flowers Bakery of London
2023-01-22T16:10:35.964+01:00  INFO 5507 --- [ool-3-thread-63] tourGuide.service.RewardsService         : getDistance called
2023-01-22T16:10:35.964+01:00  INFO 5507 --- [pool-3-thread-3] tourGuide.service.RewardsService         : getDistance called
2023-01-22T16:10:35.965+01:00  INFO 5507 --- [ool-3-thread-63] tourGuide.service.RewardsService         : nearAttraction called with Texas Memorial Stadium
2023-01-22T16:10:35.964+01:00  INFO 5507 --- [ool-3-thread-55] tourGuide.service.RewardsService         : nearAttraction called with McKinley Tower
2023-01-22T16:10:35.965+01:00  INFO 5507 --- [pool-3-thread-3] tourGuide.service.RewardsService         : nearAttraction called with Bryant-Denny Stadium
2023-01-22T16:10:35.965+01:00  INFO 5507 --- [ool-3-thread-55] tourGuide.service.RewardsService         : getDistance called
2023-01-22T16:10:35.964+01:00  INFO 5507 --- [ool-3-thread-15] tourGuide.service.RewardsService         : getDistance called
2023-01-22T16:10:35.965+01:00  INFO 5507 --- [ool-3-thread-55] tourGuide.service.RewardsService         : nearAttraction called with Tiger Stadium
2023-01-22T16:10:35.964+01:00  INFO 5507 --- [ool-3-thread-51] tourGuide.service.RewardsService         : getDistance called
2023-01-22T16:10:35.964+01:00  INFO 5507 --- [pool-3-thread-2] tourGuide.service.RewardsService         : getDistance called
2023-01-22T16:10:35.965+01:00  INFO 5507 --- [ool-3-thread-51] tourGuide.service.RewardsService         : nearAttraction called with Neyland Stadium
2023-01-22T16:10:35.965+01:00  INFO 5507 --- [pool-3-thread-2] tourGuide.service.RewardsService         : nearAttraction called with Kyle Field
2023-01-22T16:10:35.965+01:00  INFO 5507 --- [ool-3-thread-51] tourGuide.service.RewardsService         : getDistance called
2023-01-22T16:10:35.965+01:00  INFO 5507 --- [ool-3-thread-12] tourGuide.service.RewardsService         : getDistance called
2023-01-22T16:10:35.965+01:00  INFO 5507 --- [ool-3-thread-51] tourGuide.service.RewardsService         : nearAttraction called with San Diego Zoo
2023-01-22T16:10:35.965+01:00  INFO 5507 --- [ool-3-thread-32] tourGuide.service.RewardsService         : nearAttraction called with Union Station
2023-01-22T16:10:35.965+01:00  INFO 5507 --- [ool-3-thread-19] tourGuide.service.RewardsService         : getDistance called
2023-01-22T16:10:35.965+01:00  INFO 5507 --- [ool-3-thread-43] tourGuide.service.RewardsService         : nearAttraction called with Roger Dean Stadium
2023-01-22T16:10:35.965+01:00  INFO 5507 --- [pool-3-thread-5] tourGuide.service.RewardsService         : getDistance called
2023-01-22T16:10:35.965+01:00  INFO 5507 --- [ool-3-thread-43] tourGuide.service.RewardsService         : getDistance called
2023-01-22T16:10:35.965+01:00  INFO 5507 --- [ool-3-thread-63] tourGuide.service.RewardsService         : getDistance called
2023-01-22T16:10:35.965+01:00  INFO 5507 --- [pool-3-thread-3] tourGuide.service.RewardsService         : getDistance called
2023-01-22T16:10:35.965+01:00  INFO 5507 --- [ool-3-thread-15] tourGuide.service.RewardsService         : getRewardPoints called with Disneyland and internalUser34
2023-01-22T16:10:35.965+01:00  INFO 5507 --- [pool-3-thread-3] tourGuide.service.RewardsService         : nearAttraction called with Cinderella Castle
2023-01-22T16:10:35.965+01:00  INFO 5507 --- [ool-3-thread-55] tourGuide.service.RewardsService         : getDistance called
2023-01-22T16:10:35.965+01:00  INFO 5507 --- [pool-3-thread-2] tourGuide.service.RewardsService         : getDistance called
2023-01-22T16:10:35.965+01:00  INFO 5507 --- [ool-3-thread-51] tourGuide.service.RewardsService         : getDistance called
2023-01-22T16:10:35.965+01:00  INFO 5507 --- [pool-3-thread-2] tourGuide.service.RewardsService         : nearAttraction called with Jackson Hole
2023-01-22T16:10:35.965+01:00  INFO 5507 --- [ool-3-thread-12] tourGuide.service.RewardsService         : nearAttraction called with Zoo Tampa at Lowry Park
2023-01-22T16:10:35.965+01:00  INFO 5507 --- [ool-3-thread-32] tourGuide.service.RewardsService         : getDistance called
2023-01-22T16:10:35.965+01:00  INFO 5507 --- [ool-3-thread-12] tourGuide.service.RewardsService         : getDistance called
2023-01-22T16:10:35.965+01:00  INFO 5507 --- [ool-3-thread-19] tourGuide.service.RewardsService         : nearAttraction called with Franklin Park Zoo
2023-01-22T16:10:35.965+01:00  INFO 5507 --- [ool-3-thread-12] tourGuide.service.RewardsService         : nearAttraction called with Buffalo National River
2023-01-22T16:10:35.965+01:00  INFO 5507 --- [ool-3-thread-19] tourGuide.service.RewardsService         : getDistance called
2023-01-22T16:10:35.965+01:00  INFO 5507 --- [pool-3-thread-5] tourGuide.service.RewardsService         : nearAttraction called with El Paso Zoo
2023-01-22T16:10:35.965+01:00  INFO 5507 --- [ool-3-thread-43] tourGuide.service.RewardsService         : nearAttraction called with Kansas City Zoo
2023-01-22T16:10:35.965+01:00  INFO 5507 --- [ool-3-thread-63] tourGuide.service.RewardsService         : nearAttraction called with Bronx Zoo
2023-01-22T16:10:35.965+01:00  INFO 5507 --- [ool-3-thread-43] tourGuide.service.RewardsService         : getDistance called
2023-01-22T16:10:35.965+01:00  INFO 5507 --- [ool-3-thread-63] tourGuide.service.RewardsService         : getDistance called
2023-01-22T16:10:35.965+01:00  INFO 5507 --- [ool-3-thread-43] tourGuide.service.RewardsService         : nearAttraction called with Kartchner Caverns State Park
2023-01-22T16:10:35.965+01:00  INFO 5507 --- [ool-3-thread-63] tourGuide.service.RewardsService         : nearAttraction called with Legend Valley
2023-01-22T16:10:35.965+01:00  INFO 5507 --- [pool-3-thread-3] tourGuide.service.RewardsService         : getDistance called
2023-01-22T16:10:35.965+01:00  INFO 5507 --- [ool-3-thread-63] tourGuide.service.RewardsService         : getDistance called
2023-01-22T16:10:35.965+01:00  INFO 5507 --- [pool-3-thread-3] tourGuide.service.RewardsService         : nearAttraction called with Flowers Bakery of London
2023-01-22T16:10:35.965+01:00  INFO 5507 --- [ool-3-thread-55] tourGuide.service.RewardsService         : nearAttraction called with Disneyland
2023-01-22T16:10:35.965+01:00  INFO 5507 --- [pool-3-thread-3] tourGuide.service.RewardsService         : getDistance called
2023-01-22T16:10:35.965+01:00  INFO 5507 --- [ool-3-thread-51] tourGuide.service.RewardsService         : nearAttraction called with Mojave National Preserve
2023-01-22T16:10:35.965+01:00  INFO 5507 --- [pool-3-thread-2] tourGuide.service.RewardsService         : getDistance called
2023-01-22T16:10:35.965+01:00  INFO 5507 --- [ool-3-thread-32] tourGuide.service.RewardsService         : nearAttraction called with Joshua Tree National Park
2023-01-22T16:10:35.966+01:00  INFO 5507 --- [pool-3-thread-2] tourGuide.service.RewardsService         : nearAttraction called with Fallingwater
2023-01-22T16:10:35.965+01:00  INFO 5507 --- [ool-3-thread-12] tourGuide.service.RewardsService         : getDistance called
2023-01-22T16:10:35.965+01:00  INFO 5507 --- [ool-3-thread-19] tourGuide.service.RewardsService         : nearAttraction called with Hot Springs National Park
2023-01-22T16:10:35.966+01:00  INFO 5507 --- [ool-3-thread-12] tourGuide.service.RewardsService         : nearAttraction called with Union Station
2023-01-22T16:10:35.965+01:00  INFO 5507 --- [pool-3-thread-5] tourGuide.service.RewardsService         : getDistance called
2023-01-22T16:10:35.965+01:00  INFO 5507 --- [ool-3-thread-43] tourGuide.service.RewardsService         : getDistance called
2023-01-22T16:10:35.965+01:00  INFO 5507 --- [ool-3-thread-63] tourGuide.service.RewardsService         : nearAttraction called with McKinley Tower
2023-01-22T16:10:35.966+01:00  INFO 5507 --- [ool-3-thread-43] tourGuide.service.RewardsService         : nearAttraction called with Texas Memorial Stadium
2023-01-22T16:10:35.966+01:00  INFO 5507 --- [ool-3-thread-63] tourGuide.service.RewardsService         : getDistance called
2023-01-22T16:10:35.965+01:00  INFO 5507 --- [ool-3-thread-55] tourGuide.service.RewardsService         : getDistance called
2023-01-22T16:10:35.965+01:00  INFO 5507 --- [pool-3-thread-3] tourGuide.service.RewardsService         : nearAttraction called with Flatiron Building
2023-01-22T16:10:35.966+01:00  INFO 5507 --- [ool-3-thread-55] tourGuide.service.RewardsService         : getRewardPoints called with Disneyland and internalUser33
2023-01-22T16:10:35.966+01:00  INFO 5507 --- [pool-3-thread-3] tourGuide.service.RewardsService         : getDistance called
2023-01-22T16:10:35.966+01:00  INFO 5507 --- [ool-3-thread-51] tourGuide.service.RewardsService         : getDistance called
2023-01-22T16:10:35.966+01:00  INFO 5507 --- [ool-3-thread-32] tourGuide.service.RewardsService         : getDistance called
2023-01-22T16:10:35.966+01:00  INFO 5507 --- [pool-3-thread-2] tourGuide.service.RewardsService         : getDistance called
2023-01-22T16:10:35.966+01:00  INFO 5507 --- [ool-3-thread-32] tourGuide.service.RewardsService         : nearAttraction called with Kyle Field
2023-01-22T16:10:35.966+01:00  INFO 5507 --- [ool-3-thread-19] tourGuide.service.RewardsService         : getDistance called
2023-01-22T16:10:35.966+01:00  INFO 5507 --- [ool-3-thread-12] tourGuide.service.RewardsService         : getDistance called
2023-01-22T16:10:35.966+01:00  INFO 5507 --- [pool-3-thread-5] tourGuide.service.RewardsService         : nearAttraction called with Roger Dean Stadium
2023-01-22T16:10:35.966+01:00  INFO 5507 --- [ool-3-thread-12] tourGuide.service.RewardsService         : nearAttraction called with Franklin Park Zoo
2023-01-22T16:10:35.966+01:00  INFO 5507 --- [pool-3-thread-5] tourGuide.service.RewardsService         : getDistance called
2023-01-22T16:10:35.966+01:00  INFO 5507 --- [ool-3-thread-12] tourGuide.service.RewardsService         : getDistance called
2023-01-22T16:10:35.966+01:00  INFO 5507 --- [pool-3-thread-5] tourGuide.service.RewardsService         : nearAttraction called with El Paso Zoo
2023-01-22T16:10:35.966+01:00  INFO 5507 --- [ool-3-thread-12] tourGuide.service.RewardsService         : nearAttraction called with Kansas City Zoo
2023-01-22T16:10:35.966+01:00  INFO 5507 --- [ool-3-thread-43] tourGuide.service.RewardsService         : getDistance called
2023-01-22T16:10:35.966+01:00  INFO 5507 --- [ool-3-thread-63] tourGuide.service.RewardsService         : nearAttraction called with Bryant-Denny Stadium
2023-01-22T16:10:35.966+01:00  INFO 5507 --- [ool-3-thread-43] tourGuide.service.RewardsService         : nearAttraction called with Bronx Zoo
2023-01-22T16:10:35.966+01:00  INFO 5507 --- [pool-3-thread-3] tourGuide.service.RewardsService         : nearAttraction called with Tiger Stadium
2023-01-22T16:10:35.966+01:00  INFO 5507 --- [ool-3-thread-51] tourGuide.service.RewardsService         : nearAttraction called with Neyland Stadium
2023-01-22T16:10:35.966+01:00  INFO 5507 --- [pool-3-thread-2] tourGuide.service.RewardsService         : nearAttraction called with San Diego Zoo
2023-01-22T16:10:35.966+01:00  INFO 5507 --- [ool-3-thread-51] tourGuide.service.RewardsService         : getDistance called
2023-01-22T16:10:35.966+01:00  INFO 5507 --- [pool-3-thread-2] tourGuide.service.RewardsService         : getDistance called
2023-01-22T16:10:35.966+01:00  INFO 5507 --- [ool-3-thread-32] tourGuide.service.RewardsService         : getDistance called
2023-01-22T16:10:35.966+01:00  INFO 5507 --- [pool-3-thread-2] tourGuide.service.RewardsService         : nearAttraction called with Disneyland
2023-01-22T16:10:35.966+01:00  INFO 5507 --- [ool-3-thread-19] tourGuide.service.RewardsService         : nearAttraction called with Zoo Tampa at Lowry Park
2023-01-22T16:10:35.966+01:00  INFO 5507 --- [pool-3-thread-5] tourGuide.service.RewardsService         : getDistance called
2023-01-22T16:10:35.966+01:00  INFO 5507 --- [ool-3-thread-19] tourGuide.service.RewardsService         : getDistance called
2023-01-22T16:10:35.966+01:00  INFO 5507 --- [pool-3-thread-5] tourGuide.service.RewardsService         : nearAttraction called with Mojave National Preserve
2023-01-22T16:10:35.966+01:00  INFO 5507 --- [ool-3-thread-12] tourGuide.service.RewardsService         : getDistance called
2023-01-22T16:10:35.966+01:00  INFO 5507 --- [ool-3-thread-19] tourGuide.service.RewardsService         : nearAttraction called with Joshua Tree National Park
2023-01-22T16:10:35.966+01:00  INFO 5507 --- [ool-3-thread-63] tourGuide.service.RewardsService         : getDistance called
2023-01-22T16:10:35.966+01:00  INFO 5507 --- [ool-3-thread-19] tourGuide.service.RewardsService         : getDistance called
2023-01-22T16:10:35.966+01:00  INFO 5507 --- [ool-3-thread-43] tourGuide.service.RewardsService         : getDistance called
2023-01-22T16:10:35.966+01:00  INFO 5507 --- [pool-3-thread-3] tourGuide.service.RewardsService         : getDistance called
2023-01-22T16:10:35.966+01:00  INFO 5507 --- [ool-3-thread-51] tourGuide.service.RewardsService         : nearAttraction called with Cinderella Castle
2023-01-22T16:10:35.966+01:00  INFO 5507 --- [pool-3-thread-3] tourGuide.service.RewardsService         : nearAttraction called with Flowers Bakery of London
2023-01-22T16:10:35.966+01:00  INFO 5507 --- [ool-3-thread-51] tourGuide.service.RewardsService         : getDistance called
2023-01-22T16:10:35.966+01:00  INFO 5507 --- [pool-3-thread-3] tourGuide.service.RewardsService         : getDistance called
2023-01-22T16:10:35.966+01:00  INFO 5507 --- [ool-3-thread-32] tourGuide.service.RewardsService         : nearAttraction called with Jackson Hole
2023-01-22T16:10:35.966+01:00  INFO 5507 --- [ool-3-thread-51] tourGuide.service.RewardsService         : nearAttraction called with McKinley Tower
2023-01-22T16:10:35.966+01:00  INFO 5507 --- [ool-3-thread-32] tourGuide.service.RewardsService         : getDistance called
2023-01-22T16:10:35.966+01:00  INFO 5507 --- [pool-3-thread-2] tourGuide.service.RewardsService         : getDistance called
2023-01-22T16:10:35.966+01:00  INFO 5507 --- [ool-3-thread-32] tourGuide.service.RewardsService         : nearAttraction called with Fallingwater
2023-01-22T16:10:35.966+01:00  INFO 5507 --- [pool-3-thread-5] tourGuide.service.RewardsService         : getDistance called
2023-01-22T16:10:35.966+01:00  INFO 5507 --- [ool-3-thread-12] tourGuide.service.RewardsService         : nearAttraction called with Buffalo National River
2023-01-22T16:10:35.966+01:00  INFO 5507 --- [ool-3-thread-63] tourGuide.service.RewardsService         : nearAttraction called with Hot Springs National Park
2023-01-22T16:10:35.966+01:00  INFO 5507 --- [ool-3-thread-19] tourGuide.service.RewardsService         : nearAttraction called with Kartchner Caverns State Park
2023-01-22T16:10:35.967+01:00  INFO 5507 --- [ool-3-thread-12] tourGuide.service.RewardsService         : getDistance called
2023-01-22T16:10:35.967+01:00  INFO 5507 --- [ool-3-thread-19] tourGuide.service.RewardsService         : getDistance called
2023-01-22T16:10:35.966+01:00  INFO 5507 --- [ool-3-thread-43] tourGuide.service.RewardsService         : nearAttraction called with Legend Valley
2023-01-22T16:10:35.967+01:00  INFO 5507 --- [ool-3-thread-12] tourGuide.service.RewardsService         : nearAttraction called with Roger Dean Stadium
2023-01-22T16:10:35.966+01:00  INFO 5507 --- [pool-3-thread-3] tourGuide.service.RewardsService         : nearAttraction called with Flatiron Building
2023-01-22T16:10:35.966+01:00  INFO 5507 --- [ool-3-thread-51] tourGuide.service.RewardsService         : getDistance called
2023-01-22T16:10:35.967+01:00  INFO 5507 --- [pool-3-thread-3] tourGuide.service.RewardsService         : getDistance called
2023-01-22T16:10:35.966+01:00  INFO 5507 --- [pool-3-thread-2] tourGuide.service.RewardsService         : getRewardPoints called with Disneyland and internalUser36
2023-01-22T16:10:35.966+01:00  INFO 5507 --- [ool-3-thread-32] tourGuide.service.RewardsService         : getDistance called
2023-01-22T16:10:35.967+01:00  INFO 5507 --- [pool-3-thread-5] tourGuide.service.RewardsService         : nearAttraction called with Union Station
2023-01-22T16:10:35.967+01:00  INFO 5507 --- [ool-3-thread-32] tourGuide.service.RewardsService         : nearAttraction called with Neyland Stadium
2023-01-22T16:10:35.967+01:00  INFO 5507 --- [ool-3-thread-63] tourGuide.service.RewardsService         : getDistance called
2023-01-22T16:10:35.967+01:00  INFO 5507 --- [ool-3-thread-32] tourGuide.service.RewardsService         : getDistance called
2023-01-22T16:10:35.967+01:00  INFO 5507 --- [ool-3-thread-19] tourGuide.service.RewardsService         : nearAttraction called with Texas Memorial Stadium
2023-01-22T16:10:35.967+01:00  INFO 5507 --- [ool-3-thread-63] tourGuide.service.RewardsService         : nearAttraction called with Kyle Field
2023-01-22T16:10:35.967+01:00  INFO 5507 --- [ool-3-thread-19] tourGuide.service.RewardsService         : getDistance called
2023-01-22T16:10:35.967+01:00  INFO 5507 --- [ool-3-thread-63] tourGuide.service.RewardsService         : getDistance called
2023-01-22T16:10:35.967+01:00  INFO 5507 --- [ool-3-thread-12] tourGuide.service.RewardsService         : getDistance called
2023-01-22T16:10:35.967+01:00  INFO 5507 --- [ool-3-thread-63] tourGuide.service.RewardsService         : nearAttraction called with Franklin Park Zoo
2023-01-22T16:10:35.967+01:00  INFO 5507 --- [ool-3-thread-43] tourGuide.service.RewardsService         : getDistance called
2023-01-22T16:10:35.967+01:00  INFO 5507 --- [ool-3-thread-51] tourGuide.service.RewardsService         : nearAttraction called with Bryant-Denny Stadium
2023-01-22T16:10:35.967+01:00  INFO 5507 --- [pool-3-thread-3] tourGuide.service.RewardsService         : nearAttraction called with Tiger Stadium
2023-01-22T16:10:35.967+01:00  INFO 5507 --- [pool-3-thread-5] tourGuide.service.RewardsService         : getDistance called
2023-01-22T16:10:35.967+01:00  INFO 5507 --- [pool-3-thread-3] tourGuide.service.RewardsService         : getDistance called
2023-01-22T16:10:35.967+01:00  INFO 5507 --- [ool-3-thread-32] tourGuide.service.RewardsService         : nearAttraction called with San Diego Zoo
2023-01-22T16:10:35.967+01:00  INFO 5507 --- [ool-3-thread-19] tourGuide.service.RewardsService         : nearAttraction called with Zoo Tampa at Lowry Park
2023-01-22T16:10:35.967+01:00  INFO 5507 --- [ool-3-thread-12] tourGuide.service.RewardsService         : nearAttraction called with El Paso Zoo
2023-01-22T16:10:35.967+01:00  INFO 5507 --- [ool-3-thread-19] tourGuide.service.RewardsService         : getDistance called
2023-01-22T16:10:35.967+01:00  INFO 5507 --- [ool-3-thread-63] tourGuide.service.RewardsService         : getDistance called
2023-01-22T16:10:35.967+01:00  INFO 5507 --- [ool-3-thread-19] tourGuide.service.RewardsService         : nearAttraction called with Disneyland
2023-01-22T16:10:35.967+01:00  INFO 5507 --- [ool-3-thread-51] tourGuide.service.RewardsService         : getDistance called
2023-01-22T16:10:35.967+01:00  INFO 5507 --- [ool-3-thread-43] tourGuide.service.RewardsService         : nearAttraction called with Kansas City Zoo
2023-01-22T16:10:35.967+01:00  INFO 5507 --- [ool-3-thread-51] tourGuide.service.RewardsService         : nearAttraction called with Mojave National Preserve
2023-01-22T16:10:35.967+01:00  INFO 5507 --- [pool-3-thread-5] tourGuide.service.RewardsService         : nearAttraction called with Bronx Zoo
2023-01-22T16:10:35.967+01:00  INFO 5507 --- [pool-3-thread-3] tourGuide.service.RewardsService         : nearAttraction called with Cinderella Castle
2023-01-22T16:10:35.967+01:00  INFO 5507 --- [pool-3-thread-5] tourGuide.service.RewardsService         : getDistance called
2023-01-22T16:10:35.967+01:00  INFO 5507 --- [ool-3-thread-32] tourGuide.service.RewardsService         : getDistance called
2023-01-22T16:10:35.967+01:00  INFO 5507 --- [pool-3-thread-5] tourGuide.service.RewardsService         : nearAttraction called with Joshua Tree National Park
2023-01-22T16:10:35.967+01:00  INFO 5507 --- [ool-3-thread-32] tourGuide.service.RewardsService         : nearAttraction called with Buffalo National River
2023-01-22T16:10:35.967+01:00  INFO 5507 --- [ool-3-thread-12] tourGuide.service.RewardsService         : getDistance called
2023-01-22T16:10:35.967+01:00  INFO 5507 --- [ool-3-thread-32] tourGuide.service.RewardsService         : getDistance called
2023-01-22T16:10:35.967+01:00  INFO 5507 --- [ool-3-thread-63] tourGuide.service.RewardsService         : nearAttraction called with Jackson Hole
2023-01-22T16:10:35.967+01:00  INFO 5507 --- [ool-3-thread-32] tourGuide.service.RewardsService         : nearAttraction called with Kartchner Caverns State Park
2023-01-22T16:10:35.967+01:00  INFO 5507 --- [ool-3-thread-63] tourGuide.service.RewardsService         : getDistance called
2023-01-22T16:10:35.967+01:00  INFO 5507 --- [ool-3-thread-19] tourGuide.service.RewardsService         : getDistance called
2023-01-22T16:10:35.967+01:00  INFO 5507 --- [ool-3-thread-63] tourGuide.service.RewardsService         : nearAttraction called with Legend Valley
2023-01-22T16:10:35.967+01:00  INFO 5507 --- [ool-3-thread-43] tourGuide.service.RewardsService         : getDistance called
2023-01-22T16:10:35.967+01:00  INFO 5507 --- [ool-3-thread-63] tourGuide.service.RewardsService         : getDistance called
2023-01-22T16:10:35.967+01:00  INFO 5507 --- [ool-3-thread-51] tourGuide.service.RewardsService         : getDistance called
2023-01-22T16:10:35.967+01:00  INFO 5507 --- [ool-3-thread-63] tourGuide.service.RewardsService         : nearAttraction called with McKinley Tower
2023-01-22T16:10:35.967+01:00  INFO 5507 --- [pool-3-thread-3] tourGuide.service.RewardsService         : getDistance called
2023-01-22T16:10:35.967+01:00  INFO 5507 --- [pool-3-thread-5] tourGuide.service.RewardsService         : getDistance called
2023-01-22T16:10:35.967+01:00  INFO 5507 --- [ool-3-thread-12] tourGuide.service.RewardsService         : nearAttraction called with Hot Springs National Park
2023-01-22T16:10:35.967+01:00  INFO 5507 --- [pool-3-thread-5] tourGuide.service.RewardsService         : nearAttraction called with Union Station
2023-01-22T16:10:35.967+01:00  INFO 5507 --- [ool-3-thread-12] tourGuide.service.RewardsService         : getDistance called
2023-01-22T16:10:35.967+01:00  INFO 5507 --- [ool-3-thread-32] tourGuide.service.RewardsService         : getDistance called
2023-01-22T16:10:35.967+01:00  INFO 5507 --- [ool-3-thread-12] tourGuide.service.RewardsService         : nearAttraction called with Roger Dean Stadium
2023-01-22T16:10:35.967+01:00  INFO 5507 --- [ool-3-thread-19] tourGuide.service.RewardsService         : getRewardPoints called with Disneyland and internalUser35
2023-01-22T16:10:35.968+01:00  INFO 5507 --- [ool-3-thread-32] tourGuide.service.RewardsService         : nearAttraction called with Texas Memorial Stadium
2023-01-22T16:10:35.967+01:00  INFO 5507 --- [ool-3-thread-43] tourGuide.service.RewardsService         : nearAttraction called with Flowers Bakery of London
2023-01-22T16:10:35.967+01:00  INFO 5507 --- [ool-3-thread-63] tourGuide.service.RewardsService         : getDistance called
2023-01-22T16:10:35.967+01:00  INFO 5507 --- [ool-3-thread-51] tourGuide.service.RewardsService         : nearAttraction called with Flatiron Building
2023-01-22T16:10:35.967+01:00  INFO 5507 --- [pool-3-thread-3] tourGuide.service.RewardsService         : nearAttraction called with Fallingwater
2023-01-22T16:10:35.967+01:00  INFO 5507 --- [pool-3-thread-5] tourGuide.service.RewardsService         : getDistance called
2023-01-22T16:10:35.968+01:00  INFO 5507 --- [pool-3-thread-3] tourGuide.service.RewardsService         : getDistance called
2023-01-22T16:10:35.968+01:00  INFO 5507 --- [ool-3-thread-12] tourGuide.service.RewardsService         : getDistance called
2023-01-22T16:10:35.968+01:00  INFO 5507 --- [pool-3-thread-3] tourGuide.service.RewardsService         : nearAttraction called with Neyland Stadium
2023-01-22T16:10:35.968+01:00  INFO 5507 --- [ool-3-thread-32] tourGuide.service.RewardsService         : getDistance called
2023-01-22T16:10:35.968+01:00  INFO 5507 --- [ool-3-thread-43] tourGuide.service.RewardsService         : getDistance called
2023-01-22T16:10:35.968+01:00  INFO 5507 --- [ool-3-thread-63] tourGuide.service.RewardsService         : nearAttraction called with Bryant-Denny Stadium
2023-01-22T16:10:35.968+01:00  INFO 5507 --- [ool-3-thread-43] tourGuide.service.RewardsService         : nearAttraction called with Zoo Tampa at Lowry Park
2023-01-22T16:10:35.968+01:00  INFO 5507 --- [ool-3-thread-51] tourGuide.service.RewardsService         : getDistance called
2023-01-22T16:10:35.968+01:00  INFO 5507 --- [ool-3-thread-43] tourGuide.service.RewardsService         : getDistance called
2023-01-22T16:10:35.968+01:00  INFO 5507 --- [pool-3-thread-5] tourGuide.service.RewardsService         : nearAttraction called with Tiger Stadium
2023-01-22T16:10:35.968+01:00  INFO 5507 --- [ool-3-thread-43] tourGuide.service.RewardsService         : nearAttraction called with El Paso Zoo
2023-01-22T16:10:35.968+01:00  INFO 5507 --- [pool-3-thread-5] tourGuide.service.RewardsService         : getDistance called
2023-01-22T16:10:35.968+01:00  INFO 5507 --- [ool-3-thread-43] tourGuide.service.RewardsService         : getDistance called
2023-01-22T16:10:35.968+01:00  INFO 5507 --- [ool-3-thread-12] tourGuide.service.RewardsService         : nearAttraction called with Kyle Field
2023-01-22T16:10:35.968+01:00  INFO 5507 --- [ool-3-thread-43] tourGuide.service.RewardsService         : nearAttraction called with Bronx Zoo
2023-01-22T16:10:35.968+01:00  INFO 5507 --- [ool-3-thread-12] tourGuide.service.RewardsService         : getDistance called
2023-01-22T16:10:35.968+01:00  INFO 5507 --- [pool-3-thread-3] tourGuide.service.RewardsService         : getDistance called
2023-01-22T16:10:35.968+01:00  INFO 5507 --- [ool-3-thread-32] tourGuide.service.RewardsService         : nearAttraction called with San Diego Zoo
2023-01-22T16:10:35.968+01:00  INFO 5507 --- [pool-3-thread-3] tourGuide.service.RewardsService         : nearAttraction called with Disneyland
2023-01-22T16:10:35.968+01:00  INFO 5507 --- [ool-3-thread-32] tourGuide.service.RewardsService         : getDistance called
2023-01-22T16:10:35.968+01:00  INFO 5507 --- [pool-3-thread-3] tourGuide.service.RewardsService         : getDistance called
2023-01-22T16:10:35.968+01:00  INFO 5507 --- [ool-3-thread-32] tourGuide.service.RewardsService         : nearAttraction called with Jackson Hole
2023-01-22T16:10:35.968+01:00  INFO 5507 --- [ool-3-thread-63] tourGuide.service.RewardsService         : getDistance called
2023-01-22T16:10:35.968+01:00  INFO 5507 --- [ool-3-thread-51] tourGuide.service.RewardsService         : nearAttraction called with Franklin Park Zoo
2023-01-22T16:10:35.968+01:00  INFO 5507 --- [ool-3-thread-63] tourGuide.service.RewardsService         : nearAttraction called with Mojave National Preserve
2023-01-22T16:10:35.968+01:00  INFO 5507 --- [ool-3-thread-51] tourGuide.service.RewardsService         : getDistance called
2023-01-22T16:10:35.968+01:00  INFO 5507 --- [ool-3-thread-63] tourGuide.service.RewardsService         : getDistance called
2023-01-22T16:10:35.968+01:00  INFO 5507 --- [pool-3-thread-5] tourGuide.service.RewardsService         : nearAttraction called with Kansas City Zoo
2023-01-22T16:10:35.968+01:00  INFO 5507 --- [ool-3-thread-51] tourGuide.service.RewardsService         : nearAttraction called with Joshua Tree National Park
2023-01-22T16:10:35.968+01:00  INFO 5507 --- [pool-3-thread-5] tourGuide.service.RewardsService         : getDistance called
2023-01-22T16:10:35.968+01:00  INFO 5507 --- [ool-3-thread-51] tourGuide.service.RewardsService         : getDistance called
2023-01-22T16:10:35.968+01:00  INFO 5507 --- [pool-3-thread-5] tourGuide.service.RewardsService         : nearAttraction called with Hot Springs National Park
2023-01-22T16:10:35.968+01:00  INFO 5507 --- [ool-3-thread-43] tourGuide.service.RewardsService         : getDistance called
2023-01-22T16:10:35.968+01:00  INFO 5507 --- [ool-3-thread-12] tourGuide.service.RewardsService         : nearAttraction called with Cinderella Castle
2023-01-22T16:10:35.968+01:00  INFO 5507 --- [pool-3-thread-3] tourGuide.service.RewardsService         : getRewardPoints called with Disneyland and internalUser30
2023-01-22T16:10:35.968+01:00  INFO 5507 --- [ool-3-thread-32] tourGuide.service.RewardsService         : getDistance called
2023-01-22T16:10:35.968+01:00  INFO 5507 --- [ool-3-thread-36] tourGuide.service.RewardsService         : Rewards of internalUser39 calculated by calculateRewards
2023-01-22T16:10:35.968+01:00  INFO 5507 --- [ool-3-thread-32] tourGuide.service.RewardsService         : nearAttraction called with Flowers Bakery of London
2023-01-22T16:10:35.968+01:00  INFO 5507 --- [ool-3-thread-63] tourGuide.service.RewardsService         : nearAttraction called with Buffalo National River
2023-01-22T16:10:35.968+01:00  INFO 5507 --- [ool-3-thread-51] tourGuide.service.RewardsService         : nearAttraction called with Kartchner Caverns State Park
2023-01-22T16:10:35.968+01:00  INFO 5507 --- [ool-3-thread-63] tourGuide.service.RewardsService         : getDistance called
2023-01-22T16:10:35.968+01:00  INFO 5507 --- [ool-3-thread-51] tourGuide.service.RewardsService         : getDistance called
2023-01-22T16:10:35.968+01:00  INFO 5507 --- [pool-3-thread-5] tourGuide.service.RewardsService         : getDistance called
2023-01-22T16:10:35.968+01:00  INFO 5507 --- [ool-3-thread-51] tourGuide.service.RewardsService         : nearAttraction called with Fallingwater
2023-01-22T16:10:35.968+01:00  INFO 5507 --- [ool-3-thread-43] tourGuide.service.RewardsService         : nearAttraction called with Legend Valley
2023-01-22T16:10:35.968+01:00  INFO 5507 --- [pool-3-thread-5] tourGuide.service.RewardsService         : nearAttraction called with Union Station
2023-01-22T16:10:35.968+01:00  INFO 5507 --- [ool-3-thread-43] tourGuide.service.RewardsService         : getDistance called
2023-01-22T16:10:35.968+01:00  INFO 5507 --- [pool-3-thread-5] tourGuide.service.RewardsService         : getDistance called
2023-01-22T16:10:35.968+01:00  INFO 5507 --- [ool-3-thread-12] tourGuide.service.RewardsService         : getDistance called
2023-01-22T16:10:35.968+01:00  INFO 5507 --- [ool-3-thread-32] tourGuide.service.RewardsService         : getDistance called
2023-01-22T16:10:35.969+01:00  INFO 5507 --- [pool-3-thread-5] tourGuide.service.RewardsService         : nearAttraction called with Texas Memorial Stadium
2023-01-22T16:10:35.968+01:00  INFO 5507 --- [ool-3-thread-36] tourGuide.service.RewardsService         : nearAttraction called with McKinley Tower
2023-01-22T16:10:35.968+01:00  INFO 5507 --- [ool-3-thread-63] tourGuide.service.RewardsService         : nearAttraction called with Flatiron Building
2023-01-22T16:10:35.969+01:00  INFO 5507 --- [ool-3-thread-36] tourGuide.service.RewardsService         : getDistance called
2023-01-22T16:10:35.968+01:00  INFO 5507 --- [ool-3-thread-51] tourGuide.service.RewardsService         : getDistance called
2023-01-22T16:10:35.968+01:00  INFO 5507 --- [ool-3-thread-43] tourGuide.service.RewardsService         : nearAttraction called with Roger Dean Stadium
2023-01-22T16:10:35.969+01:00  INFO 5507 --- [ool-3-thread-12] tourGuide.service.RewardsService         : nearAttraction called with Bryant-Denny Stadium
2023-01-22T16:10:35.969+01:00  INFO 5507 --- [ool-3-thread-43] tourGuide.service.RewardsService         : getDistance called
2023-01-22T16:10:35.969+01:00  INFO 5507 --- [ool-3-thread-32] tourGuide.service.RewardsService         : nearAttraction called with Tiger Stadium
2023-01-22T16:10:35.969+01:00  INFO 5507 --- [pool-3-thread-5] tourGuide.service.RewardsService         : getDistance called
2023-01-22T16:10:35.969+01:00  INFO 5507 --- [ool-3-thread-63] tourGuide.service.RewardsService         : getDistance called
2023-01-22T16:10:35.969+01:00  INFO 5507 --- [ool-3-thread-36] tourGuide.service.RewardsService         : nearAttraction called with Neyland Stadium
2023-01-22T16:10:35.969+01:00  INFO 5507 --- [ool-3-thread-51] tourGuide.service.RewardsService         : nearAttraction called with Kyle Field
2023-01-22T16:10:35.969+01:00  INFO 5507 --- [ool-3-thread-36] tourGuide.service.RewardsService         : getDistance called
2023-01-22T16:10:35.969+01:00  INFO 5507 --- [ool-3-thread-51] tourGuide.service.RewardsService         : getDistance called
2023-01-22T16:10:35.969+01:00  INFO 5507 --- [ool-3-thread-12] tourGuide.service.RewardsService         : getDistance called
2023-01-22T16:10:35.969+01:00  INFO 5507 --- [ool-3-thread-36] tourGuide.service.RewardsService         : nearAttraction called with El Paso Zoo
2023-01-22T16:10:35.969+01:00  INFO 5507 --- [ool-3-thread-43] tourGuide.service.RewardsService         : nearAttraction called with San Diego Zoo
2023-01-22T16:10:35.969+01:00  INFO 5507 --- [ool-3-thread-36] tourGuide.service.RewardsService         : getDistance called
2023-01-22T16:10:35.969+01:00  INFO 5507 --- [ool-3-thread-43] tourGuide.service.RewardsService         : getDistance called
2023-01-22T16:10:35.969+01:00  INFO 5507 --- [ool-3-thread-36] tourGuide.service.RewardsService         : nearAttraction called with Cinderella Castle
2023-01-22T16:10:35.969+01:00  INFO 5507 --- [ool-3-thread-32] tourGuide.service.RewardsService         : getDistance called
2023-01-22T16:10:35.969+01:00  INFO 5507 --- [ool-3-thread-36] tourGuide.service.RewardsService         : getDistance called
2023-01-22T16:10:35.969+01:00  INFO 5507 --- [pool-3-thread-5] tourGuide.service.RewardsService         : nearAttraction called with Zoo Tampa at Lowry Park
2023-01-22T16:10:35.969+01:00  INFO 5507 --- [ool-3-thread-36] tourGuide.service.RewardsService         : nearAttraction called with Mojave National Preserve
2023-01-22T16:10:35.969+01:00  INFO 5507 --- [pool-3-thread-5] tourGuide.service.RewardsService         : getDistance called
2023-01-22T16:10:35.969+01:00  INFO 5507 --- [ool-3-thread-36] tourGuide.service.RewardsService         : getDistance called
2023-01-22T16:10:35.969+01:00  INFO 5507 --- [ool-3-thread-63] tourGuide.service.RewardsService         : nearAttraction called with Franklin Park Zoo
2023-01-22T16:10:35.969+01:00  INFO 5507 --- [pool-3-thread-5] tourGuide.service.RewardsService         : nearAttraction called with Joshua Tree National Park
2023-01-22T16:10:35.969+01:00  INFO 5507 --- [ool-3-thread-51] tourGuide.service.RewardsService         : nearAttraction called with Kansas City Zoo
2023-01-22T16:10:35.969+01:00  INFO 5507 --- [ool-3-thread-63] tourGuide.service.RewardsService         : getDistance called
2023-01-22T16:10:35.969+01:00  INFO 5507 --- [ool-3-thread-12] tourGuide.service.RewardsService         : nearAttraction called with Bronx Zoo
2023-01-22T16:10:35.969+01:00  INFO 5507 --- [ool-3-thread-63] tourGuide.service.RewardsService         : nearAttraction called with Hot Springs National Park
2023-01-22T16:10:35.969+01:00  INFO 5507 --- [ool-3-thread-12] tourGuide.service.RewardsService         : getDistance called
2023-01-22T16:10:35.969+01:00  INFO 5507 --- [ool-3-thread-63] tourGuide.service.RewardsService         : getDistance called
2023-01-22T16:10:35.969+01:00  INFO 5507 --- [ool-3-thread-43] tourGuide.service.RewardsService         : nearAttraction called with Disneyland
2023-01-22T16:10:35.969+01:00  INFO 5507 --- [ool-3-thread-32] tourGuide.service.RewardsService         : nearAttraction called with Jackson Hole
2023-01-22T16:10:35.969+01:00  INFO 5507 --- [ool-3-thread-36] tourGuide.service.RewardsService         : nearAttraction called with Buffalo National River
2023-01-22T16:10:35.969+01:00  INFO 5507 --- [pool-3-thread-5] tourGuide.service.RewardsService         : getDistance called
2023-01-22T16:10:35.969+01:00  INFO 5507 --- [ool-3-thread-36] tourGuide.service.RewardsService         : getDistance called
2023-01-22T16:10:35.969+01:00  INFO 5507 --- [ool-3-thread-51] tourGuide.service.RewardsService         : getDistance called
2023-01-22T16:10:35.969+01:00  INFO 5507 --- [pool-3-thread-5] tourGuide.service.RewardsService         : nearAttraction called with Flowers Bakery of London
2023-01-22T16:10:35.969+01:00  INFO 5507 --- [ool-3-thread-12] tourGuide.service.RewardsService         : nearAttraction called with Kartchner Caverns State Park
2023-01-22T16:10:35.969+01:00  INFO 5507 --- [ool-3-thread-63] tourGuide.service.RewardsService         : nearAttraction called with Legend Valley
2023-01-22T16:10:35.969+01:00  INFO 5507 --- [ool-3-thread-43] tourGuide.service.RewardsService         : getDistance called
2023-01-22T16:10:35.969+01:00  INFO 5507 --- [ool-3-thread-32] tourGuide.service.RewardsService         : getDistance called
2023-01-22T16:10:35.969+01:00  INFO 5507 --- [ool-3-thread-43] tourGuide.service.RewardsService         : getRewardPoints called with Disneyland and internalUser32
2023-01-22T16:10:35.969+01:00  INFO 5507 --- [ool-3-thread-32] tourGuide.service.RewardsService         : nearAttraction called with Fallingwater
2023-01-22T16:10:35.969+01:00  INFO 5507 --- [ool-3-thread-36] tourGuide.service.RewardsService         : nearAttraction called with McKinley Tower
2023-01-22T16:10:35.969+01:00  INFO 5507 --- [ool-3-thread-51] tourGuide.service.RewardsService         : nearAttraction called with Flatiron Building
2023-01-22T16:10:35.969+01:00  INFO 5507 --- [pool-3-thread-5] tourGuide.service.RewardsService         : getDistance called
2023-01-22T16:10:35.969+01:00  INFO 5507 --- [ool-3-thread-12] tourGuide.service.RewardsService         : getDistance called
2023-01-22T16:10:35.969+01:00  INFO 5507 --- [pool-3-thread-5] tourGuide.service.RewardsService         : nearAttraction called with Union Station
2023-01-22T16:10:35.969+01:00  INFO 5507 --- [ool-3-thread-63] tourGuide.service.RewardsService         : getDistance called
2023-01-22T16:10:35.969+01:00  INFO 5507 --- [ool-3-thread-32] tourGuide.service.RewardsService         : getDistance called
2023-01-22T16:10:35.969+01:00  INFO 5507 --- [ool-3-thread-36] tourGuide.service.RewardsService         : getDistance called
2023-01-22T16:10:35.970+01:00  INFO 5507 --- [ool-3-thread-32] tourGuide.service.RewardsService         : nearAttraction called with Bryant-Denny Stadium
2023-01-22T16:10:35.969+01:00  INFO 5507 --- [ool-3-thread-51] tourGuide.service.RewardsService         : getDistance called
2023-01-22T16:10:35.969+01:00  INFO 5507 --- [ool-3-thread-12] tourGuide.service.RewardsService         : nearAttraction called with Roger Dean Stadium
2023-01-22T16:10:35.969+01:00  INFO 5507 --- [pool-3-thread-5] tourGuide.service.RewardsService         : getDistance called
2023-01-22T16:10:35.970+01:00  INFO 5507 --- [ool-3-thread-12] tourGuide.service.RewardsService         : getDistance called
2023-01-22T16:10:35.970+01:00  INFO 5507 --- [ool-3-thread-63] tourGuide.service.RewardsService         : nearAttraction called with Texas Memorial Stadium
2023-01-22T16:10:35.970+01:00  INFO 5507 --- [pool-3-thread-5] tourGuide.service.RewardsService         : nearAttraction called with Kyle Field
2023-01-22T16:10:35.970+01:00  INFO 5507 --- [ool-3-thread-36] tourGuide.service.RewardsService         : nearAttraction called with Tiger Stadium
2023-01-22T16:10:35.970+01:00  INFO 5507 --- [ool-3-thread-32] tourGuide.service.RewardsService         : getDistance called
2023-01-22T16:10:35.970+01:00  INFO 5507 --- [ool-3-thread-36] tourGuide.service.RewardsService         : getDistance called
2023-01-22T16:10:35.970+01:00  INFO 5507 --- [ool-3-thread-51] tourGuide.service.RewardsService         : nearAttraction called with Neyland Stadium
2023-01-22T16:10:35.970+01:00  INFO 5507 --- [ool-3-thread-32] tourGuide.service.RewardsService         : nearAttraction called with Zoo Tampa at Lowry Park
2023-01-22T16:10:35.970+01:00  INFO 5507 --- [ool-3-thread-36] tourGuide.service.RewardsService         : nearAttraction called with Franklin Park Zoo
2023-01-22T16:10:35.970+01:00  INFO 5507 --- [ool-3-thread-32] tourGuide.service.RewardsService         : getDistance called
2023-01-22T16:10:35.970+01:00  INFO 5507 --- [ool-3-thread-12] tourGuide.service.RewardsService         : nearAttraction called with San Diego Zoo
2023-01-22T16:10:35.970+01:00  INFO 5507 --- [ool-3-thread-32] tourGuide.service.RewardsService         : nearAttraction called with El Paso Zoo
2023-01-22T16:10:35.970+01:00  INFO 5507 --- [ool-3-thread-12] tourGuide.service.RewardsService         : getDistance called
2023-01-22T16:10:35.970+01:00  INFO 5507 --- [ool-3-thread-32] tourGuide.service.RewardsService         : getDistance called
2023-01-22T16:10:35.970+01:00  INFO 5507 --- [ool-3-thread-63] tourGuide.service.RewardsService         : getDistance called
2023-01-22T16:10:35.970+01:00  INFO 5507 --- [ool-3-thread-32] tourGuide.service.RewardsService         : nearAttraction called with Bronx Zoo
2023-01-22T16:10:35.970+01:00  INFO 5507 --- [pool-3-thread-5] tourGuide.service.RewardsService         : getDistance called
2023-01-22T16:10:35.970+01:00  INFO 5507 --- [ool-3-thread-51] tourGuide.service.RewardsService         : getDistance called
2023-01-22T16:10:35.970+01:00  INFO 5507 --- [pool-3-thread-5] tourGuide.service.RewardsService         : nearAttraction called with Disneyland
2023-01-22T16:10:35.970+01:00  INFO 5507 --- [ool-3-thread-36] tourGuide.service.RewardsService         : getDistance called
2023-01-22T16:10:35.970+01:00  INFO 5507 --- [ool-3-thread-51] tourGuide.service.RewardsService         : nearAttraction called with Jackson Hole
2023-01-22T16:10:35.970+01:00  INFO 5507 --- [ool-3-thread-12] tourGuide.service.RewardsService         : nearAttraction called with Kansas City Zoo
2023-01-22T16:10:35.970+01:00  INFO 5507 --- [ool-3-thread-51] tourGuide.service.RewardsService         : getDistance called
2023-01-22T16:10:35.970+01:00  INFO 5507 --- [ool-3-thread-12] tourGuide.service.RewardsService         : getDistance called
2023-01-22T16:10:35.970+01:00  INFO 5507 --- [ool-3-thread-51] tourGuide.service.RewardsService         : nearAttraction called with Joshua Tree National Park
2023-01-22T16:10:35.970+01:00  INFO 5507 --- [ool-3-thread-12] tourGuide.service.RewardsService         : nearAttraction called with Buffalo National River
2023-01-22T16:10:35.970+01:00  INFO 5507 --- [ool-3-thread-32] tourGuide.service.RewardsService         : getDistance called
2023-01-22T16:10:35.970+01:00  INFO 5507 --- [ool-3-thread-12] tourGuide.service.RewardsService         : getDistance called
2023-01-22T16:10:35.970+01:00  INFO 5507 --- [ool-3-thread-63] tourGuide.service.RewardsService         : nearAttraction called with Cinderella Castle
2023-01-22T16:10:35.970+01:00  INFO 5507 --- [ool-3-thread-32] tourGuide.service.RewardsService         : nearAttraction called with Hot Springs National Park
2023-01-22T16:10:35.970+01:00  INFO 5507 --- [ool-3-thread-63] tourGuide.service.RewardsService         : getDistance called
2023-01-22T16:10:35.970+01:00  INFO 5507 --- [pool-3-thread-5] tourGuide.service.RewardsService         : getDistance called
2023-01-22T16:10:35.970+01:00  INFO 5507 --- [ool-3-thread-63] tourGuide.service.RewardsService         : nearAttraction called with Legend Valley
2023-01-22T16:10:35.970+01:00  INFO 5507 --- [ool-3-thread-36] tourGuide.service.RewardsService         : nearAttraction called with Mojave National Preserve
2023-01-22T16:10:35.970+01:00  INFO 5507 --- [ool-3-thread-51] tourGuide.service.RewardsService         : getDistance called
2023-01-22T16:10:35.970+01:00  INFO 5507 --- [ool-3-thread-36] tourGuide.service.RewardsService         : getDistance called
2023-01-22T16:10:35.970+01:00  INFO 5507 --- [ool-3-thread-12] tourGuide.service.RewardsService         : nearAttraction called with Kartchner Caverns State Park
2023-01-22T16:10:35.970+01:00  INFO 5507 --- [ool-3-thread-36] tourGuide.service.RewardsService         : nearAttraction called with McKinley Tower
2023-01-22T16:10:35.970+01:00  INFO 5507 --- [ool-3-thread-12] tourGuide.service.RewardsService         : getDistance called
2023-01-22T16:10:35.970+01:00  INFO 5507 --- [ool-3-thread-36] tourGuide.service.RewardsService         : getDistance called
2023-01-22T16:10:35.970+01:00  INFO 5507 --- [pool-3-thread-5] tourGuide.service.RewardsService         : getRewardPoints called with Disneyland and internalUser31
2023-01-22T16:10:35.970+01:00  INFO 5507 --- [ool-3-thread-12] tourGuide.service.RewardsService         : nearAttraction called with Flatiron Building
2023-01-22T16:10:35.970+01:00  INFO 5507 --- [ool-3-thread-63] tourGuide.service.RewardsService         : getDistance called
2023-01-22T16:10:35.970+01:00  INFO 5507 --- [ool-3-thread-32] tourGuide.service.RewardsService         : getDistance called
2023-01-22T16:10:35.970+01:00  INFO 5507 --- [ool-3-thread-51] tourGuide.service.RewardsService         : nearAttraction called with Flowers Bakery of London
2023-01-22T16:10:35.970+01:00  INFO 5507 --- [ool-3-thread-32] tourGuide.service.RewardsService         : nearAttraction called with Roger Dean Stadium
2023-01-22T16:10:35.970+01:00  INFO 5507 --- [ool-3-thread-51] tourGuide.service.RewardsService         : getDistance called
2023-01-22T16:10:35.970+01:00  INFO 5507 --- [ool-3-thread-36] tourGuide.service.RewardsService         : nearAttraction called with Fallingwater
2023-01-22T16:10:35.970+01:00  INFO 5507 --- [ool-3-thread-51] tourGuide.service.RewardsService         : nearAttraction called with Texas Memorial Stadium
2023-01-22T16:10:35.970+01:00  INFO 5507 --- [ool-3-thread-12] tourGuide.service.RewardsService         : getDistance called
2023-01-22T16:10:35.970+01:00  INFO 5507 --- [ool-3-thread-63] tourGuide.service.RewardsService         : nearAttraction called with Union Station
2023-01-22T16:10:35.970+01:00  INFO 5507 --- [ool-3-thread-32] tourGuide.service.RewardsService         : getDistance called
2023-01-22T16:10:35.970+01:00  INFO 5507 --- [ool-3-thread-36] tourGuide.service.RewardsService         : getDistance called
2023-01-22T16:10:35.970+01:00  INFO 5507 --- [ool-3-thread-51] tourGuide.service.RewardsService         : getDistance called
2023-01-22T16:10:35.970+01:00  INFO 5507 --- [ool-3-thread-12] tourGuide.service.RewardsService         : nearAttraction called with Bryant-Denny Stadium
2023-01-22T16:10:35.971+01:00  INFO 5507 --- [ool-3-thread-36] tourGuide.service.RewardsService         : nearAttraction called with Neyland Stadium
2023-01-22T16:10:35.971+01:00  INFO 5507 --- [ool-3-thread-12] tourGuide.service.RewardsService         : getDistance called
2023-01-22T16:10:35.971+01:00  INFO 5507 --- [ool-3-thread-36] tourGuide.service.RewardsService         : getDistance called
2023-01-22T16:10:35.970+01:00  INFO 5507 --- [ool-3-thread-63] tourGuide.service.RewardsService         : getDistance called
2023-01-22T16:10:35.971+01:00  INFO 5507 --- [ool-3-thread-36] tourGuide.service.RewardsService         : nearAttraction called with Zoo Tampa at Lowry Park
2023-01-22T16:10:35.970+01:00  INFO 5507 --- [ool-3-thread-32] tourGuide.service.RewardsService         : nearAttraction called with Tiger Stadium
2023-01-22T16:10:35.971+01:00  INFO 5507 --- [ool-3-thread-51] tourGuide.service.RewardsService         : nearAttraction called with Kyle Field
2023-01-22T16:10:35.971+01:00  INFO 5507 --- [ool-3-thread-12] tourGuide.service.RewardsService         : nearAttraction called with San Diego Zoo
2023-01-22T16:10:35.971+01:00  INFO 5507 --- [ool-3-thread-63] tourGuide.service.RewardsService         : nearAttraction called with Franklin Park Zoo
2023-01-22T16:10:35.971+01:00  INFO 5507 --- [ool-3-thread-36] tourGuide.service.RewardsService         : getDistance called
2023-01-22T16:10:35.971+01:00  INFO 5507 --- [ool-3-thread-32] tourGuide.service.RewardsService         : getDistance called
2023-01-22T16:10:35.971+01:00  INFO 5507 --- [ool-3-thread-51] tourGuide.service.RewardsService         : getDistance called
2023-01-22T16:10:35.971+01:00  INFO 5507 --- [ool-3-thread-12] tourGuide.service.RewardsService         : getDistance called
2023-01-22T16:10:35.971+01:00  INFO 5507 --- [ool-3-thread-63] tourGuide.service.RewardsService         : getDistance called
2023-01-22T16:10:35.971+01:00  INFO 5507 --- [ool-3-thread-12] tourGuide.service.RewardsService         : nearAttraction called with Cinderella Castle
2023-01-22T16:10:35.971+01:00  INFO 5507 --- [ool-3-thread-36] tourGuide.service.RewardsService         : nearAttraction called with El Paso Zoo
2023-01-22T16:10:35.971+01:00  INFO 5507 --- [ool-3-thread-32] tourGuide.service.RewardsService         : nearAttraction called with Kansas City Zoo
2023-01-22T16:10:35.971+01:00  INFO 5507 --- [ool-3-thread-36] tourGuide.service.RewardsService         : getDistance called
2023-01-22T16:10:35.971+01:00  INFO 5507 --- [ool-3-thread-51] tourGuide.service.RewardsService         : nearAttraction called with Bronx Zoo
2023-01-22T16:10:35.971+01:00  INFO 5507 --- [ool-3-thread-12] tourGuide.service.RewardsService         : getDistance called
2023-01-22T16:10:35.971+01:00  INFO 5507 --- [ool-3-thread-51] tourGuide.service.RewardsService         : getDistance called
2023-01-22T16:10:35.971+01:00  INFO 5507 --- [ool-3-thread-63] tourGuide.service.RewardsService         : nearAttraction called with Disneyland
2023-01-22T16:10:35.971+01:00  INFO 5507 --- [ool-3-thread-51] tourGuide.service.RewardsService         : nearAttraction called with Joshua Tree National Park
2023-01-22T16:10:35.971+01:00  INFO 5507 --- [ool-3-thread-12] tourGuide.service.RewardsService         : nearAttraction called with Mojave National Preserve
2023-01-22T16:10:35.971+01:00  INFO 5507 --- [ool-3-thread-32] tourGuide.service.RewardsService         : getDistance called
2023-01-22T16:10:35.971+01:00  INFO 5507 --- [ool-3-thread-12] tourGuide.service.RewardsService         : getDistance called
2023-01-22T16:10:35.971+01:00  INFO 5507 --- [ool-3-thread-36] tourGuide.service.RewardsService         : nearAttraction called with Jackson Hole
2023-01-22T16:10:35.971+01:00  INFO 5507 --- [ool-3-thread-63] tourGuide.service.RewardsService         : getDistance called
2023-01-22T16:10:35.971+01:00  INFO 5507 --- [ool-3-thread-12] tourGuide.service.RewardsService         : nearAttraction called with Hot Springs National Park
2023-01-22T16:10:35.971+01:00  INFO 5507 --- [ool-3-thread-51] tourGuide.service.RewardsService         : getDistance called
2023-01-22T16:10:35.971+01:00  INFO 5507 --- [ool-3-thread-32] tourGuide.service.RewardsService         : nearAttraction called with Buffalo National River
2023-01-22T16:10:35.971+01:00  INFO 5507 --- [ool-3-thread-51] tourGuide.service.RewardsService         : nearAttraction called with Kartchner Caverns State Park
2023-01-22T16:10:35.971+01:00  INFO 5507 --- [ool-3-thread-32] tourGuide.service.RewardsService         : getDistance called
2023-01-22T16:10:35.971+01:00  INFO 5507 --- [ool-3-thread-36] tourGuide.service.RewardsService         : getDistance called
2023-01-22T16:10:35.971+01:00  INFO 5507 --- [ool-3-thread-63] tourGuide.service.RewardsService         : getRewardPoints called with Disneyland and internalUser49
2023-01-22T16:10:35.971+01:00  INFO 5507 --- [ool-3-thread-36] tourGuide.service.RewardsService         : nearAttraction called with Flowers Bakery of London
2023-01-22T16:10:35.971+01:00  INFO 5507 --- [ool-3-thread-12] tourGuide.service.RewardsService         : getDistance called
2023-01-22T16:10:35.971+01:00  INFO 5507 --- [ool-3-thread-51] tourGuide.service.RewardsService         : getDistance called
2023-01-22T16:10:35.971+01:00  INFO 5507 --- [ool-3-thread-32] tourGuide.service.RewardsService         : nearAttraction called with Legend Valley
2023-01-22T16:10:35.971+01:00  INFO 5507 --- [ool-3-thread-51] tourGuide.service.RewardsService         : nearAttraction called with Flatiron Building
2023-01-22T16:10:35.971+01:00  INFO 5507 --- [ool-3-thread-36] tourGuide.service.RewardsService         : getDistance called
2023-01-22T16:10:35.971+01:00  INFO 5507 --- [ool-3-thread-12] tourGuide.service.RewardsService         : nearAttraction called with McKinley Tower
2023-01-22T16:10:35.971+01:00  INFO 5507 --- [ool-3-thread-36] tourGuide.service.RewardsService         : nearAttraction called with Fallingwater
2023-01-22T16:10:35.971+01:00  INFO 5507 --- [ool-3-thread-32] tourGuide.service.RewardsService         : getDistance called
2023-01-22T16:10:35.971+01:00  INFO 5507 --- [ool-3-thread-36] tourGuide.service.RewardsService         : getDistance called
2023-01-22T16:10:35.971+01:00  INFO 5507 --- [ool-3-thread-51] tourGuide.service.RewardsService         : getDistance called
2023-01-22T16:10:35.971+01:00  INFO 5507 --- [ool-3-thread-36] tourGuide.service.RewardsService         : nearAttraction called with Roger Dean Stadium
2023-01-22T16:10:35.971+01:00  INFO 5507 --- [ool-3-thread-12] tourGuide.service.RewardsService         : getDistance called
2023-01-22T16:10:35.971+01:00  INFO 5507 --- [ool-3-thread-51] tourGuide.service.RewardsService         : nearAttraction called with Texas Memorial Stadium
2023-01-22T16:10:35.971+01:00  INFO 5507 --- [ool-3-thread-32] tourGuide.service.RewardsService         : nearAttraction called with Union Station
2023-01-22T16:10:35.971+01:00  INFO 5507 --- [ool-3-thread-12] tourGuide.service.RewardsService         : nearAttraction called with Bryant-Denny Stadium
2023-01-22T16:10:35.971+01:00  INFO 5507 --- [ool-3-thread-32] tourGuide.service.RewardsService         : getDistance called
2023-01-22T16:10:35.971+01:00  INFO 5507 --- [ool-3-thread-36] tourGuide.service.RewardsService         : getDistance called
2023-01-22T16:10:35.971+01:00  INFO 5507 --- [ool-3-thread-32] tourGuide.service.RewardsService         : nearAttraction called with Tiger Stadium
2023-01-22T16:10:35.971+01:00  INFO 5507 --- [ool-3-thread-51] tourGuide.service.RewardsService         : getDistance called
2023-01-22T16:10:35.971+01:00  INFO 5507 --- [ool-3-thread-12] tourGuide.service.RewardsService         : getDistance called
2023-01-22T16:10:35.971+01:00  INFO 5507 --- [ool-3-thread-36] tourGuide.service.RewardsService         : nearAttraction called with Neyland Stadium
2023-01-22T16:10:35.971+01:00  INFO 5507 --- [ool-3-thread-12] tourGuide.service.RewardsService         : nearAttraction called with San Diego Zoo
2023-01-22T16:10:35.971+01:00  INFO 5507 --- [ool-3-thread-36] tourGuide.service.RewardsService         : getDistance called
2023-01-22T16:10:35.971+01:00  INFO 5507 --- [ool-3-thread-32] tourGuide.service.RewardsService         : getDistance called
2023-01-22T16:10:35.971+01:00  INFO 5507 --- [ool-3-thread-51] tourGuide.service.RewardsService         : nearAttraction called with Kyle Field
2023-01-22T16:10:35.972+01:00  INFO 5507 --- [ool-3-thread-32] tourGuide.service.RewardsService         : nearAttraction called with Franklin Park Zoo
2023-01-22T16:10:35.971+01:00  INFO 5507 --- [ool-3-thread-12] tourGuide.service.RewardsService         : getDistance called
2023-01-22T16:10:35.972+01:00  INFO 5507 --- [ool-3-thread-32] tourGuide.service.RewardsService         : getDistance called
2023-01-22T16:10:35.972+01:00  INFO 5507 --- [ool-3-thread-36] tourGuide.service.RewardsService         : nearAttraction called with Zoo Tampa at Lowry Park
2023-01-22T16:10:35.972+01:00  INFO 5507 --- [ool-3-thread-51] tourGuide.service.RewardsService         : getDistance called
2023-01-22T16:10:35.972+01:00  INFO 5507 --- [ool-3-thread-12] tourGuide.service.RewardsService         : nearAttraction called with El Paso Zoo
2023-01-22T16:10:35.972+01:00  INFO 5507 --- [ool-3-thread-32] tourGuide.service.RewardsService         : nearAttraction called with Kansas City Zoo
2023-01-22T16:10:35.972+01:00  INFO 5507 --- [ool-3-thread-36] tourGuide.service.RewardsService         : getDistance called
2023-01-22T16:10:35.972+01:00  INFO 5507 --- [ool-3-thread-12] tourGuide.service.RewardsService         : getDistance called
2023-01-22T16:10:35.972+01:00  INFO 5507 --- [ool-3-thread-51] tourGuide.service.RewardsService         : nearAttraction called with Bronx Zoo
2023-01-22T16:10:35.972+01:00  INFO 5507 --- [ool-3-thread-12] tourGuide.service.RewardsService         : nearAttraction called with Disneyland
2023-01-22T16:10:35.972+01:00  INFO 5507 --- [ool-3-thread-32] tourGuide.service.RewardsService         : getDistance called
2023-01-22T16:10:35.972+01:00  INFO 5507 --- [ool-3-thread-36] tourGuide.service.RewardsService         : nearAttraction called with Cinderella Castle
2023-01-22T16:10:35.972+01:00  INFO 5507 --- [ool-3-thread-51] tourGuide.service.RewardsService         : getDistance called
2023-01-22T16:10:35.972+01:00  INFO 5507 --- [ool-3-thread-12] tourGuide.service.RewardsService         : getDistance called
2023-01-22T16:10:35.972+01:00  INFO 5507 --- [ool-3-thread-51] tourGuide.service.RewardsService         : nearAttraction called with Mojave National Preserve
2023-01-22T16:10:35.972+01:00  INFO 5507 --- [ool-3-thread-32] tourGuide.service.RewardsService         : nearAttraction called with Jackson Hole
2023-01-22T16:10:35.972+01:00  INFO 5507 --- [ool-3-thread-36] tourGuide.service.RewardsService         : getDistance called
2023-01-22T16:10:35.972+01:00  INFO 5507 --- [ool-3-thread-32] tourGuide.service.RewardsService         : getDistance called
2023-01-22T16:10:35.972+01:00  INFO 5507 --- [ool-3-thread-12] tourGuide.service.RewardsService         : getRewardPoints called with Disneyland and internalUser48
2023-01-22T16:10:35.972+01:00  INFO 5507 --- [ool-3-thread-51] tourGuide.service.RewardsService         : getDistance called
2023-01-22T16:10:35.972+01:00  INFO 5507 --- [ool-3-thread-36] tourGuide.service.RewardsService         : nearAttraction called with Joshua Tree National Park
2023-01-22T16:10:35.972+01:00  INFO 5507 --- [ool-3-thread-32] tourGuide.service.RewardsService         : nearAttraction called with Buffalo National River
2023-01-22T16:10:35.972+01:00  INFO 5507 --- [ool-3-thread-36] tourGuide.service.RewardsService         : getDistance called
2023-01-22T16:10:35.972+01:00  INFO 5507 --- [ool-3-thread-51] tourGuide.service.RewardsService         : nearAttraction called with Hot Springs National Park
2023-01-22T16:10:35.972+01:00  INFO 5507 --- [ool-3-thread-36] tourGuide.service.RewardsService         : nearAttraction called with Kartchner Caverns State Park
2023-01-22T16:10:35.972+01:00  INFO 5507 --- [ool-3-thread-32] tourGuide.service.RewardsService         : getDistance called
2023-01-22T16:10:35.972+01:00  INFO 5507 --- [ool-3-thread-51] tourGuide.service.RewardsService         : getDistance called
2023-01-22T16:10:35.972+01:00  INFO 5507 --- [ool-3-thread-32] tourGuide.service.RewardsService         : nearAttraction called with Legend Valley
2023-01-22T16:10:35.972+01:00  INFO 5507 --- [ool-3-thread-51] tourGuide.service.RewardsService         : nearAttraction called with Flowers Bakery of London
2023-01-22T16:10:35.972+01:00  INFO 5507 --- [ool-3-thread-32] tourGuide.service.RewardsService         : getDistance called
2023-01-22T16:10:35.972+01:00  INFO 5507 --- [ool-3-thread-36] tourGuide.service.RewardsService         : getDistance called
2023-01-22T16:10:35.972+01:00  INFO 5507 --- [ool-3-thread-32] tourGuide.service.RewardsService         : nearAttraction called with McKinley Tower
2023-01-22T16:10:35.972+01:00  INFO 5507 --- [ool-3-thread-51] tourGuide.service.RewardsService         : getDistance called
2023-01-22T16:10:35.972+01:00  INFO 5507 --- [ool-3-thread-36] tourGuide.service.RewardsService         : nearAttraction called with Flatiron Building
2023-01-22T16:10:35.972+01:00  INFO 5507 --- [ool-3-thread-32] tourGuide.service.RewardsService         : getDistance called
2023-01-22T16:10:35.972+01:00  INFO 5507 --- [ool-3-thread-51] tourGuide.service.RewardsService         : nearAttraction called with Fallingwater
2023-01-22T16:10:35.972+01:00  INFO 5507 --- [ool-3-thread-36] tourGuide.service.RewardsService         : getDistance called
2023-01-22T16:10:35.972+01:00  INFO 5507 --- [ool-3-thread-32] tourGuide.service.RewardsService         : nearAttraction called with Union Station
2023-01-22T16:10:35.972+01:00  INFO 5507 --- [ool-3-thread-51] tourGuide.service.RewardsService         : getDistance called
2023-01-22T16:10:35.972+01:00  INFO 5507 --- [ool-3-thread-36] tourGuide.service.RewardsService         : nearAttraction called with Roger Dean Stadium
2023-01-22T16:10:35.972+01:00  INFO 5507 --- [ool-3-thread-32] tourGuide.service.RewardsService         : getDistance called
2023-01-22T16:10:35.972+01:00  INFO 5507 --- [ool-3-thread-51] tourGuide.service.RewardsService         : nearAttraction called with Texas Memorial Stadium
2023-01-22T16:10:35.972+01:00  INFO 5507 --- [ool-3-thread-36] tourGuide.service.RewardsService         : getDistance called
2023-01-22T16:10:35.972+01:00  INFO 5507 --- [ool-3-thread-51] tourGuide.service.RewardsService         : getDistance called
2023-01-22T16:10:35.972+01:00  INFO 5507 --- [ool-3-thread-32] tourGuide.service.RewardsService         : nearAttraction called with Bryant-Denny Stadium
2023-01-22T16:10:35.972+01:00  INFO 5507 --- [ool-3-thread-51] tourGuide.service.RewardsService         : nearAttraction called with Neyland Stadium
2023-01-22T16:10:35.972+01:00  INFO 5507 --- [ool-3-thread-32] tourGuide.service.RewardsService         : getDistance called
2023-01-22T16:10:35.972+01:00  INFO 5507 --- [ool-3-thread-36] tourGuide.service.RewardsService         : nearAttraction called with Tiger Stadium
2023-01-22T16:10:35.973+01:00  INFO 5507 --- [ool-3-thread-51] tourGuide.service.RewardsService         : getDistance called
2023-01-22T16:10:35.973+01:00  INFO 5507 --- [ool-3-thread-36] tourGuide.service.RewardsService         : getDistance called
2023-01-22T16:10:35.973+01:00  INFO 5507 --- [ool-3-thread-32] tourGuide.service.RewardsService         : nearAttraction called with Kyle Field
2023-01-22T16:10:35.973+01:00  INFO 5507 --- [ool-3-thread-36] tourGuide.service.RewardsService         : nearAttraction called with Zoo Tampa at Lowry Park
2023-01-22T16:10:35.973+01:00  INFO 5507 --- [ool-3-thread-51] tourGuide.service.RewardsService         : nearAttraction called with San Diego Zoo
2023-01-22T16:10:35.973+01:00  INFO 5507 --- [ool-3-thread-32] tourGuide.service.RewardsService         : getDistance called
2023-01-22T16:10:35.973+01:00  INFO 5507 --- [ool-3-thread-51] tourGuide.service.RewardsService         : getDistance called
2023-01-22T16:10:35.973+01:00  INFO 5507 --- [ool-3-thread-32] tourGuide.service.RewardsService         : nearAttraction called with Franklin Park Zoo
2023-01-22T16:10:35.973+01:00  INFO 5507 --- [ool-3-thread-36] tourGuide.service.RewardsService         : getDistance called
2023-01-22T16:10:35.973+01:00  INFO 5507 --- [ool-3-thread-51] tourGuide.service.RewardsService         : nearAttraction called with El Paso Zoo
2023-01-22T16:10:35.973+01:00  INFO 5507 --- [ool-3-thread-32] tourGuide.service.RewardsService         : getDistance called
2023-01-22T16:10:35.973+01:00  INFO 5507 --- [ool-3-thread-51] tourGuide.service.RewardsService         : getDistance called
2023-01-22T16:10:35.973+01:00  INFO 5507 --- [ool-3-thread-36] tourGuide.service.RewardsService         : nearAttraction called with Kansas City Zoo
2023-01-22T16:10:35.973+01:00  INFO 5507 --- [ool-3-thread-51] tourGuide.service.RewardsService         : nearAttraction called with Cinderella Castle
2023-01-22T16:10:35.973+01:00  INFO 5507 --- [ool-3-thread-36] tourGuide.service.RewardsService         : getDistance called
2023-01-22T16:10:35.973+01:00  INFO 5507 --- [ool-3-thread-32] tourGuide.service.RewardsService         : nearAttraction called with Bronx Zoo
2023-01-22T16:10:35.973+01:00  INFO 5507 --- [ool-3-thread-36] tourGuide.service.RewardsService         : nearAttraction called with Disneyland
2023-01-22T16:10:35.973+01:00  INFO 5507 --- [ool-3-thread-51] tourGuide.service.RewardsService         : getDistance called
2023-01-22T16:10:35.973+01:00  INFO 5507 --- [ool-3-thread-36] tourGuide.service.RewardsService         : getDistance called
2023-01-22T16:10:35.973+01:00  INFO 5507 --- [ool-3-thread-32] tourGuide.service.RewardsService         : getDistance called
2023-01-22T16:10:35.973+01:00  INFO 5507 --- [ool-3-thread-36] tourGuide.service.RewardsService         : getRewardPoints called with Disneyland and internalUser45
2023-01-22T16:10:35.973+01:00  INFO 5507 --- [ool-3-thread-51] tourGuide.service.RewardsService         : nearAttraction called with Jackson Hole
2023-01-22T16:10:35.973+01:00  INFO 5507 --- [ool-3-thread-32] tourGuide.service.RewardsService         : nearAttraction called with Mojave National Preserve
2023-01-22T16:10:35.973+01:00  INFO 5507 --- [ool-3-thread-51] tourGuide.service.RewardsService         : getDistance called
2023-01-22T16:10:35.973+01:00  INFO 5507 --- [ool-3-thread-32] tourGuide.service.RewardsService         : getDistance called
2023-01-22T16:10:35.973+01:00  INFO 5507 --- [ool-3-thread-51] tourGuide.service.RewardsService         : nearAttraction called with Joshua Tree National Park
2023-01-22T16:10:35.973+01:00  INFO 5507 --- [ool-3-thread-32] tourGuide.service.RewardsService         : nearAttraction called with Buffalo National River
2023-01-22T16:10:35.973+01:00  INFO 5507 --- [ool-3-thread-51] tourGuide.service.RewardsService         : getDistance called
2023-01-22T16:10:35.973+01:00  INFO 5507 --- [ool-3-thread-32] tourGuide.service.RewardsService         : getDistance called
2023-01-22T16:10:35.973+01:00  INFO 5507 --- [ool-3-thread-51] tourGuide.service.RewardsService         : nearAttraction called with Hot Springs National Park
2023-01-22T16:10:35.973+01:00  INFO 5507 --- [ool-3-thread-32] tourGuide.service.RewardsService         : nearAttraction called with Kartchner Caverns State Park
2023-01-22T16:10:35.973+01:00  INFO 5507 --- [ool-3-thread-51] tourGuide.service.RewardsService         : getDistance called
2023-01-22T16:10:35.973+01:00  INFO 5507 --- [ool-3-thread-32] tourGuide.service.RewardsService         : getDistance called
2023-01-22T16:10:35.973+01:00  INFO 5507 --- [ool-3-thread-51] tourGuide.service.RewardsService         : nearAttraction called with Legend Valley
2023-01-22T16:10:35.973+01:00  INFO 5507 --- [ool-3-thread-32] tourGuide.service.RewardsService         : nearAttraction called with Flowers Bakery of London
2023-01-22T16:10:35.973+01:00  INFO 5507 --- [ool-3-thread-51] tourGuide.service.RewardsService         : getDistance called
2023-01-22T16:10:35.973+01:00  INFO 5507 --- [ool-3-thread-32] tourGuide.service.RewardsService         : getDistance called
2023-01-22T16:10:35.973+01:00  INFO 5507 --- [ool-3-thread-51] tourGuide.service.RewardsService         : nearAttraction called with McKinley Tower
2023-01-22T16:10:35.973+01:00  INFO 5507 --- [ool-3-thread-32] tourGuide.service.RewardsService         : nearAttraction called with Flatiron Building
2023-01-22T16:10:35.973+01:00  INFO 5507 --- [ool-3-thread-51] tourGuide.service.RewardsService         : getDistance called
2023-01-22T16:10:35.973+01:00  INFO 5507 --- [ool-3-thread-32] tourGuide.service.RewardsService         : getDistance called
2023-01-22T16:10:35.973+01:00  INFO 5507 --- [ool-3-thread-51] tourGuide.service.RewardsService         : nearAttraction called with Fallingwater
2023-01-22T16:10:35.973+01:00  INFO 5507 --- [ool-3-thread-51] tourGuide.service.RewardsService         : getDistance called
2023-01-22T16:10:35.973+01:00  INFO 5507 --- [ool-3-thread-32] tourGuide.service.RewardsService         : nearAttraction called with Union Station
2023-01-22T16:10:35.973+01:00  INFO 5507 --- [ool-3-thread-51] tourGuide.service.RewardsService         : nearAttraction called with Roger Dean Stadium
2023-01-22T16:10:35.973+01:00  INFO 5507 --- [ool-3-thread-32] tourGuide.service.RewardsService         : getDistance called
2023-01-22T16:10:35.973+01:00  INFO 5507 --- [ool-3-thread-51] tourGuide.service.RewardsService         : getDistance called
2023-01-22T16:10:35.973+01:00  INFO 5507 --- [ool-3-thread-51] tourGuide.service.RewardsService         : nearAttraction called with Bryant-Denny Stadium
2023-01-22T16:10:35.973+01:00  INFO 5507 --- [ool-3-thread-32] tourGuide.service.RewardsService         : nearAttraction called with Texas Memorial Stadium
2023-01-22T16:10:35.973+01:00  INFO 5507 --- [ool-3-thread-51] tourGuide.service.RewardsService         : getDistance called
2023-01-22T16:10:35.973+01:00  INFO 5507 --- [ool-3-thread-32] tourGuide.service.RewardsService         : getDistance called
2023-01-22T16:10:35.973+01:00  INFO 5507 --- [ool-3-thread-51] tourGuide.service.RewardsService         : nearAttraction called with Tiger Stadium
2023-01-22T16:10:35.973+01:00  INFO 5507 --- [ool-3-thread-32] tourGuide.service.RewardsService         : nearAttraction called with Neyland Stadium
2023-01-22T16:10:35.973+01:00  INFO 5507 --- [ool-3-thread-51] tourGuide.service.RewardsService         : getDistance called
2023-01-22T16:10:35.973+01:00  INFO 5507 --- [ool-3-thread-32] tourGuide.service.RewardsService         : getDistance called
2023-01-22T16:10:35.974+01:00  INFO 5507 --- [ool-3-thread-51] tourGuide.service.RewardsService         : nearAttraction called with Kyle Field
2023-01-22T16:10:35.974+01:00  INFO 5507 --- [ool-3-thread-32] tourGuide.service.RewardsService         : nearAttraction called with San Diego Zoo
2023-01-22T16:10:35.974+01:00  INFO 5507 --- [ool-3-thread-51] tourGuide.service.RewardsService         : getDistance called
2023-01-22T16:10:35.974+01:00  INFO 5507 --- [ool-3-thread-32] tourGuide.service.RewardsService         : getDistance called
2023-01-22T16:10:35.974+01:00  INFO 5507 --- [ool-3-thread-51] tourGuide.service.RewardsService         : nearAttraction called with Zoo Tampa at Lowry Park
2023-01-22T16:10:35.974+01:00  INFO 5507 --- [ool-3-thread-32] tourGuide.service.RewardsService         : nearAttraction called with Franklin Park Zoo
2023-01-22T16:10:35.974+01:00  INFO 5507 --- [ool-3-thread-51] tourGuide.service.RewardsService         : getDistance called
2023-01-22T16:10:35.974+01:00  INFO 5507 --- [ool-3-thread-32] tourGuide.service.RewardsService         : getDistance called
2023-01-22T16:10:35.974+01:00  INFO 5507 --- [ool-3-thread-32] tourGuide.service.RewardsService         : nearAttraction called with Kansas City Zoo
2023-01-22T16:10:35.974+01:00  INFO 5507 --- [ool-3-thread-51] tourGuide.service.RewardsService         : nearAttraction called with El Paso Zoo
2023-01-22T16:10:35.974+01:00  INFO 5507 --- [ool-3-thread-32] tourGuide.service.RewardsService         : getDistance called
2023-01-22T16:10:35.974+01:00  INFO 5507 --- [ool-3-thread-51] tourGuide.service.RewardsService         : getDistance called
2023-01-22T16:10:35.974+01:00  INFO 5507 --- [ool-3-thread-32] tourGuide.service.RewardsService         : nearAttraction called with Bronx Zoo
2023-01-22T16:10:35.974+01:00  INFO 5507 --- [ool-3-thread-51] tourGuide.service.RewardsService         : nearAttraction called with Cinderella Castle
2023-01-22T16:10:35.974+01:00  INFO 5507 --- [ool-3-thread-32] tourGuide.service.RewardsService         : getDistance called
2023-01-22T16:10:35.974+01:00  INFO 5507 --- [ool-3-thread-51] tourGuide.service.RewardsService         : getDistance called
2023-01-22T16:10:35.974+01:00  INFO 5507 --- [ool-3-thread-32] tourGuide.service.RewardsService         : nearAttraction called with Disneyland
2023-01-22T16:10:35.974+01:00  INFO 5507 --- [ool-3-thread-51] tourGuide.service.RewardsService         : nearAttraction called with Jackson Hole
2023-01-22T16:10:35.974+01:00  INFO 5507 --- [ool-3-thread-32] tourGuide.service.RewardsService         : getDistance called
2023-01-22T16:10:35.974+01:00  INFO 5507 --- [ool-3-thread-51] tourGuide.service.RewardsService         : getDistance called
2023-01-22T16:10:35.974+01:00  INFO 5507 --- [ool-3-thread-32] tourGuide.service.RewardsService         : getRewardPoints called with Disneyland and internalUser44
2023-01-22T16:10:35.974+01:00  INFO 5507 --- [ool-3-thread-51] tourGuide.service.RewardsService         : nearAttraction called with Mojave National Preserve
2023-01-22T16:10:35.974+01:00  INFO 5507 --- [ool-3-thread-51] tourGuide.service.RewardsService         : getDistance called
2023-01-22T16:10:35.974+01:00  INFO 5507 --- [ool-3-thread-51] tourGuide.service.RewardsService         : nearAttraction called with Joshua Tree National Park
2023-01-22T16:10:35.974+01:00  INFO 5507 --- [ool-3-thread-51] tourGuide.service.RewardsService         : getDistance called
2023-01-22T16:10:35.974+01:00  INFO 5507 --- [ool-3-thread-51] tourGuide.service.RewardsService         : nearAttraction called with Buffalo National River
2023-01-22T16:10:35.974+01:00  INFO 5507 --- [ool-3-thread-51] tourGuide.service.RewardsService         : getDistance called
2023-01-22T16:10:35.974+01:00  INFO 5507 --- [ool-3-thread-51] tourGuide.service.RewardsService         : nearAttraction called with Hot Springs National Park
2023-01-22T16:10:35.974+01:00  INFO 5507 --- [ool-3-thread-51] tourGuide.service.RewardsService         : getDistance called
2023-01-22T16:10:35.974+01:00  INFO 5507 --- [ool-3-thread-51] tourGuide.service.RewardsService         : nearAttraction called with Kartchner Caverns State Park
2023-01-22T16:10:35.974+01:00  INFO 5507 --- [ool-3-thread-51] tourGuide.service.RewardsService         : getDistance called
2023-01-22T16:10:35.974+01:00  INFO 5507 --- [ool-3-thread-51] tourGuide.service.RewardsService         : nearAttraction called with Legend Valley
2023-01-22T16:10:35.974+01:00  INFO 5507 --- [ool-3-thread-51] tourGuide.service.RewardsService         : getDistance called
2023-01-22T16:10:35.974+01:00  INFO 5507 --- [ool-3-thread-51] tourGuide.service.RewardsService         : nearAttraction called with Flowers Bakery of London
2023-01-22T16:10:35.974+01:00  INFO 5507 --- [ool-3-thread-51] tourGuide.service.RewardsService         : getDistance called
2023-01-22T16:10:35.974+01:00  INFO 5507 --- [ool-3-thread-51] tourGuide.service.RewardsService         : nearAttraction called with McKinley Tower
2023-01-22T16:10:35.974+01:00  INFO 5507 --- [ool-3-thread-51] tourGuide.service.RewardsService         : getDistance called
2023-01-22T16:10:35.974+01:00  INFO 5507 --- [ool-3-thread-51] tourGuide.service.RewardsService         : nearAttraction called with Flatiron Building
2023-01-22T16:10:35.974+01:00  INFO 5507 --- [ool-3-thread-51] tourGuide.service.RewardsService         : getDistance called
2023-01-22T16:10:35.974+01:00  INFO 5507 --- [ool-3-thread-51] tourGuide.service.RewardsService         : nearAttraction called with Fallingwater
2023-01-22T16:10:35.974+01:00  INFO 5507 --- [ool-3-thread-51] tourGuide.service.RewardsService         : getDistance called
2023-01-22T16:10:35.974+01:00  INFO 5507 --- [ool-3-thread-51] tourGuide.service.RewardsService         : nearAttraction called with Union Station
2023-01-22T16:10:35.974+01:00  INFO 5507 --- [ool-3-thread-51] tourGuide.service.RewardsService         : getDistance called
2023-01-22T16:10:35.974+01:00  INFO 5507 --- [ool-3-thread-51] tourGuide.service.RewardsService         : nearAttraction called with Roger Dean Stadium
2023-01-22T16:10:35.974+01:00  INFO 5507 --- [ool-3-thread-51] tourGuide.service.RewardsService         : getDistance called
2023-01-22T16:10:35.974+01:00  INFO 5507 --- [ool-3-thread-51] tourGuide.service.RewardsService         : nearAttraction called with Texas Memorial Stadium
2023-01-22T16:10:35.974+01:00  INFO 5507 --- [ool-3-thread-51] tourGuide.service.RewardsService         : getDistance called
2023-01-22T16:10:35.975+01:00  INFO 5507 --- [ool-3-thread-51] tourGuide.service.RewardsService         : nearAttraction called with Bryant-Denny Stadium
2023-01-22T16:10:35.975+01:00  INFO 5507 --- [ool-3-thread-51] tourGuide.service.RewardsService         : getDistance called
2023-01-22T16:10:35.975+01:00  INFO 5507 --- [ool-3-thread-51] tourGuide.service.RewardsService         : nearAttraction called with Tiger Stadium
2023-01-22T16:10:35.975+01:00  INFO 5507 --- [ool-3-thread-51] tourGuide.service.RewardsService         : getDistance called
2023-01-22T16:10:35.975+01:00  INFO 5507 --- [ool-3-thread-51] tourGuide.service.RewardsService         : nearAttraction called with Neyland Stadium
2023-01-22T16:10:35.975+01:00  INFO 5507 --- [ool-3-thread-51] tourGuide.service.RewardsService         : getDistance called
2023-01-22T16:10:35.975+01:00  INFO 5507 --- [ool-3-thread-51] tourGuide.service.RewardsService         : nearAttraction called with Kyle Field
2023-01-22T16:10:35.975+01:00  INFO 5507 --- [ool-3-thread-51] tourGuide.service.RewardsService         : getDistance called
2023-01-22T16:10:35.975+01:00  INFO 5507 --- [ool-3-thread-51] tourGuide.service.RewardsService         : nearAttraction called with San Diego Zoo
2023-01-22T16:10:35.975+01:00  INFO 5507 --- [ool-3-thread-51] tourGuide.service.RewardsService         : getDistance called
2023-01-22T16:10:35.975+01:00  INFO 5507 --- [ool-3-thread-51] tourGuide.service.RewardsService         : nearAttraction called with Zoo Tampa at Lowry Park
2023-01-22T16:10:35.975+01:00  INFO 5507 --- [ool-3-thread-51] tourGuide.service.RewardsService         : getDistance called
2023-01-22T16:10:35.975+01:00  INFO 5507 --- [ool-3-thread-51] tourGuide.service.RewardsService         : nearAttraction called with Franklin Park Zoo
2023-01-22T16:10:35.975+01:00  INFO 5507 --- [ool-3-thread-51] tourGuide.service.RewardsService         : getDistance called
2023-01-22T16:10:35.975+01:00  INFO 5507 --- [ool-3-thread-51] tourGuide.service.RewardsService         : nearAttraction called with El Paso Zoo
2023-01-22T16:10:35.975+01:00  INFO 5507 --- [ool-3-thread-51] tourGuide.service.RewardsService         : getDistance called
2023-01-22T16:10:35.975+01:00  INFO 5507 --- [ool-3-thread-51] tourGuide.service.RewardsService         : nearAttraction called with Kansas City Zoo
2023-01-22T16:10:35.975+01:00  INFO 5507 --- [ool-3-thread-51] tourGuide.service.RewardsService         : getDistance called
2023-01-22T16:10:35.975+01:00  INFO 5507 --- [ool-3-thread-51] tourGuide.service.RewardsService         : nearAttraction called with Bronx Zoo
2023-01-22T16:10:35.975+01:00  INFO 5507 --- [ool-3-thread-51] tourGuide.service.RewardsService         : getDistance called
2023-01-22T16:10:35.975+01:00  INFO 5507 --- [ool-3-thread-51] tourGuide.service.RewardsService         : nearAttraction called with Cinderella Castle
2023-01-22T16:10:35.975+01:00  INFO 5507 --- [ool-3-thread-51] tourGuide.service.RewardsService         : getDistance called
2023-01-22T16:10:35.975+01:00  INFO 5507 --- [ool-3-thread-51] tourGuide.service.RewardsService         : nearAttraction called with Disneyland
2023-01-22T16:10:35.975+01:00  INFO 5507 --- [ool-3-thread-51] tourGuide.service.RewardsService         : getDistance called
2023-01-22T16:10:35.975+01:00  INFO 5507 --- [ool-3-thread-51] tourGuide.service.RewardsService         : getRewardPoints called with Disneyland and internalUser47
2023-01-22T16:10:35.984+01:00  INFO 5507 --- [pool-3-thread-4] tourGuide.service.RewardsService         : Rewards of internalUser83 calculated by calculateRewards
2023-01-22T16:10:35.985+01:00  INFO 5507 --- [pool-3-thread-4] tourGuide.service.RewardsService         : nearAttraction called with Jackson Hole
2023-01-22T16:10:35.985+01:00  INFO 5507 --- [pool-3-thread-4] tourGuide.service.RewardsService         : getDistance called
2023-01-22T16:10:35.985+01:00  INFO 5507 --- [pool-3-thread-4] tourGuide.service.RewardsService         : nearAttraction called with Mojave National Preserve
2023-01-22T16:10:35.985+01:00  INFO 5507 --- [pool-3-thread-4] tourGuide.service.RewardsService         : getDistance called
2023-01-22T16:10:35.985+01:00  INFO 5507 --- [pool-3-thread-4] tourGuide.service.RewardsService         : nearAttraction called with Joshua Tree National Park
2023-01-22T16:10:35.985+01:00  INFO 5507 --- [pool-3-thread-4] tourGuide.service.RewardsService         : getDistance called
2023-01-22T16:10:35.985+01:00  INFO 5507 --- [pool-3-thread-4] tourGuide.service.RewardsService         : nearAttraction called with Buffalo National River
2023-01-22T16:10:35.985+01:00  INFO 5507 --- [pool-3-thread-4] tourGuide.service.RewardsService         : getDistance called
2023-01-22T16:10:35.985+01:00  INFO 5507 --- [pool-3-thread-4] tourGuide.service.RewardsService         : nearAttraction called with Hot Springs National Park
2023-01-22T16:10:35.985+01:00  INFO 5507 --- [pool-3-thread-4] tourGuide.service.RewardsService         : getDistance called
2023-01-22T16:10:35.985+01:00  INFO 5507 --- [pool-3-thread-4] tourGuide.service.RewardsService         : nearAttraction called with Kartchner Caverns State Park
2023-01-22T16:10:35.985+01:00  INFO 5507 --- [pool-3-thread-4] tourGuide.service.RewardsService         : getDistance called
2023-01-22T16:10:35.985+01:00  INFO 5507 --- [pool-3-thread-4] tourGuide.service.RewardsService         : nearAttraction called with Legend Valley
2023-01-22T16:10:35.985+01:00  INFO 5507 --- [pool-3-thread-4] tourGuide.service.RewardsService         : getDistance called
2023-01-22T16:10:35.985+01:00  INFO 5507 --- [pool-3-thread-4] tourGuide.service.RewardsService         : nearAttraction called with Flowers Bakery of London
2023-01-22T16:10:35.985+01:00  INFO 5507 --- [pool-3-thread-4] tourGuide.service.RewardsService         : getDistance called
2023-01-22T16:10:35.985+01:00  INFO 5507 --- [pool-3-thread-4] tourGuide.service.RewardsService         : nearAttraction called with McKinley Tower
2023-01-22T16:10:35.985+01:00  INFO 5507 --- [pool-3-thread-4] tourGuide.service.RewardsService         : getDistance called
2023-01-22T16:10:35.985+01:00  INFO 5507 --- [pool-3-thread-4] tourGuide.service.RewardsService         : nearAttraction called with Flatiron Building
2023-01-22T16:10:35.985+01:00  INFO 5507 --- [pool-3-thread-4] tourGuide.service.RewardsService         : getDistance called
2023-01-22T16:10:35.985+01:00  INFO 5507 --- [pool-3-thread-4] tourGuide.service.RewardsService         : nearAttraction called with Fallingwater
2023-01-22T16:10:35.985+01:00  INFO 5507 --- [pool-3-thread-4] tourGuide.service.RewardsService         : getDistance called
2023-01-22T16:10:35.985+01:00  INFO 5507 --- [pool-3-thread-4] tourGuide.service.RewardsService         : nearAttraction called with Union Station
2023-01-22T16:10:35.985+01:00  INFO 5507 --- [pool-3-thread-4] tourGuide.service.RewardsService         : getDistance called
2023-01-22T16:10:35.985+01:00  INFO 5507 --- [pool-3-thread-4] tourGuide.service.RewardsService         : nearAttraction called with Roger Dean Stadium
2023-01-22T16:10:35.985+01:00  INFO 5507 --- [pool-3-thread-4] tourGuide.service.RewardsService         : getDistance called
2023-01-22T16:10:35.985+01:00  INFO 5507 --- [pool-3-thread-4] tourGuide.service.RewardsService         : nearAttraction called with Texas Memorial Stadium
2023-01-22T16:10:35.985+01:00  INFO 5507 --- [pool-3-thread-4] tourGuide.service.RewardsService         : getDistance called
2023-01-22T16:10:35.985+01:00  INFO 5507 --- [pool-3-thread-4] tourGuide.service.RewardsService         : nearAttraction called with Bryant-Denny Stadium
2023-01-22T16:10:35.985+01:00  INFO 5507 --- [pool-3-thread-4] tourGuide.service.RewardsService         : getDistance called
2023-01-22T16:10:35.985+01:00  INFO 5507 --- [pool-3-thread-4] tourGuide.service.RewardsService         : nearAttraction called with Tiger Stadium
2023-01-22T16:10:35.985+01:00  INFO 5507 --- [pool-3-thread-4] tourGuide.service.RewardsService         : getDistance called
2023-01-22T16:10:35.985+01:00  INFO 5507 --- [pool-3-thread-4] tourGuide.service.RewardsService         : nearAttraction called with Neyland Stadium
2023-01-22T16:10:35.985+01:00  INFO 5507 --- [pool-3-thread-4] tourGuide.service.RewardsService         : getDistance called
2023-01-22T16:10:35.985+01:00  INFO 5507 --- [pool-3-thread-4] tourGuide.service.RewardsService         : nearAttraction called with Kyle Field
2023-01-22T16:10:35.985+01:00  INFO 5507 --- [pool-3-thread-4] tourGuide.service.RewardsService         : getDistance called
2023-01-22T16:10:35.985+01:00  INFO 5507 --- [pool-3-thread-4] tourGuide.service.RewardsService         : nearAttraction called with San Diego Zoo
2023-01-22T16:10:35.986+01:00  INFO 5507 --- [pool-3-thread-4] tourGuide.service.RewardsService         : getDistance called
2023-01-22T16:10:35.986+01:00  INFO 5507 --- [pool-3-thread-4] tourGuide.service.RewardsService         : nearAttraction called with Zoo Tampa at Lowry Park
2023-01-22T16:10:35.986+01:00  INFO 5507 --- [pool-3-thread-9] tourGuide.service.RewardsService         : Rewards of internalUser2 calculated by calculateRewards
2023-01-22T16:10:35.986+01:00  INFO 5507 --- [pool-3-thread-4] tourGuide.service.RewardsService         : getDistance called
2023-01-22T16:10:35.986+01:00  INFO 5507 --- [pool-3-thread-9] tourGuide.service.RewardsService         : nearAttraction called with Franklin Park Zoo
2023-01-22T16:10:35.986+01:00  INFO 5507 --- [pool-3-thread-4] tourGuide.service.RewardsService         : nearAttraction called with El Paso Zoo
2023-01-22T16:10:35.986+01:00  INFO 5507 --- [pool-3-thread-9] tourGuide.service.RewardsService         : getDistance called
2023-01-22T16:10:35.986+01:00  INFO 5507 --- [pool-3-thread-4] tourGuide.service.RewardsService         : getDistance called
2023-01-22T16:10:35.986+01:00  INFO 5507 --- [pool-3-thread-9] tourGuide.service.RewardsService         : nearAttraction called with Kansas City Zoo
2023-01-22T16:10:35.986+01:00  INFO 5507 --- [pool-3-thread-4] tourGuide.service.RewardsService         : nearAttraction called with Bronx Zoo
2023-01-22T16:10:35.986+01:00  INFO 5507 --- [pool-3-thread-9] tourGuide.service.RewardsService         : getDistance called
2023-01-22T16:10:35.986+01:00  INFO 5507 --- [pool-3-thread-4] tourGuide.service.RewardsService         : getDistance called
2023-01-22T16:10:35.986+01:00  INFO 5507 --- [pool-3-thread-9] tourGuide.service.RewardsService         : nearAttraction called with Cinderella Castle
2023-01-22T16:10:35.986+01:00  INFO 5507 --- [pool-3-thread-4] tourGuide.service.RewardsService         : nearAttraction called with Disneyland
2023-01-22T16:10:35.986+01:00  INFO 5507 --- [pool-3-thread-9] tourGuide.service.RewardsService         : getDistance called
2023-01-22T16:10:35.986+01:00  INFO 5507 --- [pool-3-thread-4] tourGuide.service.RewardsService         : getDistance called
2023-01-22T16:10:35.986+01:00  INFO 5507 --- [pool-3-thread-9] tourGuide.service.RewardsService         : nearAttraction called with Jackson Hole
2023-01-22T16:10:35.986+01:00  INFO 5507 --- [pool-3-thread-4] tourGuide.service.RewardsService         : getRewardPoints called with Disneyland and internalUser46
2023-01-22T16:10:35.986+01:00  INFO 5507 --- [pool-3-thread-9] tourGuide.service.RewardsService         : getDistance called
2023-01-22T16:10:35.986+01:00  INFO 5507 --- [pool-3-thread-9] tourGuide.service.RewardsService         : nearAttraction called with Mojave National Preserve
2023-01-22T16:10:35.986+01:00  INFO 5507 --- [pool-3-thread-9] tourGuide.service.RewardsService         : getDistance called
2023-01-22T16:10:35.986+01:00  INFO 5507 --- [pool-3-thread-9] tourGuide.service.RewardsService         : nearAttraction called with Joshua Tree National Park
2023-01-22T16:10:35.986+01:00  INFO 5507 --- [pool-3-thread-9] tourGuide.service.RewardsService         : getDistance called
2023-01-22T16:10:35.986+01:00  INFO 5507 --- [pool-3-thread-9] tourGuide.service.RewardsService         : nearAttraction called with Buffalo National River
2023-01-22T16:10:35.986+01:00  INFO 5507 --- [pool-3-thread-9] tourGuide.service.RewardsService         : getDistance called
2023-01-22T16:10:35.986+01:00  INFO 5507 --- [pool-3-thread-9] tourGuide.service.RewardsService         : nearAttraction called with Hot Springs National Park
2023-01-22T16:10:35.986+01:00  INFO 5507 --- [pool-3-thread-9] tourGuide.service.RewardsService         : getDistance called
2023-01-22T16:10:35.986+01:00  INFO 5507 --- [pool-3-thread-9] tourGuide.service.RewardsService         : nearAttraction called with Kartchner Caverns State Park
2023-01-22T16:10:35.986+01:00  INFO 5507 --- [pool-3-thread-9] tourGuide.service.RewardsService         : getDistance called
2023-01-22T16:10:35.986+01:00  INFO 5507 --- [pool-3-thread-9] tourGuide.service.RewardsService         : nearAttraction called with Legend Valley
2023-01-22T16:10:35.986+01:00  INFO 5507 --- [pool-3-thread-9] tourGuide.service.RewardsService         : getDistance called
2023-01-22T16:10:35.986+01:00  INFO 5507 --- [pool-3-thread-9] tourGuide.service.RewardsService         : nearAttraction called with Flowers Bakery of London
2023-01-22T16:10:35.986+01:00  INFO 5507 --- [pool-3-thread-9] tourGuide.service.RewardsService         : getDistance called
2023-01-22T16:10:35.986+01:00  INFO 5507 --- [pool-3-thread-9] tourGuide.service.RewardsService         : nearAttraction called with McKinley Tower
2023-01-22T16:10:35.986+01:00  INFO 5507 --- [pool-3-thread-9] tourGuide.service.RewardsService         : getDistance called
2023-01-22T16:10:35.986+01:00  INFO 5507 --- [pool-3-thread-9] tourGuide.service.RewardsService         : nearAttraction called with Flatiron Building
2023-01-22T16:10:35.986+01:00  INFO 5507 --- [pool-3-thread-9] tourGuide.service.RewardsService         : getDistance called
2023-01-22T16:10:35.986+01:00  INFO 5507 --- [pool-3-thread-9] tourGuide.service.RewardsService         : nearAttraction called with Fallingwater
2023-01-22T16:10:35.986+01:00  INFO 5507 --- [pool-3-thread-9] tourGuide.service.RewardsService         : getDistance called
2023-01-22T16:10:35.987+01:00  INFO 5507 --- [pool-3-thread-9] tourGuide.service.RewardsService         : nearAttraction called with Union Station
2023-01-22T16:10:35.987+01:00  INFO 5507 --- [pool-3-thread-9] tourGuide.service.RewardsService         : getDistance called
2023-01-22T16:10:35.987+01:00  INFO 5507 --- [pool-3-thread-9] tourGuide.service.RewardsService         : nearAttraction called with Roger Dean Stadium
2023-01-22T16:10:35.987+01:00  INFO 5507 --- [pool-3-thread-9] tourGuide.service.RewardsService         : getDistance called
2023-01-22T16:10:35.987+01:00  INFO 5507 --- [pool-3-thread-9] tourGuide.service.RewardsService         : nearAttraction called with Texas Memorial Stadium
2023-01-22T16:10:35.987+01:00  INFO 5507 --- [pool-3-thread-9] tourGuide.service.RewardsService         : getDistance called
2023-01-22T16:10:35.987+01:00  INFO 5507 --- [pool-3-thread-9] tourGuide.service.RewardsService         : nearAttraction called with Bryant-Denny Stadium
2023-01-22T16:10:35.987+01:00  INFO 5507 --- [pool-3-thread-9] tourGuide.service.RewardsService         : getDistance called
2023-01-22T16:10:35.987+01:00  INFO 5507 --- [pool-3-thread-9] tourGuide.service.RewardsService         : nearAttraction called with Tiger Stadium
2023-01-22T16:10:35.987+01:00  INFO 5507 --- [pool-3-thread-9] tourGuide.service.RewardsService         : getDistance called
2023-01-22T16:10:35.987+01:00  INFO 5507 --- [pool-3-thread-9] tourGuide.service.RewardsService         : nearAttraction called with Neyland Stadium
2023-01-22T16:10:35.987+01:00  INFO 5507 --- [pool-3-thread-9] tourGuide.service.RewardsService         : getDistance called
2023-01-22T16:10:35.987+01:00  INFO 5507 --- [pool-3-thread-9] tourGuide.service.RewardsService         : nearAttraction called with Kyle Field
2023-01-22T16:10:35.987+01:00  INFO 5507 --- [pool-3-thread-9] tourGuide.service.RewardsService         : getDistance called
2023-01-22T16:10:35.987+01:00  INFO 5507 --- [pool-3-thread-9] tourGuide.service.RewardsService         : nearAttraction called with San Diego Zoo
2023-01-22T16:10:35.987+01:00  INFO 5507 --- [pool-3-thread-9] tourGuide.service.RewardsService         : getDistance called
2023-01-22T16:10:35.987+01:00  INFO 5507 --- [pool-3-thread-9] tourGuide.service.RewardsService         : nearAttraction called with Zoo Tampa at Lowry Park
2023-01-22T16:10:35.987+01:00  INFO 5507 --- [pool-3-thread-9] tourGuide.service.RewardsService         : getDistance called
2023-01-22T16:10:35.987+01:00  INFO 5507 --- [pool-3-thread-9] tourGuide.service.RewardsService         : nearAttraction called with Franklin Park Zoo
2023-01-22T16:10:35.987+01:00  INFO 5507 --- [pool-3-thread-9] tourGuide.service.RewardsService         : getDistance called
2023-01-22T16:10:35.987+01:00  INFO 5507 --- [pool-3-thread-9] tourGuide.service.RewardsService         : nearAttraction called with El Paso Zoo
2023-01-22T16:10:35.987+01:00  INFO 5507 --- [pool-3-thread-9] tourGuide.service.RewardsService         : getDistance called
2023-01-22T16:10:35.987+01:00  INFO 5507 --- [pool-3-thread-9] tourGuide.service.RewardsService         : nearAttraction called with Kansas City Zoo
2023-01-22T16:10:35.987+01:00  INFO 5507 --- [pool-3-thread-9] tourGuide.service.RewardsService         : getDistance called
2023-01-22T16:10:35.987+01:00  INFO 5507 --- [pool-3-thread-9] tourGuide.service.RewardsService         : nearAttraction called with Bronx Zoo
2023-01-22T16:10:35.987+01:00  INFO 5507 --- [pool-3-thread-9] tourGuide.service.RewardsService         : getDistance called
2023-01-22T16:10:35.987+01:00  INFO 5507 --- [pool-3-thread-9] tourGuide.service.RewardsService         : nearAttraction called with Cinderella Castle
2023-01-22T16:10:35.987+01:00  INFO 5507 --- [pool-3-thread-9] tourGuide.service.RewardsService         : getDistance called
2023-01-22T16:10:35.987+01:00  INFO 5507 --- [pool-3-thread-9] tourGuide.service.RewardsService         : nearAttraction called with Disneyland
2023-01-22T16:10:35.987+01:00  INFO 5507 --- [pool-3-thread-9] tourGuide.service.RewardsService         : getDistance called
2023-01-22T16:10:35.987+01:00  INFO 5507 --- [pool-3-thread-9] tourGuide.service.RewardsService         : getRewardPoints called with Disneyland and internalUser41
2023-01-22T16:10:35.998+01:00  INFO 5507 --- [ool-3-thread-23] tourGuide.service.RewardsService         : Rewards of internalUser18 calculated by calculateRewards
2023-01-22T16:10:35.999+01:00  INFO 5507 --- [ool-3-thread-23] tourGuide.service.RewardsService         : nearAttraction called with Jackson Hole
2023-01-22T16:10:35.999+01:00  INFO 5507 --- [ool-3-thread-23] tourGuide.service.RewardsService         : getDistance called
2023-01-22T16:10:35.999+01:00  INFO 5507 --- [ool-3-thread-23] tourGuide.service.RewardsService         : nearAttraction called with Mojave National Preserve
2023-01-22T16:10:35.999+01:00  INFO 5507 --- [ool-3-thread-23] tourGuide.service.RewardsService         : getDistance called
2023-01-22T16:10:35.999+01:00  INFO 5507 --- [ool-3-thread-23] tourGuide.service.RewardsService         : nearAttraction called with Joshua Tree National Park
2023-01-22T16:10:35.999+01:00  INFO 5507 --- [ool-3-thread-23] tourGuide.service.RewardsService         : getDistance called
2023-01-22T16:10:35.999+01:00  INFO 5507 --- [ool-3-thread-23] tourGuide.service.RewardsService         : nearAttraction called with Buffalo National River
2023-01-22T16:10:35.999+01:00  INFO 5507 --- [ool-3-thread-23] tourGuide.service.RewardsService         : getDistance called
2023-01-22T16:10:35.999+01:00  INFO 5507 --- [ool-3-thread-23] tourGuide.service.RewardsService         : nearAttraction called with Hot Springs National Park
2023-01-22T16:10:35.999+01:00  INFO 5507 --- [ool-3-thread-14] tourGuide.service.RewardsService         : Rewards of internalUser89 calculated by calculateRewards
2023-01-22T16:10:35.999+01:00  INFO 5507 --- [ool-3-thread-23] tourGuide.service.RewardsService         : getDistance called
2023-01-22T16:10:35.999+01:00  INFO 5507 --- [ool-3-thread-14] tourGuide.service.RewardsService         : nearAttraction called with Kartchner Caverns State Park
2023-01-22T16:10:35.999+01:00  INFO 5507 --- [ool-3-thread-23] tourGuide.service.RewardsService         : nearAttraction called with Legend Valley
2023-01-22T16:10:35.999+01:00  INFO 5507 --- [ool-3-thread-14] tourGuide.service.RewardsService         : getDistance called
2023-01-22T16:10:35.999+01:00  INFO 5507 --- [ool-3-thread-23] tourGuide.service.RewardsService         : getDistance called
2023-01-22T16:10:35.999+01:00  INFO 5507 --- [ool-3-thread-14] tourGuide.service.RewardsService         : nearAttraction called with Flowers Bakery of London
2023-01-22T16:10:35.999+01:00  INFO 5507 --- [ool-3-thread-23] tourGuide.service.RewardsService         : nearAttraction called with McKinley Tower
2023-01-22T16:10:35.999+01:00  INFO 5507 --- [ool-3-thread-14] tourGuide.service.RewardsService         : getDistance called
2023-01-22T16:10:35.999+01:00  INFO 5507 --- [ool-3-thread-23] tourGuide.service.RewardsService         : getDistance called
2023-01-22T16:10:35.999+01:00  INFO 5507 --- [ool-3-thread-14] tourGuide.service.RewardsService         : nearAttraction called with Flatiron Building
2023-01-22T16:10:35.999+01:00  INFO 5507 --- [ool-3-thread-14] tourGuide.service.RewardsService         : getDistance called
2023-01-22T16:10:35.999+01:00  INFO 5507 --- [ool-3-thread-23] tourGuide.service.RewardsService         : nearAttraction called with Fallingwater
2023-01-22T16:10:35.999+01:00  INFO 5507 --- [ool-3-thread-14] tourGuide.service.RewardsService         : nearAttraction called with Union Station
2023-01-22T16:10:35.999+01:00  INFO 5507 --- [ool-3-thread-23] tourGuide.service.RewardsService         : getDistance called
2023-01-22T16:10:35.999+01:00  INFO 5507 --- [ool-3-thread-14] tourGuide.service.RewardsService         : getDistance called
2023-01-22T16:10:35.999+01:00  INFO 5507 --- [ool-3-thread-23] tourGuide.service.RewardsService         : nearAttraction called with Roger Dean Stadium
2023-01-22T16:10:36.000+01:00  INFO 5507 --- [ool-3-thread-23] tourGuide.service.RewardsService         : getDistance called
2023-01-22T16:10:36.000+01:00  INFO 5507 --- [ool-3-thread-14] tourGuide.service.RewardsService         : nearAttraction called with Texas Memorial Stadium
2023-01-22T16:10:36.000+01:00  INFO 5507 --- [ool-3-thread-23] tourGuide.service.RewardsService         : nearAttraction called with Bryant-Denny Stadium
2023-01-22T16:10:36.000+01:00  INFO 5507 --- [ool-3-thread-14] tourGuide.service.RewardsService         : getDistance called
2023-01-22T16:10:36.000+01:00  INFO 5507 --- [ool-3-thread-23] tourGuide.service.RewardsService         : getDistance called
2023-01-22T16:10:36.000+01:00  INFO 5507 --- [ool-3-thread-14] tourGuide.service.RewardsService         : nearAttraction called with Tiger Stadium
2023-01-22T16:10:36.000+01:00  INFO 5507 --- [ool-3-thread-23] tourGuide.service.RewardsService         : nearAttraction called with Neyland Stadium
2023-01-22T16:10:36.000+01:00  INFO 5507 --- [ool-3-thread-14] tourGuide.service.RewardsService         : getDistance called
2023-01-22T16:10:36.000+01:00  INFO 5507 --- [ool-3-thread-23] tourGuide.service.RewardsService         : getDistance called
2023-01-22T16:10:36.000+01:00  INFO 5507 --- [ool-3-thread-14] tourGuide.service.RewardsService         : nearAttraction called with Kyle Field
2023-01-22T16:10:36.000+01:00  INFO 5507 --- [ool-3-thread-23] tourGuide.service.RewardsService         : nearAttraction called with San Diego Zoo
2023-01-22T16:10:36.000+01:00  INFO 5507 --- [ool-3-thread-14] tourGuide.service.RewardsService         : getDistance called
2023-01-22T16:10:36.000+01:00  INFO 5507 --- [ool-3-thread-23] tourGuide.service.RewardsService         : getDistance called
2023-01-22T16:10:36.000+01:00  INFO 5507 --- [ool-3-thread-14] tourGuide.service.RewardsService         : nearAttraction called with Zoo Tampa at Lowry Park
2023-01-22T16:10:36.000+01:00  INFO 5507 --- [ool-3-thread-23] tourGuide.service.RewardsService         : nearAttraction called with Franklin Park Zoo
2023-01-22T16:10:36.000+01:00  INFO 5507 --- [ool-3-thread-14] tourGuide.service.RewardsService         : getDistance called
2023-01-22T16:10:36.000+01:00  INFO 5507 --- [ool-3-thread-23] tourGuide.service.RewardsService         : getDistance called
2023-01-22T16:10:36.000+01:00  INFO 5507 --- [ool-3-thread-14] tourGuide.service.RewardsService         : nearAttraction called with El Paso Zoo
2023-01-22T16:10:36.000+01:00  INFO 5507 --- [ool-3-thread-23] tourGuide.service.RewardsService         : nearAttraction called with Kansas City Zoo
2023-01-22T16:10:36.000+01:00  INFO 5507 --- [ool-3-thread-14] tourGuide.service.RewardsService         : getDistance called
2023-01-22T16:10:36.000+01:00  INFO 5507 --- [ool-3-thread-23] tourGuide.service.RewardsService         : getDistance called
2023-01-22T16:10:36.000+01:00  INFO 5507 --- [ool-3-thread-14] tourGuide.service.RewardsService         : nearAttraction called with Bronx Zoo
2023-01-22T16:10:36.000+01:00  INFO 5507 --- [ool-3-thread-23] tourGuide.service.RewardsService         : nearAttraction called with Cinderella Castle
2023-01-22T16:10:36.000+01:00  INFO 5507 --- [ool-3-thread-14] tourGuide.service.RewardsService         : getDistance called
2023-01-22T16:10:36.000+01:00  INFO 5507 --- [ool-3-thread-23] tourGuide.service.RewardsService         : getDistance called
2023-01-22T16:10:36.000+01:00  INFO 5507 --- [ool-3-thread-14] tourGuide.service.RewardsService         : nearAttraction called with Disneyland
2023-01-22T16:10:36.000+01:00  INFO 5507 --- [ool-3-thread-23] tourGuide.service.RewardsService         : nearAttraction called with Jackson Hole
2023-01-22T16:10:36.000+01:00  INFO 5507 --- [ool-3-thread-14] tourGuide.service.RewardsService         : getDistance called
2023-01-22T16:10:36.000+01:00  INFO 5507 --- [ool-3-thread-23] tourGuide.service.RewardsService         : getDistance called
2023-01-22T16:10:36.000+01:00  INFO 5507 --- [ool-3-thread-23] tourGuide.service.RewardsService         : nearAttraction called with Mojave National Preserve
2023-01-22T16:10:36.000+01:00  INFO 5507 --- [ool-3-thread-23] tourGuide.service.RewardsService         : getDistance called
2023-01-22T16:10:36.000+01:00  INFO 5507 --- [ool-3-thread-14] tourGuide.service.RewardsService         : getRewardPoints called with Disneyland and internalUser40
2023-01-22T16:10:36.000+01:00  INFO 5507 --- [ool-3-thread-23] tourGuide.service.RewardsService         : nearAttraction called with Joshua Tree National Park
2023-01-22T16:10:36.000+01:00  INFO 5507 --- [ool-3-thread-23] tourGuide.service.RewardsService         : getDistance called
2023-01-22T16:10:36.000+01:00  INFO 5507 --- [ool-3-thread-23] tourGuide.service.RewardsService         : nearAttraction called with Buffalo National River
2023-01-22T16:10:36.000+01:00  INFO 5507 --- [ool-3-thread-23] tourGuide.service.RewardsService         : getDistance called
2023-01-22T16:10:36.000+01:00  INFO 5507 --- [ool-3-thread-23] tourGuide.service.RewardsService         : nearAttraction called with Hot Springs National Park
2023-01-22T16:10:36.000+01:00  INFO 5507 --- [ool-3-thread-23] tourGuide.service.RewardsService         : getDistance called
2023-01-22T16:10:36.000+01:00  INFO 5507 --- [ool-3-thread-23] tourGuide.service.RewardsService         : nearAttraction called with Kartchner Caverns State Park
2023-01-22T16:10:36.001+01:00  INFO 5507 --- [ool-3-thread-23] tourGuide.service.RewardsService         : getDistance called
2023-01-22T16:10:36.001+01:00  INFO 5507 --- [ool-3-thread-23] tourGuide.service.RewardsService         : nearAttraction called with Legend Valley
2023-01-22T16:10:36.001+01:00  INFO 5507 --- [ool-3-thread-23] tourGuide.service.RewardsService         : getDistance called
2023-01-22T16:10:36.001+01:00  INFO 5507 --- [ool-3-thread-23] tourGuide.service.RewardsService         : nearAttraction called with Flowers Bakery of London
2023-01-22T16:10:36.001+01:00  INFO 5507 --- [ool-3-thread-23] tourGuide.service.RewardsService         : getDistance called
2023-01-22T16:10:36.001+01:00  INFO 5507 --- [ool-3-thread-23] tourGuide.service.RewardsService         : nearAttraction called with McKinley Tower
2023-01-22T16:10:36.001+01:00  INFO 5507 --- [ool-3-thread-23] tourGuide.service.RewardsService         : getDistance called
2023-01-22T16:10:36.001+01:00  INFO 5507 --- [ool-3-thread-23] tourGuide.service.RewardsService         : nearAttraction called with Flatiron Building
2023-01-22T16:10:36.001+01:00  INFO 5507 --- [ool-3-thread-23] tourGuide.service.RewardsService         : getDistance called
2023-01-22T16:10:36.001+01:00  INFO 5507 --- [ool-3-thread-23] tourGuide.service.RewardsService         : nearAttraction called with Fallingwater
2023-01-22T16:10:36.001+01:00  INFO 5507 --- [ool-3-thread-23] tourGuide.service.RewardsService         : getDistance called
2023-01-22T16:10:36.001+01:00  INFO 5507 --- [ool-3-thread-23] tourGuide.service.RewardsService         : nearAttraction called with Union Station
2023-01-22T16:10:36.001+01:00  INFO 5507 --- [ool-3-thread-23] tourGuide.service.RewardsService         : getDistance called
2023-01-22T16:10:36.001+01:00  INFO 5507 --- [ool-3-thread-23] tourGuide.service.RewardsService         : nearAttraction called with Roger Dean Stadium
2023-01-22T16:10:36.001+01:00  INFO 5507 --- [ool-3-thread-23] tourGuide.service.RewardsService         : getDistance called
2023-01-22T16:10:36.001+01:00  INFO 5507 --- [ool-3-thread-23] tourGuide.service.RewardsService         : nearAttraction called with Texas Memorial Stadium
2023-01-22T16:10:36.001+01:00  INFO 5507 --- [ool-3-thread-23] tourGuide.service.RewardsService         : getDistance called
2023-01-22T16:10:36.001+01:00  INFO 5507 --- [ool-3-thread-23] tourGuide.service.RewardsService         : nearAttraction called with Bryant-Denny Stadium
2023-01-22T16:10:36.001+01:00  INFO 5507 --- [ool-3-thread-23] tourGuide.service.RewardsService         : getDistance called
2023-01-22T16:10:36.001+01:00  INFO 5507 --- [ool-3-thread-23] tourGuide.service.RewardsService         : nearAttraction called with Tiger Stadium
2023-01-22T16:10:36.001+01:00  INFO 5507 --- [ool-3-thread-23] tourGuide.service.RewardsService         : getDistance called
2023-01-22T16:10:36.001+01:00  INFO 5507 --- [ool-3-thread-23] tourGuide.service.RewardsService         : nearAttraction called with Neyland Stadium
2023-01-22T16:10:36.001+01:00  INFO 5507 --- [ool-3-thread-23] tourGuide.service.RewardsService         : getDistance called
2023-01-22T16:10:36.001+01:00  INFO 5507 --- [ool-3-thread-23] tourGuide.service.RewardsService         : nearAttraction called with Kyle Field
2023-01-22T16:10:36.001+01:00  INFO 5507 --- [ool-3-thread-23] tourGuide.service.RewardsService         : getDistance called
2023-01-22T16:10:36.001+01:00  INFO 5507 --- [ool-3-thread-23] tourGuide.service.RewardsService         : nearAttraction called with San Diego Zoo
2023-01-22T16:10:36.001+01:00  INFO 5507 --- [ool-3-thread-23] tourGuide.service.RewardsService         : getDistance called
2023-01-22T16:10:36.002+01:00  INFO 5507 --- [ool-3-thread-23] tourGuide.service.RewardsService         : nearAttraction called with Zoo Tampa at Lowry Park
2023-01-22T16:10:36.002+01:00  INFO 5507 --- [ool-3-thread-23] tourGuide.service.RewardsService         : getDistance called
2023-01-22T16:10:36.002+01:00  INFO 5507 --- [ool-3-thread-23] tourGuide.service.RewardsService         : nearAttraction called with Franklin Park Zoo
2023-01-22T16:10:36.002+01:00  INFO 5507 --- [ool-3-thread-23] tourGuide.service.RewardsService         : getDistance called
2023-01-22T16:10:36.002+01:00  INFO 5507 --- [ool-3-thread-23] tourGuide.service.RewardsService         : nearAttraction called with El Paso Zoo
2023-01-22T16:10:36.002+01:00  INFO 5507 --- [ool-3-thread-23] tourGuide.service.RewardsService         : getDistance called
2023-01-22T16:10:36.002+01:00  INFO 5507 --- [ool-3-thread-23] tourGuide.service.RewardsService         : nearAttraction called with Kansas City Zoo
2023-01-22T16:10:36.002+01:00  INFO 5507 --- [ool-3-thread-23] tourGuide.service.RewardsService         : getDistance called
2023-01-22T16:10:36.002+01:00  INFO 5507 --- [ool-3-thread-23] tourGuide.service.RewardsService         : nearAttraction called with Bronx Zoo
2023-01-22T16:10:36.002+01:00  INFO 5507 --- [ool-3-thread-23] tourGuide.service.RewardsService         : getDistance called
2023-01-22T16:10:36.002+01:00  INFO 5507 --- [ool-3-thread-23] tourGuide.service.RewardsService         : nearAttraction called with Cinderella Castle
2023-01-22T16:10:36.002+01:00  INFO 5507 --- [ool-3-thread-23] tourGuide.service.RewardsService         : getDistance called
2023-01-22T16:10:36.002+01:00  INFO 5507 --- [ool-3-thread-23] tourGuide.service.RewardsService         : nearAttraction called with Disneyland
2023-01-22T16:10:36.002+01:00  INFO 5507 --- [ool-3-thread-23] tourGuide.service.RewardsService         : getDistance called
2023-01-22T16:10:36.002+01:00  INFO 5507 --- [ool-3-thread-23] tourGuide.service.RewardsService         : getRewardPoints called with Disneyland and internalUser43
2023-01-22T16:10:36.021+01:00  INFO 5507 --- [ool-3-thread-63] tourGuide.service.RewardsService         : Rewards of internalUser49 calculated by calculateRewards
2023-01-22T16:10:36.022+01:00  INFO 5507 --- [ool-3-thread-63] tourGuide.service.RewardsService         : nearAttraction called with Jackson Hole
2023-01-22T16:10:36.022+01:00  INFO 5507 --- [ool-3-thread-63] tourGuide.service.RewardsService         : getDistance called
2023-01-22T16:10:36.022+01:00  INFO 5507 --- [ool-3-thread-63] tourGuide.service.RewardsService         : nearAttraction called with Mojave National Preserve
2023-01-22T16:10:36.022+01:00  INFO 5507 --- [ool-3-thread-63] tourGuide.service.RewardsService         : getDistance called
2023-01-22T16:10:36.022+01:00  INFO 5507 --- [ool-3-thread-63] tourGuide.service.RewardsService         : nearAttraction called with Joshua Tree National Park
2023-01-22T16:10:36.022+01:00  INFO 5507 --- [ool-3-thread-63] tourGuide.service.RewardsService         : getDistance called
2023-01-22T16:10:36.022+01:00  INFO 5507 --- [ool-3-thread-63] tourGuide.service.RewardsService         : nearAttraction called with Buffalo National River
2023-01-22T16:10:36.022+01:00  INFO 5507 --- [ool-3-thread-63] tourGuide.service.RewardsService         : getDistance called
2023-01-22T16:10:36.022+01:00  INFO 5507 --- [ool-3-thread-63] tourGuide.service.RewardsService         : nearAttraction called with Hot Springs National Park
2023-01-22T16:10:36.022+01:00  INFO 5507 --- [ool-3-thread-63] tourGuide.service.RewardsService         : getDistance called
2023-01-22T16:10:36.022+01:00  INFO 5507 --- [ool-3-thread-63] tourGuide.service.RewardsService         : nearAttraction called with Kartchner Caverns State Park
2023-01-22T16:10:36.022+01:00  INFO 5507 --- [ool-3-thread-63] tourGuide.service.RewardsService         : getDistance called
2023-01-22T16:10:36.022+01:00  INFO 5507 --- [ool-3-thread-63] tourGuide.service.RewardsService         : nearAttraction called with Legend Valley
2023-01-22T16:10:36.022+01:00  INFO 5507 --- [ool-3-thread-63] tourGuide.service.RewardsService         : getDistance called
2023-01-22T16:10:36.022+01:00  INFO 5507 --- [ool-3-thread-63] tourGuide.service.RewardsService         : nearAttraction called with Flowers Bakery of London
2023-01-22T16:10:36.022+01:00  INFO 5507 --- [ool-3-thread-63] tourGuide.service.RewardsService         : getDistance called
2023-01-22T16:10:36.022+01:00  INFO 5507 --- [ool-3-thread-63] tourGuide.service.RewardsService         : nearAttraction called with McKinley Tower
2023-01-22T16:10:36.022+01:00  INFO 5507 --- [ool-3-thread-63] tourGuide.service.RewardsService         : getDistance called
2023-01-22T16:10:36.022+01:00  INFO 5507 --- [ool-3-thread-63] tourGuide.service.RewardsService         : nearAttraction called with Flatiron Building
2023-01-22T16:10:36.022+01:00  INFO 5507 --- [ool-3-thread-63] tourGuide.service.RewardsService         : getDistance called
2023-01-22T16:10:36.022+01:00  INFO 5507 --- [ool-3-thread-63] tourGuide.service.RewardsService         : nearAttraction called with Fallingwater
2023-01-22T16:10:36.022+01:00  INFO 5507 --- [ool-3-thread-63] tourGuide.service.RewardsService         : getDistance called
2023-01-22T16:10:36.022+01:00  INFO 5507 --- [ool-3-thread-63] tourGuide.service.RewardsService         : nearAttraction called with Union Station
2023-01-22T16:10:36.022+01:00  INFO 5507 --- [ool-3-thread-63] tourGuide.service.RewardsService         : getDistance called
2023-01-22T16:10:36.022+01:00  INFO 5507 --- [ool-3-thread-63] tourGuide.service.RewardsService         : nearAttraction called with Roger Dean Stadium
2023-01-22T16:10:36.022+01:00  INFO 5507 --- [ool-3-thread-63] tourGuide.service.RewardsService         : getDistance called
2023-01-22T16:10:36.022+01:00  INFO 5507 --- [ool-3-thread-63] tourGuide.service.RewardsService         : nearAttraction called with Texas Memorial Stadium
2023-01-22T16:10:36.022+01:00  INFO 5507 --- [ool-3-thread-63] tourGuide.service.RewardsService         : getDistance called
2023-01-22T16:10:36.022+01:00  INFO 5507 --- [ool-3-thread-63] tourGuide.service.RewardsService         : nearAttraction called with Bryant-Denny Stadium
2023-01-22T16:10:36.022+01:00  INFO 5507 --- [ool-3-thread-63] tourGuide.service.RewardsService         : getDistance called
2023-01-22T16:10:36.022+01:00  INFO 5507 --- [ool-3-thread-63] tourGuide.service.RewardsService         : nearAttraction called with Tiger Stadium
2023-01-22T16:10:36.022+01:00  INFO 5507 --- [ool-3-thread-63] tourGuide.service.RewardsService         : getDistance called
2023-01-22T16:10:36.022+01:00  INFO 5507 --- [ool-3-thread-63] tourGuide.service.RewardsService         : nearAttraction called with Neyland Stadium
2023-01-22T16:10:36.022+01:00  INFO 5507 --- [ool-3-thread-63] tourGuide.service.RewardsService         : getDistance called
2023-01-22T16:10:36.022+01:00  INFO 5507 --- [ool-3-thread-63] tourGuide.service.RewardsService         : nearAttraction called with Kyle Field
2023-01-22T16:10:36.022+01:00  INFO 5507 --- [ool-3-thread-63] tourGuide.service.RewardsService         : getDistance called
2023-01-22T16:10:36.023+01:00  INFO 5507 --- [ool-3-thread-63] tourGuide.service.RewardsService         : nearAttraction called with San Diego Zoo
2023-01-22T16:10:36.023+01:00  INFO 5507 --- [ool-3-thread-63] tourGuide.service.RewardsService         : getDistance called
2023-01-22T16:10:36.023+01:00  INFO 5507 --- [ool-3-thread-63] tourGuide.service.RewardsService         : nearAttraction called with Zoo Tampa at Lowry Park
2023-01-22T16:10:36.023+01:00  INFO 5507 --- [ool-3-thread-63] tourGuide.service.RewardsService         : getDistance called
2023-01-22T16:10:36.023+01:00  INFO 5507 --- [ool-3-thread-63] tourGuide.service.RewardsService         : nearAttraction called with Franklin Park Zoo
2023-01-22T16:10:36.023+01:00  INFO 5507 --- [ool-3-thread-63] tourGuide.service.RewardsService         : getDistance called
2023-01-22T16:10:36.023+01:00  INFO 5507 --- [ool-3-thread-63] tourGuide.service.RewardsService         : nearAttraction called with El Paso Zoo
2023-01-22T16:10:36.023+01:00  INFO 5507 --- [ool-3-thread-63] tourGuide.service.RewardsService         : getDistance called
2023-01-22T16:10:36.023+01:00  INFO 5507 --- [ool-3-thread-63] tourGuide.service.RewardsService         : nearAttraction called with Kansas City Zoo
2023-01-22T16:10:36.023+01:00  INFO 5507 --- [ool-3-thread-63] tourGuide.service.RewardsService         : getDistance called
2023-01-22T16:10:36.023+01:00  INFO 5507 --- [ool-3-thread-63] tourGuide.service.RewardsService         : nearAttraction called with Bronx Zoo
2023-01-22T16:10:36.023+01:00  INFO 5507 --- [ool-3-thread-63] tourGuide.service.RewardsService         : getDistance called
2023-01-22T16:10:36.023+01:00  INFO 5507 --- [ool-3-thread-63] tourGuide.service.RewardsService         : nearAttraction called with Cinderella Castle
2023-01-22T16:10:36.023+01:00  INFO 5507 --- [ool-3-thread-63] tourGuide.service.RewardsService         : getDistance called
2023-01-22T16:10:36.023+01:00  INFO 5507 --- [ool-3-thread-63] tourGuide.service.RewardsService         : nearAttraction called with Disneyland
2023-01-22T16:10:36.023+01:00  INFO 5507 --- [ool-3-thread-63] tourGuide.service.RewardsService         : getDistance called
2023-01-22T16:10:36.023+01:00  INFO 5507 --- [ool-3-thread-63] tourGuide.service.RewardsService         : getRewardPoints called with Disneyland and internalUser42
2023-01-22T16:10:36.039+01:00  INFO 5507 --- [ool-3-thread-31] tourGuide.service.RewardsService         : Rewards of internalUser23 calculated by calculateRewards
2023-01-22T16:10:36.039+01:00  INFO 5507 --- [ool-3-thread-31] tourGuide.service.RewardsService         : nearAttraction called with Jackson Hole
2023-01-22T16:10:36.039+01:00  INFO 5507 --- [ool-3-thread-31] tourGuide.service.RewardsService         : getDistance called
2023-01-22T16:10:36.039+01:00  INFO 5507 --- [ool-3-thread-31] tourGuide.service.RewardsService         : nearAttraction called with Mojave National Preserve
2023-01-22T16:10:36.039+01:00  INFO 5507 --- [ool-3-thread-31] tourGuide.service.RewardsService         : getDistance called
2023-01-22T16:10:36.039+01:00  INFO 5507 --- [ool-3-thread-31] tourGuide.service.RewardsService         : nearAttraction called with Joshua Tree National Park
2023-01-22T16:10:36.039+01:00  INFO 5507 --- [ool-3-thread-31] tourGuide.service.RewardsService         : getDistance called
2023-01-22T16:10:36.039+01:00  INFO 5507 --- [ool-3-thread-31] tourGuide.service.RewardsService         : nearAttraction called with Buffalo National River
2023-01-22T16:10:36.039+01:00  INFO 5507 --- [ool-3-thread-31] tourGuide.service.RewardsService         : getDistance called
2023-01-22T16:10:36.039+01:00  INFO 5507 --- [ool-3-thread-31] tourGuide.service.RewardsService         : nearAttraction called with Hot Springs National Park
2023-01-22T16:10:36.039+01:00  INFO 5507 --- [ool-3-thread-31] tourGuide.service.RewardsService         : getDistance called
2023-01-22T16:10:36.039+01:00  INFO 5507 --- [ool-3-thread-31] tourGuide.service.RewardsService         : nearAttraction called with Kartchner Caverns State Park
2023-01-22T16:10:36.039+01:00  INFO 5507 --- [ool-3-thread-31] tourGuide.service.RewardsService         : getDistance called
2023-01-22T16:10:36.039+01:00  INFO 5507 --- [ool-3-thread-31] tourGuide.service.RewardsService         : nearAttraction called with Legend Valley
2023-01-22T16:10:36.039+01:00  INFO 5507 --- [ool-3-thread-31] tourGuide.service.RewardsService         : getDistance called
2023-01-22T16:10:36.039+01:00  INFO 5507 --- [ool-3-thread-31] tourGuide.service.RewardsService         : nearAttraction called with Flowers Bakery of London
2023-01-22T16:10:36.039+01:00  INFO 5507 --- [ool-3-thread-31] tourGuide.service.RewardsService         : getDistance called
2023-01-22T16:10:36.039+01:00  INFO 5507 --- [ool-3-thread-31] tourGuide.service.RewardsService         : nearAttraction called with McKinley Tower
2023-01-22T16:10:36.039+01:00  INFO 5507 --- [ool-3-thread-31] tourGuide.service.RewardsService         : getDistance called
2023-01-22T16:10:36.039+01:00  INFO 5507 --- [ool-3-thread-31] tourGuide.service.RewardsService         : nearAttraction called with Flatiron Building
2023-01-22T16:10:36.039+01:00  INFO 5507 --- [ool-3-thread-31] tourGuide.service.RewardsService         : getDistance called
2023-01-22T16:10:36.039+01:00  INFO 5507 --- [ool-3-thread-31] tourGuide.service.RewardsService         : nearAttraction called with Fallingwater
2023-01-22T16:10:36.039+01:00  INFO 5507 --- [ool-3-thread-31] tourGuide.service.RewardsService         : getDistance called
2023-01-22T16:10:36.039+01:00  INFO 5507 --- [ool-3-thread-31] tourGuide.service.RewardsService         : nearAttraction called with Union Station
2023-01-22T16:10:36.039+01:00  INFO 5507 --- [ool-3-thread-31] tourGuide.service.RewardsService         : getDistance called
2023-01-22T16:10:36.039+01:00  INFO 5507 --- [ool-3-thread-31] tourGuide.service.RewardsService         : nearAttraction called with Roger Dean Stadium
2023-01-22T16:10:36.039+01:00  INFO 5507 --- [ool-3-thread-31] tourGuide.service.RewardsService         : getDistance called
2023-01-22T16:10:36.039+01:00  INFO 5507 --- [ool-3-thread-31] tourGuide.service.RewardsService         : nearAttraction called with Texas Memorial Stadium
2023-01-22T16:10:36.039+01:00  INFO 5507 --- [ool-3-thread-31] tourGuide.service.RewardsService         : getDistance called
2023-01-22T16:10:36.039+01:00  INFO 5507 --- [ool-3-thread-31] tourGuide.service.RewardsService         : nearAttraction called with Bryant-Denny Stadium
2023-01-22T16:10:36.039+01:00  INFO 5507 --- [ool-3-thread-31] tourGuide.service.RewardsService         : getDistance called
2023-01-22T16:10:36.039+01:00  INFO 5507 --- [ool-3-thread-31] tourGuide.service.RewardsService         : nearAttraction called with Tiger Stadium
2023-01-22T16:10:36.039+01:00  INFO 5507 --- [ool-3-thread-31] tourGuide.service.RewardsService         : getDistance called
2023-01-22T16:10:36.039+01:00  INFO 5507 --- [ool-3-thread-31] tourGuide.service.RewardsService         : nearAttraction called with Neyland Stadium
2023-01-22T16:10:36.039+01:00  INFO 5507 --- [ool-3-thread-31] tourGuide.service.RewardsService         : getDistance called
2023-01-22T16:10:36.039+01:00  INFO 5507 --- [ool-3-thread-31] tourGuide.service.RewardsService         : nearAttraction called with Kyle Field
2023-01-22T16:10:36.039+01:00  INFO 5507 --- [ool-3-thread-31] tourGuide.service.RewardsService         : getDistance called
2023-01-22T16:10:36.039+01:00  INFO 5507 --- [ool-3-thread-31] tourGuide.service.RewardsService         : nearAttraction called with San Diego Zoo
2023-01-22T16:10:36.039+01:00  INFO 5507 --- [ool-3-thread-31] tourGuide.service.RewardsService         : getDistance called
2023-01-22T16:10:36.039+01:00  INFO 5507 --- [ool-3-thread-31] tourGuide.service.RewardsService         : nearAttraction called with Zoo Tampa at Lowry Park
2023-01-22T16:10:36.039+01:00  INFO 5507 --- [ool-3-thread-31] tourGuide.service.RewardsService         : getDistance called
2023-01-22T16:10:36.039+01:00  INFO 5507 --- [ool-3-thread-31] tourGuide.service.RewardsService         : nearAttraction called with Franklin Park Zoo
2023-01-22T16:10:36.040+01:00  INFO 5507 --- [ool-3-thread-31] tourGuide.service.RewardsService         : getDistance called
2023-01-22T16:10:36.040+01:00  INFO 5507 --- [ool-3-thread-31] tourGuide.service.RewardsService         : nearAttraction called with El Paso Zoo
2023-01-22T16:10:36.040+01:00  INFO 5507 --- [ool-3-thread-31] tourGuide.service.RewardsService         : getDistance called
2023-01-22T16:10:36.040+01:00  INFO 5507 --- [ool-3-thread-31] tourGuide.service.RewardsService         : nearAttraction called with Kansas City Zoo
2023-01-22T16:10:36.040+01:00  INFO 5507 --- [ool-3-thread-31] tourGuide.service.RewardsService         : getDistance called
2023-01-22T16:10:36.040+01:00  INFO 5507 --- [ool-3-thread-31] tourGuide.service.RewardsService         : nearAttraction called with Bronx Zoo
2023-01-22T16:10:36.040+01:00  INFO 5507 --- [ool-3-thread-31] tourGuide.service.RewardsService         : getDistance called
2023-01-22T16:10:36.040+01:00  INFO 5507 --- [ool-3-thread-31] tourGuide.service.RewardsService         : nearAttraction called with Cinderella Castle
2023-01-22T16:10:36.040+01:00  INFO 5507 --- [ool-3-thread-31] tourGuide.service.RewardsService         : getDistance called
2023-01-22T16:10:36.040+01:00  INFO 5507 --- [ool-3-thread-31] tourGuide.service.RewardsService         : nearAttraction called with Disneyland
2023-01-22T16:10:36.040+01:00  INFO 5507 --- [ool-3-thread-31] tourGuide.service.RewardsService         : getDistance called
2023-01-22T16:10:36.040+01:00  INFO 5507 --- [ool-3-thread-31] tourGuide.service.RewardsService         : getRewardPoints called with Disneyland and internalUser59
2023-01-22T16:10:36.043+01:00  INFO 5507 --- [ool-3-thread-29] tourGuide.service.RewardsService         : Rewards of internalUser16 calculated by calculateRewards
2023-01-22T16:10:36.043+01:00  INFO 5507 --- [ool-3-thread-29] tourGuide.service.RewardsService         : nearAttraction called with Jackson Hole
2023-01-22T16:10:36.043+01:00  INFO 5507 --- [ool-3-thread-29] tourGuide.service.RewardsService         : getDistance called
2023-01-22T16:10:36.043+01:00  INFO 5507 --- [ool-3-thread-29] tourGuide.service.RewardsService         : nearAttraction called with Mojave National Preserve
2023-01-22T16:10:36.043+01:00  INFO 5507 --- [ool-3-thread-29] tourGuide.service.RewardsService         : getDistance called
2023-01-22T16:10:36.043+01:00  INFO 5507 --- [ool-3-thread-29] tourGuide.service.RewardsService         : nearAttraction called with Joshua Tree National Park
2023-01-22T16:10:36.043+01:00  INFO 5507 --- [ool-3-thread-29] tourGuide.service.RewardsService         : getDistance called
2023-01-22T16:10:36.043+01:00  INFO 5507 --- [ool-3-thread-29] tourGuide.service.RewardsService         : nearAttraction called with Buffalo National River
2023-01-22T16:10:36.043+01:00  INFO 5507 --- [ool-3-thread-29] tourGuide.service.RewardsService         : getDistance called
2023-01-22T16:10:36.043+01:00  INFO 5507 --- [ool-3-thread-29] tourGuide.service.RewardsService         : nearAttraction called with Hot Springs National Park
2023-01-22T16:10:36.043+01:00  INFO 5507 --- [ool-3-thread-29] tourGuide.service.RewardsService         : getDistance called
2023-01-22T16:10:36.043+01:00  INFO 5507 --- [ool-3-thread-29] tourGuide.service.RewardsService         : nearAttraction called with Kartchner Caverns State Park
2023-01-22T16:10:36.043+01:00  INFO 5507 --- [ool-3-thread-29] tourGuide.service.RewardsService         : getDistance called
2023-01-22T16:10:36.043+01:00  INFO 5507 --- [ool-3-thread-29] tourGuide.service.RewardsService         : nearAttraction called with Legend Valley
2023-01-22T16:10:36.043+01:00  INFO 5507 --- [ool-3-thread-29] tourGuide.service.RewardsService         : getDistance called
2023-01-22T16:10:36.043+01:00  INFO 5507 --- [ool-3-thread-29] tourGuide.service.RewardsService         : nearAttraction called with Flowers Bakery of London
2023-01-22T16:10:36.043+01:00  INFO 5507 --- [ool-3-thread-29] tourGuide.service.RewardsService         : getDistance called
2023-01-22T16:10:36.043+01:00  INFO 5507 --- [ool-3-thread-29] tourGuide.service.RewardsService         : nearAttraction called with McKinley Tower
2023-01-22T16:10:36.043+01:00  INFO 5507 --- [ool-3-thread-29] tourGuide.service.RewardsService         : getDistance called
2023-01-22T16:10:36.043+01:00  INFO 5507 --- [ool-3-thread-29] tourGuide.service.RewardsService         : nearAttraction called with Flatiron Building
2023-01-22T16:10:36.043+01:00  INFO 5507 --- [ool-3-thread-29] tourGuide.service.RewardsService         : getDistance called
2023-01-22T16:10:36.043+01:00  INFO 5507 --- [ool-3-thread-29] tourGuide.service.RewardsService         : nearAttraction called with Fallingwater
2023-01-22T16:10:36.043+01:00  INFO 5507 --- [ool-3-thread-29] tourGuide.service.RewardsService         : getDistance called
2023-01-22T16:10:36.043+01:00  INFO 5507 --- [ool-3-thread-29] tourGuide.service.RewardsService         : nearAttraction called with Union Station
2023-01-22T16:10:36.043+01:00  INFO 5507 --- [ool-3-thread-29] tourGuide.service.RewardsService         : getDistance called
2023-01-22T16:10:36.043+01:00  INFO 5507 --- [ool-3-thread-29] tourGuide.service.RewardsService         : nearAttraction called with Roger Dean Stadium
2023-01-22T16:10:36.043+01:00  INFO 5507 --- [ool-3-thread-29] tourGuide.service.RewardsService         : getDistance called
2023-01-22T16:10:36.043+01:00  INFO 5507 --- [ool-3-thread-29] tourGuide.service.RewardsService         : nearAttraction called with Texas Memorial Stadium
2023-01-22T16:10:36.043+01:00  INFO 5507 --- [ool-3-thread-29] tourGuide.service.RewardsService         : getDistance called
2023-01-22T16:10:36.043+01:00  INFO 5507 --- [ool-3-thread-29] tourGuide.service.RewardsService         : nearAttraction called with Bryant-Denny Stadium
2023-01-22T16:10:36.043+01:00  INFO 5507 --- [ool-3-thread-29] tourGuide.service.RewardsService         : getDistance called
2023-01-22T16:10:36.043+01:00  INFO 5507 --- [ool-3-thread-29] tourGuide.service.RewardsService         : nearAttraction called with Tiger Stadium
2023-01-22T16:10:36.043+01:00  INFO 5507 --- [ool-3-thread-29] tourGuide.service.RewardsService         : getDistance called
2023-01-22T16:10:36.044+01:00  INFO 5507 --- [ool-3-thread-29] tourGuide.service.RewardsService         : nearAttraction called with Neyland Stadium
2023-01-22T16:10:36.044+01:00  INFO 5507 --- [ool-3-thread-29] tourGuide.service.RewardsService         : getDistance called
2023-01-22T16:10:36.044+01:00  INFO 5507 --- [ool-3-thread-29] tourGuide.service.RewardsService         : nearAttraction called with Kyle Field
2023-01-22T16:10:36.044+01:00  INFO 5507 --- [ool-3-thread-29] tourGuide.service.RewardsService         : getDistance called
2023-01-22T16:10:36.044+01:00  INFO 5507 --- [ool-3-thread-29] tourGuide.service.RewardsService         : nearAttraction called with San Diego Zoo
2023-01-22T16:10:36.044+01:00  INFO 5507 --- [ool-3-thread-29] tourGuide.service.RewardsService         : getDistance called
2023-01-22T16:10:36.044+01:00  INFO 5507 --- [ool-3-thread-29] tourGuide.service.RewardsService         : nearAttraction called with Zoo Tampa at Lowry Park
2023-01-22T16:10:36.044+01:00  INFO 5507 --- [ool-3-thread-29] tourGuide.service.RewardsService         : getDistance called
2023-01-22T16:10:36.044+01:00  INFO 5507 --- [ool-3-thread-29] tourGuide.service.RewardsService         : nearAttraction called with Franklin Park Zoo
2023-01-22T16:10:36.044+01:00  INFO 5507 --- [ool-3-thread-29] tourGuide.service.RewardsService         : getDistance called
2023-01-22T16:10:36.044+01:00  INFO 5507 --- [ool-3-thread-29] tourGuide.service.RewardsService         : nearAttraction called with El Paso Zoo
2023-01-22T16:10:36.044+01:00  INFO 5507 --- [ool-3-thread-29] tourGuide.service.RewardsService         : getDistance called
2023-01-22T16:10:36.044+01:00  INFO 5507 --- [ool-3-thread-29] tourGuide.service.RewardsService         : nearAttraction called with Kansas City Zoo
2023-01-22T16:10:36.044+01:00  INFO 5507 --- [ool-3-thread-29] tourGuide.service.RewardsService         : getDistance called
2023-01-22T16:10:36.044+01:00  INFO 5507 --- [ool-3-thread-29] tourGuide.service.RewardsService         : nearAttraction called with Bronx Zoo
2023-01-22T16:10:36.044+01:00  INFO 5507 --- [ool-3-thread-29] tourGuide.service.RewardsService         : getDistance called
2023-01-22T16:10:36.044+01:00  INFO 5507 --- [ool-3-thread-29] tourGuide.service.RewardsService         : nearAttraction called with Cinderella Castle
2023-01-22T16:10:36.044+01:00  INFO 5507 --- [ool-3-thread-29] tourGuide.service.RewardsService         : getDistance called
2023-01-22T16:10:36.044+01:00  INFO 5507 --- [ool-3-thread-29] tourGuide.service.RewardsService         : nearAttraction called with Disneyland
2023-01-22T16:10:36.044+01:00  INFO 5507 --- [ool-3-thread-29] tourGuide.service.RewardsService         : getDistance called
2023-01-22T16:10:36.044+01:00  INFO 5507 --- [ool-3-thread-29] tourGuide.service.RewardsService         : getRewardPoints called with Disneyland and internalUser56
2023-01-22T16:10:36.056+01:00  INFO 5507 --- [ool-3-thread-52] tourGuide.service.RewardsService         : Rewards of internalUser38 calculated by calculateRewards
2023-01-22T16:10:36.056+01:00  INFO 5507 --- [ool-3-thread-52] tourGuide.service.RewardsService         : nearAttraction called with Jackson Hole
2023-01-22T16:10:36.056+01:00  INFO 5507 --- [ool-3-thread-52] tourGuide.service.RewardsService         : getDistance called
2023-01-22T16:10:36.056+01:00  INFO 5507 --- [ool-3-thread-52] tourGuide.service.RewardsService         : nearAttraction called with Mojave National Preserve
2023-01-22T16:10:36.056+01:00  INFO 5507 --- [ool-3-thread-52] tourGuide.service.RewardsService         : getDistance called
2023-01-22T16:10:36.056+01:00  INFO 5507 --- [ool-3-thread-52] tourGuide.service.RewardsService         : nearAttraction called with Joshua Tree National Park
2023-01-22T16:10:36.056+01:00  INFO 5507 --- [ool-3-thread-52] tourGuide.service.RewardsService         : getDistance called
2023-01-22T16:10:36.056+01:00  INFO 5507 --- [ool-3-thread-52] tourGuide.service.RewardsService         : nearAttraction called with Buffalo National River
2023-01-22T16:10:36.056+01:00  INFO 5507 --- [ool-3-thread-52] tourGuide.service.RewardsService         : getDistance called
2023-01-22T16:10:36.056+01:00  INFO 5507 --- [ool-3-thread-52] tourGuide.service.RewardsService         : nearAttraction called with Hot Springs National Park
2023-01-22T16:10:36.056+01:00  INFO 5507 --- [ool-3-thread-52] tourGuide.service.RewardsService         : getDistance called
2023-01-22T16:10:36.056+01:00  INFO 5507 --- [ool-3-thread-52] tourGuide.service.RewardsService         : nearAttraction called with Kartchner Caverns State Park
2023-01-22T16:10:36.056+01:00  INFO 5507 --- [ool-3-thread-52] tourGuide.service.RewardsService         : getDistance called
2023-01-22T16:10:36.056+01:00  INFO 5507 --- [ool-3-thread-52] tourGuide.service.RewardsService         : nearAttraction called with Legend Valley
2023-01-22T16:10:36.056+01:00  INFO 5507 --- [ool-3-thread-52] tourGuide.service.RewardsService         : getDistance called
2023-01-22T16:10:36.056+01:00  INFO 5507 --- [ool-3-thread-52] tourGuide.service.RewardsService         : nearAttraction called with Flowers Bakery of London
2023-01-22T16:10:36.056+01:00  INFO 5507 --- [ool-3-thread-52] tourGuide.service.RewardsService         : getDistance called
2023-01-22T16:10:36.056+01:00  INFO 5507 --- [ool-3-thread-52] tourGuide.service.RewardsService         : nearAttraction called with McKinley Tower
2023-01-22T16:10:36.056+01:00  INFO 5507 --- [ool-3-thread-52] tourGuide.service.RewardsService         : getDistance called
2023-01-22T16:10:36.056+01:00  INFO 5507 --- [ool-3-thread-52] tourGuide.service.RewardsService         : nearAttraction called with Flatiron Building
2023-01-22T16:10:36.056+01:00  INFO 5507 --- [ool-3-thread-52] tourGuide.service.RewardsService         : getDistance called
2023-01-22T16:10:36.056+01:00  INFO 5507 --- [ool-3-thread-52] tourGuide.service.RewardsService         : nearAttraction called with Fallingwater
2023-01-22T16:10:36.056+01:00  INFO 5507 --- [ool-3-thread-52] tourGuide.service.RewardsService         : getDistance called
2023-01-22T16:10:36.057+01:00  INFO 5507 --- [ool-3-thread-52] tourGuide.service.RewardsService         : nearAttraction called with Union Station
2023-01-22T16:10:36.057+01:00  INFO 5507 --- [ool-3-thread-52] tourGuide.service.RewardsService         : getDistance called
2023-01-22T16:10:36.057+01:00  INFO 5507 --- [ool-3-thread-52] tourGuide.service.RewardsService         : nearAttraction called with Roger Dean Stadium
2023-01-22T16:10:36.057+01:00  INFO 5507 --- [ool-3-thread-52] tourGuide.service.RewardsService         : getDistance called
2023-01-22T16:10:36.057+01:00  INFO 5507 --- [ool-3-thread-52] tourGuide.service.RewardsService         : nearAttraction called with Texas Memorial Stadium
2023-01-22T16:10:36.057+01:00  INFO 5507 --- [ool-3-thread-52] tourGuide.service.RewardsService         : getDistance called
2023-01-22T16:10:36.057+01:00  INFO 5507 --- [ool-3-thread-52] tourGuide.service.RewardsService         : nearAttraction called with Bryant-Denny Stadium
2023-01-22T16:10:36.057+01:00  INFO 5507 --- [ool-3-thread-52] tourGuide.service.RewardsService         : getDistance called
2023-01-22T16:10:36.057+01:00  INFO 5507 --- [ool-3-thread-52] tourGuide.service.RewardsService         : nearAttraction called with Tiger Stadium
2023-01-22T16:10:36.057+01:00  INFO 5507 --- [ool-3-thread-52] tourGuide.service.RewardsService         : getDistance called
2023-01-22T16:10:36.057+01:00  INFO 5507 --- [ool-3-thread-52] tourGuide.service.RewardsService         : nearAttraction called with Neyland Stadium
2023-01-22T16:10:36.057+01:00  INFO 5507 --- [ool-3-thread-52] tourGuide.service.RewardsService         : getDistance called
2023-01-22T16:10:36.057+01:00  INFO 5507 --- [ool-3-thread-52] tourGuide.service.RewardsService         : nearAttraction called with Kyle Field
2023-01-22T16:10:36.057+01:00  INFO 5507 --- [ool-3-thread-52] tourGuide.service.RewardsService         : getDistance called
2023-01-22T16:10:36.057+01:00  INFO 5507 --- [ool-3-thread-52] tourGuide.service.RewardsService         : nearAttraction called with San Diego Zoo
2023-01-22T16:10:36.057+01:00  INFO 5507 --- [ool-3-thread-52] tourGuide.service.RewardsService         : getDistance called
2023-01-22T16:10:36.057+01:00  INFO 5507 --- [ool-3-thread-52] tourGuide.service.RewardsService         : nearAttraction called with Zoo Tampa at Lowry Park
2023-01-22T16:10:36.057+01:00  INFO 5507 --- [ool-3-thread-52] tourGuide.service.RewardsService         : getDistance called
2023-01-22T16:10:36.057+01:00  INFO 5507 --- [ool-3-thread-52] tourGuide.service.RewardsService         : nearAttraction called with Franklin Park Zoo
2023-01-22T16:10:36.057+01:00  INFO 5507 --- [ool-3-thread-52] tourGuide.service.RewardsService         : getDistance called
2023-01-22T16:10:36.057+01:00  INFO 5507 --- [ool-3-thread-52] tourGuide.service.RewardsService         : nearAttraction called with El Paso Zoo
2023-01-22T16:10:36.057+01:00  INFO 5507 --- [ool-3-thread-52] tourGuide.service.RewardsService         : getDistance called
2023-01-22T16:10:36.057+01:00  INFO 5507 --- [ool-3-thread-52] tourGuide.service.RewardsService         : nearAttraction called with Kansas City Zoo
2023-01-22T16:10:36.057+01:00  INFO 5507 --- [ool-3-thread-52] tourGuide.service.RewardsService         : getDistance called
2023-01-22T16:10:36.057+01:00  INFO 5507 --- [ool-3-thread-52] tourGuide.service.RewardsService         : nearAttraction called with Bronx Zoo
2023-01-22T16:10:36.057+01:00  INFO 5507 --- [ool-3-thread-52] tourGuide.service.RewardsService         : getDistance called
2023-01-22T16:10:36.057+01:00  INFO 5507 --- [ool-3-thread-52] tourGuide.service.RewardsService         : nearAttraction called with Cinderella Castle
2023-01-22T16:10:36.057+01:00  INFO 5507 --- [ool-3-thread-52] tourGuide.service.RewardsService         : getDistance called
2023-01-22T16:10:36.057+01:00  INFO 5507 --- [ool-3-thread-52] tourGuide.service.RewardsService         : nearAttraction called with Disneyland
2023-01-22T16:10:36.057+01:00  INFO 5507 --- [ool-3-thread-52] tourGuide.service.RewardsService         : getDistance called
2023-01-22T16:10:36.057+01:00  INFO 5507 --- [ool-3-thread-52] tourGuide.service.RewardsService         : getRewardPoints called with Disneyland and internalUser55
2023-01-22T16:10:36.080+01:00  INFO 5507 --- [ool-3-thread-58] tourGuide.service.RewardsService         : Rewards of internalUser97 calculated by calculateRewards
2023-01-22T16:10:36.080+01:00  INFO 5507 --- [ool-3-thread-58] tourGuide.service.RewardsService         : nearAttraction called with Jackson Hole
2023-01-22T16:10:36.080+01:00  INFO 5507 --- [ool-3-thread-58] tourGuide.service.RewardsService         : getDistance called
2023-01-22T16:10:36.080+01:00  INFO 5507 --- [ool-3-thread-58] tourGuide.service.RewardsService         : nearAttraction called with Mojave National Preserve
2023-01-22T16:10:36.081+01:00  INFO 5507 --- [ool-3-thread-58] tourGuide.service.RewardsService         : getDistance called
2023-01-22T16:10:36.081+01:00  INFO 5507 --- [ool-3-thread-58] tourGuide.service.RewardsService         : nearAttraction called with Joshua Tree National Park
2023-01-22T16:10:36.081+01:00  INFO 5507 --- [ool-3-thread-58] tourGuide.service.RewardsService         : getDistance called
2023-01-22T16:10:36.081+01:00  INFO 5507 --- [ool-3-thread-58] tourGuide.service.RewardsService         : nearAttraction called with Buffalo National River
2023-01-22T16:10:36.081+01:00  INFO 5507 --- [ool-3-thread-58] tourGuide.service.RewardsService         : getDistance called
2023-01-22T16:10:36.081+01:00  INFO 5507 --- [ool-3-thread-58] tourGuide.service.RewardsService         : nearAttraction called with Hot Springs National Park
2023-01-22T16:10:36.081+01:00  INFO 5507 --- [ool-3-thread-58] tourGuide.service.RewardsService         : getDistance called
2023-01-22T16:10:36.081+01:00  INFO 5507 --- [ool-3-thread-58] tourGuide.service.RewardsService         : nearAttraction called with Kartchner Caverns State Park
2023-01-22T16:10:36.081+01:00  INFO 5507 --- [ool-3-thread-58] tourGuide.service.RewardsService         : getDistance called
2023-01-22T16:10:36.081+01:00  INFO 5507 --- [ool-3-thread-58] tourGuide.service.RewardsService         : nearAttraction called with Legend Valley
2023-01-22T16:10:36.081+01:00  INFO 5507 --- [ool-3-thread-58] tourGuide.service.RewardsService         : getDistance called
2023-01-22T16:10:36.081+01:00  INFO 5507 --- [ool-3-thread-58] tourGuide.service.RewardsService         : nearAttraction called with Flowers Bakery of London
2023-01-22T16:10:36.081+01:00  INFO 5507 --- [ool-3-thread-58] tourGuide.service.RewardsService         : getDistance called
2023-01-22T16:10:36.081+01:00  INFO 5507 --- [ool-3-thread-58] tourGuide.service.RewardsService         : nearAttraction called with McKinley Tower
2023-01-22T16:10:36.081+01:00  INFO 5507 --- [ool-3-thread-58] tourGuide.service.RewardsService         : getDistance called
2023-01-22T16:10:36.081+01:00  INFO 5507 --- [ool-3-thread-58] tourGuide.service.RewardsService         : nearAttraction called with Flatiron Building
2023-01-22T16:10:36.081+01:00  INFO 5507 --- [ool-3-thread-58] tourGuide.service.RewardsService         : getDistance called
2023-01-22T16:10:36.081+01:00  INFO 5507 --- [ool-3-thread-58] tourGuide.service.RewardsService         : nearAttraction called with Fallingwater
2023-01-22T16:10:36.081+01:00  INFO 5507 --- [ool-3-thread-58] tourGuide.service.RewardsService         : getDistance called
2023-01-22T16:10:36.081+01:00  INFO 5507 --- [ool-3-thread-58] tourGuide.service.RewardsService         : nearAttraction called with Union Station
2023-01-22T16:10:36.081+01:00  INFO 5507 --- [ool-3-thread-58] tourGuide.service.RewardsService         : getDistance called
2023-01-22T16:10:36.081+01:00  INFO 5507 --- [ool-3-thread-58] tourGuide.service.RewardsService         : nearAttraction called with Roger Dean Stadium
2023-01-22T16:10:36.081+01:00  INFO 5507 --- [ool-3-thread-58] tourGuide.service.RewardsService         : getDistance called
2023-01-22T16:10:36.081+01:00  INFO 5507 --- [ool-3-thread-58] tourGuide.service.RewardsService         : nearAttraction called with Texas Memorial Stadium
2023-01-22T16:10:36.081+01:00  INFO 5507 --- [ool-3-thread-58] tourGuide.service.RewardsService         : getDistance called
2023-01-22T16:10:36.081+01:00  INFO 5507 --- [ool-3-thread-58] tourGuide.service.RewardsService         : nearAttraction called with Bryant-Denny Stadium
2023-01-22T16:10:36.081+01:00  INFO 5507 --- [ool-3-thread-58] tourGuide.service.RewardsService         : getDistance called
2023-01-22T16:10:36.081+01:00  INFO 5507 --- [ool-3-thread-58] tourGuide.service.RewardsService         : nearAttraction called with Tiger Stadium
2023-01-22T16:10:36.081+01:00  INFO 5507 --- [ool-3-thread-58] tourGuide.service.RewardsService         : getDistance called
2023-01-22T16:10:36.081+01:00  INFO 5507 --- [ool-3-thread-58] tourGuide.service.RewardsService         : nearAttraction called with Neyland Stadium
2023-01-22T16:10:36.081+01:00  INFO 5507 --- [ool-3-thread-58] tourGuide.service.RewardsService         : getDistance called
2023-01-22T16:10:36.081+01:00  INFO 5507 --- [ool-3-thread-58] tourGuide.service.RewardsService         : nearAttraction called with Kyle Field
2023-01-22T16:10:36.081+01:00  INFO 5507 --- [ool-3-thread-58] tourGuide.service.RewardsService         : getDistance called
2023-01-22T16:10:36.081+01:00  INFO 5507 --- [ool-3-thread-58] tourGuide.service.RewardsService         : nearAttraction called with San Diego Zoo
2023-01-22T16:10:36.081+01:00  INFO 5507 --- [ool-3-thread-58] tourGuide.service.RewardsService         : getDistance called
2023-01-22T16:10:36.081+01:00  INFO 5507 --- [ool-3-thread-58] tourGuide.service.RewardsService         : nearAttraction called with Zoo Tampa at Lowry Park
2023-01-22T16:10:36.081+01:00  INFO 5507 --- [ool-3-thread-58] tourGuide.service.RewardsService         : getDistance called
2023-01-22T16:10:36.081+01:00  INFO 5507 --- [ool-3-thread-58] tourGuide.service.RewardsService         : nearAttraction called with Franklin Park Zoo
2023-01-22T16:10:36.081+01:00  INFO 5507 --- [ool-3-thread-58] tourGuide.service.RewardsService         : getDistance called
2023-01-22T16:10:36.082+01:00  INFO 5507 --- [ool-3-thread-58] tourGuide.service.RewardsService         : nearAttraction called with El Paso Zoo
2023-01-22T16:10:36.082+01:00  INFO 5507 --- [ool-3-thread-58] tourGuide.service.RewardsService         : getDistance called
2023-01-22T16:10:36.082+01:00  INFO 5507 --- [ool-3-thread-58] tourGuide.service.RewardsService         : nearAttraction called with Kansas City Zoo
2023-01-22T16:10:36.082+01:00  INFO 5507 --- [ool-3-thread-58] tourGuide.service.RewardsService         : getDistance called
2023-01-22T16:10:36.082+01:00  INFO 5507 --- [ool-3-thread-58] tourGuide.service.RewardsService         : nearAttraction called with Bronx Zoo
2023-01-22T16:10:36.082+01:00  INFO 5507 --- [ool-3-thread-58] tourGuide.service.RewardsService         : getDistance called
2023-01-22T16:10:36.082+01:00  INFO 5507 --- [ool-3-thread-58] tourGuide.service.RewardsService         : nearAttraction called with Cinderella Castle
2023-01-22T16:10:36.082+01:00  INFO 5507 --- [ool-3-thread-58] tourGuide.service.RewardsService         : getDistance called
2023-01-22T16:10:36.082+01:00  INFO 5507 --- [ool-3-thread-58] tourGuide.service.RewardsService         : nearAttraction called with Disneyland
2023-01-22T16:10:36.082+01:00  INFO 5507 --- [ool-3-thread-58] tourGuide.service.RewardsService         : getDistance called
2023-01-22T16:10:36.082+01:00  INFO 5507 --- [ool-3-thread-58] tourGuide.service.RewardsService         : getRewardPoints called with Disneyland and internalUser58
2023-01-22T16:10:36.082+01:00  INFO 5507 --- [ool-3-thread-62] tourGuide.service.RewardsService         : Rewards of internalUser84 calculated by calculateRewards
2023-01-22T16:10:36.083+01:00  INFO 5507 --- [ool-3-thread-62] tourGuide.service.RewardsService         : nearAttraction called with Jackson Hole
2023-01-22T16:10:36.083+01:00  INFO 5507 --- [ool-3-thread-62] tourGuide.service.RewardsService         : getDistance called
2023-01-22T16:10:36.083+01:00  INFO 5507 --- [ool-3-thread-62] tourGuide.service.RewardsService         : nearAttraction called with Mojave National Preserve
2023-01-22T16:10:36.083+01:00  INFO 5507 --- [ool-3-thread-62] tourGuide.service.RewardsService         : getDistance called
2023-01-22T16:10:36.083+01:00  INFO 5507 --- [ool-3-thread-62] tourGuide.service.RewardsService         : nearAttraction called with Joshua Tree National Park
2023-01-22T16:10:36.083+01:00  INFO 5507 --- [ool-3-thread-62] tourGuide.service.RewardsService         : getDistance called
2023-01-22T16:10:36.083+01:00  INFO 5507 --- [ool-3-thread-62] tourGuide.service.RewardsService         : nearAttraction called with Buffalo National River
2023-01-22T16:10:36.083+01:00  INFO 5507 --- [ool-3-thread-62] tourGuide.service.RewardsService         : getDistance called
2023-01-22T16:10:36.083+01:00  INFO 5507 --- [ool-3-thread-62] tourGuide.service.RewardsService         : nearAttraction called with Hot Springs National Park
2023-01-22T16:10:36.083+01:00  INFO 5507 --- [ool-3-thread-62] tourGuide.service.RewardsService         : getDistance called
2023-01-22T16:10:36.083+01:00  INFO 5507 --- [ool-3-thread-62] tourGuide.service.RewardsService         : nearAttraction called with Kartchner Caverns State Park
2023-01-22T16:10:36.083+01:00  INFO 5507 --- [ool-3-thread-62] tourGuide.service.RewardsService         : getDistance called
2023-01-22T16:10:36.083+01:00  INFO 5507 --- [ool-3-thread-62] tourGuide.service.RewardsService         : nearAttraction called with Legend Valley
2023-01-22T16:10:36.083+01:00  INFO 5507 --- [ool-3-thread-62] tourGuide.service.RewardsService         : getDistance called
2023-01-22T16:10:36.083+01:00  INFO 5507 --- [ool-3-thread-62] tourGuide.service.RewardsService         : nearAttraction called with Flowers Bakery of London
2023-01-22T16:10:36.083+01:00  INFO 5507 --- [ool-3-thread-62] tourGuide.service.RewardsService         : getDistance called
2023-01-22T16:10:36.083+01:00  INFO 5507 --- [ool-3-thread-62] tourGuide.service.RewardsService         : nearAttraction called with McKinley Tower
2023-01-22T16:10:36.083+01:00  INFO 5507 --- [ool-3-thread-62] tourGuide.service.RewardsService         : getDistance called
2023-01-22T16:10:36.083+01:00  INFO 5507 --- [ool-3-thread-62] tourGuide.service.RewardsService         : nearAttraction called with Flatiron Building
2023-01-22T16:10:36.083+01:00  INFO 5507 --- [ool-3-thread-62] tourGuide.service.RewardsService         : getDistance called
2023-01-22T16:10:36.083+01:00  INFO 5507 --- [ool-3-thread-62] tourGuide.service.RewardsService         : nearAttraction called with Fallingwater
2023-01-22T16:10:36.083+01:00  INFO 5507 --- [ool-3-thread-62] tourGuide.service.RewardsService         : getDistance called
2023-01-22T16:10:36.083+01:00  INFO 5507 --- [ool-3-thread-62] tourGuide.service.RewardsService         : nearAttraction called with Union Station
2023-01-22T16:10:36.083+01:00  INFO 5507 --- [ool-3-thread-62] tourGuide.service.RewardsService         : getDistance called
2023-01-22T16:10:36.083+01:00  INFO 5507 --- [ool-3-thread-62] tourGuide.service.RewardsService         : nearAttraction called with Roger Dean Stadium
2023-01-22T16:10:36.083+01:00  INFO 5507 --- [ool-3-thread-62] tourGuide.service.RewardsService         : getDistance called
2023-01-22T16:10:36.083+01:00  INFO 5507 --- [ool-3-thread-62] tourGuide.service.RewardsService         : nearAttraction called with Texas Memorial Stadium
2023-01-22T16:10:36.083+01:00  INFO 5507 --- [ool-3-thread-62] tourGuide.service.RewardsService         : getDistance called
2023-01-22T16:10:36.083+01:00  INFO 5507 --- [ool-3-thread-62] tourGuide.service.RewardsService         : nearAttraction called with Bryant-Denny Stadium
2023-01-22T16:10:36.083+01:00  INFO 5507 --- [ool-3-thread-62] tourGuide.service.RewardsService         : getDistance called
2023-01-22T16:10:36.083+01:00  INFO 5507 --- [ool-3-thread-62] tourGuide.service.RewardsService         : nearAttraction called with Tiger Stadium
2023-01-22T16:10:36.083+01:00  INFO 5507 --- [ool-3-thread-62] tourGuide.service.RewardsService         : getDistance called
2023-01-22T16:10:36.083+01:00  INFO 5507 --- [ool-3-thread-62] tourGuide.service.RewardsService         : nearAttraction called with Neyland Stadium
2023-01-22T16:10:36.083+01:00  INFO 5507 --- [ool-3-thread-62] tourGuide.service.RewardsService         : getDistance called
2023-01-22T16:10:36.083+01:00  INFO 5507 --- [ool-3-thread-62] tourGuide.service.RewardsService         : nearAttraction called with Kyle Field
2023-01-22T16:10:36.083+01:00  INFO 5507 --- [ool-3-thread-62] tourGuide.service.RewardsService         : getDistance called
2023-01-22T16:10:36.083+01:00  INFO 5507 --- [ool-3-thread-62] tourGuide.service.RewardsService         : nearAttraction called with San Diego Zoo
2023-01-22T16:10:36.083+01:00  INFO 5507 --- [ool-3-thread-62] tourGuide.service.RewardsService         : getDistance called
2023-01-22T16:10:36.083+01:00  INFO 5507 --- [ool-3-thread-62] tourGuide.service.RewardsService         : nearAttraction called with Zoo Tampa at Lowry Park
2023-01-22T16:10:36.083+01:00  INFO 5507 --- [ool-3-thread-62] tourGuide.service.RewardsService         : getDistance called
2023-01-22T16:10:36.083+01:00  INFO 5507 --- [ool-3-thread-62] tourGuide.service.RewardsService         : nearAttraction called with Franklin Park Zoo
2023-01-22T16:10:36.084+01:00  INFO 5507 --- [ool-3-thread-62] tourGuide.service.RewardsService         : getDistance called
2023-01-22T16:10:36.085+01:00  INFO 5507 --- [ool-3-thread-62] tourGuide.service.RewardsService         : nearAttraction called with El Paso Zoo
2023-01-22T16:10:36.085+01:00  INFO 5507 --- [ool-3-thread-62] tourGuide.service.RewardsService         : getDistance called
2023-01-22T16:10:36.085+01:00  INFO 5507 --- [ool-3-thread-62] tourGuide.service.RewardsService         : nearAttraction called with Kansas City Zoo
2023-01-22T16:10:36.085+01:00  INFO 5507 --- [ool-3-thread-62] tourGuide.service.RewardsService         : getDistance called
2023-01-22T16:10:36.085+01:00  INFO 5507 --- [ool-3-thread-62] tourGuide.service.RewardsService         : nearAttraction called with Bronx Zoo
2023-01-22T16:10:36.085+01:00  INFO 5507 --- [ool-3-thread-62] tourGuide.service.RewardsService         : getDistance called
2023-01-22T16:10:36.085+01:00  INFO 5507 --- [ool-3-thread-62] tourGuide.service.RewardsService         : nearAttraction called with Cinderella Castle
2023-01-22T16:10:36.085+01:00  INFO 5507 --- [ool-3-thread-62] tourGuide.service.RewardsService         : getDistance called
2023-01-22T16:10:36.085+01:00  INFO 5507 --- [ool-3-thread-62] tourGuide.service.RewardsService         : nearAttraction called with Disneyland
2023-01-22T16:10:36.085+01:00  INFO 5507 --- [ool-3-thread-62] tourGuide.service.RewardsService         : getDistance called
2023-01-22T16:10:36.085+01:00  INFO 5507 --- [ool-3-thread-62] tourGuide.service.RewardsService         : getRewardPoints called with Disneyland and internalUser57
2023-01-22T16:10:36.092+01:00  INFO 5507 --- [ool-3-thread-61] tourGuide.service.RewardsService         : Rewards of internalUser72 calculated by calculateRewards
2023-01-22T16:10:36.092+01:00  INFO 5507 --- [ool-3-thread-61] tourGuide.service.RewardsService         : nearAttraction called with Jackson Hole
2023-01-22T16:10:36.092+01:00  INFO 5507 --- [ool-3-thread-61] tourGuide.service.RewardsService         : getDistance called
2023-01-22T16:10:36.092+01:00  INFO 5507 --- [ool-3-thread-61] tourGuide.service.RewardsService         : nearAttraction called with Mojave National Preserve
2023-01-22T16:10:36.092+01:00  INFO 5507 --- [ool-3-thread-61] tourGuide.service.RewardsService         : getDistance called
2023-01-22T16:10:36.092+01:00  INFO 5507 --- [ool-3-thread-61] tourGuide.service.RewardsService         : nearAttraction called with Joshua Tree National Park
2023-01-22T16:10:36.092+01:00  INFO 5507 --- [ool-3-thread-61] tourGuide.service.RewardsService         : getDistance called
2023-01-22T16:10:36.092+01:00  INFO 5507 --- [ool-3-thread-61] tourGuide.service.RewardsService         : nearAttraction called with Buffalo National River
2023-01-22T16:10:36.092+01:00  INFO 5507 --- [ool-3-thread-61] tourGuide.service.RewardsService         : getDistance called
2023-01-22T16:10:36.092+01:00  INFO 5507 --- [ool-3-thread-61] tourGuide.service.RewardsService         : nearAttraction called with Hot Springs National Park
2023-01-22T16:10:36.092+01:00  INFO 5507 --- [ool-3-thread-61] tourGuide.service.RewardsService         : getDistance called
2023-01-22T16:10:36.092+01:00  INFO 5507 --- [ool-3-thread-61] tourGuide.service.RewardsService         : nearAttraction called with Kartchner Caverns State Park
2023-01-22T16:10:36.092+01:00  INFO 5507 --- [ool-3-thread-61] tourGuide.service.RewardsService         : getDistance called
2023-01-22T16:10:36.092+01:00  INFO 5507 --- [ool-3-thread-61] tourGuide.service.RewardsService         : nearAttraction called with Legend Valley
2023-01-22T16:10:36.092+01:00  INFO 5507 --- [ool-3-thread-61] tourGuide.service.RewardsService         : getDistance called
2023-01-22T16:10:36.092+01:00  INFO 5507 --- [ool-3-thread-61] tourGuide.service.RewardsService         : nearAttraction called with Flowers Bakery of London
2023-01-22T16:10:36.092+01:00  INFO 5507 --- [ool-3-thread-61] tourGuide.service.RewardsService         : getDistance called
2023-01-22T16:10:36.092+01:00  INFO 5507 --- [ool-3-thread-61] tourGuide.service.RewardsService         : nearAttraction called with McKinley Tower
2023-01-22T16:10:36.092+01:00  INFO 5507 --- [ool-3-thread-61] tourGuide.service.RewardsService         : getDistance called
2023-01-22T16:10:36.092+01:00  INFO 5507 --- [ool-3-thread-61] tourGuide.service.RewardsService         : nearAttraction called with Flatiron Building
2023-01-22T16:10:36.092+01:00  INFO 5507 --- [ool-3-thread-61] tourGuide.service.RewardsService         : getDistance called
2023-01-22T16:10:36.092+01:00  INFO 5507 --- [ool-3-thread-61] tourGuide.service.RewardsService         : nearAttraction called with Fallingwater
2023-01-22T16:10:36.092+01:00  INFO 5507 --- [ool-3-thread-61] tourGuide.service.RewardsService         : getDistance called
2023-01-22T16:10:36.092+01:00  INFO 5507 --- [ool-3-thread-61] tourGuide.service.RewardsService         : nearAttraction called with Union Station
2023-01-22T16:10:36.092+01:00  INFO 5507 --- [ool-3-thread-61] tourGuide.service.RewardsService         : getDistance called
2023-01-22T16:10:36.092+01:00  INFO 5507 --- [ool-3-thread-61] tourGuide.service.RewardsService         : nearAttraction called with Roger Dean Stadium
2023-01-22T16:10:36.092+01:00  INFO 5507 --- [ool-3-thread-61] tourGuide.service.RewardsService         : getDistance called
2023-01-22T16:10:36.092+01:00  INFO 5507 --- [ool-3-thread-61] tourGuide.service.RewardsService         : nearAttraction called with Texas Memorial Stadium
2023-01-22T16:10:36.092+01:00  INFO 5507 --- [ool-3-thread-61] tourGuide.service.RewardsService         : getDistance called
2023-01-22T16:10:36.092+01:00  INFO 5507 --- [ool-3-thread-61] tourGuide.service.RewardsService         : nearAttraction called with Bryant-Denny Stadium
2023-01-22T16:10:36.092+01:00  INFO 5507 --- [ool-3-thread-61] tourGuide.service.RewardsService         : getDistance called
2023-01-22T16:10:36.092+01:00  INFO 5507 --- [ool-3-thread-61] tourGuide.service.RewardsService         : nearAttraction called with Tiger Stadium
2023-01-22T16:10:36.092+01:00  INFO 5507 --- [ool-3-thread-61] tourGuide.service.RewardsService         : getDistance called
2023-01-22T16:10:36.092+01:00  INFO 5507 --- [ool-3-thread-61] tourGuide.service.RewardsService         : nearAttraction called with Neyland Stadium
2023-01-22T16:10:36.092+01:00  INFO 5507 --- [ool-3-thread-61] tourGuide.service.RewardsService         : getDistance called
2023-01-22T16:10:36.092+01:00  INFO 5507 --- [ool-3-thread-61] tourGuide.service.RewardsService         : nearAttraction called with Kyle Field
2023-01-22T16:10:36.092+01:00  INFO 5507 --- [ool-3-thread-61] tourGuide.service.RewardsService         : getDistance called
2023-01-22T16:10:36.092+01:00  INFO 5507 --- [ool-3-thread-61] tourGuide.service.RewardsService         : nearAttraction called with San Diego Zoo
2023-01-22T16:10:36.093+01:00  INFO 5507 --- [ool-3-thread-61] tourGuide.service.RewardsService         : getDistance called
2023-01-22T16:10:36.093+01:00  INFO 5507 --- [ool-3-thread-61] tourGuide.service.RewardsService         : nearAttraction called with Zoo Tampa at Lowry Park
2023-01-22T16:10:36.093+01:00  INFO 5507 --- [ool-3-thread-61] tourGuide.service.RewardsService         : getDistance called
2023-01-22T16:10:36.093+01:00  INFO 5507 --- [ool-3-thread-61] tourGuide.service.RewardsService         : nearAttraction called with Franklin Park Zoo
2023-01-22T16:10:36.093+01:00  INFO 5507 --- [ool-3-thread-61] tourGuide.service.RewardsService         : getDistance called
2023-01-22T16:10:36.093+01:00  INFO 5507 --- [ool-3-thread-61] tourGuide.service.RewardsService         : nearAttraction called with El Paso Zoo
2023-01-22T16:10:36.093+01:00  INFO 5507 --- [ool-3-thread-61] tourGuide.service.RewardsService         : getDistance called
2023-01-22T16:10:36.093+01:00  INFO 5507 --- [ool-3-thread-61] tourGuide.service.RewardsService         : nearAttraction called with Kansas City Zoo
2023-01-22T16:10:36.093+01:00  INFO 5507 --- [ool-3-thread-61] tourGuide.service.RewardsService         : getDistance called
2023-01-22T16:10:36.093+01:00  INFO 5507 --- [ool-3-thread-61] tourGuide.service.RewardsService         : nearAttraction called with Bronx Zoo
2023-01-22T16:10:36.093+01:00  INFO 5507 --- [ool-3-thread-61] tourGuide.service.RewardsService         : getDistance called
2023-01-22T16:10:36.093+01:00  INFO 5507 --- [ool-3-thread-61] tourGuide.service.RewardsService         : nearAttraction called with Cinderella Castle
2023-01-22T16:10:36.093+01:00  INFO 5507 --- [ool-3-thread-61] tourGuide.service.RewardsService         : getDistance called
2023-01-22T16:10:36.093+01:00  INFO 5507 --- [ool-3-thread-61] tourGuide.service.RewardsService         : nearAttraction called with Disneyland
2023-01-22T16:10:36.093+01:00  INFO 5507 --- [ool-3-thread-61] tourGuide.service.RewardsService         : getDistance called
2023-01-22T16:10:36.093+01:00  INFO 5507 --- [ool-3-thread-61] tourGuide.service.RewardsService         : getRewardPoints called with Disneyland and internalUser52
2023-01-22T16:10:36.127+01:00  INFO 5507 --- [ool-3-thread-36] tourGuide.service.RewardsService         : Rewards of internalUser45 calculated by calculateRewards
2023-01-22T16:10:36.127+01:00  INFO 5507 --- [ool-3-thread-36] tourGuide.service.RewardsService         : nearAttraction called with Jackson Hole
2023-01-22T16:10:36.127+01:00  INFO 5507 --- [ool-3-thread-36] tourGuide.service.RewardsService         : getDistance called
2023-01-22T16:10:36.127+01:00  INFO 5507 --- [ool-3-thread-36] tourGuide.service.RewardsService         : nearAttraction called with Mojave National Preserve
2023-01-22T16:10:36.127+01:00  INFO 5507 --- [ool-3-thread-36] tourGuide.service.RewardsService         : getDistance called
2023-01-22T16:10:36.127+01:00  INFO 5507 --- [ool-3-thread-36] tourGuide.service.RewardsService         : nearAttraction called with Joshua Tree National Park
2023-01-22T16:10:36.127+01:00  INFO 5507 --- [ool-3-thread-36] tourGuide.service.RewardsService         : getDistance called
2023-01-22T16:10:36.127+01:00  INFO 5507 --- [ool-3-thread-36] tourGuide.service.RewardsService         : nearAttraction called with Buffalo National River
2023-01-22T16:10:36.127+01:00  INFO 5507 --- [ool-3-thread-36] tourGuide.service.RewardsService         : getDistance called
2023-01-22T16:10:36.127+01:00  INFO 5507 --- [ool-3-thread-36] tourGuide.service.RewardsService         : nearAttraction called with Hot Springs National Park
2023-01-22T16:10:36.127+01:00  INFO 5507 --- [ool-3-thread-36] tourGuide.service.RewardsService         : getDistance called
2023-01-22T16:10:36.127+01:00  INFO 5507 --- [ool-3-thread-36] tourGuide.service.RewardsService         : nearAttraction called with Kartchner Caverns State Park
2023-01-22T16:10:36.127+01:00  INFO 5507 --- [ool-3-thread-36] tourGuide.service.RewardsService         : getDistance called
2023-01-22T16:10:36.127+01:00  INFO 5507 --- [ool-3-thread-36] tourGuide.service.RewardsService         : nearAttraction called with Legend Valley
2023-01-22T16:10:36.127+01:00  INFO 5507 --- [ool-3-thread-36] tourGuide.service.RewardsService         : getDistance called
2023-01-22T16:10:36.127+01:00  INFO 5507 --- [ool-3-thread-36] tourGuide.service.RewardsService         : nearAttraction called with Flowers Bakery of London
2023-01-22T16:10:36.127+01:00  INFO 5507 --- [ool-3-thread-36] tourGuide.service.RewardsService         : getDistance called
2023-01-22T16:10:36.127+01:00  INFO 5507 --- [ool-3-thread-36] tourGuide.service.RewardsService         : nearAttraction called with McKinley Tower
2023-01-22T16:10:36.127+01:00  INFO 5507 --- [ool-3-thread-36] tourGuide.service.RewardsService         : getDistance called
2023-01-22T16:10:36.127+01:00  INFO 5507 --- [ool-3-thread-36] tourGuide.service.RewardsService         : nearAttraction called with Flatiron Building
2023-01-22T16:10:36.127+01:00  INFO 5507 --- [ool-3-thread-36] tourGuide.service.RewardsService         : getDistance called
2023-01-22T16:10:36.128+01:00  INFO 5507 --- [ool-3-thread-36] tourGuide.service.RewardsService         : nearAttraction called with Fallingwater
2023-01-22T16:10:36.128+01:00  INFO 5507 --- [ool-3-thread-36] tourGuide.service.RewardsService         : getDistance called
2023-01-22T16:10:36.128+01:00  INFO 5507 --- [ool-3-thread-36] tourGuide.service.RewardsService         : nearAttraction called with Union Station
2023-01-22T16:10:36.128+01:00  INFO 5507 --- [ool-3-thread-36] tourGuide.service.RewardsService         : getDistance called
2023-01-22T16:10:36.128+01:00  INFO 5507 --- [ool-3-thread-36] tourGuide.service.RewardsService         : nearAttraction called with Roger Dean Stadium
2023-01-22T16:10:36.128+01:00  INFO 5507 --- [ool-3-thread-36] tourGuide.service.RewardsService         : getDistance called
2023-01-22T16:10:36.128+01:00  INFO 5507 --- [ool-3-thread-36] tourGuide.service.RewardsService         : nearAttraction called with Texas Memorial Stadium
2023-01-22T16:10:36.128+01:00  INFO 5507 --- [ool-3-thread-36] tourGuide.service.RewardsService         : getDistance called
2023-01-22T16:10:36.128+01:00  INFO 5507 --- [ool-3-thread-36] tourGuide.service.RewardsService         : nearAttraction called with Bryant-Denny Stadium
2023-01-22T16:10:36.128+01:00  INFO 5507 --- [ool-3-thread-36] tourGuide.service.RewardsService         : getDistance called
2023-01-22T16:10:36.128+01:00  INFO 5507 --- [ool-3-thread-36] tourGuide.service.RewardsService         : nearAttraction called with Tiger Stadium
2023-01-22T16:10:36.128+01:00  INFO 5507 --- [ool-3-thread-36] tourGuide.service.RewardsService         : getDistance called
2023-01-22T16:10:36.128+01:00  INFO 5507 --- [ool-3-thread-36] tourGuide.service.RewardsService         : nearAttraction called with Neyland Stadium
2023-01-22T16:10:36.128+01:00  INFO 5507 --- [ool-3-thread-36] tourGuide.service.RewardsService         : getDistance called
2023-01-22T16:10:36.128+01:00  INFO 5507 --- [ool-3-thread-36] tourGuide.service.RewardsService         : nearAttraction called with Kyle Field
2023-01-22T16:10:36.128+01:00  INFO 5507 --- [ool-3-thread-36] tourGuide.service.RewardsService         : getDistance called
2023-01-22T16:10:36.128+01:00  INFO 5507 --- [ool-3-thread-36] tourGuide.service.RewardsService         : nearAttraction called with San Diego Zoo
2023-01-22T16:10:36.128+01:00  INFO 5507 --- [ool-3-thread-36] tourGuide.service.RewardsService         : getDistance called
2023-01-22T16:10:36.128+01:00  INFO 5507 --- [ool-3-thread-36] tourGuide.service.RewardsService         : nearAttraction called with Zoo Tampa at Lowry Park
2023-01-22T16:10:36.128+01:00  INFO 5507 --- [ool-3-thread-36] tourGuide.service.RewardsService         : getDistance called
2023-01-22T16:10:36.128+01:00  INFO 5507 --- [ool-3-thread-36] tourGuide.service.RewardsService         : nearAttraction called with Franklin Park Zoo
2023-01-22T16:10:36.128+01:00  INFO 5507 --- [ool-3-thread-36] tourGuide.service.RewardsService         : getDistance called
2023-01-22T16:10:36.128+01:00  INFO 5507 --- [ool-3-thread-36] tourGuide.service.RewardsService         : nearAttraction called with El Paso Zoo
2023-01-22T16:10:36.128+01:00  INFO 5507 --- [ool-3-thread-36] tourGuide.service.RewardsService         : getDistance called
2023-01-22T16:10:36.128+01:00  INFO 5507 --- [ool-3-thread-36] tourGuide.service.RewardsService         : nearAttraction called with Kansas City Zoo
2023-01-22T16:10:36.128+01:00  INFO 5507 --- [ool-3-thread-36] tourGuide.service.RewardsService         : getDistance called
2023-01-22T16:10:36.128+01:00  INFO 5507 --- [ool-3-thread-36] tourGuide.service.RewardsService         : nearAttraction called with Bronx Zoo
2023-01-22T16:10:36.128+01:00  INFO 5507 --- [ool-3-thread-36] tourGuide.service.RewardsService         : getDistance called
2023-01-22T16:10:36.128+01:00  INFO 5507 --- [ool-3-thread-36] tourGuide.service.RewardsService         : nearAttraction called with Cinderella Castle
2023-01-22T16:10:36.128+01:00  INFO 5507 --- [ool-3-thread-36] tourGuide.service.RewardsService         : getDistance called
2023-01-22T16:10:36.130+01:00  INFO 5507 --- [ool-3-thread-36] tourGuide.service.RewardsService         : nearAttraction called with Disneyland
2023-01-22T16:10:36.130+01:00  INFO 5507 --- [ool-3-thread-36] tourGuide.service.RewardsService         : getDistance called
2023-01-22T16:10:36.130+01:00  INFO 5507 --- [ool-3-thread-36] tourGuide.service.RewardsService         : getRewardPoints called with Disneyland and internalUser51
2023-01-22T16:10:36.164+01:00  INFO 5507 --- [ool-3-thread-38] tourGuide.service.RewardsService         : Rewards of internalUser73 calculated by calculateRewards
2023-01-22T16:10:36.165+01:00  INFO 5507 --- [ool-3-thread-38] tourGuide.service.RewardsService         : nearAttraction called with Jackson Hole
2023-01-22T16:10:36.165+01:00  INFO 5507 --- [ool-3-thread-38] tourGuide.service.RewardsService         : getDistance called
2023-01-22T16:10:36.165+01:00  INFO 5507 --- [ool-3-thread-38] tourGuide.service.RewardsService         : nearAttraction called with Mojave National Preserve
2023-01-22T16:10:36.165+01:00  INFO 5507 --- [ool-3-thread-38] tourGuide.service.RewardsService         : getDistance called
2023-01-22T16:10:36.165+01:00  INFO 5507 --- [ool-3-thread-38] tourGuide.service.RewardsService         : nearAttraction called with Joshua Tree National Park
2023-01-22T16:10:36.165+01:00  INFO 5507 --- [ool-3-thread-38] tourGuide.service.RewardsService         : getDistance called
2023-01-22T16:10:36.165+01:00  INFO 5507 --- [ool-3-thread-38] tourGuide.service.RewardsService         : nearAttraction called with Buffalo National River
2023-01-22T16:10:36.165+01:00  INFO 5507 --- [ool-3-thread-38] tourGuide.service.RewardsService         : getDistance called
2023-01-22T16:10:36.165+01:00  INFO 5507 --- [ool-3-thread-38] tourGuide.service.RewardsService         : nearAttraction called with Hot Springs National Park
2023-01-22T16:10:36.165+01:00  INFO 5507 --- [ool-3-thread-38] tourGuide.service.RewardsService         : getDistance called
2023-01-22T16:10:36.165+01:00  INFO 5507 --- [ool-3-thread-38] tourGuide.service.RewardsService         : nearAttraction called with Kartchner Caverns State Park
2023-01-22T16:10:36.165+01:00  INFO 5507 --- [ool-3-thread-38] tourGuide.service.RewardsService         : getDistance called
2023-01-22T16:10:36.165+01:00  INFO 5507 --- [ool-3-thread-38] tourGuide.service.RewardsService         : nearAttraction called with Legend Valley
2023-01-22T16:10:36.165+01:00  INFO 5507 --- [ool-3-thread-38] tourGuide.service.RewardsService         : getDistance called
2023-01-22T16:10:36.165+01:00  INFO 5507 --- [ool-3-thread-38] tourGuide.service.RewardsService         : nearAttraction called with Flowers Bakery of London
2023-01-22T16:10:36.165+01:00  INFO 5507 --- [ool-3-thread-38] tourGuide.service.RewardsService         : getDistance called
2023-01-22T16:10:36.165+01:00  INFO 5507 --- [ool-3-thread-38] tourGuide.service.RewardsService         : nearAttraction called with McKinley Tower
2023-01-22T16:10:36.165+01:00  INFO 5507 --- [ool-3-thread-38] tourGuide.service.RewardsService         : getDistance called
2023-01-22T16:10:36.165+01:00  INFO 5507 --- [ool-3-thread-38] tourGuide.service.RewardsService         : nearAttraction called with Flatiron Building
2023-01-22T16:10:36.165+01:00  INFO 5507 --- [ool-3-thread-38] tourGuide.service.RewardsService         : getDistance called
2023-01-22T16:10:36.165+01:00  INFO 5507 --- [ool-3-thread-38] tourGuide.service.RewardsService         : nearAttraction called with Fallingwater
2023-01-22T16:10:36.165+01:00  INFO 5507 --- [ool-3-thread-38] tourGuide.service.RewardsService         : getDistance called
2023-01-22T16:10:36.165+01:00  INFO 5507 --- [ool-3-thread-38] tourGuide.service.RewardsService         : nearAttraction called with Union Station
2023-01-22T16:10:36.165+01:00  INFO 5507 --- [ool-3-thread-38] tourGuide.service.RewardsService         : getDistance called
2023-01-22T16:10:36.165+01:00  INFO 5507 --- [ool-3-thread-38] tourGuide.service.RewardsService         : nearAttraction called with Roger Dean Stadium
2023-01-22T16:10:36.165+01:00  INFO 5507 --- [ool-3-thread-38] tourGuide.service.RewardsService         : getDistance called
2023-01-22T16:10:36.165+01:00  INFO 5507 --- [ool-3-thread-38] tourGuide.service.RewardsService         : nearAttraction called with Texas Memorial Stadium
2023-01-22T16:10:36.165+01:00  INFO 5507 --- [ool-3-thread-38] tourGuide.service.RewardsService         : getDistance called
2023-01-22T16:10:36.165+01:00  INFO 5507 --- [ool-3-thread-38] tourGuide.service.RewardsService         : nearAttraction called with Bryant-Denny Stadium
2023-01-22T16:10:36.165+01:00  INFO 5507 --- [ool-3-thread-38] tourGuide.service.RewardsService         : getDistance called
2023-01-22T16:10:36.165+01:00  INFO 5507 --- [ool-3-thread-38] tourGuide.service.RewardsService         : nearAttraction called with Tiger Stadium
2023-01-22T16:10:36.165+01:00  INFO 5507 --- [ool-3-thread-38] tourGuide.service.RewardsService         : getDistance called
2023-01-22T16:10:36.165+01:00  INFO 5507 --- [ool-3-thread-38] tourGuide.service.RewardsService         : nearAttraction called with Neyland Stadium
2023-01-22T16:10:36.165+01:00  INFO 5507 --- [ool-3-thread-38] tourGuide.service.RewardsService         : getDistance called
2023-01-22T16:10:36.165+01:00  INFO 5507 --- [ool-3-thread-38] tourGuide.service.RewardsService         : nearAttraction called with Kyle Field
2023-01-22T16:10:36.165+01:00  INFO 5507 --- [ool-3-thread-38] tourGuide.service.RewardsService         : getDistance called
2023-01-22T16:10:36.165+01:00  INFO 5507 --- [ool-3-thread-38] tourGuide.service.RewardsService         : nearAttraction called with San Diego Zoo
2023-01-22T16:10:36.165+01:00  INFO 5507 --- [ool-3-thread-38] tourGuide.service.RewardsService         : getDistance called
2023-01-22T16:10:36.166+01:00  INFO 5507 --- [ool-3-thread-38] tourGuide.service.RewardsService         : nearAttraction called with Zoo Tampa at Lowry Park
2023-01-22T16:10:36.166+01:00  INFO 5507 --- [ool-3-thread-38] tourGuide.service.RewardsService         : getDistance called
2023-01-22T16:10:36.166+01:00  INFO 5507 --- [ool-3-thread-38] tourGuide.service.RewardsService         : nearAttraction called with Franklin Park Zoo
2023-01-22T16:10:36.166+01:00  INFO 5507 --- [ool-3-thread-38] tourGuide.service.RewardsService         : getDistance called
2023-01-22T16:10:36.166+01:00  INFO 5507 --- [ool-3-thread-38] tourGuide.service.RewardsService         : nearAttraction called with El Paso Zoo
2023-01-22T16:10:36.166+01:00  INFO 5507 --- [ool-3-thread-38] tourGuide.service.RewardsService         : getDistance called
2023-01-22T16:10:36.166+01:00  INFO 5507 --- [ool-3-thread-38] tourGuide.service.RewardsService         : nearAttraction called with Kansas City Zoo
2023-01-22T16:10:36.166+01:00  INFO 5507 --- [ool-3-thread-38] tourGuide.service.RewardsService         : getDistance called
2023-01-22T16:10:36.166+01:00  INFO 5507 --- [ool-3-thread-38] tourGuide.service.RewardsService         : nearAttraction called with Bronx Zoo
2023-01-22T16:10:36.166+01:00  INFO 5507 --- [ool-3-thread-38] tourGuide.service.RewardsService         : getDistance called
2023-01-22T16:10:36.166+01:00  INFO 5507 --- [ool-3-thread-38] tourGuide.service.RewardsService         : nearAttraction called with Cinderella Castle
2023-01-22T16:10:36.166+01:00  INFO 5507 --- [ool-3-thread-38] tourGuide.service.RewardsService         : getDistance called
2023-01-22T16:10:36.170+01:00  INFO 5507 --- [ool-3-thread-38] tourGuide.service.RewardsService         : nearAttraction called with Disneyland
2023-01-22T16:10:36.170+01:00  INFO 5507 --- [ool-3-thread-38] tourGuide.service.RewardsService         : getDistance called
2023-01-22T16:10:36.170+01:00  INFO 5507 --- [ool-3-thread-38] tourGuide.service.RewardsService         : getRewardPoints called with Disneyland and internalUser54
2023-01-22T16:10:36.170+01:00  INFO 5507 --- [pool-3-thread-8] tourGuide.service.RewardsService         : Rewards of internalUser75 calculated by calculateRewards
2023-01-22T16:10:36.171+01:00  INFO 5507 --- [pool-3-thread-8] tourGuide.service.RewardsService         : nearAttraction called with Jackson Hole
2023-01-22T16:10:36.171+01:00  INFO 5507 --- [pool-3-thread-8] tourGuide.service.RewardsService         : getDistance called
2023-01-22T16:10:36.171+01:00  INFO 5507 --- [pool-3-thread-8] tourGuide.service.RewardsService         : nearAttraction called with Mojave National Preserve
2023-01-22T16:10:36.171+01:00  INFO 5507 --- [pool-3-thread-8] tourGuide.service.RewardsService         : getDistance called
2023-01-22T16:10:36.171+01:00  INFO 5507 --- [pool-3-thread-8] tourGuide.service.RewardsService         : nearAttraction called with Joshua Tree National Park
2023-01-22T16:10:36.171+01:00  INFO 5507 --- [pool-3-thread-8] tourGuide.service.RewardsService         : getDistance called
2023-01-22T16:10:36.171+01:00  INFO 5507 --- [pool-3-thread-8] tourGuide.service.RewardsService         : nearAttraction called with Buffalo National River
2023-01-22T16:10:36.171+01:00  INFO 5507 --- [pool-3-thread-8] tourGuide.service.RewardsService         : getDistance called
2023-01-22T16:10:36.171+01:00  INFO 5507 --- [pool-3-thread-8] tourGuide.service.RewardsService         : nearAttraction called with Hot Springs National Park
2023-01-22T16:10:36.171+01:00  INFO 5507 --- [pool-3-thread-8] tourGuide.service.RewardsService         : getDistance called
2023-01-22T16:10:36.171+01:00  INFO 5507 --- [pool-3-thread-8] tourGuide.service.RewardsService         : nearAttraction called with Kartchner Caverns State Park
2023-01-22T16:10:36.171+01:00  INFO 5507 --- [pool-3-thread-8] tourGuide.service.RewardsService         : getDistance called
2023-01-22T16:10:36.171+01:00  INFO 5507 --- [pool-3-thread-8] tourGuide.service.RewardsService         : nearAttraction called with Legend Valley
2023-01-22T16:10:36.171+01:00  INFO 5507 --- [pool-3-thread-8] tourGuide.service.RewardsService         : getDistance called
2023-01-22T16:10:36.171+01:00  INFO 5507 --- [pool-3-thread-8] tourGuide.service.RewardsService         : nearAttraction called with Flowers Bakery of London
2023-01-22T16:10:36.171+01:00  INFO 5507 --- [pool-3-thread-8] tourGuide.service.RewardsService         : getDistance called
2023-01-22T16:10:36.171+01:00  INFO 5507 --- [pool-3-thread-8] tourGuide.service.RewardsService         : nearAttraction called with McKinley Tower
2023-01-22T16:10:36.171+01:00  INFO 5507 --- [pool-3-thread-8] tourGuide.service.RewardsService         : getDistance called
2023-01-22T16:10:36.171+01:00  INFO 5507 --- [pool-3-thread-8] tourGuide.service.RewardsService         : nearAttraction called with Flatiron Building
2023-01-22T16:10:36.171+01:00  INFO 5507 --- [pool-3-thread-8] tourGuide.service.RewardsService         : getDistance called
2023-01-22T16:10:36.171+01:00  INFO 5507 --- [pool-3-thread-8] tourGuide.service.RewardsService         : nearAttraction called with Fallingwater
2023-01-22T16:10:36.171+01:00  INFO 5507 --- [pool-3-thread-8] tourGuide.service.RewardsService         : getDistance called
2023-01-22T16:10:36.171+01:00  INFO 5507 --- [pool-3-thread-8] tourGuide.service.RewardsService         : nearAttraction called with Union Station
2023-01-22T16:10:36.171+01:00  INFO 5507 --- [pool-3-thread-8] tourGuide.service.RewardsService         : getDistance called
2023-01-22T16:10:36.171+01:00  INFO 5507 --- [pool-3-thread-8] tourGuide.service.RewardsService         : nearAttraction called with Roger Dean Stadium
2023-01-22T16:10:36.171+01:00  INFO 5507 --- [pool-3-thread-8] tourGuide.service.RewardsService         : getDistance called
2023-01-22T16:10:36.171+01:00  INFO 5507 --- [pool-3-thread-8] tourGuide.service.RewardsService         : nearAttraction called with Texas Memorial Stadium
2023-01-22T16:10:36.171+01:00  INFO 5507 --- [pool-3-thread-8] tourGuide.service.RewardsService         : getDistance called
2023-01-22T16:10:36.171+01:00  INFO 5507 --- [pool-3-thread-8] tourGuide.service.RewardsService         : nearAttraction called with Bryant-Denny Stadium
2023-01-22T16:10:36.171+01:00  INFO 5507 --- [pool-3-thread-8] tourGuide.service.RewardsService         : getDistance called
2023-01-22T16:10:36.171+01:00  INFO 5507 --- [pool-3-thread-8] tourGuide.service.RewardsService         : nearAttraction called with Tiger Stadium
2023-01-22T16:10:36.171+01:00  INFO 5507 --- [pool-3-thread-8] tourGuide.service.RewardsService         : getDistance called
2023-01-22T16:10:36.171+01:00  INFO 5507 --- [pool-3-thread-8] tourGuide.service.RewardsService         : nearAttraction called with Neyland Stadium
2023-01-22T16:10:36.171+01:00  INFO 5507 --- [pool-3-thread-8] tourGuide.service.RewardsService         : getDistance called
2023-01-22T16:10:36.171+01:00  INFO 5507 --- [pool-3-thread-8] tourGuide.service.RewardsService         : nearAttraction called with Kyle Field
2023-01-22T16:10:36.171+01:00  INFO 5507 --- [pool-3-thread-8] tourGuide.service.RewardsService         : getDistance called
2023-01-22T16:10:36.171+01:00  INFO 5507 --- [pool-3-thread-8] tourGuide.service.RewardsService         : nearAttraction called with San Diego Zoo
2023-01-22T16:10:36.171+01:00  INFO 5507 --- [pool-3-thread-8] tourGuide.service.RewardsService         : getDistance called
2023-01-22T16:10:36.171+01:00  INFO 5507 --- [pool-3-thread-8] tourGuide.service.RewardsService         : nearAttraction called with Zoo Tampa at Lowry Park
2023-01-22T16:10:36.171+01:00  INFO 5507 --- [pool-3-thread-8] tourGuide.service.RewardsService         : getDistance called
2023-01-22T16:10:36.171+01:00  INFO 5507 --- [pool-3-thread-8] tourGuide.service.RewardsService         : nearAttraction called with Franklin Park Zoo
2023-01-22T16:10:36.171+01:00  INFO 5507 --- [pool-3-thread-8] tourGuide.service.RewardsService         : getDistance called
2023-01-22T16:10:36.171+01:00  INFO 5507 --- [pool-3-thread-8] tourGuide.service.RewardsService         : nearAttraction called with El Paso Zoo
2023-01-22T16:10:36.171+01:00  INFO 5507 --- [pool-3-thread-8] tourGuide.service.RewardsService         : getDistance called
2023-01-22T16:10:36.171+01:00  INFO 5507 --- [pool-3-thread-8] tourGuide.service.RewardsService         : nearAttraction called with Kansas City Zoo
2023-01-22T16:10:36.171+01:00  INFO 5507 --- [pool-3-thread-8] tourGuide.service.RewardsService         : getDistance called
2023-01-22T16:10:36.171+01:00  INFO 5507 --- [pool-3-thread-8] tourGuide.service.RewardsService         : nearAttraction called with Bronx Zoo
2023-01-22T16:10:36.171+01:00  INFO 5507 --- [pool-3-thread-8] tourGuide.service.RewardsService         : getDistance called
2023-01-22T16:10:36.171+01:00  INFO 5507 --- [pool-3-thread-8] tourGuide.service.RewardsService         : nearAttraction called with Cinderella Castle
2023-01-22T16:10:36.171+01:00  INFO 5507 --- [pool-3-thread-8] tourGuide.service.RewardsService         : getDistance called
2023-01-22T16:10:36.173+01:00  INFO 5507 --- [pool-3-thread-8] tourGuide.service.RewardsService         : nearAttraction called with Disneyland
2023-01-22T16:10:36.173+01:00  INFO 5507 --- [pool-3-thread-8] tourGuide.service.RewardsService         : getDistance called
2023-01-22T16:10:36.173+01:00  INFO 5507 --- [pool-3-thread-8] tourGuide.service.RewardsService         : getRewardPoints called with Disneyland and internalUser53
2023-01-22T16:10:36.180+01:00  INFO 5507 --- [ool-3-thread-55] tourGuide.service.RewardsService         : Rewards of internalUser33 calculated by calculateRewards
2023-01-22T16:10:36.180+01:00  INFO 5507 --- [ool-3-thread-55] tourGuide.service.RewardsService         : nearAttraction called with Jackson Hole
2023-01-22T16:10:36.180+01:00  INFO 5507 --- [ool-3-thread-55] tourGuide.service.RewardsService         : getDistance called
2023-01-22T16:10:36.180+01:00  INFO 5507 --- [ool-3-thread-55] tourGuide.service.RewardsService         : nearAttraction called with Mojave National Preserve
2023-01-22T16:10:36.180+01:00  INFO 5507 --- [ool-3-thread-55] tourGuide.service.RewardsService         : getDistance called
2023-01-22T16:10:36.180+01:00  INFO 5507 --- [ool-3-thread-55] tourGuide.service.RewardsService         : nearAttraction called with Joshua Tree National Park
2023-01-22T16:10:36.180+01:00  INFO 5507 --- [ool-3-thread-55] tourGuide.service.RewardsService         : getDistance called
2023-01-22T16:10:36.180+01:00  INFO 5507 --- [ool-3-thread-55] tourGuide.service.RewardsService         : nearAttraction called with Buffalo National River
2023-01-22T16:10:36.180+01:00  INFO 5507 --- [ool-3-thread-55] tourGuide.service.RewardsService         : getDistance called
2023-01-22T16:10:36.180+01:00  INFO 5507 --- [ool-3-thread-55] tourGuide.service.RewardsService         : nearAttraction called with Hot Springs National Park
2023-01-22T16:10:36.180+01:00  INFO 5507 --- [ool-3-thread-55] tourGuide.service.RewardsService         : getDistance called
2023-01-22T16:10:36.180+01:00  INFO 5507 --- [ool-3-thread-55] tourGuide.service.RewardsService         : nearAttraction called with Kartchner Caverns State Park
2023-01-22T16:10:36.180+01:00  INFO 5507 --- [ool-3-thread-55] tourGuide.service.RewardsService         : getDistance called
2023-01-22T16:10:36.180+01:00  INFO 5507 --- [ool-3-thread-55] tourGuide.service.RewardsService         : nearAttraction called with Legend Valley
2023-01-22T16:10:36.180+01:00  INFO 5507 --- [ool-3-thread-55] tourGuide.service.RewardsService         : getDistance called
2023-01-22T16:10:36.180+01:00  INFO 5507 --- [ool-3-thread-55] tourGuide.service.RewardsService         : nearAttraction called with Flowers Bakery of London
2023-01-22T16:10:36.180+01:00  INFO 5507 --- [ool-3-thread-55] tourGuide.service.RewardsService         : getDistance called
2023-01-22T16:10:36.180+01:00  INFO 5507 --- [ool-3-thread-55] tourGuide.service.RewardsService         : nearAttraction called with McKinley Tower
2023-01-22T16:10:36.180+01:00  INFO 5507 --- [ool-3-thread-55] tourGuide.service.RewardsService         : getDistance called
2023-01-22T16:10:36.180+01:00  INFO 5507 --- [ool-3-thread-55] tourGuide.service.RewardsService         : nearAttraction called with Flatiron Building
2023-01-22T16:10:36.181+01:00  INFO 5507 --- [ool-3-thread-55] tourGuide.service.RewardsService         : getDistance called
2023-01-22T16:10:36.181+01:00  INFO 5507 --- [ool-3-thread-55] tourGuide.service.RewardsService         : nearAttraction called with Fallingwater
2023-01-22T16:10:36.181+01:00  INFO 5507 --- [ool-3-thread-55] tourGuide.service.RewardsService         : getDistance called
2023-01-22T16:10:36.181+01:00  INFO 5507 --- [ool-3-thread-55] tourGuide.service.RewardsService         : nearAttraction called with Union Station
2023-01-22T16:10:36.181+01:00  INFO 5507 --- [ool-3-thread-55] tourGuide.service.RewardsService         : getDistance called
2023-01-22T16:10:36.181+01:00  INFO 5507 --- [ool-3-thread-55] tourGuide.service.RewardsService         : nearAttraction called with Roger Dean Stadium
2023-01-22T16:10:36.181+01:00  INFO 5507 --- [ool-3-thread-55] tourGuide.service.RewardsService         : getDistance called
2023-01-22T16:10:36.181+01:00  INFO 5507 --- [ool-3-thread-55] tourGuide.service.RewardsService         : nearAttraction called with Texas Memorial Stadium
2023-01-22T16:10:36.181+01:00  INFO 5507 --- [ool-3-thread-55] tourGuide.service.RewardsService         : getDistance called
2023-01-22T16:10:36.181+01:00  INFO 5507 --- [ool-3-thread-55] tourGuide.service.RewardsService         : nearAttraction called with Bryant-Denny Stadium
2023-01-22T16:10:36.181+01:00  INFO 5507 --- [ool-3-thread-55] tourGuide.service.RewardsService         : getDistance called
2023-01-22T16:10:36.181+01:00  INFO 5507 --- [ool-3-thread-55] tourGuide.service.RewardsService         : nearAttraction called with Tiger Stadium
2023-01-22T16:10:36.181+01:00  INFO 5507 --- [ool-3-thread-55] tourGuide.service.RewardsService         : getDistance called
2023-01-22T16:10:36.181+01:00  INFO 5507 --- [ool-3-thread-55] tourGuide.service.RewardsService         : nearAttraction called with Neyland Stadium
2023-01-22T16:10:36.181+01:00  INFO 5507 --- [ool-3-thread-55] tourGuide.service.RewardsService         : getDistance called
2023-01-22T16:10:36.181+01:00  INFO 5507 --- [ool-3-thread-55] tourGuide.service.RewardsService         : nearAttraction called with Kyle Field
2023-01-22T16:10:36.181+01:00  INFO 5507 --- [ool-3-thread-55] tourGuide.service.RewardsService         : getDistance called
2023-01-22T16:10:36.181+01:00  INFO 5507 --- [ool-3-thread-55] tourGuide.service.RewardsService         : nearAttraction called with San Diego Zoo
2023-01-22T16:10:36.181+01:00  INFO 5507 --- [ool-3-thread-55] tourGuide.service.RewardsService         : getDistance called
2023-01-22T16:10:36.181+01:00  INFO 5507 --- [ool-3-thread-55] tourGuide.service.RewardsService         : nearAttraction called with Zoo Tampa at Lowry Park
2023-01-22T16:10:36.181+01:00  INFO 5507 --- [ool-3-thread-55] tourGuide.service.RewardsService         : getDistance called
2023-01-22T16:10:36.181+01:00  INFO 5507 --- [ool-3-thread-55] tourGuide.service.RewardsService         : nearAttraction called with Franklin Park Zoo
2023-01-22T16:10:36.181+01:00  INFO 5507 --- [ool-3-thread-55] tourGuide.service.RewardsService         : getDistance called
2023-01-22T16:10:36.181+01:00  INFO 5507 --- [ool-3-thread-55] tourGuide.service.RewardsService         : nearAttraction called with El Paso Zoo
2023-01-22T16:10:36.181+01:00  INFO 5507 --- [ool-3-thread-55] tourGuide.service.RewardsService         : getDistance called
2023-01-22T16:10:36.181+01:00  INFO 5507 --- [ool-3-thread-55] tourGuide.service.RewardsService         : nearAttraction called with Kansas City Zoo
2023-01-22T16:10:36.181+01:00  INFO 5507 --- [ool-3-thread-55] tourGuide.service.RewardsService         : getDistance called
2023-01-22T16:10:36.181+01:00  INFO 5507 --- [ool-3-thread-55] tourGuide.service.RewardsService         : nearAttraction called with Bronx Zoo
2023-01-22T16:10:36.181+01:00  INFO 5507 --- [ool-3-thread-55] tourGuide.service.RewardsService         : getDistance called
2023-01-22T16:10:36.181+01:00  INFO 5507 --- [ool-3-thread-55] tourGuide.service.RewardsService         : nearAttraction called with Cinderella Castle
2023-01-22T16:10:36.181+01:00  INFO 5507 --- [ool-3-thread-55] tourGuide.service.RewardsService         : getDistance called
2023-01-22T16:10:36.182+01:00  INFO 5507 --- [ool-3-thread-55] tourGuide.service.RewardsService         : nearAttraction called with Disneyland
2023-01-22T16:10:36.182+01:00  INFO 5507 --- [ool-3-thread-55] tourGuide.service.RewardsService         : getDistance called
2023-01-22T16:10:36.182+01:00  INFO 5507 --- [ool-3-thread-55] tourGuide.service.RewardsService         : getRewardPoints called with Disneyland and internalUser50
2023-01-22T16:10:36.199+01:00  INFO 5507 --- [ool-3-thread-43] tourGuide.service.RewardsService         : Rewards of internalUser32 calculated by calculateRewards
2023-01-22T16:10:36.200+01:00  INFO 5507 --- [ool-3-thread-43] tourGuide.service.RewardsService         : nearAttraction called with Jackson Hole
2023-01-22T16:10:36.200+01:00  INFO 5507 --- [ool-3-thread-43] tourGuide.service.RewardsService         : getDistance called
2023-01-22T16:10:36.200+01:00  INFO 5507 --- [ool-3-thread-43] tourGuide.service.RewardsService         : nearAttraction called with Mojave National Preserve
2023-01-22T16:10:36.200+01:00  INFO 5507 --- [ool-3-thread-43] tourGuide.service.RewardsService         : getDistance called
2023-01-22T16:10:36.200+01:00  INFO 5507 --- [ool-3-thread-43] tourGuide.service.RewardsService         : nearAttraction called with Joshua Tree National Park
2023-01-22T16:10:36.200+01:00  INFO 5507 --- [ool-3-thread-43] tourGuide.service.RewardsService         : getDistance called
2023-01-22T16:10:36.200+01:00  INFO 5507 --- [ool-3-thread-43] tourGuide.service.RewardsService         : nearAttraction called with Buffalo National River
2023-01-22T16:10:36.200+01:00  INFO 5507 --- [ool-3-thread-43] tourGuide.service.RewardsService         : getDistance called
2023-01-22T16:10:36.200+01:00  INFO 5507 --- [ool-3-thread-43] tourGuide.service.RewardsService         : nearAttraction called with Hot Springs National Park
2023-01-22T16:10:36.200+01:00  INFO 5507 --- [ool-3-thread-43] tourGuide.service.RewardsService         : getDistance called
2023-01-22T16:10:36.200+01:00  INFO 5507 --- [ool-3-thread-43] tourGuide.service.RewardsService         : nearAttraction called with Kartchner Caverns State Park
2023-01-22T16:10:36.200+01:00  INFO 5507 --- [ool-3-thread-43] tourGuide.service.RewardsService         : getDistance called
2023-01-22T16:10:36.200+01:00  INFO 5507 --- [ool-3-thread-43] tourGuide.service.RewardsService         : nearAttraction called with Legend Valley
2023-01-22T16:10:36.200+01:00  INFO 5507 --- [ool-3-thread-43] tourGuide.service.RewardsService         : getDistance called
2023-01-22T16:10:36.200+01:00  INFO 5507 --- [ool-3-thread-43] tourGuide.service.RewardsService         : nearAttraction called with Flowers Bakery of London
2023-01-22T16:10:36.200+01:00  INFO 5507 --- [ool-3-thread-43] tourGuide.service.RewardsService         : getDistance called
2023-01-22T16:10:36.200+01:00  INFO 5507 --- [ool-3-thread-43] tourGuide.service.RewardsService         : nearAttraction called with McKinley Tower
2023-01-22T16:10:36.200+01:00  INFO 5507 --- [ool-3-thread-43] tourGuide.service.RewardsService         : getDistance called
2023-01-22T16:10:36.200+01:00  INFO 5507 --- [ool-3-thread-43] tourGuide.service.RewardsService         : nearAttraction called with Flatiron Building
2023-01-22T16:10:36.200+01:00  INFO 5507 --- [ool-3-thread-43] tourGuide.service.RewardsService         : getDistance called
2023-01-22T16:10:36.200+01:00  INFO 5507 --- [ool-3-thread-43] tourGuide.service.RewardsService         : nearAttraction called with Fallingwater
2023-01-22T16:10:36.200+01:00  INFO 5507 --- [ool-3-thread-43] tourGuide.service.RewardsService         : getDistance called
2023-01-22T16:10:36.200+01:00  INFO 5507 --- [ool-3-thread-43] tourGuide.service.RewardsService         : nearAttraction called with Union Station
2023-01-22T16:10:36.200+01:00  INFO 5507 --- [ool-3-thread-43] tourGuide.service.RewardsService         : getDistance called
2023-01-22T16:10:36.200+01:00  INFO 5507 --- [ool-3-thread-43] tourGuide.service.RewardsService         : nearAttraction called with Roger Dean Stadium
2023-01-22T16:10:36.200+01:00  INFO 5507 --- [ool-3-thread-43] tourGuide.service.RewardsService         : getDistance called
2023-01-22T16:10:36.200+01:00  INFO 5507 --- [ool-3-thread-43] tourGuide.service.RewardsService         : nearAttraction called with Texas Memorial Stadium
2023-01-22T16:10:36.200+01:00  INFO 5507 --- [ool-3-thread-43] tourGuide.service.RewardsService         : getDistance called
2023-01-22T16:10:36.200+01:00  INFO 5507 --- [ool-3-thread-43] tourGuide.service.RewardsService         : nearAttraction called with Bryant-Denny Stadium
2023-01-22T16:10:36.200+01:00  INFO 5507 --- [ool-3-thread-43] tourGuide.service.RewardsService         : getDistance called
2023-01-22T16:10:36.200+01:00  INFO 5507 --- [ool-3-thread-43] tourGuide.service.RewardsService         : nearAttraction called with Tiger Stadium
2023-01-22T16:10:36.200+01:00  INFO 5507 --- [ool-3-thread-43] tourGuide.service.RewardsService         : getDistance called
2023-01-22T16:10:36.200+01:00  INFO 5507 --- [ool-3-thread-43] tourGuide.service.RewardsService         : nearAttraction called with Neyland Stadium
2023-01-22T16:10:36.200+01:00  INFO 5507 --- [ool-3-thread-43] tourGuide.service.RewardsService         : getDistance called
2023-01-22T16:10:36.200+01:00  INFO 5507 --- [ool-3-thread-43] tourGuide.service.RewardsService         : nearAttraction called with Kyle Field
2023-01-22T16:10:36.200+01:00  INFO 5507 --- [ool-3-thread-43] tourGuide.service.RewardsService         : getDistance called
2023-01-22T16:10:36.200+01:00  INFO 5507 --- [ool-3-thread-43] tourGuide.service.RewardsService         : nearAttraction called with San Diego Zoo
2023-01-22T16:10:36.200+01:00  INFO 5507 --- [ool-3-thread-43] tourGuide.service.RewardsService         : getDistance called
2023-01-22T16:10:36.200+01:00  INFO 5507 --- [ool-3-thread-43] tourGuide.service.RewardsService         : nearAttraction called with Zoo Tampa at Lowry Park
2023-01-22T16:10:36.200+01:00  INFO 5507 --- [ool-3-thread-43] tourGuide.service.RewardsService         : getDistance called
2023-01-22T16:10:36.200+01:00  INFO 5507 --- [ool-3-thread-43] tourGuide.service.RewardsService         : nearAttraction called with Franklin Park Zoo
2023-01-22T16:10:36.200+01:00  INFO 5507 --- [ool-3-thread-43] tourGuide.service.RewardsService         : getDistance called
2023-01-22T16:10:36.200+01:00  INFO 5507 --- [ool-3-thread-43] tourGuide.service.RewardsService         : nearAttraction called with El Paso Zoo
2023-01-22T16:10:36.201+01:00  INFO 5507 --- [ool-3-thread-43] tourGuide.service.RewardsService         : getDistance called
2023-01-22T16:10:36.201+01:00  INFO 5507 --- [ool-3-thread-43] tourGuide.service.RewardsService         : nearAttraction called with Kansas City Zoo
2023-01-22T16:10:36.201+01:00  INFO 5507 --- [ool-3-thread-43] tourGuide.service.RewardsService         : getDistance called
2023-01-22T16:10:36.201+01:00  INFO 5507 --- [ool-3-thread-43] tourGuide.service.RewardsService         : nearAttraction called with Bronx Zoo
2023-01-22T16:10:36.201+01:00  INFO 5507 --- [ool-3-thread-43] tourGuide.service.RewardsService         : getDistance called
2023-01-22T16:10:36.201+01:00  INFO 5507 --- [ool-3-thread-43] tourGuide.service.RewardsService         : nearAttraction called with Cinderella Castle
2023-01-22T16:10:36.201+01:00  INFO 5507 --- [ool-3-thread-43] tourGuide.service.RewardsService         : getDistance called
2023-01-22T16:10:36.201+01:00  INFO 5507 --- [ool-3-thread-43] tourGuide.service.RewardsService         : nearAttraction called with Disneyland
2023-01-22T16:10:36.201+01:00  INFO 5507 --- [ool-3-thread-43] tourGuide.service.RewardsService         : getDistance called
2023-01-22T16:10:36.201+01:00  INFO 5507 --- [ool-3-thread-43] tourGuide.service.RewardsService         : getRewardPoints called with Disneyland and internalUser67
2023-01-22T16:10:36.203+01:00  INFO 5507 --- [ool-3-thread-54] tourGuide.service.RewardsService         : Rewards of internalUser27 calculated by calculateRewards
2023-01-22T16:10:36.203+01:00  INFO 5507 --- [ool-3-thread-54] tourGuide.service.RewardsService         : nearAttraction called with Jackson Hole
2023-01-22T16:10:36.203+01:00  INFO 5507 --- [ool-3-thread-54] tourGuide.service.RewardsService         : getDistance called
2023-01-22T16:10:36.203+01:00  INFO 5507 --- [ool-3-thread-54] tourGuide.service.RewardsService         : nearAttraction called with Mojave National Preserve
2023-01-22T16:10:36.203+01:00  INFO 5507 --- [ool-3-thread-54] tourGuide.service.RewardsService         : getDistance called
2023-01-22T16:10:36.203+01:00  INFO 5507 --- [ool-3-thread-54] tourGuide.service.RewardsService         : nearAttraction called with Joshua Tree National Park
2023-01-22T16:10:36.203+01:00  INFO 5507 --- [ool-3-thread-54] tourGuide.service.RewardsService         : getDistance called
2023-01-22T16:10:36.203+01:00  INFO 5507 --- [ool-3-thread-54] tourGuide.service.RewardsService         : nearAttraction called with Buffalo National River
2023-01-22T16:10:36.203+01:00  INFO 5507 --- [ool-3-thread-54] tourGuide.service.RewardsService         : getDistance called
2023-01-22T16:10:36.203+01:00  INFO 5507 --- [ool-3-thread-54] tourGuide.service.RewardsService         : nearAttraction called with Hot Springs National Park
2023-01-22T16:10:36.203+01:00  INFO 5507 --- [ool-3-thread-54] tourGuide.service.RewardsService         : getDistance called
2023-01-22T16:10:36.203+01:00  INFO 5507 --- [ool-3-thread-22] tourGuide.service.RewardsService         : Rewards of internalUser5 calculated by calculateRewards
2023-01-22T16:10:36.203+01:00  INFO 5507 --- [ool-3-thread-54] tourGuide.service.RewardsService         : nearAttraction called with Kartchner Caverns State Park
2023-01-22T16:10:36.203+01:00  INFO 5507 --- [ool-3-thread-54] tourGuide.service.RewardsService         : getDistance called
2023-01-22T16:10:36.203+01:00  INFO 5507 --- [ool-3-thread-22] tourGuide.service.RewardsService         : nearAttraction called with Legend Valley
2023-01-22T16:10:36.203+01:00  INFO 5507 --- [ool-3-thread-54] tourGuide.service.RewardsService         : nearAttraction called with Flowers Bakery of London
2023-01-22T16:10:36.203+01:00  INFO 5507 --- [ool-3-thread-22] tourGuide.service.RewardsService         : getDistance called
2023-01-22T16:10:36.203+01:00  INFO 5507 --- [ool-3-thread-54] tourGuide.service.RewardsService         : getDistance called
2023-01-22T16:10:36.203+01:00  INFO 5507 --- [ool-3-thread-22] tourGuide.service.RewardsService         : nearAttraction called with McKinley Tower
2023-01-22T16:10:36.203+01:00  INFO 5507 --- [ool-3-thread-54] tourGuide.service.RewardsService         : nearAttraction called with Flatiron Building
2023-01-22T16:10:36.203+01:00  INFO 5507 --- [ool-3-thread-22] tourGuide.service.RewardsService         : getDistance called
2023-01-22T16:10:36.203+01:00  INFO 5507 --- [ool-3-thread-54] tourGuide.service.RewardsService         : getDistance called
2023-01-22T16:10:36.203+01:00  INFO 5507 --- [ool-3-thread-22] tourGuide.service.RewardsService         : nearAttraction called with Fallingwater
2023-01-22T16:10:36.203+01:00  INFO 5507 --- [ool-3-thread-54] tourGuide.service.RewardsService         : nearAttraction called with Union Station
2023-01-22T16:10:36.203+01:00  INFO 5507 --- [ool-3-thread-22] tourGuide.service.RewardsService         : getDistance called
2023-01-22T16:10:36.203+01:00  INFO 5507 --- [ool-3-thread-54] tourGuide.service.RewardsService         : getDistance called
2023-01-22T16:10:36.203+01:00  INFO 5507 --- [ool-3-thread-22] tourGuide.service.RewardsService         : nearAttraction called with Roger Dean Stadium
2023-01-22T16:10:36.203+01:00  INFO 5507 --- [ool-3-thread-54] tourGuide.service.RewardsService         : nearAttraction called with Texas Memorial Stadium
2023-01-22T16:10:36.203+01:00  INFO 5507 --- [ool-3-thread-22] tourGuide.service.RewardsService         : getDistance called
2023-01-22T16:10:36.203+01:00  INFO 5507 --- [ool-3-thread-54] tourGuide.service.RewardsService         : getDistance called
2023-01-22T16:10:36.203+01:00  INFO 5507 --- [ool-3-thread-22] tourGuide.service.RewardsService         : nearAttraction called with Bryant-Denny Stadium
2023-01-22T16:10:36.203+01:00  INFO 5507 --- [ool-3-thread-54] tourGuide.service.RewardsService         : nearAttraction called with Tiger Stadium
2023-01-22T16:10:36.203+01:00  INFO 5507 --- [ool-3-thread-22] tourGuide.service.RewardsService         : getDistance called
2023-01-22T16:10:36.203+01:00  INFO 5507 --- [ool-3-thread-54] tourGuide.service.RewardsService         : getDistance called
2023-01-22T16:10:36.203+01:00  INFO 5507 --- [ool-3-thread-22] tourGuide.service.RewardsService         : nearAttraction called with Neyland Stadium
2023-01-22T16:10:36.203+01:00  INFO 5507 --- [ool-3-thread-54] tourGuide.service.RewardsService         : nearAttraction called with Kyle Field
2023-01-22T16:10:36.203+01:00  INFO 5507 --- [ool-3-thread-22] tourGuide.service.RewardsService         : getDistance called
2023-01-22T16:10:36.203+01:00  INFO 5507 --- [ool-3-thread-54] tourGuide.service.RewardsService         : getDistance called
2023-01-22T16:10:36.203+01:00  INFO 5507 --- [ool-3-thread-22] tourGuide.service.RewardsService         : nearAttraction called with San Diego Zoo
2023-01-22T16:10:36.204+01:00  INFO 5507 --- [ool-3-thread-54] tourGuide.service.RewardsService         : nearAttraction called with Zoo Tampa at Lowry Park
2023-01-22T16:10:36.204+01:00  INFO 5507 --- [ool-3-thread-54] tourGuide.service.RewardsService         : getDistance called
2023-01-22T16:10:36.204+01:00  INFO 5507 --- [ool-3-thread-54] tourGuide.service.RewardsService         : nearAttraction called with Franklin Park Zoo
2023-01-22T16:10:36.204+01:00  INFO 5507 --- [ool-3-thread-22] tourGuide.service.RewardsService         : getDistance called
2023-01-22T16:10:36.204+01:00  INFO 5507 --- [ool-3-thread-54] tourGuide.service.RewardsService         : getDistance called
2023-01-22T16:10:36.204+01:00  INFO 5507 --- [ool-3-thread-22] tourGuide.service.RewardsService         : nearAttraction called with El Paso Zoo
2023-01-22T16:10:36.204+01:00  INFO 5507 --- [ool-3-thread-54] tourGuide.service.RewardsService         : nearAttraction called with Kansas City Zoo
2023-01-22T16:10:36.204+01:00  INFO 5507 --- [ool-3-thread-22] tourGuide.service.RewardsService         : getDistance called
2023-01-22T16:10:36.204+01:00  INFO 5507 --- [ool-3-thread-54] tourGuide.service.RewardsService         : getDistance called
2023-01-22T16:10:36.204+01:00  INFO 5507 --- [ool-3-thread-22] tourGuide.service.RewardsService         : nearAttraction called with Bronx Zoo
2023-01-22T16:10:36.204+01:00  INFO 5507 --- [ool-3-thread-54] tourGuide.service.RewardsService         : nearAttraction called with Cinderella Castle
2023-01-22T16:10:36.204+01:00  INFO 5507 --- [ool-3-thread-22] tourGuide.service.RewardsService         : getDistance called
2023-01-22T16:10:36.204+01:00  INFO 5507 --- [ool-3-thread-54] tourGuide.service.RewardsService         : getDistance called
2023-01-22T16:10:36.204+01:00  INFO 5507 --- [ool-3-thread-22] tourGuide.service.RewardsService         : nearAttraction called with Disneyland
2023-01-22T16:10:36.204+01:00  INFO 5507 --- [ool-3-thread-54] tourGuide.service.RewardsService         : nearAttraction called with Jackson Hole
2023-01-22T16:10:36.204+01:00  INFO 5507 --- [ool-3-thread-22] tourGuide.service.RewardsService         : getDistance called
2023-01-22T16:10:36.204+01:00  INFO 5507 --- [ool-3-thread-54] tourGuide.service.RewardsService         : getDistance called
2023-01-22T16:10:36.204+01:00  INFO 5507 --- [ool-3-thread-22] tourGuide.service.RewardsService         : getRewardPoints called with Disneyland and internalUser66
2023-01-22T16:10:36.204+01:00  INFO 5507 --- [ool-3-thread-54] tourGuide.service.RewardsService         : nearAttraction called with Mojave National Preserve
2023-01-22T16:10:36.204+01:00  INFO 5507 --- [ool-3-thread-54] tourGuide.service.RewardsService         : getDistance called
2023-01-22T16:10:36.204+01:00  INFO 5507 --- [ool-3-thread-54] tourGuide.service.RewardsService         : nearAttraction called with Joshua Tree National Park
2023-01-22T16:10:36.204+01:00  INFO 5507 --- [ool-3-thread-54] tourGuide.service.RewardsService         : getDistance called
2023-01-22T16:10:36.204+01:00  INFO 5507 --- [ool-3-thread-54] tourGuide.service.RewardsService         : nearAttraction called with Buffalo National River
2023-01-22T16:10:36.204+01:00  INFO 5507 --- [ool-3-thread-54] tourGuide.service.RewardsService         : getDistance called
2023-01-22T16:10:36.204+01:00  INFO 5507 --- [ool-3-thread-54] tourGuide.service.RewardsService         : nearAttraction called with Hot Springs National Park
2023-01-22T16:10:36.204+01:00  INFO 5507 --- [ool-3-thread-54] tourGuide.service.RewardsService         : getDistance called
2023-01-22T16:10:36.204+01:00  INFO 5507 --- [ool-3-thread-54] tourGuide.service.RewardsService         : nearAttraction called with Kartchner Caverns State Park
2023-01-22T16:10:36.204+01:00  INFO 5507 --- [ool-3-thread-54] tourGuide.service.RewardsService         : getDistance called
2023-01-22T16:10:36.204+01:00  INFO 5507 --- [ool-3-thread-54] tourGuide.service.RewardsService         : nearAttraction called with Legend Valley
2023-01-22T16:10:36.204+01:00  INFO 5507 --- [ool-3-thread-54] tourGuide.service.RewardsService         : getDistance called
2023-01-22T16:10:36.204+01:00  INFO 5507 --- [ool-3-thread-54] tourGuide.service.RewardsService         : nearAttraction called with Flowers Bakery of London
2023-01-22T16:10:36.204+01:00  INFO 5507 --- [ool-3-thread-54] tourGuide.service.RewardsService         : getDistance called
2023-01-22T16:10:36.204+01:00  INFO 5507 --- [ool-3-thread-54] tourGuide.service.RewardsService         : nearAttraction called with McKinley Tower
2023-01-22T16:10:36.204+01:00  INFO 5507 --- [ool-3-thread-54] tourGuide.service.RewardsService         : getDistance called
2023-01-22T16:10:36.204+01:00  INFO 5507 --- [ool-3-thread-54] tourGuide.service.RewardsService         : nearAttraction called with Flatiron Building
2023-01-22T16:10:36.204+01:00  INFO 5507 --- [ool-3-thread-54] tourGuide.service.RewardsService         : getDistance called
2023-01-22T16:10:36.204+01:00  INFO 5507 --- [ool-3-thread-54] tourGuide.service.RewardsService         : nearAttraction called with Fallingwater
2023-01-22T16:10:36.204+01:00  INFO 5507 --- [ool-3-thread-54] tourGuide.service.RewardsService         : getDistance called
2023-01-22T16:10:36.204+01:00  INFO 5507 --- [ool-3-thread-54] tourGuide.service.RewardsService         : nearAttraction called with Union Station
2023-01-22T16:10:36.204+01:00  INFO 5507 --- [ool-3-thread-54] tourGuide.service.RewardsService         : getDistance called
2023-01-22T16:10:36.204+01:00  INFO 5507 --- [ool-3-thread-54] tourGuide.service.RewardsService         : nearAttraction called with Roger Dean Stadium
2023-01-22T16:10:36.204+01:00  INFO 5507 --- [ool-3-thread-54] tourGuide.service.RewardsService         : getDistance called
2023-01-22T16:10:36.204+01:00  INFO 5507 --- [ool-3-thread-54] tourGuide.service.RewardsService         : nearAttraction called with Texas Memorial Stadium
2023-01-22T16:10:36.204+01:00  INFO 5507 --- [ool-3-thread-54] tourGuide.service.RewardsService         : getDistance called
2023-01-22T16:10:36.204+01:00  INFO 5507 --- [ool-3-thread-54] tourGuide.service.RewardsService         : nearAttraction called with Bryant-Denny Stadium
2023-01-22T16:10:36.204+01:00  INFO 5507 --- [ool-3-thread-54] tourGuide.service.RewardsService         : getDistance called
2023-01-22T16:10:36.204+01:00  INFO 5507 --- [ool-3-thread-54] tourGuide.service.RewardsService         : nearAttraction called with Tiger Stadium
2023-01-22T16:10:36.204+01:00  INFO 5507 --- [ool-3-thread-54] tourGuide.service.RewardsService         : getDistance called
2023-01-22T16:10:36.204+01:00  INFO 5507 --- [ool-3-thread-54] tourGuide.service.RewardsService         : nearAttraction called with Neyland Stadium
2023-01-22T16:10:36.204+01:00  INFO 5507 --- [ool-3-thread-54] tourGuide.service.RewardsService         : getDistance called
2023-01-22T16:10:36.204+01:00  INFO 5507 --- [ool-3-thread-54] tourGuide.service.RewardsService         : nearAttraction called with Kyle Field
2023-01-22T16:10:36.204+01:00  INFO 5507 --- [ool-3-thread-54] tourGuide.service.RewardsService         : getDistance called
2023-01-22T16:10:36.204+01:00  INFO 5507 --- [ool-3-thread-54] tourGuide.service.RewardsService         : nearAttraction called with San Diego Zoo
2023-01-22T16:10:36.204+01:00  INFO 5507 --- [ool-3-thread-54] tourGuide.service.RewardsService         : getDistance called
2023-01-22T16:10:36.204+01:00  INFO 5507 --- [ool-3-thread-54] tourGuide.service.RewardsService         : nearAttraction called with Zoo Tampa at Lowry Park
2023-01-22T16:10:36.204+01:00  INFO 5507 --- [ool-3-thread-54] tourGuide.service.RewardsService         : getDistance called
2023-01-22T16:10:36.204+01:00  INFO 5507 --- [ool-3-thread-54] tourGuide.service.RewardsService         : nearAttraction called with Franklin Park Zoo
2023-01-22T16:10:36.204+01:00  INFO 5507 --- [ool-3-thread-54] tourGuide.service.RewardsService         : getDistance called
2023-01-22T16:10:36.205+01:00  INFO 5507 --- [ool-3-thread-54] tourGuide.service.RewardsService         : nearAttraction called with El Paso Zoo
2023-01-22T16:10:36.205+01:00  INFO 5507 --- [ool-3-thread-54] tourGuide.service.RewardsService         : getDistance called
2023-01-22T16:10:36.205+01:00  INFO 5507 --- [ool-3-thread-54] tourGuide.service.RewardsService         : nearAttraction called with Kansas City Zoo
2023-01-22T16:10:36.205+01:00  INFO 5507 --- [ool-3-thread-54] tourGuide.service.RewardsService         : getDistance called
2023-01-22T16:10:36.205+01:00  INFO 5507 --- [ool-3-thread-54] tourGuide.service.RewardsService         : nearAttraction called with Bronx Zoo
2023-01-22T16:10:36.205+01:00  INFO 5507 --- [ool-3-thread-54] tourGuide.service.RewardsService         : getDistance called
2023-01-22T16:10:36.205+01:00  INFO 5507 --- [ool-3-thread-54] tourGuide.service.RewardsService         : nearAttraction called with Cinderella Castle
2023-01-22T16:10:36.205+01:00  INFO 5507 --- [ool-3-thread-54] tourGuide.service.RewardsService         : getDistance called
2023-01-22T16:10:36.205+01:00  INFO 5507 --- [ool-3-thread-54] tourGuide.service.RewardsService         : nearAttraction called with Disneyland
2023-01-22T16:10:36.205+01:00  INFO 5507 --- [ool-3-thread-54] tourGuide.service.RewardsService         : getDistance called
2023-01-22T16:10:36.205+01:00  INFO 5507 --- [ool-3-thread-54] tourGuide.service.RewardsService         : getRewardPoints called with Disneyland and internalUser69
2023-01-22T16:10:36.219+01:00  INFO 5507 --- [ool-3-thread-39] tourGuide.service.RewardsService         : Rewards of internalUser92 calculated by calculateRewards
2023-01-22T16:10:36.219+01:00  INFO 5507 --- [ool-3-thread-23] tourGuide.service.RewardsService         : Rewards of internalUser43 calculated by calculateRewards
2023-01-22T16:10:36.219+01:00  INFO 5507 --- [ool-3-thread-39] tourGuide.service.RewardsService         : nearAttraction called with Jackson Hole
2023-01-22T16:10:36.219+01:00  INFO 5507 --- [ool-3-thread-23] tourGuide.service.RewardsService         : nearAttraction called with Mojave National Preserve
2023-01-22T16:10:36.219+01:00  INFO 5507 --- [ool-3-thread-39] tourGuide.service.RewardsService         : getDistance called
2023-01-22T16:10:36.219+01:00  INFO 5507 --- [ool-3-thread-23] tourGuide.service.RewardsService         : getDistance called
2023-01-22T16:10:36.219+01:00  INFO 5507 --- [ool-3-thread-39] tourGuide.service.RewardsService         : nearAttraction called with Joshua Tree National Park
2023-01-22T16:10:36.219+01:00  INFO 5507 --- [ool-3-thread-23] tourGuide.service.RewardsService         : nearAttraction called with Buffalo National River
2023-01-22T16:10:36.219+01:00  INFO 5507 --- [ool-3-thread-39] tourGuide.service.RewardsService         : getDistance called
2023-01-22T16:10:36.219+01:00  INFO 5507 --- [ool-3-thread-23] tourGuide.service.RewardsService         : getDistance called
2023-01-22T16:10:36.219+01:00  INFO 5507 --- [ool-3-thread-39] tourGuide.service.RewardsService         : nearAttraction called with Hot Springs National Park
2023-01-22T16:10:36.219+01:00  INFO 5507 --- [ool-3-thread-23] tourGuide.service.RewardsService         : nearAttraction called with Kartchner Caverns State Park
2023-01-22T16:10:36.219+01:00  INFO 5507 --- [ool-3-thread-39] tourGuide.service.RewardsService         : getDistance called
2023-01-22T16:10:36.219+01:00  INFO 5507 --- [ool-3-thread-23] tourGuide.service.RewardsService         : getDistance called
2023-01-22T16:10:36.219+01:00  INFO 5507 --- [ool-3-thread-39] tourGuide.service.RewardsService         : nearAttraction called with Legend Valley
2023-01-22T16:10:36.219+01:00  INFO 5507 --- [ool-3-thread-39] tourGuide.service.RewardsService         : getDistance called
2023-01-22T16:10:36.219+01:00  INFO 5507 --- [ool-3-thread-23] tourGuide.service.RewardsService         : nearAttraction called with Flowers Bakery of London
2023-01-22T16:10:36.219+01:00  INFO 5507 --- [ool-3-thread-39] tourGuide.service.RewardsService         : nearAttraction called with McKinley Tower
2023-01-22T16:10:36.219+01:00  INFO 5507 --- [ool-3-thread-23] tourGuide.service.RewardsService         : getDistance called
2023-01-22T16:10:36.219+01:00  INFO 5507 --- [ool-3-thread-39] tourGuide.service.RewardsService         : getDistance called
2023-01-22T16:10:36.219+01:00  INFO 5507 --- [ool-3-thread-23] tourGuide.service.RewardsService         : nearAttraction called with Flatiron Building
2023-01-22T16:10:36.219+01:00  INFO 5507 --- [ool-3-thread-39] tourGuide.service.RewardsService         : nearAttraction called with Fallingwater
2023-01-22T16:10:36.219+01:00  INFO 5507 --- [ool-3-thread-23] tourGuide.service.RewardsService         : getDistance called
2023-01-22T16:10:36.219+01:00  INFO 5507 --- [ool-3-thread-39] tourGuide.service.RewardsService         : getDistance called
2023-01-22T16:10:36.219+01:00  INFO 5507 --- [ool-3-thread-23] tourGuide.service.RewardsService         : nearAttraction called with Union Station
2023-01-22T16:10:36.219+01:00  INFO 5507 --- [ool-3-thread-39] tourGuide.service.RewardsService         : nearAttraction called with Roger Dean Stadium
2023-01-22T16:10:36.219+01:00  INFO 5507 --- [ool-3-thread-23] tourGuide.service.RewardsService         : getDistance called
2023-01-22T16:10:36.219+01:00  INFO 5507 --- [ool-3-thread-39] tourGuide.service.RewardsService         : getDistance called
2023-01-22T16:10:36.219+01:00  INFO 5507 --- [ool-3-thread-23] tourGuide.service.RewardsService         : nearAttraction called with Texas Memorial Stadium
2023-01-22T16:10:36.219+01:00  INFO 5507 --- [ool-3-thread-23] tourGuide.service.RewardsService         : getDistance called
2023-01-22T16:10:36.219+01:00  INFO 5507 --- [ool-3-thread-39] tourGuide.service.RewardsService         : nearAttraction called with Bryant-Denny Stadium
2023-01-22T16:10:36.219+01:00  INFO 5507 --- [ool-3-thread-23] tourGuide.service.RewardsService         : nearAttraction called with Tiger Stadium
2023-01-22T16:10:36.219+01:00  INFO 5507 --- [ool-3-thread-39] tourGuide.service.RewardsService         : getDistance called
2023-01-22T16:10:36.219+01:00  INFO 5507 --- [ool-3-thread-23] tourGuide.service.RewardsService         : getDistance called
2023-01-22T16:10:36.219+01:00  INFO 5507 --- [ool-3-thread-39] tourGuide.service.RewardsService         : nearAttraction called with Neyland Stadium
2023-01-22T16:10:36.219+01:00  INFO 5507 --- [ool-3-thread-23] tourGuide.service.RewardsService         : nearAttraction called with Kyle Field
2023-01-22T16:10:36.219+01:00  INFO 5507 --- [ool-3-thread-39] tourGuide.service.RewardsService         : getDistance called
2023-01-22T16:10:36.219+01:00  INFO 5507 --- [ool-3-thread-23] tourGuide.service.RewardsService         : getDistance called
2023-01-22T16:10:36.219+01:00  INFO 5507 --- [ool-3-thread-39] tourGuide.service.RewardsService         : nearAttraction called with San Diego Zoo
2023-01-22T16:10:36.219+01:00  INFO 5507 --- [ool-3-thread-23] tourGuide.service.RewardsService         : nearAttraction called with Zoo Tampa at Lowry Park
2023-01-22T16:10:36.219+01:00  INFO 5507 --- [ool-3-thread-39] tourGuide.service.RewardsService         : getDistance called
2023-01-22T16:10:36.219+01:00  INFO 5507 --- [ool-3-thread-23] tourGuide.service.RewardsService         : getDistance called
2023-01-22T16:10:36.219+01:00  INFO 5507 --- [ool-3-thread-39] tourGuide.service.RewardsService         : nearAttraction called with Franklin Park Zoo
2023-01-22T16:10:36.219+01:00  INFO 5507 --- [ool-3-thread-23] tourGuide.service.RewardsService         : nearAttraction called with El Paso Zoo
2023-01-22T16:10:36.219+01:00  INFO 5507 --- [ool-3-thread-39] tourGuide.service.RewardsService         : getDistance called
2023-01-22T16:10:36.219+01:00  INFO 5507 --- [ool-3-thread-23] tourGuide.service.RewardsService         : getDistance called
2023-01-22T16:10:36.220+01:00  INFO 5507 --- [ool-3-thread-39] tourGuide.service.RewardsService         : nearAttraction called with Kansas City Zoo
2023-01-22T16:10:36.220+01:00  INFO 5507 --- [ool-3-thread-23] tourGuide.service.RewardsService         : nearAttraction called with Bronx Zoo
2023-01-22T16:10:36.220+01:00  INFO 5507 --- [ool-3-thread-39] tourGuide.service.RewardsService         : getDistance called
2023-01-22T16:10:36.220+01:00  INFO 5507 --- [ool-3-thread-23] tourGuide.service.RewardsService         : getDistance called
2023-01-22T16:10:36.220+01:00  INFO 5507 --- [ool-3-thread-39] tourGuide.service.RewardsService         : nearAttraction called with Cinderella Castle
2023-01-22T16:10:36.220+01:00  INFO 5507 --- [ool-3-thread-23] tourGuide.service.RewardsService         : nearAttraction called with Disneyland
2023-01-22T16:10:36.220+01:00  INFO 5507 --- [ool-3-thread-39] tourGuide.service.RewardsService         : getDistance called
2023-01-22T16:10:36.220+01:00  INFO 5507 --- [ool-3-thread-23] tourGuide.service.RewardsService         : getDistance called
2023-01-22T16:10:36.220+01:00  INFO 5507 --- [ool-3-thread-39] tourGuide.service.RewardsService         : nearAttraction called with Jackson Hole
2023-01-22T16:10:36.220+01:00  INFO 5507 --- [ool-3-thread-39] tourGuide.service.RewardsService         : getDistance called
2023-01-22T16:10:36.220+01:00  INFO 5507 --- [ool-3-thread-23] tourGuide.service.RewardsService         : getRewardPoints called with Disneyland and internalUser68
2023-01-22T16:10:36.220+01:00  INFO 5507 --- [ool-3-thread-39] tourGuide.service.RewardsService         : nearAttraction called with Mojave National Preserve
2023-01-22T16:10:36.220+01:00  INFO 5507 --- [ool-3-thread-39] tourGuide.service.RewardsService         : getDistance called
2023-01-22T16:10:36.220+01:00  INFO 5507 --- [ool-3-thread-39] tourGuide.service.RewardsService         : nearAttraction called with Joshua Tree National Park
2023-01-22T16:10:36.220+01:00  INFO 5507 --- [ool-3-thread-39] tourGuide.service.RewardsService         : getDistance called
2023-01-22T16:10:36.220+01:00  INFO 5507 --- [ool-3-thread-39] tourGuide.service.RewardsService         : nearAttraction called with Buffalo National River
2023-01-22T16:10:36.220+01:00  INFO 5507 --- [ool-3-thread-39] tourGuide.service.RewardsService         : getDistance called
2023-01-22T16:10:36.220+01:00  INFO 5507 --- [ool-3-thread-39] tourGuide.service.RewardsService         : nearAttraction called with Hot Springs National Park
2023-01-22T16:10:36.220+01:00  INFO 5507 --- [ool-3-thread-39] tourGuide.service.RewardsService         : getDistance called
2023-01-22T16:10:36.220+01:00  INFO 5507 --- [ool-3-thread-39] tourGuide.service.RewardsService         : nearAttraction called with Kartchner Caverns State Park
2023-01-22T16:10:36.220+01:00  INFO 5507 --- [ool-3-thread-39] tourGuide.service.RewardsService         : getDistance called
2023-01-22T16:10:36.220+01:00  INFO 5507 --- [ool-3-thread-39] tourGuide.service.RewardsService         : nearAttraction called with Legend Valley
2023-01-22T16:10:36.220+01:00  INFO 5507 --- [ool-3-thread-39] tourGuide.service.RewardsService         : getDistance called
2023-01-22T16:10:36.220+01:00  INFO 5507 --- [ool-3-thread-39] tourGuide.service.RewardsService         : nearAttraction called with Flowers Bakery of London
2023-01-22T16:10:36.220+01:00  INFO 5507 --- [ool-3-thread-39] tourGuide.service.RewardsService         : getDistance called
2023-01-22T16:10:36.220+01:00  INFO 5507 --- [ool-3-thread-39] tourGuide.service.RewardsService         : nearAttraction called with McKinley Tower
2023-01-22T16:10:36.220+01:00  INFO 5507 --- [ool-3-thread-39] tourGuide.service.RewardsService         : getDistance called
2023-01-22T16:10:36.220+01:00  INFO 5507 --- [ool-3-thread-39] tourGuide.service.RewardsService         : nearAttraction called with Flatiron Building
2023-01-22T16:10:36.220+01:00  INFO 5507 --- [ool-3-thread-39] tourGuide.service.RewardsService         : getDistance called
2023-01-22T16:10:36.220+01:00  INFO 5507 --- [ool-3-thread-39] tourGuide.service.RewardsService         : nearAttraction called with Fallingwater
2023-01-22T16:10:36.220+01:00  INFO 5507 --- [ool-3-thread-39] tourGuide.service.RewardsService         : getDistance called
2023-01-22T16:10:36.220+01:00  INFO 5507 --- [ool-3-thread-39] tourGuide.service.RewardsService         : nearAttraction called with Union Station
2023-01-22T16:10:36.220+01:00  INFO 5507 --- [ool-3-thread-39] tourGuide.service.RewardsService         : getDistance called
2023-01-22T16:10:36.220+01:00  INFO 5507 --- [ool-3-thread-39] tourGuide.service.RewardsService         : nearAttraction called with Roger Dean Stadium
2023-01-22T16:10:36.220+01:00  INFO 5507 --- [ool-3-thread-39] tourGuide.service.RewardsService         : getDistance called
2023-01-22T16:10:36.220+01:00  INFO 5507 --- [ool-3-thread-39] tourGuide.service.RewardsService         : nearAttraction called with Texas Memorial Stadium
2023-01-22T16:10:36.220+01:00  INFO 5507 --- [ool-3-thread-39] tourGuide.service.RewardsService         : getDistance called
2023-01-22T16:10:36.220+01:00  INFO 5507 --- [ool-3-thread-39] tourGuide.service.RewardsService         : nearAttraction called with Bryant-Denny Stadium
2023-01-22T16:10:36.220+01:00  INFO 5507 --- [ool-3-thread-39] tourGuide.service.RewardsService         : getDistance called
2023-01-22T16:10:36.220+01:00  INFO 5507 --- [ool-3-thread-39] tourGuide.service.RewardsService         : nearAttraction called with Tiger Stadium
2023-01-22T16:10:36.220+01:00  INFO 5507 --- [ool-3-thread-39] tourGuide.service.RewardsService         : getDistance called
2023-01-22T16:10:36.220+01:00  INFO 5507 --- [ool-3-thread-39] tourGuide.service.RewardsService         : nearAttraction called with Neyland Stadium
2023-01-22T16:10:36.220+01:00  INFO 5507 --- [ool-3-thread-39] tourGuide.service.RewardsService         : getDistance called
2023-01-22T16:10:36.220+01:00  INFO 5507 --- [ool-3-thread-39] tourGuide.service.RewardsService         : nearAttraction called with Kyle Field
2023-01-22T16:10:36.220+01:00  INFO 5507 --- [ool-3-thread-39] tourGuide.service.RewardsService         : getDistance called
2023-01-22T16:10:36.220+01:00  INFO 5507 --- [ool-3-thread-39] tourGuide.service.RewardsService         : nearAttraction called with San Diego Zoo
2023-01-22T16:10:36.220+01:00  INFO 5507 --- [ool-3-thread-39] tourGuide.service.RewardsService         : getDistance called
2023-01-22T16:10:36.220+01:00  INFO 5507 --- [ool-3-thread-39] tourGuide.service.RewardsService         : nearAttraction called with Zoo Tampa at Lowry Park
2023-01-22T16:10:36.220+01:00  INFO 5507 --- [ool-3-thread-39] tourGuide.service.RewardsService         : getDistance called
2023-01-22T16:10:36.220+01:00  INFO 5507 --- [ool-3-thread-39] tourGuide.service.RewardsService         : nearAttraction called with Franklin Park Zoo
2023-01-22T16:10:36.220+01:00  INFO 5507 --- [ool-3-thread-39] tourGuide.service.RewardsService         : getDistance called
2023-01-22T16:10:36.221+01:00  INFO 5507 --- [ool-3-thread-39] tourGuide.service.RewardsService         : nearAttraction called with El Paso Zoo
2023-01-22T16:10:36.221+01:00  INFO 5507 --- [ool-3-thread-39] tourGuide.service.RewardsService         : getDistance called
2023-01-22T16:10:36.221+01:00  INFO 5507 --- [ool-3-thread-39] tourGuide.service.RewardsService         : nearAttraction called with Disneyland
2023-01-22T16:10:36.221+01:00  INFO 5507 --- [ool-3-thread-39] tourGuide.service.RewardsService         : getDistance called
2023-01-22T16:10:36.221+01:00  INFO 5507 --- [ool-3-thread-39] tourGuide.service.RewardsService         : getRewardPoints called with Disneyland and internalUser63
2023-01-22T16:10:36.226+01:00  INFO 5507 --- [pool-3-thread-4] tourGuide.service.RewardsService         : Rewards of internalUser46 calculated by calculateRewards
2023-01-22T16:10:36.227+01:00  INFO 5507 --- [pool-3-thread-4] tourGuide.service.RewardsService         : nearAttraction called with Kansas City Zoo
2023-01-22T16:10:36.227+01:00  INFO 5507 --- [pool-3-thread-4] tourGuide.service.RewardsService         : getDistance called
2023-01-22T16:10:36.227+01:00  INFO 5507 --- [pool-3-thread-4] tourGuide.service.RewardsService         : nearAttraction called with Bronx Zoo
2023-01-22T16:10:36.227+01:00  INFO 5507 --- [pool-3-thread-4] tourGuide.service.RewardsService         : getDistance called
2023-01-22T16:10:36.227+01:00  INFO 5507 --- [pool-3-thread-4] tourGuide.service.RewardsService         : nearAttraction called with Jackson Hole
2023-01-22T16:10:36.227+01:00  INFO 5507 --- [pool-3-thread-4] tourGuide.service.RewardsService         : getDistance called
2023-01-22T16:10:36.227+01:00  INFO 5507 --- [pool-3-thread-4] tourGuide.service.RewardsService         : nearAttraction called with Cinderella Castle
2023-01-22T16:10:36.227+01:00  INFO 5507 --- [pool-3-thread-4] tourGuide.service.RewardsService         : getDistance called
2023-01-22T16:10:36.227+01:00  INFO 5507 --- [pool-3-thread-4] tourGuide.service.RewardsService         : nearAttraction called with Mojave National Preserve
2023-01-22T16:10:36.227+01:00  INFO 5507 --- [pool-3-thread-4] tourGuide.service.RewardsService         : getDistance called
2023-01-22T16:10:36.227+01:00  INFO 5507 --- [pool-3-thread-4] tourGuide.service.RewardsService         : nearAttraction called with Joshua Tree National Park
2023-01-22T16:10:36.227+01:00  INFO 5507 --- [pool-3-thread-4] tourGuide.service.RewardsService         : getDistance called
2023-01-22T16:10:36.227+01:00  INFO 5507 --- [pool-3-thread-4] tourGuide.service.RewardsService         : nearAttraction called with Buffalo National River
2023-01-22T16:10:36.227+01:00  INFO 5507 --- [pool-3-thread-4] tourGuide.service.RewardsService         : getDistance called
2023-01-22T16:10:36.227+01:00  INFO 5507 --- [pool-3-thread-4] tourGuide.service.RewardsService         : nearAttraction called with Hot Springs National Park
2023-01-22T16:10:36.227+01:00  INFO 5507 --- [pool-3-thread-4] tourGuide.service.RewardsService         : getDistance called
2023-01-22T16:10:36.227+01:00  INFO 5507 --- [pool-3-thread-4] tourGuide.service.RewardsService         : nearAttraction called with Kartchner Caverns State Park
2023-01-22T16:10:36.227+01:00  INFO 5507 --- [pool-3-thread-4] tourGuide.service.RewardsService         : getDistance called
2023-01-22T16:10:36.227+01:00  INFO 5507 --- [pool-3-thread-4] tourGuide.service.RewardsService         : nearAttraction called with Legend Valley
2023-01-22T16:10:36.227+01:00  INFO 5507 --- [pool-3-thread-4] tourGuide.service.RewardsService         : getDistance called
2023-01-22T16:10:36.227+01:00  INFO 5507 --- [pool-3-thread-4] tourGuide.service.RewardsService         : nearAttraction called with Flowers Bakery of London
2023-01-22T16:10:36.227+01:00  INFO 5507 --- [pool-3-thread-4] tourGuide.service.RewardsService         : getDistance called
2023-01-22T16:10:36.227+01:00  INFO 5507 --- [pool-3-thread-4] tourGuide.service.RewardsService         : nearAttraction called with McKinley Tower
2023-01-22T16:10:36.227+01:00  INFO 5507 --- [pool-3-thread-4] tourGuide.service.RewardsService         : getDistance called
2023-01-22T16:10:36.227+01:00  INFO 5507 --- [pool-3-thread-4] tourGuide.service.RewardsService         : nearAttraction called with Flatiron Building
2023-01-22T16:10:36.227+01:00  INFO 5507 --- [pool-3-thread-4] tourGuide.service.RewardsService         : getDistance called
2023-01-22T16:10:36.227+01:00  INFO 5507 --- [pool-3-thread-4] tourGuide.service.RewardsService         : nearAttraction called with Fallingwater
2023-01-22T16:10:36.227+01:00  INFO 5507 --- [pool-3-thread-4] tourGuide.service.RewardsService         : getDistance called
2023-01-22T16:10:36.227+01:00  INFO 5507 --- [pool-3-thread-4] tourGuide.service.RewardsService         : nearAttraction called with Union Station
2023-01-22T16:10:36.227+01:00  INFO 5507 --- [pool-3-thread-4] tourGuide.service.RewardsService         : getDistance called
2023-01-22T16:10:36.227+01:00  INFO 5507 --- [pool-3-thread-4] tourGuide.service.RewardsService         : nearAttraction called with Roger Dean Stadium
2023-01-22T16:10:36.227+01:00  INFO 5507 --- [pool-3-thread-4] tourGuide.service.RewardsService         : getDistance called
2023-01-22T16:10:36.227+01:00  INFO 5507 --- [pool-3-thread-4] tourGuide.service.RewardsService         : nearAttraction called with Texas Memorial Stadium
2023-01-22T16:10:36.227+01:00  INFO 5507 --- [pool-3-thread-4] tourGuide.service.RewardsService         : getDistance called
2023-01-22T16:10:36.227+01:00  INFO 5507 --- [pool-3-thread-4] tourGuide.service.RewardsService         : nearAttraction called with Bryant-Denny Stadium
2023-01-22T16:10:36.227+01:00  INFO 5507 --- [pool-3-thread-4] tourGuide.service.RewardsService         : getDistance called
2023-01-22T16:10:36.227+01:00  INFO 5507 --- [pool-3-thread-4] tourGuide.service.RewardsService         : nearAttraction called with Tiger Stadium
2023-01-22T16:10:36.228+01:00  INFO 5507 --- [pool-3-thread-4] tourGuide.service.RewardsService         : getDistance called
2023-01-22T16:10:36.228+01:00  INFO 5507 --- [pool-3-thread-4] tourGuide.service.RewardsService         : nearAttraction called with Neyland Stadium
2023-01-22T16:10:36.228+01:00  INFO 5507 --- [pool-3-thread-4] tourGuide.service.RewardsService         : getDistance called
2023-01-22T16:10:36.228+01:00  INFO 5507 --- [pool-3-thread-4] tourGuide.service.RewardsService         : nearAttraction called with Kyle Field
2023-01-22T16:10:36.228+01:00  INFO 5507 --- [pool-3-thread-4] tourGuide.service.RewardsService         : getDistance called
2023-01-22T16:10:36.228+01:00  INFO 5507 --- [pool-3-thread-4] tourGuide.service.RewardsService         : nearAttraction called with San Diego Zoo
2023-01-22T16:10:36.228+01:00  INFO 5507 --- [pool-3-thread-4] tourGuide.service.RewardsService         : getDistance called
2023-01-22T16:10:36.228+01:00  INFO 5507 --- [pool-3-thread-4] tourGuide.service.RewardsService         : nearAttraction called with Zoo Tampa at Lowry Park
2023-01-22T16:10:36.228+01:00  INFO 5507 --- [pool-3-thread-4] tourGuide.service.RewardsService         : getDistance called
2023-01-22T16:10:36.228+01:00  INFO 5507 --- [pool-3-thread-4] tourGuide.service.RewardsService         : nearAttraction called with Franklin Park Zoo
2023-01-22T16:10:36.228+01:00  INFO 5507 --- [pool-3-thread-4] tourGuide.service.RewardsService         : getDistance called
2023-01-22T16:10:36.228+01:00  INFO 5507 --- [pool-3-thread-4] tourGuide.service.RewardsService         : nearAttraction called with El Paso Zoo
2023-01-22T16:10:36.228+01:00  INFO 5507 --- [pool-3-thread-4] tourGuide.service.RewardsService         : getDistance called
2023-01-22T16:10:36.228+01:00  INFO 5507 --- [pool-3-thread-4] tourGuide.service.RewardsService         : nearAttraction called with Kansas City Zoo
2023-01-22T16:10:36.228+01:00  INFO 5507 --- [pool-3-thread-4] tourGuide.service.RewardsService         : getDistance called
2023-01-22T16:10:36.228+01:00  INFO 5507 --- [pool-3-thread-4] tourGuide.service.RewardsService         : nearAttraction called with Bronx Zoo
2023-01-22T16:10:36.228+01:00  INFO 5507 --- [pool-3-thread-4] tourGuide.service.RewardsService         : getDistance called
2023-01-22T16:10:36.228+01:00  INFO 5507 --- [pool-3-thread-4] tourGuide.service.RewardsService         : nearAttraction called with Cinderella Castle
2023-01-22T16:10:36.228+01:00  INFO 5507 --- [pool-3-thread-4] tourGuide.service.RewardsService         : getDistance called
2023-01-22T16:10:36.228+01:00  INFO 5507 --- [pool-3-thread-4] tourGuide.service.RewardsService         : nearAttraction called with Disneyland
2023-01-22T16:10:36.228+01:00  INFO 5507 --- [pool-3-thread-4] tourGuide.service.RewardsService         : getDistance called
2023-01-22T16:10:36.228+01:00  INFO 5507 --- [pool-3-thread-4] tourGuide.service.RewardsService         : getRewardPoints called with Disneyland and internalUser62
2023-01-22T16:10:36.231+01:00  INFO 5507 --- [ool-3-thread-33] tourGuide.service.RewardsService         : Rewards of internalUser13 calculated by calculateRewards
2023-01-22T16:10:36.231+01:00  INFO 5507 --- [ool-3-thread-33] tourGuide.service.RewardsService         : nearAttraction called with Jackson Hole
2023-01-22T16:10:36.231+01:00  INFO 5507 --- [ool-3-thread-33] tourGuide.service.RewardsService         : getDistance called
2023-01-22T16:10:36.231+01:00  INFO 5507 --- [ool-3-thread-33] tourGuide.service.RewardsService         : nearAttraction called with Mojave National Preserve
2023-01-22T16:10:36.231+01:00  INFO 5507 --- [ool-3-thread-33] tourGuide.service.RewardsService         : getDistance called
2023-01-22T16:10:36.231+01:00  INFO 5507 --- [ool-3-thread-33] tourGuide.service.RewardsService         : nearAttraction called with Joshua Tree National Park
2023-01-22T16:10:36.231+01:00  INFO 5507 --- [ool-3-thread-33] tourGuide.service.RewardsService         : getDistance called
2023-01-22T16:10:36.231+01:00  INFO 5507 --- [ool-3-thread-33] tourGuide.service.RewardsService         : nearAttraction called with Buffalo National River
2023-01-22T16:10:36.231+01:00  INFO 5507 --- [ool-3-thread-33] tourGuide.service.RewardsService         : getDistance called
2023-01-22T16:10:36.231+01:00  INFO 5507 --- [ool-3-thread-33] tourGuide.service.RewardsService         : nearAttraction called with Hot Springs National Park
2023-01-22T16:10:36.231+01:00  INFO 5507 --- [ool-3-thread-33] tourGuide.service.RewardsService         : getDistance called
2023-01-22T16:10:36.231+01:00  INFO 5507 --- [ool-3-thread-33] tourGuide.service.RewardsService         : nearAttraction called with Kartchner Caverns State Park
2023-01-22T16:10:36.231+01:00  INFO 5507 --- [ool-3-thread-33] tourGuide.service.RewardsService         : getDistance called
2023-01-22T16:10:36.231+01:00  INFO 5507 --- [ool-3-thread-33] tourGuide.service.RewardsService         : nearAttraction called with Legend Valley
2023-01-22T16:10:36.231+01:00  INFO 5507 --- [ool-3-thread-33] tourGuide.service.RewardsService         : getDistance called
2023-01-22T16:10:36.231+01:00  INFO 5507 --- [ool-3-thread-33] tourGuide.service.RewardsService         : nearAttraction called with Flowers Bakery of London
2023-01-22T16:10:36.231+01:00  INFO 5507 --- [ool-3-thread-33] tourGuide.service.RewardsService         : getDistance called
2023-01-22T16:10:36.231+01:00  INFO 5507 --- [ool-3-thread-33] tourGuide.service.RewardsService         : nearAttraction called with McKinley Tower
2023-01-22T16:10:36.231+01:00  INFO 5507 --- [ool-3-thread-33] tourGuide.service.RewardsService         : getDistance called
2023-01-22T16:10:36.231+01:00  INFO 5507 --- [ool-3-thread-33] tourGuide.service.RewardsService         : nearAttraction called with Flatiron Building
2023-01-22T16:10:36.232+01:00  INFO 5507 --- [ool-3-thread-33] tourGuide.service.RewardsService         : getDistance called
2023-01-22T16:10:36.232+01:00  INFO 5507 --- [ool-3-thread-33] tourGuide.service.RewardsService         : nearAttraction called with Fallingwater
2023-01-22T16:10:36.232+01:00  INFO 5507 --- [ool-3-thread-33] tourGuide.service.RewardsService         : getDistance called
2023-01-22T16:10:36.232+01:00  INFO 5507 --- [ool-3-thread-33] tourGuide.service.RewardsService         : nearAttraction called with Union Station
2023-01-22T16:10:36.232+01:00  INFO 5507 --- [ool-3-thread-33] tourGuide.service.RewardsService         : getDistance called
2023-01-22T16:10:36.232+01:00  INFO 5507 --- [ool-3-thread-33] tourGuide.service.RewardsService         : nearAttraction called with Roger Dean Stadium
2023-01-22T16:10:36.232+01:00  INFO 5507 --- [ool-3-thread-33] tourGuide.service.RewardsService         : getDistance called
2023-01-22T16:10:36.232+01:00  INFO 5507 --- [ool-3-thread-33] tourGuide.service.RewardsService         : nearAttraction called with Texas Memorial Stadium
2023-01-22T16:10:36.232+01:00  INFO 5507 --- [ool-3-thread-33] tourGuide.service.RewardsService         : getDistance called
2023-01-22T16:10:36.232+01:00  INFO 5507 --- [ool-3-thread-33] tourGuide.service.RewardsService         : nearAttraction called with Bryant-Denny Stadium
2023-01-22T16:10:36.232+01:00  INFO 5507 --- [ool-3-thread-33] tourGuide.service.RewardsService         : getDistance called
2023-01-22T16:10:36.232+01:00  INFO 5507 --- [ool-3-thread-33] tourGuide.service.RewardsService         : nearAttraction called with Tiger Stadium
2023-01-22T16:10:36.232+01:00  INFO 5507 --- [ool-3-thread-33] tourGuide.service.RewardsService         : getDistance called
2023-01-22T16:10:36.232+01:00  INFO 5507 --- [ool-3-thread-33] tourGuide.service.RewardsService         : nearAttraction called with Neyland Stadium
2023-01-22T16:10:36.232+01:00  INFO 5507 --- [ool-3-thread-33] tourGuide.service.RewardsService         : getDistance called
2023-01-22T16:10:36.232+01:00  INFO 5507 --- [ool-3-thread-33] tourGuide.service.RewardsService         : nearAttraction called with Kyle Field
2023-01-22T16:10:36.232+01:00  INFO 5507 --- [ool-3-thread-33] tourGuide.service.RewardsService         : getDistance called
2023-01-22T16:10:36.232+01:00  INFO 5507 --- [ool-3-thread-33] tourGuide.service.RewardsService         : nearAttraction called with San Diego Zoo
2023-01-22T16:10:36.232+01:00  INFO 5507 --- [ool-3-thread-33] tourGuide.service.RewardsService         : getDistance called
2023-01-22T16:10:36.232+01:00  INFO 5507 --- [ool-3-thread-33] tourGuide.service.RewardsService         : nearAttraction called with Zoo Tampa at Lowry Park
2023-01-22T16:10:36.232+01:00  INFO 5507 --- [ool-3-thread-33] tourGuide.service.RewardsService         : getDistance called
2023-01-22T16:10:36.232+01:00  INFO 5507 --- [ool-3-thread-33] tourGuide.service.RewardsService         : nearAttraction called with Franklin Park Zoo
2023-01-22T16:10:36.232+01:00  INFO 5507 --- [ool-3-thread-33] tourGuide.service.RewardsService         : getDistance called
2023-01-22T16:10:36.232+01:00  INFO 5507 --- [ool-3-thread-33] tourGuide.service.RewardsService         : nearAttraction called with El Paso Zoo
2023-01-22T16:10:36.232+01:00  INFO 5507 --- [ool-3-thread-33] tourGuide.service.RewardsService         : getDistance called
2023-01-22T16:10:36.232+01:00  INFO 5507 --- [ool-3-thread-33] tourGuide.service.RewardsService         : nearAttraction called with Kansas City Zoo
2023-01-22T16:10:36.232+01:00  INFO 5507 --- [ool-3-thread-33] tourGuide.service.RewardsService         : getDistance called
2023-01-22T16:10:36.232+01:00  INFO 5507 --- [ool-3-thread-33] tourGuide.service.RewardsService         : nearAttraction called with Bronx Zoo
2023-01-22T16:10:36.232+01:00  INFO 5507 --- [ool-3-thread-33] tourGuide.service.RewardsService         : getDistance called
2023-01-22T16:10:36.232+01:00  INFO 5507 --- [ool-3-thread-33] tourGuide.service.RewardsService         : nearAttraction called with Cinderella Castle
2023-01-22T16:10:36.232+01:00  INFO 5507 --- [ool-3-thread-33] tourGuide.service.RewardsService         : getDistance called
2023-01-22T16:10:36.232+01:00  INFO 5507 --- [ool-3-thread-33] tourGuide.service.RewardsService         : nearAttraction called with Disneyland
2023-01-22T16:10:36.232+01:00  INFO 5507 --- [ool-3-thread-33] tourGuide.service.RewardsService         : getDistance called
2023-01-22T16:10:36.232+01:00  INFO 5507 --- [ool-3-thread-33] tourGuide.service.RewardsService         : getRewardPoints called with Disneyland and internalUser65
2023-01-22T16:10:36.244+01:00  INFO 5507 --- [ool-3-thread-11] tourGuide.service.RewardsService         : Rewards of internalUser9 calculated by calculateRewards
2023-01-22T16:10:36.244+01:00  INFO 5507 --- [ool-3-thread-11] tourGuide.service.RewardsService         : nearAttraction called with Jackson Hole
2023-01-22T16:10:36.244+01:00  INFO 5507 --- [ool-3-thread-11] tourGuide.service.RewardsService         : getDistance called
2023-01-22T16:10:36.244+01:00  INFO 5507 --- [ool-3-thread-11] tourGuide.service.RewardsService         : nearAttraction called with Mojave National Preserve
2023-01-22T16:10:36.244+01:00  INFO 5507 --- [ool-3-thread-11] tourGuide.service.RewardsService         : getDistance called
2023-01-22T16:10:36.244+01:00  INFO 5507 --- [ool-3-thread-11] tourGuide.service.RewardsService         : nearAttraction called with Joshua Tree National Park
2023-01-22T16:10:36.244+01:00  INFO 5507 --- [ool-3-thread-11] tourGuide.service.RewardsService         : getDistance called
2023-01-22T16:10:36.244+01:00  INFO 5507 --- [ool-3-thread-11] tourGuide.service.RewardsService         : nearAttraction called with Buffalo National River
2023-01-22T16:10:36.244+01:00  INFO 5507 --- [ool-3-thread-11] tourGuide.service.RewardsService         : getDistance called
2023-01-22T16:10:36.244+01:00  INFO 5507 --- [ool-3-thread-11] tourGuide.service.RewardsService         : nearAttraction called with Hot Springs National Park
2023-01-22T16:10:36.244+01:00  INFO 5507 --- [ool-3-thread-11] tourGuide.service.RewardsService         : getDistance called
2023-01-22T16:10:36.244+01:00  INFO 5507 --- [ool-3-thread-11] tourGuide.service.RewardsService         : nearAttraction called with Kartchner Caverns State Park
2023-01-22T16:10:36.245+01:00  INFO 5507 --- [ool-3-thread-11] tourGuide.service.RewardsService         : getDistance called
2023-01-22T16:10:36.245+01:00  INFO 5507 --- [ool-3-thread-11] tourGuide.service.RewardsService         : nearAttraction called with Legend Valley
2023-01-22T16:10:36.245+01:00  INFO 5507 --- [ool-3-thread-11] tourGuide.service.RewardsService         : getDistance called
2023-01-22T16:10:36.245+01:00  INFO 5507 --- [ool-3-thread-11] tourGuide.service.RewardsService         : nearAttraction called with Flowers Bakery of London
2023-01-22T16:10:36.245+01:00  INFO 5507 --- [ool-3-thread-11] tourGuide.service.RewardsService         : getDistance called
2023-01-22T16:10:36.245+01:00  INFO 5507 --- [ool-3-thread-11] tourGuide.service.RewardsService         : nearAttraction called with McKinley Tower
2023-01-22T16:10:36.245+01:00  INFO 5507 --- [ool-3-thread-11] tourGuide.service.RewardsService         : getDistance called
2023-01-22T16:10:36.245+01:00  INFO 5507 --- [ool-3-thread-11] tourGuide.service.RewardsService         : nearAttraction called with Flatiron Building
2023-01-22T16:10:36.245+01:00  INFO 5507 --- [ool-3-thread-11] tourGuide.service.RewardsService         : getDistance called
2023-01-22T16:10:36.245+01:00  INFO 5507 --- [ool-3-thread-11] tourGuide.service.RewardsService         : nearAttraction called with Fallingwater
2023-01-22T16:10:36.245+01:00  INFO 5507 --- [ool-3-thread-11] tourGuide.service.RewardsService         : getDistance called
2023-01-22T16:10:36.245+01:00  INFO 5507 --- [ool-3-thread-11] tourGuide.service.RewardsService         : nearAttraction called with Union Station
2023-01-22T16:10:36.245+01:00  INFO 5507 --- [ool-3-thread-11] tourGuide.service.RewardsService         : getDistance called
2023-01-22T16:10:36.245+01:00  INFO 5507 --- [ool-3-thread-11] tourGuide.service.RewardsService         : nearAttraction called with Roger Dean Stadium
2023-01-22T16:10:36.245+01:00  INFO 5507 --- [ool-3-thread-11] tourGuide.service.RewardsService         : getDistance called
2023-01-22T16:10:36.245+01:00  INFO 5507 --- [ool-3-thread-11] tourGuide.service.RewardsService         : nearAttraction called with Texas Memorial Stadium
2023-01-22T16:10:36.245+01:00  INFO 5507 --- [ool-3-thread-11] tourGuide.service.RewardsService         : getDistance called
2023-01-22T16:10:36.245+01:00  INFO 5507 --- [ool-3-thread-11] tourGuide.service.RewardsService         : nearAttraction called with Bryant-Denny Stadium
2023-01-22T16:10:36.245+01:00  INFO 5507 --- [ool-3-thread-11] tourGuide.service.RewardsService         : getDistance called
2023-01-22T16:10:36.245+01:00  INFO 5507 --- [ool-3-thread-11] tourGuide.service.RewardsService         : nearAttraction called with Tiger Stadium
2023-01-22T16:10:36.245+01:00  INFO 5507 --- [ool-3-thread-11] tourGuide.service.RewardsService         : getDistance called
2023-01-22T16:10:36.245+01:00  INFO 5507 --- [ool-3-thread-11] tourGuide.service.RewardsService         : nearAttraction called with Neyland Stadium
2023-01-22T16:10:36.245+01:00  INFO 5507 --- [ool-3-thread-11] tourGuide.service.RewardsService         : getDistance called
2023-01-22T16:10:36.245+01:00  INFO 5507 --- [ool-3-thread-11] tourGuide.service.RewardsService         : nearAttraction called with Kyle Field
2023-01-22T16:10:36.245+01:00  INFO 5507 --- [ool-3-thread-11] tourGuide.service.RewardsService         : getDistance called
2023-01-22T16:10:36.245+01:00  INFO 5507 --- [ool-3-thread-11] tourGuide.service.RewardsService         : nearAttraction called with San Diego Zoo
2023-01-22T16:10:36.245+01:00  INFO 5507 --- [ool-3-thread-11] tourGuide.service.RewardsService         : getDistance called
2023-01-22T16:10:36.245+01:00  INFO 5507 --- [ool-3-thread-11] tourGuide.service.RewardsService         : nearAttraction called with Zoo Tampa at Lowry Park
2023-01-22T16:10:36.245+01:00  INFO 5507 --- [ool-3-thread-11] tourGuide.service.RewardsService         : getDistance called
2023-01-22T16:10:36.245+01:00  INFO 5507 --- [ool-3-thread-11] tourGuide.service.RewardsService         : nearAttraction called with Franklin Park Zoo
2023-01-22T16:10:36.245+01:00  INFO 5507 --- [ool-3-thread-11] tourGuide.service.RewardsService         : getDistance called
2023-01-22T16:10:36.245+01:00  INFO 5507 --- [ool-3-thread-11] tourGuide.service.RewardsService         : nearAttraction called with El Paso Zoo
2023-01-22T16:10:36.245+01:00  INFO 5507 --- [ool-3-thread-11] tourGuide.service.RewardsService         : getDistance called
2023-01-22T16:10:36.245+01:00  INFO 5507 --- [ool-3-thread-11] tourGuide.service.RewardsService         : nearAttraction called with Kansas City Zoo
2023-01-22T16:10:36.245+01:00  INFO 5507 --- [ool-3-thread-11] tourGuide.service.RewardsService         : getDistance called
2023-01-22T16:10:36.245+01:00  INFO 5507 --- [ool-3-thread-11] tourGuide.service.RewardsService         : nearAttraction called with Bronx Zoo
2023-01-22T16:10:36.245+01:00  INFO 5507 --- [ool-3-thread-11] tourGuide.service.RewardsService         : getDistance called
2023-01-22T16:10:36.245+01:00  INFO 5507 --- [ool-3-thread-11] tourGuide.service.RewardsService         : nearAttraction called with Cinderella Castle
2023-01-22T16:10:36.245+01:00  INFO 5507 --- [ool-3-thread-11] tourGuide.service.RewardsService         : getDistance called
2023-01-22T16:10:36.245+01:00  INFO 5507 --- [ool-3-thread-11] tourGuide.service.RewardsService         : nearAttraction called with Disneyland
2023-01-22T16:10:36.245+01:00  INFO 5507 --- [ool-3-thread-11] tourGuide.service.RewardsService         : getDistance called
2023-01-22T16:10:36.245+01:00  INFO 5507 --- [ool-3-thread-11] tourGuide.service.RewardsService         : getRewardPoints called with Disneyland and internalUser64
2023-01-22T16:10:36.253+01:00  INFO 5507 --- [ool-3-thread-14] tourGuide.service.RewardsService         : Rewards of internalUser40 calculated by calculateRewards
2023-01-22T16:10:36.253+01:00  INFO 5507 --- [ool-3-thread-14] tourGuide.service.RewardsService         : nearAttraction called with Jackson Hole
2023-01-22T16:10:36.254+01:00  INFO 5507 --- [ool-3-thread-14] tourGuide.service.RewardsService         : getDistance called
2023-01-22T16:10:36.254+01:00  INFO 5507 --- [ool-3-thread-14] tourGuide.service.RewardsService         : nearAttraction called with Mojave National Preserve
2023-01-22T16:10:36.254+01:00  INFO 5507 --- [ool-3-thread-14] tourGuide.service.RewardsService         : getDistance called
2023-01-22T16:10:36.254+01:00  INFO 5507 --- [ool-3-thread-14] tourGuide.service.RewardsService         : nearAttraction called with Joshua Tree National Park
2023-01-22T16:10:36.254+01:00  INFO 5507 --- [ool-3-thread-14] tourGuide.service.RewardsService         : getDistance called
2023-01-22T16:10:36.254+01:00  INFO 5507 --- [ool-3-thread-14] tourGuide.service.RewardsService         : nearAttraction called with Buffalo National River
2023-01-22T16:10:36.254+01:00  INFO 5507 --- [ool-3-thread-14] tourGuide.service.RewardsService         : getDistance called
2023-01-22T16:10:36.254+01:00  INFO 5507 --- [ool-3-thread-14] tourGuide.service.RewardsService         : nearAttraction called with Hot Springs National Park
2023-01-22T16:10:36.254+01:00  INFO 5507 --- [ool-3-thread-14] tourGuide.service.RewardsService         : getDistance called
2023-01-22T16:10:36.254+01:00  INFO 5507 --- [ool-3-thread-14] tourGuide.service.RewardsService         : nearAttraction called with Kartchner Caverns State Park
2023-01-22T16:10:36.254+01:00  INFO 5507 --- [ool-3-thread-14] tourGuide.service.RewardsService         : getDistance called
2023-01-22T16:10:36.254+01:00  INFO 5507 --- [ool-3-thread-14] tourGuide.service.RewardsService         : nearAttraction called with Legend Valley
2023-01-22T16:10:36.254+01:00  INFO 5507 --- [ool-3-thread-14] tourGuide.service.RewardsService         : getDistance called
2023-01-22T16:10:36.254+01:00  INFO 5507 --- [ool-3-thread-14] tourGuide.service.RewardsService         : nearAttraction called with Flowers Bakery of London
2023-01-22T16:10:36.254+01:00  INFO 5507 --- [ool-3-thread-14] tourGuide.service.RewardsService         : getDistance called
2023-01-22T16:10:36.254+01:00  INFO 5507 --- [ool-3-thread-14] tourGuide.service.RewardsService         : nearAttraction called with McKinley Tower
2023-01-22T16:10:36.254+01:00  INFO 5507 --- [ool-3-thread-14] tourGuide.service.RewardsService         : getDistance called
2023-01-22T16:10:36.254+01:00  INFO 5507 --- [ool-3-thread-14] tourGuide.service.RewardsService         : nearAttraction called with Flatiron Building
2023-01-22T16:10:36.254+01:00  INFO 5507 --- [ool-3-thread-14] tourGuide.service.RewardsService         : getDistance called
2023-01-22T16:10:36.254+01:00  INFO 5507 --- [ool-3-thread-14] tourGuide.service.RewardsService         : nearAttraction called with Fallingwater
2023-01-22T16:10:36.254+01:00  INFO 5507 --- [ool-3-thread-14] tourGuide.service.RewardsService         : getDistance called
2023-01-22T16:10:36.254+01:00  INFO 5507 --- [ool-3-thread-14] tourGuide.service.RewardsService         : nearAttraction called with Union Station
2023-01-22T16:10:36.254+01:00  INFO 5507 --- [ool-3-thread-14] tourGuide.service.RewardsService         : getDistance called
2023-01-22T16:10:36.254+01:00  INFO 5507 --- [ool-3-thread-14] tourGuide.service.RewardsService         : nearAttraction called with Roger Dean Stadium
2023-01-22T16:10:36.254+01:00  INFO 5507 --- [ool-3-thread-14] tourGuide.service.RewardsService         : getDistance called
2023-01-22T16:10:36.254+01:00  INFO 5507 --- [ool-3-thread-14] tourGuide.service.RewardsService         : nearAttraction called with Texas Memorial Stadium
2023-01-22T16:10:36.254+01:00  INFO 5507 --- [ool-3-thread-14] tourGuide.service.RewardsService         : getDistance called
2023-01-22T16:10:36.254+01:00  INFO 5507 --- [ool-3-thread-14] tourGuide.service.RewardsService         : nearAttraction called with Bryant-Denny Stadium
2023-01-22T16:10:36.254+01:00  INFO 5507 --- [ool-3-thread-14] tourGuide.service.RewardsService         : getDistance called
2023-01-22T16:10:36.254+01:00  INFO 5507 --- [ool-3-thread-14] tourGuide.service.RewardsService         : nearAttraction called with Tiger Stadium
2023-01-22T16:10:36.254+01:00  INFO 5507 --- [ool-3-thread-14] tourGuide.service.RewardsService         : getDistance called
2023-01-22T16:10:36.254+01:00  INFO 5507 --- [ool-3-thread-14] tourGuide.service.RewardsService         : nearAttraction called with Neyland Stadium
2023-01-22T16:10:36.254+01:00  INFO 5507 --- [ool-3-thread-14] tourGuide.service.RewardsService         : getDistance called
2023-01-22T16:10:36.254+01:00  INFO 5507 --- [ool-3-thread-14] tourGuide.service.RewardsService         : nearAttraction called with Kyle Field
2023-01-22T16:10:36.254+01:00  INFO 5507 --- [ool-3-thread-14] tourGuide.service.RewardsService         : getDistance called
2023-01-22T16:10:36.254+01:00  INFO 5507 --- [ool-3-thread-14] tourGuide.service.RewardsService         : nearAttraction called with San Diego Zoo
2023-01-22T16:10:36.254+01:00  INFO 5507 --- [ool-3-thread-14] tourGuide.service.RewardsService         : getDistance called
2023-01-22T16:10:36.254+01:00  INFO 5507 --- [ool-3-thread-14] tourGuide.service.RewardsService         : nearAttraction called with Zoo Tampa at Lowry Park
2023-01-22T16:10:36.254+01:00  INFO 5507 --- [ool-3-thread-14] tourGuide.service.RewardsService         : getDistance called
2023-01-22T16:10:36.254+01:00  INFO 5507 --- [ool-3-thread-14] tourGuide.service.RewardsService         : nearAttraction called with Franklin Park Zoo
2023-01-22T16:10:36.254+01:00  INFO 5507 --- [ool-3-thread-14] tourGuide.service.RewardsService         : getDistance called
2023-01-22T16:10:36.254+01:00  INFO 5507 --- [ool-3-thread-14] tourGuide.service.RewardsService         : nearAttraction called with El Paso Zoo
2023-01-22T16:10:36.254+01:00  INFO 5507 --- [ool-3-thread-14] tourGuide.service.RewardsService         : getDistance called
2023-01-22T16:10:36.254+01:00  INFO 5507 --- [ool-3-thread-14] tourGuide.service.RewardsService         : nearAttraction called with Kansas City Zoo
2023-01-22T16:10:36.254+01:00  INFO 5507 --- [ool-3-thread-14] tourGuide.service.RewardsService         : getDistance called
2023-01-22T16:10:36.254+01:00  INFO 5507 --- [ool-3-thread-14] tourGuide.service.RewardsService         : nearAttraction called with Bronx Zoo
2023-01-22T16:10:36.254+01:00  INFO 5507 --- [ool-3-thread-14] tourGuide.service.RewardsService         : getDistance called
2023-01-22T16:10:36.254+01:00  INFO 5507 --- [ool-3-thread-14] tourGuide.service.RewardsService         : nearAttraction called with Cinderella Castle
2023-01-22T16:10:36.254+01:00  INFO 5507 --- [ool-3-thread-14] tourGuide.service.RewardsService         : getDistance called
2023-01-22T16:10:36.254+01:00  INFO 5507 --- [ool-3-thread-14] tourGuide.service.RewardsService         : nearAttraction called with Disneyland
2023-01-22T16:10:36.254+01:00  INFO 5507 --- [ool-3-thread-14] tourGuide.service.RewardsService         : getDistance called
2023-01-22T16:10:36.254+01:00  INFO 5507 --- [ool-3-thread-14] tourGuide.service.RewardsService         : getRewardPoints called with Disneyland and internalUser61
2023-01-22T16:10:36.257+01:00  INFO 5507 --- [ool-3-thread-40] tourGuide.service.RewardsService         : Rewards of internalUser21 calculated by calculateRewards
2023-01-22T16:10:36.257+01:00  INFO 5507 --- [ool-3-thread-40] tourGuide.service.RewardsService         : nearAttraction called with Jackson Hole
2023-01-22T16:10:36.257+01:00  INFO 5507 --- [ool-3-thread-40] tourGuide.service.RewardsService         : getDistance called
2023-01-22T16:10:36.257+01:00  INFO 5507 --- [ool-3-thread-40] tourGuide.service.RewardsService         : nearAttraction called with Mojave National Preserve
2023-01-22T16:10:36.257+01:00  INFO 5507 --- [ool-3-thread-40] tourGuide.service.RewardsService         : getDistance called
2023-01-22T16:10:36.257+01:00  INFO 5507 --- [ool-3-thread-40] tourGuide.service.RewardsService         : nearAttraction called with Joshua Tree National Park
2023-01-22T16:10:36.257+01:00  INFO 5507 --- [ool-3-thread-40] tourGuide.service.RewardsService         : getDistance called
2023-01-22T16:10:36.257+01:00  INFO 5507 --- [ool-3-thread-40] tourGuide.service.RewardsService         : nearAttraction called with Buffalo National River
2023-01-22T16:10:36.257+01:00  INFO 5507 --- [ool-3-thread-40] tourGuide.service.RewardsService         : getDistance called
2023-01-22T16:10:36.257+01:00  INFO 5507 --- [ool-3-thread-40] tourGuide.service.RewardsService         : nearAttraction called with Hot Springs National Park
2023-01-22T16:10:36.257+01:00  INFO 5507 --- [ool-3-thread-40] tourGuide.service.RewardsService         : getDistance called
2023-01-22T16:10:36.257+01:00  INFO 5507 --- [ool-3-thread-40] tourGuide.service.RewardsService         : nearAttraction called with Kartchner Caverns State Park
2023-01-22T16:10:36.257+01:00  INFO 5507 --- [ool-3-thread-40] tourGuide.service.RewardsService         : getDistance called
2023-01-22T16:10:36.257+01:00  INFO 5507 --- [ool-3-thread-40] tourGuide.service.RewardsService         : nearAttraction called with Legend Valley
2023-01-22T16:10:36.257+01:00  INFO 5507 --- [ool-3-thread-40] tourGuide.service.RewardsService         : getDistance called
2023-01-22T16:10:36.257+01:00  INFO 5507 --- [ool-3-thread-40] tourGuide.service.RewardsService         : nearAttraction called with Flowers Bakery of London
2023-01-22T16:10:36.257+01:00  INFO 5507 --- [ool-3-thread-40] tourGuide.service.RewardsService         : getDistance called
2023-01-22T16:10:36.257+01:00  INFO 5507 --- [ool-3-thread-40] tourGuide.service.RewardsService         : nearAttraction called with McKinley Tower
2023-01-22T16:10:36.257+01:00  INFO 5507 --- [ool-3-thread-40] tourGuide.service.RewardsService         : getDistance called
2023-01-22T16:10:36.257+01:00  INFO 5507 --- [ool-3-thread-40] tourGuide.service.RewardsService         : nearAttraction called with Flatiron Building
2023-01-22T16:10:36.257+01:00  INFO 5507 --- [ool-3-thread-40] tourGuide.service.RewardsService         : getDistance called
2023-01-22T16:10:36.257+01:00  INFO 5507 --- [ool-3-thread-40] tourGuide.service.RewardsService         : nearAttraction called with Fallingwater
2023-01-22T16:10:36.257+01:00  INFO 5507 --- [ool-3-thread-40] tourGuide.service.RewardsService         : getDistance called
2023-01-22T16:10:36.257+01:00  INFO 5507 --- [ool-3-thread-40] tourGuide.service.RewardsService         : nearAttraction called with Union Station
2023-01-22T16:10:36.257+01:00  INFO 5507 --- [ool-3-thread-40] tourGuide.service.RewardsService         : getDistance called
2023-01-22T16:10:36.257+01:00  INFO 5507 --- [ool-3-thread-40] tourGuide.service.RewardsService         : nearAttraction called with Roger Dean Stadium
2023-01-22T16:10:36.257+01:00  INFO 5507 --- [ool-3-thread-40] tourGuide.service.RewardsService         : getDistance called
2023-01-22T16:10:36.257+01:00  INFO 5507 --- [ool-3-thread-40] tourGuide.service.RewardsService         : nearAttraction called with Texas Memorial Stadium
2023-01-22T16:10:36.258+01:00  INFO 5507 --- [ool-3-thread-40] tourGuide.service.RewardsService         : getDistance called
2023-01-22T16:10:36.258+01:00  INFO 5507 --- [ool-3-thread-40] tourGuide.service.RewardsService         : nearAttraction called with Bryant-Denny Stadium
2023-01-22T16:10:36.258+01:00  INFO 5507 --- [ool-3-thread-40] tourGuide.service.RewardsService         : getDistance called
2023-01-22T16:10:36.258+01:00  INFO 5507 --- [ool-3-thread-40] tourGuide.service.RewardsService         : nearAttraction called with Tiger Stadium
2023-01-22T16:10:36.258+01:00  INFO 5507 --- [ool-3-thread-40] tourGuide.service.RewardsService         : getDistance called
2023-01-22T16:10:36.258+01:00  INFO 5507 --- [ool-3-thread-40] tourGuide.service.RewardsService         : nearAttraction called with Neyland Stadium
2023-01-22T16:10:36.258+01:00  INFO 5507 --- [ool-3-thread-40] tourGuide.service.RewardsService         : getDistance called
2023-01-22T16:10:36.258+01:00  INFO 5507 --- [ool-3-thread-40] tourGuide.service.RewardsService         : nearAttraction called with Kyle Field
2023-01-22T16:10:36.258+01:00  INFO 5507 --- [ool-3-thread-40] tourGuide.service.RewardsService         : getDistance called
2023-01-22T16:10:36.258+01:00  INFO 5507 --- [ool-3-thread-40] tourGuide.service.RewardsService         : nearAttraction called with San Diego Zoo
2023-01-22T16:10:36.258+01:00  INFO 5507 --- [ool-3-thread-40] tourGuide.service.RewardsService         : getDistance called
2023-01-22T16:10:36.258+01:00  INFO 5507 --- [ool-3-thread-40] tourGuide.service.RewardsService         : nearAttraction called with Zoo Tampa at Lowry Park
2023-01-22T16:10:36.258+01:00  INFO 5507 --- [ool-3-thread-40] tourGuide.service.RewardsService         : getDistance called
2023-01-22T16:10:36.258+01:00  INFO 5507 --- [ool-3-thread-40] tourGuide.service.RewardsService         : nearAttraction called with Franklin Park Zoo
2023-01-22T16:10:36.258+01:00  INFO 5507 --- [ool-3-thread-40] tourGuide.service.RewardsService         : getDistance called
2023-01-22T16:10:36.258+01:00  INFO 5507 --- [ool-3-thread-40] tourGuide.service.RewardsService         : nearAttraction called with El Paso Zoo
2023-01-22T16:10:36.258+01:00  INFO 5507 --- [ool-3-thread-40] tourGuide.service.RewardsService         : getDistance called
2023-01-22T16:10:36.258+01:00  INFO 5507 --- [ool-3-thread-40] tourGuide.service.RewardsService         : nearAttraction called with Kansas City Zoo
2023-01-22T16:10:36.258+01:00  INFO 5507 --- [ool-3-thread-40] tourGuide.service.RewardsService         : getDistance called
2023-01-22T16:10:36.258+01:00  INFO 5507 --- [ool-3-thread-40] tourGuide.service.RewardsService         : nearAttraction called with Bronx Zoo
2023-01-22T16:10:36.258+01:00  INFO 5507 --- [ool-3-thread-40] tourGuide.service.RewardsService         : getDistance called
2023-01-22T16:10:36.258+01:00  INFO 5507 --- [ool-3-thread-40] tourGuide.service.RewardsService         : nearAttraction called with Cinderella Castle
2023-01-22T16:10:36.258+01:00  INFO 5507 --- [ool-3-thread-40] tourGuide.service.RewardsService         : getDistance called
2023-01-22T16:10:36.258+01:00  INFO 5507 --- [ool-3-thread-40] tourGuide.service.RewardsService         : nearAttraction called with Disneyland
2023-01-22T16:10:36.258+01:00  INFO 5507 --- [ool-3-thread-40] tourGuide.service.RewardsService         : getDistance called
2023-01-22T16:10:36.258+01:00  INFO 5507 --- [ool-3-thread-40] tourGuide.service.RewardsService         : getRewardPoints called with Disneyland and internalUser60
2023-01-22T16:10:36.293+01:00  INFO 5507 --- [ool-3-thread-53] tourGuide.service.RewardsService         : Rewards of internalUser79 calculated by calculateRewards
2023-01-22T16:10:36.293+01:00  INFO 5507 --- [ool-3-thread-53] tourGuide.service.RewardsService         : nearAttraction called with Jackson Hole
2023-01-22T16:10:36.293+01:00  INFO 5507 --- [ool-3-thread-53] tourGuide.service.RewardsService         : getDistance called
2023-01-22T16:10:36.293+01:00  INFO 5507 --- [ool-3-thread-53] tourGuide.service.RewardsService         : nearAttraction called with Mojave National Preserve
2023-01-22T16:10:36.293+01:00  INFO 5507 --- [ool-3-thread-53] tourGuide.service.RewardsService         : getDistance called
2023-01-22T16:10:36.293+01:00  INFO 5507 --- [ool-3-thread-53] tourGuide.service.RewardsService         : nearAttraction called with Joshua Tree National Park
2023-01-22T16:10:36.293+01:00  INFO 5507 --- [ool-3-thread-53] tourGuide.service.RewardsService         : getDistance called
2023-01-22T16:10:36.293+01:00  INFO 5507 --- [ool-3-thread-53] tourGuide.service.RewardsService         : nearAttraction called with Buffalo National River
2023-01-22T16:10:36.293+01:00  INFO 5507 --- [ool-3-thread-53] tourGuide.service.RewardsService         : getDistance called
2023-01-22T16:10:36.294+01:00  INFO 5507 --- [ool-3-thread-53] tourGuide.service.RewardsService         : nearAttraction called with Hot Springs National Park
2023-01-22T16:10:36.294+01:00  INFO 5507 --- [ool-3-thread-53] tourGuide.service.RewardsService         : getDistance called
2023-01-22T16:10:36.294+01:00  INFO 5507 --- [ool-3-thread-53] tourGuide.service.RewardsService         : nearAttraction called with Kartchner Caverns State Park
2023-01-22T16:10:36.294+01:00  INFO 5507 --- [ool-3-thread-53] tourGuide.service.RewardsService         : getDistance called
2023-01-22T16:10:36.294+01:00  INFO 5507 --- [ool-3-thread-53] tourGuide.service.RewardsService         : nearAttraction called with Legend Valley
2023-01-22T16:10:36.294+01:00  INFO 5507 --- [pool-3-thread-1] tourGuide.service.RewardsService         : Rewards of internalUser78 calculated by calculateRewards
2023-01-22T16:10:36.294+01:00  INFO 5507 --- [ool-3-thread-53] tourGuide.service.RewardsService         : getDistance called
2023-01-22T16:10:36.294+01:00  INFO 5507 --- [pool-3-thread-1] tourGuide.service.RewardsService         : nearAttraction called with Flowers Bakery of London
2023-01-22T16:10:36.294+01:00  INFO 5507 --- [ool-3-thread-53] tourGuide.service.RewardsService         : nearAttraction called with McKinley Tower
2023-01-22T16:10:36.294+01:00  INFO 5507 --- [pool-3-thread-1] tourGuide.service.RewardsService         : getDistance called
2023-01-22T16:10:36.294+01:00  INFO 5507 --- [ool-3-thread-53] tourGuide.service.RewardsService         : getDistance called
2023-01-22T16:10:36.294+01:00  INFO 5507 --- [pool-3-thread-1] tourGuide.service.RewardsService         : nearAttraction called with Flatiron Building
2023-01-22T16:10:36.294+01:00  INFO 5507 --- [ool-3-thread-53] tourGuide.service.RewardsService         : nearAttraction called with Fallingwater
2023-01-22T16:10:36.294+01:00  INFO 5507 --- [pool-3-thread-1] tourGuide.service.RewardsService         : getDistance called
2023-01-22T16:10:36.294+01:00  INFO 5507 --- [ool-3-thread-53] tourGuide.service.RewardsService         : getDistance called
2023-01-22T16:10:36.294+01:00  INFO 5507 --- [pool-3-thread-1] tourGuide.service.RewardsService         : nearAttraction called with Union Station
2023-01-22T16:10:36.294+01:00  INFO 5507 --- [pool-3-thread-1] tourGuide.service.RewardsService         : getDistance called
2023-01-22T16:10:36.294+01:00  INFO 5507 --- [ool-3-thread-53] tourGuide.service.RewardsService         : nearAttraction called with Roger Dean Stadium
2023-01-22T16:10:36.294+01:00  INFO 5507 --- [pool-3-thread-1] tourGuide.service.RewardsService         : nearAttraction called with Texas Memorial Stadium
2023-01-22T16:10:36.294+01:00  INFO 5507 --- [ool-3-thread-53] tourGuide.service.RewardsService         : getDistance called
2023-01-22T16:10:36.294+01:00  INFO 5507 --- [pool-3-thread-1] tourGuide.service.RewardsService         : getDistance called
2023-01-22T16:10:36.294+01:00  INFO 5507 --- [ool-3-thread-53] tourGuide.service.RewardsService         : nearAttraction called with Bryant-Denny Stadium
2023-01-22T16:10:36.294+01:00  INFO 5507 --- [pool-3-thread-1] tourGuide.service.RewardsService         : nearAttraction called with Tiger Stadium
2023-01-22T16:10:36.294+01:00  INFO 5507 --- [ool-3-thread-53] tourGuide.service.RewardsService         : getDistance called
2023-01-22T16:10:36.294+01:00  INFO 5507 --- [pool-3-thread-1] tourGuide.service.RewardsService         : getDistance called
2023-01-22T16:10:36.294+01:00  INFO 5507 --- [ool-3-thread-53] tourGuide.service.RewardsService         : nearAttraction called with Neyland Stadium
2023-01-22T16:10:36.294+01:00  INFO 5507 --- [pool-3-thread-1] tourGuide.service.RewardsService         : nearAttraction called with Kyle Field
2023-01-22T16:10:36.294+01:00  INFO 5507 --- [ool-3-thread-53] tourGuide.service.RewardsService         : getDistance called
2023-01-22T16:10:36.294+01:00  INFO 5507 --- [pool-3-thread-1] tourGuide.service.RewardsService         : getDistance called
2023-01-22T16:10:36.294+01:00  INFO 5507 --- [ool-3-thread-53] tourGuide.service.RewardsService         : nearAttraction called with San Diego Zoo
2023-01-22T16:10:36.294+01:00  INFO 5507 --- [ool-3-thread-53] tourGuide.service.RewardsService         : getDistance called
2023-01-22T16:10:36.294+01:00  INFO 5507 --- [pool-3-thread-1] tourGuide.service.RewardsService         : nearAttraction called with Zoo Tampa at Lowry Park
2023-01-22T16:10:36.294+01:00  INFO 5507 --- [ool-3-thread-53] tourGuide.service.RewardsService         : nearAttraction called with Franklin Park Zoo
2023-01-22T16:10:36.294+01:00  INFO 5507 --- [ool-3-thread-53] tourGuide.service.RewardsService         : getDistance called
2023-01-22T16:10:36.294+01:00  INFO 5507 --- [pool-3-thread-1] tourGuide.service.RewardsService         : getDistance called
2023-01-22T16:10:36.294+01:00  INFO 5507 --- [ool-3-thread-53] tourGuide.service.RewardsService         : nearAttraction called with El Paso Zoo
2023-01-22T16:10:36.294+01:00  INFO 5507 --- [pool-3-thread-1] tourGuide.service.RewardsService         : nearAttraction called with Kansas City Zoo
2023-01-22T16:10:36.294+01:00  INFO 5507 --- [ool-3-thread-53] tourGuide.service.RewardsService         : getDistance called
2023-01-22T16:10:36.294+01:00  INFO 5507 --- [pool-3-thread-1] tourGuide.service.RewardsService         : getDistance called
2023-01-22T16:10:36.294+01:00  INFO 5507 --- [ool-3-thread-53] tourGuide.service.RewardsService         : nearAttraction called with Bronx Zoo
2023-01-22T16:10:36.294+01:00  INFO 5507 --- [pool-3-thread-1] tourGuide.service.RewardsService         : nearAttraction called with Cinderella Castle
2023-01-22T16:10:36.294+01:00  INFO 5507 --- [ool-3-thread-53] tourGuide.service.RewardsService         : getDistance called
2023-01-22T16:10:36.294+01:00  INFO 5507 --- [pool-3-thread-1] tourGuide.service.RewardsService         : getDistance called
2023-01-22T16:10:36.304+01:00  INFO 5507 --- [ool-3-thread-13] tourGuide.service.RewardsService         : Rewards of internalUser29 calculated by calculateRewards
2023-01-22T16:10:36.307+01:00  INFO 5507 --- [ool-3-thread-26] tourGuide.service.RewardsService         : Rewards of internalUser19 calculated by calculateRewards
2023-01-22T16:10:36.308+01:00  INFO 5507 --- [ool-3-thread-15] tourGuide.service.RewardsService         : Rewards of internalUser34 calculated by calculateRewards
2023-01-22T16:10:36.317+01:00  INFO 5507 --- [ool-3-thread-41] tourGuide.service.RewardsService         : Rewards of internalUser17 calculated by calculateRewards
2023-01-22T16:10:36.319+01:00  INFO 5507 --- [ool-3-thread-38] tourGuide.service.RewardsService         : Rewards of internalUser54 calculated by calculateRewards
2023-01-22T16:10:36.337+01:00  INFO 5507 --- [ool-3-thread-20] tourGuide.service.RewardsService         : Rewards of internalUser10 calculated by calculateRewards
2023-01-22T16:10:36.346+01:00  INFO 5507 --- [ool-3-thread-54] tourGuide.service.RewardsService         : Rewards of internalUser69 calculated by calculateRewards
2023-01-22T16:10:36.350+01:00  INFO 5507 --- [ool-3-thread-11] tourGuide.service.RewardsService         : Rewards of internalUser64 calculated by calculateRewards
2023-01-22T16:10:36.362+01:00  INFO 5507 --- [ool-3-thread-44] tourGuide.service.RewardsService         : Rewards of internalUser94 calculated by calculateRewards
2023-01-22T16:10:36.378+01:00  INFO 5507 --- [pool-3-thread-5] tourGuide.service.RewardsService         : Rewards of internalUser31 calculated by calculateRewards
2023-01-22T16:10:36.390+01:00  INFO 5507 --- [ool-3-thread-45] tourGuide.service.RewardsService         : Rewards of internalUser37 calculated by calculateRewards
2023-01-22T16:10:36.407+01:00  INFO 5507 --- [ool-3-thread-17] tourGuide.service.RewardsService         : Rewards of internalUser99 calculated by calculateRewards
2023-01-22T16:10:36.420+01:00  INFO 5507 --- [ool-3-thread-10] tourGuide.service.RewardsService         : Rewards of internalUser90 calculated by calculateRewards
2023-01-22T16:10:36.438+01:00  INFO 5507 --- [ool-3-thread-32] tourGuide.service.RewardsService         : Rewards of internalUser44 calculated by calculateRewards
2023-01-22T16:10:36.440+01:00  INFO 5507 --- [ool-3-thread-66] tourGuide.service.RewardsService         : Rewards of internalUser1 calculated by calculateRewards
2023-01-22T16:10:36.458+01:00  INFO 5507 --- [ool-3-thread-37] tourGuide.service.RewardsService         : Rewards of internalUser6 calculated by calculateRewards
2023-01-22T16:10:36.467+01:00  INFO 5507 --- [ool-3-thread-46] tourGuide.service.RewardsService         : Rewards of internalUser77 calculated by calculateRewards
2023-01-22T16:10:36.497+01:00  INFO 5507 --- [ool-3-thread-50] tourGuide.service.RewardsService         : Rewards of internalUser70 calculated by calculateRewards
2023-01-22T16:10:36.506+01:00  INFO 5507 --- [pool-3-thread-6] tourGuide.service.RewardsService         : Rewards of internalUser25 calculated by calculateRewards
2023-01-22T16:10:36.516+01:00  INFO 5507 --- [ool-3-thread-60] tourGuide.service.RewardsService         : Rewards of internalUser82 calculated by calculateRewards
2023-01-22T16:10:36.517+01:00  INFO 5507 --- [ool-3-thread-24] tourGuide.service.RewardsService         : Rewards of internalUser71 calculated by calculateRewards
2023-01-22T16:10:36.520+01:00  INFO 5507 --- [ool-3-thread-48] tourGuide.service.RewardsService         : Rewards of internalUser98 calculated by calculateRewards
2023-01-22T16:10:36.527+01:00  INFO 5507 --- [ool-3-thread-27] tourGuide.service.RewardsService         : Rewards of internalUser4 calculated by calculateRewards
2023-01-22T16:10:36.529+01:00  INFO 5507 --- [ool-3-thread-56] tourGuide.service.RewardsService         : Rewards of internalUser28 calculated by calculateRewards
2023-01-22T16:10:36.529+01:00  INFO 5507 --- [ool-3-thread-65] tourGuide.service.RewardsService         : Rewards of internalUser91 calculated by calculateRewards
2023-01-22T16:10:36.558+01:00  INFO 5507 --- [ool-3-thread-52] tourGuide.service.RewardsService         : Rewards of internalUser55 calculated by calculateRewards
2023-01-22T16:10:36.560+01:00  INFO 5507 --- [pool-3-thread-7] tourGuide.service.RewardsService         : Rewards of internalUser95 calculated by calculateRewards
2023-01-22T16:10:36.560+01:00  INFO 5507 --- [ool-3-thread-21] tourGuide.service.RewardsService         : Rewards of internalUser3 calculated by calculateRewards
2023-01-22T16:10:36.564+01:00  INFO 5507 --- [ool-3-thread-29] tourGuide.service.RewardsService         : Rewards of internalUser56 calculated by calculateRewards
2023-01-22T16:10:36.592+01:00  INFO 5507 --- [ool-3-thread-33] tourGuide.service.RewardsService         : Rewards of internalUser65 calculated by calculateRewards
2023-01-22T16:10:36.593+01:00  INFO 5507 --- [ool-3-thread-18] tourGuide.service.RewardsService         : Rewards of internalUser24 calculated by calculateRewards
2023-01-22T16:10:36.619+01:00  INFO 5507 --- [ool-3-thread-43] tourGuide.service.RewardsService         : Rewards of internalUser67 calculated by calculateRewards
2023-01-22T16:10:36.634+01:00  INFO 5507 --- [ool-3-thread-69] tourGuide.service.RewardsService         : Rewards of internalUser81 calculated by calculateRewards
2023-01-22T16:10:36.634+01:00  INFO 5507 --- [ool-3-thread-63] tourGuide.service.RewardsService         : Rewards of internalUser42 calculated by calculateRewards
2023-01-22T16:10:36.647+01:00  INFO 5507 --- [ool-3-thread-12] tourGuide.service.RewardsService         : Rewards of internalUser48 calculated by calculateRewards
2023-01-22T16:10:36.651+01:00  INFO 5507 --- [ool-3-thread-19] tourGuide.service.RewardsService         : Rewards of internalUser35 calculated by calculateRewards
2023-01-22T16:10:36.666+01:00  INFO 5507 --- [ool-3-thread-57] tourGuide.service.RewardsService         : Rewards of internalUser96 calculated by calculateRewards
2023-01-22T16:10:36.677+01:00  INFO 5507 --- [ool-3-thread-64] tourGuide.service.RewardsService         : Rewards of internalUser22 calculated by calculateRewards
2023-01-22T16:10:36.678+01:00  INFO 5507 --- [ool-3-thread-61] tourGuide.service.RewardsService         : Rewards of internalUser52 calculated by calculateRewards
2023-01-22T16:10:36.685+01:00  INFO 5507 --- [ool-3-thread-51] tourGuide.service.RewardsService         : Rewards of internalUser47 calculated by calculateRewards
2023-01-22T16:10:36.699+01:00  INFO 5507 --- [ool-3-thread-36] tourGuide.service.RewardsService         : Rewards of internalUser51 calculated by calculateRewards
2023-01-22T16:10:36.699+01:00  INFO 5507 --- [ool-3-thread-34] tourGuide.service.RewardsService         : Rewards of internalUser14 calculated by calculateRewards
2023-01-22T16:10:36.760+01:00  INFO 5507 --- [ool-3-thread-23] tourGuide.service.RewardsService         : Rewards of internalUser68 calculated by calculateRewards
2023-01-22T16:10:36.764+01:00  INFO 5507 --- [ool-3-thread-58] tourGuide.service.RewardsService         : Rewards of internalUser58 calculated by calculateRewards
2023-01-22T16:10:36.782+01:00  INFO 5507 --- [ool-3-thread-31] tourGuide.service.RewardsService         : Rewards of internalUser59 calculated by calculateRewards
2023-01-22T16:10:36.788+01:00  INFO 5507 --- [ool-3-thread-70] tourGuide.service.RewardsService         : Rewards of internalUser15 calculated by calculateRewards
2023-01-22T16:10:36.791+01:00  INFO 5507 --- [ool-3-thread-28] tourGuide.service.RewardsService         : Rewards of internalUser7 calculated by calculateRewards
2023-01-22T16:10:36.797+01:00  INFO 5507 --- [ool-3-thread-67] tourGuide.service.RewardsService         : Rewards of internalUser20 calculated by calculateRewards
2023-01-22T16:10:36.816+01:00  INFO 5507 --- [ool-3-thread-68] tourGuide.service.RewardsService         : Rewards of internalUser87 calculated by calculateRewards
2023-01-22T16:10:36.828+01:00  INFO 5507 --- [pool-3-thread-4] tourGuide.service.RewardsService         : Rewards of internalUser62 calculated by calculateRewards
2023-01-22T16:10:36.860+01:00  INFO 5507 --- [ool-3-thread-59] tourGuide.service.RewardsService         : Rewards of internalUser12 calculated by calculateRewards
2023-01-22T16:10:36.863+01:00  INFO 5507 --- [ool-3-thread-16] tourGuide.service.RewardsService         : Rewards of internalUser88 calculated by calculateRewards
2023-01-22T16:10:36.870+01:00  INFO 5507 --- [pool-3-thread-8] tourGuide.service.RewardsService         : Rewards of internalUser53 calculated by calculateRewards
2023-01-22T16:10:36.884+01:00  INFO 5507 --- [ool-3-thread-40] tourGuide.service.RewardsService         : Rewards of internalUser60 calculated by calculateRewards
2023-01-22T16:10:36.898+01:00  INFO 5507 --- [ool-3-thread-25] tourGuide.service.RewardsService         : Rewards of internalUser93 calculated by calculateRewards
2023-01-22T16:10:36.899+01:00  INFO 5507 --- [ool-3-thread-49] tourGuide.service.RewardsService         : Rewards of internalUser80 calculated by calculateRewards
2023-01-22T16:10:36.904+01:00  INFO 5507 --- [ool-3-thread-30] tourGuide.service.RewardsService         : Rewards of internalUser8 calculated by calculateRewards
2023-01-22T16:10:36.906+01:00  INFO 5507 --- [pool-3-thread-9] tourGuide.service.RewardsService         : Rewards of internalUser41 calculated by calculateRewards
2023-01-22T16:10:36.910+01:00  INFO 5507 --- [ool-3-thread-42] tourGuide.service.RewardsService         : Rewards of internalUser11 calculated by calculateRewards
2023-01-22T16:10:36.915+01:00  INFO 5507 --- [ool-3-thread-47] tourGuide.service.RewardsService         : Rewards of internalUser0 calculated by calculateRewards
2023-01-22T16:10:36.920+01:00  INFO 5507 --- [ool-3-thread-22] tourGuide.service.RewardsService         : Rewards of internalUser66 calculated by calculateRewards
2023-01-22T16:10:36.925+01:00  INFO 5507 --- [ool-3-thread-35] tourGuide.service.RewardsService         : Rewards of internalUser26 calculated by calculateRewards
2023-01-22T16:10:36.932+01:00  INFO 5507 --- [pool-3-thread-3] tourGuide.service.RewardsService         : Rewards of internalUser30 calculated by calculateRewards
2023-01-22T16:10:36.942+01:00  INFO 5507 --- [ool-3-thread-62] tourGuide.service.RewardsService         : Rewards of internalUser57 calculated by calculateRewards
2023-01-22T16:10:36.967+01:00  INFO 5507 --- [pool-3-thread-2] tourGuide.service.RewardsService         : Rewards of internalUser36 calculated by calculateRewards
2023-01-22T16:10:36.986+01:00  INFO 5507 --- [ool-3-thread-55] tourGuide.service.RewardsService         : Rewards of internalUser50 calculated by calculateRewards
2023-01-22T16:10:37.213+01:00  INFO 5507 --- [ool-3-thread-39] tourGuide.service.RewardsService         : Rewards of internalUser63 calculated by calculateRewards
2023-01-22T16:10:37.216+01:00  INFO 5507 --- [ool-3-thread-14] tourGuide.service.RewardsService         : Rewards of internalUser61 calculated by calculateRewards
]]></system-out>
  <system-err><![CDATA[]]></system-err>
</testsuite>
