<?xml version="1.0" encoding="UTF-8"?>
<testsuite name="tourGuide.integration.TourGuideIT" tests="3" skipped="0" failures="0" errors="0" timestamp="2023-01-22T15:10:38" hostname="iMac.local" time="1.6">
  <properties/>
  <testcase name="getNearbyAttractionsIT()" classname="tourGuide.integration.TourGuideIT" time="1.547"/>
  <testcase name="getTripDealsIT()" classname="tourGuide.integration.TourGuideIT" time="0.044"/>
  <testcase name="indexIT()" classname="tourGuide.integration.TourGuideIT" time="0.006"/>
  <system-out><![CDATA[2023-01-22T16:10:38.652+01:00  INFO 5507 --- [    Test worker] t.c.s.AnnotationConfigContextLoaderUtils : Could not detect default configuration classes for test class [tourGuide.integration.TourGuideIT]: TourGuideIT does not declare any static, non-private, non-final, nested classes annotated with @Configuration.
2023-01-22T16:10:38.655+01:00  INFO 5507 --- [    Test worker] .b.t.c.SpringBootTestContextBootstrapper : Found @SpringBootConfiguration tourGuide.Application for test class tourGuide.integration.TourGuideIT
2023-01-22T16:10:38.662+01:00  INFO 5507 --- [    Test worker] t.controller.TourGuideController         : GET request received to /getNearbyAttractions
2023-01-22T16:10:38.663+01:00  INFO 5507 --- [    Test worker] tourGuide.service.UserService            : internalUser0 returned by getUser
2023-01-22T16:10:38.663+01:00  INFO 5507 --- [    Test worker] tourGuide.service.TourGuideService       : getNearByAttractions returned a list of the 5 nearest attractions
2023-01-22T16:10:38.678+01:00  INFO 5507 --- [    Test worker] tourGuide.service.RewardsService         : getDistance called
2023-01-22T16:10:38.679+01:00  INFO 5507 --- [    Test worker] tourGuide.service.RewardsService         : getDistance called
2023-01-22T16:10:38.679+01:00  INFO 5507 --- [    Test worker] tourGuide.service.RewardsService         : getDistance called
2023-01-22T16:10:38.679+01:00  INFO 5507 --- [    Test worker] tourGuide.service.RewardsService         : getDistance called
2023-01-22T16:10:38.679+01:00  INFO 5507 --- [    Test worker] tourGuide.service.RewardsService         : getDistance called
2023-01-22T16:10:38.679+01:00  INFO 5507 --- [    Test worker] tourGuide.service.RewardsService         : getDistance called
2023-01-22T16:10:38.679+01:00  INFO 5507 --- [    Test worker] tourGuide.service.RewardsService         : getDistance called
2023-01-22T16:10:38.679+01:00  INFO 5507 --- [    Test worker] tourGuide.service.RewardsService         : getDistance called
2023-01-22T16:10:38.679+01:00  INFO 5507 --- [    Test worker] tourGuide.service.RewardsService         : getDistance called
2023-01-22T16:10:38.679+01:00  INFO 5507 --- [    Test worker] tourGuide.service.RewardsService         : getDistance called
2023-01-22T16:10:38.679+01:00  INFO 5507 --- [    Test worker] tourGuide.service.RewardsService         : getDistance called
2023-01-22T16:10:38.679+01:00  INFO 5507 --- [    Test worker] tourGuide.service.RewardsService         : getDistance called
2023-01-22T16:10:38.679+01:00  INFO 5507 --- [    Test worker] tourGuide.service.RewardsService         : getDistance called
2023-01-22T16:10:38.679+01:00  INFO 5507 --- [    Test worker] tourGuide.service.RewardsService         : getDistance called
2023-01-22T16:10:38.679+01:00  INFO 5507 --- [    Test worker] tourGuide.service.RewardsService         : getDistance called
2023-01-22T16:10:38.679+01:00  INFO 5507 --- [    Test worker] tourGuide.service.RewardsService         : getDistance called
2023-01-22T16:10:38.679+01:00  INFO 5507 --- [    Test worker] tourGuide.service.RewardsService         : getDistance called
2023-01-22T16:10:38.679+01:00  INFO 5507 --- [    Test worker] tourGuide.service.RewardsService         : getDistance called
2023-01-22T16:10:38.679+01:00  INFO 5507 --- [    Test worker] tourGuide.service.RewardsService         : getDistance called
2023-01-22T16:10:38.679+01:00  INFO 5507 --- [    Test worker] tourGuide.service.RewardsService         : getDistance called
2023-01-22T16:10:38.679+01:00  INFO 5507 --- [    Test worker] tourGuide.service.RewardsService         : getDistance called
2023-01-22T16:10:38.679+01:00  INFO 5507 --- [    Test worker] tourGuide.service.RewardsService         : getDistance called
2023-01-22T16:10:38.679+01:00  INFO 5507 --- [    Test worker] tourGuide.service.RewardsService         : getDistance called
2023-01-22T16:10:38.679+01:00  INFO 5507 --- [    Test worker] tourGuide.service.RewardsService         : getDistance called
2023-01-22T16:10:38.679+01:00  INFO 5507 --- [    Test worker] tourGuide.service.RewardsService         : getDistance called
2023-01-22T16:10:38.679+01:00  INFO 5507 --- [    Test worker] tourGuide.service.RewardsService         : getDistance called
2023-01-22T16:10:38.679+01:00  INFO 5507 --- [    Test worker] tourGuide.service.RewardsService         : getDistance called
2023-01-22T16:10:38.679+01:00  INFO 5507 --- [    Test worker] tourGuide.service.RewardsService         : getDistance called
2023-01-22T16:10:38.679+01:00  INFO 5507 --- [    Test worker] tourGuide.service.RewardsService         : getDistance called
2023-01-22T16:10:38.680+01:00  INFO 5507 --- [    Test worker] tourGuide.service.RewardsService         : getDistance called
2023-01-22T16:10:38.680+01:00  INFO 5507 --- [    Test worker] tourGuide.service.RewardsService         : getDistance called
2023-01-22T16:10:38.680+01:00  INFO 5507 --- [    Test worker] tourGuide.service.RewardsService         : getDistance called
2023-01-22T16:10:38.680+01:00  INFO 5507 --- [    Test worker] tourGuide.service.RewardsService         : getDistance called
2023-01-22T16:10:38.680+01:00  INFO 5507 --- [    Test worker] tourGuide.service.RewardsService         : getDistance called
2023-01-22T16:10:38.680+01:00  INFO 5507 --- [    Test worker] tourGuide.service.RewardsService         : getDistance called
2023-01-22T16:10:38.680+01:00  INFO 5507 --- [    Test worker] tourGuide.service.RewardsService         : getDistance called
2023-01-22T16:10:38.680+01:00  INFO 5507 --- [    Test worker] tourGuide.service.RewardsService         : getDistance called
2023-01-22T16:10:38.680+01:00  INFO 5507 --- [    Test worker] tourGuide.service.RewardsService         : getDistance called
2023-01-22T16:10:38.680+01:00  INFO 5507 --- [    Test worker] tourGuide.service.RewardsService         : getDistance called
2023-01-22T16:10:38.680+01:00  INFO 5507 --- [    Test worker] tourGuide.service.RewardsService         : getDistance called
2023-01-22T16:10:38.680+01:00  INFO 5507 --- [    Test worker] tourGuide.service.RewardsService         : getDistance called
2023-01-22T16:10:38.680+01:00  INFO 5507 --- [    Test worker] tourGuide.service.RewardsService         : getDistance called
2023-01-22T16:10:38.680+01:00  INFO 5507 --- [    Test worker] tourGuide.service.RewardsService         : getDistance called
2023-01-22T16:10:38.680+01:00  INFO 5507 --- [    Test worker] tourGuide.service.RewardsService         : getDistance called
2023-01-22T16:10:38.680+01:00  INFO 5507 --- [    Test worker] tourGuide.service.RewardsService         : getDistance called
2023-01-22T16:10:38.680+01:00  INFO 5507 --- [    Test worker] tourGuide.service.RewardsService         : getDistance called
2023-01-22T16:10:38.680+01:00  INFO 5507 --- [    Test worker] tourGuide.service.RewardsService         : getDistance called
2023-01-22T16:10:38.680+01:00  INFO 5507 --- [    Test worker] tourGuide.service.RewardsService         : getDistance called
2023-01-22T16:10:38.680+01:00  INFO 5507 --- [    Test worker] tourGuide.service.RewardsService         : getDistance called
2023-01-22T16:10:38.680+01:00  INFO 5507 --- [    Test worker] tourGuide.service.RewardsService         : getDistance called
2023-01-22T16:10:38.680+01:00  INFO 5507 --- [    Test worker] tourGuide.service.RewardsService         : getDistance called
2023-01-22T16:10:38.680+01:00  INFO 5507 --- [    Test worker] tourGuide.service.RewardsService         : getDistance called
2023-01-22T16:10:38.680+01:00  INFO 5507 --- [    Test worker] tourGuide.service.RewardsService         : getDistance called
2023-01-22T16:10:38.680+01:00  INFO 5507 --- [    Test worker] tourGuide.service.RewardsService         : getDistance called
2023-01-22T16:10:38.680+01:00  INFO 5507 --- [    Test worker] tourGuide.service.RewardsService         : getDistance called
2023-01-22T16:10:38.681+01:00  INFO 5507 --- [    Test worker] tourGuide.service.RewardsService         : getDistance called
2023-01-22T16:10:38.681+01:00  INFO 5507 --- [    Test worker] tourGuide.service.RewardsService         : getDistance called
2023-01-22T16:10:38.681+01:00  INFO 5507 --- [    Test worker] tourGuide.service.RewardsService         : getDistance called
2023-01-22T16:10:38.681+01:00  INFO 5507 --- [    Test worker] tourGuide.service.RewardsService         : getDistance called
2023-01-22T16:10:38.681+01:00  INFO 5507 --- [    Test worker] tourGuide.service.RewardsService         : getDistance called
2023-01-22T16:10:38.681+01:00  INFO 5507 --- [    Test worker] tourGuide.service.RewardsService         : getDistance called
2023-01-22T16:10:38.681+01:00  INFO 5507 --- [    Test worker] tourGuide.service.RewardsService         : getDistance called
2023-01-22T16:10:38.681+01:00  INFO 5507 --- [    Test worker] tourGuide.service.RewardsService         : getDistance called
2023-01-22T16:10:38.681+01:00  INFO 5507 --- [    Test worker] tourGuide.service.RewardsService         : getDistance called
2023-01-22T16:10:38.681+01:00  INFO 5507 --- [    Test worker] tourGuide.service.RewardsService         : getDistance called
2023-01-22T16:10:38.681+01:00  INFO 5507 --- [    Test worker] tourGuide.service.RewardsService         : getDistance called
2023-01-22T16:10:38.681+01:00  INFO 5507 --- [    Test worker] tourGuide.service.RewardsService         : getDistance called
2023-01-22T16:10:38.681+01:00  INFO 5507 --- [    Test worker] tourGuide.service.RewardsService         : getDistance called
2023-01-22T16:10:38.681+01:00  INFO 5507 --- [    Test worker] tourGuide.service.RewardsService         : getDistance called
2023-01-22T16:10:38.681+01:00  INFO 5507 --- [    Test worker] tourGuide.service.RewardsService         : getDistance called
2023-01-22T16:10:38.681+01:00  INFO 5507 --- [    Test worker] tourGuide.service.RewardsService         : getDistance called
2023-01-22T16:10:38.681+01:00  INFO 5507 --- [    Test worker] tourGuide.service.RewardsService         : getDistance called
2023-01-22T16:10:38.681+01:00  INFO 5507 --- [    Test worker] tourGuide.service.RewardsService         : getDistance called
2023-01-22T16:10:38.681+01:00  INFO 5507 --- [    Test worker] tourGuide.service.RewardsService         : getDistance called
2023-01-22T16:10:38.681+01:00  INFO 5507 --- [    Test worker] tourGuide.service.RewardsService         : getDistance called
2023-01-22T16:10:38.681+01:00  INFO 5507 --- [    Test worker] tourGuide.service.RewardsService         : getDistance called
2023-01-22T16:10:38.681+01:00  INFO 5507 --- [    Test worker] tourGuide.service.RewardsService         : getDistance called
2023-01-22T16:10:38.681+01:00  INFO 5507 --- [    Test worker] tourGuide.service.RewardsService         : getDistance called
2023-01-22T16:10:38.681+01:00  INFO 5507 --- [    Test worker] tourGuide.service.RewardsService         : getDistance called
2023-01-22T16:10:38.682+01:00  INFO 5507 --- [    Test worker] tourGuide.service.RewardsService         : getDistance called
2023-01-22T16:10:38.682+01:00  INFO 5507 --- [    Test worker] tourGuide.service.RewardsService         : getDistance called
2023-01-22T16:10:38.682+01:00  INFO 5507 --- [    Test worker] tourGuide.service.RewardsService         : getDistance called
2023-01-22T16:10:38.682+01:00  INFO 5507 --- [    Test worker] tourGuide.service.RewardsService         : getDistance called
2023-01-22T16:10:38.682+01:00  INFO 5507 --- [    Test worker] tourGuide.service.RewardsService         : getDistance called
2023-01-22T16:10:38.682+01:00  INFO 5507 --- [    Test worker] tourGuide.service.RewardsService         : getDistance called
2023-01-22T16:10:38.682+01:00  INFO 5507 --- [    Test worker] tourGuide.service.RewardsService         : getDistance called
2023-01-22T16:10:38.682+01:00  INFO 5507 --- [    Test worker] tourGuide.service.RewardsService         : getDistance called
2023-01-22T16:10:38.682+01:00  INFO 5507 --- [    Test worker] tourGuide.service.RewardsService         : getDistance called
2023-01-22T16:10:38.682+01:00  INFO 5507 --- [    Test worker] tourGuide.service.RewardsService         : getDistance called
2023-01-22T16:10:38.682+01:00  INFO 5507 --- [    Test worker] tourGuide.service.RewardsService         : getDistance called
2023-01-22T16:10:38.682+01:00  INFO 5507 --- [    Test worker] tourGuide.service.RewardsService         : getDistance called
2023-01-22T16:10:38.682+01:00  INFO 5507 --- [    Test worker] tourGuide.service.RewardsService         : getDistance called
2023-01-22T16:10:38.682+01:00  INFO 5507 --- [    Test worker] tourGuide.service.RewardsService         : getDistance called
2023-01-22T16:10:38.682+01:00  INFO 5507 --- [    Test worker] tourGuide.service.RewardsService         : getDistance called
2023-01-22T16:10:38.682+01:00  INFO 5507 --- [    Test worker] tourGuide.service.RewardsService         : getDistance called
2023-01-22T16:10:38.682+01:00  INFO 5507 --- [    Test worker] tourGuide.service.RewardsService         : getDistance called
2023-01-22T16:10:38.682+01:00  INFO 5507 --- [    Test worker] tourGuide.service.RewardsService         : getDistance called
2023-01-22T16:10:38.682+01:00  INFO 5507 --- [    Test worker] tourGuide.service.RewardsService         : getDistance called
2023-01-22T16:10:38.682+01:00  INFO 5507 --- [    Test worker] tourGuide.service.RewardsService         : getDistance called
2023-01-22T16:10:38.682+01:00  INFO 5507 --- [    Test worker] tourGuide.service.RewardsService         : getDistance called
2023-01-22T16:10:38.682+01:00  INFO 5507 --- [    Test worker] tourGuide.service.RewardsService         : getDistance called
2023-01-22T16:10:38.682+01:00  INFO 5507 --- [    Test worker] tourGuide.service.RewardsService         : getDistance called
2023-01-22T16:10:38.682+01:00  INFO 5507 --- [    Test worker] tourGuide.service.RewardsService         : getDistance called
2023-01-22T16:10:38.682+01:00  INFO 5507 --- [    Test worker] tourGuide.service.RewardsService         : getDistance called
2023-01-22T16:10:38.682+01:00  INFO 5507 --- [    Test worker] tourGuide.service.RewardsService         : getDistance called
2023-01-22T16:10:38.682+01:00  INFO 5507 --- [    Test worker] tourGuide.service.RewardsService         : getDistance called
2023-01-22T16:10:38.682+01:00  INFO 5507 --- [    Test worker] tourGuide.service.RewardsService         : getDistance called
2023-01-22T16:10:38.682+01:00  INFO 5507 --- [    Test worker] tourGuide.service.RewardsService         : getDistance called
2023-01-22T16:10:38.682+01:00  INFO 5507 --- [    Test worker] tourGuide.service.RewardsService         : getDistance called
2023-01-22T16:10:38.682+01:00  INFO 5507 --- [    Test worker] tourGuide.service.RewardsService         : getDistance called
2023-01-22T16:10:38.682+01:00  INFO 5507 --- [    Test worker] tourGuide.service.RewardsService         : getDistance called
2023-01-22T16:10:38.682+01:00  INFO 5507 --- [    Test worker] tourGuide.service.RewardsService         : getDistance called
2023-01-22T16:10:38.682+01:00  INFO 5507 --- [    Test worker] tourGuide.service.RewardsService         : getDistance called
2023-01-22T16:10:38.682+01:00  INFO 5507 --- [    Test worker] tourGuide.service.RewardsService         : getDistance called
2023-01-22T16:10:38.682+01:00  INFO 5507 --- [    Test worker] tourGuide.service.RewardsService         : getDistance called
2023-01-22T16:10:38.682+01:00  INFO 5507 --- [    Test worker] tourGuide.service.RewardsService         : getDistance called
2023-01-22T16:10:38.682+01:00  INFO 5507 --- [    Test worker] tourGuide.service.RewardsService         : getDistance called
2023-01-22T16:10:38.682+01:00  INFO 5507 --- [    Test worker] tourGuide.service.RewardsService         : getDistance called
2023-01-22T16:10:38.682+01:00  INFO 5507 --- [    Test worker] tourGuide.service.RewardsService         : getDistance called
2023-01-22T16:10:38.683+01:00  INFO 5507 --- [    Test worker] tourGuide.service.RewardsService         : getDistance called
2023-01-22T16:10:38.683+01:00  INFO 5507 --- [    Test worker] tourGuide.service.RewardsService         : getDistance called
2023-01-22T16:10:38.683+01:00  INFO 5507 --- [    Test worker] tourGuide.service.RewardsService         : getDistance called
2023-01-22T16:10:38.683+01:00  INFO 5507 --- [    Test worker] tourGuide.service.RewardsService         : getDistance called
2023-01-22T16:10:38.683+01:00  INFO 5507 --- [    Test worker] tourGuide.service.RewardsService         : getDistance called
2023-01-22T16:10:38.683+01:00  INFO 5507 --- [    Test worker] tourGuide.service.RewardsService         : getDistance called
2023-01-22T16:10:38.683+01:00  INFO 5507 --- [    Test worker] tourGuide.service.RewardsService         : getDistance called
2023-01-22T16:10:38.683+01:00  INFO 5507 --- [    Test worker] tourGuide.service.RewardsService         : getDistance called
2023-01-22T16:10:38.683+01:00  INFO 5507 --- [    Test worker] tourGuide.service.RewardsService         : getDistance called
2023-01-22T16:10:38.683+01:00  INFO 5507 --- [    Test worker] tourGuide.service.RewardsService         : getDistance called
2023-01-22T16:10:38.683+01:00  INFO 5507 --- [    Test worker] tourGuide.service.RewardsService         : getDistance called
2023-01-22T16:10:38.683+01:00  INFO 5507 --- [    Test worker] tourGuide.service.RewardsService         : getDistance called
2023-01-22T16:10:38.683+01:00  INFO 5507 --- [    Test worker] tourGuide.service.RewardsService         : getDistance called
2023-01-22T16:10:38.683+01:00  INFO 5507 --- [    Test worker] tourGuide.service.RewardsService         : getDistance called
2023-01-22T16:10:38.683+01:00  INFO 5507 --- [    Test worker] tourGuide.service.RewardsService         : getDistance called
2023-01-22T16:10:38.683+01:00  INFO 5507 --- [    Test worker] tourGuide.service.RewardsService         : getDistance called
2023-01-22T16:10:38.683+01:00  INFO 5507 --- [    Test worker] tourGuide.service.RewardsService         : getDistance called
2023-01-22T16:10:38.683+01:00  INFO 5507 --- [    Test worker] tourGuide.service.RewardsService         : getDistance called
2023-01-22T16:10:38.683+01:00  INFO 5507 --- [    Test worker] tourGuide.service.RewardsService         : getDistance called
2023-01-22T16:10:38.683+01:00  INFO 5507 --- [    Test worker] tourGuide.service.RewardsService         : getDistance called
2023-01-22T16:10:38.683+01:00  INFO 5507 --- [    Test worker] tourGuide.service.RewardsService         : getDistance called
2023-01-22T16:10:38.683+01:00  INFO 5507 --- [    Test worker] tourGuide.service.RewardsService         : getDistance called
2023-01-22T16:10:38.683+01:00  INFO 5507 --- [    Test worker] tourGuide.service.RewardsService         : getDistance called
2023-01-22T16:10:38.683+01:00  INFO 5507 --- [    Test worker] tourGuide.service.RewardsService         : getDistance called
2023-01-22T16:10:38.683+01:00  INFO 5507 --- [    Test worker] tourGuide.service.RewardsService         : getDistance called
2023-01-22T16:10:38.683+01:00  INFO 5507 --- [    Test worker] tourGuide.service.RewardsService         : getDistance called
2023-01-22T16:10:38.683+01:00  INFO 5507 --- [    Test worker] tourGuide.service.RewardsService         : getDistance called
2023-01-22T16:10:38.684+01:00  INFO 5507 --- [    Test worker] tourGuide.service.RewardsService         : getDistance called
2023-01-22T16:10:38.684+01:00  INFO 5507 --- [    Test worker] tourGuide.service.RewardsService         : getDistance called
2023-01-22T16:10:38.684+01:00  INFO 5507 --- [    Test worker] tourGuide.service.RewardsService         : getDistance called
2023-01-22T16:10:38.684+01:00  INFO 5507 --- [    Test worker] tourGuide.service.RewardsService         : getDistance called
2023-01-22T16:10:38.684+01:00  INFO 5507 --- [    Test worker] tourGuide.service.RewardsService         : getDistance called
2023-01-22T16:10:38.684+01:00  INFO 5507 --- [    Test worker] tourGuide.service.RewardsService         : getDistance called
2023-01-22T16:10:38.684+01:00  INFO 5507 --- [    Test worker] tourGuide.service.RewardsService         : getDistance called
2023-01-22T16:10:38.684+01:00  INFO 5507 --- [    Test worker] tourGuide.service.RewardsService         : getDistance called
2023-01-22T16:10:38.684+01:00  INFO 5507 --- [    Test worker] tourGuide.service.RewardsService         : getDistance called
2023-01-22T16:10:38.684+01:00  INFO 5507 --- [    Test worker] tourGuide.service.RewardsService         : getDistance called
2023-01-22T16:10:38.684+01:00  INFO 5507 --- [    Test worker] tourGuide.service.RewardsService         : getDistance called
2023-01-22T16:10:38.684+01:00  INFO 5507 --- [    Test worker] tourGuide.service.RewardsService         : getDistance called
2023-01-22T16:10:38.684+01:00  INFO 5507 --- [    Test worker] tourGuide.service.RewardsService         : getDistance called
2023-01-22T16:10:38.684+01:00  INFO 5507 --- [    Test worker] tourGuide.service.RewardsService         : getDistance called
2023-01-22T16:10:38.684+01:00  INFO 5507 --- [    Test worker] tourGuide.service.RewardsService         : getDistance called
2023-01-22T16:10:38.684+01:00  INFO 5507 --- [    Test worker] tourGuide.service.RewardsService         : getDistance called
2023-01-22T16:10:38.684+01:00  INFO 5507 --- [    Test worker] tourGuide.service.RewardsService         : getDistance called
2023-01-22T16:10:38.684+01:00  INFO 5507 --- [    Test worker] tourGuide.service.RewardsService         : getDistance called
2023-01-22T16:10:38.684+01:00  INFO 5507 --- [    Test worker] tourGuide.service.RewardsService         : getDistance called
2023-01-22T16:10:38.684+01:00  INFO 5507 --- [    Test worker] tourGuide.service.RewardsService         : getDistance called
2023-01-22T16:10:38.684+01:00  INFO 5507 --- [    Test worker] tourGuide.service.RewardsService         : getDistance called
2023-01-22T16:10:38.684+01:00  INFO 5507 --- [    Test worker] tourGuide.service.RewardsService         : getDistance called
2023-01-22T16:10:38.684+01:00  INFO 5507 --- [    Test worker] tourGuide.service.RewardsService         : getDistance called
2023-01-22T16:10:38.684+01:00  INFO 5507 --- [    Test worker] tourGuide.service.RewardsService         : getDistance called
2023-01-22T16:10:38.684+01:00  INFO 5507 --- [    Test worker] tourGuide.service.RewardsService         : getDistance called
2023-01-22T16:10:38.684+01:00  INFO 5507 --- [    Test worker] tourGuide.service.RewardsService         : getDistance called
2023-01-22T16:10:38.684+01:00  INFO 5507 --- [    Test worker] tourGuide.service.RewardsService         : getDistance called
2023-01-22T16:10:38.684+01:00  INFO 5507 --- [    Test worker] tourGuide.service.RewardsService         : getDistance called
2023-01-22T16:10:38.684+01:00  INFO 5507 --- [    Test worker] tourGuide.service.RewardsService         : getDistance called
2023-01-22T16:10:38.684+01:00  INFO 5507 --- [    Test worker] tourGuide.service.RewardsService         : getDistance called
2023-01-22T16:10:38.684+01:00  INFO 5507 --- [    Test worker] tourGuide.service.RewardsService         : getDistance called
2023-01-22T16:10:38.684+01:00  INFO 5507 --- [    Test worker] tourGuide.service.RewardsService         : getDistance called
2023-01-22T16:10:38.684+01:00  INFO 5507 --- [    Test worker] tourGuide.service.RewardsService         : getDistance called
2023-01-22T16:10:38.685+01:00  INFO 5507 --- [    Test worker] tourGuide.service.RewardsService         : getDistance called
2023-01-22T16:10:38.685+01:00  INFO 5507 --- [    Test worker] tourGuide.service.RewardsService         : getDistance called
2023-01-22T16:10:38.685+01:00  INFO 5507 --- [    Test worker] tourGuide.service.RewardsService         : getDistance called
2023-01-22T16:10:38.685+01:00  INFO 5507 --- [    Test worker] tourGuide.service.RewardsService         : getDistance called
2023-01-22T16:10:38.685+01:00  INFO 5507 --- [    Test worker] tourGuide.service.RewardsService         : getDistance called
2023-01-22T16:10:38.685+01:00  INFO 5507 --- [    Test worker] tourGuide.service.RewardsService         : getDistance called
2023-01-22T16:10:38.685+01:00  INFO 5507 --- [    Test worker] tourGuide.service.RewardsService         : getDistance called
2023-01-22T16:10:38.685+01:00  INFO 5507 --- [    Test worker] tourGuide.service.RewardsService         : getDistance called
2023-01-22T16:10:38.685+01:00  INFO 5507 --- [    Test worker] tourGuide.service.RewardsService         : getDistance called
2023-01-22T16:10:38.685+01:00  INFO 5507 --- [    Test worker] tourGuide.service.RewardsService         : getDistance called
2023-01-22T16:10:38.685+01:00  INFO 5507 --- [    Test worker] tourGuide.service.RewardsService         : getDistance called
2023-01-22T16:10:38.686+01:00  INFO 5507 --- [    Test worker] tourGuide.service.RewardsService         : getDistance called
2023-01-22T16:10:38.686+01:00  INFO 5507 --- [    Test worker] tourGuide.service.RewardsService         : getAttractionRewardPoints called from RewardsService
2023-01-22T16:10:39.041+01:00  INFO 5507 --- [    Test worker] tourGuide.service.RewardsService         : getDistance called
2023-01-22T16:10:39.041+01:00  INFO 5507 --- [    Test worker] tourGuide.service.RewardsService         : getAttractionRewardPoints called from RewardsService
2023-01-22T16:10:39.263+01:00  INFO 5507 --- [    Test worker] tourGuide.service.RewardsService         : getDistance called
2023-01-22T16:10:39.263+01:00  INFO 5507 --- [    Test worker] tourGuide.service.RewardsService         : getAttractionRewardPoints called from RewardsService
2023-01-22T16:10:39.368+01:00  INFO 5507 --- [    Test worker] tourGuide.service.RewardsService         : getDistance called
2023-01-22T16:10:39.368+01:00  INFO 5507 --- [    Test worker] tourGuide.service.RewardsService         : getAttractionRewardPoints called from RewardsService
2023-01-22T16:10:39.690+01:00  INFO 5507 --- [    Test worker] tourGuide.service.RewardsService         : getDistance called
2023-01-22T16:10:39.690+01:00  INFO 5507 --- [    Test worker] tourGuide.service.RewardsService         : getAttractionRewardPoints called from RewardsService
2023-01-22T16:10:40.199+01:00  INFO 5507 --- [    Test worker] tourGuide.service.TourGuideService       : getClosestAttractionDtoList returned the list of the 5 ClosestAttractionDto from internalUser0
2023-01-22T16:10:40.210+01:00  INFO 5507 --- [    Test worker] t.controller.TourGuideController         : GET request received to /getTripDeals
2023-01-22T16:10:40.210+01:00  INFO 5507 --- [    Test worker] tourGuide.service.UserService            : internalUser0 returned by getUser
2023-01-22T16:10:40.223+01:00  INFO 5507 --- [    Test worker] tourGuide.service.TourGuideService       : Disneyland's objet returned from getAttractionByName
2023-01-22T16:10:40.245+01:00  INFO 5507 --- [    Test worker] tourGuide.service.TourGuideService       : Provider List returned from getTripDeals with internalUser0 and Disneyland
2023-01-22T16:10:40.256+01:00  INFO 5507 --- [    Test worker] t.controller.TourGuideController         : GET request received to /
]]></system-out>
  <system-err><![CDATA[]]></system-err>
</testsuite>
