<?xml version="1.0" encoding="UTF-8"?>
<testsuite name="tourGuide.controller.LocationControllerTest" tests="3" skipped="0" failures="0" errors="0" timestamp="2023-01-23T16:49:54" hostname="iMac.local" time="0.168">
  <properties/>
  <testcase name="should throw exception when username invalid" classname="tourGuide.controller.LocationControllerTest" time="0.158"/>
  <testcase name="should return the users location" classname="tourGuide.controller.LocationControllerTest" time="0.006"/>
  <testcase name="should return the last visited location" classname="tourGuide.controller.LocationControllerTest" time="0.002"/>
  <system-out><![CDATA[]]></system-out>
  <system-err><![CDATA[]]></system-err>
</testsuite>
