<?xml version="1.0" encoding="UTF-8"?>
<testsuite name="tourGuide.integration.UserIT" tests="2" skipped="0" failures="0" errors="0" timestamp="2023-01-23T17:54:17" hostname="iMac.local" time="0.169">
  <properties/>
  <testcase name="updateUserPreferencesIT()" classname="tourGuide.integration.UserIT" time="0.117"/>
  <testcase name="getUserPreferencesIT()" classname="tourGuide.integration.UserIT" time="0.051"/>
  <system-out><![CDATA[]]></system-out>
  <system-err><![CDATA[]]></system-err>
</testsuite>
