<?xml version="1.0" encoding="UTF-8"?>
<testsuite name="tourGuide.service.TourGuideServiceTest" tests="7" skipped="0" failures="0" errors="0" timestamp="2023-01-22T15:10:40" hostname="iMac.local" time="0.047">
  <properties/>
  <testcase name="getTripDeals_WhenInvalidUser_ShouldThrowNotExistingUserException()" classname="tourGuide.service.TourGuideServiceTest" time="0.022"/>
  <testcase name="testGetClosestAttractionDtoList_validInput()" classname="tourGuide.service.TourGuideServiceTest" time="0.008"/>
  <testcase name="testGetAttractionByName_InvalidAttractionName_throwsNotExistingAttractionException()" classname="tourGuide.service.TourGuideServiceTest" time="0.003"/>
  <testcase name="testGetAttractionByName_validAttractionName_returnsAttraction()" classname="tourGuide.service.TourGuideServiceTest" time="0.002"/>
  <testcase name="getTripDeals_WhenInvalidAttraction_ShouldThrowNotExistingAttractionException()" classname="tourGuide.service.TourGuideServiceTest" time="0.004"/>
  <testcase name="testGetNearByAttractions_validVisitedLocation_returnsSortedAttractions()" classname="tourGuide.service.TourGuideServiceTest" time="0.003"/>
  <testcase name="testGetClosestAttractionDtoList_invalidInput()" classname="tourGuide.service.TourGuideServiceTest" time="0.003"/>
  <system-out><![CDATA[2023-01-22T16:10:40.558+01:00  INFO 5507 --- [    Test worker] tourGuide.service.TourGuideService       : getClosestAttractionDtoList returned the list of the 5 ClosestAttractionDto from John
2023-01-22T16:10:40.560+01:00 ERROR 5507 --- [    Test worker] tourGuide.service.TourGuideService       : getAttractionByName throw NotExistingAttractionException for Invalid Attraction
2023-01-22T16:10:40.563+01:00  INFO 5507 --- [    Test worker] tourGuide.service.TourGuideService       : a's objet returned from getAttractionByName
2023-01-22T16:10:40.570+01:00  INFO 5507 --- [    Test worker] tourGuide.service.TourGuideService       : getNearByAttractions returned a list of the 5 nearest attractions
]]></system-out>
  <system-err><![CDATA[]]></system-err>
</testsuite>
