<?xml version="1.0" encoding="UTF-8"?>
<testsuite name="tourGuide.service.RewardsServiceTest" tests="7" skipped="0" failures="0" errors="0" timestamp="2023-01-11T15:49:07" hostname="iMac.local" time="0.042">
  <properties/>
  <testcase name="testIsWithinAttractionProximity_outsideRange()" classname="tourGuide.service.RewardsServiceTest" time="0.021"/>
  <testcase name="testGetRewardPoints()" classname="tourGuide.service.RewardsServiceTest" time="0.003"/>
  <testcase name="testGetUserRewards()" classname="tourGuide.service.RewardsServiceTest" time="0.004"/>
  <testcase name="testNearAttraction_withinProximityBuffer()" classname="tourGuide.service.RewardsServiceTest" time="0.002"/>
  <testcase name="testIsWithinAttractionProximity_withinRange()" classname="tourGuide.service.RewardsServiceTest" time="0.002"/>
  <testcase name="testNearAttraction_outsideProximityBuffer()" classname="tourGuide.service.RewardsServiceTest" time="0.002"/>
  <testcase name="testGetDistance()" classname="tourGuide.service.RewardsServiceTest" time="0.002"/>
  <system-out><![CDATA[]]></system-out>
  <system-err><![CDATA[]]></system-err>
</testsuite>
