<?xml version="1.0" encoding="UTF-8"?>
<testsuite name="tourGuide.TestPerformance" tests="2" skipped="0" failures="0" errors="0" timestamp="2023-01-23T16:49:52" hostname="iMac.local" time="1.51">
  <properties/>
  <testcase name="Up to 100000 users track location tested in less than 15 minutes" classname="tourGuide.TestPerformance" time="0.194"/>
  <testcase name="Up to 100000 users get rewards tested in less than 20 minutes" classname="tourGuide.TestPerformance" time="1.314"/>
  <system-out><![CDATA[
  .   ____          _            __ _ _
 /\\ / ___'_ __ _ _(_)_ __  __ _ \ \ \ \
( ( )\___ | '_ | '_| | '_ \/ _` | \ \ \ \
 \\/  ___)| |_)| | | | | || (_| |  ) ) ) )
  '  |____| .__|_| |_|_| |_\__, | / / / /
 =========|_|==============|___/=/_/_/_/
 :: Spring Boot ::                (v3.0.1)

 
  _______                _____       _     _      
 |__   __|              / ____|     (_)   | |     
    | | ___  _   _ _ __| |  __ _   _ _  __| | ___ 
    | |/ _ \| | | | '__| | |_ | | | | |/ _` |/ _ \
    | | (_) | |_| | |  | |__| | |_| | | (_| |  __/
    |_|\___/ \__,_|_|   \_____|\__,_|_|\__,_|\___|
 =================================================
 :: APP ::                                (v1.0.0)
 
100 users tracked correctly
highVolumeTrackLocation: Time Elapsed: 0 seconds.
]]></system-out>
  <system-err><![CDATA[]]></system-err>
</testsuite>
