<?xml version="1.0" encoding="UTF-8"?>
<testsuite name="tourGuide.service.RewardsServiceTest" tests="7" skipped="0" failures="0" errors="0" timestamp="2023-01-21T20:13:53" hostname="iMac.local" time="1.008">
  <properties/>
  <testcase name="testIsWithinAttractionProximity_outsideRange()" classname="tourGuide.service.RewardsServiceTest" time="0.039"/>
  <testcase name="testGetRewardPoints()" classname="tourGuide.service.RewardsServiceTest" time="0.895"/>
  <testcase name="testGetUserRewards()" classname="tourGuide.service.RewardsServiceTest" time="0.014"/>
  <testcase name="testNearAttraction_withinProximityBuffer()" classname="tourGuide.service.RewardsServiceTest" time="0.013"/>
  <testcase name="testIsWithinAttractionProximity_withinRange()" classname="tourGuide.service.RewardsServiceTest" time="0.015"/>
  <testcase name="testNearAttraction_outsideProximityBuffer()" classname="tourGuide.service.RewardsServiceTest" time="0.014"/>
  <testcase name="testGetDistance()" classname="tourGuide.service.RewardsServiceTest" time="0.014"/>
  <system-out><![CDATA[2023-01-21T21:13:53.483+01:00  INFO 3620 --- [    Test worker] tourGuide.service.RewardsService         : isWithinAttractionProximity called with Eiffel Tower
2023-01-21T21:13:53.483+01:00  INFO 3620 --- [    Test worker] tourGuide.service.RewardsService         : getDistance called
2023-01-21T21:13:54.380+01:00  INFO 3620 --- [    Test worker] tourGuide.service.RewardsService         : getRewardPoints called with Eiffel Tower and a
2023-01-21T21:13:54.395+01:00  INFO 3620 --- [    Test worker] tourGuide.service.RewardsService         : List of UserReward returned by getUserRewards with a
2023-01-21T21:13:54.408+01:00  INFO 3620 --- [    Test worker] tourGuide.service.RewardsService         : nearAttraction called with Eiffel Tower
2023-01-21T21:13:54.423+01:00  INFO 3620 --- [    Test worker] tourGuide.service.RewardsService         : isWithinAttractionProximity called with Eiffel Tower
2023-01-21T21:13:54.424+01:00  INFO 3620 --- [    Test worker] tourGuide.service.RewardsService         : getDistance called
2023-01-21T21:13:54.437+01:00  INFO 3620 --- [    Test worker] tourGuide.service.RewardsService         : nearAttraction called with Eiffel Tower
2023-01-21T21:13:54.453+01:00  INFO 3620 --- [    Test worker] tourGuide.service.RewardsService         : getDistance called
]]></system-out>
  <system-err><![CDATA[]]></system-err>
</testsuite>
