<?xml version="1.0" encoding="UTF-8"?>
<testsuite name="tourGuide.service.LocationServiceTest" tests="1" skipped="0" failures="0" errors="0" timestamp="2023-01-19T16:19:38" hostname="iMac.local" time="1.298">
  <properties/>
  <testcase name="trackUserLocation_invalidUser_exceptionThrown()" classname="tourGuide.service.LocationServiceTest" time="1.298"/>
  <system-out><![CDATA[17:19:39.422 [Test worker] INFO tourGuide.service.LocationService - VisitedLocation returned by trackUserLocation with 
]]></system-out>
  <system-err><![CDATA[]]></system-err>
</testsuite>
