<?xml version="1.0" encoding="UTF-8"?>
<testsuite name="tourGuide.TestPerformance" tests="1" skipped="0" failures="0" errors="0" timestamp="2023-01-19T22:17:16" hostname="iMac.local" time="2.02">
  <properties/>
  <testcase name="Up to 100000 users get rewards tested in less than 20 minutes" classname="tourGuide.TestPerformance" time="2.02"/>
  <system-out><![CDATA[23:17:13.629 [Test worker] DEBUG org.springframework.boot.test.context.SpringBootTestContextBootstrapper - Neither @ContextConfiguration nor @ContextHierarchy found for test class [TestPerformance]: using SpringBootContextLoader
23:17:13.640 [Test worker] DEBUG org.springframework.test.context.support.AbstractContextLoader - Could not detect default resource locations for test class [tourGuide.TestPerformance]: no resource found for suffixes {-context.xml, Context.groovy}.
23:17:13.642 [Test worker] INFO org.springframework.test.context.support.AnnotationConfigContextLoaderUtils - Could not detect default configuration classes for test class [tourGuide.TestPerformance]: TestPerformance does not declare any static, non-private, non-final, nested classes annotated with @Configuration.
23:17:13.694 [Test worker] DEBUG org.springframework.boot.test.context.SpringBootTestContextBootstrapper - Using ContextCustomizers for test class [TestPerformance]: [DisableObservabilityContextCustomizer, PropertyMappingContextCustomizer, Customizer, ExcludeFilterContextCustomizer, DuplicateJsonObjectContextCustomizer, MockitoContextCustomizer, TestRestTemplateContextCustomizer]
23:17:13.817 [Test worker] DEBUG org.springframework.context.annotation.ClassPathScanningCandidateComponentProvider - Identified candidate component class: file [/Users/hashtuce/Library/Mobile Documents/com~apple~CloudDocs/Projets/Projet 8/TourGuide/build/classes/java/main/tourGuide/Application.class]
23:17:13.819 [Test worker] INFO org.springframework.boot.test.context.SpringBootTestContextBootstrapper - Found @SpringBootConfiguration tourGuide.Application for test class tourGuide.TestPerformance
23:17:13.978 [Test worker] DEBUG org.springframework.test.context.util.TestContextSpringFactoriesUtils - Skipping candidate TestExecutionListener [org.springframework.test.context.transaction.TransactionalTestExecutionListener] due to a missing dependency. Specify custom TestExecutionListener classes or make the default TestExecutionListener classes and their required dependencies available. Offending class: [org/springframework/transaction/interceptor/TransactionAttributeSource]
23:17:13.981 [Test worker] DEBUG org.springframework.test.context.util.TestContextSpringFactoriesUtils - Skipping candidate TestExecutionListener [org.springframework.test.context.jdbc.SqlScriptsTestExecutionListener] due to a missing dependency. Specify custom TestExecutionListener classes or make the default TestExecutionListener classes and their required dependencies available. Offending class: [org/springframework/transaction/interceptor/TransactionAttribute]
23:17:13.983 [Test worker] DEBUG org.springframework.boot.test.context.SpringBootTestContextBootstrapper - Using TestExecutionListeners for test class [TestPerformance]: [ServletTestExecutionListener, DirtiesContextBeforeModesTestExecutionListener, ApplicationEventsTestExecutionListener, MockitoTestExecutionListener, DependencyInjectionTestExecutionListener, DirtiesContextTestExecutionListener, EventPublishingTestExecutionListener, RestDocsTestExecutionListener, MockRestServiceServerResetTestExecutionListener, MockMvcPrintOnlyOnFailureTestExecutionListener, WebDriverTestExecutionListener, MockWebServiceServerTestExecutionListener, ResetMocksTestExecutionListener]
23:17:13.986 [Test worker] DEBUG org.springframework.test.context.support.AbstractDirtiesContextTestExecutionListener - Before test class: class [TestPerformance], class annotated with @DirtiesContext [false] with mode [null]

  .   ____          _            __ _ _
 /\\ / ___'_ __ _ _(_)_ __  __ _ \ \ \ \
( ( )\___ | '_ | '_| | '_ \/ _` | \ \ \ \
 \\/  ___)| |_)| | | | | || (_| |  ) ) ) )
  '  |____| .__|_| |_|_| |_\__, | / / / /
 =========|_|==============|___/=/_/_/_/
 :: Spring Boot ::                (v3.0.1)

2023-01-19T23:17:14.424+01:00  INFO 2543 --- [    Test worker] tourGuide.TestPerformance                : Starting TestPerformance using Java 19.0.1 with PID 2543 (started by hashtuce in /Users/hashtuce/Library/Mobile Documents/com~apple~CloudDocs/Projets/Projet 8/TourGuide)
2023-01-19T23:17:14.426+01:00 DEBUG 2543 --- [    Test worker] tourGuide.TestPerformance                : Running with Spring Boot v3.0.1, Spring v6.0.3
2023-01-19T23:17:14.427+01:00  INFO 2543 --- [    Test worker] tourGuide.TestPerformance                : No active profile set, falling back to 1 default profile: "default"
2023-01-19T23:17:15.786+01:00  INFO 2543 --- [    Test worker] tourGuide.repository.UserRepository      : TestMode enabled
2023-01-19T23:17:15.786+01:00 DEBUG 2543 --- [    Test worker] tourGuide.repository.UserRepository      : Initializing users
2023-01-19T23:17:15.815+01:00  INFO 2543 --- [    Test worker] o.j.m.DefaultMonetaryContextFactory      : Using custom MathContext: precision=256, roundingMode=HALF_EVEN
2023-01-19T23:17:15.837+01:00 DEBUG 2543 --- [    Test worker] tourGuide.repository.UserRepository      : Created 100 internal test users.
2023-01-19T23:17:15.837+01:00 DEBUG 2543 --- [    Test worker] tourGuide.repository.UserRepository      : Finished initializing users
2023-01-19T23:17:16.665+01:00  INFO 2543 --- [    Test worker] o.s.b.a.e.web.EndpointLinksResolver      : Exposing 1 endpoint(s) beneath base path '/actuator'
2023-01-19T23:17:16.715+01:00  INFO 2543 --- [    Test worker] tourGuide.TestPerformance                : Started TestPerformance in 2.671 seconds (process running for 4.495)
 
  _______                _____       _     _      
 |__   __|              / ____|     (_)   | |     
    | | ___  _   _ _ __| |  __ _   _ _  __| | ___ 
    | |/ _ \| | | | '__| | |_ | | | | |/ _` |/ _ \
    | | (_) | |_| | |  | |__| | |_| | | (_| |  __/
    |_|\___/ \__,_|_|   \_____|\__,_|_|\__,_|\___|
 =================================================
 :: APP ::                                (v1.0.0)
 
2023-01-19T23:17:17.347+01:00 DEBUG 2543 --- [    Test worker] tourGuide.repository.UserRepository      : Created 100 internal test users without history.
2023-01-19T23:17:17.360+01:00  INFO 2543 --- [    Test worker] tourGuide.service.UserService            : List of all users returned by getAllUsers
2023-01-19T23:17:17.374+01:00  INFO 2543 --- [pool-1-thread-7] tourGuide.service.RewardsService         : nearAttraction called with Disneyland
2023-01-19T23:17:17.374+01:00  INFO 2543 --- [pool-1-thread-6] tourGuide.service.RewardsService         : nearAttraction called with Disneyland
2023-01-19T23:17:17.374+01:00  INFO 2543 --- [pool-1-thread-7] tourGuide.service.RewardsService         : getDistance called
2023-01-19T23:17:17.375+01:00  INFO 2543 --- [pool-1-thread-6] tourGuide.service.RewardsService         : getDistance called
2023-01-19T23:17:17.375+01:00  INFO 2543 --- [ool-1-thread-16] tourGuide.service.RewardsService         : nearAttraction called with Disneyland
2023-01-19T23:17:17.375+01:00  INFO 2543 --- [pool-1-thread-6] tourGuide.service.RewardsService         : getRewardPoints called with Disneyland and internalUser76
2023-01-19T23:17:17.375+01:00  INFO 2543 --- [ool-1-thread-16] tourGuide.service.RewardsService         : getDistance called
2023-01-19T23:17:17.375+01:00  INFO 2543 --- [ool-1-thread-16] tourGuide.service.RewardsService         : getRewardPoints called with Disneyland and internalUser87
2023-01-19T23:17:17.375+01:00  INFO 2543 --- [pool-1-thread-7] tourGuide.service.RewardsService         : getRewardPoints called with Disneyland and internalUser75
2023-01-19T23:17:17.376+01:00  INFO 2543 --- [ool-1-thread-23] tourGuide.service.RewardsService         : nearAttraction called with Disneyland
2023-01-19T23:17:17.376+01:00  INFO 2543 --- [ool-1-thread-22] tourGuide.service.RewardsService         : nearAttraction called with Disneyland
2023-01-19T23:17:17.376+01:00  INFO 2543 --- [ool-1-thread-26] tourGuide.service.RewardsService         : nearAttraction called with Disneyland
2023-01-19T23:17:17.376+01:00  INFO 2543 --- [ool-1-thread-26] tourGuide.service.RewardsService         : getDistance called
2023-01-19T23:17:17.376+01:00  INFO 2543 --- [ool-1-thread-22] tourGuide.service.RewardsService         : getDistance called
2023-01-19T23:17:17.376+01:00  INFO 2543 --- [ool-1-thread-26] tourGuide.service.RewardsService         : getRewardPoints called with Disneyland and internalUser15
2023-01-19T23:17:17.376+01:00  INFO 2543 --- [ool-1-thread-22] tourGuide.service.RewardsService         : getRewardPoints called with Disneyland and internalUser9
2023-01-19T23:17:17.376+01:00  INFO 2543 --- [ool-1-thread-23] tourGuide.service.RewardsService         : getDistance called
2023-01-19T23:17:17.376+01:00  INFO 2543 --- [ool-1-thread-23] tourGuide.service.RewardsService         : getRewardPoints called with Disneyland and internalUser8
2023-01-19T23:17:17.377+01:00  INFO 2543 --- [ool-1-thread-30] tourGuide.service.RewardsService         : nearAttraction called with Disneyland
2023-01-19T23:17:17.377+01:00  INFO 2543 --- [ool-1-thread-30] tourGuide.service.RewardsService         : getDistance called
2023-01-19T23:17:17.377+01:00  INFO 2543 --- [ool-1-thread-30] tourGuide.service.RewardsService         : getRewardPoints called with Disneyland and internalUser11
2023-01-19T23:17:17.377+01:00  INFO 2543 --- [pool-1-thread-1] tourGuide.service.RewardsService         : nearAttraction called with Disneyland
2023-01-19T23:17:17.377+01:00  INFO 2543 --- [pool-1-thread-1] tourGuide.service.RewardsService         : getDistance called
2023-01-19T23:17:17.378+01:00  INFO 2543 --- [pool-1-thread-1] tourGuide.service.RewardsService         : getRewardPoints called with Disneyland and internalUser78
2023-01-19T23:17:17.376+01:00  INFO 2543 --- [ool-1-thread-25] tourGuide.service.RewardsService         : nearAttraction called with Disneyland
2023-01-19T23:17:17.378+01:00  INFO 2543 --- [ool-1-thread-39] tourGuide.service.RewardsService         : nearAttraction called with Disneyland
2023-01-19T23:17:17.378+01:00  INFO 2543 --- [ool-1-thread-39] tourGuide.service.RewardsService         : getDistance called
2023-01-19T23:17:17.378+01:00  INFO 2543 --- [ool-1-thread-39] tourGuide.service.RewardsService         : getRewardPoints called with Disneyland and internalUser10
2023-01-19T23:17:17.376+01:00  INFO 2543 --- [ool-1-thread-24] tourGuide.service.RewardsService         : nearAttraction called with Disneyland
2023-01-19T23:17:17.379+01:00  INFO 2543 --- [ool-1-thread-29] tourGuide.service.RewardsService         : nearAttraction called with Disneyland
2023-01-19T23:17:17.379+01:00  INFO 2543 --- [ool-1-thread-46] tourGuide.service.RewardsService         : nearAttraction called with Disneyland
2023-01-19T23:17:17.379+01:00  INFO 2543 --- [ool-1-thread-46] tourGuide.service.RewardsService         : getDistance called
2023-01-19T23:17:17.380+01:00  INFO 2543 --- [ool-1-thread-46] tourGuide.service.RewardsService         : getRewardPoints called with Disneyland and internalUser91
2023-01-19T23:17:17.376+01:00  INFO 2543 --- [pool-1-thread-3] tourGuide.service.RewardsService         : nearAttraction called with Disneyland
2023-01-19T23:17:17.380+01:00  INFO 2543 --- [ool-1-thread-50] tourGuide.service.RewardsService         : nearAttraction called with Disneyland
2023-01-19T23:17:17.380+01:00  INFO 2543 --- [ool-1-thread-50] tourGuide.service.RewardsService         : getDistance called
2023-01-19T23:17:17.380+01:00  INFO 2543 --- [ool-1-thread-50] tourGuide.service.RewardsService         : getRewardPoints called with Disneyland and internalUser93
2023-01-19T23:17:17.381+01:00  INFO 2543 --- [pool-1-thread-9] tourGuide.service.RewardsService         : nearAttraction called with Disneyland
2023-01-19T23:17:17.381+01:00  INFO 2543 --- [pool-1-thread-9] tourGuide.service.RewardsService         : getDistance called
2023-01-19T23:17:17.381+01:00  INFO 2543 --- [pool-1-thread-9] tourGuide.service.RewardsService         : getRewardPoints called with Disneyland and internalUser72
2023-01-19T23:17:17.378+01:00  INFO 2543 --- [ool-1-thread-31] tourGuide.service.RewardsService         : nearAttraction called with Disneyland
2023-01-19T23:17:17.382+01:00  INFO 2543 --- [ool-1-thread-61] tourGuide.service.RewardsService         : nearAttraction called with Disneyland
2023-01-19T23:17:17.382+01:00  INFO 2543 --- [ool-1-thread-61] tourGuide.service.RewardsService         : getDistance called
2023-01-19T23:17:17.382+01:00  INFO 2543 --- [ool-1-thread-61] tourGuide.service.RewardsService         : getRewardPoints called with Disneyland and internalUser38
2023-01-19T23:17:17.378+01:00  INFO 2543 --- [ool-1-thread-25] tourGuide.service.RewardsService         : getDistance called
2023-01-19T23:17:17.382+01:00  INFO 2543 --- [ool-1-thread-25] tourGuide.service.RewardsService         : getRewardPoints called with Disneyland and internalUser16
2023-01-19T23:17:17.383+01:00  INFO 2543 --- [ool-1-thread-70] tourGuide.service.RewardsService         : nearAttraction called with Disneyland
2023-01-19T23:17:17.383+01:00  INFO 2543 --- [ool-1-thread-70] tourGuide.service.RewardsService         : getDistance called
2023-01-19T23:17:17.383+01:00  INFO 2543 --- [ool-1-thread-70] tourGuide.service.RewardsService         : getRewardPoints called with Disneyland and internalUser31
2023-01-19T23:17:17.383+01:00  INFO 2543 --- [ool-1-thread-37] tourGuide.service.RewardsService         : nearAttraction called with Disneyland
2023-01-19T23:17:17.379+01:00  INFO 2543 --- [ool-1-thread-24] tourGuide.service.RewardsService         : getDistance called
2023-01-19T23:17:17.383+01:00  INFO 2543 --- [ool-1-thread-37] tourGuide.service.RewardsService         : getDistance called
2023-01-19T23:17:17.383+01:00  INFO 2543 --- [ool-1-thread-48] tourGuide.service.RewardsService         : nearAttraction called with Disneyland
2023-01-19T23:17:17.379+01:00  INFO 2543 --- [ool-1-thread-29] tourGuide.service.RewardsService         : getDistance called
2023-01-19T23:17:17.384+01:00  INFO 2543 --- [ool-1-thread-29] tourGuide.service.RewardsService         : getRewardPoints called with Disneyland and internalUser12
2023-01-19T23:17:17.384+01:00  INFO 2543 --- [ool-1-thread-33] tourGuide.service.RewardsService         : nearAttraction called with Disneyland
2023-01-19T23:17:17.384+01:00  INFO 2543 --- [ool-1-thread-33] tourGuide.service.RewardsService         : getDistance called
2023-01-19T23:17:17.384+01:00  INFO 2543 --- [ool-1-thread-33] tourGuide.service.RewardsService         : getRewardPoints called with Disneyland and internalUser13
2023-01-19T23:17:17.380+01:00  INFO 2543 --- [ool-1-thread-43] tourGuide.service.RewardsService         : nearAttraction called with Disneyland
2023-01-19T23:17:17.385+01:00  INFO 2543 --- [ool-1-thread-43] tourGuide.service.RewardsService         : getDistance called
2023-01-19T23:17:17.380+01:00  INFO 2543 --- [pool-1-thread-3] tourGuide.service.RewardsService         : getDistance called
2023-01-19T23:17:17.385+01:00  INFO 2543 --- [ool-1-thread-28] tourGuide.service.RewardsService         : nearAttraction called with Disneyland
2023-01-19T23:17:17.385+01:00  INFO 2543 --- [ool-1-thread-28] tourGuide.service.RewardsService         : getDistance called
2023-01-19T23:17:17.385+01:00  INFO 2543 --- [ool-1-thread-28] tourGuide.service.RewardsService         : getRewardPoints called with Disneyland and internalUser17
2023-01-19T23:17:17.381+01:00  INFO 2543 --- [ool-1-thread-59] tourGuide.service.RewardsService         : nearAttraction called with Disneyland
2023-01-19T23:17:17.385+01:00  INFO 2543 --- [ool-1-thread-59] tourGuide.service.RewardsService         : getDistance called
2023-01-19T23:17:17.386+01:00  INFO 2543 --- [ool-1-thread-59] tourGuide.service.RewardsService         : getRewardPoints called with Disneyland and internalUser21
2023-01-19T23:17:17.386+01:00  INFO 2543 --- [ool-1-thread-51] tourGuide.service.RewardsService         : nearAttraction called with Disneyland
2023-01-19T23:17:17.386+01:00  INFO 2543 --- [ool-1-thread-14] tourGuide.service.RewardsService         : nearAttraction called with Disneyland
2023-01-19T23:17:17.386+01:00  INFO 2543 --- [ool-1-thread-49] tourGuide.service.RewardsService         : nearAttraction called with Disneyland
2023-01-19T23:17:17.386+01:00  INFO 2543 --- [ool-1-thread-49] tourGuide.service.RewardsService         : getDistance called
2023-01-19T23:17:17.386+01:00  INFO 2543 --- [ool-1-thread-49] tourGuide.service.RewardsService         : getRewardPoints called with Disneyland and internalUser4
2023-01-19T23:17:17.387+01:00  INFO 2543 --- [ool-1-thread-13] tourGuide.service.RewardsService         : nearAttraction called with Disneyland
2023-01-19T23:17:17.387+01:00  INFO 2543 --- [ool-1-thread-47] tourGuide.service.RewardsService         : nearAttraction called with Disneyland
2023-01-19T23:17:17.387+01:00  INFO 2543 --- [ool-1-thread-47] tourGuide.service.RewardsService         : getDistance called
2023-01-19T23:17:17.387+01:00  INFO 2543 --- [ool-1-thread-21] tourGuide.service.RewardsService         : nearAttraction called with Disneyland
2023-01-19T23:17:17.387+01:00  INFO 2543 --- [ool-1-thread-21] tourGuide.service.RewardsService         : getDistance called
2023-01-19T23:17:17.387+01:00  INFO 2543 --- [ool-1-thread-60] tourGuide.service.RewardsService         : nearAttraction called with Disneyland
2023-01-19T23:17:17.387+01:00  INFO 2543 --- [ool-1-thread-60] tourGuide.service.RewardsService         : getDistance called
2023-01-19T23:17:17.388+01:00  INFO 2543 --- [pool-1-thread-4] tourGuide.service.RewardsService         : nearAttraction called with Disneyland
2023-01-19T23:17:17.388+01:00  INFO 2543 --- [pool-1-thread-4] tourGuide.service.RewardsService         : getDistance called
2023-01-19T23:17:17.388+01:00  INFO 2543 --- [pool-1-thread-4] tourGuide.service.RewardsService         : getRewardPoints called with Disneyland and internalUser74
2023-01-19T23:17:17.381+01:00  INFO 2543 --- [ool-1-thread-41] tourGuide.service.RewardsService         : nearAttraction called with Disneyland
2023-01-19T23:17:17.388+01:00  INFO 2543 --- [ool-1-thread-15] tourGuide.service.RewardsService         : nearAttraction called with Disneyland
2023-01-19T23:17:17.388+01:00  INFO 2543 --- [ool-1-thread-15] tourGuide.service.RewardsService         : getDistance called
2023-01-19T23:17:17.389+01:00  INFO 2543 --- [ool-1-thread-15] tourGuide.service.RewardsService         : getRewardPoints called with Disneyland and internalUser84
2023-01-19T23:17:17.382+01:00  INFO 2543 --- [ool-1-thread-31] tourGuide.service.RewardsService         : getDistance called
2023-01-19T23:17:17.389+01:00  INFO 2543 --- [ool-1-thread-18] tourGuide.service.RewardsService         : nearAttraction called with Disneyland
2023-01-19T23:17:17.389+01:00  INFO 2543 --- [ool-1-thread-18] tourGuide.service.RewardsService         : getDistance called
2023-01-19T23:17:17.389+01:00  INFO 2543 --- [ool-1-thread-18] tourGuide.service.RewardsService         : getRewardPoints called with Disneyland and internalUser81
2023-01-19T23:17:17.389+01:00  INFO 2543 --- [ool-1-thread-67] tourGuide.service.RewardsService         : nearAttraction called with Disneyland
2023-01-19T23:17:17.389+01:00  INFO 2543 --- [ool-1-thread-67] tourGuide.service.RewardsService         : getDistance called
2023-01-19T23:17:17.389+01:00  INFO 2543 --- [ool-1-thread-67] tourGuide.service.RewardsService         : getRewardPoints called with Disneyland and internalUser35
2023-01-19T23:17:17.390+01:00  INFO 2543 --- [ool-1-thread-32] tourGuide.service.RewardsService         : nearAttraction called with Disneyland
2023-01-19T23:17:17.390+01:00  INFO 2543 --- [ool-1-thread-32] tourGuide.service.RewardsService         : getDistance called
2023-01-19T23:17:17.390+01:00  INFO 2543 --- [ool-1-thread-32] tourGuide.service.RewardsService         : getRewardPoints called with Disneyland and internalUser14
2023-01-19T23:17:17.382+01:00  INFO 2543 --- [ool-1-thread-69] tourGuide.service.RewardsService         : nearAttraction called with Disneyland
2023-01-19T23:17:17.390+01:00  INFO 2543 --- [ool-1-thread-69] tourGuide.service.RewardsService         : getDistance called
2023-01-19T23:17:17.390+01:00  INFO 2543 --- [ool-1-thread-69] tourGuide.service.RewardsService         : getRewardPoints called with Disneyland and internalUser32
2023-01-19T23:17:17.382+01:00  INFO 2543 --- [ool-1-thread-38] tourGuide.service.RewardsService         : nearAttraction called with Disneyland
2023-01-19T23:17:17.391+01:00  INFO 2543 --- [pool-1-thread-2] tourGuide.service.RewardsService         : nearAttraction called with Disneyland
2023-01-19T23:17:17.391+01:00  INFO 2543 --- [ool-1-thread-45] tourGuide.service.RewardsService         : nearAttraction called with Disneyland
2023-01-19T23:17:17.391+01:00  INFO 2543 --- [ool-1-thread-45] tourGuide.service.RewardsService         : getDistance called
2023-01-19T23:17:17.391+01:00  INFO 2543 --- [ool-1-thread-10] tourGuide.service.RewardsService         : nearAttraction called with Disneyland
2023-01-19T23:17:17.391+01:00  INFO 2543 --- [ool-1-thread-10] tourGuide.service.RewardsService         : getDistance called
2023-01-19T23:17:17.391+01:00  INFO 2543 --- [ool-1-thread-10] tourGuide.service.RewardsService         : getRewardPoints called with Disneyland and internalUser71
2023-01-19T23:17:17.391+01:00  INFO 2543 --- [ool-1-thread-34] tourGuide.service.RewardsService         : nearAttraction called with Disneyland
2023-01-19T23:17:17.392+01:00  INFO 2543 --- [ool-1-thread-34] tourGuide.service.RewardsService         : getDistance called
2023-01-19T23:17:17.392+01:00  INFO 2543 --- [ool-1-thread-34] tourGuide.service.RewardsService         : getRewardPoints called with Disneyland and internalUser3
2023-01-19T23:17:17.392+01:00  INFO 2543 --- [ool-1-thread-62] tourGuide.service.RewardsService         : nearAttraction called with Disneyland
2023-01-19T23:17:17.392+01:00  INFO 2543 --- [ool-1-thread-62] tourGuide.service.RewardsService         : getDistance called
2023-01-19T23:17:17.392+01:00  INFO 2543 --- [ool-1-thread-62] tourGuide.service.RewardsService         : getRewardPoints called with Disneyland and internalUser37
2023-01-19T23:17:17.392+01:00  INFO 2543 --- [ool-1-thread-65] tourGuide.service.RewardsService         : nearAttraction called with Disneyland
2023-01-19T23:17:17.392+01:00  INFO 2543 --- [ool-1-thread-65] tourGuide.service.RewardsService         : getDistance called
2023-01-19T23:17:17.393+01:00  INFO 2543 --- [ool-1-thread-65] tourGuide.service.RewardsService         : getRewardPoints called with Disneyland and internalUser33
2023-01-19T23:17:17.383+01:00  INFO 2543 --- [ool-1-thread-53] tourGuide.service.RewardsService         : nearAttraction called with Disneyland
2023-01-19T23:17:17.393+01:00  INFO 2543 --- [ool-1-thread-53] tourGuide.service.RewardsService         : getDistance called
2023-01-19T23:17:17.393+01:00  INFO 2543 --- [ool-1-thread-53] tourGuide.service.RewardsService         : getRewardPoints called with Disneyland and internalUser29
2023-01-19T23:17:17.393+01:00  INFO 2543 --- [ool-1-thread-68] tourGuide.service.RewardsService         : nearAttraction called with Disneyland
2023-01-19T23:17:17.393+01:00  INFO 2543 --- [ool-1-thread-68] tourGuide.service.RewardsService         : getDistance called
2023-01-19T23:17:17.383+01:00  INFO 2543 --- [ool-1-thread-24] tourGuide.service.RewardsService         : getRewardPoints called with Disneyland and internalUser19
2023-01-19T23:17:17.393+01:00  INFO 2543 --- [ool-1-thread-55] tourGuide.service.RewardsService         : nearAttraction called with Disneyland
2023-01-19T23:17:17.394+01:00  INFO 2543 --- [ool-1-thread-54] tourGuide.service.RewardsService         : nearAttraction called with Disneyland
2023-01-19T23:17:17.394+01:00  INFO 2543 --- [ool-1-thread-54] tourGuide.service.RewardsService         : getDistance called
2023-01-19T23:17:17.394+01:00  INFO 2543 --- [ool-1-thread-66] tourGuide.service.RewardsService         : nearAttraction called with Disneyland
2023-01-19T23:17:17.394+01:00  INFO 2543 --- [ool-1-thread-66] tourGuide.service.RewardsService         : getDistance called
2023-01-19T23:17:17.394+01:00  INFO 2543 --- [ool-1-thread-64] tourGuide.service.RewardsService         : nearAttraction called with Disneyland
2023-01-19T23:17:17.395+01:00  INFO 2543 --- [ool-1-thread-64] tourGuide.service.RewardsService         : getDistance called
2023-01-19T23:17:17.395+01:00  INFO 2543 --- [ool-1-thread-63] tourGuide.service.RewardsService         : nearAttraction called with Disneyland
2023-01-19T23:17:17.395+01:00  INFO 2543 --- [ool-1-thread-63] tourGuide.service.RewardsService         : getDistance called
2023-01-19T23:17:17.395+01:00  INFO 2543 --- [ool-1-thread-63] tourGuide.service.RewardsService         : getRewardPoints called with Disneyland and internalUser39
2023-01-19T23:17:17.395+01:00  INFO 2543 --- [ool-1-thread-57] tourGuide.service.RewardsService         : nearAttraction called with Disneyland
2023-01-19T23:17:17.395+01:00  INFO 2543 --- [ool-1-thread-57] tourGuide.service.RewardsService         : getDistance called
2023-01-19T23:17:17.384+01:00  INFO 2543 --- [ool-1-thread-37] tourGuide.service.RewardsService         : getRewardPoints called with Disneyland and internalUser95
2023-01-19T23:17:17.384+01:00  INFO 2543 --- [ool-1-thread-48] tourGuide.service.RewardsService         : getDistance called
2023-01-19T23:17:17.384+01:00  INFO 2543 --- [ool-1-thread-35] tourGuide.service.RewardsService         : nearAttraction called with Disneyland
2023-01-19T23:17:17.384+01:00  INFO 2543 --- [pool-1-thread-5] tourGuide.service.RewardsService         : nearAttraction called with Disneyland
2023-01-19T23:17:17.396+01:00  INFO 2543 --- [pool-1-thread-5] tourGuide.service.RewardsService         : getDistance called
2023-01-19T23:17:17.384+01:00  INFO 2543 --- [ool-1-thread-52] tourGuide.service.RewardsService         : nearAttraction called with Disneyland
2023-01-19T23:17:17.385+01:00  INFO 2543 --- [ool-1-thread-58] tourGuide.service.RewardsService         : nearAttraction called with Disneyland
2023-01-19T23:17:17.385+01:00  INFO 2543 --- [ool-1-thread-43] tourGuide.service.RewardsService         : getRewardPoints called with Disneyland and internalUser7
2023-01-19T23:17:17.385+01:00  INFO 2543 --- [ool-1-thread-56] tourGuide.service.RewardsService         : nearAttraction called with Disneyland
2023-01-19T23:17:17.385+01:00  INFO 2543 --- [pool-1-thread-3] tourGuide.service.RewardsService         : getRewardPoints called with Disneyland and internalUser79
2023-01-19T23:17:17.386+01:00  INFO 2543 --- [ool-1-thread-27] tourGuide.service.RewardsService         : nearAttraction called with Disneyland
2023-01-19T23:17:17.386+01:00  INFO 2543 --- [ool-1-thread-51] tourGuide.service.RewardsService         : getDistance called
2023-01-19T23:17:17.386+01:00  INFO 2543 --- [ool-1-thread-14] tourGuide.service.RewardsService         : getDistance called
2023-01-19T23:17:17.386+01:00  INFO 2543 --- [ool-1-thread-12] tourGuide.service.RewardsService         : nearAttraction called with Disneyland
2023-01-19T23:17:17.397+01:00  INFO 2543 --- [ool-1-thread-12] tourGuide.service.RewardsService         : getDistance called
2023-01-19T23:17:17.387+01:00  INFO 2543 --- [ool-1-thread-13] tourGuide.service.RewardsService         : getDistance called
2023-01-19T23:17:17.398+01:00  INFO 2543 --- [ool-1-thread-12] tourGuide.service.RewardsService         : getRewardPoints called with Disneyland and internalUser89
2023-01-19T23:17:17.387+01:00  INFO 2543 --- [ool-1-thread-47] tourGuide.service.RewardsService         : getRewardPoints called with Disneyland and internalUser5
2023-01-19T23:17:17.387+01:00  INFO 2543 --- [ool-1-thread-21] tourGuide.service.RewardsService         : getRewardPoints called with Disneyland and internalUser82
2023-01-19T23:17:17.388+01:00  INFO 2543 --- [ool-1-thread-60] tourGuide.service.RewardsService         : getRewardPoints called with Disneyland and internalUser20
2023-01-19T23:17:17.388+01:00  INFO 2543 --- [ool-1-thread-20] tourGuide.service.RewardsService         : nearAttraction called with Disneyland
2023-01-19T23:17:17.389+01:00  INFO 2543 --- [ool-1-thread-31] tourGuide.service.RewardsService         : getRewardPoints called with Disneyland and internalUser99
2023-01-19T23:17:17.388+01:00  INFO 2543 --- [ool-1-thread-41] tourGuide.service.RewardsService         : getDistance called
2023-01-19T23:17:17.390+01:00  INFO 2543 --- [ool-1-thread-11] tourGuide.service.RewardsService         : nearAttraction called with Disneyland
2023-01-19T23:17:17.390+01:00  INFO 2543 --- [ool-1-thread-17] tourGuide.service.RewardsService         : nearAttraction called with Disneyland
2023-01-19T23:17:17.399+01:00  INFO 2543 --- [ool-1-thread-17] tourGuide.service.RewardsService         : getDistance called
2023-01-19T23:17:17.399+01:00  INFO 2543 --- [ool-1-thread-17] tourGuide.service.RewardsService         : getRewardPoints called with Disneyland and internalUser86
2023-01-19T23:17:17.391+01:00  INFO 2543 --- [ool-1-thread-19] tourGuide.service.RewardsService         : nearAttraction called with Disneyland
2023-01-19T23:17:17.399+01:00  INFO 2543 --- [ool-1-thread-19] tourGuide.service.RewardsService         : getDistance called
2023-01-19T23:17:17.391+01:00  INFO 2543 --- [ool-1-thread-38] tourGuide.service.RewardsService         : getDistance called
2023-01-19T23:17:17.391+01:00  INFO 2543 --- [pool-1-thread-2] tourGuide.service.RewardsService         : getDistance called
2023-01-19T23:17:17.391+01:00  INFO 2543 --- [ool-1-thread-45] tourGuide.service.RewardsService         : getRewardPoints called with Disneyland and internalUser6
2023-01-19T23:17:17.392+01:00  INFO 2543 --- [pool-1-thread-8] tourGuide.service.RewardsService         : nearAttraction called with Disneyland
2023-01-19T23:17:17.400+01:00  INFO 2543 --- [pool-1-thread-8] tourGuide.service.RewardsService         : getDistance called
2023-01-19T23:17:17.393+01:00  INFO 2543 --- [ool-1-thread-36] tourGuide.service.RewardsService         : nearAttraction called with Disneyland
2023-01-19T23:17:17.393+01:00  INFO 2543 --- [ool-1-thread-42] tourGuide.service.RewardsService         : nearAttraction called with Disneyland
2023-01-19T23:17:17.393+01:00  INFO 2543 --- [ool-1-thread-40] tourGuide.service.RewardsService         : nearAttraction called with Disneyland
2023-01-19T23:17:17.393+01:00  INFO 2543 --- [ool-1-thread-68] tourGuide.service.RewardsService         : getRewardPoints called with Disneyland and internalUser30
2023-01-19T23:17:17.394+01:00  INFO 2543 --- [ool-1-thread-55] tourGuide.service.RewardsService         : getDistance called
2023-01-19T23:17:17.394+01:00  INFO 2543 --- [ool-1-thread-26] tourGuide.service.RewardsService         : nearAttraction called with Jackson Hole
2023-01-19T23:17:17.401+01:00  INFO 2543 --- [ool-1-thread-55] tourGuide.service.RewardsService         : getRewardPoints called with Disneyland and internalUser23
2023-01-19T23:17:17.401+01:00  INFO 2543 --- [ool-1-thread-26] tourGuide.service.RewardsService         : getDistance called
2023-01-19T23:17:17.394+01:00  INFO 2543 --- [ool-1-thread-54] tourGuide.service.RewardsService         : getRewardPoints called with Disneyland and internalUser28
2023-01-19T23:17:17.394+01:00  INFO 2543 --- [ool-1-thread-66] tourGuide.service.RewardsService         : getRewardPoints called with Disneyland and internalUser36
2023-01-19T23:17:17.395+01:00  INFO 2543 --- [ool-1-thread-64] tourGuide.service.RewardsService         : getRewardPoints called with Disneyland and internalUser34
2023-01-19T23:17:17.395+01:00  INFO 2543 --- [ool-1-thread-44] tourGuide.service.RewardsService         : nearAttraction called with Disneyland
2023-01-19T23:17:17.396+01:00  INFO 2543 --- [ool-1-thread-57] tourGuide.service.RewardsService         : getRewardPoints called with Disneyland and internalUser25
2023-01-19T23:17:17.396+01:00  INFO 2543 --- [ool-1-thread-48] tourGuide.service.RewardsService         : getRewardPoints called with Disneyland and internalUser94
2023-01-19T23:17:17.396+01:00  INFO 2543 --- [ool-1-thread-35] tourGuide.service.RewardsService         : getDistance called
2023-01-19T23:17:17.396+01:00  INFO 2543 --- [pool-1-thread-5] tourGuide.service.RewardsService         : getRewardPoints called with Disneyland and internalUser73
2023-01-19T23:17:17.402+01:00  INFO 2543 --- [ool-1-thread-35] tourGuide.service.RewardsService         : getRewardPoints called with Disneyland and internalUser96
2023-01-19T23:17:17.396+01:00  INFO 2543 --- [ool-1-thread-52] tourGuide.service.RewardsService         : getDistance called
2023-01-19T23:17:17.397+01:00  INFO 2543 --- [ool-1-thread-58] tourGuide.service.RewardsService         : getDistance called
2023-01-19T23:17:17.402+01:00  INFO 2543 --- [ool-1-thread-52] tourGuide.service.RewardsService         : getRewardPoints called with Disneyland and internalUser26
2023-01-19T23:17:17.397+01:00  INFO 2543 --- [ool-1-thread-56] tourGuide.service.RewardsService         : getDistance called
2023-01-19T23:17:17.397+01:00  INFO 2543 --- [ool-1-thread-27] tourGuide.service.RewardsService         : getDistance called
2023-01-19T23:17:17.397+01:00  INFO 2543 --- [ool-1-thread-51] tourGuide.service.RewardsService         : getRewardPoints called with Disneyland and internalUser27
2023-01-19T23:17:17.397+01:00  INFO 2543 --- [ool-1-thread-14] tourGuide.service.RewardsService         : getRewardPoints called with Disneyland and internalUser85
2023-01-19T23:17:17.398+01:00  INFO 2543 --- [ool-1-thread-13] tourGuide.service.RewardsService         : getRewardPoints called with Disneyland and internalUser88
2023-01-19T23:17:17.398+01:00  INFO 2543 --- [ool-1-thread-20] tourGuide.service.RewardsService         : getDistance called
2023-01-19T23:17:17.399+01:00  INFO 2543 --- [ool-1-thread-41] tourGuide.service.RewardsService         : getRewardPoints called with Disneyland and internalUser0
2023-01-19T23:17:17.399+01:00  INFO 2543 --- [ool-1-thread-11] tourGuide.service.RewardsService         : getDistance called
2023-01-19T23:17:17.399+01:00  INFO 2543 --- [ool-1-thread-19] tourGuide.service.RewardsService         : getRewardPoints called with Disneyland and internalUser80
2023-01-19T23:17:17.400+01:00  INFO 2543 --- [ool-1-thread-38] tourGuide.service.RewardsService         : getRewardPoints called with Disneyland and internalUser1
2023-01-19T23:17:17.400+01:00  INFO 2543 --- [pool-1-thread-2] tourGuide.service.RewardsService         : getRewardPoints called with Disneyland and internalUser77
2023-01-19T23:17:17.400+01:00  INFO 2543 --- [pool-1-thread-8] tourGuide.service.RewardsService         : getRewardPoints called with Disneyland and internalUser70
2023-01-19T23:17:17.400+01:00  INFO 2543 --- [ool-1-thread-36] tourGuide.service.RewardsService         : getDistance called
2023-01-19T23:17:17.400+01:00  INFO 2543 --- [ool-1-thread-42] tourGuide.service.RewardsService         : getDistance called
2023-01-19T23:17:17.400+01:00  INFO 2543 --- [ool-1-thread-40] tourGuide.service.RewardsService         : getDistance called
2023-01-19T23:17:17.401+01:00  INFO 2543 --- [ool-1-thread-26] tourGuide.service.RewardsService         : nearAttraction called with Mojave National Preserve
2023-01-19T23:17:17.401+01:00  INFO 2543 --- [ool-1-thread-44] tourGuide.service.RewardsService         : getDistance called
2023-01-19T23:17:17.404+01:00  INFO 2543 --- [ool-1-thread-44] tourGuide.service.RewardsService         : getRewardPoints called with Disneyland and internalUser92
2023-01-19T23:17:17.402+01:00  INFO 2543 --- [ool-1-thread-58] tourGuide.service.RewardsService         : getRewardPoints called with Disneyland and internalUser24
2023-01-19T23:17:17.402+01:00  INFO 2543 --- [ool-1-thread-56] tourGuide.service.RewardsService         : getRewardPoints called with Disneyland and internalUser22
2023-01-19T23:17:17.402+01:00  INFO 2543 --- [ool-1-thread-27] tourGuide.service.RewardsService         : getRewardPoints called with Disneyland and internalUser18
2023-01-19T23:17:17.403+01:00  INFO 2543 --- [ool-1-thread-20] tourGuide.service.RewardsService         : getRewardPoints called with Disneyland and internalUser83
2023-01-19T23:17:17.403+01:00  INFO 2543 --- [ool-1-thread-11] tourGuide.service.RewardsService         : getRewardPoints called with Disneyland and internalUser90
2023-01-19T23:17:17.403+01:00  INFO 2543 --- [ool-1-thread-36] tourGuide.service.RewardsService         : getRewardPoints called with Disneyland and internalUser2
2023-01-19T23:17:17.403+01:00  INFO 2543 --- [ool-1-thread-42] tourGuide.service.RewardsService         : getRewardPoints called with Disneyland and internalUser97
2023-01-19T23:17:17.404+01:00  INFO 2543 --- [ool-1-thread-40] tourGuide.service.RewardsService         : getRewardPoints called with Disneyland and internalUser98
2023-01-19T23:17:17.404+01:00  INFO 2543 --- [ool-1-thread-26] tourGuide.service.RewardsService         : getDistance called
2023-01-19T23:17:17.405+01:00  INFO 2543 --- [ool-1-thread-26] tourGuide.service.RewardsService         : nearAttraction called with Joshua Tree National Park
2023-01-19T23:17:17.405+01:00  INFO 2543 --- [ool-1-thread-26] tourGuide.service.RewardsService         : getDistance called
2023-01-19T23:17:17.405+01:00  INFO 2543 --- [ool-1-thread-26] tourGuide.service.RewardsService         : nearAttraction called with Buffalo National River
2023-01-19T23:17:17.405+01:00  INFO 2543 --- [ool-1-thread-26] tourGuide.service.RewardsService         : getDistance called
2023-01-19T23:17:17.405+01:00  INFO 2543 --- [ool-1-thread-26] tourGuide.service.RewardsService         : nearAttraction called with Hot Springs National Park
2023-01-19T23:17:17.405+01:00  INFO 2543 --- [ool-1-thread-66] tourGuide.service.RewardsService         : nearAttraction called with Jackson Hole
2023-01-19T23:17:17.406+01:00  INFO 2543 --- [ool-1-thread-66] tourGuide.service.RewardsService         : getDistance called
2023-01-19T23:17:17.406+01:00  INFO 2543 --- [ool-1-thread-26] tourGuide.service.RewardsService         : getDistance called
2023-01-19T23:17:17.406+01:00  INFO 2543 --- [ool-1-thread-66] tourGuide.service.RewardsService         : nearAttraction called with Mojave National Preserve
2023-01-19T23:17:17.406+01:00  INFO 2543 --- [ool-1-thread-66] tourGuide.service.RewardsService         : getDistance called
2023-01-19T23:17:17.406+01:00  INFO 2543 --- [ool-1-thread-26] tourGuide.service.RewardsService         : nearAttraction called with Kartchner Caverns State Park
2023-01-19T23:17:17.406+01:00  INFO 2543 --- [ool-1-thread-66] tourGuide.service.RewardsService         : nearAttraction called with Joshua Tree National Park
2023-01-19T23:17:17.406+01:00  INFO 2543 --- [ool-1-thread-66] tourGuide.service.RewardsService         : getDistance called
2023-01-19T23:17:17.406+01:00  INFO 2543 --- [ool-1-thread-26] tourGuide.service.RewardsService         : getDistance called
2023-01-19T23:17:17.406+01:00  INFO 2543 --- [ool-1-thread-66] tourGuide.service.RewardsService         : nearAttraction called with Buffalo National River
2023-01-19T23:17:17.407+01:00  INFO 2543 --- [ool-1-thread-66] tourGuide.service.RewardsService         : getDistance called
2023-01-19T23:17:17.407+01:00  INFO 2543 --- [ool-1-thread-26] tourGuide.service.RewardsService         : nearAttraction called with Legend Valley
2023-01-19T23:17:17.407+01:00  INFO 2543 --- [ool-1-thread-66] tourGuide.service.RewardsService         : nearAttraction called with Hot Springs National Park
2023-01-19T23:17:17.407+01:00  INFO 2543 --- [ool-1-thread-26] tourGuide.service.RewardsService         : getDistance called
2023-01-19T23:17:17.407+01:00  INFO 2543 --- [ool-1-thread-26] tourGuide.service.RewardsService         : nearAttraction called with Flowers Bakery of London
2023-01-19T23:17:17.407+01:00  INFO 2543 --- [ool-1-thread-66] tourGuide.service.RewardsService         : getDistance called
2023-01-19T23:17:17.407+01:00  INFO 2543 --- [ool-1-thread-66] tourGuide.service.RewardsService         : nearAttraction called with Kartchner Caverns State Park
2023-01-19T23:17:17.407+01:00  INFO 2543 --- [ool-1-thread-26] tourGuide.service.RewardsService         : getDistance called
2023-01-19T23:17:17.407+01:00  INFO 2543 --- [ool-1-thread-66] tourGuide.service.RewardsService         : getDistance called
2023-01-19T23:17:17.407+01:00  INFO 2543 --- [ool-1-thread-26] tourGuide.service.RewardsService         : nearAttraction called with McKinley Tower
2023-01-19T23:17:17.408+01:00  INFO 2543 --- [ool-1-thread-26] tourGuide.service.RewardsService         : getDistance called
2023-01-19T23:17:17.408+01:00  INFO 2543 --- [ool-1-thread-66] tourGuide.service.RewardsService         : nearAttraction called with Legend Valley
2023-01-19T23:17:17.408+01:00  INFO 2543 --- [ool-1-thread-26] tourGuide.service.RewardsService         : nearAttraction called with Flatiron Building
2023-01-19T23:17:17.408+01:00  INFO 2543 --- [ool-1-thread-66] tourGuide.service.RewardsService         : getDistance called
2023-01-19T23:17:17.408+01:00  INFO 2543 --- [ool-1-thread-26] tourGuide.service.RewardsService         : getDistance called
2023-01-19T23:17:17.408+01:00  INFO 2543 --- [ool-1-thread-66] tourGuide.service.RewardsService         : nearAttraction called with Flowers Bakery of London
2023-01-19T23:17:17.408+01:00  INFO 2543 --- [ool-1-thread-26] tourGuide.service.RewardsService         : nearAttraction called with Fallingwater
2023-01-19T23:17:17.408+01:00  INFO 2543 --- [ool-1-thread-66] tourGuide.service.RewardsService         : getDistance called
2023-01-19T23:17:17.408+01:00  INFO 2543 --- [ool-1-thread-26] tourGuide.service.RewardsService         : getDistance called
2023-01-19T23:17:17.408+01:00  INFO 2543 --- [ool-1-thread-66] tourGuide.service.RewardsService         : nearAttraction called with McKinley Tower
2023-01-19T23:17:17.408+01:00  INFO 2543 --- [ool-1-thread-26] tourGuide.service.RewardsService         : nearAttraction called with Union Station
2023-01-19T23:17:17.408+01:00  INFO 2543 --- [ool-1-thread-66] tourGuide.service.RewardsService         : getDistance called
2023-01-19T23:17:17.408+01:00  INFO 2543 --- [ool-1-thread-26] tourGuide.service.RewardsService         : getDistance called
2023-01-19T23:17:17.409+01:00  INFO 2543 --- [ool-1-thread-66] tourGuide.service.RewardsService         : nearAttraction called with Flatiron Building
2023-01-19T23:17:17.409+01:00  INFO 2543 --- [ool-1-thread-66] tourGuide.service.RewardsService         : getDistance called
2023-01-19T23:17:17.409+01:00  INFO 2543 --- [ool-1-thread-26] tourGuide.service.RewardsService         : nearAttraction called with Roger Dean Stadium
2023-01-19T23:17:17.409+01:00  INFO 2543 --- [ool-1-thread-66] tourGuide.service.RewardsService         : nearAttraction called with Fallingwater
2023-01-19T23:17:17.409+01:00  INFO 2543 --- [ool-1-thread-26] tourGuide.service.RewardsService         : getDistance called
2023-01-19T23:17:17.409+01:00  INFO 2543 --- [ool-1-thread-66] tourGuide.service.RewardsService         : getDistance called
2023-01-19T23:17:17.409+01:00  INFO 2543 --- [ool-1-thread-66] tourGuide.service.RewardsService         : nearAttraction called with Union Station
2023-01-19T23:17:17.409+01:00  INFO 2543 --- [ool-1-thread-66] tourGuide.service.RewardsService         : getDistance called
2023-01-19T23:17:17.409+01:00  INFO 2543 --- [ool-1-thread-26] tourGuide.service.RewardsService         : nearAttraction called with Texas Memorial Stadium
2023-01-19T23:17:17.410+01:00  INFO 2543 --- [ool-1-thread-26] tourGuide.service.RewardsService         : getDistance called
2023-01-19T23:17:17.410+01:00  INFO 2543 --- [ool-1-thread-26] tourGuide.service.RewardsService         : nearAttraction called with Bryant-Denny Stadium
2023-01-19T23:17:17.410+01:00  INFO 2543 --- [ool-1-thread-26] tourGuide.service.RewardsService         : getDistance called
2023-01-19T23:17:17.410+01:00  INFO 2543 --- [ool-1-thread-66] tourGuide.service.RewardsService         : nearAttraction called with Roger Dean Stadium
2023-01-19T23:17:17.410+01:00  INFO 2543 --- [ool-1-thread-66] tourGuide.service.RewardsService         : getDistance called
2023-01-19T23:17:17.410+01:00  INFO 2543 --- [ool-1-thread-26] tourGuide.service.RewardsService         : nearAttraction called with Tiger Stadium
2023-01-19T23:17:17.410+01:00  INFO 2543 --- [ool-1-thread-26] tourGuide.service.RewardsService         : getDistance called
2023-01-19T23:17:17.410+01:00  INFO 2543 --- [ool-1-thread-66] tourGuide.service.RewardsService         : nearAttraction called with Texas Memorial Stadium
2023-01-19T23:17:17.411+01:00  INFO 2543 --- [ool-1-thread-26] tourGuide.service.RewardsService         : nearAttraction called with Neyland Stadium
2023-01-19T23:17:17.411+01:00  INFO 2543 --- [ool-1-thread-26] tourGuide.service.RewardsService         : getDistance called
2023-01-19T23:17:17.411+01:00  INFO 2543 --- [ool-1-thread-26] tourGuide.service.RewardsService         : nearAttraction called with Kyle Field
2023-01-19T23:17:17.411+01:00  INFO 2543 --- [ool-1-thread-26] tourGuide.service.RewardsService         : getDistance called
2023-01-19T23:17:17.411+01:00  INFO 2543 --- [ool-1-thread-66] tourGuide.service.RewardsService         : getDistance called
2023-01-19T23:17:17.411+01:00  INFO 2543 --- [ool-1-thread-66] tourGuide.service.RewardsService         : nearAttraction called with Bryant-Denny Stadium
2023-01-19T23:17:17.411+01:00  INFO 2543 --- [ool-1-thread-66] tourGuide.service.RewardsService         : getDistance called
2023-01-19T23:17:17.411+01:00  INFO 2543 --- [ool-1-thread-66] tourGuide.service.RewardsService         : nearAttraction called with Tiger Stadium
2023-01-19T23:17:17.411+01:00  INFO 2543 --- [ool-1-thread-66] tourGuide.service.RewardsService         : getDistance called
2023-01-19T23:17:17.412+01:00  INFO 2543 --- [ool-1-thread-66] tourGuide.service.RewardsService         : nearAttraction called with Neyland Stadium
2023-01-19T23:17:17.411+01:00  INFO 2543 --- [ool-1-thread-26] tourGuide.service.RewardsService         : nearAttraction called with San Diego Zoo
2023-01-19T23:17:17.412+01:00  INFO 2543 --- [ool-1-thread-66] tourGuide.service.RewardsService         : getDistance called
2023-01-19T23:17:17.412+01:00  INFO 2543 --- [ool-1-thread-26] tourGuide.service.RewardsService         : getDistance called
2023-01-19T23:17:17.412+01:00  INFO 2543 --- [ool-1-thread-66] tourGuide.service.RewardsService         : nearAttraction called with Kyle Field
2023-01-19T23:17:17.412+01:00  INFO 2543 --- [ool-1-thread-26] tourGuide.service.RewardsService         : nearAttraction called with Zoo Tampa at Lowry Park
2023-01-19T23:17:17.412+01:00  INFO 2543 --- [ool-1-thread-66] tourGuide.service.RewardsService         : getDistance called
2023-01-19T23:17:17.412+01:00  INFO 2543 --- [ool-1-thread-26] tourGuide.service.RewardsService         : getDistance called
2023-01-19T23:17:17.412+01:00  INFO 2543 --- [ool-1-thread-66] tourGuide.service.RewardsService         : nearAttraction called with San Diego Zoo
2023-01-19T23:17:17.412+01:00  INFO 2543 --- [ool-1-thread-26] tourGuide.service.RewardsService         : nearAttraction called with Franklin Park Zoo
2023-01-19T23:17:17.412+01:00  INFO 2543 --- [ool-1-thread-66] tourGuide.service.RewardsService         : getDistance called
2023-01-19T23:17:17.412+01:00  INFO 2543 --- [ool-1-thread-26] tourGuide.service.RewardsService         : getDistance called
2023-01-19T23:17:17.412+01:00  INFO 2543 --- [ool-1-thread-66] tourGuide.service.RewardsService         : nearAttraction called with Zoo Tampa at Lowry Park
2023-01-19T23:17:17.412+01:00  INFO 2543 --- [ool-1-thread-26] tourGuide.service.RewardsService         : nearAttraction called with El Paso Zoo
2023-01-19T23:17:17.413+01:00  INFO 2543 --- [ool-1-thread-66] tourGuide.service.RewardsService         : getDistance called
2023-01-19T23:17:17.413+01:00  INFO 2543 --- [ool-1-thread-26] tourGuide.service.RewardsService         : getDistance called
2023-01-19T23:17:17.413+01:00  INFO 2543 --- [ool-1-thread-66] tourGuide.service.RewardsService         : nearAttraction called with Franklin Park Zoo
2023-01-19T23:17:17.413+01:00  INFO 2543 --- [ool-1-thread-26] tourGuide.service.RewardsService         : nearAttraction called with Kansas City Zoo
2023-01-19T23:17:17.413+01:00  INFO 2543 --- [ool-1-thread-66] tourGuide.service.RewardsService         : getDistance called
2023-01-19T23:17:17.413+01:00  INFO 2543 --- [ool-1-thread-26] tourGuide.service.RewardsService         : getDistance called
2023-01-19T23:17:17.413+01:00  INFO 2543 --- [ool-1-thread-66] tourGuide.service.RewardsService         : nearAttraction called with El Paso Zoo
2023-01-19T23:17:17.413+01:00  INFO 2543 --- [ool-1-thread-26] tourGuide.service.RewardsService         : nearAttraction called with Bronx Zoo
2023-01-19T23:17:17.413+01:00  INFO 2543 --- [ool-1-thread-66] tourGuide.service.RewardsService         : getDistance called
2023-01-19T23:17:17.413+01:00  INFO 2543 --- [ool-1-thread-26] tourGuide.service.RewardsService         : getDistance called
2023-01-19T23:17:17.413+01:00  INFO 2543 --- [ool-1-thread-66] tourGuide.service.RewardsService         : nearAttraction called with Kansas City Zoo
2023-01-19T23:17:17.413+01:00  INFO 2543 --- [ool-1-thread-26] tourGuide.service.RewardsService         : nearAttraction called with Cinderella Castle
2023-01-19T23:17:17.413+01:00  INFO 2543 --- [ool-1-thread-66] tourGuide.service.RewardsService         : getDistance called
2023-01-19T23:17:17.414+01:00  INFO 2543 --- [ool-1-thread-66] tourGuide.service.RewardsService         : nearAttraction called with Bronx Zoo
2023-01-19T23:17:17.414+01:00  INFO 2543 --- [ool-1-thread-26] tourGuide.service.RewardsService         : getDistance called
2023-01-19T23:17:17.414+01:00  INFO 2543 --- [ool-1-thread-66] tourGuide.service.RewardsService         : getDistance called
2023-01-19T23:17:17.414+01:00  INFO 2543 --- [ool-1-thread-66] tourGuide.service.RewardsService         : nearAttraction called with Cinderella Castle
2023-01-19T23:17:17.414+01:00  INFO 2543 --- [ool-1-thread-66] tourGuide.service.RewardsService         : getDistance called
2023-01-19T23:17:17.425+01:00  INFO 2543 --- [ool-1-thread-66] tourGuide.service.RewardsService         : nearAttraction called with Disneyland
2023-01-19T23:17:17.425+01:00  INFO 2543 --- [ool-1-thread-26] tourGuide.service.RewardsService         : nearAttraction called with Disneyland
2023-01-19T23:17:17.426+01:00  INFO 2543 --- [ool-1-thread-66] tourGuide.service.RewardsService         : getDistance called
2023-01-19T23:17:17.426+01:00  INFO 2543 --- [ool-1-thread-26] tourGuide.service.RewardsService         : getDistance called
2023-01-19T23:17:17.426+01:00  INFO 2543 --- [ool-1-thread-66] tourGuide.service.RewardsService         : getRewardPoints called with Disneyland and internalUser48
2023-01-19T23:17:17.426+01:00  INFO 2543 --- [ool-1-thread-26] tourGuide.service.RewardsService         : getRewardPoints called with Disneyland and internalUser49
2023-01-19T23:17:17.475+01:00  INFO 2543 --- [ool-1-thread-30] tourGuide.service.RewardsService         : nearAttraction called with Jackson Hole
2023-01-19T23:17:17.476+01:00  INFO 2543 --- [ool-1-thread-30] tourGuide.service.RewardsService         : getDistance called
2023-01-19T23:17:17.476+01:00  INFO 2543 --- [ool-1-thread-30] tourGuide.service.RewardsService         : nearAttraction called with Mojave National Preserve
2023-01-19T23:17:17.476+01:00  INFO 2543 --- [ool-1-thread-30] tourGuide.service.RewardsService         : getDistance called
2023-01-19T23:17:17.476+01:00  INFO 2543 --- [ool-1-thread-30] tourGuide.service.RewardsService         : nearAttraction called with Joshua Tree National Park
2023-01-19T23:17:17.476+01:00  INFO 2543 --- [ool-1-thread-30] tourGuide.service.RewardsService         : getDistance called
2023-01-19T23:17:17.476+01:00  INFO 2543 --- [ool-1-thread-30] tourGuide.service.RewardsService         : nearAttraction called with Buffalo National River
2023-01-19T23:17:17.476+01:00  INFO 2543 --- [ool-1-thread-30] tourGuide.service.RewardsService         : getDistance called
2023-01-19T23:17:17.476+01:00  INFO 2543 --- [ool-1-thread-30] tourGuide.service.RewardsService         : nearAttraction called with Hot Springs National Park
2023-01-19T23:17:17.476+01:00  INFO 2543 --- [ool-1-thread-30] tourGuide.service.RewardsService         : getDistance called
2023-01-19T23:17:17.477+01:00  INFO 2543 --- [ool-1-thread-30] tourGuide.service.RewardsService         : nearAttraction called with Kartchner Caverns State Park
2023-01-19T23:17:17.477+01:00  INFO 2543 --- [ool-1-thread-30] tourGuide.service.RewardsService         : getDistance called
2023-01-19T23:17:17.477+01:00  INFO 2543 --- [ool-1-thread-30] tourGuide.service.RewardsService         : nearAttraction called with Legend Valley
2023-01-19T23:17:17.477+01:00  INFO 2543 --- [ool-1-thread-30] tourGuide.service.RewardsService         : getDistance called
2023-01-19T23:17:17.477+01:00  INFO 2543 --- [ool-1-thread-30] tourGuide.service.RewardsService         : nearAttraction called with Flowers Bakery of London
2023-01-19T23:17:17.477+01:00  INFO 2543 --- [ool-1-thread-30] tourGuide.service.RewardsService         : getDistance called
2023-01-19T23:17:17.477+01:00  INFO 2543 --- [ool-1-thread-30] tourGuide.service.RewardsService         : nearAttraction called with McKinley Tower
2023-01-19T23:17:17.477+01:00  INFO 2543 --- [ool-1-thread-30] tourGuide.service.RewardsService         : getDistance called
2023-01-19T23:17:17.478+01:00  INFO 2543 --- [ool-1-thread-30] tourGuide.service.RewardsService         : nearAttraction called with Flatiron Building
2023-01-19T23:17:17.478+01:00  INFO 2543 --- [ool-1-thread-30] tourGuide.service.RewardsService         : getDistance called
2023-01-19T23:17:17.478+01:00  INFO 2543 --- [ool-1-thread-30] tourGuide.service.RewardsService         : nearAttraction called with Fallingwater
2023-01-19T23:17:17.478+01:00  INFO 2543 --- [ool-1-thread-30] tourGuide.service.RewardsService         : getDistance called
2023-01-19T23:17:17.478+01:00  INFO 2543 --- [ool-1-thread-30] tourGuide.service.RewardsService         : nearAttraction called with Union Station
2023-01-19T23:17:17.478+01:00  INFO 2543 --- [ool-1-thread-30] tourGuide.service.RewardsService         : getDistance called
2023-01-19T23:17:17.478+01:00  INFO 2543 --- [ool-1-thread-30] tourGuide.service.RewardsService         : nearAttraction called with Roger Dean Stadium
2023-01-19T23:17:17.478+01:00  INFO 2543 --- [ool-1-thread-30] tourGuide.service.RewardsService         : getDistance called
2023-01-19T23:17:17.478+01:00  INFO 2543 --- [ool-1-thread-30] tourGuide.service.RewardsService         : nearAttraction called with Texas Memorial Stadium
2023-01-19T23:17:17.479+01:00  INFO 2543 --- [ool-1-thread-30] tourGuide.service.RewardsService         : getDistance called
2023-01-19T23:17:17.479+01:00  INFO 2543 --- [ool-1-thread-30] tourGuide.service.RewardsService         : nearAttraction called with Bryant-Denny Stadium
2023-01-19T23:17:17.479+01:00  INFO 2543 --- [ool-1-thread-30] tourGuide.service.RewardsService         : getDistance called
2023-01-19T23:17:17.479+01:00  INFO 2543 --- [ool-1-thread-30] tourGuide.service.RewardsService         : nearAttraction called with Tiger Stadium
2023-01-19T23:17:17.479+01:00  INFO 2543 --- [ool-1-thread-30] tourGuide.service.RewardsService         : getDistance called
2023-01-19T23:17:17.479+01:00  INFO 2543 --- [ool-1-thread-30] tourGuide.service.RewardsService         : nearAttraction called with Neyland Stadium
2023-01-19T23:17:17.479+01:00  INFO 2543 --- [ool-1-thread-30] tourGuide.service.RewardsService         : getDistance called
2023-01-19T23:17:17.479+01:00  INFO 2543 --- [ool-1-thread-30] tourGuide.service.RewardsService         : nearAttraction called with Kyle Field
2023-01-19T23:17:17.479+01:00  INFO 2543 --- [ool-1-thread-30] tourGuide.service.RewardsService         : getDistance called
2023-01-19T23:17:17.480+01:00  INFO 2543 --- [ool-1-thread-30] tourGuide.service.RewardsService         : nearAttraction called with San Diego Zoo
2023-01-19T23:17:17.480+01:00  INFO 2543 --- [ool-1-thread-30] tourGuide.service.RewardsService         : getDistance called
2023-01-19T23:17:17.480+01:00  INFO 2543 --- [ool-1-thread-30] tourGuide.service.RewardsService         : nearAttraction called with Zoo Tampa at Lowry Park
2023-01-19T23:17:17.480+01:00  INFO 2543 --- [ool-1-thread-30] tourGuide.service.RewardsService         : getDistance called
2023-01-19T23:17:17.480+01:00  INFO 2543 --- [ool-1-thread-30] tourGuide.service.RewardsService         : nearAttraction called with Franklin Park Zoo
2023-01-19T23:17:17.480+01:00  INFO 2543 --- [ool-1-thread-30] tourGuide.service.RewardsService         : getDistance called
2023-01-19T23:17:17.480+01:00  INFO 2543 --- [ool-1-thread-30] tourGuide.service.RewardsService         : nearAttraction called with El Paso Zoo
2023-01-19T23:17:17.480+01:00  INFO 2543 --- [ool-1-thread-30] tourGuide.service.RewardsService         : getDistance called
2023-01-19T23:17:17.480+01:00  INFO 2543 --- [ool-1-thread-30] tourGuide.service.RewardsService         : nearAttraction called with Kansas City Zoo
2023-01-19T23:17:17.481+01:00  INFO 2543 --- [ool-1-thread-30] tourGuide.service.RewardsService         : getDistance called
2023-01-19T23:17:17.481+01:00  INFO 2543 --- [ool-1-thread-30] tourGuide.service.RewardsService         : nearAttraction called with Bronx Zoo
2023-01-19T23:17:17.481+01:00  INFO 2543 --- [ool-1-thread-30] tourGuide.service.RewardsService         : getDistance called
2023-01-19T23:17:17.481+01:00  INFO 2543 --- [ool-1-thread-30] tourGuide.service.RewardsService         : nearAttraction called with Cinderella Castle
2023-01-19T23:17:17.481+01:00  INFO 2543 --- [ool-1-thread-30] tourGuide.service.RewardsService         : getDistance called
2023-01-19T23:17:17.494+01:00  INFO 2543 --- [ool-1-thread-30] tourGuide.service.RewardsService         : nearAttraction called with Disneyland
2023-01-19T23:17:17.494+01:00  INFO 2543 --- [ool-1-thread-30] tourGuide.service.RewardsService         : getDistance called
2023-01-19T23:17:17.494+01:00  INFO 2543 --- [ool-1-thread-30] tourGuide.service.RewardsService         : getRewardPoints called with Disneyland and internalUser45
2023-01-19T23:17:17.504+01:00  INFO 2543 --- [ool-1-thread-63] tourGuide.service.RewardsService         : nearAttraction called with Jackson Hole
2023-01-19T23:17:17.505+01:00  INFO 2543 --- [ool-1-thread-63] tourGuide.service.RewardsService         : getDistance called
2023-01-19T23:17:17.505+01:00  INFO 2543 --- [ool-1-thread-63] tourGuide.service.RewardsService         : nearAttraction called with Mojave National Preserve
2023-01-19T23:17:17.505+01:00  INFO 2543 --- [ool-1-thread-63] tourGuide.service.RewardsService         : getDistance called
2023-01-19T23:17:17.505+01:00  INFO 2543 --- [ool-1-thread-63] tourGuide.service.RewardsService         : nearAttraction called with Joshua Tree National Park
2023-01-19T23:17:17.505+01:00  INFO 2543 --- [ool-1-thread-34] tourGuide.service.RewardsService         : nearAttraction called with Jackson Hole
2023-01-19T23:17:17.505+01:00  INFO 2543 --- [ool-1-thread-63] tourGuide.service.RewardsService         : getDistance called
2023-01-19T23:17:17.505+01:00  INFO 2543 --- [ool-1-thread-63] tourGuide.service.RewardsService         : nearAttraction called with Buffalo National River
2023-01-19T23:17:17.505+01:00  INFO 2543 --- [ool-1-thread-34] tourGuide.service.RewardsService         : getDistance called
2023-01-19T23:17:17.505+01:00  INFO 2543 --- [ool-1-thread-63] tourGuide.service.RewardsService         : getDistance called
2023-01-19T23:17:17.505+01:00  INFO 2543 --- [ool-1-thread-34] tourGuide.service.RewardsService         : nearAttraction called with Mojave National Preserve
2023-01-19T23:17:17.505+01:00  INFO 2543 --- [ool-1-thread-63] tourGuide.service.RewardsService         : nearAttraction called with Hot Springs National Park
2023-01-19T23:17:17.505+01:00  INFO 2543 --- [ool-1-thread-34] tourGuide.service.RewardsService         : getDistance called
2023-01-19T23:17:17.505+01:00  INFO 2543 --- [ool-1-thread-63] tourGuide.service.RewardsService         : getDistance called
2023-01-19T23:17:17.505+01:00  INFO 2543 --- [ool-1-thread-34] tourGuide.service.RewardsService         : nearAttraction called with Joshua Tree National Park
2023-01-19T23:17:17.506+01:00  INFO 2543 --- [ool-1-thread-63] tourGuide.service.RewardsService         : nearAttraction called with Kartchner Caverns State Park
2023-01-19T23:17:17.506+01:00  INFO 2543 --- [ool-1-thread-34] tourGuide.service.RewardsService         : getDistance called
2023-01-19T23:17:17.506+01:00  INFO 2543 --- [ool-1-thread-63] tourGuide.service.RewardsService         : getDistance called
2023-01-19T23:17:17.506+01:00  INFO 2543 --- [ool-1-thread-34] tourGuide.service.RewardsService         : nearAttraction called with Buffalo National River
2023-01-19T23:17:17.506+01:00  INFO 2543 --- [ool-1-thread-63] tourGuide.service.RewardsService         : nearAttraction called with Legend Valley
2023-01-19T23:17:17.506+01:00  INFO 2543 --- [ool-1-thread-34] tourGuide.service.RewardsService         : getDistance called
2023-01-19T23:17:17.506+01:00  INFO 2543 --- [ool-1-thread-63] tourGuide.service.RewardsService         : getDistance called
2023-01-19T23:17:17.506+01:00  INFO 2543 --- [ool-1-thread-34] tourGuide.service.RewardsService         : nearAttraction called with Hot Springs National Park
2023-01-19T23:17:17.506+01:00  INFO 2543 --- [ool-1-thread-63] tourGuide.service.RewardsService         : nearAttraction called with Flowers Bakery of London
2023-01-19T23:17:17.506+01:00  INFO 2543 --- [ool-1-thread-34] tourGuide.service.RewardsService         : getDistance called
2023-01-19T23:17:17.506+01:00  INFO 2543 --- [ool-1-thread-63] tourGuide.service.RewardsService         : getDistance called
2023-01-19T23:17:17.506+01:00  INFO 2543 --- [ool-1-thread-34] tourGuide.service.RewardsService         : nearAttraction called with Kartchner Caverns State Park
2023-01-19T23:17:17.506+01:00  INFO 2543 --- [ool-1-thread-63] tourGuide.service.RewardsService         : nearAttraction called with McKinley Tower
2023-01-19T23:17:17.506+01:00  INFO 2543 --- [ool-1-thread-34] tourGuide.service.RewardsService         : getDistance called
2023-01-19T23:17:17.506+01:00  INFO 2543 --- [ool-1-thread-63] tourGuide.service.RewardsService         : getDistance called
2023-01-19T23:17:17.506+01:00  INFO 2543 --- [ool-1-thread-34] tourGuide.service.RewardsService         : nearAttraction called with Legend Valley
2023-01-19T23:17:17.506+01:00  INFO 2543 --- [ool-1-thread-63] tourGuide.service.RewardsService         : nearAttraction called with Flatiron Building
2023-01-19T23:17:17.506+01:00  INFO 2543 --- [ool-1-thread-34] tourGuide.service.RewardsService         : getDistance called
2023-01-19T23:17:17.507+01:00  INFO 2543 --- [ool-1-thread-63] tourGuide.service.RewardsService         : getDistance called
2023-01-19T23:17:17.507+01:00  INFO 2543 --- [ool-1-thread-34] tourGuide.service.RewardsService         : nearAttraction called with Flowers Bakery of London
2023-01-19T23:17:17.507+01:00  INFO 2543 --- [ool-1-thread-63] tourGuide.service.RewardsService         : nearAttraction called with Fallingwater
2023-01-19T23:17:17.507+01:00  INFO 2543 --- [ool-1-thread-34] tourGuide.service.RewardsService         : getDistance called
2023-01-19T23:17:17.507+01:00  INFO 2543 --- [ool-1-thread-63] tourGuide.service.RewardsService         : getDistance called
2023-01-19T23:17:17.507+01:00  INFO 2543 --- [ool-1-thread-34] tourGuide.service.RewardsService         : nearAttraction called with McKinley Tower
2023-01-19T23:17:17.507+01:00  INFO 2543 --- [ool-1-thread-63] tourGuide.service.RewardsService         : nearAttraction called with Union Station
2023-01-19T23:17:17.507+01:00  INFO 2543 --- [ool-1-thread-34] tourGuide.service.RewardsService         : getDistance called
2023-01-19T23:17:17.507+01:00  INFO 2543 --- [ool-1-thread-63] tourGuide.service.RewardsService         : getDistance called
2023-01-19T23:17:17.507+01:00  INFO 2543 --- [ool-1-thread-34] tourGuide.service.RewardsService         : nearAttraction called with Flatiron Building
2023-01-19T23:17:17.507+01:00  INFO 2543 --- [ool-1-thread-63] tourGuide.service.RewardsService         : nearAttraction called with Roger Dean Stadium
2023-01-19T23:17:17.507+01:00  INFO 2543 --- [ool-1-thread-34] tourGuide.service.RewardsService         : getDistance called
2023-01-19T23:17:17.507+01:00  INFO 2543 --- [ool-1-thread-63] tourGuide.service.RewardsService         : getDistance called
2023-01-19T23:17:17.507+01:00  INFO 2543 --- [ool-1-thread-34] tourGuide.service.RewardsService         : nearAttraction called with Fallingwater
2023-01-19T23:17:17.507+01:00  INFO 2543 --- [ool-1-thread-63] tourGuide.service.RewardsService         : nearAttraction called with Texas Memorial Stadium
2023-01-19T23:17:17.507+01:00  INFO 2543 --- [ool-1-thread-34] tourGuide.service.RewardsService         : getDistance called
2023-01-19T23:17:17.507+01:00  INFO 2543 --- [ool-1-thread-63] tourGuide.service.RewardsService         : getDistance called
2023-01-19T23:17:17.507+01:00  INFO 2543 --- [ool-1-thread-34] tourGuide.service.RewardsService         : nearAttraction called with Union Station
2023-01-19T23:17:17.507+01:00  INFO 2543 --- [ool-1-thread-63] tourGuide.service.RewardsService         : nearAttraction called with Bryant-Denny Stadium
2023-01-19T23:17:17.508+01:00  INFO 2543 --- [ool-1-thread-34] tourGuide.service.RewardsService         : getDistance called
2023-01-19T23:17:17.508+01:00  INFO 2543 --- [ool-1-thread-63] tourGuide.service.RewardsService         : getDistance called
2023-01-19T23:17:17.508+01:00  INFO 2543 --- [ool-1-thread-34] tourGuide.service.RewardsService         : nearAttraction called with Roger Dean Stadium
2023-01-19T23:17:17.508+01:00  INFO 2543 --- [ool-1-thread-63] tourGuide.service.RewardsService         : nearAttraction called with Tiger Stadium
2023-01-19T23:17:17.508+01:00  INFO 2543 --- [ool-1-thread-34] tourGuide.service.RewardsService         : getDistance called
2023-01-19T23:17:17.508+01:00  INFO 2543 --- [ool-1-thread-63] tourGuide.service.RewardsService         : getDistance called
2023-01-19T23:17:17.508+01:00  INFO 2543 --- [ool-1-thread-34] tourGuide.service.RewardsService         : nearAttraction called with Texas Memorial Stadium
2023-01-19T23:17:17.508+01:00  INFO 2543 --- [ool-1-thread-63] tourGuide.service.RewardsService         : nearAttraction called with Neyland Stadium
2023-01-19T23:17:17.508+01:00  INFO 2543 --- [ool-1-thread-63] tourGuide.service.RewardsService         : getDistance called
2023-01-19T23:17:17.508+01:00  INFO 2543 --- [ool-1-thread-34] tourGuide.service.RewardsService         : getDistance called
2023-01-19T23:17:17.508+01:00  INFO 2543 --- [ool-1-thread-63] tourGuide.service.RewardsService         : nearAttraction called with Kyle Field
2023-01-19T23:17:17.508+01:00  INFO 2543 --- [ool-1-thread-34] tourGuide.service.RewardsService         : nearAttraction called with Bryant-Denny Stadium
2023-01-19T23:17:17.508+01:00  INFO 2543 --- [ool-1-thread-63] tourGuide.service.RewardsService         : getDistance called
2023-01-19T23:17:17.508+01:00  INFO 2543 --- [ool-1-thread-34] tourGuide.service.RewardsService         : getDistance called
2023-01-19T23:17:17.508+01:00  INFO 2543 --- [ool-1-thread-63] tourGuide.service.RewardsService         : nearAttraction called with San Diego Zoo
2023-01-19T23:17:17.508+01:00  INFO 2543 --- [ool-1-thread-34] tourGuide.service.RewardsService         : nearAttraction called with Tiger Stadium
2023-01-19T23:17:17.509+01:00  INFO 2543 --- [ool-1-thread-63] tourGuide.service.RewardsService         : getDistance called
2023-01-19T23:17:17.509+01:00  INFO 2543 --- [ool-1-thread-34] tourGuide.service.RewardsService         : getDistance called
2023-01-19T23:17:17.509+01:00  INFO 2543 --- [ool-1-thread-63] tourGuide.service.RewardsService         : nearAttraction called with Zoo Tampa at Lowry Park
2023-01-19T23:17:17.509+01:00  INFO 2543 --- [ool-1-thread-34] tourGuide.service.RewardsService         : nearAttraction called with Neyland Stadium
2023-01-19T23:17:17.509+01:00  INFO 2543 --- [ool-1-thread-63] tourGuide.service.RewardsService         : getDistance called
2023-01-19T23:17:17.509+01:00  INFO 2543 --- [ool-1-thread-34] tourGuide.service.RewardsService         : getDistance called
2023-01-19T23:17:17.509+01:00  INFO 2543 --- [ool-1-thread-63] tourGuide.service.RewardsService         : nearAttraction called with Franklin Park Zoo
2023-01-19T23:17:17.509+01:00  INFO 2543 --- [ool-1-thread-34] tourGuide.service.RewardsService         : nearAttraction called with Kyle Field
2023-01-19T23:17:17.509+01:00  INFO 2543 --- [ool-1-thread-63] tourGuide.service.RewardsService         : getDistance called
2023-01-19T23:17:17.509+01:00  INFO 2543 --- [ool-1-thread-34] tourGuide.service.RewardsService         : getDistance called
2023-01-19T23:17:17.509+01:00  INFO 2543 --- [ool-1-thread-63] tourGuide.service.RewardsService         : nearAttraction called with El Paso Zoo
2023-01-19T23:17:17.509+01:00  INFO 2543 --- [ool-1-thread-34] tourGuide.service.RewardsService         : nearAttraction called with San Diego Zoo
2023-01-19T23:17:17.509+01:00  INFO 2543 --- [ool-1-thread-63] tourGuide.service.RewardsService         : getDistance called
2023-01-19T23:17:17.509+01:00  INFO 2543 --- [ool-1-thread-34] tourGuide.service.RewardsService         : getDistance called
2023-01-19T23:17:17.510+01:00  INFO 2543 --- [ool-1-thread-63] tourGuide.service.RewardsService         : nearAttraction called with Kansas City Zoo
2023-01-19T23:17:17.510+01:00  INFO 2543 --- [ool-1-thread-34] tourGuide.service.RewardsService         : nearAttraction called with Zoo Tampa at Lowry Park
2023-01-19T23:17:17.510+01:00  INFO 2543 --- [ool-1-thread-63] tourGuide.service.RewardsService         : getDistance called
2023-01-19T23:17:17.510+01:00  INFO 2543 --- [ool-1-thread-34] tourGuide.service.RewardsService         : getDistance called
2023-01-19T23:17:17.510+01:00  INFO 2543 --- [ool-1-thread-63] tourGuide.service.RewardsService         : nearAttraction called with Bronx Zoo
2023-01-19T23:17:17.510+01:00  INFO 2543 --- [ool-1-thread-34] tourGuide.service.RewardsService         : nearAttraction called with Franklin Park Zoo
2023-01-19T23:17:17.510+01:00  INFO 2543 --- [ool-1-thread-63] tourGuide.service.RewardsService         : getDistance called
2023-01-19T23:17:17.510+01:00  INFO 2543 --- [ool-1-thread-34] tourGuide.service.RewardsService         : getDistance called
2023-01-19T23:17:17.510+01:00  INFO 2543 --- [ool-1-thread-63] tourGuide.service.RewardsService         : nearAttraction called with Cinderella Castle
2023-01-19T23:17:17.510+01:00  INFO 2543 --- [ool-1-thread-34] tourGuide.service.RewardsService         : nearAttraction called with El Paso Zoo
2023-01-19T23:17:17.510+01:00  INFO 2543 --- [ool-1-thread-63] tourGuide.service.RewardsService         : getDistance called
2023-01-19T23:17:17.510+01:00  INFO 2543 --- [ool-1-thread-34] tourGuide.service.RewardsService         : getDistance called
2023-01-19T23:17:17.510+01:00  INFO 2543 --- [ool-1-thread-34] tourGuide.service.RewardsService         : nearAttraction called with Kansas City Zoo
2023-01-19T23:17:17.511+01:00  INFO 2543 --- [ool-1-thread-34] tourGuide.service.RewardsService         : getDistance called
2023-01-19T23:17:17.511+01:00  INFO 2543 --- [ool-1-thread-34] tourGuide.service.RewardsService         : nearAttraction called with Bronx Zoo
2023-01-19T23:17:17.511+01:00  INFO 2543 --- [ool-1-thread-34] tourGuide.service.RewardsService         : getDistance called
2023-01-19T23:17:17.511+01:00  INFO 2543 --- [ool-1-thread-34] tourGuide.service.RewardsService         : nearAttraction called with Cinderella Castle
2023-01-19T23:17:17.511+01:00  INFO 2543 --- [ool-1-thread-34] tourGuide.service.RewardsService         : getDistance called
2023-01-19T23:17:17.522+01:00  INFO 2543 --- [ool-1-thread-63] tourGuide.service.RewardsService         : nearAttraction called with Disneyland
2023-01-19T23:17:17.522+01:00  INFO 2543 --- [ool-1-thread-63] tourGuide.service.RewardsService         : getDistance called
2023-01-19T23:17:17.523+01:00  INFO 2543 --- [ool-1-thread-63] tourGuide.service.RewardsService         : getRewardPoints called with Disneyland and internalUser44
2023-01-19T23:17:17.523+01:00  INFO 2543 --- [ool-1-thread-34] tourGuide.service.RewardsService         : nearAttraction called with Disneyland
2023-01-19T23:17:17.523+01:00  INFO 2543 --- [ool-1-thread-34] tourGuide.service.RewardsService         : getDistance called
2023-01-19T23:17:17.523+01:00  INFO 2543 --- [ool-1-thread-34] tourGuide.service.RewardsService         : getRewardPoints called with Disneyland and internalUser47
2023-01-19T23:17:17.541+01:00  INFO 2543 --- [ool-1-thread-56] tourGuide.service.RewardsService         : nearAttraction called with Jackson Hole
2023-01-19T23:17:17.541+01:00  INFO 2543 --- [ool-1-thread-56] tourGuide.service.RewardsService         : getDistance called
2023-01-19T23:17:17.542+01:00  INFO 2543 --- [ool-1-thread-56] tourGuide.service.RewardsService         : nearAttraction called with Mojave National Preserve
2023-01-19T23:17:17.542+01:00  INFO 2543 --- [ool-1-thread-56] tourGuide.service.RewardsService         : getDistance called
2023-01-19T23:17:17.542+01:00  INFO 2543 --- [ool-1-thread-56] tourGuide.service.RewardsService         : nearAttraction called with Joshua Tree National Park
2023-01-19T23:17:17.542+01:00  INFO 2543 --- [ool-1-thread-56] tourGuide.service.RewardsService         : getDistance called
2023-01-19T23:17:17.542+01:00  INFO 2543 --- [ool-1-thread-56] tourGuide.service.RewardsService         : nearAttraction called with Buffalo National River
2023-01-19T23:17:17.542+01:00  INFO 2543 --- [ool-1-thread-56] tourGuide.service.RewardsService         : getDistance called
2023-01-19T23:17:17.543+01:00  INFO 2543 --- [ool-1-thread-56] tourGuide.service.RewardsService         : nearAttraction called with Hot Springs National Park
2023-01-19T23:17:17.543+01:00  INFO 2543 --- [ool-1-thread-56] tourGuide.service.RewardsService         : getDistance called
2023-01-19T23:17:17.543+01:00  INFO 2543 --- [ool-1-thread-56] tourGuide.service.RewardsService         : nearAttraction called with Kartchner Caverns State Park
2023-01-19T23:17:17.543+01:00  INFO 2543 --- [ool-1-thread-56] tourGuide.service.RewardsService         : getDistance called
2023-01-19T23:17:17.544+01:00  INFO 2543 --- [ool-1-thread-56] tourGuide.service.RewardsService         : nearAttraction called with Legend Valley
2023-01-19T23:17:17.544+01:00  INFO 2543 --- [ool-1-thread-56] tourGuide.service.RewardsService         : getDistance called
2023-01-19T23:17:17.544+01:00  INFO 2543 --- [ool-1-thread-56] tourGuide.service.RewardsService         : nearAttraction called with Flowers Bakery of London
2023-01-19T23:17:17.544+01:00  INFO 2543 --- [ool-1-thread-56] tourGuide.service.RewardsService         : getDistance called
2023-01-19T23:17:17.544+01:00  INFO 2543 --- [ool-1-thread-56] tourGuide.service.RewardsService         : nearAttraction called with McKinley Tower
2023-01-19T23:17:17.544+01:00  INFO 2543 --- [ool-1-thread-56] tourGuide.service.RewardsService         : getDistance called
2023-01-19T23:17:17.544+01:00  INFO 2543 --- [ool-1-thread-56] tourGuide.service.RewardsService         : nearAttraction called with Flatiron Building
2023-01-19T23:17:17.545+01:00  INFO 2543 --- [ool-1-thread-56] tourGuide.service.RewardsService         : getDistance called
2023-01-19T23:17:17.545+01:00  INFO 2543 --- [ool-1-thread-56] tourGuide.service.RewardsService         : nearAttraction called with Fallingwater
2023-01-19T23:17:17.545+01:00  INFO 2543 --- [ool-1-thread-56] tourGuide.service.RewardsService         : getDistance called
2023-01-19T23:17:17.545+01:00  INFO 2543 --- [ool-1-thread-56] tourGuide.service.RewardsService         : nearAttraction called with Union Station
2023-01-19T23:17:17.545+01:00  INFO 2543 --- [ool-1-thread-56] tourGuide.service.RewardsService         : getDistance called
2023-01-19T23:17:17.545+01:00  INFO 2543 --- [ool-1-thread-56] tourGuide.service.RewardsService         : nearAttraction called with Roger Dean Stadium
2023-01-19T23:17:17.545+01:00  INFO 2543 --- [ool-1-thread-56] tourGuide.service.RewardsService         : getDistance called
2023-01-19T23:17:17.545+01:00  INFO 2543 --- [ool-1-thread-56] tourGuide.service.RewardsService         : nearAttraction called with Texas Memorial Stadium
2023-01-19T23:17:17.546+01:00  INFO 2543 --- [ool-1-thread-56] tourGuide.service.RewardsService         : getDistance called
2023-01-19T23:17:17.546+01:00  INFO 2543 --- [ool-1-thread-56] tourGuide.service.RewardsService         : nearAttraction called with Bryant-Denny Stadium
2023-01-19T23:17:17.546+01:00  INFO 2543 --- [ool-1-thread-56] tourGuide.service.RewardsService         : getDistance called
2023-01-19T23:17:17.546+01:00  INFO 2543 --- [ool-1-thread-56] tourGuide.service.RewardsService         : nearAttraction called with Tiger Stadium
2023-01-19T23:17:17.546+01:00  INFO 2543 --- [ool-1-thread-56] tourGuide.service.RewardsService         : getDistance called
2023-01-19T23:17:17.546+01:00  INFO 2543 --- [ool-1-thread-56] tourGuide.service.RewardsService         : nearAttraction called with Neyland Stadium
2023-01-19T23:17:17.546+01:00  INFO 2543 --- [ool-1-thread-56] tourGuide.service.RewardsService         : getDistance called
2023-01-19T23:17:17.546+01:00  INFO 2543 --- [ool-1-thread-56] tourGuide.service.RewardsService         : nearAttraction called with Kyle Field
2023-01-19T23:17:17.547+01:00  INFO 2543 --- [ool-1-thread-56] tourGuide.service.RewardsService         : getDistance called
2023-01-19T23:17:17.547+01:00  INFO 2543 --- [ool-1-thread-56] tourGuide.service.RewardsService         : nearAttraction called with San Diego Zoo
2023-01-19T23:17:17.547+01:00  INFO 2543 --- [ool-1-thread-56] tourGuide.service.RewardsService         : getDistance called
2023-01-19T23:17:17.547+01:00  INFO 2543 --- [ool-1-thread-56] tourGuide.service.RewardsService         : nearAttraction called with Zoo Tampa at Lowry Park
2023-01-19T23:17:17.547+01:00  INFO 2543 --- [ool-1-thread-56] tourGuide.service.RewardsService         : getDistance called
2023-01-19T23:17:17.547+01:00  INFO 2543 --- [ool-1-thread-56] tourGuide.service.RewardsService         : nearAttraction called with Franklin Park Zoo
2023-01-19T23:17:17.547+01:00  INFO 2543 --- [ool-1-thread-56] tourGuide.service.RewardsService         : getDistance called
2023-01-19T23:17:17.547+01:00  INFO 2543 --- [ool-1-thread-56] tourGuide.service.RewardsService         : nearAttraction called with El Paso Zoo
2023-01-19T23:17:17.547+01:00  INFO 2543 --- [ool-1-thread-56] tourGuide.service.RewardsService         : getDistance called
2023-01-19T23:17:17.548+01:00  INFO 2543 --- [ool-1-thread-56] tourGuide.service.RewardsService         : nearAttraction called with Kansas City Zoo
2023-01-19T23:17:17.548+01:00  INFO 2543 --- [ool-1-thread-56] tourGuide.service.RewardsService         : getDistance called
2023-01-19T23:17:17.548+01:00  INFO 2543 --- [ool-1-thread-56] tourGuide.service.RewardsService         : nearAttraction called with Bronx Zoo
2023-01-19T23:17:17.548+01:00  INFO 2543 --- [ool-1-thread-56] tourGuide.service.RewardsService         : getDistance called
2023-01-19T23:17:17.548+01:00  INFO 2543 --- [ool-1-thread-56] tourGuide.service.RewardsService         : nearAttraction called with Cinderella Castle
2023-01-19T23:17:17.548+01:00  INFO 2543 --- [ool-1-thread-56] tourGuide.service.RewardsService         : getDistance called
2023-01-19T23:17:17.561+01:00  INFO 2543 --- [ool-1-thread-56] tourGuide.service.RewardsService         : nearAttraction called with Disneyland
2023-01-19T23:17:17.561+01:00  INFO 2543 --- [ool-1-thread-56] tourGuide.service.RewardsService         : getDistance called
2023-01-19T23:17:17.561+01:00  INFO 2543 --- [ool-1-thread-56] tourGuide.service.RewardsService         : getRewardPoints called with Disneyland and internalUser46
2023-01-19T23:17:17.563+01:00  INFO 2543 --- [ool-1-thread-22] tourGuide.service.RewardsService         : nearAttraction called with Jackson Hole
2023-01-19T23:17:17.564+01:00  INFO 2543 --- [ool-1-thread-22] tourGuide.service.RewardsService         : getDistance called
2023-01-19T23:17:17.564+01:00  INFO 2543 --- [ool-1-thread-22] tourGuide.service.RewardsService         : nearAttraction called with Mojave National Preserve
2023-01-19T23:17:17.564+01:00  INFO 2543 --- [ool-1-thread-22] tourGuide.service.RewardsService         : getDistance called
2023-01-19T23:17:17.564+01:00  INFO 2543 --- [ool-1-thread-22] tourGuide.service.RewardsService         : nearAttraction called with Joshua Tree National Park
2023-01-19T23:17:17.564+01:00  INFO 2543 --- [ool-1-thread-22] tourGuide.service.RewardsService         : getDistance called
2023-01-19T23:17:17.564+01:00  INFO 2543 --- [ool-1-thread-22] tourGuide.service.RewardsService         : nearAttraction called with Buffalo National River
2023-01-19T23:17:17.564+01:00  INFO 2543 --- [ool-1-thread-22] tourGuide.service.RewardsService         : getDistance called
2023-01-19T23:17:17.564+01:00  INFO 2543 --- [ool-1-thread-22] tourGuide.service.RewardsService         : nearAttraction called with Hot Springs National Park
2023-01-19T23:17:17.564+01:00  INFO 2543 --- [ool-1-thread-22] tourGuide.service.RewardsService         : getDistance called
2023-01-19T23:17:17.565+01:00  INFO 2543 --- [ool-1-thread-22] tourGuide.service.RewardsService         : nearAttraction called with Kartchner Caverns State Park
2023-01-19T23:17:17.565+01:00  INFO 2543 --- [ool-1-thread-22] tourGuide.service.RewardsService         : getDistance called
2023-01-19T23:17:17.565+01:00  INFO 2543 --- [ool-1-thread-22] tourGuide.service.RewardsService         : nearAttraction called with Legend Valley
2023-01-19T23:17:17.565+01:00  INFO 2543 --- [ool-1-thread-22] tourGuide.service.RewardsService         : getDistance called
2023-01-19T23:17:17.565+01:00  INFO 2543 --- [ool-1-thread-22] tourGuide.service.RewardsService         : nearAttraction called with Flowers Bakery of London
2023-01-19T23:17:17.565+01:00  INFO 2543 --- [ool-1-thread-22] tourGuide.service.RewardsService         : getDistance called
2023-01-19T23:17:17.565+01:00  INFO 2543 --- [ool-1-thread-22] tourGuide.service.RewardsService         : nearAttraction called with McKinley Tower
2023-01-19T23:17:17.565+01:00  INFO 2543 --- [ool-1-thread-22] tourGuide.service.RewardsService         : getDistance called
2023-01-19T23:17:17.565+01:00  INFO 2543 --- [ool-1-thread-34] tourGuide.service.RewardsService         : nearAttraction called with Jackson Hole
2023-01-19T23:17:17.565+01:00  INFO 2543 --- [ool-1-thread-34] tourGuide.service.RewardsService         : getDistance called
2023-01-19T23:17:17.565+01:00  INFO 2543 --- [ool-1-thread-22] tourGuide.service.RewardsService         : nearAttraction called with Flatiron Building
2023-01-19T23:17:17.566+01:00  INFO 2543 --- [ool-1-thread-22] tourGuide.service.RewardsService         : getDistance called
2023-01-19T23:17:17.566+01:00  INFO 2543 --- [ool-1-thread-22] tourGuide.service.RewardsService         : nearAttraction called with Fallingwater
2023-01-19T23:17:17.566+01:00  INFO 2543 --- [ool-1-thread-22] tourGuide.service.RewardsService         : getDistance called
2023-01-19T23:17:17.566+01:00  INFO 2543 --- [ool-1-thread-22] tourGuide.service.RewardsService         : nearAttraction called with Union Station
2023-01-19T23:17:17.566+01:00  INFO 2543 --- [ool-1-thread-34] tourGuide.service.RewardsService         : nearAttraction called with Mojave National Preserve
2023-01-19T23:17:17.566+01:00  INFO 2543 --- [ool-1-thread-34] tourGuide.service.RewardsService         : getDistance called
2023-01-19T23:17:17.566+01:00  INFO 2543 --- [ool-1-thread-22] tourGuide.service.RewardsService         : getDistance called
2023-01-19T23:17:17.566+01:00  INFO 2543 --- [ool-1-thread-34] tourGuide.service.RewardsService         : nearAttraction called with Joshua Tree National Park
2023-01-19T23:17:17.566+01:00  INFO 2543 --- [ool-1-thread-22] tourGuide.service.RewardsService         : nearAttraction called with Roger Dean Stadium
2023-01-19T23:17:17.566+01:00  INFO 2543 --- [ool-1-thread-34] tourGuide.service.RewardsService         : getDistance called
2023-01-19T23:17:17.566+01:00  INFO 2543 --- [ool-1-thread-22] tourGuide.service.RewardsService         : getDistance called
2023-01-19T23:17:17.566+01:00  INFO 2543 --- [ool-1-thread-34] tourGuide.service.RewardsService         : nearAttraction called with Buffalo National River
2023-01-19T23:17:17.566+01:00  INFO 2543 --- [ool-1-thread-22] tourGuide.service.RewardsService         : nearAttraction called with Texas Memorial Stadium
2023-01-19T23:17:17.566+01:00  INFO 2543 --- [ool-1-thread-22] tourGuide.service.RewardsService         : getDistance called
2023-01-19T23:17:17.566+01:00  INFO 2543 --- [ool-1-thread-22] tourGuide.service.RewardsService         : nearAttraction called with Bryant-Denny Stadium
2023-01-19T23:17:17.566+01:00  INFO 2543 --- [ool-1-thread-34] tourGuide.service.RewardsService         : getDistance called
2023-01-19T23:17:17.567+01:00  INFO 2543 --- [ool-1-thread-22] tourGuide.service.RewardsService         : getDistance called
2023-01-19T23:17:17.567+01:00  INFO 2543 --- [ool-1-thread-34] tourGuide.service.RewardsService         : nearAttraction called with Hot Springs National Park
2023-01-19T23:17:17.567+01:00  INFO 2543 --- [ool-1-thread-22] tourGuide.service.RewardsService         : nearAttraction called with Tiger Stadium
2023-01-19T23:17:17.567+01:00  INFO 2543 --- [ool-1-thread-34] tourGuide.service.RewardsService         : getDistance called
2023-01-19T23:17:17.567+01:00  INFO 2543 --- [ool-1-thread-22] tourGuide.service.RewardsService         : getDistance called
2023-01-19T23:17:17.567+01:00  INFO 2543 --- [ool-1-thread-34] tourGuide.service.RewardsService         : nearAttraction called with Kartchner Caverns State Park
2023-01-19T23:17:17.567+01:00  INFO 2543 --- [ool-1-thread-22] tourGuide.service.RewardsService         : nearAttraction called with Neyland Stadium
2023-01-19T23:17:17.567+01:00  INFO 2543 --- [ool-1-thread-34] tourGuide.service.RewardsService         : getDistance called
2023-01-19T23:17:17.567+01:00  INFO 2543 --- [ool-1-thread-22] tourGuide.service.RewardsService         : getDistance called
2023-01-19T23:17:17.567+01:00  INFO 2543 --- [ool-1-thread-34] tourGuide.service.RewardsService         : nearAttraction called with Legend Valley
2023-01-19T23:17:17.567+01:00  INFO 2543 --- [ool-1-thread-22] tourGuide.service.RewardsService         : nearAttraction called with Kyle Field
2023-01-19T23:17:17.567+01:00  INFO 2543 --- [ool-1-thread-22] tourGuide.service.RewardsService         : getDistance called
2023-01-19T23:17:17.567+01:00  INFO 2543 --- [ool-1-thread-34] tourGuide.service.RewardsService         : getDistance called
2023-01-19T23:17:17.567+01:00  INFO 2543 --- [ool-1-thread-22] tourGuide.service.RewardsService         : nearAttraction called with San Diego Zoo
2023-01-19T23:17:17.567+01:00  INFO 2543 --- [ool-1-thread-34] tourGuide.service.RewardsService         : nearAttraction called with Flowers Bakery of London
2023-01-19T23:17:17.567+01:00  INFO 2543 --- [ool-1-thread-22] tourGuide.service.RewardsService         : getDistance called
2023-01-19T23:17:17.567+01:00  INFO 2543 --- [ool-1-thread-34] tourGuide.service.RewardsService         : getDistance called
2023-01-19T23:17:17.567+01:00  INFO 2543 --- [ool-1-thread-22] tourGuide.service.RewardsService         : nearAttraction called with Zoo Tampa at Lowry Park
2023-01-19T23:17:17.568+01:00  INFO 2543 --- [ool-1-thread-22] tourGuide.service.RewardsService         : getDistance called
2023-01-19T23:17:17.568+01:00  INFO 2543 --- [ool-1-thread-34] tourGuide.service.RewardsService         : nearAttraction called with McKinley Tower
2023-01-19T23:17:17.568+01:00  INFO 2543 --- [ool-1-thread-34] tourGuide.service.RewardsService         : getDistance called
2023-01-19T23:17:17.568+01:00  INFO 2543 --- [ool-1-thread-22] tourGuide.service.RewardsService         : nearAttraction called with Franklin Park Zoo
2023-01-19T23:17:17.568+01:00  INFO 2543 --- [ool-1-thread-34] tourGuide.service.RewardsService         : nearAttraction called with Flatiron Building
2023-01-19T23:17:17.568+01:00  INFO 2543 --- [ool-1-thread-22] tourGuide.service.RewardsService         : getDistance called
2023-01-19T23:17:17.568+01:00  INFO 2543 --- [ool-1-thread-34] tourGuide.service.RewardsService         : getDistance called
2023-01-19T23:17:17.568+01:00  INFO 2543 --- [ool-1-thread-22] tourGuide.service.RewardsService         : nearAttraction called with El Paso Zoo
2023-01-19T23:17:17.568+01:00  INFO 2543 --- [ool-1-thread-34] tourGuide.service.RewardsService         : nearAttraction called with Fallingwater
2023-01-19T23:17:17.568+01:00  INFO 2543 --- [ool-1-thread-34] tourGuide.service.RewardsService         : getDistance called
2023-01-19T23:17:17.568+01:00  INFO 2543 --- [ool-1-thread-34] tourGuide.service.RewardsService         : nearAttraction called with Union Station
2023-01-19T23:17:17.568+01:00  INFO 2543 --- [ool-1-thread-22] tourGuide.service.RewardsService         : getDistance called
2023-01-19T23:17:17.568+01:00  INFO 2543 --- [ool-1-thread-34] tourGuide.service.RewardsService         : getDistance called
2023-01-19T23:17:17.568+01:00  INFO 2543 --- [ool-1-thread-22] tourGuide.service.RewardsService         : nearAttraction called with Kansas City Zoo
2023-01-19T23:17:17.568+01:00  INFO 2543 --- [ool-1-thread-34] tourGuide.service.RewardsService         : nearAttraction called with Roger Dean Stadium
2023-01-19T23:17:17.568+01:00  INFO 2543 --- [ool-1-thread-22] tourGuide.service.RewardsService         : getDistance called
2023-01-19T23:17:17.568+01:00  INFO 2543 --- [ool-1-thread-22] tourGuide.service.RewardsService         : nearAttraction called with Bronx Zoo
2023-01-19T23:17:17.568+01:00  INFO 2543 --- [ool-1-thread-34] tourGuide.service.RewardsService         : getDistance called
2023-01-19T23:17:17.569+01:00  INFO 2543 --- [ool-1-thread-22] tourGuide.service.RewardsService         : getDistance called
2023-01-19T23:17:17.569+01:00  INFO 2543 --- [ool-1-thread-34] tourGuide.service.RewardsService         : nearAttraction called with Texas Memorial Stadium
2023-01-19T23:17:17.569+01:00  INFO 2543 --- [ool-1-thread-34] tourGuide.service.RewardsService         : getDistance called
2023-01-19T23:17:17.569+01:00  INFO 2543 --- [ool-1-thread-22] tourGuide.service.RewardsService         : nearAttraction called with Cinderella Castle
2023-01-19T23:17:17.569+01:00  INFO 2543 --- [ool-1-thread-34] tourGuide.service.RewardsService         : nearAttraction called with Bryant-Denny Stadium
2023-01-19T23:17:17.569+01:00  INFO 2543 --- [ool-1-thread-22] tourGuide.service.RewardsService         : getDistance called
2023-01-19T23:17:17.569+01:00  INFO 2543 --- [ool-1-thread-34] tourGuide.service.RewardsService         : getDistance called
2023-01-19T23:17:17.569+01:00  INFO 2543 --- [ool-1-thread-34] tourGuide.service.RewardsService         : nearAttraction called with Tiger Stadium
2023-01-19T23:17:17.569+01:00  INFO 2543 --- [ool-1-thread-34] tourGuide.service.RewardsService         : getDistance called
2023-01-19T23:17:17.569+01:00  INFO 2543 --- [ool-1-thread-34] tourGuide.service.RewardsService         : nearAttraction called with Neyland Stadium
2023-01-19T23:17:17.569+01:00  INFO 2543 --- [ool-1-thread-34] tourGuide.service.RewardsService         : getDistance called
2023-01-19T23:17:17.569+01:00  INFO 2543 --- [ool-1-thread-34] tourGuide.service.RewardsService         : nearAttraction called with Kyle Field
2023-01-19T23:17:17.569+01:00  INFO 2543 --- [ool-1-thread-34] tourGuide.service.RewardsService         : getDistance called
2023-01-19T23:17:17.569+01:00  INFO 2543 --- [ool-1-thread-34] tourGuide.service.RewardsService         : nearAttraction called with San Diego Zoo
2023-01-19T23:17:17.569+01:00  INFO 2543 --- [ool-1-thread-34] tourGuide.service.RewardsService         : getDistance called
2023-01-19T23:17:17.570+01:00  INFO 2543 --- [ool-1-thread-34] tourGuide.service.RewardsService         : nearAttraction called with Zoo Tampa at Lowry Park
2023-01-19T23:17:17.570+01:00  INFO 2543 --- [ool-1-thread-34] tourGuide.service.RewardsService         : getDistance called
2023-01-19T23:17:17.570+01:00  INFO 2543 --- [ool-1-thread-34] tourGuide.service.RewardsService         : nearAttraction called with Franklin Park Zoo
2023-01-19T23:17:17.570+01:00  INFO 2543 --- [ool-1-thread-34] tourGuide.service.RewardsService         : getDistance called
2023-01-19T23:17:17.570+01:00  INFO 2543 --- [ool-1-thread-34] tourGuide.service.RewardsService         : nearAttraction called with El Paso Zoo
2023-01-19T23:17:17.570+01:00  INFO 2543 --- [ool-1-thread-34] tourGuide.service.RewardsService         : getDistance called
2023-01-19T23:17:17.570+01:00  INFO 2543 --- [ool-1-thread-34] tourGuide.service.RewardsService         : nearAttraction called with Kansas City Zoo
2023-01-19T23:17:17.570+01:00  INFO 2543 --- [ool-1-thread-34] tourGuide.service.RewardsService         : getDistance called
2023-01-19T23:17:17.570+01:00  INFO 2543 --- [ool-1-thread-34] tourGuide.service.RewardsService         : nearAttraction called with Bronx Zoo
2023-01-19T23:17:17.570+01:00  INFO 2543 --- [ool-1-thread-34] tourGuide.service.RewardsService         : getDistance called
2023-01-19T23:17:17.571+01:00  INFO 2543 --- [ool-1-thread-34] tourGuide.service.RewardsService         : nearAttraction called with Cinderella Castle
2023-01-19T23:17:17.571+01:00  INFO 2543 --- [ool-1-thread-34] tourGuide.service.RewardsService         : getDistance called
2023-01-19T23:17:17.580+01:00  INFO 2543 --- [ool-1-thread-22] tourGuide.service.RewardsService         : nearAttraction called with Disneyland
2023-01-19T23:17:17.580+01:00  INFO 2543 --- [ool-1-thread-22] tourGuide.service.RewardsService         : getDistance called
2023-01-19T23:17:17.580+01:00  INFO 2543 --- [ool-1-thread-22] tourGuide.service.RewardsService         : getRewardPoints called with Disneyland and internalUser41
2023-01-19T23:17:17.582+01:00  INFO 2543 --- [ool-1-thread-34] tourGuide.service.RewardsService         : nearAttraction called with Disneyland
2023-01-19T23:17:17.582+01:00  INFO 2543 --- [ool-1-thread-34] tourGuide.service.RewardsService         : getDistance called
2023-01-19T23:17:17.582+01:00  INFO 2543 --- [ool-1-thread-34] tourGuide.service.RewardsService         : getRewardPoints called with Disneyland and internalUser40
2023-01-19T23:17:17.588+01:00  INFO 2543 --- [pool-1-thread-1] tourGuide.service.RewardsService         : nearAttraction called with Jackson Hole
2023-01-19T23:17:17.589+01:00  INFO 2543 --- [pool-1-thread-1] tourGuide.service.RewardsService         : getDistance called
2023-01-19T23:17:17.589+01:00  INFO 2543 --- [pool-1-thread-1] tourGuide.service.RewardsService         : nearAttraction called with Mojave National Preserve
2023-01-19T23:17:17.589+01:00  INFO 2543 --- [pool-1-thread-1] tourGuide.service.RewardsService         : getDistance called
2023-01-19T23:17:17.589+01:00  INFO 2543 --- [pool-1-thread-1] tourGuide.service.RewardsService         : nearAttraction called with Joshua Tree National Park
2023-01-19T23:17:17.589+01:00  INFO 2543 --- [pool-1-thread-1] tourGuide.service.RewardsService         : getDistance called
2023-01-19T23:17:17.589+01:00  INFO 2543 --- [pool-1-thread-1] tourGuide.service.RewardsService         : nearAttraction called with Buffalo National River
2023-01-19T23:17:17.589+01:00  INFO 2543 --- [pool-1-thread-1] tourGuide.service.RewardsService         : getDistance called
2023-01-19T23:17:17.589+01:00  INFO 2543 --- [pool-1-thread-1] tourGuide.service.RewardsService         : nearAttraction called with Hot Springs National Park
2023-01-19T23:17:17.590+01:00  INFO 2543 --- [pool-1-thread-1] tourGuide.service.RewardsService         : getDistance called
2023-01-19T23:17:17.590+01:00  INFO 2543 --- [pool-1-thread-1] tourGuide.service.RewardsService         : nearAttraction called with Kartchner Caverns State Park
2023-01-19T23:17:17.590+01:00  INFO 2543 --- [pool-1-thread-1] tourGuide.service.RewardsService         : getDistance called
2023-01-19T23:17:17.590+01:00  INFO 2543 --- [pool-1-thread-1] tourGuide.service.RewardsService         : nearAttraction called with Legend Valley
2023-01-19T23:17:17.590+01:00  INFO 2543 --- [pool-1-thread-1] tourGuide.service.RewardsService         : getDistance called
2023-01-19T23:17:17.590+01:00  INFO 2543 --- [pool-1-thread-1] tourGuide.service.RewardsService         : nearAttraction called with Flowers Bakery of London
2023-01-19T23:17:17.590+01:00  INFO 2543 --- [pool-1-thread-1] tourGuide.service.RewardsService         : getDistance called
2023-01-19T23:17:17.590+01:00  INFO 2543 --- [pool-1-thread-1] tourGuide.service.RewardsService         : nearAttraction called with McKinley Tower
2023-01-19T23:17:17.590+01:00  INFO 2543 --- [pool-1-thread-1] tourGuide.service.RewardsService         : getDistance called
2023-01-19T23:17:17.590+01:00  INFO 2543 --- [pool-1-thread-1] tourGuide.service.RewardsService         : nearAttraction called with Flatiron Building
2023-01-19T23:17:17.590+01:00  INFO 2543 --- [pool-1-thread-1] tourGuide.service.RewardsService         : getDistance called
2023-01-19T23:17:17.591+01:00  INFO 2543 --- [pool-1-thread-1] tourGuide.service.RewardsService         : nearAttraction called with Fallingwater
2023-01-19T23:17:17.591+01:00  INFO 2543 --- [pool-1-thread-1] tourGuide.service.RewardsService         : getDistance called
2023-01-19T23:17:17.591+01:00  INFO 2543 --- [pool-1-thread-1] tourGuide.service.RewardsService         : nearAttraction called with Union Station
2023-01-19T23:17:17.591+01:00  INFO 2543 --- [pool-1-thread-1] tourGuide.service.RewardsService         : getDistance called
2023-01-19T23:17:17.591+01:00  INFO 2543 --- [pool-1-thread-1] tourGuide.service.RewardsService         : nearAttraction called with Roger Dean Stadium
2023-01-19T23:17:17.591+01:00  INFO 2543 --- [pool-1-thread-1] tourGuide.service.RewardsService         : getDistance called
2023-01-19T23:17:17.591+01:00  INFO 2543 --- [pool-1-thread-1] tourGuide.service.RewardsService         : nearAttraction called with Texas Memorial Stadium
2023-01-19T23:17:17.591+01:00  INFO 2543 --- [pool-1-thread-1] tourGuide.service.RewardsService         : getDistance called
2023-01-19T23:17:17.591+01:00  INFO 2543 --- [pool-1-thread-1] tourGuide.service.RewardsService         : nearAttraction called with Bryant-Denny Stadium
2023-01-19T23:17:17.591+01:00  INFO 2543 --- [pool-1-thread-1] tourGuide.service.RewardsService         : getDistance called
2023-01-19T23:17:17.591+01:00  INFO 2543 --- [pool-1-thread-1] tourGuide.service.RewardsService         : nearAttraction called with Tiger Stadium
2023-01-19T23:17:17.591+01:00  INFO 2543 --- [pool-1-thread-1] tourGuide.service.RewardsService         : getDistance called
2023-01-19T23:17:17.591+01:00  INFO 2543 --- [pool-1-thread-1] tourGuide.service.RewardsService         : nearAttraction called with Neyland Stadium
2023-01-19T23:17:17.591+01:00  INFO 2543 --- [pool-1-thread-1] tourGuide.service.RewardsService         : getDistance called
2023-01-19T23:17:17.591+01:00  INFO 2543 --- [pool-1-thread-1] tourGuide.service.RewardsService         : nearAttraction called with Kyle Field
2023-01-19T23:17:17.592+01:00  INFO 2543 --- [pool-1-thread-1] tourGuide.service.RewardsService         : getDistance called
2023-01-19T23:17:17.592+01:00  INFO 2543 --- [pool-1-thread-1] tourGuide.service.RewardsService         : nearAttraction called with San Diego Zoo
2023-01-19T23:17:17.592+01:00  INFO 2543 --- [pool-1-thread-1] tourGuide.service.RewardsService         : getDistance called
2023-01-19T23:17:17.592+01:00  INFO 2543 --- [pool-1-thread-1] tourGuide.service.RewardsService         : nearAttraction called with Zoo Tampa at Lowry Park
2023-01-19T23:17:17.592+01:00  INFO 2543 --- [pool-1-thread-1] tourGuide.service.RewardsService         : getDistance called
2023-01-19T23:17:17.592+01:00  INFO 2543 --- [pool-1-thread-1] tourGuide.service.RewardsService         : nearAttraction called with Franklin Park Zoo
2023-01-19T23:17:17.592+01:00  INFO 2543 --- [pool-1-thread-1] tourGuide.service.RewardsService         : getDistance called
2023-01-19T23:17:17.592+01:00  INFO 2543 --- [pool-1-thread-1] tourGuide.service.RewardsService         : nearAttraction called with El Paso Zoo
2023-01-19T23:17:17.592+01:00  INFO 2543 --- [pool-1-thread-1] tourGuide.service.RewardsService         : getDistance called
2023-01-19T23:17:17.592+01:00  INFO 2543 --- [pool-1-thread-1] tourGuide.service.RewardsService         : nearAttraction called with Kansas City Zoo
2023-01-19T23:17:17.592+01:00  INFO 2543 --- [pool-1-thread-1] tourGuide.service.RewardsService         : getDistance called
2023-01-19T23:17:17.592+01:00  INFO 2543 --- [pool-1-thread-1] tourGuide.service.RewardsService         : nearAttraction called with Bronx Zoo
2023-01-19T23:17:17.592+01:00  INFO 2543 --- [pool-1-thread-1] tourGuide.service.RewardsService         : getDistance called
2023-01-19T23:17:17.593+01:00  INFO 2543 --- [pool-1-thread-1] tourGuide.service.RewardsService         : nearAttraction called with Cinderella Castle
2023-01-19T23:17:17.593+01:00  INFO 2543 --- [pool-1-thread-1] tourGuide.service.RewardsService         : getDistance called
2023-01-19T23:17:17.596+01:00  INFO 2543 --- [ool-1-thread-70] tourGuide.service.RewardsService         : nearAttraction called with Jackson Hole
2023-01-19T23:17:17.596+01:00  INFO 2543 --- [ool-1-thread-70] tourGuide.service.RewardsService         : getDistance called
2023-01-19T23:17:17.597+01:00  INFO 2543 --- [ool-1-thread-70] tourGuide.service.RewardsService         : nearAttraction called with Mojave National Preserve
2023-01-19T23:17:17.597+01:00  INFO 2543 --- [ool-1-thread-70] tourGuide.service.RewardsService         : getDistance called
2023-01-19T23:17:17.597+01:00  INFO 2543 --- [ool-1-thread-70] tourGuide.service.RewardsService         : nearAttraction called with Joshua Tree National Park
2023-01-19T23:17:17.597+01:00  INFO 2543 --- [ool-1-thread-70] tourGuide.service.RewardsService         : getDistance called
2023-01-19T23:17:17.597+01:00  INFO 2543 --- [ool-1-thread-70] tourGuide.service.RewardsService         : nearAttraction called with Buffalo National River
2023-01-19T23:17:17.597+01:00  INFO 2543 --- [ool-1-thread-70] tourGuide.service.RewardsService         : getDistance called
2023-01-19T23:17:17.597+01:00  INFO 2543 --- [ool-1-thread-70] tourGuide.service.RewardsService         : nearAttraction called with Hot Springs National Park
2023-01-19T23:17:17.597+01:00  INFO 2543 --- [ool-1-thread-70] tourGuide.service.RewardsService         : getDistance called
2023-01-19T23:17:17.597+01:00  INFO 2543 --- [ool-1-thread-70] tourGuide.service.RewardsService         : nearAttraction called with Kartchner Caverns State Park
2023-01-19T23:17:17.597+01:00  INFO 2543 --- [ool-1-thread-70] tourGuide.service.RewardsService         : getDistance called
2023-01-19T23:17:17.597+01:00  INFO 2543 --- [ool-1-thread-70] tourGuide.service.RewardsService         : nearAttraction called with Legend Valley
2023-01-19T23:17:17.597+01:00  INFO 2543 --- [ool-1-thread-70] tourGuide.service.RewardsService         : getDistance called
2023-01-19T23:17:17.597+01:00  INFO 2543 --- [ool-1-thread-70] tourGuide.service.RewardsService         : nearAttraction called with Flowers Bakery of London
2023-01-19T23:17:17.597+01:00  INFO 2543 --- [ool-1-thread-70] tourGuide.service.RewardsService         : getDistance called
2023-01-19T23:17:17.598+01:00  INFO 2543 --- [ool-1-thread-70] tourGuide.service.RewardsService         : nearAttraction called with McKinley Tower
2023-01-19T23:17:17.598+01:00  INFO 2543 --- [ool-1-thread-70] tourGuide.service.RewardsService         : getDistance called
2023-01-19T23:17:17.598+01:00  INFO 2543 --- [ool-1-thread-70] tourGuide.service.RewardsService         : nearAttraction called with Flatiron Building
2023-01-19T23:17:17.598+01:00  INFO 2543 --- [ool-1-thread-70] tourGuide.service.RewardsService         : getDistance called
2023-01-19T23:17:17.598+01:00  INFO 2543 --- [ool-1-thread-70] tourGuide.service.RewardsService         : nearAttraction called with Fallingwater
2023-01-19T23:17:17.598+01:00  INFO 2543 --- [ool-1-thread-70] tourGuide.service.RewardsService         : getDistance called
2023-01-19T23:17:17.598+01:00  INFO 2543 --- [ool-1-thread-70] tourGuide.service.RewardsService         : nearAttraction called with Union Station
2023-01-19T23:17:17.598+01:00  INFO 2543 --- [ool-1-thread-70] tourGuide.service.RewardsService         : getDistance called
2023-01-19T23:17:17.598+01:00  INFO 2543 --- [ool-1-thread-70] tourGuide.service.RewardsService         : nearAttraction called with Roger Dean Stadium
2023-01-19T23:17:17.598+01:00  INFO 2543 --- [ool-1-thread-70] tourGuide.service.RewardsService         : getDistance called
2023-01-19T23:17:17.598+01:00  INFO 2543 --- [ool-1-thread-70] tourGuide.service.RewardsService         : nearAttraction called with Texas Memorial Stadium
2023-01-19T23:17:17.598+01:00  INFO 2543 --- [ool-1-thread-70] tourGuide.service.RewardsService         : getDistance called
2023-01-19T23:17:17.598+01:00  INFO 2543 --- [ool-1-thread-70] tourGuide.service.RewardsService         : nearAttraction called with Bryant-Denny Stadium
2023-01-19T23:17:17.598+01:00  INFO 2543 --- [ool-1-thread-70] tourGuide.service.RewardsService         : getDistance called
2023-01-19T23:17:17.598+01:00  INFO 2543 --- [ool-1-thread-70] tourGuide.service.RewardsService         : nearAttraction called with Tiger Stadium
2023-01-19T23:17:17.599+01:00  INFO 2543 --- [ool-1-thread-70] tourGuide.service.RewardsService         : getDistance called
2023-01-19T23:17:17.599+01:00  INFO 2543 --- [ool-1-thread-70] tourGuide.service.RewardsService         : nearAttraction called with Neyland Stadium
2023-01-19T23:17:17.599+01:00  INFO 2543 --- [ool-1-thread-70] tourGuide.service.RewardsService         : getDistance called
2023-01-19T23:17:17.599+01:00  INFO 2543 --- [ool-1-thread-70] tourGuide.service.RewardsService         : nearAttraction called with Kyle Field
2023-01-19T23:17:17.599+01:00  INFO 2543 --- [ool-1-thread-70] tourGuide.service.RewardsService         : getDistance called
2023-01-19T23:17:17.599+01:00  INFO 2543 --- [ool-1-thread-70] tourGuide.service.RewardsService         : nearAttraction called with San Diego Zoo
2023-01-19T23:17:17.599+01:00  INFO 2543 --- [ool-1-thread-70] tourGuide.service.RewardsService         : getDistance called
2023-01-19T23:17:17.599+01:00  INFO 2543 --- [ool-1-thread-70] tourGuide.service.RewardsService         : nearAttraction called with Zoo Tampa at Lowry Park
2023-01-19T23:17:17.599+01:00  INFO 2543 --- [ool-1-thread-70] tourGuide.service.RewardsService         : getDistance called
2023-01-19T23:17:17.599+01:00  INFO 2543 --- [ool-1-thread-70] tourGuide.service.RewardsService         : nearAttraction called with Franklin Park Zoo
2023-01-19T23:17:17.599+01:00  INFO 2543 --- [ool-1-thread-70] tourGuide.service.RewardsService         : getDistance called
2023-01-19T23:17:17.599+01:00  INFO 2543 --- [ool-1-thread-70] tourGuide.service.RewardsService         : nearAttraction called with El Paso Zoo
2023-01-19T23:17:17.599+01:00  INFO 2543 --- [ool-1-thread-70] tourGuide.service.RewardsService         : getDistance called
2023-01-19T23:17:17.599+01:00  INFO 2543 --- [ool-1-thread-70] tourGuide.service.RewardsService         : nearAttraction called with Kansas City Zoo
2023-01-19T23:17:17.600+01:00  INFO 2543 --- [ool-1-thread-70] tourGuide.service.RewardsService         : getDistance called
2023-01-19T23:17:17.600+01:00  INFO 2543 --- [ool-1-thread-70] tourGuide.service.RewardsService         : nearAttraction called with Bronx Zoo
2023-01-19T23:17:17.600+01:00  INFO 2543 --- [ool-1-thread-70] tourGuide.service.RewardsService         : getDistance called
2023-01-19T23:17:17.600+01:00  INFO 2543 --- [ool-1-thread-70] tourGuide.service.RewardsService         : nearAttraction called with Cinderella Castle
2023-01-19T23:17:17.600+01:00  INFO 2543 --- [ool-1-thread-70] tourGuide.service.RewardsService         : getDistance called
2023-01-19T23:17:17.603+01:00  INFO 2543 --- [pool-1-thread-1] tourGuide.service.RewardsService         : nearAttraction called with Disneyland
2023-01-19T23:17:17.603+01:00  INFO 2543 --- [pool-1-thread-1] tourGuide.service.RewardsService         : getDistance called
2023-01-19T23:17:17.603+01:00  INFO 2543 --- [pool-1-thread-1] tourGuide.service.RewardsService         : getRewardPoints called with Disneyland and internalUser43
2023-01-19T23:17:17.610+01:00  INFO 2543 --- [ool-1-thread-66] tourGuide.service.RewardsService         : nearAttraction called with Jackson Hole
2023-01-19T23:17:17.610+01:00  INFO 2543 --- [ool-1-thread-66] tourGuide.service.RewardsService         : getDistance called
2023-01-19T23:17:17.610+01:00  INFO 2543 --- [ool-1-thread-66] tourGuide.service.RewardsService         : nearAttraction called with Mojave National Preserve
2023-01-19T23:17:17.610+01:00  INFO 2543 --- [ool-1-thread-66] tourGuide.service.RewardsService         : getDistance called
2023-01-19T23:17:17.610+01:00  INFO 2543 --- [ool-1-thread-66] tourGuide.service.RewardsService         : nearAttraction called with Joshua Tree National Park
2023-01-19T23:17:17.610+01:00  INFO 2543 --- [ool-1-thread-66] tourGuide.service.RewardsService         : getDistance called
2023-01-19T23:17:17.610+01:00  INFO 2543 --- [ool-1-thread-66] tourGuide.service.RewardsService         : nearAttraction called with Buffalo National River
2023-01-19T23:17:17.610+01:00  INFO 2543 --- [ool-1-thread-66] tourGuide.service.RewardsService         : getDistance called
2023-01-19T23:17:17.610+01:00  INFO 2543 --- [ool-1-thread-66] tourGuide.service.RewardsService         : nearAttraction called with Hot Springs National Park
2023-01-19T23:17:17.610+01:00  INFO 2543 --- [ool-1-thread-70] tourGuide.service.RewardsService         : nearAttraction called with Disneyland
2023-01-19T23:17:17.611+01:00  INFO 2543 --- [ool-1-thread-66] tourGuide.service.RewardsService         : getDistance called
2023-01-19T23:17:17.611+01:00  INFO 2543 --- [ool-1-thread-70] tourGuide.service.RewardsService         : getDistance called
2023-01-19T23:17:17.611+01:00  INFO 2543 --- [ool-1-thread-66] tourGuide.service.RewardsService         : nearAttraction called with Kartchner Caverns State Park
2023-01-19T23:17:17.611+01:00  INFO 2543 --- [ool-1-thread-70] tourGuide.service.RewardsService         : getRewardPoints called with Disneyland and internalUser42
2023-01-19T23:17:17.611+01:00  INFO 2543 --- [ool-1-thread-66] tourGuide.service.RewardsService         : getDistance called
2023-01-19T23:17:17.611+01:00  INFO 2543 --- [ool-1-thread-66] tourGuide.service.RewardsService         : nearAttraction called with Legend Valley
2023-01-19T23:17:17.611+01:00  INFO 2543 --- [ool-1-thread-66] tourGuide.service.RewardsService         : getDistance called
2023-01-19T23:17:17.611+01:00  INFO 2543 --- [ool-1-thread-66] tourGuide.service.RewardsService         : nearAttraction called with Flowers Bakery of London
2023-01-19T23:17:17.611+01:00  INFO 2543 --- [ool-1-thread-66] tourGuide.service.RewardsService         : getDistance called
2023-01-19T23:17:17.611+01:00  INFO 2543 --- [ool-1-thread-66] tourGuide.service.RewardsService         : nearAttraction called with McKinley Tower
2023-01-19T23:17:17.611+01:00  INFO 2543 --- [ool-1-thread-66] tourGuide.service.RewardsService         : getDistance called
2023-01-19T23:17:17.611+01:00  INFO 2543 --- [ool-1-thread-66] tourGuide.service.RewardsService         : nearAttraction called with Flatiron Building
2023-01-19T23:17:17.611+01:00  INFO 2543 --- [ool-1-thread-66] tourGuide.service.RewardsService         : getDistance called
2023-01-19T23:17:17.611+01:00  INFO 2543 --- [ool-1-thread-66] tourGuide.service.RewardsService         : nearAttraction called with Fallingwater
2023-01-19T23:17:17.611+01:00  INFO 2543 --- [ool-1-thread-66] tourGuide.service.RewardsService         : getDistance called
2023-01-19T23:17:17.612+01:00  INFO 2543 --- [ool-1-thread-66] tourGuide.service.RewardsService         : nearAttraction called with Union Station
2023-01-19T23:17:17.612+01:00  INFO 2543 --- [ool-1-thread-66] tourGuide.service.RewardsService         : getDistance called
2023-01-19T23:17:17.612+01:00  INFO 2543 --- [ool-1-thread-66] tourGuide.service.RewardsService         : nearAttraction called with Roger Dean Stadium
2023-01-19T23:17:17.612+01:00  INFO 2543 --- [ool-1-thread-66] tourGuide.service.RewardsService         : getDistance called
2023-01-19T23:17:17.612+01:00  INFO 2543 --- [ool-1-thread-66] tourGuide.service.RewardsService         : nearAttraction called with Texas Memorial Stadium
2023-01-19T23:17:17.612+01:00  INFO 2543 --- [ool-1-thread-66] tourGuide.service.RewardsService         : getDistance called
2023-01-19T23:17:17.612+01:00  INFO 2543 --- [ool-1-thread-66] tourGuide.service.RewardsService         : nearAttraction called with Bryant-Denny Stadium
2023-01-19T23:17:17.612+01:00  INFO 2543 --- [ool-1-thread-66] tourGuide.service.RewardsService         : getDistance called
2023-01-19T23:17:17.612+01:00  INFO 2543 --- [ool-1-thread-66] tourGuide.service.RewardsService         : nearAttraction called with Tiger Stadium
2023-01-19T23:17:17.612+01:00  INFO 2543 --- [ool-1-thread-66] tourGuide.service.RewardsService         : getDistance called
2023-01-19T23:17:17.612+01:00  INFO 2543 --- [ool-1-thread-66] tourGuide.service.RewardsService         : nearAttraction called with Neyland Stadium
2023-01-19T23:17:17.612+01:00  INFO 2543 --- [ool-1-thread-66] tourGuide.service.RewardsService         : getDistance called
2023-01-19T23:17:17.613+01:00  INFO 2543 --- [ool-1-thread-66] tourGuide.service.RewardsService         : nearAttraction called with Kyle Field
2023-01-19T23:17:17.613+01:00  INFO 2543 --- [ool-1-thread-66] tourGuide.service.RewardsService         : getDistance called
2023-01-19T23:17:17.613+01:00  INFO 2543 --- [ool-1-thread-66] tourGuide.service.RewardsService         : nearAttraction called with San Diego Zoo
2023-01-19T23:17:17.613+01:00  INFO 2543 --- [ool-1-thread-66] tourGuide.service.RewardsService         : getDistance called
2023-01-19T23:17:17.613+01:00  INFO 2543 --- [ool-1-thread-66] tourGuide.service.RewardsService         : nearAttraction called with Zoo Tampa at Lowry Park
2023-01-19T23:17:17.613+01:00  INFO 2543 --- [ool-1-thread-66] tourGuide.service.RewardsService         : getDistance called
2023-01-19T23:17:17.613+01:00  INFO 2543 --- [ool-1-thread-66] tourGuide.service.RewardsService         : nearAttraction called with Franklin Park Zoo
2023-01-19T23:17:17.613+01:00  INFO 2543 --- [ool-1-thread-66] tourGuide.service.RewardsService         : getDistance called
2023-01-19T23:17:17.613+01:00  INFO 2543 --- [ool-1-thread-66] tourGuide.service.RewardsService         : nearAttraction called with El Paso Zoo
2023-01-19T23:17:17.613+01:00  INFO 2543 --- [ool-1-thread-66] tourGuide.service.RewardsService         : getDistance called
2023-01-19T23:17:17.613+01:00  INFO 2543 --- [ool-1-thread-66] tourGuide.service.RewardsService         : nearAttraction called with Kansas City Zoo
2023-01-19T23:17:17.614+01:00  INFO 2543 --- [ool-1-thread-66] tourGuide.service.RewardsService         : getDistance called
2023-01-19T23:17:17.614+01:00  INFO 2543 --- [ool-1-thread-66] tourGuide.service.RewardsService         : nearAttraction called with Bronx Zoo
2023-01-19T23:17:17.614+01:00  INFO 2543 --- [ool-1-thread-66] tourGuide.service.RewardsService         : getDistance called
2023-01-19T23:17:17.614+01:00  INFO 2543 --- [ool-1-thread-66] tourGuide.service.RewardsService         : nearAttraction called with Cinderella Castle
2023-01-19T23:17:17.614+01:00  INFO 2543 --- [ool-1-thread-66] tourGuide.service.RewardsService         : getDistance called
2023-01-19T23:17:17.621+01:00  INFO 2543 --- [ool-1-thread-58] tourGuide.service.RewardsService         : nearAttraction called with Jackson Hole
2023-01-19T23:17:17.621+01:00  INFO 2543 --- [ool-1-thread-58] tourGuide.service.RewardsService         : getDistance called
2023-01-19T23:17:17.621+01:00  INFO 2543 --- [ool-1-thread-58] tourGuide.service.RewardsService         : nearAttraction called with Mojave National Preserve
2023-01-19T23:17:17.621+01:00  INFO 2543 --- [ool-1-thread-58] tourGuide.service.RewardsService         : getDistance called
2023-01-19T23:17:17.621+01:00  INFO 2543 --- [ool-1-thread-58] tourGuide.service.RewardsService         : nearAttraction called with Joshua Tree National Park
2023-01-19T23:17:17.622+01:00  INFO 2543 --- [ool-1-thread-58] tourGuide.service.RewardsService         : getDistance called
2023-01-19T23:17:17.622+01:00  INFO 2543 --- [ool-1-thread-58] tourGuide.service.RewardsService         : nearAttraction called with Buffalo National River
2023-01-19T23:17:17.622+01:00  INFO 2543 --- [ool-1-thread-58] tourGuide.service.RewardsService         : getDistance called
2023-01-19T23:17:17.622+01:00  INFO 2543 --- [ool-1-thread-58] tourGuide.service.RewardsService         : nearAttraction called with Hot Springs National Park
2023-01-19T23:17:17.622+01:00  INFO 2543 --- [ool-1-thread-58] tourGuide.service.RewardsService         : getDistance called
2023-01-19T23:17:17.622+01:00  INFO 2543 --- [ool-1-thread-58] tourGuide.service.RewardsService         : nearAttraction called with Kartchner Caverns State Park
2023-01-19T23:17:17.622+01:00  INFO 2543 --- [ool-1-thread-58] tourGuide.service.RewardsService         : getDistance called
2023-01-19T23:17:17.622+01:00  INFO 2543 --- [ool-1-thread-58] tourGuide.service.RewardsService         : nearAttraction called with Legend Valley
2023-01-19T23:17:17.622+01:00  INFO 2543 --- [ool-1-thread-58] tourGuide.service.RewardsService         : getDistance called
2023-01-19T23:17:17.622+01:00  INFO 2543 --- [ool-1-thread-58] tourGuide.service.RewardsService         : nearAttraction called with Flowers Bakery of London
2023-01-19T23:17:17.622+01:00  INFO 2543 --- [ool-1-thread-58] tourGuide.service.RewardsService         : getDistance called
2023-01-19T23:17:17.622+01:00  INFO 2543 --- [ool-1-thread-58] tourGuide.service.RewardsService         : nearAttraction called with McKinley Tower
2023-01-19T23:17:17.622+01:00  INFO 2543 --- [ool-1-thread-58] tourGuide.service.RewardsService         : getDistance called
2023-01-19T23:17:17.622+01:00  INFO 2543 --- [ool-1-thread-58] tourGuide.service.RewardsService         : nearAttraction called with Flatiron Building
2023-01-19T23:17:17.623+01:00  INFO 2543 --- [ool-1-thread-58] tourGuide.service.RewardsService         : getDistance called
2023-01-19T23:17:17.623+01:00  INFO 2543 --- [ool-1-thread-58] tourGuide.service.RewardsService         : nearAttraction called with Fallingwater
2023-01-19T23:17:17.623+01:00  INFO 2543 --- [ool-1-thread-58] tourGuide.service.RewardsService         : getDistance called
2023-01-19T23:17:17.623+01:00  INFO 2543 --- [ool-1-thread-58] tourGuide.service.RewardsService         : nearAttraction called with Union Station
2023-01-19T23:17:17.623+01:00  INFO 2543 --- [ool-1-thread-58] tourGuide.service.RewardsService         : getDistance called
2023-01-19T23:17:17.623+01:00  INFO 2543 --- [ool-1-thread-58] tourGuide.service.RewardsService         : nearAttraction called with Roger Dean Stadium
2023-01-19T23:17:17.623+01:00  INFO 2543 --- [ool-1-thread-58] tourGuide.service.RewardsService         : getDistance called
2023-01-19T23:17:17.623+01:00  INFO 2543 --- [ool-1-thread-58] tourGuide.service.RewardsService         : nearAttraction called with Texas Memorial Stadium
2023-01-19T23:17:17.623+01:00  INFO 2543 --- [ool-1-thread-58] tourGuide.service.RewardsService         : getDistance called
2023-01-19T23:17:17.623+01:00  INFO 2543 --- [ool-1-thread-58] tourGuide.service.RewardsService         : nearAttraction called with Bryant-Denny Stadium
2023-01-19T23:17:17.623+01:00  INFO 2543 --- [ool-1-thread-58] tourGuide.service.RewardsService         : getDistance called
2023-01-19T23:17:17.623+01:00  INFO 2543 --- [ool-1-thread-58] tourGuide.service.RewardsService         : nearAttraction called with Tiger Stadium
2023-01-19T23:17:17.623+01:00  INFO 2543 --- [ool-1-thread-58] tourGuide.service.RewardsService         : getDistance called
2023-01-19T23:17:17.624+01:00  INFO 2543 --- [ool-1-thread-58] tourGuide.service.RewardsService         : nearAttraction called with Neyland Stadium
2023-01-19T23:17:17.624+01:00  INFO 2543 --- [ool-1-thread-58] tourGuide.service.RewardsService         : getDistance called
2023-01-19T23:17:17.624+01:00  INFO 2543 --- [ool-1-thread-58] tourGuide.service.RewardsService         : nearAttraction called with Kyle Field
2023-01-19T23:17:17.624+01:00  INFO 2543 --- [ool-1-thread-58] tourGuide.service.RewardsService         : getDistance called
2023-01-19T23:17:17.624+01:00  INFO 2543 --- [ool-1-thread-58] tourGuide.service.RewardsService         : nearAttraction called with San Diego Zoo
2023-01-19T23:17:17.624+01:00  INFO 2543 --- [ool-1-thread-58] tourGuide.service.RewardsService         : getDistance called
2023-01-19T23:17:17.624+01:00  INFO 2543 --- [ool-1-thread-58] tourGuide.service.RewardsService         : nearAttraction called with Zoo Tampa at Lowry Park
2023-01-19T23:17:17.624+01:00  INFO 2543 --- [ool-1-thread-58] tourGuide.service.RewardsService         : getDistance called
2023-01-19T23:17:17.624+01:00  INFO 2543 --- [ool-1-thread-58] tourGuide.service.RewardsService         : nearAttraction called with Franklin Park Zoo
2023-01-19T23:17:17.624+01:00  INFO 2543 --- [ool-1-thread-58] tourGuide.service.RewardsService         : getDistance called
2023-01-19T23:17:17.624+01:00  INFO 2543 --- [ool-1-thread-58] tourGuide.service.RewardsService         : nearAttraction called with El Paso Zoo
2023-01-19T23:17:17.624+01:00  INFO 2543 --- [ool-1-thread-66] tourGuide.service.RewardsService         : nearAttraction called with Disneyland
2023-01-19T23:17:17.624+01:00  INFO 2543 --- [ool-1-thread-58] tourGuide.service.RewardsService         : getDistance called
2023-01-19T23:17:17.624+01:00  INFO 2543 --- [ool-1-thread-66] tourGuide.service.RewardsService         : getDistance called
2023-01-19T23:17:17.624+01:00  INFO 2543 --- [ool-1-thread-58] tourGuide.service.RewardsService         : nearAttraction called with Kansas City Zoo
2023-01-19T23:17:17.624+01:00  INFO 2543 --- [ool-1-thread-66] tourGuide.service.RewardsService         : getRewardPoints called with Disneyland and internalUser59
2023-01-19T23:17:17.624+01:00  INFO 2543 --- [ool-1-thread-58] tourGuide.service.RewardsService         : getDistance called
2023-01-19T23:17:17.624+01:00  INFO 2543 --- [ool-1-thread-58] tourGuide.service.RewardsService         : nearAttraction called with Bronx Zoo
2023-01-19T23:17:17.624+01:00  INFO 2543 --- [ool-1-thread-58] tourGuide.service.RewardsService         : getDistance called
2023-01-19T23:17:17.625+01:00  INFO 2543 --- [ool-1-thread-58] tourGuide.service.RewardsService         : nearAttraction called with Cinderella Castle
2023-01-19T23:17:17.625+01:00  INFO 2543 --- [ool-1-thread-58] tourGuide.service.RewardsService         : getDistance called
2023-01-19T23:17:17.635+01:00  INFO 2543 --- [ool-1-thread-58] tourGuide.service.RewardsService         : nearAttraction called with Disneyland
2023-01-19T23:17:17.636+01:00  INFO 2543 --- [ool-1-thread-58] tourGuide.service.RewardsService         : getDistance called
2023-01-19T23:17:17.636+01:00  INFO 2543 --- [ool-1-thread-58] tourGuide.service.RewardsService         : getRewardPoints called with Disneyland and internalUser56
2023-01-19T23:17:17.638+01:00  INFO 2543 --- [pool-1-thread-9] tourGuide.service.RewardsService         : nearAttraction called with Jackson Hole
2023-01-19T23:17:17.638+01:00  INFO 2543 --- [pool-1-thread-9] tourGuide.service.RewardsService         : getDistance called
2023-01-19T23:17:17.638+01:00  INFO 2543 --- [pool-1-thread-9] tourGuide.service.RewardsService         : nearAttraction called with Mojave National Preserve
2023-01-19T23:17:17.638+01:00  INFO 2543 --- [pool-1-thread-9] tourGuide.service.RewardsService         : getDistance called
2023-01-19T23:17:17.638+01:00  INFO 2543 --- [pool-1-thread-9] tourGuide.service.RewardsService         : nearAttraction called with Joshua Tree National Park
2023-01-19T23:17:17.638+01:00  INFO 2543 --- [pool-1-thread-9] tourGuide.service.RewardsService         : getDistance called
2023-01-19T23:17:17.638+01:00  INFO 2543 --- [pool-1-thread-9] tourGuide.service.RewardsService         : nearAttraction called with Buffalo National River
2023-01-19T23:17:17.638+01:00  INFO 2543 --- [pool-1-thread-9] tourGuide.service.RewardsService         : getDistance called
2023-01-19T23:17:17.639+01:00  INFO 2543 --- [pool-1-thread-9] tourGuide.service.RewardsService         : nearAttraction called with Hot Springs National Park
2023-01-19T23:17:17.639+01:00  INFO 2543 --- [pool-1-thread-9] tourGuide.service.RewardsService         : getDistance called
2023-01-19T23:17:17.639+01:00  INFO 2543 --- [pool-1-thread-9] tourGuide.service.RewardsService         : nearAttraction called with Kartchner Caverns State Park
2023-01-19T23:17:17.639+01:00  INFO 2543 --- [pool-1-thread-9] tourGuide.service.RewardsService         : getDistance called
2023-01-19T23:17:17.639+01:00  INFO 2543 --- [pool-1-thread-9] tourGuide.service.RewardsService         : nearAttraction called with Legend Valley
2023-01-19T23:17:17.639+01:00  INFO 2543 --- [pool-1-thread-9] tourGuide.service.RewardsService         : getDistance called
2023-01-19T23:17:17.639+01:00  INFO 2543 --- [pool-1-thread-9] tourGuide.service.RewardsService         : nearAttraction called with Flowers Bakery of London
2023-01-19T23:17:17.639+01:00  INFO 2543 --- [pool-1-thread-9] tourGuide.service.RewardsService         : getDistance called
2023-01-19T23:17:17.639+01:00  INFO 2543 --- [pool-1-thread-9] tourGuide.service.RewardsService         : nearAttraction called with McKinley Tower
2023-01-19T23:17:17.639+01:00  INFO 2543 --- [pool-1-thread-9] tourGuide.service.RewardsService         : getDistance called
2023-01-19T23:17:17.639+01:00  INFO 2543 --- [pool-1-thread-9] tourGuide.service.RewardsService         : nearAttraction called with Flatiron Building
2023-01-19T23:17:17.639+01:00  INFO 2543 --- [pool-1-thread-9] tourGuide.service.RewardsService         : getDistance called
2023-01-19T23:17:17.639+01:00  INFO 2543 --- [pool-1-thread-9] tourGuide.service.RewardsService         : nearAttraction called with Fallingwater
2023-01-19T23:17:17.639+01:00  INFO 2543 --- [pool-1-thread-9] tourGuide.service.RewardsService         : getDistance called
2023-01-19T23:17:17.639+01:00  INFO 2543 --- [pool-1-thread-9] tourGuide.service.RewardsService         : nearAttraction called with Union Station
2023-01-19T23:17:17.640+01:00  INFO 2543 --- [pool-1-thread-9] tourGuide.service.RewardsService         : getDistance called
2023-01-19T23:17:17.640+01:00  INFO 2543 --- [pool-1-thread-9] tourGuide.service.RewardsService         : nearAttraction called with Roger Dean Stadium
2023-01-19T23:17:17.640+01:00  INFO 2543 --- [pool-1-thread-9] tourGuide.service.RewardsService         : getDistance called
2023-01-19T23:17:17.640+01:00  INFO 2543 --- [pool-1-thread-9] tourGuide.service.RewardsService         : nearAttraction called with Texas Memorial Stadium
2023-01-19T23:17:17.640+01:00  INFO 2543 --- [pool-1-thread-9] tourGuide.service.RewardsService         : getDistance called
2023-01-19T23:17:17.640+01:00  INFO 2543 --- [pool-1-thread-9] tourGuide.service.RewardsService         : nearAttraction called with Bryant-Denny Stadium
2023-01-19T23:17:17.640+01:00  INFO 2543 --- [pool-1-thread-9] tourGuide.service.RewardsService         : getDistance called
2023-01-19T23:17:17.640+01:00  INFO 2543 --- [pool-1-thread-9] tourGuide.service.RewardsService         : nearAttraction called with Tiger Stadium
2023-01-19T23:17:17.640+01:00  INFO 2543 --- [pool-1-thread-9] tourGuide.service.RewardsService         : getDistance called
2023-01-19T23:17:17.640+01:00  INFO 2543 --- [pool-1-thread-9] tourGuide.service.RewardsService         : nearAttraction called with Neyland Stadium
2023-01-19T23:17:17.640+01:00  INFO 2543 --- [pool-1-thread-9] tourGuide.service.RewardsService         : getDistance called
2023-01-19T23:17:17.641+01:00  INFO 2543 --- [pool-1-thread-9] tourGuide.service.RewardsService         : nearAttraction called with Kyle Field
2023-01-19T23:17:17.641+01:00  INFO 2543 --- [pool-1-thread-9] tourGuide.service.RewardsService         : getDistance called
2023-01-19T23:17:17.641+01:00  INFO 2543 --- [pool-1-thread-9] tourGuide.service.RewardsService         : nearAttraction called with San Diego Zoo
2023-01-19T23:17:17.641+01:00  INFO 2543 --- [pool-1-thread-9] tourGuide.service.RewardsService         : getDistance called
2023-01-19T23:17:17.641+01:00  INFO 2543 --- [pool-1-thread-9] tourGuide.service.RewardsService         : nearAttraction called with Zoo Tampa at Lowry Park
2023-01-19T23:17:17.641+01:00  INFO 2543 --- [pool-1-thread-9] tourGuide.service.RewardsService         : getDistance called
2023-01-19T23:17:17.641+01:00  INFO 2543 --- [pool-1-thread-9] tourGuide.service.RewardsService         : nearAttraction called with Franklin Park Zoo
2023-01-19T23:17:17.641+01:00  INFO 2543 --- [pool-1-thread-9] tourGuide.service.RewardsService         : getDistance called
2023-01-19T23:17:17.641+01:00  INFO 2543 --- [pool-1-thread-9] tourGuide.service.RewardsService         : nearAttraction called with El Paso Zoo
2023-01-19T23:17:17.641+01:00  INFO 2543 --- [pool-1-thread-9] tourGuide.service.RewardsService         : getDistance called
2023-01-19T23:17:17.641+01:00  INFO 2543 --- [pool-1-thread-9] tourGuide.service.RewardsService         : nearAttraction called with Kansas City Zoo
2023-01-19T23:17:17.641+01:00  INFO 2543 --- [pool-1-thread-9] tourGuide.service.RewardsService         : getDistance called
2023-01-19T23:17:17.641+01:00  INFO 2543 --- [ool-1-thread-26] tourGuide.service.RewardsService         : nearAttraction called with Jackson Hole
2023-01-19T23:17:17.641+01:00  INFO 2543 --- [pool-1-thread-9] tourGuide.service.RewardsService         : nearAttraction called with Bronx Zoo
2023-01-19T23:17:17.641+01:00  INFO 2543 --- [pool-1-thread-9] tourGuide.service.RewardsService         : getDistance called
2023-01-19T23:17:17.642+01:00  INFO 2543 --- [ool-1-thread-26] tourGuide.service.RewardsService         : getDistance called
2023-01-19T23:17:17.642+01:00  INFO 2543 --- [pool-1-thread-9] tourGuide.service.RewardsService         : nearAttraction called with Cinderella Castle
2023-01-19T23:17:17.642+01:00  INFO 2543 --- [ool-1-thread-26] tourGuide.service.RewardsService         : nearAttraction called with Mojave National Preserve
2023-01-19T23:17:17.642+01:00  INFO 2543 --- [pool-1-thread-9] tourGuide.service.RewardsService         : getDistance called
2023-01-19T23:17:17.642+01:00  INFO 2543 --- [ool-1-thread-26] tourGuide.service.RewardsService         : getDistance called
2023-01-19T23:17:17.642+01:00  INFO 2543 --- [ool-1-thread-26] tourGuide.service.RewardsService         : nearAttraction called with Joshua Tree National Park
2023-01-19T23:17:17.642+01:00  INFO 2543 --- [ool-1-thread-26] tourGuide.service.RewardsService         : getDistance called
2023-01-19T23:17:17.642+01:00  INFO 2543 --- [ool-1-thread-26] tourGuide.service.RewardsService         : nearAttraction called with Buffalo National River
2023-01-19T23:17:17.642+01:00  INFO 2543 --- [ool-1-thread-26] tourGuide.service.RewardsService         : getDistance called
2023-01-19T23:17:17.642+01:00  INFO 2543 --- [ool-1-thread-26] tourGuide.service.RewardsService         : nearAttraction called with Hot Springs National Park
2023-01-19T23:17:17.642+01:00  INFO 2543 --- [ool-1-thread-26] tourGuide.service.RewardsService         : getDistance called
2023-01-19T23:17:17.642+01:00  INFO 2543 --- [ool-1-thread-26] tourGuide.service.RewardsService         : nearAttraction called with Kartchner Caverns State Park
2023-01-19T23:17:17.642+01:00  INFO 2543 --- [ool-1-thread-26] tourGuide.service.RewardsService         : getDistance called
2023-01-19T23:17:17.642+01:00  INFO 2543 --- [ool-1-thread-26] tourGuide.service.RewardsService         : nearAttraction called with Legend Valley
2023-01-19T23:17:17.642+01:00  INFO 2543 --- [ool-1-thread-26] tourGuide.service.RewardsService         : getDistance called
2023-01-19T23:17:17.642+01:00  INFO 2543 --- [ool-1-thread-26] tourGuide.service.RewardsService         : nearAttraction called with Flowers Bakery of London
2023-01-19T23:17:17.642+01:00  INFO 2543 --- [ool-1-thread-26] tourGuide.service.RewardsService         : getDistance called
2023-01-19T23:17:17.642+01:00  INFO 2543 --- [ool-1-thread-26] tourGuide.service.RewardsService         : nearAttraction called with McKinley Tower
2023-01-19T23:17:17.642+01:00  INFO 2543 --- [ool-1-thread-26] tourGuide.service.RewardsService         : getDistance called
2023-01-19T23:17:17.643+01:00  INFO 2543 --- [ool-1-thread-26] tourGuide.service.RewardsService         : nearAttraction called with Flatiron Building
2023-01-19T23:17:17.643+01:00  INFO 2543 --- [ool-1-thread-26] tourGuide.service.RewardsService         : getDistance called
2023-01-19T23:17:17.643+01:00  INFO 2543 --- [ool-1-thread-26] tourGuide.service.RewardsService         : nearAttraction called with Fallingwater
2023-01-19T23:17:17.643+01:00  INFO 2543 --- [ool-1-thread-26] tourGuide.service.RewardsService         : getDistance called
2023-01-19T23:17:17.643+01:00  INFO 2543 --- [ool-1-thread-26] tourGuide.service.RewardsService         : nearAttraction called with Union Station
2023-01-19T23:17:17.643+01:00  INFO 2543 --- [ool-1-thread-26] tourGuide.service.RewardsService         : getDistance called
2023-01-19T23:17:17.643+01:00  INFO 2543 --- [ool-1-thread-26] tourGuide.service.RewardsService         : nearAttraction called with Roger Dean Stadium
2023-01-19T23:17:17.643+01:00  INFO 2543 --- [ool-1-thread-26] tourGuide.service.RewardsService         : getDistance called
2023-01-19T23:17:17.643+01:00  INFO 2543 --- [ool-1-thread-26] tourGuide.service.RewardsService         : nearAttraction called with Texas Memorial Stadium
2023-01-19T23:17:17.643+01:00  INFO 2543 --- [ool-1-thread-26] tourGuide.service.RewardsService         : getDistance called
2023-01-19T23:17:17.643+01:00  INFO 2543 --- [ool-1-thread-26] tourGuide.service.RewardsService         : nearAttraction called with Bryant-Denny Stadium
2023-01-19T23:17:17.643+01:00  INFO 2543 --- [ool-1-thread-26] tourGuide.service.RewardsService         : getDistance called
2023-01-19T23:17:17.643+01:00  INFO 2543 --- [ool-1-thread-26] tourGuide.service.RewardsService         : nearAttraction called with Tiger Stadium
2023-01-19T23:17:17.643+01:00  INFO 2543 --- [ool-1-thread-26] tourGuide.service.RewardsService         : getDistance called
2023-01-19T23:17:17.643+01:00  INFO 2543 --- [ool-1-thread-26] tourGuide.service.RewardsService         : nearAttraction called with Neyland Stadium
2023-01-19T23:17:17.643+01:00  INFO 2543 --- [ool-1-thread-26] tourGuide.service.RewardsService         : getDistance called
2023-01-19T23:17:17.643+01:00  INFO 2543 --- [ool-1-thread-26] tourGuide.service.RewardsService         : nearAttraction called with Kyle Field
2023-01-19T23:17:17.644+01:00  INFO 2543 --- [ool-1-thread-26] tourGuide.service.RewardsService         : getDistance called
2023-01-19T23:17:17.644+01:00  INFO 2543 --- [ool-1-thread-26] tourGuide.service.RewardsService         : nearAttraction called with San Diego Zoo
2023-01-19T23:17:17.644+01:00  INFO 2543 --- [ool-1-thread-26] tourGuide.service.RewardsService         : getDistance called
2023-01-19T23:17:17.644+01:00  INFO 2543 --- [ool-1-thread-26] tourGuide.service.RewardsService         : nearAttraction called with Zoo Tampa at Lowry Park
2023-01-19T23:17:17.644+01:00  INFO 2543 --- [ool-1-thread-26] tourGuide.service.RewardsService         : getDistance called
2023-01-19T23:17:17.644+01:00  INFO 2543 --- [ool-1-thread-26] tourGuide.service.RewardsService         : nearAttraction called with Franklin Park Zoo
2023-01-19T23:17:17.644+01:00  INFO 2543 --- [ool-1-thread-26] tourGuide.service.RewardsService         : getDistance called
2023-01-19T23:17:17.644+01:00  INFO 2543 --- [ool-1-thread-26] tourGuide.service.RewardsService         : nearAttraction called with El Paso Zoo
2023-01-19T23:17:17.644+01:00  INFO 2543 --- [ool-1-thread-26] tourGuide.service.RewardsService         : getDistance called
2023-01-19T23:17:17.644+01:00  INFO 2543 --- [ool-1-thread-26] tourGuide.service.RewardsService         : nearAttraction called with Kansas City Zoo
2023-01-19T23:17:17.644+01:00  INFO 2543 --- [ool-1-thread-26] tourGuide.service.RewardsService         : getDistance called
2023-01-19T23:17:17.644+01:00  INFO 2543 --- [ool-1-thread-26] tourGuide.service.RewardsService         : nearAttraction called with Bronx Zoo
2023-01-19T23:17:17.644+01:00  INFO 2543 --- [ool-1-thread-26] tourGuide.service.RewardsService         : getDistance called
2023-01-19T23:17:17.644+01:00  INFO 2543 --- [ool-1-thread-26] tourGuide.service.RewardsService         : nearAttraction called with Cinderella Castle
2023-01-19T23:17:17.644+01:00  INFO 2543 --- [ool-1-thread-26] tourGuide.service.RewardsService         : getDistance called
2023-01-19T23:17:17.650+01:00  INFO 2543 --- [ool-1-thread-59] tourGuide.service.RewardsService         : nearAttraction called with Jackson Hole
2023-01-19T23:17:17.651+01:00  INFO 2543 --- [ool-1-thread-59] tourGuide.service.RewardsService         : getDistance called
2023-01-19T23:17:17.651+01:00  INFO 2543 --- [ool-1-thread-59] tourGuide.service.RewardsService         : nearAttraction called with Mojave National Preserve
2023-01-19T23:17:17.651+01:00  INFO 2543 --- [ool-1-thread-59] tourGuide.service.RewardsService         : getDistance called
2023-01-19T23:17:17.651+01:00  INFO 2543 --- [ool-1-thread-59] tourGuide.service.RewardsService         : nearAttraction called with Joshua Tree National Park
2023-01-19T23:17:17.651+01:00  INFO 2543 --- [ool-1-thread-59] tourGuide.service.RewardsService         : getDistance called
2023-01-19T23:17:17.651+01:00  INFO 2543 --- [ool-1-thread-59] tourGuide.service.RewardsService         : nearAttraction called with Buffalo National River
2023-01-19T23:17:17.651+01:00  INFO 2543 --- [ool-1-thread-59] tourGuide.service.RewardsService         : getDistance called
2023-01-19T23:17:17.651+01:00  INFO 2543 --- [ool-1-thread-59] tourGuide.service.RewardsService         : nearAttraction called with Hot Springs National Park
2023-01-19T23:17:17.651+01:00  INFO 2543 --- [ool-1-thread-59] tourGuide.service.RewardsService         : getDistance called
2023-01-19T23:17:17.651+01:00  INFO 2543 --- [ool-1-thread-59] tourGuide.service.RewardsService         : nearAttraction called with Kartchner Caverns State Park
2023-01-19T23:17:17.651+01:00  INFO 2543 --- [ool-1-thread-59] tourGuide.service.RewardsService         : getDistance called
2023-01-19T23:17:17.651+01:00  INFO 2543 --- [ool-1-thread-59] tourGuide.service.RewardsService         : nearAttraction called with Legend Valley
2023-01-19T23:17:17.651+01:00  INFO 2543 --- [ool-1-thread-59] tourGuide.service.RewardsService         : getDistance called
2023-01-19T23:17:17.651+01:00  INFO 2543 --- [ool-1-thread-59] tourGuide.service.RewardsService         : nearAttraction called with Flowers Bakery of London
2023-01-19T23:17:17.652+01:00  INFO 2543 --- [ool-1-thread-59] tourGuide.service.RewardsService         : getDistance called
2023-01-19T23:17:17.652+01:00  INFO 2543 --- [ool-1-thread-59] tourGuide.service.RewardsService         : nearAttraction called with McKinley Tower
2023-01-19T23:17:17.652+01:00  INFO 2543 --- [ool-1-thread-59] tourGuide.service.RewardsService         : getDistance called
2023-01-19T23:17:17.652+01:00  INFO 2543 --- [ool-1-thread-59] tourGuide.service.RewardsService         : nearAttraction called with Flatiron Building
2023-01-19T23:17:17.652+01:00  INFO 2543 --- [ool-1-thread-59] tourGuide.service.RewardsService         : getDistance called
2023-01-19T23:17:17.652+01:00  INFO 2543 --- [ool-1-thread-59] tourGuide.service.RewardsService         : nearAttraction called with Fallingwater
2023-01-19T23:17:17.652+01:00  INFO 2543 --- [ool-1-thread-59] tourGuide.service.RewardsService         : getDistance called
2023-01-19T23:17:17.652+01:00  INFO 2543 --- [ool-1-thread-59] tourGuide.service.RewardsService         : nearAttraction called with Union Station
2023-01-19T23:17:17.652+01:00  INFO 2543 --- [ool-1-thread-59] tourGuide.service.RewardsService         : getDistance called
2023-01-19T23:17:17.652+01:00  INFO 2543 --- [ool-1-thread-59] tourGuide.service.RewardsService         : nearAttraction called with Roger Dean Stadium
2023-01-19T23:17:17.652+01:00  INFO 2543 --- [ool-1-thread-59] tourGuide.service.RewardsService         : getDistance called
2023-01-19T23:17:17.652+01:00  INFO 2543 --- [ool-1-thread-59] tourGuide.service.RewardsService         : nearAttraction called with Texas Memorial Stadium
2023-01-19T23:17:17.652+01:00  INFO 2543 --- [ool-1-thread-59] tourGuide.service.RewardsService         : getDistance called
2023-01-19T23:17:17.652+01:00  INFO 2543 --- [ool-1-thread-59] tourGuide.service.RewardsService         : nearAttraction called with Bryant-Denny Stadium
2023-01-19T23:17:17.652+01:00  INFO 2543 --- [ool-1-thread-59] tourGuide.service.RewardsService         : getDistance called
2023-01-19T23:17:17.652+01:00  INFO 2543 --- [ool-1-thread-59] tourGuide.service.RewardsService         : nearAttraction called with Tiger Stadium
2023-01-19T23:17:17.652+01:00  INFO 2543 --- [ool-1-thread-59] tourGuide.service.RewardsService         : getDistance called
2023-01-19T23:17:17.652+01:00  INFO 2543 --- [ool-1-thread-59] tourGuide.service.RewardsService         : nearAttraction called with Neyland Stadium
2023-01-19T23:17:17.652+01:00  INFO 2543 --- [pool-1-thread-9] tourGuide.service.RewardsService         : nearAttraction called with Disneyland
2023-01-19T23:17:17.652+01:00  INFO 2543 --- [ool-1-thread-59] tourGuide.service.RewardsService         : getDistance called
2023-01-19T23:17:17.652+01:00  INFO 2543 --- [pool-1-thread-9] tourGuide.service.RewardsService         : getDistance called
2023-01-19T23:17:17.653+01:00  INFO 2543 --- [pool-1-thread-9] tourGuide.service.RewardsService         : getRewardPoints called with Disneyland and internalUser55
2023-01-19T23:17:17.653+01:00  INFO 2543 --- [ool-1-thread-59] tourGuide.service.RewardsService         : nearAttraction called with Kyle Field
2023-01-19T23:17:17.653+01:00  INFO 2543 --- [ool-1-thread-59] tourGuide.service.RewardsService         : getDistance called
2023-01-19T23:17:17.653+01:00  INFO 2543 --- [ool-1-thread-59] tourGuide.service.RewardsService         : nearAttraction called with San Diego Zoo
2023-01-19T23:17:17.653+01:00  INFO 2543 --- [ool-1-thread-59] tourGuide.service.RewardsService         : getDistance called
2023-01-19T23:17:17.653+01:00  INFO 2543 --- [ool-1-thread-59] tourGuide.service.RewardsService         : nearAttraction called with Zoo Tampa at Lowry Park
2023-01-19T23:17:17.653+01:00  INFO 2543 --- [ool-1-thread-59] tourGuide.service.RewardsService         : getDistance called
2023-01-19T23:17:17.653+01:00  INFO 2543 --- [ool-1-thread-59] tourGuide.service.RewardsService         : nearAttraction called with Franklin Park Zoo
2023-01-19T23:17:17.653+01:00  INFO 2543 --- [ool-1-thread-59] tourGuide.service.RewardsService         : getDistance called
2023-01-19T23:17:17.653+01:00  INFO 2543 --- [ool-1-thread-59] tourGuide.service.RewardsService         : nearAttraction called with El Paso Zoo
2023-01-19T23:17:17.653+01:00  INFO 2543 --- [ool-1-thread-59] tourGuide.service.RewardsService         : getDistance called
2023-01-19T23:17:17.653+01:00  INFO 2543 --- [ool-1-thread-59] tourGuide.service.RewardsService         : nearAttraction called with Kansas City Zoo
2023-01-19T23:17:17.653+01:00  INFO 2543 --- [ool-1-thread-59] tourGuide.service.RewardsService         : getDistance called
2023-01-19T23:17:17.653+01:00  INFO 2543 --- [ool-1-thread-59] tourGuide.service.RewardsService         : nearAttraction called with Bronx Zoo
2023-01-19T23:17:17.653+01:00  INFO 2543 --- [ool-1-thread-59] tourGuide.service.RewardsService         : getDistance called
2023-01-19T23:17:17.654+01:00  INFO 2543 --- [ool-1-thread-59] tourGuide.service.RewardsService         : nearAttraction called with Cinderella Castle
2023-01-19T23:17:17.654+01:00  INFO 2543 --- [ool-1-thread-59] tourGuide.service.RewardsService         : getDistance called
2023-01-19T23:17:17.655+01:00  INFO 2543 --- [ool-1-thread-26] tourGuide.service.RewardsService         : nearAttraction called with Disneyland
2023-01-19T23:17:17.655+01:00  INFO 2543 --- [ool-1-thread-26] tourGuide.service.RewardsService         : getDistance called
2023-01-19T23:17:17.655+01:00  INFO 2543 --- [ool-1-thread-26] tourGuide.service.RewardsService         : getRewardPoints called with Disneyland and internalUser58
2023-01-19T23:17:17.666+01:00  INFO 2543 --- [ool-1-thread-59] tourGuide.service.RewardsService         : nearAttraction called with Disneyland
2023-01-19T23:17:17.667+01:00  INFO 2543 --- [ool-1-thread-59] tourGuide.service.RewardsService         : getDistance called
2023-01-19T23:17:17.667+01:00  INFO 2543 --- [ool-1-thread-59] tourGuide.service.RewardsService         : getRewardPoints called with Disneyland and internalUser57
2023-01-19T23:17:17.736+01:00  INFO 2543 --- [pool-1-thread-6] tourGuide.service.RewardsService         : nearAttraction called with Jackson Hole
2023-01-19T23:17:17.736+01:00  INFO 2543 --- [pool-1-thread-6] tourGuide.service.RewardsService         : getDistance called
2023-01-19T23:17:17.736+01:00  INFO 2543 --- [pool-1-thread-6] tourGuide.service.RewardsService         : nearAttraction called with Mojave National Preserve
2023-01-19T23:17:17.736+01:00  INFO 2543 --- [pool-1-thread-6] tourGuide.service.RewardsService         : getDistance called
2023-01-19T23:17:17.736+01:00  INFO 2543 --- [pool-1-thread-6] tourGuide.service.RewardsService         : nearAttraction called with Joshua Tree National Park
2023-01-19T23:17:17.736+01:00  INFO 2543 --- [pool-1-thread-6] tourGuide.service.RewardsService         : getDistance called
2023-01-19T23:17:17.736+01:00  INFO 2543 --- [pool-1-thread-6] tourGuide.service.RewardsService         : nearAttraction called with Buffalo National River
2023-01-19T23:17:17.736+01:00  INFO 2543 --- [pool-1-thread-6] tourGuide.service.RewardsService         : getDistance called
2023-01-19T23:17:17.736+01:00  INFO 2543 --- [pool-1-thread-6] tourGuide.service.RewardsService         : nearAttraction called with Hot Springs National Park
2023-01-19T23:17:17.736+01:00  INFO 2543 --- [pool-1-thread-6] tourGuide.service.RewardsService         : getDistance called
2023-01-19T23:17:17.736+01:00  INFO 2543 --- [pool-1-thread-6] tourGuide.service.RewardsService         : nearAttraction called with Kartchner Caverns State Park
2023-01-19T23:17:17.736+01:00  INFO 2543 --- [pool-1-thread-6] tourGuide.service.RewardsService         : getDistance called
2023-01-19T23:17:17.737+01:00  INFO 2543 --- [pool-1-thread-6] tourGuide.service.RewardsService         : nearAttraction called with Legend Valley
2023-01-19T23:17:17.737+01:00  INFO 2543 --- [pool-1-thread-6] tourGuide.service.RewardsService         : getDistance called
2023-01-19T23:17:17.737+01:00  INFO 2543 --- [pool-1-thread-6] tourGuide.service.RewardsService         : nearAttraction called with Flowers Bakery of London
2023-01-19T23:17:17.737+01:00  INFO 2543 --- [pool-1-thread-6] tourGuide.service.RewardsService         : getDistance called
2023-01-19T23:17:17.737+01:00  INFO 2543 --- [pool-1-thread-6] tourGuide.service.RewardsService         : nearAttraction called with McKinley Tower
2023-01-19T23:17:17.737+01:00  INFO 2543 --- [pool-1-thread-6] tourGuide.service.RewardsService         : getDistance called
2023-01-19T23:17:17.737+01:00  INFO 2543 --- [pool-1-thread-6] tourGuide.service.RewardsService         : nearAttraction called with Flatiron Building
2023-01-19T23:17:17.737+01:00  INFO 2543 --- [pool-1-thread-6] tourGuide.service.RewardsService         : getDistance called
2023-01-19T23:17:17.737+01:00  INFO 2543 --- [pool-1-thread-6] tourGuide.service.RewardsService         : nearAttraction called with Fallingwater
2023-01-19T23:17:17.737+01:00  INFO 2543 --- [pool-1-thread-6] tourGuide.service.RewardsService         : getDistance called
2023-01-19T23:17:17.737+01:00  INFO 2543 --- [pool-1-thread-6] tourGuide.service.RewardsService         : nearAttraction called with Union Station
2023-01-19T23:17:17.737+01:00  INFO 2543 --- [pool-1-thread-6] tourGuide.service.RewardsService         : getDistance called
2023-01-19T23:17:17.737+01:00  INFO 2543 --- [pool-1-thread-6] tourGuide.service.RewardsService         : nearAttraction called with Roger Dean Stadium
2023-01-19T23:17:17.737+01:00  INFO 2543 --- [pool-1-thread-6] tourGuide.service.RewardsService         : getDistance called
2023-01-19T23:17:17.737+01:00  INFO 2543 --- [pool-1-thread-6] tourGuide.service.RewardsService         : nearAttraction called with Texas Memorial Stadium
2023-01-19T23:17:17.737+01:00  INFO 2543 --- [pool-1-thread-6] tourGuide.service.RewardsService         : getDistance called
2023-01-19T23:17:17.737+01:00  INFO 2543 --- [pool-1-thread-6] tourGuide.service.RewardsService         : nearAttraction called with Bryant-Denny Stadium
2023-01-19T23:17:17.737+01:00  INFO 2543 --- [pool-1-thread-6] tourGuide.service.RewardsService         : getDistance called
2023-01-19T23:17:17.737+01:00  INFO 2543 --- [pool-1-thread-6] tourGuide.service.RewardsService         : nearAttraction called with Tiger Stadium
2023-01-19T23:17:17.738+01:00  INFO 2543 --- [pool-1-thread-6] tourGuide.service.RewardsService         : getDistance called
2023-01-19T23:17:17.738+01:00  INFO 2543 --- [pool-1-thread-6] tourGuide.service.RewardsService         : nearAttraction called with Neyland Stadium
2023-01-19T23:17:17.738+01:00  INFO 2543 --- [pool-1-thread-6] tourGuide.service.RewardsService         : getDistance called
2023-01-19T23:17:17.738+01:00  INFO 2543 --- [pool-1-thread-6] tourGuide.service.RewardsService         : nearAttraction called with Kyle Field
2023-01-19T23:17:17.738+01:00  INFO 2543 --- [pool-1-thread-6] tourGuide.service.RewardsService         : getDistance called
2023-01-19T23:17:17.738+01:00  INFO 2543 --- [pool-1-thread-6] tourGuide.service.RewardsService         : nearAttraction called with San Diego Zoo
2023-01-19T23:17:17.738+01:00  INFO 2543 --- [pool-1-thread-6] tourGuide.service.RewardsService         : getDistance called
2023-01-19T23:17:17.738+01:00  INFO 2543 --- [pool-1-thread-6] tourGuide.service.RewardsService         : nearAttraction called with Zoo Tampa at Lowry Park
2023-01-19T23:17:17.738+01:00  INFO 2543 --- [pool-1-thread-6] tourGuide.service.RewardsService         : getDistance called
2023-01-19T23:17:17.738+01:00  INFO 2543 --- [pool-1-thread-6] tourGuide.service.RewardsService         : nearAttraction called with Franklin Park Zoo
2023-01-19T23:17:17.738+01:00  INFO 2543 --- [pool-1-thread-6] tourGuide.service.RewardsService         : getDistance called
2023-01-19T23:17:17.738+01:00  INFO 2543 --- [pool-1-thread-6] tourGuide.service.RewardsService         : nearAttraction called with El Paso Zoo
2023-01-19T23:17:17.738+01:00  INFO 2543 --- [pool-1-thread-6] tourGuide.service.RewardsService         : getDistance called
2023-01-19T23:17:17.738+01:00  INFO 2543 --- [ool-1-thread-50] tourGuide.service.RewardsService         : nearAttraction called with Jackson Hole
2023-01-19T23:17:17.738+01:00  INFO 2543 --- [ool-1-thread-50] tourGuide.service.RewardsService         : getDistance called
2023-01-19T23:17:17.738+01:00  INFO 2543 --- [ool-1-thread-50] tourGuide.service.RewardsService         : nearAttraction called with Mojave National Preserve
2023-01-19T23:17:17.738+01:00  INFO 2543 --- [ool-1-thread-50] tourGuide.service.RewardsService         : getDistance called
2023-01-19T23:17:17.738+01:00  INFO 2543 --- [ool-1-thread-50] tourGuide.service.RewardsService         : nearAttraction called with Joshua Tree National Park
2023-01-19T23:17:17.738+01:00  INFO 2543 --- [ool-1-thread-50] tourGuide.service.RewardsService         : getDistance called
2023-01-19T23:17:17.738+01:00  INFO 2543 --- [ool-1-thread-50] tourGuide.service.RewardsService         : nearAttraction called with Buffalo National River
2023-01-19T23:17:17.738+01:00  INFO 2543 --- [ool-1-thread-50] tourGuide.service.RewardsService         : getDistance called
2023-01-19T23:17:17.739+01:00  INFO 2543 --- [ool-1-thread-50] tourGuide.service.RewardsService         : nearAttraction called with Hot Springs National Park
2023-01-19T23:17:17.738+01:00  INFO 2543 --- [pool-1-thread-6] tourGuide.service.RewardsService         : nearAttraction called with Kansas City Zoo
2023-01-19T23:17:17.739+01:00  INFO 2543 --- [ool-1-thread-50] tourGuide.service.RewardsService         : getDistance called
2023-01-19T23:17:17.739+01:00  INFO 2543 --- [ool-1-thread-50] tourGuide.service.RewardsService         : nearAttraction called with Kartchner Caverns State Park
2023-01-19T23:17:17.739+01:00  INFO 2543 --- [ool-1-thread-50] tourGuide.service.RewardsService         : getDistance called
2023-01-19T23:17:17.739+01:00  INFO 2543 --- [ool-1-thread-50] tourGuide.service.RewardsService         : nearAttraction called with Legend Valley
2023-01-19T23:17:17.739+01:00  INFO 2543 --- [ool-1-thread-50] tourGuide.service.RewardsService         : getDistance called
2023-01-19T23:17:17.739+01:00  INFO 2543 --- [ool-1-thread-50] tourGuide.service.RewardsService         : nearAttraction called with Flowers Bakery of London
2023-01-19T23:17:17.739+01:00  INFO 2543 --- [pool-1-thread-6] tourGuide.service.RewardsService         : getDistance called
2023-01-19T23:17:17.739+01:00  INFO 2543 --- [ool-1-thread-50] tourGuide.service.RewardsService         : getDistance called
2023-01-19T23:17:17.739+01:00  INFO 2543 --- [ool-1-thread-50] tourGuide.service.RewardsService         : nearAttraction called with McKinley Tower
2023-01-19T23:17:17.739+01:00  INFO 2543 --- [ool-1-thread-50] tourGuide.service.RewardsService         : getDistance called
2023-01-19T23:17:17.739+01:00  INFO 2543 --- [ool-1-thread-50] tourGuide.service.RewardsService         : nearAttraction called with Flatiron Building
2023-01-19T23:17:17.739+01:00  INFO 2543 --- [ool-1-thread-50] tourGuide.service.RewardsService         : getDistance called
2023-01-19T23:17:17.739+01:00  INFO 2543 --- [pool-1-thread-6] tourGuide.service.RewardsService         : nearAttraction called with Bronx Zoo
2023-01-19T23:17:17.739+01:00  INFO 2543 --- [ool-1-thread-61] tourGuide.service.RewardsService         : nearAttraction called with Jackson Hole
2023-01-19T23:17:17.739+01:00  INFO 2543 --- [pool-1-thread-6] tourGuide.service.RewardsService         : getDistance called
2023-01-19T23:17:17.739+01:00  INFO 2543 --- [ool-1-thread-50] tourGuide.service.RewardsService         : nearAttraction called with Fallingwater
2023-01-19T23:17:17.740+01:00  INFO 2543 --- [pool-1-thread-6] tourGuide.service.RewardsService         : nearAttraction called with Cinderella Castle
2023-01-19T23:17:17.740+01:00  INFO 2543 --- [ool-1-thread-50] tourGuide.service.RewardsService         : getDistance called
2023-01-19T23:17:17.740+01:00  INFO 2543 --- [pool-1-thread-6] tourGuide.service.RewardsService         : getDistance called
2023-01-19T23:17:17.740+01:00  INFO 2543 --- [ool-1-thread-50] tourGuide.service.RewardsService         : nearAttraction called with Union Station
2023-01-19T23:17:17.740+01:00  INFO 2543 --- [ool-1-thread-50] tourGuide.service.RewardsService         : getDistance called
2023-01-19T23:17:17.740+01:00  INFO 2543 --- [ool-1-thread-50] tourGuide.service.RewardsService         : nearAttraction called with Roger Dean Stadium
2023-01-19T23:17:17.740+01:00  INFO 2543 --- [ool-1-thread-50] tourGuide.service.RewardsService         : getDistance called
2023-01-19T23:17:17.740+01:00  INFO 2543 --- [ool-1-thread-50] tourGuide.service.RewardsService         : nearAttraction called with Texas Memorial Stadium
2023-01-19T23:17:17.740+01:00  INFO 2543 --- [ool-1-thread-50] tourGuide.service.RewardsService         : getDistance called
2023-01-19T23:17:17.740+01:00  INFO 2543 --- [ool-1-thread-50] tourGuide.service.RewardsService         : nearAttraction called with Bryant-Denny Stadium
2023-01-19T23:17:17.740+01:00  INFO 2543 --- [ool-1-thread-50] tourGuide.service.RewardsService         : getDistance called
2023-01-19T23:17:17.740+01:00  INFO 2543 --- [ool-1-thread-50] tourGuide.service.RewardsService         : nearAttraction called with Tiger Stadium
2023-01-19T23:17:17.740+01:00  INFO 2543 --- [ool-1-thread-50] tourGuide.service.RewardsService         : getDistance called
2023-01-19T23:17:17.740+01:00  INFO 2543 --- [ool-1-thread-50] tourGuide.service.RewardsService         : nearAttraction called with Neyland Stadium
2023-01-19T23:17:17.739+01:00  INFO 2543 --- [ool-1-thread-61] tourGuide.service.RewardsService         : getDistance called
2023-01-19T23:17:17.740+01:00  INFO 2543 --- [ool-1-thread-50] tourGuide.service.RewardsService         : getDistance called
2023-01-19T23:17:17.740+01:00  INFO 2543 --- [ool-1-thread-61] tourGuide.service.RewardsService         : nearAttraction called with Mojave National Preserve
2023-01-19T23:17:17.740+01:00  INFO 2543 --- [ool-1-thread-50] tourGuide.service.RewardsService         : nearAttraction called with Kyle Field
2023-01-19T23:17:17.740+01:00  INFO 2543 --- [ool-1-thread-50] tourGuide.service.RewardsService         : getDistance called
2023-01-19T23:17:17.740+01:00  INFO 2543 --- [ool-1-thread-61] tourGuide.service.RewardsService         : getDistance called
2023-01-19T23:17:17.740+01:00  INFO 2543 --- [ool-1-thread-50] tourGuide.service.RewardsService         : nearAttraction called with San Diego Zoo
2023-01-19T23:17:17.741+01:00  INFO 2543 --- [ool-1-thread-50] tourGuide.service.RewardsService         : getDistance called
2023-01-19T23:17:17.741+01:00  INFO 2543 --- [ool-1-thread-50] tourGuide.service.RewardsService         : nearAttraction called with Zoo Tampa at Lowry Park
2023-01-19T23:17:17.741+01:00  INFO 2543 --- [ool-1-thread-50] tourGuide.service.RewardsService         : getDistance called
2023-01-19T23:17:17.740+01:00  INFO 2543 --- [ool-1-thread-61] tourGuide.service.RewardsService         : nearAttraction called with Joshua Tree National Park
2023-01-19T23:17:17.741+01:00  INFO 2543 --- [ool-1-thread-50] tourGuide.service.RewardsService         : nearAttraction called with Franklin Park Zoo
2023-01-19T23:17:17.741+01:00  INFO 2543 --- [ool-1-thread-61] tourGuide.service.RewardsService         : getDistance called
2023-01-19T23:17:17.741+01:00  INFO 2543 --- [ool-1-thread-50] tourGuide.service.RewardsService         : getDistance called
2023-01-19T23:17:17.741+01:00  INFO 2543 --- [ool-1-thread-61] tourGuide.service.RewardsService         : nearAttraction called with Buffalo National River
2023-01-19T23:17:17.741+01:00  INFO 2543 --- [ool-1-thread-61] tourGuide.service.RewardsService         : getDistance called
2023-01-19T23:17:17.741+01:00  INFO 2543 --- [ool-1-thread-61] tourGuide.service.RewardsService         : nearAttraction called with Hot Springs National Park
2023-01-19T23:17:17.741+01:00  INFO 2543 --- [ool-1-thread-61] tourGuide.service.RewardsService         : getDistance called
2023-01-19T23:17:17.741+01:00  INFO 2543 --- [ool-1-thread-50] tourGuide.service.RewardsService         : nearAttraction called with El Paso Zoo
2023-01-19T23:17:17.741+01:00  INFO 2543 --- [ool-1-thread-50] tourGuide.service.RewardsService         : getDistance called
2023-01-19T23:17:17.741+01:00  INFO 2543 --- [ool-1-thread-50] tourGuide.service.RewardsService         : nearAttraction called with Kansas City Zoo
2023-01-19T23:17:17.741+01:00  INFO 2543 --- [ool-1-thread-61] tourGuide.service.RewardsService         : nearAttraction called with Kartchner Caverns State Park
2023-01-19T23:17:17.741+01:00  INFO 2543 --- [ool-1-thread-61] tourGuide.service.RewardsService         : getDistance called
2023-01-19T23:17:17.741+01:00  INFO 2543 --- [ool-1-thread-61] tourGuide.service.RewardsService         : nearAttraction called with Legend Valley
2023-01-19T23:17:17.741+01:00  INFO 2543 --- [ool-1-thread-61] tourGuide.service.RewardsService         : getDistance called
2023-01-19T23:17:17.741+01:00  INFO 2543 --- [ool-1-thread-61] tourGuide.service.RewardsService         : nearAttraction called with Flowers Bakery of London
2023-01-19T23:17:17.741+01:00  INFO 2543 --- [ool-1-thread-50] tourGuide.service.RewardsService         : getDistance called
2023-01-19T23:17:17.741+01:00  INFO 2543 --- [ool-1-thread-50] tourGuide.service.RewardsService         : nearAttraction called with Bronx Zoo
2023-01-19T23:17:17.741+01:00  INFO 2543 --- [ool-1-thread-61] tourGuide.service.RewardsService         : getDistance called
2023-01-19T23:17:17.741+01:00  INFO 2543 --- [ool-1-thread-50] tourGuide.service.RewardsService         : getDistance called
2023-01-19T23:17:17.741+01:00  INFO 2543 --- [ool-1-thread-61] tourGuide.service.RewardsService         : nearAttraction called with McKinley Tower
2023-01-19T23:17:17.741+01:00  INFO 2543 --- [ool-1-thread-50] tourGuide.service.RewardsService         : nearAttraction called with Cinderella Castle
2023-01-19T23:17:17.741+01:00  INFO 2543 --- [ool-1-thread-61] tourGuide.service.RewardsService         : getDistance called
2023-01-19T23:17:17.742+01:00  INFO 2543 --- [ool-1-thread-50] tourGuide.service.RewardsService         : getDistance called
2023-01-19T23:17:17.742+01:00  INFO 2543 --- [ool-1-thread-61] tourGuide.service.RewardsService         : nearAttraction called with Flatiron Building
2023-01-19T23:17:17.742+01:00  INFO 2543 --- [ool-1-thread-61] tourGuide.service.RewardsService         : getDistance called
2023-01-19T23:17:17.742+01:00  INFO 2543 --- [ool-1-thread-61] tourGuide.service.RewardsService         : nearAttraction called with Fallingwater
2023-01-19T23:17:17.742+01:00  INFO 2543 --- [ool-1-thread-61] tourGuide.service.RewardsService         : getDistance called
2023-01-19T23:17:17.742+01:00  INFO 2543 --- [ool-1-thread-61] tourGuide.service.RewardsService         : nearAttraction called with Union Station
2023-01-19T23:17:17.742+01:00  INFO 2543 --- [ool-1-thread-61] tourGuide.service.RewardsService         : getDistance called
2023-01-19T23:17:17.742+01:00  INFO 2543 --- [ool-1-thread-61] tourGuide.service.RewardsService         : nearAttraction called with Roger Dean Stadium
2023-01-19T23:17:17.742+01:00  INFO 2543 --- [ool-1-thread-61] tourGuide.service.RewardsService         : getDistance called
2023-01-19T23:17:17.742+01:00  INFO 2543 --- [ool-1-thread-61] tourGuide.service.RewardsService         : nearAttraction called with Texas Memorial Stadium
2023-01-19T23:17:17.742+01:00  INFO 2543 --- [ool-1-thread-61] tourGuide.service.RewardsService         : getDistance called
2023-01-19T23:17:17.742+01:00  INFO 2543 --- [ool-1-thread-61] tourGuide.service.RewardsService         : nearAttraction called with Bryant-Denny Stadium
2023-01-19T23:17:17.742+01:00  INFO 2543 --- [ool-1-thread-61] tourGuide.service.RewardsService         : getDistance called
2023-01-19T23:17:17.742+01:00  INFO 2543 --- [ool-1-thread-61] tourGuide.service.RewardsService         : nearAttraction called with Tiger Stadium
2023-01-19T23:17:17.742+01:00  INFO 2543 --- [ool-1-thread-61] tourGuide.service.RewardsService         : getDistance called
2023-01-19T23:17:17.742+01:00  INFO 2543 --- [ool-1-thread-61] tourGuide.service.RewardsService         : nearAttraction called with Neyland Stadium
2023-01-19T23:17:17.742+01:00  INFO 2543 --- [ool-1-thread-61] tourGuide.service.RewardsService         : getDistance called
2023-01-19T23:17:17.742+01:00  INFO 2543 --- [ool-1-thread-61] tourGuide.service.RewardsService         : nearAttraction called with Kyle Field
2023-01-19T23:17:17.742+01:00  INFO 2543 --- [ool-1-thread-61] tourGuide.service.RewardsService         : getDistance called
2023-01-19T23:17:17.742+01:00  INFO 2543 --- [ool-1-thread-61] tourGuide.service.RewardsService         : nearAttraction called with San Diego Zoo
2023-01-19T23:17:17.742+01:00  INFO 2543 --- [ool-1-thread-61] tourGuide.service.RewardsService         : getDistance called
2023-01-19T23:17:17.742+01:00  INFO 2543 --- [ool-1-thread-61] tourGuide.service.RewardsService         : nearAttraction called with Zoo Tampa at Lowry Park
2023-01-19T23:17:17.742+01:00  INFO 2543 --- [ool-1-thread-61] tourGuide.service.RewardsService         : getDistance called
2023-01-19T23:17:17.743+01:00  INFO 2543 --- [ool-1-thread-61] tourGuide.service.RewardsService         : nearAttraction called with Franklin Park Zoo
2023-01-19T23:17:17.743+01:00  INFO 2543 --- [ool-1-thread-61] tourGuide.service.RewardsService         : getDistance called
2023-01-19T23:17:17.743+01:00  INFO 2543 --- [ool-1-thread-61] tourGuide.service.RewardsService         : nearAttraction called with El Paso Zoo
2023-01-19T23:17:17.743+01:00  INFO 2543 --- [ool-1-thread-61] tourGuide.service.RewardsService         : getDistance called
2023-01-19T23:17:17.743+01:00  INFO 2543 --- [ool-1-thread-61] tourGuide.service.RewardsService         : nearAttraction called with Kansas City Zoo
2023-01-19T23:17:17.743+01:00  INFO 2543 --- [ool-1-thread-61] tourGuide.service.RewardsService         : getDistance called
2023-01-19T23:17:17.743+01:00  INFO 2543 --- [ool-1-thread-61] tourGuide.service.RewardsService         : nearAttraction called with Bronx Zoo
2023-01-19T23:17:17.743+01:00  INFO 2543 --- [ool-1-thread-61] tourGuide.service.RewardsService         : getDistance called
2023-01-19T23:17:17.743+01:00  INFO 2543 --- [ool-1-thread-61] tourGuide.service.RewardsService         : nearAttraction called with Cinderella Castle
2023-01-19T23:17:17.743+01:00  INFO 2543 --- [ool-1-thread-61] tourGuide.service.RewardsService         : getDistance called
2023-01-19T23:17:17.746+01:00  INFO 2543 --- [ool-1-thread-66] tourGuide.service.RewardsService         : nearAttraction called with Jackson Hole
2023-01-19T23:17:17.746+01:00  INFO 2543 --- [ool-1-thread-66] tourGuide.service.RewardsService         : getDistance called
2023-01-19T23:17:17.746+01:00  INFO 2543 --- [ool-1-thread-66] tourGuide.service.RewardsService         : nearAttraction called with Mojave National Preserve
2023-01-19T23:17:17.746+01:00  INFO 2543 --- [ool-1-thread-66] tourGuide.service.RewardsService         : getDistance called
2023-01-19T23:17:17.746+01:00  INFO 2543 --- [ool-1-thread-66] tourGuide.service.RewardsService         : nearAttraction called with Joshua Tree National Park
2023-01-19T23:17:17.746+01:00  INFO 2543 --- [ool-1-thread-66] tourGuide.service.RewardsService         : getDistance called
2023-01-19T23:17:17.746+01:00  INFO 2543 --- [ool-1-thread-66] tourGuide.service.RewardsService         : nearAttraction called with Buffalo National River
2023-01-19T23:17:17.746+01:00  INFO 2543 --- [ool-1-thread-66] tourGuide.service.RewardsService         : getDistance called
2023-01-19T23:17:17.747+01:00  INFO 2543 --- [ool-1-thread-66] tourGuide.service.RewardsService         : nearAttraction called with Hot Springs National Park
2023-01-19T23:17:17.747+01:00  INFO 2543 --- [ool-1-thread-66] tourGuide.service.RewardsService         : getDistance called
2023-01-19T23:17:17.747+01:00  INFO 2543 --- [ool-1-thread-66] tourGuide.service.RewardsService         : nearAttraction called with Kartchner Caverns State Park
2023-01-19T23:17:17.747+01:00  INFO 2543 --- [ool-1-thread-66] tourGuide.service.RewardsService         : getDistance called
2023-01-19T23:17:17.747+01:00  INFO 2543 --- [ool-1-thread-66] tourGuide.service.RewardsService         : nearAttraction called with Legend Valley
2023-01-19T23:17:17.747+01:00  INFO 2543 --- [ool-1-thread-66] tourGuide.service.RewardsService         : getDistance called
2023-01-19T23:17:17.747+01:00  INFO 2543 --- [ool-1-thread-66] tourGuide.service.RewardsService         : nearAttraction called with Flowers Bakery of London
2023-01-19T23:17:17.747+01:00  INFO 2543 --- [ool-1-thread-66] tourGuide.service.RewardsService         : getDistance called
2023-01-19T23:17:17.747+01:00  INFO 2543 --- [ool-1-thread-66] tourGuide.service.RewardsService         : nearAttraction called with McKinley Tower
2023-01-19T23:17:17.747+01:00  INFO 2543 --- [ool-1-thread-66] tourGuide.service.RewardsService         : getDistance called
2023-01-19T23:17:17.747+01:00  INFO 2543 --- [ool-1-thread-66] tourGuide.service.RewardsService         : nearAttraction called with Flatiron Building
2023-01-19T23:17:17.747+01:00  INFO 2543 --- [ool-1-thread-66] tourGuide.service.RewardsService         : getDistance called
2023-01-19T23:17:17.747+01:00  INFO 2543 --- [ool-1-thread-66] tourGuide.service.RewardsService         : nearAttraction called with Fallingwater
2023-01-19T23:17:17.747+01:00  INFO 2543 --- [ool-1-thread-66] tourGuide.service.RewardsService         : getDistance called
2023-01-19T23:17:17.747+01:00  INFO 2543 --- [ool-1-thread-66] tourGuide.service.RewardsService         : nearAttraction called with Union Station
2023-01-19T23:17:17.747+01:00  INFO 2543 --- [ool-1-thread-66] tourGuide.service.RewardsService         : getDistance called
2023-01-19T23:17:17.747+01:00  INFO 2543 --- [ool-1-thread-66] tourGuide.service.RewardsService         : nearAttraction called with Roger Dean Stadium
2023-01-19T23:17:17.747+01:00  INFO 2543 --- [ool-1-thread-66] tourGuide.service.RewardsService         : getDistance called
2023-01-19T23:17:17.747+01:00  INFO 2543 --- [ool-1-thread-66] tourGuide.service.RewardsService         : nearAttraction called with Texas Memorial Stadium
2023-01-19T23:17:17.747+01:00  INFO 2543 --- [ool-1-thread-66] tourGuide.service.RewardsService         : getDistance called
2023-01-19T23:17:17.748+01:00  INFO 2543 --- [ool-1-thread-66] tourGuide.service.RewardsService         : nearAttraction called with Bryant-Denny Stadium
2023-01-19T23:17:17.748+01:00  INFO 2543 --- [ool-1-thread-66] tourGuide.service.RewardsService         : getDistance called
2023-01-19T23:17:17.748+01:00  INFO 2543 --- [ool-1-thread-66] tourGuide.service.RewardsService         : nearAttraction called with Tiger Stadium
2023-01-19T23:17:17.748+01:00  INFO 2543 --- [ool-1-thread-66] tourGuide.service.RewardsService         : getDistance called
2023-01-19T23:17:17.748+01:00  INFO 2543 --- [ool-1-thread-66] tourGuide.service.RewardsService         : nearAttraction called with Neyland Stadium
2023-01-19T23:17:17.748+01:00  INFO 2543 --- [ool-1-thread-66] tourGuide.service.RewardsService         : getDistance called
2023-01-19T23:17:17.748+01:00  INFO 2543 --- [ool-1-thread-66] tourGuide.service.RewardsService         : nearAttraction called with Kyle Field
2023-01-19T23:17:17.748+01:00  INFO 2543 --- [ool-1-thread-66] tourGuide.service.RewardsService         : getDistance called
2023-01-19T23:17:17.748+01:00  INFO 2543 --- [ool-1-thread-66] tourGuide.service.RewardsService         : nearAttraction called with San Diego Zoo
2023-01-19T23:17:17.748+01:00  INFO 2543 --- [ool-1-thread-66] tourGuide.service.RewardsService         : getDistance called
2023-01-19T23:17:17.748+01:00  INFO 2543 --- [ool-1-thread-66] tourGuide.service.RewardsService         : nearAttraction called with Zoo Tampa at Lowry Park
2023-01-19T23:17:17.748+01:00  INFO 2543 --- [ool-1-thread-66] tourGuide.service.RewardsService         : getDistance called
2023-01-19T23:17:17.748+01:00  INFO 2543 --- [ool-1-thread-66] tourGuide.service.RewardsService         : nearAttraction called with Franklin Park Zoo
2023-01-19T23:17:17.748+01:00  INFO 2543 --- [ool-1-thread-66] tourGuide.service.RewardsService         : getDistance called
2023-01-19T23:17:17.748+01:00  INFO 2543 --- [ool-1-thread-66] tourGuide.service.RewardsService         : nearAttraction called with El Paso Zoo
2023-01-19T23:17:17.748+01:00  INFO 2543 --- [ool-1-thread-66] tourGuide.service.RewardsService         : getDistance called
2023-01-19T23:17:17.748+01:00  INFO 2543 --- [ool-1-thread-66] tourGuide.service.RewardsService         : nearAttraction called with Kansas City Zoo
2023-01-19T23:17:17.748+01:00  INFO 2543 --- [ool-1-thread-66] tourGuide.service.RewardsService         : getDistance called
2023-01-19T23:17:17.748+01:00  INFO 2543 --- [ool-1-thread-66] tourGuide.service.RewardsService         : nearAttraction called with Bronx Zoo
2023-01-19T23:17:17.748+01:00  INFO 2543 --- [ool-1-thread-66] tourGuide.service.RewardsService         : getDistance called
2023-01-19T23:17:17.748+01:00  INFO 2543 --- [ool-1-thread-66] tourGuide.service.RewardsService         : nearAttraction called with Cinderella Castle
2023-01-19T23:17:17.748+01:00  INFO 2543 --- [ool-1-thread-66] tourGuide.service.RewardsService         : getDistance called
2023-01-19T23:17:17.749+01:00  INFO 2543 --- [ool-1-thread-39] tourGuide.service.RewardsService         : nearAttraction called with Jackson Hole
2023-01-19T23:17:17.749+01:00  INFO 2543 --- [ool-1-thread-39] tourGuide.service.RewardsService         : getDistance called
2023-01-19T23:17:17.749+01:00  INFO 2543 --- [ool-1-thread-39] tourGuide.service.RewardsService         : nearAttraction called with Mojave National Preserve
2023-01-19T23:17:17.749+01:00  INFO 2543 --- [ool-1-thread-39] tourGuide.service.RewardsService         : getDistance called
2023-01-19T23:17:17.749+01:00  INFO 2543 --- [ool-1-thread-39] tourGuide.service.RewardsService         : nearAttraction called with Joshua Tree National Park
2023-01-19T23:17:17.749+01:00  INFO 2543 --- [ool-1-thread-39] tourGuide.service.RewardsService         : getDistance called
2023-01-19T23:17:17.749+01:00  INFO 2543 --- [ool-1-thread-39] tourGuide.service.RewardsService         : nearAttraction called with Buffalo National River
2023-01-19T23:17:17.749+01:00  INFO 2543 --- [ool-1-thread-39] tourGuide.service.RewardsService         : getDistance called
2023-01-19T23:17:17.749+01:00  INFO 2543 --- [ool-1-thread-39] tourGuide.service.RewardsService         : nearAttraction called with Hot Springs National Park
2023-01-19T23:17:17.749+01:00  INFO 2543 --- [ool-1-thread-39] tourGuide.service.RewardsService         : getDistance called
2023-01-19T23:17:17.749+01:00  INFO 2543 --- [ool-1-thread-39] tourGuide.service.RewardsService         : nearAttraction called with Kartchner Caverns State Park
2023-01-19T23:17:17.749+01:00  INFO 2543 --- [ool-1-thread-39] tourGuide.service.RewardsService         : getDistance called
2023-01-19T23:17:17.749+01:00  INFO 2543 --- [ool-1-thread-39] tourGuide.service.RewardsService         : nearAttraction called with Legend Valley
2023-01-19T23:17:17.749+01:00  INFO 2543 --- [ool-1-thread-39] tourGuide.service.RewardsService         : getDistance called
2023-01-19T23:17:17.750+01:00  INFO 2543 --- [ool-1-thread-39] tourGuide.service.RewardsService         : nearAttraction called with Flowers Bakery of London
2023-01-19T23:17:17.750+01:00  INFO 2543 --- [ool-1-thread-39] tourGuide.service.RewardsService         : getDistance called
2023-01-19T23:17:17.750+01:00  INFO 2543 --- [ool-1-thread-39] tourGuide.service.RewardsService         : nearAttraction called with McKinley Tower
2023-01-19T23:17:17.750+01:00  INFO 2543 --- [ool-1-thread-39] tourGuide.service.RewardsService         : getDistance called
2023-01-19T23:17:17.750+01:00  INFO 2543 --- [ool-1-thread-39] tourGuide.service.RewardsService         : nearAttraction called with Flatiron Building
2023-01-19T23:17:17.750+01:00  INFO 2543 --- [ool-1-thread-39] tourGuide.service.RewardsService         : getDistance called
2023-01-19T23:17:17.750+01:00  INFO 2543 --- [ool-1-thread-39] tourGuide.service.RewardsService         : nearAttraction called with Fallingwater
2023-01-19T23:17:17.750+01:00  INFO 2543 --- [ool-1-thread-39] tourGuide.service.RewardsService         : getDistance called
2023-01-19T23:17:17.750+01:00  INFO 2543 --- [ool-1-thread-39] tourGuide.service.RewardsService         : nearAttraction called with Union Station
2023-01-19T23:17:17.750+01:00  INFO 2543 --- [ool-1-thread-39] tourGuide.service.RewardsService         : getDistance called
2023-01-19T23:17:17.750+01:00  INFO 2543 --- [ool-1-thread-39] tourGuide.service.RewardsService         : nearAttraction called with Roger Dean Stadium
2023-01-19T23:17:17.750+01:00  INFO 2543 --- [ool-1-thread-39] tourGuide.service.RewardsService         : getDistance called
2023-01-19T23:17:17.750+01:00  INFO 2543 --- [ool-1-thread-39] tourGuide.service.RewardsService         : nearAttraction called with Texas Memorial Stadium
2023-01-19T23:17:17.750+01:00  INFO 2543 --- [ool-1-thread-39] tourGuide.service.RewardsService         : getDistance called
2023-01-19T23:17:17.750+01:00  INFO 2543 --- [ool-1-thread-39] tourGuide.service.RewardsService         : nearAttraction called with Bryant-Denny Stadium
2023-01-19T23:17:17.750+01:00  INFO 2543 --- [ool-1-thread-39] tourGuide.service.RewardsService         : getDistance called
2023-01-19T23:17:17.750+01:00  INFO 2543 --- [ool-1-thread-39] tourGuide.service.RewardsService         : nearAttraction called with Tiger Stadium
2023-01-19T23:17:17.750+01:00  INFO 2543 --- [ool-1-thread-39] tourGuide.service.RewardsService         : getDistance called
2023-01-19T23:17:17.750+01:00  INFO 2543 --- [ool-1-thread-39] tourGuide.service.RewardsService         : nearAttraction called with Neyland Stadium
2023-01-19T23:17:17.750+01:00  INFO 2543 --- [ool-1-thread-39] tourGuide.service.RewardsService         : getDistance called
2023-01-19T23:17:17.750+01:00  INFO 2543 --- [ool-1-thread-39] tourGuide.service.RewardsService         : nearAttraction called with Kyle Field
2023-01-19T23:17:17.750+01:00  INFO 2543 --- [ool-1-thread-39] tourGuide.service.RewardsService         : getDistance called
2023-01-19T23:17:17.750+01:00  INFO 2543 --- [ool-1-thread-39] tourGuide.service.RewardsService         : nearAttraction called with San Diego Zoo
2023-01-19T23:17:17.750+01:00  INFO 2543 --- [ool-1-thread-39] tourGuide.service.RewardsService         : getDistance called
2023-01-19T23:17:17.750+01:00  INFO 2543 --- [ool-1-thread-39] tourGuide.service.RewardsService         : nearAttraction called with Zoo Tampa at Lowry Park
2023-01-19T23:17:17.750+01:00  INFO 2543 --- [ool-1-thread-39] tourGuide.service.RewardsService         : getDistance called
2023-01-19T23:17:17.750+01:00  INFO 2543 --- [ool-1-thread-39] tourGuide.service.RewardsService         : nearAttraction called with Franklin Park Zoo
2023-01-19T23:17:17.751+01:00  INFO 2543 --- [ool-1-thread-39] tourGuide.service.RewardsService         : getDistance called
2023-01-19T23:17:17.751+01:00  INFO 2543 --- [ool-1-thread-39] tourGuide.service.RewardsService         : nearAttraction called with El Paso Zoo
2023-01-19T23:17:17.751+01:00  INFO 2543 --- [ool-1-thread-39] tourGuide.service.RewardsService         : getDistance called
2023-01-19T23:17:17.751+01:00  INFO 2543 --- [pool-1-thread-6] tourGuide.service.RewardsService         : nearAttraction called with Disneyland
2023-01-19T23:17:17.751+01:00  INFO 2543 --- [ool-1-thread-39] tourGuide.service.RewardsService         : nearAttraction called with Kansas City Zoo
2023-01-19T23:17:17.751+01:00  INFO 2543 --- [ool-1-thread-39] tourGuide.service.RewardsService         : getDistance called
2023-01-19T23:17:17.751+01:00  INFO 2543 --- [pool-1-thread-6] tourGuide.service.RewardsService         : getDistance called
2023-01-19T23:17:17.751+01:00  INFO 2543 --- [ool-1-thread-39] tourGuide.service.RewardsService         : nearAttraction called with Bronx Zoo
2023-01-19T23:17:17.751+01:00  INFO 2543 --- [ool-1-thread-39] tourGuide.service.RewardsService         : getDistance called
2023-01-19T23:17:17.751+01:00  INFO 2543 --- [pool-1-thread-6] tourGuide.service.RewardsService         : getRewardPoints called with Disneyland and internalUser52
2023-01-19T23:17:17.751+01:00  INFO 2543 --- [ool-1-thread-39] tourGuide.service.RewardsService         : nearAttraction called with Cinderella Castle
2023-01-19T23:17:17.751+01:00  INFO 2543 --- [ool-1-thread-39] tourGuide.service.RewardsService         : getDistance called
2023-01-19T23:17:17.753+01:00  INFO 2543 --- [ool-1-thread-50] tourGuide.service.RewardsService         : nearAttraction called with Disneyland
2023-01-19T23:17:17.753+01:00  INFO 2543 --- [ool-1-thread-50] tourGuide.service.RewardsService         : getDistance called
2023-01-19T23:17:17.753+01:00  INFO 2543 --- [ool-1-thread-50] tourGuide.service.RewardsService         : getRewardPoints called with Disneyland and internalUser51
2023-01-19T23:17:17.753+01:00  INFO 2543 --- [ool-1-thread-61] tourGuide.service.RewardsService         : nearAttraction called with Disneyland
2023-01-19T23:17:17.754+01:00  INFO 2543 --- [ool-1-thread-61] tourGuide.service.RewardsService         : getDistance called
2023-01-19T23:17:17.754+01:00  INFO 2543 --- [ool-1-thread-61] tourGuide.service.RewardsService         : getRewardPoints called with Disneyland and internalUser54
2023-01-19T23:17:17.761+01:00  INFO 2543 --- [ool-1-thread-66] tourGuide.service.RewardsService         : nearAttraction called with Disneyland
2023-01-19T23:17:17.761+01:00  INFO 2543 --- [ool-1-thread-39] tourGuide.service.RewardsService         : nearAttraction called with Disneyland
2023-01-19T23:17:17.761+01:00  INFO 2543 --- [ool-1-thread-66] tourGuide.service.RewardsService         : getDistance called
2023-01-19T23:17:17.761+01:00  INFO 2543 --- [ool-1-thread-39] tourGuide.service.RewardsService         : getDistance called
2023-01-19T23:17:17.761+01:00  INFO 2543 --- [ool-1-thread-66] tourGuide.service.RewardsService         : getRewardPoints called with Disneyland and internalUser53
2023-01-19T23:17:17.761+01:00  INFO 2543 --- [ool-1-thread-39] tourGuide.service.RewardsService         : getRewardPoints called with Disneyland and internalUser50
2023-01-19T23:17:17.772+01:00  INFO 2543 --- [pool-1-thread-8] tourGuide.service.RewardsService         : nearAttraction called with Jackson Hole
2023-01-19T23:17:17.772+01:00  INFO 2543 --- [pool-1-thread-8] tourGuide.service.RewardsService         : getDistance called
2023-01-19T23:17:17.772+01:00  INFO 2543 --- [pool-1-thread-8] tourGuide.service.RewardsService         : nearAttraction called with Mojave National Preserve
2023-01-19T23:17:17.772+01:00  INFO 2543 --- [pool-1-thread-8] tourGuide.service.RewardsService         : getDistance called
2023-01-19T23:17:17.772+01:00  INFO 2543 --- [pool-1-thread-8] tourGuide.service.RewardsService         : nearAttraction called with Joshua Tree National Park
2023-01-19T23:17:17.772+01:00  INFO 2543 --- [pool-1-thread-8] tourGuide.service.RewardsService         : getDistance called
2023-01-19T23:17:17.772+01:00  INFO 2543 --- [pool-1-thread-8] tourGuide.service.RewardsService         : nearAttraction called with Buffalo National River
2023-01-19T23:17:17.772+01:00  INFO 2543 --- [pool-1-thread-8] tourGuide.service.RewardsService         : getDistance called
2023-01-19T23:17:17.772+01:00  INFO 2543 --- [pool-1-thread-8] tourGuide.service.RewardsService         : nearAttraction called with Hot Springs National Park
2023-01-19T23:17:17.772+01:00  INFO 2543 --- [pool-1-thread-8] tourGuide.service.RewardsService         : getDistance called
2023-01-19T23:17:17.772+01:00  INFO 2543 --- [pool-1-thread-8] tourGuide.service.RewardsService         : nearAttraction called with Kartchner Caverns State Park
2023-01-19T23:17:17.772+01:00  INFO 2543 --- [pool-1-thread-8] tourGuide.service.RewardsService         : getDistance called
2023-01-19T23:17:17.772+01:00  INFO 2543 --- [pool-1-thread-8] tourGuide.service.RewardsService         : nearAttraction called with Legend Valley
2023-01-19T23:17:17.772+01:00  INFO 2543 --- [pool-1-thread-8] tourGuide.service.RewardsService         : getDistance called
2023-01-19T23:17:17.772+01:00  INFO 2543 --- [pool-1-thread-8] tourGuide.service.RewardsService         : nearAttraction called with Flowers Bakery of London
2023-01-19T23:17:17.772+01:00  INFO 2543 --- [pool-1-thread-8] tourGuide.service.RewardsService         : getDistance called
2023-01-19T23:17:17.772+01:00  INFO 2543 --- [pool-1-thread-8] tourGuide.service.RewardsService         : nearAttraction called with McKinley Tower
2023-01-19T23:17:17.772+01:00  INFO 2543 --- [pool-1-thread-8] tourGuide.service.RewardsService         : getDistance called
2023-01-19T23:17:17.772+01:00  INFO 2543 --- [pool-1-thread-8] tourGuide.service.RewardsService         : nearAttraction called with Flatiron Building
2023-01-19T23:17:17.772+01:00  INFO 2543 --- [pool-1-thread-8] tourGuide.service.RewardsService         : getDistance called
2023-01-19T23:17:17.772+01:00  INFO 2543 --- [pool-1-thread-8] tourGuide.service.RewardsService         : nearAttraction called with Fallingwater
2023-01-19T23:17:17.772+01:00  INFO 2543 --- [pool-1-thread-8] tourGuide.service.RewardsService         : getDistance called
2023-01-19T23:17:17.773+01:00  INFO 2543 --- [pool-1-thread-8] tourGuide.service.RewardsService         : nearAttraction called with Union Station
2023-01-19T23:17:17.773+01:00  INFO 2543 --- [pool-1-thread-8] tourGuide.service.RewardsService         : getDistance called
2023-01-19T23:17:17.773+01:00  INFO 2543 --- [pool-1-thread-8] tourGuide.service.RewardsService         : nearAttraction called with Roger Dean Stadium
2023-01-19T23:17:17.773+01:00  INFO 2543 --- [pool-1-thread-8] tourGuide.service.RewardsService         : getDistance called
2023-01-19T23:17:17.773+01:00  INFO 2543 --- [pool-1-thread-8] tourGuide.service.RewardsService         : nearAttraction called with Texas Memorial Stadium
2023-01-19T23:17:17.773+01:00  INFO 2543 --- [pool-1-thread-8] tourGuide.service.RewardsService         : getDistance called
2023-01-19T23:17:17.773+01:00  INFO 2543 --- [pool-1-thread-8] tourGuide.service.RewardsService         : nearAttraction called with Bryant-Denny Stadium
2023-01-19T23:17:17.773+01:00  INFO 2543 --- [pool-1-thread-8] tourGuide.service.RewardsService         : getDistance called
2023-01-19T23:17:17.773+01:00  INFO 2543 --- [pool-1-thread-8] tourGuide.service.RewardsService         : nearAttraction called with Tiger Stadium
2023-01-19T23:17:17.773+01:00  INFO 2543 --- [pool-1-thread-8] tourGuide.service.RewardsService         : getDistance called
2023-01-19T23:17:17.773+01:00  INFO 2543 --- [pool-1-thread-8] tourGuide.service.RewardsService         : nearAttraction called with Neyland Stadium
2023-01-19T23:17:17.773+01:00  INFO 2543 --- [pool-1-thread-8] tourGuide.service.RewardsService         : getDistance called
2023-01-19T23:17:17.773+01:00  INFO 2543 --- [pool-1-thread-8] tourGuide.service.RewardsService         : nearAttraction called with Kyle Field
2023-01-19T23:17:17.773+01:00  INFO 2543 --- [pool-1-thread-8] tourGuide.service.RewardsService         : getDistance called
2023-01-19T23:17:17.773+01:00  INFO 2543 --- [pool-1-thread-8] tourGuide.service.RewardsService         : nearAttraction called with San Diego Zoo
2023-01-19T23:17:17.773+01:00  INFO 2543 --- [pool-1-thread-8] tourGuide.service.RewardsService         : getDistance called
2023-01-19T23:17:17.773+01:00  INFO 2543 --- [pool-1-thread-8] tourGuide.service.RewardsService         : nearAttraction called with Zoo Tampa at Lowry Park
2023-01-19T23:17:17.773+01:00  INFO 2543 --- [pool-1-thread-8] tourGuide.service.RewardsService         : getDistance called
2023-01-19T23:17:17.773+01:00  INFO 2543 --- [pool-1-thread-8] tourGuide.service.RewardsService         : nearAttraction called with Franklin Park Zoo
2023-01-19T23:17:17.773+01:00  INFO 2543 --- [pool-1-thread-8] tourGuide.service.RewardsService         : getDistance called
2023-01-19T23:17:17.773+01:00  INFO 2543 --- [pool-1-thread-8] tourGuide.service.RewardsService         : nearAttraction called with El Paso Zoo
2023-01-19T23:17:17.773+01:00  INFO 2543 --- [pool-1-thread-8] tourGuide.service.RewardsService         : getDistance called
2023-01-19T23:17:17.773+01:00  INFO 2543 --- [pool-1-thread-8] tourGuide.service.RewardsService         : nearAttraction called with Kansas City Zoo
2023-01-19T23:17:17.773+01:00  INFO 2543 --- [pool-1-thread-8] tourGuide.service.RewardsService         : getDistance called
2023-01-19T23:17:17.773+01:00  INFO 2543 --- [pool-1-thread-8] tourGuide.service.RewardsService         : nearAttraction called with Bronx Zoo
2023-01-19T23:17:17.773+01:00  INFO 2543 --- [pool-1-thread-8] tourGuide.service.RewardsService         : getDistance called
2023-01-19T23:17:17.773+01:00  INFO 2543 --- [pool-1-thread-8] tourGuide.service.RewardsService         : nearAttraction called with Cinderella Castle
2023-01-19T23:17:17.773+01:00  INFO 2543 --- [pool-1-thread-8] tourGuide.service.RewardsService         : getDistance called
2023-01-19T23:17:17.785+01:00  INFO 2543 --- [pool-1-thread-8] tourGuide.service.RewardsService         : nearAttraction called with Disneyland
2023-01-19T23:17:17.785+01:00  INFO 2543 --- [pool-1-thread-8] tourGuide.service.RewardsService         : getDistance called
2023-01-19T23:17:17.785+01:00  INFO 2543 --- [pool-1-thread-8] tourGuide.service.RewardsService         : getRewardPoints called with Disneyland and internalUser67
2023-01-19T23:17:17.790+01:00  INFO 2543 --- [pool-1-thread-9] tourGuide.service.RewardsService         : nearAttraction called with Jackson Hole
2023-01-19T23:17:17.790+01:00  INFO 2543 --- [pool-1-thread-9] tourGuide.service.RewardsService         : getDistance called
2023-01-19T23:17:17.790+01:00  INFO 2543 --- [pool-1-thread-9] tourGuide.service.RewardsService         : nearAttraction called with Mojave National Preserve
2023-01-19T23:17:17.790+01:00  INFO 2543 --- [pool-1-thread-9] tourGuide.service.RewardsService         : getDistance called
2023-01-19T23:17:17.790+01:00  INFO 2543 --- [pool-1-thread-9] tourGuide.service.RewardsService         : nearAttraction called with Joshua Tree National Park
2023-01-19T23:17:17.790+01:00  INFO 2543 --- [pool-1-thread-9] tourGuide.service.RewardsService         : getDistance called
2023-01-19T23:17:17.790+01:00  INFO 2543 --- [pool-1-thread-9] tourGuide.service.RewardsService         : nearAttraction called with Buffalo National River
2023-01-19T23:17:17.790+01:00  INFO 2543 --- [pool-1-thread-9] tourGuide.service.RewardsService         : getDistance called
2023-01-19T23:17:17.790+01:00  INFO 2543 --- [pool-1-thread-9] tourGuide.service.RewardsService         : nearAttraction called with Hot Springs National Park
2023-01-19T23:17:17.790+01:00  INFO 2543 --- [pool-1-thread-9] tourGuide.service.RewardsService         : getDistance called
2023-01-19T23:17:17.791+01:00  INFO 2543 --- [pool-1-thread-9] tourGuide.service.RewardsService         : nearAttraction called with Kartchner Caverns State Park
2023-01-19T23:17:17.791+01:00  INFO 2543 --- [pool-1-thread-9] tourGuide.service.RewardsService         : getDistance called
2023-01-19T23:17:17.791+01:00  INFO 2543 --- [pool-1-thread-9] tourGuide.service.RewardsService         : nearAttraction called with Legend Valley
2023-01-19T23:17:17.791+01:00  INFO 2543 --- [pool-1-thread-9] tourGuide.service.RewardsService         : getDistance called
2023-01-19T23:17:17.791+01:00  INFO 2543 --- [pool-1-thread-9] tourGuide.service.RewardsService         : nearAttraction called with Flowers Bakery of London
2023-01-19T23:17:17.791+01:00  INFO 2543 --- [pool-1-thread-9] tourGuide.service.RewardsService         : getDistance called
2023-01-19T23:17:17.791+01:00  INFO 2543 --- [pool-1-thread-9] tourGuide.service.RewardsService         : nearAttraction called with McKinley Tower
2023-01-19T23:17:17.791+01:00  INFO 2543 --- [pool-1-thread-9] tourGuide.service.RewardsService         : getDistance called
2023-01-19T23:17:17.791+01:00  INFO 2543 --- [pool-1-thread-9] tourGuide.service.RewardsService         : nearAttraction called with Flatiron Building
2023-01-19T23:17:17.791+01:00  INFO 2543 --- [pool-1-thread-9] tourGuide.service.RewardsService         : getDistance called
2023-01-19T23:17:17.791+01:00  INFO 2543 --- [pool-1-thread-9] tourGuide.service.RewardsService         : nearAttraction called with Fallingwater
2023-01-19T23:17:17.791+01:00  INFO 2543 --- [pool-1-thread-9] tourGuide.service.RewardsService         : getDistance called
2023-01-19T23:17:17.791+01:00  INFO 2543 --- [pool-1-thread-9] tourGuide.service.RewardsService         : nearAttraction called with Union Station
2023-01-19T23:17:17.791+01:00  INFO 2543 --- [pool-1-thread-9] tourGuide.service.RewardsService         : getDistance called
2023-01-19T23:17:17.791+01:00  INFO 2543 --- [pool-1-thread-9] tourGuide.service.RewardsService         : nearAttraction called with Roger Dean Stadium
2023-01-19T23:17:17.791+01:00  INFO 2543 --- [pool-1-thread-9] tourGuide.service.RewardsService         : getDistance called
2023-01-19T23:17:17.791+01:00  INFO 2543 --- [pool-1-thread-9] tourGuide.service.RewardsService         : nearAttraction called with Texas Memorial Stadium
2023-01-19T23:17:17.791+01:00  INFO 2543 --- [pool-1-thread-9] tourGuide.service.RewardsService         : getDistance called
2023-01-19T23:17:17.791+01:00  INFO 2543 --- [pool-1-thread-9] tourGuide.service.RewardsService         : nearAttraction called with Bryant-Denny Stadium
2023-01-19T23:17:17.791+01:00  INFO 2543 --- [pool-1-thread-9] tourGuide.service.RewardsService         : getDistance called
2023-01-19T23:17:17.791+01:00  INFO 2543 --- [pool-1-thread-9] tourGuide.service.RewardsService         : nearAttraction called with Tiger Stadium
2023-01-19T23:17:17.791+01:00  INFO 2543 --- [pool-1-thread-9] tourGuide.service.RewardsService         : getDistance called
2023-01-19T23:17:17.791+01:00  INFO 2543 --- [pool-1-thread-9] tourGuide.service.RewardsService         : nearAttraction called with Neyland Stadium
2023-01-19T23:17:17.791+01:00  INFO 2543 --- [pool-1-thread-9] tourGuide.service.RewardsService         : getDistance called
2023-01-19T23:17:17.791+01:00  INFO 2543 --- [pool-1-thread-9] tourGuide.service.RewardsService         : nearAttraction called with Kyle Field
2023-01-19T23:17:17.792+01:00  INFO 2543 --- [pool-1-thread-9] tourGuide.service.RewardsService         : getDistance called
2023-01-19T23:17:17.792+01:00  INFO 2543 --- [pool-1-thread-9] tourGuide.service.RewardsService         : nearAttraction called with San Diego Zoo
2023-01-19T23:17:17.792+01:00  INFO 2543 --- [pool-1-thread-9] tourGuide.service.RewardsService         : getDistance called
2023-01-19T23:17:17.792+01:00  INFO 2543 --- [pool-1-thread-9] tourGuide.service.RewardsService         : nearAttraction called with Zoo Tampa at Lowry Park
2023-01-19T23:17:17.792+01:00  INFO 2543 --- [pool-1-thread-9] tourGuide.service.RewardsService         : getDistance called
2023-01-19T23:17:17.792+01:00  INFO 2543 --- [pool-1-thread-9] tourGuide.service.RewardsService         : nearAttraction called with Franklin Park Zoo
2023-01-19T23:17:17.792+01:00  INFO 2543 --- [pool-1-thread-9] tourGuide.service.RewardsService         : getDistance called
2023-01-19T23:17:17.792+01:00  INFO 2543 --- [pool-1-thread-9] tourGuide.service.RewardsService         : nearAttraction called with El Paso Zoo
2023-01-19T23:17:17.792+01:00  INFO 2543 --- [pool-1-thread-9] tourGuide.service.RewardsService         : getDistance called
2023-01-19T23:17:17.792+01:00  INFO 2543 --- [pool-1-thread-9] tourGuide.service.RewardsService         : nearAttraction called with Kansas City Zoo
2023-01-19T23:17:17.792+01:00  INFO 2543 --- [pool-1-thread-9] tourGuide.service.RewardsService         : getDistance called
2023-01-19T23:17:17.792+01:00  INFO 2543 --- [pool-1-thread-9] tourGuide.service.RewardsService         : nearAttraction called with Bronx Zoo
2023-01-19T23:17:17.792+01:00  INFO 2543 --- [pool-1-thread-9] tourGuide.service.RewardsService         : getDistance called
2023-01-19T23:17:17.792+01:00  INFO 2543 --- [pool-1-thread-9] tourGuide.service.RewardsService         : nearAttraction called with Cinderella Castle
2023-01-19T23:17:17.792+01:00  INFO 2543 --- [pool-1-thread-9] tourGuide.service.RewardsService         : getDistance called
2023-01-19T23:17:17.805+01:00  INFO 2543 --- [ool-1-thread-66] tourGuide.service.RewardsService         : nearAttraction called with Jackson Hole
2023-01-19T23:17:17.805+01:00  INFO 2543 --- [ool-1-thread-66] tourGuide.service.RewardsService         : getDistance called
2023-01-19T23:17:17.805+01:00  INFO 2543 --- [ool-1-thread-66] tourGuide.service.RewardsService         : nearAttraction called with Mojave National Preserve
2023-01-19T23:17:17.805+01:00  INFO 2543 --- [ool-1-thread-66] tourGuide.service.RewardsService         : getDistance called
2023-01-19T23:17:17.805+01:00  INFO 2543 --- [ool-1-thread-66] tourGuide.service.RewardsService         : nearAttraction called with Joshua Tree National Park
2023-01-19T23:17:17.805+01:00  INFO 2543 --- [ool-1-thread-66] tourGuide.service.RewardsService         : getDistance called
2023-01-19T23:17:17.805+01:00  INFO 2543 --- [ool-1-thread-66] tourGuide.service.RewardsService         : nearAttraction called with Buffalo National River
2023-01-19T23:17:17.805+01:00  INFO 2543 --- [pool-1-thread-9] tourGuide.service.RewardsService         : nearAttraction called with Disneyland
2023-01-19T23:17:17.805+01:00  INFO 2543 --- [ool-1-thread-66] tourGuide.service.RewardsService         : getDistance called
2023-01-19T23:17:17.805+01:00  INFO 2543 --- [pool-1-thread-9] tourGuide.service.RewardsService         : getDistance called
2023-01-19T23:17:17.805+01:00  INFO 2543 --- [ool-1-thread-66] tourGuide.service.RewardsService         : nearAttraction called with Hot Springs National Park
2023-01-19T23:17:17.805+01:00  INFO 2543 --- [ool-1-thread-66] tourGuide.service.RewardsService         : getDistance called
2023-01-19T23:17:17.805+01:00  INFO 2543 --- [pool-1-thread-9] tourGuide.service.RewardsService         : getRewardPoints called with Disneyland and internalUser66
2023-01-19T23:17:17.805+01:00  INFO 2543 --- [ool-1-thread-66] tourGuide.service.RewardsService         : nearAttraction called with Kartchner Caverns State Park
2023-01-19T23:17:17.805+01:00  INFO 2543 --- [ool-1-thread-66] tourGuide.service.RewardsService         : getDistance called
2023-01-19T23:17:17.805+01:00  INFO 2543 --- [ool-1-thread-66] tourGuide.service.RewardsService         : nearAttraction called with Legend Valley
2023-01-19T23:17:17.806+01:00  INFO 2543 --- [ool-1-thread-66] tourGuide.service.RewardsService         : getDistance called
2023-01-19T23:17:17.806+01:00  INFO 2543 --- [ool-1-thread-66] tourGuide.service.RewardsService         : nearAttraction called with Flowers Bakery of London
2023-01-19T23:17:17.806+01:00  INFO 2543 --- [ool-1-thread-66] tourGuide.service.RewardsService         : getDistance called
2023-01-19T23:17:17.806+01:00  INFO 2543 --- [ool-1-thread-66] tourGuide.service.RewardsService         : nearAttraction called with McKinley Tower
2023-01-19T23:17:17.806+01:00  INFO 2543 --- [ool-1-thread-66] tourGuide.service.RewardsService         : getDistance called
2023-01-19T23:17:17.806+01:00  INFO 2543 --- [ool-1-thread-66] tourGuide.service.RewardsService         : nearAttraction called with Flatiron Building
2023-01-19T23:17:17.806+01:00  INFO 2543 --- [ool-1-thread-66] tourGuide.service.RewardsService         : getDistance called
2023-01-19T23:17:17.806+01:00  INFO 2543 --- [ool-1-thread-66] tourGuide.service.RewardsService         : nearAttraction called with Fallingwater
2023-01-19T23:17:17.806+01:00  INFO 2543 --- [ool-1-thread-66] tourGuide.service.RewardsService         : getDistance called
2023-01-19T23:17:17.806+01:00  INFO 2543 --- [ool-1-thread-66] tourGuide.service.RewardsService         : nearAttraction called with Union Station
2023-01-19T23:17:17.806+01:00  INFO 2543 --- [ool-1-thread-66] tourGuide.service.RewardsService         : getDistance called
2023-01-19T23:17:17.806+01:00  INFO 2543 --- [ool-1-thread-66] tourGuide.service.RewardsService         : nearAttraction called with Roger Dean Stadium
2023-01-19T23:17:17.806+01:00  INFO 2543 --- [ool-1-thread-66] tourGuide.service.RewardsService         : getDistance called
2023-01-19T23:17:17.806+01:00  INFO 2543 --- [ool-1-thread-66] tourGuide.service.RewardsService         : nearAttraction called with Texas Memorial Stadium
2023-01-19T23:17:17.806+01:00  INFO 2543 --- [ool-1-thread-66] tourGuide.service.RewardsService         : getDistance called
2023-01-19T23:17:17.806+01:00  INFO 2543 --- [ool-1-thread-66] tourGuide.service.RewardsService         : nearAttraction called with Bryant-Denny Stadium
2023-01-19T23:17:17.806+01:00  INFO 2543 --- [ool-1-thread-66] tourGuide.service.RewardsService         : getDistance called
2023-01-19T23:17:17.806+01:00  INFO 2543 --- [ool-1-thread-66] tourGuide.service.RewardsService         : nearAttraction called with Tiger Stadium
2023-01-19T23:17:17.806+01:00  INFO 2543 --- [ool-1-thread-66] tourGuide.service.RewardsService         : getDistance called
2023-01-19T23:17:17.806+01:00  INFO 2543 --- [ool-1-thread-66] tourGuide.service.RewardsService         : nearAttraction called with Neyland Stadium
2023-01-19T23:17:17.806+01:00  INFO 2543 --- [ool-1-thread-66] tourGuide.service.RewardsService         : getDistance called
2023-01-19T23:17:17.806+01:00  INFO 2543 --- [ool-1-thread-66] tourGuide.service.RewardsService         : nearAttraction called with Kyle Field
2023-01-19T23:17:17.806+01:00  INFO 2543 --- [ool-1-thread-66] tourGuide.service.RewardsService         : getDistance called
2023-01-19T23:17:17.806+01:00  INFO 2543 --- [ool-1-thread-66] tourGuide.service.RewardsService         : nearAttraction called with San Diego Zoo
2023-01-19T23:17:17.806+01:00  INFO 2543 --- [ool-1-thread-66] tourGuide.service.RewardsService         : getDistance called
2023-01-19T23:17:17.806+01:00  INFO 2543 --- [ool-1-thread-66] tourGuide.service.RewardsService         : nearAttraction called with Zoo Tampa at Lowry Park
2023-01-19T23:17:17.806+01:00  INFO 2543 --- [ool-1-thread-66] tourGuide.service.RewardsService         : getDistance called
2023-01-19T23:17:17.807+01:00  INFO 2543 --- [ool-1-thread-66] tourGuide.service.RewardsService         : nearAttraction called with Franklin Park Zoo
2023-01-19T23:17:17.807+01:00  INFO 2543 --- [ool-1-thread-66] tourGuide.service.RewardsService         : getDistance called
2023-01-19T23:17:17.807+01:00  INFO 2543 --- [ool-1-thread-66] tourGuide.service.RewardsService         : nearAttraction called with El Paso Zoo
2023-01-19T23:17:17.807+01:00  INFO 2543 --- [ool-1-thread-66] tourGuide.service.RewardsService         : getDistance called
2023-01-19T23:17:17.807+01:00  INFO 2543 --- [ool-1-thread-66] tourGuide.service.RewardsService         : nearAttraction called with Kansas City Zoo
2023-01-19T23:17:17.807+01:00  INFO 2543 --- [ool-1-thread-66] tourGuide.service.RewardsService         : getDistance called
2023-01-19T23:17:17.807+01:00  INFO 2543 --- [ool-1-thread-66] tourGuide.service.RewardsService         : nearAttraction called with Bronx Zoo
2023-01-19T23:17:17.807+01:00  INFO 2543 --- [ool-1-thread-66] tourGuide.service.RewardsService         : getDistance called
2023-01-19T23:17:17.807+01:00  INFO 2543 --- [ool-1-thread-66] tourGuide.service.RewardsService         : nearAttraction called with Cinderella Castle
2023-01-19T23:17:17.807+01:00  INFO 2543 --- [ool-1-thread-66] tourGuide.service.RewardsService         : getDistance called
2023-01-19T23:17:17.808+01:00  INFO 2543 --- [ool-1-thread-11] tourGuide.service.RewardsService         : nearAttraction called with Jackson Hole
2023-01-19T23:17:17.808+01:00  INFO 2543 --- [ool-1-thread-11] tourGuide.service.RewardsService         : getDistance called
2023-01-19T23:17:17.808+01:00  INFO 2543 --- [ool-1-thread-11] tourGuide.service.RewardsService         : nearAttraction called with Mojave National Preserve
2023-01-19T23:17:17.808+01:00  INFO 2543 --- [ool-1-thread-11] tourGuide.service.RewardsService         : getDistance called
2023-01-19T23:17:17.808+01:00  INFO 2543 --- [ool-1-thread-11] tourGuide.service.RewardsService         : nearAttraction called with Joshua Tree National Park
2023-01-19T23:17:17.808+01:00  INFO 2543 --- [ool-1-thread-11] tourGuide.service.RewardsService         : getDistance called
2023-01-19T23:17:17.808+01:00  INFO 2543 --- [ool-1-thread-11] tourGuide.service.RewardsService         : nearAttraction called with Buffalo National River
2023-01-19T23:17:17.808+01:00  INFO 2543 --- [ool-1-thread-11] tourGuide.service.RewardsService         : getDistance called
2023-01-19T23:17:17.808+01:00  INFO 2543 --- [ool-1-thread-11] tourGuide.service.RewardsService         : nearAttraction called with Hot Springs National Park
2023-01-19T23:17:17.808+01:00  INFO 2543 --- [ool-1-thread-11] tourGuide.service.RewardsService         : getDistance called
2023-01-19T23:17:17.808+01:00  INFO 2543 --- [ool-1-thread-11] tourGuide.service.RewardsService         : nearAttraction called with Kartchner Caverns State Park
2023-01-19T23:17:17.808+01:00  INFO 2543 --- [ool-1-thread-11] tourGuide.service.RewardsService         : getDistance called
2023-01-19T23:17:17.808+01:00  INFO 2543 --- [ool-1-thread-11] tourGuide.service.RewardsService         : nearAttraction called with Legend Valley
2023-01-19T23:17:17.808+01:00  INFO 2543 --- [ool-1-thread-11] tourGuide.service.RewardsService         : getDistance called
2023-01-19T23:17:17.808+01:00  INFO 2543 --- [ool-1-thread-11] tourGuide.service.RewardsService         : nearAttraction called with Flowers Bakery of London
2023-01-19T23:17:17.808+01:00  INFO 2543 --- [ool-1-thread-11] tourGuide.service.RewardsService         : getDistance called
2023-01-19T23:17:17.808+01:00  INFO 2543 --- [ool-1-thread-11] tourGuide.service.RewardsService         : nearAttraction called with McKinley Tower
2023-01-19T23:17:17.808+01:00  INFO 2543 --- [ool-1-thread-11] tourGuide.service.RewardsService         : getDistance called
2023-01-19T23:17:17.808+01:00  INFO 2543 --- [ool-1-thread-11] tourGuide.service.RewardsService         : nearAttraction called with Flatiron Building
2023-01-19T23:17:17.808+01:00  INFO 2543 --- [ool-1-thread-11] tourGuide.service.RewardsService         : getDistance called
2023-01-19T23:17:17.808+01:00  INFO 2543 --- [ool-1-thread-11] tourGuide.service.RewardsService         : nearAttraction called with Fallingwater
2023-01-19T23:17:17.808+01:00  INFO 2543 --- [ool-1-thread-11] tourGuide.service.RewardsService         : getDistance called
2023-01-19T23:17:17.808+01:00  INFO 2543 --- [ool-1-thread-11] tourGuide.service.RewardsService         : nearAttraction called with Union Station
2023-01-19T23:17:17.808+01:00  INFO 2543 --- [ool-1-thread-11] tourGuide.service.RewardsService         : getDistance called
2023-01-19T23:17:17.808+01:00  INFO 2543 --- [ool-1-thread-11] tourGuide.service.RewardsService         : nearAttraction called with Roger Dean Stadium
2023-01-19T23:17:17.808+01:00  INFO 2543 --- [ool-1-thread-11] tourGuide.service.RewardsService         : getDistance called
2023-01-19T23:17:17.808+01:00  INFO 2543 --- [ool-1-thread-11] tourGuide.service.RewardsService         : nearAttraction called with Texas Memorial Stadium
2023-01-19T23:17:17.808+01:00  INFO 2543 --- [ool-1-thread-11] tourGuide.service.RewardsService         : getDistance called
2023-01-19T23:17:17.808+01:00  INFO 2543 --- [ool-1-thread-11] tourGuide.service.RewardsService         : nearAttraction called with Bryant-Denny Stadium
2023-01-19T23:17:17.808+01:00  INFO 2543 --- [ool-1-thread-11] tourGuide.service.RewardsService         : getDistance called
2023-01-19T23:17:17.808+01:00  INFO 2543 --- [ool-1-thread-11] tourGuide.service.RewardsService         : nearAttraction called with Tiger Stadium
2023-01-19T23:17:17.808+01:00  INFO 2543 --- [ool-1-thread-11] tourGuide.service.RewardsService         : getDistance called
2023-01-19T23:17:17.808+01:00  INFO 2543 --- [ool-1-thread-11] tourGuide.service.RewardsService         : nearAttraction called with Neyland Stadium
2023-01-19T23:17:17.808+01:00  INFO 2543 --- [ool-1-thread-11] tourGuide.service.RewardsService         : getDistance called
2023-01-19T23:17:17.809+01:00  INFO 2543 --- [ool-1-thread-11] tourGuide.service.RewardsService         : nearAttraction called with Kyle Field
2023-01-19T23:17:17.809+01:00  INFO 2543 --- [ool-1-thread-11] tourGuide.service.RewardsService         : getDistance called
2023-01-19T23:17:17.809+01:00  INFO 2543 --- [ool-1-thread-11] tourGuide.service.RewardsService         : nearAttraction called with San Diego Zoo
2023-01-19T23:17:17.809+01:00  INFO 2543 --- [ool-1-thread-11] tourGuide.service.RewardsService         : getDistance called
2023-01-19T23:17:17.809+01:00  INFO 2543 --- [ool-1-thread-11] tourGuide.service.RewardsService         : nearAttraction called with Zoo Tampa at Lowry Park
2023-01-19T23:17:17.809+01:00  INFO 2543 --- [ool-1-thread-11] tourGuide.service.RewardsService         : getDistance called
2023-01-19T23:17:17.809+01:00  INFO 2543 --- [ool-1-thread-11] tourGuide.service.RewardsService         : nearAttraction called with Franklin Park Zoo
2023-01-19T23:17:17.809+01:00  INFO 2543 --- [ool-1-thread-11] tourGuide.service.RewardsService         : getDistance called
2023-01-19T23:17:17.809+01:00  INFO 2543 --- [ool-1-thread-11] tourGuide.service.RewardsService         : nearAttraction called with El Paso Zoo
2023-01-19T23:17:17.809+01:00  INFO 2543 --- [ool-1-thread-11] tourGuide.service.RewardsService         : getDistance called
2023-01-19T23:17:17.809+01:00  INFO 2543 --- [ool-1-thread-11] tourGuide.service.RewardsService         : nearAttraction called with Kansas City Zoo
2023-01-19T23:17:17.809+01:00  INFO 2543 --- [ool-1-thread-11] tourGuide.service.RewardsService         : getDistance called
2023-01-19T23:17:17.809+01:00  INFO 2543 --- [ool-1-thread-11] tourGuide.service.RewardsService         : nearAttraction called with Bronx Zoo
2023-01-19T23:17:17.809+01:00  INFO 2543 --- [ool-1-thread-11] tourGuide.service.RewardsService         : getDistance called
2023-01-19T23:17:17.809+01:00  INFO 2543 --- [ool-1-thread-11] tourGuide.service.RewardsService         : nearAttraction called with Cinderella Castle
2023-01-19T23:17:17.809+01:00  INFO 2543 --- [ool-1-thread-11] tourGuide.service.RewardsService         : getDistance called
2023-01-19T23:17:17.811+01:00  INFO 2543 --- [ool-1-thread-54] tourGuide.service.RewardsService         : nearAttraction called with Jackson Hole
2023-01-19T23:17:17.811+01:00  INFO 2543 --- [ool-1-thread-54] tourGuide.service.RewardsService         : getDistance called
2023-01-19T23:17:17.811+01:00  INFO 2543 --- [ool-1-thread-54] tourGuide.service.RewardsService         : nearAttraction called with Mojave National Preserve
2023-01-19T23:17:17.811+01:00  INFO 2543 --- [ool-1-thread-54] tourGuide.service.RewardsService         : getDistance called
2023-01-19T23:17:17.811+01:00  INFO 2543 --- [ool-1-thread-54] tourGuide.service.RewardsService         : nearAttraction called with Joshua Tree National Park
2023-01-19T23:17:17.811+01:00  INFO 2543 --- [ool-1-thread-54] tourGuide.service.RewardsService         : getDistance called
2023-01-19T23:17:17.811+01:00  INFO 2543 --- [ool-1-thread-54] tourGuide.service.RewardsService         : nearAttraction called with Buffalo National River
2023-01-19T23:17:17.811+01:00  INFO 2543 --- [ool-1-thread-54] tourGuide.service.RewardsService         : getDistance called
2023-01-19T23:17:17.811+01:00  INFO 2543 --- [ool-1-thread-54] tourGuide.service.RewardsService         : nearAttraction called with Hot Springs National Park
2023-01-19T23:17:17.811+01:00  INFO 2543 --- [ool-1-thread-54] tourGuide.service.RewardsService         : getDistance called
2023-01-19T23:17:17.811+01:00  INFO 2543 --- [ool-1-thread-54] tourGuide.service.RewardsService         : nearAttraction called with Kartchner Caverns State Park
2023-01-19T23:17:17.811+01:00  INFO 2543 --- [ool-1-thread-54] tourGuide.service.RewardsService         : getDistance called
2023-01-19T23:17:17.811+01:00  INFO 2543 --- [ool-1-thread-54] tourGuide.service.RewardsService         : nearAttraction called with Legend Valley
2023-01-19T23:17:17.811+01:00  INFO 2543 --- [ool-1-thread-54] tourGuide.service.RewardsService         : getDistance called
2023-01-19T23:17:17.811+01:00  INFO 2543 --- [ool-1-thread-54] tourGuide.service.RewardsService         : nearAttraction called with Flowers Bakery of London
2023-01-19T23:17:17.811+01:00  INFO 2543 --- [ool-1-thread-54] tourGuide.service.RewardsService         : getDistance called
2023-01-19T23:17:17.811+01:00  INFO 2543 --- [ool-1-thread-54] tourGuide.service.RewardsService         : nearAttraction called with McKinley Tower
2023-01-19T23:17:17.811+01:00  INFO 2543 --- [ool-1-thread-54] tourGuide.service.RewardsService         : getDistance called
2023-01-19T23:17:17.811+01:00  INFO 2543 --- [ool-1-thread-54] tourGuide.service.RewardsService         : nearAttraction called with Flatiron Building
2023-01-19T23:17:17.811+01:00  INFO 2543 --- [ool-1-thread-54] tourGuide.service.RewardsService         : getDistance called
2023-01-19T23:17:17.811+01:00  INFO 2543 --- [ool-1-thread-54] tourGuide.service.RewardsService         : nearAttraction called with Fallingwater
2023-01-19T23:17:17.811+01:00  INFO 2543 --- [ool-1-thread-54] tourGuide.service.RewardsService         : getDistance called
2023-01-19T23:17:17.811+01:00  INFO 2543 --- [ool-1-thread-54] tourGuide.service.RewardsService         : nearAttraction called with Union Station
2023-01-19T23:17:17.811+01:00  INFO 2543 --- [ool-1-thread-54] tourGuide.service.RewardsService         : getDistance called
2023-01-19T23:17:17.811+01:00  INFO 2543 --- [ool-1-thread-54] tourGuide.service.RewardsService         : nearAttraction called with Roger Dean Stadium
2023-01-19T23:17:17.811+01:00  INFO 2543 --- [ool-1-thread-54] tourGuide.service.RewardsService         : getDistance called
2023-01-19T23:17:17.811+01:00  INFO 2543 --- [ool-1-thread-54] tourGuide.service.RewardsService         : nearAttraction called with Texas Memorial Stadium
2023-01-19T23:17:17.811+01:00  INFO 2543 --- [ool-1-thread-54] tourGuide.service.RewardsService         : getDistance called
2023-01-19T23:17:17.811+01:00  INFO 2543 --- [ool-1-thread-54] tourGuide.service.RewardsService         : nearAttraction called with Bryant-Denny Stadium
2023-01-19T23:17:17.811+01:00  INFO 2543 --- [ool-1-thread-54] tourGuide.service.RewardsService         : getDistance called
2023-01-19T23:17:17.811+01:00  INFO 2543 --- [ool-1-thread-54] tourGuide.service.RewardsService         : nearAttraction called with Tiger Stadium
2023-01-19T23:17:17.811+01:00  INFO 2543 --- [ool-1-thread-54] tourGuide.service.RewardsService         : getDistance called
2023-01-19T23:17:17.811+01:00  INFO 2543 --- [ool-1-thread-54] tourGuide.service.RewardsService         : nearAttraction called with Neyland Stadium
2023-01-19T23:17:17.812+01:00  INFO 2543 --- [ool-1-thread-54] tourGuide.service.RewardsService         : getDistance called
2023-01-19T23:17:17.812+01:00  INFO 2543 --- [ool-1-thread-54] tourGuide.service.RewardsService         : nearAttraction called with Kyle Field
2023-01-19T23:17:17.812+01:00  INFO 2543 --- [ool-1-thread-54] tourGuide.service.RewardsService         : getDistance called
2023-01-19T23:17:17.812+01:00  INFO 2543 --- [ool-1-thread-54] tourGuide.service.RewardsService         : nearAttraction called with San Diego Zoo
2023-01-19T23:17:17.812+01:00  INFO 2543 --- [ool-1-thread-54] tourGuide.service.RewardsService         : getDistance called
2023-01-19T23:17:17.812+01:00  INFO 2543 --- [ool-1-thread-54] tourGuide.service.RewardsService         : nearAttraction called with Zoo Tampa at Lowry Park
2023-01-19T23:17:17.812+01:00  INFO 2543 --- [ool-1-thread-54] tourGuide.service.RewardsService         : getDistance called
2023-01-19T23:17:17.812+01:00  INFO 2543 --- [ool-1-thread-54] tourGuide.service.RewardsService         : nearAttraction called with Franklin Park Zoo
2023-01-19T23:17:17.812+01:00  INFO 2543 --- [ool-1-thread-54] tourGuide.service.RewardsService         : getDistance called
2023-01-19T23:17:17.812+01:00  INFO 2543 --- [ool-1-thread-54] tourGuide.service.RewardsService         : nearAttraction called with El Paso Zoo
2023-01-19T23:17:17.812+01:00  INFO 2543 --- [ool-1-thread-54] tourGuide.service.RewardsService         : getDistance called
2023-01-19T23:17:17.812+01:00  INFO 2543 --- [ool-1-thread-54] tourGuide.service.RewardsService         : nearAttraction called with Kansas City Zoo
2023-01-19T23:17:17.812+01:00  INFO 2543 --- [ool-1-thread-54] tourGuide.service.RewardsService         : getDistance called
2023-01-19T23:17:17.812+01:00  INFO 2543 --- [ool-1-thread-54] tourGuide.service.RewardsService         : nearAttraction called with Bronx Zoo
2023-01-19T23:17:17.812+01:00  INFO 2543 --- [ool-1-thread-54] tourGuide.service.RewardsService         : getDistance called
2023-01-19T23:17:17.812+01:00  INFO 2543 --- [ool-1-thread-54] tourGuide.service.RewardsService         : nearAttraction called with Cinderella Castle
2023-01-19T23:17:17.812+01:00  INFO 2543 --- [ool-1-thread-54] tourGuide.service.RewardsService         : getDistance called
2023-01-19T23:17:17.818+01:00  INFO 2543 --- [ool-1-thread-66] tourGuide.service.RewardsService         : nearAttraction called with Disneyland
2023-01-19T23:17:17.818+01:00  INFO 2543 --- [ool-1-thread-66] tourGuide.service.RewardsService         : getDistance called
2023-01-19T23:17:17.818+01:00  INFO 2543 --- [ool-1-thread-66] tourGuide.service.RewardsService         : getRewardPoints called with Disneyland and internalUser69
2023-01-19T23:17:17.821+01:00  INFO 2543 --- [ool-1-thread-11] tourGuide.service.RewardsService         : nearAttraction called with Disneyland
2023-01-19T23:17:17.822+01:00  INFO 2543 --- [ool-1-thread-11] tourGuide.service.RewardsService         : getDistance called
2023-01-19T23:17:17.822+01:00  INFO 2543 --- [ool-1-thread-11] tourGuide.service.RewardsService         : getRewardPoints called with Disneyland and internalUser68
2023-01-19T23:17:17.825+01:00  INFO 2543 --- [ool-1-thread-54] tourGuide.service.RewardsService         : nearAttraction called with Disneyland
2023-01-19T23:17:17.825+01:00  INFO 2543 --- [ool-1-thread-54] tourGuide.service.RewardsService         : getDistance called
2023-01-19T23:17:17.825+01:00  INFO 2543 --- [ool-1-thread-54] tourGuide.service.RewardsService         : getRewardPoints called with Disneyland and internalUser63
2023-01-19T23:17:17.829+01:00  INFO 2543 --- [ool-1-thread-67] tourGuide.service.RewardsService         : nearAttraction called with Jackson Hole
2023-01-19T23:17:17.829+01:00  INFO 2543 --- [ool-1-thread-67] tourGuide.service.RewardsService         : getDistance called
2023-01-19T23:17:17.829+01:00  INFO 2543 --- [ool-1-thread-67] tourGuide.service.RewardsService         : nearAttraction called with Mojave National Preserve
2023-01-19T23:17:17.829+01:00  INFO 2543 --- [ool-1-thread-67] tourGuide.service.RewardsService         : getDistance called
2023-01-19T23:17:17.829+01:00  INFO 2543 --- [ool-1-thread-67] tourGuide.service.RewardsService         : nearAttraction called with Joshua Tree National Park
2023-01-19T23:17:17.829+01:00  INFO 2543 --- [ool-1-thread-67] tourGuide.service.RewardsService         : getDistance called
2023-01-19T23:17:17.829+01:00  INFO 2543 --- [ool-1-thread-67] tourGuide.service.RewardsService         : nearAttraction called with Buffalo National River
2023-01-19T23:17:17.829+01:00  INFO 2543 --- [ool-1-thread-26] tourGuide.service.RewardsService         : nearAttraction called with Jackson Hole
2023-01-19T23:17:17.829+01:00  INFO 2543 --- [ool-1-thread-67] tourGuide.service.RewardsService         : getDistance called
2023-01-19T23:17:17.829+01:00  INFO 2543 --- [ool-1-thread-26] tourGuide.service.RewardsService         : getDistance called
2023-01-19T23:17:17.829+01:00  INFO 2543 --- [ool-1-thread-67] tourGuide.service.RewardsService         : nearAttraction called with Hot Springs National Park
2023-01-19T23:17:17.829+01:00  INFO 2543 --- [ool-1-thread-67] tourGuide.service.RewardsService         : getDistance called
2023-01-19T23:17:17.829+01:00  INFO 2543 --- [ool-1-thread-26] tourGuide.service.RewardsService         : nearAttraction called with Mojave National Preserve
2023-01-19T23:17:17.830+01:00  INFO 2543 --- [ool-1-thread-26] tourGuide.service.RewardsService         : getDistance called
2023-01-19T23:17:17.830+01:00  INFO 2543 --- [ool-1-thread-67] tourGuide.service.RewardsService         : nearAttraction called with Kartchner Caverns State Park
2023-01-19T23:17:17.830+01:00  INFO 2543 --- [ool-1-thread-26] tourGuide.service.RewardsService         : nearAttraction called with Joshua Tree National Park
2023-01-19T23:17:17.830+01:00  INFO 2543 --- [ool-1-thread-67] tourGuide.service.RewardsService         : getDistance called
2023-01-19T23:17:17.830+01:00  INFO 2543 --- [ool-1-thread-26] tourGuide.service.RewardsService         : getDistance called
2023-01-19T23:17:17.830+01:00  INFO 2543 --- [ool-1-thread-67] tourGuide.service.RewardsService         : nearAttraction called with Legend Valley
2023-01-19T23:17:17.830+01:00  INFO 2543 --- [ool-1-thread-26] tourGuide.service.RewardsService         : nearAttraction called with Buffalo National River
2023-01-19T23:17:17.830+01:00  INFO 2543 --- [ool-1-thread-67] tourGuide.service.RewardsService         : getDistance called
2023-01-19T23:17:17.830+01:00  INFO 2543 --- [ool-1-thread-26] tourGuide.service.RewardsService         : getDistance called
2023-01-19T23:17:17.830+01:00  INFO 2543 --- [ool-1-thread-67] tourGuide.service.RewardsService         : nearAttraction called with Flowers Bakery of London
2023-01-19T23:17:17.830+01:00  INFO 2543 --- [ool-1-thread-26] tourGuide.service.RewardsService         : nearAttraction called with Hot Springs National Park
2023-01-19T23:17:17.830+01:00  INFO 2543 --- [ool-1-thread-67] tourGuide.service.RewardsService         : getDistance called
2023-01-19T23:17:17.830+01:00  INFO 2543 --- [ool-1-thread-26] tourGuide.service.RewardsService         : getDistance called
2023-01-19T23:17:17.830+01:00  INFO 2543 --- [ool-1-thread-67] tourGuide.service.RewardsService         : nearAttraction called with McKinley Tower
2023-01-19T23:17:17.830+01:00  INFO 2543 --- [ool-1-thread-26] tourGuide.service.RewardsService         : nearAttraction called with Kartchner Caverns State Park
2023-01-19T23:17:17.830+01:00  INFO 2543 --- [ool-1-thread-67] tourGuide.service.RewardsService         : getDistance called
2023-01-19T23:17:17.830+01:00  INFO 2543 --- [ool-1-thread-26] tourGuide.service.RewardsService         : getDistance called
2023-01-19T23:17:17.830+01:00  INFO 2543 --- [ool-1-thread-67] tourGuide.service.RewardsService         : nearAttraction called with Flatiron Building
2023-01-19T23:17:17.830+01:00  INFO 2543 --- [ool-1-thread-26] tourGuide.service.RewardsService         : nearAttraction called with Legend Valley
2023-01-19T23:17:17.830+01:00  INFO 2543 --- [ool-1-thread-26] tourGuide.service.RewardsService         : getDistance called
2023-01-19T23:17:17.830+01:00  INFO 2543 --- [ool-1-thread-67] tourGuide.service.RewardsService         : getDistance called
2023-01-19T23:17:17.830+01:00  INFO 2543 --- [ool-1-thread-26] tourGuide.service.RewardsService         : nearAttraction called with Flowers Bakery of London
2023-01-19T23:17:17.830+01:00  INFO 2543 --- [ool-1-thread-67] tourGuide.service.RewardsService         : nearAttraction called with Fallingwater
2023-01-19T23:17:17.830+01:00  INFO 2543 --- [ool-1-thread-26] tourGuide.service.RewardsService         : getDistance called
2023-01-19T23:17:17.830+01:00  INFO 2543 --- [ool-1-thread-67] tourGuide.service.RewardsService         : getDistance called
2023-01-19T23:17:17.830+01:00  INFO 2543 --- [ool-1-thread-26] tourGuide.service.RewardsService         : nearAttraction called with McKinley Tower
2023-01-19T23:17:17.830+01:00  INFO 2543 --- [ool-1-thread-67] tourGuide.service.RewardsService         : nearAttraction called with Union Station
2023-01-19T23:17:17.830+01:00  INFO 2543 --- [ool-1-thread-26] tourGuide.service.RewardsService         : getDistance called
2023-01-19T23:17:17.830+01:00  INFO 2543 --- [ool-1-thread-67] tourGuide.service.RewardsService         : getDistance called
2023-01-19T23:17:17.830+01:00  INFO 2543 --- [ool-1-thread-67] tourGuide.service.RewardsService         : nearAttraction called with Roger Dean Stadium
2023-01-19T23:17:17.830+01:00  INFO 2543 --- [ool-1-thread-67] tourGuide.service.RewardsService         : getDistance called
2023-01-19T23:17:17.830+01:00  INFO 2543 --- [ool-1-thread-26] tourGuide.service.RewardsService         : nearAttraction called with Flatiron Building
2023-01-19T23:17:17.830+01:00  INFO 2543 --- [ool-1-thread-67] tourGuide.service.RewardsService         : nearAttraction called with Texas Memorial Stadium
2023-01-19T23:17:17.830+01:00  INFO 2543 --- [ool-1-thread-26] tourGuide.service.RewardsService         : getDistance called
2023-01-19T23:17:17.830+01:00  INFO 2543 --- [ool-1-thread-67] tourGuide.service.RewardsService         : getDistance called
2023-01-19T23:17:17.831+01:00  INFO 2543 --- [ool-1-thread-26] tourGuide.service.RewardsService         : nearAttraction called with Fallingwater
2023-01-19T23:17:17.831+01:00  INFO 2543 --- [ool-1-thread-67] tourGuide.service.RewardsService         : nearAttraction called with Bryant-Denny Stadium
2023-01-19T23:17:17.831+01:00  INFO 2543 --- [ool-1-thread-26] tourGuide.service.RewardsService         : getDistance called
2023-01-19T23:17:17.831+01:00  INFO 2543 --- [ool-1-thread-67] tourGuide.service.RewardsService         : getDistance called
2023-01-19T23:17:17.831+01:00  INFO 2543 --- [ool-1-thread-26] tourGuide.service.RewardsService         : nearAttraction called with Union Station
2023-01-19T23:17:17.831+01:00  INFO 2543 --- [ool-1-thread-67] tourGuide.service.RewardsService         : nearAttraction called with Tiger Stadium
2023-01-19T23:17:17.831+01:00  INFO 2543 --- [ool-1-thread-26] tourGuide.service.RewardsService         : getDistance called
2023-01-19T23:17:17.831+01:00  INFO 2543 --- [ool-1-thread-67] tourGuide.service.RewardsService         : getDistance called
2023-01-19T23:17:17.831+01:00  INFO 2543 --- [ool-1-thread-26] tourGuide.service.RewardsService         : nearAttraction called with Roger Dean Stadium
2023-01-19T23:17:17.831+01:00  INFO 2543 --- [ool-1-thread-67] tourGuide.service.RewardsService         : nearAttraction called with Neyland Stadium
2023-01-19T23:17:17.831+01:00  INFO 2543 --- [ool-1-thread-26] tourGuide.service.RewardsService         : getDistance called
2023-01-19T23:17:17.831+01:00  INFO 2543 --- [ool-1-thread-67] tourGuide.service.RewardsService         : getDistance called
2023-01-19T23:17:17.831+01:00  INFO 2543 --- [ool-1-thread-26] tourGuide.service.RewardsService         : nearAttraction called with Texas Memorial Stadium
2023-01-19T23:17:17.831+01:00  INFO 2543 --- [ool-1-thread-67] tourGuide.service.RewardsService         : nearAttraction called with Kyle Field
2023-01-19T23:17:17.831+01:00  INFO 2543 --- [ool-1-thread-26] tourGuide.service.RewardsService         : getDistance called
2023-01-19T23:17:17.831+01:00  INFO 2543 --- [ool-1-thread-67] tourGuide.service.RewardsService         : getDistance called
2023-01-19T23:17:17.831+01:00  INFO 2543 --- [ool-1-thread-26] tourGuide.service.RewardsService         : nearAttraction called with Bryant-Denny Stadium
2023-01-19T23:17:17.831+01:00  INFO 2543 --- [ool-1-thread-67] tourGuide.service.RewardsService         : nearAttraction called with San Diego Zoo
2023-01-19T23:17:17.831+01:00  INFO 2543 --- [ool-1-thread-26] tourGuide.service.RewardsService         : getDistance called
2023-01-19T23:17:17.831+01:00  INFO 2543 --- [ool-1-thread-67] tourGuide.service.RewardsService         : getDistance called
2023-01-19T23:17:17.831+01:00  INFO 2543 --- [ool-1-thread-26] tourGuide.service.RewardsService         : nearAttraction called with Tiger Stadium
2023-01-19T23:17:17.831+01:00  INFO 2543 --- [ool-1-thread-26] tourGuide.service.RewardsService         : getDistance called
2023-01-19T23:17:17.831+01:00  INFO 2543 --- [ool-1-thread-67] tourGuide.service.RewardsService         : nearAttraction called with Zoo Tampa at Lowry Park
2023-01-19T23:17:17.831+01:00  INFO 2543 --- [ool-1-thread-67] tourGuide.service.RewardsService         : getDistance called
2023-01-19T23:17:17.831+01:00  INFO 2543 --- [ool-1-thread-26] tourGuide.service.RewardsService         : nearAttraction called with Neyland Stadium
2023-01-19T23:17:17.831+01:00  INFO 2543 --- [ool-1-thread-26] tourGuide.service.RewardsService         : getDistance called
2023-01-19T23:17:17.831+01:00  INFO 2543 --- [ool-1-thread-26] tourGuide.service.RewardsService         : nearAttraction called with Kyle Field
2023-01-19T23:17:17.831+01:00  INFO 2543 --- [ool-1-thread-26] tourGuide.service.RewardsService         : getDistance called
2023-01-19T23:17:17.831+01:00  INFO 2543 --- [ool-1-thread-67] tourGuide.service.RewardsService         : nearAttraction called with Franklin Park Zoo
2023-01-19T23:17:17.831+01:00  INFO 2543 --- [ool-1-thread-26] tourGuide.service.RewardsService         : nearAttraction called with San Diego Zoo
2023-01-19T23:17:17.831+01:00  INFO 2543 --- [ool-1-thread-67] tourGuide.service.RewardsService         : getDistance called
2023-01-19T23:17:17.831+01:00  INFO 2543 --- [ool-1-thread-26] tourGuide.service.RewardsService         : getDistance called
2023-01-19T23:17:17.831+01:00  INFO 2543 --- [ool-1-thread-67] tourGuide.service.RewardsService         : nearAttraction called with El Paso Zoo
2023-01-19T23:17:17.831+01:00  INFO 2543 --- [ool-1-thread-26] tourGuide.service.RewardsService         : nearAttraction called with Zoo Tampa at Lowry Park
2023-01-19T23:17:17.832+01:00  INFO 2543 --- [ool-1-thread-26] tourGuide.service.RewardsService         : getDistance called
2023-01-19T23:17:17.832+01:00  INFO 2543 --- [ool-1-thread-67] tourGuide.service.RewardsService         : getDistance called
2023-01-19T23:17:17.832+01:00  INFO 2543 --- [ool-1-thread-26] tourGuide.service.RewardsService         : nearAttraction called with Franklin Park Zoo
2023-01-19T23:17:17.832+01:00  INFO 2543 --- [ool-1-thread-67] tourGuide.service.RewardsService         : nearAttraction called with Kansas City Zoo
2023-01-19T23:17:17.832+01:00  INFO 2543 --- [ool-1-thread-26] tourGuide.service.RewardsService         : getDistance called
2023-01-19T23:17:17.832+01:00  INFO 2543 --- [ool-1-thread-67] tourGuide.service.RewardsService         : getDistance called
2023-01-19T23:17:17.832+01:00  INFO 2543 --- [ool-1-thread-26] tourGuide.service.RewardsService         : nearAttraction called with El Paso Zoo
2023-01-19T23:17:17.832+01:00  INFO 2543 --- [ool-1-thread-26] tourGuide.service.RewardsService         : getDistance called
2023-01-19T23:17:17.832+01:00  INFO 2543 --- [ool-1-thread-67] tourGuide.service.RewardsService         : nearAttraction called with Bronx Zoo
2023-01-19T23:17:17.832+01:00  INFO 2543 --- [ool-1-thread-26] tourGuide.service.RewardsService         : nearAttraction called with Kansas City Zoo
2023-01-19T23:17:17.832+01:00  INFO 2543 --- [ool-1-thread-26] tourGuide.service.RewardsService         : getDistance called
2023-01-19T23:17:17.832+01:00  INFO 2543 --- [ool-1-thread-67] tourGuide.service.RewardsService         : getDistance called
2023-01-19T23:17:17.832+01:00  INFO 2543 --- [ool-1-thread-26] tourGuide.service.RewardsService         : nearAttraction called with Bronx Zoo
2023-01-19T23:17:17.832+01:00  INFO 2543 --- [ool-1-thread-67] tourGuide.service.RewardsService         : nearAttraction called with Cinderella Castle
2023-01-19T23:17:17.832+01:00  INFO 2543 --- [ool-1-thread-26] tourGuide.service.RewardsService         : getDistance called
2023-01-19T23:17:17.832+01:00  INFO 2543 --- [ool-1-thread-67] tourGuide.service.RewardsService         : getDistance called
2023-01-19T23:17:17.832+01:00  INFO 2543 --- [ool-1-thread-26] tourGuide.service.RewardsService         : nearAttraction called with Cinderella Castle
2023-01-19T23:17:17.832+01:00  INFO 2543 --- [ool-1-thread-26] tourGuide.service.RewardsService         : getDistance called
2023-01-19T23:17:17.835+01:00  INFO 2543 --- [ool-1-thread-32] tourGuide.service.RewardsService         : nearAttraction called with Jackson Hole
2023-01-19T23:17:17.835+01:00  INFO 2543 --- [ool-1-thread-32] tourGuide.service.RewardsService         : getDistance called
2023-01-19T23:17:17.835+01:00  INFO 2543 --- [ool-1-thread-32] tourGuide.service.RewardsService         : nearAttraction called with Mojave National Preserve
2023-01-19T23:17:17.835+01:00  INFO 2543 --- [ool-1-thread-32] tourGuide.service.RewardsService         : getDistance called
2023-01-19T23:17:17.835+01:00  INFO 2543 --- [ool-1-thread-32] tourGuide.service.RewardsService         : nearAttraction called with Joshua Tree National Park
2023-01-19T23:17:17.835+01:00  INFO 2543 --- [ool-1-thread-32] tourGuide.service.RewardsService         : getDistance called
2023-01-19T23:17:17.835+01:00  INFO 2543 --- [ool-1-thread-32] tourGuide.service.RewardsService         : nearAttraction called with Buffalo National River
2023-01-19T23:17:17.835+01:00  INFO 2543 --- [ool-1-thread-32] tourGuide.service.RewardsService         : getDistance called
2023-01-19T23:17:17.835+01:00  INFO 2543 --- [ool-1-thread-32] tourGuide.service.RewardsService         : nearAttraction called with Hot Springs National Park
2023-01-19T23:17:17.835+01:00  INFO 2543 --- [ool-1-thread-32] tourGuide.service.RewardsService         : getDistance called
2023-01-19T23:17:17.835+01:00  INFO 2543 --- [ool-1-thread-32] tourGuide.service.RewardsService         : nearAttraction called with Kartchner Caverns State Park
2023-01-19T23:17:17.835+01:00  INFO 2543 --- [ool-1-thread-32] tourGuide.service.RewardsService         : getDistance called
2023-01-19T23:17:17.835+01:00  INFO 2543 --- [ool-1-thread-32] tourGuide.service.RewardsService         : nearAttraction called with Legend Valley
2023-01-19T23:17:17.835+01:00  INFO 2543 --- [ool-1-thread-32] tourGuide.service.RewardsService         : getDistance called
2023-01-19T23:17:17.835+01:00  INFO 2543 --- [ool-1-thread-32] tourGuide.service.RewardsService         : nearAttraction called with Flowers Bakery of London
2023-01-19T23:17:17.835+01:00  INFO 2543 --- [ool-1-thread-32] tourGuide.service.RewardsService         : getDistance called
2023-01-19T23:17:17.835+01:00  INFO 2543 --- [ool-1-thread-32] tourGuide.service.RewardsService         : nearAttraction called with McKinley Tower
2023-01-19T23:17:17.835+01:00  INFO 2543 --- [ool-1-thread-32] tourGuide.service.RewardsService         : getDistance called
2023-01-19T23:17:17.835+01:00  INFO 2543 --- [ool-1-thread-32] tourGuide.service.RewardsService         : nearAttraction called with Flatiron Building
2023-01-19T23:17:17.835+01:00  INFO 2543 --- [ool-1-thread-32] tourGuide.service.RewardsService         : getDistance called
2023-01-19T23:17:17.835+01:00  INFO 2543 --- [ool-1-thread-32] tourGuide.service.RewardsService         : nearAttraction called with Fallingwater
2023-01-19T23:17:17.835+01:00  INFO 2543 --- [ool-1-thread-32] tourGuide.service.RewardsService         : getDistance called
2023-01-19T23:17:17.835+01:00  INFO 2543 --- [ool-1-thread-32] tourGuide.service.RewardsService         : nearAttraction called with Union Station
2023-01-19T23:17:17.835+01:00  INFO 2543 --- [ool-1-thread-32] tourGuide.service.RewardsService         : getDistance called
2023-01-19T23:17:17.835+01:00  INFO 2543 --- [ool-1-thread-32] tourGuide.service.RewardsService         : nearAttraction called with Roger Dean Stadium
2023-01-19T23:17:17.835+01:00  INFO 2543 --- [ool-1-thread-32] tourGuide.service.RewardsService         : getDistance called
2023-01-19T23:17:17.835+01:00  INFO 2543 --- [ool-1-thread-32] tourGuide.service.RewardsService         : nearAttraction called with Texas Memorial Stadium
2023-01-19T23:17:17.835+01:00  INFO 2543 --- [ool-1-thread-32] tourGuide.service.RewardsService         : getDistance called
2023-01-19T23:17:17.835+01:00  INFO 2543 --- [ool-1-thread-32] tourGuide.service.RewardsService         : nearAttraction called with Bryant-Denny Stadium
2023-01-19T23:17:17.836+01:00  INFO 2543 --- [ool-1-thread-32] tourGuide.service.RewardsService         : getDistance called
2023-01-19T23:17:17.836+01:00  INFO 2543 --- [ool-1-thread-32] tourGuide.service.RewardsService         : nearAttraction called with Tiger Stadium
2023-01-19T23:17:17.836+01:00  INFO 2543 --- [ool-1-thread-32] tourGuide.service.RewardsService         : getDistance called
2023-01-19T23:17:17.836+01:00  INFO 2543 --- [ool-1-thread-32] tourGuide.service.RewardsService         : nearAttraction called with Neyland Stadium
2023-01-19T23:17:17.836+01:00  INFO 2543 --- [ool-1-thread-32] tourGuide.service.RewardsService         : getDistance called
2023-01-19T23:17:17.836+01:00  INFO 2543 --- [ool-1-thread-32] tourGuide.service.RewardsService         : nearAttraction called with Kyle Field
2023-01-19T23:17:17.836+01:00  INFO 2543 --- [ool-1-thread-32] tourGuide.service.RewardsService         : getDistance called
2023-01-19T23:17:17.836+01:00  INFO 2543 --- [ool-1-thread-32] tourGuide.service.RewardsService         : nearAttraction called with San Diego Zoo
2023-01-19T23:17:17.836+01:00  INFO 2543 --- [ool-1-thread-32] tourGuide.service.RewardsService         : getDistance called
2023-01-19T23:17:17.836+01:00  INFO 2543 --- [ool-1-thread-32] tourGuide.service.RewardsService         : nearAttraction called with Zoo Tampa at Lowry Park
2023-01-19T23:17:17.836+01:00  INFO 2543 --- [ool-1-thread-32] tourGuide.service.RewardsService         : getDistance called
2023-01-19T23:17:17.836+01:00  INFO 2543 --- [ool-1-thread-32] tourGuide.service.RewardsService         : nearAttraction called with Franklin Park Zoo
2023-01-19T23:17:17.836+01:00  INFO 2543 --- [ool-1-thread-32] tourGuide.service.RewardsService         : getDistance called
2023-01-19T23:17:17.836+01:00  INFO 2543 --- [ool-1-thread-32] tourGuide.service.RewardsService         : nearAttraction called with El Paso Zoo
2023-01-19T23:17:17.836+01:00  INFO 2543 --- [ool-1-thread-32] tourGuide.service.RewardsService         : getDistance called
2023-01-19T23:17:17.836+01:00  INFO 2543 --- [ool-1-thread-32] tourGuide.service.RewardsService         : nearAttraction called with Kansas City Zoo
2023-01-19T23:17:17.836+01:00  INFO 2543 --- [ool-1-thread-32] tourGuide.service.RewardsService         : getDistance called
2023-01-19T23:17:17.836+01:00  INFO 2543 --- [ool-1-thread-32] tourGuide.service.RewardsService         : nearAttraction called with Bronx Zoo
2023-01-19T23:17:17.836+01:00  INFO 2543 --- [ool-1-thread-32] tourGuide.service.RewardsService         : getDistance called
2023-01-19T23:17:17.836+01:00  INFO 2543 --- [ool-1-thread-32] tourGuide.service.RewardsService         : nearAttraction called with Cinderella Castle
2023-01-19T23:17:17.837+01:00  INFO 2543 --- [ool-1-thread-32] tourGuide.service.RewardsService         : getDistance called
2023-01-19T23:17:17.842+01:00  INFO 2543 --- [ool-1-thread-70] tourGuide.service.RewardsService         : nearAttraction called with Jackson Hole
2023-01-19T23:17:17.842+01:00  INFO 2543 --- [ool-1-thread-70] tourGuide.service.RewardsService         : getDistance called
2023-01-19T23:17:17.842+01:00  INFO 2543 --- [ool-1-thread-70] tourGuide.service.RewardsService         : nearAttraction called with Mojave National Preserve
2023-01-19T23:17:17.842+01:00  INFO 2543 --- [ool-1-thread-70] tourGuide.service.RewardsService         : getDistance called
2023-01-19T23:17:17.842+01:00  INFO 2543 --- [ool-1-thread-70] tourGuide.service.RewardsService         : nearAttraction called with Joshua Tree National Park
2023-01-19T23:17:17.842+01:00  INFO 2543 --- [ool-1-thread-70] tourGuide.service.RewardsService         : getDistance called
2023-01-19T23:17:17.842+01:00  INFO 2543 --- [ool-1-thread-70] tourGuide.service.RewardsService         : nearAttraction called with Buffalo National River
2023-01-19T23:17:17.842+01:00  INFO 2543 --- [ool-1-thread-70] tourGuide.service.RewardsService         : getDistance called
2023-01-19T23:17:17.842+01:00  INFO 2543 --- [ool-1-thread-70] tourGuide.service.RewardsService         : nearAttraction called with Hot Springs National Park
2023-01-19T23:17:17.842+01:00  INFO 2543 --- [ool-1-thread-70] tourGuide.service.RewardsService         : getDistance called
2023-01-19T23:17:17.842+01:00  INFO 2543 --- [ool-1-thread-70] tourGuide.service.RewardsService         : nearAttraction called with Kartchner Caverns State Park
2023-01-19T23:17:17.842+01:00  INFO 2543 --- [ool-1-thread-70] tourGuide.service.RewardsService         : getDistance called
2023-01-19T23:17:17.842+01:00  INFO 2543 --- [ool-1-thread-70] tourGuide.service.RewardsService         : nearAttraction called with Legend Valley
2023-01-19T23:17:17.842+01:00  INFO 2543 --- [ool-1-thread-70] tourGuide.service.RewardsService         : getDistance called
2023-01-19T23:17:17.842+01:00  INFO 2543 --- [ool-1-thread-70] tourGuide.service.RewardsService         : nearAttraction called with Flowers Bakery of London
2023-01-19T23:17:17.842+01:00  INFO 2543 --- [ool-1-thread-70] tourGuide.service.RewardsService         : getDistance called
2023-01-19T23:17:17.842+01:00  INFO 2543 --- [ool-1-thread-70] tourGuide.service.RewardsService         : nearAttraction called with McKinley Tower
2023-01-19T23:17:17.842+01:00  INFO 2543 --- [ool-1-thread-70] tourGuide.service.RewardsService         : getDistance called
2023-01-19T23:17:17.842+01:00  INFO 2543 --- [ool-1-thread-70] tourGuide.service.RewardsService         : nearAttraction called with Flatiron Building
2023-01-19T23:17:17.842+01:00  INFO 2543 --- [ool-1-thread-28] tourGuide.service.RewardsService         : nearAttraction called with Jackson Hole
2023-01-19T23:17:17.842+01:00  INFO 2543 --- [ool-1-thread-70] tourGuide.service.RewardsService         : getDistance called
2023-01-19T23:17:17.842+01:00  INFO 2543 --- [ool-1-thread-28] tourGuide.service.RewardsService         : getDistance called
2023-01-19T23:17:17.842+01:00  INFO 2543 --- [ool-1-thread-26] tourGuide.service.RewardsService         : nearAttraction called with Disneyland
2023-01-19T23:17:17.842+01:00  INFO 2543 --- [ool-1-thread-70] tourGuide.service.RewardsService         : nearAttraction called with Fallingwater
2023-01-19T23:17:17.842+01:00  INFO 2543 --- [ool-1-thread-67] tourGuide.service.RewardsService         : nearAttraction called with Disneyland
2023-01-19T23:17:17.842+01:00  INFO 2543 --- [ool-1-thread-28] tourGuide.service.RewardsService         : nearAttraction called with Mojave National Preserve
2023-01-19T23:17:17.842+01:00  INFO 2543 --- [ool-1-thread-26] tourGuide.service.RewardsService         : getDistance called
2023-01-19T23:17:17.842+01:00  INFO 2543 --- [ool-1-thread-70] tourGuide.service.RewardsService         : getDistance called
2023-01-19T23:17:17.842+01:00  INFO 2543 --- [ool-1-thread-67] tourGuide.service.RewardsService         : getDistance called
2023-01-19T23:17:17.842+01:00  INFO 2543 --- [ool-1-thread-70] tourGuide.service.RewardsService         : nearAttraction called with Union Station
2023-01-19T23:17:17.842+01:00  INFO 2543 --- [ool-1-thread-28] tourGuide.service.RewardsService         : getDistance called
2023-01-19T23:17:17.842+01:00  INFO 2543 --- [ool-1-thread-28] tourGuide.service.RewardsService         : nearAttraction called with Joshua Tree National Park
2023-01-19T23:17:17.842+01:00  INFO 2543 --- [ool-1-thread-26] tourGuide.service.RewardsService         : getRewardPoints called with Disneyland and internalUser65
2023-01-19T23:17:17.842+01:00  INFO 2543 --- [ool-1-thread-70] tourGuide.service.RewardsService         : getDistance called
2023-01-19T23:17:17.843+01:00  INFO 2543 --- [ool-1-thread-28] tourGuide.service.RewardsService         : getDistance called
2023-01-19T23:17:17.842+01:00  INFO 2543 --- [ool-1-thread-67] tourGuide.service.RewardsService         : getRewardPoints called with Disneyland and internalUser62
2023-01-19T23:17:17.843+01:00  INFO 2543 --- [ool-1-thread-28] tourGuide.service.RewardsService         : nearAttraction called with Buffalo National River
2023-01-19T23:17:17.843+01:00  INFO 2543 --- [ool-1-thread-70] tourGuide.service.RewardsService         : nearAttraction called with Roger Dean Stadium
2023-01-19T23:17:17.843+01:00  INFO 2543 --- [ool-1-thread-28] tourGuide.service.RewardsService         : getDistance called
2023-01-19T23:17:17.843+01:00  INFO 2543 --- [ool-1-thread-70] tourGuide.service.RewardsService         : getDistance called
2023-01-19T23:17:17.843+01:00  INFO 2543 --- [ool-1-thread-28] tourGuide.service.RewardsService         : nearAttraction called with Hot Springs National Park
2023-01-19T23:17:17.843+01:00  INFO 2543 --- [ool-1-thread-70] tourGuide.service.RewardsService         : nearAttraction called with Texas Memorial Stadium
2023-01-19T23:17:17.843+01:00  INFO 2543 --- [ool-1-thread-28] tourGuide.service.RewardsService         : getDistance called
2023-01-19T23:17:17.843+01:00  INFO 2543 --- [ool-1-thread-70] tourGuide.service.RewardsService         : getDistance called
2023-01-19T23:17:17.843+01:00  INFO 2543 --- [ool-1-thread-28] tourGuide.service.RewardsService         : nearAttraction called with Kartchner Caverns State Park
2023-01-19T23:17:17.843+01:00  INFO 2543 --- [ool-1-thread-70] tourGuide.service.RewardsService         : nearAttraction called with Bryant-Denny Stadium
2023-01-19T23:17:17.843+01:00  INFO 2543 --- [ool-1-thread-28] tourGuide.service.RewardsService         : getDistance called
2023-01-19T23:17:17.843+01:00  INFO 2543 --- [ool-1-thread-70] tourGuide.service.RewardsService         : getDistance called
2023-01-19T23:17:17.843+01:00  INFO 2543 --- [ool-1-thread-28] tourGuide.service.RewardsService         : nearAttraction called with Legend Valley
2023-01-19T23:17:17.843+01:00  INFO 2543 --- [ool-1-thread-70] tourGuide.service.RewardsService         : nearAttraction called with Tiger Stadium
2023-01-19T23:17:17.843+01:00  INFO 2543 --- [ool-1-thread-28] tourGuide.service.RewardsService         : getDistance called
2023-01-19T23:17:17.843+01:00  INFO 2543 --- [ool-1-thread-70] tourGuide.service.RewardsService         : getDistance called
2023-01-19T23:17:17.843+01:00  INFO 2543 --- [ool-1-thread-28] tourGuide.service.RewardsService         : nearAttraction called with Flowers Bakery of London
2023-01-19T23:17:17.843+01:00  INFO 2543 --- [ool-1-thread-28] tourGuide.service.RewardsService         : getDistance called
2023-01-19T23:17:17.843+01:00  INFO 2543 --- [ool-1-thread-70] tourGuide.service.RewardsService         : nearAttraction called with Neyland Stadium
2023-01-19T23:17:17.843+01:00  INFO 2543 --- [ool-1-thread-28] tourGuide.service.RewardsService         : nearAttraction called with McKinley Tower
2023-01-19T23:17:17.843+01:00  INFO 2543 --- [ool-1-thread-70] tourGuide.service.RewardsService         : getDistance called
2023-01-19T23:17:17.843+01:00  INFO 2543 --- [ool-1-thread-28] tourGuide.service.RewardsService         : getDistance called
2023-01-19T23:17:17.843+01:00  INFO 2543 --- [ool-1-thread-70] tourGuide.service.RewardsService         : nearAttraction called with Kyle Field
2023-01-19T23:17:17.843+01:00  INFO 2543 --- [ool-1-thread-28] tourGuide.service.RewardsService         : nearAttraction called with Flatiron Building
2023-01-19T23:17:17.843+01:00  INFO 2543 --- [ool-1-thread-70] tourGuide.service.RewardsService         : getDistance called
2023-01-19T23:17:17.843+01:00  INFO 2543 --- [ool-1-thread-28] tourGuide.service.RewardsService         : getDistance called
2023-01-19T23:17:17.843+01:00  INFO 2543 --- [ool-1-thread-28] tourGuide.service.RewardsService         : nearAttraction called with Fallingwater
2023-01-19T23:17:17.843+01:00  INFO 2543 --- [ool-1-thread-70] tourGuide.service.RewardsService         : nearAttraction called with San Diego Zoo
2023-01-19T23:17:17.843+01:00  INFO 2543 --- [ool-1-thread-28] tourGuide.service.RewardsService         : getDistance called
2023-01-19T23:17:17.843+01:00  INFO 2543 --- [ool-1-thread-70] tourGuide.service.RewardsService         : getDistance called
2023-01-19T23:17:17.843+01:00  INFO 2543 --- [ool-1-thread-28] tourGuide.service.RewardsService         : nearAttraction called with Union Station
2023-01-19T23:17:17.843+01:00  INFO 2543 --- [ool-1-thread-70] tourGuide.service.RewardsService         : nearAttraction called with Zoo Tampa at Lowry Park
2023-01-19T23:17:17.843+01:00  INFO 2543 --- [ool-1-thread-70] tourGuide.service.RewardsService         : getDistance called
2023-01-19T23:17:17.843+01:00  INFO 2543 --- [ool-1-thread-28] tourGuide.service.RewardsService         : getDistance called
2023-01-19T23:17:17.843+01:00  INFO 2543 --- [ool-1-thread-70] tourGuide.service.RewardsService         : nearAttraction called with Franklin Park Zoo
2023-01-19T23:17:17.843+01:00  INFO 2543 --- [ool-1-thread-70] tourGuide.service.RewardsService         : getDistance called
2023-01-19T23:17:17.843+01:00  INFO 2543 --- [ool-1-thread-28] tourGuide.service.RewardsService         : nearAttraction called with Roger Dean Stadium
2023-01-19T23:17:17.843+01:00  INFO 2543 --- [ool-1-thread-70] tourGuide.service.RewardsService         : nearAttraction called with El Paso Zoo
2023-01-19T23:17:17.843+01:00  INFO 2543 --- [ool-1-thread-28] tourGuide.service.RewardsService         : getDistance called
2023-01-19T23:17:17.843+01:00  INFO 2543 --- [ool-1-thread-70] tourGuide.service.RewardsService         : getDistance called
2023-01-19T23:17:17.843+01:00  INFO 2543 --- [ool-1-thread-28] tourGuide.service.RewardsService         : nearAttraction called with Texas Memorial Stadium
2023-01-19T23:17:17.843+01:00  INFO 2543 --- [ool-1-thread-70] tourGuide.service.RewardsService         : nearAttraction called with Kansas City Zoo
2023-01-19T23:17:17.843+01:00  INFO 2543 --- [ool-1-thread-28] tourGuide.service.RewardsService         : getDistance called
2023-01-19T23:17:17.843+01:00  INFO 2543 --- [ool-1-thread-70] tourGuide.service.RewardsService         : getDistance called
2023-01-19T23:17:17.843+01:00  INFO 2543 --- [ool-1-thread-28] tourGuide.service.RewardsService         : nearAttraction called with Bryant-Denny Stadium
2023-01-19T23:17:17.844+01:00  INFO 2543 --- [ool-1-thread-28] tourGuide.service.RewardsService         : getDistance called
2023-01-19T23:17:17.844+01:00  INFO 2543 --- [ool-1-thread-70] tourGuide.service.RewardsService         : nearAttraction called with Bronx Zoo
2023-01-19T23:17:17.844+01:00  INFO 2543 --- [ool-1-thread-28] tourGuide.service.RewardsService         : nearAttraction called with Tiger Stadium
2023-01-19T23:17:17.844+01:00  INFO 2543 --- [ool-1-thread-70] tourGuide.service.RewardsService         : getDistance called
2023-01-19T23:17:17.844+01:00  INFO 2543 --- [ool-1-thread-28] tourGuide.service.RewardsService         : getDistance called
2023-01-19T23:17:17.844+01:00  INFO 2543 --- [ool-1-thread-70] tourGuide.service.RewardsService         : nearAttraction called with Cinderella Castle
2023-01-19T23:17:17.844+01:00  INFO 2543 --- [ool-1-thread-28] tourGuide.service.RewardsService         : nearAttraction called with Neyland Stadium
2023-01-19T23:17:17.844+01:00  INFO 2543 --- [ool-1-thread-70] tourGuide.service.RewardsService         : getDistance called
2023-01-19T23:17:17.844+01:00  INFO 2543 --- [ool-1-thread-28] tourGuide.service.RewardsService         : getDistance called
2023-01-19T23:17:17.844+01:00  INFO 2543 --- [ool-1-thread-28] tourGuide.service.RewardsService         : nearAttraction called with Kyle Field
2023-01-19T23:17:17.844+01:00  INFO 2543 --- [ool-1-thread-28] tourGuide.service.RewardsService         : getDistance called
2023-01-19T23:17:17.844+01:00  INFO 2543 --- [ool-1-thread-28] tourGuide.service.RewardsService         : nearAttraction called with San Diego Zoo
2023-01-19T23:17:17.844+01:00  INFO 2543 --- [ool-1-thread-28] tourGuide.service.RewardsService         : getDistance called
2023-01-19T23:17:17.844+01:00  INFO 2543 --- [ool-1-thread-28] tourGuide.service.RewardsService         : nearAttraction called with Zoo Tampa at Lowry Park
2023-01-19T23:17:17.844+01:00  INFO 2543 --- [ool-1-thread-28] tourGuide.service.RewardsService         : getDistance called
2023-01-19T23:17:17.844+01:00  INFO 2543 --- [ool-1-thread-28] tourGuide.service.RewardsService         : nearAttraction called with Franklin Park Zoo
2023-01-19T23:17:17.844+01:00  INFO 2543 --- [ool-1-thread-28] tourGuide.service.RewardsService         : getDistance called
2023-01-19T23:17:17.844+01:00  INFO 2543 --- [ool-1-thread-28] tourGuide.service.RewardsService         : nearAttraction called with El Paso Zoo
2023-01-19T23:17:17.844+01:00  INFO 2543 --- [ool-1-thread-28] tourGuide.service.RewardsService         : getDistance called
2023-01-19T23:17:17.844+01:00  INFO 2543 --- [ool-1-thread-28] tourGuide.service.RewardsService         : nearAttraction called with Kansas City Zoo
2023-01-19T23:17:17.844+01:00  INFO 2543 --- [ool-1-thread-28] tourGuide.service.RewardsService         : getDistance called
2023-01-19T23:17:17.844+01:00  INFO 2543 --- [ool-1-thread-28] tourGuide.service.RewardsService         : nearAttraction called with Bronx Zoo
2023-01-19T23:17:17.844+01:00  INFO 2543 --- [ool-1-thread-28] tourGuide.service.RewardsService         : getDistance called
2023-01-19T23:17:17.844+01:00  INFO 2543 --- [ool-1-thread-28] tourGuide.service.RewardsService         : nearAttraction called with Cinderella Castle
2023-01-19T23:17:17.844+01:00  INFO 2543 --- [ool-1-thread-28] tourGuide.service.RewardsService         : getDistance called
2023-01-19T23:17:17.847+01:00  INFO 2543 --- [ool-1-thread-12] tourGuide.service.RewardsService         : nearAttraction called with Jackson Hole
2023-01-19T23:17:17.847+01:00  INFO 2543 --- [ool-1-thread-32] tourGuide.service.RewardsService         : nearAttraction called with Disneyland
2023-01-19T23:17:17.847+01:00  INFO 2543 --- [ool-1-thread-12] tourGuide.service.RewardsService         : getDistance called
2023-01-19T23:17:17.847+01:00  INFO 2543 --- [ool-1-thread-32] tourGuide.service.RewardsService         : getDistance called
2023-01-19T23:17:17.847+01:00  INFO 2543 --- [ool-1-thread-12] tourGuide.service.RewardsService         : nearAttraction called with Mojave National Preserve
2023-01-19T23:17:17.847+01:00  INFO 2543 --- [ool-1-thread-32] tourGuide.service.RewardsService         : getRewardPoints called with Disneyland and internalUser64
2023-01-19T23:17:17.847+01:00  INFO 2543 --- [ool-1-thread-12] tourGuide.service.RewardsService         : getDistance called
2023-01-19T23:17:17.847+01:00  INFO 2543 --- [ool-1-thread-12] tourGuide.service.RewardsService         : nearAttraction called with Joshua Tree National Park
2023-01-19T23:17:17.847+01:00  INFO 2543 --- [ool-1-thread-12] tourGuide.service.RewardsService         : getDistance called
2023-01-19T23:17:17.847+01:00  INFO 2543 --- [ool-1-thread-12] tourGuide.service.RewardsService         : nearAttraction called with Buffalo National River
2023-01-19T23:17:17.847+01:00  INFO 2543 --- [ool-1-thread-12] tourGuide.service.RewardsService         : getDistance called
2023-01-19T23:17:17.847+01:00  INFO 2543 --- [ool-1-thread-12] tourGuide.service.RewardsService         : nearAttraction called with Hot Springs National Park
2023-01-19T23:17:17.847+01:00  INFO 2543 --- [ool-1-thread-12] tourGuide.service.RewardsService         : getDistance called
2023-01-19T23:17:17.847+01:00  INFO 2543 --- [ool-1-thread-12] tourGuide.service.RewardsService         : nearAttraction called with Kartchner Caverns State Park
2023-01-19T23:17:17.847+01:00  INFO 2543 --- [ool-1-thread-12] tourGuide.service.RewardsService         : getDistance called
2023-01-19T23:17:17.847+01:00  INFO 2543 --- [ool-1-thread-12] tourGuide.service.RewardsService         : nearAttraction called with Legend Valley
2023-01-19T23:17:17.847+01:00  INFO 2543 --- [ool-1-thread-12] tourGuide.service.RewardsService         : getDistance called
2023-01-19T23:17:17.847+01:00  INFO 2543 --- [ool-1-thread-12] tourGuide.service.RewardsService         : nearAttraction called with Flowers Bakery of London
2023-01-19T23:17:17.847+01:00  INFO 2543 --- [ool-1-thread-12] tourGuide.service.RewardsService         : getDistance called
2023-01-19T23:17:17.847+01:00  INFO 2543 --- [ool-1-thread-12] tourGuide.service.RewardsService         : nearAttraction called with McKinley Tower
2023-01-19T23:17:17.847+01:00  INFO 2543 --- [ool-1-thread-12] tourGuide.service.RewardsService         : getDistance called
2023-01-19T23:17:17.847+01:00  INFO 2543 --- [ool-1-thread-12] tourGuide.service.RewardsService         : nearAttraction called with Flatiron Building
2023-01-19T23:17:17.848+01:00  INFO 2543 --- [ool-1-thread-12] tourGuide.service.RewardsService         : getDistance called
2023-01-19T23:17:17.848+01:00  INFO 2543 --- [ool-1-thread-12] tourGuide.service.RewardsService         : nearAttraction called with Fallingwater
2023-01-19T23:17:17.848+01:00  INFO 2543 --- [ool-1-thread-12] tourGuide.service.RewardsService         : getDistance called
2023-01-19T23:17:17.848+01:00  INFO 2543 --- [ool-1-thread-12] tourGuide.service.RewardsService         : nearAttraction called with Union Station
2023-01-19T23:17:17.848+01:00  INFO 2543 --- [ool-1-thread-12] tourGuide.service.RewardsService         : getDistance called
2023-01-19T23:17:17.848+01:00  INFO 2543 --- [ool-1-thread-12] tourGuide.service.RewardsService         : nearAttraction called with Roger Dean Stadium
2023-01-19T23:17:17.848+01:00  INFO 2543 --- [ool-1-thread-12] tourGuide.service.RewardsService         : getDistance called
2023-01-19T23:17:17.848+01:00  INFO 2543 --- [ool-1-thread-12] tourGuide.service.RewardsService         : nearAttraction called with Texas Memorial Stadium
2023-01-19T23:17:17.848+01:00  INFO 2543 --- [ool-1-thread-12] tourGuide.service.RewardsService         : getDistance called
2023-01-19T23:17:17.848+01:00  INFO 2543 --- [ool-1-thread-12] tourGuide.service.RewardsService         : nearAttraction called with Bryant-Denny Stadium
2023-01-19T23:17:17.848+01:00  INFO 2543 --- [ool-1-thread-12] tourGuide.service.RewardsService         : getDistance called
2023-01-19T23:17:17.848+01:00  INFO 2543 --- [ool-1-thread-12] tourGuide.service.RewardsService         : nearAttraction called with Tiger Stadium
2023-01-19T23:17:17.848+01:00  INFO 2543 --- [ool-1-thread-12] tourGuide.service.RewardsService         : getDistance called
2023-01-19T23:17:17.848+01:00  INFO 2543 --- [ool-1-thread-12] tourGuide.service.RewardsService         : nearAttraction called with Neyland Stadium
2023-01-19T23:17:17.848+01:00  INFO 2543 --- [ool-1-thread-12] tourGuide.service.RewardsService         : getDistance called
2023-01-19T23:17:17.848+01:00  INFO 2543 --- [ool-1-thread-12] tourGuide.service.RewardsService         : nearAttraction called with Kyle Field
2023-01-19T23:17:17.848+01:00  INFO 2543 --- [ool-1-thread-12] tourGuide.service.RewardsService         : getDistance called
2023-01-19T23:17:17.848+01:00  INFO 2543 --- [ool-1-thread-12] tourGuide.service.RewardsService         : nearAttraction called with San Diego Zoo
2023-01-19T23:17:17.848+01:00  INFO 2543 --- [ool-1-thread-12] tourGuide.service.RewardsService         : getDistance called
2023-01-19T23:17:17.848+01:00  INFO 2543 --- [ool-1-thread-12] tourGuide.service.RewardsService         : nearAttraction called with Zoo Tampa at Lowry Park
2023-01-19T23:17:17.848+01:00  INFO 2543 --- [ool-1-thread-12] tourGuide.service.RewardsService         : getDistance called
2023-01-19T23:17:17.848+01:00  INFO 2543 --- [ool-1-thread-12] tourGuide.service.RewardsService         : nearAttraction called with Franklin Park Zoo
2023-01-19T23:17:17.848+01:00  INFO 2543 --- [ool-1-thread-12] tourGuide.service.RewardsService         : getDistance called
2023-01-19T23:17:17.848+01:00  INFO 2543 --- [ool-1-thread-12] tourGuide.service.RewardsService         : nearAttraction called with El Paso Zoo
2023-01-19T23:17:17.848+01:00  INFO 2543 --- [ool-1-thread-12] tourGuide.service.RewardsService         : getDistance called
2023-01-19T23:17:17.848+01:00  INFO 2543 --- [ool-1-thread-12] tourGuide.service.RewardsService         : nearAttraction called with Kansas City Zoo
2023-01-19T23:17:17.848+01:00  INFO 2543 --- [ool-1-thread-12] tourGuide.service.RewardsService         : getDistance called
2023-01-19T23:17:17.848+01:00  INFO 2543 --- [ool-1-thread-12] tourGuide.service.RewardsService         : nearAttraction called with Bronx Zoo
2023-01-19T23:17:17.849+01:00  INFO 2543 --- [ool-1-thread-12] tourGuide.service.RewardsService         : getDistance called
2023-01-19T23:17:17.849+01:00  INFO 2543 --- [ool-1-thread-12] tourGuide.service.RewardsService         : nearAttraction called with Cinderella Castle
2023-01-19T23:17:17.849+01:00  INFO 2543 --- [ool-1-thread-12] tourGuide.service.RewardsService         : getDistance called
2023-01-19T23:17:17.855+01:00  INFO 2543 --- [ool-1-thread-70] tourGuide.service.RewardsService         : nearAttraction called with Disneyland
2023-01-19T23:17:17.855+01:00  INFO 2543 --- [ool-1-thread-70] tourGuide.service.RewardsService         : getDistance called
2023-01-19T23:17:17.855+01:00  INFO 2543 --- [ool-1-thread-70] tourGuide.service.RewardsService         : getRewardPoints called with Disneyland and internalUser61
2023-01-19T23:17:17.857+01:00  INFO 2543 --- [ool-1-thread-28] tourGuide.service.RewardsService         : nearAttraction called with Disneyland
2023-01-19T23:17:17.857+01:00  INFO 2543 --- [ool-1-thread-28] tourGuide.service.RewardsService         : getDistance called
2023-01-19T23:17:17.857+01:00  INFO 2543 --- [ool-1-thread-28] tourGuide.service.RewardsService         : getRewardPoints called with Disneyland and internalUser60
2023-01-19T23:17:17.859+01:00  INFO 2543 --- [ool-1-thread-32] tourGuide.service.RewardsService         : nearAttraction called with Jackson Hole
2023-01-19T23:17:17.859+01:00  INFO 2543 --- [ool-1-thread-32] tourGuide.service.RewardsService         : getDistance called
2023-01-19T23:17:17.859+01:00  INFO 2543 --- [ool-1-thread-32] tourGuide.service.RewardsService         : nearAttraction called with Mojave National Preserve
2023-01-19T23:17:17.859+01:00  INFO 2543 --- [ool-1-thread-32] tourGuide.service.RewardsService         : getDistance called
2023-01-19T23:17:17.859+01:00  INFO 2543 --- [ool-1-thread-32] tourGuide.service.RewardsService         : nearAttraction called with Joshua Tree National Park
2023-01-19T23:17:17.859+01:00  INFO 2543 --- [ool-1-thread-32] tourGuide.service.RewardsService         : getDistance called
2023-01-19T23:17:17.860+01:00  INFO 2543 --- [ool-1-thread-32] tourGuide.service.RewardsService         : nearAttraction called with Buffalo National River
2023-01-19T23:17:17.860+01:00  INFO 2543 --- [ool-1-thread-32] tourGuide.service.RewardsService         : getDistance called
2023-01-19T23:17:17.860+01:00  INFO 2543 --- [ool-1-thread-32] tourGuide.service.RewardsService         : nearAttraction called with Hot Springs National Park
2023-01-19T23:17:17.860+01:00  INFO 2543 --- [ool-1-thread-32] tourGuide.service.RewardsService         : getDistance called
2023-01-19T23:17:17.860+01:00  INFO 2543 --- [ool-1-thread-32] tourGuide.service.RewardsService         : nearAttraction called with Kartchner Caverns State Park
2023-01-19T23:17:17.860+01:00  INFO 2543 --- [ool-1-thread-32] tourGuide.service.RewardsService         : getDistance called
2023-01-19T23:17:17.860+01:00  INFO 2543 --- [ool-1-thread-32] tourGuide.service.RewardsService         : nearAttraction called with Legend Valley
2023-01-19T23:17:17.860+01:00  INFO 2543 --- [ool-1-thread-32] tourGuide.service.RewardsService         : getDistance called
2023-01-19T23:17:17.860+01:00  INFO 2543 --- [ool-1-thread-32] tourGuide.service.RewardsService         : nearAttraction called with Flowers Bakery of London
2023-01-19T23:17:17.860+01:00  INFO 2543 --- [ool-1-thread-32] tourGuide.service.RewardsService         : getDistance called
2023-01-19T23:17:17.860+01:00  INFO 2543 --- [ool-1-thread-32] tourGuide.service.RewardsService         : nearAttraction called with McKinley Tower
2023-01-19T23:17:17.860+01:00  INFO 2543 --- [ool-1-thread-32] tourGuide.service.RewardsService         : getDistance called
2023-01-19T23:17:17.860+01:00  INFO 2543 --- [ool-1-thread-32] tourGuide.service.RewardsService         : nearAttraction called with Flatiron Building
2023-01-19T23:17:17.860+01:00  INFO 2543 --- [ool-1-thread-32] tourGuide.service.RewardsService         : getDistance called
2023-01-19T23:17:17.860+01:00  INFO 2543 --- [ool-1-thread-32] tourGuide.service.RewardsService         : nearAttraction called with Fallingwater
2023-01-19T23:17:17.860+01:00  INFO 2543 --- [ool-1-thread-32] tourGuide.service.RewardsService         : getDistance called
2023-01-19T23:17:17.860+01:00  INFO 2543 --- [ool-1-thread-32] tourGuide.service.RewardsService         : nearAttraction called with Union Station
2023-01-19T23:17:17.860+01:00  INFO 2543 --- [ool-1-thread-32] tourGuide.service.RewardsService         : getDistance called
2023-01-19T23:17:17.860+01:00  INFO 2543 --- [ool-1-thread-32] tourGuide.service.RewardsService         : nearAttraction called with Roger Dean Stadium
2023-01-19T23:17:17.860+01:00  INFO 2543 --- [ool-1-thread-32] tourGuide.service.RewardsService         : getDistance called
2023-01-19T23:17:17.860+01:00  INFO 2543 --- [ool-1-thread-32] tourGuide.service.RewardsService         : nearAttraction called with Texas Memorial Stadium
2023-01-19T23:17:17.860+01:00  INFO 2543 --- [ool-1-thread-32] tourGuide.service.RewardsService         : getDistance called
2023-01-19T23:17:17.860+01:00  INFO 2543 --- [ool-1-thread-32] tourGuide.service.RewardsService         : nearAttraction called with Bryant-Denny Stadium
2023-01-19T23:17:17.860+01:00  INFO 2543 --- [ool-1-thread-32] tourGuide.service.RewardsService         : getDistance called
2023-01-19T23:17:17.860+01:00  INFO 2543 --- [ool-1-thread-32] tourGuide.service.RewardsService         : nearAttraction called with Tiger Stadium
2023-01-19T23:17:17.860+01:00  INFO 2543 --- [ool-1-thread-32] tourGuide.service.RewardsService         : getDistance called
2023-01-19T23:17:17.860+01:00  INFO 2543 --- [ool-1-thread-32] tourGuide.service.RewardsService         : nearAttraction called with Neyland Stadium
2023-01-19T23:17:17.860+01:00  INFO 2543 --- [ool-1-thread-32] tourGuide.service.RewardsService         : getDistance called
2023-01-19T23:17:17.860+01:00  INFO 2543 --- [ool-1-thread-32] tourGuide.service.RewardsService         : nearAttraction called with Kyle Field
2023-01-19T23:17:17.860+01:00  INFO 2543 --- [ool-1-thread-32] tourGuide.service.RewardsService         : getDistance called
2023-01-19T23:17:17.860+01:00  INFO 2543 --- [ool-1-thread-32] tourGuide.service.RewardsService         : nearAttraction called with San Diego Zoo
2023-01-19T23:17:17.860+01:00  INFO 2543 --- [ool-1-thread-32] tourGuide.service.RewardsService         : getDistance called
2023-01-19T23:17:17.860+01:00  INFO 2543 --- [ool-1-thread-32] tourGuide.service.RewardsService         : nearAttraction called with Zoo Tampa at Lowry Park
2023-01-19T23:17:17.860+01:00  INFO 2543 --- [ool-1-thread-32] tourGuide.service.RewardsService         : getDistance called
2023-01-19T23:17:17.860+01:00  INFO 2543 --- [ool-1-thread-32] tourGuide.service.RewardsService         : nearAttraction called with Franklin Park Zoo
2023-01-19T23:17:17.860+01:00  INFO 2543 --- [ool-1-thread-32] tourGuide.service.RewardsService         : getDistance called
2023-01-19T23:17:17.860+01:00  INFO 2543 --- [ool-1-thread-32] tourGuide.service.RewardsService         : nearAttraction called with El Paso Zoo
2023-01-19T23:17:17.861+01:00  INFO 2543 --- [ool-1-thread-32] tourGuide.service.RewardsService         : getDistance called
2023-01-19T23:17:17.861+01:00  INFO 2543 --- [ool-1-thread-32] tourGuide.service.RewardsService         : nearAttraction called with Kansas City Zoo
2023-01-19T23:17:17.861+01:00  INFO 2543 --- [ool-1-thread-32] tourGuide.service.RewardsService         : getDistance called
2023-01-19T23:17:17.861+01:00  INFO 2543 --- [ool-1-thread-32] tourGuide.service.RewardsService         : nearAttraction called with Bronx Zoo
2023-01-19T23:17:17.861+01:00  INFO 2543 --- [ool-1-thread-32] tourGuide.service.RewardsService         : getDistance called
2023-01-19T23:17:17.861+01:00  INFO 2543 --- [ool-1-thread-32] tourGuide.service.RewardsService         : nearAttraction called with Cinderella Castle
2023-01-19T23:17:17.861+01:00  INFO 2543 --- [ool-1-thread-32] tourGuide.service.RewardsService         : getDistance called
2023-01-19T23:17:17.886+01:00  INFO 2543 --- [ool-1-thread-58] tourGuide.service.RewardsService         : nearAttraction called with Jackson Hole
2023-01-19T23:17:17.886+01:00  INFO 2543 --- [ool-1-thread-58] tourGuide.service.RewardsService         : getDistance called
2023-01-19T23:17:17.886+01:00  INFO 2543 --- [ool-1-thread-58] tourGuide.service.RewardsService         : nearAttraction called with Mojave National Preserve
2023-01-19T23:17:17.886+01:00  INFO 2543 --- [ool-1-thread-58] tourGuide.service.RewardsService         : getDistance called
2023-01-19T23:17:17.886+01:00  INFO 2543 --- [ool-1-thread-58] tourGuide.service.RewardsService         : nearAttraction called with Joshua Tree National Park
2023-01-19T23:17:17.886+01:00  INFO 2543 --- [ool-1-thread-58] tourGuide.service.RewardsService         : getDistance called
2023-01-19T23:17:17.886+01:00  INFO 2543 --- [ool-1-thread-58] tourGuide.service.RewardsService         : nearAttraction called with Buffalo National River
2023-01-19T23:17:17.886+01:00  INFO 2543 --- [ool-1-thread-58] tourGuide.service.RewardsService         : getDistance called
2023-01-19T23:17:17.886+01:00  INFO 2543 --- [ool-1-thread-58] tourGuide.service.RewardsService         : nearAttraction called with Hot Springs National Park
2023-01-19T23:17:17.886+01:00  INFO 2543 --- [ool-1-thread-58] tourGuide.service.RewardsService         : getDistance called
2023-01-19T23:17:17.886+01:00  INFO 2543 --- [ool-1-thread-58] tourGuide.service.RewardsService         : nearAttraction called with Kartchner Caverns State Park
2023-01-19T23:17:17.886+01:00  INFO 2543 --- [ool-1-thread-58] tourGuide.service.RewardsService         : getDistance called
2023-01-19T23:17:17.886+01:00  INFO 2543 --- [ool-1-thread-58] tourGuide.service.RewardsService         : nearAttraction called with Legend Valley
2023-01-19T23:17:17.886+01:00  INFO 2543 --- [ool-1-thread-58] tourGuide.service.RewardsService         : getDistance called
2023-01-19T23:17:17.886+01:00  INFO 2543 --- [ool-1-thread-58] tourGuide.service.RewardsService         : nearAttraction called with Flowers Bakery of London
2023-01-19T23:17:17.886+01:00  INFO 2543 --- [ool-1-thread-58] tourGuide.service.RewardsService         : getDistance called
2023-01-19T23:17:17.886+01:00  INFO 2543 --- [ool-1-thread-58] tourGuide.service.RewardsService         : nearAttraction called with McKinley Tower
2023-01-19T23:17:17.886+01:00  INFO 2543 --- [ool-1-thread-58] tourGuide.service.RewardsService         : getDistance called
2023-01-19T23:17:17.886+01:00  INFO 2543 --- [ool-1-thread-58] tourGuide.service.RewardsService         : nearAttraction called with Flatiron Building
2023-01-19T23:17:17.886+01:00  INFO 2543 --- [ool-1-thread-58] tourGuide.service.RewardsService         : getDistance called
2023-01-19T23:17:17.886+01:00  INFO 2543 --- [ool-1-thread-58] tourGuide.service.RewardsService         : nearAttraction called with Fallingwater
2023-01-19T23:17:17.886+01:00  INFO 2543 --- [ool-1-thread-58] tourGuide.service.RewardsService         : getDistance called
2023-01-19T23:17:17.886+01:00  INFO 2543 --- [ool-1-thread-58] tourGuide.service.RewardsService         : nearAttraction called with Union Station
2023-01-19T23:17:17.886+01:00  INFO 2543 --- [ool-1-thread-58] tourGuide.service.RewardsService         : getDistance called
2023-01-19T23:17:17.886+01:00  INFO 2543 --- [ool-1-thread-58] tourGuide.service.RewardsService         : nearAttraction called with Roger Dean Stadium
2023-01-19T23:17:17.886+01:00  INFO 2543 --- [ool-1-thread-58] tourGuide.service.RewardsService         : getDistance called
2023-01-19T23:17:17.886+01:00  INFO 2543 --- [ool-1-thread-58] tourGuide.service.RewardsService         : nearAttraction called with Texas Memorial Stadium
2023-01-19T23:17:17.887+01:00  INFO 2543 --- [ool-1-thread-58] tourGuide.service.RewardsService         : getDistance called
2023-01-19T23:17:17.887+01:00  INFO 2543 --- [ool-1-thread-58] tourGuide.service.RewardsService         : nearAttraction called with Bryant-Denny Stadium
2023-01-19T23:17:17.887+01:00  INFO 2543 --- [ool-1-thread-58] tourGuide.service.RewardsService         : getDistance called
2023-01-19T23:17:17.887+01:00  INFO 2543 --- [ool-1-thread-58] tourGuide.service.RewardsService         : nearAttraction called with Tiger Stadium
2023-01-19T23:17:17.887+01:00  INFO 2543 --- [ool-1-thread-58] tourGuide.service.RewardsService         : getDistance called
2023-01-19T23:17:17.887+01:00  INFO 2543 --- [ool-1-thread-58] tourGuide.service.RewardsService         : nearAttraction called with Neyland Stadium
2023-01-19T23:17:17.887+01:00  INFO 2543 --- [ool-1-thread-58] tourGuide.service.RewardsService         : getDistance called
2023-01-19T23:17:17.887+01:00  INFO 2543 --- [ool-1-thread-58] tourGuide.service.RewardsService         : nearAttraction called with Kyle Field
2023-01-19T23:17:17.887+01:00  INFO 2543 --- [ool-1-thread-58] tourGuide.service.RewardsService         : getDistance called
2023-01-19T23:17:17.887+01:00  INFO 2543 --- [ool-1-thread-58] tourGuide.service.RewardsService         : nearAttraction called with San Diego Zoo
2023-01-19T23:17:17.887+01:00  INFO 2543 --- [ool-1-thread-58] tourGuide.service.RewardsService         : getDistance called
2023-01-19T23:17:17.887+01:00  INFO 2543 --- [ool-1-thread-58] tourGuide.service.RewardsService         : nearAttraction called with Zoo Tampa at Lowry Park
2023-01-19T23:17:17.887+01:00  INFO 2543 --- [ool-1-thread-58] tourGuide.service.RewardsService         : getDistance called
2023-01-19T23:17:17.887+01:00  INFO 2543 --- [ool-1-thread-58] tourGuide.service.RewardsService         : nearAttraction called with Franklin Park Zoo
2023-01-19T23:17:17.887+01:00  INFO 2543 --- [ool-1-thread-58] tourGuide.service.RewardsService         : getDistance called
2023-01-19T23:17:17.887+01:00  INFO 2543 --- [ool-1-thread-58] tourGuide.service.RewardsService         : nearAttraction called with El Paso Zoo
2023-01-19T23:17:17.887+01:00  INFO 2543 --- [ool-1-thread-58] tourGuide.service.RewardsService         : getDistance called
2023-01-19T23:17:17.887+01:00  INFO 2543 --- [ool-1-thread-58] tourGuide.service.RewardsService         : nearAttraction called with Kansas City Zoo
2023-01-19T23:17:17.887+01:00  INFO 2543 --- [ool-1-thread-58] tourGuide.service.RewardsService         : getDistance called
2023-01-19T23:17:17.887+01:00  INFO 2543 --- [ool-1-thread-58] tourGuide.service.RewardsService         : nearAttraction called with Bronx Zoo
2023-01-19T23:17:17.887+01:00  INFO 2543 --- [ool-1-thread-58] tourGuide.service.RewardsService         : getDistance called
2023-01-19T23:17:17.887+01:00  INFO 2543 --- [ool-1-thread-58] tourGuide.service.RewardsService         : nearAttraction called with Cinderella Castle
2023-01-19T23:17:17.887+01:00  INFO 2543 --- [ool-1-thread-58] tourGuide.service.RewardsService         : getDistance called
2023-01-19T23:17:17.889+01:00  INFO 2543 --- [ool-1-thread-35] tourGuide.service.RewardsService         : nearAttraction called with Jackson Hole
2023-01-19T23:17:17.889+01:00  INFO 2543 --- [ool-1-thread-35] tourGuide.service.RewardsService         : getDistance called
2023-01-19T23:17:17.889+01:00  INFO 2543 --- [ool-1-thread-35] tourGuide.service.RewardsService         : nearAttraction called with Mojave National Preserve
2023-01-19T23:17:17.889+01:00  INFO 2543 --- [ool-1-thread-35] tourGuide.service.RewardsService         : getDistance called
2023-01-19T23:17:17.890+01:00  INFO 2543 --- [ool-1-thread-35] tourGuide.service.RewardsService         : nearAttraction called with Joshua Tree National Park
2023-01-19T23:17:17.890+01:00  INFO 2543 --- [ool-1-thread-35] tourGuide.service.RewardsService         : getDistance called
2023-01-19T23:17:17.890+01:00  INFO 2543 --- [ool-1-thread-35] tourGuide.service.RewardsService         : nearAttraction called with Buffalo National River
2023-01-19T23:17:17.890+01:00  INFO 2543 --- [ool-1-thread-35] tourGuide.service.RewardsService         : getDistance called
2023-01-19T23:17:17.890+01:00  INFO 2543 --- [ool-1-thread-35] tourGuide.service.RewardsService         : nearAttraction called with Hot Springs National Park
2023-01-19T23:17:17.890+01:00  INFO 2543 --- [ool-1-thread-35] tourGuide.service.RewardsService         : getDistance called
2023-01-19T23:17:17.890+01:00  INFO 2543 --- [ool-1-thread-35] tourGuide.service.RewardsService         : nearAttraction called with Kartchner Caverns State Park
2023-01-19T23:17:17.890+01:00  INFO 2543 --- [ool-1-thread-35] tourGuide.service.RewardsService         : getDistance called
2023-01-19T23:17:17.890+01:00  INFO 2543 --- [ool-1-thread-35] tourGuide.service.RewardsService         : nearAttraction called with Legend Valley
2023-01-19T23:17:17.890+01:00  INFO 2543 --- [ool-1-thread-35] tourGuide.service.RewardsService         : getDistance called
2023-01-19T23:17:17.890+01:00  INFO 2543 --- [ool-1-thread-35] tourGuide.service.RewardsService         : nearAttraction called with Flowers Bakery of London
2023-01-19T23:17:17.890+01:00  INFO 2543 --- [ool-1-thread-35] tourGuide.service.RewardsService         : getDistance called
2023-01-19T23:17:17.890+01:00  INFO 2543 --- [ool-1-thread-35] tourGuide.service.RewardsService         : nearAttraction called with McKinley Tower
2023-01-19T23:17:17.890+01:00  INFO 2543 --- [ool-1-thread-35] tourGuide.service.RewardsService         : getDistance called
2023-01-19T23:17:17.890+01:00  INFO 2543 --- [ool-1-thread-35] tourGuide.service.RewardsService         : nearAttraction called with Flatiron Building
2023-01-19T23:17:17.890+01:00  INFO 2543 --- [ool-1-thread-35] tourGuide.service.RewardsService         : getDistance called
2023-01-19T23:17:17.890+01:00  INFO 2543 --- [ool-1-thread-35] tourGuide.service.RewardsService         : nearAttraction called with Fallingwater
2023-01-19T23:17:17.890+01:00  INFO 2543 --- [ool-1-thread-35] tourGuide.service.RewardsService         : getDistance called
2023-01-19T23:17:17.890+01:00  INFO 2543 --- [ool-1-thread-35] tourGuide.service.RewardsService         : nearAttraction called with Union Station
2023-01-19T23:17:17.890+01:00  INFO 2543 --- [ool-1-thread-35] tourGuide.service.RewardsService         : getDistance called
2023-01-19T23:17:17.890+01:00  INFO 2543 --- [ool-1-thread-35] tourGuide.service.RewardsService         : nearAttraction called with Roger Dean Stadium
2023-01-19T23:17:17.891+01:00  INFO 2543 --- [ool-1-thread-35] tourGuide.service.RewardsService         : getDistance called
2023-01-19T23:17:17.891+01:00  INFO 2543 --- [ool-1-thread-35] tourGuide.service.RewardsService         : nearAttraction called with Texas Memorial Stadium
2023-01-19T23:17:17.891+01:00  INFO 2543 --- [ool-1-thread-35] tourGuide.service.RewardsService         : getDistance called
2023-01-19T23:17:17.891+01:00  INFO 2543 --- [ool-1-thread-35] tourGuide.service.RewardsService         : nearAttraction called with Bryant-Denny Stadium
2023-01-19T23:17:17.891+01:00  INFO 2543 --- [ool-1-thread-35] tourGuide.service.RewardsService         : getDistance called
2023-01-19T23:17:17.891+01:00  INFO 2543 --- [ool-1-thread-35] tourGuide.service.RewardsService         : nearAttraction called with Tiger Stadium
2023-01-19T23:17:17.891+01:00  INFO 2543 --- [ool-1-thread-35] tourGuide.service.RewardsService         : getDistance called
2023-01-19T23:17:17.891+01:00  INFO 2543 --- [ool-1-thread-35] tourGuide.service.RewardsService         : nearAttraction called with Neyland Stadium
2023-01-19T23:17:17.891+01:00  INFO 2543 --- [ool-1-thread-35] tourGuide.service.RewardsService         : getDistance called
2023-01-19T23:17:17.891+01:00  INFO 2543 --- [ool-1-thread-35] tourGuide.service.RewardsService         : nearAttraction called with Kyle Field
2023-01-19T23:17:17.891+01:00  INFO 2543 --- [ool-1-thread-35] tourGuide.service.RewardsService         : getDistance called
2023-01-19T23:17:17.891+01:00  INFO 2543 --- [ool-1-thread-35] tourGuide.service.RewardsService         : nearAttraction called with San Diego Zoo
2023-01-19T23:17:17.891+01:00  INFO 2543 --- [ool-1-thread-35] tourGuide.service.RewardsService         : getDistance called
2023-01-19T23:17:17.891+01:00  INFO 2543 --- [ool-1-thread-35] tourGuide.service.RewardsService         : nearAttraction called with Zoo Tampa at Lowry Park
2023-01-19T23:17:17.891+01:00  INFO 2543 --- [ool-1-thread-35] tourGuide.service.RewardsService         : getDistance called
2023-01-19T23:17:17.891+01:00  INFO 2543 --- [ool-1-thread-35] tourGuide.service.RewardsService         : nearAttraction called with Franklin Park Zoo
2023-01-19T23:17:17.891+01:00  INFO 2543 --- [ool-1-thread-35] tourGuide.service.RewardsService         : getDistance called
2023-01-19T23:17:17.891+01:00  INFO 2543 --- [ool-1-thread-35] tourGuide.service.RewardsService         : nearAttraction called with El Paso Zoo
2023-01-19T23:17:17.891+01:00  INFO 2543 --- [ool-1-thread-35] tourGuide.service.RewardsService         : getDistance called
2023-01-19T23:17:17.891+01:00  INFO 2543 --- [ool-1-thread-35] tourGuide.service.RewardsService         : nearAttraction called with Kansas City Zoo
2023-01-19T23:17:17.891+01:00  INFO 2543 --- [ool-1-thread-35] tourGuide.service.RewardsService         : getDistance called
2023-01-19T23:17:17.891+01:00  INFO 2543 --- [ool-1-thread-35] tourGuide.service.RewardsService         : nearAttraction called with Bronx Zoo
2023-01-19T23:17:17.891+01:00  INFO 2543 --- [ool-1-thread-35] tourGuide.service.RewardsService         : getDistance called
2023-01-19T23:17:17.891+01:00  INFO 2543 --- [ool-1-thread-35] tourGuide.service.RewardsService         : nearAttraction called with Cinderella Castle
2023-01-19T23:17:17.891+01:00  INFO 2543 --- [ool-1-thread-35] tourGuide.service.RewardsService         : getDistance called
2023-01-19T23:17:17.891+01:00  INFO 2543 --- [ool-1-thread-19] tourGuide.service.RewardsService         : nearAttraction called with Jackson Hole
2023-01-19T23:17:17.891+01:00  INFO 2543 --- [ool-1-thread-19] tourGuide.service.RewardsService         : getDistance called
2023-01-19T23:17:17.891+01:00  INFO 2543 --- [ool-1-thread-19] tourGuide.service.RewardsService         : nearAttraction called with Mojave National Preserve
2023-01-19T23:17:17.891+01:00  INFO 2543 --- [ool-1-thread-19] tourGuide.service.RewardsService         : getDistance called
2023-01-19T23:17:17.892+01:00  INFO 2543 --- [ool-1-thread-19] tourGuide.service.RewardsService         : nearAttraction called with Joshua Tree National Park
2023-01-19T23:17:17.892+01:00  INFO 2543 --- [ool-1-thread-19] tourGuide.service.RewardsService         : getDistance called
2023-01-19T23:17:17.892+01:00  INFO 2543 --- [ool-1-thread-19] tourGuide.service.RewardsService         : nearAttraction called with Buffalo National River
2023-01-19T23:17:17.892+01:00  INFO 2543 --- [ool-1-thread-19] tourGuide.service.RewardsService         : getDistance called
2023-01-19T23:17:17.892+01:00  INFO 2543 --- [ool-1-thread-19] tourGuide.service.RewardsService         : nearAttraction called with Hot Springs National Park
2023-01-19T23:17:17.892+01:00  INFO 2543 --- [ool-1-thread-19] tourGuide.service.RewardsService         : getDistance called
2023-01-19T23:17:17.892+01:00  INFO 2543 --- [ool-1-thread-19] tourGuide.service.RewardsService         : nearAttraction called with Kartchner Caverns State Park
2023-01-19T23:17:17.892+01:00  INFO 2543 --- [ool-1-thread-19] tourGuide.service.RewardsService         : getDistance called
2023-01-19T23:17:17.892+01:00  INFO 2543 --- [ool-1-thread-19] tourGuide.service.RewardsService         : nearAttraction called with Legend Valley
2023-01-19T23:17:17.892+01:00  INFO 2543 --- [ool-1-thread-19] tourGuide.service.RewardsService         : getDistance called
2023-01-19T23:17:17.892+01:00  INFO 2543 --- [ool-1-thread-19] tourGuide.service.RewardsService         : nearAttraction called with Flowers Bakery of London
2023-01-19T23:17:17.892+01:00  INFO 2543 --- [ool-1-thread-19] tourGuide.service.RewardsService         : getDistance called
2023-01-19T23:17:17.892+01:00  INFO 2543 --- [ool-1-thread-19] tourGuide.service.RewardsService         : nearAttraction called with McKinley Tower
2023-01-19T23:17:17.892+01:00  INFO 2543 --- [ool-1-thread-19] tourGuide.service.RewardsService         : getDistance called
2023-01-19T23:17:17.892+01:00  INFO 2543 --- [ool-1-thread-19] tourGuide.service.RewardsService         : nearAttraction called with Flatiron Building
2023-01-19T23:17:17.892+01:00  INFO 2543 --- [ool-1-thread-19] tourGuide.service.RewardsService         : getDistance called
2023-01-19T23:17:17.892+01:00  INFO 2543 --- [ool-1-thread-19] tourGuide.service.RewardsService         : nearAttraction called with Fallingwater
2023-01-19T23:17:17.892+01:00  INFO 2543 --- [ool-1-thread-19] tourGuide.service.RewardsService         : getDistance called
2023-01-19T23:17:17.892+01:00  INFO 2543 --- [ool-1-thread-19] tourGuide.service.RewardsService         : nearAttraction called with Union Station
2023-01-19T23:17:17.892+01:00  INFO 2543 --- [ool-1-thread-19] tourGuide.service.RewardsService         : getDistance called
2023-01-19T23:17:17.892+01:00  INFO 2543 --- [ool-1-thread-19] tourGuide.service.RewardsService         : nearAttraction called with Roger Dean Stadium
2023-01-19T23:17:17.892+01:00  INFO 2543 --- [ool-1-thread-19] tourGuide.service.RewardsService         : getDistance called
2023-01-19T23:17:17.892+01:00  INFO 2543 --- [ool-1-thread-19] tourGuide.service.RewardsService         : nearAttraction called with Texas Memorial Stadium
2023-01-19T23:17:17.892+01:00  INFO 2543 --- [ool-1-thread-19] tourGuide.service.RewardsService         : getDistance called
2023-01-19T23:17:17.892+01:00  INFO 2543 --- [ool-1-thread-19] tourGuide.service.RewardsService         : nearAttraction called with Bryant-Denny Stadium
2023-01-19T23:17:17.892+01:00  INFO 2543 --- [ool-1-thread-19] tourGuide.service.RewardsService         : getDistance called
2023-01-19T23:17:17.892+01:00  INFO 2543 --- [ool-1-thread-19] tourGuide.service.RewardsService         : nearAttraction called with Tiger Stadium
2023-01-19T23:17:17.892+01:00  INFO 2543 --- [ool-1-thread-19] tourGuide.service.RewardsService         : getDistance called
2023-01-19T23:17:17.892+01:00  INFO 2543 --- [ool-1-thread-19] tourGuide.service.RewardsService         : nearAttraction called with Neyland Stadium
2023-01-19T23:17:17.892+01:00  INFO 2543 --- [ool-1-thread-57] tourGuide.service.RewardsService         : nearAttraction called with Jackson Hole
2023-01-19T23:17:17.892+01:00  INFO 2543 --- [ool-1-thread-19] tourGuide.service.RewardsService         : getDistance called
2023-01-19T23:17:17.893+01:00  INFO 2543 --- [ool-1-thread-57] tourGuide.service.RewardsService         : getDistance called
2023-01-19T23:17:17.893+01:00  INFO 2543 --- [ool-1-thread-19] tourGuide.service.RewardsService         : nearAttraction called with Kyle Field
2023-01-19T23:17:17.893+01:00  INFO 2543 --- [ool-1-thread-57] tourGuide.service.RewardsService         : nearAttraction called with Mojave National Preserve
2023-01-19T23:17:17.893+01:00  INFO 2543 --- [ool-1-thread-19] tourGuide.service.RewardsService         : getDistance called
2023-01-19T23:17:17.893+01:00  INFO 2543 --- [ool-1-thread-57] tourGuide.service.RewardsService         : getDistance called
2023-01-19T23:17:17.893+01:00  INFO 2543 --- [ool-1-thread-19] tourGuide.service.RewardsService         : nearAttraction called with San Diego Zoo
2023-01-19T23:17:17.893+01:00  INFO 2543 --- [ool-1-thread-57] tourGuide.service.RewardsService         : nearAttraction called with Joshua Tree National Park
2023-01-19T23:17:17.893+01:00  INFO 2543 --- [ool-1-thread-19] tourGuide.service.RewardsService         : getDistance called
2023-01-19T23:17:17.893+01:00  INFO 2543 --- [ool-1-thread-57] tourGuide.service.RewardsService         : getDistance called
2023-01-19T23:17:17.893+01:00  INFO 2543 --- [ool-1-thread-57] tourGuide.service.RewardsService         : nearAttraction called with Buffalo National River
2023-01-19T23:17:17.893+01:00  INFO 2543 --- [ool-1-thread-19] tourGuide.service.RewardsService         : nearAttraction called with Zoo Tampa at Lowry Park
2023-01-19T23:17:17.893+01:00  INFO 2543 --- [ool-1-thread-57] tourGuide.service.RewardsService         : getDistance called
2023-01-19T23:17:17.893+01:00  INFO 2543 --- [ool-1-thread-19] tourGuide.service.RewardsService         : getDistance called
2023-01-19T23:17:17.893+01:00  INFO 2543 --- [ool-1-thread-57] tourGuide.service.RewardsService         : nearAttraction called with Hot Springs National Park
2023-01-19T23:17:17.893+01:00  INFO 2543 --- [ool-1-thread-19] tourGuide.service.RewardsService         : nearAttraction called with Franklin Park Zoo
2023-01-19T23:17:17.893+01:00  INFO 2543 --- [ool-1-thread-57] tourGuide.service.RewardsService         : getDistance called
2023-01-19T23:17:17.893+01:00  INFO 2543 --- [ool-1-thread-19] tourGuide.service.RewardsService         : getDistance called
2023-01-19T23:17:17.893+01:00  INFO 2543 --- [ool-1-thread-57] tourGuide.service.RewardsService         : nearAttraction called with Kartchner Caverns State Park
2023-01-19T23:17:17.893+01:00  INFO 2543 --- [ool-1-thread-19] tourGuide.service.RewardsService         : nearAttraction called with El Paso Zoo
2023-01-19T23:17:17.893+01:00  INFO 2543 --- [ool-1-thread-57] tourGuide.service.RewardsService         : getDistance called
2023-01-19T23:17:17.893+01:00  INFO 2543 --- [ool-1-thread-19] tourGuide.service.RewardsService         : getDistance called
2023-01-19T23:17:17.893+01:00  INFO 2543 --- [ool-1-thread-57] tourGuide.service.RewardsService         : nearAttraction called with Legend Valley
2023-01-19T23:17:17.893+01:00  INFO 2543 --- [ool-1-thread-19] tourGuide.service.RewardsService         : nearAttraction called with Kansas City Zoo
2023-01-19T23:17:17.893+01:00  INFO 2543 --- [ool-1-thread-57] tourGuide.service.RewardsService         : getDistance called
2023-01-19T23:17:17.893+01:00  INFO 2543 --- [ool-1-thread-57] tourGuide.service.RewardsService         : nearAttraction called with Flowers Bakery of London
2023-01-19T23:17:17.893+01:00  INFO 2543 --- [ool-1-thread-57] tourGuide.service.RewardsService         : getDistance called
2023-01-19T23:17:17.893+01:00  INFO 2543 --- [ool-1-thread-19] tourGuide.service.RewardsService         : getDistance called
2023-01-19T23:17:17.893+01:00  INFO 2543 --- [ool-1-thread-19] tourGuide.service.RewardsService         : nearAttraction called with Bronx Zoo
2023-01-19T23:17:17.893+01:00  INFO 2543 --- [ool-1-thread-57] tourGuide.service.RewardsService         : nearAttraction called with McKinley Tower
2023-01-19T23:17:17.893+01:00  INFO 2543 --- [ool-1-thread-19] tourGuide.service.RewardsService         : getDistance called
2023-01-19T23:17:17.893+01:00  INFO 2543 --- [ool-1-thread-57] tourGuide.service.RewardsService         : getDistance called
2023-01-19T23:17:17.893+01:00  INFO 2543 --- [ool-1-thread-19] tourGuide.service.RewardsService         : nearAttraction called with Cinderella Castle
2023-01-19T23:17:17.893+01:00  INFO 2543 --- [ool-1-thread-57] tourGuide.service.RewardsService         : nearAttraction called with Flatiron Building
2023-01-19T23:17:17.893+01:00  INFO 2543 --- [ool-1-thread-19] tourGuide.service.RewardsService         : getDistance called
2023-01-19T23:17:17.893+01:00  INFO 2543 --- [ool-1-thread-57] tourGuide.service.RewardsService         : getDistance called
2023-01-19T23:17:17.893+01:00  INFO 2543 --- [ool-1-thread-57] tourGuide.service.RewardsService         : nearAttraction called with Fallingwater
2023-01-19T23:17:17.893+01:00  INFO 2543 --- [ool-1-thread-57] tourGuide.service.RewardsService         : getDistance called
2023-01-19T23:17:17.893+01:00  INFO 2543 --- [ool-1-thread-57] tourGuide.service.RewardsService         : nearAttraction called with Union Station
2023-01-19T23:17:17.894+01:00  INFO 2543 --- [ool-1-thread-57] tourGuide.service.RewardsService         : getDistance called
2023-01-19T23:17:17.894+01:00  INFO 2543 --- [ool-1-thread-57] tourGuide.service.RewardsService         : nearAttraction called with Roger Dean Stadium
2023-01-19T23:17:17.894+01:00  INFO 2543 --- [ool-1-thread-57] tourGuide.service.RewardsService         : getDistance called
2023-01-19T23:17:17.894+01:00  INFO 2543 --- [ool-1-thread-57] tourGuide.service.RewardsService         : nearAttraction called with Texas Memorial Stadium
2023-01-19T23:17:17.894+01:00  INFO 2543 --- [ool-1-thread-57] tourGuide.service.RewardsService         : getDistance called
2023-01-19T23:17:17.894+01:00  INFO 2543 --- [ool-1-thread-57] tourGuide.service.RewardsService         : nearAttraction called with Bryant-Denny Stadium
2023-01-19T23:17:17.894+01:00  INFO 2543 --- [ool-1-thread-57] tourGuide.service.RewardsService         : getDistance called
2023-01-19T23:17:17.894+01:00  INFO 2543 --- [ool-1-thread-57] tourGuide.service.RewardsService         : nearAttraction called with Tiger Stadium
2023-01-19T23:17:17.894+01:00  INFO 2543 --- [ool-1-thread-57] tourGuide.service.RewardsService         : getDistance called
2023-01-19T23:17:17.894+01:00  INFO 2543 --- [ool-1-thread-57] tourGuide.service.RewardsService         : nearAttraction called with Neyland Stadium
2023-01-19T23:17:17.894+01:00  INFO 2543 --- [ool-1-thread-57] tourGuide.service.RewardsService         : getDistance called
2023-01-19T23:17:17.894+01:00  INFO 2543 --- [ool-1-thread-57] tourGuide.service.RewardsService         : nearAttraction called with Kyle Field
2023-01-19T23:17:17.894+01:00  INFO 2543 --- [ool-1-thread-57] tourGuide.service.RewardsService         : getDistance called
2023-01-19T23:17:17.894+01:00  INFO 2543 --- [ool-1-thread-57] tourGuide.service.RewardsService         : nearAttraction called with San Diego Zoo
2023-01-19T23:17:17.894+01:00  INFO 2543 --- [ool-1-thread-57] tourGuide.service.RewardsService         : getDistance called
2023-01-19T23:17:17.894+01:00  INFO 2543 --- [ool-1-thread-57] tourGuide.service.RewardsService         : nearAttraction called with Zoo Tampa at Lowry Park
2023-01-19T23:17:17.894+01:00  INFO 2543 --- [ool-1-thread-57] tourGuide.service.RewardsService         : getDistance called
2023-01-19T23:17:17.894+01:00  INFO 2543 --- [ool-1-thread-57] tourGuide.service.RewardsService         : nearAttraction called with Franklin Park Zoo
2023-01-19T23:17:17.894+01:00  INFO 2543 --- [ool-1-thread-57] tourGuide.service.RewardsService         : getDistance called
2023-01-19T23:17:17.894+01:00  INFO 2543 --- [ool-1-thread-57] tourGuide.service.RewardsService         : nearAttraction called with El Paso Zoo
2023-01-19T23:17:17.894+01:00  INFO 2543 --- [ool-1-thread-57] tourGuide.service.RewardsService         : getDistance called
2023-01-19T23:17:17.894+01:00  INFO 2543 --- [ool-1-thread-57] tourGuide.service.RewardsService         : nearAttraction called with Kansas City Zoo
2023-01-19T23:17:17.894+01:00  INFO 2543 --- [ool-1-thread-57] tourGuide.service.RewardsService         : getDistance called
2023-01-19T23:17:17.894+01:00  INFO 2543 --- [ool-1-thread-57] tourGuide.service.RewardsService         : nearAttraction called with Bronx Zoo
2023-01-19T23:17:17.894+01:00  INFO 2543 --- [ool-1-thread-57] tourGuide.service.RewardsService         : getDistance called
2023-01-19T23:17:17.894+01:00  INFO 2543 --- [ool-1-thread-57] tourGuide.service.RewardsService         : nearAttraction called with Cinderella Castle
2023-01-19T23:17:17.894+01:00  INFO 2543 --- [ool-1-thread-57] tourGuide.service.RewardsService         : getDistance called
2023-01-19T23:17:17.900+01:00  INFO 2543 --- [ool-1-thread-60] tourGuide.service.RewardsService         : nearAttraction called with Jackson Hole
2023-01-19T23:17:17.900+01:00  INFO 2543 --- [ool-1-thread-60] tourGuide.service.RewardsService         : getDistance called
2023-01-19T23:17:17.900+01:00  INFO 2543 --- [ool-1-thread-60] tourGuide.service.RewardsService         : nearAttraction called with Mojave National Preserve
2023-01-19T23:17:17.900+01:00  INFO 2543 --- [ool-1-thread-60] tourGuide.service.RewardsService         : getDistance called
2023-01-19T23:17:17.900+01:00  INFO 2543 --- [ool-1-thread-60] tourGuide.service.RewardsService         : nearAttraction called with Joshua Tree National Park
2023-01-19T23:17:17.900+01:00  INFO 2543 --- [ool-1-thread-60] tourGuide.service.RewardsService         : getDistance called
2023-01-19T23:17:17.900+01:00  INFO 2543 --- [ool-1-thread-60] tourGuide.service.RewardsService         : nearAttraction called with Buffalo National River
2023-01-19T23:17:17.900+01:00  INFO 2543 --- [ool-1-thread-60] tourGuide.service.RewardsService         : getDistance called
2023-01-19T23:17:17.900+01:00  INFO 2543 --- [ool-1-thread-60] tourGuide.service.RewardsService         : nearAttraction called with Hot Springs National Park
2023-01-19T23:17:17.900+01:00  INFO 2543 --- [ool-1-thread-60] tourGuide.service.RewardsService         : getDistance called
2023-01-19T23:17:17.900+01:00  INFO 2543 --- [ool-1-thread-60] tourGuide.service.RewardsService         : nearAttraction called with Kartchner Caverns State Park
2023-01-19T23:17:17.900+01:00  INFO 2543 --- [ool-1-thread-60] tourGuide.service.RewardsService         : getDistance called
2023-01-19T23:17:17.900+01:00  INFO 2543 --- [ool-1-thread-60] tourGuide.service.RewardsService         : nearAttraction called with Legend Valley
2023-01-19T23:17:17.901+01:00  INFO 2543 --- [ool-1-thread-60] tourGuide.service.RewardsService         : getDistance called
2023-01-19T23:17:17.901+01:00  INFO 2543 --- [ool-1-thread-60] tourGuide.service.RewardsService         : nearAttraction called with Flowers Bakery of London
2023-01-19T23:17:17.901+01:00  INFO 2543 --- [ool-1-thread-14] tourGuide.service.RewardsService         : nearAttraction called with Jackson Hole
2023-01-19T23:17:17.901+01:00  INFO 2543 --- [ool-1-thread-60] tourGuide.service.RewardsService         : getDistance called
2023-01-19T23:17:17.901+01:00  INFO 2543 --- [ool-1-thread-14] tourGuide.service.RewardsService         : getDistance called
2023-01-19T23:17:17.901+01:00  INFO 2543 --- [ool-1-thread-60] tourGuide.service.RewardsService         : nearAttraction called with McKinley Tower
2023-01-19T23:17:17.901+01:00  INFO 2543 --- [ool-1-thread-14] tourGuide.service.RewardsService         : nearAttraction called with Mojave National Preserve
2023-01-19T23:17:17.901+01:00  INFO 2543 --- [ool-1-thread-60] tourGuide.service.RewardsService         : getDistance called
2023-01-19T23:17:17.901+01:00  INFO 2543 --- [ool-1-thread-14] tourGuide.service.RewardsService         : getDistance called
2023-01-19T23:17:17.901+01:00  INFO 2543 --- [ool-1-thread-60] tourGuide.service.RewardsService         : nearAttraction called with Flatiron Building
2023-01-19T23:17:17.901+01:00  INFO 2543 --- [ool-1-thread-14] tourGuide.service.RewardsService         : nearAttraction called with Joshua Tree National Park
2023-01-19T23:17:17.901+01:00  INFO 2543 --- [ool-1-thread-60] tourGuide.service.RewardsService         : getDistance called
2023-01-19T23:17:17.901+01:00  INFO 2543 --- [ool-1-thread-14] tourGuide.service.RewardsService         : getDistance called
2023-01-19T23:17:17.901+01:00  INFO 2543 --- [ool-1-thread-60] tourGuide.service.RewardsService         : nearAttraction called with Fallingwater
2023-01-19T23:17:17.901+01:00  INFO 2543 --- [ool-1-thread-60] tourGuide.service.RewardsService         : getDistance called
2023-01-19T23:17:17.901+01:00  INFO 2543 --- [ool-1-thread-14] tourGuide.service.RewardsService         : nearAttraction called with Buffalo National River
2023-01-19T23:17:17.901+01:00  INFO 2543 --- [ool-1-thread-60] tourGuide.service.RewardsService         : nearAttraction called with Union Station
2023-01-19T23:17:17.901+01:00  INFO 2543 --- [ool-1-thread-14] tourGuide.service.RewardsService         : getDistance called
2023-01-19T23:17:17.901+01:00  INFO 2543 --- [ool-1-thread-60] tourGuide.service.RewardsService         : getDistance called
2023-01-19T23:17:17.901+01:00  INFO 2543 --- [ool-1-thread-14] tourGuide.service.RewardsService         : nearAttraction called with Hot Springs National Park
2023-01-19T23:17:17.901+01:00  INFO 2543 --- [ool-1-thread-14] tourGuide.service.RewardsService         : getDistance called
2023-01-19T23:17:17.901+01:00  INFO 2543 --- [ool-1-thread-60] tourGuide.service.RewardsService         : nearAttraction called with Roger Dean Stadium
2023-01-19T23:17:17.901+01:00  INFO 2543 --- [ool-1-thread-14] tourGuide.service.RewardsService         : nearAttraction called with Kartchner Caverns State Park
2023-01-19T23:17:17.901+01:00  INFO 2543 --- [ool-1-thread-60] tourGuide.service.RewardsService         : getDistance called
2023-01-19T23:17:17.901+01:00  INFO 2543 --- [ool-1-thread-60] tourGuide.service.RewardsService         : nearAttraction called with Texas Memorial Stadium
2023-01-19T23:17:17.901+01:00  INFO 2543 --- [ool-1-thread-14] tourGuide.service.RewardsService         : getDistance called
2023-01-19T23:17:17.901+01:00  INFO 2543 --- [ool-1-thread-60] tourGuide.service.RewardsService         : getDistance called
2023-01-19T23:17:17.901+01:00  INFO 2543 --- [ool-1-thread-14] tourGuide.service.RewardsService         : nearAttraction called with Legend Valley
2023-01-19T23:17:17.901+01:00  INFO 2543 --- [ool-1-thread-60] tourGuide.service.RewardsService         : nearAttraction called with Bryant-Denny Stadium
2023-01-19T23:17:17.901+01:00  INFO 2543 --- [ool-1-thread-14] tourGuide.service.RewardsService         : getDistance called
2023-01-19T23:17:17.901+01:00  INFO 2543 --- [ool-1-thread-60] tourGuide.service.RewardsService         : getDistance called
2023-01-19T23:17:17.901+01:00  INFO 2543 --- [ool-1-thread-14] tourGuide.service.RewardsService         : nearAttraction called with Flowers Bakery of London
2023-01-19T23:17:17.901+01:00  INFO 2543 --- [ool-1-thread-14] tourGuide.service.RewardsService         : getDistance called
2023-01-19T23:17:17.901+01:00  INFO 2543 --- [ool-1-thread-60] tourGuide.service.RewardsService         : nearAttraction called with Tiger Stadium
2023-01-19T23:17:17.902+01:00  INFO 2543 --- [ool-1-thread-14] tourGuide.service.RewardsService         : nearAttraction called with McKinley Tower
2023-01-19T23:17:17.902+01:00  INFO 2543 --- [ool-1-thread-60] tourGuide.service.RewardsService         : getDistance called
2023-01-19T23:17:17.902+01:00  INFO 2543 --- [ool-1-thread-14] tourGuide.service.RewardsService         : getDistance called
2023-01-19T23:17:17.902+01:00  INFO 2543 --- [ool-1-thread-60] tourGuide.service.RewardsService         : nearAttraction called with Neyland Stadium
2023-01-19T23:17:17.902+01:00  INFO 2543 --- [ool-1-thread-60] tourGuide.service.RewardsService         : getDistance called
2023-01-19T23:17:17.902+01:00  INFO 2543 --- [ool-1-thread-14] tourGuide.service.RewardsService         : nearAttraction called with Flatiron Building
2023-01-19T23:17:17.902+01:00  INFO 2543 --- [ool-1-thread-60] tourGuide.service.RewardsService         : nearAttraction called with Kyle Field
2023-01-19T23:17:17.902+01:00  INFO 2543 --- [ool-1-thread-14] tourGuide.service.RewardsService         : getDistance called
2023-01-19T23:17:17.902+01:00  INFO 2543 --- [ool-1-thread-60] tourGuide.service.RewardsService         : getDistance called
2023-01-19T23:17:17.902+01:00  INFO 2543 --- [ool-1-thread-14] tourGuide.service.RewardsService         : nearAttraction called with Fallingwater
2023-01-19T23:17:17.902+01:00  INFO 2543 --- [ool-1-thread-60] tourGuide.service.RewardsService         : nearAttraction called with San Diego Zoo
2023-01-19T23:17:17.902+01:00  INFO 2543 --- [ool-1-thread-60] tourGuide.service.RewardsService         : getDistance called
2023-01-19T23:17:17.902+01:00  INFO 2543 --- [ool-1-thread-14] tourGuide.service.RewardsService         : getDistance called
2023-01-19T23:17:17.902+01:00  INFO 2543 --- [ool-1-thread-60] tourGuide.service.RewardsService         : nearAttraction called with Zoo Tampa at Lowry Park
2023-01-19T23:17:17.902+01:00  INFO 2543 --- [ool-1-thread-14] tourGuide.service.RewardsService         : nearAttraction called with Union Station
2023-01-19T23:17:17.902+01:00  INFO 2543 --- [ool-1-thread-60] tourGuide.service.RewardsService         : getDistance called
2023-01-19T23:17:17.902+01:00  INFO 2543 --- [ool-1-thread-14] tourGuide.service.RewardsService         : getDistance called
2023-01-19T23:17:17.902+01:00  INFO 2543 --- [ool-1-thread-60] tourGuide.service.RewardsService         : nearAttraction called with Franklin Park Zoo
2023-01-19T23:17:17.902+01:00  INFO 2543 --- [ool-1-thread-14] tourGuide.service.RewardsService         : nearAttraction called with Roger Dean Stadium
2023-01-19T23:17:17.902+01:00  INFO 2543 --- [ool-1-thread-60] tourGuide.service.RewardsService         : getDistance called
2023-01-19T23:17:17.902+01:00  INFO 2543 --- [ool-1-thread-14] tourGuide.service.RewardsService         : getDistance called
2023-01-19T23:17:17.902+01:00  INFO 2543 --- [ool-1-thread-60] tourGuide.service.RewardsService         : nearAttraction called with El Paso Zoo
2023-01-19T23:17:17.902+01:00  INFO 2543 --- [ool-1-thread-14] tourGuide.service.RewardsService         : nearAttraction called with Texas Memorial Stadium
2023-01-19T23:17:17.902+01:00  INFO 2543 --- [ool-1-thread-60] tourGuide.service.RewardsService         : getDistance called
2023-01-19T23:17:17.902+01:00  INFO 2543 --- [ool-1-thread-14] tourGuide.service.RewardsService         : getDistance called
2023-01-19T23:17:17.902+01:00  INFO 2543 --- [ool-1-thread-60] tourGuide.service.RewardsService         : nearAttraction called with Kansas City Zoo
2023-01-19T23:17:17.902+01:00  INFO 2543 --- [ool-1-thread-14] tourGuide.service.RewardsService         : nearAttraction called with Bryant-Denny Stadium
2023-01-19T23:17:17.902+01:00  INFO 2543 --- [ool-1-thread-60] tourGuide.service.RewardsService         : getDistance called
2023-01-19T23:17:17.902+01:00  INFO 2543 --- [ool-1-thread-14] tourGuide.service.RewardsService         : getDistance called
2023-01-19T23:17:17.902+01:00  INFO 2543 --- [ool-1-thread-60] tourGuide.service.RewardsService         : nearAttraction called with Bronx Zoo
2023-01-19T23:17:17.902+01:00  INFO 2543 --- [ool-1-thread-14] tourGuide.service.RewardsService         : nearAttraction called with Tiger Stadium
2023-01-19T23:17:17.902+01:00  INFO 2543 --- [ool-1-thread-60] tourGuide.service.RewardsService         : getDistance called
2023-01-19T23:17:17.902+01:00  INFO 2543 --- [ool-1-thread-14] tourGuide.service.RewardsService         : getDistance called
2023-01-19T23:17:17.902+01:00  INFO 2543 --- [ool-1-thread-60] tourGuide.service.RewardsService         : nearAttraction called with Cinderella Castle
2023-01-19T23:17:17.902+01:00  INFO 2543 --- [ool-1-thread-14] tourGuide.service.RewardsService         : nearAttraction called with Neyland Stadium
2023-01-19T23:17:17.902+01:00  INFO 2543 --- [ool-1-thread-60] tourGuide.service.RewardsService         : getDistance called
2023-01-19T23:17:17.902+01:00  INFO 2543 --- [ool-1-thread-14] tourGuide.service.RewardsService         : getDistance called
2023-01-19T23:17:17.902+01:00  INFO 2543 --- [ool-1-thread-14] tourGuide.service.RewardsService         : nearAttraction called with Kyle Field
2023-01-19T23:17:17.902+01:00  INFO 2543 --- [ool-1-thread-14] tourGuide.service.RewardsService         : getDistance called
2023-01-19T23:17:17.902+01:00  INFO 2543 --- [ool-1-thread-14] tourGuide.service.RewardsService         : nearAttraction called with San Diego Zoo
2023-01-19T23:17:17.902+01:00  INFO 2543 --- [ool-1-thread-14] tourGuide.service.RewardsService         : getDistance called
2023-01-19T23:17:17.902+01:00  INFO 2543 --- [ool-1-thread-14] tourGuide.service.RewardsService         : nearAttraction called with Zoo Tampa at Lowry Park
2023-01-19T23:17:17.902+01:00  INFO 2543 --- [ool-1-thread-14] tourGuide.service.RewardsService         : getDistance called
2023-01-19T23:17:17.903+01:00  INFO 2543 --- [ool-1-thread-14] tourGuide.service.RewardsService         : nearAttraction called with Franklin Park Zoo
2023-01-19T23:17:17.903+01:00  INFO 2543 --- [ool-1-thread-14] tourGuide.service.RewardsService         : getDistance called
2023-01-19T23:17:17.903+01:00  INFO 2543 --- [ool-1-thread-14] tourGuide.service.RewardsService         : nearAttraction called with El Paso Zoo
2023-01-19T23:17:17.903+01:00  INFO 2543 --- [ool-1-thread-14] tourGuide.service.RewardsService         : getDistance called
2023-01-19T23:17:17.903+01:00  INFO 2543 --- [ool-1-thread-14] tourGuide.service.RewardsService         : nearAttraction called with Kansas City Zoo
2023-01-19T23:17:17.903+01:00  INFO 2543 --- [ool-1-thread-14] tourGuide.service.RewardsService         : getDistance called
2023-01-19T23:17:17.903+01:00  INFO 2543 --- [ool-1-thread-14] tourGuide.service.RewardsService         : nearAttraction called with Bronx Zoo
2023-01-19T23:17:17.903+01:00  INFO 2543 --- [ool-1-thread-14] tourGuide.service.RewardsService         : getDistance called
2023-01-19T23:17:17.903+01:00  INFO 2543 --- [ool-1-thread-14] tourGuide.service.RewardsService         : nearAttraction called with Cinderella Castle
2023-01-19T23:17:17.903+01:00  INFO 2543 --- [ool-1-thread-14] tourGuide.service.RewardsService         : getDistance called
2023-01-19T23:17:17.906+01:00  INFO 2543 --- [ool-1-thread-54] tourGuide.service.RewardsService         : nearAttraction called with Jackson Hole
2023-01-19T23:17:17.906+01:00  INFO 2543 --- [ool-1-thread-54] tourGuide.service.RewardsService         : getDistance called
2023-01-19T23:17:17.906+01:00  INFO 2543 --- [ool-1-thread-54] tourGuide.service.RewardsService         : nearAttraction called with Mojave National Preserve
2023-01-19T23:17:17.906+01:00  INFO 2543 --- [ool-1-thread-54] tourGuide.service.RewardsService         : getDistance called
2023-01-19T23:17:17.906+01:00  INFO 2543 --- [ool-1-thread-54] tourGuide.service.RewardsService         : nearAttraction called with Joshua Tree National Park
2023-01-19T23:17:17.906+01:00  INFO 2543 --- [ool-1-thread-54] tourGuide.service.RewardsService         : getDistance called
2023-01-19T23:17:17.906+01:00  INFO 2543 --- [ool-1-thread-54] tourGuide.service.RewardsService         : nearAttraction called with Buffalo National River
2023-01-19T23:17:17.906+01:00  INFO 2543 --- [ool-1-thread-54] tourGuide.service.RewardsService         : getDistance called
2023-01-19T23:17:17.906+01:00  INFO 2543 --- [ool-1-thread-54] tourGuide.service.RewardsService         : nearAttraction called with Hot Springs National Park
2023-01-19T23:17:17.906+01:00  INFO 2543 --- [ool-1-thread-54] tourGuide.service.RewardsService         : getDistance called
2023-01-19T23:17:17.906+01:00  INFO 2543 --- [ool-1-thread-54] tourGuide.service.RewardsService         : nearAttraction called with Kartchner Caverns State Park
2023-01-19T23:17:17.906+01:00  INFO 2543 --- [ool-1-thread-54] tourGuide.service.RewardsService         : getDistance called
2023-01-19T23:17:17.906+01:00  INFO 2543 --- [ool-1-thread-54] tourGuide.service.RewardsService         : nearAttraction called with Legend Valley
2023-01-19T23:17:17.906+01:00  INFO 2543 --- [ool-1-thread-54] tourGuide.service.RewardsService         : getDistance called
2023-01-19T23:17:17.906+01:00  INFO 2543 --- [ool-1-thread-54] tourGuide.service.RewardsService         : nearAttraction called with Flowers Bakery of London
2023-01-19T23:17:17.906+01:00  INFO 2543 --- [ool-1-thread-54] tourGuide.service.RewardsService         : getDistance called
2023-01-19T23:17:17.906+01:00  INFO 2543 --- [ool-1-thread-54] tourGuide.service.RewardsService         : nearAttraction called with McKinley Tower
2023-01-19T23:17:17.906+01:00  INFO 2543 --- [ool-1-thread-54] tourGuide.service.RewardsService         : getDistance called
2023-01-19T23:17:17.906+01:00  INFO 2543 --- [ool-1-thread-54] tourGuide.service.RewardsService         : nearAttraction called with Flatiron Building
2023-01-19T23:17:17.906+01:00  INFO 2543 --- [ool-1-thread-54] tourGuide.service.RewardsService         : getDistance called
2023-01-19T23:17:17.906+01:00  INFO 2543 --- [ool-1-thread-54] tourGuide.service.RewardsService         : nearAttraction called with Fallingwater
2023-01-19T23:17:17.906+01:00  INFO 2543 --- [ool-1-thread-54] tourGuide.service.RewardsService         : getDistance called
2023-01-19T23:17:17.906+01:00  INFO 2543 --- [ool-1-thread-54] tourGuide.service.RewardsService         : nearAttraction called with Union Station
2023-01-19T23:17:17.906+01:00  INFO 2543 --- [ool-1-thread-54] tourGuide.service.RewardsService         : getDistance called
2023-01-19T23:17:17.906+01:00  INFO 2543 --- [ool-1-thread-54] tourGuide.service.RewardsService         : nearAttraction called with Roger Dean Stadium
2023-01-19T23:17:17.906+01:00  INFO 2543 --- [ool-1-thread-54] tourGuide.service.RewardsService         : getDistance called
2023-01-19T23:17:17.906+01:00  INFO 2543 --- [ool-1-thread-54] tourGuide.service.RewardsService         : nearAttraction called with Texas Memorial Stadium
2023-01-19T23:17:17.906+01:00  INFO 2543 --- [ool-1-thread-54] tourGuide.service.RewardsService         : getDistance called
2023-01-19T23:17:17.906+01:00  INFO 2543 --- [ool-1-thread-54] tourGuide.service.RewardsService         : nearAttraction called with Bryant-Denny Stadium
2023-01-19T23:17:17.907+01:00  INFO 2543 --- [ool-1-thread-54] tourGuide.service.RewardsService         : getDistance called
2023-01-19T23:17:17.907+01:00  INFO 2543 --- [ool-1-thread-54] tourGuide.service.RewardsService         : nearAttraction called with Tiger Stadium
2023-01-19T23:17:17.907+01:00  INFO 2543 --- [ool-1-thread-54] tourGuide.service.RewardsService         : getDistance called
2023-01-19T23:17:17.907+01:00  INFO 2543 --- [ool-1-thread-54] tourGuide.service.RewardsService         : nearAttraction called with Neyland Stadium
2023-01-19T23:17:17.907+01:00  INFO 2543 --- [ool-1-thread-54] tourGuide.service.RewardsService         : getDistance called
2023-01-19T23:17:17.907+01:00  INFO 2543 --- [ool-1-thread-54] tourGuide.service.RewardsService         : nearAttraction called with Kyle Field
2023-01-19T23:17:17.907+01:00  INFO 2543 --- [ool-1-thread-54] tourGuide.service.RewardsService         : getDistance called
2023-01-19T23:17:17.907+01:00  INFO 2543 --- [ool-1-thread-54] tourGuide.service.RewardsService         : nearAttraction called with San Diego Zoo
2023-01-19T23:17:17.907+01:00  INFO 2543 --- [ool-1-thread-54] tourGuide.service.RewardsService         : getDistance called
2023-01-19T23:17:17.907+01:00  INFO 2543 --- [ool-1-thread-54] tourGuide.service.RewardsService         : nearAttraction called with Zoo Tampa at Lowry Park
2023-01-19T23:17:17.907+01:00  INFO 2543 --- [ool-1-thread-54] tourGuide.service.RewardsService         : getDistance called
2023-01-19T23:17:17.907+01:00  INFO 2543 --- [ool-1-thread-54] tourGuide.service.RewardsService         : nearAttraction called with Franklin Park Zoo
2023-01-19T23:17:17.907+01:00  INFO 2543 --- [ool-1-thread-54] tourGuide.service.RewardsService         : getDistance called
2023-01-19T23:17:17.907+01:00  INFO 2543 --- [ool-1-thread-54] tourGuide.service.RewardsService         : nearAttraction called with El Paso Zoo
2023-01-19T23:17:17.907+01:00  INFO 2543 --- [ool-1-thread-54] tourGuide.service.RewardsService         : getDistance called
2023-01-19T23:17:17.907+01:00  INFO 2543 --- [ool-1-thread-54] tourGuide.service.RewardsService         : nearAttraction called with Kansas City Zoo
2023-01-19T23:17:17.907+01:00  INFO 2543 --- [ool-1-thread-54] tourGuide.service.RewardsService         : getDistance called
2023-01-19T23:17:17.907+01:00  INFO 2543 --- [ool-1-thread-54] tourGuide.service.RewardsService         : nearAttraction called with Bronx Zoo
2023-01-19T23:17:17.907+01:00  INFO 2543 --- [ool-1-thread-54] tourGuide.service.RewardsService         : getDistance called
2023-01-19T23:17:17.907+01:00  INFO 2543 --- [ool-1-thread-54] tourGuide.service.RewardsService         : nearAttraction called with Cinderella Castle
2023-01-19T23:17:17.907+01:00  INFO 2543 --- [ool-1-thread-54] tourGuide.service.RewardsService         : getDistance called
2023-01-19T23:17:17.916+01:00  INFO 2543 --- [pool-1-thread-9] tourGuide.service.RewardsService         : nearAttraction called with Jackson Hole
2023-01-19T23:17:17.917+01:00  INFO 2543 --- [pool-1-thread-9] tourGuide.service.RewardsService         : getDistance called
2023-01-19T23:17:17.917+01:00  INFO 2543 --- [pool-1-thread-9] tourGuide.service.RewardsService         : nearAttraction called with Mojave National Preserve
2023-01-19T23:17:17.917+01:00  INFO 2543 --- [pool-1-thread-9] tourGuide.service.RewardsService         : getDistance called
2023-01-19T23:17:17.917+01:00  INFO 2543 --- [pool-1-thread-9] tourGuide.service.RewardsService         : nearAttraction called with Joshua Tree National Park
2023-01-19T23:17:17.917+01:00  INFO 2543 --- [pool-1-thread-9] tourGuide.service.RewardsService         : getDistance called
2023-01-19T23:17:17.917+01:00  INFO 2543 --- [pool-1-thread-9] tourGuide.service.RewardsService         : nearAttraction called with Buffalo National River
2023-01-19T23:17:17.917+01:00  INFO 2543 --- [pool-1-thread-9] tourGuide.service.RewardsService         : getDistance called
2023-01-19T23:17:17.917+01:00  INFO 2543 --- [pool-1-thread-9] tourGuide.service.RewardsService         : nearAttraction called with Hot Springs National Park
2023-01-19T23:17:17.917+01:00  INFO 2543 --- [pool-1-thread-9] tourGuide.service.RewardsService         : getDistance called
2023-01-19T23:17:17.917+01:00  INFO 2543 --- [pool-1-thread-9] tourGuide.service.RewardsService         : nearAttraction called with Kartchner Caverns State Park
2023-01-19T23:17:17.917+01:00  INFO 2543 --- [pool-1-thread-9] tourGuide.service.RewardsService         : getDistance called
2023-01-19T23:17:17.917+01:00  INFO 2543 --- [pool-1-thread-9] tourGuide.service.RewardsService         : nearAttraction called with Legend Valley
2023-01-19T23:17:17.917+01:00  INFO 2543 --- [pool-1-thread-9] tourGuide.service.RewardsService         : getDistance called
2023-01-19T23:17:17.917+01:00  INFO 2543 --- [pool-1-thread-9] tourGuide.service.RewardsService         : nearAttraction called with Flowers Bakery of London
2023-01-19T23:17:17.917+01:00  INFO 2543 --- [pool-1-thread-9] tourGuide.service.RewardsService         : getDistance called
2023-01-19T23:17:17.917+01:00  INFO 2543 --- [pool-1-thread-9] tourGuide.service.RewardsService         : nearAttraction called with McKinley Tower
2023-01-19T23:17:17.917+01:00  INFO 2543 --- [pool-1-thread-9] tourGuide.service.RewardsService         : getDistance called
2023-01-19T23:17:17.917+01:00  INFO 2543 --- [pool-1-thread-9] tourGuide.service.RewardsService         : nearAttraction called with Flatiron Building
2023-01-19T23:17:17.917+01:00  INFO 2543 --- [pool-1-thread-9] tourGuide.service.RewardsService         : getDistance called
2023-01-19T23:17:17.917+01:00  INFO 2543 --- [pool-1-thread-9] tourGuide.service.RewardsService         : nearAttraction called with Fallingwater
2023-01-19T23:17:17.917+01:00  INFO 2543 --- [pool-1-thread-9] tourGuide.service.RewardsService         : getDistance called
2023-01-19T23:17:17.917+01:00  INFO 2543 --- [pool-1-thread-9] tourGuide.service.RewardsService         : nearAttraction called with Union Station
2023-01-19T23:17:17.917+01:00  INFO 2543 --- [pool-1-thread-9] tourGuide.service.RewardsService         : getDistance called
2023-01-19T23:17:17.917+01:00  INFO 2543 --- [pool-1-thread-9] tourGuide.service.RewardsService         : nearAttraction called with Roger Dean Stadium
2023-01-19T23:17:17.917+01:00  INFO 2543 --- [pool-1-thread-9] tourGuide.service.RewardsService         : getDistance called
2023-01-19T23:17:17.917+01:00  INFO 2543 --- [ool-1-thread-45] tourGuide.service.RewardsService         : nearAttraction called with Jackson Hole
2023-01-19T23:17:17.917+01:00  INFO 2543 --- [pool-1-thread-9] tourGuide.service.RewardsService         : nearAttraction called with Texas Memorial Stadium
2023-01-19T23:17:17.917+01:00  INFO 2543 --- [ool-1-thread-45] tourGuide.service.RewardsService         : getDistance called
2023-01-19T23:17:17.917+01:00  INFO 2543 --- [ool-1-thread-45] tourGuide.service.RewardsService         : nearAttraction called with Mojave National Preserve
2023-01-19T23:17:17.917+01:00  INFO 2543 --- [pool-1-thread-9] tourGuide.service.RewardsService         : getDistance called
2023-01-19T23:17:17.917+01:00  INFO 2543 --- [ool-1-thread-45] tourGuide.service.RewardsService         : getDistance called
2023-01-19T23:17:17.917+01:00  INFO 2543 --- [ool-1-thread-45] tourGuide.service.RewardsService         : nearAttraction called with Joshua Tree National Park
2023-01-19T23:17:17.917+01:00  INFO 2543 --- [pool-1-thread-9] tourGuide.service.RewardsService         : nearAttraction called with Bryant-Denny Stadium
2023-01-19T23:17:17.917+01:00  INFO 2543 --- [ool-1-thread-45] tourGuide.service.RewardsService         : getDistance called
2023-01-19T23:17:17.917+01:00  INFO 2543 --- [pool-1-thread-9] tourGuide.service.RewardsService         : getDistance called
2023-01-19T23:17:17.917+01:00  INFO 2543 --- [ool-1-thread-45] tourGuide.service.RewardsService         : nearAttraction called with Buffalo National River
2023-01-19T23:17:17.917+01:00  INFO 2543 --- [ool-1-thread-45] tourGuide.service.RewardsService         : getDistance called
2023-01-19T23:17:17.917+01:00  INFO 2543 --- [pool-1-thread-9] tourGuide.service.RewardsService         : nearAttraction called with Tiger Stadium
2023-01-19T23:17:17.917+01:00  INFO 2543 --- [ool-1-thread-45] tourGuide.service.RewardsService         : nearAttraction called with Hot Springs National Park
2023-01-19T23:17:17.917+01:00  INFO 2543 --- [pool-1-thread-9] tourGuide.service.RewardsService         : getDistance called
2023-01-19T23:17:17.917+01:00  INFO 2543 --- [ool-1-thread-45] tourGuide.service.RewardsService         : getDistance called
2023-01-19T23:17:17.917+01:00  INFO 2543 --- [pool-1-thread-9] tourGuide.service.RewardsService         : nearAttraction called with Neyland Stadium
2023-01-19T23:17:17.917+01:00  INFO 2543 --- [ool-1-thread-45] tourGuide.service.RewardsService         : nearAttraction called with Kartchner Caverns State Park
2023-01-19T23:17:17.917+01:00  INFO 2543 --- [ool-1-thread-45] tourGuide.service.RewardsService         : getDistance called
2023-01-19T23:17:17.917+01:00  INFO 2543 --- [pool-1-thread-9] tourGuide.service.RewardsService         : getDistance called
2023-01-19T23:17:17.917+01:00  INFO 2543 --- [ool-1-thread-45] tourGuide.service.RewardsService         : nearAttraction called with Legend Valley
2023-01-19T23:17:17.917+01:00  INFO 2543 --- [pool-1-thread-9] tourGuide.service.RewardsService         : nearAttraction called with Kyle Field
2023-01-19T23:17:17.917+01:00  INFO 2543 --- [ool-1-thread-45] tourGuide.service.RewardsService         : getDistance called
2023-01-19T23:17:17.917+01:00  INFO 2543 --- [ool-1-thread-45] tourGuide.service.RewardsService         : nearAttraction called with Flowers Bakery of London
2023-01-19T23:17:17.917+01:00  INFO 2543 --- [ool-1-thread-45] tourGuide.service.RewardsService         : getDistance called
2023-01-19T23:17:17.917+01:00  INFO 2543 --- [pool-1-thread-9] tourGuide.service.RewardsService         : getDistance called
2023-01-19T23:17:17.918+01:00  INFO 2543 --- [ool-1-thread-45] tourGuide.service.RewardsService         : nearAttraction called with McKinley Tower
2023-01-19T23:17:17.918+01:00  INFO 2543 --- [pool-1-thread-9] tourGuide.service.RewardsService         : nearAttraction called with San Diego Zoo
2023-01-19T23:17:17.918+01:00  INFO 2543 --- [ool-1-thread-45] tourGuide.service.RewardsService         : getDistance called
2023-01-19T23:17:17.918+01:00  INFO 2543 --- [pool-1-thread-9] tourGuide.service.RewardsService         : getDistance called
2023-01-19T23:17:17.918+01:00  INFO 2543 --- [ool-1-thread-45] tourGuide.service.RewardsService         : nearAttraction called with Flatiron Building
2023-01-19T23:17:17.918+01:00  INFO 2543 --- [pool-1-thread-9] tourGuide.service.RewardsService         : nearAttraction called with Zoo Tampa at Lowry Park
2023-01-19T23:17:17.918+01:00  INFO 2543 --- [ool-1-thread-45] tourGuide.service.RewardsService         : getDistance called
2023-01-19T23:17:17.918+01:00  INFO 2543 --- [pool-1-thread-9] tourGuide.service.RewardsService         : getDistance called
2023-01-19T23:17:17.918+01:00  INFO 2543 --- [ool-1-thread-45] tourGuide.service.RewardsService         : nearAttraction called with Fallingwater
2023-01-19T23:17:17.918+01:00  INFO 2543 --- [pool-1-thread-9] tourGuide.service.RewardsService         : nearAttraction called with Franklin Park Zoo
2023-01-19T23:17:17.918+01:00  INFO 2543 --- [ool-1-thread-45] tourGuide.service.RewardsService         : getDistance called
2023-01-19T23:17:17.918+01:00  INFO 2543 --- [pool-1-thread-9] tourGuide.service.RewardsService         : getDistance called
2023-01-19T23:17:17.918+01:00  INFO 2543 --- [pool-1-thread-9] tourGuide.service.RewardsService         : nearAttraction called with El Paso Zoo
2023-01-19T23:17:17.918+01:00  INFO 2543 --- [pool-1-thread-9] tourGuide.service.RewardsService         : getDistance called
2023-01-19T23:17:17.918+01:00  INFO 2543 --- [pool-1-thread-9] tourGuide.service.RewardsService         : nearAttraction called with Kansas City Zoo
2023-01-19T23:17:17.918+01:00  INFO 2543 --- [ool-1-thread-45] tourGuide.service.RewardsService         : nearAttraction called with Union Station
2023-01-19T23:17:17.918+01:00  INFO 2543 --- [ool-1-thread-45] tourGuide.service.RewardsService         : getDistance called
2023-01-19T23:17:17.918+01:00  INFO 2543 --- [pool-1-thread-9] tourGuide.service.RewardsService         : getDistance called
2023-01-19T23:17:17.918+01:00  INFO 2543 --- [ool-1-thread-45] tourGuide.service.RewardsService         : nearAttraction called with Roger Dean Stadium
2023-01-19T23:17:17.918+01:00  INFO 2543 --- [pool-1-thread-9] tourGuide.service.RewardsService         : nearAttraction called with Bronx Zoo
2023-01-19T23:17:17.918+01:00  INFO 2543 --- [ool-1-thread-45] tourGuide.service.RewardsService         : getDistance called
2023-01-19T23:17:17.918+01:00  INFO 2543 --- [ool-1-thread-45] tourGuide.service.RewardsService         : nearAttraction called with Texas Memorial Stadium
2023-01-19T23:17:17.918+01:00  INFO 2543 --- [pool-1-thread-9] tourGuide.service.RewardsService         : getDistance called
2023-01-19T23:17:17.918+01:00  INFO 2543 --- [ool-1-thread-45] tourGuide.service.RewardsService         : getDistance called
2023-01-19T23:17:17.918+01:00  INFO 2543 --- [pool-1-thread-9] tourGuide.service.RewardsService         : nearAttraction called with Cinderella Castle
2023-01-19T23:17:17.918+01:00  INFO 2543 --- [ool-1-thread-45] tourGuide.service.RewardsService         : nearAttraction called with Bryant-Denny Stadium
2023-01-19T23:17:17.918+01:00  INFO 2543 --- [pool-1-thread-9] tourGuide.service.RewardsService         : getDistance called
2023-01-19T23:17:17.918+01:00  INFO 2543 --- [ool-1-thread-45] tourGuide.service.RewardsService         : getDistance called
2023-01-19T23:17:17.918+01:00  INFO 2543 --- [ool-1-thread-45] tourGuide.service.RewardsService         : nearAttraction called with Tiger Stadium
2023-01-19T23:17:17.918+01:00  INFO 2543 --- [ool-1-thread-45] tourGuide.service.RewardsService         : getDistance called
2023-01-19T23:17:17.918+01:00  INFO 2543 --- [ool-1-thread-45] tourGuide.service.RewardsService         : nearAttraction called with Neyland Stadium
2023-01-19T23:17:17.918+01:00  INFO 2543 --- [ool-1-thread-45] tourGuide.service.RewardsService         : getDistance called
2023-01-19T23:17:17.918+01:00  INFO 2543 --- [ool-1-thread-45] tourGuide.service.RewardsService         : nearAttraction called with Kyle Field
2023-01-19T23:17:17.918+01:00  INFO 2543 --- [ool-1-thread-45] tourGuide.service.RewardsService         : getDistance called
2023-01-19T23:17:17.918+01:00  INFO 2543 --- [ool-1-thread-45] tourGuide.service.RewardsService         : nearAttraction called with San Diego Zoo
2023-01-19T23:17:17.918+01:00  INFO 2543 --- [ool-1-thread-45] tourGuide.service.RewardsService         : getDistance called
2023-01-19T23:17:17.919+01:00  INFO 2543 --- [ool-1-thread-45] tourGuide.service.RewardsService         : nearAttraction called with Zoo Tampa at Lowry Park
2023-01-19T23:17:17.919+01:00  INFO 2543 --- [ool-1-thread-45] tourGuide.service.RewardsService         : getDistance called
2023-01-19T23:17:17.919+01:00  INFO 2543 --- [ool-1-thread-45] tourGuide.service.RewardsService         : nearAttraction called with Franklin Park Zoo
2023-01-19T23:17:17.919+01:00  INFO 2543 --- [ool-1-thread-45] tourGuide.service.RewardsService         : getDistance called
2023-01-19T23:17:17.919+01:00  INFO 2543 --- [ool-1-thread-45] tourGuide.service.RewardsService         : nearAttraction called with El Paso Zoo
2023-01-19T23:17:17.919+01:00  INFO 2543 --- [ool-1-thread-45] tourGuide.service.RewardsService         : getDistance called
2023-01-19T23:17:17.919+01:00  INFO 2543 --- [ool-1-thread-45] tourGuide.service.RewardsService         : nearAttraction called with Kansas City Zoo
2023-01-19T23:17:17.919+01:00  INFO 2543 --- [ool-1-thread-45] tourGuide.service.RewardsService         : getDistance called
2023-01-19T23:17:17.919+01:00  INFO 2543 --- [ool-1-thread-45] tourGuide.service.RewardsService         : nearAttraction called with Bronx Zoo
2023-01-19T23:17:17.919+01:00  INFO 2543 --- [ool-1-thread-45] tourGuide.service.RewardsService         : getDistance called
2023-01-19T23:17:17.919+01:00  INFO 2543 --- [ool-1-thread-45] tourGuide.service.RewardsService         : nearAttraction called with Cinderella Castle
2023-01-19T23:17:17.919+01:00  INFO 2543 --- [ool-1-thread-45] tourGuide.service.RewardsService         : getDistance called
2023-01-19T23:17:17.920+01:00  INFO 2543 --- [ool-1-thread-64] tourGuide.service.RewardsService         : nearAttraction called with Jackson Hole
2023-01-19T23:17:17.920+01:00  INFO 2543 --- [ool-1-thread-64] tourGuide.service.RewardsService         : getDistance called
2023-01-19T23:17:17.920+01:00  INFO 2543 --- [ool-1-thread-64] tourGuide.service.RewardsService         : nearAttraction called with Mojave National Preserve
2023-01-19T23:17:17.920+01:00  INFO 2543 --- [ool-1-thread-64] tourGuide.service.RewardsService         : getDistance called
2023-01-19T23:17:17.920+01:00  INFO 2543 --- [ool-1-thread-64] tourGuide.service.RewardsService         : nearAttraction called with Joshua Tree National Park
2023-01-19T23:17:17.921+01:00  INFO 2543 --- [ool-1-thread-64] tourGuide.service.RewardsService         : getDistance called
2023-01-19T23:17:17.921+01:00  INFO 2543 --- [ool-1-thread-64] tourGuide.service.RewardsService         : nearAttraction called with Buffalo National River
2023-01-19T23:17:17.921+01:00  INFO 2543 --- [ool-1-thread-64] tourGuide.service.RewardsService         : getDistance called
2023-01-19T23:17:17.921+01:00  INFO 2543 --- [ool-1-thread-64] tourGuide.service.RewardsService         : nearAttraction called with Hot Springs National Park
2023-01-19T23:17:17.921+01:00  INFO 2543 --- [ool-1-thread-64] tourGuide.service.RewardsService         : getDistance called
2023-01-19T23:17:17.921+01:00  INFO 2543 --- [ool-1-thread-64] tourGuide.service.RewardsService         : nearAttraction called with Kartchner Caverns State Park
2023-01-19T23:17:17.921+01:00  INFO 2543 --- [ool-1-thread-64] tourGuide.service.RewardsService         : getDistance called
2023-01-19T23:17:17.921+01:00  INFO 2543 --- [ool-1-thread-64] tourGuide.service.RewardsService         : nearAttraction called with Legend Valley
2023-01-19T23:17:17.921+01:00  INFO 2543 --- [ool-1-thread-64] tourGuide.service.RewardsService         : getDistance called
2023-01-19T23:17:17.921+01:00  INFO 2543 --- [ool-1-thread-64] tourGuide.service.RewardsService         : nearAttraction called with Flowers Bakery of London
2023-01-19T23:17:17.921+01:00  INFO 2543 --- [ool-1-thread-64] tourGuide.service.RewardsService         : getDistance called
2023-01-19T23:17:17.921+01:00  INFO 2543 --- [ool-1-thread-64] tourGuide.service.RewardsService         : nearAttraction called with McKinley Tower
2023-01-19T23:17:17.921+01:00  INFO 2543 --- [ool-1-thread-64] tourGuide.service.RewardsService         : getDistance called
2023-01-19T23:17:17.921+01:00  INFO 2543 --- [ool-1-thread-64] tourGuide.service.RewardsService         : nearAttraction called with Flatiron Building
2023-01-19T23:17:17.921+01:00  INFO 2543 --- [ool-1-thread-64] tourGuide.service.RewardsService         : getDistance called
2023-01-19T23:17:17.921+01:00  INFO 2543 --- [ool-1-thread-64] tourGuide.service.RewardsService         : nearAttraction called with Fallingwater
2023-01-19T23:17:17.921+01:00  INFO 2543 --- [ool-1-thread-64] tourGuide.service.RewardsService         : getDistance called
2023-01-19T23:17:17.921+01:00  INFO 2543 --- [ool-1-thread-64] tourGuide.service.RewardsService         : nearAttraction called with Union Station
2023-01-19T23:17:17.921+01:00  INFO 2543 --- [ool-1-thread-64] tourGuide.service.RewardsService         : getDistance called
2023-01-19T23:17:17.921+01:00  INFO 2543 --- [ool-1-thread-64] tourGuide.service.RewardsService         : nearAttraction called with Roger Dean Stadium
2023-01-19T23:17:17.921+01:00  INFO 2543 --- [ool-1-thread-64] tourGuide.service.RewardsService         : getDistance called
2023-01-19T23:17:17.921+01:00  INFO 2543 --- [ool-1-thread-64] tourGuide.service.RewardsService         : nearAttraction called with Texas Memorial Stadium
2023-01-19T23:17:17.921+01:00  INFO 2543 --- [ool-1-thread-64] tourGuide.service.RewardsService         : getDistance called
2023-01-19T23:17:17.921+01:00  INFO 2543 --- [ool-1-thread-64] tourGuide.service.RewardsService         : nearAttraction called with Bryant-Denny Stadium
2023-01-19T23:17:17.921+01:00  INFO 2543 --- [ool-1-thread-64] tourGuide.service.RewardsService         : getDistance called
2023-01-19T23:17:17.921+01:00  INFO 2543 --- [ool-1-thread-64] tourGuide.service.RewardsService         : nearAttraction called with Tiger Stadium
2023-01-19T23:17:17.921+01:00  INFO 2543 --- [ool-1-thread-64] tourGuide.service.RewardsService         : getDistance called
2023-01-19T23:17:17.921+01:00  INFO 2543 --- [ool-1-thread-64] tourGuide.service.RewardsService         : nearAttraction called with Neyland Stadium
2023-01-19T23:17:17.921+01:00  INFO 2543 --- [ool-1-thread-64] tourGuide.service.RewardsService         : getDistance called
2023-01-19T23:17:17.921+01:00  INFO 2543 --- [ool-1-thread-64] tourGuide.service.RewardsService         : nearAttraction called with Kyle Field
2023-01-19T23:17:17.921+01:00  INFO 2543 --- [ool-1-thread-64] tourGuide.service.RewardsService         : getDistance called
2023-01-19T23:17:17.921+01:00  INFO 2543 --- [ool-1-thread-64] tourGuide.service.RewardsService         : nearAttraction called with San Diego Zoo
2023-01-19T23:17:17.921+01:00  INFO 2543 --- [ool-1-thread-64] tourGuide.service.RewardsService         : getDistance called
2023-01-19T23:17:17.921+01:00  INFO 2543 --- [ool-1-thread-64] tourGuide.service.RewardsService         : nearAttraction called with Zoo Tampa at Lowry Park
2023-01-19T23:17:17.921+01:00  INFO 2543 --- [ool-1-thread-64] tourGuide.service.RewardsService         : getDistance called
2023-01-19T23:17:17.922+01:00  INFO 2543 --- [ool-1-thread-64] tourGuide.service.RewardsService         : nearAttraction called with Franklin Park Zoo
2023-01-19T23:17:17.922+01:00  INFO 2543 --- [ool-1-thread-64] tourGuide.service.RewardsService         : getDistance called
2023-01-19T23:17:17.922+01:00  INFO 2543 --- [ool-1-thread-64] tourGuide.service.RewardsService         : nearAttraction called with El Paso Zoo
2023-01-19T23:17:17.922+01:00  INFO 2543 --- [ool-1-thread-64] tourGuide.service.RewardsService         : getDistance called
2023-01-19T23:17:17.922+01:00  INFO 2543 --- [ool-1-thread-64] tourGuide.service.RewardsService         : nearAttraction called with Kansas City Zoo
2023-01-19T23:17:17.922+01:00  INFO 2543 --- [ool-1-thread-64] tourGuide.service.RewardsService         : getDistance called
2023-01-19T23:17:17.922+01:00  INFO 2543 --- [ool-1-thread-64] tourGuide.service.RewardsService         : nearAttraction called with Bronx Zoo
2023-01-19T23:17:17.922+01:00  INFO 2543 --- [ool-1-thread-64] tourGuide.service.RewardsService         : getDistance called
2023-01-19T23:17:17.922+01:00  INFO 2543 --- [ool-1-thread-64] tourGuide.service.RewardsService         : nearAttraction called with Cinderella Castle
2023-01-19T23:17:17.922+01:00  INFO 2543 --- [ool-1-thread-64] tourGuide.service.RewardsService         : getDistance called
2023-01-19T23:17:17.923+01:00  INFO 2543 --- [ool-1-thread-23] tourGuide.service.RewardsService         : nearAttraction called with Jackson Hole
2023-01-19T23:17:17.923+01:00  INFO 2543 --- [ool-1-thread-23] tourGuide.service.RewardsService         : getDistance called
2023-01-19T23:17:17.923+01:00  INFO 2543 --- [ool-1-thread-23] tourGuide.service.RewardsService         : nearAttraction called with Mojave National Preserve
2023-01-19T23:17:17.923+01:00  INFO 2543 --- [ool-1-thread-23] tourGuide.service.RewardsService         : getDistance called
2023-01-19T23:17:17.923+01:00  INFO 2543 --- [ool-1-thread-23] tourGuide.service.RewardsService         : nearAttraction called with Joshua Tree National Park
2023-01-19T23:17:17.923+01:00  INFO 2543 --- [ool-1-thread-23] tourGuide.service.RewardsService         : getDistance called
2023-01-19T23:17:17.923+01:00  INFO 2543 --- [ool-1-thread-23] tourGuide.service.RewardsService         : nearAttraction called with Buffalo National River
2023-01-19T23:17:17.923+01:00  INFO 2543 --- [ool-1-thread-23] tourGuide.service.RewardsService         : getDistance called
2023-01-19T23:17:17.923+01:00  INFO 2543 --- [ool-1-thread-23] tourGuide.service.RewardsService         : nearAttraction called with Hot Springs National Park
2023-01-19T23:17:17.923+01:00  INFO 2543 --- [ool-1-thread-23] tourGuide.service.RewardsService         : getDistance called
2023-01-19T23:17:17.923+01:00  INFO 2543 --- [ool-1-thread-23] tourGuide.service.RewardsService         : nearAttraction called with Kartchner Caverns State Park
2023-01-19T23:17:17.923+01:00  INFO 2543 --- [ool-1-thread-23] tourGuide.service.RewardsService         : getDistance called
2023-01-19T23:17:17.923+01:00  INFO 2543 --- [ool-1-thread-23] tourGuide.service.RewardsService         : nearAttraction called with Legend Valley
2023-01-19T23:17:17.923+01:00  INFO 2543 --- [ool-1-thread-23] tourGuide.service.RewardsService         : getDistance called
2023-01-19T23:17:17.923+01:00  INFO 2543 --- [ool-1-thread-23] tourGuide.service.RewardsService         : nearAttraction called with Flowers Bakery of London
2023-01-19T23:17:17.923+01:00  INFO 2543 --- [ool-1-thread-23] tourGuide.service.RewardsService         : getDistance called
2023-01-19T23:17:17.923+01:00  INFO 2543 --- [ool-1-thread-23] tourGuide.service.RewardsService         : nearAttraction called with McKinley Tower
2023-01-19T23:17:17.923+01:00  INFO 2543 --- [ool-1-thread-23] tourGuide.service.RewardsService         : getDistance called
2023-01-19T23:17:17.923+01:00  INFO 2543 --- [ool-1-thread-23] tourGuide.service.RewardsService         : nearAttraction called with Flatiron Building
2023-01-19T23:17:17.923+01:00  INFO 2543 --- [ool-1-thread-23] tourGuide.service.RewardsService         : getDistance called
2023-01-19T23:17:17.923+01:00  INFO 2543 --- [ool-1-thread-23] tourGuide.service.RewardsService         : nearAttraction called with Fallingwater
2023-01-19T23:17:17.923+01:00  INFO 2543 --- [ool-1-thread-23] tourGuide.service.RewardsService         : getDistance called
2023-01-19T23:17:17.923+01:00  INFO 2543 --- [ool-1-thread-23] tourGuide.service.RewardsService         : nearAttraction called with Union Station
2023-01-19T23:17:17.923+01:00  INFO 2543 --- [ool-1-thread-23] tourGuide.service.RewardsService         : getDistance called
2023-01-19T23:17:17.923+01:00  INFO 2543 --- [ool-1-thread-23] tourGuide.service.RewardsService         : nearAttraction called with Roger Dean Stadium
2023-01-19T23:17:17.923+01:00  INFO 2543 --- [ool-1-thread-23] tourGuide.service.RewardsService         : getDistance called
2023-01-19T23:17:17.923+01:00  INFO 2543 --- [ool-1-thread-23] tourGuide.service.RewardsService         : nearAttraction called with Texas Memorial Stadium
2023-01-19T23:17:17.923+01:00  INFO 2543 --- [ool-1-thread-23] tourGuide.service.RewardsService         : getDistance called
2023-01-19T23:17:17.923+01:00  INFO 2543 --- [ool-1-thread-23] tourGuide.service.RewardsService         : nearAttraction called with Bryant-Denny Stadium
2023-01-19T23:17:17.923+01:00  INFO 2543 --- [ool-1-thread-23] tourGuide.service.RewardsService         : getDistance called
2023-01-19T23:17:17.924+01:00  INFO 2543 --- [ool-1-thread-23] tourGuide.service.RewardsService         : nearAttraction called with Tiger Stadium
2023-01-19T23:17:17.924+01:00  INFO 2543 --- [ool-1-thread-23] tourGuide.service.RewardsService         : getDistance called
2023-01-19T23:17:17.924+01:00  INFO 2543 --- [ool-1-thread-23] tourGuide.service.RewardsService         : nearAttraction called with Neyland Stadium
2023-01-19T23:17:17.924+01:00  INFO 2543 --- [ool-1-thread-23] tourGuide.service.RewardsService         : getDistance called
2023-01-19T23:17:17.924+01:00  INFO 2543 --- [ool-1-thread-23] tourGuide.service.RewardsService         : nearAttraction called with Kyle Field
2023-01-19T23:17:17.924+01:00  INFO 2543 --- [ool-1-thread-23] tourGuide.service.RewardsService         : getDistance called
2023-01-19T23:17:17.924+01:00  INFO 2543 --- [ool-1-thread-23] tourGuide.service.RewardsService         : nearAttraction called with San Diego Zoo
2023-01-19T23:17:17.924+01:00  INFO 2543 --- [ool-1-thread-23] tourGuide.service.RewardsService         : getDistance called
2023-01-19T23:17:17.924+01:00  INFO 2543 --- [ool-1-thread-23] tourGuide.service.RewardsService         : nearAttraction called with Zoo Tampa at Lowry Park
2023-01-19T23:17:17.924+01:00  INFO 2543 --- [ool-1-thread-23] tourGuide.service.RewardsService         : getDistance called
2023-01-19T23:17:17.924+01:00  INFO 2543 --- [ool-1-thread-23] tourGuide.service.RewardsService         : nearAttraction called with Franklin Park Zoo
2023-01-19T23:17:17.924+01:00  INFO 2543 --- [ool-1-thread-23] tourGuide.service.RewardsService         : getDistance called
2023-01-19T23:17:17.924+01:00  INFO 2543 --- [ool-1-thread-23] tourGuide.service.RewardsService         : nearAttraction called with El Paso Zoo
2023-01-19T23:17:17.924+01:00  INFO 2543 --- [ool-1-thread-23] tourGuide.service.RewardsService         : getDistance called
2023-01-19T23:17:17.924+01:00  INFO 2543 --- [ool-1-thread-23] tourGuide.service.RewardsService         : nearAttraction called with Kansas City Zoo
2023-01-19T23:17:17.924+01:00  INFO 2543 --- [ool-1-thread-23] tourGuide.service.RewardsService         : getDistance called
2023-01-19T23:17:17.924+01:00  INFO 2543 --- [ool-1-thread-23] tourGuide.service.RewardsService         : nearAttraction called with Bronx Zoo
2023-01-19T23:17:17.924+01:00  INFO 2543 --- [ool-1-thread-23] tourGuide.service.RewardsService         : getDistance called
2023-01-19T23:17:17.924+01:00  INFO 2543 --- [ool-1-thread-23] tourGuide.service.RewardsService         : nearAttraction called with Cinderella Castle
2023-01-19T23:17:17.924+01:00  INFO 2543 --- [ool-1-thread-23] tourGuide.service.RewardsService         : getDistance called
2023-01-19T23:17:17.936+01:00  INFO 2543 --- [ool-1-thread-40] tourGuide.service.RewardsService         : nearAttraction called with Jackson Hole
2023-01-19T23:17:17.936+01:00  INFO 2543 --- [ool-1-thread-40] tourGuide.service.RewardsService         : getDistance called
2023-01-19T23:17:17.936+01:00  INFO 2543 --- [ool-1-thread-40] tourGuide.service.RewardsService         : nearAttraction called with Mojave National Preserve
2023-01-19T23:17:17.936+01:00  INFO 2543 --- [ool-1-thread-40] tourGuide.service.RewardsService         : getDistance called
2023-01-19T23:17:17.936+01:00  INFO 2543 --- [ool-1-thread-40] tourGuide.service.RewardsService         : nearAttraction called with Joshua Tree National Park
2023-01-19T23:17:17.936+01:00  INFO 2543 --- [ool-1-thread-40] tourGuide.service.RewardsService         : getDistance called
2023-01-19T23:17:17.936+01:00  INFO 2543 --- [ool-1-thread-40] tourGuide.service.RewardsService         : nearAttraction called with Buffalo National River
2023-01-19T23:17:17.936+01:00  INFO 2543 --- [ool-1-thread-40] tourGuide.service.RewardsService         : getDistance called
2023-01-19T23:17:17.936+01:00  INFO 2543 --- [ool-1-thread-40] tourGuide.service.RewardsService         : nearAttraction called with Hot Springs National Park
2023-01-19T23:17:17.936+01:00  INFO 2543 --- [ool-1-thread-40] tourGuide.service.RewardsService         : getDistance called
2023-01-19T23:17:17.936+01:00  INFO 2543 --- [ool-1-thread-40] tourGuide.service.RewardsService         : nearAttraction called with Kartchner Caverns State Park
2023-01-19T23:17:17.936+01:00  INFO 2543 --- [ool-1-thread-40] tourGuide.service.RewardsService         : getDistance called
2023-01-19T23:17:17.936+01:00  INFO 2543 --- [ool-1-thread-40] tourGuide.service.RewardsService         : nearAttraction called with Legend Valley
2023-01-19T23:17:17.936+01:00  INFO 2543 --- [ool-1-thread-40] tourGuide.service.RewardsService         : getDistance called
2023-01-19T23:17:17.936+01:00  INFO 2543 --- [ool-1-thread-40] tourGuide.service.RewardsService         : nearAttraction called with Flowers Bakery of London
2023-01-19T23:17:17.936+01:00  INFO 2543 --- [ool-1-thread-40] tourGuide.service.RewardsService         : getDistance called
2023-01-19T23:17:17.936+01:00  INFO 2543 --- [ool-1-thread-40] tourGuide.service.RewardsService         : nearAttraction called with McKinley Tower
2023-01-19T23:17:17.936+01:00  INFO 2543 --- [ool-1-thread-40] tourGuide.service.RewardsService         : getDistance called
2023-01-19T23:17:17.936+01:00  INFO 2543 --- [ool-1-thread-40] tourGuide.service.RewardsService         : nearAttraction called with Flatiron Building
2023-01-19T23:17:17.936+01:00  INFO 2543 --- [ool-1-thread-40] tourGuide.service.RewardsService         : getDistance called
2023-01-19T23:17:17.936+01:00  INFO 2543 --- [ool-1-thread-40] tourGuide.service.RewardsService         : nearAttraction called with Fallingwater
2023-01-19T23:17:17.936+01:00  INFO 2543 --- [ool-1-thread-40] tourGuide.service.RewardsService         : getDistance called
2023-01-19T23:17:17.937+01:00  INFO 2543 --- [ool-1-thread-40] tourGuide.service.RewardsService         : nearAttraction called with Union Station
2023-01-19T23:17:17.937+01:00  INFO 2543 --- [ool-1-thread-40] tourGuide.service.RewardsService         : getDistance called
2023-01-19T23:17:17.937+01:00  INFO 2543 --- [ool-1-thread-40] tourGuide.service.RewardsService         : nearAttraction called with Roger Dean Stadium
2023-01-19T23:17:17.937+01:00  INFO 2543 --- [ool-1-thread-40] tourGuide.service.RewardsService         : getDistance called
2023-01-19T23:17:17.937+01:00  INFO 2543 --- [ool-1-thread-40] tourGuide.service.RewardsService         : nearAttraction called with Texas Memorial Stadium
2023-01-19T23:17:17.937+01:00  INFO 2543 --- [ool-1-thread-40] tourGuide.service.RewardsService         : getDistance called
2023-01-19T23:17:17.937+01:00  INFO 2543 --- [ool-1-thread-40] tourGuide.service.RewardsService         : nearAttraction called with Bryant-Denny Stadium
2023-01-19T23:17:17.937+01:00  INFO 2543 --- [ool-1-thread-40] tourGuide.service.RewardsService         : getDistance called
2023-01-19T23:17:17.937+01:00  INFO 2543 --- [ool-1-thread-40] tourGuide.service.RewardsService         : nearAttraction called with Tiger Stadium
2023-01-19T23:17:17.937+01:00  INFO 2543 --- [ool-1-thread-40] tourGuide.service.RewardsService         : getDistance called
2023-01-19T23:17:17.937+01:00  INFO 2543 --- [ool-1-thread-40] tourGuide.service.RewardsService         : nearAttraction called with Neyland Stadium
2023-01-19T23:17:17.937+01:00  INFO 2543 --- [ool-1-thread-40] tourGuide.service.RewardsService         : getDistance called
2023-01-19T23:17:17.937+01:00  INFO 2543 --- [ool-1-thread-40] tourGuide.service.RewardsService         : nearAttraction called with Kyle Field
2023-01-19T23:17:17.937+01:00  INFO 2543 --- [ool-1-thread-40] tourGuide.service.RewardsService         : getDistance called
2023-01-19T23:17:17.937+01:00  INFO 2543 --- [ool-1-thread-40] tourGuide.service.RewardsService         : nearAttraction called with San Diego Zoo
2023-01-19T23:17:17.937+01:00  INFO 2543 --- [ool-1-thread-40] tourGuide.service.RewardsService         : getDistance called
2023-01-19T23:17:17.937+01:00  INFO 2543 --- [ool-1-thread-40] tourGuide.service.RewardsService         : nearAttraction called with Zoo Tampa at Lowry Park
2023-01-19T23:17:17.937+01:00  INFO 2543 --- [ool-1-thread-40] tourGuide.service.RewardsService         : getDistance called
2023-01-19T23:17:17.937+01:00  INFO 2543 --- [ool-1-thread-40] tourGuide.service.RewardsService         : nearAttraction called with Franklin Park Zoo
2023-01-19T23:17:17.937+01:00  INFO 2543 --- [ool-1-thread-40] tourGuide.service.RewardsService         : getDistance called
2023-01-19T23:17:17.937+01:00  INFO 2543 --- [ool-1-thread-40] tourGuide.service.RewardsService         : nearAttraction called with El Paso Zoo
2023-01-19T23:17:17.937+01:00  INFO 2543 --- [ool-1-thread-40] tourGuide.service.RewardsService         : getDistance called
2023-01-19T23:17:17.937+01:00  INFO 2543 --- [ool-1-thread-40] tourGuide.service.RewardsService         : nearAttraction called with Kansas City Zoo
2023-01-19T23:17:17.937+01:00  INFO 2543 --- [ool-1-thread-40] tourGuide.service.RewardsService         : getDistance called
2023-01-19T23:17:17.937+01:00  INFO 2543 --- [ool-1-thread-40] tourGuide.service.RewardsService         : nearAttraction called with Bronx Zoo
2023-01-19T23:17:17.937+01:00  INFO 2543 --- [ool-1-thread-40] tourGuide.service.RewardsService         : getDistance called
2023-01-19T23:17:17.937+01:00  INFO 2543 --- [ool-1-thread-40] tourGuide.service.RewardsService         : nearAttraction called with Cinderella Castle
2023-01-19T23:17:17.937+01:00  INFO 2543 --- [ool-1-thread-40] tourGuide.service.RewardsService         : getDistance called
2023-01-19T23:17:17.944+01:00  INFO 2543 --- [ool-1-thread-18] tourGuide.service.RewardsService         : nearAttraction called with Jackson Hole
2023-01-19T23:17:17.944+01:00  INFO 2543 --- [ool-1-thread-18] tourGuide.service.RewardsService         : getDistance called
2023-01-19T23:17:17.944+01:00  INFO 2543 --- [ool-1-thread-18] tourGuide.service.RewardsService         : nearAttraction called with Mojave National Preserve
2023-01-19T23:17:17.944+01:00  INFO 2543 --- [ool-1-thread-18] tourGuide.service.RewardsService         : getDistance called
2023-01-19T23:17:17.944+01:00  INFO 2543 --- [ool-1-thread-18] tourGuide.service.RewardsService         : nearAttraction called with Joshua Tree National Park
2023-01-19T23:17:17.944+01:00  INFO 2543 --- [ool-1-thread-18] tourGuide.service.RewardsService         : getDistance called
2023-01-19T23:17:17.944+01:00  INFO 2543 --- [ool-1-thread-18] tourGuide.service.RewardsService         : nearAttraction called with Buffalo National River
2023-01-19T23:17:17.944+01:00  INFO 2543 --- [ool-1-thread-18] tourGuide.service.RewardsService         : getDistance called
2023-01-19T23:17:17.944+01:00  INFO 2543 --- [ool-1-thread-18] tourGuide.service.RewardsService         : nearAttraction called with Hot Springs National Park
2023-01-19T23:17:17.944+01:00  INFO 2543 --- [ool-1-thread-18] tourGuide.service.RewardsService         : getDistance called
2023-01-19T23:17:17.944+01:00  INFO 2543 --- [ool-1-thread-18] tourGuide.service.RewardsService         : nearAttraction called with Kartchner Caverns State Park
2023-01-19T23:17:17.944+01:00  INFO 2543 --- [ool-1-thread-18] tourGuide.service.RewardsService         : getDistance called
2023-01-19T23:17:17.944+01:00  INFO 2543 --- [ool-1-thread-18] tourGuide.service.RewardsService         : nearAttraction called with Legend Valley
2023-01-19T23:17:17.944+01:00  INFO 2543 --- [ool-1-thread-18] tourGuide.service.RewardsService         : getDistance called
2023-01-19T23:17:17.944+01:00  INFO 2543 --- [ool-1-thread-18] tourGuide.service.RewardsService         : nearAttraction called with Flowers Bakery of London
2023-01-19T23:17:17.944+01:00  INFO 2543 --- [ool-1-thread-18] tourGuide.service.RewardsService         : getDistance called
2023-01-19T23:17:17.944+01:00  INFO 2543 --- [ool-1-thread-18] tourGuide.service.RewardsService         : nearAttraction called with McKinley Tower
2023-01-19T23:17:17.945+01:00  INFO 2543 --- [ool-1-thread-18] tourGuide.service.RewardsService         : getDistance called
2023-01-19T23:17:17.945+01:00  INFO 2543 --- [ool-1-thread-18] tourGuide.service.RewardsService         : nearAttraction called with Flatiron Building
2023-01-19T23:17:17.945+01:00  INFO 2543 --- [ool-1-thread-18] tourGuide.service.RewardsService         : getDistance called
2023-01-19T23:17:17.945+01:00  INFO 2543 --- [ool-1-thread-18] tourGuide.service.RewardsService         : nearAttraction called with Fallingwater
2023-01-19T23:17:17.945+01:00  INFO 2543 --- [ool-1-thread-18] tourGuide.service.RewardsService         : getDistance called
2023-01-19T23:17:17.945+01:00  INFO 2543 --- [ool-1-thread-18] tourGuide.service.RewardsService         : nearAttraction called with Union Station
2023-01-19T23:17:17.945+01:00  INFO 2543 --- [ool-1-thread-18] tourGuide.service.RewardsService         : getDistance called
2023-01-19T23:17:17.945+01:00  INFO 2543 --- [ool-1-thread-18] tourGuide.service.RewardsService         : nearAttraction called with Roger Dean Stadium
2023-01-19T23:17:17.945+01:00  INFO 2543 --- [ool-1-thread-18] tourGuide.service.RewardsService         : getDistance called
2023-01-19T23:17:17.945+01:00  INFO 2543 --- [ool-1-thread-18] tourGuide.service.RewardsService         : nearAttraction called with Texas Memorial Stadium
2023-01-19T23:17:17.945+01:00  INFO 2543 --- [ool-1-thread-18] tourGuide.service.RewardsService         : getDistance called
2023-01-19T23:17:17.945+01:00  INFO 2543 --- [ool-1-thread-18] tourGuide.service.RewardsService         : nearAttraction called with Bryant-Denny Stadium
2023-01-19T23:17:17.945+01:00  INFO 2543 --- [ool-1-thread-18] tourGuide.service.RewardsService         : getDistance called
2023-01-19T23:17:17.945+01:00  INFO 2543 --- [ool-1-thread-18] tourGuide.service.RewardsService         : nearAttraction called with Tiger Stadium
2023-01-19T23:17:17.945+01:00  INFO 2543 --- [ool-1-thread-18] tourGuide.service.RewardsService         : getDistance called
2023-01-19T23:17:17.945+01:00  INFO 2543 --- [ool-1-thread-18] tourGuide.service.RewardsService         : nearAttraction called with Neyland Stadium
2023-01-19T23:17:17.945+01:00  INFO 2543 --- [ool-1-thread-18] tourGuide.service.RewardsService         : getDistance called
2023-01-19T23:17:17.945+01:00  INFO 2543 --- [ool-1-thread-18] tourGuide.service.RewardsService         : nearAttraction called with Kyle Field
2023-01-19T23:17:17.945+01:00  INFO 2543 --- [ool-1-thread-18] tourGuide.service.RewardsService         : getDistance called
2023-01-19T23:17:17.945+01:00  INFO 2543 --- [ool-1-thread-18] tourGuide.service.RewardsService         : nearAttraction called with San Diego Zoo
2023-01-19T23:17:17.945+01:00  INFO 2543 --- [ool-1-thread-18] tourGuide.service.RewardsService         : getDistance called
2023-01-19T23:17:17.945+01:00  INFO 2543 --- [ool-1-thread-18] tourGuide.service.RewardsService         : nearAttraction called with Zoo Tampa at Lowry Park
2023-01-19T23:17:17.945+01:00  INFO 2543 --- [ool-1-thread-18] tourGuide.service.RewardsService         : getDistance called
2023-01-19T23:17:17.945+01:00  INFO 2543 --- [ool-1-thread-18] tourGuide.service.RewardsService         : nearAttraction called with Franklin Park Zoo
2023-01-19T23:17:17.945+01:00  INFO 2543 --- [ool-1-thread-18] tourGuide.service.RewardsService         : getDistance called
2023-01-19T23:17:17.945+01:00  INFO 2543 --- [ool-1-thread-18] tourGuide.service.RewardsService         : nearAttraction called with El Paso Zoo
2023-01-19T23:17:17.945+01:00  INFO 2543 --- [ool-1-thread-18] tourGuide.service.RewardsService         : getDistance called
2023-01-19T23:17:17.945+01:00  INFO 2543 --- [ool-1-thread-18] tourGuide.service.RewardsService         : nearAttraction called with Kansas City Zoo
2023-01-19T23:17:17.945+01:00  INFO 2543 --- [ool-1-thread-18] tourGuide.service.RewardsService         : getDistance called
2023-01-19T23:17:17.945+01:00  INFO 2543 --- [ool-1-thread-18] tourGuide.service.RewardsService         : nearAttraction called with Bronx Zoo
2023-01-19T23:17:17.945+01:00  INFO 2543 --- [ool-1-thread-18] tourGuide.service.RewardsService         : getDistance called
2023-01-19T23:17:17.945+01:00  INFO 2543 --- [ool-1-thread-18] tourGuide.service.RewardsService         : nearAttraction called with Cinderella Castle
2023-01-19T23:17:17.945+01:00  INFO 2543 --- [ool-1-thread-18] tourGuide.service.RewardsService         : getDistance called
2023-01-19T23:17:17.947+01:00  INFO 2543 --- [ool-1-thread-47] tourGuide.service.RewardsService         : nearAttraction called with Jackson Hole
2023-01-19T23:17:17.947+01:00  INFO 2543 --- [ool-1-thread-47] tourGuide.service.RewardsService         : getDistance called
2023-01-19T23:17:17.947+01:00  INFO 2543 --- [ool-1-thread-47] tourGuide.service.RewardsService         : nearAttraction called with Mojave National Preserve
2023-01-19T23:17:17.948+01:00  INFO 2543 --- [ool-1-thread-47] tourGuide.service.RewardsService         : getDistance called
2023-01-19T23:17:17.948+01:00  INFO 2543 --- [ool-1-thread-47] tourGuide.service.RewardsService         : nearAttraction called with Joshua Tree National Park
2023-01-19T23:17:17.948+01:00  INFO 2543 --- [ool-1-thread-47] tourGuide.service.RewardsService         : getDistance called
2023-01-19T23:17:17.948+01:00  INFO 2543 --- [ool-1-thread-47] tourGuide.service.RewardsService         : nearAttraction called with Buffalo National River
2023-01-19T23:17:17.948+01:00  INFO 2543 --- [ool-1-thread-47] tourGuide.service.RewardsService         : getDistance called
2023-01-19T23:17:17.948+01:00  INFO 2543 --- [ool-1-thread-47] tourGuide.service.RewardsService         : nearAttraction called with Hot Springs National Park
2023-01-19T23:17:17.948+01:00  INFO 2543 --- [ool-1-thread-47] tourGuide.service.RewardsService         : getDistance called
2023-01-19T23:17:17.948+01:00  INFO 2543 --- [ool-1-thread-47] tourGuide.service.RewardsService         : nearAttraction called with Kartchner Caverns State Park
2023-01-19T23:17:17.948+01:00  INFO 2543 --- [ool-1-thread-47] tourGuide.service.RewardsService         : getDistance called
2023-01-19T23:17:17.948+01:00  INFO 2543 --- [ool-1-thread-47] tourGuide.service.RewardsService         : nearAttraction called with Legend Valley
2023-01-19T23:17:17.948+01:00  INFO 2543 --- [ool-1-thread-47] tourGuide.service.RewardsService         : getDistance called
2023-01-19T23:17:17.948+01:00  INFO 2543 --- [ool-1-thread-47] tourGuide.service.RewardsService         : nearAttraction called with Flowers Bakery of London
2023-01-19T23:17:17.948+01:00  INFO 2543 --- [ool-1-thread-47] tourGuide.service.RewardsService         : getDistance called
2023-01-19T23:17:17.948+01:00  INFO 2543 --- [ool-1-thread-47] tourGuide.service.RewardsService         : nearAttraction called with McKinley Tower
2023-01-19T23:17:17.948+01:00  INFO 2543 --- [pool-1-thread-3] tourGuide.service.RewardsService         : nearAttraction called with Jackson Hole
2023-01-19T23:17:17.948+01:00  INFO 2543 --- [ool-1-thread-47] tourGuide.service.RewardsService         : getDistance called
2023-01-19T23:17:17.948+01:00  INFO 2543 --- [pool-1-thread-3] tourGuide.service.RewardsService         : getDistance called
2023-01-19T23:17:17.948+01:00  INFO 2543 --- [pool-1-thread-3] tourGuide.service.RewardsService         : nearAttraction called with Mojave National Preserve
2023-01-19T23:17:17.948+01:00  INFO 2543 --- [ool-1-thread-47] tourGuide.service.RewardsService         : nearAttraction called with Flatiron Building
2023-01-19T23:17:17.948+01:00  INFO 2543 --- [ool-1-thread-47] tourGuide.service.RewardsService         : getDistance called
2023-01-19T23:17:17.948+01:00  INFO 2543 --- [ool-1-thread-47] tourGuide.service.RewardsService         : nearAttraction called with Fallingwater
2023-01-19T23:17:17.948+01:00  INFO 2543 --- [pool-1-thread-3] tourGuide.service.RewardsService         : getDistance called
2023-01-19T23:17:17.948+01:00  INFO 2543 --- [ool-1-thread-47] tourGuide.service.RewardsService         : getDistance called
2023-01-19T23:17:17.948+01:00  INFO 2543 --- [pool-1-thread-3] tourGuide.service.RewardsService         : nearAttraction called with Joshua Tree National Park
2023-01-19T23:17:17.948+01:00  INFO 2543 --- [pool-1-thread-3] tourGuide.service.RewardsService         : getDistance called
2023-01-19T23:17:17.948+01:00  INFO 2543 --- [ool-1-thread-47] tourGuide.service.RewardsService         : nearAttraction called with Union Station
2023-01-19T23:17:17.948+01:00  INFO 2543 --- [pool-1-thread-3] tourGuide.service.RewardsService         : nearAttraction called with Buffalo National River
2023-01-19T23:17:17.948+01:00  INFO 2543 --- [ool-1-thread-47] tourGuide.service.RewardsService         : getDistance called
2023-01-19T23:17:17.948+01:00  INFO 2543 --- [pool-1-thread-3] tourGuide.service.RewardsService         : getDistance called
2023-01-19T23:17:17.948+01:00  INFO 2543 --- [ool-1-thread-47] tourGuide.service.RewardsService         : nearAttraction called with Roger Dean Stadium
2023-01-19T23:17:17.948+01:00  INFO 2543 --- [ool-1-thread-47] tourGuide.service.RewardsService         : getDistance called
2023-01-19T23:17:17.948+01:00  INFO 2543 --- [ool-1-thread-47] tourGuide.service.RewardsService         : nearAttraction called with Texas Memorial Stadium
2023-01-19T23:17:17.948+01:00  INFO 2543 --- [ool-1-thread-47] tourGuide.service.RewardsService         : getDistance called
2023-01-19T23:17:17.948+01:00  INFO 2543 --- [pool-1-thread-3] tourGuide.service.RewardsService         : nearAttraction called with Hot Springs National Park
2023-01-19T23:17:17.948+01:00  INFO 2543 --- [pool-1-thread-3] tourGuide.service.RewardsService         : getDistance called
2023-01-19T23:17:17.948+01:00  INFO 2543 --- [pool-1-thread-3] tourGuide.service.RewardsService         : nearAttraction called with Kartchner Caverns State Park
2023-01-19T23:17:17.948+01:00  INFO 2543 --- [ool-1-thread-47] tourGuide.service.RewardsService         : nearAttraction called with Bryant-Denny Stadium
2023-01-19T23:17:17.949+01:00  INFO 2543 --- [pool-1-thread-3] tourGuide.service.RewardsService         : getDistance called
2023-01-19T23:17:17.949+01:00  INFO 2543 --- [pool-1-thread-3] tourGuide.service.RewardsService         : nearAttraction called with Legend Valley
2023-01-19T23:17:17.949+01:00  INFO 2543 --- [pool-1-thread-3] tourGuide.service.RewardsService         : getDistance called
2023-01-19T23:17:17.949+01:00  INFO 2543 --- [ool-1-thread-47] tourGuide.service.RewardsService         : getDistance called
2023-01-19T23:17:17.949+01:00  INFO 2543 --- [pool-1-thread-3] tourGuide.service.RewardsService         : nearAttraction called with Flowers Bakery of London
2023-01-19T23:17:17.949+01:00  INFO 2543 --- [pool-1-thread-3] tourGuide.service.RewardsService         : getDistance called
2023-01-19T23:17:17.949+01:00  INFO 2543 --- [ool-1-thread-47] tourGuide.service.RewardsService         : nearAttraction called with Tiger Stadium
2023-01-19T23:17:17.949+01:00  INFO 2543 --- [ool-1-thread-47] tourGuide.service.RewardsService         : getDistance called
2023-01-19T23:17:17.949+01:00  INFO 2543 --- [pool-1-thread-3] tourGuide.service.RewardsService         : nearAttraction called with McKinley Tower
2023-01-19T23:17:17.949+01:00  INFO 2543 --- [pool-1-thread-3] tourGuide.service.RewardsService         : getDistance called
2023-01-19T23:17:17.949+01:00  INFO 2543 --- [ool-1-thread-47] tourGuide.service.RewardsService         : nearAttraction called with Neyland Stadium
2023-01-19T23:17:17.949+01:00  INFO 2543 --- [pool-1-thread-3] tourGuide.service.RewardsService         : nearAttraction called with Flatiron Building
2023-01-19T23:17:17.949+01:00  INFO 2543 --- [ool-1-thread-47] tourGuide.service.RewardsService         : getDistance called
2023-01-19T23:17:17.949+01:00  INFO 2543 --- [pool-1-thread-3] tourGuide.service.RewardsService         : getDistance called
2023-01-19T23:17:17.949+01:00  INFO 2543 --- [ool-1-thread-47] tourGuide.service.RewardsService         : nearAttraction called with Kyle Field
2023-01-19T23:17:17.949+01:00  INFO 2543 --- [ool-1-thread-47] tourGuide.service.RewardsService         : getDistance called
2023-01-19T23:17:17.949+01:00  INFO 2543 --- [pool-1-thread-3] tourGuide.service.RewardsService         : nearAttraction called with Fallingwater
2023-01-19T23:17:17.949+01:00  INFO 2543 --- [ool-1-thread-47] tourGuide.service.RewardsService         : nearAttraction called with San Diego Zoo
2023-01-19T23:17:17.949+01:00  INFO 2543 --- [ool-1-thread-47] tourGuide.service.RewardsService         : getDistance called
2023-01-19T23:17:17.949+01:00  INFO 2543 --- [pool-1-thread-3] tourGuide.service.RewardsService         : getDistance called
2023-01-19T23:17:17.949+01:00  INFO 2543 --- [ool-1-thread-47] tourGuide.service.RewardsService         : nearAttraction called with Zoo Tampa at Lowry Park
2023-01-19T23:17:17.949+01:00  INFO 2543 --- [pool-1-thread-3] tourGuide.service.RewardsService         : nearAttraction called with Union Station
2023-01-19T23:17:17.949+01:00  INFO 2543 --- [pool-1-thread-3] tourGuide.service.RewardsService         : getDistance called
2023-01-19T23:17:17.949+01:00  INFO 2543 --- [ool-1-thread-47] tourGuide.service.RewardsService         : getDistance called
2023-01-19T23:17:17.949+01:00  INFO 2543 --- [pool-1-thread-3] tourGuide.service.RewardsService         : nearAttraction called with Roger Dean Stadium
2023-01-19T23:17:17.949+01:00  INFO 2543 --- [ool-1-thread-47] tourGuide.service.RewardsService         : nearAttraction called with Franklin Park Zoo
2023-01-19T23:17:17.949+01:00  INFO 2543 --- [pool-1-thread-3] tourGuide.service.RewardsService         : getDistance called
2023-01-19T23:17:17.949+01:00  INFO 2543 --- [ool-1-thread-47] tourGuide.service.RewardsService         : getDistance called
2023-01-19T23:17:17.949+01:00  INFO 2543 --- [pool-1-thread-3] tourGuide.service.RewardsService         : nearAttraction called with Texas Memorial Stadium
2023-01-19T23:17:17.949+01:00  INFO 2543 --- [ool-1-thread-47] tourGuide.service.RewardsService         : nearAttraction called with El Paso Zoo
2023-01-19T23:17:17.949+01:00  INFO 2543 --- [pool-1-thread-3] tourGuide.service.RewardsService         : getDistance called
2023-01-19T23:17:17.950+01:00  INFO 2543 --- [ool-1-thread-47] tourGuide.service.RewardsService         : getDistance called
2023-01-19T23:17:17.950+01:00  INFO 2543 --- [pool-1-thread-3] tourGuide.service.RewardsService         : nearAttraction called with Bryant-Denny Stadium
2023-01-19T23:17:17.950+01:00  INFO 2543 --- [ool-1-thread-47] tourGuide.service.RewardsService         : nearAttraction called with Kansas City Zoo
2023-01-19T23:17:17.950+01:00  INFO 2543 --- [pool-1-thread-3] tourGuide.service.RewardsService         : getDistance called
2023-01-19T23:17:17.950+01:00  INFO 2543 --- [pool-1-thread-3] tourGuide.service.RewardsService         : nearAttraction called with Tiger Stadium
2023-01-19T23:17:17.950+01:00  INFO 2543 --- [ool-1-thread-47] tourGuide.service.RewardsService         : getDistance called
2023-01-19T23:17:17.950+01:00  INFO 2543 --- [pool-1-thread-3] tourGuide.service.RewardsService         : getDistance called
2023-01-19T23:17:17.950+01:00  INFO 2543 --- [ool-1-thread-47] tourGuide.service.RewardsService         : nearAttraction called with Bronx Zoo
2023-01-19T23:17:17.950+01:00  INFO 2543 --- [ool-1-thread-47] tourGuide.service.RewardsService         : getDistance called
2023-01-19T23:17:17.950+01:00  INFO 2543 --- [ool-1-thread-47] tourGuide.service.RewardsService         : nearAttraction called with Cinderella Castle
2023-01-19T23:17:17.950+01:00  INFO 2543 --- [ool-1-thread-47] tourGuide.service.RewardsService         : getDistance called
2023-01-19T23:17:17.950+01:00  INFO 2543 --- [pool-1-thread-3] tourGuide.service.RewardsService         : nearAttraction called with Neyland Stadium
2023-01-19T23:17:17.950+01:00  INFO 2543 --- [pool-1-thread-3] tourGuide.service.RewardsService         : getDistance called
2023-01-19T23:17:17.950+01:00  INFO 2543 --- [pool-1-thread-3] tourGuide.service.RewardsService         : nearAttraction called with Kyle Field
2023-01-19T23:17:17.950+01:00  INFO 2543 --- [pool-1-thread-3] tourGuide.service.RewardsService         : getDistance called
2023-01-19T23:17:17.950+01:00  INFO 2543 --- [pool-1-thread-3] tourGuide.service.RewardsService         : nearAttraction called with San Diego Zoo
2023-01-19T23:17:17.950+01:00  INFO 2543 --- [pool-1-thread-3] tourGuide.service.RewardsService         : getDistance called
2023-01-19T23:17:17.950+01:00  INFO 2543 --- [pool-1-thread-3] tourGuide.service.RewardsService         : nearAttraction called with Zoo Tampa at Lowry Park
2023-01-19T23:17:17.950+01:00  INFO 2543 --- [pool-1-thread-3] tourGuide.service.RewardsService         : getDistance called
2023-01-19T23:17:17.950+01:00  INFO 2543 --- [pool-1-thread-3] tourGuide.service.RewardsService         : nearAttraction called with Franklin Park Zoo
2023-01-19T23:17:17.950+01:00  INFO 2543 --- [pool-1-thread-3] tourGuide.service.RewardsService         : getDistance called
2023-01-19T23:17:17.950+01:00  INFO 2543 --- [pool-1-thread-3] tourGuide.service.RewardsService         : nearAttraction called with El Paso Zoo
2023-01-19T23:17:17.950+01:00  INFO 2543 --- [pool-1-thread-3] tourGuide.service.RewardsService         : getDistance called
2023-01-19T23:17:17.950+01:00  INFO 2543 --- [pool-1-thread-3] tourGuide.service.RewardsService         : nearAttraction called with Kansas City Zoo
2023-01-19T23:17:17.950+01:00  INFO 2543 --- [pool-1-thread-3] tourGuide.service.RewardsService         : getDistance called
2023-01-19T23:17:17.950+01:00  INFO 2543 --- [pool-1-thread-3] tourGuide.service.RewardsService         : nearAttraction called with Bronx Zoo
2023-01-19T23:17:17.950+01:00  INFO 2543 --- [pool-1-thread-3] tourGuide.service.RewardsService         : getDistance called
2023-01-19T23:17:17.950+01:00  INFO 2543 --- [pool-1-thread-3] tourGuide.service.RewardsService         : nearAttraction called with Cinderella Castle
2023-01-19T23:17:17.950+01:00  INFO 2543 --- [pool-1-thread-3] tourGuide.service.RewardsService         : getDistance called
2023-01-19T23:17:17.964+01:00  INFO 2543 --- [ool-1-thread-53] tourGuide.service.RewardsService         : nearAttraction called with Jackson Hole
2023-01-19T23:17:17.964+01:00  INFO 2543 --- [ool-1-thread-53] tourGuide.service.RewardsService         : getDistance called
2023-01-19T23:17:17.965+01:00  INFO 2543 --- [ool-1-thread-53] tourGuide.service.RewardsService         : nearAttraction called with Mojave National Preserve
2023-01-19T23:17:17.965+01:00  INFO 2543 --- [ool-1-thread-53] tourGuide.service.RewardsService         : getDistance called
2023-01-19T23:17:17.965+01:00  INFO 2543 --- [ool-1-thread-53] tourGuide.service.RewardsService         : nearAttraction called with Joshua Tree National Park
2023-01-19T23:17:17.965+01:00  INFO 2543 --- [ool-1-thread-53] tourGuide.service.RewardsService         : getDistance called
2023-01-19T23:17:17.965+01:00  INFO 2543 --- [ool-1-thread-53] tourGuide.service.RewardsService         : nearAttraction called with Buffalo National River
2023-01-19T23:17:17.965+01:00  INFO 2543 --- [ool-1-thread-53] tourGuide.service.RewardsService         : getDistance called
2023-01-19T23:17:17.965+01:00  INFO 2543 --- [ool-1-thread-53] tourGuide.service.RewardsService         : nearAttraction called with Hot Springs National Park
2023-01-19T23:17:17.965+01:00  INFO 2543 --- [ool-1-thread-53] tourGuide.service.RewardsService         : getDistance called
2023-01-19T23:17:17.965+01:00  INFO 2543 --- [ool-1-thread-53] tourGuide.service.RewardsService         : nearAttraction called with Kartchner Caverns State Park
2023-01-19T23:17:17.965+01:00  INFO 2543 --- [ool-1-thread-53] tourGuide.service.RewardsService         : getDistance called
2023-01-19T23:17:17.965+01:00  INFO 2543 --- [ool-1-thread-53] tourGuide.service.RewardsService         : nearAttraction called with Legend Valley
2023-01-19T23:17:17.965+01:00  INFO 2543 --- [ool-1-thread-53] tourGuide.service.RewardsService         : getDistance called
2023-01-19T23:17:17.965+01:00  INFO 2543 --- [ool-1-thread-53] tourGuide.service.RewardsService         : nearAttraction called with Flowers Bakery of London
2023-01-19T23:17:17.965+01:00  INFO 2543 --- [ool-1-thread-53] tourGuide.service.RewardsService         : getDistance called
2023-01-19T23:17:17.965+01:00  INFO 2543 --- [ool-1-thread-53] tourGuide.service.RewardsService         : nearAttraction called with McKinley Tower
2023-01-19T23:17:17.965+01:00  INFO 2543 --- [ool-1-thread-53] tourGuide.service.RewardsService         : getDistance called
2023-01-19T23:17:17.965+01:00  INFO 2543 --- [ool-1-thread-53] tourGuide.service.RewardsService         : nearAttraction called with Flatiron Building
2023-01-19T23:17:17.965+01:00  INFO 2543 --- [ool-1-thread-53] tourGuide.service.RewardsService         : getDistance called
2023-01-19T23:17:17.965+01:00  INFO 2543 --- [ool-1-thread-53] tourGuide.service.RewardsService         : nearAttraction called with Fallingwater
2023-01-19T23:17:17.965+01:00  INFO 2543 --- [ool-1-thread-53] tourGuide.service.RewardsService         : getDistance called
2023-01-19T23:17:17.965+01:00  INFO 2543 --- [ool-1-thread-53] tourGuide.service.RewardsService         : nearAttraction called with Union Station
2023-01-19T23:17:17.965+01:00  INFO 2543 --- [ool-1-thread-53] tourGuide.service.RewardsService         : getDistance called
2023-01-19T23:17:17.965+01:00  INFO 2543 --- [ool-1-thread-53] tourGuide.service.RewardsService         : nearAttraction called with Roger Dean Stadium
2023-01-19T23:17:17.965+01:00  INFO 2543 --- [ool-1-thread-53] tourGuide.service.RewardsService         : getDistance called
2023-01-19T23:17:17.965+01:00  INFO 2543 --- [ool-1-thread-53] tourGuide.service.RewardsService         : nearAttraction called with Texas Memorial Stadium
2023-01-19T23:17:17.965+01:00  INFO 2543 --- [ool-1-thread-53] tourGuide.service.RewardsService         : getDistance called
2023-01-19T23:17:17.965+01:00  INFO 2543 --- [ool-1-thread-53] tourGuide.service.RewardsService         : nearAttraction called with Bryant-Denny Stadium
2023-01-19T23:17:17.965+01:00  INFO 2543 --- [ool-1-thread-53] tourGuide.service.RewardsService         : getDistance called
2023-01-19T23:17:17.965+01:00  INFO 2543 --- [ool-1-thread-53] tourGuide.service.RewardsService         : nearAttraction called with Tiger Stadium
2023-01-19T23:17:17.965+01:00  INFO 2543 --- [ool-1-thread-53] tourGuide.service.RewardsService         : getDistance called
2023-01-19T23:17:17.965+01:00  INFO 2543 --- [ool-1-thread-53] tourGuide.service.RewardsService         : nearAttraction called with Neyland Stadium
2023-01-19T23:17:17.965+01:00  INFO 2543 --- [ool-1-thread-53] tourGuide.service.RewardsService         : getDistance called
2023-01-19T23:17:17.965+01:00  INFO 2543 --- [ool-1-thread-53] tourGuide.service.RewardsService         : nearAttraction called with Kyle Field
2023-01-19T23:17:17.965+01:00  INFO 2543 --- [ool-1-thread-53] tourGuide.service.RewardsService         : getDistance called
2023-01-19T23:17:17.965+01:00  INFO 2543 --- [ool-1-thread-53] tourGuide.service.RewardsService         : nearAttraction called with San Diego Zoo
2023-01-19T23:17:17.965+01:00  INFO 2543 --- [ool-1-thread-53] tourGuide.service.RewardsService         : getDistance called
2023-01-19T23:17:17.965+01:00  INFO 2543 --- [ool-1-thread-53] tourGuide.service.RewardsService         : nearAttraction called with Zoo Tampa at Lowry Park
2023-01-19T23:17:17.966+01:00  INFO 2543 --- [ool-1-thread-53] tourGuide.service.RewardsService         : getDistance called
2023-01-19T23:17:17.966+01:00  INFO 2543 --- [ool-1-thread-53] tourGuide.service.RewardsService         : nearAttraction called with Franklin Park Zoo
2023-01-19T23:17:17.966+01:00  INFO 2543 --- [ool-1-thread-53] tourGuide.service.RewardsService         : getDistance called
2023-01-19T23:17:17.966+01:00  INFO 2543 --- [ool-1-thread-53] tourGuide.service.RewardsService         : nearAttraction called with El Paso Zoo
2023-01-19T23:17:17.966+01:00  INFO 2543 --- [ool-1-thread-53] tourGuide.service.RewardsService         : getDistance called
2023-01-19T23:17:17.966+01:00  INFO 2543 --- [ool-1-thread-53] tourGuide.service.RewardsService         : nearAttraction called with Kansas City Zoo
2023-01-19T23:17:17.966+01:00  INFO 2543 --- [ool-1-thread-53] tourGuide.service.RewardsService         : getDistance called
2023-01-19T23:17:17.966+01:00  INFO 2543 --- [ool-1-thread-53] tourGuide.service.RewardsService         : nearAttraction called with Bronx Zoo
2023-01-19T23:17:17.966+01:00  INFO 2543 --- [ool-1-thread-53] tourGuide.service.RewardsService         : getDistance called
2023-01-19T23:17:17.966+01:00  INFO 2543 --- [ool-1-thread-53] tourGuide.service.RewardsService         : nearAttraction called with Cinderella Castle
2023-01-19T23:17:17.966+01:00  INFO 2543 --- [ool-1-thread-53] tourGuide.service.RewardsService         : getDistance called
2023-01-19T23:17:17.971+01:00  INFO 2543 --- [ool-1-thread-44] tourGuide.service.RewardsService         : nearAttraction called with Jackson Hole
2023-01-19T23:17:17.971+01:00  INFO 2543 --- [ool-1-thread-44] tourGuide.service.RewardsService         : getDistance called
2023-01-19T23:17:17.971+01:00  INFO 2543 --- [ool-1-thread-44] tourGuide.service.RewardsService         : nearAttraction called with Mojave National Preserve
2023-01-19T23:17:17.971+01:00  INFO 2543 --- [ool-1-thread-44] tourGuide.service.RewardsService         : getDistance called
2023-01-19T23:17:17.971+01:00  INFO 2543 --- [ool-1-thread-44] tourGuide.service.RewardsService         : nearAttraction called with Joshua Tree National Park
2023-01-19T23:17:17.972+01:00  INFO 2543 --- [ool-1-thread-44] tourGuide.service.RewardsService         : getDistance called
2023-01-19T23:17:17.972+01:00  INFO 2543 --- [ool-1-thread-44] tourGuide.service.RewardsService         : nearAttraction called with Buffalo National River
2023-01-19T23:17:17.972+01:00  INFO 2543 --- [ool-1-thread-44] tourGuide.service.RewardsService         : getDistance called
2023-01-19T23:17:17.972+01:00  INFO 2543 --- [ool-1-thread-44] tourGuide.service.RewardsService         : nearAttraction called with Hot Springs National Park
2023-01-19T23:17:17.972+01:00  INFO 2543 --- [ool-1-thread-44] tourGuide.service.RewardsService         : getDistance called
2023-01-19T23:17:17.972+01:00  INFO 2543 --- [ool-1-thread-44] tourGuide.service.RewardsService         : nearAttraction called with Kartchner Caverns State Park
2023-01-19T23:17:17.972+01:00  INFO 2543 --- [ool-1-thread-44] tourGuide.service.RewardsService         : getDistance called
2023-01-19T23:17:17.972+01:00  INFO 2543 --- [ool-1-thread-44] tourGuide.service.RewardsService         : nearAttraction called with Legend Valley
2023-01-19T23:17:17.972+01:00  INFO 2543 --- [ool-1-thread-44] tourGuide.service.RewardsService         : getDistance called
2023-01-19T23:17:17.972+01:00  INFO 2543 --- [ool-1-thread-44] tourGuide.service.RewardsService         : nearAttraction called with Flowers Bakery of London
2023-01-19T23:17:17.972+01:00  INFO 2543 --- [ool-1-thread-44] tourGuide.service.RewardsService         : getDistance called
2023-01-19T23:17:17.972+01:00  INFO 2543 --- [ool-1-thread-44] tourGuide.service.RewardsService         : nearAttraction called with McKinley Tower
2023-01-19T23:17:17.972+01:00  INFO 2543 --- [ool-1-thread-44] tourGuide.service.RewardsService         : getDistance called
2023-01-19T23:17:17.972+01:00  INFO 2543 --- [ool-1-thread-44] tourGuide.service.RewardsService         : nearAttraction called with Flatiron Building
2023-01-19T23:17:17.972+01:00  INFO 2543 --- [ool-1-thread-44] tourGuide.service.RewardsService         : getDistance called
2023-01-19T23:17:17.972+01:00  INFO 2543 --- [ool-1-thread-44] tourGuide.service.RewardsService         : nearAttraction called with Fallingwater
2023-01-19T23:17:17.972+01:00  INFO 2543 --- [ool-1-thread-44] tourGuide.service.RewardsService         : getDistance called
2023-01-19T23:17:17.972+01:00  INFO 2543 --- [ool-1-thread-44] tourGuide.service.RewardsService         : nearAttraction called with Union Station
2023-01-19T23:17:17.972+01:00  INFO 2543 --- [ool-1-thread-44] tourGuide.service.RewardsService         : getDistance called
2023-01-19T23:17:17.972+01:00  INFO 2543 --- [ool-1-thread-44] tourGuide.service.RewardsService         : nearAttraction called with Roger Dean Stadium
2023-01-19T23:17:17.972+01:00  INFO 2543 --- [ool-1-thread-44] tourGuide.service.RewardsService         : getDistance called
2023-01-19T23:17:17.972+01:00  INFO 2543 --- [ool-1-thread-44] tourGuide.service.RewardsService         : nearAttraction called with Texas Memorial Stadium
2023-01-19T23:17:17.972+01:00  INFO 2543 --- [ool-1-thread-44] tourGuide.service.RewardsService         : getDistance called
2023-01-19T23:17:17.972+01:00  INFO 2543 --- [ool-1-thread-44] tourGuide.service.RewardsService         : nearAttraction called with Bryant-Denny Stadium
2023-01-19T23:17:17.972+01:00  INFO 2543 --- [ool-1-thread-44] tourGuide.service.RewardsService         : getDistance called
2023-01-19T23:17:17.972+01:00  INFO 2543 --- [ool-1-thread-44] tourGuide.service.RewardsService         : nearAttraction called with Tiger Stadium
2023-01-19T23:17:17.972+01:00  INFO 2543 --- [ool-1-thread-44] tourGuide.service.RewardsService         : getDistance called
2023-01-19T23:17:17.972+01:00  INFO 2543 --- [ool-1-thread-44] tourGuide.service.RewardsService         : nearAttraction called with Neyland Stadium
2023-01-19T23:17:17.972+01:00  INFO 2543 --- [ool-1-thread-44] tourGuide.service.RewardsService         : getDistance called
2023-01-19T23:17:17.972+01:00  INFO 2543 --- [ool-1-thread-44] tourGuide.service.RewardsService         : nearAttraction called with Kyle Field
2023-01-19T23:17:17.972+01:00  INFO 2543 --- [ool-1-thread-44] tourGuide.service.RewardsService         : getDistance called
2023-01-19T23:17:17.972+01:00  INFO 2543 --- [ool-1-thread-44] tourGuide.service.RewardsService         : nearAttraction called with San Diego Zoo
2023-01-19T23:17:17.972+01:00  INFO 2543 --- [ool-1-thread-44] tourGuide.service.RewardsService         : getDistance called
2023-01-19T23:17:17.972+01:00  INFO 2543 --- [ool-1-thread-44] tourGuide.service.RewardsService         : nearAttraction called with Zoo Tampa at Lowry Park
2023-01-19T23:17:17.972+01:00  INFO 2543 --- [ool-1-thread-44] tourGuide.service.RewardsService         : getDistance called
2023-01-19T23:17:17.972+01:00  INFO 2543 --- [ool-1-thread-44] tourGuide.service.RewardsService         : nearAttraction called with Franklin Park Zoo
2023-01-19T23:17:17.972+01:00  INFO 2543 --- [ool-1-thread-44] tourGuide.service.RewardsService         : getDistance called
2023-01-19T23:17:17.972+01:00  INFO 2543 --- [ool-1-thread-44] tourGuide.service.RewardsService         : nearAttraction called with El Paso Zoo
2023-01-19T23:17:17.972+01:00  INFO 2543 --- [ool-1-thread-44] tourGuide.service.RewardsService         : getDistance called
2023-01-19T23:17:17.972+01:00  INFO 2543 --- [ool-1-thread-44] tourGuide.service.RewardsService         : nearAttraction called with Kansas City Zoo
2023-01-19T23:17:17.973+01:00  INFO 2543 --- [ool-1-thread-44] tourGuide.service.RewardsService         : getDistance called
2023-01-19T23:17:17.973+01:00  INFO 2543 --- [ool-1-thread-44] tourGuide.service.RewardsService         : nearAttraction called with Bronx Zoo
2023-01-19T23:17:17.973+01:00  INFO 2543 --- [ool-1-thread-44] tourGuide.service.RewardsService         : getDistance called
2023-01-19T23:17:17.973+01:00  INFO 2543 --- [ool-1-thread-44] tourGuide.service.RewardsService         : nearAttraction called with Cinderella Castle
2023-01-19T23:17:17.973+01:00  INFO 2543 --- [ool-1-thread-44] tourGuide.service.RewardsService         : getDistance called
2023-01-19T23:17:17.976+01:00  INFO 2543 --- [ool-1-thread-20] tourGuide.service.RewardsService         : nearAttraction called with Jackson Hole
2023-01-19T23:17:17.976+01:00  INFO 2543 --- [ool-1-thread-20] tourGuide.service.RewardsService         : getDistance called
2023-01-19T23:17:17.977+01:00  INFO 2543 --- [ool-1-thread-20] tourGuide.service.RewardsService         : nearAttraction called with Mojave National Preserve
2023-01-19T23:17:17.977+01:00  INFO 2543 --- [ool-1-thread-20] tourGuide.service.RewardsService         : getDistance called
2023-01-19T23:17:17.977+01:00  INFO 2543 --- [ool-1-thread-20] tourGuide.service.RewardsService         : nearAttraction called with Joshua Tree National Park
2023-01-19T23:17:17.977+01:00  INFO 2543 --- [ool-1-thread-20] tourGuide.service.RewardsService         : getDistance called
2023-01-19T23:17:17.977+01:00  INFO 2543 --- [ool-1-thread-20] tourGuide.service.RewardsService         : nearAttraction called with Buffalo National River
2023-01-19T23:17:17.977+01:00  INFO 2543 --- [ool-1-thread-20] tourGuide.service.RewardsService         : getDistance called
2023-01-19T23:17:17.977+01:00  INFO 2543 --- [ool-1-thread-20] tourGuide.service.RewardsService         : nearAttraction called with Hot Springs National Park
2023-01-19T23:17:17.977+01:00  INFO 2543 --- [ool-1-thread-20] tourGuide.service.RewardsService         : getDistance called
2023-01-19T23:17:17.977+01:00  INFO 2543 --- [ool-1-thread-20] tourGuide.service.RewardsService         : nearAttraction called with Kartchner Caverns State Park
2023-01-19T23:17:17.977+01:00  INFO 2543 --- [ool-1-thread-20] tourGuide.service.RewardsService         : getDistance called
2023-01-19T23:17:17.977+01:00  INFO 2543 --- [ool-1-thread-20] tourGuide.service.RewardsService         : nearAttraction called with Legend Valley
2023-01-19T23:17:17.977+01:00  INFO 2543 --- [ool-1-thread-20] tourGuide.service.RewardsService         : getDistance called
2023-01-19T23:17:17.977+01:00  INFO 2543 --- [ool-1-thread-20] tourGuide.service.RewardsService         : nearAttraction called with Flowers Bakery of London
2023-01-19T23:17:17.977+01:00  INFO 2543 --- [ool-1-thread-20] tourGuide.service.RewardsService         : getDistance called
2023-01-19T23:17:17.977+01:00  INFO 2543 --- [ool-1-thread-20] tourGuide.service.RewardsService         : nearAttraction called with McKinley Tower
2023-01-19T23:17:17.977+01:00  INFO 2543 --- [ool-1-thread-20] tourGuide.service.RewardsService         : getDistance called
2023-01-19T23:17:17.977+01:00  INFO 2543 --- [ool-1-thread-20] tourGuide.service.RewardsService         : nearAttraction called with Flatiron Building
2023-01-19T23:17:17.977+01:00  INFO 2543 --- [ool-1-thread-20] tourGuide.service.RewardsService         : getDistance called
2023-01-19T23:17:17.977+01:00  INFO 2543 --- [ool-1-thread-20] tourGuide.service.RewardsService         : nearAttraction called with Fallingwater
2023-01-19T23:17:17.977+01:00  INFO 2543 --- [ool-1-thread-20] tourGuide.service.RewardsService         : getDistance called
2023-01-19T23:17:17.977+01:00  INFO 2543 --- [ool-1-thread-20] tourGuide.service.RewardsService         : nearAttraction called with Union Station
2023-01-19T23:17:17.977+01:00  INFO 2543 --- [ool-1-thread-20] tourGuide.service.RewardsService         : getDistance called
2023-01-19T23:17:17.977+01:00  INFO 2543 --- [ool-1-thread-20] tourGuide.service.RewardsService         : nearAttraction called with Roger Dean Stadium
2023-01-19T23:17:17.977+01:00  INFO 2543 --- [ool-1-thread-20] tourGuide.service.RewardsService         : getDistance called
2023-01-19T23:17:17.977+01:00  INFO 2543 --- [ool-1-thread-20] tourGuide.service.RewardsService         : nearAttraction called with Texas Memorial Stadium
2023-01-19T23:17:17.977+01:00  INFO 2543 --- [ool-1-thread-20] tourGuide.service.RewardsService         : getDistance called
2023-01-19T23:17:17.977+01:00  INFO 2543 --- [ool-1-thread-20] tourGuide.service.RewardsService         : nearAttraction called with Bryant-Denny Stadium
2023-01-19T23:17:17.977+01:00  INFO 2543 --- [ool-1-thread-20] tourGuide.service.RewardsService         : getDistance called
2023-01-19T23:17:17.977+01:00  INFO 2543 --- [ool-1-thread-20] tourGuide.service.RewardsService         : nearAttraction called with Tiger Stadium
2023-01-19T23:17:17.977+01:00  INFO 2543 --- [ool-1-thread-20] tourGuide.service.RewardsService         : getDistance called
2023-01-19T23:17:17.977+01:00  INFO 2543 --- [ool-1-thread-20] tourGuide.service.RewardsService         : nearAttraction called with Neyland Stadium
2023-01-19T23:17:17.977+01:00  INFO 2543 --- [ool-1-thread-20] tourGuide.service.RewardsService         : getDistance called
2023-01-19T23:17:17.977+01:00  INFO 2543 --- [ool-1-thread-20] tourGuide.service.RewardsService         : nearAttraction called with Kyle Field
2023-01-19T23:17:17.977+01:00  INFO 2543 --- [ool-1-thread-20] tourGuide.service.RewardsService         : getDistance called
2023-01-19T23:17:17.977+01:00  INFO 2543 --- [ool-1-thread-20] tourGuide.service.RewardsService         : nearAttraction called with San Diego Zoo
2023-01-19T23:17:17.977+01:00  INFO 2543 --- [ool-1-thread-20] tourGuide.service.RewardsService         : getDistance called
2023-01-19T23:17:17.977+01:00  INFO 2543 --- [ool-1-thread-20] tourGuide.service.RewardsService         : nearAttraction called with Zoo Tampa at Lowry Park
2023-01-19T23:17:17.977+01:00  INFO 2543 --- [ool-1-thread-20] tourGuide.service.RewardsService         : getDistance called
2023-01-19T23:17:17.977+01:00  INFO 2543 --- [ool-1-thread-20] tourGuide.service.RewardsService         : nearAttraction called with Franklin Park Zoo
2023-01-19T23:17:17.977+01:00  INFO 2543 --- [ool-1-thread-20] tourGuide.service.RewardsService         : getDistance called
2023-01-19T23:17:17.977+01:00  INFO 2543 --- [ool-1-thread-20] tourGuide.service.RewardsService         : nearAttraction called with El Paso Zoo
2023-01-19T23:17:17.977+01:00  INFO 2543 --- [ool-1-thread-20] tourGuide.service.RewardsService         : getDistance called
2023-01-19T23:17:17.978+01:00  INFO 2543 --- [ool-1-thread-20] tourGuide.service.RewardsService         : nearAttraction called with Kansas City Zoo
2023-01-19T23:17:17.978+01:00  INFO 2543 --- [ool-1-thread-20] tourGuide.service.RewardsService         : getDistance called
2023-01-19T23:17:17.978+01:00  INFO 2543 --- [ool-1-thread-20] tourGuide.service.RewardsService         : nearAttraction called with Bronx Zoo
2023-01-19T23:17:17.978+01:00  INFO 2543 --- [ool-1-thread-20] tourGuide.service.RewardsService         : getDistance called
2023-01-19T23:17:17.978+01:00  INFO 2543 --- [ool-1-thread-20] tourGuide.service.RewardsService         : nearAttraction called with Cinderella Castle
2023-01-19T23:17:17.978+01:00  INFO 2543 --- [ool-1-thread-20] tourGuide.service.RewardsService         : getDistance called
2023-01-19T23:17:17.982+01:00  INFO 2543 --- [pool-1-thread-5] tourGuide.service.RewardsService         : nearAttraction called with Jackson Hole
2023-01-19T23:17:17.983+01:00  INFO 2543 --- [pool-1-thread-5] tourGuide.service.RewardsService         : getDistance called
2023-01-19T23:17:17.983+01:00  INFO 2543 --- [pool-1-thread-5] tourGuide.service.RewardsService         : nearAttraction called with Mojave National Preserve
2023-01-19T23:17:17.983+01:00  INFO 2543 --- [pool-1-thread-5] tourGuide.service.RewardsService         : getDistance called
2023-01-19T23:17:17.983+01:00  INFO 2543 --- [pool-1-thread-5] tourGuide.service.RewardsService         : nearAttraction called with Joshua Tree National Park
2023-01-19T23:17:17.983+01:00  INFO 2543 --- [pool-1-thread-5] tourGuide.service.RewardsService         : getDistance called
2023-01-19T23:17:17.983+01:00  INFO 2543 --- [pool-1-thread-5] tourGuide.service.RewardsService         : nearAttraction called with Buffalo National River
2023-01-19T23:17:17.983+01:00  INFO 2543 --- [pool-1-thread-5] tourGuide.service.RewardsService         : getDistance called
2023-01-19T23:17:17.983+01:00  INFO 2543 --- [pool-1-thread-5] tourGuide.service.RewardsService         : nearAttraction called with Hot Springs National Park
2023-01-19T23:17:17.983+01:00  INFO 2543 --- [pool-1-thread-5] tourGuide.service.RewardsService         : getDistance called
2023-01-19T23:17:17.983+01:00  INFO 2543 --- [pool-1-thread-5] tourGuide.service.RewardsService         : nearAttraction called with Kartchner Caverns State Park
2023-01-19T23:17:17.983+01:00  INFO 2543 --- [pool-1-thread-5] tourGuide.service.RewardsService         : getDistance called
2023-01-19T23:17:17.983+01:00  INFO 2543 --- [pool-1-thread-5] tourGuide.service.RewardsService         : nearAttraction called with Legend Valley
2023-01-19T23:17:17.983+01:00  INFO 2543 --- [pool-1-thread-5] tourGuide.service.RewardsService         : getDistance called
2023-01-19T23:17:17.983+01:00  INFO 2543 --- [pool-1-thread-5] tourGuide.service.RewardsService         : nearAttraction called with Flowers Bakery of London
2023-01-19T23:17:17.983+01:00  INFO 2543 --- [pool-1-thread-5] tourGuide.service.RewardsService         : getDistance called
2023-01-19T23:17:17.983+01:00  INFO 2543 --- [pool-1-thread-5] tourGuide.service.RewardsService         : nearAttraction called with McKinley Tower
2023-01-19T23:17:17.983+01:00  INFO 2543 --- [pool-1-thread-5] tourGuide.service.RewardsService         : getDistance called
2023-01-19T23:17:17.983+01:00  INFO 2543 --- [pool-1-thread-5] tourGuide.service.RewardsService         : nearAttraction called with Flatiron Building
2023-01-19T23:17:17.983+01:00  INFO 2543 --- [pool-1-thread-5] tourGuide.service.RewardsService         : getDistance called
2023-01-19T23:17:17.983+01:00  INFO 2543 --- [pool-1-thread-5] tourGuide.service.RewardsService         : nearAttraction called with Fallingwater
2023-01-19T23:17:17.983+01:00  INFO 2543 --- [pool-1-thread-5] tourGuide.service.RewardsService         : getDistance called
2023-01-19T23:17:17.983+01:00  INFO 2543 --- [pool-1-thread-5] tourGuide.service.RewardsService         : nearAttraction called with Union Station
2023-01-19T23:17:17.983+01:00  INFO 2543 --- [pool-1-thread-5] tourGuide.service.RewardsService         : getDistance called
2023-01-19T23:17:17.983+01:00  INFO 2543 --- [pool-1-thread-5] tourGuide.service.RewardsService         : nearAttraction called with Roger Dean Stadium
2023-01-19T23:17:17.983+01:00  INFO 2543 --- [pool-1-thread-5] tourGuide.service.RewardsService         : getDistance called
2023-01-19T23:17:17.983+01:00  INFO 2543 --- [pool-1-thread-5] tourGuide.service.RewardsService         : nearAttraction called with Texas Memorial Stadium
2023-01-19T23:17:17.984+01:00  INFO 2543 --- [pool-1-thread-5] tourGuide.service.RewardsService         : getDistance called
2023-01-19T23:17:17.984+01:00  INFO 2543 --- [pool-1-thread-5] tourGuide.service.RewardsService         : nearAttraction called with Bryant-Denny Stadium
2023-01-19T23:17:17.984+01:00  INFO 2543 --- [pool-1-thread-5] tourGuide.service.RewardsService         : getDistance called
2023-01-19T23:17:17.984+01:00  INFO 2543 --- [pool-1-thread-5] tourGuide.service.RewardsService         : nearAttraction called with Tiger Stadium
2023-01-19T23:17:17.984+01:00  INFO 2543 --- [pool-1-thread-5] tourGuide.service.RewardsService         : getDistance called
2023-01-19T23:17:17.984+01:00  INFO 2543 --- [pool-1-thread-5] tourGuide.service.RewardsService         : nearAttraction called with Neyland Stadium
2023-01-19T23:17:17.984+01:00  INFO 2543 --- [pool-1-thread-5] tourGuide.service.RewardsService         : getDistance called
2023-01-19T23:17:17.984+01:00  INFO 2543 --- [pool-1-thread-5] tourGuide.service.RewardsService         : nearAttraction called with Kyle Field
2023-01-19T23:17:17.984+01:00  INFO 2543 --- [pool-1-thread-5] tourGuide.service.RewardsService         : getDistance called
2023-01-19T23:17:17.984+01:00  INFO 2543 --- [pool-1-thread-5] tourGuide.service.RewardsService         : nearAttraction called with San Diego Zoo
2023-01-19T23:17:17.984+01:00  INFO 2543 --- [pool-1-thread-5] tourGuide.service.RewardsService         : getDistance called
2023-01-19T23:17:17.984+01:00  INFO 2543 --- [pool-1-thread-5] tourGuide.service.RewardsService         : nearAttraction called with Zoo Tampa at Lowry Park
2023-01-19T23:17:17.984+01:00  INFO 2543 --- [pool-1-thread-5] tourGuide.service.RewardsService         : getDistance called
2023-01-19T23:17:17.984+01:00  INFO 2543 --- [pool-1-thread-5] tourGuide.service.RewardsService         : nearAttraction called with Franklin Park Zoo
2023-01-19T23:17:17.984+01:00  INFO 2543 --- [pool-1-thread-5] tourGuide.service.RewardsService         : getDistance called
2023-01-19T23:17:17.984+01:00  INFO 2543 --- [pool-1-thread-5] tourGuide.service.RewardsService         : nearAttraction called with El Paso Zoo
2023-01-19T23:17:17.984+01:00  INFO 2543 --- [pool-1-thread-5] tourGuide.service.RewardsService         : getDistance called
2023-01-19T23:17:17.984+01:00  INFO 2543 --- [pool-1-thread-5] tourGuide.service.RewardsService         : nearAttraction called with Kansas City Zoo
2023-01-19T23:17:17.984+01:00  INFO 2543 --- [pool-1-thread-5] tourGuide.service.RewardsService         : getDistance called
2023-01-19T23:17:17.984+01:00  INFO 2543 --- [pool-1-thread-5] tourGuide.service.RewardsService         : nearAttraction called with Bronx Zoo
2023-01-19T23:17:17.984+01:00  INFO 2543 --- [pool-1-thread-5] tourGuide.service.RewardsService         : getDistance called
2023-01-19T23:17:17.984+01:00  INFO 2543 --- [pool-1-thread-5] tourGuide.service.RewardsService         : nearAttraction called with Cinderella Castle
2023-01-19T23:17:17.984+01:00  INFO 2543 --- [pool-1-thread-5] tourGuide.service.RewardsService         : getDistance called
2023-01-19T23:17:17.988+01:00  INFO 2543 --- [ool-1-thread-24] tourGuide.service.RewardsService         : nearAttraction called with Jackson Hole
2023-01-19T23:17:17.988+01:00  INFO 2543 --- [ool-1-thread-24] tourGuide.service.RewardsService         : getDistance called
2023-01-19T23:17:17.988+01:00  INFO 2543 --- [ool-1-thread-24] tourGuide.service.RewardsService         : nearAttraction called with Mojave National Preserve
2023-01-19T23:17:17.988+01:00  INFO 2543 --- [ool-1-thread-24] tourGuide.service.RewardsService         : getDistance called
2023-01-19T23:17:17.988+01:00  INFO 2543 --- [ool-1-thread-24] tourGuide.service.RewardsService         : nearAttraction called with Joshua Tree National Park
2023-01-19T23:17:17.988+01:00  INFO 2543 --- [ool-1-thread-24] tourGuide.service.RewardsService         : getDistance called
2023-01-19T23:17:17.988+01:00  INFO 2543 --- [ool-1-thread-24] tourGuide.service.RewardsService         : nearAttraction called with Buffalo National River
2023-01-19T23:17:17.988+01:00  INFO 2543 --- [ool-1-thread-24] tourGuide.service.RewardsService         : getDistance called
2023-01-19T23:17:17.988+01:00  INFO 2543 --- [ool-1-thread-24] tourGuide.service.RewardsService         : nearAttraction called with Hot Springs National Park
2023-01-19T23:17:17.988+01:00  INFO 2543 --- [ool-1-thread-24] tourGuide.service.RewardsService         : getDistance called
2023-01-19T23:17:17.988+01:00  INFO 2543 --- [ool-1-thread-21] tourGuide.service.RewardsService         : nearAttraction called with Jackson Hole
2023-01-19T23:17:17.988+01:00  INFO 2543 --- [ool-1-thread-24] tourGuide.service.RewardsService         : nearAttraction called with Kartchner Caverns State Park
2023-01-19T23:17:17.988+01:00  INFO 2543 --- [ool-1-thread-21] tourGuide.service.RewardsService         : getDistance called
2023-01-19T23:17:17.988+01:00  INFO 2543 --- [ool-1-thread-24] tourGuide.service.RewardsService         : getDistance called
2023-01-19T23:17:17.988+01:00  INFO 2543 --- [ool-1-thread-21] tourGuide.service.RewardsService         : nearAttraction called with Mojave National Preserve
2023-01-19T23:17:17.988+01:00  INFO 2543 --- [ool-1-thread-24] tourGuide.service.RewardsService         : nearAttraction called with Legend Valley
2023-01-19T23:17:17.988+01:00  INFO 2543 --- [ool-1-thread-21] tourGuide.service.RewardsService         : getDistance called
2023-01-19T23:17:17.988+01:00  INFO 2543 --- [ool-1-thread-24] tourGuide.service.RewardsService         : getDistance called
2023-01-19T23:17:17.988+01:00  INFO 2543 --- [ool-1-thread-21] tourGuide.service.RewardsService         : nearAttraction called with Joshua Tree National Park
2023-01-19T23:17:17.988+01:00  INFO 2543 --- [ool-1-thread-24] tourGuide.service.RewardsService         : nearAttraction called with Flowers Bakery of London
2023-01-19T23:17:17.988+01:00  INFO 2543 --- [ool-1-thread-21] tourGuide.service.RewardsService         : getDistance called
2023-01-19T23:17:17.988+01:00  INFO 2543 --- [ool-1-thread-24] tourGuide.service.RewardsService         : getDistance called
2023-01-19T23:17:17.988+01:00  INFO 2543 --- [ool-1-thread-21] tourGuide.service.RewardsService         : nearAttraction called with Buffalo National River
2023-01-19T23:17:17.988+01:00  INFO 2543 --- [ool-1-thread-21] tourGuide.service.RewardsService         : getDistance called
2023-01-19T23:17:17.988+01:00  INFO 2543 --- [ool-1-thread-24] tourGuide.service.RewardsService         : nearAttraction called with McKinley Tower
2023-01-19T23:17:17.988+01:00  INFO 2543 --- [ool-1-thread-21] tourGuide.service.RewardsService         : nearAttraction called with Hot Springs National Park
2023-01-19T23:17:17.989+01:00  INFO 2543 --- [ool-1-thread-21] tourGuide.service.RewardsService         : getDistance called
2023-01-19T23:17:17.989+01:00  INFO 2543 --- [ool-1-thread-24] tourGuide.service.RewardsService         : getDistance called
2023-01-19T23:17:17.989+01:00  INFO 2543 --- [ool-1-thread-21] tourGuide.service.RewardsService         : nearAttraction called with Kartchner Caverns State Park
2023-01-19T23:17:17.989+01:00  INFO 2543 --- [ool-1-thread-24] tourGuide.service.RewardsService         : nearAttraction called with Flatiron Building
2023-01-19T23:17:17.989+01:00  INFO 2543 --- [ool-1-thread-21] tourGuide.service.RewardsService         : getDistance called
2023-01-19T23:17:17.989+01:00  INFO 2543 --- [ool-1-thread-24] tourGuide.service.RewardsService         : getDistance called
2023-01-19T23:17:17.989+01:00  INFO 2543 --- [ool-1-thread-21] tourGuide.service.RewardsService         : nearAttraction called with Legend Valley
2023-01-19T23:17:17.989+01:00  INFO 2543 --- [ool-1-thread-24] tourGuide.service.RewardsService         : nearAttraction called with Fallingwater
2023-01-19T23:17:17.989+01:00  INFO 2543 --- [ool-1-thread-24] tourGuide.service.RewardsService         : getDistance called
2023-01-19T23:17:17.989+01:00  INFO 2543 --- [ool-1-thread-21] tourGuide.service.RewardsService         : getDistance called
2023-01-19T23:17:17.989+01:00  INFO 2543 --- [ool-1-thread-21] tourGuide.service.RewardsService         : nearAttraction called with Flowers Bakery of London
2023-01-19T23:17:17.989+01:00  INFO 2543 --- [ool-1-thread-24] tourGuide.service.RewardsService         : nearAttraction called with Union Station
2023-01-19T23:17:17.989+01:00  INFO 2543 --- [ool-1-thread-21] tourGuide.service.RewardsService         : getDistance called
2023-01-19T23:17:17.989+01:00  INFO 2543 --- [ool-1-thread-24] tourGuide.service.RewardsService         : getDistance called
2023-01-19T23:17:17.989+01:00  INFO 2543 --- [ool-1-thread-21] tourGuide.service.RewardsService         : nearAttraction called with McKinley Tower
2023-01-19T23:17:17.989+01:00  INFO 2543 --- [ool-1-thread-24] tourGuide.service.RewardsService         : nearAttraction called with Roger Dean Stadium
2023-01-19T23:17:17.989+01:00  INFO 2543 --- [ool-1-thread-21] tourGuide.service.RewardsService         : getDistance called
2023-01-19T23:17:17.989+01:00  INFO 2543 --- [ool-1-thread-24] tourGuide.service.RewardsService         : getDistance called
2023-01-19T23:17:17.989+01:00  INFO 2543 --- [ool-1-thread-21] tourGuide.service.RewardsService         : nearAttraction called with Flatiron Building
2023-01-19T23:17:17.989+01:00  INFO 2543 --- [ool-1-thread-24] tourGuide.service.RewardsService         : nearAttraction called with Texas Memorial Stadium
2023-01-19T23:17:17.989+01:00  INFO 2543 --- [ool-1-thread-21] tourGuide.service.RewardsService         : getDistance called
2023-01-19T23:17:17.989+01:00  INFO 2543 --- [ool-1-thread-24] tourGuide.service.RewardsService         : getDistance called
2023-01-19T23:17:17.989+01:00  INFO 2543 --- [ool-1-thread-21] tourGuide.service.RewardsService         : nearAttraction called with Fallingwater
2023-01-19T23:17:17.989+01:00  INFO 2543 --- [ool-1-thread-24] tourGuide.service.RewardsService         : nearAttraction called with Bryant-Denny Stadium
2023-01-19T23:17:17.989+01:00  INFO 2543 --- [ool-1-thread-21] tourGuide.service.RewardsService         : getDistance called
2023-01-19T23:17:17.989+01:00  INFO 2543 --- [ool-1-thread-21] tourGuide.service.RewardsService         : nearAttraction called with Union Station
2023-01-19T23:17:17.989+01:00  INFO 2543 --- [ool-1-thread-24] tourGuide.service.RewardsService         : getDistance called
2023-01-19T23:17:17.989+01:00  INFO 2543 --- [ool-1-thread-21] tourGuide.service.RewardsService         : getDistance called
2023-01-19T23:17:17.989+01:00  INFO 2543 --- [ool-1-thread-24] tourGuide.service.RewardsService         : nearAttraction called with Tiger Stadium
2023-01-19T23:17:17.989+01:00  INFO 2543 --- [ool-1-thread-21] tourGuide.service.RewardsService         : nearAttraction called with Roger Dean Stadium
2023-01-19T23:17:17.989+01:00  INFO 2543 --- [ool-1-thread-24] tourGuide.service.RewardsService         : getDistance called
2023-01-19T23:17:17.989+01:00  INFO 2543 --- [ool-1-thread-21] tourGuide.service.RewardsService         : getDistance called
2023-01-19T23:17:17.989+01:00  INFO 2543 --- [ool-1-thread-24] tourGuide.service.RewardsService         : nearAttraction called with Neyland Stadium
2023-01-19T23:17:17.989+01:00  INFO 2543 --- [ool-1-thread-21] tourGuide.service.RewardsService         : nearAttraction called with Texas Memorial Stadium
2023-01-19T23:17:17.989+01:00  INFO 2543 --- [ool-1-thread-24] tourGuide.service.RewardsService         : getDistance called
2023-01-19T23:17:17.989+01:00  INFO 2543 --- [ool-1-thread-21] tourGuide.service.RewardsService         : getDistance called
2023-01-19T23:17:17.989+01:00  INFO 2543 --- [ool-1-thread-21] tourGuide.service.RewardsService         : nearAttraction called with Bryant-Denny Stadium
2023-01-19T23:17:17.989+01:00  INFO 2543 --- [ool-1-thread-24] tourGuide.service.RewardsService         : nearAttraction called with Kyle Field
2023-01-19T23:17:17.989+01:00  INFO 2543 --- [ool-1-thread-21] tourGuide.service.RewardsService         : getDistance called
2023-01-19T23:17:17.989+01:00  INFO 2543 --- [ool-1-thread-24] tourGuide.service.RewardsService         : getDistance called
2023-01-19T23:17:17.989+01:00  INFO 2543 --- [ool-1-thread-21] tourGuide.service.RewardsService         : nearAttraction called with Tiger Stadium
2023-01-19T23:17:17.989+01:00  INFO 2543 --- [ool-1-thread-24] tourGuide.service.RewardsService         : nearAttraction called with San Diego Zoo
2023-01-19T23:17:17.989+01:00  INFO 2543 --- [ool-1-thread-21] tourGuide.service.RewardsService         : getDistance called
2023-01-19T23:17:17.990+01:00  INFO 2543 --- [ool-1-thread-24] tourGuide.service.RewardsService         : getDistance called
2023-01-19T23:17:17.990+01:00  INFO 2543 --- [ool-1-thread-21] tourGuide.service.RewardsService         : nearAttraction called with Neyland Stadium
2023-01-19T23:17:17.990+01:00  INFO 2543 --- [ool-1-thread-24] tourGuide.service.RewardsService         : nearAttraction called with Zoo Tampa at Lowry Park
2023-01-19T23:17:17.990+01:00  INFO 2543 --- [ool-1-thread-21] tourGuide.service.RewardsService         : getDistance called
2023-01-19T23:17:17.990+01:00  INFO 2543 --- [ool-1-thread-21] tourGuide.service.RewardsService         : nearAttraction called with Kyle Field
2023-01-19T23:17:17.990+01:00  INFO 2543 --- [ool-1-thread-24] tourGuide.service.RewardsService         : getDistance called
2023-01-19T23:17:17.990+01:00  INFO 2543 --- [ool-1-thread-21] tourGuide.service.RewardsService         : getDistance called
2023-01-19T23:17:17.990+01:00  INFO 2543 --- [ool-1-thread-24] tourGuide.service.RewardsService         : nearAttraction called with Franklin Park Zoo
2023-01-19T23:17:17.990+01:00  INFO 2543 --- [ool-1-thread-24] tourGuide.service.RewardsService         : getDistance called
2023-01-19T23:17:17.990+01:00  INFO 2543 --- [ool-1-thread-21] tourGuide.service.RewardsService         : nearAttraction called with San Diego Zoo
2023-01-19T23:17:17.990+01:00  INFO 2543 --- [ool-1-thread-24] tourGuide.service.RewardsService         : nearAttraction called with El Paso Zoo
2023-01-19T23:17:17.990+01:00  INFO 2543 --- [ool-1-thread-21] tourGuide.service.RewardsService         : getDistance called
2023-01-19T23:17:17.990+01:00  INFO 2543 --- [ool-1-thread-24] tourGuide.service.RewardsService         : getDistance called
2023-01-19T23:17:17.990+01:00  INFO 2543 --- [ool-1-thread-21] tourGuide.service.RewardsService         : nearAttraction called with Zoo Tampa at Lowry Park
2023-01-19T23:17:17.990+01:00  INFO 2543 --- [ool-1-thread-21] tourGuide.service.RewardsService         : getDistance called
2023-01-19T23:17:17.990+01:00  INFO 2543 --- [ool-1-thread-24] tourGuide.service.RewardsService         : nearAttraction called with Kansas City Zoo
2023-01-19T23:17:17.990+01:00  INFO 2543 --- [ool-1-thread-24] tourGuide.service.RewardsService         : getDistance called
2023-01-19T23:17:17.990+01:00  INFO 2543 --- [ool-1-thread-21] tourGuide.service.RewardsService         : nearAttraction called with Franklin Park Zoo
2023-01-19T23:17:17.990+01:00  INFO 2543 --- [ool-1-thread-24] tourGuide.service.RewardsService         : nearAttraction called with Bronx Zoo
2023-01-19T23:17:17.990+01:00  INFO 2543 --- [ool-1-thread-21] tourGuide.service.RewardsService         : getDistance called
2023-01-19T23:17:17.990+01:00  INFO 2543 --- [ool-1-thread-24] tourGuide.service.RewardsService         : getDistance called
2023-01-19T23:17:17.990+01:00  INFO 2543 --- [ool-1-thread-21] tourGuide.service.RewardsService         : nearAttraction called with El Paso Zoo
2023-01-19T23:17:17.990+01:00  INFO 2543 --- [ool-1-thread-24] tourGuide.service.RewardsService         : nearAttraction called with Cinderella Castle
2023-01-19T23:17:17.990+01:00  INFO 2543 --- [ool-1-thread-21] tourGuide.service.RewardsService         : getDistance called
2023-01-19T23:17:17.990+01:00  INFO 2543 --- [ool-1-thread-24] tourGuide.service.RewardsService         : getDistance called
2023-01-19T23:17:17.990+01:00  INFO 2543 --- [ool-1-thread-21] tourGuide.service.RewardsService         : nearAttraction called with Kansas City Zoo
2023-01-19T23:17:17.990+01:00  INFO 2543 --- [ool-1-thread-21] tourGuide.service.RewardsService         : getDistance called
2023-01-19T23:17:17.990+01:00  INFO 2543 --- [ool-1-thread-21] tourGuide.service.RewardsService         : nearAttraction called with Bronx Zoo
2023-01-19T23:17:17.990+01:00  INFO 2543 --- [ool-1-thread-21] tourGuide.service.RewardsService         : getDistance called
2023-01-19T23:17:17.990+01:00  INFO 2543 --- [ool-1-thread-21] tourGuide.service.RewardsService         : nearAttraction called with Cinderella Castle
2023-01-19T23:17:17.990+01:00  INFO 2543 --- [ool-1-thread-21] tourGuide.service.RewardsService         : getDistance called
2023-01-19T23:17:18.005+01:00  INFO 2543 --- [ool-1-thread-34] tourGuide.service.RewardsService         : nearAttraction called with Jackson Hole
2023-01-19T23:17:18.005+01:00  INFO 2543 --- [ool-1-thread-34] tourGuide.service.RewardsService         : getDistance called
2023-01-19T23:17:18.005+01:00  INFO 2543 --- [ool-1-thread-34] tourGuide.service.RewardsService         : nearAttraction called with Mojave National Preserve
2023-01-19T23:17:18.005+01:00  INFO 2543 --- [ool-1-thread-34] tourGuide.service.RewardsService         : getDistance called
2023-01-19T23:17:18.005+01:00  INFO 2543 --- [ool-1-thread-34] tourGuide.service.RewardsService         : nearAttraction called with Joshua Tree National Park
2023-01-19T23:17:18.005+01:00  INFO 2543 --- [ool-1-thread-34] tourGuide.service.RewardsService         : getDistance called
2023-01-19T23:17:18.005+01:00  INFO 2543 --- [ool-1-thread-34] tourGuide.service.RewardsService         : nearAttraction called with Buffalo National River
2023-01-19T23:17:18.005+01:00  INFO 2543 --- [ool-1-thread-34] tourGuide.service.RewardsService         : getDistance called
2023-01-19T23:17:18.005+01:00  INFO 2543 --- [ool-1-thread-34] tourGuide.service.RewardsService         : nearAttraction called with Hot Springs National Park
2023-01-19T23:17:18.005+01:00  INFO 2543 --- [ool-1-thread-34] tourGuide.service.RewardsService         : getDistance called
2023-01-19T23:17:18.005+01:00  INFO 2543 --- [ool-1-thread-34] tourGuide.service.RewardsService         : nearAttraction called with Kartchner Caverns State Park
2023-01-19T23:17:18.005+01:00  INFO 2543 --- [ool-1-thread-34] tourGuide.service.RewardsService         : getDistance called
2023-01-19T23:17:18.005+01:00  INFO 2543 --- [ool-1-thread-34] tourGuide.service.RewardsService         : nearAttraction called with Legend Valley
2023-01-19T23:17:18.005+01:00  INFO 2543 --- [ool-1-thread-34] tourGuide.service.RewardsService         : getDistance called
2023-01-19T23:17:18.005+01:00  INFO 2543 --- [ool-1-thread-34] tourGuide.service.RewardsService         : nearAttraction called with Flowers Bakery of London
2023-01-19T23:17:18.005+01:00  INFO 2543 --- [ool-1-thread-34] tourGuide.service.RewardsService         : getDistance called
2023-01-19T23:17:18.006+01:00  INFO 2543 --- [ool-1-thread-34] tourGuide.service.RewardsService         : nearAttraction called with McKinley Tower
2023-01-19T23:17:18.006+01:00  INFO 2543 --- [ool-1-thread-34] tourGuide.service.RewardsService         : getDistance called
2023-01-19T23:17:18.006+01:00  INFO 2543 --- [ool-1-thread-34] tourGuide.service.RewardsService         : nearAttraction called with Flatiron Building
2023-01-19T23:17:18.006+01:00  INFO 2543 --- [ool-1-thread-34] tourGuide.service.RewardsService         : getDistance called
2023-01-19T23:17:18.006+01:00  INFO 2543 --- [ool-1-thread-34] tourGuide.service.RewardsService         : nearAttraction called with Fallingwater
2023-01-19T23:17:18.006+01:00  INFO 2543 --- [ool-1-thread-34] tourGuide.service.RewardsService         : getDistance called
2023-01-19T23:17:18.006+01:00  INFO 2543 --- [ool-1-thread-34] tourGuide.service.RewardsService         : nearAttraction called with Union Station
2023-01-19T23:17:18.006+01:00  INFO 2543 --- [ool-1-thread-34] tourGuide.service.RewardsService         : getDistance called
2023-01-19T23:17:18.006+01:00  INFO 2543 --- [ool-1-thread-34] tourGuide.service.RewardsService         : nearAttraction called with Roger Dean Stadium
2023-01-19T23:17:18.006+01:00  INFO 2543 --- [ool-1-thread-34] tourGuide.service.RewardsService         : getDistance called
2023-01-19T23:17:18.006+01:00  INFO 2543 --- [ool-1-thread-34] tourGuide.service.RewardsService         : nearAttraction called with Texas Memorial Stadium
2023-01-19T23:17:18.006+01:00  INFO 2543 --- [ool-1-thread-34] tourGuide.service.RewardsService         : getDistance called
2023-01-19T23:17:18.006+01:00  INFO 2543 --- [ool-1-thread-34] tourGuide.service.RewardsService         : nearAttraction called with Bryant-Denny Stadium
2023-01-19T23:17:18.006+01:00  INFO 2543 --- [ool-1-thread-34] tourGuide.service.RewardsService         : getDistance called
2023-01-19T23:17:18.006+01:00  INFO 2543 --- [ool-1-thread-34] tourGuide.service.RewardsService         : nearAttraction called with Tiger Stadium
2023-01-19T23:17:18.006+01:00  INFO 2543 --- [ool-1-thread-34] tourGuide.service.RewardsService         : getDistance called
2023-01-19T23:17:18.006+01:00  INFO 2543 --- [ool-1-thread-34] tourGuide.service.RewardsService         : nearAttraction called with Neyland Stadium
2023-01-19T23:17:18.006+01:00  INFO 2543 --- [ool-1-thread-34] tourGuide.service.RewardsService         : getDistance called
2023-01-19T23:17:18.006+01:00  INFO 2543 --- [ool-1-thread-34] tourGuide.service.RewardsService         : nearAttraction called with Kyle Field
2023-01-19T23:17:18.006+01:00  INFO 2543 --- [ool-1-thread-34] tourGuide.service.RewardsService         : getDistance called
2023-01-19T23:17:18.006+01:00  INFO 2543 --- [ool-1-thread-34] tourGuide.service.RewardsService         : nearAttraction called with San Diego Zoo
2023-01-19T23:17:18.006+01:00  INFO 2543 --- [ool-1-thread-34] tourGuide.service.RewardsService         : getDistance called
2023-01-19T23:17:18.006+01:00  INFO 2543 --- [ool-1-thread-34] tourGuide.service.RewardsService         : nearAttraction called with Zoo Tampa at Lowry Park
2023-01-19T23:17:18.006+01:00  INFO 2543 --- [ool-1-thread-34] tourGuide.service.RewardsService         : getDistance called
2023-01-19T23:17:18.006+01:00  INFO 2543 --- [ool-1-thread-34] tourGuide.service.RewardsService         : nearAttraction called with Franklin Park Zoo
2023-01-19T23:17:18.006+01:00  INFO 2543 --- [ool-1-thread-34] tourGuide.service.RewardsService         : getDistance called
2023-01-19T23:17:18.006+01:00  INFO 2543 --- [ool-1-thread-34] tourGuide.service.RewardsService         : nearAttraction called with El Paso Zoo
2023-01-19T23:17:18.006+01:00  INFO 2543 --- [ool-1-thread-34] tourGuide.service.RewardsService         : getDistance called
2023-01-19T23:17:18.006+01:00  INFO 2543 --- [ool-1-thread-34] tourGuide.service.RewardsService         : nearAttraction called with Kansas City Zoo
2023-01-19T23:17:18.006+01:00  INFO 2543 --- [ool-1-thread-34] tourGuide.service.RewardsService         : getDistance called
2023-01-19T23:17:18.006+01:00  INFO 2543 --- [ool-1-thread-34] tourGuide.service.RewardsService         : nearAttraction called with Bronx Zoo
2023-01-19T23:17:18.006+01:00  INFO 2543 --- [ool-1-thread-34] tourGuide.service.RewardsService         : getDistance called
2023-01-19T23:17:18.006+01:00  INFO 2543 --- [ool-1-thread-34] tourGuide.service.RewardsService         : nearAttraction called with Cinderella Castle
2023-01-19T23:17:18.007+01:00  INFO 2543 --- [ool-1-thread-34] tourGuide.service.RewardsService         : getDistance called
2023-01-19T23:17:18.015+01:00  INFO 2543 --- [ool-1-thread-62] tourGuide.service.RewardsService         : nearAttraction called with Jackson Hole
2023-01-19T23:17:18.015+01:00  INFO 2543 --- [ool-1-thread-37] tourGuide.service.RewardsService         : nearAttraction called with Jackson Hole
2023-01-19T23:17:18.015+01:00  INFO 2543 --- [ool-1-thread-37] tourGuide.service.RewardsService         : getDistance called
2023-01-19T23:17:18.015+01:00  INFO 2543 --- [ool-1-thread-62] tourGuide.service.RewardsService         : getDistance called
2023-01-19T23:17:18.015+01:00  INFO 2543 --- [ool-1-thread-37] tourGuide.service.RewardsService         : nearAttraction called with Mojave National Preserve
2023-01-19T23:17:18.015+01:00  INFO 2543 --- [ool-1-thread-62] tourGuide.service.RewardsService         : nearAttraction called with Mojave National Preserve
2023-01-19T23:17:18.015+01:00  INFO 2543 --- [ool-1-thread-37] tourGuide.service.RewardsService         : getDistance called
2023-01-19T23:17:18.015+01:00  INFO 2543 --- [ool-1-thread-62] tourGuide.service.RewardsService         : getDistance called
2023-01-19T23:17:18.015+01:00  INFO 2543 --- [ool-1-thread-37] tourGuide.service.RewardsService         : nearAttraction called with Joshua Tree National Park
2023-01-19T23:17:18.015+01:00  INFO 2543 --- [ool-1-thread-62] tourGuide.service.RewardsService         : nearAttraction called with Joshua Tree National Park
2023-01-19T23:17:18.015+01:00  INFO 2543 --- [ool-1-thread-37] tourGuide.service.RewardsService         : getDistance called
2023-01-19T23:17:18.015+01:00  INFO 2543 --- [ool-1-thread-62] tourGuide.service.RewardsService         : getDistance called
2023-01-19T23:17:18.015+01:00  INFO 2543 --- [ool-1-thread-62] tourGuide.service.RewardsService         : nearAttraction called with Buffalo National River
2023-01-19T23:17:18.015+01:00  INFO 2543 --- [ool-1-thread-37] tourGuide.service.RewardsService         : nearAttraction called with Buffalo National River
2023-01-19T23:17:18.015+01:00  INFO 2543 --- [ool-1-thread-37] tourGuide.service.RewardsService         : getDistance called
2023-01-19T23:17:18.015+01:00  INFO 2543 --- [ool-1-thread-62] tourGuide.service.RewardsService         : getDistance called
2023-01-19T23:17:18.015+01:00  INFO 2543 --- [ool-1-thread-37] tourGuide.service.RewardsService         : nearAttraction called with Hot Springs National Park
2023-01-19T23:17:18.015+01:00  INFO 2543 --- [ool-1-thread-62] tourGuide.service.RewardsService         : nearAttraction called with Hot Springs National Park
2023-01-19T23:17:18.015+01:00  INFO 2543 --- [ool-1-thread-37] tourGuide.service.RewardsService         : getDistance called
2023-01-19T23:17:18.015+01:00  INFO 2543 --- [ool-1-thread-62] tourGuide.service.RewardsService         : getDistance called
2023-01-19T23:17:18.015+01:00  INFO 2543 --- [ool-1-thread-37] tourGuide.service.RewardsService         : nearAttraction called with Kartchner Caverns State Park
2023-01-19T23:17:18.015+01:00  INFO 2543 --- [ool-1-thread-62] tourGuide.service.RewardsService         : nearAttraction called with Kartchner Caverns State Park
2023-01-19T23:17:18.015+01:00  INFO 2543 --- [ool-1-thread-62] tourGuide.service.RewardsService         : getDistance called
2023-01-19T23:17:18.015+01:00  INFO 2543 --- [ool-1-thread-37] tourGuide.service.RewardsService         : getDistance called
2023-01-19T23:17:18.015+01:00  INFO 2543 --- [ool-1-thread-62] tourGuide.service.RewardsService         : nearAttraction called with Legend Valley
2023-01-19T23:17:18.015+01:00  INFO 2543 --- [ool-1-thread-37] tourGuide.service.RewardsService         : nearAttraction called with Legend Valley
2023-01-19T23:17:18.015+01:00  INFO 2543 --- [ool-1-thread-62] tourGuide.service.RewardsService         : getDistance called
2023-01-19T23:17:18.015+01:00  INFO 2543 --- [ool-1-thread-37] tourGuide.service.RewardsService         : getDistance called
2023-01-19T23:17:18.015+01:00  INFO 2543 --- [ool-1-thread-62] tourGuide.service.RewardsService         : nearAttraction called with Flowers Bakery of London
2023-01-19T23:17:18.015+01:00  INFO 2543 --- [ool-1-thread-37] tourGuide.service.RewardsService         : nearAttraction called with Flowers Bakery of London
2023-01-19T23:17:18.016+01:00  INFO 2543 --- [ool-1-thread-37] tourGuide.service.RewardsService         : getDistance called
2023-01-19T23:17:18.016+01:00  INFO 2543 --- [ool-1-thread-62] tourGuide.service.RewardsService         : getDistance called
2023-01-19T23:17:18.016+01:00  INFO 2543 --- [ool-1-thread-43] tourGuide.service.RewardsService         : nearAttraction called with Jackson Hole
2023-01-19T23:17:18.016+01:00  INFO 2543 --- [ool-1-thread-43] tourGuide.service.RewardsService         : getDistance called
2023-01-19T23:17:18.016+01:00  INFO 2543 --- [ool-1-thread-37] tourGuide.service.RewardsService         : nearAttraction called with McKinley Tower
2023-01-19T23:17:18.016+01:00  INFO 2543 --- [ool-1-thread-62] tourGuide.service.RewardsService         : nearAttraction called with McKinley Tower
2023-01-19T23:17:18.016+01:00  INFO 2543 --- [ool-1-thread-62] tourGuide.service.RewardsService         : getDistance called
2023-01-19T23:17:18.016+01:00  INFO 2543 --- [ool-1-thread-43] tourGuide.service.RewardsService         : nearAttraction called with Mojave National Preserve
2023-01-19T23:17:18.016+01:00  INFO 2543 --- [ool-1-thread-62] tourGuide.service.RewardsService         : nearAttraction called with Flatiron Building
2023-01-19T23:17:18.016+01:00  INFO 2543 --- [ool-1-thread-37] tourGuide.service.RewardsService         : getDistance called
2023-01-19T23:17:18.016+01:00  INFO 2543 --- [ool-1-thread-37] tourGuide.service.RewardsService         : nearAttraction called with Flatiron Building
2023-01-19T23:17:18.016+01:00  INFO 2543 --- [ool-1-thread-62] tourGuide.service.RewardsService         : getDistance called
2023-01-19T23:17:18.016+01:00  INFO 2543 --- [ool-1-thread-43] tourGuide.service.RewardsService         : getDistance called
2023-01-19T23:17:18.016+01:00  INFO 2543 --- [ool-1-thread-62] tourGuide.service.RewardsService         : nearAttraction called with Fallingwater
2023-01-19T23:17:18.016+01:00  INFO 2543 --- [ool-1-thread-37] tourGuide.service.RewardsService         : getDistance called
2023-01-19T23:17:18.016+01:00  INFO 2543 --- [ool-1-thread-62] tourGuide.service.RewardsService         : getDistance called
2023-01-19T23:17:18.016+01:00  INFO 2543 --- [ool-1-thread-43] tourGuide.service.RewardsService         : nearAttraction called with Joshua Tree National Park
2023-01-19T23:17:18.016+01:00  INFO 2543 --- [ool-1-thread-43] tourGuide.service.RewardsService         : getDistance called
2023-01-19T23:17:18.016+01:00  INFO 2543 --- [ool-1-thread-37] tourGuide.service.RewardsService         : nearAttraction called with Fallingwater
2023-01-19T23:17:18.016+01:00  INFO 2543 --- [ool-1-thread-62] tourGuide.service.RewardsService         : nearAttraction called with Union Station
2023-01-19T23:17:18.016+01:00  INFO 2543 --- [ool-1-thread-37] tourGuide.service.RewardsService         : getDistance called
2023-01-19T23:17:18.016+01:00  INFO 2543 --- [ool-1-thread-62] tourGuide.service.RewardsService         : getDistance called
2023-01-19T23:17:18.016+01:00  INFO 2543 --- [ool-1-thread-43] tourGuide.service.RewardsService         : nearAttraction called with Buffalo National River
2023-01-19T23:17:18.016+01:00  INFO 2543 --- [ool-1-thread-62] tourGuide.service.RewardsService         : nearAttraction called with Roger Dean Stadium
2023-01-19T23:17:18.016+01:00  INFO 2543 --- [ool-1-thread-62] tourGuide.service.RewardsService         : getDistance called
2023-01-19T23:17:18.016+01:00  INFO 2543 --- [ool-1-thread-43] tourGuide.service.RewardsService         : getDistance called
2023-01-19T23:17:18.016+01:00  INFO 2543 --- [ool-1-thread-43] tourGuide.service.RewardsService         : nearAttraction called with Hot Springs National Park
2023-01-19T23:17:18.016+01:00  INFO 2543 --- [ool-1-thread-37] tourGuide.service.RewardsService         : nearAttraction called with Union Station
2023-01-19T23:17:18.016+01:00  INFO 2543 --- [ool-1-thread-43] tourGuide.service.RewardsService         : getDistance called
2023-01-19T23:17:18.016+01:00  INFO 2543 --- [ool-1-thread-37] tourGuide.service.RewardsService         : getDistance called
2023-01-19T23:17:18.016+01:00  INFO 2543 --- [ool-1-thread-62] tourGuide.service.RewardsService         : nearAttraction called with Texas Memorial Stadium
2023-01-19T23:17:18.016+01:00  INFO 2543 --- [ool-1-thread-43] tourGuide.service.RewardsService         : nearAttraction called with Kartchner Caverns State Park
2023-01-19T23:17:18.016+01:00  INFO 2543 --- [ool-1-thread-62] tourGuide.service.RewardsService         : getDistance called
2023-01-19T23:17:18.016+01:00  INFO 2543 --- [ool-1-thread-43] tourGuide.service.RewardsService         : getDistance called
2023-01-19T23:17:18.016+01:00  INFO 2543 --- [ool-1-thread-62] tourGuide.service.RewardsService         : nearAttraction called with Bryant-Denny Stadium
2023-01-19T23:17:18.016+01:00  INFO 2543 --- [ool-1-thread-62] tourGuide.service.RewardsService         : getDistance called
2023-01-19T23:17:18.016+01:00  INFO 2543 --- [ool-1-thread-37] tourGuide.service.RewardsService         : nearAttraction called with Roger Dean Stadium
2023-01-19T23:17:18.016+01:00  INFO 2543 --- [ool-1-thread-62] tourGuide.service.RewardsService         : nearAttraction called with Tiger Stadium
2023-01-19T23:17:18.016+01:00  INFO 2543 --- [ool-1-thread-37] tourGuide.service.RewardsService         : getDistance called
2023-01-19T23:17:18.016+01:00  INFO 2543 --- [ool-1-thread-43] tourGuide.service.RewardsService         : nearAttraction called with Legend Valley
2023-01-19T23:17:18.016+01:00  INFO 2543 --- [ool-1-thread-37] tourGuide.service.RewardsService         : nearAttraction called with Texas Memorial Stadium
2023-01-19T23:17:18.016+01:00  INFO 2543 --- [ool-1-thread-62] tourGuide.service.RewardsService         : getDistance called
2023-01-19T23:17:18.016+01:00  INFO 2543 --- [ool-1-thread-43] tourGuide.service.RewardsService         : getDistance called
2023-01-19T23:17:18.016+01:00  INFO 2543 --- [ool-1-thread-62] tourGuide.service.RewardsService         : nearAttraction called with Neyland Stadium
2023-01-19T23:17:18.016+01:00  INFO 2543 --- [ool-1-thread-37] tourGuide.service.RewardsService         : getDistance called
2023-01-19T23:17:18.016+01:00  INFO 2543 --- [ool-1-thread-43] tourGuide.service.RewardsService         : nearAttraction called with Flowers Bakery of London
2023-01-19T23:17:18.017+01:00  INFO 2543 --- [ool-1-thread-62] tourGuide.service.RewardsService         : getDistance called
2023-01-19T23:17:18.017+01:00  INFO 2543 --- [ool-1-thread-43] tourGuide.service.RewardsService         : getDistance called
2023-01-19T23:17:18.017+01:00  INFO 2543 --- [ool-1-thread-62] tourGuide.service.RewardsService         : nearAttraction called with Kyle Field
2023-01-19T23:17:18.017+01:00  INFO 2543 --- [ool-1-thread-62] tourGuide.service.RewardsService         : getDistance called
2023-01-19T23:17:18.017+01:00  INFO 2543 --- [ool-1-thread-37] tourGuide.service.RewardsService         : nearAttraction called with Bryant-Denny Stadium
2023-01-19T23:17:18.017+01:00  INFO 2543 --- [ool-1-thread-62] tourGuide.service.RewardsService         : nearAttraction called with San Diego Zoo
2023-01-19T23:17:18.017+01:00  INFO 2543 --- [ool-1-thread-43] tourGuide.service.RewardsService         : nearAttraction called with McKinley Tower
2023-01-19T23:17:18.017+01:00  INFO 2543 --- [ool-1-thread-62] tourGuide.service.RewardsService         : getDistance called
2023-01-19T23:17:18.017+01:00  INFO 2543 --- [ool-1-thread-37] tourGuide.service.RewardsService         : getDistance called
2023-01-19T23:17:18.017+01:00  INFO 2543 --- [ool-1-thread-43] tourGuide.service.RewardsService         : getDistance called
2023-01-19T23:17:18.017+01:00  INFO 2543 --- [ool-1-thread-62] tourGuide.service.RewardsService         : nearAttraction called with Zoo Tampa at Lowry Park
2023-01-19T23:17:18.017+01:00  INFO 2543 --- [ool-1-thread-37] tourGuide.service.RewardsService         : nearAttraction called with Tiger Stadium
2023-01-19T23:17:18.017+01:00  INFO 2543 --- [ool-1-thread-43] tourGuide.service.RewardsService         : nearAttraction called with Flatiron Building
2023-01-19T23:17:18.017+01:00  INFO 2543 --- [ool-1-thread-62] tourGuide.service.RewardsService         : getDistance called
2023-01-19T23:17:18.017+01:00  INFO 2543 --- [ool-1-thread-43] tourGuide.service.RewardsService         : getDistance called
2023-01-19T23:17:18.017+01:00  INFO 2543 --- [ool-1-thread-62] tourGuide.service.RewardsService         : nearAttraction called with Franklin Park Zoo
2023-01-19T23:17:18.017+01:00  INFO 2543 --- [ool-1-thread-43] tourGuide.service.RewardsService         : nearAttraction called with Fallingwater
2023-01-19T23:17:18.017+01:00  INFO 2543 --- [ool-1-thread-37] tourGuide.service.RewardsService         : getDistance called
2023-01-19T23:17:18.017+01:00  INFO 2543 --- [ool-1-thread-62] tourGuide.service.RewardsService         : getDistance called
2023-01-19T23:17:18.017+01:00  INFO 2543 --- [ool-1-thread-37] tourGuide.service.RewardsService         : nearAttraction called with Neyland Stadium
2023-01-19T23:17:18.017+01:00  INFO 2543 --- [ool-1-thread-62] tourGuide.service.RewardsService         : nearAttraction called with El Paso Zoo
2023-01-19T23:17:18.017+01:00  INFO 2543 --- [ool-1-thread-37] tourGuide.service.RewardsService         : getDistance called
2023-01-19T23:17:18.017+01:00  INFO 2543 --- [ool-1-thread-43] tourGuide.service.RewardsService         : getDistance called
2023-01-19T23:17:18.017+01:00  INFO 2543 --- [ool-1-thread-37] tourGuide.service.RewardsService         : nearAttraction called with Kyle Field
2023-01-19T23:17:18.017+01:00  INFO 2543 --- [ool-1-thread-62] tourGuide.service.RewardsService         : getDistance called
2023-01-19T23:17:18.017+01:00  INFO 2543 --- [ool-1-thread-37] tourGuide.service.RewardsService         : getDistance called
2023-01-19T23:17:18.017+01:00  INFO 2543 --- [ool-1-thread-62] tourGuide.service.RewardsService         : nearAttraction called with Kansas City Zoo
2023-01-19T23:17:18.017+01:00  INFO 2543 --- [ool-1-thread-43] tourGuide.service.RewardsService         : nearAttraction called with Union Station
2023-01-19T23:17:18.017+01:00  INFO 2543 --- [ool-1-thread-37] tourGuide.service.RewardsService         : nearAttraction called with San Diego Zoo
2023-01-19T23:17:18.017+01:00  INFO 2543 --- [ool-1-thread-37] tourGuide.service.RewardsService         : getDistance called
2023-01-19T23:17:18.017+01:00  INFO 2543 --- [ool-1-thread-43] tourGuide.service.RewardsService         : getDistance called
2023-01-19T23:17:18.017+01:00  INFO 2543 --- [ool-1-thread-37] tourGuide.service.RewardsService         : nearAttraction called with Zoo Tampa at Lowry Park
2023-01-19T23:17:18.017+01:00  INFO 2543 --- [ool-1-thread-62] tourGuide.service.RewardsService         : getDistance called
2023-01-19T23:17:18.017+01:00  INFO 2543 --- [ool-1-thread-43] tourGuide.service.RewardsService         : nearAttraction called with Roger Dean Stadium
2023-01-19T23:17:18.017+01:00  INFO 2543 --- [ool-1-thread-37] tourGuide.service.RewardsService         : getDistance called
2023-01-19T23:17:18.017+01:00  INFO 2543 --- [ool-1-thread-62] tourGuide.service.RewardsService         : nearAttraction called with Bronx Zoo
2023-01-19T23:17:18.017+01:00  INFO 2543 --- [ool-1-thread-43] tourGuide.service.RewardsService         : getDistance called
2023-01-19T23:17:18.017+01:00  INFO 2543 --- [ool-1-thread-62] tourGuide.service.RewardsService         : getDistance called
2023-01-19T23:17:18.017+01:00  INFO 2543 --- [ool-1-thread-37] tourGuide.service.RewardsService         : nearAttraction called with Franklin Park Zoo
2023-01-19T23:17:18.017+01:00  INFO 2543 --- [ool-1-thread-43] tourGuide.service.RewardsService         : nearAttraction called with Texas Memorial Stadium
2023-01-19T23:17:18.017+01:00  INFO 2543 --- [ool-1-thread-37] tourGuide.service.RewardsService         : getDistance called
2023-01-19T23:17:18.017+01:00  INFO 2543 --- [ool-1-thread-43] tourGuide.service.RewardsService         : getDistance called
2023-01-19T23:17:18.017+01:00  INFO 2543 --- [ool-1-thread-62] tourGuide.service.RewardsService         : nearAttraction called with Cinderella Castle
2023-01-19T23:17:18.017+01:00  INFO 2543 --- [ool-1-thread-37] tourGuide.service.RewardsService         : nearAttraction called with El Paso Zoo
2023-01-19T23:17:18.017+01:00  INFO 2543 --- [ool-1-thread-62] tourGuide.service.RewardsService         : getDistance called
2023-01-19T23:17:18.017+01:00  INFO 2543 --- [ool-1-thread-37] tourGuide.service.RewardsService         : getDistance called
2023-01-19T23:17:18.017+01:00  INFO 2543 --- [ool-1-thread-37] tourGuide.service.RewardsService         : nearAttraction called with Kansas City Zoo
2023-01-19T23:17:18.017+01:00  INFO 2543 --- [ool-1-thread-43] tourGuide.service.RewardsService         : nearAttraction called with Bryant-Denny Stadium
2023-01-19T23:17:18.017+01:00  INFO 2543 --- [ool-1-thread-37] tourGuide.service.RewardsService         : getDistance called
2023-01-19T23:17:18.018+01:00  INFO 2543 --- [ool-1-thread-43] tourGuide.service.RewardsService         : getDistance called
2023-01-19T23:17:18.018+01:00  INFO 2543 --- [ool-1-thread-37] tourGuide.service.RewardsService         : nearAttraction called with Bronx Zoo
2023-01-19T23:17:18.018+01:00  INFO 2543 --- [ool-1-thread-43] tourGuide.service.RewardsService         : nearAttraction called with Tiger Stadium
2023-01-19T23:17:18.018+01:00  INFO 2543 --- [ool-1-thread-37] tourGuide.service.RewardsService         : getDistance called
2023-01-19T23:17:18.018+01:00  INFO 2543 --- [ool-1-thread-43] tourGuide.service.RewardsService         : getDistance called
2023-01-19T23:17:18.018+01:00  INFO 2543 --- [ool-1-thread-37] tourGuide.service.RewardsService         : nearAttraction called with Cinderella Castle
2023-01-19T23:17:18.018+01:00  INFO 2543 --- [ool-1-thread-37] tourGuide.service.RewardsService         : getDistance called
2023-01-19T23:17:18.018+01:00  INFO 2543 --- [ool-1-thread-43] tourGuide.service.RewardsService         : nearAttraction called with Neyland Stadium
2023-01-19T23:17:18.018+01:00  INFO 2543 --- [ool-1-thread-43] tourGuide.service.RewardsService         : getDistance called
2023-01-19T23:17:18.018+01:00  INFO 2543 --- [ool-1-thread-43] tourGuide.service.RewardsService         : nearAttraction called with Kyle Field
2023-01-19T23:17:18.018+01:00  INFO 2543 --- [ool-1-thread-43] tourGuide.service.RewardsService         : getDistance called
2023-01-19T23:17:18.018+01:00  INFO 2543 --- [ool-1-thread-43] tourGuide.service.RewardsService         : nearAttraction called with San Diego Zoo
2023-01-19T23:17:18.018+01:00  INFO 2543 --- [ool-1-thread-43] tourGuide.service.RewardsService         : getDistance called
2023-01-19T23:17:18.018+01:00  INFO 2543 --- [ool-1-thread-43] tourGuide.service.RewardsService         : nearAttraction called with Zoo Tampa at Lowry Park
2023-01-19T23:17:18.018+01:00  INFO 2543 --- [ool-1-thread-43] tourGuide.service.RewardsService         : getDistance called
2023-01-19T23:17:18.018+01:00  INFO 2543 --- [ool-1-thread-43] tourGuide.service.RewardsService         : nearAttraction called with Franklin Park Zoo
2023-01-19T23:17:18.018+01:00  INFO 2543 --- [ool-1-thread-43] tourGuide.service.RewardsService         : getDistance called
2023-01-19T23:17:18.018+01:00  INFO 2543 --- [ool-1-thread-43] tourGuide.service.RewardsService         : nearAttraction called with El Paso Zoo
2023-01-19T23:17:18.018+01:00  INFO 2543 --- [ool-1-thread-43] tourGuide.service.RewardsService         : getDistance called
2023-01-19T23:17:18.018+01:00  INFO 2543 --- [ool-1-thread-43] tourGuide.service.RewardsService         : nearAttraction called with Kansas City Zoo
2023-01-19T23:17:18.018+01:00  INFO 2543 --- [ool-1-thread-43] tourGuide.service.RewardsService         : getDistance called
2023-01-19T23:17:18.018+01:00  INFO 2543 --- [ool-1-thread-43] tourGuide.service.RewardsService         : nearAttraction called with Bronx Zoo
2023-01-19T23:17:18.018+01:00  INFO 2543 --- [ool-1-thread-43] tourGuide.service.RewardsService         : getDistance called
2023-01-19T23:17:18.018+01:00  INFO 2543 --- [ool-1-thread-43] tourGuide.service.RewardsService         : nearAttraction called with Cinderella Castle
2023-01-19T23:17:18.018+01:00  INFO 2543 --- [ool-1-thread-43] tourGuide.service.RewardsService         : getDistance called
2023-01-19T23:17:18.019+01:00  INFO 2543 --- [ool-1-thread-52] tourGuide.service.RewardsService         : nearAttraction called with Jackson Hole
2023-01-19T23:17:18.020+01:00  INFO 2543 --- [ool-1-thread-52] tourGuide.service.RewardsService         : getDistance called
2023-01-19T23:17:18.020+01:00  INFO 2543 --- [ool-1-thread-52] tourGuide.service.RewardsService         : nearAttraction called with Mojave National Preserve
2023-01-19T23:17:18.020+01:00  INFO 2543 --- [ool-1-thread-52] tourGuide.service.RewardsService         : getDistance called
2023-01-19T23:17:18.020+01:00  INFO 2543 --- [ool-1-thread-52] tourGuide.service.RewardsService         : nearAttraction called with Joshua Tree National Park
2023-01-19T23:17:18.020+01:00  INFO 2543 --- [ool-1-thread-52] tourGuide.service.RewardsService         : getDistance called
2023-01-19T23:17:18.020+01:00  INFO 2543 --- [ool-1-thread-52] tourGuide.service.RewardsService         : nearAttraction called with Buffalo National River
2023-01-19T23:17:18.020+01:00  INFO 2543 --- [ool-1-thread-52] tourGuide.service.RewardsService         : getDistance called
2023-01-19T23:17:18.020+01:00  INFO 2543 --- [ool-1-thread-52] tourGuide.service.RewardsService         : nearAttraction called with Hot Springs National Park
2023-01-19T23:17:18.020+01:00  INFO 2543 --- [ool-1-thread-52] tourGuide.service.RewardsService         : getDistance called
2023-01-19T23:17:18.020+01:00  INFO 2543 --- [ool-1-thread-52] tourGuide.service.RewardsService         : nearAttraction called with Kartchner Caverns State Park
2023-01-19T23:17:18.020+01:00  INFO 2543 --- [ool-1-thread-52] tourGuide.service.RewardsService         : getDistance called
2023-01-19T23:17:18.020+01:00  INFO 2543 --- [ool-1-thread-52] tourGuide.service.RewardsService         : nearAttraction called with Legend Valley
2023-01-19T23:17:18.020+01:00  INFO 2543 --- [ool-1-thread-52] tourGuide.service.RewardsService         : getDistance called
2023-01-19T23:17:18.020+01:00  INFO 2543 --- [ool-1-thread-52] tourGuide.service.RewardsService         : nearAttraction called with Flowers Bakery of London
2023-01-19T23:17:18.020+01:00  INFO 2543 --- [ool-1-thread-52] tourGuide.service.RewardsService         : getDistance called
2023-01-19T23:17:18.020+01:00  INFO 2543 --- [ool-1-thread-52] tourGuide.service.RewardsService         : nearAttraction called with McKinley Tower
2023-01-19T23:17:18.020+01:00  INFO 2543 --- [ool-1-thread-52] tourGuide.service.RewardsService         : getDistance called
2023-01-19T23:17:18.020+01:00  INFO 2543 --- [ool-1-thread-52] tourGuide.service.RewardsService         : nearAttraction called with Flatiron Building
2023-01-19T23:17:18.020+01:00  INFO 2543 --- [ool-1-thread-52] tourGuide.service.RewardsService         : getDistance called
2023-01-19T23:17:18.020+01:00  INFO 2543 --- [ool-1-thread-52] tourGuide.service.RewardsService         : nearAttraction called with Fallingwater
2023-01-19T23:17:18.020+01:00  INFO 2543 --- [ool-1-thread-52] tourGuide.service.RewardsService         : getDistance called
2023-01-19T23:17:18.020+01:00  INFO 2543 --- [ool-1-thread-52] tourGuide.service.RewardsService         : nearAttraction called with Union Station
2023-01-19T23:17:18.020+01:00  INFO 2543 --- [ool-1-thread-52] tourGuide.service.RewardsService         : getDistance called
2023-01-19T23:17:18.020+01:00  INFO 2543 --- [ool-1-thread-52] tourGuide.service.RewardsService         : nearAttraction called with Roger Dean Stadium
2023-01-19T23:17:18.020+01:00  INFO 2543 --- [ool-1-thread-52] tourGuide.service.RewardsService         : getDistance called
2023-01-19T23:17:18.020+01:00  INFO 2543 --- [ool-1-thread-52] tourGuide.service.RewardsService         : nearAttraction called with Texas Memorial Stadium
2023-01-19T23:17:18.020+01:00  INFO 2543 --- [ool-1-thread-52] tourGuide.service.RewardsService         : getDistance called
2023-01-19T23:17:18.020+01:00  INFO 2543 --- [ool-1-thread-52] tourGuide.service.RewardsService         : nearAttraction called with Bryant-Denny Stadium
2023-01-19T23:17:18.020+01:00  INFO 2543 --- [ool-1-thread-52] tourGuide.service.RewardsService         : getDistance called
2023-01-19T23:17:18.020+01:00  INFO 2543 --- [ool-1-thread-52] tourGuide.service.RewardsService         : nearAttraction called with Tiger Stadium
2023-01-19T23:17:18.020+01:00  INFO 2543 --- [ool-1-thread-52] tourGuide.service.RewardsService         : getDistance called
2023-01-19T23:17:18.020+01:00  INFO 2543 --- [ool-1-thread-52] tourGuide.service.RewardsService         : nearAttraction called with Neyland Stadium
2023-01-19T23:17:18.020+01:00  INFO 2543 --- [ool-1-thread-52] tourGuide.service.RewardsService         : getDistance called
2023-01-19T23:17:18.020+01:00  INFO 2543 --- [ool-1-thread-52] tourGuide.service.RewardsService         : nearAttraction called with Kyle Field
2023-01-19T23:17:18.020+01:00  INFO 2543 --- [ool-1-thread-52] tourGuide.service.RewardsService         : getDistance called
2023-01-19T23:17:18.020+01:00  INFO 2543 --- [ool-1-thread-52] tourGuide.service.RewardsService         : nearAttraction called with San Diego Zoo
2023-01-19T23:17:18.020+01:00  INFO 2543 --- [ool-1-thread-52] tourGuide.service.RewardsService         : getDistance called
2023-01-19T23:17:18.020+01:00  INFO 2543 --- [ool-1-thread-52] tourGuide.service.RewardsService         : nearAttraction called with Zoo Tampa at Lowry Park
2023-01-19T23:17:18.020+01:00  INFO 2543 --- [ool-1-thread-52] tourGuide.service.RewardsService         : getDistance called
2023-01-19T23:17:18.020+01:00  INFO 2543 --- [ool-1-thread-52] tourGuide.service.RewardsService         : nearAttraction called with Franklin Park Zoo
2023-01-19T23:17:18.020+01:00  INFO 2543 --- [ool-1-thread-52] tourGuide.service.RewardsService         : getDistance called
2023-01-19T23:17:18.020+01:00  INFO 2543 --- [ool-1-thread-52] tourGuide.service.RewardsService         : nearAttraction called with El Paso Zoo
2023-01-19T23:17:18.020+01:00  INFO 2543 --- [ool-1-thread-52] tourGuide.service.RewardsService         : getDistance called
2023-01-19T23:17:18.020+01:00  INFO 2543 --- [ool-1-thread-52] tourGuide.service.RewardsService         : nearAttraction called with Kansas City Zoo
2023-01-19T23:17:18.020+01:00  INFO 2543 --- [ool-1-thread-52] tourGuide.service.RewardsService         : getDistance called
2023-01-19T23:17:18.020+01:00  INFO 2543 --- [ool-1-thread-52] tourGuide.service.RewardsService         : nearAttraction called with Bronx Zoo
2023-01-19T23:17:18.020+01:00  INFO 2543 --- [ool-1-thread-52] tourGuide.service.RewardsService         : getDistance called
2023-01-19T23:17:18.020+01:00  INFO 2543 --- [ool-1-thread-52] tourGuide.service.RewardsService         : nearAttraction called with Cinderella Castle
2023-01-19T23:17:18.020+01:00  INFO 2543 --- [ool-1-thread-52] tourGuide.service.RewardsService         : getDistance called
2023-01-19T23:17:18.037+01:00  INFO 2543 --- [ool-1-thread-69] tourGuide.service.RewardsService         : nearAttraction called with Jackson Hole
2023-01-19T23:17:18.037+01:00  INFO 2543 --- [ool-1-thread-69] tourGuide.service.RewardsService         : getDistance called
2023-01-19T23:17:18.037+01:00  INFO 2543 --- [ool-1-thread-61] tourGuide.service.RewardsService         : nearAttraction called with Jackson Hole
2023-01-19T23:17:18.037+01:00  INFO 2543 --- [ool-1-thread-69] tourGuide.service.RewardsService         : nearAttraction called with Mojave National Preserve
2023-01-19T23:17:18.037+01:00  INFO 2543 --- [ool-1-thread-61] tourGuide.service.RewardsService         : getDistance called
2023-01-19T23:17:18.037+01:00  INFO 2543 --- [ool-1-thread-69] tourGuide.service.RewardsService         : getDistance called
2023-01-19T23:17:18.037+01:00  INFO 2543 --- [ool-1-thread-69] tourGuide.service.RewardsService         : nearAttraction called with Joshua Tree National Park
2023-01-19T23:17:18.037+01:00  INFO 2543 --- [ool-1-thread-69] tourGuide.service.RewardsService         : getDistance called
2023-01-19T23:17:18.037+01:00  INFO 2543 --- [ool-1-thread-61] tourGuide.service.RewardsService         : nearAttraction called with Mojave National Preserve
2023-01-19T23:17:18.037+01:00  INFO 2543 --- [ool-1-thread-61] tourGuide.service.RewardsService         : getDistance called
2023-01-19T23:17:18.037+01:00  INFO 2543 --- [ool-1-thread-69] tourGuide.service.RewardsService         : nearAttraction called with Buffalo National River
2023-01-19T23:17:18.037+01:00  INFO 2543 --- [ool-1-thread-61] tourGuide.service.RewardsService         : nearAttraction called with Joshua Tree National Park
2023-01-19T23:17:18.037+01:00  INFO 2543 --- [ool-1-thread-69] tourGuide.service.RewardsService         : getDistance called
2023-01-19T23:17:18.037+01:00  INFO 2543 --- [ool-1-thread-61] tourGuide.service.RewardsService         : getDistance called
2023-01-19T23:17:18.037+01:00  INFO 2543 --- [ool-1-thread-61] tourGuide.service.RewardsService         : nearAttraction called with Buffalo National River
2023-01-19T23:17:18.037+01:00  INFO 2543 --- [ool-1-thread-69] tourGuide.service.RewardsService         : nearAttraction called with Hot Springs National Park
2023-01-19T23:17:18.037+01:00  INFO 2543 --- [ool-1-thread-61] tourGuide.service.RewardsService         : getDistance called
2023-01-19T23:17:18.037+01:00  INFO 2543 --- [ool-1-thread-69] tourGuide.service.RewardsService         : getDistance called
2023-01-19T23:17:18.037+01:00  INFO 2543 --- [ool-1-thread-61] tourGuide.service.RewardsService         : nearAttraction called with Hot Springs National Park
2023-01-19T23:17:18.037+01:00  INFO 2543 --- [ool-1-thread-69] tourGuide.service.RewardsService         : nearAttraction called with Kartchner Caverns State Park
2023-01-19T23:17:18.037+01:00  INFO 2543 --- [ool-1-thread-61] tourGuide.service.RewardsService         : getDistance called
2023-01-19T23:17:18.037+01:00  INFO 2543 --- [ool-1-thread-69] tourGuide.service.RewardsService         : getDistance called
2023-01-19T23:17:18.037+01:00  INFO 2543 --- [ool-1-thread-61] tourGuide.service.RewardsService         : nearAttraction called with Kartchner Caverns State Park
2023-01-19T23:17:18.037+01:00  INFO 2543 --- [ool-1-thread-69] tourGuide.service.RewardsService         : nearAttraction called with Legend Valley
2023-01-19T23:17:18.037+01:00  INFO 2543 --- [ool-1-thread-61] tourGuide.service.RewardsService         : getDistance called
2023-01-19T23:17:18.037+01:00  INFO 2543 --- [ool-1-thread-69] tourGuide.service.RewardsService         : getDistance called
2023-01-19T23:17:18.037+01:00  INFO 2543 --- [ool-1-thread-61] tourGuide.service.RewardsService         : nearAttraction called with Legend Valley
2023-01-19T23:17:18.037+01:00  INFO 2543 --- [ool-1-thread-69] tourGuide.service.RewardsService         : nearAttraction called with Flowers Bakery of London
2023-01-19T23:17:18.037+01:00  INFO 2543 --- [ool-1-thread-61] tourGuide.service.RewardsService         : getDistance called
2023-01-19T23:17:18.037+01:00  INFO 2543 --- [ool-1-thread-69] tourGuide.service.RewardsService         : getDistance called
2023-01-19T23:17:18.037+01:00  INFO 2543 --- [ool-1-thread-61] tourGuide.service.RewardsService         : nearAttraction called with Flowers Bakery of London
2023-01-19T23:17:18.037+01:00  INFO 2543 --- [ool-1-thread-61] tourGuide.service.RewardsService         : getDistance called
2023-01-19T23:17:18.037+01:00  INFO 2543 --- [ool-1-thread-69] tourGuide.service.RewardsService         : nearAttraction called with McKinley Tower
2023-01-19T23:17:18.037+01:00  INFO 2543 --- [ool-1-thread-61] tourGuide.service.RewardsService         : nearAttraction called with McKinley Tower
2023-01-19T23:17:18.037+01:00  INFO 2543 --- [ool-1-thread-69] tourGuide.service.RewardsService         : getDistance called
2023-01-19T23:17:18.038+01:00  INFO 2543 --- [ool-1-thread-61] tourGuide.service.RewardsService         : getDistance called
2023-01-19T23:17:18.038+01:00  INFO 2543 --- [ool-1-thread-69] tourGuide.service.RewardsService         : nearAttraction called with Flatiron Building
2023-01-19T23:17:18.038+01:00  INFO 2543 --- [ool-1-thread-61] tourGuide.service.RewardsService         : nearAttraction called with Flatiron Building
2023-01-19T23:17:18.038+01:00  INFO 2543 --- [ool-1-thread-69] tourGuide.service.RewardsService         : getDistance called
2023-01-19T23:17:18.038+01:00  INFO 2543 --- [ool-1-thread-61] tourGuide.service.RewardsService         : getDistance called
2023-01-19T23:17:18.038+01:00  INFO 2543 --- [ool-1-thread-69] tourGuide.service.RewardsService         : nearAttraction called with Fallingwater
2023-01-19T23:17:18.038+01:00  INFO 2543 --- [ool-1-thread-69] tourGuide.service.RewardsService         : getDistance called
2023-01-19T23:17:18.038+01:00  INFO 2543 --- [ool-1-thread-61] tourGuide.service.RewardsService         : nearAttraction called with Fallingwater
2023-01-19T23:17:18.038+01:00  INFO 2543 --- [ool-1-thread-69] tourGuide.service.RewardsService         : nearAttraction called with Union Station
2023-01-19T23:17:18.038+01:00  INFO 2543 --- [ool-1-thread-61] tourGuide.service.RewardsService         : getDistance called
2023-01-19T23:17:18.038+01:00  INFO 2543 --- [ool-1-thread-69] tourGuide.service.RewardsService         : getDistance called
2023-01-19T23:17:18.038+01:00  INFO 2543 --- [ool-1-thread-61] tourGuide.service.RewardsService         : nearAttraction called with Union Station
2023-01-19T23:17:18.038+01:00  INFO 2543 --- [ool-1-thread-69] tourGuide.service.RewardsService         : nearAttraction called with Roger Dean Stadium
2023-01-19T23:17:18.038+01:00  INFO 2543 --- [ool-1-thread-61] tourGuide.service.RewardsService         : getDistance called
2023-01-19T23:17:18.038+01:00  INFO 2543 --- [ool-1-thread-69] tourGuide.service.RewardsService         : getDistance called
2023-01-19T23:17:18.038+01:00  INFO 2543 --- [ool-1-thread-61] tourGuide.service.RewardsService         : nearAttraction called with Roger Dean Stadium
2023-01-19T23:17:18.038+01:00  INFO 2543 --- [ool-1-thread-69] tourGuide.service.RewardsService         : nearAttraction called with Texas Memorial Stadium
2023-01-19T23:17:18.038+01:00  INFO 2543 --- [ool-1-thread-63] tourGuide.service.RewardsService         : nearAttraction called with Jackson Hole
2023-01-19T23:17:18.038+01:00  INFO 2543 --- [ool-1-thread-61] tourGuide.service.RewardsService         : getDistance called
2023-01-19T23:17:18.038+01:00  INFO 2543 --- [ool-1-thread-69] tourGuide.service.RewardsService         : getDistance called
2023-01-19T23:17:18.038+01:00  INFO 2543 --- [ool-1-thread-63] tourGuide.service.RewardsService         : getDistance called
2023-01-19T23:17:18.038+01:00  INFO 2543 --- [ool-1-thread-61] tourGuide.service.RewardsService         : nearAttraction called with Texas Memorial Stadium
2023-01-19T23:17:18.038+01:00  INFO 2543 --- [ool-1-thread-63] tourGuide.service.RewardsService         : nearAttraction called with Mojave National Preserve
2023-01-19T23:17:18.038+01:00  INFO 2543 --- [ool-1-thread-69] tourGuide.service.RewardsService         : nearAttraction called with Bryant-Denny Stadium
2023-01-19T23:17:18.038+01:00  INFO 2543 --- [ool-1-thread-61] tourGuide.service.RewardsService         : getDistance called
2023-01-19T23:17:18.038+01:00  INFO 2543 --- [ool-1-thread-63] tourGuide.service.RewardsService         : getDistance called
2023-01-19T23:17:18.038+01:00  INFO 2543 --- [ool-1-thread-69] tourGuide.service.RewardsService         : getDistance called
2023-01-19T23:17:18.038+01:00  INFO 2543 --- [ool-1-thread-63] tourGuide.service.RewardsService         : nearAttraction called with Joshua Tree National Park
2023-01-19T23:17:18.038+01:00  INFO 2543 --- [ool-1-thread-61] tourGuide.service.RewardsService         : nearAttraction called with Bryant-Denny Stadium
2023-01-19T23:17:18.038+01:00  INFO 2543 --- [ool-1-thread-69] tourGuide.service.RewardsService         : nearAttraction called with Tiger Stadium
2023-01-19T23:17:18.038+01:00  INFO 2543 --- [ool-1-thread-61] tourGuide.service.RewardsService         : getDistance called
2023-01-19T23:17:18.038+01:00  INFO 2543 --- [ool-1-thread-63] tourGuide.service.RewardsService         : getDistance called
2023-01-19T23:17:18.038+01:00  INFO 2543 --- [ool-1-thread-61] tourGuide.service.RewardsService         : nearAttraction called with Tiger Stadium
2023-01-19T23:17:18.038+01:00  INFO 2543 --- [ool-1-thread-69] tourGuide.service.RewardsService         : getDistance called
2023-01-19T23:17:18.038+01:00  INFO 2543 --- [ool-1-thread-63] tourGuide.service.RewardsService         : nearAttraction called with Buffalo National River
2023-01-19T23:17:18.038+01:00  INFO 2543 --- [ool-1-thread-69] tourGuide.service.RewardsService         : nearAttraction called with Neyland Stadium
2023-01-19T23:17:18.038+01:00  INFO 2543 --- [ool-1-thread-61] tourGuide.service.RewardsService         : getDistance called
2023-01-19T23:17:18.038+01:00  INFO 2543 --- [ool-1-thread-63] tourGuide.service.RewardsService         : getDistance called
2023-01-19T23:17:18.038+01:00  INFO 2543 --- [ool-1-thread-61] tourGuide.service.RewardsService         : nearAttraction called with Neyland Stadium
2023-01-19T23:17:18.038+01:00  INFO 2543 --- [ool-1-thread-69] tourGuide.service.RewardsService         : getDistance called
2023-01-19T23:17:18.038+01:00  INFO 2543 --- [ool-1-thread-63] tourGuide.service.RewardsService         : nearAttraction called with Hot Springs National Park
2023-01-19T23:17:18.038+01:00  INFO 2543 --- [ool-1-thread-61] tourGuide.service.RewardsService         : getDistance called
2023-01-19T23:17:18.038+01:00  INFO 2543 --- [ool-1-thread-69] tourGuide.service.RewardsService         : nearAttraction called with Kyle Field
2023-01-19T23:17:18.038+01:00  INFO 2543 --- [ool-1-thread-63] tourGuide.service.RewardsService         : getDistance called
2023-01-19T23:17:18.038+01:00  INFO 2543 --- [ool-1-thread-61] tourGuide.service.RewardsService         : nearAttraction called with Kyle Field
2023-01-19T23:17:18.038+01:00  INFO 2543 --- [ool-1-thread-63] tourGuide.service.RewardsService         : nearAttraction called with Kartchner Caverns State Park
2023-01-19T23:17:18.038+01:00  INFO 2543 --- [ool-1-thread-61] tourGuide.service.RewardsService         : getDistance called
2023-01-19T23:17:18.038+01:00  INFO 2543 --- [ool-1-thread-69] tourGuide.service.RewardsService         : getDistance called
2023-01-19T23:17:18.038+01:00  INFO 2543 --- [ool-1-thread-61] tourGuide.service.RewardsService         : nearAttraction called with San Diego Zoo
2023-01-19T23:17:18.038+01:00  INFO 2543 --- [ool-1-thread-63] tourGuide.service.RewardsService         : getDistance called
2023-01-19T23:17:18.038+01:00  INFO 2543 --- [ool-1-thread-69] tourGuide.service.RewardsService         : nearAttraction called with San Diego Zoo
2023-01-19T23:17:18.038+01:00  INFO 2543 --- [ool-1-thread-61] tourGuide.service.RewardsService         : getDistance called
2023-01-19T23:17:18.039+01:00  INFO 2543 --- [ool-1-thread-63] tourGuide.service.RewardsService         : nearAttraction called with Legend Valley
2023-01-19T23:17:18.039+01:00  INFO 2543 --- [ool-1-thread-61] tourGuide.service.RewardsService         : nearAttraction called with Zoo Tampa at Lowry Park
2023-01-19T23:17:18.039+01:00  INFO 2543 --- [ool-1-thread-69] tourGuide.service.RewardsService         : getDistance called
2023-01-19T23:17:18.039+01:00  INFO 2543 --- [ool-1-thread-63] tourGuide.service.RewardsService         : getDistance called
2023-01-19T23:17:18.039+01:00  INFO 2543 --- [ool-1-thread-69] tourGuide.service.RewardsService         : nearAttraction called with Zoo Tampa at Lowry Park
2023-01-19T23:17:18.039+01:00  INFO 2543 --- [ool-1-thread-61] tourGuide.service.RewardsService         : getDistance called
2023-01-19T23:17:18.039+01:00  INFO 2543 --- [ool-1-thread-63] tourGuide.service.RewardsService         : nearAttraction called with Flowers Bakery of London
2023-01-19T23:17:18.039+01:00  INFO 2543 --- [ool-1-thread-69] tourGuide.service.RewardsService         : getDistance called
2023-01-19T23:17:18.039+01:00  INFO 2543 --- [ool-1-thread-61] tourGuide.service.RewardsService         : nearAttraction called with Franklin Park Zoo
2023-01-19T23:17:18.039+01:00  INFO 2543 --- [ool-1-thread-61] tourGuide.service.RewardsService         : getDistance called
2023-01-19T23:17:18.039+01:00  INFO 2543 --- [ool-1-thread-63] tourGuide.service.RewardsService         : getDistance called
2023-01-19T23:17:18.039+01:00  INFO 2543 --- [ool-1-thread-69] tourGuide.service.RewardsService         : nearAttraction called with Franklin Park Zoo
2023-01-19T23:17:18.039+01:00  INFO 2543 --- [ool-1-thread-61] tourGuide.service.RewardsService         : nearAttraction called with El Paso Zoo
2023-01-19T23:17:18.039+01:00  INFO 2543 --- [ool-1-thread-63] tourGuide.service.RewardsService         : nearAttraction called with McKinley Tower
2023-01-19T23:17:18.039+01:00  INFO 2543 --- [ool-1-thread-61] tourGuide.service.RewardsService         : getDistance called
2023-01-19T23:17:18.039+01:00  INFO 2543 --- [ool-1-thread-69] tourGuide.service.RewardsService         : getDistance called
2023-01-19T23:17:18.039+01:00  INFO 2543 --- [ool-1-thread-63] tourGuide.service.RewardsService         : getDistance called
2023-01-19T23:17:18.039+01:00  INFO 2543 --- [ool-1-thread-50] tourGuide.service.RewardsService         : nearAttraction called with Jackson Hole
2023-01-19T23:17:18.039+01:00  INFO 2543 --- [ool-1-thread-61] tourGuide.service.RewardsService         : nearAttraction called with Kansas City Zoo
2023-01-19T23:17:18.039+01:00  INFO 2543 --- [ool-1-thread-50] tourGuide.service.RewardsService         : getDistance called
2023-01-19T23:17:18.039+01:00  INFO 2543 --- [ool-1-thread-69] tourGuide.service.RewardsService         : nearAttraction called with El Paso Zoo
2023-01-19T23:17:18.039+01:00  INFO 2543 --- [ool-1-thread-50] tourGuide.service.RewardsService         : nearAttraction called with Mojave National Preserve
2023-01-19T23:17:18.039+01:00  INFO 2543 --- [ool-1-thread-63] tourGuide.service.RewardsService         : nearAttraction called with Flatiron Building
2023-01-19T23:17:18.039+01:00  INFO 2543 --- [ool-1-thread-50] tourGuide.service.RewardsService         : getDistance called
2023-01-19T23:17:18.039+01:00  INFO 2543 --- [ool-1-thread-61] tourGuide.service.RewardsService         : getDistance called
2023-01-19T23:17:18.039+01:00  INFO 2543 --- [ool-1-thread-63] tourGuide.service.RewardsService         : getDistance called
2023-01-19T23:17:18.039+01:00  INFO 2543 --- [ool-1-thread-69] tourGuide.service.RewardsService         : getDistance called
2023-01-19T23:17:18.039+01:00  INFO 2543 --- [ool-1-thread-63] tourGuide.service.RewardsService         : nearAttraction called with Fallingwater
2023-01-19T23:17:18.039+01:00  INFO 2543 --- [ool-1-thread-50] tourGuide.service.RewardsService         : nearAttraction called with Joshua Tree National Park
2023-01-19T23:17:18.039+01:00  INFO 2543 --- [ool-1-thread-61] tourGuide.service.RewardsService         : nearAttraction called with Bronx Zoo
2023-01-19T23:17:18.039+01:00  INFO 2543 --- [ool-1-thread-69] tourGuide.service.RewardsService         : nearAttraction called with Kansas City Zoo
2023-01-19T23:17:18.039+01:00  INFO 2543 --- [ool-1-thread-63] tourGuide.service.RewardsService         : getDistance called
2023-01-19T23:17:18.039+01:00  INFO 2543 --- [ool-1-thread-50] tourGuide.service.RewardsService         : getDistance called
2023-01-19T23:17:18.039+01:00  INFO 2543 --- [ool-1-thread-63] tourGuide.service.RewardsService         : nearAttraction called with Union Station
2023-01-19T23:17:18.039+01:00  INFO 2543 --- [ool-1-thread-63] tourGuide.service.RewardsService         : getDistance called
2023-01-19T23:17:18.039+01:00  INFO 2543 --- [ool-1-thread-61] tourGuide.service.RewardsService         : getDistance called
2023-01-19T23:17:18.039+01:00  INFO 2543 --- [ool-1-thread-63] tourGuide.service.RewardsService         : nearAttraction called with Roger Dean Stadium
2023-01-19T23:17:18.039+01:00  INFO 2543 --- [ool-1-thread-63] tourGuide.service.RewardsService         : getDistance called
2023-01-19T23:17:18.039+01:00  INFO 2543 --- [ool-1-thread-50] tourGuide.service.RewardsService         : nearAttraction called with Buffalo National River
2023-01-19T23:17:18.039+01:00  INFO 2543 --- [ool-1-thread-69] tourGuide.service.RewardsService         : getDistance called
2023-01-19T23:17:18.039+01:00  INFO 2543 --- [ool-1-thread-50] tourGuide.service.RewardsService         : getDistance called
2023-01-19T23:17:18.039+01:00  INFO 2543 --- [ool-1-thread-50] tourGuide.service.RewardsService         : nearAttraction called with Hot Springs National Park
2023-01-19T23:17:18.039+01:00  INFO 2543 --- [ool-1-thread-50] tourGuide.service.RewardsService         : getDistance called
2023-01-19T23:17:18.039+01:00  INFO 2543 --- [ool-1-thread-61] tourGuide.service.RewardsService         : nearAttraction called with Cinderella Castle
2023-01-19T23:17:18.039+01:00  INFO 2543 --- [ool-1-thread-63] tourGuide.service.RewardsService         : nearAttraction called with Texas Memorial Stadium
2023-01-19T23:17:18.040+01:00  INFO 2543 --- [ool-1-thread-50] tourGuide.service.RewardsService         : nearAttraction called with Kartchner Caverns State Park
2023-01-19T23:17:18.040+01:00  INFO 2543 --- [ool-1-thread-63] tourGuide.service.RewardsService         : getDistance called
2023-01-19T23:17:18.039+01:00  INFO 2543 --- [ool-1-thread-69] tourGuide.service.RewardsService         : nearAttraction called with Bronx Zoo
2023-01-19T23:17:18.040+01:00  INFO 2543 --- [ool-1-thread-61] tourGuide.service.RewardsService         : getDistance called
2023-01-19T23:17:18.040+01:00  INFO 2543 --- [ool-1-thread-63] tourGuide.service.RewardsService         : nearAttraction called with Bryant-Denny Stadium
2023-01-19T23:17:18.040+01:00  INFO 2543 --- [ool-1-thread-63] tourGuide.service.RewardsService         : getDistance called
2023-01-19T23:17:18.040+01:00  INFO 2543 --- [ool-1-thread-50] tourGuide.service.RewardsService         : getDistance called
2023-01-19T23:17:18.040+01:00  INFO 2543 --- [ool-1-thread-69] tourGuide.service.RewardsService         : getDistance called
2023-01-19T23:17:18.040+01:00  INFO 2543 --- [ool-1-thread-50] tourGuide.service.RewardsService         : nearAttraction called with Legend Valley
2023-01-19T23:17:18.040+01:00  INFO 2543 --- [ool-1-thread-50] tourGuide.service.RewardsService         : getDistance called
2023-01-19T23:17:18.040+01:00  INFO 2543 --- [ool-1-thread-63] tourGuide.service.RewardsService         : nearAttraction called with Tiger Stadium
2023-01-19T23:17:18.040+01:00  INFO 2543 --- [ool-1-thread-50] tourGuide.service.RewardsService         : nearAttraction called with Flowers Bakery of London
2023-01-19T23:17:18.040+01:00  INFO 2543 --- [ool-1-thread-50] tourGuide.service.RewardsService         : getDistance called
2023-01-19T23:17:18.040+01:00  INFO 2543 --- [ool-1-thread-69] tourGuide.service.RewardsService         : nearAttraction called with Cinderella Castle
2023-01-19T23:17:18.040+01:00  INFO 2543 --- [ool-1-thread-63] tourGuide.service.RewardsService         : getDistance called
2023-01-19T23:17:18.040+01:00  INFO 2543 --- [ool-1-thread-50] tourGuide.service.RewardsService         : nearAttraction called with McKinley Tower
2023-01-19T23:17:18.040+01:00  INFO 2543 --- [ool-1-thread-69] tourGuide.service.RewardsService         : getDistance called
2023-01-19T23:17:18.040+01:00  INFO 2543 --- [ool-1-thread-50] tourGuide.service.RewardsService         : getDistance called
2023-01-19T23:17:18.040+01:00  INFO 2543 --- [ool-1-thread-63] tourGuide.service.RewardsService         : nearAttraction called with Neyland Stadium
2023-01-19T23:17:18.040+01:00  INFO 2543 --- [ool-1-thread-50] tourGuide.service.RewardsService         : nearAttraction called with Flatiron Building
2023-01-19T23:17:18.040+01:00  INFO 2543 --- [ool-1-thread-50] tourGuide.service.RewardsService         : getDistance called
2023-01-19T23:17:18.040+01:00  INFO 2543 --- [ool-1-thread-63] tourGuide.service.RewardsService         : getDistance called
2023-01-19T23:17:18.040+01:00  INFO 2543 --- [ool-1-thread-50] tourGuide.service.RewardsService         : nearAttraction called with Fallingwater
2023-01-19T23:17:18.040+01:00  INFO 2543 --- [ool-1-thread-63] tourGuide.service.RewardsService         : nearAttraction called with Kyle Field
2023-01-19T23:17:18.040+01:00  INFO 2543 --- [ool-1-thread-50] tourGuide.service.RewardsService         : getDistance called
2023-01-19T23:17:18.040+01:00  INFO 2543 --- [ool-1-thread-63] tourGuide.service.RewardsService         : getDistance called
2023-01-19T23:17:18.040+01:00  INFO 2543 --- [ool-1-thread-50] tourGuide.service.RewardsService         : nearAttraction called with Union Station
2023-01-19T23:17:18.040+01:00  INFO 2543 --- [ool-1-thread-63] tourGuide.service.RewardsService         : nearAttraction called with San Diego Zoo
2023-01-19T23:17:18.040+01:00  INFO 2543 --- [ool-1-thread-50] tourGuide.service.RewardsService         : getDistance called
2023-01-19T23:17:18.040+01:00  INFO 2543 --- [ool-1-thread-63] tourGuide.service.RewardsService         : getDistance called
2023-01-19T23:17:18.040+01:00  INFO 2543 --- [ool-1-thread-63] tourGuide.service.RewardsService         : nearAttraction called with Zoo Tampa at Lowry Park
2023-01-19T23:17:18.040+01:00  INFO 2543 --- [ool-1-thread-50] tourGuide.service.RewardsService         : nearAttraction called with Roger Dean Stadium
2023-01-19T23:17:18.040+01:00  INFO 2543 --- [ool-1-thread-63] tourGuide.service.RewardsService         : getDistance called
2023-01-19T23:17:18.040+01:00  INFO 2543 --- [ool-1-thread-50] tourGuide.service.RewardsService         : getDistance called
2023-01-19T23:17:18.040+01:00  INFO 2543 --- [ool-1-thread-63] tourGuide.service.RewardsService         : nearAttraction called with Franklin Park Zoo
2023-01-19T23:17:18.040+01:00  INFO 2543 --- [ool-1-thread-50] tourGuide.service.RewardsService         : nearAttraction called with Texas Memorial Stadium
2023-01-19T23:17:18.040+01:00  INFO 2543 --- [ool-1-thread-63] tourGuide.service.RewardsService         : getDistance called
2023-01-19T23:17:18.040+01:00  INFO 2543 --- [ool-1-thread-50] tourGuide.service.RewardsService         : getDistance called
2023-01-19T23:17:18.040+01:00  INFO 2543 --- [ool-1-thread-63] tourGuide.service.RewardsService         : nearAttraction called with El Paso Zoo
2023-01-19T23:17:18.040+01:00  INFO 2543 --- [ool-1-thread-50] tourGuide.service.RewardsService         : nearAttraction called with Bryant-Denny Stadium
2023-01-19T23:17:18.041+01:00  INFO 2543 --- [ool-1-thread-63] tourGuide.service.RewardsService         : getDistance called
2023-01-19T23:17:18.041+01:00  INFO 2543 --- [ool-1-thread-50] tourGuide.service.RewardsService         : getDistance called
2023-01-19T23:17:18.041+01:00  INFO 2543 --- [ool-1-thread-63] tourGuide.service.RewardsService         : nearAttraction called with Kansas City Zoo
2023-01-19T23:17:18.041+01:00  INFO 2543 --- [ool-1-thread-50] tourGuide.service.RewardsService         : nearAttraction called with Tiger Stadium
2023-01-19T23:17:18.041+01:00  INFO 2543 --- [ool-1-thread-63] tourGuide.service.RewardsService         : getDistance called
2023-01-19T23:17:18.041+01:00  INFO 2543 --- [ool-1-thread-50] tourGuide.service.RewardsService         : getDistance called
2023-01-19T23:17:18.041+01:00  INFO 2543 --- [ool-1-thread-63] tourGuide.service.RewardsService         : nearAttraction called with Bronx Zoo
2023-01-19T23:17:18.041+01:00  INFO 2543 --- [ool-1-thread-50] tourGuide.service.RewardsService         : nearAttraction called with Neyland Stadium
2023-01-19T23:17:18.041+01:00  INFO 2543 --- [ool-1-thread-63] tourGuide.service.RewardsService         : getDistance called
2023-01-19T23:17:18.041+01:00  INFO 2543 --- [ool-1-thread-50] tourGuide.service.RewardsService         : getDistance called
2023-01-19T23:17:18.041+01:00  INFO 2543 --- [ool-1-thread-63] tourGuide.service.RewardsService         : nearAttraction called with Cinderella Castle
2023-01-19T23:17:18.041+01:00  INFO 2543 --- [ool-1-thread-50] tourGuide.service.RewardsService         : nearAttraction called with Kyle Field
2023-01-19T23:17:18.041+01:00  INFO 2543 --- [ool-1-thread-50] tourGuide.service.RewardsService         : getDistance called
2023-01-19T23:17:18.041+01:00  INFO 2543 --- [ool-1-thread-63] tourGuide.service.RewardsService         : getDistance called
2023-01-19T23:17:18.041+01:00  INFO 2543 --- [ool-1-thread-50] tourGuide.service.RewardsService         : nearAttraction called with San Diego Zoo
2023-01-19T23:17:18.041+01:00  INFO 2543 --- [ool-1-thread-50] tourGuide.service.RewardsService         : getDistance called
2023-01-19T23:17:18.041+01:00  INFO 2543 --- [ool-1-thread-50] tourGuide.service.RewardsService         : nearAttraction called with Zoo Tampa at Lowry Park
2023-01-19T23:17:18.041+01:00  INFO 2543 --- [ool-1-thread-50] tourGuide.service.RewardsService         : getDistance called
2023-01-19T23:17:18.041+01:00  INFO 2543 --- [ool-1-thread-50] tourGuide.service.RewardsService         : nearAttraction called with Franklin Park Zoo
2023-01-19T23:17:18.041+01:00  INFO 2543 --- [ool-1-thread-50] tourGuide.service.RewardsService         : getDistance called
2023-01-19T23:17:18.041+01:00  INFO 2543 --- [ool-1-thread-50] tourGuide.service.RewardsService         : nearAttraction called with El Paso Zoo
2023-01-19T23:17:18.041+01:00  INFO 2543 --- [ool-1-thread-50] tourGuide.service.RewardsService         : getDistance called
2023-01-19T23:17:18.041+01:00  INFO 2543 --- [ool-1-thread-50] tourGuide.service.RewardsService         : nearAttraction called with Kansas City Zoo
2023-01-19T23:17:18.041+01:00  INFO 2543 --- [ool-1-thread-50] tourGuide.service.RewardsService         : getDistance called
2023-01-19T23:17:18.041+01:00  INFO 2543 --- [ool-1-thread-50] tourGuide.service.RewardsService         : nearAttraction called with Bronx Zoo
2023-01-19T23:17:18.041+01:00  INFO 2543 --- [ool-1-thread-50] tourGuide.service.RewardsService         : getDistance called
2023-01-19T23:17:18.041+01:00  INFO 2543 --- [ool-1-thread-50] tourGuide.service.RewardsService         : nearAttraction called with Cinderella Castle
2023-01-19T23:17:18.041+01:00  INFO 2543 --- [ool-1-thread-50] tourGuide.service.RewardsService         : getDistance called
2023-01-19T23:17:18.047+01:00  INFO 2543 --- [pool-1-thread-8] tourGuide.service.RewardsService         : nearAttraction called with Jackson Hole
2023-01-19T23:17:18.047+01:00  INFO 2543 --- [pool-1-thread-8] tourGuide.service.RewardsService         : getDistance called
2023-01-19T23:17:18.047+01:00  INFO 2543 --- [pool-1-thread-8] tourGuide.service.RewardsService         : nearAttraction called with Mojave National Preserve
2023-01-19T23:17:18.047+01:00  INFO 2543 --- [pool-1-thread-8] tourGuide.service.RewardsService         : getDistance called
2023-01-19T23:17:18.047+01:00  INFO 2543 --- [pool-1-thread-8] tourGuide.service.RewardsService         : nearAttraction called with Joshua Tree National Park
2023-01-19T23:17:18.047+01:00  INFO 2543 --- [pool-1-thread-8] tourGuide.service.RewardsService         : getDistance called
2023-01-19T23:17:18.047+01:00  INFO 2543 --- [pool-1-thread-8] tourGuide.service.RewardsService         : nearAttraction called with Buffalo National River
2023-01-19T23:17:18.047+01:00  INFO 2543 --- [pool-1-thread-8] tourGuide.service.RewardsService         : getDistance called
2023-01-19T23:17:18.047+01:00  INFO 2543 --- [pool-1-thread-8] tourGuide.service.RewardsService         : nearAttraction called with Hot Springs National Park
2023-01-19T23:17:18.047+01:00  INFO 2543 --- [pool-1-thread-8] tourGuide.service.RewardsService         : getDistance called
2023-01-19T23:17:18.047+01:00  INFO 2543 --- [pool-1-thread-8] tourGuide.service.RewardsService         : nearAttraction called with Kartchner Caverns State Park
2023-01-19T23:17:18.047+01:00  INFO 2543 --- [pool-1-thread-8] tourGuide.service.RewardsService         : getDistance called
2023-01-19T23:17:18.047+01:00  INFO 2543 --- [pool-1-thread-8] tourGuide.service.RewardsService         : nearAttraction called with Legend Valley
2023-01-19T23:17:18.047+01:00  INFO 2543 --- [pool-1-thread-8] tourGuide.service.RewardsService         : getDistance called
2023-01-19T23:17:18.047+01:00  INFO 2543 --- [pool-1-thread-8] tourGuide.service.RewardsService         : nearAttraction called with Flowers Bakery of London
2023-01-19T23:17:18.047+01:00  INFO 2543 --- [pool-1-thread-8] tourGuide.service.RewardsService         : getDistance called
2023-01-19T23:17:18.047+01:00  INFO 2543 --- [pool-1-thread-8] tourGuide.service.RewardsService         : nearAttraction called with McKinley Tower
2023-01-19T23:17:18.047+01:00  INFO 2543 --- [pool-1-thread-8] tourGuide.service.RewardsService         : getDistance called
2023-01-19T23:17:18.047+01:00  INFO 2543 --- [pool-1-thread-8] tourGuide.service.RewardsService         : nearAttraction called with Flatiron Building
2023-01-19T23:17:18.047+01:00  INFO 2543 --- [pool-1-thread-8] tourGuide.service.RewardsService         : getDistance called
2023-01-19T23:17:18.047+01:00  INFO 2543 --- [pool-1-thread-8] tourGuide.service.RewardsService         : nearAttraction called with Fallingwater
2023-01-19T23:17:18.047+01:00  INFO 2543 --- [pool-1-thread-8] tourGuide.service.RewardsService         : getDistance called
2023-01-19T23:17:18.048+01:00  INFO 2543 --- [pool-1-thread-8] tourGuide.service.RewardsService         : nearAttraction called with Union Station
2023-01-19T23:17:18.048+01:00  INFO 2543 --- [pool-1-thread-8] tourGuide.service.RewardsService         : getDistance called
2023-01-19T23:17:18.048+01:00  INFO 2543 --- [pool-1-thread-8] tourGuide.service.RewardsService         : nearAttraction called with Roger Dean Stadium
2023-01-19T23:17:18.048+01:00  INFO 2543 --- [pool-1-thread-8] tourGuide.service.RewardsService         : getDistance called
2023-01-19T23:17:18.048+01:00  INFO 2543 --- [pool-1-thread-8] tourGuide.service.RewardsService         : nearAttraction called with Texas Memorial Stadium
2023-01-19T23:17:18.048+01:00  INFO 2543 --- [pool-1-thread-8] tourGuide.service.RewardsService         : getDistance called
2023-01-19T23:17:18.048+01:00  INFO 2543 --- [pool-1-thread-8] tourGuide.service.RewardsService         : nearAttraction called with Bryant-Denny Stadium
2023-01-19T23:17:18.048+01:00  INFO 2543 --- [pool-1-thread-8] tourGuide.service.RewardsService         : getDistance called
2023-01-19T23:17:18.048+01:00  INFO 2543 --- [pool-1-thread-8] tourGuide.service.RewardsService         : nearAttraction called with Tiger Stadium
2023-01-19T23:17:18.048+01:00  INFO 2543 --- [pool-1-thread-8] tourGuide.service.RewardsService         : getDistance called
2023-01-19T23:17:18.048+01:00  INFO 2543 --- [pool-1-thread-8] tourGuide.service.RewardsService         : nearAttraction called with Neyland Stadium
2023-01-19T23:17:18.048+01:00  INFO 2543 --- [pool-1-thread-8] tourGuide.service.RewardsService         : getDistance called
2023-01-19T23:17:18.048+01:00  INFO 2543 --- [pool-1-thread-8] tourGuide.service.RewardsService         : nearAttraction called with Kyle Field
2023-01-19T23:17:18.048+01:00  INFO 2543 --- [pool-1-thread-8] tourGuide.service.RewardsService         : getDistance called
2023-01-19T23:17:18.048+01:00  INFO 2543 --- [pool-1-thread-8] tourGuide.service.RewardsService         : nearAttraction called with San Diego Zoo
2023-01-19T23:17:18.048+01:00  INFO 2543 --- [pool-1-thread-8] tourGuide.service.RewardsService         : getDistance called
2023-01-19T23:17:18.048+01:00  INFO 2543 --- [pool-1-thread-8] tourGuide.service.RewardsService         : nearAttraction called with Zoo Tampa at Lowry Park
2023-01-19T23:17:18.048+01:00  INFO 2543 --- [pool-1-thread-8] tourGuide.service.RewardsService         : getDistance called
2023-01-19T23:17:18.048+01:00  INFO 2543 --- [pool-1-thread-8] tourGuide.service.RewardsService         : nearAttraction called with Franklin Park Zoo
2023-01-19T23:17:18.048+01:00  INFO 2543 --- [pool-1-thread-8] tourGuide.service.RewardsService         : getDistance called
2023-01-19T23:17:18.048+01:00  INFO 2543 --- [pool-1-thread-8] tourGuide.service.RewardsService         : nearAttraction called with El Paso Zoo
2023-01-19T23:17:18.048+01:00  INFO 2543 --- [pool-1-thread-8] tourGuide.service.RewardsService         : getDistance called
2023-01-19T23:17:18.048+01:00  INFO 2543 --- [pool-1-thread-8] tourGuide.service.RewardsService         : nearAttraction called with Kansas City Zoo
2023-01-19T23:17:18.048+01:00  INFO 2543 --- [pool-1-thread-8] tourGuide.service.RewardsService         : getDistance called
2023-01-19T23:17:18.048+01:00  INFO 2543 --- [pool-1-thread-8] tourGuide.service.RewardsService         : nearAttraction called with Bronx Zoo
2023-01-19T23:17:18.048+01:00  INFO 2543 --- [pool-1-thread-8] tourGuide.service.RewardsService         : getDistance called
2023-01-19T23:17:18.048+01:00  INFO 2543 --- [pool-1-thread-8] tourGuide.service.RewardsService         : nearAttraction called with Cinderella Castle
2023-01-19T23:17:18.048+01:00  INFO 2543 --- [pool-1-thread-8] tourGuide.service.RewardsService         : getDistance called
2023-01-19T23:17:18.065+01:00  INFO 2543 --- [ool-1-thread-36] tourGuide.service.RewardsService         : nearAttraction called with Jackson Hole
2023-01-19T23:17:18.065+01:00  INFO 2543 --- [ool-1-thread-36] tourGuide.service.RewardsService         : getDistance called
2023-01-19T23:17:18.065+01:00  INFO 2543 --- [ool-1-thread-36] tourGuide.service.RewardsService         : nearAttraction called with Mojave National Preserve
2023-01-19T23:17:18.065+01:00  INFO 2543 --- [ool-1-thread-36] tourGuide.service.RewardsService         : getDistance called
2023-01-19T23:17:18.065+01:00  INFO 2543 --- [ool-1-thread-36] tourGuide.service.RewardsService         : nearAttraction called with Joshua Tree National Park
2023-01-19T23:17:18.065+01:00  INFO 2543 --- [ool-1-thread-36] tourGuide.service.RewardsService         : getDistance called
2023-01-19T23:17:18.065+01:00  INFO 2543 --- [ool-1-thread-36] tourGuide.service.RewardsService         : nearAttraction called with Buffalo National River
2023-01-19T23:17:18.065+01:00  INFO 2543 --- [ool-1-thread-36] tourGuide.service.RewardsService         : getDistance called
2023-01-19T23:17:18.065+01:00  INFO 2543 --- [ool-1-thread-36] tourGuide.service.RewardsService         : nearAttraction called with Hot Springs National Park
2023-01-19T23:17:18.065+01:00  INFO 2543 --- [ool-1-thread-36] tourGuide.service.RewardsService         : getDistance called
2023-01-19T23:17:18.065+01:00  INFO 2543 --- [ool-1-thread-36] tourGuide.service.RewardsService         : nearAttraction called with Kartchner Caverns State Park
2023-01-19T23:17:18.065+01:00  INFO 2543 --- [ool-1-thread-36] tourGuide.service.RewardsService         : getDistance called
2023-01-19T23:17:18.065+01:00  INFO 2543 --- [ool-1-thread-36] tourGuide.service.RewardsService         : nearAttraction called with Legend Valley
2023-01-19T23:17:18.065+01:00  INFO 2543 --- [ool-1-thread-36] tourGuide.service.RewardsService         : getDistance called
2023-01-19T23:17:18.065+01:00  INFO 2543 --- [ool-1-thread-36] tourGuide.service.RewardsService         : nearAttraction called with Flowers Bakery of London
2023-01-19T23:17:18.065+01:00  INFO 2543 --- [ool-1-thread-36] tourGuide.service.RewardsService         : getDistance called
2023-01-19T23:17:18.065+01:00  INFO 2543 --- [ool-1-thread-36] tourGuide.service.RewardsService         : nearAttraction called with McKinley Tower
2023-01-19T23:17:18.065+01:00  INFO 2543 --- [ool-1-thread-36] tourGuide.service.RewardsService         : getDistance called
2023-01-19T23:17:18.065+01:00  INFO 2543 --- [ool-1-thread-36] tourGuide.service.RewardsService         : nearAttraction called with Flatiron Building
2023-01-19T23:17:18.065+01:00  INFO 2543 --- [ool-1-thread-36] tourGuide.service.RewardsService         : getDistance called
2023-01-19T23:17:18.065+01:00  INFO 2543 --- [ool-1-thread-36] tourGuide.service.RewardsService         : nearAttraction called with Fallingwater
2023-01-19T23:17:18.066+01:00  INFO 2543 --- [ool-1-thread-36] tourGuide.service.RewardsService         : getDistance called
2023-01-19T23:17:18.066+01:00  INFO 2543 --- [ool-1-thread-36] tourGuide.service.RewardsService         : nearAttraction called with Union Station
2023-01-19T23:17:18.066+01:00  INFO 2543 --- [ool-1-thread-36] tourGuide.service.RewardsService         : getDistance called
2023-01-19T23:17:18.066+01:00  INFO 2543 --- [ool-1-thread-36] tourGuide.service.RewardsService         : nearAttraction called with Roger Dean Stadium
2023-01-19T23:17:18.066+01:00  INFO 2543 --- [ool-1-thread-36] tourGuide.service.RewardsService         : getDistance called
2023-01-19T23:17:18.066+01:00  INFO 2543 --- [ool-1-thread-36] tourGuide.service.RewardsService         : nearAttraction called with Texas Memorial Stadium
2023-01-19T23:17:18.066+01:00  INFO 2543 --- [ool-1-thread-36] tourGuide.service.RewardsService         : getDistance called
2023-01-19T23:17:18.066+01:00  INFO 2543 --- [ool-1-thread-36] tourGuide.service.RewardsService         : nearAttraction called with Bryant-Denny Stadium
2023-01-19T23:17:18.066+01:00  INFO 2543 --- [ool-1-thread-36] tourGuide.service.RewardsService         : getDistance called
2023-01-19T23:17:18.066+01:00  INFO 2543 --- [ool-1-thread-36] tourGuide.service.RewardsService         : nearAttraction called with Tiger Stadium
2023-01-19T23:17:18.066+01:00  INFO 2543 --- [ool-1-thread-36] tourGuide.service.RewardsService         : getDistance called
2023-01-19T23:17:18.066+01:00  INFO 2543 --- [ool-1-thread-36] tourGuide.service.RewardsService         : nearAttraction called with Neyland Stadium
2023-01-19T23:17:18.066+01:00  INFO 2543 --- [ool-1-thread-36] tourGuide.service.RewardsService         : getDistance called
2023-01-19T23:17:18.066+01:00  INFO 2543 --- [ool-1-thread-36] tourGuide.service.RewardsService         : nearAttraction called with Kyle Field
2023-01-19T23:17:18.066+01:00  INFO 2543 --- [ool-1-thread-36] tourGuide.service.RewardsService         : getDistance called
2023-01-19T23:17:18.066+01:00  INFO 2543 --- [ool-1-thread-36] tourGuide.service.RewardsService         : nearAttraction called with San Diego Zoo
2023-01-19T23:17:18.066+01:00  INFO 2543 --- [ool-1-thread-36] tourGuide.service.RewardsService         : getDistance called
2023-01-19T23:17:18.066+01:00  INFO 2543 --- [ool-1-thread-36] tourGuide.service.RewardsService         : nearAttraction called with Zoo Tampa at Lowry Park
2023-01-19T23:17:18.066+01:00  INFO 2543 --- [ool-1-thread-36] tourGuide.service.RewardsService         : getDistance called
2023-01-19T23:17:18.066+01:00  INFO 2543 --- [ool-1-thread-36] tourGuide.service.RewardsService         : nearAttraction called with Franklin Park Zoo
2023-01-19T23:17:18.066+01:00  INFO 2543 --- [ool-1-thread-36] tourGuide.service.RewardsService         : getDistance called
2023-01-19T23:17:18.066+01:00  INFO 2543 --- [ool-1-thread-36] tourGuide.service.RewardsService         : nearAttraction called with El Paso Zoo
2023-01-19T23:17:18.066+01:00  INFO 2543 --- [ool-1-thread-36] tourGuide.service.RewardsService         : getDistance called
2023-01-19T23:17:18.066+01:00  INFO 2543 --- [ool-1-thread-36] tourGuide.service.RewardsService         : nearAttraction called with Kansas City Zoo
2023-01-19T23:17:18.066+01:00  INFO 2543 --- [ool-1-thread-36] tourGuide.service.RewardsService         : getDistance called
2023-01-19T23:17:18.066+01:00  INFO 2543 --- [ool-1-thread-36] tourGuide.service.RewardsService         : nearAttraction called with Bronx Zoo
2023-01-19T23:17:18.066+01:00  INFO 2543 --- [ool-1-thread-36] tourGuide.service.RewardsService         : getDistance called
2023-01-19T23:17:18.066+01:00  INFO 2543 --- [ool-1-thread-36] tourGuide.service.RewardsService         : nearAttraction called with Cinderella Castle
2023-01-19T23:17:18.066+01:00  INFO 2543 --- [ool-1-thread-36] tourGuide.service.RewardsService         : getDistance called
2023-01-19T23:17:18.112+01:00  INFO 2543 --- [ool-1-thread-59] tourGuide.service.RewardsService         : nearAttraction called with Jackson Hole
2023-01-19T23:17:18.112+01:00  INFO 2543 --- [ool-1-thread-59] tourGuide.service.RewardsService         : getDistance called
2023-01-19T23:17:18.112+01:00  INFO 2543 --- [ool-1-thread-59] tourGuide.service.RewardsService         : nearAttraction called with Mojave National Preserve
2023-01-19T23:17:18.113+01:00  INFO 2543 --- [ool-1-thread-59] tourGuide.service.RewardsService         : getDistance called
2023-01-19T23:17:18.113+01:00  INFO 2543 --- [ool-1-thread-59] tourGuide.service.RewardsService         : nearAttraction called with Joshua Tree National Park
2023-01-19T23:17:18.113+01:00  INFO 2543 --- [ool-1-thread-59] tourGuide.service.RewardsService         : getDistance called
2023-01-19T23:17:18.113+01:00  INFO 2543 --- [ool-1-thread-59] tourGuide.service.RewardsService         : nearAttraction called with Buffalo National River
2023-01-19T23:17:18.113+01:00  INFO 2543 --- [ool-1-thread-59] tourGuide.service.RewardsService         : getDistance called
2023-01-19T23:17:18.113+01:00  INFO 2543 --- [ool-1-thread-59] tourGuide.service.RewardsService         : nearAttraction called with Hot Springs National Park
2023-01-19T23:17:18.113+01:00  INFO 2543 --- [ool-1-thread-59] tourGuide.service.RewardsService         : getDistance called
2023-01-19T23:17:18.113+01:00  INFO 2543 --- [ool-1-thread-59] tourGuide.service.RewardsService         : nearAttraction called with Kartchner Caverns State Park
2023-01-19T23:17:18.113+01:00  INFO 2543 --- [ool-1-thread-59] tourGuide.service.RewardsService         : getDistance called
2023-01-19T23:17:18.113+01:00  INFO 2543 --- [ool-1-thread-59] tourGuide.service.RewardsService         : nearAttraction called with Legend Valley
2023-01-19T23:17:18.113+01:00  INFO 2543 --- [ool-1-thread-59] tourGuide.service.RewardsService         : getDistance called
2023-01-19T23:17:18.113+01:00  INFO 2543 --- [ool-1-thread-59] tourGuide.service.RewardsService         : nearAttraction called with Flowers Bakery of London
2023-01-19T23:17:18.113+01:00  INFO 2543 --- [ool-1-thread-59] tourGuide.service.RewardsService         : getDistance called
2023-01-19T23:17:18.113+01:00  INFO 2543 --- [ool-1-thread-59] tourGuide.service.RewardsService         : nearAttraction called with McKinley Tower
2023-01-19T23:17:18.113+01:00  INFO 2543 --- [ool-1-thread-59] tourGuide.service.RewardsService         : getDistance called
2023-01-19T23:17:18.113+01:00  INFO 2543 --- [ool-1-thread-59] tourGuide.service.RewardsService         : nearAttraction called with Flatiron Building
2023-01-19T23:17:18.113+01:00  INFO 2543 --- [ool-1-thread-59] tourGuide.service.RewardsService         : getDistance called
2023-01-19T23:17:18.113+01:00  INFO 2543 --- [ool-1-thread-59] tourGuide.service.RewardsService         : nearAttraction called with Fallingwater
2023-01-19T23:17:18.113+01:00  INFO 2543 --- [ool-1-thread-59] tourGuide.service.RewardsService         : getDistance called
2023-01-19T23:17:18.113+01:00  INFO 2543 --- [ool-1-thread-59] tourGuide.service.RewardsService         : nearAttraction called with Union Station
2023-01-19T23:17:18.113+01:00  INFO 2543 --- [ool-1-thread-59] tourGuide.service.RewardsService         : getDistance called
2023-01-19T23:17:18.113+01:00  INFO 2543 --- [ool-1-thread-59] tourGuide.service.RewardsService         : nearAttraction called with Roger Dean Stadium
2023-01-19T23:17:18.113+01:00  INFO 2543 --- [ool-1-thread-59] tourGuide.service.RewardsService         : getDistance called
2023-01-19T23:17:18.113+01:00  INFO 2543 --- [ool-1-thread-59] tourGuide.service.RewardsService         : nearAttraction called with Texas Memorial Stadium
2023-01-19T23:17:18.113+01:00  INFO 2543 --- [ool-1-thread-59] tourGuide.service.RewardsService         : getDistance called
2023-01-19T23:17:18.113+01:00  INFO 2543 --- [ool-1-thread-59] tourGuide.service.RewardsService         : nearAttraction called with Bryant-Denny Stadium
2023-01-19T23:17:18.113+01:00  INFO 2543 --- [ool-1-thread-59] tourGuide.service.RewardsService         : getDistance called
2023-01-19T23:17:18.113+01:00  INFO 2543 --- [ool-1-thread-59] tourGuide.service.RewardsService         : nearAttraction called with Tiger Stadium
2023-01-19T23:17:18.113+01:00  INFO 2543 --- [ool-1-thread-59] tourGuide.service.RewardsService         : getDistance called
2023-01-19T23:17:18.113+01:00  INFO 2543 --- [ool-1-thread-59] tourGuide.service.RewardsService         : nearAttraction called with Neyland Stadium
2023-01-19T23:17:18.113+01:00  INFO 2543 --- [ool-1-thread-59] tourGuide.service.RewardsService         : getDistance called
2023-01-19T23:17:18.113+01:00  INFO 2543 --- [ool-1-thread-59] tourGuide.service.RewardsService         : nearAttraction called with Kyle Field
2023-01-19T23:17:18.113+01:00  INFO 2543 --- [ool-1-thread-59] tourGuide.service.RewardsService         : getDistance called
2023-01-19T23:17:18.114+01:00  INFO 2543 --- [ool-1-thread-59] tourGuide.service.RewardsService         : nearAttraction called with San Diego Zoo
2023-01-19T23:17:18.114+01:00  INFO 2543 --- [ool-1-thread-59] tourGuide.service.RewardsService         : getDistance called
2023-01-19T23:17:18.114+01:00  INFO 2543 --- [ool-1-thread-59] tourGuide.service.RewardsService         : nearAttraction called with Zoo Tampa at Lowry Park
2023-01-19T23:17:18.114+01:00  INFO 2543 --- [ool-1-thread-59] tourGuide.service.RewardsService         : getDistance called
2023-01-19T23:17:18.114+01:00  INFO 2543 --- [ool-1-thread-59] tourGuide.service.RewardsService         : nearAttraction called with Franklin Park Zoo
2023-01-19T23:17:18.114+01:00  INFO 2543 --- [ool-1-thread-30] tourGuide.service.RewardsService         : nearAttraction called with Jackson Hole
2023-01-19T23:17:18.114+01:00  INFO 2543 --- [ool-1-thread-30] tourGuide.service.RewardsService         : getDistance called
2023-01-19T23:17:18.114+01:00  INFO 2543 --- [ool-1-thread-30] tourGuide.service.RewardsService         : nearAttraction called with Mojave National Preserve
2023-01-19T23:17:18.114+01:00  INFO 2543 --- [ool-1-thread-30] tourGuide.service.RewardsService         : getDistance called
2023-01-19T23:17:18.114+01:00  INFO 2543 --- [ool-1-thread-30] tourGuide.service.RewardsService         : nearAttraction called with Joshua Tree National Park
2023-01-19T23:17:18.114+01:00  INFO 2543 --- [ool-1-thread-30] tourGuide.service.RewardsService         : getDistance called
2023-01-19T23:17:18.114+01:00  INFO 2543 --- [ool-1-thread-30] tourGuide.service.RewardsService         : nearAttraction called with Buffalo National River
2023-01-19T23:17:18.114+01:00  INFO 2543 --- [ool-1-thread-59] tourGuide.service.RewardsService         : getDistance called
2023-01-19T23:17:18.114+01:00  INFO 2543 --- [ool-1-thread-59] tourGuide.service.RewardsService         : nearAttraction called with El Paso Zoo
2023-01-19T23:17:18.114+01:00  INFO 2543 --- [ool-1-thread-30] tourGuide.service.RewardsService         : getDistance called
2023-01-19T23:17:18.114+01:00  INFO 2543 --- [ool-1-thread-30] tourGuide.service.RewardsService         : nearAttraction called with Hot Springs National Park
2023-01-19T23:17:18.114+01:00  INFO 2543 --- [ool-1-thread-30] tourGuide.service.RewardsService         : getDistance called
2023-01-19T23:17:18.114+01:00  INFO 2543 --- [ool-1-thread-30] tourGuide.service.RewardsService         : nearAttraction called with Kartchner Caverns State Park
2023-01-19T23:17:18.114+01:00  INFO 2543 --- [ool-1-thread-30] tourGuide.service.RewardsService         : getDistance called
2023-01-19T23:17:18.114+01:00  INFO 2543 --- [ool-1-thread-59] tourGuide.service.RewardsService         : getDistance called
2023-01-19T23:17:18.114+01:00  INFO 2543 --- [ool-1-thread-30] tourGuide.service.RewardsService         : nearAttraction called with Legend Valley
2023-01-19T23:17:18.114+01:00  INFO 2543 --- [ool-1-thread-30] tourGuide.service.RewardsService         : getDistance called
2023-01-19T23:17:18.114+01:00  INFO 2543 --- [ool-1-thread-59] tourGuide.service.RewardsService         : nearAttraction called with Kansas City Zoo
2023-01-19T23:17:18.114+01:00  INFO 2543 --- [ool-1-thread-59] tourGuide.service.RewardsService         : getDistance called
2023-01-19T23:17:18.114+01:00  INFO 2543 --- [ool-1-thread-30] tourGuide.service.RewardsService         : nearAttraction called with Flowers Bakery of London
2023-01-19T23:17:18.114+01:00  INFO 2543 --- [ool-1-thread-30] tourGuide.service.RewardsService         : getDistance called
2023-01-19T23:17:18.114+01:00  INFO 2543 --- [ool-1-thread-59] tourGuide.service.RewardsService         : nearAttraction called with Bronx Zoo
2023-01-19T23:17:18.114+01:00  INFO 2543 --- [ool-1-thread-59] tourGuide.service.RewardsService         : getDistance called
2023-01-19T23:17:18.114+01:00  INFO 2543 --- [ool-1-thread-59] tourGuide.service.RewardsService         : nearAttraction called with Cinderella Castle
2023-01-19T23:17:18.114+01:00  INFO 2543 --- [ool-1-thread-30] tourGuide.service.RewardsService         : nearAttraction called with McKinley Tower
2023-01-19T23:17:18.114+01:00  INFO 2543 --- [ool-1-thread-59] tourGuide.service.RewardsService         : getDistance called
2023-01-19T23:17:18.114+01:00  INFO 2543 --- [ool-1-thread-30] tourGuide.service.RewardsService         : getDistance called
2023-01-19T23:17:18.114+01:00  INFO 2543 --- [ool-1-thread-30] tourGuide.service.RewardsService         : nearAttraction called with Flatiron Building
2023-01-19T23:17:18.115+01:00  INFO 2543 --- [ool-1-thread-30] tourGuide.service.RewardsService         : getDistance called
2023-01-19T23:17:18.115+01:00  INFO 2543 --- [ool-1-thread-30] tourGuide.service.RewardsService         : nearAttraction called with Fallingwater
2023-01-19T23:17:18.115+01:00  INFO 2543 --- [ool-1-thread-30] tourGuide.service.RewardsService         : getDistance called
2023-01-19T23:17:18.115+01:00  INFO 2543 --- [ool-1-thread-30] tourGuide.service.RewardsService         : nearAttraction called with Union Station
2023-01-19T23:17:18.115+01:00  INFO 2543 --- [ool-1-thread-30] tourGuide.service.RewardsService         : getDistance called
2023-01-19T23:17:18.115+01:00  INFO 2543 --- [ool-1-thread-30] tourGuide.service.RewardsService         : nearAttraction called with Roger Dean Stadium
2023-01-19T23:17:18.115+01:00  INFO 2543 --- [ool-1-thread-30] tourGuide.service.RewardsService         : getDistance called
2023-01-19T23:17:18.115+01:00  INFO 2543 --- [ool-1-thread-30] tourGuide.service.RewardsService         : nearAttraction called with Texas Memorial Stadium
2023-01-19T23:17:18.115+01:00  INFO 2543 --- [ool-1-thread-30] tourGuide.service.RewardsService         : getDistance called
2023-01-19T23:17:18.115+01:00  INFO 2543 --- [ool-1-thread-30] tourGuide.service.RewardsService         : nearAttraction called with Bryant-Denny Stadium
2023-01-19T23:17:18.115+01:00  INFO 2543 --- [ool-1-thread-30] tourGuide.service.RewardsService         : getDistance called
2023-01-19T23:17:18.115+01:00  INFO 2543 --- [ool-1-thread-30] tourGuide.service.RewardsService         : nearAttraction called with Tiger Stadium
2023-01-19T23:17:18.115+01:00  INFO 2543 --- [ool-1-thread-30] tourGuide.service.RewardsService         : getDistance called
2023-01-19T23:17:18.115+01:00  INFO 2543 --- [ool-1-thread-30] tourGuide.service.RewardsService         : nearAttraction called with Neyland Stadium
2023-01-19T23:17:18.115+01:00  INFO 2543 --- [ool-1-thread-30] tourGuide.service.RewardsService         : getDistance called
2023-01-19T23:17:18.115+01:00  INFO 2543 --- [ool-1-thread-30] tourGuide.service.RewardsService         : nearAttraction called with Kyle Field
2023-01-19T23:17:18.115+01:00  INFO 2543 --- [ool-1-thread-30] tourGuide.service.RewardsService         : getDistance called
2023-01-19T23:17:18.115+01:00  INFO 2543 --- [ool-1-thread-30] tourGuide.service.RewardsService         : nearAttraction called with San Diego Zoo
2023-01-19T23:17:18.115+01:00  INFO 2543 --- [ool-1-thread-30] tourGuide.service.RewardsService         : getDistance called
2023-01-19T23:17:18.115+01:00  INFO 2543 --- [ool-1-thread-30] tourGuide.service.RewardsService         : nearAttraction called with Zoo Tampa at Lowry Park
2023-01-19T23:17:18.115+01:00  INFO 2543 --- [ool-1-thread-30] tourGuide.service.RewardsService         : getDistance called
2023-01-19T23:17:18.115+01:00  INFO 2543 --- [ool-1-thread-30] tourGuide.service.RewardsService         : nearAttraction called with Franklin Park Zoo
2023-01-19T23:17:18.115+01:00  INFO 2543 --- [ool-1-thread-30] tourGuide.service.RewardsService         : getDistance called
2023-01-19T23:17:18.115+01:00  INFO 2543 --- [ool-1-thread-30] tourGuide.service.RewardsService         : nearAttraction called with El Paso Zoo
2023-01-19T23:17:18.115+01:00  INFO 2543 --- [ool-1-thread-30] tourGuide.service.RewardsService         : getDistance called
2023-01-19T23:17:18.115+01:00  INFO 2543 --- [ool-1-thread-30] tourGuide.service.RewardsService         : nearAttraction called with Kansas City Zoo
2023-01-19T23:17:18.115+01:00  INFO 2543 --- [ool-1-thread-30] tourGuide.service.RewardsService         : getDistance called
2023-01-19T23:17:18.115+01:00  INFO 2543 --- [ool-1-thread-30] tourGuide.service.RewardsService         : nearAttraction called with Bronx Zoo
2023-01-19T23:17:18.115+01:00  INFO 2543 --- [ool-1-thread-30] tourGuide.service.RewardsService         : getDistance called
2023-01-19T23:17:18.116+01:00  INFO 2543 --- [ool-1-thread-30] tourGuide.service.RewardsService         : nearAttraction called with Cinderella Castle
2023-01-19T23:17:18.116+01:00  INFO 2543 --- [ool-1-thread-30] tourGuide.service.RewardsService         : getDistance called
2023-01-19T23:17:18.119+01:00  INFO 2543 --- [ool-1-thread-66] tourGuide.service.RewardsService         : nearAttraction called with Jackson Hole
2023-01-19T23:17:18.119+01:00  INFO 2543 --- [ool-1-thread-66] tourGuide.service.RewardsService         : getDistance called
2023-01-19T23:17:18.119+01:00  INFO 2543 --- [ool-1-thread-66] tourGuide.service.RewardsService         : nearAttraction called with Mojave National Preserve
2023-01-19T23:17:18.119+01:00  INFO 2543 --- [ool-1-thread-66] tourGuide.service.RewardsService         : getDistance called
2023-01-19T23:17:18.119+01:00  INFO 2543 --- [ool-1-thread-66] tourGuide.service.RewardsService         : nearAttraction called with Joshua Tree National Park
2023-01-19T23:17:18.119+01:00  INFO 2543 --- [ool-1-thread-66] tourGuide.service.RewardsService         : getDistance called
2023-01-19T23:17:18.119+01:00  INFO 2543 --- [ool-1-thread-66] tourGuide.service.RewardsService         : nearAttraction called with Buffalo National River
2023-01-19T23:17:18.119+01:00  INFO 2543 --- [ool-1-thread-66] tourGuide.service.RewardsService         : getDistance called
2023-01-19T23:17:18.119+01:00  INFO 2543 --- [ool-1-thread-66] tourGuide.service.RewardsService         : nearAttraction called with Hot Springs National Park
2023-01-19T23:17:18.119+01:00  INFO 2543 --- [ool-1-thread-66] tourGuide.service.RewardsService         : getDistance called
2023-01-19T23:17:18.119+01:00  INFO 2543 --- [ool-1-thread-66] tourGuide.service.RewardsService         : nearAttraction called with Kartchner Caverns State Park
2023-01-19T23:17:18.119+01:00  INFO 2543 --- [ool-1-thread-66] tourGuide.service.RewardsService         : getDistance called
2023-01-19T23:17:18.119+01:00  INFO 2543 --- [ool-1-thread-66] tourGuide.service.RewardsService         : nearAttraction called with Legend Valley
2023-01-19T23:17:18.119+01:00  INFO 2543 --- [ool-1-thread-66] tourGuide.service.RewardsService         : getDistance called
2023-01-19T23:17:18.119+01:00  INFO 2543 --- [ool-1-thread-66] tourGuide.service.RewardsService         : nearAttraction called with Flowers Bakery of London
2023-01-19T23:17:18.119+01:00  INFO 2543 --- [ool-1-thread-66] tourGuide.service.RewardsService         : getDistance called
2023-01-19T23:17:18.119+01:00  INFO 2543 --- [ool-1-thread-66] tourGuide.service.RewardsService         : nearAttraction called with McKinley Tower
2023-01-19T23:17:18.119+01:00  INFO 2543 --- [ool-1-thread-56] tourGuide.service.RewardsService         : nearAttraction called with Jackson Hole
2023-01-19T23:17:18.119+01:00  INFO 2543 --- [ool-1-thread-66] tourGuide.service.RewardsService         : getDistance called
2023-01-19T23:17:18.119+01:00  INFO 2543 --- [ool-1-thread-56] tourGuide.service.RewardsService         : getDistance called
2023-01-19T23:17:18.119+01:00  INFO 2543 --- [ool-1-thread-66] tourGuide.service.RewardsService         : nearAttraction called with Flatiron Building
2023-01-19T23:17:18.119+01:00  INFO 2543 --- [ool-1-thread-56] tourGuide.service.RewardsService         : nearAttraction called with Mojave National Preserve
2023-01-19T23:17:18.119+01:00  INFO 2543 --- [ool-1-thread-66] tourGuide.service.RewardsService         : getDistance called
2023-01-19T23:17:18.120+01:00  INFO 2543 --- [ool-1-thread-66] tourGuide.service.RewardsService         : nearAttraction called with Fallingwater
2023-01-19T23:17:18.120+01:00  INFO 2543 --- [ool-1-thread-66] tourGuide.service.RewardsService         : getDistance called
2023-01-19T23:17:18.120+01:00  INFO 2543 --- [ool-1-thread-56] tourGuide.service.RewardsService         : getDistance called
2023-01-19T23:17:18.120+01:00  INFO 2543 --- [ool-1-thread-56] tourGuide.service.RewardsService         : nearAttraction called with Joshua Tree National Park
2023-01-19T23:17:18.120+01:00  INFO 2543 --- [ool-1-thread-66] tourGuide.service.RewardsService         : nearAttraction called with Union Station
2023-01-19T23:17:18.120+01:00  INFO 2543 --- [ool-1-thread-56] tourGuide.service.RewardsService         : getDistance called
2023-01-19T23:17:18.120+01:00  INFO 2543 --- [ool-1-thread-66] tourGuide.service.RewardsService         : getDistance called
2023-01-19T23:17:18.120+01:00  INFO 2543 --- [ool-1-thread-56] tourGuide.service.RewardsService         : nearAttraction called with Buffalo National River
2023-01-19T23:17:18.120+01:00  INFO 2543 --- [ool-1-thread-56] tourGuide.service.RewardsService         : getDistance called
2023-01-19T23:17:18.120+01:00  INFO 2543 --- [ool-1-thread-66] tourGuide.service.RewardsService         : nearAttraction called with Roger Dean Stadium
2023-01-19T23:17:18.120+01:00  INFO 2543 --- [ool-1-thread-56] tourGuide.service.RewardsService         : nearAttraction called with Hot Springs National Park
2023-01-19T23:17:18.120+01:00  INFO 2543 --- [ool-1-thread-56] tourGuide.service.RewardsService         : getDistance called
2023-01-19T23:17:18.120+01:00  INFO 2543 --- [ool-1-thread-66] tourGuide.service.RewardsService         : getDistance called
2023-01-19T23:17:18.120+01:00  INFO 2543 --- [ool-1-thread-56] tourGuide.service.RewardsService         : nearAttraction called with Kartchner Caverns State Park
2023-01-19T23:17:18.120+01:00  INFO 2543 --- [ool-1-thread-56] tourGuide.service.RewardsService         : getDistance called
2023-01-19T23:17:18.120+01:00  INFO 2543 --- [ool-1-thread-66] tourGuide.service.RewardsService         : nearAttraction called with Texas Memorial Stadium
2023-01-19T23:17:18.120+01:00  INFO 2543 --- [ool-1-thread-66] tourGuide.service.RewardsService         : getDistance called
2023-01-19T23:17:18.120+01:00  INFO 2543 --- [ool-1-thread-56] tourGuide.service.RewardsService         : nearAttraction called with Legend Valley
2023-01-19T23:17:18.120+01:00  INFO 2543 --- [ool-1-thread-66] tourGuide.service.RewardsService         : nearAttraction called with Bryant-Denny Stadium
2023-01-19T23:17:18.120+01:00  INFO 2543 --- [ool-1-thread-56] tourGuide.service.RewardsService         : getDistance called
2023-01-19T23:17:18.120+01:00  INFO 2543 --- [ool-1-thread-66] tourGuide.service.RewardsService         : getDistance called
2023-01-19T23:17:18.120+01:00  INFO 2543 --- [ool-1-thread-56] tourGuide.service.RewardsService         : nearAttraction called with Flowers Bakery of London
2023-01-19T23:17:18.120+01:00  INFO 2543 --- [ool-1-thread-56] tourGuide.service.RewardsService         : getDistance called
2023-01-19T23:17:18.120+01:00  INFO 2543 --- [ool-1-thread-66] tourGuide.service.RewardsService         : nearAttraction called with Tiger Stadium
2023-01-19T23:17:18.120+01:00  INFO 2543 --- [ool-1-thread-66] tourGuide.service.RewardsService         : getDistance called
2023-01-19T23:17:18.120+01:00  INFO 2543 --- [ool-1-thread-56] tourGuide.service.RewardsService         : nearAttraction called with McKinley Tower
2023-01-19T23:17:18.120+01:00  INFO 2543 --- [ool-1-thread-66] tourGuide.service.RewardsService         : nearAttraction called with Neyland Stadium
2023-01-19T23:17:18.120+01:00  INFO 2543 --- [ool-1-thread-56] tourGuide.service.RewardsService         : getDistance called
2023-01-19T23:17:18.120+01:00  INFO 2543 --- [ool-1-thread-66] tourGuide.service.RewardsService         : getDistance called
2023-01-19T23:17:18.120+01:00  INFO 2543 --- [ool-1-thread-56] tourGuide.service.RewardsService         : nearAttraction called with Flatiron Building
2023-01-19T23:17:18.120+01:00  INFO 2543 --- [ool-1-thread-66] tourGuide.service.RewardsService         : nearAttraction called with Kyle Field
2023-01-19T23:17:18.120+01:00  INFO 2543 --- [ool-1-thread-66] tourGuide.service.RewardsService         : getDistance called
2023-01-19T23:17:18.120+01:00  INFO 2543 --- [ool-1-thread-56] tourGuide.service.RewardsService         : getDistance called
2023-01-19T23:17:18.120+01:00  INFO 2543 --- [ool-1-thread-66] tourGuide.service.RewardsService         : nearAttraction called with San Diego Zoo
2023-01-19T23:17:18.120+01:00  INFO 2543 --- [ool-1-thread-56] tourGuide.service.RewardsService         : nearAttraction called with Fallingwater
2023-01-19T23:17:18.120+01:00  INFO 2543 --- [ool-1-thread-66] tourGuide.service.RewardsService         : getDistance called
2023-01-19T23:17:18.120+01:00  INFO 2543 --- [ool-1-thread-56] tourGuide.service.RewardsService         : getDistance called
2023-01-19T23:17:18.120+01:00  INFO 2543 --- [ool-1-thread-66] tourGuide.service.RewardsService         : nearAttraction called with Zoo Tampa at Lowry Park
2023-01-19T23:17:18.120+01:00  INFO 2543 --- [ool-1-thread-56] tourGuide.service.RewardsService         : nearAttraction called with Union Station
2023-01-19T23:17:18.120+01:00  INFO 2543 --- [ool-1-thread-66] tourGuide.service.RewardsService         : getDistance called
2023-01-19T23:17:18.120+01:00  INFO 2543 --- [ool-1-thread-56] tourGuide.service.RewardsService         : getDistance called
2023-01-19T23:17:18.120+01:00  INFO 2543 --- [ool-1-thread-66] tourGuide.service.RewardsService         : nearAttraction called with Franklin Park Zoo
2023-01-19T23:17:18.120+01:00  INFO 2543 --- [ool-1-thread-66] tourGuide.service.RewardsService         : getDistance called
2023-01-19T23:17:18.120+01:00  INFO 2543 --- [ool-1-thread-56] tourGuide.service.RewardsService         : nearAttraction called with Roger Dean Stadium
2023-01-19T23:17:18.120+01:00  INFO 2543 --- [ool-1-thread-66] tourGuide.service.RewardsService         : nearAttraction called with El Paso Zoo
2023-01-19T23:17:18.121+01:00  INFO 2543 --- [ool-1-thread-56] tourGuide.service.RewardsService         : getDistance called
2023-01-19T23:17:18.121+01:00  INFO 2543 --- [ool-1-thread-66] tourGuide.service.RewardsService         : getDistance called
2023-01-19T23:17:18.121+01:00  INFO 2543 --- [ool-1-thread-56] tourGuide.service.RewardsService         : nearAttraction called with Texas Memorial Stadium
2023-01-19T23:17:18.121+01:00  INFO 2543 --- [ool-1-thread-66] tourGuide.service.RewardsService         : nearAttraction called with Kansas City Zoo
2023-01-19T23:17:18.121+01:00  INFO 2543 --- [ool-1-thread-56] tourGuide.service.RewardsService         : getDistance called
2023-01-19T23:17:18.121+01:00  INFO 2543 --- [ool-1-thread-66] tourGuide.service.RewardsService         : getDistance called
2023-01-19T23:17:18.121+01:00  INFO 2543 --- [ool-1-thread-56] tourGuide.service.RewardsService         : nearAttraction called with Bryant-Denny Stadium
2023-01-19T23:17:18.121+01:00  INFO 2543 --- [ool-1-thread-56] tourGuide.service.RewardsService         : getDistance called
2023-01-19T23:17:18.121+01:00  INFO 2543 --- [ool-1-thread-66] tourGuide.service.RewardsService         : nearAttraction called with Bronx Zoo
2023-01-19T23:17:18.121+01:00  INFO 2543 --- [ool-1-thread-56] tourGuide.service.RewardsService         : nearAttraction called with Tiger Stadium
2023-01-19T23:17:18.121+01:00  INFO 2543 --- [ool-1-thread-56] tourGuide.service.RewardsService         : getDistance called
2023-01-19T23:17:18.121+01:00  INFO 2543 --- [ool-1-thread-66] tourGuide.service.RewardsService         : getDistance called
2023-01-19T23:17:18.121+01:00  INFO 2543 --- [ool-1-thread-56] tourGuide.service.RewardsService         : nearAttraction called with Neyland Stadium
2023-01-19T23:17:18.121+01:00  INFO 2543 --- [ool-1-thread-56] tourGuide.service.RewardsService         : getDistance called
2023-01-19T23:17:18.121+01:00  INFO 2543 --- [ool-1-thread-56] tourGuide.service.RewardsService         : nearAttraction called with Kyle Field
2023-01-19T23:17:18.121+01:00  INFO 2543 --- [ool-1-thread-56] tourGuide.service.RewardsService         : getDistance called
2023-01-19T23:17:18.121+01:00  INFO 2543 --- [ool-1-thread-56] tourGuide.service.RewardsService         : nearAttraction called with San Diego Zoo
2023-01-19T23:17:18.121+01:00  INFO 2543 --- [ool-1-thread-56] tourGuide.service.RewardsService         : getDistance called
2023-01-19T23:17:18.121+01:00  INFO 2543 --- [ool-1-thread-56] tourGuide.service.RewardsService         : nearAttraction called with Zoo Tampa at Lowry Park
2023-01-19T23:17:18.121+01:00  INFO 2543 --- [ool-1-thread-56] tourGuide.service.RewardsService         : getDistance called
2023-01-19T23:17:18.121+01:00  INFO 2543 --- [ool-1-thread-66] tourGuide.service.RewardsService         : nearAttraction called with Cinderella Castle
2023-01-19T23:17:18.121+01:00  INFO 2543 --- [ool-1-thread-56] tourGuide.service.RewardsService         : nearAttraction called with Franklin Park Zoo
2023-01-19T23:17:18.121+01:00  INFO 2543 --- [ool-1-thread-56] tourGuide.service.RewardsService         : getDistance called
2023-01-19T23:17:18.121+01:00  INFO 2543 --- [ool-1-thread-56] tourGuide.service.RewardsService         : nearAttraction called with El Paso Zoo
2023-01-19T23:17:18.121+01:00  INFO 2543 --- [ool-1-thread-66] tourGuide.service.RewardsService         : getDistance called
2023-01-19T23:17:18.121+01:00  INFO 2543 --- [ool-1-thread-56] tourGuide.service.RewardsService         : getDistance called
2023-01-19T23:17:18.121+01:00  INFO 2543 --- [ool-1-thread-56] tourGuide.service.RewardsService         : nearAttraction called with Kansas City Zoo
2023-01-19T23:17:18.121+01:00  INFO 2543 --- [ool-1-thread-56] tourGuide.service.RewardsService         : getDistance called
2023-01-19T23:17:18.121+01:00  INFO 2543 --- [ool-1-thread-56] tourGuide.service.RewardsService         : nearAttraction called with Bronx Zoo
2023-01-19T23:17:18.122+01:00  INFO 2543 --- [ool-1-thread-56] tourGuide.service.RewardsService         : getDistance called
2023-01-19T23:17:18.122+01:00  INFO 2543 --- [ool-1-thread-56] tourGuide.service.RewardsService         : nearAttraction called with Cinderella Castle
2023-01-19T23:17:18.122+01:00  INFO 2543 --- [ool-1-thread-56] tourGuide.service.RewardsService         : getDistance called
2023-01-19T23:17:18.135+01:00  INFO 2543 --- [ool-1-thread-10] tourGuide.service.RewardsService         : nearAttraction called with Jackson Hole
2023-01-19T23:17:18.135+01:00  INFO 2543 --- [ool-1-thread-10] tourGuide.service.RewardsService         : getDistance called
2023-01-19T23:17:18.135+01:00  INFO 2543 --- [ool-1-thread-10] tourGuide.service.RewardsService         : nearAttraction called with Mojave National Preserve
2023-01-19T23:17:18.135+01:00  INFO 2543 --- [ool-1-thread-10] tourGuide.service.RewardsService         : getDistance called
2023-01-19T23:17:18.135+01:00  INFO 2543 --- [ool-1-thread-10] tourGuide.service.RewardsService         : nearAttraction called with Joshua Tree National Park
2023-01-19T23:17:18.135+01:00  INFO 2543 --- [ool-1-thread-10] tourGuide.service.RewardsService         : getDistance called
2023-01-19T23:17:18.135+01:00  INFO 2543 --- [ool-1-thread-10] tourGuide.service.RewardsService         : nearAttraction called with Buffalo National River
2023-01-19T23:17:18.135+01:00  INFO 2543 --- [ool-1-thread-10] tourGuide.service.RewardsService         : getDistance called
2023-01-19T23:17:18.136+01:00  INFO 2543 --- [ool-1-thread-10] tourGuide.service.RewardsService         : nearAttraction called with Hot Springs National Park
2023-01-19T23:17:18.136+01:00  INFO 2543 --- [ool-1-thread-10] tourGuide.service.RewardsService         : getDistance called
2023-01-19T23:17:18.136+01:00  INFO 2543 --- [ool-1-thread-10] tourGuide.service.RewardsService         : nearAttraction called with Kartchner Caverns State Park
2023-01-19T23:17:18.136+01:00  INFO 2543 --- [ool-1-thread-10] tourGuide.service.RewardsService         : getDistance called
2023-01-19T23:17:18.136+01:00  INFO 2543 --- [ool-1-thread-10] tourGuide.service.RewardsService         : nearAttraction called with Legend Valley
2023-01-19T23:17:18.136+01:00  INFO 2543 --- [ool-1-thread-10] tourGuide.service.RewardsService         : getDistance called
2023-01-19T23:17:18.136+01:00  INFO 2543 --- [ool-1-thread-10] tourGuide.service.RewardsService         : nearAttraction called with Flowers Bakery of London
2023-01-19T23:17:18.136+01:00  INFO 2543 --- [ool-1-thread-10] tourGuide.service.RewardsService         : getDistance called
2023-01-19T23:17:18.136+01:00  INFO 2543 --- [ool-1-thread-10] tourGuide.service.RewardsService         : nearAttraction called with McKinley Tower
2023-01-19T23:17:18.136+01:00  INFO 2543 --- [ool-1-thread-10] tourGuide.service.RewardsService         : getDistance called
2023-01-19T23:17:18.136+01:00  INFO 2543 --- [ool-1-thread-10] tourGuide.service.RewardsService         : nearAttraction called with Flatiron Building
2023-01-19T23:17:18.136+01:00  INFO 2543 --- [ool-1-thread-10] tourGuide.service.RewardsService         : getDistance called
2023-01-19T23:17:18.136+01:00  INFO 2543 --- [ool-1-thread-10] tourGuide.service.RewardsService         : nearAttraction called with Fallingwater
2023-01-19T23:17:18.136+01:00  INFO 2543 --- [ool-1-thread-10] tourGuide.service.RewardsService         : getDistance called
2023-01-19T23:17:18.136+01:00  INFO 2543 --- [ool-1-thread-10] tourGuide.service.RewardsService         : nearAttraction called with Union Station
2023-01-19T23:17:18.136+01:00  INFO 2543 --- [ool-1-thread-10] tourGuide.service.RewardsService         : getDistance called
2023-01-19T23:17:18.136+01:00  INFO 2543 --- [ool-1-thread-10] tourGuide.service.RewardsService         : nearAttraction called with Roger Dean Stadium
2023-01-19T23:17:18.136+01:00  INFO 2543 --- [ool-1-thread-10] tourGuide.service.RewardsService         : getDistance called
2023-01-19T23:17:18.136+01:00  INFO 2543 --- [ool-1-thread-10] tourGuide.service.RewardsService         : nearAttraction called with Texas Memorial Stadium
2023-01-19T23:17:18.136+01:00  INFO 2543 --- [ool-1-thread-10] tourGuide.service.RewardsService         : getDistance called
2023-01-19T23:17:18.136+01:00  INFO 2543 --- [ool-1-thread-10] tourGuide.service.RewardsService         : nearAttraction called with Bryant-Denny Stadium
2023-01-19T23:17:18.136+01:00  INFO 2543 --- [ool-1-thread-10] tourGuide.service.RewardsService         : getDistance called
2023-01-19T23:17:18.136+01:00  INFO 2543 --- [ool-1-thread-10] tourGuide.service.RewardsService         : nearAttraction called with Tiger Stadium
2023-01-19T23:17:18.136+01:00  INFO 2543 --- [ool-1-thread-10] tourGuide.service.RewardsService         : getDistance called
2023-01-19T23:17:18.136+01:00  INFO 2543 --- [ool-1-thread-10] tourGuide.service.RewardsService         : nearAttraction called with Neyland Stadium
2023-01-19T23:17:18.136+01:00  INFO 2543 --- [ool-1-thread-10] tourGuide.service.RewardsService         : getDistance called
2023-01-19T23:17:18.136+01:00  INFO 2543 --- [ool-1-thread-10] tourGuide.service.RewardsService         : nearAttraction called with Kyle Field
2023-01-19T23:17:18.136+01:00  INFO 2543 --- [ool-1-thread-10] tourGuide.service.RewardsService         : getDistance called
2023-01-19T23:17:18.136+01:00  INFO 2543 --- [ool-1-thread-10] tourGuide.service.RewardsService         : nearAttraction called with San Diego Zoo
2023-01-19T23:17:18.136+01:00  INFO 2543 --- [ool-1-thread-10] tourGuide.service.RewardsService         : getDistance called
2023-01-19T23:17:18.136+01:00  INFO 2543 --- [ool-1-thread-10] tourGuide.service.RewardsService         : nearAttraction called with Zoo Tampa at Lowry Park
2023-01-19T23:17:18.136+01:00  INFO 2543 --- [ool-1-thread-10] tourGuide.service.RewardsService         : getDistance called
2023-01-19T23:17:18.136+01:00  INFO 2543 --- [ool-1-thread-10] tourGuide.service.RewardsService         : nearAttraction called with Franklin Park Zoo
2023-01-19T23:17:18.136+01:00  INFO 2543 --- [ool-1-thread-10] tourGuide.service.RewardsService         : getDistance called
2023-01-19T23:17:18.136+01:00  INFO 2543 --- [ool-1-thread-10] tourGuide.service.RewardsService         : nearAttraction called with El Paso Zoo
2023-01-19T23:17:18.136+01:00  INFO 2543 --- [ool-1-thread-10] tourGuide.service.RewardsService         : getDistance called
2023-01-19T23:17:18.136+01:00  INFO 2543 --- [ool-1-thread-10] tourGuide.service.RewardsService         : nearAttraction called with Kansas City Zoo
2023-01-19T23:17:18.137+01:00  INFO 2543 --- [ool-1-thread-10] tourGuide.service.RewardsService         : getDistance called
2023-01-19T23:17:18.137+01:00  INFO 2543 --- [ool-1-thread-10] tourGuide.service.RewardsService         : nearAttraction called with Bronx Zoo
2023-01-19T23:17:18.137+01:00  INFO 2543 --- [ool-1-thread-10] tourGuide.service.RewardsService         : getDistance called
2023-01-19T23:17:18.137+01:00  INFO 2543 --- [ool-1-thread-10] tourGuide.service.RewardsService         : nearAttraction called with Cinderella Castle
2023-01-19T23:17:18.137+01:00  INFO 2543 --- [ool-1-thread-10] tourGuide.service.RewardsService         : getDistance called
2023-01-19T23:17:18.151+01:00  INFO 2543 --- [ool-1-thread-17] tourGuide.service.RewardsService         : nearAttraction called with Jackson Hole
2023-01-19T23:17:18.151+01:00  INFO 2543 --- [ool-1-thread-17] tourGuide.service.RewardsService         : getDistance called
2023-01-19T23:17:18.151+01:00  INFO 2543 --- [ool-1-thread-17] tourGuide.service.RewardsService         : nearAttraction called with Mojave National Preserve
2023-01-19T23:17:18.151+01:00  INFO 2543 --- [ool-1-thread-17] tourGuide.service.RewardsService         : getDistance called
2023-01-19T23:17:18.151+01:00  INFO 2543 --- [ool-1-thread-17] tourGuide.service.RewardsService         : nearAttraction called with Joshua Tree National Park
2023-01-19T23:17:18.151+01:00  INFO 2543 --- [ool-1-thread-17] tourGuide.service.RewardsService         : getDistance called
2023-01-19T23:17:18.151+01:00  INFO 2543 --- [ool-1-thread-17] tourGuide.service.RewardsService         : nearAttraction called with Buffalo National River
2023-01-19T23:17:18.151+01:00  INFO 2543 --- [ool-1-thread-17] tourGuide.service.RewardsService         : getDistance called
2023-01-19T23:17:18.151+01:00  INFO 2543 --- [ool-1-thread-17] tourGuide.service.RewardsService         : nearAttraction called with Hot Springs National Park
2023-01-19T23:17:18.151+01:00  INFO 2543 --- [ool-1-thread-17] tourGuide.service.RewardsService         : getDistance called
2023-01-19T23:17:18.151+01:00  INFO 2543 --- [ool-1-thread-17] tourGuide.service.RewardsService         : nearAttraction called with Kartchner Caverns State Park
2023-01-19T23:17:18.151+01:00  INFO 2543 --- [ool-1-thread-17] tourGuide.service.RewardsService         : getDistance called
2023-01-19T23:17:18.151+01:00  INFO 2543 --- [ool-1-thread-17] tourGuide.service.RewardsService         : nearAttraction called with Legend Valley
2023-01-19T23:17:18.151+01:00  INFO 2543 --- [ool-1-thread-17] tourGuide.service.RewardsService         : getDistance called
2023-01-19T23:17:18.151+01:00  INFO 2543 --- [ool-1-thread-17] tourGuide.service.RewardsService         : nearAttraction called with Flowers Bakery of London
2023-01-19T23:17:18.151+01:00  INFO 2543 --- [ool-1-thread-17] tourGuide.service.RewardsService         : getDistance called
2023-01-19T23:17:18.151+01:00  INFO 2543 --- [ool-1-thread-17] tourGuide.service.RewardsService         : nearAttraction called with McKinley Tower
2023-01-19T23:17:18.151+01:00  INFO 2543 --- [ool-1-thread-17] tourGuide.service.RewardsService         : getDistance called
2023-01-19T23:17:18.151+01:00  INFO 2543 --- [ool-1-thread-17] tourGuide.service.RewardsService         : nearAttraction called with Flatiron Building
2023-01-19T23:17:18.151+01:00  INFO 2543 --- [ool-1-thread-17] tourGuide.service.RewardsService         : getDistance called
2023-01-19T23:17:18.151+01:00  INFO 2543 --- [ool-1-thread-17] tourGuide.service.RewardsService         : nearAttraction called with Fallingwater
2023-01-19T23:17:18.152+01:00  INFO 2543 --- [ool-1-thread-17] tourGuide.service.RewardsService         : getDistance called
2023-01-19T23:17:18.152+01:00  INFO 2543 --- [ool-1-thread-17] tourGuide.service.RewardsService         : nearAttraction called with Union Station
2023-01-19T23:17:18.152+01:00  INFO 2543 --- [ool-1-thread-17] tourGuide.service.RewardsService         : getDistance called
2023-01-19T23:17:18.152+01:00  INFO 2543 --- [ool-1-thread-17] tourGuide.service.RewardsService         : nearAttraction called with Roger Dean Stadium
2023-01-19T23:17:18.152+01:00  INFO 2543 --- [ool-1-thread-17] tourGuide.service.RewardsService         : getDistance called
2023-01-19T23:17:18.152+01:00  INFO 2543 --- [ool-1-thread-17] tourGuide.service.RewardsService         : nearAttraction called with Texas Memorial Stadium
2023-01-19T23:17:18.152+01:00  INFO 2543 --- [ool-1-thread-17] tourGuide.service.RewardsService         : getDistance called
2023-01-19T23:17:18.152+01:00  INFO 2543 --- [ool-1-thread-17] tourGuide.service.RewardsService         : nearAttraction called with Bryant-Denny Stadium
2023-01-19T23:17:18.152+01:00  INFO 2543 --- [ool-1-thread-17] tourGuide.service.RewardsService         : getDistance called
2023-01-19T23:17:18.152+01:00  INFO 2543 --- [ool-1-thread-17] tourGuide.service.RewardsService         : nearAttraction called with Tiger Stadium
2023-01-19T23:17:18.152+01:00  INFO 2543 --- [ool-1-thread-17] tourGuide.service.RewardsService         : getDistance called
2023-01-19T23:17:18.152+01:00  INFO 2543 --- [ool-1-thread-17] tourGuide.service.RewardsService         : nearAttraction called with Neyland Stadium
2023-01-19T23:17:18.152+01:00  INFO 2543 --- [ool-1-thread-17] tourGuide.service.RewardsService         : getDistance called
2023-01-19T23:17:18.152+01:00  INFO 2543 --- [ool-1-thread-17] tourGuide.service.RewardsService         : nearAttraction called with Kyle Field
2023-01-19T23:17:18.152+01:00  INFO 2543 --- [ool-1-thread-17] tourGuide.service.RewardsService         : getDistance called
2023-01-19T23:17:18.152+01:00  INFO 2543 --- [ool-1-thread-17] tourGuide.service.RewardsService         : nearAttraction called with San Diego Zoo
2023-01-19T23:17:18.152+01:00  INFO 2543 --- [ool-1-thread-17] tourGuide.service.RewardsService         : getDistance called
2023-01-19T23:17:18.152+01:00  INFO 2543 --- [ool-1-thread-17] tourGuide.service.RewardsService         : nearAttraction called with Zoo Tampa at Lowry Park
2023-01-19T23:17:18.152+01:00  INFO 2543 --- [ool-1-thread-17] tourGuide.service.RewardsService         : getDistance called
2023-01-19T23:17:18.152+01:00  INFO 2543 --- [ool-1-thread-17] tourGuide.service.RewardsService         : nearAttraction called with Franklin Park Zoo
2023-01-19T23:17:18.152+01:00  INFO 2543 --- [ool-1-thread-17] tourGuide.service.RewardsService         : getDistance called
2023-01-19T23:17:18.152+01:00  INFO 2543 --- [ool-1-thread-17] tourGuide.service.RewardsService         : nearAttraction called with El Paso Zoo
2023-01-19T23:17:18.152+01:00  INFO 2543 --- [ool-1-thread-17] tourGuide.service.RewardsService         : getDistance called
2023-01-19T23:17:18.152+01:00  INFO 2543 --- [ool-1-thread-17] tourGuide.service.RewardsService         : nearAttraction called with Kansas City Zoo
2023-01-19T23:17:18.152+01:00  INFO 2543 --- [ool-1-thread-17] tourGuide.service.RewardsService         : getDistance called
2023-01-19T23:17:18.152+01:00  INFO 2543 --- [ool-1-thread-17] tourGuide.service.RewardsService         : nearAttraction called with Bronx Zoo
2023-01-19T23:17:18.152+01:00  INFO 2543 --- [ool-1-thread-17] tourGuide.service.RewardsService         : getDistance called
2023-01-19T23:17:18.152+01:00  INFO 2543 --- [ool-1-thread-17] tourGuide.service.RewardsService         : nearAttraction called with Cinderella Castle
2023-01-19T23:17:18.152+01:00  INFO 2543 --- [ool-1-thread-17] tourGuide.service.RewardsService         : getDistance called
2023-01-19T23:17:18.176+01:00  INFO 2543 --- [ool-1-thread-42] tourGuide.service.RewardsService         : nearAttraction called with Jackson Hole
2023-01-19T23:17:18.176+01:00  INFO 2543 --- [ool-1-thread-42] tourGuide.service.RewardsService         : getDistance called
2023-01-19T23:17:18.176+01:00  INFO 2543 --- [ool-1-thread-42] tourGuide.service.RewardsService         : nearAttraction called with Mojave National Preserve
2023-01-19T23:17:18.176+01:00  INFO 2543 --- [ool-1-thread-42] tourGuide.service.RewardsService         : getDistance called
2023-01-19T23:17:18.176+01:00  INFO 2543 --- [ool-1-thread-42] tourGuide.service.RewardsService         : nearAttraction called with Joshua Tree National Park
2023-01-19T23:17:18.176+01:00  INFO 2543 --- [ool-1-thread-42] tourGuide.service.RewardsService         : getDistance called
2023-01-19T23:17:18.176+01:00  INFO 2543 --- [ool-1-thread-42] tourGuide.service.RewardsService         : nearAttraction called with Buffalo National River
2023-01-19T23:17:18.176+01:00  INFO 2543 --- [ool-1-thread-42] tourGuide.service.RewardsService         : getDistance called
2023-01-19T23:17:18.176+01:00  INFO 2543 --- [ool-1-thread-42] tourGuide.service.RewardsService         : nearAttraction called with Hot Springs National Park
2023-01-19T23:17:18.176+01:00  INFO 2543 --- [ool-1-thread-42] tourGuide.service.RewardsService         : getDistance called
2023-01-19T23:17:18.176+01:00  INFO 2543 --- [ool-1-thread-42] tourGuide.service.RewardsService         : nearAttraction called with Kartchner Caverns State Park
2023-01-19T23:17:18.176+01:00  INFO 2543 --- [ool-1-thread-42] tourGuide.service.RewardsService         : getDistance called
2023-01-19T23:17:18.176+01:00  INFO 2543 --- [ool-1-thread-42] tourGuide.service.RewardsService         : nearAttraction called with Legend Valley
2023-01-19T23:17:18.176+01:00  INFO 2543 --- [ool-1-thread-42] tourGuide.service.RewardsService         : getDistance called
2023-01-19T23:17:18.176+01:00  INFO 2543 --- [ool-1-thread-42] tourGuide.service.RewardsService         : nearAttraction called with Flowers Bakery of London
2023-01-19T23:17:18.176+01:00  INFO 2543 --- [ool-1-thread-42] tourGuide.service.RewardsService         : getDistance called
2023-01-19T23:17:18.176+01:00  INFO 2543 --- [ool-1-thread-42] tourGuide.service.RewardsService         : nearAttraction called with McKinley Tower
2023-01-19T23:17:18.176+01:00  INFO 2543 --- [ool-1-thread-42] tourGuide.service.RewardsService         : getDistance called
2023-01-19T23:17:18.176+01:00  INFO 2543 --- [ool-1-thread-42] tourGuide.service.RewardsService         : nearAttraction called with Flatiron Building
2023-01-19T23:17:18.176+01:00  INFO 2543 --- [ool-1-thread-42] tourGuide.service.RewardsService         : getDistance called
2023-01-19T23:17:18.176+01:00  INFO 2543 --- [ool-1-thread-42] tourGuide.service.RewardsService         : nearAttraction called with Fallingwater
2023-01-19T23:17:18.176+01:00  INFO 2543 --- [ool-1-thread-42] tourGuide.service.RewardsService         : getDistance called
2023-01-19T23:17:18.176+01:00  INFO 2543 --- [ool-1-thread-42] tourGuide.service.RewardsService         : nearAttraction called with Union Station
2023-01-19T23:17:18.176+01:00  INFO 2543 --- [ool-1-thread-42] tourGuide.service.RewardsService         : getDistance called
2023-01-19T23:17:18.176+01:00  INFO 2543 --- [ool-1-thread-42] tourGuide.service.RewardsService         : nearAttraction called with Roger Dean Stadium
2023-01-19T23:17:18.176+01:00  INFO 2543 --- [ool-1-thread-42] tourGuide.service.RewardsService         : getDistance called
2023-01-19T23:17:18.176+01:00  INFO 2543 --- [ool-1-thread-42] tourGuide.service.RewardsService         : nearAttraction called with Texas Memorial Stadium
2023-01-19T23:17:18.176+01:00  INFO 2543 --- [ool-1-thread-42] tourGuide.service.RewardsService         : getDistance called
2023-01-19T23:17:18.176+01:00  INFO 2543 --- [ool-1-thread-42] tourGuide.service.RewardsService         : nearAttraction called with Bryant-Denny Stadium
2023-01-19T23:17:18.176+01:00  INFO 2543 --- [ool-1-thread-42] tourGuide.service.RewardsService         : getDistance called
2023-01-19T23:17:18.176+01:00  INFO 2543 --- [ool-1-thread-42] tourGuide.service.RewardsService         : nearAttraction called with Tiger Stadium
2023-01-19T23:17:18.176+01:00  INFO 2543 --- [ool-1-thread-42] tourGuide.service.RewardsService         : getDistance called
2023-01-19T23:17:18.177+01:00  INFO 2543 --- [ool-1-thread-42] tourGuide.service.RewardsService         : nearAttraction called with Neyland Stadium
2023-01-19T23:17:18.177+01:00  INFO 2543 --- [ool-1-thread-42] tourGuide.service.RewardsService         : getDistance called
2023-01-19T23:17:18.177+01:00  INFO 2543 --- [ool-1-thread-42] tourGuide.service.RewardsService         : nearAttraction called with Kyle Field
2023-01-19T23:17:18.177+01:00  INFO 2543 --- [ool-1-thread-42] tourGuide.service.RewardsService         : getDistance called
2023-01-19T23:17:18.177+01:00  INFO 2543 --- [ool-1-thread-42] tourGuide.service.RewardsService         : nearAttraction called with San Diego Zoo
2023-01-19T23:17:18.177+01:00  INFO 2543 --- [ool-1-thread-42] tourGuide.service.RewardsService         : getDistance called
2023-01-19T23:17:18.177+01:00  INFO 2543 --- [ool-1-thread-42] tourGuide.service.RewardsService         : nearAttraction called with Zoo Tampa at Lowry Park
2023-01-19T23:17:18.177+01:00  INFO 2543 --- [ool-1-thread-42] tourGuide.service.RewardsService         : getDistance called
2023-01-19T23:17:18.177+01:00  INFO 2543 --- [ool-1-thread-42] tourGuide.service.RewardsService         : nearAttraction called with Franklin Park Zoo
2023-01-19T23:17:18.177+01:00  INFO 2543 --- [ool-1-thread-42] tourGuide.service.RewardsService         : getDistance called
2023-01-19T23:17:18.177+01:00  INFO 2543 --- [ool-1-thread-42] tourGuide.service.RewardsService         : nearAttraction called with El Paso Zoo
2023-01-19T23:17:18.177+01:00  INFO 2543 --- [ool-1-thread-42] tourGuide.service.RewardsService         : getDistance called
2023-01-19T23:17:18.177+01:00  INFO 2543 --- [ool-1-thread-42] tourGuide.service.RewardsService         : nearAttraction called with Kansas City Zoo
2023-01-19T23:17:18.177+01:00  INFO 2543 --- [ool-1-thread-42] tourGuide.service.RewardsService         : getDistance called
2023-01-19T23:17:18.177+01:00  INFO 2543 --- [ool-1-thread-42] tourGuide.service.RewardsService         : nearAttraction called with Bronx Zoo
2023-01-19T23:17:18.177+01:00  INFO 2543 --- [ool-1-thread-42] tourGuide.service.RewardsService         : getDistance called
2023-01-19T23:17:18.177+01:00  INFO 2543 --- [ool-1-thread-42] tourGuide.service.RewardsService         : nearAttraction called with Cinderella Castle
2023-01-19T23:17:18.177+01:00  INFO 2543 --- [ool-1-thread-42] tourGuide.service.RewardsService         : getDistance called
2023-01-19T23:17:18.188+01:00  INFO 2543 --- [ool-1-thread-13] tourGuide.service.RewardsService         : nearAttraction called with Jackson Hole
2023-01-19T23:17:18.188+01:00  INFO 2543 --- [ool-1-thread-13] tourGuide.service.RewardsService         : getDistance called
2023-01-19T23:17:18.188+01:00  INFO 2543 --- [ool-1-thread-55] tourGuide.service.RewardsService         : nearAttraction called with Jackson Hole
2023-01-19T23:17:18.188+01:00  INFO 2543 --- [ool-1-thread-13] tourGuide.service.RewardsService         : nearAttraction called with Mojave National Preserve
2023-01-19T23:17:18.188+01:00  INFO 2543 --- [ool-1-thread-55] tourGuide.service.RewardsService         : getDistance called
2023-01-19T23:17:18.188+01:00  INFO 2543 --- [ool-1-thread-13] tourGuide.service.RewardsService         : getDistance called
2023-01-19T23:17:18.188+01:00  INFO 2543 --- [ool-1-thread-55] tourGuide.service.RewardsService         : nearAttraction called with Mojave National Preserve
2023-01-19T23:17:18.188+01:00  INFO 2543 --- [ool-1-thread-13] tourGuide.service.RewardsService         : nearAttraction called with Joshua Tree National Park
2023-01-19T23:17:18.188+01:00  INFO 2543 --- [ool-1-thread-55] tourGuide.service.RewardsService         : getDistance called
2023-01-19T23:17:18.188+01:00  INFO 2543 --- [ool-1-thread-55] tourGuide.service.RewardsService         : nearAttraction called with Joshua Tree National Park
2023-01-19T23:17:18.188+01:00  INFO 2543 --- [ool-1-thread-13] tourGuide.service.RewardsService         : getDistance called
2023-01-19T23:17:18.188+01:00  INFO 2543 --- [ool-1-thread-55] tourGuide.service.RewardsService         : getDistance called
2023-01-19T23:17:18.188+01:00  INFO 2543 --- [ool-1-thread-13] tourGuide.service.RewardsService         : nearAttraction called with Buffalo National River
2023-01-19T23:17:18.188+01:00  INFO 2543 --- [ool-1-thread-13] tourGuide.service.RewardsService         : getDistance called
2023-01-19T23:17:18.188+01:00  INFO 2543 --- [ool-1-thread-13] tourGuide.service.RewardsService         : nearAttraction called with Hot Springs National Park
2023-01-19T23:17:18.188+01:00  INFO 2543 --- [ool-1-thread-55] tourGuide.service.RewardsService         : nearAttraction called with Buffalo National River
2023-01-19T23:17:18.188+01:00  INFO 2543 --- [ool-1-thread-13] tourGuide.service.RewardsService         : getDistance called
2023-01-19T23:17:18.188+01:00  INFO 2543 --- [ool-1-thread-55] tourGuide.service.RewardsService         : getDistance called
2023-01-19T23:17:18.188+01:00  INFO 2543 --- [ool-1-thread-13] tourGuide.service.RewardsService         : nearAttraction called with Kartchner Caverns State Park
2023-01-19T23:17:18.188+01:00  INFO 2543 --- [ool-1-thread-55] tourGuide.service.RewardsService         : nearAttraction called with Hot Springs National Park
2023-01-19T23:17:18.188+01:00  INFO 2543 --- [ool-1-thread-55] tourGuide.service.RewardsService         : getDistance called
2023-01-19T23:17:18.188+01:00  INFO 2543 --- [ool-1-thread-55] tourGuide.service.RewardsService         : nearAttraction called with Kartchner Caverns State Park
2023-01-19T23:17:18.188+01:00  INFO 2543 --- [ool-1-thread-13] tourGuide.service.RewardsService         : getDistance called
2023-01-19T23:17:18.188+01:00  INFO 2543 --- [ool-1-thread-55] tourGuide.service.RewardsService         : getDistance called
2023-01-19T23:17:18.188+01:00  INFO 2543 --- [ool-1-thread-13] tourGuide.service.RewardsService         : nearAttraction called with Legend Valley
2023-01-19T23:17:18.188+01:00  INFO 2543 --- [ool-1-thread-55] tourGuide.service.RewardsService         : nearAttraction called with Legend Valley
2023-01-19T23:17:18.188+01:00  INFO 2543 --- [ool-1-thread-13] tourGuide.service.RewardsService         : getDistance called
2023-01-19T23:17:18.188+01:00  INFO 2543 --- [ool-1-thread-55] tourGuide.service.RewardsService         : getDistance called
2023-01-19T23:17:18.188+01:00  INFO 2543 --- [ool-1-thread-13] tourGuide.service.RewardsService         : nearAttraction called with Flowers Bakery of London
2023-01-19T23:17:18.188+01:00  INFO 2543 --- [ool-1-thread-55] tourGuide.service.RewardsService         : nearAttraction called with Flowers Bakery of London
2023-01-19T23:17:18.188+01:00  INFO 2543 --- [ool-1-thread-13] tourGuide.service.RewardsService         : getDistance called
2023-01-19T23:17:18.188+01:00  INFO 2543 --- [ool-1-thread-55] tourGuide.service.RewardsService         : getDistance called
2023-01-19T23:17:18.188+01:00  INFO 2543 --- [ool-1-thread-13] tourGuide.service.RewardsService         : nearAttraction called with McKinley Tower
2023-01-19T23:17:18.188+01:00  INFO 2543 --- [ool-1-thread-55] tourGuide.service.RewardsService         : nearAttraction called with McKinley Tower
2023-01-19T23:17:18.188+01:00  INFO 2543 --- [ool-1-thread-55] tourGuide.service.RewardsService         : getDistance called
2023-01-19T23:17:18.188+01:00  INFO 2543 --- [ool-1-thread-13] tourGuide.service.RewardsService         : getDistance called
2023-01-19T23:17:18.188+01:00  INFO 2543 --- [ool-1-thread-13] tourGuide.service.RewardsService         : nearAttraction called with Flatiron Building
2023-01-19T23:17:18.188+01:00  INFO 2543 --- [ool-1-thread-55] tourGuide.service.RewardsService         : nearAttraction called with Flatiron Building
2023-01-19T23:17:18.188+01:00  INFO 2543 --- [ool-1-thread-13] tourGuide.service.RewardsService         : getDistance called
2023-01-19T23:17:18.188+01:00  INFO 2543 --- [ool-1-thread-55] tourGuide.service.RewardsService         : getDistance called
2023-01-19T23:17:18.189+01:00  INFO 2543 --- [ool-1-thread-13] tourGuide.service.RewardsService         : nearAttraction called with Fallingwater
2023-01-19T23:17:18.189+01:00  INFO 2543 --- [ool-1-thread-55] tourGuide.service.RewardsService         : nearAttraction called with Fallingwater
2023-01-19T23:17:18.189+01:00  INFO 2543 --- [ool-1-thread-13] tourGuide.service.RewardsService         : getDistance called
2023-01-19T23:17:18.189+01:00  INFO 2543 --- [ool-1-thread-55] tourGuide.service.RewardsService         : getDistance called
2023-01-19T23:17:18.189+01:00  INFO 2543 --- [ool-1-thread-13] tourGuide.service.RewardsService         : nearAttraction called with Union Station
2023-01-19T23:17:18.189+01:00  INFO 2543 --- [ool-1-thread-55] tourGuide.service.RewardsService         : nearAttraction called with Union Station
2023-01-19T23:17:18.189+01:00  INFO 2543 --- [ool-1-thread-13] tourGuide.service.RewardsService         : getDistance called
2023-01-19T23:17:18.189+01:00  INFO 2543 --- [ool-1-thread-55] tourGuide.service.RewardsService         : getDistance called
2023-01-19T23:17:18.189+01:00  INFO 2543 --- [ool-1-thread-13] tourGuide.service.RewardsService         : nearAttraction called with Roger Dean Stadium
2023-01-19T23:17:18.189+01:00  INFO 2543 --- [ool-1-thread-55] tourGuide.service.RewardsService         : nearAttraction called with Roger Dean Stadium
2023-01-19T23:17:18.189+01:00  INFO 2543 --- [ool-1-thread-13] tourGuide.service.RewardsService         : getDistance called
2023-01-19T23:17:18.189+01:00  INFO 2543 --- [ool-1-thread-55] tourGuide.service.RewardsService         : getDistance called
2023-01-19T23:17:18.189+01:00  INFO 2543 --- [ool-1-thread-13] tourGuide.service.RewardsService         : nearAttraction called with Texas Memorial Stadium
2023-01-19T23:17:18.189+01:00  INFO 2543 --- [ool-1-thread-55] tourGuide.service.RewardsService         : nearAttraction called with Texas Memorial Stadium
2023-01-19T23:17:18.189+01:00  INFO 2543 --- [ool-1-thread-13] tourGuide.service.RewardsService         : getDistance called
2023-01-19T23:17:18.189+01:00  INFO 2543 --- [ool-1-thread-55] tourGuide.service.RewardsService         : getDistance called
2023-01-19T23:17:18.189+01:00  INFO 2543 --- [ool-1-thread-13] tourGuide.service.RewardsService         : nearAttraction called with Bryant-Denny Stadium
2023-01-19T23:17:18.189+01:00  INFO 2543 --- [ool-1-thread-55] tourGuide.service.RewardsService         : nearAttraction called with Bryant-Denny Stadium
2023-01-19T23:17:18.189+01:00  INFO 2543 --- [ool-1-thread-13] tourGuide.service.RewardsService         : getDistance called
2023-01-19T23:17:18.189+01:00  INFO 2543 --- [ool-1-thread-55] tourGuide.service.RewardsService         : getDistance called
2023-01-19T23:17:18.189+01:00  INFO 2543 --- [ool-1-thread-13] tourGuide.service.RewardsService         : nearAttraction called with Tiger Stadium
2023-01-19T23:17:18.189+01:00  INFO 2543 --- [ool-1-thread-55] tourGuide.service.RewardsService         : nearAttraction called with Tiger Stadium
2023-01-19T23:17:18.189+01:00  INFO 2543 --- [ool-1-thread-55] tourGuide.service.RewardsService         : getDistance called
2023-01-19T23:17:18.189+01:00  INFO 2543 --- [ool-1-thread-13] tourGuide.service.RewardsService         : getDistance called
2023-01-19T23:17:18.189+01:00  INFO 2543 --- [ool-1-thread-13] tourGuide.service.RewardsService         : nearAttraction called with Neyland Stadium
2023-01-19T23:17:18.189+01:00  INFO 2543 --- [ool-1-thread-55] tourGuide.service.RewardsService         : nearAttraction called with Neyland Stadium
2023-01-19T23:17:18.189+01:00  INFO 2543 --- [ool-1-thread-13] tourGuide.service.RewardsService         : getDistance called
2023-01-19T23:17:18.189+01:00  INFO 2543 --- [ool-1-thread-55] tourGuide.service.RewardsService         : getDistance called
2023-01-19T23:17:18.189+01:00  INFO 2543 --- [ool-1-thread-13] tourGuide.service.RewardsService         : nearAttraction called with Kyle Field
2023-01-19T23:17:18.189+01:00  INFO 2543 --- [ool-1-thread-55] tourGuide.service.RewardsService         : nearAttraction called with Kyle Field
2023-01-19T23:17:18.189+01:00  INFO 2543 --- [ool-1-thread-13] tourGuide.service.RewardsService         : getDistance called
2023-01-19T23:17:18.189+01:00  INFO 2543 --- [ool-1-thread-55] tourGuide.service.RewardsService         : getDistance called
2023-01-19T23:17:18.189+01:00  INFO 2543 --- [ool-1-thread-13] tourGuide.service.RewardsService         : nearAttraction called with San Diego Zoo
2023-01-19T23:17:18.189+01:00  INFO 2543 --- [ool-1-thread-55] tourGuide.service.RewardsService         : nearAttraction called with San Diego Zoo
2023-01-19T23:17:18.189+01:00  INFO 2543 --- [ool-1-thread-13] tourGuide.service.RewardsService         : getDistance called
2023-01-19T23:17:18.189+01:00  INFO 2543 --- [ool-1-thread-55] tourGuide.service.RewardsService         : getDistance called
2023-01-19T23:17:18.189+01:00  INFO 2543 --- [ool-1-thread-13] tourGuide.service.RewardsService         : nearAttraction called with Zoo Tampa at Lowry Park
2023-01-19T23:17:18.189+01:00  INFO 2543 --- [ool-1-thread-13] tourGuide.service.RewardsService         : getDistance called
2023-01-19T23:17:18.189+01:00  INFO 2543 --- [ool-1-thread-55] tourGuide.service.RewardsService         : nearAttraction called with Zoo Tampa at Lowry Park
2023-01-19T23:17:18.189+01:00  INFO 2543 --- [ool-1-thread-13] tourGuide.service.RewardsService         : nearAttraction called with Franklin Park Zoo
2023-01-19T23:17:18.189+01:00  INFO 2543 --- [ool-1-thread-55] tourGuide.service.RewardsService         : getDistance called
2023-01-19T23:17:18.189+01:00  INFO 2543 --- [ool-1-thread-13] tourGuide.service.RewardsService         : getDistance called
2023-01-19T23:17:18.189+01:00  INFO 2543 --- [ool-1-thread-13] tourGuide.service.RewardsService         : nearAttraction called with El Paso Zoo
2023-01-19T23:17:18.189+01:00  INFO 2543 --- [ool-1-thread-55] tourGuide.service.RewardsService         : nearAttraction called with Franklin Park Zoo
2023-01-19T23:17:18.189+01:00  INFO 2543 --- [ool-1-thread-55] tourGuide.service.RewardsService         : getDistance called
2023-01-19T23:17:18.189+01:00  INFO 2543 --- [ool-1-thread-13] tourGuide.service.RewardsService         : getDistance called
2023-01-19T23:17:18.190+01:00  INFO 2543 --- [ool-1-thread-55] tourGuide.service.RewardsService         : nearAttraction called with El Paso Zoo
2023-01-19T23:17:18.190+01:00  INFO 2543 --- [ool-1-thread-13] tourGuide.service.RewardsService         : nearAttraction called with Kansas City Zoo
2023-01-19T23:17:18.190+01:00  INFO 2543 --- [ool-1-thread-55] tourGuide.service.RewardsService         : getDistance called
2023-01-19T23:17:18.190+01:00  INFO 2543 --- [ool-1-thread-13] tourGuide.service.RewardsService         : getDistance called
2023-01-19T23:17:18.190+01:00  INFO 2543 --- [ool-1-thread-55] tourGuide.service.RewardsService         : nearAttraction called with Kansas City Zoo
2023-01-19T23:17:18.190+01:00  INFO 2543 --- [ool-1-thread-55] tourGuide.service.RewardsService         : getDistance called
2023-01-19T23:17:18.190+01:00  INFO 2543 --- [ool-1-thread-13] tourGuide.service.RewardsService         : nearAttraction called with Bronx Zoo
2023-01-19T23:17:18.190+01:00  INFO 2543 --- [ool-1-thread-55] tourGuide.service.RewardsService         : nearAttraction called with Bronx Zoo
2023-01-19T23:17:18.190+01:00  INFO 2543 --- [ool-1-thread-13] tourGuide.service.RewardsService         : getDistance called
2023-01-19T23:17:18.190+01:00  INFO 2543 --- [ool-1-thread-55] tourGuide.service.RewardsService         : getDistance called
2023-01-19T23:17:18.190+01:00  INFO 2543 --- [ool-1-thread-13] tourGuide.service.RewardsService         : nearAttraction called with Cinderella Castle
2023-01-19T23:17:18.190+01:00  INFO 2543 --- [ool-1-thread-55] tourGuide.service.RewardsService         : nearAttraction called with Cinderella Castle
2023-01-19T23:17:18.190+01:00  INFO 2543 --- [ool-1-thread-13] tourGuide.service.RewardsService         : getDistance called
2023-01-19T23:17:18.190+01:00  INFO 2543 --- [ool-1-thread-55] tourGuide.service.RewardsService         : getDistance called
2023-01-19T23:17:18.200+01:00  INFO 2543 --- [ool-1-thread-41] tourGuide.service.RewardsService         : nearAttraction called with Jackson Hole
2023-01-19T23:17:18.200+01:00  INFO 2543 --- [ool-1-thread-41] tourGuide.service.RewardsService         : getDistance called
2023-01-19T23:17:18.200+01:00  INFO 2543 --- [ool-1-thread-41] tourGuide.service.RewardsService         : nearAttraction called with Mojave National Preserve
2023-01-19T23:17:18.200+01:00  INFO 2543 --- [ool-1-thread-41] tourGuide.service.RewardsService         : getDistance called
2023-01-19T23:17:18.200+01:00  INFO 2543 --- [ool-1-thread-41] tourGuide.service.RewardsService         : nearAttraction called with Joshua Tree National Park
2023-01-19T23:17:18.200+01:00  INFO 2543 --- [ool-1-thread-41] tourGuide.service.RewardsService         : getDistance called
2023-01-19T23:17:18.200+01:00  INFO 2543 --- [ool-1-thread-41] tourGuide.service.RewardsService         : nearAttraction called with Buffalo National River
2023-01-19T23:17:18.200+01:00  INFO 2543 --- [ool-1-thread-41] tourGuide.service.RewardsService         : getDistance called
2023-01-19T23:17:18.200+01:00  INFO 2543 --- [ool-1-thread-41] tourGuide.service.RewardsService         : nearAttraction called with Hot Springs National Park
2023-01-19T23:17:18.200+01:00  INFO 2543 --- [ool-1-thread-41] tourGuide.service.RewardsService         : getDistance called
2023-01-19T23:17:18.200+01:00  INFO 2543 --- [ool-1-thread-41] tourGuide.service.RewardsService         : nearAttraction called with Kartchner Caverns State Park
2023-01-19T23:17:18.201+01:00  INFO 2543 --- [ool-1-thread-41] tourGuide.service.RewardsService         : getDistance called
2023-01-19T23:17:18.201+01:00  INFO 2543 --- [ool-1-thread-41] tourGuide.service.RewardsService         : nearAttraction called with Legend Valley
2023-01-19T23:17:18.201+01:00  INFO 2543 --- [ool-1-thread-41] tourGuide.service.RewardsService         : getDistance called
2023-01-19T23:17:18.201+01:00  INFO 2543 --- [ool-1-thread-41] tourGuide.service.RewardsService         : nearAttraction called with Flowers Bakery of London
2023-01-19T23:17:18.201+01:00  INFO 2543 --- [ool-1-thread-41] tourGuide.service.RewardsService         : getDistance called
2023-01-19T23:17:18.201+01:00  INFO 2543 --- [ool-1-thread-41] tourGuide.service.RewardsService         : nearAttraction called with McKinley Tower
2023-01-19T23:17:18.201+01:00  INFO 2543 --- [ool-1-thread-41] tourGuide.service.RewardsService         : getDistance called
2023-01-19T23:17:18.201+01:00  INFO 2543 --- [ool-1-thread-41] tourGuide.service.RewardsService         : nearAttraction called with Flatiron Building
2023-01-19T23:17:18.201+01:00  INFO 2543 --- [ool-1-thread-41] tourGuide.service.RewardsService         : getDistance called
2023-01-19T23:17:18.201+01:00  INFO 2543 --- [ool-1-thread-41] tourGuide.service.RewardsService         : nearAttraction called with Fallingwater
2023-01-19T23:17:18.201+01:00  INFO 2543 --- [ool-1-thread-41] tourGuide.service.RewardsService         : getDistance called
2023-01-19T23:17:18.201+01:00  INFO 2543 --- [ool-1-thread-41] tourGuide.service.RewardsService         : nearAttraction called with Union Station
2023-01-19T23:17:18.201+01:00  INFO 2543 --- [ool-1-thread-41] tourGuide.service.RewardsService         : getDistance called
2023-01-19T23:17:18.201+01:00  INFO 2543 --- [ool-1-thread-41] tourGuide.service.RewardsService         : nearAttraction called with Roger Dean Stadium
2023-01-19T23:17:18.201+01:00  INFO 2543 --- [ool-1-thread-41] tourGuide.service.RewardsService         : getDistance called
2023-01-19T23:17:18.201+01:00  INFO 2543 --- [ool-1-thread-41] tourGuide.service.RewardsService         : nearAttraction called with Texas Memorial Stadium
2023-01-19T23:17:18.201+01:00  INFO 2543 --- [ool-1-thread-41] tourGuide.service.RewardsService         : getDistance called
2023-01-19T23:17:18.201+01:00  INFO 2543 --- [ool-1-thread-41] tourGuide.service.RewardsService         : nearAttraction called with Bryant-Denny Stadium
2023-01-19T23:17:18.201+01:00  INFO 2543 --- [ool-1-thread-41] tourGuide.service.RewardsService         : getDistance called
2023-01-19T23:17:18.201+01:00  INFO 2543 --- [ool-1-thread-41] tourGuide.service.RewardsService         : nearAttraction called with Tiger Stadium
2023-01-19T23:17:18.201+01:00  INFO 2543 --- [ool-1-thread-41] tourGuide.service.RewardsService         : getDistance called
2023-01-19T23:17:18.201+01:00  INFO 2543 --- [ool-1-thread-41] tourGuide.service.RewardsService         : nearAttraction called with Neyland Stadium
2023-01-19T23:17:18.201+01:00  INFO 2543 --- [ool-1-thread-41] tourGuide.service.RewardsService         : getDistance called
2023-01-19T23:17:18.201+01:00  INFO 2543 --- [ool-1-thread-41] tourGuide.service.RewardsService         : nearAttraction called with Kyle Field
2023-01-19T23:17:18.201+01:00  INFO 2543 --- [ool-1-thread-41] tourGuide.service.RewardsService         : getDistance called
2023-01-19T23:17:18.201+01:00  INFO 2543 --- [ool-1-thread-41] tourGuide.service.RewardsService         : nearAttraction called with San Diego Zoo
2023-01-19T23:17:18.201+01:00  INFO 2543 --- [ool-1-thread-41] tourGuide.service.RewardsService         : getDistance called
2023-01-19T23:17:18.201+01:00  INFO 2543 --- [ool-1-thread-41] tourGuide.service.RewardsService         : nearAttraction called with Zoo Tampa at Lowry Park
2023-01-19T23:17:18.201+01:00  INFO 2543 --- [ool-1-thread-41] tourGuide.service.RewardsService         : getDistance called
2023-01-19T23:17:18.201+01:00  INFO 2543 --- [ool-1-thread-41] tourGuide.service.RewardsService         : nearAttraction called with Franklin Park Zoo
2023-01-19T23:17:18.201+01:00  INFO 2543 --- [ool-1-thread-41] tourGuide.service.RewardsService         : getDistance called
2023-01-19T23:17:18.201+01:00  INFO 2543 --- [ool-1-thread-41] tourGuide.service.RewardsService         : nearAttraction called with El Paso Zoo
2023-01-19T23:17:18.201+01:00  INFO 2543 --- [ool-1-thread-41] tourGuide.service.RewardsService         : getDistance called
2023-01-19T23:17:18.201+01:00  INFO 2543 --- [ool-1-thread-41] tourGuide.service.RewardsService         : nearAttraction called with Kansas City Zoo
2023-01-19T23:17:18.201+01:00  INFO 2543 --- [ool-1-thread-41] tourGuide.service.RewardsService         : getDistance called
2023-01-19T23:17:18.201+01:00  INFO 2543 --- [ool-1-thread-41] tourGuide.service.RewardsService         : nearAttraction called with Bronx Zoo
2023-01-19T23:17:18.201+01:00  INFO 2543 --- [ool-1-thread-41] tourGuide.service.RewardsService         : getDistance called
2023-01-19T23:17:18.201+01:00  INFO 2543 --- [ool-1-thread-41] tourGuide.service.RewardsService         : nearAttraction called with Cinderella Castle
2023-01-19T23:17:18.201+01:00  INFO 2543 --- [ool-1-thread-41] tourGuide.service.RewardsService         : getDistance called
2023-01-19T23:17:18.213+01:00  INFO 2543 --- [ool-1-thread-49] tourGuide.service.RewardsService         : nearAttraction called with Jackson Hole
2023-01-19T23:17:18.213+01:00  INFO 2543 --- [ool-1-thread-49] tourGuide.service.RewardsService         : getDistance called
2023-01-19T23:17:18.213+01:00  INFO 2543 --- [ool-1-thread-49] tourGuide.service.RewardsService         : nearAttraction called with Mojave National Preserve
2023-01-19T23:17:18.213+01:00  INFO 2543 --- [ool-1-thread-49] tourGuide.service.RewardsService         : getDistance called
2023-01-19T23:17:18.213+01:00  INFO 2543 --- [ool-1-thread-49] tourGuide.service.RewardsService         : nearAttraction called with Joshua Tree National Park
2023-01-19T23:17:18.213+01:00  INFO 2543 --- [ool-1-thread-49] tourGuide.service.RewardsService         : getDistance called
2023-01-19T23:17:18.213+01:00  INFO 2543 --- [ool-1-thread-49] tourGuide.service.RewardsService         : nearAttraction called with Buffalo National River
2023-01-19T23:17:18.213+01:00  INFO 2543 --- [ool-1-thread-49] tourGuide.service.RewardsService         : getDistance called
2023-01-19T23:17:18.213+01:00  INFO 2543 --- [ool-1-thread-49] tourGuide.service.RewardsService         : nearAttraction called with Hot Springs National Park
2023-01-19T23:17:18.213+01:00  INFO 2543 --- [ool-1-thread-49] tourGuide.service.RewardsService         : getDistance called
2023-01-19T23:17:18.213+01:00  INFO 2543 --- [ool-1-thread-49] tourGuide.service.RewardsService         : nearAttraction called with Kartchner Caverns State Park
2023-01-19T23:17:18.213+01:00  INFO 2543 --- [ool-1-thread-49] tourGuide.service.RewardsService         : getDistance called
2023-01-19T23:17:18.213+01:00  INFO 2543 --- [ool-1-thread-49] tourGuide.service.RewardsService         : nearAttraction called with Legend Valley
2023-01-19T23:17:18.213+01:00  INFO 2543 --- [ool-1-thread-49] tourGuide.service.RewardsService         : getDistance called
2023-01-19T23:17:18.213+01:00  INFO 2543 --- [ool-1-thread-49] tourGuide.service.RewardsService         : nearAttraction called with Flowers Bakery of London
2023-01-19T23:17:18.214+01:00  INFO 2543 --- [ool-1-thread-49] tourGuide.service.RewardsService         : getDistance called
2023-01-19T23:17:18.214+01:00  INFO 2543 --- [ool-1-thread-49] tourGuide.service.RewardsService         : nearAttraction called with McKinley Tower
2023-01-19T23:17:18.214+01:00  INFO 2543 --- [ool-1-thread-49] tourGuide.service.RewardsService         : getDistance called
2023-01-19T23:17:18.214+01:00  INFO 2543 --- [ool-1-thread-49] tourGuide.service.RewardsService         : nearAttraction called with Flatiron Building
2023-01-19T23:17:18.214+01:00  INFO 2543 --- [ool-1-thread-49] tourGuide.service.RewardsService         : getDistance called
2023-01-19T23:17:18.214+01:00  INFO 2543 --- [ool-1-thread-49] tourGuide.service.RewardsService         : nearAttraction called with Fallingwater
2023-01-19T23:17:18.214+01:00  INFO 2543 --- [ool-1-thread-49] tourGuide.service.RewardsService         : getDistance called
2023-01-19T23:17:18.214+01:00  INFO 2543 --- [ool-1-thread-49] tourGuide.service.RewardsService         : nearAttraction called with Union Station
2023-01-19T23:17:18.214+01:00  INFO 2543 --- [ool-1-thread-49] tourGuide.service.RewardsService         : getDistance called
2023-01-19T23:17:18.214+01:00  INFO 2543 --- [ool-1-thread-49] tourGuide.service.RewardsService         : nearAttraction called with Roger Dean Stadium
2023-01-19T23:17:18.214+01:00  INFO 2543 --- [ool-1-thread-49] tourGuide.service.RewardsService         : getDistance called
2023-01-19T23:17:18.214+01:00  INFO 2543 --- [ool-1-thread-49] tourGuide.service.RewardsService         : nearAttraction called with Texas Memorial Stadium
2023-01-19T23:17:18.214+01:00  INFO 2543 --- [ool-1-thread-49] tourGuide.service.RewardsService         : getDistance called
2023-01-19T23:17:18.214+01:00  INFO 2543 --- [ool-1-thread-49] tourGuide.service.RewardsService         : nearAttraction called with Bryant-Denny Stadium
2023-01-19T23:17:18.214+01:00  INFO 2543 --- [ool-1-thread-49] tourGuide.service.RewardsService         : getDistance called
2023-01-19T23:17:18.214+01:00  INFO 2543 --- [ool-1-thread-49] tourGuide.service.RewardsService         : nearAttraction called with Tiger Stadium
2023-01-19T23:17:18.214+01:00  INFO 2543 --- [ool-1-thread-49] tourGuide.service.RewardsService         : getDistance called
2023-01-19T23:17:18.214+01:00  INFO 2543 --- [ool-1-thread-49] tourGuide.service.RewardsService         : nearAttraction called with Neyland Stadium
2023-01-19T23:17:18.214+01:00  INFO 2543 --- [ool-1-thread-49] tourGuide.service.RewardsService         : getDistance called
2023-01-19T23:17:18.214+01:00  INFO 2543 --- [ool-1-thread-49] tourGuide.service.RewardsService         : nearAttraction called with Kyle Field
2023-01-19T23:17:18.214+01:00  INFO 2543 --- [ool-1-thread-49] tourGuide.service.RewardsService         : getDistance called
2023-01-19T23:17:18.214+01:00  INFO 2543 --- [ool-1-thread-49] tourGuide.service.RewardsService         : nearAttraction called with San Diego Zoo
2023-01-19T23:17:18.214+01:00  INFO 2543 --- [ool-1-thread-49] tourGuide.service.RewardsService         : getDistance called
2023-01-19T23:17:18.214+01:00  INFO 2543 --- [ool-1-thread-49] tourGuide.service.RewardsService         : nearAttraction called with Zoo Tampa at Lowry Park
2023-01-19T23:17:18.214+01:00  INFO 2543 --- [ool-1-thread-49] tourGuide.service.RewardsService         : getDistance called
2023-01-19T23:17:18.214+01:00  INFO 2543 --- [ool-1-thread-49] tourGuide.service.RewardsService         : nearAttraction called with Franklin Park Zoo
2023-01-19T23:17:18.214+01:00  INFO 2543 --- [ool-1-thread-49] tourGuide.service.RewardsService         : getDistance called
2023-01-19T23:17:18.214+01:00  INFO 2543 --- [ool-1-thread-49] tourGuide.service.RewardsService         : nearAttraction called with El Paso Zoo
2023-01-19T23:17:18.214+01:00  INFO 2543 --- [ool-1-thread-49] tourGuide.service.RewardsService         : getDistance called
2023-01-19T23:17:18.214+01:00  INFO 2543 --- [ool-1-thread-49] tourGuide.service.RewardsService         : nearAttraction called with Kansas City Zoo
2023-01-19T23:17:18.214+01:00  INFO 2543 --- [ool-1-thread-49] tourGuide.service.RewardsService         : getDistance called
2023-01-19T23:17:18.214+01:00  INFO 2543 --- [ool-1-thread-49] tourGuide.service.RewardsService         : nearAttraction called with Bronx Zoo
2023-01-19T23:17:18.214+01:00  INFO 2543 --- [ool-1-thread-49] tourGuide.service.RewardsService         : getDistance called
2023-01-19T23:17:18.214+01:00  INFO 2543 --- [ool-1-thread-49] tourGuide.service.RewardsService         : nearAttraction called with Cinderella Castle
2023-01-19T23:17:18.214+01:00  INFO 2543 --- [ool-1-thread-49] tourGuide.service.RewardsService         : getDistance called
2023-01-19T23:17:18.220+01:00  INFO 2543 --- [ool-1-thread-33] tourGuide.service.RewardsService         : nearAttraction called with Jackson Hole
2023-01-19T23:17:18.220+01:00  INFO 2543 --- [ool-1-thread-51] tourGuide.service.RewardsService         : nearAttraction called with Jackson Hole
2023-01-19T23:17:18.220+01:00  INFO 2543 --- [ool-1-thread-33] tourGuide.service.RewardsService         : getDistance called
2023-01-19T23:17:18.220+01:00  INFO 2543 --- [ool-1-thread-51] tourGuide.service.RewardsService         : getDistance called
2023-01-19T23:17:18.220+01:00  INFO 2543 --- [ool-1-thread-33] tourGuide.service.RewardsService         : nearAttraction called with Mojave National Preserve
2023-01-19T23:17:18.220+01:00  INFO 2543 --- [ool-1-thread-33] tourGuide.service.RewardsService         : getDistance called
2023-01-19T23:17:18.220+01:00  INFO 2543 --- [ool-1-thread-51] tourGuide.service.RewardsService         : nearAttraction called with Mojave National Preserve
2023-01-19T23:17:18.220+01:00  INFO 2543 --- [ool-1-thread-33] tourGuide.service.RewardsService         : nearAttraction called with Joshua Tree National Park
2023-01-19T23:17:18.220+01:00  INFO 2543 --- [ool-1-thread-51] tourGuide.service.RewardsService         : getDistance called
2023-01-19T23:17:18.220+01:00  INFO 2543 --- [ool-1-thread-33] tourGuide.service.RewardsService         : getDistance called
2023-01-19T23:17:18.220+01:00  INFO 2543 --- [ool-1-thread-51] tourGuide.service.RewardsService         : nearAttraction called with Joshua Tree National Park
2023-01-19T23:17:18.220+01:00  INFO 2543 --- [ool-1-thread-33] tourGuide.service.RewardsService         : nearAttraction called with Buffalo National River
2023-01-19T23:17:18.220+01:00  INFO 2543 --- [ool-1-thread-51] tourGuide.service.RewardsService         : getDistance called
2023-01-19T23:17:18.220+01:00  INFO 2543 --- [ool-1-thread-33] tourGuide.service.RewardsService         : getDistance called
2023-01-19T23:17:18.220+01:00  INFO 2543 --- [ool-1-thread-51] tourGuide.service.RewardsService         : nearAttraction called with Buffalo National River
2023-01-19T23:17:18.220+01:00  INFO 2543 --- [ool-1-thread-33] tourGuide.service.RewardsService         : nearAttraction called with Hot Springs National Park
2023-01-19T23:17:18.220+01:00  INFO 2543 --- [ool-1-thread-51] tourGuide.service.RewardsService         : getDistance called
2023-01-19T23:17:18.220+01:00  INFO 2543 --- [ool-1-thread-33] tourGuide.service.RewardsService         : getDistance called
2023-01-19T23:17:18.220+01:00  INFO 2543 --- [ool-1-thread-51] tourGuide.service.RewardsService         : nearAttraction called with Hot Springs National Park
2023-01-19T23:17:18.220+01:00  INFO 2543 --- [ool-1-thread-51] tourGuide.service.RewardsService         : getDistance called
2023-01-19T23:17:18.220+01:00  INFO 2543 --- [ool-1-thread-33] tourGuide.service.RewardsService         : nearAttraction called with Kartchner Caverns State Park
2023-01-19T23:17:18.220+01:00  INFO 2543 --- [ool-1-thread-33] tourGuide.service.RewardsService         : getDistance called
2023-01-19T23:17:18.220+01:00  INFO 2543 --- [ool-1-thread-51] tourGuide.service.RewardsService         : nearAttraction called with Kartchner Caverns State Park
2023-01-19T23:17:18.220+01:00  INFO 2543 --- [ool-1-thread-51] tourGuide.service.RewardsService         : getDistance called
2023-01-19T23:17:18.220+01:00  INFO 2543 --- [ool-1-thread-33] tourGuide.service.RewardsService         : nearAttraction called with Legend Valley
2023-01-19T23:17:18.220+01:00  INFO 2543 --- [ool-1-thread-51] tourGuide.service.RewardsService         : nearAttraction called with Legend Valley
2023-01-19T23:17:18.220+01:00  INFO 2543 --- [ool-1-thread-51] tourGuide.service.RewardsService         : getDistance called
2023-01-19T23:17:18.220+01:00  INFO 2543 --- [ool-1-thread-33] tourGuide.service.RewardsService         : getDistance called
2023-01-19T23:17:18.220+01:00  INFO 2543 --- [ool-1-thread-51] tourGuide.service.RewardsService         : nearAttraction called with Flowers Bakery of London
2023-01-19T23:17:18.220+01:00  INFO 2543 --- [ool-1-thread-33] tourGuide.service.RewardsService         : nearAttraction called with Flowers Bakery of London
2023-01-19T23:17:18.220+01:00  INFO 2543 --- [ool-1-thread-51] tourGuide.service.RewardsService         : getDistance called
2023-01-19T23:17:18.220+01:00  INFO 2543 --- [ool-1-thread-33] tourGuide.service.RewardsService         : getDistance called
2023-01-19T23:17:18.221+01:00  INFO 2543 --- [ool-1-thread-51] tourGuide.service.RewardsService         : nearAttraction called with McKinley Tower
2023-01-19T23:17:18.221+01:00  INFO 2543 --- [ool-1-thread-33] tourGuide.service.RewardsService         : nearAttraction called with McKinley Tower
2023-01-19T23:17:18.221+01:00  INFO 2543 --- [ool-1-thread-51] tourGuide.service.RewardsService         : getDistance called
2023-01-19T23:17:18.221+01:00  INFO 2543 --- [ool-1-thread-33] tourGuide.service.RewardsService         : getDistance called
2023-01-19T23:17:18.221+01:00  INFO 2543 --- [ool-1-thread-51] tourGuide.service.RewardsService         : nearAttraction called with Flatiron Building
2023-01-19T23:17:18.221+01:00  INFO 2543 --- [ool-1-thread-33] tourGuide.service.RewardsService         : nearAttraction called with Flatiron Building
2023-01-19T23:17:18.221+01:00  INFO 2543 --- [ool-1-thread-33] tourGuide.service.RewardsService         : getDistance called
2023-01-19T23:17:18.221+01:00  INFO 2543 --- [ool-1-thread-51] tourGuide.service.RewardsService         : getDistance called
2023-01-19T23:17:18.221+01:00  INFO 2543 --- [ool-1-thread-33] tourGuide.service.RewardsService         : nearAttraction called with Fallingwater
2023-01-19T23:17:18.221+01:00  INFO 2543 --- [ool-1-thread-51] tourGuide.service.RewardsService         : nearAttraction called with Fallingwater
2023-01-19T23:17:18.221+01:00  INFO 2543 --- [ool-1-thread-33] tourGuide.service.RewardsService         : getDistance called
2023-01-19T23:17:18.221+01:00  INFO 2543 --- [ool-1-thread-51] tourGuide.service.RewardsService         : getDistance called
2023-01-19T23:17:18.221+01:00  INFO 2543 --- [ool-1-thread-33] tourGuide.service.RewardsService         : nearAttraction called with Union Station
2023-01-19T23:17:18.221+01:00  INFO 2543 --- [ool-1-thread-51] tourGuide.service.RewardsService         : nearAttraction called with Union Station
2023-01-19T23:17:18.221+01:00  INFO 2543 --- [ool-1-thread-51] tourGuide.service.RewardsService         : getDistance called
2023-01-19T23:17:18.221+01:00  INFO 2543 --- [ool-1-thread-33] tourGuide.service.RewardsService         : getDistance called
2023-01-19T23:17:18.221+01:00  INFO 2543 --- [ool-1-thread-51] tourGuide.service.RewardsService         : nearAttraction called with Roger Dean Stadium
2023-01-19T23:17:18.221+01:00  INFO 2543 --- [ool-1-thread-33] tourGuide.service.RewardsService         : nearAttraction called with Roger Dean Stadium
2023-01-19T23:17:18.221+01:00  INFO 2543 --- [ool-1-thread-51] tourGuide.service.RewardsService         : getDistance called
2023-01-19T23:17:18.221+01:00  INFO 2543 --- [ool-1-thread-33] tourGuide.service.RewardsService         : getDistance called
2023-01-19T23:17:18.221+01:00  INFO 2543 --- [ool-1-thread-51] tourGuide.service.RewardsService         : nearAttraction called with Texas Memorial Stadium
2023-01-19T23:17:18.221+01:00  INFO 2543 --- [ool-1-thread-51] tourGuide.service.RewardsService         : getDistance called
2023-01-19T23:17:18.221+01:00  INFO 2543 --- [ool-1-thread-33] tourGuide.service.RewardsService         : nearAttraction called with Texas Memorial Stadium
2023-01-19T23:17:18.221+01:00  INFO 2543 --- [ool-1-thread-33] tourGuide.service.RewardsService         : getDistance called
2023-01-19T23:17:18.221+01:00  INFO 2543 --- [ool-1-thread-51] tourGuide.service.RewardsService         : nearAttraction called with Bryant-Denny Stadium
2023-01-19T23:17:18.221+01:00  INFO 2543 --- [ool-1-thread-33] tourGuide.service.RewardsService         : nearAttraction called with Bryant-Denny Stadium
2023-01-19T23:17:18.221+01:00  INFO 2543 --- [ool-1-thread-51] tourGuide.service.RewardsService         : getDistance called
2023-01-19T23:17:18.221+01:00  INFO 2543 --- [ool-1-thread-33] tourGuide.service.RewardsService         : getDistance called
2023-01-19T23:17:18.221+01:00  INFO 2543 --- [ool-1-thread-51] tourGuide.service.RewardsService         : nearAttraction called with Tiger Stadium
2023-01-19T23:17:18.221+01:00  INFO 2543 --- [ool-1-thread-33] tourGuide.service.RewardsService         : nearAttraction called with Tiger Stadium
2023-01-19T23:17:18.221+01:00  INFO 2543 --- [ool-1-thread-51] tourGuide.service.RewardsService         : getDistance called
2023-01-19T23:17:18.221+01:00  INFO 2543 --- [ool-1-thread-33] tourGuide.service.RewardsService         : getDistance called
2023-01-19T23:17:18.221+01:00  INFO 2543 --- [ool-1-thread-51] tourGuide.service.RewardsService         : nearAttraction called with Neyland Stadium
2023-01-19T23:17:18.221+01:00  INFO 2543 --- [ool-1-thread-51] tourGuide.service.RewardsService         : getDistance called
2023-01-19T23:17:18.221+01:00  INFO 2543 --- [ool-1-thread-33] tourGuide.service.RewardsService         : nearAttraction called with Neyland Stadium
2023-01-19T23:17:18.221+01:00  INFO 2543 --- [ool-1-thread-51] tourGuide.service.RewardsService         : nearAttraction called with Kyle Field
2023-01-19T23:17:18.221+01:00  INFO 2543 --- [ool-1-thread-33] tourGuide.service.RewardsService         : getDistance called
2023-01-19T23:17:18.221+01:00  INFO 2543 --- [ool-1-thread-51] tourGuide.service.RewardsService         : getDistance called
2023-01-19T23:17:18.221+01:00  INFO 2543 --- [ool-1-thread-33] tourGuide.service.RewardsService         : nearAttraction called with Kyle Field
2023-01-19T23:17:18.221+01:00  INFO 2543 --- [ool-1-thread-33] tourGuide.service.RewardsService         : getDistance called
2023-01-19T23:17:18.221+01:00  INFO 2543 --- [ool-1-thread-51] tourGuide.service.RewardsService         : nearAttraction called with San Diego Zoo
2023-01-19T23:17:18.221+01:00  INFO 2543 --- [ool-1-thread-33] tourGuide.service.RewardsService         : nearAttraction called with San Diego Zoo
2023-01-19T23:17:18.221+01:00  INFO 2543 --- [ool-1-thread-33] tourGuide.service.RewardsService         : getDistance called
2023-01-19T23:17:18.221+01:00  INFO 2543 --- [ool-1-thread-51] tourGuide.service.RewardsService         : getDistance called
2023-01-19T23:17:18.222+01:00  INFO 2543 --- [ool-1-thread-33] tourGuide.service.RewardsService         : nearAttraction called with Zoo Tampa at Lowry Park
2023-01-19T23:17:18.222+01:00  INFO 2543 --- [ool-1-thread-33] tourGuide.service.RewardsService         : getDistance called
2023-01-19T23:17:18.222+01:00  INFO 2543 --- [ool-1-thread-33] tourGuide.service.RewardsService         : nearAttraction called with Franklin Park Zoo
2023-01-19T23:17:18.222+01:00  INFO 2543 --- [ool-1-thread-33] tourGuide.service.RewardsService         : getDistance called
2023-01-19T23:17:18.222+01:00  INFO 2543 --- [ool-1-thread-51] tourGuide.service.RewardsService         : nearAttraction called with Zoo Tampa at Lowry Park
2023-01-19T23:17:18.222+01:00  INFO 2543 --- [ool-1-thread-33] tourGuide.service.RewardsService         : nearAttraction called with El Paso Zoo
2023-01-19T23:17:18.222+01:00  INFO 2543 --- [ool-1-thread-51] tourGuide.service.RewardsService         : getDistance called
2023-01-19T23:17:18.222+01:00  INFO 2543 --- [ool-1-thread-51] tourGuide.service.RewardsService         : nearAttraction called with Franklin Park Zoo
2023-01-19T23:17:18.222+01:00  INFO 2543 --- [ool-1-thread-33] tourGuide.service.RewardsService         : getDistance called
2023-01-19T23:17:18.222+01:00  INFO 2543 --- [ool-1-thread-33] tourGuide.service.RewardsService         : nearAttraction called with Kansas City Zoo
2023-01-19T23:17:18.222+01:00  INFO 2543 --- [ool-1-thread-33] tourGuide.service.RewardsService         : getDistance called
2023-01-19T23:17:18.222+01:00  INFO 2543 --- [ool-1-thread-51] tourGuide.service.RewardsService         : getDistance called
2023-01-19T23:17:18.222+01:00  INFO 2543 --- [ool-1-thread-51] tourGuide.service.RewardsService         : nearAttraction called with El Paso Zoo
2023-01-19T23:17:18.222+01:00  INFO 2543 --- [ool-1-thread-33] tourGuide.service.RewardsService         : nearAttraction called with Bronx Zoo
2023-01-19T23:17:18.222+01:00  INFO 2543 --- [ool-1-thread-51] tourGuide.service.RewardsService         : getDistance called
2023-01-19T23:17:18.222+01:00  INFO 2543 --- [ool-1-thread-51] tourGuide.service.RewardsService         : nearAttraction called with Kansas City Zoo
2023-01-19T23:17:18.222+01:00  INFO 2543 --- [ool-1-thread-33] tourGuide.service.RewardsService         : getDistance called
2023-01-19T23:17:18.222+01:00  INFO 2543 --- [ool-1-thread-51] tourGuide.service.RewardsService         : getDistance called
2023-01-19T23:17:18.222+01:00  INFO 2543 --- [ool-1-thread-51] tourGuide.service.RewardsService         : nearAttraction called with Bronx Zoo
2023-01-19T23:17:18.222+01:00  INFO 2543 --- [ool-1-thread-33] tourGuide.service.RewardsService         : nearAttraction called with Cinderella Castle
2023-01-19T23:17:18.222+01:00  INFO 2543 --- [ool-1-thread-51] tourGuide.service.RewardsService         : getDistance called
2023-01-19T23:17:18.222+01:00  INFO 2543 --- [ool-1-thread-33] tourGuide.service.RewardsService         : getDistance called
2023-01-19T23:17:18.222+01:00  INFO 2543 --- [ool-1-thread-51] tourGuide.service.RewardsService         : nearAttraction called with Cinderella Castle
2023-01-19T23:17:18.222+01:00  INFO 2543 --- [ool-1-thread-51] tourGuide.service.RewardsService         : getDistance called
2023-01-19T23:17:18.225+01:00  INFO 2543 --- [ool-1-thread-16] tourGuide.service.RewardsService         : nearAttraction called with Jackson Hole
2023-01-19T23:17:18.225+01:00  INFO 2543 --- [ool-1-thread-16] tourGuide.service.RewardsService         : getDistance called
2023-01-19T23:17:18.226+01:00  INFO 2543 --- [ool-1-thread-16] tourGuide.service.RewardsService         : nearAttraction called with Mojave National Preserve
2023-01-19T23:17:18.226+01:00  INFO 2543 --- [ool-1-thread-16] tourGuide.service.RewardsService         : getDistance called
2023-01-19T23:17:18.226+01:00  INFO 2543 --- [ool-1-thread-16] tourGuide.service.RewardsService         : nearAttraction called with Joshua Tree National Park
2023-01-19T23:17:18.226+01:00  INFO 2543 --- [ool-1-thread-16] tourGuide.service.RewardsService         : getDistance called
2023-01-19T23:17:18.226+01:00  INFO 2543 --- [ool-1-thread-16] tourGuide.service.RewardsService         : nearAttraction called with Buffalo National River
2023-01-19T23:17:18.226+01:00  INFO 2543 --- [ool-1-thread-16] tourGuide.service.RewardsService         : getDistance called
2023-01-19T23:17:18.226+01:00  INFO 2543 --- [ool-1-thread-16] tourGuide.service.RewardsService         : nearAttraction called with Hot Springs National Park
2023-01-19T23:17:18.226+01:00  INFO 2543 --- [ool-1-thread-16] tourGuide.service.RewardsService         : getDistance called
2023-01-19T23:17:18.226+01:00  INFO 2543 --- [ool-1-thread-16] tourGuide.service.RewardsService         : nearAttraction called with Kartchner Caverns State Park
2023-01-19T23:17:18.226+01:00  INFO 2543 --- [ool-1-thread-16] tourGuide.service.RewardsService         : getDistance called
2023-01-19T23:17:18.226+01:00  INFO 2543 --- [ool-1-thread-16] tourGuide.service.RewardsService         : nearAttraction called with Legend Valley
2023-01-19T23:17:18.226+01:00  INFO 2543 --- [ool-1-thread-16] tourGuide.service.RewardsService         : getDistance called
2023-01-19T23:17:18.226+01:00  INFO 2543 --- [ool-1-thread-16] tourGuide.service.RewardsService         : nearAttraction called with Flowers Bakery of London
2023-01-19T23:17:18.226+01:00  INFO 2543 --- [ool-1-thread-16] tourGuide.service.RewardsService         : getDistance called
2023-01-19T23:17:18.226+01:00  INFO 2543 --- [ool-1-thread-16] tourGuide.service.RewardsService         : nearAttraction called with McKinley Tower
2023-01-19T23:17:18.226+01:00  INFO 2543 --- [ool-1-thread-16] tourGuide.service.RewardsService         : getDistance called
2023-01-19T23:17:18.226+01:00  INFO 2543 --- [ool-1-thread-16] tourGuide.service.RewardsService         : nearAttraction called with Flatiron Building
2023-01-19T23:17:18.226+01:00  INFO 2543 --- [ool-1-thread-16] tourGuide.service.RewardsService         : getDistance called
2023-01-19T23:17:18.226+01:00  INFO 2543 --- [ool-1-thread-16] tourGuide.service.RewardsService         : nearAttraction called with Fallingwater
2023-01-19T23:17:18.226+01:00  INFO 2543 --- [ool-1-thread-16] tourGuide.service.RewardsService         : getDistance called
2023-01-19T23:17:18.226+01:00  INFO 2543 --- [ool-1-thread-16] tourGuide.service.RewardsService         : nearAttraction called with Union Station
2023-01-19T23:17:18.226+01:00  INFO 2543 --- [ool-1-thread-16] tourGuide.service.RewardsService         : getDistance called
2023-01-19T23:17:18.226+01:00  INFO 2543 --- [ool-1-thread-16] tourGuide.service.RewardsService         : nearAttraction called with Roger Dean Stadium
2023-01-19T23:17:18.226+01:00  INFO 2543 --- [ool-1-thread-16] tourGuide.service.RewardsService         : getDistance called
2023-01-19T23:17:18.226+01:00  INFO 2543 --- [ool-1-thread-16] tourGuide.service.RewardsService         : nearAttraction called with Texas Memorial Stadium
2023-01-19T23:17:18.226+01:00  INFO 2543 --- [ool-1-thread-16] tourGuide.service.RewardsService         : getDistance called
2023-01-19T23:17:18.226+01:00  INFO 2543 --- [ool-1-thread-16] tourGuide.service.RewardsService         : nearAttraction called with Bryant-Denny Stadium
2023-01-19T23:17:18.226+01:00  INFO 2543 --- [ool-1-thread-16] tourGuide.service.RewardsService         : getDistance called
2023-01-19T23:17:18.226+01:00  INFO 2543 --- [ool-1-thread-16] tourGuide.service.RewardsService         : nearAttraction called with Tiger Stadium
2023-01-19T23:17:18.226+01:00  INFO 2543 --- [ool-1-thread-16] tourGuide.service.RewardsService         : getDistance called
2023-01-19T23:17:18.226+01:00  INFO 2543 --- [ool-1-thread-16] tourGuide.service.RewardsService         : nearAttraction called with Neyland Stadium
2023-01-19T23:17:18.226+01:00  INFO 2543 --- [ool-1-thread-16] tourGuide.service.RewardsService         : getDistance called
2023-01-19T23:17:18.226+01:00  INFO 2543 --- [ool-1-thread-16] tourGuide.service.RewardsService         : nearAttraction called with Kyle Field
2023-01-19T23:17:18.226+01:00  INFO 2543 --- [ool-1-thread-16] tourGuide.service.RewardsService         : getDistance called
2023-01-19T23:17:18.226+01:00  INFO 2543 --- [ool-1-thread-16] tourGuide.service.RewardsService         : nearAttraction called with San Diego Zoo
2023-01-19T23:17:18.226+01:00  INFO 2543 --- [ool-1-thread-16] tourGuide.service.RewardsService         : getDistance called
2023-01-19T23:17:18.226+01:00  INFO 2543 --- [ool-1-thread-16] tourGuide.service.RewardsService         : nearAttraction called with Zoo Tampa at Lowry Park
2023-01-19T23:17:18.226+01:00  INFO 2543 --- [ool-1-thread-16] tourGuide.service.RewardsService         : getDistance called
2023-01-19T23:17:18.226+01:00  INFO 2543 --- [ool-1-thread-16] tourGuide.service.RewardsService         : nearAttraction called with Franklin Park Zoo
2023-01-19T23:17:18.226+01:00  INFO 2543 --- [ool-1-thread-16] tourGuide.service.RewardsService         : getDistance called
2023-01-19T23:17:18.226+01:00  INFO 2543 --- [ool-1-thread-16] tourGuide.service.RewardsService         : nearAttraction called with El Paso Zoo
2023-01-19T23:17:18.226+01:00  INFO 2543 --- [ool-1-thread-16] tourGuide.service.RewardsService         : getDistance called
2023-01-19T23:17:18.226+01:00  INFO 2543 --- [ool-1-thread-16] tourGuide.service.RewardsService         : nearAttraction called with Kansas City Zoo
2023-01-19T23:17:18.226+01:00  INFO 2543 --- [ool-1-thread-16] tourGuide.service.RewardsService         : getDistance called
2023-01-19T23:17:18.227+01:00  INFO 2543 --- [ool-1-thread-16] tourGuide.service.RewardsService         : nearAttraction called with Bronx Zoo
2023-01-19T23:17:18.227+01:00  INFO 2543 --- [ool-1-thread-16] tourGuide.service.RewardsService         : getDistance called
2023-01-19T23:17:18.227+01:00  INFO 2543 --- [ool-1-thread-16] tourGuide.service.RewardsService         : nearAttraction called with Cinderella Castle
2023-01-19T23:17:18.227+01:00  INFO 2543 --- [ool-1-thread-16] tourGuide.service.RewardsService         : getDistance called
2023-01-19T23:17:18.238+01:00  INFO 2543 --- [pool-1-thread-4] tourGuide.service.RewardsService         : nearAttraction called with Jackson Hole
2023-01-19T23:17:18.238+01:00  INFO 2543 --- [pool-1-thread-4] tourGuide.service.RewardsService         : getDistance called
2023-01-19T23:17:18.238+01:00  INFO 2543 --- [pool-1-thread-4] tourGuide.service.RewardsService         : nearAttraction called with Mojave National Preserve
2023-01-19T23:17:18.238+01:00  INFO 2543 --- [pool-1-thread-4] tourGuide.service.RewardsService         : getDistance called
2023-01-19T23:17:18.238+01:00  INFO 2543 --- [pool-1-thread-4] tourGuide.service.RewardsService         : nearAttraction called with Joshua Tree National Park
2023-01-19T23:17:18.238+01:00  INFO 2543 --- [pool-1-thread-4] tourGuide.service.RewardsService         : getDistance called
2023-01-19T23:17:18.238+01:00  INFO 2543 --- [pool-1-thread-4] tourGuide.service.RewardsService         : nearAttraction called with Buffalo National River
2023-01-19T23:17:18.238+01:00  INFO 2543 --- [pool-1-thread-4] tourGuide.service.RewardsService         : getDistance called
2023-01-19T23:17:18.238+01:00  INFO 2543 --- [pool-1-thread-4] tourGuide.service.RewardsService         : nearAttraction called with Hot Springs National Park
2023-01-19T23:17:18.238+01:00  INFO 2543 --- [pool-1-thread-4] tourGuide.service.RewardsService         : getDistance called
2023-01-19T23:17:18.238+01:00  INFO 2543 --- [pool-1-thread-4] tourGuide.service.RewardsService         : nearAttraction called with Kartchner Caverns State Park
2023-01-19T23:17:18.238+01:00  INFO 2543 --- [pool-1-thread-4] tourGuide.service.RewardsService         : getDistance called
2023-01-19T23:17:18.238+01:00  INFO 2543 --- [pool-1-thread-4] tourGuide.service.RewardsService         : nearAttraction called with Legend Valley
2023-01-19T23:17:18.238+01:00  INFO 2543 --- [pool-1-thread-4] tourGuide.service.RewardsService         : getDistance called
2023-01-19T23:17:18.239+01:00  INFO 2543 --- [pool-1-thread-4] tourGuide.service.RewardsService         : nearAttraction called with Flowers Bakery of London
2023-01-19T23:17:18.239+01:00  INFO 2543 --- [pool-1-thread-4] tourGuide.service.RewardsService         : getDistance called
2023-01-19T23:17:18.239+01:00  INFO 2543 --- [pool-1-thread-4] tourGuide.service.RewardsService         : nearAttraction called with McKinley Tower
2023-01-19T23:17:18.239+01:00  INFO 2543 --- [pool-1-thread-4] tourGuide.service.RewardsService         : getDistance called
2023-01-19T23:17:18.239+01:00  INFO 2543 --- [pool-1-thread-4] tourGuide.service.RewardsService         : nearAttraction called with Flatiron Building
2023-01-19T23:17:18.239+01:00  INFO 2543 --- [pool-1-thread-4] tourGuide.service.RewardsService         : getDistance called
2023-01-19T23:17:18.239+01:00  INFO 2543 --- [pool-1-thread-4] tourGuide.service.RewardsService         : nearAttraction called with Fallingwater
2023-01-19T23:17:18.239+01:00  INFO 2543 --- [pool-1-thread-4] tourGuide.service.RewardsService         : getDistance called
2023-01-19T23:17:18.239+01:00  INFO 2543 --- [pool-1-thread-4] tourGuide.service.RewardsService         : nearAttraction called with Union Station
2023-01-19T23:17:18.239+01:00  INFO 2543 --- [pool-1-thread-4] tourGuide.service.RewardsService         : getDistance called
2023-01-19T23:17:18.239+01:00  INFO 2543 --- [pool-1-thread-4] tourGuide.service.RewardsService         : nearAttraction called with Roger Dean Stadium
2023-01-19T23:17:18.239+01:00  INFO 2543 --- [pool-1-thread-4] tourGuide.service.RewardsService         : getDistance called
2023-01-19T23:17:18.239+01:00  INFO 2543 --- [pool-1-thread-4] tourGuide.service.RewardsService         : nearAttraction called with Texas Memorial Stadium
2023-01-19T23:17:18.239+01:00  INFO 2543 --- [pool-1-thread-4] tourGuide.service.RewardsService         : getDistance called
2023-01-19T23:17:18.239+01:00  INFO 2543 --- [pool-1-thread-4] tourGuide.service.RewardsService         : nearAttraction called with Bryant-Denny Stadium
2023-01-19T23:17:18.239+01:00  INFO 2543 --- [pool-1-thread-4] tourGuide.service.RewardsService         : getDistance called
2023-01-19T23:17:18.239+01:00  INFO 2543 --- [pool-1-thread-4] tourGuide.service.RewardsService         : nearAttraction called with Tiger Stadium
2023-01-19T23:17:18.239+01:00  INFO 2543 --- [pool-1-thread-4] tourGuide.service.RewardsService         : getDistance called
2023-01-19T23:17:18.239+01:00  INFO 2543 --- [pool-1-thread-4] tourGuide.service.RewardsService         : nearAttraction called with Neyland Stadium
2023-01-19T23:17:18.239+01:00  INFO 2543 --- [pool-1-thread-4] tourGuide.service.RewardsService         : getDistance called
2023-01-19T23:17:18.239+01:00  INFO 2543 --- [pool-1-thread-4] tourGuide.service.RewardsService         : nearAttraction called with Kyle Field
2023-01-19T23:17:18.239+01:00  INFO 2543 --- [pool-1-thread-4] tourGuide.service.RewardsService         : getDistance called
2023-01-19T23:17:18.239+01:00  INFO 2543 --- [pool-1-thread-4] tourGuide.service.RewardsService         : nearAttraction called with San Diego Zoo
2023-01-19T23:17:18.239+01:00  INFO 2543 --- [pool-1-thread-4] tourGuide.service.RewardsService         : getDistance called
2023-01-19T23:17:18.239+01:00  INFO 2543 --- [pool-1-thread-4] tourGuide.service.RewardsService         : nearAttraction called with Zoo Tampa at Lowry Park
2023-01-19T23:17:18.239+01:00  INFO 2543 --- [pool-1-thread-4] tourGuide.service.RewardsService         : getDistance called
2023-01-19T23:17:18.239+01:00  INFO 2543 --- [pool-1-thread-4] tourGuide.service.RewardsService         : nearAttraction called with Franklin Park Zoo
2023-01-19T23:17:18.239+01:00  INFO 2543 --- [pool-1-thread-4] tourGuide.service.RewardsService         : getDistance called
2023-01-19T23:17:18.239+01:00  INFO 2543 --- [pool-1-thread-4] tourGuide.service.RewardsService         : nearAttraction called with El Paso Zoo
2023-01-19T23:17:18.239+01:00  INFO 2543 --- [pool-1-thread-4] tourGuide.service.RewardsService         : getDistance called
2023-01-19T23:17:18.239+01:00  INFO 2543 --- [pool-1-thread-4] tourGuide.service.RewardsService         : nearAttraction called with Kansas City Zoo
2023-01-19T23:17:18.239+01:00  INFO 2543 --- [pool-1-thread-4] tourGuide.service.RewardsService         : getDistance called
2023-01-19T23:17:18.239+01:00  INFO 2543 --- [pool-1-thread-4] tourGuide.service.RewardsService         : nearAttraction called with Bronx Zoo
2023-01-19T23:17:18.239+01:00  INFO 2543 --- [pool-1-thread-4] tourGuide.service.RewardsService         : getDistance called
2023-01-19T23:17:18.239+01:00  INFO 2543 --- [pool-1-thread-4] tourGuide.service.RewardsService         : nearAttraction called with Cinderella Castle
2023-01-19T23:17:18.239+01:00  INFO 2543 --- [pool-1-thread-4] tourGuide.service.RewardsService         : getDistance called
2023-01-19T23:17:18.241+01:00  INFO 2543 --- [pool-1-thread-1] tourGuide.service.RewardsService         : nearAttraction called with Jackson Hole
2023-01-19T23:17:18.241+01:00  INFO 2543 --- [pool-1-thread-1] tourGuide.service.RewardsService         : getDistance called
2023-01-19T23:17:18.241+01:00  INFO 2543 --- [pool-1-thread-1] tourGuide.service.RewardsService         : nearAttraction called with Mojave National Preserve
2023-01-19T23:17:18.241+01:00  INFO 2543 --- [pool-1-thread-1] tourGuide.service.RewardsService         : getDistance called
2023-01-19T23:17:18.241+01:00  INFO 2543 --- [pool-1-thread-1] tourGuide.service.RewardsService         : nearAttraction called with Joshua Tree National Park
2023-01-19T23:17:18.241+01:00  INFO 2543 --- [pool-1-thread-1] tourGuide.service.RewardsService         : getDistance called
2023-01-19T23:17:18.241+01:00  INFO 2543 --- [pool-1-thread-1] tourGuide.service.RewardsService         : nearAttraction called with Buffalo National River
2023-01-19T23:17:18.241+01:00  INFO 2543 --- [pool-1-thread-1] tourGuide.service.RewardsService         : getDistance called
2023-01-19T23:17:18.241+01:00  INFO 2543 --- [pool-1-thread-1] tourGuide.service.RewardsService         : nearAttraction called with Hot Springs National Park
2023-01-19T23:17:18.241+01:00  INFO 2543 --- [pool-1-thread-1] tourGuide.service.RewardsService         : getDistance called
2023-01-19T23:17:18.241+01:00  INFO 2543 --- [pool-1-thread-1] tourGuide.service.RewardsService         : nearAttraction called with Kartchner Caverns State Park
2023-01-19T23:17:18.241+01:00  INFO 2543 --- [pool-1-thread-1] tourGuide.service.RewardsService         : getDistance called
2023-01-19T23:17:18.241+01:00  INFO 2543 --- [pool-1-thread-1] tourGuide.service.RewardsService         : nearAttraction called with Legend Valley
2023-01-19T23:17:18.241+01:00  INFO 2543 --- [pool-1-thread-1] tourGuide.service.RewardsService         : getDistance called
2023-01-19T23:17:18.241+01:00  INFO 2543 --- [pool-1-thread-1] tourGuide.service.RewardsService         : nearAttraction called with Flowers Bakery of London
2023-01-19T23:17:18.241+01:00  INFO 2543 --- [pool-1-thread-1] tourGuide.service.RewardsService         : getDistance called
2023-01-19T23:17:18.241+01:00  INFO 2543 --- [pool-1-thread-1] tourGuide.service.RewardsService         : nearAttraction called with McKinley Tower
2023-01-19T23:17:18.241+01:00  INFO 2543 --- [pool-1-thread-1] tourGuide.service.RewardsService         : getDistance called
2023-01-19T23:17:18.241+01:00  INFO 2543 --- [pool-1-thread-1] tourGuide.service.RewardsService         : nearAttraction called with Flatiron Building
2023-01-19T23:17:18.241+01:00  INFO 2543 --- [pool-1-thread-1] tourGuide.service.RewardsService         : getDistance called
2023-01-19T23:17:18.241+01:00  INFO 2543 --- [pool-1-thread-1] tourGuide.service.RewardsService         : nearAttraction called with Fallingwater
2023-01-19T23:17:18.241+01:00  INFO 2543 --- [pool-1-thread-1] tourGuide.service.RewardsService         : getDistance called
2023-01-19T23:17:18.241+01:00  INFO 2543 --- [pool-1-thread-1] tourGuide.service.RewardsService         : nearAttraction called with Union Station
2023-01-19T23:17:18.241+01:00  INFO 2543 --- [pool-1-thread-1] tourGuide.service.RewardsService         : getDistance called
2023-01-19T23:17:18.241+01:00  INFO 2543 --- [pool-1-thread-1] tourGuide.service.RewardsService         : nearAttraction called with Roger Dean Stadium
2023-01-19T23:17:18.241+01:00  INFO 2543 --- [pool-1-thread-1] tourGuide.service.RewardsService         : getDistance called
2023-01-19T23:17:18.241+01:00  INFO 2543 --- [pool-1-thread-1] tourGuide.service.RewardsService         : nearAttraction called with Texas Memorial Stadium
2023-01-19T23:17:18.241+01:00  INFO 2543 --- [pool-1-thread-1] tourGuide.service.RewardsService         : getDistance called
2023-01-19T23:17:18.241+01:00  INFO 2543 --- [pool-1-thread-1] tourGuide.service.RewardsService         : nearAttraction called with Bryant-Denny Stadium
2023-01-19T23:17:18.241+01:00  INFO 2543 --- [pool-1-thread-1] tourGuide.service.RewardsService         : getDistance called
2023-01-19T23:17:18.242+01:00  INFO 2543 --- [pool-1-thread-1] tourGuide.service.RewardsService         : nearAttraction called with Tiger Stadium
2023-01-19T23:17:18.242+01:00  INFO 2543 --- [pool-1-thread-1] tourGuide.service.RewardsService         : getDistance called
2023-01-19T23:17:18.242+01:00  INFO 2543 --- [pool-1-thread-1] tourGuide.service.RewardsService         : nearAttraction called with Neyland Stadium
2023-01-19T23:17:18.242+01:00  INFO 2543 --- [pool-1-thread-1] tourGuide.service.RewardsService         : getDistance called
2023-01-19T23:17:18.242+01:00  INFO 2543 --- [pool-1-thread-1] tourGuide.service.RewardsService         : nearAttraction called with Kyle Field
2023-01-19T23:17:18.242+01:00  INFO 2543 --- [pool-1-thread-1] tourGuide.service.RewardsService         : getDistance called
2023-01-19T23:17:18.242+01:00  INFO 2543 --- [pool-1-thread-1] tourGuide.service.RewardsService         : nearAttraction called with San Diego Zoo
2023-01-19T23:17:18.242+01:00  INFO 2543 --- [pool-1-thread-1] tourGuide.service.RewardsService         : getDistance called
2023-01-19T23:17:18.242+01:00  INFO 2543 --- [pool-1-thread-1] tourGuide.service.RewardsService         : nearAttraction called with Zoo Tampa at Lowry Park
2023-01-19T23:17:18.242+01:00  INFO 2543 --- [pool-1-thread-1] tourGuide.service.RewardsService         : getDistance called
2023-01-19T23:17:18.242+01:00  INFO 2543 --- [pool-1-thread-1] tourGuide.service.RewardsService         : nearAttraction called with Franklin Park Zoo
2023-01-19T23:17:18.242+01:00  INFO 2543 --- [pool-1-thread-1] tourGuide.service.RewardsService         : getDistance called
2023-01-19T23:17:18.242+01:00  INFO 2543 --- [pool-1-thread-1] tourGuide.service.RewardsService         : nearAttraction called with El Paso Zoo
2023-01-19T23:17:18.242+01:00  INFO 2543 --- [pool-1-thread-1] tourGuide.service.RewardsService         : getDistance called
2023-01-19T23:17:18.242+01:00  INFO 2543 --- [pool-1-thread-1] tourGuide.service.RewardsService         : nearAttraction called with Kansas City Zoo
2023-01-19T23:17:18.242+01:00  INFO 2543 --- [pool-1-thread-1] tourGuide.service.RewardsService         : getDistance called
2023-01-19T23:17:18.242+01:00  INFO 2543 --- [pool-1-thread-1] tourGuide.service.RewardsService         : nearAttraction called with Bronx Zoo
2023-01-19T23:17:18.242+01:00  INFO 2543 --- [pool-1-thread-1] tourGuide.service.RewardsService         : getDistance called
2023-01-19T23:17:18.242+01:00  INFO 2543 --- [pool-1-thread-1] tourGuide.service.RewardsService         : nearAttraction called with Cinderella Castle
2023-01-19T23:17:18.242+01:00  INFO 2543 --- [pool-1-thread-1] tourGuide.service.RewardsService         : getDistance called
2023-01-19T23:17:18.249+01:00  INFO 2543 --- [ool-1-thread-11] tourGuide.service.RewardsService         : nearAttraction called with Jackson Hole
2023-01-19T23:17:18.249+01:00  INFO 2543 --- [ool-1-thread-11] tourGuide.service.RewardsService         : getDistance called
2023-01-19T23:17:18.249+01:00  INFO 2543 --- [ool-1-thread-11] tourGuide.service.RewardsService         : nearAttraction called with Mojave National Preserve
2023-01-19T23:17:18.249+01:00  INFO 2543 --- [ool-1-thread-11] tourGuide.service.RewardsService         : getDistance called
2023-01-19T23:17:18.249+01:00  INFO 2543 --- [ool-1-thread-11] tourGuide.service.RewardsService         : nearAttraction called with Joshua Tree National Park
2023-01-19T23:17:18.249+01:00  INFO 2543 --- [ool-1-thread-11] tourGuide.service.RewardsService         : getDistance called
2023-01-19T23:17:18.249+01:00  INFO 2543 --- [ool-1-thread-11] tourGuide.service.RewardsService         : nearAttraction called with Buffalo National River
2023-01-19T23:17:18.249+01:00  INFO 2543 --- [ool-1-thread-11] tourGuide.service.RewardsService         : getDistance called
2023-01-19T23:17:18.249+01:00  INFO 2543 --- [ool-1-thread-11] tourGuide.service.RewardsService         : nearAttraction called with Hot Springs National Park
2023-01-19T23:17:18.249+01:00  INFO 2543 --- [ool-1-thread-11] tourGuide.service.RewardsService         : getDistance called
2023-01-19T23:17:18.250+01:00  INFO 2543 --- [ool-1-thread-11] tourGuide.service.RewardsService         : nearAttraction called with Kartchner Caverns State Park
2023-01-19T23:17:18.250+01:00  INFO 2543 --- [ool-1-thread-11] tourGuide.service.RewardsService         : getDistance called
2023-01-19T23:17:18.250+01:00  INFO 2543 --- [ool-1-thread-11] tourGuide.service.RewardsService         : nearAttraction called with Legend Valley
2023-01-19T23:17:18.250+01:00  INFO 2543 --- [ool-1-thread-11] tourGuide.service.RewardsService         : getDistance called
2023-01-19T23:17:18.250+01:00  INFO 2543 --- [ool-1-thread-11] tourGuide.service.RewardsService         : nearAttraction called with Flowers Bakery of London
2023-01-19T23:17:18.250+01:00  INFO 2543 --- [ool-1-thread-11] tourGuide.service.RewardsService         : getDistance called
2023-01-19T23:17:18.250+01:00  INFO 2543 --- [ool-1-thread-11] tourGuide.service.RewardsService         : nearAttraction called with McKinley Tower
2023-01-19T23:17:18.250+01:00  INFO 2543 --- [ool-1-thread-11] tourGuide.service.RewardsService         : getDistance called
2023-01-19T23:17:18.250+01:00  INFO 2543 --- [ool-1-thread-11] tourGuide.service.RewardsService         : nearAttraction called with Flatiron Building
2023-01-19T23:17:18.250+01:00  INFO 2543 --- [ool-1-thread-11] tourGuide.service.RewardsService         : getDistance called
2023-01-19T23:17:18.250+01:00  INFO 2543 --- [ool-1-thread-11] tourGuide.service.RewardsService         : nearAttraction called with Fallingwater
2023-01-19T23:17:18.250+01:00  INFO 2543 --- [ool-1-thread-11] tourGuide.service.RewardsService         : getDistance called
2023-01-19T23:17:18.250+01:00  INFO 2543 --- [ool-1-thread-11] tourGuide.service.RewardsService         : nearAttraction called with Union Station
2023-01-19T23:17:18.250+01:00  INFO 2543 --- [ool-1-thread-11] tourGuide.service.RewardsService         : getDistance called
2023-01-19T23:17:18.250+01:00  INFO 2543 --- [ool-1-thread-11] tourGuide.service.RewardsService         : nearAttraction called with Roger Dean Stadium
2023-01-19T23:17:18.250+01:00  INFO 2543 --- [ool-1-thread-11] tourGuide.service.RewardsService         : getDistance called
2023-01-19T23:17:18.250+01:00  INFO 2543 --- [ool-1-thread-11] tourGuide.service.RewardsService         : nearAttraction called with Texas Memorial Stadium
2023-01-19T23:17:18.250+01:00  INFO 2543 --- [ool-1-thread-11] tourGuide.service.RewardsService         : getDistance called
2023-01-19T23:17:18.250+01:00  INFO 2543 --- [ool-1-thread-11] tourGuide.service.RewardsService         : nearAttraction called with Bryant-Denny Stadium
2023-01-19T23:17:18.250+01:00  INFO 2543 --- [ool-1-thread-11] tourGuide.service.RewardsService         : getDistance called
2023-01-19T23:17:18.250+01:00  INFO 2543 --- [ool-1-thread-11] tourGuide.service.RewardsService         : nearAttraction called with Tiger Stadium
2023-01-19T23:17:18.250+01:00  INFO 2543 --- [ool-1-thread-11] tourGuide.service.RewardsService         : getDistance called
2023-01-19T23:17:18.250+01:00  INFO 2543 --- [ool-1-thread-11] tourGuide.service.RewardsService         : nearAttraction called with Neyland Stadium
2023-01-19T23:17:18.250+01:00  INFO 2543 --- [ool-1-thread-11] tourGuide.service.RewardsService         : getDistance called
2023-01-19T23:17:18.250+01:00  INFO 2543 --- [ool-1-thread-11] tourGuide.service.RewardsService         : nearAttraction called with Kyle Field
2023-01-19T23:17:18.250+01:00  INFO 2543 --- [ool-1-thread-11] tourGuide.service.RewardsService         : getDistance called
2023-01-19T23:17:18.250+01:00  INFO 2543 --- [ool-1-thread-11] tourGuide.service.RewardsService         : nearAttraction called with San Diego Zoo
2023-01-19T23:17:18.250+01:00  INFO 2543 --- [ool-1-thread-11] tourGuide.service.RewardsService         : getDistance called
2023-01-19T23:17:18.250+01:00  INFO 2543 --- [ool-1-thread-11] tourGuide.service.RewardsService         : nearAttraction called with Zoo Tampa at Lowry Park
2023-01-19T23:17:18.250+01:00  INFO 2543 --- [ool-1-thread-11] tourGuide.service.RewardsService         : getDistance called
2023-01-19T23:17:18.250+01:00  INFO 2543 --- [ool-1-thread-11] tourGuide.service.RewardsService         : nearAttraction called with Franklin Park Zoo
2023-01-19T23:17:18.250+01:00  INFO 2543 --- [ool-1-thread-11] tourGuide.service.RewardsService         : getDistance called
2023-01-19T23:17:18.250+01:00  INFO 2543 --- [ool-1-thread-11] tourGuide.service.RewardsService         : nearAttraction called with El Paso Zoo
2023-01-19T23:17:18.250+01:00  INFO 2543 --- [ool-1-thread-11] tourGuide.service.RewardsService         : getDistance called
2023-01-19T23:17:18.250+01:00  INFO 2543 --- [ool-1-thread-11] tourGuide.service.RewardsService         : nearAttraction called with Kansas City Zoo
2023-01-19T23:17:18.250+01:00  INFO 2543 --- [ool-1-thread-11] tourGuide.service.RewardsService         : getDistance called
2023-01-19T23:17:18.250+01:00  INFO 2543 --- [ool-1-thread-11] tourGuide.service.RewardsService         : nearAttraction called with Bronx Zoo
2023-01-19T23:17:18.250+01:00  INFO 2543 --- [ool-1-thread-11] tourGuide.service.RewardsService         : getDistance called
2023-01-19T23:17:18.250+01:00  INFO 2543 --- [ool-1-thread-11] tourGuide.service.RewardsService         : nearAttraction called with Cinderella Castle
2023-01-19T23:17:18.250+01:00  INFO 2543 --- [ool-1-thread-11] tourGuide.service.RewardsService         : getDistance called
2023-01-19T23:17:18.274+01:00  INFO 2543 --- [ool-1-thread-22] tourGuide.service.RewardsService         : nearAttraction called with Jackson Hole
2023-01-19T23:17:18.274+01:00  INFO 2543 --- [ool-1-thread-29] tourGuide.service.RewardsService         : nearAttraction called with Jackson Hole
2023-01-19T23:17:18.274+01:00  INFO 2543 --- [ool-1-thread-22] tourGuide.service.RewardsService         : getDistance called
2023-01-19T23:17:18.274+01:00  INFO 2543 --- [ool-1-thread-29] tourGuide.service.RewardsService         : getDistance called
2023-01-19T23:17:18.274+01:00  INFO 2543 --- [ool-1-thread-22] tourGuide.service.RewardsService         : nearAttraction called with Mojave National Preserve
2023-01-19T23:17:18.274+01:00  INFO 2543 --- [ool-1-thread-22] tourGuide.service.RewardsService         : getDistance called
2023-01-19T23:17:18.274+01:00  INFO 2543 --- [ool-1-thread-29] tourGuide.service.RewardsService         : nearAttraction called with Mojave National Preserve
2023-01-19T23:17:18.274+01:00  INFO 2543 --- [ool-1-thread-22] tourGuide.service.RewardsService         : nearAttraction called with Joshua Tree National Park
2023-01-19T23:17:18.275+01:00  INFO 2543 --- [ool-1-thread-22] tourGuide.service.RewardsService         : getDistance called
2023-01-19T23:17:18.275+01:00  INFO 2543 --- [ool-1-thread-22] tourGuide.service.RewardsService         : nearAttraction called with Buffalo National River
2023-01-19T23:17:18.275+01:00  INFO 2543 --- [ool-1-thread-29] tourGuide.service.RewardsService         : getDistance called
2023-01-19T23:17:18.275+01:00  INFO 2543 --- [ool-1-thread-22] tourGuide.service.RewardsService         : getDistance called
2023-01-19T23:17:18.275+01:00  INFO 2543 --- [ool-1-thread-29] tourGuide.service.RewardsService         : nearAttraction called with Joshua Tree National Park
2023-01-19T23:17:18.275+01:00  INFO 2543 --- [ool-1-thread-29] tourGuide.service.RewardsService         : getDistance called
2023-01-19T23:17:18.275+01:00  INFO 2543 --- [ool-1-thread-22] tourGuide.service.RewardsService         : nearAttraction called with Hot Springs National Park
2023-01-19T23:17:18.275+01:00  INFO 2543 --- [ool-1-thread-22] tourGuide.service.RewardsService         : getDistance called
2023-01-19T23:17:18.275+01:00  INFO 2543 --- [ool-1-thread-22] tourGuide.service.RewardsService         : nearAttraction called with Kartchner Caverns State Park
2023-01-19T23:17:18.275+01:00  INFO 2543 --- [ool-1-thread-29] tourGuide.service.RewardsService         : nearAttraction called with Buffalo National River
2023-01-19T23:17:18.275+01:00  INFO 2543 --- [ool-1-thread-22] tourGuide.service.RewardsService         : getDistance called
2023-01-19T23:17:18.275+01:00  INFO 2543 --- [ool-1-thread-29] tourGuide.service.RewardsService         : getDistance called
2023-01-19T23:17:18.275+01:00  INFO 2543 --- [ool-1-thread-22] tourGuide.service.RewardsService         : nearAttraction called with Legend Valley
2023-01-19T23:17:18.275+01:00  INFO 2543 --- [ool-1-thread-22] tourGuide.service.RewardsService         : getDistance called
2023-01-19T23:17:18.275+01:00  INFO 2543 --- [ool-1-thread-29] tourGuide.service.RewardsService         : nearAttraction called with Hot Springs National Park
2023-01-19T23:17:18.275+01:00  INFO 2543 --- [ool-1-thread-29] tourGuide.service.RewardsService         : getDistance called
2023-01-19T23:17:18.275+01:00  INFO 2543 --- [ool-1-thread-22] tourGuide.service.RewardsService         : nearAttraction called with Flowers Bakery of London
2023-01-19T23:17:18.275+01:00  INFO 2543 --- [ool-1-thread-29] tourGuide.service.RewardsService         : nearAttraction called with Kartchner Caverns State Park
2023-01-19T23:17:18.275+01:00  INFO 2543 --- [ool-1-thread-22] tourGuide.service.RewardsService         : getDistance called
2023-01-19T23:17:18.275+01:00  INFO 2543 --- [ool-1-thread-29] tourGuide.service.RewardsService         : getDistance called
2023-01-19T23:17:18.275+01:00  INFO 2543 --- [ool-1-thread-22] tourGuide.service.RewardsService         : nearAttraction called with McKinley Tower
2023-01-19T23:17:18.275+01:00  INFO 2543 --- [ool-1-thread-29] tourGuide.service.RewardsService         : nearAttraction called with Legend Valley
2023-01-19T23:17:18.275+01:00  INFO 2543 --- [ool-1-thread-22] tourGuide.service.RewardsService         : getDistance called
2023-01-19T23:17:18.275+01:00  INFO 2543 --- [ool-1-thread-29] tourGuide.service.RewardsService         : getDistance called
2023-01-19T23:17:18.275+01:00  INFO 2543 --- [ool-1-thread-22] tourGuide.service.RewardsService         : nearAttraction called with Flatiron Building
2023-01-19T23:17:18.275+01:00  INFO 2543 --- [ool-1-thread-29] tourGuide.service.RewardsService         : nearAttraction called with Flowers Bakery of London
2023-01-19T23:17:18.275+01:00  INFO 2543 --- [ool-1-thread-22] tourGuide.service.RewardsService         : getDistance called
2023-01-19T23:17:18.275+01:00  INFO 2543 --- [ool-1-thread-29] tourGuide.service.RewardsService         : getDistance called
2023-01-19T23:17:18.275+01:00  INFO 2543 --- [ool-1-thread-22] tourGuide.service.RewardsService         : nearAttraction called with Fallingwater
2023-01-19T23:17:18.275+01:00  INFO 2543 --- [ool-1-thread-22] tourGuide.service.RewardsService         : getDistance called
2023-01-19T23:17:18.275+01:00  INFO 2543 --- [ool-1-thread-29] tourGuide.service.RewardsService         : nearAttraction called with McKinley Tower
2023-01-19T23:17:18.275+01:00  INFO 2543 --- [ool-1-thread-22] tourGuide.service.RewardsService         : nearAttraction called with Union Station
2023-01-19T23:17:18.275+01:00  INFO 2543 --- [ool-1-thread-29] tourGuide.service.RewardsService         : getDistance called
2023-01-19T23:17:18.275+01:00  INFO 2543 --- [ool-1-thread-22] tourGuide.service.RewardsService         : getDistance called
2023-01-19T23:17:18.275+01:00  INFO 2543 --- [ool-1-thread-29] tourGuide.service.RewardsService         : nearAttraction called with Flatiron Building
2023-01-19T23:17:18.275+01:00  INFO 2543 --- [ool-1-thread-22] tourGuide.service.RewardsService         : nearAttraction called with Roger Dean Stadium
2023-01-19T23:17:18.275+01:00  INFO 2543 --- [ool-1-thread-29] tourGuide.service.RewardsService         : getDistance called
2023-01-19T23:17:18.275+01:00  INFO 2543 --- [ool-1-thread-22] tourGuide.service.RewardsService         : getDistance called
2023-01-19T23:17:18.275+01:00  INFO 2543 --- [ool-1-thread-29] tourGuide.service.RewardsService         : nearAttraction called with Fallingwater
2023-01-19T23:17:18.275+01:00  INFO 2543 --- [ool-1-thread-29] tourGuide.service.RewardsService         : getDistance called
2023-01-19T23:17:18.275+01:00  INFO 2543 --- [ool-1-thread-22] tourGuide.service.RewardsService         : nearAttraction called with Texas Memorial Stadium
2023-01-19T23:17:18.275+01:00  INFO 2543 --- [ool-1-thread-29] tourGuide.service.RewardsService         : nearAttraction called with Union Station
2023-01-19T23:17:18.275+01:00  INFO 2543 --- [ool-1-thread-22] tourGuide.service.RewardsService         : getDistance called
2023-01-19T23:17:18.275+01:00  INFO 2543 --- [ool-1-thread-29] tourGuide.service.RewardsService         : getDistance called
2023-01-19T23:17:18.275+01:00  INFO 2543 --- [ool-1-thread-22] tourGuide.service.RewardsService         : nearAttraction called with Bryant-Denny Stadium
2023-01-19T23:17:18.275+01:00  INFO 2543 --- [ool-1-thread-22] tourGuide.service.RewardsService         : getDistance called
2023-01-19T23:17:18.275+01:00  INFO 2543 --- [ool-1-thread-29] tourGuide.service.RewardsService         : nearAttraction called with Roger Dean Stadium
2023-01-19T23:17:18.275+01:00  INFO 2543 --- [ool-1-thread-22] tourGuide.service.RewardsService         : nearAttraction called with Tiger Stadium
2023-01-19T23:17:18.275+01:00  INFO 2543 --- [ool-1-thread-29] tourGuide.service.RewardsService         : getDistance called
2023-01-19T23:17:18.275+01:00  INFO 2543 --- [ool-1-thread-22] tourGuide.service.RewardsService         : getDistance called
2023-01-19T23:17:18.275+01:00  INFO 2543 --- [ool-1-thread-29] tourGuide.service.RewardsService         : nearAttraction called with Texas Memorial Stadium
2023-01-19T23:17:18.275+01:00  INFO 2543 --- [ool-1-thread-29] tourGuide.service.RewardsService         : getDistance called
2023-01-19T23:17:18.275+01:00  INFO 2543 --- [ool-1-thread-22] tourGuide.service.RewardsService         : nearAttraction called with Neyland Stadium
2023-01-19T23:17:18.276+01:00  INFO 2543 --- [ool-1-thread-29] tourGuide.service.RewardsService         : nearAttraction called with Bryant-Denny Stadium
2023-01-19T23:17:18.276+01:00  INFO 2543 --- [ool-1-thread-22] tourGuide.service.RewardsService         : getDistance called
2023-01-19T23:17:18.276+01:00  INFO 2543 --- [ool-1-thread-29] tourGuide.service.RewardsService         : getDistance called
2023-01-19T23:17:18.276+01:00  INFO 2543 --- [ool-1-thread-22] tourGuide.service.RewardsService         : nearAttraction called with Kyle Field
2023-01-19T23:17:18.276+01:00  INFO 2543 --- [ool-1-thread-29] tourGuide.service.RewardsService         : nearAttraction called with Tiger Stadium
2023-01-19T23:17:18.276+01:00  INFO 2543 --- [ool-1-thread-22] tourGuide.service.RewardsService         : getDistance called
2023-01-19T23:17:18.276+01:00  INFO 2543 --- [ool-1-thread-29] tourGuide.service.RewardsService         : getDistance called
2023-01-19T23:17:18.276+01:00  INFO 2543 --- [ool-1-thread-22] tourGuide.service.RewardsService         : nearAttraction called with San Diego Zoo
2023-01-19T23:17:18.276+01:00  INFO 2543 --- [ool-1-thread-29] tourGuide.service.RewardsService         : nearAttraction called with Neyland Stadium
2023-01-19T23:17:18.276+01:00  INFO 2543 --- [ool-1-thread-22] tourGuide.service.RewardsService         : getDistance called
2023-01-19T23:17:18.276+01:00  INFO 2543 --- [ool-1-thread-29] tourGuide.service.RewardsService         : getDistance called
2023-01-19T23:17:18.276+01:00  INFO 2543 --- [ool-1-thread-22] tourGuide.service.RewardsService         : nearAttraction called with Zoo Tampa at Lowry Park
2023-01-19T23:17:18.276+01:00  INFO 2543 --- [ool-1-thread-29] tourGuide.service.RewardsService         : nearAttraction called with Kyle Field
2023-01-19T23:17:18.276+01:00  INFO 2543 --- [ool-1-thread-22] tourGuide.service.RewardsService         : getDistance called
2023-01-19T23:17:18.276+01:00  INFO 2543 --- [ool-1-thread-29] tourGuide.service.RewardsService         : getDistance called
2023-01-19T23:17:18.276+01:00  INFO 2543 --- [ool-1-thread-22] tourGuide.service.RewardsService         : nearAttraction called with Franklin Park Zoo
2023-01-19T23:17:18.276+01:00  INFO 2543 --- [ool-1-thread-29] tourGuide.service.RewardsService         : nearAttraction called with San Diego Zoo
2023-01-19T23:17:18.276+01:00  INFO 2543 --- [ool-1-thread-22] tourGuide.service.RewardsService         : getDistance called
2023-01-19T23:17:18.276+01:00  INFO 2543 --- [ool-1-thread-22] tourGuide.service.RewardsService         : nearAttraction called with El Paso Zoo
2023-01-19T23:17:18.276+01:00  INFO 2543 --- [ool-1-thread-29] tourGuide.service.RewardsService         : getDistance called
2023-01-19T23:17:18.276+01:00  INFO 2543 --- [ool-1-thread-29] tourGuide.service.RewardsService         : nearAttraction called with Zoo Tampa at Lowry Park
2023-01-19T23:17:18.276+01:00  INFO 2543 --- [ool-1-thread-29] tourGuide.service.RewardsService         : getDistance called
2023-01-19T23:17:18.276+01:00  INFO 2543 --- [ool-1-thread-22] tourGuide.service.RewardsService         : getDistance called
2023-01-19T23:17:18.276+01:00  INFO 2543 --- [ool-1-thread-29] tourGuide.service.RewardsService         : nearAttraction called with Franklin Park Zoo
2023-01-19T23:17:18.276+01:00  INFO 2543 --- [ool-1-thread-29] tourGuide.service.RewardsService         : getDistance called
2023-01-19T23:17:18.276+01:00  INFO 2543 --- [ool-1-thread-22] tourGuide.service.RewardsService         : nearAttraction called with Kansas City Zoo
2023-01-19T23:17:18.276+01:00  INFO 2543 --- [ool-1-thread-29] tourGuide.service.RewardsService         : nearAttraction called with El Paso Zoo
2023-01-19T23:17:18.276+01:00  INFO 2543 --- [ool-1-thread-22] tourGuide.service.RewardsService         : getDistance called
2023-01-19T23:17:18.276+01:00  INFO 2543 --- [ool-1-thread-29] tourGuide.service.RewardsService         : getDistance called
2023-01-19T23:17:18.276+01:00  INFO 2543 --- [ool-1-thread-22] tourGuide.service.RewardsService         : nearAttraction called with Bronx Zoo
2023-01-19T23:17:18.276+01:00  INFO 2543 --- [ool-1-thread-29] tourGuide.service.RewardsService         : nearAttraction called with Kansas City Zoo
2023-01-19T23:17:18.276+01:00  INFO 2543 --- [ool-1-thread-22] tourGuide.service.RewardsService         : getDistance called
2023-01-19T23:17:18.276+01:00  INFO 2543 --- [ool-1-thread-29] tourGuide.service.RewardsService         : getDistance called
2023-01-19T23:17:18.276+01:00  INFO 2543 --- [ool-1-thread-22] tourGuide.service.RewardsService         : nearAttraction called with Cinderella Castle
2023-01-19T23:17:18.276+01:00  INFO 2543 --- [ool-1-thread-29] tourGuide.service.RewardsService         : nearAttraction called with Bronx Zoo
2023-01-19T23:17:18.276+01:00  INFO 2543 --- [ool-1-thread-22] tourGuide.service.RewardsService         : getDistance called
2023-01-19T23:17:18.276+01:00  INFO 2543 --- [ool-1-thread-29] tourGuide.service.RewardsService         : getDistance called
2023-01-19T23:17:18.276+01:00  INFO 2543 --- [ool-1-thread-29] tourGuide.service.RewardsService         : nearAttraction called with Cinderella Castle
2023-01-19T23:17:18.276+01:00  INFO 2543 --- [ool-1-thread-29] tourGuide.service.RewardsService         : getDistance called
2023-01-19T23:17:18.280+01:00  INFO 2543 --- [ool-1-thread-65] tourGuide.service.RewardsService         : nearAttraction called with Jackson Hole
2023-01-19T23:17:18.280+01:00  INFO 2543 --- [ool-1-thread-65] tourGuide.service.RewardsService         : getDistance called
2023-01-19T23:17:18.280+01:00  INFO 2543 --- [ool-1-thread-65] tourGuide.service.RewardsService         : nearAttraction called with Mojave National Preserve
2023-01-19T23:17:18.280+01:00  INFO 2543 --- [ool-1-thread-65] tourGuide.service.RewardsService         : getDistance called
2023-01-19T23:17:18.280+01:00  INFO 2543 --- [ool-1-thread-65] tourGuide.service.RewardsService         : nearAttraction called with Joshua Tree National Park
2023-01-19T23:17:18.280+01:00  INFO 2543 --- [ool-1-thread-65] tourGuide.service.RewardsService         : getDistance called
2023-01-19T23:17:18.280+01:00  INFO 2543 --- [ool-1-thread-65] tourGuide.service.RewardsService         : nearAttraction called with Buffalo National River
2023-01-19T23:17:18.280+01:00  INFO 2543 --- [ool-1-thread-65] tourGuide.service.RewardsService         : getDistance called
2023-01-19T23:17:18.280+01:00  INFO 2543 --- [ool-1-thread-65] tourGuide.service.RewardsService         : nearAttraction called with Hot Springs National Park
2023-01-19T23:17:18.280+01:00  INFO 2543 --- [ool-1-thread-65] tourGuide.service.RewardsService         : getDistance called
2023-01-19T23:17:18.280+01:00  INFO 2543 --- [ool-1-thread-65] tourGuide.service.RewardsService         : nearAttraction called with Kartchner Caverns State Park
2023-01-19T23:17:18.280+01:00  INFO 2543 --- [ool-1-thread-65] tourGuide.service.RewardsService         : getDistance called
2023-01-19T23:17:18.280+01:00  INFO 2543 --- [ool-1-thread-65] tourGuide.service.RewardsService         : nearAttraction called with Legend Valley
2023-01-19T23:17:18.280+01:00  INFO 2543 --- [ool-1-thread-65] tourGuide.service.RewardsService         : getDistance called
2023-01-19T23:17:18.280+01:00  INFO 2543 --- [ool-1-thread-65] tourGuide.service.RewardsService         : nearAttraction called with Flowers Bakery of London
2023-01-19T23:17:18.280+01:00  INFO 2543 --- [ool-1-thread-65] tourGuide.service.RewardsService         : getDistance called
2023-01-19T23:17:18.280+01:00  INFO 2543 --- [ool-1-thread-65] tourGuide.service.RewardsService         : nearAttraction called with McKinley Tower
2023-01-19T23:17:18.280+01:00  INFO 2543 --- [ool-1-thread-65] tourGuide.service.RewardsService         : getDistance called
2023-01-19T23:17:18.280+01:00  INFO 2543 --- [ool-1-thread-65] tourGuide.service.RewardsService         : nearAttraction called with Flatiron Building
2023-01-19T23:17:18.280+01:00  INFO 2543 --- [ool-1-thread-65] tourGuide.service.RewardsService         : getDistance called
2023-01-19T23:17:18.280+01:00  INFO 2543 --- [ool-1-thread-65] tourGuide.service.RewardsService         : nearAttraction called with Fallingwater
2023-01-19T23:17:18.281+01:00  INFO 2543 --- [ool-1-thread-65] tourGuide.service.RewardsService         : getDistance called
2023-01-19T23:17:18.281+01:00  INFO 2543 --- [ool-1-thread-65] tourGuide.service.RewardsService         : nearAttraction called with Union Station
2023-01-19T23:17:18.281+01:00  INFO 2543 --- [ool-1-thread-65] tourGuide.service.RewardsService         : getDistance called
2023-01-19T23:17:18.281+01:00  INFO 2543 --- [ool-1-thread-65] tourGuide.service.RewardsService         : nearAttraction called with Roger Dean Stadium
2023-01-19T23:17:18.281+01:00  INFO 2543 --- [ool-1-thread-65] tourGuide.service.RewardsService         : getDistance called
2023-01-19T23:17:18.281+01:00  INFO 2543 --- [ool-1-thread-65] tourGuide.service.RewardsService         : nearAttraction called with Texas Memorial Stadium
2023-01-19T23:17:18.281+01:00  INFO 2543 --- [ool-1-thread-65] tourGuide.service.RewardsService         : getDistance called
2023-01-19T23:17:18.281+01:00  INFO 2543 --- [ool-1-thread-65] tourGuide.service.RewardsService         : nearAttraction called with Bryant-Denny Stadium
2023-01-19T23:17:18.281+01:00  INFO 2543 --- [ool-1-thread-65] tourGuide.service.RewardsService         : getDistance called
2023-01-19T23:17:18.281+01:00  INFO 2543 --- [ool-1-thread-65] tourGuide.service.RewardsService         : nearAttraction called with Tiger Stadium
2023-01-19T23:17:18.281+01:00  INFO 2543 --- [ool-1-thread-65] tourGuide.service.RewardsService         : getDistance called
2023-01-19T23:17:18.281+01:00  INFO 2543 --- [ool-1-thread-65] tourGuide.service.RewardsService         : nearAttraction called with Neyland Stadium
2023-01-19T23:17:18.281+01:00  INFO 2543 --- [ool-1-thread-65] tourGuide.service.RewardsService         : getDistance called
2023-01-19T23:17:18.281+01:00  INFO 2543 --- [ool-1-thread-65] tourGuide.service.RewardsService         : nearAttraction called with Kyle Field
2023-01-19T23:17:18.281+01:00  INFO 2543 --- [ool-1-thread-65] tourGuide.service.RewardsService         : getDistance called
2023-01-19T23:17:18.281+01:00  INFO 2543 --- [ool-1-thread-65] tourGuide.service.RewardsService         : nearAttraction called with San Diego Zoo
2023-01-19T23:17:18.281+01:00  INFO 2543 --- [ool-1-thread-65] tourGuide.service.RewardsService         : getDistance called
2023-01-19T23:17:18.281+01:00  INFO 2543 --- [ool-1-thread-65] tourGuide.service.RewardsService         : nearAttraction called with Zoo Tampa at Lowry Park
2023-01-19T23:17:18.281+01:00  INFO 2543 --- [ool-1-thread-65] tourGuide.service.RewardsService         : getDistance called
2023-01-19T23:17:18.281+01:00  INFO 2543 --- [ool-1-thread-65] tourGuide.service.RewardsService         : nearAttraction called with Franklin Park Zoo
2023-01-19T23:17:18.281+01:00  INFO 2543 --- [ool-1-thread-65] tourGuide.service.RewardsService         : getDistance called
2023-01-19T23:17:18.281+01:00  INFO 2543 --- [ool-1-thread-65] tourGuide.service.RewardsService         : nearAttraction called with El Paso Zoo
2023-01-19T23:17:18.281+01:00  INFO 2543 --- [ool-1-thread-65] tourGuide.service.RewardsService         : getDistance called
2023-01-19T23:17:18.281+01:00  INFO 2543 --- [ool-1-thread-65] tourGuide.service.RewardsService         : nearAttraction called with Kansas City Zoo
2023-01-19T23:17:18.281+01:00  INFO 2543 --- [ool-1-thread-65] tourGuide.service.RewardsService         : getDistance called
2023-01-19T23:17:18.281+01:00  INFO 2543 --- [ool-1-thread-65] tourGuide.service.RewardsService         : nearAttraction called with Bronx Zoo
2023-01-19T23:17:18.281+01:00  INFO 2543 --- [ool-1-thread-65] tourGuide.service.RewardsService         : getDistance called
2023-01-19T23:17:18.281+01:00  INFO 2543 --- [ool-1-thread-65] tourGuide.service.RewardsService         : nearAttraction called with Cinderella Castle
2023-01-19T23:17:18.281+01:00  INFO 2543 --- [ool-1-thread-65] tourGuide.service.RewardsService         : getDistance called
2023-01-19T23:17:18.281+01:00  INFO 2543 --- [ool-1-thread-27] tourGuide.service.RewardsService         : nearAttraction called with Jackson Hole
2023-01-19T23:17:18.281+01:00  INFO 2543 --- [ool-1-thread-27] tourGuide.service.RewardsService         : getDistance called
2023-01-19T23:17:18.281+01:00  INFO 2543 --- [ool-1-thread-27] tourGuide.service.RewardsService         : nearAttraction called with Mojave National Preserve
2023-01-19T23:17:18.281+01:00  INFO 2543 --- [ool-1-thread-27] tourGuide.service.RewardsService         : getDistance called
2023-01-19T23:17:18.281+01:00  INFO 2543 --- [ool-1-thread-27] tourGuide.service.RewardsService         : nearAttraction called with Joshua Tree National Park
2023-01-19T23:17:18.281+01:00  INFO 2543 --- [ool-1-thread-27] tourGuide.service.RewardsService         : getDistance called
2023-01-19T23:17:18.281+01:00  INFO 2543 --- [ool-1-thread-27] tourGuide.service.RewardsService         : nearAttraction called with Buffalo National River
2023-01-19T23:17:18.281+01:00  INFO 2543 --- [ool-1-thread-27] tourGuide.service.RewardsService         : getDistance called
2023-01-19T23:17:18.281+01:00  INFO 2543 --- [ool-1-thread-27] tourGuide.service.RewardsService         : nearAttraction called with Hot Springs National Park
2023-01-19T23:17:18.281+01:00  INFO 2543 --- [ool-1-thread-27] tourGuide.service.RewardsService         : getDistance called
2023-01-19T23:17:18.281+01:00  INFO 2543 --- [ool-1-thread-27] tourGuide.service.RewardsService         : nearAttraction called with Kartchner Caverns State Park
2023-01-19T23:17:18.281+01:00  INFO 2543 --- [ool-1-thread-27] tourGuide.service.RewardsService         : getDistance called
2023-01-19T23:17:18.281+01:00  INFO 2543 --- [ool-1-thread-27] tourGuide.service.RewardsService         : nearAttraction called with Legend Valley
2023-01-19T23:17:18.281+01:00  INFO 2543 --- [ool-1-thread-27] tourGuide.service.RewardsService         : getDistance called
2023-01-19T23:17:18.281+01:00  INFO 2543 --- [ool-1-thread-27] tourGuide.service.RewardsService         : nearAttraction called with Flowers Bakery of London
2023-01-19T23:17:18.282+01:00  INFO 2543 --- [ool-1-thread-27] tourGuide.service.RewardsService         : getDistance called
2023-01-19T23:17:18.282+01:00  INFO 2543 --- [ool-1-thread-27] tourGuide.service.RewardsService         : nearAttraction called with McKinley Tower
2023-01-19T23:17:18.282+01:00  INFO 2543 --- [ool-1-thread-27] tourGuide.service.RewardsService         : getDistance called
2023-01-19T23:17:18.282+01:00  INFO 2543 --- [ool-1-thread-27] tourGuide.service.RewardsService         : nearAttraction called with Flatiron Building
2023-01-19T23:17:18.282+01:00  INFO 2543 --- [ool-1-thread-27] tourGuide.service.RewardsService         : getDistance called
2023-01-19T23:17:18.282+01:00  INFO 2543 --- [ool-1-thread-27] tourGuide.service.RewardsService         : nearAttraction called with Fallingwater
2023-01-19T23:17:18.282+01:00  INFO 2543 --- [ool-1-thread-27] tourGuide.service.RewardsService         : getDistance called
2023-01-19T23:17:18.282+01:00  INFO 2543 --- [ool-1-thread-27] tourGuide.service.RewardsService         : nearAttraction called with Union Station
2023-01-19T23:17:18.282+01:00  INFO 2543 --- [ool-1-thread-27] tourGuide.service.RewardsService         : getDistance called
2023-01-19T23:17:18.282+01:00  INFO 2543 --- [ool-1-thread-27] tourGuide.service.RewardsService         : nearAttraction called with Roger Dean Stadium
2023-01-19T23:17:18.282+01:00  INFO 2543 --- [ool-1-thread-27] tourGuide.service.RewardsService         : getDistance called
2023-01-19T23:17:18.282+01:00  INFO 2543 --- [ool-1-thread-27] tourGuide.service.RewardsService         : nearAttraction called with Texas Memorial Stadium
2023-01-19T23:17:18.282+01:00  INFO 2543 --- [ool-1-thread-27] tourGuide.service.RewardsService         : getDistance called
2023-01-19T23:17:18.282+01:00  INFO 2543 --- [ool-1-thread-27] tourGuide.service.RewardsService         : nearAttraction called with Bryant-Denny Stadium
2023-01-19T23:17:18.282+01:00  INFO 2543 --- [ool-1-thread-27] tourGuide.service.RewardsService         : getDistance called
2023-01-19T23:17:18.282+01:00  INFO 2543 --- [ool-1-thread-27] tourGuide.service.RewardsService         : nearAttraction called with Tiger Stadium
2023-01-19T23:17:18.282+01:00  INFO 2543 --- [ool-1-thread-27] tourGuide.service.RewardsService         : getDistance called
2023-01-19T23:17:18.282+01:00  INFO 2543 --- [ool-1-thread-27] tourGuide.service.RewardsService         : nearAttraction called with Neyland Stadium
2023-01-19T23:17:18.282+01:00  INFO 2543 --- [ool-1-thread-27] tourGuide.service.RewardsService         : getDistance called
2023-01-19T23:17:18.282+01:00  INFO 2543 --- [ool-1-thread-27] tourGuide.service.RewardsService         : nearAttraction called with Kyle Field
2023-01-19T23:17:18.282+01:00  INFO 2543 --- [ool-1-thread-27] tourGuide.service.RewardsService         : getDistance called
2023-01-19T23:17:18.282+01:00  INFO 2543 --- [ool-1-thread-27] tourGuide.service.RewardsService         : nearAttraction called with San Diego Zoo
2023-01-19T23:17:18.282+01:00  INFO 2543 --- [ool-1-thread-27] tourGuide.service.RewardsService         : getDistance called
2023-01-19T23:17:18.282+01:00  INFO 2543 --- [ool-1-thread-27] tourGuide.service.RewardsService         : nearAttraction called with Zoo Tampa at Lowry Park
2023-01-19T23:17:18.282+01:00  INFO 2543 --- [ool-1-thread-27] tourGuide.service.RewardsService         : getDistance called
2023-01-19T23:17:18.282+01:00  INFO 2543 --- [ool-1-thread-27] tourGuide.service.RewardsService         : nearAttraction called with Franklin Park Zoo
2023-01-19T23:17:18.282+01:00  INFO 2543 --- [ool-1-thread-27] tourGuide.service.RewardsService         : getDistance called
2023-01-19T23:17:18.282+01:00  INFO 2543 --- [ool-1-thread-27] tourGuide.service.RewardsService         : nearAttraction called with El Paso Zoo
2023-01-19T23:17:18.282+01:00  INFO 2543 --- [ool-1-thread-27] tourGuide.service.RewardsService         : getDistance called
2023-01-19T23:17:18.282+01:00  INFO 2543 --- [ool-1-thread-27] tourGuide.service.RewardsService         : nearAttraction called with Kansas City Zoo
2023-01-19T23:17:18.282+01:00  INFO 2543 --- [ool-1-thread-27] tourGuide.service.RewardsService         : getDistance called
2023-01-19T23:17:18.282+01:00  INFO 2543 --- [ool-1-thread-27] tourGuide.service.RewardsService         : nearAttraction called with Bronx Zoo
2023-01-19T23:17:18.282+01:00  INFO 2543 --- [ool-1-thread-27] tourGuide.service.RewardsService         : getDistance called
2023-01-19T23:17:18.282+01:00  INFO 2543 --- [ool-1-thread-27] tourGuide.service.RewardsService         : nearAttraction called with Cinderella Castle
2023-01-19T23:17:18.282+01:00  INFO 2543 --- [ool-1-thread-27] tourGuide.service.RewardsService         : getDistance called
2023-01-19T23:17:18.285+01:00  INFO 2543 --- [ool-1-thread-31] tourGuide.service.RewardsService         : nearAttraction called with Jackson Hole
2023-01-19T23:17:18.285+01:00  INFO 2543 --- [ool-1-thread-31] tourGuide.service.RewardsService         : getDistance called
2023-01-19T23:17:18.285+01:00  INFO 2543 --- [ool-1-thread-31] tourGuide.service.RewardsService         : nearAttraction called with Mojave National Preserve
2023-01-19T23:17:18.285+01:00  INFO 2543 --- [ool-1-thread-31] tourGuide.service.RewardsService         : getDistance called
2023-01-19T23:17:18.285+01:00  INFO 2543 --- [ool-1-thread-31] tourGuide.service.RewardsService         : nearAttraction called with Joshua Tree National Park
2023-01-19T23:17:18.285+01:00  INFO 2543 --- [ool-1-thread-31] tourGuide.service.RewardsService         : getDistance called
2023-01-19T23:17:18.285+01:00  INFO 2543 --- [ool-1-thread-31] tourGuide.service.RewardsService         : nearAttraction called with Buffalo National River
2023-01-19T23:17:18.285+01:00  INFO 2543 --- [ool-1-thread-31] tourGuide.service.RewardsService         : getDistance called
2023-01-19T23:17:18.285+01:00  INFO 2543 --- [ool-1-thread-31] tourGuide.service.RewardsService         : nearAttraction called with Hot Springs National Park
2023-01-19T23:17:18.285+01:00  INFO 2543 --- [ool-1-thread-31] tourGuide.service.RewardsService         : getDistance called
2023-01-19T23:17:18.285+01:00  INFO 2543 --- [ool-1-thread-31] tourGuide.service.RewardsService         : nearAttraction called with Kartchner Caverns State Park
2023-01-19T23:17:18.285+01:00  INFO 2543 --- [ool-1-thread-31] tourGuide.service.RewardsService         : getDistance called
2023-01-19T23:17:18.285+01:00  INFO 2543 --- [ool-1-thread-31] tourGuide.service.RewardsService         : nearAttraction called with Legend Valley
2023-01-19T23:17:18.285+01:00  INFO 2543 --- [ool-1-thread-31] tourGuide.service.RewardsService         : getDistance called
2023-01-19T23:17:18.285+01:00  INFO 2543 --- [ool-1-thread-31] tourGuide.service.RewardsService         : nearAttraction called with Flowers Bakery of London
2023-01-19T23:17:18.285+01:00  INFO 2543 --- [ool-1-thread-31] tourGuide.service.RewardsService         : getDistance called
2023-01-19T23:17:18.285+01:00  INFO 2543 --- [ool-1-thread-31] tourGuide.service.RewardsService         : nearAttraction called with McKinley Tower
2023-01-19T23:17:18.285+01:00  INFO 2543 --- [ool-1-thread-31] tourGuide.service.RewardsService         : getDistance called
2023-01-19T23:17:18.285+01:00  INFO 2543 --- [ool-1-thread-31] tourGuide.service.RewardsService         : nearAttraction called with Flatiron Building
2023-01-19T23:17:18.285+01:00  INFO 2543 --- [ool-1-thread-31] tourGuide.service.RewardsService         : getDistance called
2023-01-19T23:17:18.285+01:00  INFO 2543 --- [ool-1-thread-31] tourGuide.service.RewardsService         : nearAttraction called with Fallingwater
2023-01-19T23:17:18.285+01:00  INFO 2543 --- [ool-1-thread-31] tourGuide.service.RewardsService         : getDistance called
2023-01-19T23:17:18.285+01:00  INFO 2543 --- [ool-1-thread-31] tourGuide.service.RewardsService         : nearAttraction called with Union Station
2023-01-19T23:17:18.285+01:00  INFO 2543 --- [ool-1-thread-31] tourGuide.service.RewardsService         : getDistance called
2023-01-19T23:17:18.285+01:00  INFO 2543 --- [ool-1-thread-31] tourGuide.service.RewardsService         : nearAttraction called with Roger Dean Stadium
2023-01-19T23:17:18.285+01:00  INFO 2543 --- [ool-1-thread-31] tourGuide.service.RewardsService         : getDistance called
2023-01-19T23:17:18.285+01:00  INFO 2543 --- [ool-1-thread-31] tourGuide.service.RewardsService         : nearAttraction called with Texas Memorial Stadium
2023-01-19T23:17:18.285+01:00  INFO 2543 --- [ool-1-thread-31] tourGuide.service.RewardsService         : getDistance called
2023-01-19T23:17:18.285+01:00  INFO 2543 --- [ool-1-thread-31] tourGuide.service.RewardsService         : nearAttraction called with Bryant-Denny Stadium
2023-01-19T23:17:18.285+01:00  INFO 2543 --- [ool-1-thread-31] tourGuide.service.RewardsService         : getDistance called
2023-01-19T23:17:18.285+01:00  INFO 2543 --- [ool-1-thread-31] tourGuide.service.RewardsService         : nearAttraction called with Tiger Stadium
2023-01-19T23:17:18.286+01:00  INFO 2543 --- [ool-1-thread-31] tourGuide.service.RewardsService         : getDistance called
2023-01-19T23:17:18.286+01:00  INFO 2543 --- [ool-1-thread-31] tourGuide.service.RewardsService         : nearAttraction called with Neyland Stadium
2023-01-19T23:17:18.286+01:00  INFO 2543 --- [ool-1-thread-31] tourGuide.service.RewardsService         : getDistance called
2023-01-19T23:17:18.286+01:00  INFO 2543 --- [ool-1-thread-31] tourGuide.service.RewardsService         : nearAttraction called with Kyle Field
2023-01-19T23:17:18.286+01:00  INFO 2543 --- [ool-1-thread-31] tourGuide.service.RewardsService         : getDistance called
2023-01-19T23:17:18.286+01:00  INFO 2543 --- [ool-1-thread-31] tourGuide.service.RewardsService         : nearAttraction called with San Diego Zoo
2023-01-19T23:17:18.286+01:00  INFO 2543 --- [ool-1-thread-31] tourGuide.service.RewardsService         : getDistance called
2023-01-19T23:17:18.286+01:00  INFO 2543 --- [ool-1-thread-31] tourGuide.service.RewardsService         : nearAttraction called with Zoo Tampa at Lowry Park
2023-01-19T23:17:18.286+01:00  INFO 2543 --- [ool-1-thread-31] tourGuide.service.RewardsService         : getDistance called
2023-01-19T23:17:18.286+01:00  INFO 2543 --- [ool-1-thread-31] tourGuide.service.RewardsService         : nearAttraction called with Franklin Park Zoo
2023-01-19T23:17:18.286+01:00  INFO 2543 --- [ool-1-thread-31] tourGuide.service.RewardsService         : getDistance called
2023-01-19T23:17:18.286+01:00  INFO 2543 --- [ool-1-thread-31] tourGuide.service.RewardsService         : nearAttraction called with El Paso Zoo
2023-01-19T23:17:18.286+01:00  INFO 2543 --- [ool-1-thread-31] tourGuide.service.RewardsService         : getDistance called
2023-01-19T23:17:18.286+01:00  INFO 2543 --- [ool-1-thread-31] tourGuide.service.RewardsService         : nearAttraction called with Kansas City Zoo
2023-01-19T23:17:18.286+01:00  INFO 2543 --- [ool-1-thread-31] tourGuide.service.RewardsService         : getDistance called
2023-01-19T23:17:18.286+01:00  INFO 2543 --- [ool-1-thread-31] tourGuide.service.RewardsService         : nearAttraction called with Bronx Zoo
2023-01-19T23:17:18.286+01:00  INFO 2543 --- [ool-1-thread-31] tourGuide.service.RewardsService         : getDistance called
2023-01-19T23:17:18.286+01:00  INFO 2543 --- [ool-1-thread-31] tourGuide.service.RewardsService         : nearAttraction called with Cinderella Castle
2023-01-19T23:17:18.286+01:00  INFO 2543 --- [ool-1-thread-31] tourGuide.service.RewardsService         : getDistance called
2023-01-19T23:17:18.299+01:00  INFO 2543 --- [ool-1-thread-68] tourGuide.service.RewardsService         : nearAttraction called with Jackson Hole
2023-01-19T23:17:18.300+01:00  INFO 2543 --- [ool-1-thread-68] tourGuide.service.RewardsService         : getDistance called
2023-01-19T23:17:18.300+01:00  INFO 2543 --- [ool-1-thread-68] tourGuide.service.RewardsService         : nearAttraction called with Mojave National Preserve
2023-01-19T23:17:18.300+01:00  INFO 2543 --- [ool-1-thread-68] tourGuide.service.RewardsService         : getDistance called
2023-01-19T23:17:18.300+01:00  INFO 2543 --- [ool-1-thread-68] tourGuide.service.RewardsService         : nearAttraction called with Joshua Tree National Park
2023-01-19T23:17:18.300+01:00  INFO 2543 --- [ool-1-thread-68] tourGuide.service.RewardsService         : getDistance called
2023-01-19T23:17:18.300+01:00  INFO 2543 --- [ool-1-thread-68] tourGuide.service.RewardsService         : nearAttraction called with Buffalo National River
2023-01-19T23:17:18.300+01:00  INFO 2543 --- [ool-1-thread-68] tourGuide.service.RewardsService         : getDistance called
2023-01-19T23:17:18.300+01:00  INFO 2543 --- [ool-1-thread-68] tourGuide.service.RewardsService         : nearAttraction called with Hot Springs National Park
2023-01-19T23:17:18.300+01:00  INFO 2543 --- [ool-1-thread-68] tourGuide.service.RewardsService         : getDistance called
2023-01-19T23:17:18.300+01:00  INFO 2543 --- [ool-1-thread-68] tourGuide.service.RewardsService         : nearAttraction called with Kartchner Caverns State Park
2023-01-19T23:17:18.300+01:00  INFO 2543 --- [ool-1-thread-68] tourGuide.service.RewardsService         : getDistance called
2023-01-19T23:17:18.300+01:00  INFO 2543 --- [ool-1-thread-68] tourGuide.service.RewardsService         : nearAttraction called with Legend Valley
2023-01-19T23:17:18.300+01:00  INFO 2543 --- [ool-1-thread-68] tourGuide.service.RewardsService         : getDistance called
2023-01-19T23:17:18.300+01:00  INFO 2543 --- [ool-1-thread-68] tourGuide.service.RewardsService         : nearAttraction called with Flowers Bakery of London
2023-01-19T23:17:18.300+01:00  INFO 2543 --- [ool-1-thread-68] tourGuide.service.RewardsService         : getDistance called
2023-01-19T23:17:18.300+01:00  INFO 2543 --- [ool-1-thread-68] tourGuide.service.RewardsService         : nearAttraction called with McKinley Tower
2023-01-19T23:17:18.300+01:00  INFO 2543 --- [ool-1-thread-68] tourGuide.service.RewardsService         : getDistance called
2023-01-19T23:17:18.300+01:00  INFO 2543 --- [ool-1-thread-68] tourGuide.service.RewardsService         : nearAttraction called with Flatiron Building
2023-01-19T23:17:18.300+01:00  INFO 2543 --- [ool-1-thread-68] tourGuide.service.RewardsService         : getDistance called
2023-01-19T23:17:18.300+01:00  INFO 2543 --- [ool-1-thread-68] tourGuide.service.RewardsService         : nearAttraction called with Fallingwater
2023-01-19T23:17:18.300+01:00  INFO 2543 --- [ool-1-thread-68] tourGuide.service.RewardsService         : getDistance called
2023-01-19T23:17:18.300+01:00  INFO 2543 --- [ool-1-thread-68] tourGuide.service.RewardsService         : nearAttraction called with Union Station
2023-01-19T23:17:18.300+01:00  INFO 2543 --- [ool-1-thread-68] tourGuide.service.RewardsService         : getDistance called
2023-01-19T23:17:18.300+01:00  INFO 2543 --- [ool-1-thread-68] tourGuide.service.RewardsService         : nearAttraction called with Roger Dean Stadium
2023-01-19T23:17:18.300+01:00  INFO 2543 --- [ool-1-thread-68] tourGuide.service.RewardsService         : getDistance called
2023-01-19T23:17:18.300+01:00  INFO 2543 --- [ool-1-thread-68] tourGuide.service.RewardsService         : nearAttraction called with Texas Memorial Stadium
2023-01-19T23:17:18.300+01:00  INFO 2543 --- [ool-1-thread-68] tourGuide.service.RewardsService         : getDistance called
2023-01-19T23:17:18.300+01:00  INFO 2543 --- [ool-1-thread-68] tourGuide.service.RewardsService         : nearAttraction called with Bryant-Denny Stadium
2023-01-19T23:17:18.300+01:00  INFO 2543 --- [ool-1-thread-68] tourGuide.service.RewardsService         : getDistance called
2023-01-19T23:17:18.300+01:00  INFO 2543 --- [ool-1-thread-68] tourGuide.service.RewardsService         : nearAttraction called with Tiger Stadium
2023-01-19T23:17:18.300+01:00  INFO 2543 --- [ool-1-thread-68] tourGuide.service.RewardsService         : getDistance called
2023-01-19T23:17:18.300+01:00  INFO 2543 --- [ool-1-thread-68] tourGuide.service.RewardsService         : nearAttraction called with Neyland Stadium
2023-01-19T23:17:18.300+01:00  INFO 2543 --- [ool-1-thread-68] tourGuide.service.RewardsService         : getDistance called
2023-01-19T23:17:18.300+01:00  INFO 2543 --- [ool-1-thread-68] tourGuide.service.RewardsService         : nearAttraction called with Kyle Field
2023-01-19T23:17:18.300+01:00  INFO 2543 --- [ool-1-thread-68] tourGuide.service.RewardsService         : getDistance called
2023-01-19T23:17:18.300+01:00  INFO 2543 --- [ool-1-thread-68] tourGuide.service.RewardsService         : nearAttraction called with San Diego Zoo
2023-01-19T23:17:18.300+01:00  INFO 2543 --- [ool-1-thread-68] tourGuide.service.RewardsService         : getDistance called
2023-01-19T23:17:18.300+01:00  INFO 2543 --- [ool-1-thread-68] tourGuide.service.RewardsService         : nearAttraction called with Zoo Tampa at Lowry Park
2023-01-19T23:17:18.300+01:00  INFO 2543 --- [ool-1-thread-68] tourGuide.service.RewardsService         : getDistance called
2023-01-19T23:17:18.300+01:00  INFO 2543 --- [ool-1-thread-68] tourGuide.service.RewardsService         : nearAttraction called with Franklin Park Zoo
2023-01-19T23:17:18.300+01:00  INFO 2543 --- [ool-1-thread-68] tourGuide.service.RewardsService         : getDistance called
2023-01-19T23:17:18.300+01:00  INFO 2543 --- [ool-1-thread-68] tourGuide.service.RewardsService         : nearAttraction called with El Paso Zoo
2023-01-19T23:17:18.300+01:00  INFO 2543 --- [ool-1-thread-68] tourGuide.service.RewardsService         : getDistance called
2023-01-19T23:17:18.300+01:00  INFO 2543 --- [ool-1-thread-68] tourGuide.service.RewardsService         : nearAttraction called with Kansas City Zoo
2023-01-19T23:17:18.300+01:00  INFO 2543 --- [ool-1-thread-68] tourGuide.service.RewardsService         : getDistance called
2023-01-19T23:17:18.300+01:00  INFO 2543 --- [ool-1-thread-68] tourGuide.service.RewardsService         : nearAttraction called with Bronx Zoo
2023-01-19T23:17:18.300+01:00  INFO 2543 --- [ool-1-thread-68] tourGuide.service.RewardsService         : getDistance called
2023-01-19T23:17:18.300+01:00  INFO 2543 --- [ool-1-thread-68] tourGuide.service.RewardsService         : nearAttraction called with Cinderella Castle
2023-01-19T23:17:18.300+01:00  INFO 2543 --- [ool-1-thread-68] tourGuide.service.RewardsService         : getDistance called
2023-01-19T23:17:18.306+01:00  INFO 2543 --- [ool-1-thread-46] tourGuide.service.RewardsService         : nearAttraction called with Jackson Hole
2023-01-19T23:17:18.307+01:00  INFO 2543 --- [ool-1-thread-46] tourGuide.service.RewardsService         : getDistance called
2023-01-19T23:17:18.307+01:00  INFO 2543 --- [ool-1-thread-46] tourGuide.service.RewardsService         : nearAttraction called with Mojave National Preserve
2023-01-19T23:17:18.307+01:00  INFO 2543 --- [ool-1-thread-46] tourGuide.service.RewardsService         : getDistance called
2023-01-19T23:17:18.307+01:00  INFO 2543 --- [ool-1-thread-46] tourGuide.service.RewardsService         : nearAttraction called with Joshua Tree National Park
2023-01-19T23:17:18.307+01:00  INFO 2543 --- [ool-1-thread-46] tourGuide.service.RewardsService         : getDistance called
2023-01-19T23:17:18.307+01:00  INFO 2543 --- [ool-1-thread-46] tourGuide.service.RewardsService         : nearAttraction called with Buffalo National River
2023-01-19T23:17:18.307+01:00  INFO 2543 --- [ool-1-thread-46] tourGuide.service.RewardsService         : getDistance called
2023-01-19T23:17:18.307+01:00  INFO 2543 --- [ool-1-thread-46] tourGuide.service.RewardsService         : nearAttraction called with Hot Springs National Park
2023-01-19T23:17:18.307+01:00  INFO 2543 --- [ool-1-thread-46] tourGuide.service.RewardsService         : getDistance called
2023-01-19T23:17:18.307+01:00  INFO 2543 --- [ool-1-thread-46] tourGuide.service.RewardsService         : nearAttraction called with Kartchner Caverns State Park
2023-01-19T23:17:18.307+01:00  INFO 2543 --- [ool-1-thread-46] tourGuide.service.RewardsService         : getDistance called
2023-01-19T23:17:18.307+01:00  INFO 2543 --- [ool-1-thread-46] tourGuide.service.RewardsService         : nearAttraction called with Legend Valley
2023-01-19T23:17:18.307+01:00  INFO 2543 --- [ool-1-thread-46] tourGuide.service.RewardsService         : getDistance called
2023-01-19T23:17:18.307+01:00  INFO 2543 --- [ool-1-thread-46] tourGuide.service.RewardsService         : nearAttraction called with Flowers Bakery of London
2023-01-19T23:17:18.307+01:00  INFO 2543 --- [ool-1-thread-46] tourGuide.service.RewardsService         : getDistance called
2023-01-19T23:17:18.307+01:00  INFO 2543 --- [ool-1-thread-46] tourGuide.service.RewardsService         : nearAttraction called with McKinley Tower
2023-01-19T23:17:18.307+01:00  INFO 2543 --- [ool-1-thread-46] tourGuide.service.RewardsService         : getDistance called
2023-01-19T23:17:18.307+01:00  INFO 2543 --- [ool-1-thread-46] tourGuide.service.RewardsService         : nearAttraction called with Flatiron Building
2023-01-19T23:17:18.307+01:00  INFO 2543 --- [ool-1-thread-46] tourGuide.service.RewardsService         : getDistance called
2023-01-19T23:17:18.307+01:00  INFO 2543 --- [ool-1-thread-46] tourGuide.service.RewardsService         : nearAttraction called with Fallingwater
2023-01-19T23:17:18.307+01:00  INFO 2543 --- [ool-1-thread-46] tourGuide.service.RewardsService         : getDistance called
2023-01-19T23:17:18.307+01:00  INFO 2543 --- [ool-1-thread-46] tourGuide.service.RewardsService         : nearAttraction called with Union Station
2023-01-19T23:17:18.307+01:00  INFO 2543 --- [ool-1-thread-46] tourGuide.service.RewardsService         : getDistance called
2023-01-19T23:17:18.307+01:00  INFO 2543 --- [ool-1-thread-46] tourGuide.service.RewardsService         : nearAttraction called with Roger Dean Stadium
2023-01-19T23:17:18.307+01:00  INFO 2543 --- [ool-1-thread-46] tourGuide.service.RewardsService         : getDistance called
2023-01-19T23:17:18.307+01:00  INFO 2543 --- [ool-1-thread-46] tourGuide.service.RewardsService         : nearAttraction called with Texas Memorial Stadium
2023-01-19T23:17:18.307+01:00  INFO 2543 --- [ool-1-thread-46] tourGuide.service.RewardsService         : getDistance called
2023-01-19T23:17:18.307+01:00  INFO 2543 --- [ool-1-thread-46] tourGuide.service.RewardsService         : nearAttraction called with Bryant-Denny Stadium
2023-01-19T23:17:18.307+01:00  INFO 2543 --- [ool-1-thread-46] tourGuide.service.RewardsService         : getDistance called
2023-01-19T23:17:18.307+01:00  INFO 2543 --- [ool-1-thread-46] tourGuide.service.RewardsService         : nearAttraction called with Tiger Stadium
2023-01-19T23:17:18.307+01:00  INFO 2543 --- [ool-1-thread-46] tourGuide.service.RewardsService         : getDistance called
2023-01-19T23:17:18.307+01:00  INFO 2543 --- [ool-1-thread-46] tourGuide.service.RewardsService         : nearAttraction called with Neyland Stadium
2023-01-19T23:17:18.307+01:00  INFO 2543 --- [ool-1-thread-46] tourGuide.service.RewardsService         : getDistance called
2023-01-19T23:17:18.307+01:00  INFO 2543 --- [ool-1-thread-46] tourGuide.service.RewardsService         : nearAttraction called with Kyle Field
2023-01-19T23:17:18.307+01:00  INFO 2543 --- [ool-1-thread-46] tourGuide.service.RewardsService         : getDistance called
2023-01-19T23:17:18.307+01:00  INFO 2543 --- [ool-1-thread-46] tourGuide.service.RewardsService         : nearAttraction called with San Diego Zoo
2023-01-19T23:17:18.308+01:00  INFO 2543 --- [ool-1-thread-46] tourGuide.service.RewardsService         : getDistance called
2023-01-19T23:17:18.308+01:00  INFO 2543 --- [ool-1-thread-46] tourGuide.service.RewardsService         : nearAttraction called with Zoo Tampa at Lowry Park
2023-01-19T23:17:18.308+01:00  INFO 2543 --- [ool-1-thread-46] tourGuide.service.RewardsService         : getDistance called
2023-01-19T23:17:18.308+01:00  INFO 2543 --- [ool-1-thread-46] tourGuide.service.RewardsService         : nearAttraction called with Franklin Park Zoo
2023-01-19T23:17:18.308+01:00  INFO 2543 --- [ool-1-thread-46] tourGuide.service.RewardsService         : getDistance called
2023-01-19T23:17:18.308+01:00  INFO 2543 --- [ool-1-thread-46] tourGuide.service.RewardsService         : nearAttraction called with El Paso Zoo
2023-01-19T23:17:18.308+01:00  INFO 2543 --- [ool-1-thread-46] tourGuide.service.RewardsService         : getDistance called
2023-01-19T23:17:18.308+01:00  INFO 2543 --- [ool-1-thread-46] tourGuide.service.RewardsService         : nearAttraction called with Kansas City Zoo
2023-01-19T23:17:18.308+01:00  INFO 2543 --- [ool-1-thread-46] tourGuide.service.RewardsService         : getDistance called
2023-01-19T23:17:18.308+01:00  INFO 2543 --- [ool-1-thread-46] tourGuide.service.RewardsService         : nearAttraction called with Bronx Zoo
2023-01-19T23:17:18.308+01:00  INFO 2543 --- [ool-1-thread-46] tourGuide.service.RewardsService         : getDistance called
2023-01-19T23:17:18.308+01:00  INFO 2543 --- [ool-1-thread-46] tourGuide.service.RewardsService         : nearAttraction called with Cinderella Castle
2023-01-19T23:17:18.308+01:00  INFO 2543 --- [ool-1-thread-46] tourGuide.service.RewardsService         : getDistance called
2023-01-19T23:17:18.318+01:00  INFO 2543 --- [ool-1-thread-15] tourGuide.service.RewardsService         : nearAttraction called with Jackson Hole
2023-01-19T23:17:18.318+01:00  INFO 2543 --- [ool-1-thread-15] tourGuide.service.RewardsService         : getDistance called
2023-01-19T23:17:18.318+01:00  INFO 2543 --- [ool-1-thread-15] tourGuide.service.RewardsService         : nearAttraction called with Mojave National Preserve
2023-01-19T23:17:18.318+01:00  INFO 2543 --- [ool-1-thread-15] tourGuide.service.RewardsService         : getDistance called
2023-01-19T23:17:18.318+01:00  INFO 2543 --- [ool-1-thread-15] tourGuide.service.RewardsService         : nearAttraction called with Joshua Tree National Park
2023-01-19T23:17:18.318+01:00  INFO 2543 --- [ool-1-thread-15] tourGuide.service.RewardsService         : getDistance called
2023-01-19T23:17:18.318+01:00  INFO 2543 --- [ool-1-thread-15] tourGuide.service.RewardsService         : nearAttraction called with Buffalo National River
2023-01-19T23:17:18.318+01:00  INFO 2543 --- [ool-1-thread-15] tourGuide.service.RewardsService         : getDistance called
2023-01-19T23:17:18.318+01:00  INFO 2543 --- [ool-1-thread-15] tourGuide.service.RewardsService         : nearAttraction called with Hot Springs National Park
2023-01-19T23:17:18.318+01:00  INFO 2543 --- [ool-1-thread-15] tourGuide.service.RewardsService         : getDistance called
2023-01-19T23:17:18.318+01:00  INFO 2543 --- [ool-1-thread-15] tourGuide.service.RewardsService         : nearAttraction called with Kartchner Caverns State Park
2023-01-19T23:17:18.318+01:00  INFO 2543 --- [ool-1-thread-15] tourGuide.service.RewardsService         : getDistance called
2023-01-19T23:17:18.318+01:00  INFO 2543 --- [ool-1-thread-15] tourGuide.service.RewardsService         : nearAttraction called with Legend Valley
2023-01-19T23:17:18.318+01:00  INFO 2543 --- [ool-1-thread-15] tourGuide.service.RewardsService         : getDistance called
2023-01-19T23:17:18.318+01:00  INFO 2543 --- [ool-1-thread-15] tourGuide.service.RewardsService         : nearAttraction called with Flowers Bakery of London
2023-01-19T23:17:18.319+01:00  INFO 2543 --- [ool-1-thread-15] tourGuide.service.RewardsService         : getDistance called
2023-01-19T23:17:18.319+01:00  INFO 2543 --- [ool-1-thread-15] tourGuide.service.RewardsService         : nearAttraction called with McKinley Tower
2023-01-19T23:17:18.319+01:00  INFO 2543 --- [ool-1-thread-15] tourGuide.service.RewardsService         : getDistance called
2023-01-19T23:17:18.319+01:00  INFO 2543 --- [ool-1-thread-15] tourGuide.service.RewardsService         : nearAttraction called with Flatiron Building
2023-01-19T23:17:18.319+01:00  INFO 2543 --- [ool-1-thread-15] tourGuide.service.RewardsService         : getDistance called
2023-01-19T23:17:18.319+01:00  INFO 2543 --- [ool-1-thread-15] tourGuide.service.RewardsService         : nearAttraction called with Fallingwater
2023-01-19T23:17:18.319+01:00  INFO 2543 --- [ool-1-thread-15] tourGuide.service.RewardsService         : getDistance called
2023-01-19T23:17:18.319+01:00  INFO 2543 --- [ool-1-thread-15] tourGuide.service.RewardsService         : nearAttraction called with Union Station
2023-01-19T23:17:18.319+01:00  INFO 2543 --- [ool-1-thread-15] tourGuide.service.RewardsService         : getDistance called
2023-01-19T23:17:18.319+01:00  INFO 2543 --- [ool-1-thread-15] tourGuide.service.RewardsService         : nearAttraction called with Roger Dean Stadium
2023-01-19T23:17:18.319+01:00  INFO 2543 --- [ool-1-thread-15] tourGuide.service.RewardsService         : getDistance called
2023-01-19T23:17:18.319+01:00  INFO 2543 --- [ool-1-thread-15] tourGuide.service.RewardsService         : nearAttraction called with Texas Memorial Stadium
2023-01-19T23:17:18.319+01:00  INFO 2543 --- [ool-1-thread-15] tourGuide.service.RewardsService         : getDistance called
2023-01-19T23:17:18.319+01:00  INFO 2543 --- [ool-1-thread-15] tourGuide.service.RewardsService         : nearAttraction called with Bryant-Denny Stadium
2023-01-19T23:17:18.319+01:00  INFO 2543 --- [ool-1-thread-15] tourGuide.service.RewardsService         : getDistance called
2023-01-19T23:17:18.319+01:00  INFO 2543 --- [ool-1-thread-15] tourGuide.service.RewardsService         : nearAttraction called with Tiger Stadium
2023-01-19T23:17:18.319+01:00  INFO 2543 --- [ool-1-thread-15] tourGuide.service.RewardsService         : getDistance called
2023-01-19T23:17:18.319+01:00  INFO 2543 --- [ool-1-thread-15] tourGuide.service.RewardsService         : nearAttraction called with Neyland Stadium
2023-01-19T23:17:18.319+01:00  INFO 2543 --- [ool-1-thread-15] tourGuide.service.RewardsService         : getDistance called
2023-01-19T23:17:18.319+01:00  INFO 2543 --- [ool-1-thread-15] tourGuide.service.RewardsService         : nearAttraction called with Kyle Field
2023-01-19T23:17:18.319+01:00  INFO 2543 --- [ool-1-thread-15] tourGuide.service.RewardsService         : getDistance called
2023-01-19T23:17:18.319+01:00  INFO 2543 --- [ool-1-thread-15] tourGuide.service.RewardsService         : nearAttraction called with San Diego Zoo
2023-01-19T23:17:18.319+01:00  INFO 2543 --- [ool-1-thread-15] tourGuide.service.RewardsService         : getDistance called
2023-01-19T23:17:18.319+01:00  INFO 2543 --- [ool-1-thread-15] tourGuide.service.RewardsService         : nearAttraction called with Zoo Tampa at Lowry Park
2023-01-19T23:17:18.319+01:00  INFO 2543 --- [ool-1-thread-15] tourGuide.service.RewardsService         : getDistance called
2023-01-19T23:17:18.319+01:00  INFO 2543 --- [ool-1-thread-15] tourGuide.service.RewardsService         : nearAttraction called with Franklin Park Zoo
2023-01-19T23:17:18.319+01:00  INFO 2543 --- [ool-1-thread-15] tourGuide.service.RewardsService         : getDistance called
2023-01-19T23:17:18.319+01:00  INFO 2543 --- [ool-1-thread-15] tourGuide.service.RewardsService         : nearAttraction called with El Paso Zoo
2023-01-19T23:17:18.319+01:00  INFO 2543 --- [ool-1-thread-15] tourGuide.service.RewardsService         : getDistance called
2023-01-19T23:17:18.319+01:00  INFO 2543 --- [ool-1-thread-15] tourGuide.service.RewardsService         : nearAttraction called with Kansas City Zoo
2023-01-19T23:17:18.319+01:00  INFO 2543 --- [ool-1-thread-15] tourGuide.service.RewardsService         : getDistance called
2023-01-19T23:17:18.319+01:00  INFO 2543 --- [ool-1-thread-15] tourGuide.service.RewardsService         : nearAttraction called with Bronx Zoo
2023-01-19T23:17:18.319+01:00  INFO 2543 --- [ool-1-thread-15] tourGuide.service.RewardsService         : getDistance called
2023-01-19T23:17:18.319+01:00  INFO 2543 --- [ool-1-thread-15] tourGuide.service.RewardsService         : nearAttraction called with Cinderella Castle
2023-01-19T23:17:18.319+01:00  INFO 2543 --- [ool-1-thread-15] tourGuide.service.RewardsService         : getDistance called
2023-01-19T23:17:18.322+01:00  INFO 2543 --- [ool-1-thread-48] tourGuide.service.RewardsService         : nearAttraction called with Jackson Hole
2023-01-19T23:17:18.322+01:00  INFO 2543 --- [ool-1-thread-48] tourGuide.service.RewardsService         : getDistance called
2023-01-19T23:17:18.322+01:00  INFO 2543 --- [ool-1-thread-48] tourGuide.service.RewardsService         : nearAttraction called with Mojave National Preserve
2023-01-19T23:17:18.322+01:00  INFO 2543 --- [ool-1-thread-48] tourGuide.service.RewardsService         : getDistance called
2023-01-19T23:17:18.322+01:00  INFO 2543 --- [ool-1-thread-48] tourGuide.service.RewardsService         : nearAttraction called with Joshua Tree National Park
2023-01-19T23:17:18.322+01:00  INFO 2543 --- [ool-1-thread-48] tourGuide.service.RewardsService         : getDistance called
2023-01-19T23:17:18.322+01:00  INFO 2543 --- [ool-1-thread-48] tourGuide.service.RewardsService         : nearAttraction called with Buffalo National River
2023-01-19T23:17:18.322+01:00  INFO 2543 --- [ool-1-thread-48] tourGuide.service.RewardsService         : getDistance called
2023-01-19T23:17:18.322+01:00  INFO 2543 --- [ool-1-thread-48] tourGuide.service.RewardsService         : nearAttraction called with Hot Springs National Park
2023-01-19T23:17:18.322+01:00  INFO 2543 --- [ool-1-thread-48] tourGuide.service.RewardsService         : getDistance called
2023-01-19T23:17:18.322+01:00  INFO 2543 --- [ool-1-thread-48] tourGuide.service.RewardsService         : nearAttraction called with Kartchner Caverns State Park
2023-01-19T23:17:18.322+01:00  INFO 2543 --- [ool-1-thread-48] tourGuide.service.RewardsService         : getDistance called
2023-01-19T23:17:18.322+01:00  INFO 2543 --- [ool-1-thread-48] tourGuide.service.RewardsService         : nearAttraction called with Legend Valley
2023-01-19T23:17:18.322+01:00  INFO 2543 --- [ool-1-thread-48] tourGuide.service.RewardsService         : getDistance called
2023-01-19T23:17:18.322+01:00  INFO 2543 --- [ool-1-thread-48] tourGuide.service.RewardsService         : nearAttraction called with Flowers Bakery of London
2023-01-19T23:17:18.322+01:00  INFO 2543 --- [ool-1-thread-48] tourGuide.service.RewardsService         : getDistance called
2023-01-19T23:17:18.322+01:00  INFO 2543 --- [ool-1-thread-48] tourGuide.service.RewardsService         : nearAttraction called with McKinley Tower
2023-01-19T23:17:18.322+01:00  INFO 2543 --- [ool-1-thread-48] tourGuide.service.RewardsService         : getDistance called
2023-01-19T23:17:18.322+01:00  INFO 2543 --- [ool-1-thread-48] tourGuide.service.RewardsService         : nearAttraction called with Flatiron Building
2023-01-19T23:17:18.322+01:00  INFO 2543 --- [ool-1-thread-48] tourGuide.service.RewardsService         : getDistance called
2023-01-19T23:17:18.322+01:00  INFO 2543 --- [ool-1-thread-48] tourGuide.service.RewardsService         : nearAttraction called with Fallingwater
2023-01-19T23:17:18.322+01:00  INFO 2543 --- [ool-1-thread-48] tourGuide.service.RewardsService         : getDistance called
2023-01-19T23:17:18.322+01:00  INFO 2543 --- [ool-1-thread-48] tourGuide.service.RewardsService         : nearAttraction called with Union Station
2023-01-19T23:17:18.322+01:00  INFO 2543 --- [ool-1-thread-48] tourGuide.service.RewardsService         : getDistance called
2023-01-19T23:17:18.322+01:00  INFO 2543 --- [ool-1-thread-48] tourGuide.service.RewardsService         : nearAttraction called with Roger Dean Stadium
2023-01-19T23:17:18.322+01:00  INFO 2543 --- [ool-1-thread-48] tourGuide.service.RewardsService         : getDistance called
2023-01-19T23:17:18.322+01:00  INFO 2543 --- [ool-1-thread-48] tourGuide.service.RewardsService         : nearAttraction called with Texas Memorial Stadium
2023-01-19T23:17:18.322+01:00  INFO 2543 --- [ool-1-thread-48] tourGuide.service.RewardsService         : getDistance called
2023-01-19T23:17:18.322+01:00  INFO 2543 --- [ool-1-thread-48] tourGuide.service.RewardsService         : nearAttraction called with Bryant-Denny Stadium
2023-01-19T23:17:18.322+01:00  INFO 2543 --- [ool-1-thread-48] tourGuide.service.RewardsService         : getDistance called
2023-01-19T23:17:18.322+01:00  INFO 2543 --- [ool-1-thread-48] tourGuide.service.RewardsService         : nearAttraction called with Tiger Stadium
2023-01-19T23:17:18.322+01:00  INFO 2543 --- [ool-1-thread-48] tourGuide.service.RewardsService         : getDistance called
2023-01-19T23:17:18.322+01:00  INFO 2543 --- [ool-1-thread-48] tourGuide.service.RewardsService         : nearAttraction called with Neyland Stadium
2023-01-19T23:17:18.323+01:00  INFO 2543 --- [ool-1-thread-48] tourGuide.service.RewardsService         : getDistance called
2023-01-19T23:17:18.323+01:00  INFO 2543 --- [ool-1-thread-48] tourGuide.service.RewardsService         : nearAttraction called with Kyle Field
2023-01-19T23:17:18.323+01:00  INFO 2543 --- [ool-1-thread-48] tourGuide.service.RewardsService         : getDistance called
2023-01-19T23:17:18.323+01:00  INFO 2543 --- [ool-1-thread-48] tourGuide.service.RewardsService         : nearAttraction called with San Diego Zoo
2023-01-19T23:17:18.323+01:00  INFO 2543 --- [ool-1-thread-48] tourGuide.service.RewardsService         : getDistance called
2023-01-19T23:17:18.323+01:00  INFO 2543 --- [ool-1-thread-48] tourGuide.service.RewardsService         : nearAttraction called with Zoo Tampa at Lowry Park
2023-01-19T23:17:18.323+01:00  INFO 2543 --- [ool-1-thread-48] tourGuide.service.RewardsService         : getDistance called
2023-01-19T23:17:18.323+01:00  INFO 2543 --- [ool-1-thread-48] tourGuide.service.RewardsService         : nearAttraction called with Franklin Park Zoo
2023-01-19T23:17:18.323+01:00  INFO 2543 --- [ool-1-thread-48] tourGuide.service.RewardsService         : getDistance called
2023-01-19T23:17:18.323+01:00  INFO 2543 --- [ool-1-thread-48] tourGuide.service.RewardsService         : nearAttraction called with El Paso Zoo
2023-01-19T23:17:18.323+01:00  INFO 2543 --- [ool-1-thread-48] tourGuide.service.RewardsService         : getDistance called
2023-01-19T23:17:18.323+01:00  INFO 2543 --- [ool-1-thread-48] tourGuide.service.RewardsService         : nearAttraction called with Kansas City Zoo
2023-01-19T23:17:18.323+01:00  INFO 2543 --- [ool-1-thread-48] tourGuide.service.RewardsService         : getDistance called
2023-01-19T23:17:18.323+01:00  INFO 2543 --- [ool-1-thread-48] tourGuide.service.RewardsService         : nearAttraction called with Bronx Zoo
2023-01-19T23:17:18.323+01:00  INFO 2543 --- [ool-1-thread-48] tourGuide.service.RewardsService         : getDistance called
2023-01-19T23:17:18.323+01:00  INFO 2543 --- [ool-1-thread-48] tourGuide.service.RewardsService         : nearAttraction called with Cinderella Castle
2023-01-19T23:17:18.323+01:00  INFO 2543 --- [ool-1-thread-48] tourGuide.service.RewardsService         : getDistance called
2023-01-19T23:17:18.333+01:00  INFO 2543 --- [ool-1-thread-25] tourGuide.service.RewardsService         : nearAttraction called with Jackson Hole
2023-01-19T23:17:18.333+01:00  INFO 2543 --- [ool-1-thread-25] tourGuide.service.RewardsService         : getDistance called
2023-01-19T23:17:18.333+01:00  INFO 2543 --- [ool-1-thread-25] tourGuide.service.RewardsService         : nearAttraction called with Mojave National Preserve
2023-01-19T23:17:18.333+01:00  INFO 2543 --- [ool-1-thread-25] tourGuide.service.RewardsService         : getDistance called
2023-01-19T23:17:18.333+01:00  INFO 2543 --- [ool-1-thread-25] tourGuide.service.RewardsService         : nearAttraction called with Joshua Tree National Park
2023-01-19T23:17:18.333+01:00  INFO 2543 --- [ool-1-thread-25] tourGuide.service.RewardsService         : getDistance called
2023-01-19T23:17:18.333+01:00  INFO 2543 --- [ool-1-thread-25] tourGuide.service.RewardsService         : nearAttraction called with Buffalo National River
2023-01-19T23:17:18.333+01:00  INFO 2543 --- [ool-1-thread-25] tourGuide.service.RewardsService         : getDistance called
2023-01-19T23:17:18.333+01:00  INFO 2543 --- [ool-1-thread-25] tourGuide.service.RewardsService         : nearAttraction called with Hot Springs National Park
2023-01-19T23:17:18.333+01:00  INFO 2543 --- [ool-1-thread-25] tourGuide.service.RewardsService         : getDistance called
2023-01-19T23:17:18.333+01:00  INFO 2543 --- [ool-1-thread-25] tourGuide.service.RewardsService         : nearAttraction called with Kartchner Caverns State Park
2023-01-19T23:17:18.333+01:00  INFO 2543 --- [ool-1-thread-25] tourGuide.service.RewardsService         : getDistance called
2023-01-19T23:17:18.333+01:00  INFO 2543 --- [ool-1-thread-25] tourGuide.service.RewardsService         : nearAttraction called with Legend Valley
2023-01-19T23:17:18.333+01:00  INFO 2543 --- [ool-1-thread-25] tourGuide.service.RewardsService         : getDistance called
2023-01-19T23:17:18.333+01:00  INFO 2543 --- [ool-1-thread-25] tourGuide.service.RewardsService         : nearAttraction called with Flowers Bakery of London
2023-01-19T23:17:18.333+01:00  INFO 2543 --- [ool-1-thread-25] tourGuide.service.RewardsService         : getDistance called
2023-01-19T23:17:18.333+01:00  INFO 2543 --- [ool-1-thread-25] tourGuide.service.RewardsService         : nearAttraction called with McKinley Tower
2023-01-19T23:17:18.333+01:00  INFO 2543 --- [ool-1-thread-25] tourGuide.service.RewardsService         : getDistance called
2023-01-19T23:17:18.333+01:00  INFO 2543 --- [ool-1-thread-25] tourGuide.service.RewardsService         : nearAttraction called with Flatiron Building
2023-01-19T23:17:18.333+01:00  INFO 2543 --- [ool-1-thread-25] tourGuide.service.RewardsService         : getDistance called
2023-01-19T23:17:18.333+01:00  INFO 2543 --- [ool-1-thread-25] tourGuide.service.RewardsService         : nearAttraction called with Fallingwater
2023-01-19T23:17:18.333+01:00  INFO 2543 --- [ool-1-thread-25] tourGuide.service.RewardsService         : getDistance called
2023-01-19T23:17:18.333+01:00  INFO 2543 --- [ool-1-thread-25] tourGuide.service.RewardsService         : nearAttraction called with Union Station
2023-01-19T23:17:18.333+01:00  INFO 2543 --- [ool-1-thread-25] tourGuide.service.RewardsService         : getDistance called
2023-01-19T23:17:18.333+01:00  INFO 2543 --- [ool-1-thread-25] tourGuide.service.RewardsService         : nearAttraction called with Roger Dean Stadium
2023-01-19T23:17:18.333+01:00  INFO 2543 --- [ool-1-thread-25] tourGuide.service.RewardsService         : getDistance called
2023-01-19T23:17:18.333+01:00  INFO 2543 --- [ool-1-thread-25] tourGuide.service.RewardsService         : nearAttraction called with Texas Memorial Stadium
2023-01-19T23:17:18.333+01:00  INFO 2543 --- [ool-1-thread-25] tourGuide.service.RewardsService         : getDistance called
2023-01-19T23:17:18.333+01:00  INFO 2543 --- [ool-1-thread-25] tourGuide.service.RewardsService         : nearAttraction called with Bryant-Denny Stadium
2023-01-19T23:17:18.333+01:00  INFO 2543 --- [ool-1-thread-25] tourGuide.service.RewardsService         : getDistance called
2023-01-19T23:17:18.333+01:00  INFO 2543 --- [ool-1-thread-25] tourGuide.service.RewardsService         : nearAttraction called with Tiger Stadium
2023-01-19T23:17:18.333+01:00  INFO 2543 --- [ool-1-thread-25] tourGuide.service.RewardsService         : getDistance called
2023-01-19T23:17:18.333+01:00  INFO 2543 --- [ool-1-thread-25] tourGuide.service.RewardsService         : nearAttraction called with Neyland Stadium
2023-01-19T23:17:18.333+01:00  INFO 2543 --- [ool-1-thread-25] tourGuide.service.RewardsService         : getDistance called
2023-01-19T23:17:18.333+01:00  INFO 2543 --- [ool-1-thread-25] tourGuide.service.RewardsService         : nearAttraction called with Kyle Field
2023-01-19T23:17:18.333+01:00  INFO 2543 --- [ool-1-thread-25] tourGuide.service.RewardsService         : getDistance called
2023-01-19T23:17:18.333+01:00  INFO 2543 --- [ool-1-thread-25] tourGuide.service.RewardsService         : nearAttraction called with San Diego Zoo
2023-01-19T23:17:18.333+01:00  INFO 2543 --- [ool-1-thread-25] tourGuide.service.RewardsService         : getDistance called
2023-01-19T23:17:18.333+01:00  INFO 2543 --- [ool-1-thread-25] tourGuide.service.RewardsService         : nearAttraction called with Zoo Tampa at Lowry Park
2023-01-19T23:17:18.333+01:00  INFO 2543 --- [ool-1-thread-25] tourGuide.service.RewardsService         : getDistance called
2023-01-19T23:17:18.333+01:00  INFO 2543 --- [ool-1-thread-25] tourGuide.service.RewardsService         : nearAttraction called with Franklin Park Zoo
2023-01-19T23:17:18.334+01:00  INFO 2543 --- [ool-1-thread-25] tourGuide.service.RewardsService         : getDistance called
2023-01-19T23:17:18.334+01:00  INFO 2543 --- [ool-1-thread-25] tourGuide.service.RewardsService         : nearAttraction called with El Paso Zoo
2023-01-19T23:17:18.334+01:00  INFO 2543 --- [ool-1-thread-25] tourGuide.service.RewardsService         : getDistance called
2023-01-19T23:17:18.334+01:00  INFO 2543 --- [ool-1-thread-25] tourGuide.service.RewardsService         : nearAttraction called with Kansas City Zoo
2023-01-19T23:17:18.334+01:00  INFO 2543 --- [ool-1-thread-25] tourGuide.service.RewardsService         : getDistance called
2023-01-19T23:17:18.334+01:00  INFO 2543 --- [ool-1-thread-25] tourGuide.service.RewardsService         : nearAttraction called with Bronx Zoo
2023-01-19T23:17:18.334+01:00  INFO 2543 --- [ool-1-thread-25] tourGuide.service.RewardsService         : getDistance called
2023-01-19T23:17:18.334+01:00  INFO 2543 --- [ool-1-thread-25] tourGuide.service.RewardsService         : nearAttraction called with Cinderella Castle
2023-01-19T23:17:18.334+01:00  INFO 2543 --- [ool-1-thread-25] tourGuide.service.RewardsService         : getDistance called
2023-01-19T23:17:18.343+01:00  INFO 2543 --- [pool-1-thread-7] tourGuide.service.RewardsService         : nearAttraction called with Jackson Hole
2023-01-19T23:17:18.343+01:00  INFO 2543 --- [pool-1-thread-7] tourGuide.service.RewardsService         : getDistance called
2023-01-19T23:17:18.343+01:00  INFO 2543 --- [pool-1-thread-7] tourGuide.service.RewardsService         : nearAttraction called with Mojave National Preserve
2023-01-19T23:17:18.343+01:00  INFO 2543 --- [pool-1-thread-7] tourGuide.service.RewardsService         : getDistance called
2023-01-19T23:17:18.343+01:00  INFO 2543 --- [pool-1-thread-7] tourGuide.service.RewardsService         : nearAttraction called with Joshua Tree National Park
2023-01-19T23:17:18.343+01:00  INFO 2543 --- [pool-1-thread-7] tourGuide.service.RewardsService         : getDistance called
2023-01-19T23:17:18.343+01:00  INFO 2543 --- [pool-1-thread-7] tourGuide.service.RewardsService         : nearAttraction called with Buffalo National River
2023-01-19T23:17:18.343+01:00  INFO 2543 --- [pool-1-thread-7] tourGuide.service.RewardsService         : getDistance called
2023-01-19T23:17:18.343+01:00  INFO 2543 --- [pool-1-thread-7] tourGuide.service.RewardsService         : nearAttraction called with Hot Springs National Park
2023-01-19T23:17:18.343+01:00  INFO 2543 --- [pool-1-thread-7] tourGuide.service.RewardsService         : getDistance called
2023-01-19T23:17:18.343+01:00  INFO 2543 --- [pool-1-thread-2] tourGuide.service.RewardsService         : nearAttraction called with Jackson Hole
2023-01-19T23:17:18.343+01:00  INFO 2543 --- [pool-1-thread-7] tourGuide.service.RewardsService         : nearAttraction called with Kartchner Caverns State Park
2023-01-19T23:17:18.343+01:00  INFO 2543 --- [pool-1-thread-7] tourGuide.service.RewardsService         : getDistance called
2023-01-19T23:17:18.343+01:00  INFO 2543 --- [pool-1-thread-7] tourGuide.service.RewardsService         : nearAttraction called with Legend Valley
2023-01-19T23:17:18.343+01:00  INFO 2543 --- [pool-1-thread-7] tourGuide.service.RewardsService         : getDistance called
2023-01-19T23:17:18.343+01:00  INFO 2543 --- [pool-1-thread-2] tourGuide.service.RewardsService         : getDistance called
2023-01-19T23:17:18.344+01:00  INFO 2543 --- [pool-1-thread-7] tourGuide.service.RewardsService         : nearAttraction called with Flowers Bakery of London
2023-01-19T23:17:18.344+01:00  INFO 2543 --- [pool-1-thread-7] tourGuide.service.RewardsService         : getDistance called
2023-01-19T23:17:18.344+01:00  INFO 2543 --- [pool-1-thread-2] tourGuide.service.RewardsService         : nearAttraction called with Mojave National Preserve
2023-01-19T23:17:18.344+01:00  INFO 2543 --- [pool-1-thread-2] tourGuide.service.RewardsService         : getDistance called
2023-01-19T23:17:18.344+01:00  INFO 2543 --- [pool-1-thread-2] tourGuide.service.RewardsService         : nearAttraction called with Joshua Tree National Park
2023-01-19T23:17:18.344+01:00  INFO 2543 --- [pool-1-thread-2] tourGuide.service.RewardsService         : getDistance called
2023-01-19T23:17:18.344+01:00  INFO 2543 --- [pool-1-thread-7] tourGuide.service.RewardsService         : nearAttraction called with McKinley Tower
2023-01-19T23:17:18.344+01:00  INFO 2543 --- [pool-1-thread-2] tourGuide.service.RewardsService         : nearAttraction called with Buffalo National River
2023-01-19T23:17:18.344+01:00  INFO 2543 --- [pool-1-thread-7] tourGuide.service.RewardsService         : getDistance called
2023-01-19T23:17:18.344+01:00  INFO 2543 --- [pool-1-thread-2] tourGuide.service.RewardsService         : getDistance called
2023-01-19T23:17:18.344+01:00  INFO 2543 --- [pool-1-thread-7] tourGuide.service.RewardsService         : nearAttraction called with Flatiron Building
2023-01-19T23:17:18.344+01:00  INFO 2543 --- [pool-1-thread-2] tourGuide.service.RewardsService         : nearAttraction called with Hot Springs National Park
2023-01-19T23:17:18.344+01:00  INFO 2543 --- [pool-1-thread-7] tourGuide.service.RewardsService         : getDistance called
2023-01-19T23:17:18.344+01:00  INFO 2543 --- [pool-1-thread-2] tourGuide.service.RewardsService         : getDistance called
2023-01-19T23:17:18.344+01:00  INFO 2543 --- [pool-1-thread-7] tourGuide.service.RewardsService         : nearAttraction called with Fallingwater
2023-01-19T23:17:18.344+01:00  INFO 2543 --- [pool-1-thread-7] tourGuide.service.RewardsService         : getDistance called
2023-01-19T23:17:18.344+01:00  INFO 2543 --- [pool-1-thread-7] tourGuide.service.RewardsService         : nearAttraction called with Union Station
2023-01-19T23:17:18.344+01:00  INFO 2543 --- [pool-1-thread-2] tourGuide.service.RewardsService         : nearAttraction called with Kartchner Caverns State Park
2023-01-19T23:17:18.344+01:00  INFO 2543 --- [pool-1-thread-7] tourGuide.service.RewardsService         : getDistance called
2023-01-19T23:17:18.344+01:00  INFO 2543 --- [pool-1-thread-2] tourGuide.service.RewardsService         : getDistance called
2023-01-19T23:17:18.344+01:00  INFO 2543 --- [pool-1-thread-7] tourGuide.service.RewardsService         : nearAttraction called with Roger Dean Stadium
2023-01-19T23:17:18.344+01:00  INFO 2543 --- [pool-1-thread-7] tourGuide.service.RewardsService         : getDistance called
2023-01-19T23:17:18.344+01:00  INFO 2543 --- [pool-1-thread-7] tourGuide.service.RewardsService         : nearAttraction called with Texas Memorial Stadium
2023-01-19T23:17:18.344+01:00  INFO 2543 --- [pool-1-thread-7] tourGuide.service.RewardsService         : getDistance called
2023-01-19T23:17:18.344+01:00  INFO 2543 --- [pool-1-thread-2] tourGuide.service.RewardsService         : nearAttraction called with Legend Valley
2023-01-19T23:17:18.344+01:00  INFO 2543 --- [pool-1-thread-7] tourGuide.service.RewardsService         : nearAttraction called with Bryant-Denny Stadium
2023-01-19T23:17:18.344+01:00  INFO 2543 --- [pool-1-thread-2] tourGuide.service.RewardsService         : getDistance called
2023-01-19T23:17:18.344+01:00  INFO 2543 --- [pool-1-thread-7] tourGuide.service.RewardsService         : getDistance called
2023-01-19T23:17:18.344+01:00  INFO 2543 --- [pool-1-thread-2] tourGuide.service.RewardsService         : nearAttraction called with Flowers Bakery of London
2023-01-19T23:17:18.344+01:00  INFO 2543 --- [pool-1-thread-7] tourGuide.service.RewardsService         : nearAttraction called with Tiger Stadium
2023-01-19T23:17:18.344+01:00  INFO 2543 --- [pool-1-thread-2] tourGuide.service.RewardsService         : getDistance called
2023-01-19T23:17:18.344+01:00  INFO 2543 --- [pool-1-thread-7] tourGuide.service.RewardsService         : getDistance called
2023-01-19T23:17:18.344+01:00  INFO 2543 --- [pool-1-thread-2] tourGuide.service.RewardsService         : nearAttraction called with McKinley Tower
2023-01-19T23:17:18.344+01:00  INFO 2543 --- [pool-1-thread-2] tourGuide.service.RewardsService         : getDistance called
2023-01-19T23:17:18.344+01:00  INFO 2543 --- [pool-1-thread-7] tourGuide.service.RewardsService         : nearAttraction called with Neyland Stadium
2023-01-19T23:17:18.344+01:00  INFO 2543 --- [pool-1-thread-2] tourGuide.service.RewardsService         : nearAttraction called with Flatiron Building
2023-01-19T23:17:18.344+01:00  INFO 2543 --- [pool-1-thread-2] tourGuide.service.RewardsService         : getDistance called
2023-01-19T23:17:18.344+01:00  INFO 2543 --- [pool-1-thread-7] tourGuide.service.RewardsService         : getDistance called
2023-01-19T23:17:18.344+01:00  INFO 2543 --- [pool-1-thread-2] tourGuide.service.RewardsService         : nearAttraction called with Fallingwater
2023-01-19T23:17:18.344+01:00  INFO 2543 --- [pool-1-thread-2] tourGuide.service.RewardsService         : getDistance called
2023-01-19T23:17:18.344+01:00  INFO 2543 --- [pool-1-thread-7] tourGuide.service.RewardsService         : nearAttraction called with Kyle Field
2023-01-19T23:17:18.344+01:00  INFO 2543 --- [pool-1-thread-2] tourGuide.service.RewardsService         : nearAttraction called with Union Station
2023-01-19T23:17:18.344+01:00  INFO 2543 --- [pool-1-thread-7] tourGuide.service.RewardsService         : getDistance called
2023-01-19T23:17:18.344+01:00  INFO 2543 --- [pool-1-thread-2] tourGuide.service.RewardsService         : getDistance called
2023-01-19T23:17:18.344+01:00  INFO 2543 --- [pool-1-thread-7] tourGuide.service.RewardsService         : nearAttraction called with San Diego Zoo
2023-01-19T23:17:18.344+01:00  INFO 2543 --- [pool-1-thread-2] tourGuide.service.RewardsService         : nearAttraction called with Roger Dean Stadium
2023-01-19T23:17:18.344+01:00  INFO 2543 --- [pool-1-thread-7] tourGuide.service.RewardsService         : getDistance called
2023-01-19T23:17:18.344+01:00  INFO 2543 --- [pool-1-thread-2] tourGuide.service.RewardsService         : getDistance called
2023-01-19T23:17:18.344+01:00  INFO 2543 --- [pool-1-thread-7] tourGuide.service.RewardsService         : nearAttraction called with Zoo Tampa at Lowry Park
2023-01-19T23:17:18.344+01:00  INFO 2543 --- [pool-1-thread-2] tourGuide.service.RewardsService         : nearAttraction called with Texas Memorial Stadium
2023-01-19T23:17:18.344+01:00  INFO 2543 --- [pool-1-thread-7] tourGuide.service.RewardsService         : getDistance called
2023-01-19T23:17:18.344+01:00  INFO 2543 --- [pool-1-thread-2] tourGuide.service.RewardsService         : getDistance called
2023-01-19T23:17:18.344+01:00  INFO 2543 --- [pool-1-thread-7] tourGuide.service.RewardsService         : nearAttraction called with Franklin Park Zoo
2023-01-19T23:17:18.344+01:00  INFO 2543 --- [pool-1-thread-2] tourGuide.service.RewardsService         : nearAttraction called with Bryant-Denny Stadium
2023-01-19T23:17:18.344+01:00  INFO 2543 --- [pool-1-thread-7] tourGuide.service.RewardsService         : getDistance called
2023-01-19T23:17:18.344+01:00  INFO 2543 --- [pool-1-thread-2] tourGuide.service.RewardsService         : getDistance called
2023-01-19T23:17:18.344+01:00  INFO 2543 --- [pool-1-thread-7] tourGuide.service.RewardsService         : nearAttraction called with El Paso Zoo
2023-01-19T23:17:18.344+01:00  INFO 2543 --- [pool-1-thread-2] tourGuide.service.RewardsService         : nearAttraction called with Tiger Stadium
2023-01-19T23:17:18.344+01:00  INFO 2543 --- [pool-1-thread-7] tourGuide.service.RewardsService         : getDistance called
2023-01-19T23:17:18.344+01:00  INFO 2543 --- [pool-1-thread-2] tourGuide.service.RewardsService         : getDistance called
2023-01-19T23:17:18.344+01:00  INFO 2543 --- [pool-1-thread-7] tourGuide.service.RewardsService         : nearAttraction called with Kansas City Zoo
2023-01-19T23:17:18.345+01:00  INFO 2543 --- [pool-1-thread-2] tourGuide.service.RewardsService         : nearAttraction called with Neyland Stadium
2023-01-19T23:17:18.345+01:00  INFO 2543 --- [pool-1-thread-7] tourGuide.service.RewardsService         : getDistance called
2023-01-19T23:17:18.345+01:00  INFO 2543 --- [pool-1-thread-2] tourGuide.service.RewardsService         : getDistance called
2023-01-19T23:17:18.345+01:00  INFO 2543 --- [pool-1-thread-7] tourGuide.service.RewardsService         : nearAttraction called with Bronx Zoo
2023-01-19T23:17:18.345+01:00  INFO 2543 --- [pool-1-thread-2] tourGuide.service.RewardsService         : nearAttraction called with Kyle Field
2023-01-19T23:17:18.345+01:00  INFO 2543 --- [pool-1-thread-7] tourGuide.service.RewardsService         : getDistance called
2023-01-19T23:17:18.345+01:00  INFO 2543 --- [pool-1-thread-2] tourGuide.service.RewardsService         : getDistance called
2023-01-19T23:17:18.345+01:00  INFO 2543 --- [pool-1-thread-7] tourGuide.service.RewardsService         : nearAttraction called with Cinderella Castle
2023-01-19T23:17:18.345+01:00  INFO 2543 --- [pool-1-thread-2] tourGuide.service.RewardsService         : nearAttraction called with San Diego Zoo
2023-01-19T23:17:18.345+01:00  INFO 2543 --- [pool-1-thread-7] tourGuide.service.RewardsService         : getDistance called
2023-01-19T23:17:18.345+01:00  INFO 2543 --- [pool-1-thread-2] tourGuide.service.RewardsService         : getDistance called
2023-01-19T23:17:18.345+01:00  INFO 2543 --- [pool-1-thread-2] tourGuide.service.RewardsService         : nearAttraction called with Zoo Tampa at Lowry Park
2023-01-19T23:17:18.345+01:00  INFO 2543 --- [pool-1-thread-2] tourGuide.service.RewardsService         : getDistance called
2023-01-19T23:17:18.345+01:00  INFO 2543 --- [pool-1-thread-2] tourGuide.service.RewardsService         : nearAttraction called with Franklin Park Zoo
2023-01-19T23:17:18.345+01:00  INFO 2543 --- [pool-1-thread-2] tourGuide.service.RewardsService         : getDistance called
2023-01-19T23:17:18.345+01:00  INFO 2543 --- [pool-1-thread-2] tourGuide.service.RewardsService         : nearAttraction called with El Paso Zoo
2023-01-19T23:17:18.345+01:00  INFO 2543 --- [pool-1-thread-2] tourGuide.service.RewardsService         : getDistance called
2023-01-19T23:17:18.345+01:00  INFO 2543 --- [pool-1-thread-2] tourGuide.service.RewardsService         : nearAttraction called with Kansas City Zoo
2023-01-19T23:17:18.345+01:00  INFO 2543 --- [pool-1-thread-2] tourGuide.service.RewardsService         : getDistance called
2023-01-19T23:17:18.345+01:00  INFO 2543 --- [pool-1-thread-2] tourGuide.service.RewardsService         : nearAttraction called with Bronx Zoo
2023-01-19T23:17:18.345+01:00  INFO 2543 --- [pool-1-thread-2] tourGuide.service.RewardsService         : getDistance called
2023-01-19T23:17:18.345+01:00  INFO 2543 --- [pool-1-thread-2] tourGuide.service.RewardsService         : nearAttraction called with Cinderella Castle
2023-01-19T23:17:18.345+01:00  INFO 2543 --- [pool-1-thread-2] tourGuide.service.RewardsService         : getDistance called
2023-01-19T23:17:18.381+01:00  INFO 2543 --- [pool-1-thread-6] tourGuide.service.RewardsService         : nearAttraction called with Jackson Hole
2023-01-19T23:17:18.381+01:00  INFO 2543 --- [pool-1-thread-6] tourGuide.service.RewardsService         : getDistance called
2023-01-19T23:17:18.381+01:00  INFO 2543 --- [pool-1-thread-6] tourGuide.service.RewardsService         : nearAttraction called with Mojave National Preserve
2023-01-19T23:17:18.381+01:00  INFO 2543 --- [pool-1-thread-6] tourGuide.service.RewardsService         : getDistance called
2023-01-19T23:17:18.381+01:00  INFO 2543 --- [pool-1-thread-6] tourGuide.service.RewardsService         : nearAttraction called with Joshua Tree National Park
2023-01-19T23:17:18.381+01:00  INFO 2543 --- [pool-1-thread-6] tourGuide.service.RewardsService         : getDistance called
2023-01-19T23:17:18.381+01:00  INFO 2543 --- [pool-1-thread-6] tourGuide.service.RewardsService         : nearAttraction called with Buffalo National River
2023-01-19T23:17:18.381+01:00  INFO 2543 --- [pool-1-thread-6] tourGuide.service.RewardsService         : getDistance called
2023-01-19T23:17:18.381+01:00  INFO 2543 --- [pool-1-thread-6] tourGuide.service.RewardsService         : nearAttraction called with Hot Springs National Park
2023-01-19T23:17:18.381+01:00  INFO 2543 --- [pool-1-thread-6] tourGuide.service.RewardsService         : getDistance called
2023-01-19T23:17:18.381+01:00  INFO 2543 --- [pool-1-thread-6] tourGuide.service.RewardsService         : nearAttraction called with Kartchner Caverns State Park
2023-01-19T23:17:18.381+01:00  INFO 2543 --- [pool-1-thread-6] tourGuide.service.RewardsService         : getDistance called
2023-01-19T23:17:18.381+01:00  INFO 2543 --- [pool-1-thread-6] tourGuide.service.RewardsService         : nearAttraction called with Legend Valley
2023-01-19T23:17:18.381+01:00  INFO 2543 --- [pool-1-thread-6] tourGuide.service.RewardsService         : getDistance called
2023-01-19T23:17:18.381+01:00  INFO 2543 --- [pool-1-thread-6] tourGuide.service.RewardsService         : nearAttraction called with Flowers Bakery of London
2023-01-19T23:17:18.381+01:00  INFO 2543 --- [pool-1-thread-6] tourGuide.service.RewardsService         : getDistance called
2023-01-19T23:17:18.381+01:00  INFO 2543 --- [pool-1-thread-6] tourGuide.service.RewardsService         : nearAttraction called with McKinley Tower
2023-01-19T23:17:18.381+01:00  INFO 2543 --- [pool-1-thread-6] tourGuide.service.RewardsService         : getDistance called
2023-01-19T23:17:18.381+01:00  INFO 2543 --- [pool-1-thread-6] tourGuide.service.RewardsService         : nearAttraction called with Flatiron Building
2023-01-19T23:17:18.381+01:00  INFO 2543 --- [pool-1-thread-6] tourGuide.service.RewardsService         : getDistance called
2023-01-19T23:17:18.381+01:00  INFO 2543 --- [pool-1-thread-6] tourGuide.service.RewardsService         : nearAttraction called with Fallingwater
2023-01-19T23:17:18.381+01:00  INFO 2543 --- [pool-1-thread-6] tourGuide.service.RewardsService         : getDistance called
2023-01-19T23:17:18.381+01:00  INFO 2543 --- [pool-1-thread-6] tourGuide.service.RewardsService         : nearAttraction called with Union Station
2023-01-19T23:17:18.382+01:00  INFO 2543 --- [pool-1-thread-6] tourGuide.service.RewardsService         : getDistance called
2023-01-19T23:17:18.382+01:00  INFO 2543 --- [pool-1-thread-6] tourGuide.service.RewardsService         : nearAttraction called with Roger Dean Stadium
2023-01-19T23:17:18.382+01:00  INFO 2543 --- [pool-1-thread-6] tourGuide.service.RewardsService         : getDistance called
2023-01-19T23:17:18.382+01:00  INFO 2543 --- [pool-1-thread-6] tourGuide.service.RewardsService         : nearAttraction called with Texas Memorial Stadium
2023-01-19T23:17:18.382+01:00  INFO 2543 --- [pool-1-thread-6] tourGuide.service.RewardsService         : getDistance called
2023-01-19T23:17:18.382+01:00  INFO 2543 --- [pool-1-thread-6] tourGuide.service.RewardsService         : nearAttraction called with Bryant-Denny Stadium
2023-01-19T23:17:18.382+01:00  INFO 2543 --- [pool-1-thread-6] tourGuide.service.RewardsService         : getDistance called
2023-01-19T23:17:18.382+01:00  INFO 2543 --- [pool-1-thread-6] tourGuide.service.RewardsService         : nearAttraction called with Tiger Stadium
2023-01-19T23:17:18.382+01:00  INFO 2543 --- [pool-1-thread-6] tourGuide.service.RewardsService         : getDistance called
2023-01-19T23:17:18.382+01:00  INFO 2543 --- [pool-1-thread-6] tourGuide.service.RewardsService         : nearAttraction called with Neyland Stadium
2023-01-19T23:17:18.382+01:00  INFO 2543 --- [pool-1-thread-6] tourGuide.service.RewardsService         : getDistance called
2023-01-19T23:17:18.382+01:00  INFO 2543 --- [pool-1-thread-6] tourGuide.service.RewardsService         : nearAttraction called with Kyle Field
2023-01-19T23:17:18.382+01:00  INFO 2543 --- [pool-1-thread-6] tourGuide.service.RewardsService         : getDistance called
2023-01-19T23:17:18.382+01:00  INFO 2543 --- [pool-1-thread-6] tourGuide.service.RewardsService         : nearAttraction called with San Diego Zoo
2023-01-19T23:17:18.382+01:00  INFO 2543 --- [pool-1-thread-6] tourGuide.service.RewardsService         : getDistance called
2023-01-19T23:17:18.382+01:00  INFO 2543 --- [pool-1-thread-6] tourGuide.service.RewardsService         : nearAttraction called with Zoo Tampa at Lowry Park
2023-01-19T23:17:18.382+01:00  INFO 2543 --- [pool-1-thread-6] tourGuide.service.RewardsService         : getDistance called
2023-01-19T23:17:18.382+01:00  INFO 2543 --- [pool-1-thread-6] tourGuide.service.RewardsService         : nearAttraction called with Franklin Park Zoo
2023-01-19T23:17:18.382+01:00  INFO 2543 --- [pool-1-thread-6] tourGuide.service.RewardsService         : getDistance called
2023-01-19T23:17:18.382+01:00  INFO 2543 --- [pool-1-thread-6] tourGuide.service.RewardsService         : nearAttraction called with El Paso Zoo
2023-01-19T23:17:18.382+01:00  INFO 2543 --- [pool-1-thread-6] tourGuide.service.RewardsService         : getDistance called
2023-01-19T23:17:18.382+01:00  INFO 2543 --- [pool-1-thread-6] tourGuide.service.RewardsService         : nearAttraction called with Kansas City Zoo
2023-01-19T23:17:18.382+01:00  INFO 2543 --- [pool-1-thread-6] tourGuide.service.RewardsService         : getDistance called
2023-01-19T23:17:18.382+01:00  INFO 2543 --- [pool-1-thread-6] tourGuide.service.RewardsService         : nearAttraction called with Bronx Zoo
2023-01-19T23:17:18.382+01:00  INFO 2543 --- [pool-1-thread-6] tourGuide.service.RewardsService         : getDistance called
2023-01-19T23:17:18.382+01:00  INFO 2543 --- [pool-1-thread-6] tourGuide.service.RewardsService         : nearAttraction called with Cinderella Castle
2023-01-19T23:17:18.382+01:00  INFO 2543 --- [pool-1-thread-6] tourGuide.service.RewardsService         : getDistance called
2023-01-19T23:17:18.390+01:00  INFO 2543 --- [ool-1-thread-38] tourGuide.service.RewardsService         : nearAttraction called with Jackson Hole
2023-01-19T23:17:18.390+01:00  INFO 2543 --- [ool-1-thread-38] tourGuide.service.RewardsService         : getDistance called
2023-01-19T23:17:18.390+01:00  INFO 2543 --- [ool-1-thread-38] tourGuide.service.RewardsService         : nearAttraction called with Mojave National Preserve
2023-01-19T23:17:18.390+01:00  INFO 2543 --- [ool-1-thread-38] tourGuide.service.RewardsService         : getDistance called
2023-01-19T23:17:18.390+01:00  INFO 2543 --- [ool-1-thread-38] tourGuide.service.RewardsService         : nearAttraction called with Joshua Tree National Park
2023-01-19T23:17:18.390+01:00  INFO 2543 --- [ool-1-thread-38] tourGuide.service.RewardsService         : getDistance called
2023-01-19T23:17:18.390+01:00  INFO 2543 --- [ool-1-thread-38] tourGuide.service.RewardsService         : nearAttraction called with Buffalo National River
2023-01-19T23:17:18.390+01:00  INFO 2543 --- [ool-1-thread-38] tourGuide.service.RewardsService         : getDistance called
2023-01-19T23:17:18.390+01:00  INFO 2543 --- [ool-1-thread-38] tourGuide.service.RewardsService         : nearAttraction called with Hot Springs National Park
2023-01-19T23:17:18.390+01:00  INFO 2543 --- [ool-1-thread-38] tourGuide.service.RewardsService         : getDistance called
2023-01-19T23:17:18.390+01:00  INFO 2543 --- [ool-1-thread-38] tourGuide.service.RewardsService         : nearAttraction called with Kartchner Caverns State Park
2023-01-19T23:17:18.391+01:00  INFO 2543 --- [ool-1-thread-38] tourGuide.service.RewardsService         : getDistance called
2023-01-19T23:17:18.391+01:00  INFO 2543 --- [ool-1-thread-38] tourGuide.service.RewardsService         : nearAttraction called with Legend Valley
2023-01-19T23:17:18.391+01:00  INFO 2543 --- [ool-1-thread-38] tourGuide.service.RewardsService         : getDistance called
2023-01-19T23:17:18.391+01:00  INFO 2543 --- [ool-1-thread-38] tourGuide.service.RewardsService         : nearAttraction called with Flowers Bakery of London
2023-01-19T23:17:18.391+01:00  INFO 2543 --- [ool-1-thread-38] tourGuide.service.RewardsService         : getDistance called
2023-01-19T23:17:18.391+01:00  INFO 2543 --- [ool-1-thread-38] tourGuide.service.RewardsService         : nearAttraction called with McKinley Tower
2023-01-19T23:17:18.391+01:00  INFO 2543 --- [ool-1-thread-38] tourGuide.service.RewardsService         : getDistance called
2023-01-19T23:17:18.391+01:00  INFO 2543 --- [ool-1-thread-38] tourGuide.service.RewardsService         : nearAttraction called with Flatiron Building
2023-01-19T23:17:18.391+01:00  INFO 2543 --- [ool-1-thread-38] tourGuide.service.RewardsService         : getDistance called
2023-01-19T23:17:18.391+01:00  INFO 2543 --- [ool-1-thread-38] tourGuide.service.RewardsService         : nearAttraction called with Fallingwater
2023-01-19T23:17:18.391+01:00  INFO 2543 --- [ool-1-thread-38] tourGuide.service.RewardsService         : getDistance called
2023-01-19T23:17:18.391+01:00  INFO 2543 --- [ool-1-thread-38] tourGuide.service.RewardsService         : nearAttraction called with Union Station
2023-01-19T23:17:18.391+01:00  INFO 2543 --- [ool-1-thread-38] tourGuide.service.RewardsService         : getDistance called
2023-01-19T23:17:18.391+01:00  INFO 2543 --- [ool-1-thread-38] tourGuide.service.RewardsService         : nearAttraction called with Roger Dean Stadium
2023-01-19T23:17:18.391+01:00  INFO 2543 --- [ool-1-thread-38] tourGuide.service.RewardsService         : getDistance called
2023-01-19T23:17:18.391+01:00  INFO 2543 --- [ool-1-thread-38] tourGuide.service.RewardsService         : nearAttraction called with Texas Memorial Stadium
2023-01-19T23:17:18.391+01:00  INFO 2543 --- [ool-1-thread-38] tourGuide.service.RewardsService         : getDistance called
2023-01-19T23:17:18.391+01:00  INFO 2543 --- [ool-1-thread-38] tourGuide.service.RewardsService         : nearAttraction called with Bryant-Denny Stadium
2023-01-19T23:17:18.391+01:00  INFO 2543 --- [ool-1-thread-38] tourGuide.service.RewardsService         : getDistance called
2023-01-19T23:17:18.391+01:00  INFO 2543 --- [ool-1-thread-38] tourGuide.service.RewardsService         : nearAttraction called with Tiger Stadium
2023-01-19T23:17:18.391+01:00  INFO 2543 --- [ool-1-thread-38] tourGuide.service.RewardsService         : getDistance called
2023-01-19T23:17:18.391+01:00  INFO 2543 --- [ool-1-thread-38] tourGuide.service.RewardsService         : nearAttraction called with Neyland Stadium
2023-01-19T23:17:18.391+01:00  INFO 2543 --- [ool-1-thread-38] tourGuide.service.RewardsService         : getDistance called
2023-01-19T23:17:18.391+01:00  INFO 2543 --- [ool-1-thread-38] tourGuide.service.RewardsService         : nearAttraction called with Kyle Field
2023-01-19T23:17:18.391+01:00  INFO 2543 --- [ool-1-thread-38] tourGuide.service.RewardsService         : getDistance called
2023-01-19T23:17:18.391+01:00  INFO 2543 --- [ool-1-thread-38] tourGuide.service.RewardsService         : nearAttraction called with San Diego Zoo
2023-01-19T23:17:18.391+01:00  INFO 2543 --- [ool-1-thread-38] tourGuide.service.RewardsService         : getDistance called
2023-01-19T23:17:18.391+01:00  INFO 2543 --- [ool-1-thread-38] tourGuide.service.RewardsService         : nearAttraction called with Zoo Tampa at Lowry Park
2023-01-19T23:17:18.391+01:00  INFO 2543 --- [ool-1-thread-38] tourGuide.service.RewardsService         : getDistance called
2023-01-19T23:17:18.391+01:00  INFO 2543 --- [ool-1-thread-38] tourGuide.service.RewardsService         : nearAttraction called with Franklin Park Zoo
2023-01-19T23:17:18.391+01:00  INFO 2543 --- [ool-1-thread-38] tourGuide.service.RewardsService         : getDistance called
2023-01-19T23:17:18.391+01:00  INFO 2543 --- [ool-1-thread-38] tourGuide.service.RewardsService         : nearAttraction called with El Paso Zoo
2023-01-19T23:17:18.391+01:00  INFO 2543 --- [ool-1-thread-38] tourGuide.service.RewardsService         : getDistance called
2023-01-19T23:17:18.391+01:00  INFO 2543 --- [ool-1-thread-38] tourGuide.service.RewardsService         : nearAttraction called with Kansas City Zoo
2023-01-19T23:17:18.391+01:00  INFO 2543 --- [ool-1-thread-38] tourGuide.service.RewardsService         : getDistance called
2023-01-19T23:17:18.391+01:00  INFO 2543 --- [ool-1-thread-38] tourGuide.service.RewardsService         : nearAttraction called with Bronx Zoo
2023-01-19T23:17:18.391+01:00  INFO 2543 --- [ool-1-thread-38] tourGuide.service.RewardsService         : getDistance called
2023-01-19T23:17:18.391+01:00  INFO 2543 --- [ool-1-thread-38] tourGuide.service.RewardsService         : nearAttraction called with Cinderella Castle
2023-01-19T23:17:18.391+01:00  INFO 2543 --- [ool-1-thread-38] tourGuide.service.RewardsService         : getDistance called
2023-01-19T23:17:18.448+01:00  INFO 2543 --- [ool-1-thread-70] tourGuide.service.RewardsService         : nearAttraction called with Jackson Hole
2023-01-19T23:17:18.448+01:00  INFO 2543 --- [ool-1-thread-70] tourGuide.service.RewardsService         : getDistance called
2023-01-19T23:17:18.448+01:00  INFO 2543 --- [ool-1-thread-70] tourGuide.service.RewardsService         : nearAttraction called with Mojave National Preserve
2023-01-19T23:17:18.448+01:00  INFO 2543 --- [ool-1-thread-70] tourGuide.service.RewardsService         : getDistance called
2023-01-19T23:17:18.448+01:00  INFO 2543 --- [ool-1-thread-70] tourGuide.service.RewardsService         : nearAttraction called with Joshua Tree National Park
2023-01-19T23:17:18.448+01:00  INFO 2543 --- [ool-1-thread-70] tourGuide.service.RewardsService         : getDistance called
2023-01-19T23:17:18.448+01:00  INFO 2543 --- [ool-1-thread-70] tourGuide.service.RewardsService         : nearAttraction called with Buffalo National River
2023-01-19T23:17:18.448+01:00  INFO 2543 --- [ool-1-thread-70] tourGuide.service.RewardsService         : getDistance called
2023-01-19T23:17:18.448+01:00  INFO 2543 --- [ool-1-thread-70] tourGuide.service.RewardsService         : nearAttraction called with Hot Springs National Park
2023-01-19T23:17:18.448+01:00  INFO 2543 --- [ool-1-thread-70] tourGuide.service.RewardsService         : getDistance called
2023-01-19T23:17:18.448+01:00  INFO 2543 --- [ool-1-thread-70] tourGuide.service.RewardsService         : nearAttraction called with Kartchner Caverns State Park
2023-01-19T23:17:18.448+01:00  INFO 2543 --- [ool-1-thread-70] tourGuide.service.RewardsService         : getDistance called
2023-01-19T23:17:18.448+01:00  INFO 2543 --- [ool-1-thread-70] tourGuide.service.RewardsService         : nearAttraction called with Legend Valley
2023-01-19T23:17:18.448+01:00  INFO 2543 --- [ool-1-thread-70] tourGuide.service.RewardsService         : getDistance called
2023-01-19T23:17:18.448+01:00  INFO 2543 --- [ool-1-thread-70] tourGuide.service.RewardsService         : nearAttraction called with Flowers Bakery of London
2023-01-19T23:17:18.448+01:00  INFO 2543 --- [ool-1-thread-70] tourGuide.service.RewardsService         : getDistance called
2023-01-19T23:17:18.448+01:00  INFO 2543 --- [ool-1-thread-70] tourGuide.service.RewardsService         : nearAttraction called with McKinley Tower
2023-01-19T23:17:18.448+01:00  INFO 2543 --- [ool-1-thread-70] tourGuide.service.RewardsService         : getDistance called
2023-01-19T23:17:18.448+01:00  INFO 2543 --- [ool-1-thread-70] tourGuide.service.RewardsService         : nearAttraction called with Flatiron Building
2023-01-19T23:17:18.448+01:00  INFO 2543 --- [ool-1-thread-70] tourGuide.service.RewardsService         : getDistance called
2023-01-19T23:17:18.448+01:00  INFO 2543 --- [ool-1-thread-70] tourGuide.service.RewardsService         : nearAttraction called with Fallingwater
2023-01-19T23:17:18.448+01:00  INFO 2543 --- [ool-1-thread-70] tourGuide.service.RewardsService         : getDistance called
2023-01-19T23:17:18.448+01:00  INFO 2543 --- [ool-1-thread-70] tourGuide.service.RewardsService         : nearAttraction called with Union Station
2023-01-19T23:17:18.448+01:00  INFO 2543 --- [ool-1-thread-70] tourGuide.service.RewardsService         : getDistance called
2023-01-19T23:17:18.448+01:00  INFO 2543 --- [ool-1-thread-70] tourGuide.service.RewardsService         : nearAttraction called with Roger Dean Stadium
2023-01-19T23:17:18.448+01:00  INFO 2543 --- [ool-1-thread-70] tourGuide.service.RewardsService         : getDistance called
2023-01-19T23:17:18.448+01:00  INFO 2543 --- [ool-1-thread-70] tourGuide.service.RewardsService         : nearAttraction called with Texas Memorial Stadium
2023-01-19T23:17:18.448+01:00  INFO 2543 --- [ool-1-thread-70] tourGuide.service.RewardsService         : getDistance called
2023-01-19T23:17:18.448+01:00  INFO 2543 --- [ool-1-thread-70] tourGuide.service.RewardsService         : nearAttraction called with Bryant-Denny Stadium
2023-01-19T23:17:18.448+01:00  INFO 2543 --- [ool-1-thread-70] tourGuide.service.RewardsService         : getDistance called
2023-01-19T23:17:18.448+01:00  INFO 2543 --- [ool-1-thread-70] tourGuide.service.RewardsService         : nearAttraction called with Tiger Stadium
2023-01-19T23:17:18.448+01:00  INFO 2543 --- [ool-1-thread-70] tourGuide.service.RewardsService         : getDistance called
2023-01-19T23:17:18.449+01:00  INFO 2543 --- [ool-1-thread-70] tourGuide.service.RewardsService         : nearAttraction called with Neyland Stadium
2023-01-19T23:17:18.449+01:00  INFO 2543 --- [ool-1-thread-70] tourGuide.service.RewardsService         : getDistance called
2023-01-19T23:17:18.449+01:00  INFO 2543 --- [ool-1-thread-70] tourGuide.service.RewardsService         : nearAttraction called with Kyle Field
2023-01-19T23:17:18.449+01:00  INFO 2543 --- [ool-1-thread-70] tourGuide.service.RewardsService         : getDistance called
2023-01-19T23:17:18.449+01:00  INFO 2543 --- [ool-1-thread-70] tourGuide.service.RewardsService         : nearAttraction called with San Diego Zoo
2023-01-19T23:17:18.449+01:00  INFO 2543 --- [ool-1-thread-70] tourGuide.service.RewardsService         : getDistance called
2023-01-19T23:17:18.449+01:00  INFO 2543 --- [ool-1-thread-70] tourGuide.service.RewardsService         : nearAttraction called with Zoo Tampa at Lowry Park
2023-01-19T23:17:18.449+01:00  INFO 2543 --- [ool-1-thread-70] tourGuide.service.RewardsService         : getDistance called
2023-01-19T23:17:18.449+01:00  INFO 2543 --- [ool-1-thread-70] tourGuide.service.RewardsService         : nearAttraction called with Franklin Park Zoo
2023-01-19T23:17:18.449+01:00  INFO 2543 --- [ool-1-thread-70] tourGuide.service.RewardsService         : getDistance called
2023-01-19T23:17:18.449+01:00  INFO 2543 --- [ool-1-thread-70] tourGuide.service.RewardsService         : nearAttraction called with El Paso Zoo
2023-01-19T23:17:18.449+01:00  INFO 2543 --- [ool-1-thread-70] tourGuide.service.RewardsService         : getDistance called
2023-01-19T23:17:18.449+01:00  INFO 2543 --- [ool-1-thread-70] tourGuide.service.RewardsService         : nearAttraction called with Kansas City Zoo
2023-01-19T23:17:18.449+01:00  INFO 2543 --- [ool-1-thread-70] tourGuide.service.RewardsService         : getDistance called
2023-01-19T23:17:18.449+01:00  INFO 2543 --- [ool-1-thread-70] tourGuide.service.RewardsService         : nearAttraction called with Bronx Zoo
2023-01-19T23:17:18.449+01:00  INFO 2543 --- [ool-1-thread-70] tourGuide.service.RewardsService         : getDistance called
2023-01-19T23:17:18.449+01:00  INFO 2543 --- [ool-1-thread-70] tourGuide.service.RewardsService         : nearAttraction called with Cinderella Castle
2023-01-19T23:17:18.449+01:00  INFO 2543 --- [ool-1-thread-70] tourGuide.service.RewardsService         : getDistance called
2023-01-19T23:17:18.607+01:00  INFO 2543 --- [ool-1-thread-26] tourGuide.service.RewardsService         : nearAttraction called with Jackson Hole
2023-01-19T23:17:18.607+01:00  INFO 2543 --- [ool-1-thread-26] tourGuide.service.RewardsService         : getDistance called
2023-01-19T23:17:18.607+01:00  INFO 2543 --- [ool-1-thread-26] tourGuide.service.RewardsService         : nearAttraction called with Mojave National Preserve
2023-01-19T23:17:18.607+01:00  INFO 2543 --- [ool-1-thread-26] tourGuide.service.RewardsService         : getDistance called
2023-01-19T23:17:18.607+01:00  INFO 2543 --- [ool-1-thread-26] tourGuide.service.RewardsService         : nearAttraction called with Joshua Tree National Park
2023-01-19T23:17:18.607+01:00  INFO 2543 --- [ool-1-thread-26] tourGuide.service.RewardsService         : getDistance called
2023-01-19T23:17:18.607+01:00  INFO 2543 --- [ool-1-thread-26] tourGuide.service.RewardsService         : nearAttraction called with Buffalo National River
2023-01-19T23:17:18.607+01:00  INFO 2543 --- [ool-1-thread-26] tourGuide.service.RewardsService         : getDistance called
2023-01-19T23:17:18.607+01:00  INFO 2543 --- [ool-1-thread-26] tourGuide.service.RewardsService         : nearAttraction called with Hot Springs National Park
2023-01-19T23:17:18.607+01:00  INFO 2543 --- [ool-1-thread-26] tourGuide.service.RewardsService         : getDistance called
2023-01-19T23:17:18.607+01:00  INFO 2543 --- [ool-1-thread-26] tourGuide.service.RewardsService         : nearAttraction called with Kartchner Caverns State Park
2023-01-19T23:17:18.607+01:00  INFO 2543 --- [ool-1-thread-26] tourGuide.service.RewardsService         : getDistance called
2023-01-19T23:17:18.607+01:00  INFO 2543 --- [ool-1-thread-26] tourGuide.service.RewardsService         : nearAttraction called with Legend Valley
2023-01-19T23:17:18.607+01:00  INFO 2543 --- [ool-1-thread-26] tourGuide.service.RewardsService         : getDistance called
2023-01-19T23:17:18.607+01:00  INFO 2543 --- [ool-1-thread-26] tourGuide.service.RewardsService         : nearAttraction called with Flowers Bakery of London
2023-01-19T23:17:18.607+01:00  INFO 2543 --- [ool-1-thread-26] tourGuide.service.RewardsService         : getDistance called
2023-01-19T23:17:18.607+01:00  INFO 2543 --- [ool-1-thread-26] tourGuide.service.RewardsService         : nearAttraction called with McKinley Tower
2023-01-19T23:17:18.607+01:00  INFO 2543 --- [ool-1-thread-26] tourGuide.service.RewardsService         : getDistance called
2023-01-19T23:17:18.607+01:00  INFO 2543 --- [ool-1-thread-26] tourGuide.service.RewardsService         : nearAttraction called with Flatiron Building
2023-01-19T23:17:18.607+01:00  INFO 2543 --- [ool-1-thread-26] tourGuide.service.RewardsService         : getDistance called
2023-01-19T23:17:18.607+01:00  INFO 2543 --- [ool-1-thread-26] tourGuide.service.RewardsService         : nearAttraction called with Fallingwater
2023-01-19T23:17:18.607+01:00  INFO 2543 --- [ool-1-thread-26] tourGuide.service.RewardsService         : getDistance called
2023-01-19T23:17:18.607+01:00  INFO 2543 --- [ool-1-thread-26] tourGuide.service.RewardsService         : nearAttraction called with Union Station
2023-01-19T23:17:18.607+01:00  INFO 2543 --- [ool-1-thread-26] tourGuide.service.RewardsService         : getDistance called
2023-01-19T23:17:18.607+01:00  INFO 2543 --- [ool-1-thread-26] tourGuide.service.RewardsService         : nearAttraction called with Roger Dean Stadium
2023-01-19T23:17:18.607+01:00  INFO 2543 --- [ool-1-thread-26] tourGuide.service.RewardsService         : getDistance called
2023-01-19T23:17:18.607+01:00  INFO 2543 --- [ool-1-thread-26] tourGuide.service.RewardsService         : nearAttraction called with Texas Memorial Stadium
2023-01-19T23:17:18.607+01:00  INFO 2543 --- [ool-1-thread-26] tourGuide.service.RewardsService         : getDistance called
2023-01-19T23:17:18.607+01:00  INFO 2543 --- [ool-1-thread-26] tourGuide.service.RewardsService         : nearAttraction called with Bryant-Denny Stadium
2023-01-19T23:17:18.607+01:00  INFO 2543 --- [ool-1-thread-26] tourGuide.service.RewardsService         : getDistance called
2023-01-19T23:17:18.607+01:00  INFO 2543 --- [ool-1-thread-26] tourGuide.service.RewardsService         : nearAttraction called with Tiger Stadium
2023-01-19T23:17:18.607+01:00  INFO 2543 --- [ool-1-thread-26] tourGuide.service.RewardsService         : getDistance called
2023-01-19T23:17:18.607+01:00  INFO 2543 --- [ool-1-thread-26] tourGuide.service.RewardsService         : nearAttraction called with Neyland Stadium
2023-01-19T23:17:18.607+01:00  INFO 2543 --- [ool-1-thread-26] tourGuide.service.RewardsService         : getDistance called
2023-01-19T23:17:18.607+01:00  INFO 2543 --- [ool-1-thread-26] tourGuide.service.RewardsService         : nearAttraction called with Kyle Field
2023-01-19T23:17:18.607+01:00  INFO 2543 --- [ool-1-thread-26] tourGuide.service.RewardsService         : getDistance called
2023-01-19T23:17:18.607+01:00  INFO 2543 --- [ool-1-thread-26] tourGuide.service.RewardsService         : nearAttraction called with San Diego Zoo
2023-01-19T23:17:18.607+01:00  INFO 2543 --- [ool-1-thread-26] tourGuide.service.RewardsService         : getDistance called
2023-01-19T23:17:18.607+01:00  INFO 2543 --- [ool-1-thread-26] tourGuide.service.RewardsService         : nearAttraction called with Zoo Tampa at Lowry Park
2023-01-19T23:17:18.607+01:00  INFO 2543 --- [ool-1-thread-26] tourGuide.service.RewardsService         : getDistance called
2023-01-19T23:17:18.607+01:00  INFO 2543 --- [ool-1-thread-26] tourGuide.service.RewardsService         : nearAttraction called with Franklin Park Zoo
2023-01-19T23:17:18.607+01:00  INFO 2543 --- [ool-1-thread-26] tourGuide.service.RewardsService         : getDistance called
2023-01-19T23:17:18.607+01:00  INFO 2543 --- [ool-1-thread-26] tourGuide.service.RewardsService         : nearAttraction called with El Paso Zoo
2023-01-19T23:17:18.607+01:00  INFO 2543 --- [ool-1-thread-26] tourGuide.service.RewardsService         : getDistance called
2023-01-19T23:17:18.607+01:00  INFO 2543 --- [ool-1-thread-26] tourGuide.service.RewardsService         : nearAttraction called with Kansas City Zoo
2023-01-19T23:17:18.607+01:00  INFO 2543 --- [ool-1-thread-26] tourGuide.service.RewardsService         : getDistance called
2023-01-19T23:17:18.607+01:00  INFO 2543 --- [ool-1-thread-26] tourGuide.service.RewardsService         : nearAttraction called with Bronx Zoo
2023-01-19T23:17:18.607+01:00  INFO 2543 --- [ool-1-thread-26] tourGuide.service.RewardsService         : getDistance called
2023-01-19T23:17:18.607+01:00  INFO 2543 --- [ool-1-thread-26] tourGuide.service.RewardsService         : nearAttraction called with Cinderella Castle
2023-01-19T23:17:18.607+01:00  INFO 2543 --- [ool-1-thread-26] tourGuide.service.RewardsService         : getDistance called
2023-01-19T23:17:18.663+01:00  INFO 2543 --- [ool-1-thread-67] tourGuide.service.RewardsService         : nearAttraction called with Jackson Hole
2023-01-19T23:17:18.663+01:00  INFO 2543 --- [ool-1-thread-67] tourGuide.service.RewardsService         : getDistance called
2023-01-19T23:17:18.663+01:00  INFO 2543 --- [ool-1-thread-67] tourGuide.service.RewardsService         : nearAttraction called with Mojave National Preserve
2023-01-19T23:17:18.663+01:00  INFO 2543 --- [ool-1-thread-67] tourGuide.service.RewardsService         : getDistance called
2023-01-19T23:17:18.663+01:00  INFO 2543 --- [ool-1-thread-67] tourGuide.service.RewardsService         : nearAttraction called with Joshua Tree National Park
2023-01-19T23:17:18.663+01:00  INFO 2543 --- [ool-1-thread-67] tourGuide.service.RewardsService         : getDistance called
2023-01-19T23:17:18.663+01:00  INFO 2543 --- [ool-1-thread-67] tourGuide.service.RewardsService         : nearAttraction called with Buffalo National River
2023-01-19T23:17:18.663+01:00  INFO 2543 --- [ool-1-thread-67] tourGuide.service.RewardsService         : getDistance called
2023-01-19T23:17:18.663+01:00  INFO 2543 --- [ool-1-thread-67] tourGuide.service.RewardsService         : nearAttraction called with Hot Springs National Park
2023-01-19T23:17:18.663+01:00  INFO 2543 --- [ool-1-thread-67] tourGuide.service.RewardsService         : getDistance called
2023-01-19T23:17:18.663+01:00  INFO 2543 --- [ool-1-thread-67] tourGuide.service.RewardsService         : nearAttraction called with Kartchner Caverns State Park
2023-01-19T23:17:18.663+01:00  INFO 2543 --- [ool-1-thread-67] tourGuide.service.RewardsService         : getDistance called
2023-01-19T23:17:18.663+01:00  INFO 2543 --- [ool-1-thread-67] tourGuide.service.RewardsService         : nearAttraction called with Legend Valley
2023-01-19T23:17:18.663+01:00  INFO 2543 --- [ool-1-thread-67] tourGuide.service.RewardsService         : getDistance called
2023-01-19T23:17:18.663+01:00  INFO 2543 --- [ool-1-thread-67] tourGuide.service.RewardsService         : nearAttraction called with Flowers Bakery of London
2023-01-19T23:17:18.663+01:00  INFO 2543 --- [ool-1-thread-67] tourGuide.service.RewardsService         : getDistance called
2023-01-19T23:17:18.663+01:00  INFO 2543 --- [ool-1-thread-67] tourGuide.service.RewardsService         : nearAttraction called with McKinley Tower
2023-01-19T23:17:18.663+01:00  INFO 2543 --- [ool-1-thread-67] tourGuide.service.RewardsService         : getDistance called
2023-01-19T23:17:18.663+01:00  INFO 2543 --- [ool-1-thread-67] tourGuide.service.RewardsService         : nearAttraction called with Flatiron Building
2023-01-19T23:17:18.663+01:00  INFO 2543 --- [ool-1-thread-67] tourGuide.service.RewardsService         : getDistance called
2023-01-19T23:17:18.663+01:00  INFO 2543 --- [ool-1-thread-67] tourGuide.service.RewardsService         : nearAttraction called with Fallingwater
2023-01-19T23:17:18.663+01:00  INFO 2543 --- [ool-1-thread-67] tourGuide.service.RewardsService         : getDistance called
2023-01-19T23:17:18.663+01:00  INFO 2543 --- [ool-1-thread-67] tourGuide.service.RewardsService         : nearAttraction called with Union Station
2023-01-19T23:17:18.663+01:00  INFO 2543 --- [ool-1-thread-67] tourGuide.service.RewardsService         : getDistance called
2023-01-19T23:17:18.663+01:00  INFO 2543 --- [ool-1-thread-67] tourGuide.service.RewardsService         : nearAttraction called with Roger Dean Stadium
2023-01-19T23:17:18.663+01:00  INFO 2543 --- [ool-1-thread-67] tourGuide.service.RewardsService         : getDistance called
2023-01-19T23:17:18.663+01:00  INFO 2543 --- [ool-1-thread-67] tourGuide.service.RewardsService         : nearAttraction called with Texas Memorial Stadium
2023-01-19T23:17:18.663+01:00  INFO 2543 --- [ool-1-thread-67] tourGuide.service.RewardsService         : getDistance called
2023-01-19T23:17:18.663+01:00  INFO 2543 --- [ool-1-thread-67] tourGuide.service.RewardsService         : nearAttraction called with Bryant-Denny Stadium
2023-01-19T23:17:18.663+01:00  INFO 2543 --- [ool-1-thread-67] tourGuide.service.RewardsService         : getDistance called
2023-01-19T23:17:18.663+01:00  INFO 2543 --- [ool-1-thread-67] tourGuide.service.RewardsService         : nearAttraction called with Tiger Stadium
2023-01-19T23:17:18.663+01:00  INFO 2543 --- [ool-1-thread-67] tourGuide.service.RewardsService         : getDistance called
2023-01-19T23:17:18.663+01:00  INFO 2543 --- [ool-1-thread-67] tourGuide.service.RewardsService         : nearAttraction called with Neyland Stadium
2023-01-19T23:17:18.663+01:00  INFO 2543 --- [ool-1-thread-67] tourGuide.service.RewardsService         : getDistance called
2023-01-19T23:17:18.663+01:00  INFO 2543 --- [ool-1-thread-67] tourGuide.service.RewardsService         : nearAttraction called with Kyle Field
2023-01-19T23:17:18.663+01:00  INFO 2543 --- [ool-1-thread-67] tourGuide.service.RewardsService         : getDistance called
2023-01-19T23:17:18.663+01:00  INFO 2543 --- [ool-1-thread-67] tourGuide.service.RewardsService         : nearAttraction called with San Diego Zoo
2023-01-19T23:17:18.663+01:00  INFO 2543 --- [ool-1-thread-67] tourGuide.service.RewardsService         : getDistance called
2023-01-19T23:17:18.663+01:00  INFO 2543 --- [ool-1-thread-67] tourGuide.service.RewardsService         : nearAttraction called with Zoo Tampa at Lowry Park
2023-01-19T23:17:18.663+01:00  INFO 2543 --- [ool-1-thread-67] tourGuide.service.RewardsService         : getDistance called
2023-01-19T23:17:18.663+01:00  INFO 2543 --- [ool-1-thread-67] tourGuide.service.RewardsService         : nearAttraction called with Franklin Park Zoo
2023-01-19T23:17:18.663+01:00  INFO 2543 --- [ool-1-thread-67] tourGuide.service.RewardsService         : getDistance called
2023-01-19T23:17:18.663+01:00  INFO 2543 --- [ool-1-thread-67] tourGuide.service.RewardsService         : nearAttraction called with El Paso Zoo
2023-01-19T23:17:18.663+01:00  INFO 2543 --- [ool-1-thread-67] tourGuide.service.RewardsService         : getDistance called
2023-01-19T23:17:18.663+01:00  INFO 2543 --- [ool-1-thread-67] tourGuide.service.RewardsService         : nearAttraction called with Kansas City Zoo
2023-01-19T23:17:18.663+01:00  INFO 2543 --- [ool-1-thread-67] tourGuide.service.RewardsService         : getDistance called
2023-01-19T23:17:18.663+01:00  INFO 2543 --- [ool-1-thread-67] tourGuide.service.RewardsService         : nearAttraction called with Bronx Zoo
2023-01-19T23:17:18.663+01:00  INFO 2543 --- [ool-1-thread-67] tourGuide.service.RewardsService         : getDistance called
2023-01-19T23:17:18.663+01:00  INFO 2543 --- [ool-1-thread-67] tourGuide.service.RewardsService         : nearAttraction called with Cinderella Castle
2023-01-19T23:17:18.663+01:00  INFO 2543 --- [ool-1-thread-67] tourGuide.service.RewardsService         : getDistance called
2023-01-19T23:17:18.702+01:00  INFO 2543 --- [ool-1-thread-39] tourGuide.service.RewardsService         : nearAttraction called with Jackson Hole
2023-01-19T23:17:18.702+01:00  INFO 2543 --- [ool-1-thread-39] tourGuide.service.RewardsService         : getDistance called
2023-01-19T23:17:18.702+01:00  INFO 2543 --- [ool-1-thread-39] tourGuide.service.RewardsService         : nearAttraction called with Mojave National Preserve
2023-01-19T23:17:18.702+01:00  INFO 2543 --- [ool-1-thread-39] tourGuide.service.RewardsService         : getDistance called
2023-01-19T23:17:18.702+01:00  INFO 2543 --- [ool-1-thread-39] tourGuide.service.RewardsService         : nearAttraction called with Joshua Tree National Park
2023-01-19T23:17:18.702+01:00  INFO 2543 --- [ool-1-thread-39] tourGuide.service.RewardsService         : getDistance called
2023-01-19T23:17:18.702+01:00  INFO 2543 --- [ool-1-thread-39] tourGuide.service.RewardsService         : nearAttraction called with Buffalo National River
2023-01-19T23:17:18.702+01:00  INFO 2543 --- [ool-1-thread-39] tourGuide.service.RewardsService         : getDistance called
2023-01-19T23:17:18.702+01:00  INFO 2543 --- [ool-1-thread-39] tourGuide.service.RewardsService         : nearAttraction called with Hot Springs National Park
2023-01-19T23:17:18.702+01:00  INFO 2543 --- [ool-1-thread-39] tourGuide.service.RewardsService         : getDistance called
2023-01-19T23:17:18.702+01:00  INFO 2543 --- [ool-1-thread-39] tourGuide.service.RewardsService         : nearAttraction called with Kartchner Caverns State Park
2023-01-19T23:17:18.702+01:00  INFO 2543 --- [ool-1-thread-39] tourGuide.service.RewardsService         : getDistance called
2023-01-19T23:17:18.702+01:00  INFO 2543 --- [ool-1-thread-39] tourGuide.service.RewardsService         : nearAttraction called with Legend Valley
2023-01-19T23:17:18.702+01:00  INFO 2543 --- [ool-1-thread-39] tourGuide.service.RewardsService         : getDistance called
2023-01-19T23:17:18.702+01:00  INFO 2543 --- [ool-1-thread-39] tourGuide.service.RewardsService         : nearAttraction called with Flowers Bakery of London
2023-01-19T23:17:18.702+01:00  INFO 2543 --- [ool-1-thread-39] tourGuide.service.RewardsService         : getDistance called
2023-01-19T23:17:18.702+01:00  INFO 2543 --- [ool-1-thread-39] tourGuide.service.RewardsService         : nearAttraction called with McKinley Tower
2023-01-19T23:17:18.702+01:00  INFO 2543 --- [ool-1-thread-39] tourGuide.service.RewardsService         : getDistance called
2023-01-19T23:17:18.702+01:00  INFO 2543 --- [ool-1-thread-39] tourGuide.service.RewardsService         : nearAttraction called with Flatiron Building
2023-01-19T23:17:18.702+01:00  INFO 2543 --- [ool-1-thread-39] tourGuide.service.RewardsService         : getDistance called
2023-01-19T23:17:18.702+01:00  INFO 2543 --- [ool-1-thread-39] tourGuide.service.RewardsService         : nearAttraction called with Fallingwater
2023-01-19T23:17:18.702+01:00  INFO 2543 --- [ool-1-thread-39] tourGuide.service.RewardsService         : getDistance called
2023-01-19T23:17:18.702+01:00  INFO 2543 --- [ool-1-thread-39] tourGuide.service.RewardsService         : nearAttraction called with Union Station
2023-01-19T23:17:18.702+01:00  INFO 2543 --- [ool-1-thread-39] tourGuide.service.RewardsService         : getDistance called
2023-01-19T23:17:18.702+01:00  INFO 2543 --- [ool-1-thread-39] tourGuide.service.RewardsService         : nearAttraction called with Roger Dean Stadium
2023-01-19T23:17:18.702+01:00  INFO 2543 --- [ool-1-thread-39] tourGuide.service.RewardsService         : getDistance called
2023-01-19T23:17:18.702+01:00  INFO 2543 --- [ool-1-thread-39] tourGuide.service.RewardsService         : nearAttraction called with Texas Memorial Stadium
2023-01-19T23:17:18.702+01:00  INFO 2543 --- [ool-1-thread-39] tourGuide.service.RewardsService         : getDistance called
2023-01-19T23:17:18.702+01:00  INFO 2543 --- [ool-1-thread-39] tourGuide.service.RewardsService         : nearAttraction called with Bryant-Denny Stadium
2023-01-19T23:17:18.702+01:00  INFO 2543 --- [ool-1-thread-39] tourGuide.service.RewardsService         : getDistance called
2023-01-19T23:17:18.702+01:00  INFO 2543 --- [ool-1-thread-39] tourGuide.service.RewardsService         : nearAttraction called with Tiger Stadium
2023-01-19T23:17:18.702+01:00  INFO 2543 --- [ool-1-thread-39] tourGuide.service.RewardsService         : getDistance called
2023-01-19T23:17:18.702+01:00  INFO 2543 --- [ool-1-thread-39] tourGuide.service.RewardsService         : nearAttraction called with Neyland Stadium
2023-01-19T23:17:18.702+01:00  INFO 2543 --- [ool-1-thread-39] tourGuide.service.RewardsService         : getDistance called
2023-01-19T23:17:18.702+01:00  INFO 2543 --- [ool-1-thread-39] tourGuide.service.RewardsService         : nearAttraction called with Kyle Field
2023-01-19T23:17:18.702+01:00  INFO 2543 --- [ool-1-thread-39] tourGuide.service.RewardsService         : getDistance called
2023-01-19T23:17:18.702+01:00  INFO 2543 --- [ool-1-thread-39] tourGuide.service.RewardsService         : nearAttraction called with San Diego Zoo
2023-01-19T23:17:18.702+01:00  INFO 2543 --- [ool-1-thread-39] tourGuide.service.RewardsService         : getDistance called
2023-01-19T23:17:18.702+01:00  INFO 2543 --- [ool-1-thread-39] tourGuide.service.RewardsService         : nearAttraction called with Zoo Tampa at Lowry Park
2023-01-19T23:17:18.702+01:00  INFO 2543 --- [ool-1-thread-39] tourGuide.service.RewardsService         : getDistance called
2023-01-19T23:17:18.702+01:00  INFO 2543 --- [ool-1-thread-39] tourGuide.service.RewardsService         : nearAttraction called with Franklin Park Zoo
2023-01-19T23:17:18.702+01:00  INFO 2543 --- [ool-1-thread-39] tourGuide.service.RewardsService         : getDistance called
2023-01-19T23:17:18.702+01:00  INFO 2543 --- [ool-1-thread-39] tourGuide.service.RewardsService         : nearAttraction called with El Paso Zoo
2023-01-19T23:17:18.702+01:00  INFO 2543 --- [ool-1-thread-39] tourGuide.service.RewardsService         : getDistance called
2023-01-19T23:17:18.702+01:00  INFO 2543 --- [ool-1-thread-39] tourGuide.service.RewardsService         : nearAttraction called with Kansas City Zoo
2023-01-19T23:17:18.702+01:00  INFO 2543 --- [ool-1-thread-39] tourGuide.service.RewardsService         : getDistance called
2023-01-19T23:17:18.702+01:00  INFO 2543 --- [ool-1-thread-39] tourGuide.service.RewardsService         : nearAttraction called with Bronx Zoo
2023-01-19T23:17:18.702+01:00  INFO 2543 --- [ool-1-thread-39] tourGuide.service.RewardsService         : getDistance called
2023-01-19T23:17:18.702+01:00  INFO 2543 --- [ool-1-thread-39] tourGuide.service.RewardsService         : nearAttraction called with Cinderella Castle
2023-01-19T23:17:18.702+01:00  INFO 2543 --- [ool-1-thread-39] tourGuide.service.RewardsService         : getDistance called
2023-01-19T23:17:18.812+01:00  INFO 2543 --- [ool-1-thread-28] tourGuide.service.RewardsService         : nearAttraction called with Jackson Hole
2023-01-19T23:17:18.812+01:00  INFO 2543 --- [ool-1-thread-28] tourGuide.service.RewardsService         : getDistance called
2023-01-19T23:17:18.812+01:00  INFO 2543 --- [ool-1-thread-28] tourGuide.service.RewardsService         : nearAttraction called with Mojave National Preserve
2023-01-19T23:17:18.812+01:00  INFO 2543 --- [ool-1-thread-28] tourGuide.service.RewardsService         : getDistance called
2023-01-19T23:17:18.812+01:00  INFO 2543 --- [ool-1-thread-28] tourGuide.service.RewardsService         : nearAttraction called with Joshua Tree National Park
2023-01-19T23:17:18.812+01:00  INFO 2543 --- [ool-1-thread-28] tourGuide.service.RewardsService         : getDistance called
2023-01-19T23:17:18.812+01:00  INFO 2543 --- [ool-1-thread-28] tourGuide.service.RewardsService         : nearAttraction called with Buffalo National River
2023-01-19T23:17:18.812+01:00  INFO 2543 --- [ool-1-thread-28] tourGuide.service.RewardsService         : getDistance called
2023-01-19T23:17:18.812+01:00  INFO 2543 --- [ool-1-thread-28] tourGuide.service.RewardsService         : nearAttraction called with Hot Springs National Park
2023-01-19T23:17:18.812+01:00  INFO 2543 --- [ool-1-thread-28] tourGuide.service.RewardsService         : getDistance called
2023-01-19T23:17:18.812+01:00  INFO 2543 --- [ool-1-thread-28] tourGuide.service.RewardsService         : nearAttraction called with Kartchner Caverns State Park
2023-01-19T23:17:18.812+01:00  INFO 2543 --- [ool-1-thread-28] tourGuide.service.RewardsService         : getDistance called
2023-01-19T23:17:18.812+01:00  INFO 2543 --- [ool-1-thread-28] tourGuide.service.RewardsService         : nearAttraction called with Legend Valley
2023-01-19T23:17:18.812+01:00  INFO 2543 --- [ool-1-thread-28] tourGuide.service.RewardsService         : getDistance called
2023-01-19T23:17:18.812+01:00  INFO 2543 --- [ool-1-thread-28] tourGuide.service.RewardsService         : nearAttraction called with Flowers Bakery of London
2023-01-19T23:17:18.812+01:00  INFO 2543 --- [ool-1-thread-28] tourGuide.service.RewardsService         : getDistance called
2023-01-19T23:17:18.812+01:00  INFO 2543 --- [ool-1-thread-28] tourGuide.service.RewardsService         : nearAttraction called with McKinley Tower
2023-01-19T23:17:18.812+01:00  INFO 2543 --- [ool-1-thread-28] tourGuide.service.RewardsService         : getDistance called
2023-01-19T23:17:18.812+01:00  INFO 2543 --- [ool-1-thread-28] tourGuide.service.RewardsService         : nearAttraction called with Flatiron Building
2023-01-19T23:17:18.812+01:00  INFO 2543 --- [ool-1-thread-28] tourGuide.service.RewardsService         : getDistance called
2023-01-19T23:17:18.812+01:00  INFO 2543 --- [ool-1-thread-28] tourGuide.service.RewardsService         : nearAttraction called with Fallingwater
2023-01-19T23:17:18.812+01:00  INFO 2543 --- [ool-1-thread-28] tourGuide.service.RewardsService         : getDistance called
2023-01-19T23:17:18.812+01:00  INFO 2543 --- [ool-1-thread-28] tourGuide.service.RewardsService         : nearAttraction called with Union Station
2023-01-19T23:17:18.812+01:00  INFO 2543 --- [ool-1-thread-28] tourGuide.service.RewardsService         : getDistance called
2023-01-19T23:17:18.812+01:00  INFO 2543 --- [ool-1-thread-28] tourGuide.service.RewardsService         : nearAttraction called with Roger Dean Stadium
2023-01-19T23:17:18.812+01:00  INFO 2543 --- [ool-1-thread-28] tourGuide.service.RewardsService         : getDistance called
2023-01-19T23:17:18.812+01:00  INFO 2543 --- [ool-1-thread-28] tourGuide.service.RewardsService         : nearAttraction called with Texas Memorial Stadium
2023-01-19T23:17:18.812+01:00  INFO 2543 --- [ool-1-thread-28] tourGuide.service.RewardsService         : getDistance called
2023-01-19T23:17:18.812+01:00  INFO 2543 --- [ool-1-thread-28] tourGuide.service.RewardsService         : nearAttraction called with Bryant-Denny Stadium
2023-01-19T23:17:18.812+01:00  INFO 2543 --- [ool-1-thread-28] tourGuide.service.RewardsService         : getDistance called
2023-01-19T23:17:18.812+01:00  INFO 2543 --- [ool-1-thread-28] tourGuide.service.RewardsService         : nearAttraction called with Tiger Stadium
2023-01-19T23:17:18.812+01:00  INFO 2543 --- [ool-1-thread-28] tourGuide.service.RewardsService         : getDistance called
2023-01-19T23:17:18.812+01:00  INFO 2543 --- [ool-1-thread-28] tourGuide.service.RewardsService         : nearAttraction called with Neyland Stadium
2023-01-19T23:17:18.812+01:00  INFO 2543 --- [ool-1-thread-28] tourGuide.service.RewardsService         : getDistance called
2023-01-19T23:17:18.812+01:00  INFO 2543 --- [ool-1-thread-28] tourGuide.service.RewardsService         : nearAttraction called with Kyle Field
2023-01-19T23:17:18.812+01:00  INFO 2543 --- [ool-1-thread-28] tourGuide.service.RewardsService         : getDistance called
2023-01-19T23:17:18.812+01:00  INFO 2543 --- [ool-1-thread-28] tourGuide.service.RewardsService         : nearAttraction called with San Diego Zoo
2023-01-19T23:17:18.812+01:00  INFO 2543 --- [ool-1-thread-28] tourGuide.service.RewardsService         : getDistance called
2023-01-19T23:17:18.812+01:00  INFO 2543 --- [ool-1-thread-28] tourGuide.service.RewardsService         : nearAttraction called with Zoo Tampa at Lowry Park
2023-01-19T23:17:18.812+01:00  INFO 2543 --- [ool-1-thread-28] tourGuide.service.RewardsService         : getDistance called
2023-01-19T23:17:18.812+01:00  INFO 2543 --- [ool-1-thread-28] tourGuide.service.RewardsService         : nearAttraction called with Franklin Park Zoo
2023-01-19T23:17:18.812+01:00  INFO 2543 --- [ool-1-thread-28] tourGuide.service.RewardsService         : getDistance called
2023-01-19T23:17:18.812+01:00  INFO 2543 --- [ool-1-thread-28] tourGuide.service.RewardsService         : nearAttraction called with El Paso Zoo
2023-01-19T23:17:18.812+01:00  INFO 2543 --- [ool-1-thread-28] tourGuide.service.RewardsService         : getDistance called
2023-01-19T23:17:18.812+01:00  INFO 2543 --- [ool-1-thread-28] tourGuide.service.RewardsService         : nearAttraction called with Kansas City Zoo
2023-01-19T23:17:18.812+01:00  INFO 2543 --- [ool-1-thread-28] tourGuide.service.RewardsService         : getDistance called
2023-01-19T23:17:18.812+01:00  INFO 2543 --- [ool-1-thread-28] tourGuide.service.RewardsService         : nearAttraction called with Bronx Zoo
2023-01-19T23:17:18.812+01:00  INFO 2543 --- [ool-1-thread-28] tourGuide.service.RewardsService         : getDistance called
2023-01-19T23:17:18.812+01:00  INFO 2543 --- [ool-1-thread-28] tourGuide.service.RewardsService         : nearAttraction called with Cinderella Castle
2023-01-19T23:17:18.812+01:00  INFO 2543 --- [ool-1-thread-28] tourGuide.service.RewardsService         : getDistance called
]]></system-out>
  <system-err><![CDATA[]]></system-err>
</testsuite>
