<?xml version="1.0" encoding="UTF-8"?>
<testsuite name="tourGuide.controller.RewardsControllerTest" tests="2" skipped="0" failures="0" errors="0" timestamp="2023-01-22T15:10:37" hostname="iMac.local" time="0.056">
  <properties/>
  <testcase name="testGetRewards_Positive()" classname="tourGuide.controller.RewardsControllerTest" time="0.052"/>
  <testcase name="testGetRewards_Negative()" classname="tourGuide.controller.RewardsControllerTest" time="0.003"/>
  <system-out><![CDATA[2023-01-22T16:10:37.732+01:00  INFO 5507 --- [    Test worker] tourGuide.controller.RewardsController   : GET request received to /getRewards
2023-01-22T16:10:37.737+01:00  INFO 5507 --- [    Test worker] tourGuide.controller.RewardsController   : GET request received to /getRewards
]]></system-out>
  <system-err><![CDATA[]]></system-err>
</testsuite>
