<?xml version="1.0" encoding="UTF-8"?>
<testsuite name="tourGuide.controller.RewardsControllerTest" tests="2" skipped="0" failures="0" errors="0" timestamp="2023-01-11T15:49:06" hostname="iMac.local" time="0.072">
  <properties/>
  <testcase name="testGetRewards_Positive()" classname="tourGuide.controller.RewardsControllerTest" time="0.068"/>
  <testcase name="testGetRewards_Negative()" classname="tourGuide.controller.RewardsControllerTest" time="0.003"/>
  <system-out><![CDATA[]]></system-out>
  <system-err><![CDATA[]]></system-err>
</testsuite>
