<?xml version="1.0" encoding="UTF-8"?>
<testsuite name="tourGuide.repository.UserRepositoryTest" tests="6" skipped="0" failures="0" errors="0" timestamp="2023-01-17T22:01:27" hostname="iMac.local" time="0.068">
  <properties/>
  <testcase name="generateRandomLongitude_returnsRandomDoubleInRange()" classname="tourGuide.repository.UserRepositoryTest" time="0.014"/>
  <testcase name="generateUserLocationHistory_validUser_addsVisitedLocation()" classname="tourGuide.repository.UserRepositoryTest" time="0.011"/>
  <testcase name="getRandomTime_returnsValidRandomDate()" classname="tourGuide.repository.UserRepositoryTest" time="0.011"/>
  <testcase name="generateRandomLongitude_returnsDifferentValueEveryTimeCalled()" classname="tourGuide.repository.UserRepositoryTest" time="0.009"/>
  <testcase name="generateRandomLatitude_returnsRandomDoubleInRange()" classname="tourGuide.repository.UserRepositoryTest" time="0.009"/>
  <testcase name="generateRandomLatitude_returnsDifferentValueEveryTimeCalled()" classname="tourGuide.repository.UserRepositoryTest" time="0.008"/>
  <system-out><![CDATA[2023-01-17T23:01:27.167+01:00  INFO 3078 --- [    Test worker] tourGuide.repository.UserRepository      : TestMode enabled
2023-01-17T23:01:27.167+01:00 DEBUG 3078 --- [    Test worker] tourGuide.repository.UserRepository      : Initializing users
2023-01-17T23:01:27.178+01:00 DEBUG 3078 --- [    Test worker] tourGuide.repository.UserRepository      : Created 100 internal test users.
2023-01-17T23:01:27.178+01:00 DEBUG 3078 --- [    Test worker] tourGuide.repository.UserRepository      : Finished initializing users
2023-01-17T23:01:27.182+01:00  INFO 3078 --- [    Test worker] tourGuide.repository.UserRepository      : TestMode enabled
2023-01-17T23:01:27.182+01:00 DEBUG 3078 --- [    Test worker] tourGuide.repository.UserRepository      : Initializing users
2023-01-17T23:01:27.190+01:00 DEBUG 3078 --- [    Test worker] tourGuide.repository.UserRepository      : Created 100 internal test users.
2023-01-17T23:01:27.191+01:00 DEBUG 3078 --- [    Test worker] tourGuide.repository.UserRepository      : Finished initializing users
2023-01-17T23:01:27.194+01:00  INFO 3078 --- [    Test worker] tourGuide.repository.UserRepository      : TestMode enabled
2023-01-17T23:01:27.195+01:00 DEBUG 3078 --- [    Test worker] tourGuide.repository.UserRepository      : Initializing users
2023-01-17T23:01:27.203+01:00 DEBUG 3078 --- [    Test worker] tourGuide.repository.UserRepository      : Created 100 internal test users.
2023-01-17T23:01:27.203+01:00 DEBUG 3078 --- [    Test worker] tourGuide.repository.UserRepository      : Finished initializing users
2023-01-17T23:01:27.206+01:00  INFO 3078 --- [    Test worker] tourGuide.repository.UserRepository      : TestMode enabled
2023-01-17T23:01:27.207+01:00 DEBUG 3078 --- [    Test worker] tourGuide.repository.UserRepository      : Initializing users
2023-01-17T23:01:27.213+01:00 DEBUG 3078 --- [    Test worker] tourGuide.repository.UserRepository      : Created 100 internal test users.
2023-01-17T23:01:27.214+01:00 DEBUG 3078 --- [    Test worker] tourGuide.repository.UserRepository      : Finished initializing users
2023-01-17T23:01:27.217+01:00  INFO 3078 --- [    Test worker] tourGuide.repository.UserRepository      : TestMode enabled
2023-01-17T23:01:27.217+01:00 DEBUG 3078 --- [    Test worker] tourGuide.repository.UserRepository      : Initializing users
2023-01-17T23:01:27.222+01:00 DEBUG 3078 --- [    Test worker] tourGuide.repository.UserRepository      : Created 100 internal test users.
2023-01-17T23:01:27.223+01:00 DEBUG 3078 --- [    Test worker] tourGuide.repository.UserRepository      : Finished initializing users
2023-01-17T23:01:27.227+01:00  INFO 3078 --- [    Test worker] tourGuide.repository.UserRepository      : TestMode enabled
2023-01-17T23:01:27.227+01:00 DEBUG 3078 --- [    Test worker] tourGuide.repository.UserRepository      : Initializing users
2023-01-17T23:01:27.232+01:00 DEBUG 3078 --- [    Test worker] tourGuide.repository.UserRepository      : Created 100 internal test users.
2023-01-17T23:01:27.232+01:00 DEBUG 3078 --- [    Test worker] tourGuide.repository.UserRepository      : Finished initializing users
]]></system-out>
  <system-err><![CDATA[]]></system-err>
</testsuite>
