<?xml version="1.0" encoding="UTF-8"?>
<testsuite name="tourGuide.service.RewardsServiceTest" tests="7" skipped="0" failures="0" errors="0" timestamp="2023-01-18T21:23:58" hostname="iMac.local" time="0.263">
  <properties/>
  <testcase name="testIsWithinAttractionProximity_outsideRange()" classname="tourGuide.service.RewardsServiceTest" time="0.029"/>
  <testcase name="testGetRewardPoints()" classname="tourGuide.service.RewardsServiceTest" time="0.165"/>
  <testcase name="testGetUserRewards()" classname="tourGuide.service.RewardsServiceTest" time="0.012"/>
  <testcase name="testNearAttraction_withinProximityBuffer()" classname="tourGuide.service.RewardsServiceTest" time="0.015"/>
  <testcase name="testIsWithinAttractionProximity_withinRange()" classname="tourGuide.service.RewardsServiceTest" time="0.012"/>
  <testcase name="testNearAttraction_outsideProximityBuffer()" classname="tourGuide.service.RewardsServiceTest" time="0.012"/>
  <testcase name="testGetDistance()" classname="tourGuide.service.RewardsServiceTest" time="0.012"/>
  <system-out><![CDATA[]]></system-out>
  <system-err><![CDATA[]]></system-err>
</testsuite>
